5.319488015928014647e+03
5.659974878107741461e+03
5.181952698130111457e+03
5.589554438592796942e+03
5.591776809010689249e+03
5.270899027225618738e+03
5.609112342596237795e+03
5.462278135854954598e+03
5.583404651535192897e+03
5.437359235362233449e+03
5.260996898962115665e+03
5.463368058264480169e+03
5.553062217008619882e+03
5.611065767164282079e+03
5.572053856602975429e+03
5.655262081376442438e+03
5.640872777407374087e+03
5.495698408062087765e+03
5.416949383494351423e+03
5.645039914723180118e+03
5.578673539884772254e+03
5.586494777868103483e+03
5.610134646900067310e+03
5.643177736753608770e+03
5.361230218189037259e+03
5.543089946120205241e+03
5.456537006982456660e+03
5.637439838399401197e+03
5.609401646113406969e+03
5.344923069618052978e+03
5.573131495940398963e+03
5.516719558619829513e+03
5.264037221639287964e+03
5.661099988964269869e+03
5.509305493736743301e+03
5.551966407152269312e+03
5.661507378383417745e+03
5.664688759918793949e+03
5.608507124205743821e+03
5.662430521796991343e+03
5.401571989238617789e+03
5.573121228064033858e+03
5.657982681454186604e+03
5.647778137936764324e+03
5.515667707027402685e+03
5.572271264274279019e+03
5.464347319514110495e+03
5.556300777011943865e+03
5.632462468019094558e+03
5.568846627419812648e+03
5.278213900747185107e+03
5.523103961936842097e+03
5.608910359168177820e+03
5.489233344330345062e+03
5.587560762000625800e+03
4.969704935054959606e+03
5.563360431518165569e+03
5.370312632014916744e+03
5.493396269247875352e+03
5.620318867444482748e+03
5.400967625792123727e+03
5.408777676356683514e+03
5.472742388857435799e+03
5.628356161901361702e+03
5.611016094160715511e+03
5.573359938865338336e+03
5.661892683341969132e+03
5.613584187740685593e+03
5.591912088859171490e+03
5.524029352459820075e+03
5.539287869646776016e+03
5.557962937790282012e+03
5.625597037925383120e+03
5.633859861618445393e+03
5.589546128868623782e+03
5.664022185443645867e+03
5.421724202716036416e+03
5.583092649053618516e+03
5.518976048824051759e+03
5.411209991736885058e+03
5.523869239538629699e+03
5.413030322436415190e+03
5.502873774387575395e+03
5.493891509843453605e+03
5.614610027629743854e+03
5.645824382762418281e+03
5.624678290369662136e+03
5.556528736557973389e+03
5.386519818970804408e+03
5.637439838399401197e+03
5.516719558619829513e+03
5.410491799717184222e+03
5.556300082588767509e+03
5.433730632731882906e+03
5.201920588192282594e+03
5.510031336965452283e+03
5.535085791168841752e+03
5.656403085041918530e+03
5.570753401536784622e+03
5.661768219656055408e+03
5.592846534818976579e+03
5.536624880503657550e+03
5.592864130367661346e+03
5.601926300985689522e+03
5.626204368597231223e+03
5.654772656576409645e+03
5.658020548640132802e+03
5.297201360696179108e+03
5.535611824185607475e+03
5.571907640031127812e+03
5.599410015770116843e+03
5.637708355635607404e+03
5.628252881636319216e+03
5.490555966967409404e+03
5.561807890922432307e+03
5.645695332352825972e+03
5.220008364399976927e+03
5.623520691632936177e+03
5.632762217445251736e+03
5.573176814154275235e+03
5.652502839630056769e+03
5.547659394465006699e+03
5.589545752685336993e+03
5.338865707481414574e+03
5.385184559630917647e+03
5.563361531399010346e+03
5.622739841540233101e+03
5.532474218259616464e+03
5.512403456864747568e+03
5.580030509835683915e+03
5.567375910594508241e+03
5.358656734377618704e+03
5.583133670514174810e+03
5.663171285973163322e+03
5.629725826674757627e+03
5.582070885010974962e+03
5.506248694923262519e+03
5.644875583491766520e+03
5.439774479217961925e+03
5.638195320863716915e+03
5.566531069891461811e+03
5.317650755679289432e+03
5.656585911070193106e+03
5.486717711933526516e+03
5.642922071356661036e+03
5.643637073026406142e+03
5.250038115413419291e+03
5.259798007452794991e+03
5.577028185999186462e+03
5.487126032023393236e+03
5.415963987139090023e+03
5.571523621229838682e+03
5.638391476033074468e+03
5.561667033692669065e+03
5.569781031803128826e+03
5.648790367515501202e+03
5.632571301399893855e+03
5.477514548935818311e+03
5.605921717763360903e+03
5.382932472495367620e+03
5.654014626256276642e+03
5.543832040414472431e+03
5.618338489285869400e+03
5.626104675964605121e+03
5.485799958518874519e+03
5.497574959934971048e+03
5.561606313864700496e+03
5.536283862523345306e+03
5.665373727535837133e+03
5.559580393930437822e+03
5.647052221077593458e+03
5.616779792472532790e+03
5.639275275517993578e+03
5.615960086239971133e+03
5.393317917531255262e+03
5.630234039421386115e+03
5.644115104959055316e+03
5.524739580761018260e+03
5.618421988187119496e+03
5.581002437981859657e+03
5.314798156795558498e+03
5.591781870137912847e+03
5.610946054996494240e+03
5.631768569892669802e+03
5.595511050522139158e+03
5.656403085041918530e+03
5.561475932270484009e+03
5.645418738881297031e+03
5.656307497431840602e+03
5.552990334213247479e+03
5.643252862118958546e+03
5.358886684506884194e+03
5.560035155553943696e+03
5.660644822295308586e+03
5.636879780057287462e+03
5.629849969949039405e+03
5.415883330051558914e+03
5.647570489062775778e+03
5.391201004348750757e+03
5.011524891628950172e+03
5.440232598687051905e+03
5.493898063382801411e+03
5.595056087669357112e+03
5.579259906716650221e+03
5.657409177604235992e+03
5.573588940259435731e+03
5.640992074820391281e+03
5.639988088466581758e+03
5.642268713244913670e+03
5.550794477468130935e+03
5.555776991178101525e+03
5.592575646817077541e+03
5.312489892981083358e+03
5.478253343282914102e+03
5.553583160677716478e+03
5.416607878508844806e+03
5.541141195267347939e+03
5.600988263103733516e+03
5.657183508143225481e+03
5.471424210462151677e+03
5.491135444551124237e+03
5.536223868971112097e+03
5.490222205959550593e+03
5.543450087735358466e+03
5.532110553257699394e+03
5.337000916481465538e+03
5.597081235355407443e+03
5.453758870917164131e+03
5.406884609060849471e+03
5.630387348036633739e+03
5.610237541926691847e+03
5.657541597076458856e+03
5.661790161014689147e+03
5.613942109438226908e+03
5.556300082588767509e+03
5.580803173791988229e+03
5.474863868891784477e+03
5.539431585557362268e+03
5.624073467334985253e+03
5.498340948683251554e+03
5.589481735971304261e+03
5.500466763013111631e+03
5.504158393341789633e+03
5.291109399816234145e+03
5.587690425569346189e+03
5.553845387955059778e+03
5.530443486541241327e+03
5.541163728896790417e+03
5.475371990489463315e+03
5.241497995096151499e+03
5.436887807930285817e+03
5.655432655577502373e+03
5.372219429593196764e+03
5.573907434723212646e+03
5.561323775802937234e+03
5.390532494753249921e+03
5.644758145694817358e+03
5.511861288773080560e+03
5.490693108970824142e+03
5.390282715660408940e+03
5.640173813340376910e+03
5.418516762270392064e+03
5.476212241085147980e+03
5.606695262297636873e+03
5.595966713442119726e+03
5.451462439490593169e+03
5.442530927237979995e+03
5.529441250577418032e+03
5.482897985772389802e+03
5.563103574702779952e+03
5.551795917105568151e+03
5.518015444875779394e+03
5.456601476681530585e+03
5.565708767685635394e+03
5.555814951371121424e+03
5.575576591465975980e+03
5.591147506508623337e+03
5.199090343858227243e+03
5.631002591158821815e+03
5.428543155833116543e+03
5.511356090340275841e+03
5.282896678521289687e+03
5.635462497194659591e+03
5.471909875890585681e+03
5.505546691557590748e+03
5.324555620411656491e+03
5.584062678570964636e+03
5.592105557186175247e+03
5.560419819825057857e+03
5.541036929567810148e+03
5.623709575630322433e+03
5.505440673413917466e+03
5.595032170949454667e+03
5.596393401942572382e+03
5.645569907229263663e+03
5.586255537380387068e+03
5.219693487303527036e+03
5.344504218516969559e+03
5.639927633440397585e+03
5.635488958172213643e+03
5.123305439612327064e+03
5.547383687136168192e+03
5.597318283386292023e+03
5.292378379193993169e+03
5.662710638229420510e+03
5.336710684429602225e+03
5.293833322561211389e+03
5.466602978969112883e+03
5.657123019772453517e+03
5.501765638508403754e+03
5.624927101182787737e+03
5.528086978110970449e+03
5.350162964427718180e+03
5.488316882912359688e+03
5.618967693204594980e+03
5.564360728095882223e+03
5.541511024606903447e+03
5.496517455442272876e+03
5.607882887972526078e+03
5.662177129921305095e+03
5.451800057258556990e+03
5.338169946752430405e+03
5.345127234114934254e+03
5.630599194883052405e+03
5.393403037113262144e+03
5.550806387352975435e+03
5.637113004293756603e+03
5.657392897252409057e+03
5.349267602003543288e+03
5.629857302977678046e+03
5.577273476975247831e+03
5.598244478910890393e+03
5.612518958980505886e+03
5.500719917054299003e+03
5.644966375039597551e+03
5.655279526408686252e+03
5.604876291803364438e+03
5.504281441782091861e+03
5.611382290198436749e+03
5.518005939913999100e+03
5.631094137464287996e+03
5.663910164643610187e+03
5.544362667200981377e+03
5.649653009552932417e+03
5.595156508475204646e+03
5.660013308211902768e+03
5.557310377011146556e+03
5.543586622861219439e+03
5.230437291671229104e+03
5.506173971558164340e+03
5.561719493732358387e+03
5.663300054687266311e+03
5.447814043236580801e+03
5.516719558619829513e+03
5.330490371479587338e+03
5.593614824159851196e+03
5.665274572723186793e+03
5.572242476791116133e+03
5.619395324589888332e+03
5.332699373876665049e+03
5.643994025957471422e+03
5.611473211244070626e+03
5.629877569047104771e+03
5.398725036402997830e+03
5.582188240873229006e+03
5.658591161465715231e+03
5.572418300339844791e+03
5.505630967922370473e+03
5.647957007949108629e+03
5.529458032847762297e+03
5.410384481188934842e+03
5.611375703474597685e+03
5.288865066246649803e+03
5.576580828490505155e+03
5.568373899878843076e+03
5.554688320876577563e+03
5.531195944278710158e+03
5.614594791585193889e+03
5.554363507549504902e+03
5.543965520232823110e+03
5.643298167324286624e+03
5.285515408375891639e+03
5.522801310418903995e+03
5.559390561408245048e+03
5.395971433314074602e+03
5.460949803702033023e+03
5.549843864291327009e+03
5.513688164304091515e+03
5.634897252503750678e+03
5.663304613389951555e+03
5.321414258942226297e+03
5.634334374220988138e+03
5.455757520369532358e+03
5.614578029782801423e+03
5.652026337061279264e+03
5.592531307842952629e+03
5.511413362822204363e+03
5.642618718090897346e+03
5.633920711222494901e+03
5.461838696718995379e+03
5.541702761498526343e+03
5.622470462214609142e+03
5.572466051199404319e+03
5.611188206051498128e+03
5.475405443910856775e+03
5.411417519338732745e+03
5.650149893736877857e+03
5.578459673066562573e+03
5.664872445351196802e+03
5.663030225268028516e+03
5.478028334009648461e+03
5.661116439845156492e+03
5.233315367448321922e+03
5.507987400909340067e+03
5.547195689030911126e+03
5.499795203858750028e+03
5.664145334561023446e+03
5.575483910390068559e+03
5.447077246047394510e+03
5.410162832875397726e+03
5.502009406158051206e+03
5.622200365389348008e+03
5.486232058536274053e+03
5.642319560350236316e+03
5.577674353014870576e+03
5.564886550778201126e+03
5.664491529886179705e+03
5.397044133718299236e+03
5.527939475723643227e+03
5.580505382656998336e+03
5.408365585945541170e+03
5.629695563811704233e+03
5.625347565554206085e+03
5.592089523699456549e+03
5.242890496332658586e+03
5.553539588824567545e+03
5.288602894700545221e+03
5.593135874462173888e+03
5.554363507549504902e+03
5.485201453530789877e+03
5.324167325613384492e+03
5.490024215370016464e+03
5.607761512011579725e+03
5.511413362822204363e+03
5.657257469657453839e+03
5.509650259149111662e+03
5.619158279888750258e+03
5.528509910208908877e+03
5.349569510603745584e+03
5.379140988527760783e+03
5.535478760305830292e+03
5.654914440959434614e+03
5.423639832817303613e+03
5.508159072118562108e+03
5.638236369380214455e+03
5.592167242412443557e+03
5.590633932179840485e+03
5.368601089870197029e+03
5.541536617280167775e+03
5.660588900523738630e+03
5.626739567527327381e+03
5.664509138310217168e+03
5.606821114276490334e+03
5.378670432622229782e+03
5.548123322009716503e+03
5.644525003943754200e+03
5.495197649345536774e+03
5.566122408135147452e+03
5.529354321575148788e+03
5.437666062760744353e+03
5.129682636605302832e+03
5.585055937383653145e+03
5.458252304505494067e+03
5.623657564709685175e+03
5.353326440401127911e+03
5.597048470248699232e+03
5.653217481862891873e+03
5.517771555219504990e+03
5.472042246895552125e+03
5.613349714786332697e+03
5.662027511233229234e+03
5.665274572723186793e+03
5.421387241726029970e+03
5.454010201325702837e+03
5.561475932270484009e+03
5.599137044655198224e+03
5.529327860089365458e+03
5.591041913963789739e+03
5.602160740478710977e+03
5.571362418218511266e+03
5.385209545540091312e+03
5.598352951077049511e+03
5.466096974137770303e+03
5.491587498081669764e+03
5.329957812552509495e+03
5.634174069767699621e+03
5.536624880503657550e+03
5.583517107647071498e+03
5.628002971797054670e+03
5.479530336933553372e+03
5.589663310790876494e+03
5.532110553257699394e+03
5.646084450295364149e+03
5.644954884129071615e+03
5.170583877608509283e+03
5.550417001999494460e+03
5.445429213968748627e+03
5.468267217734832229e+03
5.444534533744208602e+03
5.535883156340989444e+03
5.529517801894447075e+03
5.636553730321465082e+03
5.492361192987368668e+03
5.547633724499382879e+03
5.441474830254304834e+03
5.523952328660301646e+03
5.422645708591094262e+03
5.457445870204535822e+03
5.547555063947789677e+03
5.493441137456965407e+03
5.643878905380561264e+03
5.576163588001839344e+03
5.512878698188053932e+03
5.534331454063841193e+03
5.601541461473668278e+03
5.607862512874447020e+03
5.622301071007865175e+03
5.616379530316364253e+03
5.598688194776327691e+03
5.419564878303642217e+03
5.526309963511819660e+03
5.467563244710542676e+03
5.509174689656130795e+03
5.542993545051864203e+03
5.540828982828287735e+03
5.466788292701376122e+03
5.571829949648459660e+03
5.485231743680767067e+03
5.301844496715570131e+03
5.503113820706069419e+03
5.617930992764298026e+03
5.544777069075723375e+03
5.555711972954255543e+03
5.627135340295055357e+03
5.508529489932074284e+03
5.651137788906538844e+03
5.532356436713623225e+03
5.387500953790395215e+03
5.557936534849184682e+03
5.265516503544447914e+03
5.572727902966611509e+03
5.456552444150025622e+03
5.639225601829201878e+03
5.508911446475780394e+03
5.591649589662662038e+03
5.539119794478910990e+03
5.549723263605851571e+03
5.589290833249560819e+03
5.594268211213369796e+03
5.563485044077523526e+03
5.640348927365546842e+03
5.600940673515801791e+03
5.341922934772438566e+03
5.655222778430907056e+03
5.559684952103239993e+03
5.571963900949149320e+03
5.598166221519445571e+03
5.471374110698033292e+03
5.657493484016160437e+03
5.569781031803128826e+03
5.649549311910370307e+03
5.656245305528449535e+03
5.609561561673419419e+03
5.632430553290600983e+03
5.628232673226731094e+03
5.637525109616368354e+03
5.664568091775239736e+03
5.377133357323349628e+03
5.571082876661008413e+03
5.481091792175437149e+03
5.656603223600119236e+03
5.432672663160570664e+03
5.665274572723186793e+03
5.400155197459365809e+03
5.663586721713427323e+03
5.581142932254702828e+03
5.431517488898105512e+03
5.652005011083328100e+03
5.614952600321572390e+03
5.652454033389651158e+03
5.555025179130151628e+03
5.534319437407631995e+03
5.601489013418902687e+03
5.644809047274297882e+03
5.597024183280236684e+03
5.390922021930766277e+03
5.623422402307891389e+03
5.608129277477842152e+03
5.619961719425808042e+03
5.660920929717153740e+03
5.653715643427442046e+03
5.635462497194659591e+03
5.645121871128065322e+03
5.530838609881818229e+03
5.664302734709728611e+03
5.224970190837802875e+03
5.218405164162105393e+03
5.627129987972117306e+03
5.166281293686420213e+03
5.649126615224931811e+03
5.471312340522823433e+03
5.581942358766939833e+03
5.567462127303419038e+03
5.605116301303044565e+03
5.499310405640440877e+03
5.625953309547675417e+03
5.457734061308501623e+03
5.251179110342848617e+03
5.441728219046215600e+03
5.659634637908593504e+03
5.266849283173516596e+03
5.602331502613861630e+03
5.650045914448071926e+03
5.618692722906570452e+03
5.508743670842666688e+03
5.297205330396718637e+03
5.516280047350270252e+03
5.322583539884562924e+03
5.634445558027720836e+03
5.429926235328606708e+03
5.541143171114350480e+03
5.579185917490150132e+03
5.661932131099509206e+03
5.618683360604933114e+03
5.617532797944346385e+03
5.590746745538552204e+03
5.619617230141683649e+03
5.640345291442345115e+03
5.637439838399401197e+03
5.661635542119010097e+03
5.247894259185633928e+03
5.647129466236609005e+03
5.446657600588750029e+03
5.540121429966822689e+03
5.640481071696904110e+03
4.969828420862696476e+03
5.664186836295006287e+03
5.580498986625110774e+03
5.258517319388403848e+03
5.503525253019199226e+03
5.579100634705418997e+03
5.393307416670046223e+03
5.525749259102020005e+03
5.561820437564107124e+03
5.576195600533690595e+03
5.659918206351763729e+03
5.210554457325933981e+03
5.314602583986515128e+03
5.660336847414937438e+03
5.578257036797880573e+03
5.532133671633442646e+03
5.663631393731791832e+03
5.648082194856236129e+03
5.634407330639071006e+03
5.465978238708526078e+03
5.506286730546914441e+03
5.585997879515214663e+03
5.571125601407460636e+03
5.586237767968125809e+03
5.648841277202628589e+03
5.610819794939857275e+03
5.643129496947354710e+03
5.418516762270392064e+03
5.573942246822347443e+03
5.471289884940730190e+03
5.624325792788033141e+03
5.628852183502584921e+03
5.513688164304091515e+03
5.549252129786129444e+03
5.355338302250749621e+03
5.617770022639393574e+03
5.653140552652271253e+03
5.657206285630963976e+03
5.505630967922370473e+03
5.635656994477494663e+03
5.499795203858750028e+03
5.665572504530699007e+03
5.633338136935696639e+03
5.418486097665856505e+03
5.405848516430769450e+03
5.486776423856548718e+03
5.640012802100099179e+03
5.456247730620199945e+03
5.636559063176513519e+03
5.421387241726029970e+03
5.418233401078250608e+03
5.595101528035115734e+03
5.475210468545139520e+03
5.641638703946250644e+03
5.597814779821017510e+03
5.512608420261363790e+03
5.499533955409209739e+03
5.607768111748779120e+03
5.425219783268988067e+03
5.452272074357369092e+03
5.647136204291122340e+03
5.474672499952883300e+03
5.633994664631371052e+03
5.641046589139471507e+03
5.627466072670249559e+03
5.640240766914231244e+03
5.297953417436810014e+03
5.521288893094213563e+03
5.514774840593963745e+03
5.612576960626432992e+03
5.560717719948731428e+03
5.351457906626806107e+03
5.633860143689004872e+03
5.567498985739570344e+03
5.643954834095648039e+03
5.610819794939857275e+03
5.603051550034632783e+03
5.567265725377371382e+03
5.625250248506248681e+03
5.386603436233199318e+03
5.661531147392659477e+03
5.635064072505880176e+03
5.649023523731783825e+03
5.633818134088922307e+03
5.513743462307587833e+03
5.616777487094447679e+03
5.611798222123548840e+03
5.567989600408531260e+03
5.632740837227283919e+03
5.656013560755727667e+03
5.519756937792681128e+03
5.608940863392728716e+03
5.546929054767957496e+03
5.337884203311471538e+03
5.651764516045494929e+03
5.597244532407299630e+03
5.408886185725738869e+03
5.447354433558700293e+03
5.270735732711787023e+03
5.547605813336323081e+03
5.581651126733737328e+03
5.658976656728611488e+03
5.530577364779617710e+03
5.505194135410149102e+03
5.589482262504542632e+03
4.919492360608170202e+03
5.534908577270254682e+03
5.653481142780825394e+03
5.657409177604235992e+03
5.531491684084798180e+03
5.505122427717906248e+03
5.523042731942772662e+03
5.413008725234371013e+03
5.652738505111637096e+03
5.145946692776546115e+03
5.632636288282879832e+03
5.508167742517762235e+03
5.624769402963373068e+03
5.663161868070592391e+03
5.623974171611169368e+03
5.559040451015007420e+03
5.662298063725987959e+03
5.654691566407575010e+03
5.607911750525751813e+03
5.634719935320986224e+03
5.624752737573751801e+03
5.590487231820786292e+03
5.570448840857401592e+03
5.441745445476414716e+03
5.546768822508950507e+03
5.298551507038069758e+03
5.469153802783863284e+03
5.662839181267204367e+03
5.493291129412031296e+03
5.485201453530789877e+03
5.440592124328556565e+03
5.465933052439295352e+03
5.466096974137770303e+03
5.665274572723186793e+03
5.619481116118480713e+03
5.422645708591094262e+03
5.502844505366287194e+03
5.589546128868623782e+03
5.629360271535439097e+03
5.612246114934094294e+03
5.492082110683108112e+03
5.590272054905495679e+03
5.642368850092508183e+03
5.540692940534675472e+03
5.469085564024316227e+03
5.560035155553943696e+03
5.627702321393811872e+03
5.617219167051252953e+03
5.525243744947816595e+03
5.463207466081453276e+03
5.427658011017068020e+03
5.600909422564628585e+03
5.654510521509187129e+03
5.590215515898285048e+03
5.596393401942572382e+03
5.326076091874552731e+03
5.250123936858602065e+03
5.516735442177923687e+03
5.531499633402414474e+03
5.521910740848992646e+03
5.401748233178071132e+03
5.474885283899133356e+03
5.598145476419421357e+03
5.594734910641723218e+03
5.448685717111738086e+03
5.490024215370016464e+03
5.607047866825309029e+03
5.543450087735358466e+03
5.661495686664037748e+03
5.377785250052282208e+03
5.630004448842402780e+03
5.660644822295308586e+03
5.544804002090858376e+03
5.660107249769340342e+03
5.642658662972267848e+03
5.516820513130747713e+03
5.581243411996922077e+03
5.345940446095924017e+03
5.560218190992803102e+03
5.661480866766530198e+03
5.653549989183035905e+03
5.569005765724594312e+03
5.506920959424119246e+03
5.422645708591094262e+03
5.410498183947041980e+03
5.560897587244306123e+03
5.508235111291453904e+03
5.637649524513994038e+03
5.331864206860367631e+03
5.613896015516777879e+03
5.619969387891467704e+03
5.272003255556549448e+03
5.596194943099082593e+03
5.538758395020324315e+03
5.574766132303530867e+03
5.343229189645609949e+03
5.479365345146077743e+03
5.624087044380221414e+03
5.663988067971232340e+03
5.582522992699778115e+03
5.638651011887417553e+03
5.647581550977705774e+03
5.586903714590449454e+03
5.244616637530607477e+03
5.251229404745309694e+03
5.256015009786548944e+03
5.273620968770468608e+03
5.512878698188053932e+03
5.627323217769620896e+03
5.613581690443095795e+03
5.539941039762150467e+03
5.520875525825096702e+03
5.398586614671697134e+03
5.489966956609503541e+03
5.266170312329310946e+03
5.648653019280342050e+03
5.444534533744208602e+03
5.570424440960928223e+03
5.588668367086208491e+03
5.452465827985335636e+03
5.608815845851273480e+03
5.520987039320889380e+03
5.478980719133714956e+03
5.613759276339253120e+03
5.303997846093343469e+03
5.535411742956786838e+03
5.569319363507027447e+03
5.250238220210903819e+03
5.517524902802775614e+03
5.660234558800584637e+03
5.546768822508950507e+03
5.627418610759114017e+03
5.494288036669046051e+03
5.576580828490505155e+03
5.333174243487925196e+03
5.480459091164146230e+03
5.567498985739570344e+03
5.644564893421998022e+03
5.423264781450200644e+03
5.650540692896016481e+03
5.570319008305727039e+03
5.622035311144508341e+03
5.567136816193290542e+03
5.548436280847882699e+03
5.625475389394188824e+03
5.371855137155068405e+03
5.626102338579481511e+03
5.634743108972699702e+03
5.249358007205531067e+03
5.647330399029009641e+03
5.393853580099694227e+03
5.623754894349070128e+03
5.647687109368256642e+03
5.374440443112198409e+03
5.447854288475002249e+03
5.518592273934967125e+03
5.653683646459259762e+03
5.368603824482577693e+03
5.376823104076827804e+03
5.154024253249095636e+03
5.555568823789488306e+03
5.433089323466668247e+03
5.600132219228742542e+03
5.607619470680676386e+03
5.461910454005892461e+03
5.524664296168766668e+03
5.661114923625103984e+03
5.645176519105260013e+03
5.464377090743047120e+03
5.660055209456985722e+03
5.620039218209880346e+03
5.331884435999532798e+03
5.212916539766271853e+03
5.424676400847265541e+03
5.344030668217844322e+03
5.652199921361310771e+03
5.626963410851886692e+03
5.158955086850218322e+03
5.328270927423421199e+03
5.609757401986584227e+03
5.505727104548735952e+03
5.644219260811525601e+03
5.520992939618829041e+03
5.506161834027530858e+03
5.662605104647861481e+03
5.563080680760742325e+03
5.607223785222779043e+03
5.174912222412760457e+03
5.411209991736885058e+03
5.655966961373995218e+03
5.614736874550082575e+03
5.506474455329820557e+03
5.642719012072342593e+03
5.570774300850718646e+03
5.579497321295751135e+03
5.284653777513416571e+03
5.528509910208908877e+03
5.216778908540092743e+03
5.461751596877074917e+03
5.503565970630030279e+03
5.437402181579643184e+03
5.428110244899573445e+03
5.563230667886287847e+03
5.515667707027402685e+03
5.620758883415825039e+03
5.652837629842868409e+03
5.569325765404724734e+03
5.652041757826991670e+03
5.562141742646322200e+03
5.174912222412760457e+03
5.526449011156707456e+03
5.524289593129149580e+03
5.397002260912291604e+03
5.578812940309069745e+03
5.641888397215976511e+03
5.616806677710295844e+03
5.622087506269997903e+03
5.653129804446758499e+03
5.618520770319088115e+03
5.627110833409093175e+03
5.467400508580560199e+03
5.495388086666577692e+03
5.336089859176341633e+03
5.595101528035115734e+03
5.601183441192561077e+03
5.635780942815399612e+03
5.557199013955649207e+03
5.604040224348429547e+03
5.609486155442415111e+03
5.452976199829105099e+03
5.525749259102020005e+03
5.536624880503657550e+03
5.515997731623728214e+03
5.546390641124931790e+03
5.627521170532086217e+03
5.485327062224598194e+03
5.664041916774538549e+03
5.533370650594793915e+03
5.591191384954960085e+03
5.237399137444127518e+03
5.624510852389352294e+03
5.653224546696071229e+03
5.659644892081698345e+03
5.662253691635947689e+03
5.584244581658920652e+03
5.613581690443095795e+03
5.640475251112046863e+03
5.350828854629177840e+03
5.456619150719504432e+03
5.488295833168056561e+03
