4.725204135853193293e+03
4.625810132910309221e+03
4.827869343950315852e+03
4.765645204133275911e+03
4.617145709566232654e+03
4.776050043219883264e+03
4.825142267898450882e+03
4.832557714878685147e+03
4.760803620976495040e+03
4.748566996574490986e+03
4.832077348710204205e+03
4.781493823002612771e+03
4.831917929775176162e+03
4.814193280767925899e+03
4.778723142934091811e+03
4.800423928172343039e+03
4.757218044354697668e+03
4.703617461074196399e+03
4.752760611007617626e+03
4.701929871338701560e+03
4.832201967258384684e+03
4.702992949148519074e+03
4.800090857887388665e+03
4.802582710475313434e+03
4.806801597051628050e+03
4.811423442655255712e+03
4.637233066895703814e+03
4.698470408816830968e+03
4.828743773092865922e+03
4.828093988868154156e+03
4.702760235098317935e+03
4.820285483640056555e+03
4.584371950183613080e+03
4.819591757038315336e+03
4.827240983177223825e+03
4.702260152485309845e+03
4.811833697015819780e+03
4.724236659982171659e+03
4.820143615296658936e+03
4.783499167694906646e+03
4.707055773158113880e+03
4.737021392505625045e+03
4.828101410861700970e+03
4.791672933525375811e+03
4.814227049860574880e+03
4.773725823512959323e+03
4.828739376967635508e+03
4.809565131430105794e+03
4.822473987810364633e+03
4.764506216626368769e+03
4.826506876760520754e+03
4.664190157010596522e+03
4.672625254399155892e+03
4.717556198216000666e+03
4.784277012179474696e+03
4.827354718074982884e+03
4.827134300467286266e+03
4.764348173549209605e+03
4.781506305112006885e+03
4.623636811523045253e+03
4.806122347520429685e+03
4.558830166780955551e+03
4.820382300580105039e+03
4.831599535732810182e+03
4.803207109821220001e+03
4.657329737728095097e+03
4.711776018437383755e+03
4.690889961665210649e+03
4.785113609140797053e+03
4.800256185170192111e+03
4.688663344196998878e+03
4.830151189987872385e+03
4.802227436953341567e+03
4.758185291569862784e+03
4.712305039767918970e+03
4.643223753906490856e+03
4.808804864708835339e+03
4.698387324197790804e+03
4.687729605502958293e+03
4.818275738857453689e+03
4.796826788646601926e+03
4.810160828001477967e+03
4.750324851615334410e+03
4.791035554697751650e+03
4.772782354587679947e+03
4.820814377126020190e+03
4.775271631477024130e+03
4.782179902134646909e+03
4.779378684293437800e+03
4.692523148288125412e+03
4.807565552327152545e+03
4.769861873179776012e+03
4.764219356195129876e+03
4.806977205305494863e+03
4.764780837483651339e+03
4.816449579299741345e+03
4.671526093813883563e+03
4.806300285448180148e+03
4.751224323679130066e+03
4.825097563980445557e+03
4.823311496120572883e+03
4.810581311698872923e+03
4.707096953317362932e+03
4.827925964069323527e+03
4.784846742667594299e+03
4.795813827592923190e+03
4.804247544557992114e+03
4.706378272052552347e+03
4.741698753585453233e+03
4.766406356000718006e+03
4.765893779117692247e+03
4.716384149293264272e+03
4.646515690872514824e+03
4.653971957419195860e+03
4.824796638537387480e+03
4.782585278313716117e+03
4.797620737008028300e+03
4.776348859099303809e+03
4.825896968038508930e+03
4.670790341074039134e+03
4.751420238773171150e+03
4.815930777380241125e+03
4.799170515898968006e+03
4.792936070795631167e+03
4.813635535671299294e+03
4.687086029922887974e+03
4.785144729969257241e+03
4.746539242965405720e+03
4.816374800343832248e+03
4.801901451506142621e+03
4.828630292580262903e+03
4.716649140607188201e+03
4.637388753815524979e+03
4.810534492680148105e+03
4.792858129273776285e+03
4.780685185854352312e+03
4.814190483159190990e+03
4.757873407931067959e+03
4.675777316121730109e+03
4.763693337020704348e+03
4.728481216420252167e+03
4.771646201501715950e+03
4.823938517003913148e+03
4.790940104666289699e+03
4.808384866956233964e+03
4.832055972790698434e+03
4.775742441541032349e+03
4.721486041025301347e+03
4.773163374493693482e+03
4.811592743973449615e+03
4.827432776162020673e+03
4.787362512691977827e+03
4.828588817556532376e+03
4.787755591709181317e+03
4.672795992749011930e+03
4.819034385470711641e+03
4.744643152962654312e+03
4.709682411108144152e+03
4.709244495072882273e+03
4.709402361648667465e+03
4.739395497010639701e+03
4.770812677695688762e+03
4.682144371632124603e+03
4.727804900401135455e+03
4.730075610227049765e+03
4.805311667065168876e+03
4.687602403028821755e+03
4.810942975148169353e+03
4.783852161505294134e+03
4.819028171764923172e+03
4.822965973372723056e+03
4.828822435062196746e+03
4.625810132910309221e+03
4.754168145089734026e+03
4.742587255359389019e+03
4.821371605525619998e+03
4.803708051603842250e+03
4.789419661506310149e+03
4.729582326261509479e+03
4.759351597392633266e+03
4.815976313427117930e+03
4.675406382257218866e+03
4.793348982314509158e+03
4.827993061554897395e+03
4.683864562206438677e+03
4.722795491835940993e+03
4.769225018931143495e+03
4.825142267898450882e+03
4.743462609081409937e+03
4.654411828163354585e+03
4.752481321376995766e+03
4.791046799695319351e+03
4.825775917660062078e+03
4.763757714190011029e+03
4.774045481244324947e+03
4.822473987810364633e+03
4.789875096474882412e+03
4.770945381890382123e+03
4.819969633386261194e+03
4.811140504911709286e+03
4.821165860878609237e+03
4.828007681843227147e+03
4.773894764117949308e+03
4.706329443094369708e+03
4.783005868706138244e+03
4.702260152485309845e+03
4.618939488998826164e+03
4.751617376637970665e+03
4.813316876846678497e+03
4.737331104827313538e+03
4.619541506152658258e+03
4.556316390788388162e+03
4.825915498873991965e+03
4.772912615650347107e+03
4.758495137790997433e+03
4.781637790175868759e+03
4.787557056945073782e+03
4.830844916408001154e+03
4.686116560110176579e+03
4.828308346806426925e+03
4.743272991453004579e+03
4.778334658243131344e+03
4.765527557778465052e+03
4.820655514731082803e+03
4.694407529822668948e+03
4.723051603678468382e+03
4.808384866956233964e+03
4.744886919158052478e+03
4.707381081646361054e+03
4.761480787451184369e+03
4.823894276494027508e+03
4.810309057585177470e+03
4.577548754451219793e+03
4.756251823291944675e+03
4.730677487665417175e+03
4.744629369794023660e+03
4.784078383085915448e+03
4.778069200161029585e+03
4.649467902487291212e+03
4.738984274988140896e+03
4.768985711236240604e+03
4.772992930010683267e+03
4.810309057585177470e+03
4.820533153984505589e+03
4.793084033801611440e+03
4.824350989445310915e+03
4.768924755731776713e+03
4.802199617017130549e+03
4.817922297722967414e+03
4.681299564256413760e+03
4.743550743514023452e+03
4.695223730693201105e+03
4.710087996254530481e+03
4.799490516774020762e+03
4.829558241694205208e+03
4.767570717463170695e+03
4.831815752869058997e+03
4.826891706450316633e+03
4.809381025283896633e+03
4.707916213123733542e+03
4.685902668429841469e+03
4.734115213699314154e+03
4.688618546410169984e+03
4.826416283686918177e+03
4.695837241476841882e+03
4.756251823291944675e+03
4.782608903307896981e+03
4.716555378136883519e+03
4.824469168941966927e+03
4.829353691600657839e+03
4.759784003821919214e+03
4.749558647227986512e+03
4.768962480930480524e+03
4.822359659988395833e+03
4.833084757830811213e+03
4.671425541035325296e+03
4.768932186811672182e+03
4.807415543362494645e+03
4.742641054931142207e+03
4.710341657794275307e+03
4.805968212563298948e+03
4.724250503463601490e+03
4.770500159345240718e+03
4.679154401830530333e+03
4.775704710904215972e+03
4.774779430263217364e+03
4.712988804784125023e+03
4.796179973398494440e+03
4.814163388632438910e+03
4.801912384480877336e+03
4.738530155959198964e+03
4.795793048201547208e+03
4.597358557343364737e+03
4.741657315195250703e+03
4.827817355284887526e+03
4.777742784751450927e+03
4.551807003444524526e+03
4.708806447834454957e+03
4.751818438737755059e+03
4.695771635363343194e+03
4.776504762431904055e+03
4.774904167764356316e+03
4.686681365829571405e+03
4.805480135148987756e+03
4.708984171376421727e+03
4.792034471057698283e+03
4.769454759376932998e+03
4.618444823211420953e+03
4.794843691244839647e+03
4.784765805806136086e+03
4.756086700825384469e+03
4.818203513417023714e+03
4.763430026101043040e+03
4.777814122844551093e+03
4.819597714887122493e+03
4.824959412110723861e+03
4.815063194601130817e+03
4.787912138501699701e+03
4.821388569646213909e+03
4.732740865529427538e+03
4.746208761123405566e+03
4.743188154051964375e+03
4.755902072924743152e+03
4.798712423016253524e+03
4.825054402689082963e+03
4.798160737049597628e+03
4.783218923772230482e+03
4.771134479103990998e+03
4.793579089388294051e+03
4.599837832908529890e+03
4.767410474460797559e+03
4.820414583203420989e+03
4.798894698652147781e+03
4.809474067175652635e+03
4.808659180960660706e+03
4.817737491312038401e+03
4.796788984082264506e+03
4.750885242500467029e+03
4.817402693528812961e+03
4.633858150661353648e+03
4.831525540969951180e+03
4.751093608938235775e+03
4.735389091164761339e+03
4.805517624379382141e+03
4.740625272916435279e+03
4.822269408527798078e+03
4.767727048465058942e+03
4.831047478070581747e+03
4.819738759017167467e+03
4.807466199165791295e+03
4.770028515240592242e+03
4.799170515898968006e+03
4.761261773880151850e+03
4.705099602788338416e+03
4.729697323701620007e+03
4.819350291898486830e+03
4.789037821662977876e+03
4.799341333025177846e+03
4.801201924170801249e+03
4.804446429555712712e+03
4.758285378217662583e+03
4.773725823512959323e+03
4.539693607467075708e+03
4.783615043940098985e+03
4.818329225526593291e+03
4.736672819733683355e+03
4.770888999139489897e+03
4.788989152939377163e+03
4.637514456467635682e+03
4.791888026927975261e+03
4.752094489553587664e+03
4.797730454355198162e+03
4.784251962132915651e+03
4.811553335840269938e+03
4.786734121682609839e+03
4.706192194980100794e+03
4.743178175077399828e+03
4.826476019647155226e+03
4.826022827109537502e+03
4.599751317129524978e+03
4.802365014978830004e+03
4.746274828581601469e+03
4.787558215685725372e+03
4.677266988431805657e+03
4.824067811263132171e+03
4.629736913430255299e+03
4.801901451506142621e+03
4.811869449283218273e+03
4.682301845973487616e+03
4.826230779041566166e+03
4.807318803142866273e+03
4.610720669489589454e+03
4.575009703388745038e+03
4.779238651543599190e+03
4.784669830169221314e+03
4.613750077119496382e+03
4.800233322218255125e+03
4.746739063502648605e+03
4.782372210991103202e+03
4.623450512608635108e+03
4.817355651363650395e+03
4.682673079406566103e+03
4.820703480818083335e+03
4.796691267595804675e+03
4.758826157327893270e+03
4.798186114542228097e+03
4.796226106051377428e+03
4.809135631328153067e+03
4.684137019691488604e+03
4.779964241315858089e+03
4.722144547164612959e+03
4.818596655374139118e+03
4.816553961377302585e+03
4.774091381605641800e+03
4.784588810292869312e+03
4.786999016128454059e+03
4.643170598000844620e+03
4.787405053702837904e+03
4.760535545723102587e+03
4.801658389808643733e+03
4.822061835754977437e+03
4.735975153312598195e+03
4.550598691178294757e+03
4.654411828163354585e+03
4.751631358462810567e+03
4.732890016907006611e+03
4.606798344629517487e+03
4.655481382287574888e+03
4.763830965131118319e+03
4.747622915146257583e+03
4.821056532082691774e+03
4.758737691692496810e+03
4.790755989475520437e+03
4.737596234096979060e+03
4.791641848934043992e+03
4.819925457478238968e+03
4.819102581750272293e+03
4.792589840207391717e+03
4.760144597662752858e+03
4.792442989771649991e+03
4.820337297282443615e+03
4.708751825709774494e+03
4.647128108165992671e+03
4.717610615360249540e+03
4.806717767934999756e+03
4.745297856115137620e+03
4.749753361187778864e+03
4.750722811145371452e+03
4.792785219125982621e+03
4.689422893225664666e+03
4.759784003821919214e+03
4.813691022576336763e+03
4.790617912488167349e+03
4.611461169074038480e+03
4.804521553364222200e+03
4.718136659627082736e+03
4.777094978206681844e+03
4.788285871004586625e+03
4.736298829645435035e+03
4.651035898531876228e+03
4.763003724082272129e+03
4.709224431838671080e+03
4.796043161911359675e+03
4.758293059201922006e+03
4.817140561948413961e+03
4.819002821272122674e+03
4.829877759249879091e+03
4.707075310444641218e+03
4.791111129270597303e+03
4.786548254332126817e+03
4.785158171714294440e+03
4.752179409555155871e+03
4.831523032997944028e+03
4.724191818110544773e+03
4.798115533419078020e+03
4.554069768445612681e+03
4.759843591021612156e+03
4.727472838723535460e+03
4.772889331258222228e+03
4.756988614423113177e+03
4.763763541644386351e+03
4.822792236406585289e+03
4.813931176074832365e+03
4.752528213140740263e+03
4.738029930726975181e+03
4.673369780478703433e+03
4.636482359999508844e+03
4.807775580779127267e+03
4.784432438090812866e+03
4.727235749708874209e+03
4.824885509864726373e+03
4.832406943681799021e+03
4.765394769934478973e+03
4.628254731471063678e+03
4.772515148063695051e+03
4.770262966957367098e+03
4.717506814498441599e+03
4.712907214519974332e+03
4.802142759019978257e+03
4.663440860344725479e+03
4.694207590960469133e+03
4.802835857318636045e+03
4.821956205982934080e+03
4.647851625539848101e+03
4.610490827404259107e+03
4.679481146977897879e+03
4.758059247627656077e+03
4.803587378917686692e+03
4.807931781949326250e+03
4.817579642591316770e+03
4.804265859219302001e+03
4.826383235328743467e+03
4.818544956018966332e+03
4.811409715932443760e+03
4.812861072683655948e+03
4.820042882467001618e+03
4.829834937791883931e+03
4.796155343826458193e+03
4.795390450140386747e+03
4.747979518722994726e+03
4.741847674158115296e+03
4.806874361232595220e+03
4.713745366350527547e+03
4.730715937327155189e+03
4.600729673430552793e+03
4.729049804973701612e+03
4.744933045266787303e+03
4.800200812281798790e+03
4.773383736350891013e+03
4.753542438522508746e+03
4.534168608687357846e+03
4.775648647318552321e+03
4.791909168262023741e+03
4.805239891050103324e+03
4.647199602629912079e+03
4.713289675699226791e+03
4.763452166479853986e+03
4.745884774828467926e+03
4.829593355959797009e+03
4.705060263577666774e+03
4.701078473993224179e+03
4.829900614319250963e+03
4.698196327401672534e+03
4.717147313060173474e+03
4.807689906848904684e+03
4.804862981084836065e+03
4.722822653231040931e+03
4.813422128059532952e+03
4.753638761369918939e+03
4.709273579445416544e+03
4.812219511180681366e+03
4.764788496230896271e+03
4.826956038725763392e+03
4.589967196672865612e+03
4.720872155166395714e+03
4.741066122992469900e+03
4.703573804694578030e+03
4.702879251226526321e+03
4.814007297777327040e+03
4.800474437028790817e+03
4.767025492865812339e+03
4.643405304543253806e+03
4.728654745511465990e+03
4.817216373910361654e+03
4.687729605502958293e+03
4.831576462801110210e+03
4.827317336283223085e+03
4.569520679659803136e+03
4.791608277884599374e+03
4.648501016185074150e+03
4.826312759748233475e+03
4.758566536014099256e+03
4.706329443094369708e+03
4.677269888727718353e+03
4.780508970599677014e+03
4.779580574880227687e+03
4.832957342724936098e+03
4.687809983463585013e+03
4.830481697980116223e+03
4.830407001539233534e+03
4.718136659627082736e+03
4.690994235847010714e+03
4.828394271974677395e+03
4.746128806730001997e+03
4.829294724325061907e+03
4.719298708336211348e+03
4.813632722733394985e+03
4.744615828537984271e+03
4.783993563782672936e+03
4.805414755173118465e+03
4.730880292425000334e+03
4.809238903312712864e+03
4.821451212450510866e+03
4.816078344954112254e+03
4.761828242422549010e+03
4.705099602788338416e+03
4.736721353270051623e+03
4.782298603655062834e+03
4.728008800334131593e+03
4.792918703743211154e+03
4.790724126236857046e+03
4.770060960920623984e+03
4.704178977811125151e+03
4.798318873009618983e+03
4.768983856847242350e+03
4.744304630334512694e+03
4.773180619769806071e+03
4.750911203643085173e+03
4.760087221701765884e+03
4.655539395984551447e+03
4.754902907434149711e+03
4.700054437589664303e+03
4.755902072924743152e+03
4.812434576578916676e+03
4.803470940300014263e+03
4.765859345043327266e+03
4.710962405068515181e+03
4.755454160300089825e+03
4.741843249372412174e+03
4.802010662309388863e+03
4.793796011889884539e+03
4.720896911202196861e+03
4.823891433336841146e+03
4.692080460161961128e+03
4.798011521564632858e+03
4.563735173284447228e+03
4.806138392319782724e+03
4.810268907259850494e+03
4.698771426174705994e+03
4.809787870050603487e+03
4.750800494134392466e+03
4.776392300078344306e+03
4.804061628973315237e+03
4.820475409108632448e+03
4.697078636363830810e+03
4.798959628898885057e+03
4.783320630231401992e+03
4.830138011902908147e+03
4.823387197898848171e+03
4.703036020485784320e+03
4.673671093562757960e+03
4.660918819810299283e+03
4.812277912319083043e+03
4.759518057391707771e+03
4.690719692824824961e+03
4.761597741518005932e+03
4.771868076631360054e+03
4.828757680798807996e+03
4.824829361066966158e+03
4.631197504133519942e+03
4.804970315334934639e+03
4.792079586113591176e+03
4.810478990580898426e+03
4.737385590811906695e+03
4.738834818308556351e+03
4.749906348285596323e+03
4.665361328211765795e+03
4.791579638970095402e+03
4.695925551520187582e+03
4.809508877978558303e+03
4.667593597543261239e+03
4.804213540240665679e+03
4.759784003821919214e+03
4.636107132710038968e+03
4.719219508990445320e+03
4.830990006696985802e+03
4.729856986130145742e+03
4.819558349038407869e+03
4.809369406528813670e+03
4.650177619928992499e+03
4.831454002248829056e+03
4.816144645542429316e+03
4.808805962750279832e+03
4.795185971380922638e+03
4.676562105172743031e+03
4.787319208808526128e+03
4.808969692312279221e+03
4.610306909741313575e+03
4.681048574349535556e+03
4.772464548101514083e+03
4.743882636640705641e+03
4.825054402689082963e+03
4.833162490036615054e+03
4.690719692824824961e+03
4.800625283924046926e+03
4.766818408221442951e+03
4.804826804226809145e+03
4.739065236864318649e+03
4.815269182540136171e+03
4.805049709759602592e+03
4.811316041382478033e+03
4.722073048302181633e+03
4.832875400612185331e+03
4.647924384795192054e+03
4.830321088068308200e+03
4.729070177246504500e+03
4.794331203473460846e+03
4.700981984560236015e+03
4.801856531717841790e+03
4.555938450554063820e+03
4.783156095360334803e+03
4.814745431117647058e+03
4.506563372641936439e+03
4.771323633005893498e+03
4.783320630231401992e+03
4.771000767550060118e+03
4.794330244513943398e+03
4.815909232736542435e+03
4.671726993185950960e+03
4.739834881435112038e+03
4.777372648453706461e+03
4.764438660609278486e+03
4.638927269931860792e+03
4.720019496914109368e+03
4.757309952425464871e+03
4.805209336048616024e+03
4.822540238611274617e+03
4.829168605166842099e+03
4.757440157939407072e+03
4.831373820999806412e+03
4.773253128198888589e+03
4.712709628414458166e+03
4.691952233270949364e+03
4.788864572243014663e+03
4.680032266538275508e+03
4.829715225508302865e+03
4.673024318684655555e+03
4.680036759780858119e+03
4.711776018437383755e+03
4.796848276955451183e+03
4.821522289717800959e+03
4.816021877287010284e+03
4.809475820711403685e+03
4.817145848211977864e+03
4.709026435875261086e+03
4.788946585664442864e+03
4.780040667841309187e+03
4.824718198579370437e+03
4.649734488189671538e+03
4.598094632976079993e+03
4.681515496603398788e+03
4.640161396749104824e+03
4.695315606980973826e+03
4.823218653541231106e+03
4.690719692824824961e+03
4.682616166145066018e+03
4.793223382187131392e+03
4.792589840207391717e+03
4.779092320233381542e+03
4.797511701656601872e+03
4.737719238173111080e+03
4.817392568494362422e+03
4.665997114636618790e+03
4.811416343602068082e+03
4.831383660159548526e+03
4.723440320502173563e+03
4.693740523334474346e+03
4.708849159382016296e+03
4.781149245980128399e+03
4.729078449873708450e+03
4.697563944028856895e+03
4.828699487622969173e+03
4.731509238038031981e+03
4.754985356962981314e+03
4.640681570428932901e+03
4.768159047087621730e+03
4.601341077651733940e+03
4.758834913543756556e+03
4.802495676877308142e+03
4.822284476200797144e+03
4.778113578268492347e+03
4.744684271770564919e+03
4.681542911086692584e+03
4.656531849884024268e+03
4.639476761511919904e+03
4.808490417828281352e+03
4.812772401076523238e+03
4.698738018679267043e+03
4.680261354283311448e+03
4.794135643835576047e+03
4.817527061983450949e+03
4.667593597543261239e+03
4.623299593378113968e+03
4.779234175346440679e+03
4.811895448328747079e+03
4.777892322015331956e+03
4.810433218695072355e+03
4.800294109931684943e+03
4.719675017283355373e+03
4.824848420506044931e+03
4.763581513703737983e+03
4.820379762702126754e+03
4.739062267230538055e+03
4.737377585829231066e+03
4.811691826415820287e+03
4.787365984975280298e+03
4.813737939007731256e+03
4.802142759019978257e+03
4.802335036413357557e+03
4.780535073929975624e+03
4.747915490830209819e+03
4.750329666088677186e+03
4.832901548633437415e+03
4.767768045992015686e+03
4.827999058152201542e+03
4.662843495340631307e+03
4.686181112678745194e+03
4.731803228036087603e+03
4.715878462494057203e+03
4.819826484456912112e+03
4.749238824839618246e+03
4.781786831059569522e+03
4.829948965998692074e+03
4.802808904487646942e+03
4.809227481442983844e+03
4.788959663622932567e+03
4.742748873952177746e+03
4.658823599587966783e+03
4.605781465355320506e+03
4.826365491257593021e+03
4.824006166182637571e+03
4.823275417671740797e+03
4.796946780750113248e+03
4.766826713806680345e+03
4.788927174375585309e+03
4.807847793287373861e+03
4.817132758645709146e+03
4.795516708625946194e+03
4.766576016513045033e+03
4.749471602411879758e+03
4.738079523493782290e+03
4.716450488768688047e+03
4.710483666069383617e+03
4.810390381052393423e+03
4.810778530909497931e+03
4.786977032052317554e+03
4.816578358945444052e+03
4.651926659641408150e+03
4.778581196120175264e+03
4.753606142723851008e+03
4.766516312538092279e+03
4.797065075789379989e+03
4.728033381868721335e+03
4.830390801922198989e+03
4.789272059505490688e+03
4.802305926624358108e+03
4.752291005846152984e+03
4.792858129273776285e+03
4.785373958166796911e+03
4.647895288991445341e+03
4.832875400612185331e+03
4.804138356388746615e+03
4.781217552487833927e+03
4.795426130151305188e+03
4.787294144848649921e+03
4.831475850758859451e+03
4.645389659616728750e+03
4.803709604699502052e+03
4.739421758346369643e+03
4.822082890332914758e+03
4.761785977880463179e+03
4.662009588935019565e+03
4.814177342381663038e+03
4.825684969885540340e+03
4.638623239153115719e+03
4.833277049681611970e+03
4.791103753545847212e+03
4.704409278950975931e+03
4.770931839639679310e+03
4.680194071491890099e+03
4.658617874694368766e+03
4.819300538738180876e+03
4.786937512004891687e+03
4.700263468924877088e+03
4.792078177186552239e+03
4.833210987861955800e+03
4.678398621397729585e+03
4.827961172888053625e+03
4.689882925076100037e+03
4.726842507401859621e+03
4.706322816877072910e+03
4.643931910043660537e+03
4.766764493402977678e+03
4.793897569875611225e+03
4.788137215922760333e+03
4.814916741477273717e+03
4.749476740463692295e+03
4.777430175896500259e+03
4.755436111080032788e+03
4.823329153818343002e+03
4.561850226804784143e+03
4.822800828760862714e+03
4.728147497026931887e+03
4.810990312247520706e+03
4.828360432912233591e+03
4.798517767497347450e+03
4.832995220212014829e+03
4.673680234559702512e+03
4.821096683686435426e+03
4.810205713016870504e+03
4.583779928115030998e+03
4.701075398065916488e+03
4.676003481354723590e+03
4.778112291483690569e+03
4.823698019555777137e+03
4.793987204436108186e+03
4.642918500980978024e+03
4.822325663476147383e+03
4.777849929039872222e+03
4.824020459575952373e+03
4.822426420534820863e+03
4.687045519658810008e+03
4.813420093061045009e+03
4.758220076670434537e+03
4.805367191016286597e+03
4.730844672812321733e+03
4.758282514659874323e+03
4.685843789686679884e+03
4.765327311090188232e+03
4.808633968548445409e+03
4.744993296551896492e+03
4.694052892989702741e+03
4.779213675779696132e+03
4.820934040746856226e+03
4.832784032395538816e+03
4.601642162817192911e+03
4.745276077375153363e+03
4.818678598291965500e+03
4.795276789627035214e+03
4.813987400847725439e+03
4.824864518133501406e+03
4.820940154704591805e+03
4.658209642550943499e+03
4.811606484748895127e+03
4.776088777833627319e+03
4.795034159434244430e+03
4.804672933520335391e+03
4.773433632178302105e+03
4.693722679076681743e+03
4.769072271596516657e+03
4.821893397787182039e+03
4.761182360445347513e+03
4.671529453708375513e+03
4.780990535089502373e+03
4.812986071716735751e+03
4.831594820041836101e+03
4.811508166552451257e+03
4.788605803811406986e+03
4.771033563044550647e+03
4.721398689433778600e+03
4.792252604125372272e+03
4.796880484399633133e+03
4.799054061235392510e+03
4.814132180315471487e+03
4.815531758056580657e+03
4.832122920460842579e+03
4.753103669696802172e+03
4.732116154972357435e+03
4.829887175092307189e+03
4.745402425099000538e+03
4.756642172238582134e+03
4.777076828067896713e+03
4.793421324532301696e+03
4.762674342860695106e+03
4.814345152632296049e+03
4.752475292818618072e+03
4.822955900828867016e+03
4.815506515959550597e+03
4.826650705673026096e+03
4.741609091888420153e+03
4.831328883289074838e+03
4.760041077708649027e+03
4.814047017608430906e+03
4.831094506612541409e+03
4.671092112352885124e+03
4.749744409136634204e+03
4.664369031760814323e+03
4.688407834936829204e+03
4.794394289704301627e+03
4.678480859864326703e+03
4.683567333820191379e+03
4.823575484095978936e+03
4.680238035513199065e+03
4.643314717332723376e+03
4.827969163062083680e+03
4.822396183840603044e+03
4.819102581750272293e+03
4.822408734791415554e+03
4.809801289095383254e+03
4.629585230220925041e+03
4.640788403624968851e+03
4.780219616739786943e+03
4.787558215685725372e+03
4.813233061070373878e+03
4.699159564552109259e+03
4.808411580335947292e+03
4.822456200115681895e+03
4.817961992745131283e+03
4.713454834134757220e+03
4.796367802428665527e+03
