7.929477724663364825e+03
8.264852707281226685e+03
8.097945419430431684e+03
7.159078858723896701e+03
8.206768848482874091e+03
8.324298374240872363e+03
8.287342356146362363e+03
8.448555278525649555e+03
8.377361597142173196e+03
8.436116583190134406e+03
8.010030014988865332e+03
8.009713099529261854e+03
8.281200805649586982e+03
7.126561673311913182e+03
8.422793818608404763e+03
8.305826496085981489e+03
8.295138522609573556e+03
8.369118301063434046e+03
8.312780836487017950e+03
8.443214068498935376e+03
8.329759002278977277e+03
8.247551705707217479e+03
8.162905829211692435e+03
7.996581849482179678e+03
8.409990664664535871e+03
8.434233446891033964e+03
8.461942479049277608e+03
7.419471684672455012e+03
7.905567346833861848e+03
8.095454873574839439e+03
7.939132275048035808e+03
8.281754514572347034e+03
7.660050588597618116e+03
7.826182704964598088e+03
7.952882887840874901e+03
8.131467851302649251e+03
8.391879392828770506e+03
8.133314294615271137e+03
8.407294505151614430e+03
8.312279502235403925e+03
7.607617854341390739e+03
8.467933889900576105e+03
7.858593646370109127e+03
8.372790624885794387e+03
6.904851527638748848e+03
8.308525184056843500e+03
6.487624067343573188e+03
8.418990535771099530e+03
8.231833155257118051e+03
8.070642702186455608e+03
7.250236580173163929e+03
7.707201912707392694e+03
8.453078813880310918e+03
8.233205341314862380e+03
7.793494439921298181e+03
8.279203354837625739e+03
7.967236747270724663e+03
7.941629120539648284e+03
8.186679556680273890e+03
7.833290654702958818e+03
8.306933575612640198e+03
6.790781941266105605e+03
7.583877295878824953e+03
8.127033143060129078e+03
8.391540222411495051e+03
8.419185488799274026e+03
8.300052189476009517e+03
8.369118301063434046e+03
8.079416400591606362e+03
8.148370297413918706e+03
8.104835835205502008e+03
8.266267922347671629e+03
7.809720335110888300e+03
7.463717154824556928e+03
8.414086048162664156e+03
8.433176011131865380e+03
8.466221202384296703e+03
8.311850231397002062e+03
8.124582961715709644e+03
8.383692352940564888e+03
8.274224399505221299e+03
8.071414924940738274e+03
8.421624982780595019e+03
8.035714599872143481e+03
8.211067759840061626e+03
8.227321458073449321e+03
8.153796563365993279e+03
8.341653067263678167e+03
8.418729890445290948e+03
8.225441512154229713e+03
8.238805479704355093e+03
8.335153661814980296e+03
7.662634696839562821e+03
7.384271469983974384e+03
8.277468413987760869e+03
8.426829094971139057e+03
8.386811961463015905e+03
7.508698261010598799e+03
8.383589142964739949e+03
7.797423387815122624e+03
8.044068503571607835e+03
7.332316410885281584e+03
7.828676031717945079e+03
8.330062831834420649e+03
8.146428128313968045e+03
8.238564715712311227e+03
7.915263724690989875e+03
8.237575809124544321e+03
8.349298569275673799e+03
8.318136230020556468e+03
8.028263985168233376e+03
8.044955420607615451e+03
8.164105183081000177e+03
8.393156056232330229e+03
8.239771349139487938e+03
8.073788746729831473e+03
8.043239957352948295e+03
8.360145059029840922e+03
8.382819773845847521e+03
8.058647245782272876e+03
7.551265635189063687e+03
8.246374304683313312e+03
8.387398052552611261e+03
7.625821191241478118e+03
8.243424261903228398e+03
8.460928911089707981e+03
8.177066078509151339e+03
8.019764203921411536e+03
8.230955541290280962e+03
7.140385764635857413e+03
8.451941704727691103e+03
7.744316837113959991e+03
8.211126267979494514e+03
8.094793114619227708e+03
8.434762205627543153e+03
7.769292367936343908e+03
7.553462403381625336e+03
8.028278521499613817e+03
8.037718440990662202e+03
7.979816644280732362e+03
7.449661953363263819e+03
6.833917272110455087e+03
7.828142159123869533e+03
7.672482508387727648e+03
8.453710532288494505e+03
7.560645735354382850e+03
8.453136707981790096e+03
8.391557268388369266e+03
8.018042789704702045e+03
8.463008525532062777e+03
8.277927877954210999e+03
7.983292902297658657e+03
8.291451382729490433e+03
7.352569167165198451e+03
8.362578577024507467e+03
7.971754694657493928e+03
8.266665930852819656e+03
8.161303123617012716e+03
8.316772466599812105e+03
8.463776993194511306e+03
8.372397660450973490e+03
8.104889695908966132e+03
8.186387401700504597e+03
8.308963997417795326e+03
7.286143570267325231e+03
8.462269011323009181e+03
8.265026832202420337e+03
8.104315726741880098e+03
8.032811843162088735e+03
8.459658080616314692e+03
8.337336938418256977e+03
8.169605377717231022e+03
7.883568534572597855e+03
7.967925038507366480e+03
6.876107908786755615e+03
8.231267205009500685e+03
8.307511196759161976e+03
8.336870145839373436e+03
8.266627644086776854e+03
7.397688614836624765e+03
8.204715071369013458e+03
8.317290630347204569e+03
8.128244067606652607e+03
8.337697885083181973e+03
8.142082610600715270e+03
8.253036135359083346e+03
7.529349574774143548e+03
7.535072328716327320e+03
8.217502529466633860e+03
7.215612766177595404e+03
8.353847644231762388e+03
7.995139959372680096e+03
7.836778909811649100e+03
8.009946868022494527e+03
8.102753828347532362e+03
8.041864680136992320e+03
8.431382860401652579e+03
8.366480443623322572e+03
8.300085059348115465e+03
8.085962936495083341e+03
8.391974324102906394e+03
8.204984455532057837e+03
7.995197934300978886e+03
7.986761025449103727e+03
8.290871046436246615e+03
8.349298569275673799e+03
8.437017479094807641e+03
7.931587174073612914e+03
8.252614579134717133e+03
8.442161336796103569e+03
8.102753828347532362e+03
8.166340228742794352e+03
8.263671866596321706e+03
8.469124764710222735e+03
7.874703384502182416e+03
8.231892170516073747e+03
7.510631418768584808e+03
7.988475436251056635e+03
7.814367955150341004e+03
8.300030995677676401e+03
8.300419108241479989e+03
7.921125664945042445e+03
8.343210496333902483e+03
8.018026699105554144e+03
8.388865937916942130e+03
8.405422913402828272e+03
7.977118476144753004e+03
8.194665466137397743e+03
7.851881641674588536e+03
8.214267453943899454e+03
8.455480137031394406e+03
8.224597618765499647e+03
8.072884986715332161e+03
8.140179206764874834e+03
8.378412219078250928e+03
8.091808304794215474e+03
8.018859353646331328e+03
7.361921389626493692e+03
8.386513980708970848e+03
8.427551002405540203e+03
8.257552787930053455e+03
8.307736900583517127e+03
8.075424221170196688e+03
8.135547201409612171e+03
8.181357523564985058e+03
8.166687815094122925e+03
8.257212866661979206e+03
8.314030656300927149e+03
7.997377539950313803e+03
8.216975729468274949e+03
7.780042971604976628e+03
8.071004376885937745e+03
8.128541873960108205e+03
8.183979349869078760e+03
8.270382270204087035e+03
7.530245745179941878e+03
8.460463982154891710e+03
7.930235907045513159e+03
8.245399668979858689e+03
7.823418527199750315e+03
8.420825018461597210e+03
8.002940106520644804e+03
8.442999135187348656e+03
8.327381463702584369e+03
8.017974889650937257e+03
7.712668896835509258e+03
8.335685861638849019e+03
7.909779399120943708e+03
8.218419096166449890e+03
8.377470933661254094e+03
8.432302400008105906e+03
8.233862913913930242e+03
7.992208784446037498e+03
7.905291652092570985e+03
8.287442052344587864e+03
7.689938395240669706e+03
7.648140882309820881e+03
7.920816796116549085e+03
7.139525332595118925e+03
7.647874001691409831e+03
7.836287334800359531e+03
8.341794252436297029e+03
8.028860366744396742e+03
7.503646299201587681e+03
8.219478095554215543e+03
8.275341678454597059e+03
8.158441753773124219e+03
7.501398422385933372e+03
8.191161626500970669e+03
7.683863138028169487e+03
8.059924031907156859e+03
7.680978688549204890e+03
8.186658041048543055e+03
8.411376252623336768e+03
7.064779080800569318e+03
8.401182474322573398e+03
7.938330385795189613e+03
8.255178833023746847e+03
8.361960221800674844e+03
7.894665592519033453e+03
7.828552009155285305e+03
8.448459620208937849e+03
8.308344777758360578e+03
8.186387401700504597e+03
7.498775667196347058e+03
7.950739408478104451e+03
8.427521285642846124e+03
8.079756177863581797e+03
8.455577198975886859e+03
7.793767617051560592e+03
8.172745887124066940e+03
8.289622383314366743e+03
8.099562755468323303e+03
8.287105175839224103e+03
7.970654692416209400e+03
8.285670168659789852e+03
7.712668896835509258e+03
8.124689400884960378e+03
8.118352671022258619e+03
8.431863780015410157e+03
6.909285194049703932e+03
8.307886051908300942e+03
7.263670748873601042e+03
8.018099836019084250e+03
8.398546037643833188e+03
8.146934243777700431e+03
8.125345412577195020e+03
7.598045651571815142e+03
8.444565929273237998e+03
7.271916097771533714e+03
7.681695953776037641e+03
7.808779866546238736e+03
8.265425626175201614e+03
8.303498831738092122e+03
8.053909548951114630e+03
8.395256987313285208e+03
8.273917536071652648e+03
8.129645616881323804e+03
7.807775994058967626e+03
7.260543458038460813e+03
6.706665805590871969e+03
8.386131687954359222e+03
8.102993694172893811e+03
7.960780318415147121e+03
7.755396161330667383e+03
7.047148657315427045e+03
8.440035531818240997e+03
7.928897917477323062e+03
8.365517434834120650e+03
8.281050452357416361e+03
7.697035159005414243e+03
7.653831133451032656e+03
7.925554490821304171e+03
8.358070310488836185e+03
8.240785166825678971e+03
8.104529145385253287e+03
7.137911014813835209e+03
8.325358871602704312e+03
7.420940982872172754e+03
8.380194950324806996e+03
7.677406336200670921e+03
8.041612698551334688e+03
8.463598797427119280e+03
8.342140976714114004e+03
8.281749804228733410e+03
8.064220178061255865e+03
8.268151414603649755e+03
7.708313246613205592e+03
8.382144957006372351e+03
7.462090650763029771e+03
7.857083895643167125e+03
8.003535357841860787e+03
8.310154229757907160e+03
8.268868637258497984e+03
7.630473581813992496e+03
7.843277118354929371e+03
8.449347175064620387e+03
7.524644982982847978e+03
8.283530085290327406e+03
7.778207398726416613e+03
8.378179536974235816e+03
7.791274443986668302e+03
8.384160817791669615e+03
8.008508776336534538e+03
6.717807298822926896e+03
8.408024581558973296e+03
8.010864056351121690e+03
7.946824695700167467e+03
8.297315959732779447e+03
8.275101622328074882e+03
7.995569678358086094e+03
8.353265166953528023e+03
7.781229704036047224e+03
8.132712809472262052e+03
8.390419737949339833e+03
7.682453530980784308e+03
7.532989214117108531e+03
7.537379108909281967e+03
8.044079151763319715e+03
7.195563890127431478e+03
8.224063124864107522e+03
8.021116429338341732e+03
8.198306929181897431e+03
7.903797573807996741e+03
8.301393438333863742e+03
7.951038400568451834e+03
8.136999726070705947e+03
8.116321446013270361e+03
6.759529363652807660e+03
7.837592296537734001e+03
8.173435098802208813e+03
8.140938602210858335e+03
7.633168916127861849e+03
8.179239436717744866e+03
8.404357878517168501e+03
8.131418349158104320e+03
7.644261789381691415e+03
8.383200159366304433e+03
8.456413884520585270e+03
7.977707357262113874e+03
8.173191440179612073e+03
7.875631969095633394e+03
8.401382922037591925e+03
8.027450022677724519e+03
8.186516744895030570e+03
7.237645277021998481e+03
7.081403795823721339e+03
7.025158528557110913e+03
8.465665234338852315e+03
8.160349323707152507e+03
8.430968091251459555e+03
8.327524302688640091e+03
7.287326614758978394e+03
8.438988380959719507e+03
8.035041993689676019e+03
7.942799030908618079e+03
7.384745110799013673e+03
8.209219642607462447e+03
8.337397263336817559e+03
7.936289005034834190e+03
8.315011817306494777e+03
7.633168916127861849e+03
8.357210607989072741e+03
8.241740539530295791e+03
8.206768848482874091e+03
8.348439305915257137e+03
8.462442218119764220e+03
8.421000702800216459e+03
7.683187108623471431e+03
8.164299079396414527e+03
8.196324140594024357e+03
7.866917958734717104e+03
8.449346481664699240e+03
8.410660654587747558e+03
6.576648329996013672e+03
7.970515687041690398e+03
7.724043270127584037e+03
8.427003312021439342e+03
7.893818321570490298e+03
7.843982915325444992e+03
7.595805024021205099e+03
7.933147202728701814e+03
7.951503023668383321e+03
8.172142411363500287e+03
7.643973387983591238e+03
8.075630242210603683e+03
8.088968543296547068e+03
7.778515360682742539e+03
8.153037355892606683e+03
8.253420701060043939e+03
8.271164670043011938e+03
7.642496792998771525e+03
8.294380276197527564e+03
8.303293896550390855e+03
8.468330235957870173e+03
8.411985607120594068e+03
8.307144002083556188e+03
7.574802415736443436e+03
7.947826428789580859e+03
8.020090979335112934e+03
7.383201379088213798e+03
8.148061151651645559e+03
7.484926406119669991e+03
8.095788394623717068e+03
7.649225043077096416e+03
7.359850980091629026e+03
8.363486197647389417e+03
8.389379829494286241e+03
8.171325507341707635e+03
8.304295683562422710e+03
8.222129937080206219e+03
8.344220255458019892e+03
8.274188711952858284e+03
7.732183549511496494e+03
7.643840809922054177e+03
7.951923995174595802e+03
7.780757453609487129e+03
7.920028315816272880e+03
8.427783935179642867e+03
8.115035989279203932e+03
7.641678860759842792e+03
8.237917403281988300e+03
8.467829343684577907e+03
7.778057849838296534e+03
8.329013882176077459e+03
7.578199797029039473e+03
8.184292979856068996e+03
8.146399160445545022e+03
8.372664345858711386e+03
7.550353277293704195e+03
7.776411667554146334e+03
8.381875189065711311e+03
8.225149787498026853e+03
8.247574018768516908e+03
8.259366023651633441e+03
7.952882887840874901e+03
8.397929069044132120e+03
8.234221665183531513e+03
8.466634418183741218e+03
8.306806818462604497e+03
8.267604426810790756e+03
8.162905829211692435e+03
8.113302604690628868e+03
8.107775461076542342e+03
7.620253511732235893e+03
7.796088579375155859e+03
8.342353156212691829e+03
7.578244536366613829e+03
7.805094606690082401e+03
7.778515360682742539e+03
8.272400448597985815e+03
8.351330802269965716e+03
8.431230327848992602e+03
8.458019465999666863e+03
8.199532444840955577e+03
6.638067036209149592e+03
8.228426837913528288e+03
8.378685786048799855e+03
7.964687053071495939e+03
8.369426009835069635e+03
7.832992800517827163e+03
8.225500579107943850e+03
8.440795721792836048e+03
7.900863574117917778e+03
7.876813124845371931e+03
8.226677385212544323e+03
8.373485104678486096e+03
8.388500943060504142e+03
7.582183063951544682e+03
8.436431302992965357e+03
8.045549318127723382e+03
7.820855802637424858e+03
7.607608532176192057e+03
8.270452138925429608e+03
8.308587572800925045e+03
8.311251467224006774e+03
8.253476753201961401e+03
8.437546410907354584e+03
8.385575862031755605e+03
8.201112375667416927e+03
7.923277497213935931e+03
8.197088923079360029e+03
7.461750127954689560e+03
8.092006336270846987e+03
7.993229270487105168e+03
8.198180170340072436e+03
8.139026168227735980e+03
7.993876463046121899e+03
8.330274820874916259e+03
8.106910351184465981e+03
7.218962872111709657e+03
8.438060507549505928e+03
8.150281351279293631e+03
8.307474970068829862e+03
7.796088579375155859e+03
7.860664511595177828e+03
7.970654692416209400e+03
8.470095133555038046e+03
7.782147531442303261e+03
7.870384602124735466e+03
6.876140240823484419e+03
8.342061682718762313e+03
8.426872231915815064e+03
8.465599565187134431e+03
8.299523603061723406e+03
8.144770656934970248e+03
7.984248190892316416e+03
8.033601508111986732e+03
8.168789923362535774e+03
7.747972528977713409e+03
8.460728705761466699e+03
8.071414924940738274e+03
7.213843979636742006e+03
7.557765206370937449e+03
7.880995466826436314e+03
8.065443846691840008e+03
7.681695953776037641e+03
8.300458074121057507e+03
8.290841813133056348e+03
7.920816796116549085e+03
7.730973546247549166e+03
7.998386902110544725e+03
8.362163613820179307e+03
8.221581725069219829e+03
8.296059851501893718e+03
7.689938395240669706e+03
7.782523460318347134e+03
8.231892170516073747e+03
8.332094073132004269e+03
7.673275725616728778e+03
7.938072351808163148e+03
8.161906262705402696e+03
8.253029015440493822e+03
8.428013698320828553e+03
8.361060579857867197e+03
8.051547737076056364e+03
8.149545815307671546e+03
7.851030562410967832e+03
8.402530433187877861e+03
8.274372695425863640e+03
8.458476565865410521e+03
8.151350839899924722e+03
6.948897090050810220e+03
8.343741718445584411e+03
8.067108568501655100e+03
8.374995043354778318e+03
7.850300459331370803e+03
7.654350370792210015e+03
8.426208331347284911e+03
7.343119258907189760e+03
7.528783782922386308e+03
8.384783302273131994e+03
8.338350994128446473e+03
8.408098091212605141e+03
8.193849963515211130e+03
7.755283732158743078e+03
8.053343440098912652e+03
7.843982915325444992e+03
8.182315286461139294e+03
8.114136289210875475e+03
7.673607255980941773e+03
8.311350827646276230e+03
7.654076609464795183e+03
8.305263772690577753e+03
8.189906610911375537e+03
6.859205732735561469e+03
8.458423985811767125e+03
8.305549573670266909e+03
7.479335835060196587e+03
8.191460006611087010e+03
8.244236004278991459e+03
8.379587632873397524e+03
7.895731350570125869e+03
8.397584952963439719e+03
7.380539922557071804e+03
8.315901465422923138e+03
8.253206465779150676e+03
7.973084012523202546e+03
8.326538288291059871e+03
8.326534248682102771e+03
7.732183549511496494e+03
7.979902020099453694e+03
7.741109274395126704e+03
8.460928911089707981e+03
7.713268316961951314e+03
6.743870786698061238e+03
7.931729302489259680e+03
8.014887553076068798e+03
7.997939308712980164e+03
8.160998000610165946e+03
8.451941704727691103e+03
8.137322600289467118e+03
7.994539991199601900e+03
8.424203603840069263e+03
8.309771618380891596e+03
8.254636762099213229e+03
8.242905402518257688e+03
7.389498509030956484e+03
7.729024756932285527e+03
7.543710751521395650e+03
7.780419886345747727e+03
8.466898189824518340e+03
7.727582210411352207e+03
7.790256160631963212e+03
8.261728098293517178e+03
8.151448819820052449e+03
8.460928911089707981e+03
8.133751425547473445e+03
8.061462226243295845e+03
7.524238574081651677e+03
8.111775062591195820e+03
8.029359442757464421e+03
8.252270031769701745e+03
8.135329448664359916e+03
8.280893378413971732e+03
7.759490105946757467e+03
7.771843775835379347e+03
7.961211943956479445e+03
8.284407038541994552e+03
6.335756186354948113e+03
8.279383088181799394e+03
8.323969056723924950e+03
8.321859201613664482e+03
8.351147820024400062e+03
8.387686149360888521e+03
8.297700453137967997e+03
8.460185302031093670e+03
7.962553341541874943e+03
7.795103218460111748e+03
7.939382426132224282e+03
8.391930773101534214e+03
7.983292902297658657e+03
8.016492228303347474e+03
8.351555287823892286e+03
8.351147820024400062e+03
8.389439702072942964e+03
8.392513862020230590e+03
8.212574408952174053e+03
8.036842594065952653e+03
8.470444095767928957e+03
7.956711252987093758e+03
7.582343300873811131e+03
8.217127689367765925e+03
8.407796872510391040e+03
8.114706593786077974e+03
8.304154791313805617e+03
7.135390128714680941e+03
6.759529363652807660e+03
8.332094073132004269e+03
8.426141645733931000e+03
7.699555835766685959e+03
7.557573453622185298e+03
8.234536290523192292e+03
7.959449001190696436e+03
8.055299000962668288e+03
7.659588829304933824e+03
8.301424699477036484e+03
7.540687815887496072e+03
7.988287521888354604e+03
8.446184614033580146e+03
8.035003677896447698e+03
8.101395222930875207e+03
8.133963278433342566e+03
7.985736187098647861e+03
7.863522005459347383e+03
8.389236023151526751e+03
7.865592933922799602e+03
8.418574810683341639e+03
8.132289670381627730e+03
8.212668418524950539e+03
8.113874105246184627e+03
8.031816172907548207e+03
6.847938725000271006e+03
8.248899411846648945e+03
8.172912180579801316e+03
7.601133676628813191e+03
8.160998000610165946e+03
8.219491920158381618e+03
7.833778113391634179e+03
8.256880665021888490e+03
8.461715747525046027e+03
8.395512025061270833e+03
8.468257814674552719e+03
7.924354403234832716e+03
8.371554047719175287e+03
8.207053144073855947e+03
8.172316512062260699e+03
8.291248387874375112e+03
7.815865949419703611e+03
8.308501259793869394e+03
8.169877731617815698e+03
7.966867786252906626e+03
8.308563885940860928e+03
8.469660581197123975e+03
7.310870603760009544e+03
8.173371925099029795e+03
7.862555185908739986e+03
8.459040411287893221e+03
8.287442052344587864e+03
8.334636541521122126e+03
7.662918642844537317e+03
8.434458965593759785e+03
8.336048693505443225e+03
8.172452237268709723e+03
7.448770420203799404e+03
8.295186315428256421e+03
8.252809864009028388e+03
8.101602470792116947e+03
7.251574287597045441e+03
8.419726351824519952e+03
8.049632727017044999e+03
6.869488216871593977e+03
8.381262299190442718e+03
8.333442483486633137e+03
8.455327640995768888e+03
7.217306572402092570e+03
8.225724325931510975e+03
7.319292804857497686e+03
8.363496973021990925e+03
7.576523914880328448e+03
7.512973104422497272e+03
8.291737686594748084e+03
8.398317582452446004e+03
7.615409626499615115e+03
8.270861115260820952e+03
8.281039846675404988e+03
8.196069027870194986e+03
8.216607014933197206e+03
7.955050184319403343e+03
8.122733592485517875e+03
8.360263226227703854e+03
7.923277497213935931e+03
8.391202907837436214e+03
8.291764457878238318e+03
7.707170480649952879e+03
8.422699968864289986e+03
8.377006432078571379e+03
7.602430144527866105e+03
8.396190030915300667e+03
8.458476294785214122e+03
8.324018096224441251e+03
8.033777610048338829e+03
8.221746555108742541e+03
8.057150388115428541e+03
8.449571636375067101e+03
8.099004276969328203e+03
8.388439405579360027e+03
7.011305738625727827e+03
8.131733775098693513e+03
7.715780913461190721e+03
8.162365467481723499e+03
7.670490437824568289e+03
8.342748948778862541e+03
8.139178657892518459e+03
8.393969849306884498e+03
7.503204695464073666e+03
7.916443508310208927e+03
8.225815712317275029e+03
8.220466982975944120e+03
8.057671621506594420e+03
8.360263226227703854e+03
8.408167619242078217e+03
8.105490016492753057e+03
7.950012082400678082e+03
8.295186315428256421e+03
8.375984095936846643e+03
7.276415334730196264e+03
8.239515572731041175e+03
8.376196285429607087e+03
8.324793839678421136e+03
8.454182033211494854e+03
8.401626649720150454e+03
8.276013525405451219e+03
8.446365822821235270e+03
8.398891789925057310e+03
7.478556161265944866e+03
8.264048319908850317e+03
7.931843273483046687e+03
8.337340411723309444e+03
7.822031179180217805e+03
7.820093139750955743e+03
8.242905402518257688e+03
8.261404849313363229e+03
8.398624250382868922e+03
7.858056559822124655e+03
7.615697602117589668e+03
8.338245364621139743e+03
7.868244034196928624e+03
8.090455970329226147e+03
8.165485659624127948e+03
7.968273220711671456e+03
8.015850338339154405e+03
8.127043538954700125e+03
8.204765347657245002e+03
8.363368021162656078e+03
7.452127340266490137e+03
8.261014759881567443e+03
7.749952633761191464e+03
8.242951168816834979e+03
7.562751736268626701e+03
7.970581716232083636e+03
7.350750176687552084e+03
8.303293896550390855e+03
8.134735397905751597e+03
8.208832855545000712e+03
8.359175114267010940e+03
7.583702265583448025e+03
8.122185255167194555e+03
8.284100221172240708e+03
7.821126054364092852e+03
8.384171808688031888e+03
7.690768320254608625e+03
8.276869715152524805e+03
8.057653613890419365e+03
8.252767004791834552e+03
7.749033537842314217e+03
7.741406526501886219e+03
8.418845947043975684e+03
6.809343350182556605e+03
8.382880076484914753e+03
7.824023278791039047e+03
8.402143813295981090e+03
8.183979349869078760e+03
8.277310174836153237e+03
8.382458482306938095e+03
8.254843050209974535e+03
8.294201599890460784e+03
7.822840642589666459e+03
7.808852182006507064e+03
8.169417312251870499e+03
8.465578004015633269e+03
8.288755649842230923e+03
7.846469589176564114e+03
8.270334363072834094e+03
8.073387372255420814e+03
7.498978384095375986e+03
7.503646299201587681e+03
8.275399885455719414e+03
7.779097198828578257e+03
7.888745784564795031e+03
8.300419108241479989e+03
7.969695520453486097e+03
8.417775174388156302e+03
8.226029461395552062e+03
8.462990603725411347e+03
8.186516744895030570e+03
7.790256160631963212e+03
8.152297393491187904e+03
7.407454854828904899e+03
8.185407046313233877e+03
7.661348999032107713e+03
7.995087614388328802e+03
7.310152250807221208e+03
8.399904009589816269e+03
7.946824695700167467e+03
8.294910031500950936e+03
7.822990912682769704e+03
8.392549029559620976e+03
7.204629361168936157e+03
8.076279679364873118e+03
7.408690682364844179e+03
7.594277761279583501e+03
8.191133503439445121e+03
7.832750132553241201e+03
8.243644471488250929e+03
8.268265615463496943e+03
8.241581513401044504e+03
8.377167581012774463e+03
7.764041029850477571e+03
8.181820081843519802e+03
8.408647678453657136e+03
6.994691178162800497e+03
7.769611102633325572e+03
8.118158942795820622e+03
7.980260133424985725e+03
7.714277766381414040e+03
8.413489719007831809e+03
8.024612845873803963e+03
8.023301122311737345e+03
8.033185514312322994e+03
8.311047826213918597e+03
7.511336708490605815e+03
8.175708908330236227e+03
8.452768035286397208e+03
7.503646299201587681e+03
7.892842015538595660e+03
7.938330385795189613e+03
8.256701953830866842e+03
7.452946004826495482e+03
7.482522996286988018e+03
7.855445239224587567e+03
8.397114103419105959e+03
7.519552162249157846e+03
8.242510269639162289e+03
8.129182060937022470e+03
7.984609230051237319e+03
8.222005617177823297e+03
8.306475082366050628e+03
8.191723834516706120e+03
8.218278718241430397e+03
8.294593700131117657e+03
8.426967272860611047e+03
7.759602382720313472e+03
8.301648182868717413e+03
8.182769844559861667e+03
8.449820553330502662e+03
8.459658080616314692e+03
8.358727448402241862e+03
8.194575538405902989e+03
8.021084903438839319e+03
7.967685295189608041e+03
8.289238742883280793e+03
8.223802735153420144e+03
8.193092523324541617e+03
8.104529145385253287e+03
8.286396153267372938e+03
8.051636666281495309e+03
8.279350484251492162e+03
7.115914481562158471e+03
8.037612439392893975e+03
