5.703328647071108207e+03
5.779626895940505165e+03
5.945317207948741270e+03
6.325878345285116666e+03
6.175815522294597031e+03
5.670088876037848422e+03
6.197113764523212922e+03
6.271288577263181651e+03
6.221778330231823929e+03
5.941762954572908711e+03
5.406054080599080407e+03
6.014576081880353740e+03
6.007472072824613861e+03
5.779254150501856202e+03
6.254407129884995811e+03
6.353678447789749043e+03
5.856491106843780472e+03
6.229917996044005122e+03
6.079465723775814695e+03
6.296308515347593129e+03
6.328243656157830628e+03
6.219853031060649300e+03
6.340052551132826011e+03
5.971491072457292830e+03
6.244728290574933453e+03
6.156421890266214177e+03
6.326041998004411653e+03
6.337484760591838494e+03
6.277580033730935611e+03
6.328230660413435544e+03
6.088246329443265495e+03
6.276247467015506118e+03
5.994275142780801616e+03
6.346570279393657984e+03
5.933453809855471263e+03
6.310471295657554947e+03
6.320248151377653812e+03
6.261505421429390481e+03
6.027741261887133078e+03
5.975118329810599789e+03
5.995942052368423901e+03
6.055111756820110713e+03
6.347063204110771039e+03
5.984831149788761650e+03
6.273636646089584247e+03
5.823686796322151167e+03
6.341562511743227333e+03
6.151945689164987925e+03
6.053128946503178668e+03
6.256829899441469024e+03
6.269636670519737891e+03
6.214244664889538399e+03
6.127562755081096839e+03
6.275339900181369558e+03
5.836444474063906455e+03
6.299238933289536362e+03
6.245804200988044613e+03
6.015220251809691945e+03
6.290486053842258116e+03
6.175129278407672246e+03
5.891641998465676807e+03
6.299470274792160126e+03
6.068152030883920816e+03
5.972217898272187085e+03
6.272161284211742895e+03
6.250730976614925567e+03
5.920256409856487153e+03
6.262181679259965676e+03
6.215852417843047078e+03
6.148861443320551189e+03
6.051320076161699944e+03
5.789889080953112170e+03
6.208440486908491039e+03
6.336758270234080555e+03
5.735928602743212650e+03
6.339671630721039946e+03
6.037870997353218627e+03
6.251815704513253877e+03
5.949145050404112226e+03
5.952875205142090635e+03
6.187759436109208764e+03
6.247603352520101907e+03
6.330788694100775501e+03
6.123260358247488512e+03
6.205669301766338322e+03
6.329070614698055579e+03
6.291253885971289492e+03
5.638309531611363127e+03
6.144590620247607148e+03
6.220573925728660470e+03
5.918271626968746205e+03
6.216029756687785266e+03
6.214168171862337658e+03
5.837617308862118080e+03
6.078844730109380180e+03
6.165732179184769848e+03
6.316058870002216281e+03
6.300184398249959486e+03
6.133626388169176607e+03
6.324915503950569473e+03
6.328925464156674934e+03
5.716826033055139305e+03
6.352928307720667362e+03
6.260210398345394424e+03
6.317710462783146795e+03
5.830624624419254360e+03
6.239990023754638969e+03
6.211710736287062900e+03
6.289820314997374226e+03
6.338221637130610361e+03
5.872690155527023308e+03
6.255925630543399166e+03
5.898859659913346150e+03
6.143801651756866704e+03
6.037222879587048737e+03
6.155465830993101918e+03
6.277874335938322474e+03
6.092736677973989572e+03
6.248519202883182516e+03
6.152363481628672162e+03
6.232310409291586438e+03
5.531227624472144271e+03
6.085518560962165793e+03
6.207350693051078451e+03
6.011179459927670905e+03
6.185522108637695055e+03
6.288620098338338721e+03
6.087461366675255704e+03
6.057609093759196185e+03
6.193696683369315906e+03
6.176197921769677123e+03
6.329115744275747602e+03
6.128312420688424027e+03
6.317991228872033389e+03
6.114047743264694873e+03
6.270269240241870648e+03
6.250429957645344075e+03
6.298553716853149126e+03
6.066092710483331757e+03
6.125835318685355560e+03
6.257906896543321636e+03
6.300195116779157615e+03
6.022158352486570948e+03
6.122235311535875553e+03
6.285159655157109228e+03
5.962512348040150755e+03
6.314421800297857772e+03
6.097514917353415512e+03
5.920594815457126970e+03
6.213341908927179247e+03
6.059564117062349396e+03
6.098950658012478925e+03
6.270472855450461793e+03
6.326206041692174040e+03
6.051847715423071350e+03
5.822453448983451381e+03
6.304785205056414270e+03
5.531723765063518840e+03
6.341230069359483423e+03
5.936421872317787347e+03
6.284173387686843853e+03
6.261540335921042242e+03
6.277408375784962118e+03
6.132320380114733780e+03
6.287395316769951023e+03
6.092343393760388608e+03
6.334617630262417151e+03
5.978166446156836173e+03
5.990714324846869204e+03
5.992051238672148429e+03
6.293989878545693500e+03
6.017507799173505191e+03
6.171226091977705437e+03
6.193969800828523148e+03
6.054362102873261392e+03
6.058637328535651250e+03
6.172003191867674104e+03
6.321515935870328576e+03
5.854958396014100799e+03
6.231127782074147035e+03
6.248778891264625599e+03
6.083689147408693316e+03
6.145889114388012786e+03
6.107722626228058289e+03
6.002113316445220335e+03
5.997313698317680064e+03
6.100669081890197958e+03
6.150190619735070868e+03
6.132140794264201759e+03
6.343274895828694753e+03
6.149795476074766157e+03
6.124533124295942798e+03
6.280503959268855397e+03
6.336040240771489152e+03
5.774669748416272341e+03
6.279897490330399705e+03
6.055560812409326900e+03
6.089737343751869048e+03
6.282218658920201051e+03
6.039981887914410436e+03
6.291958431827617460e+03
6.279818288943706648e+03
6.260571349922223817e+03
6.024588464471166844e+03
6.283800206693199470e+03
6.332781168497396720e+03
6.353320801926384775e+03
6.279072650955002246e+03
6.342105007743820352e+03
6.051343013255796905e+03
6.103516711249279979e+03
6.165880285410265969e+03
6.289260025200685959e+03
6.213302571506405002e+03
6.317942669933693651e+03
6.265591222922481393e+03
5.756544076768266677e+03
6.117909581826835165e+03
6.187157034738254879e+03
6.125405199756429283e+03
6.321336256459439028e+03
5.947220348371865839e+03
6.092736677973989572e+03
6.071260866003320189e+03
6.265927704567468027e+03
6.253966339605784015e+03
6.195403481259612818e+03
6.346644580882746595e+03
6.345854127160457210e+03
5.597078652117079400e+03
6.048442880950925428e+03
6.265184793557958074e+03
5.999612856152193672e+03
6.271865158341122878e+03
6.041587392852876292e+03
6.330247976731821836e+03
6.231742647210957330e+03
6.271723189699237992e+03
5.890287437685648911e+03
6.160577309791515290e+03
6.137404680125906452e+03
6.033199955177820812e+03
6.227893135457372409e+03
5.971543225542560322e+03
6.262858740216667684e+03
5.956680887553314278e+03
6.039255217719628490e+03
6.336281742285431392e+03
6.273970614915695478e+03
6.060208249222509039e+03
6.323045060197755447e+03
6.311301772018314296e+03
6.295124420027132146e+03
6.088252580765639323e+03
6.312662475279617865e+03
6.333053316272521442e+03
6.140152267019829196e+03
6.221499714299798143e+03
5.945632793389602739e+03
5.689157949839775938e+03
6.253791156657780448e+03
5.789889080953112170e+03
5.464312105669010634e+03
6.339705577227119647e+03
6.006073079791942291e+03
6.208884044581127455e+03
6.352256996584085755e+03
5.451728402948719122e+03
6.091217892956761716e+03
6.074630855873259861e+03
5.870209075511596893e+03
5.812218477803879068e+03
6.337200890980358963e+03
6.352621295713453037e+03
6.351757586511389491e+03
6.134431002986725616e+03
6.247751851059957517e+03
5.382175568539252708e+03
6.223056160817829550e+03
6.085953356205633099e+03
6.027446391445034351e+03
6.335750366481588571e+03
6.270322685293534960e+03
6.273555763370592103e+03
6.194883097420451122e+03
6.299433337320988358e+03
6.164656987044894777e+03
6.116993332227086285e+03
5.817294887037093758e+03
6.160819159340446276e+03
6.161652341030701791e+03
6.334547836039606409e+03
6.183715999155010650e+03
6.337190499384760187e+03
6.307612437279925871e+03
6.300470578967407164e+03
6.151011378639319446e+03
6.279143798484949002e+03
5.985140829507964554e+03
6.291144153655070113e+03
6.204414666779059189e+03
6.353101364402313266e+03
6.052104972490822547e+03
6.062187626472534248e+03
6.148722076450540953e+03
5.826880244752372164e+03
6.349096533987425573e+03
5.809382682309517804e+03
6.212056170060686782e+03
6.193882148517297537e+03
6.175715559515267159e+03
6.179798743883287898e+03
6.123829104508857199e+03
6.187299386899170713e+03
6.159550469649946535e+03
6.346269594252758907e+03
6.304622787519637313e+03
6.302870722354885402e+03
6.340009377397320350e+03
6.242338803715456379e+03
6.160771966153835820e+03
6.350284159463092692e+03
6.317640062899587065e+03
5.633654590144637950e+03
6.002010715399570472e+03
6.106363178687693107e+03
6.342817423124070046e+03
6.239104007919475407e+03
6.137134060822766514e+03
6.310994728814291193e+03
5.956989627709752313e+03
6.314521491637917279e+03
5.954808890214442727e+03
5.985936793950973879e+03
5.996371999577881070e+03
6.062373011113968460e+03
6.232248265030868424e+03
5.975488635868111487e+03
6.153715555324361048e+03
5.859119603353397906e+03
5.706973723974273526e+03
6.175152101191621114e+03
6.341135611678596433e+03
6.142313791806423978e+03
5.988880819897707624e+03
6.334271550806100095e+03
6.299190353056192180e+03
6.276176926615393313e+03
6.080431406257974231e+03
6.220168334543814126e+03
6.085953356205633099e+03
6.247705627737821487e+03
5.998993995068869481e+03
6.288015896766637525e+03
6.261968233722329387e+03
6.101288003074074368e+03
6.305649859933641892e+03
6.327924232290462896e+03
6.132949812919041506e+03
6.265543010207959014e+03
6.337200890980358963e+03
5.729993483728746469e+03
6.136997194544311242e+03
6.334961164404875490e+03
5.976778523472530651e+03
5.937736116616721119e+03
6.159990848379412455e+03
6.323653768401813068e+03
5.757431482303861230e+03
6.207861206882806982e+03
5.665855016326629993e+03
6.226392652162267950e+03
6.186333873832127210e+03
6.058067345110063798e+03
6.117140057377778248e+03
6.146031362522127893e+03
6.048132544305250121e+03
6.286783559678003257e+03
6.145813786092403461e+03
6.187420516103852606e+03
6.063982434057524188e+03
6.224905510734864947e+03
6.157929370846545680e+03
6.240678748868600451e+03
6.266967948674525360e+03
6.308134422998442460e+03
6.181677197890767275e+03
6.342781553422069010e+03
6.326218969484154513e+03
6.337127213011670392e+03
6.329579326009178658e+03
5.947220348371865839e+03
6.005974859945798016e+03
6.044865672294547039e+03
5.585725042905991359e+03
6.333874275683507221e+03
6.280377856852140212e+03
6.275086737840492788e+03
6.329755131444760991e+03
6.277030369701671589e+03
6.287294407299003069e+03
6.307378649813312222e+03
6.325465763195108593e+03
6.252974469911089727e+03
5.874644276327774605e+03
6.307706026482508605e+03
6.048468727351305461e+03
6.213589947649044916e+03
5.622803910720904241e+03
6.172063082263277465e+03
6.266053501141630477e+03
6.209607483758210037e+03
6.184355953345986563e+03
6.338738344236787270e+03
6.236056645112905244e+03
6.339597967428679112e+03
6.184943367384826161e+03
5.982546660939275171e+03
6.309040771575278995e+03
6.251439821900694369e+03
6.332182821397716907e+03
6.108638370191423746e+03
6.274895611180153537e+03
6.320926890535787606e+03
6.303886975251709373e+03
5.831670596613692396e+03
6.179478040351969867e+03
6.311157879664525353e+03
6.195294107467033427e+03
6.313971616772025300e+03
6.145188733758337548e+03
6.299398415841134920e+03
6.180729146183557532e+03
6.235107324667596004e+03
6.285071492262441097e+03
6.264252129118942321e+03
6.160248324944045635e+03
6.231406592817137607e+03
6.341076414522431151e+03
5.767056550412357865e+03
6.226118543168447104e+03
6.292157956195839688e+03
6.195883675217141899e+03
6.185729611495655263e+03
6.120771172949251195e+03
6.257455986983039111e+03
6.324970106081882477e+03
6.284950146062365093e+03
6.248697269722904821e+03
6.042954576047723094e+03
6.301547204072980094e+03
6.138904357420051383e+03
6.007034585971760862e+03
6.225754524447662334e+03
5.992801925672821199e+03
6.217346642606442401e+03
6.136295552245233011e+03
5.803352035756920486e+03
6.316946146249729281e+03
6.302971279197327021e+03
5.810351272753267949e+03
5.868140259558269463e+03
6.122546003908751118e+03
6.240068483169691717e+03
5.789239749627558012e+03
5.675592938050357589e+03
6.298420041749309348e+03
6.162551791712865452e+03
6.294249216263393464e+03
6.189942641771023773e+03
5.786599075896825525e+03
6.290560802406675066e+03
6.224233802283309160e+03
6.303011575278034798e+03
6.065085538025834467e+03
6.225575124236023839e+03
6.244455480732872275e+03
6.313861310030724781e+03
6.149564719911393695e+03
6.271775571843749276e+03
6.226807541064037650e+03
6.246947982182849046e+03
6.145842336304918717e+03
6.250825373600728199e+03
6.339953303498652531e+03
6.344158048018840418e+03
5.811041356617986821e+03
6.270279952782026157e+03
6.233456873581926629e+03
6.081339131025328243e+03
6.347079781654689214e+03
6.039550407016447934e+03
5.957356016776810975e+03
6.127974441840226064e+03
6.337520431493334399e+03
5.692119316723717930e+03
6.289640059167283653e+03
6.040086039481917396e+03
5.945172215214563039e+03
6.264472292962986103e+03
6.075924289371434497e+03
5.913674893550087290e+03
6.132612805625126384e+03
6.312605311442974198e+03
6.349942889133180870e+03
6.078644930801722694e+03
5.939368576266090713e+03
6.035123291074613007e+03
6.090712097499648735e+03
6.279603986376987450e+03
6.060605589845783470e+03
6.173231696038203154e+03
6.092923927517496850e+03
6.338729689905995656e+03
6.010685196322681804e+03
6.252570598305355816e+03
6.283312474812357323e+03
6.302630527277142392e+03
6.254024381770177570e+03
6.262535243055805040e+03
6.178410949619323219e+03
6.353563139401001536e+03
6.349102895277998869e+03
6.139533527899079672e+03
6.119347949655084449e+03
6.281385615011396112e+03
6.209644197636265744e+03
6.108181605304065670e+03
6.351940166895340553e+03
6.206964865163895411e+03
6.284085505098408248e+03
6.298673299010601113e+03
6.219700815768092070e+03
6.249255281925918098e+03
6.059962349284754055e+03
5.746261858646487781e+03
6.069585694058304398e+03
6.257381413843848350e+03
6.251815704513253877e+03
6.342571607523452258e+03
6.185817821212494891e+03
6.151246892587210823e+03
6.134993776251890267e+03
6.015220251809691945e+03
5.943743462431228181e+03
5.828463621833704565e+03
6.197627999758345140e+03
5.911363155765107877e+03
6.010330911130404274e+03
6.203268813293336279e+03
6.261011174842808032e+03
6.291815928068963331e+03
6.216071005732895173e+03
6.107238764820591314e+03
6.070575903212409685e+03
6.312838976892103346e+03
5.991977872804172875e+03
5.972066299941847319e+03
5.915909157126130594e+03
6.344693708188259734e+03
6.328922101017707064e+03
6.170114670693133121e+03
6.175272237796622903e+03
6.253966339605784015e+03
5.943074159817711916e+03
6.122117821232849565e+03
6.207658512257343318e+03
6.303818979793217295e+03
5.633397850896453747e+03
5.715218631544712480e+03
6.292283767910551433e+03
6.321861999961407491e+03
6.163690393998591389e+03
6.134104866192754344e+03
6.261628346286946908e+03
5.811120164435830702e+03
6.242451410432779085e+03
6.322866790244290314e+03
6.008972297898357283e+03
6.015560634481867055e+03
6.170827186807804537e+03
6.263058352832314995e+03
6.185553772379880684e+03
6.182647941534833990e+03
6.070384832757976255e+03
6.345730633105640663e+03
6.338978317520967721e+03
6.300079760203944716e+03
6.275988021777582617e+03
6.264326925963048780e+03
6.052344087996998496e+03
6.053643839465278688e+03
5.812218477803879068e+03
6.212565735220296119e+03
6.062092497274033121e+03
6.339422386171197104e+03
6.152237484115062216e+03
6.153248006071596137e+03
5.960730782338530844e+03
6.334617630262417151e+03
5.867179014997496779e+03
6.193473729692329471e+03
6.002676612957080579e+03
6.284194247352546881e+03
6.273726424912754737e+03
6.311027016904708944e+03
6.248017161506476441e+03
5.685861935130606071e+03
5.822110357985295195e+03
6.198668394384707426e+03
6.127829665077174468e+03
6.335337697084489264e+03
5.828443520546505169e+03
6.168896285021399308e+03
5.877645272363590266e+03
5.433544547148629135e+03
6.287028501441060143e+03
6.209142316394831141e+03
6.173013241583687886e+03
6.264472292962986103e+03
6.267226996881992818e+03
5.966911971068944695e+03
6.306558315154055890e+03
6.211183883085346679e+03
6.304001021572111313e+03
6.228610136192140999e+03
6.323585366731314025e+03
6.286414419657353392e+03
5.766791721831180439e+03
6.138235680361692175e+03
6.113983496961876881e+03
5.706779863410827602e+03
6.226392652162267950e+03
6.338962218544731513e+03
5.861314350284421380e+03
6.188726492583057734e+03
6.052030910138427316e+03
6.269295482705551876e+03
6.267770059546692210e+03
6.325633379342430089e+03
5.406054080599080407e+03
6.136018301382579011e+03
5.933624314203853828e+03
6.081266889485592401e+03
6.195093361140939123e+03
6.075711520207319154e+03
6.153764461666405623e+03
6.325823370818159674e+03
6.317674327679240378e+03
5.841817444333116327e+03
6.293899541578343815e+03
6.195965957950105803e+03
6.309177204487118615e+03
5.990089457245783706e+03
6.219278967013211513e+03
6.241561426251447301e+03
6.335854834938359090e+03
6.313512145915063229e+03
6.298261739625089831e+03
6.154814619416205460e+03
6.102703714476878304e+03
6.250517720056306644e+03
6.239239941934815761e+03
6.353486543749737393e+03
6.058581982640618662e+03
5.933624314203853828e+03
6.303493660426965107e+03
6.220833286355631571e+03
5.913249137962005079e+03
6.230097457514430971e+03
6.305076992782378511e+03
6.240214247442026135e+03
6.285668881322532798e+03
6.271809775201061711e+03
6.277262015426746984e+03
6.341138284198099427e+03
6.213989057640716965e+03
6.250253674756446344e+03
6.265699682426419713e+03
6.251506901812379510e+03
6.236146361963839809e+03
6.140076781771670539e+03
5.902475712143404053e+03
6.279757719792476564e+03
6.162932940218141994e+03
6.154767960939680961e+03
5.736928399839902340e+03
6.195972478389666321e+03
6.326852728042436866e+03
6.236584419021004578e+03
6.018973486924345707e+03
6.330273692962720816e+03
6.125774129613254445e+03
6.109451297863893160e+03
6.046892205098145496e+03
6.291116827495637153e+03
6.143618373978380987e+03
5.738083019139976386e+03
6.316124755361105599e+03
6.033333558782720502e+03
6.321853134050981680e+03
5.925655715547960426e+03
6.118444857360975220e+03
6.300755123688386448e+03
6.241429485358968122e+03
6.233031831354835958e+03
6.091686004632852928e+03
6.336736460392854497e+03
5.611096772559179954e+03
6.160904305461386684e+03
6.279355538791794061e+03
6.224343524186397190e+03
5.986966293688781661e+03
6.137937972688579976e+03
5.974599598988848811e+03
6.268649664748772921e+03
6.319309132580505320e+03
5.809495856267312774e+03
6.265975557637300881e+03
6.128129044679233630e+03
6.347963214233468534e+03
6.192842968417169686e+03
6.328925464156674934e+03
6.293822989118958503e+03
6.211139685466078845e+03
6.149636603859404204e+03
6.206280228102110414e+03
6.307960756068790943e+03
6.222924765511693295e+03
5.528106467925355901e+03
6.327197143244371546e+03
5.691023754444560836e+03
6.301510967658933623e+03
6.351271895161589782e+03
6.134104866192754344e+03
6.102091144166469348e+03
6.113647295729516372e+03
5.948708682880919696e+03
6.006411787829338209e+03
6.324670510029419347e+03
5.950815418602902355e+03
6.347492660578874165e+03
6.295501811053198253e+03
6.080469059316490529e+03
6.302455124100644753e+03
6.192855877867705203e+03
5.950220601141145380e+03
5.857066671015221800e+03
6.172494174888151974e+03
6.274256821453577686e+03
6.079574904025116666e+03
6.167845355769311936e+03
6.236230731959806690e+03
6.191054012579566006e+03
6.269294304782556537e+03
6.062024821024236189e+03
6.134468547632533046e+03
6.338742078783619945e+03
6.173299714710729859e+03
6.281064946502629027e+03
6.308139163337798891e+03
6.118444857360975220e+03
6.344577414000510544e+03
6.242862340710737044e+03
6.319693789884719990e+03
6.095123114926378548e+03
6.213806322607364564e+03
6.030727697057178375e+03
6.233707687847622765e+03
6.300419945837789783e+03
6.287596469397230976e+03
6.145200233833975290e+03
5.795124947873040583e+03
5.642620771997238990e+03
6.308657935277928118e+03
6.292777626485771179e+03
6.346543130558484336e+03
6.311452504517551461e+03
6.042514418490740354e+03
6.342444796429667804e+03
6.224796711048596990e+03
5.634993681185718742e+03
6.208747518029036655e+03
6.100438709804007885e+03
6.298801872594822271e+03
6.052418326427753527e+03
6.327829131922711895e+03
6.172223691287361362e+03
5.951871432874661878e+03
6.232845824282348985e+03
6.229481752350773604e+03
6.288187624361441522e+03
6.143349278313608011e+03
6.124382468521798728e+03
6.328983304232937371e+03
6.349482598789310941e+03
6.171915759377366157e+03
5.994465969040154960e+03
6.106363178687693107e+03
6.334730623589789502e+03
6.026474303415965551e+03
5.966541990800786152e+03
5.998067725906127635e+03
6.110867186337957719e+03
6.170378202775144018e+03
6.145368321211067268e+03
5.877575158942267080e+03
6.237807742512371078e+03
6.317414610383859326e+03
5.878967731659573474e+03
6.220047051362401362e+03
6.041033831511500466e+03
6.237191973942766708e+03
6.299470274792160126e+03
6.220203175772283430e+03
6.092690108329733448e+03
6.245708667946719288e+03
6.309453790592593577e+03
6.313607517255813946e+03
6.159364407867917180e+03
6.326916813903209913e+03
6.219895740613862472e+03
6.010589001698104767e+03
5.949443516030876708e+03
6.031839072050512186e+03
6.042167108960798032e+03
6.152197826917432394e+03
6.338715608590731790e+03
5.844043874330784092e+03
6.343145877635389297e+03
6.213167073650085513e+03
5.943489184870619283e+03
6.014009214064253683e+03
6.007034585971760862e+03
6.054021202077174166e+03
6.323615557704251842e+03
5.933942580136787001e+03
6.311220386884085201e+03
6.204018903996287008e+03
6.259029900046405601e+03
6.168146909282493652e+03
6.103686741999206788e+03
6.255125265526003204e+03
6.275358707653369493e+03
6.202128720480293850e+03
6.329413677884885146e+03
5.906147110621408501e+03
6.259591320149473177e+03
6.284670311845968172e+03
6.268336343753393521e+03
6.272008986582201942e+03
6.214246714981573859e+03
5.871042942888255311e+03
6.151665347416067561e+03
6.101355618904731273e+03
5.941949871850990348e+03
5.928603069134978796e+03
6.319004899158493572e+03
6.310748568935408912e+03
6.272997004233790904e+03
5.891259195400568387e+03
6.322278745529474691e+03
6.219700815768092070e+03
6.092736677973989572e+03
6.326089975813551064e+03
6.248037204375781585e+03
6.164826860369466885e+03
6.179958803261668436e+03
6.107669034741426003e+03
6.105372026723701310e+03
6.328183138006535955e+03
6.350316390653397320e+03
5.954920477331363145e+03
6.252828990396455993e+03
6.076966920628066873e+03
6.293195912720646447e+03
6.197479622932485654e+03
6.195461532384984821e+03
6.319048049084503873e+03
6.160577309791515290e+03
5.707502643583098688e+03
6.081109183741037668e+03
6.294909527664526649e+03
6.135929963336440778e+03
5.965857908164120090e+03
5.702954149596373099e+03
6.289680688948867100e+03
6.248488951285782605e+03
5.881844333933156122e+03
6.132102271803560143e+03
5.934046443716530121e+03
6.109334330335128470e+03
6.143850675081535883e+03
6.092736677973989572e+03
6.055268289643517164e+03
6.094189494818421736e+03
6.147225973710137623e+03
6.164959924921698985e+03
6.244500981262063760e+03
6.317818442702538960e+03
6.256477067258524585e+03
6.132320380114733780e+03
6.348213613974469808e+03
6.262280857132054734e+03
6.338458827316206225e+03
6.179052927388469470e+03
6.110734057269318328e+03
6.193855093084768669e+03
6.256829899441469024e+03
6.292394548682970708e+03
5.928748850096030765e+03
6.201868723343235615e+03
6.062187626472534248e+03
6.283166451809755927e+03
5.896648863709920079e+03
6.169216416378097165e+03
5.975099383487586238e+03
6.050633226616797401e+03
6.072614265512685051e+03
6.332804266234772513e+03
6.195965957950105803e+03
6.103255489943745488e+03
6.105920620598617461e+03
6.242151088698423337e+03
5.599426876814362913e+03
6.045466560294406918e+03
6.288189407458583446e+03
6.199961932730480839e+03
5.787832285758490798e+03
6.083492753820450162e+03
6.278704975578833000e+03
6.144858798067347379e+03
6.166614887339441339e+03
6.305675643424379814e+03
6.350111087988605505e+03
6.276975272884632432e+03
6.022204602351362155e+03
6.080005228709124822e+03
6.160684316483818293e+03
6.319284913503266580e+03
6.190102113610104425e+03
6.353741166162324589e+03
5.924806422550407660e+03
6.337275628227072957e+03
6.241199600871447728e+03
5.717367543271666364e+03
5.814238869581317886e+03
6.098685998917488178e+03
6.152134975698111703e+03
6.265266278517016872e+03
6.018203517507776269e+03
5.893942324464502235e+03
6.092736677973989572e+03
6.330743587776789354e+03
6.309616992565452165e+03
6.239359822568581876e+03
6.261144555659385333e+03
6.139802622576336944e+03
6.029802563790912245e+03
6.257097483856294275e+03
5.788962782716857873e+03
6.240253487297059110e+03
6.314580120267439270e+03
6.276864850052112160e+03
6.256869155450693142e+03
6.204199466491654675e+03
5.956777867654637703e+03
6.324479472991804869e+03
5.844084374746144022e+03
6.264236705866005650e+03
5.774904934474903712e+03
6.287292421642747286e+03
6.297122773410662376e+03
5.918271626968746205e+03
6.306957696261240926e+03
6.170775058807399546e+03
6.353321839398695374e+03
6.339263091484846882e+03
6.092294856558918582e+03
6.317134366697378937e+03
5.453974869220330220e+03
6.271693355702066583e+03
5.786155737229309125e+03
6.274256821453577686e+03
6.086289734124627103e+03
6.135581599079337138e+03
6.317767183567049869e+03
5.928993338432426754e+03
6.302991012779295488e+03
6.326355914503461463e+03
6.014009214064253683e+03
6.011870270701912887e+03
6.204861431578136035e+03
5.975563095983784478e+03
6.226392399083698365e+03
6.251815704513253877e+03
6.069212447881583103e+03
6.017540881011480451e+03
6.223565670135490109e+03
6.254676714147097300e+03
