5.200149802245159663e+03
5.223834890090762201e+03
5.159931520799824284e+03
5.282057212677784264e+03
5.114251776290903763e+03
5.283399257319802928e+03
5.185735618036584128e+03
5.225934397358641945e+03
5.177078163791080442e+03
5.305473046147594687e+03
5.277744742745146141e+03
5.251537630479011568e+03
5.205812373069942623e+03
5.224912983956757671e+03
5.306077838446874011e+03
5.193267829699166214e+03
5.295055415497821741e+03
5.220896833332535607e+03
5.192292951210495630e+03
5.252540237784171950e+03
5.231120193944299899e+03
5.263927832911746918e+03
5.028981109639213173e+03
5.273388839894742887e+03
5.192950059322274683e+03
4.916388964989382657e+03
5.269890333162491515e+03
5.295466674264945141e+03
5.295664654778720433e+03
5.143945816315252159e+03
5.269541546649954398e+03
5.271121256696345881e+03
5.309351163138167067e+03
5.262284162091973485e+03
5.230656135570818151e+03
5.268354777657963496e+03
5.150972439199023938e+03
5.300461069783173116e+03
5.144089754424789135e+03
5.291510217496410405e+03
5.234814588121199449e+03
5.197554488849777954e+03
5.260276767501785798e+03
5.251534262358085471e+03
5.206218137486953310e+03
5.301459778942283265e+03
5.037617278155647000e+03
5.302342762594213127e+03
5.203468824155817856e+03
5.155157904367110859e+03
5.272076098220515632e+03
5.303418769540777248e+03
5.303089385765382758e+03
5.233683156944140137e+03
5.205812373069942623e+03
5.180722825034505149e+03
5.308347013100124968e+03
5.286207585766893317e+03
5.217594787703910697e+03
5.297101262119635066e+03
5.227501357811632261e+03
5.208074668082053904e+03
5.119868461480488804e+03
5.288802061387863432e+03
5.214106459158613688e+03
5.150357774628215338e+03
5.310838389880756949e+03
5.311884743854563567e+03
5.258728900541878829e+03
5.311149462562289045e+03
5.291594673847492231e+03
5.281621116201079531e+03
5.266032350392293665e+03
5.277651262542829500e+03
5.152126375311900119e+03
5.312307460389003609e+03
5.288276553753012195e+03
5.280710059833943887e+03
5.254896664954432708e+03
5.040095985581361674e+03
5.231107637627227632e+03
5.309160751958910623e+03
5.288439301849795811e+03
5.274458563742142360e+03
4.863213849468816989e+03
5.223937293026952830e+03
5.299501004903659123e+03
5.236250602621550570e+03
5.236165806395230902e+03
5.292448523034298887e+03
5.293592033449172959e+03
5.252419953271959457e+03
5.300021208861502600e+03
5.272076098220515632e+03
5.231356387831850952e+03
5.104468888920657264e+03
5.235518632388193510e+03
5.310167552419723506e+03
5.195368962457423549e+03
5.297082423618881876e+03
5.289993660489745707e+03
5.283095125864392685e+03
5.249034163864551374e+03
5.111771671197080650e+03
5.244224903389086649e+03
5.274908023668943315e+03
5.309330173884934084e+03
5.297996721458417596e+03
5.010425842975768319e+03
5.203495999044854216e+03
5.305031584206802108e+03
5.281183574838775712e+03
4.898629110061298888e+03
5.175567254738945849e+03
5.067810360128407410e+03
5.237989247733121374e+03
5.194027600439972957e+03
5.294770811723457882e+03
5.308155174501865986e+03
5.263280283641919596e+03
5.308244831918791533e+03
5.313093141837889561e+03
5.292380839704193932e+03
5.148639946239844903e+03
5.154372091969291432e+03
5.240772251525032516e+03
5.311819710673921691e+03
5.244233166190105294e+03
5.265781495166203058e+03
5.201988804251891452e+03
5.114675041625164340e+03
5.261171639346280244e+03
5.101316690306366581e+03
5.084385183315049289e+03
5.096171056468759161e+03
5.172026748316977319e+03
5.299512419816465808e+03
5.065972511572404983e+03
5.044563642066483226e+03
5.309406840072497289e+03
5.112262186763424324e+03
5.299554836039779730e+03
5.300349151936479757e+03
5.237528127499753282e+03
5.131273922328800836e+03
5.075281231869223120e+03
5.307908152020429043e+03
5.118388663029681993e+03
5.159392151641724922e+03
5.118414797280446692e+03
5.105420300840188247e+03
5.305679783650915851e+03
5.271782973123972624e+03
5.202354270056788664e+03
5.263040260978975311e+03
5.291538532210353878e+03
5.288540531741540690e+03
5.160757358049939285e+03
5.250254111133134757e+03
5.272155063152781622e+03
5.207851339247054057e+03
5.238284511359295720e+03
5.301762780578339516e+03
5.185380926326470217e+03
5.199019146687594912e+03
5.214532190826144870e+03
5.079957764761967155e+03
5.252419016318913236e+03
5.206737043821492989e+03
5.064511134017105178e+03
5.205800130713480939e+03
5.018384258731903174e+03
5.224434975884854794e+03
5.249776751436230370e+03
5.243601837720079857e+03
5.309202077692007151e+03
5.246183466011357268e+03
5.290810946979047912e+03
5.286649365492441575e+03
5.227211262949322190e+03
5.153466499762336753e+03
5.248171214889278417e+03
5.053232284841656110e+03
5.117750574785923163e+03
4.985348875935687829e+03
5.182594970232557898e+03
5.283068416568344219e+03
5.164746066935699673e+03
5.025969600344921673e+03
5.247936638254746867e+03
5.257891565128838920e+03
5.289540412480318992e+03
5.210817678939640246e+03
5.228727512325125645e+03
5.300587335361927217e+03
5.240532595089925962e+03
5.131386360115420757e+03
5.311149212777823777e+03
5.222993638814088627e+03
5.255389997416276856e+03
5.242438103771694841e+03
5.177980990216939972e+03
5.207572481321297346e+03
5.199107169801078271e+03
5.247958750263464026e+03
5.311838455268170037e+03
5.243644748345013795e+03
5.309285486197470163e+03
5.210645718517000205e+03
5.303972887438882935e+03
5.311668021678389778e+03
5.079935532966869687e+03
5.246387586447848662e+03
5.304397606906110013e+03
5.062916525329962496e+03
5.053180612082459447e+03
5.230544730445013556e+03
5.266419183282378981e+03
5.279561949745865604e+03
5.143108754478367700e+03
5.225482627620041967e+03
5.226797200749937474e+03
5.244029281196187185e+03
5.070942367954092333e+03
5.185380926326470217e+03
5.288414883773027213e+03
5.113982097397484722e+03
5.204825501902363612e+03
5.301336263418952512e+03
4.939182294565851407e+03
5.271898905582751468e+03
4.976173809038627041e+03
5.284718365800687934e+03
5.220648759177973261e+03
5.236167645815796277e+03
5.284783740563321771e+03
5.240772251525032516e+03
5.217531283736207115e+03
5.266045465471020179e+03
5.254575099267005498e+03
5.271429571866065089e+03
5.272707741191245987e+03
5.286063868711726172e+03
5.246513421801014374e+03
5.268098161744064782e+03
5.260843719951929415e+03
5.246187593320500127e+03
5.278645259287379304e+03
5.187820493286535566e+03
5.215165573745593065e+03
5.266686247846038896e+03
5.109275999202052844e+03
5.100889622938312641e+03
5.247980141232379538e+03
5.204730477567078196e+03
5.249635017552453064e+03
5.242352622748585418e+03
5.313108009568464695e+03
5.212763781017685687e+03
5.216026585805750074e+03
5.089596021042963912e+03
5.000573063929616183e+03
5.273863974858210895e+03
5.113383713580493350e+03
5.283722503372592655e+03
5.266224869055813542e+03
5.258882575123180686e+03
5.284955973392956366e+03
5.283593627360174651e+03
5.308116779969111121e+03
5.266802391182387510e+03
5.153542409836627485e+03
5.297649725707115977e+03
5.142090785654971114e+03
5.244036894345645123e+03
5.261935968974285061e+03
5.116499222532606836e+03
5.297959250231334408e+03
5.300293888362150028e+03
5.244258815348349344e+03
5.280992015886945410e+03
5.100889622938312641e+03
5.154674761263058826e+03
5.289504532630093308e+03
5.043281264455782548e+03
5.221415654337833985e+03
5.266944645753272198e+03
5.289086306248256733e+03
5.225115226186385371e+03
5.078423566361505436e+03
5.120978658787595123e+03
5.203046125167878017e+03
5.251894533045086064e+03
5.303613007366926468e+03
5.224935634297375145e+03
5.114806510833202992e+03
5.180839053507075732e+03
5.266274744338481469e+03
5.214842102248051560e+03
5.270979700862011669e+03
5.115126148213528722e+03
5.297053930972072521e+03
5.266610487479552830e+03
5.244455500106932959e+03
5.130391070822648544e+03
5.238545251827359607e+03
5.289240435808602342e+03
5.231012465784619053e+03
5.117148798827237442e+03
5.090823907771953600e+03
5.234180922950790773e+03
5.312421495387683535e+03
5.283808922750604324e+03
5.211974727974492453e+03
5.197554488849777954e+03
5.254843359690108628e+03
5.292469949049032948e+03
5.281809575148475233e+03
5.115014000184163706e+03
4.958826001171490134e+03
5.258923981175586050e+03
5.236522253625049416e+03
5.134907102341483551e+03
5.258851452510436502e+03
5.158816985391640628e+03
5.304919853408872768e+03
5.227656978012166292e+03
5.233485052705867020e+03
5.271929907664001803e+03
5.296431150896112740e+03
5.191803184491259344e+03
5.295851152529676256e+03
5.152516589504233707e+03
5.218140380755035039e+03
5.232457417014435123e+03
5.301714757643885605e+03
5.202629455129632333e+03
5.250572209057377222e+03
5.202533446145744165e+03
5.304149031309509155e+03
5.306089329135920707e+03
5.267051803078224111e+03
5.305643913257585154e+03
5.176309442967425639e+03
5.164571815588567915e+03
5.305473046147594687e+03
5.161282264293031403e+03
5.169123358222917886e+03
5.294452851251307948e+03
5.278653087102931750e+03
5.269405597018771005e+03
5.309243225556203470e+03
5.288195806427339448e+03
5.299838774085182195e+03
5.291222332650878343e+03
5.237568132189124299e+03
5.278960612687847970e+03
5.055153162202528620e+03
5.282724965925713150e+03
5.270075876346769292e+03
5.292178597144855303e+03
5.216894556826691769e+03
5.310869780597347926e+03
5.075567780212608341e+03
5.212543615203338049e+03
4.846081521484549739e+03
5.296479058836511285e+03
5.218566279590169870e+03
5.303011016210981325e+03
5.215444630931900065e+03
5.210597524531835006e+03
5.109823030881659179e+03
5.165708518595883106e+03
5.255806887934426413e+03
5.174135843059075341e+03
5.165415441662285048e+03
5.210641500336289027e+03
5.048006703154220304e+03
5.305462677494426316e+03
5.279984583111603570e+03
5.120237210819712345e+03
5.282162442031089086e+03
5.186224140287155024e+03
5.289847662023003068e+03
5.293252123275860868e+03
5.183035173123371351e+03
5.299329711305112141e+03
5.220778178627158923e+03
5.303342627483994875e+03
5.205680502476991933e+03
5.277825875767999605e+03
5.238739515785196090e+03
5.241536585932779417e+03
5.232044783755563913e+03
5.115869124804350577e+03
5.209281251489090209e+03
5.172843251615126974e+03
5.185364462188142170e+03
5.259653457045938922e+03
5.308555428298952393e+03
4.861862339657563098e+03
5.280502656106167706e+03
5.278875326665325701e+03
5.290722165208475417e+03
5.188200215893283712e+03
5.206247989566794786e+03
5.116318970287373304e+03
5.259607030540437336e+03
5.183835433946265766e+03
5.052223174720697898e+03
5.065077289796583500e+03
5.269790884818623454e+03
5.272824708791719786e+03
5.141983937153298029e+03
5.183987938617591681e+03
5.286312216390600952e+03
5.092840144974928080e+03
5.275641313180513862e+03
5.069394728232451598e+03
5.269727653891088266e+03
5.228214893897576985e+03
5.221674327510480907e+03
5.299432933614249123e+03
5.282072882611979367e+03
5.302879394075946038e+03
5.230424427915515480e+03
5.220262194480534163e+03
5.079588463894133383e+03
5.114359438851271079e+03
5.277461458085808772e+03
5.270008023995318581e+03
5.221364792296537416e+03
5.253420217273914204e+03
5.254155992742180388e+03
5.236514517303789034e+03
5.186224140287155024e+03
5.258321635025550677e+03
5.234466303534702092e+03
5.255910113314888804e+03
5.282771512200110919e+03
5.136648244068797794e+03
5.215124118041696420e+03
5.238287494484256058e+03
5.236932944585958467e+03
5.242054234304998317e+03
5.113272267479110269e+03
5.210947222622364279e+03
5.219329164528685396e+03
5.312061460741076189e+03
5.290418940003582975e+03
5.254024606346793007e+03
5.299311856539961809e+03
5.226011853704592795e+03
5.121498405263339009e+03
5.230250289390026410e+03
5.041205307940110288e+03
5.301380226140568993e+03
5.119292705039891189e+03
5.305694039005979903e+03
5.275076203156088013e+03
5.220364227202016082e+03
5.308910921804717873e+03
4.917644531161338818e+03
5.170614637556410344e+03
5.251767325634195004e+03
5.148674902346083400e+03
5.162564293879177967e+03
5.234916650311270132e+03
5.280793898008079850e+03
5.291518030782656751e+03
5.177052204965691999e+03
5.215253488889574328e+03
5.136871921028530778e+03
5.223432726844706849e+03
4.965814913758058537e+03
5.310226882733342791e+03
5.237989247733121374e+03
5.294962143516303513e+03
5.281927358315108904e+03
5.160978379230681639e+03
5.305400293216998762e+03
5.138989775575364547e+03
5.279529653094923560e+03
5.046837547457037545e+03
5.312184749123865913e+03
5.278452806409188270e+03
5.177563384836734258e+03
5.299710474834491833e+03
5.294972137808355910e+03
5.293344487812108127e+03
5.017350588539781711e+03
5.252169153796739920e+03
5.203046125167878017e+03
5.142924566672115361e+03
5.309883211808097258e+03
5.245165547825441536e+03
5.236299590234988500e+03
5.308739442613259598e+03
5.192292951210495630e+03
5.190416039178635401e+03
5.174646735697758231e+03
5.248171214889278417e+03
5.230467510724653948e+03
5.301391961012646789e+03
5.150365993758016884e+03
5.259452220817425768e+03
5.116041403150728911e+03
5.208050793825154869e+03
5.267966012810601569e+03
5.312097961781957565e+03
5.102964851448617992e+03
5.284630347019850888e+03
5.309406840072497289e+03
5.300351759457846128e+03
5.288090643951594757e+03
5.179366922211032943e+03
5.216077143646381046e+03
5.155709598726891272e+03
5.275612611521874896e+03
5.302023665580837587e+03
5.277031503197387792e+03
5.295048719709253419e+03
5.295265988618853953e+03
5.194759001886783153e+03
5.188296652010248181e+03
5.241942386266980975e+03
5.094103396886676819e+03
5.110178562812036034e+03
5.255389997416276856e+03
5.271543919604437178e+03
5.306728421969144620e+03
5.290644328726056301e+03
5.242590331030058223e+03
5.149208055951907227e+03
5.257985873810363046e+03
5.129575145214127588e+03
5.165734499200058963e+03
5.263817726177619988e+03
5.267085685392664345e+03
5.209068909060502847e+03
5.156533974757727265e+03
5.233012331782902038e+03
5.096665456011227434e+03
5.129882304252107133e+03
5.180107342654220702e+03
5.131666436463275204e+03
5.221031357723951260e+03
5.224356257583423030e+03
5.289356959051092417e+03
5.296938810151783400e+03
5.200916535233749528e+03
5.164774582148200352e+03
5.136272809147092630e+03
5.306058833851482632e+03
5.103696153331072310e+03
5.247289230088786098e+03
5.304827022766740811e+03
5.148817890011407144e+03
5.281927358315108904e+03
5.237436819093332815e+03
5.270304746386493207e+03
5.153303374441444248e+03
5.152585962712066248e+03
5.202743357210805698e+03
4.948784814542535059e+03
5.299942501504874599e+03
5.265837559523948585e+03
5.144596578642054737e+03
4.885248541057865623e+03
5.147592718330117350e+03
5.307308676042224761e+03
5.231535283175981021e+03
5.275948513374906724e+03
5.132377346360190131e+03
5.225041489447959975e+03
5.302432282983996629e+03
5.231996285826113308e+03
5.253310179020560099e+03
4.941134471768869844e+03
5.234794880938728966e+03
5.242086687799755964e+03
5.300994339310022951e+03
5.309844512339128414e+03
5.298730699994564020e+03
5.135309673202951672e+03
5.265444249384403520e+03
5.256205500734733505e+03
5.312231692801001373e+03
5.268210395802467247e+03
5.195535599768561951e+03
5.299175386411262480e+03
5.311270542059175568e+03
5.187515990610680092e+03
5.297315401573906456e+03
5.234655413234581829e+03
5.241436200685328004e+03
5.272614235342096435e+03
5.231111692429563846e+03
5.282677917806845471e+03
5.250169519919907543e+03
5.211562239623683126e+03
5.234527221270200243e+03
5.289076674292529788e+03
5.111309137366161849e+03
5.248587657337877317e+03
5.130391070822648544e+03
5.203265607035764333e+03
5.310948161723525118e+03
5.253647059921588152e+03
5.266851521562934067e+03
5.276451962361104961e+03
5.209200417426176500e+03
5.233012331782902038e+03
5.169160063838333372e+03
5.050132271875926563e+03
5.203797560852992319e+03
5.269443062891840782e+03
5.241566667776176473e+03
5.161432902272004867e+03
5.137327520705890493e+03
5.211387759118999384e+03
5.221730168618174503e+03
5.312429745012168496e+03
5.284534117421584597e+03
5.285051227835927421e+03
5.290277730008262552e+03
5.169753726167838977e+03
5.307743399461454828e+03
5.162674568758364330e+03
5.278207930422052414e+03
5.210817678939640246e+03
5.141398284096145289e+03
4.873563094890307184e+03
5.248879002758202660e+03
5.307269729701280085e+03
5.311322314190296311e+03
5.233746901742339105e+03
5.253698402690268267e+03
5.288940436290752587e+03
5.271352655885005333e+03
5.198229109984121351e+03
5.041133576591631936e+03
5.292391306185134454e+03
5.142406978151095245e+03
5.052127460439822244e+03
5.281000245084214839e+03
5.303464884061897465e+03
5.269110533708122603e+03
5.232557615319775323e+03
5.244143725035643001e+03
5.294989213657192522e+03
5.008500301763521747e+03
5.034035158980918823e+03
4.962519629889867247e+03
5.305473046147594687e+03
4.792567496686717277e+03
5.255753221806244255e+03
5.278588141387137512e+03
5.205627692411690077e+03
5.139989302375756779e+03
5.223362884656406095e+03
5.251831201599570704e+03
5.312290491983800166e+03
5.289086306248256733e+03
5.246387586447848662e+03
5.268074045934386959e+03
5.219830886942451798e+03
5.237181354998790084e+03
5.068207748431850632e+03
5.020902232830427238e+03
5.304024607295526039e+03
5.254284613879346580e+03
5.282294741488327418e+03
5.227062415320638138e+03
5.243882832868428522e+03
5.293695106386490806e+03
5.301688066684574551e+03
5.181381057238853828e+03
5.239576155418834787e+03
5.302973402534771594e+03
5.242429702524270397e+03
5.029350665036516148e+03
5.287076503917655828e+03
5.189657446018409246e+03
5.216079427979180764e+03
5.220294314736516753e+03
5.293658364762335623e+03
5.212445702180104490e+03
5.292097371569156167e+03
5.117662014962421381e+03
5.129207323725918286e+03
5.280985261908826942e+03
5.197853801236700747e+03
5.303641817309120597e+03
5.187825136500299777e+03
5.192289126842093538e+03
5.292034644688843400e+03
5.299118230072697770e+03
5.225705855299725044e+03
5.259422466441856159e+03
5.283209814679148622e+03
5.268959651546812893e+03
4.967359065140542953e+03
5.293058387969034811e+03
5.145852243715929944e+03
5.273934320120959455e+03
5.307608891332896746e+03
5.297214205610453064e+03
5.310606971521607193e+03
5.312361353892938496e+03
5.238120272934247623e+03
5.043906988482283850e+03
5.222046463465951092e+03
5.286539999402462854e+03
5.156980141818310585e+03
5.202950194503568127e+03
5.262255532623836189e+03
5.302348438385171903e+03
5.236200193829448835e+03
5.206435903896082891e+03
5.116525010470567395e+03
5.230014954589882109e+03
5.212497653430561513e+03
5.288107370058974993e+03
5.228722570214065854e+03
5.247955831318426135e+03
5.125922695465097604e+03
5.101397863971204060e+03
5.310023605604537806e+03
5.180863876944258664e+03
5.178462972746727246e+03
5.290968103598826929e+03
5.224713612581705092e+03
5.270436302950397476e+03
5.296329810517820079e+03
5.131989634673388537e+03
5.230551987289805766e+03
5.293028314128529018e+03
5.250356204888117645e+03
5.063837634296035503e+03
5.207750492188055432e+03
5.188778760964396497e+03
5.197336608927743328e+03
5.288552835738048088e+03
5.241593924780658199e+03
5.255720344319981450e+03
5.251784866721478465e+03
5.285237082212031055e+03
5.153568309575786770e+03
5.222010362583701863e+03
4.912456713526649764e+03
5.252973245525499806e+03
5.261577476999648752e+03
5.281362942421047592e+03
4.937156690945980699e+03
5.304801076486418424e+03
5.274202978916446227e+03
5.278506673040797978e+03
5.308957532315764183e+03
5.185989748339015932e+03
5.293125574243606934e+03
5.196851680513953397e+03
5.276494583773372142e+03
5.295376627655510674e+03
5.298812952550062619e+03
5.103921419115604294e+03
5.181652049997885115e+03
5.000758459418613711e+03
5.312733484458184648e+03
5.168300402278969159e+03
5.259265961523159604e+03
5.064113245706598718e+03
4.873241087703407175e+03
5.280519467394933599e+03
5.018016543750137316e+03
5.126273029237760056e+03
5.225269722458031538e+03
4.914048991554467648e+03
5.293815976551147287e+03
5.141377384003921179e+03
5.273978018059542592e+03
5.101969655742015675e+03
5.308421325871540830e+03
5.081473898248235855e+03
5.278996225335656163e+03
5.268499138719897928e+03
5.300293888362150028e+03
5.268248823929892751e+03
5.266241034337201199e+03
5.199653351527236737e+03
4.919644481088433167e+03
5.275381362404168613e+03
5.244745492215902232e+03
5.256316428116841053e+03
5.288991769526852295e+03
5.298357138357089752e+03
5.251391736671465878e+03
5.228131201245416378e+03
5.299874152581782255e+03
5.042648904674648293e+03
4.947126505819142949e+03
5.258907138674314410e+03
5.245189778041616592e+03
5.187891391302525335e+03
5.284619545789133554e+03
5.244669313484591839e+03
5.310389482983264315e+03
5.229631734803021573e+03
5.249557391136400838e+03
5.254638652313258717e+03
5.048999608110960253e+03
5.255547038980848811e+03
5.310772601145348744e+03
5.296209936500503318e+03
5.253921561441693484e+03
5.173724096879010176e+03
5.252116058365438221e+03
5.212113149266056098e+03
5.232994776291472590e+03
5.066189074593575242e+03
5.292974354137550108e+03
5.310634955439656551e+03
5.185777916354362787e+03
5.287063972309786550e+03
5.274311648558521483e+03
5.180449205700160746e+03
5.216841292120702747e+03
5.213272118841641714e+03
5.309351163138167067e+03
5.165959476225283652e+03
5.123283035667855984e+03
5.229054166671652638e+03
4.881382309907234230e+03
4.858082314197218693e+03
4.911555011628761349e+03
5.300303354565950031e+03
5.270960821191652940e+03
5.257801000513441977e+03
5.072674198969896679e+03
5.204465055853466765e+03
5.241320730143501351e+03
5.308475805601950924e+03
5.101316690306366581e+03
5.245000560387421501e+03
5.156533974757727265e+03
5.169261362559886038e+03
5.282899835601416271e+03
5.107779453792571985e+03
5.306265612827004588e+03
5.217934844476196304e+03
5.220019833031567032e+03
5.097350266800982354e+03
5.292379912235187476e+03
5.219203074150653265e+03
5.241138429737311526e+03
5.159712798316995759e+03
5.277129793972590960e+03
5.308433119595541029e+03
5.246602103297900612e+03
5.081367818100341538e+03
5.257906629350675757e+03
5.118430347130576592e+03
5.071852943137118928e+03
5.307188824056298472e+03
5.247347207247545157e+03
5.287580199367530440e+03
5.220403205652018187e+03
5.275640982196338882e+03
5.268934147824683350e+03
5.163015227410689477e+03
5.244555906592615429e+03
5.132256344335528411e+03
4.897092961155745797e+03
5.016381485601772511e+03
5.253921561441693484e+03
5.086345897475965103e+03
5.254059834752771167e+03
5.242805635002847339e+03
5.308892223652130269e+03
5.284283066925388994e+03
5.290476539877108735e+03
5.231658608878065934e+03
5.022257573031505672e+03
5.232826908218004974e+03
5.202855077004320265e+03
5.245205220285409268e+03
5.290137992682883123e+03
5.288428400608850097e+03
5.247102764282259159e+03
4.909762668082758864e+03
5.147328054979327135e+03
5.294274477382728037e+03
5.154603698504792192e+03
5.272284089606116140e+03
5.280881158952027363e+03
5.305279784313838718e+03
5.007002865569409551e+03
5.100263235862827969e+03
5.030019021686774067e+03
5.220402625170576357e+03
5.311337866079500600e+03
5.235862411334808712e+03
5.198155100167170531e+03
5.260881052640987036e+03
5.201493146211474595e+03
5.311982958056304597e+03
5.107772495434448501e+03
5.218689738717114778e+03
5.284763795460776237e+03
5.252693401963111683e+03
5.196294798168208217e+03
5.097500918613803151e+03
5.256966460640354853e+03
5.283166212328112124e+03
5.300041796996659286e+03
5.277902356175018213e+03
5.170682145762036271e+03
5.188784157198660978e+03
5.296145411202443938e+03
5.247671718647270609e+03
5.291400943852922865e+03
5.242110415938440383e+03
5.172152520781763997e+03
5.038930075713526094e+03
5.229985883181789177e+03
5.291863974345409588e+03
5.301112352560816362e+03
5.257024714490246879e+03
5.310792859204319029e+03
5.167331834773896844e+03
5.304746802077836037e+03
5.195075175644084993e+03
5.277548201026963397e+03
5.195083296433358555e+03
5.244030882987179211e+03
5.173548622948338561e+03
5.282300140571928750e+03
5.211600268691141537e+03
5.052719245314561704e+03
5.235382021513566542e+03
5.155827192666230076e+03
5.258456295927540850e+03
5.186567688048961827e+03
4.935290958621055324e+03
5.304847495494605027e+03
4.993238612261366143e+03
5.273865993989475101e+03
5.313367970978374615e+03
5.226729412354429769e+03
5.298666967227745772e+03
5.254459430567534582e+03
5.232577170672752800e+03
5.244085229008979695e+03
5.105397687825716275e+03
5.312012550672420730e+03
5.203335146685447398e+03
5.123868231174483299e+03
5.110495427392947022e+03
5.240478150747799191e+03
5.246503655558592072e+03
5.244555906592615429e+03
5.052120370637547239e+03
5.155802054387815588e+03
4.912398387004531287e+03
5.111436871740449533e+03
5.287334107150774798e+03
5.286563724412926604e+03
5.298944039160734974e+03
5.229378106495323664e+03
5.248879002758202660e+03
5.232304662737813487e+03
5.274006489152092399e+03
5.232424531723880136e+03
5.145416356855814229e+03
5.206013957540699266e+03
5.169268264458759404e+03
5.312341683054440182e+03
5.272445638913263792e+03
5.279337321179664286e+03
5.219418874009244973e+03
5.274936649898340875e+03
5.279227576151248286e+03
5.185780345455298630e+03
5.196362741929490767e+03
5.185736083290807073e+03
5.285453657377634045e+03
5.292915770427414827e+03
5.306450947648588226e+03
5.295646917035252955e+03
5.241299880713811945e+03
5.144949488970751190e+03
5.278333838464276596e+03
5.274695092682974973e+03
5.236036495352005659e+03
5.056433984515191696e+03
5.301695022462230554e+03
5.309670633978187652e+03
5.177906690073403297e+03
5.275705950351239153e+03
5.161488709419114457e+03
