1.278655505721404916e+04
1.283662678089271321e+04
1.297502624472716161e+04
1.296281372476106117e+04
1.220071986243757055e+04
1.258047234929716433e+04
1.167587832751071983e+04
1.259738687320994541e+04
1.224053981745473357e+04
1.290802508261763069e+04
1.187406809444660757e+04
1.318903302114862890e+04
1.227902357381850379e+04
1.056369550458732738e+04
1.275976402448581030e+04
1.237244428566846182e+04
9.463163145010648805e+03
1.287156867068770589e+04
1.282872365585820080e+04
1.176458561576389002e+04
1.312612140477300272e+04
1.184169705099859493e+04
1.207296898822729963e+04
1.260802103147675734e+04
1.296268861552493763e+04
1.227002470682268540e+04
1.239585337449723738e+04
1.220243938643568254e+04
1.311981479071200010e+04
1.188624757507910545e+04
1.262829959340494861e+04
1.100035784907491325e+04
1.309021945115982271e+04
1.311136666753428290e+04
1.318715850294236952e+04
1.308666229839805965e+04
1.259710044979404483e+04
1.311090622644922405e+04
1.264756851408786133e+04
1.258548361134128209e+04
1.312620688412208619e+04
1.274075894835721556e+04
1.116712790576943371e+04
1.319260750589353847e+04
1.202203161631103285e+04
1.096179308094659427e+04
1.314254111258615376e+04
1.100401670425411430e+04
1.313098238061680604e+04
1.004013310776179787e+04
1.209237224812456770e+04
1.237024376165586727e+04
1.192537807984124265e+04
1.261156848124775206e+04
1.279239334162337036e+04
1.294268289268726949e+04
1.289191252308892035e+04
1.223857096141301372e+04
1.270429188534643436e+04
1.284250834661811314e+04
1.113533930483475524e+04
1.293494045397959053e+04
1.112990449864739094e+04
1.251522011740602102e+04
1.287877093318908737e+04
1.227474784804901537e+04
1.126490189064371771e+04
1.305264155463777934e+04
1.260012698054805878e+04
1.286178965158035498e+04
1.218779478366616968e+04
1.150240834312238439e+04
1.097533422830197742e+04
1.240071195546040326e+04
1.199101770600945747e+04
1.306375776770314405e+04
1.292368784694203532e+04
1.319369123730287538e+04
1.250783648400861784e+04
1.212652621775145963e+04
1.293443798753088049e+04
1.121429722029076402e+04
1.297566295190479286e+04
1.275697882498043691e+04
1.261656817550358755e+04
1.276374054158475701e+04
1.305949876379027774e+04
1.198421209299539260e+04
1.321618449189531020e+04
1.281729023822458475e+04
1.238100768292968678e+04
1.136939475346858671e+04
1.291605432511018080e+04
1.271390302400613655e+04
1.112911726829844156e+04
1.308411797619793651e+04
1.298612367280962826e+04
1.181950666949997685e+04
1.315811184650310315e+04
1.311702233044732566e+04
1.260231582080803128e+04
1.217244668931403794e+04
1.316695164782947722e+04
1.320870601642308975e+04
1.230556656437070524e+04
1.312169126429926655e+04
1.160698638837364706e+04
1.266191192753116775e+04
1.105055667175571944e+04
1.289526468147123160e+04
1.306503881832786828e+04
1.252582038131514128e+04
1.185619224969141214e+04
1.304974641074710598e+04
1.077484974750122637e+04
1.308360531615911350e+04
1.121709788552948521e+04
1.285504148354426070e+04
1.143681880601278317e+04
1.307338555818770328e+04
1.282997691674392991e+04
1.179423775728176406e+04
1.114776272412005892e+04
1.306579510665157432e+04
1.306230969871988236e+04
1.307083939817413557e+04
1.269908885014480074e+04
1.151935802053890438e+04
1.193782123797652093e+04
1.231309552075928514e+04
1.306392875951479800e+04
1.309278892448531951e+04
1.074857563899334673e+04
1.237152812195409206e+04
1.156818399412315193e+04
1.261201482818985824e+04
1.256976134610420559e+04
1.311489459963161789e+04
1.317535242765222938e+04
1.288507667773498906e+04
1.174452145140858556e+04
1.306950828164531413e+04
1.224152322436166287e+04
1.319730251354707252e+04
1.299959375497443216e+04
1.317505766016472808e+04
1.308670394220263188e+04
1.306693385426518398e+04
1.261454871469893442e+04
1.313066492127629681e+04
1.316086495972778175e+04
1.260203720964047170e+04
1.312153117160385045e+04
1.243152015184053744e+04
1.280759446868489431e+04
1.270257529590925515e+04
1.279330228855346468e+04
1.284250834661811314e+04
1.154803097881315625e+04
1.273977383527234633e+04
1.262374871053439347e+04
1.244322217718144566e+04
1.302575178457774382e+04
1.249191148971571238e+04
1.298734862777421586e+04
1.311818273698426856e+04
1.255446463511529328e+04
1.162516578125390879e+04
1.189711216689892535e+04
1.156919764717222824e+04
1.265500451842736948e+04
1.298980708025452259e+04
1.183466188446919114e+04
1.262413682606469592e+04
1.252056568030581002e+04
1.063605852790804784e+04
1.304462691786481810e+04
1.269535816129712839e+04
1.301346844034766400e+04
1.303603896149349202e+04
1.312994854776919965e+04
1.286912954798257852e+04
1.314296810533643475e+04
1.302741022990257079e+04
1.315807173563306424e+04
1.317470915337121914e+04
1.261253154837740112e+04
1.069583485195866524e+04
1.287800673681092667e+04
1.311966624679386223e+04
1.203976085847039030e+04
1.292923990718869027e+04
1.303071346305662883e+04
1.110175119293358148e+04
1.317104944665120820e+04
1.273973027513891611e+04
9.040976006279681314e+03
1.294899658340911265e+04
1.314091131854267951e+04
1.100038184839675887e+04
1.270928545444229894e+04
1.282304283858568670e+04
1.285104299529095078e+04
1.221506461197287535e+04
1.243436211991584969e+04
1.141284923667608746e+04
1.284250834661811314e+04
1.205510728278957868e+04
1.239363790471792890e+04
1.314044019348998336e+04
1.111856799578085156e+04
1.268923511246449198e+04
1.268052770864412742e+04
1.175201008998981342e+04
1.312727363075298126e+04
1.197654669630637545e+04
1.255511242065323859e+04
1.272381273253479230e+04
1.317139970439660283e+04
1.191222235940659084e+04
1.307755801875036923e+04
1.244020960870150157e+04
1.248033555531905222e+04
1.249977104485622840e+04
1.286829293289989255e+04
1.203317624903487012e+04
1.272811431049364182e+04
1.148195756673312462e+04
1.193182408047142781e+04
1.206797331847491660e+04
1.245340612731193505e+04
1.319340754382053274e+04
1.266345364181617151e+04
1.294073646530232327e+04
1.192130379103071755e+04
1.088948250146474857e+04
1.308666229839805965e+04
1.289140642466914505e+04
1.206231398650744086e+04
1.287697279226997125e+04
1.134779456989634127e+04
1.304587117889367801e+04
1.212450878206580273e+04
1.265018240689539743e+04
1.163407608793178588e+04
1.313267151689941056e+04
1.262173535238672957e+04
1.303999578864768773e+04
1.317537303832798716e+04
1.233833983441946839e+04
1.171361235142321675e+04
1.249623581322163409e+04
1.311136666753428290e+04
1.182645036325638648e+04
1.301234225461428287e+04
1.312125274921639357e+04
1.252261080870944352e+04
1.300277859961493232e+04
1.297830413959483849e+04
1.313594902819591516e+04
1.280152058146014861e+04
1.316400594903172532e+04
1.091277414974427302e+04
1.266898460537054052e+04
1.165792927903576492e+04
1.275516910968950833e+04
1.232114671550487219e+04
1.258248577544833825e+04
1.283714359267640975e+04
1.283044172126967169e+04
1.066013870542502809e+04
1.057660096095432527e+04
1.292965701719523349e+04
1.145424358085052154e+04
1.320697971897311436e+04
1.299600807543223709e+04
1.214600662160031243e+04
1.297065782761052469e+04
1.315962998254656486e+04
1.297074147249194721e+04
1.238474096378110698e+04
1.224105818182897201e+04
1.144562634492062352e+04
1.246737180866267954e+04
1.302232398250902770e+04
1.305575913776673224e+04
1.272700234572093905e+04
1.313229985973605108e+04
1.193720832148162299e+04
1.191361790758692769e+04
1.099262337369363740e+04
1.304880007839981772e+04
1.241686869491791185e+04
1.319340754382053274e+04
1.312106161577840976e+04
1.156279428357150755e+04
1.217608704032133028e+04
1.306344627967068118e+04
1.111559545889774745e+04
1.145299841289427786e+04
1.230113158942674636e+04
1.268966976198092743e+04
1.296821408304799115e+04
1.302227894848623328e+04
1.130041700803877757e+04
1.306509852887281522e+04
1.309745108745530888e+04
1.176775110629154005e+04
1.203739640163329386e+04
1.288324823854306669e+04
1.271882049785136041e+04
1.304264119854976343e+04
1.159330253727518721e+04
1.250834217530885508e+04
1.242457172380163320e+04
1.298698829879348705e+04
1.116516461760755737e+04
1.298482981733516863e+04
1.211566218845429466e+04
1.299855095033700491e+04
1.310261214417027441e+04
1.299609821220123376e+04
1.262811769904028188e+04
1.275895837916028904e+04
1.321175245050745252e+04
1.171163257132762010e+04
1.317540184393416166e+04
1.312153117160385045e+04
1.292357406846622871e+04
1.125364905058819568e+04
1.266867379660980805e+04
1.291282955000194488e+04
1.311153195797593253e+04
1.319311580219978350e+04
1.305088077294140203e+04
1.279862189186161049e+04
1.240272313003255840e+04
1.316366215105429728e+04
1.315382907325931592e+04
1.260842962672661088e+04
1.248115898847392782e+04
1.212624383741116253e+04
1.316785166483431385e+04
1.316695164782947722e+04
1.301695990497993989e+04
1.239383030441545998e+04
1.112911726829844156e+04
1.173879576316887687e+04
1.210999371619117119e+04
1.133177270024596510e+04
1.299856434028387957e+04
1.306578747309498794e+04
1.185462278512422927e+04
1.205068406910954218e+04
1.222591498303500339e+04
1.304908325362624601e+04
1.229472421062197645e+04
1.289485575460894688e+04
1.167777966990990535e+04
1.113993490827288406e+04
1.217599069657777363e+04
1.290326195945692962e+04
1.297686038599946914e+04
1.241845993749061563e+04
1.195548724518741801e+04
1.284872632598667042e+04
1.200295525151577749e+04
1.312693927988070573e+04
1.266111284049006281e+04
1.310478847912167112e+04
1.316157425403957313e+04
1.152096157908472014e+04
1.215433025706366789e+04
1.293494045397959053e+04
1.226820128709546043e+04
1.223059367425955315e+04
1.293601074145843086e+04
9.522911116824659985e+03
1.280309501811036534e+04
1.042580166160952831e+04
1.181964375267144351e+04
1.309954835243925845e+04
1.284824859271631249e+04
1.213478837234161620e+04
1.271864622600696748e+04
1.281454443531320430e+04
1.253034596823272477e+04
1.265975986898388510e+04
1.193749747008252598e+04
1.283603604982238903e+04
1.100491449766336518e+04
1.312332193131362328e+04
1.309976635329700366e+04
1.305654395333286811e+04
1.271695009613139155e+04
1.321296571316034533e+04
1.186847851226326748e+04
1.131005752366960951e+04
1.309815045514874510e+04
1.278881782613195537e+04
1.268493751872974826e+04
1.207018814254423341e+04
1.318749473499268061e+04
1.320493975696563757e+04
1.294098162936801236e+04
1.249217404061171328e+04
1.258564067159220758e+04
1.298482981733516863e+04
1.311895824943444313e+04
1.315330151073142588e+04
1.237494937125145589e+04
1.155433184273267034e+04
1.278304733379378376e+04
1.257820916264979678e+04
1.258076224008676036e+04
1.319496457072043631e+04
1.319581746197342363e+04
1.163326026676837864e+04
1.281728555538026558e+04
1.306347297808372969e+04
1.253321416871785368e+04
1.232385506395360062e+04
1.071082743233424480e+04
1.104445037491642870e+04
1.301148789552243579e+04
1.078298975626415267e+04
1.047048845027434982e+04
1.212043575806354966e+04
9.856694198863726342e+03
1.271755146540263013e+04
1.206762988031556233e+04
1.306061552777822726e+04
1.283180766713109915e+04
1.297998454393791872e+04
1.306577497285127356e+04
1.272896860137242038e+04
1.300596676174106142e+04
1.251773173937882530e+04
1.267906834366536350e+04
1.051559726007341669e+04
1.285957897336346286e+04
1.233455540272391045e+04
1.223602213848129941e+04
1.290494347092110547e+04
1.321570486627108767e+04
1.279633913947887231e+04
1.284683070136657261e+04
1.197362219110727892e+04
1.109348103628525860e+04
1.088827602676905917e+04
1.279689626647237674e+04
1.217494844260962236e+04
1.305427416182609886e+04
1.316400594903172532e+04
1.274854212315884979e+04
9.380899051533970123e+03
1.215343641623813528e+04
1.186847851226326748e+04
1.312552045240959706e+04
1.316233873148619568e+04
1.248841985457653573e+04
1.314114636643297490e+04
1.250359115332550027e+04
1.310821098817864913e+04
1.270605583001599007e+04
1.208621670424493277e+04
1.130825456420039700e+04
1.229673292729837158e+04
1.283774223823738066e+04
1.242032124930081227e+04
1.180873563782733254e+04
1.304771239863269147e+04
1.079585437465025461e+04
1.273101144163071149e+04
1.216351531063669609e+04
1.214200203689481350e+04
1.274558159463690208e+04
1.303073470597004234e+04
1.287493472578461297e+04
1.198761602000123639e+04
1.234834839665608524e+04
1.247529835767575787e+04
1.177610340774744327e+04
1.308260636600076759e+04
1.298985055824687879e+04
1.124615132870127854e+04
1.251521303840049586e+04
1.176503685762813620e+04
1.317879838612108506e+04
1.251486232580353135e+04
1.246231713591758853e+04
1.204191131330740427e+04
1.180249836880434123e+04
1.178422028075260459e+04
1.176472405787825119e+04
1.192594963787866072e+04
1.217928319989152988e+04
1.265724052836984811e+04
1.238719261343565086e+04
1.059207230537305077e+04
1.278880631271651873e+04
1.213241817067048214e+04
1.321514566622170059e+04
1.321167579333055983e+04
1.255012329886396401e+04
1.310089792700157341e+04
1.273038103663116271e+04
1.288544957324377901e+04
1.136050605804047518e+04
1.277800913059962295e+04
1.260459559311219709e+04
1.193468989497837902e+04
1.290219768516986005e+04
1.137368157406321006e+04
1.318026821149918578e+04
1.151457627268326542e+04
1.225819550935918414e+04
1.291473110602058841e+04
1.282005694190713075e+04
1.278469200243919659e+04
1.234663606054840784e+04
1.305211231950662659e+04
1.293322744525457892e+04
1.255035558410878366e+04
1.110400182919507279e+04
1.274030732035255460e+04
1.295947214262737543e+04
1.308934660411452205e+04
1.306344627967068118e+04
1.206984559696259385e+04
1.299028801158734495e+04
1.211028581179399589e+04
9.788889548545490470e+03
1.304932731837938263e+04
1.298635569368944562e+04
1.187672660270238703e+04
1.109404828977863144e+04
1.288394653459996334e+04
1.271800103241738361e+04
1.273465258064334375e+04
1.095841167856094035e+04
1.115768996374182825e+04
1.256043270991107602e+04
1.229472421062197645e+04
1.165202147664142467e+04
1.278396946276963354e+04
1.208455057434415539e+04
1.132296022174464451e+04
1.319996588723307650e+04
1.311305654517347830e+04
1.314133115300966165e+04
1.309883425736086974e+04
1.307196489801511780e+04
1.248790136314111078e+04
1.163252329207530420e+04
1.297645311493492773e+04
1.252261130016066272e+04
1.289594004314287304e+04
1.285145038695343101e+04
1.254995590775589881e+04
1.313272731499221118e+04
1.177610340774744327e+04
1.219568159235942949e+04
1.259782138774253326e+04
1.063279029679109772e+04
1.123335688922446752e+04
1.221818085644291932e+04
1.298998957256345966e+04
1.315990002786313562e+04
1.303603896149349202e+04
1.303349565872934363e+04
1.286528699786147445e+04
1.289243206906765045e+04
1.177913783297565897e+04
1.223170642494513777e+04
1.264793222892760969e+04
1.311905165112344912e+04
1.225553075941132556e+04
1.309740258478394026e+04
1.142795395537373770e+04
1.320601942140587926e+04
1.144659694816512456e+04
1.264156965528285400e+04
1.248839688744474188e+04
1.238613643220387712e+04
1.291605432511018080e+04
1.265713765923409301e+04
1.273090114181828903e+04
1.292529073562688791e+04
1.310331711810670458e+04
1.175805147831974500e+04
1.306653823314749570e+04
1.280792901927638013e+04
1.237244428566846182e+04
1.215770417902092049e+04
1.170400496703432873e+04
1.235113527413342308e+04
1.208811982369307952e+04
1.302241842633398846e+04
1.278585348793490630e+04
1.236963981244462411e+04
1.106857817568893370e+04
1.000876751808606605e+04
1.312279549039170161e+04
1.186286925859925395e+04
1.298154012229538603e+04
1.291605432511018080e+04
1.273699696948523524e+04
1.219648680767345468e+04
1.222541366307435601e+04
1.289517869658162454e+04
1.224932321155954196e+04
1.320885197773704931e+04
1.189933220158433869e+04
1.199370710492945545e+04
1.169365670869773385e+04
1.318787291526639819e+04
1.172092782531562261e+04
1.303603896149349202e+04
1.230402359248968423e+04
1.270699350708427119e+04
1.314002189047680258e+04
1.237918425104458947e+04
1.320719869824646048e+04
1.283284449706967098e+04
1.303073470597004234e+04
1.314561310755144405e+04
1.275015210113577632e+04
1.201515338116508792e+04
1.260294819792874841e+04
1.191725871428959363e+04
1.225864092841234014e+04
1.232258055876857543e+04
1.311962905387917999e+04
1.168624696200515427e+04
1.267497038447584600e+04
1.298011746792423764e+04
1.155394618216711751e+04
1.311334306852395821e+04
1.253962715381037742e+04
1.251670476253100787e+04
1.279961405534274490e+04
1.210235174098159405e+04
1.293318901337698480e+04
1.305088077294140203e+04
1.069457405650298097e+04
1.193972926698690753e+04
1.227559123682144855e+04
1.224353881183448902e+04
1.247777179152057579e+04
1.297976495097070438e+04
1.260668454111908068e+04
1.277215294223879027e+04
1.210536991718197169e+04
1.294506832842078074e+04
1.193795019831635364e+04
1.046937979920690123e+04
1.284265310699914335e+04
1.296065478414660720e+04
8.610203637621996677e+03
1.072948161169086961e+04
1.016829155641099351e+04
1.308934660411452205e+04
1.122123841659469690e+04
1.300063745403367648e+04
1.174488499466730173e+04
1.054358977819753636e+04
1.308619824672229333e+04
1.168481640191150291e+04
1.299793999220550722e+04
1.293979806792267482e+04
1.240973582406882269e+04
1.070480443451630890e+04
1.223897076257393928e+04
1.313901823373682601e+04
1.238830048469829126e+04
1.285028186204400117e+04
1.319551669955750913e+04
1.281660544074977952e+04
1.278471871228838063e+04
1.264787223826859190e+04
1.198858683465398099e+04
1.290406454522307467e+04
1.217293163700031437e+04
1.237911977511733312e+04
1.277219566247096736e+04
1.206802660790304799e+04
1.231196409820552071e+04
1.318506753451377335e+04
1.189565414695899744e+04
1.091775630318691037e+04
1.243496525850571561e+04
1.203935054133717131e+04
1.285283784570257012e+04
1.320100112506559708e+04
1.309406016905030629e+04
1.254747033266591461e+04
1.300951359906404105e+04
1.179039022723257767e+04
1.151192855093956314e+04
1.313397568502503054e+04
1.245696946683175702e+04
1.224437487387346482e+04
1.302656127481436124e+04
1.268675147147220741e+04
1.317879838612108506e+04
1.291042392727251354e+04
1.036755021659422709e+04
1.072912096748972544e+04
1.275714289071042367e+04
1.276853467596403789e+04
1.164091462787869023e+04
1.237860766510568101e+04
1.161441525694732081e+04
1.223132404923792274e+04
1.161352525229009007e+04
1.289201264865825578e+04
1.256457325726973249e+04
1.224869260958046107e+04
1.188992643248455533e+04
1.207695721560500169e+04
1.292552989247889855e+04
1.016829155641099351e+04
1.306047637482293976e+04
1.300021411752007953e+04
1.125733244880469647e+04
1.248519610806604032e+04
1.317938453065999238e+04
1.242845210252028119e+04
1.297696671227837942e+04
1.290516232316659443e+04
1.179339381156017407e+04
1.279270295669569168e+04
1.266270160006961305e+04
9.071353582418400038e+03
1.277157242794878402e+04
1.275552876863025813e+04
1.174479647479570667e+04
1.105839934090115639e+04
1.287697279226997125e+04
1.053206734959606729e+04
1.106255135552104366e+04
1.075872197987390246e+04
1.291605432511018080e+04
1.196687459726063389e+04
1.054933557544476207e+04
1.094371265903646781e+04
1.070737438158137229e+04
1.238015293497902894e+04
1.243346700011282155e+04
1.299640744788884876e+04
1.202871610890988086e+04
1.237004984223689098e+04
1.230892517998189942e+04
1.313975796196455121e+04
1.181950666949997685e+04
1.181622860445897641e+04
1.281645971245128567e+04
1.289866826097337980e+04
1.250980938455263822e+04
1.184169705099859493e+04
1.165213943998931427e+04
1.201263258822302669e+04
1.136474233390586596e+04
1.263646869153832995e+04
1.304688766033954198e+04
1.316915383386300527e+04
1.273902398649958377e+04
1.258198006257624183e+04
1.112347775912497673e+04
1.307725028336796458e+04
1.291330723574883632e+04
1.316086495972778175e+04
1.236016776051822308e+04
1.279239334162337036e+04
1.231891892239351728e+04
1.256265032015323777e+04
1.308630365119528688e+04
1.297938093797624970e+04
1.318626953048654468e+04
1.252067414850500791e+04
1.312441439768654163e+04
1.172569427589798215e+04
1.284274307978232173e+04
1.141086377383387116e+04
1.110175119293358148e+04
1.315967566599844940e+04
1.265724052836984811e+04
1.229747570676719988e+04
1.089990578427665059e+04
1.311674334324389383e+04
1.306581845249161779e+04
1.237420520004126047e+04
1.191259627632844786e+04
1.320364977153986183e+04
1.291850358919565406e+04
1.283668116657049177e+04
1.237702221186838869e+04
1.303386024310092580e+04
1.304045736860558463e+04
1.293817271857491505e+04
1.235116368153737130e+04
1.316521277735893818e+04
1.117476978558537303e+04
1.157520924275909783e+04
1.185198395078910835e+04
1.020583973223791145e+04
9.687662008451441579e+03
1.284164699233627471e+04
1.310435161222555325e+04
1.314545188942890854e+04
1.213215532830071970e+04
1.280574806146658011e+04
1.253520826792834850e+04
1.126820107149068281e+04
1.307190621589471266e+04
1.289403461157243146e+04
1.282674540013564001e+04
1.179487700436898194e+04
1.193601679892017637e+04
1.316400594903172532e+04
1.244740721340239543e+04
1.307226242444799936e+04
1.154840562021359437e+04
1.307818485785642406e+04
1.126298338678845721e+04
1.320856534173833643e+04
1.213000396436496158e+04
1.261461916266191656e+04
1.103968556625840938e+04
1.059542595349327894e+04
1.314318093247925026e+04
1.262449122556727889e+04
1.068878940272111686e+04
1.213341490831878036e+04
1.185198395078910835e+04
1.196419830737296979e+04
1.220112858898713603e+04
1.300352260496258168e+04
1.299368016284388432e+04
1.319831361722475958e+04
1.233875720898439067e+04
1.246708215311844469e+04
1.299368980476641809e+04
1.280409947141401426e+04
1.268297390597136473e+04
1.154759897872943111e+04
1.118980488641609918e+04
1.307826297580341998e+04
1.279057233191393607e+04
1.209138248227317672e+04
1.130281203134047792e+04
1.224218074349868402e+04
1.259129116247875936e+04
1.262611657919692334e+04
1.273008015653838083e+04
1.057412466355879224e+04
1.314251826623678789e+04
1.300058147330394058e+04
1.106829704150381076e+04
1.257298691459874681e+04
1.229358903385328085e+04
1.317532654423184795e+04
1.301427188379726067e+04
1.079061119249974217e+04
1.243383196487541136e+04
1.260530833370493565e+04
1.307613610620014515e+04
9.858466998847068680e+03
1.263748582258464739e+04
1.024065511527310991e+04
1.177394080625366405e+04
1.266410115297494485e+04
1.320774646463994031e+04
1.240546516318496288e+04
1.257638513822369350e+04
1.312106161577840976e+04
1.288629029583912597e+04
1.239904353648135293e+04
1.282138528381027572e+04
1.275795336805303486e+04
1.199469663539777321e+04
1.319446098783711932e+04
1.301385560049621563e+04
1.313432932909776355e+04
1.246294711126149741e+04
1.267096092551092079e+04
1.162238778832824028e+04
1.241184503014944858e+04
1.210703164877771269e+04
1.285597693258400795e+04
1.213771583136707886e+04
1.283510586461134517e+04
1.138627080205247330e+04
1.097533422830197742e+04
1.291343821688774551e+04
1.278354784491583632e+04
1.298774527241492251e+04
1.200871723937214847e+04
1.303978641284335390e+04
1.269455699527981051e+04
1.233387053697040756e+04
1.303945767151392283e+04
1.163507144273373160e+04
1.233345404333216175e+04
1.299221285564589743e+04
1.264793222892760969e+04
1.198820443004741173e+04
1.295807448163535446e+04
1.265052004694357856e+04
1.074857563899334673e+04
1.301019667248290352e+04
1.220538129513799868e+04
1.291605432511018080e+04
1.225275005790229807e+04
1.295098213580098309e+04
1.207046209340962560e+04
1.248652115427583522e+04
1.316678095445108193e+04
1.182808608359432219e+04
1.189116193071531961e+04
1.224040089841544977e+04
1.305126304394447288e+04
1.267475102685420461e+04
1.252834999066589626e+04
1.016829155641099351e+04
1.109312059506663354e+04
1.288307497149044320e+04
1.317476062432693652e+04
1.244491651692302912e+04
1.282185145174057470e+04
1.301151628009580600e+04
1.248388301544446222e+04
1.161252618982030617e+04
1.247327825484504137e+04
9.340656911771940941e+03
1.316097107516387223e+04
1.166540758498837931e+04
1.321602813576130029e+04
1.236327588555788316e+04
1.319851490933197783e+04
1.202067529122891756e+04
1.288248302130247612e+04
1.215209093482133176e+04
1.227916510504437611e+04
1.318026821149918578e+04
1.296248150338176129e+04
1.058610708708933271e+04
1.259713243275067362e+04
1.261604041124609284e+04
1.253302937661188298e+04
1.244322217718144566e+04
1.201878857461553707e+04
1.227205635915042512e+04
1.277607988801803185e+04
1.249731301515221458e+04
1.314633096169545752e+04
1.151820663699865145e+04
1.313579725400418829e+04
1.240401305510988459e+04
1.259402643834124319e+04
1.262611657919692334e+04
1.301640068726731806e+04
1.269798654994329445e+04
1.148727609041322103e+04
1.240795537291468281e+04
1.222835647445869836e+04
1.063077136928214713e+04
1.190795486861275276e+04
1.249523784680178142e+04
8.924301525828301237e+03
1.079691804214050353e+04
1.094862326647256123e+04
1.130756064470394267e+04
1.310211823419469874e+04
1.305266900298920518e+04
1.222690942090588942e+04
1.285972272657777467e+04
1.281354929929635910e+04
1.241475267921839986e+04
1.212580220649996954e+04
1.318522007090181069e+04
1.297857796775848328e+04
1.247955347471282221e+04
1.070480443451630890e+04
1.242551412359823007e+04
1.263646869153832995e+04
1.228928521808074220e+04
1.284726448670900936e+04
1.182796663639910184e+04
1.214441073333726672e+04
1.238876740238883940e+04
1.186847851226326748e+04
1.274434682675007207e+04
1.300047228156296114e+04
1.143330122334600310e+04
1.135833594856039781e+04
1.275139382373407716e+04
1.308892840867712766e+04
1.274948406588795842e+04
