1.305283663254731800e+04
1.321792441909765330e+04
1.374170054190685005e+04
1.302635449389615678e+04
1.215989404340485817e+04
1.258419963708418254e+04
1.331798275344232752e+04
1.118904788444504447e+04
1.346751296869392536e+04
1.297694876162361834e+04
1.316877413648296533e+04
1.204376470586897995e+04
1.214251834472802148e+04
1.219387624767209491e+04
1.085211906145135617e+04
1.247961494704338838e+04
1.242843083302417108e+04
1.368522968084378772e+04
1.362818853690143806e+04
1.353797080451320289e+04
1.363735001271326655e+04
1.317750124245923143e+04
1.288368712121341014e+04
1.345989401654389803e+04
1.278759861501193154e+04
1.309539791760854860e+04
1.288981460997769318e+04
1.368061902387444934e+04
1.253710801721517419e+04
1.223992065150731651e+04
1.349738366754493291e+04
1.323014698857290750e+04
1.336912947330539282e+04
1.325505702898119853e+04
1.296025974862349358e+04
1.351551811028340489e+04
1.356352242360887612e+04
1.372436590201712534e+04
1.329266289903636789e+04
1.308047316072785179e+04
1.331840496358681958e+04
1.311196436473388894e+04
1.339882095529116668e+04
1.273409482287532592e+04
1.331306012509368884e+04
1.366927903848151254e+04
1.306042657029398470e+04
1.241525526243168133e+04
1.220151508849433594e+04
1.340132675746299537e+04
1.158142780459386631e+04
1.270721449221497642e+04
1.339179616158626050e+04
1.344115364066320399e+04
1.291034938834595596e+04
1.291626077788537623e+04
1.366986906318848924e+04
1.345053578713240313e+04
1.266125386963507663e+04
1.257190601898879322e+04
1.312200743615803367e+04
1.373818229451636216e+04
1.351553582482382262e+04
1.338284406722070162e+04
1.372392173638425629e+04
1.327984575466810566e+04
1.310488818347768029e+04
1.327805170817671205e+04
1.339359036475909852e+04
1.280931898297978478e+04
1.353750559037431049e+04
1.246765553951529364e+04
1.366335944915276923e+04
1.279184063412130490e+04
1.296712764452857664e+04
1.247629726262682016e+04
1.335011794212555833e+04
1.367189047613931143e+04
1.363871503995038074e+04
1.369540933352408319e+04
1.334999569443520159e+04
1.347503159827691888e+04
1.363305612512585867e+04
1.285016156628616591e+04
1.368339004489097715e+04
1.125574425651290949e+04
1.156043339951835878e+04
1.377474398587273390e+04
1.361185467454305035e+04
1.341757178030246723e+04
1.020644618102147069e+04
1.287081243394452395e+04
1.235296138578329192e+04
1.241471053865446993e+04
1.360088019544443159e+04
1.341940631952556214e+04
1.371103701569325131e+04
1.248726186222816432e+04
1.165497419754376097e+04
1.367600350963155142e+04
1.343873569445466273e+04
1.360826942078121465e+04
1.372617824064924935e+04
1.356512746921988582e+04
1.300704907200958951e+04
1.165009761261595122e+04
1.372586901945773570e+04
1.328406220520972056e+04
1.353382391076026397e+04
1.362106953589136174e+04
1.377639837054598320e+04
1.255813884768399294e+04
1.375079858341684667e+04
1.262579586881205614e+04
1.373621893909233040e+04
1.314033229506818316e+04
1.275405398978906851e+04
1.112673781403751309e+04
1.326082923838575698e+04
1.057952030218110303e+04
1.310254728693268771e+04
1.263574099534994457e+04
1.358232929416999468e+04
1.377081293509599345e+04
1.283813539057076923e+04
1.222078084807545565e+04
1.363828015672142647e+04
1.282337353070201789e+04
1.281555263834071593e+04
1.316156983612582189e+04
1.318708398104140906e+04
1.365795720714461822e+04
1.304903824354103926e+04
1.292641457253077533e+04
1.374491036477317175e+04
1.277513846064285462e+04
1.349685208416801106e+04
1.335297233491756015e+04
1.325013500309887968e+04
1.285519974715053286e+04
1.378146422957367031e+04
1.318913078648528790e+04
1.357488834351622063e+04
1.376358256263453586e+04
1.304259760612674654e+04
1.349468838981163935e+04
1.333448131189193555e+04
1.347012109940271330e+04
1.331537684666729729e+04
1.320935836538337753e+04
1.245920202095082823e+04
1.230464280912213871e+04
1.331451812131974293e+04
1.326386327256236837e+04
1.103081502876927516e+04
1.363717475093829125e+04
1.344576833426090161e+04
1.355657835557260842e+04
1.317366903646390892e+04
1.352283085072021458e+04
1.223770568984988495e+04
1.338581150875279855e+04
1.319125750574525591e+04
1.356617526317648480e+04
1.374864891328524391e+04
1.373416034350815789e+04
1.194690354987921273e+04
1.309000507978537826e+04
1.282637637448728128e+04
1.310911442442055159e+04
1.375154485639278209e+04
1.341349155563318709e+04
1.324404282289967159e+04
1.277132665568509765e+04
1.368036585332837058e+04
1.332213855089254139e+04
1.036699978728332462e+04
1.277662377655328237e+04
1.276618860859031702e+04
1.212704467724908682e+04
1.356628158401807741e+04
1.269481013039411300e+04
1.339899778114930450e+04
1.323156338197053083e+04
1.251459531467702982e+04
1.367221502081555263e+04
1.377781579492911987e+04
9.652947743406260997e+03
1.340673492934273600e+04
1.305695744703630044e+04
1.359638128039984076e+04
1.224681720531256906e+04
1.276425638650168185e+04
1.224833232954847699e+04
1.357375385397531500e+04
1.318773423717132391e+04
1.347049079760395034e+04
1.261435090709121869e+04
1.187057536335129043e+04
1.201165094798743667e+04
1.322587502435055285e+04
1.313629648623726825e+04
1.229699611873046160e+04
1.344106472154506992e+04
1.296460780494859864e+04
1.118475875454355992e+04
1.317588623652966453e+04
1.221693505540793740e+04
1.278462660226300068e+04
1.374234465012666442e+04
1.228967716232062594e+04
1.178366792347616865e+04
1.366127433532818759e+04
1.366926823446027265e+04
1.015250393757767415e+04
1.302551628505297776e+04
1.238133069637597146e+04
1.369377014454613163e+04
1.127917329300019992e+04
1.375430728947735224e+04
1.331806578393814561e+04
1.237730055552993872e+04
1.306042657029398470e+04
1.360079735391642134e+04
1.352185641814331029e+04
1.366230426238827204e+04
1.335583787907652913e+04
1.117228345664416520e+04
1.325485170191994985e+04
1.316301130131094578e+04
1.294977108922179104e+04
1.249562009023873907e+04
1.377338642855770013e+04
1.185672008472274320e+04
1.333851442710159972e+04
1.320502497921460599e+04
1.316752728167294117e+04
1.230334873524909744e+04
1.128463766239507459e+04
1.348231281552822475e+04
1.373361002888679650e+04
1.359509671522813005e+04
1.273116927752431366e+04
1.372039852030754264e+04
1.371944540158181917e+04
1.359904074761968513e+04
1.371261555138787116e+04
1.352386744343635291e+04
1.263641018189911847e+04
1.155055299232143443e+04
1.352983910647095036e+04
1.071168267322847169e+04
1.371483038904697787e+04
1.363151618426229834e+04
1.320436625967316468e+04
1.377897058202117114e+04
1.215278659079505087e+04
1.132435184465732891e+04
1.277560334220472214e+04
1.290006324230091741e+04
1.355458012539168521e+04
1.360720608525841453e+04
1.124816483408531712e+04
1.346243649989649020e+04
1.336885913048428483e+04
1.327091112620146123e+04
1.327046621923786370e+04
1.307074220435183452e+04
1.355361248457454712e+04
1.317044688080538981e+04
1.124400648018514767e+04
1.325512169286192147e+04
1.368315308901579192e+04
1.291034938834595596e+04
1.258104703402178347e+04
1.346422554710970508e+04
1.246495018574457208e+04
1.205196612940155683e+04
1.251868648912059507e+04
1.367801217486022142e+04
1.373399796534914640e+04
1.331599383853311156e+04
1.372748121392910252e+04
1.371078113795907484e+04
1.306285576387525725e+04
1.169389114385056018e+04
1.185672008472274320e+04
1.344546007832199393e+04
1.346722115075185684e+04
1.315782202443617825e+04
1.332478081526916139e+04
1.337803308739337808e+04
1.344366000863532827e+04
1.242072416247551519e+04
1.327381643874703514e+04
1.347831900129447240e+04
1.354959880402644558e+04
1.358089650934511155e+04
1.271331317999508792e+04
1.367557207587982703e+04
1.340460935857892400e+04
1.106227689611160895e+04
1.199809968604747701e+04
1.240077388667467676e+04
1.315092787594452602e+04
1.339460789981361995e+04
1.361741461954312399e+04
1.339333170500100096e+04
1.357872021610972661e+04
1.354413803857939274e+04
1.377642575795857010e+04
1.375154485639278209e+04
1.373126091828308927e+04
1.361847781608017613e+04
1.352324423309380472e+04
1.320651709410254625e+04
1.270440342166069422e+04
1.343473389030173166e+04
1.365030622317665620e+04
1.297182395631961117e+04
1.199662216675001764e+04
1.351897002071130737e+04
1.363733873883257547e+04
1.250857370373455342e+04
1.237188211768495967e+04
1.300447795832892734e+04
1.300329719869763358e+04
1.321595015775494903e+04
1.199395525243305929e+04
1.364423918593025883e+04
1.204011452928117615e+04
1.348032607891526641e+04
1.338127648231976673e+04
1.353665094615265843e+04
1.211704669907079369e+04
1.348193363424557356e+04
1.367692106825686642e+04
1.312413626778314210e+04
1.268159676067671899e+04
1.276074278849958137e+04
1.277566718437934469e+04
1.291240495373994054e+04
1.315818304497547069e+04
1.288368712121341014e+04
1.294440908073028368e+04
1.371329913551823665e+04
1.156700295595207717e+04
1.109177910006798265e+04
1.236590276448575787e+04
1.360084451298644672e+04
1.307823383759131684e+04
1.260762774253553289e+04
1.358616766972828555e+04
1.337006730241781042e+04
1.353355572659421523e+04
1.202633890804680777e+04
1.348481803528781165e+04
1.364596244424529505e+04
1.368322793595857729e+04
1.325309262225650491e+04
1.348630144880299122e+04
1.338233662872532295e+04
1.376019364875321844e+04
1.359868814523963556e+04
1.265765419734263742e+04
1.331116407959979551e+04
1.245313134470538171e+04
1.242407812243576336e+04
1.355543219555225369e+04
1.360854121394718277e+04
1.316947747803191851e+04
1.187892469795295619e+04
1.322555146881920518e+04
1.316814394027983872e+04
1.372911154524887024e+04
1.356156482374210464e+04
1.260490909675230796e+04
1.318959855500832055e+04
1.270142306214749988e+04
1.345755361714062383e+04
1.303609586635199048e+04
1.371858568187623314e+04
1.378146422957367031e+04
1.360119640521092151e+04
1.335404675295171546e+04
1.348151100415332257e+04
1.330248039489374059e+04
1.286367740981889438e+04
1.155566295187872674e+04
1.253187100217989610e+04
1.191697974089624040e+04
1.164330946403752387e+04
1.256350363324776299e+04
1.347347694238059921e+04
1.312793515853694407e+04
1.286826633009464058e+04
1.279249414334876747e+04
1.297344928614463424e+04
1.279677488673133666e+04
1.317403608289982731e+04
1.250731303560207562e+04
1.337266868880814218e+04
1.361120393635023902e+04
1.347618267478648886e+04
1.315699893208268259e+04
1.170917659367190936e+04
1.281976178919560152e+04
1.365524955234922891e+04
1.354819571231692316e+04
1.311065361657219000e+04
1.201509184442769038e+04
1.356867837697876348e+04
1.212826917899983891e+04
1.267868538815223292e+04
1.323549118107437971e+04
1.360800402847688929e+04
1.299406449312054610e+04
1.318848359485484434e+04
1.308467262343185212e+04
1.377718122706923896e+04
1.237730055552993872e+04
1.305542831531201045e+04
1.308240873039234066e+04
1.272198820416869967e+04
1.370748465633987507e+04
1.331541445306124297e+04
1.247680519090135749e+04
1.290822460927551583e+04
1.329038606065443855e+04
1.357521806866063162e+04
1.290191705134046970e+04
1.051657225170198944e+04
1.241735093999863238e+04
1.223753822701618446e+04
1.303240897079028218e+04
1.378039986762834815e+04
1.350336913919815743e+04
1.055157721307083375e+04
1.305286902274925524e+04
1.193066145060592135e+04
1.296306363848847468e+04
1.264657852034767711e+04
1.305659705435411524e+04
1.337266868880814218e+04
1.361558649095238070e+04
1.276789341142567355e+04
1.375967867484262933e+04
1.316180386714878659e+04
1.314659265859650804e+04
1.336781706378982926e+04
1.341356955667879811e+04
1.343223015928720270e+04
1.317158851324401439e+04
1.290520431153355821e+04
1.315094896797682668e+04
1.182414476438255952e+04
1.335110289699527857e+04
1.369409048316840381e+04
1.277666617107509956e+04
1.344878498362278697e+04
1.326154780776620464e+04
1.138848976673196557e+04
1.290816389080723093e+04
1.346737550033299340e+04
1.311207619878916921e+04
1.372775391172496893e+04
1.377628745685632384e+04
1.267670806629726394e+04
1.202719349836064066e+04
1.249444298830244952e+04
1.128296098126518154e+04
1.290191705134046970e+04
1.274577174571370779e+04
1.198390198001666795e+04
1.375663550824676895e+04
1.340033840499209691e+04
1.341384374477077654e+04
1.244852908782390659e+04
1.277080823722680361e+04
1.243074513754804138e+04
1.318186037361956551e+04
1.275761821506668275e+04
9.199535277550996398e+03
1.175343861031561755e+04
1.127350194070960424e+04
1.354955608857773404e+04
1.339137245046645694e+04
1.326293293305650332e+04
1.065904375071958930e+04
1.295522558196555292e+04
1.236487377007653595e+04
1.316877413648296533e+04
1.352545467168954565e+04
1.129103032462757619e+04
1.105780127778673159e+04
1.343355152903458111e+04
1.328264562083635974e+04
1.353479841552123980e+04
1.194391684398966208e+04
1.347727744014605378e+04
1.300620975606000502e+04
1.355445977090747692e+04
1.376912298452600771e+04
1.253622606671181347e+04
1.302603678127145758e+04
1.280665462516154730e+04
1.336069952681997347e+04
1.311426184359530816e+04
1.346069138313273652e+04
1.227866321268922002e+04
1.361741461954312399e+04
1.304947123357967212e+04
1.176058142970160770e+04
1.194881453859071189e+04
1.324034850479966917e+04
1.269063837442692602e+04
1.204973490675356334e+04
1.355254138745543969e+04
1.279029929510563306e+04
1.256078916611561908e+04
1.346205349120605024e+04
1.332002347907412513e+04
1.362362044371313823e+04
1.336516401003334977e+04
1.361726924600557504e+04
1.322584674604366046e+04
1.261639962551255121e+04
1.264837651971455853e+04
1.316488221553635594e+04
1.349679877686436885e+04
1.257061271531580132e+04
1.364514444460705272e+04
1.337763091409251138e+04
1.186975663626330424e+04
1.368211092879784701e+04
1.358688869869562222e+04
1.308342258566330383e+04
1.359616083383473597e+04
1.367353152460413185e+04
1.318260419172207003e+04
1.313059010956663406e+04
1.329555073207052374e+04
1.296813363086072059e+04
1.377081293509599345e+04
1.288506599726571585e+04
1.371963540466724589e+04
1.338939549263306253e+04
1.147991732986128773e+04
1.319669753406333257e+04
1.327171412101809983e+04
1.211080068742290860e+04
1.158372135215134767e+04
1.289076663470272251e+04
1.350636034441378069e+04
1.371042652125810127e+04
1.282356192085049770e+04
1.343640495102779278e+04
1.346283961200388512e+04
1.222557779030962774e+04
1.365507799033905030e+04
1.113510966098745121e+04
1.208875364396596888e+04
1.285289782067540000e+04
1.374630063269499806e+04
1.279609085932280504e+04
1.348424665559713139e+04
1.316602012130234652e+04
1.370979298693571764e+04
1.292579260730598253e+04
1.298743374781393504e+04
1.377394861088220205e+04
1.292633350715598317e+04
1.369520256363465160e+04
1.187054161786565055e+04
1.364274911702806276e+04
1.258733772959919770e+04
1.317081101522142126e+04
1.182414476438255952e+04
1.303071887558993330e+04
1.340829767376731616e+04
1.312838579880252291e+04
1.300856741770204644e+04
1.347503159827691888e+04
1.339835663342721818e+04
1.347618267478648886e+04
1.228485427573296693e+04
1.348988920844427412e+04
1.115372839335832759e+04
1.353473911632653471e+04
1.281551894241307673e+04
1.369411936011497528e+04
1.367792344502216474e+04
1.301283199485223304e+04
1.365075393382316361e+04
1.139904889969115538e+04
1.334969935903798614e+04
1.333575217625374353e+04
1.320953854345662694e+04
1.377499654620775982e+04
1.366467231776743756e+04
1.360678356838563559e+04
1.349060205779657008e+04
1.352812718882300032e+04
1.316059107475530254e+04
1.337097715823363978e+04
1.298128545851433955e+04
1.347884576795037356e+04
1.235157340216668672e+04
1.296460780494859864e+04
1.345897198253230454e+04
1.344565662291770604e+04
1.341494631004779512e+04
1.326070516869919447e+04
1.295672444272720531e+04
1.337668260477040894e+04
1.315827498247412223e+04
1.377779132705102893e+04
1.266147157106528539e+04
1.304814223335737915e+04
1.370123206096117792e+04
1.289503114761208963e+04
1.269300471161230598e+04
1.244093546007466466e+04
1.369343091145991821e+04
1.241939160118207474e+04
1.251155602290087518e+04
1.186207367465052448e+04
1.256293193059242913e+04
1.257656481937729404e+04
1.321152120753577219e+04
1.358028272812324940e+04
1.315631171703984364e+04
1.339980513694371803e+04
1.316918855836322473e+04
1.355718218099244768e+04
1.258037235369764676e+04
1.311276547279476654e+04
1.321264718860419271e+04
1.208828854501327078e+04
1.350986242625823979e+04
1.342429068750248553e+04
1.364475762762631348e+04
9.477079494173754938e+03
1.358104000115903909e+04
1.359670856606398957e+04
1.370603848917168216e+04
1.373640860464500474e+04
1.363768424631206290e+04
1.299682330958742750e+04
1.288983178382913684e+04
1.365682991464068073e+04
1.306237600469478639e+04
1.271381887647511030e+04
1.373266999591261629e+04
1.279105087983319027e+04
1.296312235590925411e+04
1.210577776409730177e+04
1.284162421386279493e+04
1.260981014444614448e+04
1.173157811600129753e+04
1.346721454795086902e+04
1.254206549914824063e+04
1.366389799831683558e+04
1.365679904179374535e+04
1.227581555338948965e+04
1.153956303168037812e+04
1.358120278005206819e+04
1.352979850764229741e+04
1.259680606753065149e+04
1.342378422035835320e+04
1.269935066211910816e+04
1.246859622619271249e+04
1.348687468823702875e+04
1.335285946765831250e+04
1.317270379601869172e+04
1.230234314897953300e+04
1.358329417308930715e+04
1.321254419270476137e+04
1.287382595016847336e+04
1.371336363629823427e+04
1.339496934577472166e+04
1.173240642819497771e+04
1.329539467576357856e+04
1.296683718345036687e+04
1.355661557587081916e+04
1.299958585755085915e+04
1.356509955120948143e+04
1.339137245046645694e+04
1.240919758653367171e+04
1.186975663626330424e+04
1.327972954311005378e+04
1.371130953970746850e+04
1.204073943713370318e+04
1.338851715055722161e+04
1.340374995379189386e+04
1.308134902653910831e+04
1.339099058643713397e+04
1.157671866866455821e+04
1.308047316072785179e+04
1.338749143896271926e+04
1.285899848269086579e+04
1.358887894745694939e+04
1.317355044032780643e+04
1.345767475497528721e+04
1.366200319440886960e+04
1.353739031567263373e+04
1.352732346361047166e+04
1.373584988721178161e+04
1.206982128706351614e+04
1.293254901476783198e+04
1.367649385173283372e+04
1.316819851972405195e+04
1.376678397383845731e+04
1.321739119537749502e+04
1.256662203758438591e+04
1.315209665442512960e+04
1.328890016721508073e+04
1.160186136971145606e+04
1.343982444301100986e+04
1.321351344252482522e+04
1.362025964859552187e+04
1.230094659679637152e+04
1.372305778108400409e+04
1.358978059156047311e+04
1.098754435078934694e+04
1.262984663330910371e+04
1.353338816125894300e+04
1.037598097998654703e+04
1.272659027352018529e+04
1.179807299286978014e+04
1.287970254023487541e+04
1.269063837442692602e+04
1.313945675519805809e+04
1.290710712888901980e+04
1.347347694238059921e+04
1.185855643729748772e+04
1.311861877985838146e+04
1.324466823017766365e+04
1.342140721897636104e+04
1.349415548250205757e+04
1.314776993468977889e+04
1.323996979205539355e+04
1.339835663342721818e+04
1.349945630237778460e+04
1.334304958986239762e+04
1.201301719261091785e+04
1.356477528560636893e+04
1.375361412257423945e+04
1.365986003535967757e+04
1.324862722502428369e+04
1.349311131674551143e+04
1.367748355280854412e+04
1.367057930047903574e+04
1.353333003751715296e+04
1.360295146533692059e+04
1.028849389987147515e+04
1.276994515921332277e+04
1.243759553889740710e+04
1.354368362872536454e+04
1.361933881243824362e+04
1.268656688460885198e+04
1.308121320361946164e+04
1.354352844529008144e+04
1.322074595556594977e+04
1.348838738521867526e+04
1.359947171987928050e+04
1.214540400088251408e+04
1.321899187189773511e+04
1.373354755808123082e+04
1.318220881686938083e+04
1.258815202851851063e+04
1.103325696669974423e+04
1.375762191143656673e+04
1.345947950925383520e+04
1.344314373210164922e+04
1.256557093187419014e+04
1.335664953405261076e+04
1.295863092488874827e+04
1.367221755896907052e+04
1.264011748774138323e+04
1.293897990269050933e+04
1.324065241741309728e+04
1.260723828442474587e+04
1.269148190929375778e+04
1.330725673520084092e+04
1.373630308860094192e+04
1.365689166470331475e+04
1.280140629112141869e+04
1.258300306371485931e+04
1.296829263602845822e+04
1.298861291835911106e+04
1.348167219556055716e+04
1.330592105398740205e+04
1.349591345306647236e+04
1.349299110579580338e+04
1.344017880748255811e+04
1.163106654519303993e+04
1.339163136919552198e+04
1.370726781609302270e+04
1.372999076652687654e+04
1.359292660120936853e+04
1.323910521374232849e+04
1.313217229138803486e+04
1.331146855934123960e+04
1.307994892455282934e+04
1.315752665297642307e+04
1.365105928744812627e+04
1.036699978728332462e+04
1.359956443782563656e+04
1.297156038712704685e+04
1.167557268783921063e+04
1.313938293864776642e+04
1.199924324599235115e+04
1.348140458217613377e+04
1.347085321372248654e+04
1.343151676408166895e+04
1.222689934884364266e+04
1.328460694325138320e+04
1.356337371454962704e+04
1.320794119169891928e+04
1.334505130777052000e+04
1.350582963851773093e+04
1.338157077908249994e+04
1.321024271950617913e+04
1.194529893232253016e+04
1.370119973911670786e+04
1.226091690358866617e+04
1.317236320947768036e+04
1.351413091337636797e+04
1.336603587634863288e+04
1.323772165699355537e+04
1.341589361451662262e+04
1.348629188804016849e+04
1.311276547279476654e+04
1.376158058100377639e+04
1.036699978728332462e+04
1.077272856447734739e+04
1.307515014430496558e+04
1.214280378272446069e+04
1.371459065985761845e+04
1.373906012796690084e+04
1.181429153394130662e+04
1.187904052030304956e+04
1.363837101743084713e+04
1.360672820416943068e+04
1.274070951897678242e+04
1.357587220396224620e+04
1.333584435616754854e+04
1.366569264786932945e+04
1.356509955120948143e+04
1.359673759554625940e+04
1.294393829128091238e+04
1.370672617880075268e+04
1.302314072395922631e+04
1.190811415663772277e+04
1.261640375038307684e+04
1.250727600769028868e+04
1.337670934559017405e+04
1.322684808378023081e+04
1.345375419747679553e+04
1.292929162133588761e+04
1.361055674614608324e+04
1.314946944077859371e+04
1.365862772589207816e+04
1.310354224345164403e+04
1.200675632733733983e+04
1.335155736560847799e+04
1.160186136971145606e+04
1.192906103785822961e+04
1.348754236679349015e+04
1.289158301515896710e+04
1.326951216735870912e+04
1.204376470586897995e+04
1.372775391172496893e+04
1.350086789373056308e+04
1.368890874843731581e+04
1.290832371320205129e+04
1.336030549383108519e+04
1.256298669555440210e+04
1.326821669209580068e+04
1.155420240774859667e+04
1.242784339150374581e+04
1.199962576062724111e+04
1.327242453572111481e+04
1.361373494870460854e+04
1.368033724869921207e+04
1.373832193022588399e+04
1.320509274476195060e+04
1.376329715589976331e+04
1.203022239160120262e+04
1.241029665593558639e+04
1.359833686864177434e+04
1.368716524912672321e+04
1.377686095098735314e+04
1.256078916611561908e+04
1.352940779517137889e+04
1.210333821492446259e+04
1.285093697242861890e+04
1.331447102960442498e+04
1.333970548951216733e+04
1.372620557410920082e+04
1.277718434188857645e+04
1.248832205447746855e+04
1.330906419239361276e+04
1.377149565551109117e+04
1.232941898742598642e+04
1.373640860464500474e+04
1.329896450703434675e+04
1.196206353962755384e+04
1.242407812243576336e+04
1.376594680701399921e+04
1.377957575075096975e+04
1.245224606580000182e+04
1.302693590872606728e+04
1.351178478688064388e+04
1.336687867830587857e+04
1.369878072494762819e+04
1.377457955263966869e+04
1.269926457232197936e+04
1.296277268401706897e+04
1.332674376312679851e+04
1.271315450483584755e+04
1.351633572781985640e+04
1.375722134375629685e+04
1.362064799634303563e+04
1.305286902274925524e+04
1.369947032833350022e+04
1.370603588336936446e+04
1.271042656416550926e+04
1.313567897558670120e+04
1.301075536462028322e+04
1.295072573849549372e+04
1.316615275584830306e+04
1.321739119537749502e+04
1.192469528999209069e+04
1.331116407959979551e+04
1.370171119460209593e+04
1.358206266581912132e+04
1.341446917463808495e+04
1.325022832953931356e+04
1.344115364066320399e+04
1.202588953990218943e+04
1.249292859852973925e+04
1.351178478688064388e+04
1.368249421668780087e+04
1.232834536211508384e+04
1.376967543162764741e+04
1.265487000247594915e+04
1.349160165558604604e+04
1.201769735486890022e+04
1.244366046538282899e+04
1.235180667991723385e+04
1.334972233792486259e+04
1.315800329089424667e+04
1.358356287689565033e+04
1.314832699438436066e+04
1.338153461339827118e+04
1.346133410099668254e+04
1.327567414375058434e+04
1.227156806661809605e+04
1.315896885316356929e+04
1.225469075391342994e+04
1.262155275801994503e+04
1.377395081884993306e+04
1.133652554011871325e+04
1.345045369715536071e+04
1.274738541807389993e+04
1.370691027529054918e+04
8.741998876082961942e+03
1.222826591296266270e+04
1.343923726024920688e+04
1.173185956383154371e+04
1.323061201199768402e+04
1.342677699865843897e+04
1.341056539900540338e+04
1.298783212153412569e+04
1.247481579322617290e+04
1.377653297968945844e+04
1.209003116632987803e+04
1.348615350520305401e+04
1.258815202851851063e+04
1.266546126471030402e+04
1.315025981026677619e+04
1.330074166307642372e+04
1.375388400717922559e+04
1.270753495652831225e+04
1.225492347478495867e+04
1.323153682928952912e+04
1.339401673995446981e+04
1.365442541086952588e+04
1.341955346008502602e+04
1.286661487392343042e+04
1.302553568210749654e+04
1.236209020161304215e+04
1.348606327698755922e+04
1.373459111849671717e+04
1.332801869020795129e+04
1.300078929809662804e+04
1.335493613840827129e+04
1.280104890064945721e+04
