6.532521530899257414e+03
6.658207551818450156e+03
6.602918843923041095e+03
6.608157090358652567e+03
6.564734431303239035e+03
6.574593259424661483e+03
6.562935742818961444e+03
6.448456004369056245e+03
6.364513710695302507e+03
6.616561151504882218e+03
6.243488551095914772e+03
6.588133122893284053e+03
6.205426938972204880e+03
6.510008196706108720e+03
6.678162569461124804e+03
6.636847266294938890e+03
6.688588216923120854e+03
6.561461021575032646e+03
6.653646747873905042e+03
6.639484601123716857e+03
6.604229326790192317e+03
6.575616733690399997e+03
6.136780863530686474e+03
6.477900428158802242e+03
6.239357492329973866e+03
6.354385885086183407e+03
6.166084309306302202e+03
6.346958088974803104e+03
6.219619334650915334e+03
6.537609497218807519e+03
6.671943821670669422e+03
6.565980925553723864e+03
6.319889429590866712e+03
6.587211749255013274e+03
6.619129710098340183e+03
6.669433289720638641e+03
5.910422795854943615e+03
6.612572801398944648e+03
6.407573025735637202e+03
6.578840401606472369e+03
6.680441974813700654e+03
6.695445339205058190e+03
6.687185049975669244e+03
6.306939205461561869e+03
6.596267934444389539e+03
6.294540132816054211e+03
6.374689618425150002e+03
6.357872994393923364e+03
6.411110910767120004e+03
6.478795288090649592e+03
6.647758715695859792e+03
6.461106613438090790e+03
6.247861638344434141e+03
6.702633309769504194e+03
6.490102292893183403e+03
6.607218592344313038e+03
6.443730798886776938e+03
6.319438636622902777e+03
6.648164740006770444e+03
6.525163879255522261e+03
6.560892473323413469e+03
6.240388027402572334e+03
6.651136174255971127e+03
6.629744815497957461e+03
6.518504964530389771e+03
6.531031140207833232e+03
6.217508170294694537e+03
6.371837855671651596e+03
6.604757682856703468e+03
6.600120879054014040e+03
6.358548181264421146e+03
6.670333530343333223e+03
6.403204890645071828e+03
6.457409653982787859e+03
6.681497291460779707e+03
6.552870475485459792e+03
6.501985389666802803e+03
6.554425451124945539e+03
6.473629814416959562e+03
6.392182951343776949e+03
6.605714438403777422e+03
6.276464902793402871e+03
6.694923373277842984e+03
5.999771178208898164e+03
6.393790611620399432e+03
6.545380095861541122e+03
6.316107223992682520e+03
6.435783351247420796e+03
6.669131361207536429e+03
6.369090619898115619e+03
6.512672484831537076e+03
6.298592230600154835e+03
6.648927644673995019e+03
6.226494865121316252e+03
6.699961014878839705e+03
6.623670996264600035e+03
6.437193364940097126e+03
6.481754822864831112e+03
6.472250753252708819e+03
6.269551010527329709e+03
6.097258857050965162e+03
6.652485018844397018e+03
6.485981545580674720e+03
6.484623085248318603e+03
6.405858066836403850e+03
6.520253072562027228e+03
6.574989963913982137e+03
6.544238111697063687e+03
6.568427477915821328e+03
6.345520808383583244e+03
6.521815035244991122e+03
6.573576783519007222e+03
5.754292469450427234e+03
6.479076209051518163e+03
6.287314856802698159e+03
6.333159947573038153e+03
6.548419966487846978e+03
6.172062118541773998e+03
6.317087299971390166e+03
6.230577607452596567e+03
6.071393725173614257e+03
6.693894745743994463e+03
6.579098550757718840e+03
6.531925425077347427e+03
6.403123575622310454e+03
6.531031140207833232e+03
6.524212725807843526e+03
5.754292469450427234e+03
6.545657178744851080e+03
6.419507177009537372e+03
6.668446278286368397e+03
6.614468336576192996e+03
6.610824818038870944e+03
6.451603651012392220e+03
6.595716604385837854e+03
6.312615769733859452e+03
6.674614414938767368e+03
6.603012770950545018e+03
6.388169150630616059e+03
5.867598335990569467e+03
6.577847826769731910e+03
6.538187240826565358e+03
6.688397360245058735e+03
6.529700279181363840e+03
6.055683149296395641e+03
6.454701467294843496e+03
6.693312061015482868e+03
6.318868145714071943e+03
6.268864676716697431e+03
6.615748811627034229e+03
6.402658434894401580e+03
6.616084031214638344e+03
6.462931161567508752e+03
6.407195658502630977e+03
6.521893715378316301e+03
6.495735440403153916e+03
6.220196865429842546e+03
6.674183243256775313e+03
6.633379493024614021e+03
6.699507184879712440e+03
6.639873049205841198e+03
6.673886230720116146e+03
5.672396964122838654e+03
6.610223923222827580e+03
6.441606061070053329e+03
6.534926591446414022e+03
6.448881822508810728e+03
6.464258888345182640e+03
6.391229091759547373e+03
6.335858068642717626e+03
6.684232191459414025e+03
6.035536915573271472e+03
6.670155568895674151e+03
6.653983193903021856e+03
6.304641302718076986e+03
6.404130947201017989e+03
6.701582520702243528e+03
6.341058609957442968e+03
6.635276025789924461e+03
6.471150201308051692e+03
6.616171286203007185e+03
6.320209965966250820e+03
6.611151748944351311e+03
6.561557131782397846e+03
6.530179451967705063e+03
6.574506893213488183e+03
6.681426751554850853e+03
6.434188259749524150e+03
6.454625198507781533e+03
6.628899105179547405e+03
6.554990518948942736e+03
6.592008761311690250e+03
6.381546121446993311e+03
6.437948670259993378e+03
6.319951716493839740e+03
6.602477344017430369e+03
6.648678568350805108e+03
6.497781102118139643e+03
6.670472265743926073e+03
6.202504004940552477e+03
6.547663879194119545e+03
6.008369880567388464e+03
6.529109866325969051e+03
6.201772245907695833e+03
6.412262631417419470e+03
6.456122719965656870e+03
6.684306354169730184e+03
6.672887734436757455e+03
6.658952698183071334e+03
6.588945768470935946e+03
6.447680500309797026e+03
6.447606432839767876e+03
6.377023145150871642e+03
6.441874564776584521e+03
6.667028217601762663e+03
6.456309946920745460e+03
5.958711145618270166e+03
6.680734501783118503e+03
6.665495551415177943e+03
6.480329798036789725e+03
6.449506564968359271e+03
6.488657102341914651e+03
6.411526186266946752e+03
6.317736022902131481e+03
6.397871364705837550e+03
6.628545101739585334e+03
6.667686296586591197e+03
6.542933359658954942e+03
6.569897090038615715e+03
6.616245135628662865e+03
6.638681345093540585e+03
6.596525416584743652e+03
6.447166060797423597e+03
6.492831189777366490e+03
6.599540890780754125e+03
6.371095695709956999e+03
6.692257095529676917e+03
6.102850949706346000e+03
6.497453171511177970e+03
6.576811598931814842e+03
6.318313747079890163e+03
6.337622502717524185e+03
6.321256913469829669e+03
6.672053123831769881e+03
6.029858968362526866e+03
6.601179715635069442e+03
6.695684979024434142e+03
6.536529708327009757e+03
6.561594533475739809e+03
6.663259188409856506e+03
6.692356596247669586e+03
6.684436804982784452e+03
6.407949411776507986e+03
6.186024518689662727e+03
6.665388332924999304e+03
6.094854694073384962e+03
6.277470777570593782e+03
6.528838888058969133e+03
6.137942578118087113e+03
6.451587371986870494e+03
6.646354384296791977e+03
5.320843114685936598e+03
6.267852878792251431e+03
6.431549629990997346e+03
6.475627922014260548e+03
6.686948805186482787e+03
6.506687362644746827e+03
6.623273552685090181e+03
6.191990811430007852e+03
6.667181608917850099e+03
6.410079506261547067e+03
6.469976605886573452e+03
6.334376816835161662e+03
6.403204890645071828e+03
6.328906441339388039e+03
6.448670470329994714e+03
6.265537705168200773e+03
6.535114412248130975e+03
6.300901344686692028e+03
6.490384469400929447e+03
6.416188482055224995e+03
6.485178340857073636e+03
6.632892070153518944e+03
6.577400531033877996e+03
6.350986224291313192e+03
6.389903581052097252e+03
6.479332927615410881e+03
6.687469541382793068e+03
6.645420671661853703e+03
6.585244649151820340e+03
6.160931429785056935e+03
5.759837528514450241e+03
6.655897658126171336e+03
6.561117005381237504e+03
6.648164740006770444e+03
6.592524999494273288e+03
6.556715749352792955e+03
6.618147442540998782e+03
6.661769944273095462e+03
6.441160544776982533e+03
6.275495218017131265e+03
6.549207127278727057e+03
6.296466144515807173e+03
6.554425451124945539e+03
6.698589217822551291e+03
5.724100542815030167e+03
6.676273578147140142e+03
6.210700478915132408e+03
6.633780180544516043e+03
6.294283224883867661e+03
6.569776888852225056e+03
6.664125739501838325e+03
6.405148420331483067e+03
6.535619712900865125e+03
5.812646576208136139e+03
6.331680945625504137e+03
6.620246476630995858e+03
6.683114796255101282e+03
6.687733968694145915e+03
6.631748330354013888e+03
6.617687977045014122e+03
6.681073146753758920e+03
6.189029760930619886e+03
6.611714027160322075e+03
6.698893002964637162e+03
6.373540764176495941e+03
6.616443690575963046e+03
6.350789964322402739e+03
6.586980660350032849e+03
6.202007172240910222e+03
6.591142594959090275e+03
6.656438237735132134e+03
6.662592658978502186e+03
6.268577455339509470e+03
6.561301784705179671e+03
6.651220665294140417e+03
6.438443224625118091e+03
6.671136882702001458e+03
6.165750103686585135e+03
6.479076209051518163e+03
6.634434681610687221e+03
6.528724410657863700e+03
6.507399632980185743e+03
6.595115150700790764e+03
6.366296698006892257e+03
6.506896758507379673e+03
6.652543360097588447e+03
6.632190766278601586e+03
6.570781912325990561e+03
6.643663307309110678e+03
5.822903286250819292e+03
6.352155719502909051e+03
6.655598419085556088e+03
6.673649743683499764e+03
6.584700225563656204e+03
6.347724533829670690e+03
6.645875511552711032e+03
6.415609142381406855e+03
6.426202084828260922e+03
6.364425467899638534e+03
6.592025998019045801e+03
6.647524257631004730e+03
6.267852878792251431e+03
6.669762541431080535e+03
6.613507159952354414e+03
6.619548337542925765e+03
6.684150056366728677e+03
6.466701205764857150e+03
6.585839821885260790e+03
6.620096249668110431e+03
6.540234188804308360e+03
6.314792866420491009e+03
6.383051124760204402e+03
6.573348900127828529e+03
6.506106781519169999e+03
6.698105103388440511e+03
6.523891891450984986e+03
5.998247319513564435e+03
6.528772903810805474e+03
6.107648231870969539e+03
6.360580083647331776e+03
6.572897974162038736e+03
6.625631169787026010e+03
6.595271409623019281e+03
6.679008263123352663e+03
6.431648193443076707e+03
6.682969162951155340e+03
6.377198008840183320e+03
6.596213990028780245e+03
6.250222745828960797e+03
6.332162473807160495e+03
6.577578786381721329e+03
6.538941157344221210e+03
6.565265989385524335e+03
6.625531479406628023e+03
6.649879858079756559e+03
6.697903734411252117e+03
6.107648231870969539e+03
6.561662985624721841e+03
6.511480072620002829e+03
6.694868733407771288e+03
6.628306274679360286e+03
6.353585000762262098e+03
6.438389260938708503e+03
6.509354553972893882e+03
6.333484148046401060e+03
6.605463971795967154e+03
6.588718674111321889e+03
6.692303559277375825e+03
6.624769345100196006e+03
6.547740829253127231e+03
6.638888508562680727e+03
6.363507673387536670e+03
6.695727480954998100e+03
6.614553685930571191e+03
6.498769090492336545e+03
6.550162261219309585e+03
6.539758236141421548e+03
6.599101109664048636e+03
6.411271026690879808e+03
6.592194513445852863e+03
5.825691368262409924e+03
6.316271611689923702e+03
6.484703803868994328e+03
6.693516752422654463e+03
6.493606815167016975e+03
6.590430124667069322e+03
6.484751731978009047e+03
6.676783280058942182e+03
6.485441579089480001e+03
5.974602455848806130e+03
6.669003467007056315e+03
6.626473383718899640e+03
6.357987896318149069e+03
6.644473823764186818e+03
6.423899665388544236e+03
6.701775040998658369e+03
6.221144733035327590e+03
6.691583130535993405e+03
6.320790852526173694e+03
6.401890658043221265e+03
6.289075250656876051e+03
6.430316000226872347e+03
6.682128043691222956e+03
6.134470751735654630e+03
6.641400445986279010e+03
6.179329115863386505e+03
5.999504243709492584e+03
6.356538295317412121e+03
6.123880817440944156e+03
6.388163850840321174e+03
6.533695933039176452e+03
6.362518123866433598e+03
6.216458989949785973e+03
6.235287623701579832e+03
6.287314856802698159e+03
6.661277907768928344e+03
6.654733605405575872e+03
6.506617069262163568e+03
6.519241946331130748e+03
6.491628797137620495e+03
6.525502333723420634e+03
6.470643469879891200e+03
6.444369098017222314e+03
6.645401358673015238e+03
6.185332558699306901e+03
6.346140958560737090e+03
6.376056450483560184e+03
6.694961324048660572e+03
6.654016533557303774e+03
6.507113885964110523e+03
6.620596261904447601e+03
6.609830507148754805e+03
6.448516362950696021e+03
6.386615596992595783e+03
6.017751983907283829e+03
6.686708045211218632e+03
6.261098224084633330e+03
6.677476100113162829e+03
6.356185610143951635e+03
6.543581924114412686e+03
6.547759139808553300e+03
6.525443635418080703e+03
6.593159786639091180e+03
6.511850195572274970e+03
6.322244334950506527e+03
6.350843613294624447e+03
6.586992825730798359e+03
6.584893953602751935e+03
6.686573873860234016e+03
6.003392218015967956e+03
6.389501313735578151e+03
6.452850233765568191e+03
6.192403686866116914e+03
6.254548163043913519e+03
6.264324705983572130e+03
6.681156556783644191e+03
6.700965837299558189e+03
6.617256070969277062e+03
6.692898828194787711e+03
6.415091806032682143e+03
6.600161544183323713e+03
6.623670996264600035e+03
6.347036386353001944e+03
6.427040109428763571e+03
6.592806232154805002e+03
6.536785322363670275e+03
6.580447956746807904e+03
6.448588671588748184e+03
6.621166628096957538e+03
6.614371079140486472e+03
6.664845978022052805e+03
6.451666470296012449e+03
6.521196160067453093e+03
6.291373462560320149e+03
6.581409275918596904e+03
6.687573423421716143e+03
6.503381061117019271e+03
6.447035038041466578e+03
6.339823175564426492e+03
6.525029611586567626e+03
6.014003632402872427e+03
6.505717226081751505e+03
6.419901411808102239e+03
6.295507005347039012e+03
6.598939960027488269e+03
6.660928880392786596e+03
6.405196942541532735e+03
6.352150829742779933e+03
6.218269163844140166e+03
6.650091364448824606e+03
6.387903878190866635e+03
6.556805087997884584e+03
6.602888351988944123e+03
6.481986949958044534e+03
6.605793507835599485e+03
6.560200206309810710e+03
6.180198414178964413e+03
6.686796630860269033e+03
6.391413423186958426e+03
6.428413013462165509e+03
6.623518129962732928e+03
6.598016585185670920e+03
6.617347885173214308e+03
6.157796627791041828e+03
6.122093267879829909e+03
6.292203952972068691e+03
6.644409371688531792e+03
6.401337050855303460e+03
6.208458304349156606e+03
6.602172104352253882e+03
6.690360606236173226e+03
6.533476607717338084e+03
6.684048639296241163e+03
6.456309946920745460e+03
6.275501897952915897e+03
6.235646578096303529e+03
6.107648231870969539e+03
6.614847678906623514e+03
6.441862210890310962e+03
6.267533167475168739e+03
6.352711891989105425e+03
6.400687087650948342e+03
6.681061623133016838e+03
6.626923141862867851e+03
6.539763952625526144e+03
6.660137495677618972e+03
6.334146625746890095e+03
6.575626271659670238e+03
6.692257095529676917e+03
6.663071553236739419e+03
6.417565566817349463e+03
6.615456802494436488e+03
6.418509468506331359e+03
6.672807451394191048e+03
6.584953189829495386e+03
6.435161046836308742e+03
6.636589669217136361e+03
6.305770132773008299e+03
6.324966940347392665e+03
6.662687579113926404e+03
6.657037430458854033e+03
6.566513579238848251e+03
5.916382013739485956e+03
6.564596605625795746e+03
6.185731873713275490e+03
6.652920198457146398e+03
6.233597386963572717e+03
6.548919973260377446e+03
6.367700695576641920e+03
6.494659134124965021e+03
6.694923373277842984e+03
5.999771178208898164e+03
6.537095703267818863e+03
6.434769370483407329e+03
6.663162038035370642e+03
6.567706678702322279e+03
6.690752199917907092e+03
6.568401008316390289e+03
6.577850985626077090e+03
6.306752304515132892e+03
6.519323826172858389e+03
6.556378321820684505e+03
6.260733324629243725e+03
6.608838791458469132e+03
6.660137495677618972e+03
6.210831615981096547e+03
6.553279694573710003e+03
6.589338178773241452e+03
6.598415620357922307e+03
6.694787918963531411e+03
6.472470599980277257e+03
6.157655916863051061e+03
6.306505399834308264e+03
6.528571545285788488e+03
6.643993062964150340e+03
6.434403115100795731e+03
5.985866364572541897e+03
6.626905633719808975e+03
6.313813871665444822e+03
6.566492364901105248e+03
6.611926817908026351e+03
6.538187240826565358e+03
6.693728981633526928e+03
6.586666227207349948e+03
6.440094478021439500e+03
6.256875715759463674e+03
6.264989538896285012e+03
6.646296036273160098e+03
6.588755867545416550e+03
6.510316056927282261e+03
6.562327177097145977e+03
5.320843114685936598e+03
6.376773549496197120e+03
6.584325666196526072e+03
5.981293093884740301e+03
6.575105497073377592e+03
6.050076268138347587e+03
6.291535752751821747e+03
5.757301410724313428e+03
6.007828309491776054e+03
6.634648335136018432e+03
5.957427127658753307e+03
6.510740805474682020e+03
6.160171645185144371e+03
6.293060305053088086e+03
6.616528050876355337e+03
6.319417281425867259e+03
6.696724911550776596e+03
6.666736682113296411e+03
6.509280718855478881e+03
6.388181490095377740e+03
5.997745875753232212e+03
6.555898647850470297e+03
6.181888595133361378e+03
6.600161544183323713e+03
6.623140981836930223e+03
6.515825340392566432e+03
6.693746901165717645e+03
6.571929892620570172e+03
6.565079554587262464e+03
6.691711009201815614e+03
6.567965858852247038e+03
6.658956395001251622e+03
6.506687362644746827e+03
6.441923265971998262e+03
6.394922929103186107e+03
6.587518202017505246e+03
6.409957661958763310e+03
6.599176637395441503e+03
6.461350847051372511e+03
6.658553422765773576e+03
6.626163088592145868e+03
6.571650907898602782e+03
6.666447449697260708e+03
6.681061623133016838e+03
6.692110235326870679e+03
6.356538295317412121e+03
5.852023906329945021e+03
6.511031018070760183e+03
6.610968177252059832e+03
6.638476398574688574e+03
6.514802831935237009e+03
6.423526677594745706e+03
6.282838751701359797e+03
6.596872974274572698e+03
6.459675216845516843e+03
6.566430688722572086e+03
6.354980285064371856e+03
6.242276930990979054e+03
6.615113491111701478e+03
6.642103785814315415e+03
6.231770603787874279e+03
6.529134897798296151e+03
5.812159814557962818e+03
5.907586739136620963e+03
6.566983484679307367e+03
5.889850899652978114e+03
6.649800241773756170e+03
6.638080735792515043e+03
6.507369533496324038e+03
6.667686296586591197e+03
6.275035418704243057e+03
6.544403843901764048e+03
6.495466526655734924e+03
6.670472265743926073e+03
6.580933709889362945e+03
5.998424002158348230e+03
6.391202553191877996e+03
6.506400889177244608e+03
6.362053047799096930e+03
6.501780269616188889e+03
6.600161544183323713e+03
6.685134257217959203e+03
6.625631169787026010e+03
6.375979116471033194e+03
6.410396475033921888e+03
6.256834331255367943e+03
6.320950657097293515e+03
6.501001607872941349e+03
6.635588594611213011e+03
5.915250211442487853e+03
6.066006971702819101e+03
6.669981758877817811e+03
5.785662943814936625e+03
6.557201224143627769e+03
6.566528355209402434e+03
6.685890573410983052e+03
6.451067200069545834e+03
6.378165686731459573e+03
6.300565386591330935e+03
6.528228871685749255e+03
6.341321742920838005e+03
6.631447693341722697e+03
6.664625748486513658e+03
6.313269901612934518e+03
6.696165679101968635e+03
6.590759000216719869e+03
6.691079045439061701e+03
6.666626881708876681e+03
6.431606470424891995e+03
6.207836665575102415e+03
6.364638528684321500e+03
6.526005849091867276e+03
6.309941977301558836e+03
6.200677203559058398e+03
6.630619617050474517e+03
6.655699727996367074e+03
6.514386536306084963e+03
6.457596233768725142e+03
6.691403355601041767e+03
6.386877153749988793e+03
6.103523011025428787e+03
6.379576842810898597e+03
6.262931030347355772e+03
6.479180177904414450e+03
6.169914919266847392e+03
6.180198414178964413e+03
6.205758438429662419e+03
6.494747950866798419e+03
6.609069441915606149e+03
6.667747282956739582e+03
6.641967131010940648e+03
6.332429047072249887e+03
6.591590841463332254e+03
6.624391095906756163e+03
6.023663833856389829e+03
6.408795567568017759e+03
6.643052993605678239e+03
6.695770720718866869e+03
6.586047456992294428e+03
6.441073205468636843e+03
6.122657370525095757e+03
6.617075669451153772e+03
6.648678568350805108e+03
6.606052306148591015e+03
6.490791676328830363e+03
6.627215679597790768e+03
6.692260758350922515e+03
6.508657264507941363e+03
6.668540988271415699e+03
6.630419408058560293e+03
5.961348284987331681e+03
6.472347837838995474e+03
6.534035943644724284e+03
6.434403115100795731e+03
6.377064224118272250e+03
6.540086151081796743e+03
6.313998318528953860e+03
6.320499245717424856e+03
6.426872004647191716e+03
6.397346129857770393e+03
5.941431555234401458e+03
6.691626481337027144e+03
6.054148007743517155e+03
6.272106855190620990e+03
6.409180320198857771e+03
5.798480248654560455e+03
6.325854615449643461e+03
6.390540154282103686e+03
6.367695471842904226e+03
6.139796534121258446e+03
6.612641434440325611e+03
6.093547678680612080e+03
5.991859359944181051e+03
6.508056993754219548e+03
6.665721668231750300e+03
6.499557320919477206e+03
6.135557522721624082e+03
6.688246424980143274e+03
6.410005529593583560e+03
6.676781253916022251e+03
6.574542485685987231e+03
6.525553651788066418e+03
6.552881296382212895e+03
6.665944558301496727e+03
6.319525564863939508e+03
6.304540300516189745e+03
6.692370824957440163e+03
6.672383404351051468e+03
5.895064376720762084e+03
6.547759139808553300e+03
6.512052050047845114e+03
6.685961262043656461e+03
6.669426176646202293e+03
6.537031262128290109e+03
6.562231471208915536e+03
6.447608516964006412e+03
6.653141614840147668e+03
6.547041108361172519e+03
6.508634122116687649e+03
6.648840420410860133e+03
5.499808619712825021e+03
6.356538295317412121e+03
6.645416616104890636e+03
6.486321173518945216e+03
5.795473953115575569e+03
6.553003203144126019e+03
6.574576812258757855e+03
6.647923617984795783e+03
6.347094119955927454e+03
6.232592926185463512e+03
6.662651369706709374e+03
6.505717226081751505e+03
6.597779437411798426e+03
6.639295448968370692e+03
6.450725906955691244e+03
6.365737070460752875e+03
6.540054288950408591e+03
6.677526193777819572e+03
6.454013235250427897e+03
6.444289278650661799e+03
6.599594203847113022e+03
6.226948477971995089e+03
6.635900260038905799e+03
6.538283092446874434e+03
6.645482273744622944e+03
6.279912771097633595e+03
6.677891776505760390e+03
6.675262767712467394e+03
6.611004065945935508e+03
6.551020246332726856e+03
6.697020632177136577e+03
6.279742009286526809e+03
6.114047419841281226e+03
6.418662161091830058e+03
6.329682351301226845e+03
6.533071459335343206e+03
6.681081775691343864e+03
6.395011970352321441e+03
6.531380879481019292e+03
6.372632254387302964e+03
6.368437911177482420e+03
6.444312477926359861e+03
6.280871618715387740e+03
6.701783066160860471e+03
6.606075978895901244e+03
6.283349139537220253e+03
6.122119852020470717e+03
6.429238324296984501e+03
6.391822298909081837e+03
6.702530324886712151e+03
6.643050110533600673e+03
6.370840925726216483e+03
6.688066043494374753e+03
6.615462753155337850e+03
6.373580446177426893e+03
6.563622468298200147e+03
6.114659484754511141e+03
6.589656335474680418e+03
6.687555797110610001e+03
6.674575368503856225e+03
6.538187240826565358e+03
6.227911756711539056e+03
6.659434339331696719e+03
6.449086947954423522e+03
6.135557522721624082e+03
6.677710851303036179e+03
6.496866140956552044e+03
6.687099925314490065e+03
5.878034791234621480e+03
6.692846562585612446e+03
6.620941050710312993e+03
6.616509836101884503e+03
6.683580552732004435e+03
6.449135399048507679e+03
6.555704488305967971e+03
6.687706695444223442e+03
6.462165646169667525e+03
6.617756107635978879e+03
6.688412114244109034e+03
5.988266185862841667e+03
6.676081030243375608e+03
6.642265425168762704e+03
6.328156020391370475e+03
6.578161856722185803e+03
6.633470308077827212e+03
6.686573873860234016e+03
6.671106099302039183e+03
6.650843605245062463e+03
6.413651105370294317e+03
5.721532527642657442e+03
6.111434928604285233e+03
6.485776988491689735e+03
6.302001986767994822e+03
6.618773512835880865e+03
6.263137472707929192e+03
6.692931122573892935e+03
6.501563498767109195e+03
6.587608086676084895e+03
6.212342776761947789e+03
6.332162473807160495e+03
6.196524385447061832e+03
6.268577455339509470e+03
5.958144971679018454e+03
6.413832379299603417e+03
6.633846115919441218e+03
6.205533343257346132e+03
6.537920531545437370e+03
6.313813871665444822e+03
6.496823558389237405e+03
6.678305357106658448e+03
6.665721668231750300e+03
6.653105843078879843e+03
6.602169404305446733e+03
6.648070223251566858e+03
6.559714750131423898e+03
6.625007377576250292e+03
5.988055247076641535e+03
6.434107368405735542e+03
6.473928972339094798e+03
6.664845978022052805e+03
6.491628797137620495e+03
6.486543821690129334e+03
6.690056181302970799e+03
6.375222322553963750e+03
6.502626239037474079e+03
6.497223706133137966e+03
6.402038265653271083e+03
6.390095289963428513e+03
6.291949916284396750e+03
6.577974868617891843e+03
6.480228438895890577e+03
6.612388514552669221e+03
6.648884408512491063e+03
6.654730061080522319e+03
6.547055950880848286e+03
6.630907866172468857e+03
6.660384348740984933e+03
6.541209742765988267e+03
6.598320140358879144e+03
6.678872352612546820e+03
6.424547443441959331e+03
6.384046557406192733e+03
6.350546370943820875e+03
6.553800651174599807e+03
6.516888317774338248e+03
6.452548098289254995e+03
6.362380901072046072e+03
6.581747894427267966e+03
6.580813410387379008e+03
6.441638986760120133e+03
6.317443045964737394e+03
6.588168769845780844e+03
6.443318042414576666e+03
6.602933985244257201e+03
6.425654616257071211e+03
6.390273051816207953e+03
6.535052316343460916e+03
5.943875816237969048e+03
6.236421721831159630e+03
6.556805087997884584e+03
6.504444309258952671e+03
6.537087704943136487e+03
6.427040109428763571e+03
6.095980594787613882e+03
6.420784102347502994e+03
6.525785178258899577e+03
6.685183220106722729e+03
6.431526485107538974e+03
