9.940642450764082241e+03
1.035526774976383967e+04
1.036928833018883233e+04
9.949995706941383105e+03
1.028090427220689344e+04
1.040564156016623201e+04
9.768808080508719286e+03
1.032932179987064774e+04
9.198645269798096706e+03
9.643984306064805423e+03
9.924215627870715252e+03
1.017507281454302756e+04
1.010281919202970312e+04
9.769702303880800173e+03
9.569703747590210696e+03
9.743187174313789001e+03
1.025160205570558537e+04
9.865992403881235077e+03
1.029046124232835427e+04
1.038243585772513143e+04
9.975627430609209114e+03
9.252680792475748603e+03
1.038936451485616999e+04
9.005213474716156270e+03
1.011946972605737392e+04
9.526132142262413254e+03
9.549769620016686531e+03
9.573928888780563284e+03
1.016963679467022666e+04
1.014911264569081686e+04
1.027515042623760564e+04
8.763306387910695776e+03
1.033046601251876928e+04
9.287312459104045047e+03
1.013112480244509243e+04
9.811330909039590551e+03
9.761680951240357899e+03
9.853806951143888000e+03
9.414264331162135932e+03
1.020071670927617379e+04
8.725506904824376761e+03
1.034809781686757924e+04
9.513196434122912251e+03
9.918149312529807503e+03
1.031283520543626219e+04
1.002729691840743362e+04
9.173932122368587443e+03
9.744110867730101745e+03
9.669117285796310171e+03
9.560528567414277859e+03
8.854105584422246466e+03
1.041484037195402561e+04
9.040662798626501171e+03
1.017091580535911999e+04
9.967397500338469399e+03
9.731289379282487062e+03
1.003862439072618326e+04
8.688748440402392589e+03
1.017913259283775551e+04
1.036103730994468606e+04
1.040212354621778650e+04
9.105023267278411367e+03
1.003002947040216714e+04
1.029360108865681468e+04
8.944919971642040764e+03
1.034648711247357096e+04
1.027993398318496475e+04
1.043048259506148315e+04
9.986480802158894221e+03
1.040803625778299829e+04
9.140194709857714770e+03
1.041242432203487806e+04
9.680003256851239712e+03
1.021978840099847548e+04
9.933426639615910972e+03
1.035074783362547169e+04
1.007413081499693908e+04
8.977961496678814001e+03
9.565684761339207398e+03
1.030097675630635422e+04
1.018563218171395056e+04
9.595934187524258959e+03
1.002729691840743362e+04
9.614681215656544737e+03
9.040495064840180930e+03
8.264120123992701338e+03
9.636731358531626029e+03
1.028668752582584239e+04
1.006193858764490142e+04
9.532777204764355702e+03
9.436151488534716918e+03
1.042901408803121740e+04
9.397993467881846300e+03
1.009932437993009444e+04
1.031183793620279903e+04
9.998170433519146172e+03
9.669659908638799607e+03
9.678083630866993190e+03
9.974371535113461505e+03
9.643984306064805423e+03
1.001273413298961532e+04
9.932294602863965338e+03
1.017239375727867082e+04
1.031736455787855084e+04
1.041984195337544224e+04
1.035057414701820562e+04
1.035440580131459501e+04
1.028668752582584239e+04
1.008120832997134130e+04
8.916824147302941128e+03
1.015445244358546188e+04
1.018868815884498690e+04
1.003445503898077550e+04
1.031414038416492986e+04
1.032812499795027179e+04
9.374172535447996779e+03
1.029662300443404820e+04
1.042760742372090863e+04
9.926607913176856528e+03
9.990196262450059294e+03
1.003716573677388806e+04
7.872282939064592028e+03
1.041362547749842452e+04
1.034888487300209817e+04
1.032152409030339913e+04
9.989155042035185033e+03
1.023320489678726699e+04
1.024706358835419451e+04
9.933493428604466317e+03
9.601761072508665166e+03
1.025101053803871037e+04
9.504672956153151972e+03
1.025755210766746677e+04
1.026216958735771550e+04
1.005099978238088443e+04
9.576304333136198693e+03
1.034376718896053717e+04
8.390328250886495880e+03
9.862654599941452034e+03
9.525937309675362485e+03
9.735415332294673135e+03
9.814731980180335086e+03
1.009403334011891639e+04
1.032306419788626954e+04
1.019477403396067166e+04
8.528674712942000042e+03
1.003892710380091921e+04
7.497675341942541309e+03
1.013872942236197923e+04
9.475004605669706507e+03
9.841608231966576568e+03
8.943361571773117248e+03
9.628290174217450840e+03
1.003888316694852620e+04
9.871269508041617883e+03
1.001498225094164991e+04
9.578040192002752519e+03
1.019251811447715227e+04
9.202517391672907252e+03
1.020915875210129889e+04
9.993636423011979787e+03
9.227922545291836286e+03
1.015300089678626136e+04
9.465730318516485568e+03
9.827722615964827128e+03
1.017355282691955654e+04
9.755075103733293872e+03
9.985746503716116422e+03
1.019608052526770916e+04
1.031100991158919896e+04
9.751869727006385801e+03
8.375623154692810203e+03
9.528753736490591109e+03
1.030879860709022796e+04
1.035475798520607714e+04
1.037470397091105951e+04
9.115003427044011914e+03
1.024253246166586905e+04
1.023103252789253384e+04
1.027395114432075206e+04
9.576630193214476094e+03
1.039005266161421059e+04
9.797502814604784362e+03
8.468432909037666832e+03
9.755075103733293872e+03
8.496615546869597893e+03
1.022853031521991579e+04
1.008718341140472876e+04
1.032761442791678201e+04
1.008522948829292000e+04
9.388786988020860008e+03
9.930059071679279441e+03
1.025519525597998654e+04
1.011805806453917467e+04
9.778324231227201381e+03
9.987676846108906830e+03
1.041118318032046773e+04
9.384213396245329932e+03
1.032579689808016701e+04
9.762010090979976667e+03
1.043014427291510219e+04
1.033866164107224540e+04
9.863029243473629322e+03
1.009985500338697420e+04
1.011859847793474182e+04
1.042813822634920143e+04
1.043195059303989547e+04
5.699393678499023736e+03
9.974371535113461505e+03
1.000950163508605692e+04
9.107865421076672646e+03
1.042550329043477541e+04
1.008232941558305538e+04
1.022914164933472421e+04
1.028389394795528278e+04
1.022318936738240336e+04
8.608180158970815683e+03
1.002774749715861617e+04
1.041129947106476902e+04
9.691795279633133759e+03
1.006768737722386504e+04
1.022985918754752856e+04
9.777133677025300130e+03
8.240511340431059580e+03
9.941478190757963603e+03
9.865034002076539764e+03
9.200365761679619027e+03
1.009348784934937612e+04
9.965840289580602985e+03
1.015873562397508431e+04
1.018868815884498690e+04
7.618670805880683474e+03
9.930059071679279441e+03
1.006831380826405075e+04
1.018457878863316546e+04
1.039093157580924890e+04
9.994964078391789371e+03
9.565042885996830591e+03
8.700238768883908051e+03
9.185082082223361795e+03
1.030687422483179762e+04
9.614681215656544737e+03
9.169862629477804148e+03
1.022257412693835431e+04
1.002996685591679488e+04
9.349672460805506489e+03
9.472026634277641278e+03
1.038292671074092323e+04
9.889726056204184715e+03
1.005957172252835517e+04
9.753210535361122311e+03
9.587837167581015819e+03
1.040410291262711326e+04
1.013236648182682984e+04
1.000655753829594505e+04
8.610053654590912629e+03
1.031341824546696807e+04
1.025700710548477946e+04
1.036337569327906567e+04
9.706561956143543284e+03
1.006351447705958708e+04
1.039463263691292559e+04
9.400654338256337724e+03
9.053677315668563097e+03
9.748836367336210969e+03
9.356294491692935480e+03
9.900629624163160770e+03
8.926691711727013171e+03
1.004818152588306657e+04
1.011077185690412443e+04
9.567516539341302632e+03
9.661459131624720612e+03
1.001032337850688054e+04
1.040030306740639571e+04
1.040285172878819867e+04
9.868740970019316592e+03
1.022853031521991579e+04
1.027418364146401291e+04
1.036828412633319385e+04
9.339732059187652339e+03
1.006784368534414898e+04
1.019061614639646723e+04
1.015777096669676757e+04
9.614681215656544737e+03
9.954397008179957993e+03
9.681944822801764531e+03
9.948044790355801524e+03
1.005198866878764056e+04
1.005257355447496411e+04
1.004680212526491596e+04
1.028417836657949010e+04
1.042701963945058014e+04
1.009749827896061652e+04
1.008529255182729321e+04
1.036001194364484036e+04
1.043140256450375091e+04
8.487052938305412681e+03
9.021968378563253282e+03
1.037220705070814438e+04
1.008356637694933488e+04
9.714706620669463518e+03
9.614681215656544737e+03
1.021654230715157246e+04
9.855830607342475560e+03
1.006986207524856945e+04
9.930491162620117393e+03
1.020571388354259034e+04
8.573138556331912696e+03
9.809854702103662930e+03
9.236808694400730019e+03
1.000609835511815618e+04
1.001328931326161728e+04
9.343981934297418775e+03
1.021676163019263004e+04
8.870726272590949520e+03
7.982271969987611556e+03
9.715073825278937875e+03
1.028077849022215742e+04
8.824512123353066272e+03
1.032428402902415110e+04
8.704711270210682414e+03
1.023367927596513982e+04
9.256629101672577235e+03
1.017218952872269074e+04
8.078067974294321175e+03
9.945904100704943630e+03
1.010702272138853368e+04
9.610334598482246292e+03
1.003282459887279038e+04
9.356294491692935480e+03
1.030367784483629657e+04
9.087697079019850207e+03
9.259646547458105488e+03
1.014028316681931028e+04
1.033961896144247658e+04
8.168395700890099761e+03
9.202535334696374775e+03
9.042175348030505120e+03
8.859054693470816346e+03
8.608963011397052469e+03
1.014095581479537213e+04
9.729499139056446438e+03
9.435154786419321681e+03
9.248918911201471929e+03
1.030757618411652948e+04
1.042192948014782996e+04
1.001211282622381077e+04
8.653744709425915062e+03
8.919394113476357234e+03
9.504362447247029195e+03
9.328506637446083914e+03
9.805123223975702786e+03
9.882686915479931486e+03
9.344392016049408994e+03
1.019597656413069308e+04
9.633287610551758917e+03
1.007441715247193861e+04
9.772378576392782634e+03
9.572554529607197765e+03
8.962310792102913183e+03
1.002763341876304185e+04
1.037013573819242811e+04
1.024928186227390688e+04
8.708572083815401129e+03
1.006638889544526319e+04
9.142914523826488221e+03
9.693276971287850756e+03
9.406015726594905573e+03
9.826964357818147619e+03
9.728190486102965224e+03
9.401468692449323498e+03
9.700756557768760103e+03
1.037538261945060185e+04
1.030772699929301780e+04
8.846820761301842140e+03
8.864719377155783150e+03
9.764295351437860518e+03
1.013022130628333980e+04
9.214972040136424766e+03
9.723312958709204395e+03
9.646573955681640655e+03
9.535650783836052142e+03
9.953456418171192126e+03
8.290081683177962987e+03
9.958649611287628431e+03
1.023534955517186245e+04
1.042198926470196602e+04
1.034183875569230804e+04
9.983331707761732105e+03
1.023671696842560232e+04
1.025744543823069762e+04
9.717484228114233701e+03
8.571824001964185300e+03
9.745585750494388776e+03
9.898967933554415140e+03
9.822572308806968067e+03
1.036602614017171436e+04
9.948048087382332596e+03
9.857341235467160004e+03
1.020876325856257972e+04
1.042950552232658083e+04
9.465882603283456774e+03
9.554897970729081862e+03
9.647418540055223275e+03
1.033302410560836142e+04
9.924203692271479667e+03
9.504782389425268775e+03
1.001887242335635165e+04
1.025044483105385189e+04
8.692345097662398985e+03
1.021472051519601519e+04
7.524428124424348425e+03
9.731289379282487062e+03
1.035036101056685220e+04
9.612922381296295498e+03
1.025249641480765058e+04
1.035578231862340181e+04
1.032512682054833749e+04
1.037357753559113917e+04
1.040884794145719025e+04
1.032751513150573010e+04
9.670300425475124939e+03
1.042466425119645282e+04
9.799980251473250974e+03
9.793122475833042699e+03
1.042950898488776511e+04
1.020880317832922083e+04
9.386347155313040275e+03
1.007154840539007819e+04
9.874456781514403701e+03
9.919872041298125623e+03
9.506513262021082483e+03
9.571799085539241787e+03
9.256839928301649707e+03
1.035493122501855760e+04
8.701042475913804083e+03
9.748407909082920014e+03
1.009204995671399229e+04
9.765578998185121236e+03
9.249742542584044713e+03
9.739196678705540762e+03
9.686671285896620248e+03
1.010949559036361461e+04
9.971330277326662326e+03
8.496615546869597893e+03
1.009278390681886958e+04
8.903766949188511717e+03
1.026614549034362426e+04
9.900629624163160770e+03
9.697213315077013249e+03
1.014508910476934034e+04
1.003218933243950232e+04
9.428243521733467787e+03
1.042049079416267341e+04
9.554664687444057563e+03
9.127507038228362944e+03
9.837751730232994305e+03
9.474434573069569524e+03
1.037966219307678330e+04
1.030404743857775247e+04
9.128775679410213343e+03
1.017163810285373802e+04
1.018521127156436341e+04
1.022055222330649303e+04
9.947922979922077502e+03
9.098438202769501004e+03
1.040869826571018348e+04
1.022853031521991579e+04
1.040732244496576823e+04
9.961630202584612562e+03
9.362280092227079876e+03
1.027820267106931715e+04
1.027293870864013479e+04
9.096034677493411436e+03
8.524165730941087531e+03
1.018987722031088560e+04
1.036406881806647289e+04
9.956358698992351492e+03
1.042943511974154899e+04
9.928147079827762354e+03
1.033964194087831129e+04
1.040404908709671508e+04
8.790492098028891633e+03
1.036163785494629519e+04
8.579349702059516858e+03
8.962310792102913183e+03
9.431118862759398326e+03
1.030262327402043957e+04
1.027545190808023835e+04
9.549137472972370233e+03
9.812340868068495183e+03
9.897094026239510640e+03
9.213086248793953928e+03
1.011896715328890787e+04
1.031183793620279903e+04
9.302875601019866735e+03
1.004481362357684338e+04
9.590758438568225756e+03
9.065663656526034174e+03
8.919394113476357234e+03
1.022680380947911908e+04
9.559849515081772552e+03
9.743972652216600181e+03
9.848601386407342943e+03
1.032897667832814841e+04
1.034823258772458394e+04
9.755066056580722943e+03
1.041823963974128128e+04
1.016350663673903182e+04
1.020289454404087155e+04
1.035916325106566910e+04
1.020516317333795087e+04
9.940544368357121130e+03
1.017103053519320201e+04
9.397993467881846300e+03
9.614681215656544737e+03
1.015726920300423444e+04
9.231419261343611652e+03
1.036546175990811207e+04
1.017513977873266413e+04
8.546888330363251953e+03
9.881424563501501325e+03
1.008033684188133338e+04
1.016977631208512503e+04
1.021916148620262902e+04
1.020774851488102649e+04
1.010209067584451986e+04
8.747614821225450214e+03
9.885148890925955129e+03
1.018063878311477674e+04
1.032742613503489156e+04
1.033603661542068221e+04
9.908084759737008426e+03
1.034125366553216008e+04
8.908418844213825651e+03
1.005198866878764056e+04
8.584832221406584722e+03
1.019619257894472321e+04
1.002727343690988164e+04
1.010745773028097756e+04
9.018415965458494611e+03
9.496063846206867311e+03
1.010352727885428430e+04
1.016344868564557692e+04
9.896366625503396790e+03
9.691898586354192958e+03
9.665224296455486183e+03
9.808389045498413907e+03
9.971132609449163283e+03
9.954375101551406260e+03
9.922608584093271929e+03
9.720685464449625215e+03
8.928492599297553170e+03
9.601214855431209799e+03
1.022428231880613021e+04
1.021003846769815027e+04
9.217186859115667176e+03
9.677059133897633728e+03
9.859424587493420404e+03
1.042642833087264626e+04
9.614681215656544737e+03
1.010562443824006186e+04
9.531849722477434625e+03
1.029900879557979715e+04
1.024728706184474868e+04
9.924203692271479667e+03
1.020011055744070836e+04
9.468670506280323025e+03
9.324913512411731062e+03
9.830691859806687717e+03
1.035948173765529282e+04
9.777133677025300130e+03
1.013263953656045305e+04
9.588991486433398677e+03
9.356294491692935480e+03
1.024773237704586245e+04
1.032819650104528409e+04
9.855860267985372047e+03
1.006796072962495055e+04
9.974371535113461505e+03
1.039824223204264854e+04
1.011592642973769034e+04
1.015926106261258246e+04
1.013575835269622439e+04
1.034002540126713575e+04
9.562549546440470294e+03
1.000708962934073497e+04
9.124880356323636079e+03
1.003925604042485793e+04
9.319890630695294021e+03
9.439887480598326874e+03
1.006517776857833087e+04
1.008829868732097020e+04
1.004422865808832648e+04
9.012683369684604259e+03
1.025664601146022869e+04
9.572767794146777305e+03
1.040796326235337619e+04
9.896118554964721625e+03
9.198317204416809545e+03
9.687847814788688993e+03
1.025677713620474424e+04
1.042597105417370767e+04
9.462997635564826851e+03
1.005839897158920212e+04
1.002545983670993701e+04
8.544183769387818757e+03
1.019697710600090431e+04
1.011946972605737392e+04
9.624483624712540404e+03
9.689271781188390378e+03
8.881073083266448521e+03
1.012977626732975295e+04
1.011322850353764261e+04
1.010194128389256730e+04
1.032095548252895605e+04
9.748836367336210969e+03
9.838580916772403725e+03
1.005288726022859919e+04
9.994973602924754232e+03
9.779760420313930808e+03
1.008449404590084669e+04
9.372601822974393144e+03
1.033334715666514785e+04
1.037188681402105067e+04
1.022886394999974800e+04
1.040796326235337619e+04
1.014553586433975761e+04
9.572362125659910816e+03
1.007027310409857455e+04
9.753735438936764695e+03
1.021939893967979151e+04
1.018524612830648039e+04
1.013850266822153753e+04
9.108807864016178428e+03
9.661814201003759081e+03
9.951308323151199147e+03
9.426422009088611958e+03
9.976553043482112116e+03
9.698161108453889028e+03
1.038551235041156178e+04
9.838267962910857023e+03
1.003490703630753524e+04
9.075861890906029657e+03
9.454419908794730873e+03
1.028758872294787761e+04
9.793070472129351401e+03
9.874065493899332068e+03
1.002597065068547090e+04
9.391268823061818694e+03
8.300542805860801309e+03
9.451987395710497367e+03
8.710501811598052882e+03
9.973897389389721866e+03
8.944073600214571343e+03
1.005758666672978507e+04
9.713728368320935260e+03
9.294911510670484859e+03
1.033098920894709590e+04
1.005365435551960400e+04
9.952124428410985274e+03
1.028032980293941364e+04
9.869764239362009903e+03
1.011221668873534873e+04
1.038660418759376080e+04
1.014989710453562293e+04
9.652276513119984884e+03
1.038163986075033608e+04
1.031836344144129180e+04
9.804200256103667925e+03
9.849187487520106515e+03
9.831632320217604502e+03
9.704479954395952518e+03
9.836524761839871644e+03
9.824010357349710830e+03
9.348481240824286942e+03
1.035971643151793978e+04
9.939939358194353190e+03
9.974371535113461505e+03
9.401975212836123319e+03
1.037562711349343954e+04
9.832323523348868548e+03
1.032470323736556384e+04
1.042600334572508291e+04
1.042450146619572479e+04
9.988292924585770379e+03
9.677481713875153218e+03
9.639669574090674359e+03
1.022307873571773598e+04
9.260538179823332030e+03
9.732369613095837849e+03
9.039035234976739957e+03
9.954517589153780136e+03
1.015338366173643590e+04
9.187579246383269492e+03
9.862369658084942785e+03
1.025335082139148290e+04
1.033581529161776052e+04
9.989248737423415150e+03
1.002661962947601933e+04
9.557720868225500453e+03
9.994262814736319342e+03
1.015072973100794843e+04
9.665910630576587209e+03
1.030024481631357594e+04
1.021441852182007278e+04
9.063035767421968558e+03
1.024832862772835870e+04
1.020188898547949975e+04
1.029133031307538477e+04
1.005268563594899570e+04
9.881424563501501325e+03
8.414876933462361194e+03
1.024778489242160504e+04
1.010083414522054954e+04
9.874197051650420690e+03
1.032075163071989118e+04
1.029186068694860114e+04
1.033232389326722478e+04
1.035482794350115364e+04
1.042600334572508291e+04
9.269171837742138450e+03
1.002540974653403828e+04
9.463405290236056317e+03
1.008579265300593397e+04
1.003915968718994191e+04
9.922251266806610147e+03
1.028745578630288583e+04
9.110038024182842491e+03
1.007301978529460393e+04
9.538680392830912751e+03
9.839752503649324353e+03
1.010461150557151996e+04
9.635597145280238692e+03
9.911553731260031782e+03
9.915541093360254308e+03
1.007906801701779659e+04
1.028357815472608490e+04
1.025310494917361939e+04
1.000805156353572238e+04
9.558834186218104151e+03
9.011056713709853284e+03
9.556121653052241527e+03
1.019237214430054701e+04
1.022883866522718563e+04
1.017653678197722184e+04
9.993574896483369230e+03
9.636572084358627762e+03
1.043025707060285276e+04
1.038615386784694783e+04
1.022978275073864461e+04
9.461161051060911632e+03
1.035520417049759817e+04
1.029308668872877934e+04
9.557169879433640745e+03
9.887161031172185176e+03
9.498022659404585283e+03
1.021604626082969116e+04
1.038991380233768177e+04
9.510001440782452846e+03
1.041969798994385565e+04
9.847522450757434854e+03
8.315935824577642052e+03
9.454673039862635051e+03
9.632067002935367782e+03
8.354003103904393356e+03
1.037792548885936776e+04
8.405488521058872720e+03
9.607788666904594720e+03
1.039670086419313157e+04
9.893885794578016430e+03
9.089433027460303492e+03
1.034774264011459491e+04
1.030750201448738517e+04
1.016576641144049790e+04
1.015777096669676757e+04
1.012392451360295672e+04
1.013559950268283501e+04
1.010793737433674141e+04
9.469089378164204390e+03
9.906766722780856071e+03
9.486006833728617494e+03
8.660368968796818081e+03
8.524208107008744264e+03
9.993574896483369230e+03
9.794498000565947223e+03
9.772699504191585220e+03
9.646009935064877936e+03
9.684340232253385693e+03
8.263097895500392042e+03
9.947294427302034819e+03
9.614681215656544737e+03
8.835805845441689598e+03
9.351506864836999739e+03
8.959270873017145277e+03
9.796387015254895232e+03
1.022296684632483084e+04
9.589893411299921354e+03
1.007499908537393276e+04
1.025992190392166412e+04
9.994262814736319342e+03
1.019657521454035304e+04
9.469990677151126874e+03
1.024064440273169021e+04
1.012555057185183250e+04
1.006105586837407282e+04
9.147271338398524676e+03
1.035924931997599560e+04
1.012625637270457446e+04
1.037235674665776787e+04
9.927835791122113733e+03
9.241127689636306968e+03
9.215086288473761670e+03
8.845123476587295954e+03
9.429794083929426051e+03
9.303849792401928426e+03
1.042489146202552365e+04
9.747634732970969708e+03
9.833388366236917136e+03
1.005198866878764056e+04
1.032595120999688334e+04
1.040007115452694052e+04
9.512853038660501625e+03
1.029031128047146558e+04
1.010279429163170607e+04
9.604414736866057865e+03
1.038336851745380773e+04
1.022060815603957235e+04
9.847522450757434854e+03
1.040626621147537480e+04
9.564841418691034050e+03
1.003817091214023822e+04
1.017507281454302756e+04
9.744683224563814292e+03
1.001387838123972870e+04
9.655820592617890725e+03
1.018655092242653882e+04
8.943860091625498171e+03
1.005198866878764056e+04
9.423949433164858419e+03
9.557720868225500453e+03
8.393382452919147909e+03
9.964084566095565606e+03
9.340070376333436798e+03
9.554214957156769742e+03
9.208218025965736160e+03
8.902296383806871745e+03
8.869410244944609076e+03
8.960194600061764504e+03
1.042509320280061183e+04
1.007542472248306512e+04
9.283153123714415415e+03
1.027455773777301147e+04
9.935640337041983003e+03
1.004792250022894041e+04
9.789315023592494981e+03
1.026589231754548200e+04
9.625856439459905232e+03
1.031336982455720681e+04
9.820183262394699341e+03
9.435317598293999254e+03
9.305465982083700510e+03
9.922641680390497640e+03
1.017823859205731424e+04
9.385603171323929928e+03
1.020552727705652433e+04
1.015502895911595260e+04
9.113578232935342385e+03
1.007650722903754104e+04
9.847453771166736260e+03
1.039116095864262752e+04
9.935273543295952550e+03
1.007611094031539687e+04
1.032472615184107781e+04
9.257320571949061559e+03
8.602173624736207785e+03
1.004494895169377560e+04
1.016116026858094483e+04
9.929534455001146853e+03
9.952925484208619309e+03
1.017321398530645092e+04
9.526279744847906841e+03
1.025435834022621202e+04
8.574912117918531294e+03
1.017653678197722184e+04
8.508301396060818661e+03
1.005851651642186698e+04
1.012274421382944820e+04
9.228137816094509617e+03
1.023063518759231374e+04
9.793229751102648152e+03
1.029016119678556242e+04
1.025574852465491858e+04
9.852873825498147198e+03
9.567608972969766910e+03
1.025063694312017833e+04
1.025318413305268405e+04
1.026325937085954138e+04
9.987813576435564755e+03
1.028406145603370896e+04
1.007210971876582698e+04
9.909421507461738656e+03
1.022905606808080120e+04
9.554354807043469918e+03
9.941863123431805434e+03
1.011503744124440345e+04
1.004085512990207462e+04
1.041195418333097405e+04
8.767955711571319625e+03
1.023012516431001859e+04
1.002478976487392356e+04
1.011882847127466084e+04
1.021872036341419516e+04
1.008896043616779752e+04
9.794498000565947223e+03
8.632394107297946903e+03
1.040376615878568737e+04
1.000362949057317928e+04
1.013963815506354513e+04
9.974371535113461505e+03
1.025427973883251434e+04
1.034377319017428454e+04
9.793293531123048524e+03
1.003702087747762198e+04
9.314618409238779350e+03
9.463320146212303371e+03
1.004774040974606578e+04
9.784462542269808182e+03
1.027769225199065113e+04
1.028482772791986099e+04
1.041135797803666719e+04
9.608163341950663380e+03
8.574945193658541029e+03
9.561382657070382265e+03
8.991993181598863885e+03
1.035473504380879240e+04
1.034497983882219523e+04
9.021970293155154650e+03
1.041679646970842805e+04
1.037158422504222472e+04
9.925734906102075911e+03
9.247801865928835468e+03
9.717274259913294372e+03
1.009666731380977762e+04
1.006565830252867090e+04
9.986847462686291692e+03
1.010406548692450451e+04
1.017085589610121679e+04
1.034374579874987830e+04
1.011649003119204463e+04
1.025899528504316731e+04
1.015238302872002168e+04
9.259155790553330007e+03
9.394509885810652122e+03
9.839839093291015161e+03
1.033094079458051237e+04
1.004949064039677432e+04
8.230312675393053723e+03
9.373727625129176886e+03
9.561506335955378745e+03
1.021365166724726441e+04
1.018055005408456782e+04
9.681968987775215282e+03
9.516460862004078081e+03
9.757205388260739710e+03
9.623399483319097271e+03
1.041195566334998693e+04
1.008330846714742620e+04
9.049613250329373841e+03
9.794470264197763754e+03
1.017429448902601325e+04
9.614681215656544737e+03
9.801655341769203005e+03
9.628290174217450840e+03
1.036327537905572717e+04
9.878413095351788797e+03
9.896242329615964991e+03
9.686558130410834565e+03
9.159781601627000782e+03
1.036573373883058412e+04
9.917187838897290931e+03
1.031326866474264170e+04
9.926154401297169898e+03
1.007334882437652959e+04
1.030381588192064737e+04
9.998748105138558458e+03
9.614681215656544737e+03
1.022632258415258912e+04
9.027170212345241453e+03
1.027357002153806206e+04
1.024793249105973882e+04
9.908893394390699541e+03
9.592216113106998819e+03
9.224345523242609488e+03
9.295608983996506140e+03
1.027842353367172836e+04
1.016837192502653852e+04
1.024610921460404825e+04
9.880210009717571666e+03
1.026246829068714760e+04
