1.179958413935989847e+04
1.169321105245246508e+04
1.057069798896526117e+04
1.187968669294629217e+04
1.101547993804620091e+04
1.134339311756366806e+04
1.195056300954466860e+04
1.173884183319559452e+04
1.129990084295444285e+04
1.151912464172021282e+04
1.020935497445937654e+04
9.853326382817151170e+03
1.090439324522303650e+04
1.040439919821198782e+04
1.171581430028931391e+04
1.188290981493519212e+04
1.070192838947725431e+04
1.186485466621674459e+04
1.181685480047945020e+04
1.198759636895334188e+04
1.193415955330266115e+04
1.102458955164958388e+04
1.073830076332402314e+04
1.152512376608040722e+04
1.060134273242373638e+04
1.181495713870591862e+04
1.078536839083745508e+04
1.176267759833215314e+04
1.155062226509136963e+04
1.182831141906405173e+04
1.149772810886237858e+04
1.174059189536213853e+04
1.179763817311484308e+04
1.162041828875017382e+04
1.017852393542337086e+04
1.116418651078001312e+04
1.170182563942604975e+04
1.124796191183831615e+04
1.147309733725174010e+04
1.190130019754043133e+04
1.174250923130317096e+04
1.087021517453158958e+04
1.079695211230080167e+04
1.112110911859640510e+04
1.129270659144731690e+04
1.137710675186222215e+04
1.064022696089986493e+04
1.165381846084963763e+04
1.129453354271437274e+04
1.007054575759457839e+04
1.146746044431737391e+04
1.173173058429952653e+04
1.137180644085156382e+04
1.115694660696575193e+04
1.180968826148804874e+04
1.151695552640270398e+04
9.912168826870089106e+03
1.041915808322713019e+04
1.195728927730267060e+04
1.198120635676651000e+04
1.192624205002886811e+04
1.146840323326326688e+04
1.124535811032660786e+04
1.143272622029524427e+04
1.195283592804350701e+04
1.177454647243046020e+04
9.693415344522836676e+03
1.174842460220953581e+04
1.093202837059292506e+04
1.138950422943211015e+04
1.100480929685134470e+04
1.090993167081430147e+04
1.095738418120156530e+04
1.057605763055958778e+04
1.189361572574225102e+04
1.138195573291929213e+04
1.134834874163574023e+04
1.161650583957891649e+04
1.129815760571451392e+04
1.038538876058555979e+04
1.134260273188193605e+04
1.170724352439367431e+04
1.192864252296617451e+04
1.144390848452288810e+04
1.043759788835109794e+04
1.171375221681044422e+04
1.112559951323495807e+04
8.828478816518607346e+03
1.025998483059254795e+04
1.049561029578583475e+04
9.694561535623528471e+03
1.158228181005692204e+04
1.121041493912357328e+04
1.190768864226402366e+04
1.012498265829569755e+04
1.085593727048589426e+04
1.147309733725174010e+04
1.110653313422679639e+04
1.138616965981660906e+04
1.038153595306762145e+04
1.193060854869083778e+04
1.190781086737854275e+04
1.013132278556446545e+04
1.130516622369757170e+04
1.160554315135864090e+04
1.118043908443917098e+04
1.158237802036934045e+04
1.188172206897261640e+04
1.096054977294216224e+04
1.196213557301591572e+04
1.142896697552156184e+04
1.119628537849101122e+04
1.150702055957923949e+04
1.188148426984336947e+04
9.230902115512875753e+03
1.169165062945746831e+04
1.056429708072669746e+04
1.187404245242977595e+04
1.192226791635052541e+04
1.056619553836455816e+04
1.077676128579454598e+04
1.037384714387912754e+04
1.119522506813491054e+04
9.648316109375611632e+03
9.625558628170079828e+03
1.088532977613715775e+04
1.190245044100719861e+04
1.145354112075844932e+04
1.195521028685741112e+04
1.078152849301140122e+04
1.050478376021694930e+04
1.159773181923772609e+04
1.106697986284340732e+04
1.112057351017860674e+04
1.188670157386586288e+04
1.068273629464958503e+04
1.191301813811644570e+04
1.120443503944008989e+04
1.197582876424449023e+04
1.174812177638338653e+04
1.100480929685134470e+04
1.198636721768504867e+04
1.196716190037865454e+04
1.183475908466722103e+04
1.076589306177051549e+04
1.046452588185261266e+04
1.023337764862681070e+04
1.149380094729747543e+04
1.122762535293134351e+04
1.156523912061141891e+04
1.086805576317246596e+04
1.198581637950603363e+04
1.058863756222404845e+04
1.129222777858398149e+04
1.045907490822828549e+04
1.187172712885467627e+04
1.099921871851149263e+04
1.174790547497046646e+04
9.560247742671377637e+03
1.195914511661844881e+04
1.123716135282190044e+04
1.187771953226567712e+04
1.156221527620181041e+04
1.057895960511105659e+04
1.079965044490487526e+04
1.117500822090348447e+04
1.155711107631935920e+04
1.067367085228377982e+04
1.085284555772501699e+04
9.746729883972337120e+03
1.177578267157366281e+04
1.033961667822701384e+04
1.052052980553367161e+04
1.196879069917139896e+04
1.171286542250736238e+04
1.184919475560541105e+04
1.193855278747235207e+04
1.115801550863729790e+04
1.188147612229369406e+04
1.160175674371039713e+04
1.162714694355122265e+04
1.180196228057710505e+04
1.184189486650155050e+04
1.197380687875661533e+04
1.146810930103001374e+04
1.090079462742442774e+04
1.074664463816120406e+04
1.174703043450953191e+04
1.126148880722671674e+04
1.157492017054836106e+04
1.126579556000430784e+04
1.147837091547034106e+04
1.179630433567892760e+04
1.060363400537320558e+04
1.180328062522531764e+04
1.165853423440207553e+04
1.187154475193465441e+04
1.123091710455575776e+04
8.206439491748413275e+03
1.103321836337458262e+04
1.180642980272684144e+04
1.144561307127647160e+04
1.195283592804350701e+04
1.198731419532285872e+04
1.182252140417426017e+04
1.008658718244186639e+04
1.180810308636408627e+04
1.116893799468897669e+04
1.119048342668890655e+04
1.198215795958710260e+04
1.191758076955341858e+04
1.156004893984671071e+04
1.113743027027999415e+04
1.134162629406416454e+04
9.359483373394559749e+03
1.143093651397640497e+04
1.131007699803003561e+04
1.062437357041438736e+04
1.192786664056812333e+04
1.093007743661445056e+04
1.117805546212290210e+04
1.152291966136456540e+04
1.077172465396777625e+04
9.987976382032888068e+03
1.101525596667103309e+04
9.797858745674930105e+03
1.145233638626191532e+04
1.054779751693371145e+04
1.027760497087251497e+04
1.191600980384166905e+04
1.056124468849831828e+04
1.104184612617399762e+04
1.101001857421621207e+04
1.106723682555066807e+04
1.092907244266577982e+04
1.100828329436886452e+04
1.060239440861959520e+04
1.137668920771812918e+04
1.194057025254626205e+04
1.176824347314967599e+04
1.178517184773732151e+04
1.129604267229592551e+04
1.135380512302281932e+04
1.137500198791061302e+04
1.118414952391022234e+04
1.155129374394840852e+04
9.375841754426164698e+03
1.183722149095618806e+04
1.175106406410410818e+04
1.158989322807062126e+04
1.060992749012949571e+04
1.175226372461896608e+04
1.180216641315578272e+04
1.168391300815481736e+04
1.193965390565269627e+04
1.147304635289029284e+04
1.121227220546258832e+04
1.188994173860812407e+04
1.195521028685741112e+04
1.118906754703008664e+04
1.069201077976125634e+04
1.101310551264853711e+04
1.121766108397278367e+04
1.153104037067139870e+04
1.137500198791061302e+04
1.187768480707504568e+04
1.159793153577419434e+04
1.081962690573986401e+04
9.787146373537369072e+03
1.187765047495016552e+04
1.122883435132506384e+04
1.162006359125798917e+04
1.162553257296120864e+04
1.141302001053894128e+04
1.162734737356743426e+04
1.150462585209276040e+04
1.126054868519555384e+04
9.965433560031178786e+03
1.142417377663345906e+04
1.136561555551015044e+04
1.159679980355613407e+04
1.023277011986879734e+04
1.175267534131266439e+04
1.122154261107407729e+04
1.053205607366108597e+04
1.120672045189803612e+04
1.104416937488125041e+04
1.194301645832449140e+04
1.070543057283928283e+04
1.048541223112040461e+04
1.113683073719864478e+04
1.175114490121126073e+04
1.127969766606830308e+04
1.105566060331715926e+04
1.184459892800495072e+04
1.071246339774054832e+04
1.160571420385509919e+04
1.194125514541356824e+04
1.182275142749167208e+04
1.187995629997062861e+04
1.179378014831858673e+04
1.197359147985381242e+04
1.190079918353706489e+04
1.148474035905735946e+04
1.192850685406367484e+04
1.177454647243046020e+04
1.187303873789796853e+04
1.195521028685741112e+04
9.938393955222580189e+03
1.134401965560279132e+04
1.196798191542924542e+04
1.190312029037837783e+04
9.970290883484503865e+03
1.129938817933481369e+04
1.154283622862752600e+04
1.182535144238831708e+04
1.140328969859793506e+04
1.084451823155233433e+04
1.119721282120971955e+04
1.055438432591668789e+04
1.147630508397582162e+04
9.470140230572347718e+03
1.123950599797940231e+04
1.063190609303008750e+04
1.174261303317695274e+04
1.099040732179823135e+04
9.868230099722415616e+03
1.136024098292682902e+04
1.160772580529689003e+04
1.128460771996982294e+04
1.134582599691558062e+04
1.178824873359230878e+04
1.155431789331222171e+04
1.191170644791730592e+04
1.004996805871351535e+04
1.091194532700796663e+04
1.180938637597331581e+04
1.111954762138226397e+04
1.128876751528677778e+04
1.087506465390878839e+04
1.177750052586535821e+04
1.106977821609502280e+04
1.181399822204477096e+04
1.189296755565560125e+04
1.173755392113249400e+04
1.114441631719635734e+04
1.051677961731047617e+04
1.164318803943200328e+04
1.189982151279904792e+04
1.175528509978099828e+04
1.179958413935989847e+04
1.126349376058346024e+04
1.117289473198281848e+04
1.084831017375597730e+04
1.019404204088139704e+04
9.583980260296670167e+03
1.155277922443205352e+04
1.057814250423121848e+04
1.145492187330117304e+04
1.168642924719279290e+04
1.085816155621792495e+04
1.183070715029148596e+04
1.140777610723500038e+04
1.139753360529351994e+04
1.131699167101090279e+04
1.157788030288663867e+04
1.187765047495016552e+04
1.163974246477296037e+04
1.184441845660834042e+04
1.132132185861582911e+04
1.144468002418809920e+04
1.097436975959235133e+04
1.045218586282363322e+04
1.128888750246345444e+04
1.191777362711796923e+04
1.138198166887094703e+04
1.113878101567909835e+04
1.101858513706196391e+04
1.118477316925606283e+04
1.104030460382422098e+04
9.828111222070147051e+03
1.155974912189939823e+04
1.093918082169124864e+04
1.191449158151940173e+04
1.062624795041174730e+04
1.157089985016356877e+04
1.167873483455202950e+04
1.082319996632535913e+04
1.093914980078621011e+04
1.033564548007719895e+04
1.180842269959228361e+04
1.190063446287312763e+04
1.149397208910960762e+04
1.176202640162946227e+04
1.160772580529689003e+04
1.180929872193983465e+04
1.179519928056625577e+04
1.190037444491863062e+04
1.179812548844140474e+04
1.193271454109354090e+04
1.115217866290214079e+04
1.125126871075521922e+04
1.053932985815086613e+04
1.036213335691595603e+04
1.173615584450272218e+04
1.000917946801930520e+04
1.150548115336186675e+04
1.128567544342640576e+04
1.183653448411183854e+04
1.142575396685322994e+04
1.168060905707522761e+04
1.195758606669474648e+04
1.178280429790178277e+04
1.162041828875017382e+04
1.168528199213225525e+04
1.106833288177524810e+04
1.178184882102737720e+04
1.178417164109953774e+04
1.183796821257190095e+04
1.187895117505676171e+04
1.105031895771699055e+04
1.159803844231211951e+04
1.185134263855125027e+04
1.190803947487221740e+04
1.021369780302993604e+04
1.075828285299357412e+04
1.152960800473950621e+04
1.188067220563024421e+04
1.133810738276114535e+04
1.173745596807137190e+04
1.058620489445921703e+04
1.156070689086693892e+04
1.153468002595817597e+04
1.195856588297573580e+04
1.142212270399519184e+04
1.161331117667018952e+04
1.094234458129444101e+04
1.098348955396193742e+04
1.095888056406794203e+04
1.180781325508941154e+04
1.042103594916715883e+04
1.192627585219320827e+04
1.068591246297493126e+04
1.175478171120872503e+04
1.146553229372371061e+04
9.424166707911515914e+03
1.066564686772385176e+04
1.193156768616771842e+04
1.187685163381303755e+04
1.156389561426719956e+04
1.111791108745478778e+04
1.130125815094294376e+04
1.105566060331715926e+04
1.045907490822828549e+04
1.163955601199466764e+04
1.075346473482043803e+04
1.110183217932624393e+04
1.135628365447420219e+04
1.189684843592672405e+04
1.185590649011663299e+04
1.195666575625469704e+04
1.013919235111210219e+04
1.168613452682983916e+04
1.052949073397191569e+04
1.158021743553541273e+04
1.028100120695385340e+04
1.154283622862752600e+04
1.148844818289661089e+04
1.010159198999725413e+04
1.086723484802510575e+04
1.146575294056025632e+04
1.154759852328061243e+04
1.111654348508106705e+04
1.191216548597352448e+04
1.141438503055718866e+04
1.134950213694713239e+04
1.158070218454031237e+04
1.173849136772057318e+04
1.135156448706774609e+04
1.061022661013764809e+04
1.054134853202636805e+04
1.186651854777614062e+04
1.185255419494035959e+04
1.155795175504556755e+04
1.173679221990985388e+04
1.071506853238477379e+04
1.178622745850679348e+04
1.056375344204695648e+04
1.190033492943810779e+04
1.153023099828916020e+04
1.176440687935649476e+04
1.090462969641085147e+04
1.156379290755304100e+04
1.080464853532070083e+04
1.178816398046437644e+04
1.190798152800181197e+04
1.178949328575561776e+04
1.149660538609307696e+04
1.185262536673312025e+04
1.134233728278911803e+04
1.133269264159598424e+04
1.188802078108339992e+04
1.146210073147866206e+04
1.138314495077074753e+04
1.047465758732835820e+04
1.164100560912768924e+04
1.182421404720626924e+04
9.392714160345251003e+03
1.194803731678558688e+04
9.910074241467646061e+03
1.180099867851793533e+04
1.186575161423681675e+04
1.154768639284793608e+04
1.005877901056795963e+04
1.168409756047320479e+04
1.090512236209260300e+04
1.081641790243855939e+04
1.177450740211704760e+04
1.154172731078033212e+04
1.093443846533221586e+04
1.161733591413835529e+04
1.096250406608906633e+04
9.770920402217181618e+03
1.147298119720056093e+04
1.112449005295681127e+04
1.154768639284793608e+04
1.161298687729177618e+04
1.071819088586767430e+04
1.011042268423449786e+04
1.149134569861034106e+04
1.164696192071276528e+04
1.183806825572673552e+04
1.133555849390706680e+04
1.162123941960709817e+04
1.126045941407289138e+04
1.153809217697119311e+04
9.315540118758384779e+03
1.181774176132938010e+04
1.109145094120428803e+04
9.172948960431760497e+03
1.176986522769524709e+04
1.155377559912214019e+04
1.110667377243156443e+04
1.092950929518241537e+04
8.966847051666863990e+03
1.090162947393549621e+04
1.052012578139128527e+04
9.899010001814556745e+03
1.047208233226688026e+04
1.081808280566293797e+04
1.119648286495061438e+04
1.174715224468094675e+04
1.136560309390270413e+04
1.193933419898545981e+04
1.169397324345082961e+04
1.177454647243046020e+04
1.134815683639258350e+04
1.151928161707733307e+04
1.135013232343811978e+04
1.165006887095541060e+04
1.169141583091590110e+04
9.866166758854093132e+03
1.146605720814880442e+04
1.149725254119911915e+04
1.197733535427336028e+04
1.138891403994389839e+04
1.172249281589993188e+04
1.170611845880035617e+04
1.070246746943632752e+04
1.134550212170596933e+04
1.083586005196167025e+04
1.138973272233590069e+04
1.185427518656694338e+04
1.173150816025018139e+04
1.196213918836531411e+04
1.153898038149047716e+04
1.188463793163236551e+04
1.125654860500695577e+04
9.409962255015712799e+03
1.066209777817906070e+04
1.082590562242733722e+04
1.138035545722856477e+04
1.064384760757399272e+04
1.141667647913199471e+04
1.192129031861503063e+04
1.041269379674929223e+04
1.125654860500695577e+04
1.038299302923492360e+04
1.161796523132880611e+04
1.159620821241407612e+04
9.907613652531344997e+03
1.158633265419440977e+04
1.156784776497015810e+04
1.176837225645545186e+04
1.069188766070270503e+04
1.154046765169391801e+04
1.142120945453956665e+04
1.177027359305721620e+04
1.185078204512195953e+04
1.185093950600555218e+04
9.846472517035414057e+03
1.150909389941643167e+04
1.119242402525062425e+04
1.187768480707504568e+04
9.816036318070466223e+03
1.189598370547185914e+04
1.147979150960287734e+04
9.938393955222580189e+03
9.830435488737606647e+03
1.129060359685149524e+04
1.161345963393062630e+04
1.039544639660868779e+04
1.106548336512796959e+04
1.162795235127029082e+04
1.003537961449597242e+04
1.100738942951500212e+04
1.181050750344236076e+04
1.123427040040888460e+04
1.184594288851075908e+04
1.129009340749357943e+04
1.154044270803879772e+04
1.128067179814940027e+04
1.050923312747388263e+04
1.128839478343186602e+04
1.180917861858162360e+04
1.090224017593204553e+04
1.079432090524644445e+04
1.153555924402938763e+04
1.195095034695880349e+04
1.115779917700660371e+04
1.171092399430186197e+04
1.174082226603281742e+04
1.193826037819437624e+04
1.169188231686867221e+04
1.189186767468153994e+04
1.120701955055512917e+04
1.132458623621409788e+04
1.117586159903032967e+04
1.103497553249890916e+04
1.177123958520720771e+04
1.154209404438991987e+04
1.112162582177976219e+04
1.196767088980485642e+04
1.182304527462390615e+04
1.121670255785893642e+04
1.134815683639258350e+04
1.187115067439591076e+04
1.191094573776753350e+04
8.967179020707895688e+03
1.138950422943211015e+04
1.021754838219230260e+04
1.175024972470555258e+04
1.185359756200246738e+04
1.110580675143778171e+04
1.194175790292239981e+04
1.178071778482117224e+04
1.187890505370804021e+04
1.198038309733274218e+04
1.176024550696498954e+04
1.149211935571912545e+04
1.144096524333458547e+04
1.120613206546986657e+04
1.123634401345637161e+04
1.183311951767999562e+04
1.143977444137723614e+04
1.122663375894500859e+04
1.144949982401533453e+04
1.164396448996405707e+04
1.197049025852080376e+04
1.058450587723412536e+04
1.141302001053894128e+04
1.153495853280407027e+04
1.107257339340926774e+04
1.019731286457888564e+04
1.117855324035178637e+04
1.158381098210445271e+04
1.144358249242097372e+04
1.120588143158951425e+04
1.184856850519160253e+04
1.161921538505735589e+04
1.090462969641085147e+04
1.161097061135574586e+04
1.138864316595992204e+04
1.009525788987090527e+04
1.186651854777614062e+04
1.182621331271379677e+04
1.194937775454240182e+04
1.172255807383776846e+04
1.148817704915475952e+04
9.937559762491095171e+03
1.193897601076002684e+04
1.194634753871340581e+04
1.179533577103639254e+04
1.145953865490996395e+04
8.779526492164628507e+03
1.058035123859966916e+04
1.147838880153324135e+04
1.039336834712547716e+04
1.146759444013831671e+04
1.190083380303529157e+04
1.134285909305904352e+04
1.164252341565605093e+04
9.181979339702538709e+03
1.161045410287411505e+04
1.161302892055446318e+04
1.136968594721090449e+04
1.183510399431363840e+04
1.145020795367748360e+04
1.172762727627634013e+04
1.161112014321946845e+04
1.193415955330266115e+04
9.539340765047818422e+03
1.152627494180919530e+04
1.097832001956276872e+04
1.118414952391022234e+04
1.176279477685002530e+04
1.137130335466938595e+04
1.174270063898847002e+04
1.158073707335690233e+04
1.154233792888868629e+04
1.032054851839783805e+04
1.042103594916715883e+04
1.131578586327244193e+04
1.188830272075112225e+04
1.093598586777480887e+04
1.168548180737768416e+04
1.047489935829003298e+04
1.140270112563931616e+04
1.145731495518060365e+04
1.109867912165621965e+04
9.331143070878353683e+03
1.116772643451773001e+04
1.130270001136142673e+04
1.195977631236653178e+04
1.127550875386704865e+04
1.114607337819108943e+04
1.038544499402667498e+04
1.168494474520459153e+04
1.120949732871726883e+04
1.130659456086130194e+04
1.193594716319534200e+04
1.125235521499901733e+04
1.164442227283296234e+04
1.171115147751165205e+04
1.059810073533622563e+04
1.183732580943439280e+04
1.157194859033810280e+04
1.113867876986090960e+04
1.160520514368252407e+04
1.170591955623105605e+04
1.079739107920179595e+04
9.510505098120360344e+03
1.075686661522559552e+04
9.713059647508545822e+03
1.182121740545570356e+04
1.157423855147304130e+04
1.176646577280217753e+04
1.172008171113506978e+04
1.189684843592672405e+04
1.174842460220953581e+04
1.154123341558943503e+04
1.054867703356031780e+04
1.190642087486001401e+04
1.152754175697386199e+04
9.986449942873383407e+03
1.186708726330943318e+04
1.177883288780163275e+04
1.091492149680255352e+04
1.153056462681365156e+04
1.111173005053320776e+04
1.156441828696993616e+04
1.136366127225720811e+04
1.131918001987484240e+04
9.714444168052290479e+03
1.183767898872464502e+04
1.178279020646107165e+04
1.084483443606007859e+04
1.114783928095532974e+04
1.154228181185436188e+04
1.166395063450925227e+04
1.198636721768504867e+04
1.022623540596601742e+04
1.105663176899046084e+04
1.102675138454141961e+04
9.574668825041166201e+03
1.168059972208574072e+04
1.164807162507332760e+04
1.148907138943370592e+04
8.955126766771594703e+03
1.105794108928614878e+04
1.108484335787330747e+04
1.152896325022856036e+04
1.111336261405543337e+04
1.080133962869726383e+04
1.029274919139194753e+04
1.008487338515763804e+04
1.143093651397640497e+04
1.177944011427930855e+04
1.129579117617023076e+04
1.146039033267644118e+04
1.193167927222054641e+04
1.194030877717428302e+04
1.155224470410643517e+04
1.014991837571066571e+04
1.194504323491905234e+04
1.136393296636125524e+04
1.153862718517741450e+04
1.098738058165922666e+04
1.019731286457888564e+04
1.028948743505634047e+04
1.018733279848699749e+04
1.136772940443509651e+04
1.141572259129133090e+04
1.031715841478679067e+04
1.163888376022480588e+04
1.176305733945010797e+04
1.160175674371039713e+04
1.183689956724972581e+04
1.108836048363003101e+04
9.920265757220113301e+03
1.011781669589345256e+04
1.148186150972742689e+04
1.120277372583218312e+04
1.174261303317695274e+04
1.083079189361817407e+04
1.175255178035578137e+04
1.073710253538466350e+04
1.098276623620788087e+04
1.177046270854251634e+04
1.191788973829074894e+04
1.198772000209586076e+04
1.141493456656559465e+04
1.114341532599355014e+04
1.164499843598166990e+04
1.163070595727824912e+04
1.185513498446249650e+04
1.140600837981765289e+04
1.167282950919206269e+04
1.138173283896179419e+04
1.151157036079765203e+04
1.181276112116607692e+04
1.054245409311551339e+04
1.188670157386586288e+04
1.152884851862166761e+04
1.039232920171936530e+04
1.185285918898607270e+04
1.094620404078443607e+04
1.127214136417122791e+04
8.439602084442847627e+03
1.142002809315592822e+04
1.091365131633304190e+04
1.074536265457678564e+04
1.119256192143656153e+04
1.008983954497783270e+04
1.177412852946906241e+04
1.087948622097787302e+04
1.146759444013831671e+04
1.070007786220967319e+04
1.025752945619946695e+04
1.191613050760850820e+04
1.114213087092342539e+04
1.193782632907123298e+04
1.066666663869641707e+04
9.797858745674930105e+03
1.135892775533214080e+04
1.198967933348635052e+04
1.197852493830314233e+04
1.131153613258094811e+04
1.119310588657414701e+04
1.011840378352821062e+04
1.132000053148362349e+04
1.005205777961968488e+04
1.123675295091563930e+04
1.078045714695466449e+04
9.931437382895437622e+03
1.148844818289661089e+04
1.168049315382816349e+04
1.147883509543904438e+04
1.193405464167093669e+04
1.194742717221200655e+04
1.119604228030033664e+04
1.111695363353014181e+04
1.168821188223448917e+04
1.070689015931889844e+04
1.183282933549405425e+04
1.120105433463864210e+04
1.179384955578353220e+04
1.165930156370930854e+04
1.147664853244865299e+04
1.146713723288644360e+04
1.174453578344332891e+04
1.122132857509604946e+04
1.059810073533622563e+04
1.126815107152570636e+04
1.180594911353364296e+04
1.146759444013831671e+04
1.078144139613064362e+04
9.626608646836690241e+03
1.192889515674972063e+04
1.145160049525376598e+04
1.154023998717655195e+04
1.075224316961564182e+04
1.192004365871421032e+04
1.165675565155926961e+04
1.191801879876054045e+04
1.131839956836610509e+04
1.181192376714072816e+04
1.141420970170218061e+04
1.196124039106874989e+04
1.117681215566449100e+04
1.194333368887968936e+04
1.109566000870751850e+04
1.189988425445975008e+04
1.194175790292239981e+04
1.190631142893522156e+04
1.167876017433534071e+04
8.808617028412303625e+03
1.162000468862359594e+04
1.176517778863734020e+04
1.170819425159345701e+04
1.198634412077884917e+04
1.110719529361853711e+04
1.158262530620691177e+04
1.047465759914634509e+04
1.008983954497783270e+04
1.108755073889175765e+04
1.054663069750559589e+04
1.044684900669950730e+04
1.159082589899022423e+04
1.012110697887517017e+04
1.144242375704002552e+04
1.047080005694120337e+04
1.189690896720762248e+04
1.150410230318080539e+04
1.128842430254232750e+04
9.874152915374961594e+03
1.084463170212762088e+04
1.038012005826968016e+04
1.145456278952144930e+04
1.177231430619227649e+04
1.120956018051483625e+04
1.078155726870391663e+04
1.196716190037865454e+04
1.079673704035760238e+04
1.165300300123614943e+04
1.092873709686573966e+04
1.145271316876074525e+04
1.023604154240597381e+04
1.009536382459520610e+04
1.014642107471971758e+04
1.147517590520568228e+04
1.035577596794106648e+04
1.136838323245412175e+04
1.112720494990281259e+04
1.084652128761142922e+04
1.102067680440041477e+04
1.151468791469378993e+04
1.195050314040515877e+04
1.156524397236962795e+04
1.083963675617530498e+04
1.185328110086480410e+04
1.072572085617462290e+04
1.039005649804330824e+04
1.108299902566976380e+04
1.158329054803896906e+04
1.107924597446073494e+04
1.173927901477958949e+04
1.105568502497244117e+04
1.088658196360954753e+04
1.113683120484209212e+04
1.163378920182353977e+04
1.175226372461896608e+04
1.144669752472657638e+04
1.098531257708340127e+04
1.165456397547636516e+04
1.068339366864320436e+04
1.122622645628374266e+04
1.153273204574610463e+04
1.131491890583739951e+04
1.134815683639258350e+04
1.186191326025035414e+04
1.174599219854363400e+04
1.197529218327982016e+04
1.068093177482201099e+04
1.160129161367685992e+04
1.158859151012688744e+04
1.194955335864454537e+04
1.115723019583134737e+04
1.194057025254626205e+04
1.191646884603605213e+04
1.114046912932395207e+04
1.170692963245831379e+04
1.195068366027237425e+04
9.713059647508545822e+03
1.092950929518241537e+04
1.178757629020425884e+04
1.144402597279455586e+04
1.184939501806453336e+04
1.186900709327874210e+04
1.137323971397511559e+04
