4.890570663738742951e+03
4.857867896576022758e+03
4.993912720355983765e+03
5.027665322914171156e+03
4.957075802019055118e+03
5.021337445431186097e+03
4.930015304030013795e+03
4.944432239000728259e+03
4.899303244601574988e+03
4.949536725561154526e+03
4.880295225356753690e+03
4.947472018768270573e+03
4.908272673314413623e+03
4.993601798375878388e+03
4.879984648922400993e+03
5.021492025790252228e+03
4.964443036682429920e+03
4.931727937089344778e+03
4.985252282412232489e+03
5.022943537631588697e+03
4.964700342472005104e+03
4.929514351788688145e+03
4.809522964960451645e+03
4.827564945516533044e+03
4.952823754000790359e+03
4.960430410699415006e+03
5.007502364665693676e+03
4.767628353170266564e+03
4.971874242344823870e+03
5.001769981066416221e+03
5.017180691803516311e+03
5.006813654748464614e+03
5.023149398973458119e+03
4.984448656655004015e+03
4.945079830523183773e+03
4.930787800367626915e+03
4.746446230157049285e+03
4.968594600461185109e+03
4.956100698405289222e+03
4.880167390907005029e+03
4.912253837377038508e+03
4.852707089370669564e+03
4.725661819520957579e+03
5.014652912915873458e+03
4.836320444671610858e+03
4.952204094614460701e+03
4.969372364787164770e+03
4.926404638602289197e+03
4.628071412078422327e+03
4.721406897489321636e+03
4.911167755943628435e+03
5.026749368594941188e+03
4.981469818275061698e+03
5.026989430821393398e+03
4.758002954474173748e+03
5.005157125943769643e+03
5.007909824047557777e+03
4.932426223671846856e+03
4.865094443774063620e+03
5.014047381625931848e+03
5.033299675950053825e+03
4.889142910554171067e+03
5.018509526848412861e+03
4.980222983363440107e+03
5.000776368818424999e+03
4.930698657873377670e+03
5.001125670322547194e+03
4.817569456727565921e+03
4.749688529923514579e+03
4.979014616307063079e+03
4.963044130139108347e+03
5.029083940531867484e+03
4.839572161485941251e+03
4.926426296654132784e+03
5.004191152821791547e+03
4.932896272449132084e+03
5.031007014916156550e+03
5.015207582357901629e+03
5.026206890640778511e+03
4.983748423776006348e+03
5.017314679782768508e+03
5.007242261110157415e+03
4.992002758325199466e+03
4.859919739143279912e+03
5.033410353475433112e+03
4.800869550645349591e+03
5.021736857386291376e+03
4.979053443066275577e+03
4.934802369296901816e+03
4.872380116663833178e+03
4.706142148152115624e+03
5.010012214058505378e+03
4.916678807401351150e+03
5.032936797868283975e+03
4.783910039764925386e+03
4.921540282361938807e+03
5.030995425681167944e+03
4.956756584177723198e+03
4.957220585102879340e+03
5.030658615833210206e+03
4.767933850808181887e+03
5.006685054913530621e+03
4.990986721852656046e+03
4.741275466546072494e+03
4.962445071180961349e+03
5.024081299963248966e+03
4.990433961873350199e+03
5.026617326540305839e+03
4.966209691823265530e+03
4.745594669150226764e+03
4.923630844486290698e+03
4.973168504783328899e+03
4.908643272712279213e+03
4.951990491767269305e+03
5.026989430821393398e+03
5.019692993216467585e+03
4.878588749981184264e+03
4.995369213431391472e+03
4.877651212502034468e+03
5.021408967168319577e+03
5.019460077993564482e+03
4.923235154697676990e+03
4.932349872850059910e+03
4.863572566190930957e+03
5.017241408115916784e+03
4.959303719684060525e+03
5.004013473054998030e+03
4.965537677884787627e+03
5.027772513117583003e+03
5.012608878901778553e+03
4.964475030263130975e+03
4.960977829128960366e+03
4.823465708323994477e+03
4.988791272306751125e+03
5.012664915863637361e+03
4.861126876152590739e+03
5.028519584638146625e+03
5.008904548399850682e+03
4.972852781870239596e+03
4.922913605783332969e+03
4.904215234037043956e+03
4.863435960166190853e+03
5.024139718506199642e+03
5.015456053102968326e+03
5.000934912696246101e+03
4.944618381696642246e+03
4.985887995152688745e+03
4.883513124808247085e+03
5.029597615580516504e+03
4.899303244601574988e+03
4.584383842686256685e+03
4.926824188364674228e+03
5.025682857810324094e+03
4.924861506631226803e+03
4.938713772651450199e+03
4.796323340324292076e+03
4.970821280762120296e+03
4.897199102675152972e+03
5.031710992211679695e+03
5.004845986297345007e+03
4.985644924050466216e+03
4.861356050857339142e+03
4.863349544258942842e+03
4.908317614488030813e+03
4.651727371703540484e+03
5.030243605703022695e+03
4.937634466682395214e+03
4.909441268826943997e+03
4.867598557876004634e+03
5.031933715169221614e+03
5.024182676106529470e+03
4.968997299103251862e+03
5.012232242081363438e+03
4.926005001442383218e+03
5.001440985448316496e+03
4.790134013615339427e+03
4.825245789338843679e+03
4.770118170469534562e+03
5.011689911480663795e+03
4.855702947746527570e+03
4.733098845098491438e+03
4.865337687628087224e+03
5.022014619555574427e+03
5.024900706849970447e+03
4.975663708133337423e+03
5.007606006838868780e+03
5.021492025790252228e+03
4.856870559266790224e+03
4.606002228922875474e+03
4.796020342368849015e+03
5.032612100355512666e+03
4.999376829340392760e+03
4.720062921964325142e+03
4.958003627717207564e+03
4.978034272300262273e+03
4.810492682651170981e+03
5.018635640488404533e+03
4.902571627335792073e+03
4.896347974506539686e+03
4.781242687652198583e+03
5.023513502437310308e+03
5.008253703116241013e+03
4.929514351788688145e+03
4.962645043352024004e+03
5.003728633676596473e+03
4.955760928229354249e+03
4.791133568900399951e+03
4.997411095100400416e+03
4.956936927398188345e+03
4.860411762321505194e+03
4.998778316457469373e+03
5.028540776555535558e+03
4.954452971422468181e+03
4.992388775465959043e+03
4.774916209922674170e+03
4.762746679038922593e+03
4.936551973250521769e+03
4.906714596230965071e+03
4.963397195099236342e+03
4.955976708175395288e+03
4.974049390304771805e+03
5.009116632145765834e+03
4.928633422810680713e+03
4.952823754000790359e+03
4.810574201167472893e+03
4.927606269857045845e+03
5.002836801465080498e+03
5.026784995312118554e+03
5.026015049227656164e+03
5.011215445021397500e+03
5.006235925653326376e+03
4.940533855115405458e+03
4.953695182755865972e+03
4.973958957546144120e+03
4.967878044265205972e+03
4.919594687679222261e+03
4.841462712621923856e+03
4.898710141502152510e+03
4.936848125942755360e+03
4.728427565614527339e+03
5.009393158629145546e+03
4.956498471054921538e+03
5.006505090309310617e+03
5.001612723126916535e+03
5.015130168894301278e+03
5.014605164334323490e+03
5.003036403118258931e+03
4.985997541851335882e+03
5.002353950775198427e+03
4.999042088283782505e+03
4.890345242823226727e+03
5.001920088551787558e+03
4.978850129289755387e+03
4.992528124811497946e+03
4.851939313949178540e+03
4.951654460929772540e+03
4.816963193205446260e+03
5.028035858239307345e+03
4.966670307537259760e+03
4.990961315047032258e+03
4.784476583298297555e+03
4.937906892732560664e+03
4.995594639172532879e+03
5.000235786489102793e+03
4.985020341102449493e+03
4.942500442257445684e+03
5.016847732371545135e+03
5.018032014535657254e+03
4.890856338183037224e+03
4.857007008826459241e+03
4.982627918181633504e+03
4.866764039440180568e+03
4.931746737188079351e+03
4.878226405779663764e+03
4.986859387722228348e+03
4.997106811266356090e+03
5.025526175934717685e+03
5.010087605552784225e+03
4.961571700530666931e+03
4.961838650866196986e+03
4.942155963456396421e+03
4.901894031457661185e+03
4.965537677884787627e+03
5.032467245706379799e+03
5.027677387678948435e+03
5.028823128159426233e+03
4.871040662405281182e+03
5.025301182252060244e+03
4.775595617191485871e+03
4.987680421942955036e+03
4.954614226324762058e+03
5.026038161255018167e+03
4.909396070480932394e+03
4.960106137706283334e+03
4.942675162474943136e+03
4.936043998688674947e+03
5.000283060212517739e+03
4.942932398812426982e+03
5.011869566811375080e+03
4.972311316413147324e+03
5.030753505964774376e+03
4.945826556172646633e+03
4.921546624791590148e+03
4.828173160678301429e+03
5.011641629516701869e+03
4.975512575653085150e+03
4.976316781625904696e+03
5.028008436808660917e+03
4.896703339782514377e+03
4.956613952778469866e+03
4.860641863225726411e+03
4.919797863660880466e+03
4.802770131774373112e+03
4.966195679076639863e+03
4.863078085177576213e+03
5.007906711619640191e+03
4.913391506607198608e+03
5.028008153390507687e+03
4.729106758568103032e+03
4.989356499943859490e+03
5.021907805404714964e+03
4.780873767178858543e+03
5.016121599645895913e+03
4.685932557919704777e+03
4.984176316387472980e+03
4.978435508787090839e+03
5.020767727757455759e+03
4.954796220818099755e+03
4.979930020704596245e+03
4.942676926322632426e+03
4.994085406694975973e+03
4.831117248022836975e+03
4.993792524262190454e+03
4.935690986832202725e+03
4.901572119470463804e+03
4.932235885227172730e+03
4.915828862533011488e+03
4.824810230029414015e+03
4.744454687547031426e+03
5.012113975526210197e+03
5.031950040168995656e+03
5.000380104370951813e+03
4.951990491767269305e+03
4.886965954216985665e+03
5.002436333378733252e+03
4.991475838032070897e+03
4.871583368403742497e+03
5.010611072887651972e+03
4.934103291028993226e+03
4.904219012924019808e+03
5.015066344104214295e+03
4.994447553815793071e+03
5.015224018461723972e+03
4.802770131774373112e+03
4.992148083096129994e+03
4.993002996064148647e+03
4.755216875840211287e+03
4.996239935490894823e+03
4.906343241070678232e+03
4.809333877856146501e+03
4.917285334698722181e+03
5.004609637727695372e+03
5.018054956724105068e+03
5.015520221679597853e+03
4.799825643130091521e+03
4.908191875673768664e+03
5.022361365837354242e+03
4.982092579655760346e+03
5.015653810306943342e+03
4.889990901030272653e+03
4.803137340357391622e+03
5.005941325809078990e+03
4.780375299831301163e+03
4.837614102044323772e+03
4.975898311304542403e+03
5.029276838663205126e+03
4.944216387400832900e+03
5.013394460783520117e+03
4.879443176968713487e+03
4.926091233035794176e+03
5.021117253166346927e+03
5.010970599053074693e+03
5.014278727032564348e+03
4.998023508728991146e+03
5.031233419613166006e+03
4.974216064557202117e+03
4.956120187843670465e+03
4.971597227155394648e+03
5.013190545398987524e+03
5.028187095812170810e+03
4.872359327585172650e+03
4.961714124367935256e+03
4.883979854026846624e+03
4.869858364204266763e+03
4.962315563056041356e+03
4.887783516395773404e+03
5.025906502787087447e+03
4.893263626708288939e+03
5.020749777643814923e+03
4.618551648982835104e+03
4.661622164178807907e+03
4.861363035114054583e+03
5.002840499044139506e+03
4.965433587026972418e+03
4.813890079422282724e+03
4.932176231228555480e+03
4.810229611927221413e+03
4.890938522081063638e+03
4.846064749232820759e+03
4.996244554054147557e+03
4.946168168367697035e+03
4.956371625205315468e+03
4.992882565548235107e+03
4.940463796910576093e+03
4.956639840285346509e+03
4.897189106328856724e+03
4.927464850921265679e+03
5.005053114102778636e+03
5.002144052372370425e+03
4.996886544195745955e+03
4.991015138570735871e+03
4.949614328270287842e+03
4.886736192379424210e+03
4.927334620870684375e+03
5.008354808925056204e+03
4.872972250038135826e+03
5.024072772875051669e+03
4.855979061743599232e+03
5.022954452063967437e+03
4.982842291196292535e+03
5.023126222980932653e+03
4.963774707275368200e+03
5.030247502451567925e+03
4.959297770699460671e+03
4.981319618322566384e+03
4.946834549626481930e+03
4.907267998340443228e+03
4.878319698251685622e+03
4.991453981962523358e+03
4.948612741682822161e+03
4.917670335037864788e+03
4.933394877481395270e+03
4.948754960312609001e+03
4.873367177807338521e+03
5.013452109023372941e+03
4.995733433102543131e+03
4.858522324771953208e+03
4.861214257849493151e+03
4.908844403736929053e+03
4.954922210689506755e+03
4.837888249719357191e+03
4.984478614894485872e+03
5.028949116799923104e+03
4.844163318511928082e+03
5.010064874281993980e+03
4.897073425369140750e+03
5.022604088513828174e+03
5.013058192892887746e+03
4.990104406026347533e+03
4.948055582654131285e+03
4.940843331393021799e+03
5.001300790307268471e+03
4.751209582438119469e+03
4.986715688416591547e+03
5.012050071942703653e+03
5.014775430025625610e+03
4.987784560854814117e+03
5.021441145588630206e+03
5.007906711619640191e+03
4.761079002401297657e+03
4.928972802782335748e+03
5.012762026144345327e+03
4.993557591715291892e+03
4.928664853637438682e+03
4.721623494998023489e+03
5.008565924243082918e+03
5.016614728807161555e+03
5.014852809677262485e+03
4.999629303644048377e+03
4.904674428759773946e+03
5.016479285482948399e+03
5.000724306940334827e+03
4.836007795435304615e+03
4.974811915756521557e+03
4.900614841633829201e+03
5.028920755937388094e+03
4.903336258642721987e+03
4.994787670993635402e+03
4.839459481212526953e+03
4.943397697149297528e+03
4.921605035144363683e+03
4.844522534286790687e+03
4.988858462058776240e+03
4.997964178718078983e+03
5.003998181060969728e+03
4.825607357269492240e+03
4.963659923640631860e+03
4.889183967391030819e+03
4.901735176274924015e+03
5.028494564135912697e+03
5.019566537015762151e+03
4.957815793571422546e+03
4.915546362874356419e+03
4.999979576055670805e+03
4.900004284700568860e+03
4.944256343949257825e+03
4.999702681550294074e+03
4.886792725310609057e+03
4.941413169679552084e+03
4.901842532628634217e+03
4.784476583298297555e+03
5.029787106125724677e+03
4.820754132418180234e+03
4.992885999670702404e+03
5.033299675950053825e+03
4.972414252612390555e+03
4.872786097973360484e+03
4.987614279470590191e+03
5.024868924029522532e+03
4.684137427039428076e+03
4.995594639172532879e+03
5.023188571218675861e+03
4.896963315409966526e+03
4.974811915756521557e+03
4.819341198874766633e+03
4.983567208359563665e+03
5.027957912349935214e+03
4.996244554054147557e+03
5.008097910302780292e+03
4.899982734235228236e+03
4.966073759779672400e+03
4.977327833979517891e+03
5.018448702832358322e+03
5.009985774914590365e+03
5.024001448438486477e+03
4.933822260836321220e+03
4.869500173160721715e+03
4.887589981820825415e+03
5.031189845513372347e+03
4.986588476207341046e+03
4.798470445666389423e+03
5.009492002537683220e+03
4.801888546654208767e+03
4.950764954328769818e+03
5.008854543924355312e+03
5.011215445021397500e+03
4.926639749899006347e+03
5.019668366136233089e+03
4.997681638312202267e+03
4.866059831463584487e+03
4.883118547007718007e+03
4.991352451432245289e+03
4.973457102025980930e+03
4.858717676685552760e+03
5.018315301214209285e+03
4.869247197331045754e+03
4.877799941498182307e+03
5.012664915863637361e+03
4.718861527797324925e+03
4.816453771825741569e+03
4.971378086875291046e+03
4.861067842338346964e+03
4.995532920579116762e+03
4.858944919145851600e+03
4.882763739455255745e+03
5.032064239803779856e+03
4.944952878695211439e+03
4.959930912878736308e+03
4.897952272272980736e+03
4.929316097352140787e+03
4.912232308568922235e+03
5.005918641976181789e+03
4.999821130250797069e+03
4.884883746298892220e+03
4.536510372243983511e+03
4.965545247181497871e+03
5.004261734476249330e+03
4.931762654343281611e+03
4.918772279056317529e+03
4.766638725038342272e+03
4.749957160485459099e+03
5.006249773580753754e+03
5.009066311515174675e+03
4.994619802348851408e+03
4.792263799943011691e+03
4.621656304537379583e+03
5.004657721967969337e+03
4.907584045894731389e+03
4.969747907723452954e+03
5.005616057414503302e+03
4.975166950885670303e+03
4.981750082426366134e+03
4.958038527741926373e+03
5.024362511447778161e+03
4.911586923134050267e+03
5.024326352683331606e+03
4.905424624643217612e+03
4.949667330743039201e+03
4.914770913444707730e+03
4.979566437173609302e+03
4.885242136772440062e+03
4.947081228168041889e+03
5.030518719865096500e+03
4.846814232733087920e+03
4.978543158110810509e+03
5.006693613336657108e+03
5.003435590434954975e+03
4.964178316604756219e+03
5.030643650984078704e+03
5.015086297047943845e+03
5.032612100355512666e+03
4.941086632554425705e+03
4.855001606803365576e+03
4.974058715055026369e+03
4.986198816644673570e+03
4.880355488035543203e+03
5.021557492240452120e+03
4.931518279652739693e+03
4.956300749380690831e+03
4.928244179255852941e+03
4.926202704761706627e+03
4.714168501066737008e+03
5.014974030109792693e+03
4.930875378530132366e+03
4.916604284714730056e+03
5.014909052776903081e+03
4.984936364632682853e+03
4.976121179647863755e+03
4.995874222937710329e+03
4.963753650887135336e+03
4.857136581568329348e+03
4.937463690009319180e+03
4.805001016267977320e+03
5.020789790825929231e+03
4.934763868412786906e+03
4.968531794132700270e+03
4.892269515450621839e+03
5.012210652705935900e+03
4.970117175418705301e+03
5.023734484809876449e+03
5.015514955277284571e+03
4.908643272712279213e+03
4.922253332963764478e+03
4.817659258971377312e+03
5.015692033912357147e+03
4.719940256328201940e+03
4.890478239205405771e+03
4.860806201924609923e+03
4.932226068661299905e+03
4.990600730549890613e+03
5.016847511433362342e+03
4.952022486819765618e+03
4.921811328282512477e+03
4.986931505455369916e+03
4.965810910745724868e+03
4.945358613176795188e+03
4.870810786585686401e+03
5.014357457227501072e+03
5.018657408478274192e+03
4.952466256162517311e+03
5.007847460466919074e+03
4.898945411410368251e+03
4.955486296227047205e+03
4.931346662985663897e+03
5.030941290411117734e+03
4.979458164684018811e+03
4.802335402194630660e+03
4.996756117140806964e+03
4.780036894852744808e+03
4.977874294700446626e+03
5.026107179085549433e+03
5.031158564647065759e+03
4.910177156569270664e+03
5.000571028561356798e+03
4.810229611927221413e+03
4.983021482298068804e+03
5.031050217074403918e+03
5.018801647942147611e+03
4.740703744000725237e+03
4.984314584847725200e+03
5.002327120979954088e+03
4.938513688258322873e+03
5.020499893508565037e+03
4.919562585511547695e+03
4.975623825514766395e+03
4.979961969483549183e+03
4.926923274517328537e+03
4.875394894422861398e+03
4.928714714955917771e+03
4.866634244518731066e+03
4.940217143741168911e+03
5.031337190289065802e+03
4.861828371618632445e+03
5.011220829324310216e+03
4.999054986536999422e+03
4.960957851108873911e+03
5.025359454920826465e+03
4.814172313064695118e+03
5.020031203177442876e+03
4.951041423394410231e+03
4.917557007442806935e+03
5.004930211146869624e+03
4.998208401138446789e+03
5.000145509886346190e+03
4.777034648958469916e+03
5.019995690985123474e+03
5.028852821168627997e+03
4.833745017752367858e+03
4.950297466896816331e+03
5.019089476379839653e+03
4.923747696925072887e+03
4.978650571539828888e+03
5.033161182929503411e+03
4.651718462882410677e+03
4.964330402670027979e+03
4.947938933975328837e+03
4.993557868895351930e+03
4.938175386827790135e+03
4.834442772370913190e+03
4.842171340490323018e+03
4.877052707795202878e+03
4.969949654999370978e+03
4.857479367162516610e+03
4.911897665972905088e+03
4.916006508862507872e+03
5.007316794773772017e+03
5.006439682019058637e+03
4.651718462882410677e+03
5.017732812898470002e+03
5.027122226510475230e+03
5.009066311515174675e+03
4.761396272144912473e+03
5.013272547027769178e+03
4.773639431928712838e+03
4.995210997205294916e+03
4.989279992590838447e+03
5.020572597511487402e+03
5.011669451197403760e+03
5.009834134088065184e+03
5.013627953527859972e+03
4.883475188505801270e+03
4.933376293504232308e+03
5.015671322898541803e+03
4.983602090337367372e+03
4.953520261705171833e+03
5.017258181799402337e+03
4.984136913071279196e+03
4.966130563599729612e+03
4.958916006021650901e+03
4.929236463807987093e+03
5.011215329947876853e+03
5.008754786567111296e+03
5.007695980408808282e+03
4.941274765009011389e+03
4.847976852360018711e+03
4.726434137357973668e+03
4.978058310726363743e+03
4.997578610657360514e+03
5.032271441208216856e+03
4.955344987361806488e+03
4.889234101726602603e+03
4.764881881414377858e+03
4.981288015125664060e+03
4.864499590103763694e+03
4.826025787110431338e+03
5.021711077854015457e+03
4.787388245174134681e+03
4.871568573395879866e+03
5.024001448438486477e+03
4.886257606035372191e+03
4.632748442447831621e+03
4.911134782284115317e+03
4.817281141488278081e+03
4.899535482553219481e+03
5.007071054688375625e+03
4.931698614307066237e+03
5.025669271657412537e+03
4.985887995152688745e+03
4.726249245325636366e+03
4.888054790467887869e+03
5.010508512038269146e+03
5.007493228614033796e+03
4.947026029131592622e+03
4.966754592333934852e+03
4.986667408396214341e+03
5.001001481529040575e+03
4.684321166428912875e+03
4.920377784215106658e+03
4.820758010631008801e+03
4.850635593632262498e+03
4.792643636562014763e+03
5.017146287534551448e+03
5.019125702229698618e+03
4.930820899423504670e+03
4.986834018234440009e+03
4.923416684377592901e+03
4.985093482817355834e+03
4.993765791710817211e+03
4.901398715121811620e+03
4.897808558535657539e+03
5.009535873366162377e+03
4.969949654999370978e+03
4.969349430318329723e+03
4.951876848298414188e+03
5.030813933293109585e+03
4.982822334621743721e+03
4.974300609000219083e+03
4.976414699813332845e+03
4.966504986247797206e+03
4.959343482024916739e+03
4.960475375866398281e+03
5.004852133135429540e+03
4.685677012114607351e+03
4.984998986423910537e+03
4.889525134758471722e+03
5.017969528642644946e+03
4.938688984914255343e+03
4.939719697145192185e+03
4.978653547815926686e+03
5.019748507422098555e+03
4.992882565548235107e+03
4.943244172188713492e+03
4.966733768184627479e+03
5.020034757104498567e+03
4.907401395788381706e+03
4.825062154754252333e+03
4.939748478517121839e+03
4.857587201174866095e+03
4.907811558960010188e+03
4.987818552482630366e+03
5.020876161788816717e+03
4.748654630257351528e+03
5.023023463032241125e+03
4.741275466546072494e+03
4.974025886790892400e+03
4.924879125351076254e+03
4.891903957711620933e+03
4.955030772970505495e+03
4.931561784824355527e+03
4.996054294168652632e+03
4.965382841273287340e+03
4.994150852373583803e+03
4.977875938751996728e+03
4.963734705070872224e+03
4.724983540910705415e+03
4.942331959911432932e+03
4.965982975607033950e+03
4.758296826785526719e+03
5.026405897315386028e+03
4.918412826893112651e+03
4.881093503797992526e+03
5.023496773572354869e+03
5.025689640835100363e+03
4.937463690009319180e+03
4.932349872850059910e+03
4.895504916451722238e+03
5.029546371581169296e+03
4.872390711411297161e+03
5.031643447901712534e+03
4.930125895970445526e+03
4.960501395777188009e+03
4.815543868705781279e+03
4.933651237755879265e+03
4.909239655230706376e+03
4.976664111165775466e+03
5.016847575081199466e+03
4.926063482862776254e+03
4.952372084492802969e+03
4.916122384854041229e+03
4.995287462181119736e+03
5.028433932830131198e+03
4.998877058830804344e+03
4.962844005001770711e+03
4.887641145859244716e+03
4.702417021809636026e+03
4.884679983134930808e+03
4.882736453188867927e+03
5.011091248280134096e+03
5.019893760398670565e+03
4.758478524836844372e+03
4.879264226335578314e+03
5.017802667975861368e+03
4.973896021975540862e+03
4.956943974895912106e+03
4.956000063928151576e+03
5.025285188361274777e+03
4.972152014235495699e+03
4.959610789738672793e+03
5.011018190323149611e+03
4.946116188507547122e+03
4.832769384354328395e+03
5.004052348414969856e+03
5.014822006316068837e+03
4.881766397805597080e+03
4.996129881518681941e+03
5.006849560363408273e+03
5.016580125442661483e+03
4.970613387934978164e+03
4.934327377805255310e+03
4.801715067347600780e+03
4.792902490907759784e+03
4.936490711193494462e+03
4.989837352816623024e+03
4.804044241643235182e+03
4.998512713729996904e+03
4.895599530212394711e+03
4.926724458130036510e+03
4.897065802839615571e+03
4.986547632546510613e+03
5.033012787890595064e+03
4.897737881927012495e+03
4.805001016267977320e+03
4.997188867836703139e+03
4.991301974140156744e+03
4.863891785935706139e+03
4.914745135431657218e+03
5.011341601135598466e+03
4.974209675089053235e+03
4.972830843319239648e+03
4.987574645726930612e+03
4.873084539253439289e+03
4.974786265247772462e+03
4.999824734261833328e+03
4.976011437741724876e+03
4.970697532631380454e+03
4.836354120591232459e+03
4.944256343949257825e+03
4.798845627615828562e+03
4.631300604621733328e+03
5.014426530776803702e+03
5.030791497276319205e+03
4.941452241258075446e+03
4.946975217310612607e+03
5.021436687364895079e+03
4.881058573785294357e+03
4.929270084226665858e+03
5.029862838402155830e+03
4.959086719388829806e+03
4.992333356360803919e+03
4.989936029735548800e+03
4.967009238174903658e+03
4.762591780341746926e+03
4.956317232803312436e+03
4.866003756173585316e+03
4.832296209023113988e+03
5.019082947728787985e+03
4.979409184191495115e+03
4.912395173016055196e+03
4.763459390766332945e+03
4.977273166814681645e+03
4.829672649479944084e+03
4.986760402631555735e+03
5.007171625198147012e+03
4.801010495100417756e+03
4.964293059440698926e+03
4.773639431928712838e+03
4.780508422827941104e+03
4.964555463075139414e+03
4.831576833937138872e+03
4.842849703004991170e+03
4.933049800348607278e+03
5.016824593327623006e+03
4.991598153516368257e+03
4.989404058547263958e+03
4.940788137997506055e+03
5.024225102161351970e+03
4.909454292795762740e+03
4.932614015605204258e+03
4.961743622982776287e+03
5.017292383022222566e+03
5.001920088551787558e+03
4.772868657855802667e+03
4.991229078987320463e+03
4.984666424863851717e+03
4.993516134478435561e+03
4.971624853923836781e+03
4.930969974265732162e+03
4.909553490084086661e+03
4.723562555883866480e+03
4.992787105957600943e+03
4.933497364621092856e+03
4.997865001350866805e+03
4.889582018355610671e+03
4.965466890822835921e+03
4.818338659707551415e+03
4.925103796625950054e+03
5.011679442059050416e+03
4.979902687511648764e+03
4.963047370437203426e+03
4.879831642620325511e+03
5.006301334820647753e+03
4.858153296836942900e+03
4.898992202091865693e+03
4.969181544990825387e+03
5.026866617810585012e+03
4.809273967034324414e+03
4.880718582497204807e+03
4.979181399699950816e+03
4.952436448761947759e+03
4.959358677046106095e+03
