7.040512924918532008e+03
7.024708355832750385e+03
7.168908903869772075e+03
7.251746545694959423e+03
5.869294101405137553e+03
6.669616007733147853e+03
7.341408450466902650e+03
7.244781119144032346e+03
7.275000611817733443e+03
7.117981431821178376e+03
7.326425527678518847e+03
7.160498616305340875e+03
6.269461164504531553e+03
6.962707780081411329e+03
7.077798532639035329e+03
6.992675809942893466e+03
6.698840581979529816e+03
6.524877147095561668e+03
7.327182386342044992e+03
7.253280122164690511e+03
7.114383102107315608e+03
7.210769276194279882e+03
6.729368245190041307e+03
7.257347572672308161e+03
7.267109079923316131e+03
7.154135075547806991e+03
7.324289828795042922e+03
6.744214580304834271e+03
7.317901357906303929e+03
7.224913537993241334e+03
6.873593809310455981e+03
7.339357615256863028e+03
7.174032621335496515e+03
7.179026076544500938e+03
7.285739557501956369e+03
7.290140527901146925e+03
7.014014908241790181e+03
7.023390125497753615e+03
6.536185072105969994e+03
7.061234139779363431e+03
7.049462993180391095e+03
6.136830835696399845e+03
7.033094992064265170e+03
7.277824049644431398e+03
7.054164467262012295e+03
7.083168685803198969e+03
6.915095422080272328e+03
7.228209536428659703e+03
6.844926774346465209e+03
7.309153428874966266e+03
6.583269678811136146e+03
7.106166710498211614e+03
6.874279112143951352e+03
7.331428849975667617e+03
6.505698351601384275e+03
7.008485617821816049e+03
7.348493509287211054e+03
7.029309511683830351e+03
6.934835294629017881e+03
7.282021125908402610e+03
7.351043342751205273e+03
6.817653704257390018e+03
6.990081028752970269e+03
6.823596905344586958e+03
6.841903384632619236e+03
7.022750977831085947e+03
7.299147024264848369e+03
7.138865555982833939e+03
7.003431797089477186e+03
7.318610839703442252e+03
6.714356564335138501e+03
7.308186008401482468e+03
6.831574806763743254e+03
6.666137105001454984e+03
7.296546471934401779e+03
7.051354675889650025e+03
7.095831105585679325e+03
7.206032231855160717e+03
7.216140220116412820e+03
6.936188441756084103e+03
6.884110450955385204e+03
6.728940059263461990e+03
6.999867655757589091e+03
6.826128531764878062e+03
7.069277033641757953e+03
6.908120225301753635e+03
7.279143855285905374e+03
7.195950223311413538e+03
7.216186581137639223e+03
6.756534761887442983e+03
7.248645713024558063e+03
7.310915233187522972e+03
7.314194299510139899e+03
6.359043776991538834e+03
6.817763366571858569e+03
7.250267170713939777e+03
7.259048528514018471e+03
6.975935028651314497e+03
7.342201358254269508e+03
6.754013083596686556e+03
7.233131250367844586e+03
6.895124948381990180e+03
7.054836621009168084e+03
6.619451597680583291e+03
7.305834001032804736e+03
7.330272556842053746e+03
7.190583867250444200e+03
7.297152037766133617e+03
7.100855537855438342e+03
6.505241119205784344e+03
7.357734022230048140e+03
7.243009170998673653e+03
6.554652327659010552e+03
7.271566610263929761e+03
7.232187587437690127e+03
6.964587031521075914e+03
6.940532868705716282e+03
7.144130032627170294e+03
6.579741704082497563e+03
7.274228939662972152e+03
7.251993078455343493e+03
6.767595961202535364e+03
7.038881485202609838e+03
7.350406973944365745e+03
7.351409621648073880e+03
6.951852323712227189e+03
7.039199425409271498e+03
6.969557332063592185e+03
7.071603533029512619e+03
6.418089455077528328e+03
6.631519859594876834e+03
6.600198511503502232e+03
6.562857498568824667e+03
7.128005924986011451e+03
6.422893848995247026e+03
6.964958807764662197e+03
7.356430245599089176e+03
6.890548768975909297e+03
6.960300428622347681e+03
6.618169398356651072e+03
7.194072341264431998e+03
6.760974978104074580e+03
7.317654601888700199e+03
7.026756050351997146e+03
6.631619143684492883e+03
7.133331916963906224e+03
6.889097692889388782e+03
7.072296535846360712e+03
6.464514575864237486e+03
7.338372039941644289e+03
7.160684538833409533e+03
6.976629351169669462e+03
7.360359724417248799e+03
6.858970001839456017e+03
7.330890850186240641e+03
6.884245547625504514e+03
6.988734240952246182e+03
7.341790156217011827e+03
7.020092528418642360e+03
7.288248848503552836e+03
7.246822447559859938e+03
7.156974259819355211e+03
7.065601820753330685e+03
7.305657923084756476e+03
7.152084228848096245e+03
6.849728985234143693e+03
6.905678323867052313e+03
6.727543052127575720e+03
7.286797737632154167e+03
7.307826350094324880e+03
7.195923403366122329e+03
7.322222336990949771e+03
6.903002021542233706e+03
7.265290422545253023e+03
7.210093395885669452e+03
7.134820313185622581e+03
7.100379638800663088e+03
7.215337282095993032e+03
7.283613581021267237e+03
7.159014205014211257e+03
6.903708664965452954e+03
6.871228703039368156e+03
7.002231015173500964e+03
7.351277558023975871e+03
7.028633850602935127e+03
6.752527409105240622e+03
7.337331741475429226e+03
6.780743227596778524e+03
6.472742048376725506e+03
7.248518250603407978e+03
7.344560395133457860e+03
7.340920776769501572e+03
6.996371979251301127e+03
6.874394244411343607e+03
7.238991708322469094e+03
6.849728985234143693e+03
7.191967587608667600e+03
7.216857388281311614e+03
6.458671206320781494e+03
7.272228106226367345e+03
7.318460715189854454e+03
7.235564135858204281e+03
7.146697713068271696e+03
7.089406655860138017e+03
7.171118836482723964e+03
7.086158198214908225e+03
7.270445973586657601e+03
6.458616793089504426e+03
6.372596279134828364e+03
6.723964339870715776e+03
7.357297240446167052e+03
7.246999161752687542e+03
7.346259372207818160e+03
7.160479783225086067e+03
7.013449509924254016e+03
7.292809339888070099e+03
7.331775628940065872e+03
6.976388616243438264e+03
6.877511988323081823e+03
6.837414101596040382e+03
7.255340463830546469e+03
7.349695990910831824e+03
7.252485991943453882e+03
7.023137222190378452e+03
7.154204258641469096e+03
7.215788164034063811e+03
7.313719138503587601e+03
6.669193715162838998e+03
7.327176882073281377e+03
7.274856466987601380e+03
7.286824175398287480e+03
6.774663911145335078e+03
7.335842853622287294e+03
7.112459468958555590e+03
6.966851507688634229e+03
7.263819267308414965e+03
7.309517445144589146e+03
6.932709913239996240e+03
6.657000274103879747e+03
7.322663957809028943e+03
7.084967973770622848e+03
6.800543674532101249e+03
6.917981059556731452e+03
7.338146558571816058e+03
7.316105174642791098e+03
6.929337338867449944e+03
7.218075343852993683e+03
7.313369204577599703e+03
6.483119990092098305e+03
6.645936336063106864e+03
7.336476614709214118e+03
7.323081674117540388e+03
7.215140805846039257e+03
6.770108994123891534e+03
7.253033559991824404e+03
7.151643357187410402e+03
6.208608621292285534e+03
6.249618028413997308e+03
7.358736036995976974e+03
7.290304382746764531e+03
7.178259443659593671e+03
6.634546182615121324e+03
7.320077551215737913e+03
6.760974978104074580e+03
7.083443711157804501e+03
7.148868177685406408e+03
7.317654601888700199e+03
7.045873857903795397e+03
6.568744114197053932e+03
7.031258361287254957e+03
7.248645713024558063e+03
7.026009112455019931e+03
6.467374565583208096e+03
7.061010455349804943e+03
6.626046379089026232e+03
7.186686144830568082e+03
7.103431059670037939e+03
7.335562135941037013e+03
7.081796678053319738e+03
7.356426268840684315e+03
7.078033909142625816e+03
7.265328817944666298e+03
7.325096772240876817e+03
7.082561647431779420e+03
7.074636344422297043e+03
7.131254347287986093e+03
6.869694619688193598e+03
6.830335823041315962e+03
7.171157582598594672e+03
7.151024664387957273e+03
6.588039883725732579e+03
7.262983041237244834e+03
7.312861563204753111e+03
7.269900585494461666e+03
6.350232112282683374e+03
6.136332725215291248e+03
7.263924250023921559e+03
7.022912440565105499e+03
7.343161594066068574e+03
6.698710898932297823e+03
7.257134473822910877e+03
6.837127411839657725e+03
6.806963871849746283e+03
7.094119328136463992e+03
7.045844440422108164e+03
6.631619143684492883e+03
7.253307445943728453e+03
7.090233022985408752e+03
7.238510375369016401e+03
6.999620409088256565e+03
7.083525574905108442e+03
7.332229877519154797e+03
6.372596279134828364e+03
7.295288315214065733e+03
6.959585622832375520e+03
7.203177177958943503e+03
7.184328367387302023e+03
6.777703454641028657e+03
6.995174516449857038e+03
7.137887125872974138e+03
7.310024830643100358e+03
7.088329499958298584e+03
7.263579938661587221e+03
7.154135075547806991e+03
6.969624998911249349e+03
7.346116451520121700e+03
7.114506258248977247e+03
7.256098206538611521e+03
6.982377081587759676e+03
7.066724126946497563e+03
6.819228114492091663e+03
7.190142114089195275e+03
7.184450063544199111e+03
6.836682398561761147e+03
7.357494605876068817e+03
6.879886604975630689e+03
6.196632820399142474e+03
7.221793589626398898e+03
7.247194896179670650e+03
6.576581619130791296e+03
6.933387054759739840e+03
7.284423778916504489e+03
7.306901873793211962e+03
7.274814089023121596e+03
7.250067619557359649e+03
7.274228939662972152e+03
7.169385143003315534e+03
6.541426849798128387e+03
7.204344828350919670e+03
7.001671784704043603e+03
7.024101824450232925e+03
7.339291713833301401e+03
6.777385743430618277e+03
7.346486675289170307e+03
6.628067794520077769e+03
7.317654601888700199e+03
6.885156379333793666e+03
6.963900121716253125e+03
7.157729555875446749e+03
7.257632177587600381e+03
6.915017521121561003e+03
6.531189697231648097e+03
7.046557799081472695e+03
7.339445803444031299e+03
7.223256728525492690e+03
6.979471397517538207e+03
7.272996649520669962e+03
7.331107932121947670e+03
7.177901608772337568e+03
7.049512742526451802e+03
7.228056758140748570e+03
6.889243564055215757e+03
7.004038275416902252e+03
6.386564321385696530e+03
6.639209480059160342e+03
6.432133767500216891e+03
7.288027987624118396e+03
6.896143964980326018e+03
7.127257460108017767e+03
7.077985218113485644e+03
6.899701743666173570e+03
7.349582240369321880e+03
7.151497509305075255e+03
7.295034647792137548e+03
7.237269543139927919e+03
6.820343622533633607e+03
7.246560592731089855e+03
7.312603358850253244e+03
7.354915955116123769e+03
7.070070430730732369e+03
7.218966343969954323e+03
6.993665290985598403e+03
7.363733267175977744e+03
7.211669593502932003e+03
7.146741595360166684e+03
7.166809880232016440e+03
7.167142435353722249e+03
7.085809876974613871e+03
7.198383674055135998e+03
7.219238275681293089e+03
7.361098142268559968e+03
7.278620918485057700e+03
6.948508740800993110e+03
6.833943744557594982e+03
7.113916718194993337e+03
7.334931206756695246e+03
7.273603340221350663e+03
7.356055261892182898e+03
7.252465509043715429e+03
6.891203352910903050e+03
7.063904721303397309e+03
6.854860958936451425e+03
6.917349130046615755e+03
7.252954950506852583e+03
7.324257673038712710e+03
7.186737732710195814e+03
7.250785862475310751e+03
6.738079960804609073e+03
7.363292528991608378e+03
7.313851850390388790e+03
6.690023156572775406e+03
6.995575530994090514e+03
7.145744807256419335e+03
7.071787168628728978e+03
6.400500931299371587e+03
7.191131671313029074e+03
7.251051587739741990e+03
7.135336647930668732e+03
7.158740445220384572e+03
7.015717430537437394e+03
6.848101901489269949e+03
7.089406655860138017e+03
7.274379650511929867e+03
7.289648674918646066e+03
7.306929358740500902e+03
6.861682239090955591e+03
7.134290493337719454e+03
7.138851006685286848e+03
7.224260679871265893e+03
6.661864362167283616e+03
7.218157991695563396e+03
7.320378480604735159e+03
7.115975121100882461e+03
7.337005954493296485e+03
7.186814706672603279e+03
6.143072182326544862e+03
7.348455877815317763e+03
6.278283991260403127e+03
7.178620226254631234e+03
7.194093718385678585e+03
7.320487924674170245e+03
7.074520227022781910e+03
7.330436904881157716e+03
7.304020883923894871e+03
7.310177258920179156e+03
7.131761133475244606e+03
6.914596738054608068e+03
7.318125559095713470e+03
7.299794307713455964e+03
7.339394918218122257e+03
7.248645713024558063e+03
7.257888000188796468e+03
6.945201129358812068e+03
6.854700942421835862e+03
6.256783059584424336e+03
7.072904691476851440e+03
7.320993292132539864e+03
7.233773097233162844e+03
6.550131181154740261e+03
6.858647824181336546e+03
7.164894603376299528e+03
6.487119042735514086e+03
6.948508740800993110e+03
6.866740077226020730e+03
6.741997783298638751e+03
6.893265477367251151e+03
7.335688846034734524e+03
6.668691401768610376e+03
6.808647182991437148e+03
7.216173298903176146e+03
7.037119282403975376e+03
6.791633252353117314e+03
7.203679161612248208e+03
6.589940007801812499e+03
7.220312756976702076e+03
7.365088766873652276e+03
6.988840546062421708e+03
7.213095039572841415e+03
6.742394935634000831e+03
7.338589101519962242e+03
7.139925342939346592e+03
7.205223014852231245e+03
6.437684090686523632e+03
6.440918952661184449e+03
6.453979632799998399e+03
7.304327964223197341e+03
7.362671501696435371e+03
7.170434764630213067e+03
7.357571643984922048e+03
7.290648067748870744e+03
7.202031325884088801e+03
6.724323128133391947e+03
7.307332625686059146e+03
7.283084911114873648e+03
7.128259351048341159e+03
6.995236969929315819e+03
7.212617395451336961e+03
6.969799111665125565e+03
7.259837467295075840e+03
7.072055116702800660e+03
6.578870654162383289e+03
7.257998018591779328e+03
6.634204868164662912e+03
7.271786993141917264e+03
7.256829488067510283e+03
6.879419100725277531e+03
6.426582271582876274e+03
7.200899752027265095e+03
7.029128628613553701e+03
7.109544865339803437e+03
6.850738667309557968e+03
6.778217551454457862e+03
7.130035122144305205e+03
7.364646829172924299e+03
7.166949916352015862e+03
6.717618509703357631e+03
7.316100072613667180e+03
7.236471257642507226e+03
7.264554833987604070e+03
6.791905122946765914e+03
7.234601819706504102e+03
7.063969587376381241e+03
7.287115523533709165e+03
7.160999969165564835e+03
7.274915402279057162e+03
6.977980684690905946e+03
7.326672209135702360e+03
6.738295849990672650e+03
7.211932443346684522e+03
7.073054228207038250e+03
7.153296911776021261e+03
7.058214445142180921e+03
7.218626179703593152e+03
7.248534809060904081e+03
7.177612814164508563e+03
7.357360126523029976e+03
6.474816464681088291e+03
7.137071982977606240e+03
7.029754969259319296e+03
7.346122034844810514e+03
7.061752022105893047e+03
7.215272654412265183e+03
7.294584199794072447e+03
7.229590810484956819e+03
6.598438866571434119e+03
7.215715964687810811e+03
7.113928559493011562e+03
7.237844726012202955e+03
7.293111789859725832e+03
7.180531744653983878e+03
6.942707684020646411e+03
7.069849890808358396e+03
7.059338922873241245e+03
7.157673991929617841e+03
6.796194719382651783e+03
6.844769131508998726e+03
6.849585231002012733e+03
6.977359373084505933e+03
7.003366326276802283e+03
7.362465458791863966e+03
7.234525870760799990e+03
7.114977872554344685e+03
7.239014225796878236e+03
7.314546898621758373e+03
6.573439544980808932e+03
6.408302929534356736e+03
7.364479830163149018e+03
7.174570513448963538e+03
7.279411360181794407e+03
7.086629102993771085e+03
7.235643186069648436e+03
6.260694157208224169e+03
6.858366713421365603e+03
6.817844189313874267e+03
7.239521921822279182e+03
7.319737668746115560e+03
7.287425721097778478e+03
6.816678016982305053e+03
7.340767302612012827e+03
7.178509103894517466e+03
7.248645713024558063e+03
7.029260706962596487e+03
6.996747770464199675e+03
6.695014955980956074e+03
7.070710951337458027e+03
7.336311387430172545e+03
7.264591504705207626e+03
7.074010343795788685e+03
7.180531744653983878e+03
6.968484116341600384e+03
6.668611911945380598e+03
7.149880562274618569e+03
7.286487995202093771e+03
7.202874921103850284e+03
7.058922452474039346e+03
7.194043525337841857e+03
7.226334653712870931e+03
6.797104433150627301e+03
6.243881806736645558e+03
7.174986202068987041e+03
6.212065590165913818e+03
6.951634319811960268e+03
7.125041624550110100e+03
6.861097410539880002e+03
6.787363997345459211e+03
6.865501028622231388e+03
7.204761767390404202e+03
7.156247999195952616e+03
7.014627007810958276e+03
7.301244100316467666e+03
6.505524992300237500e+03
7.271281484493477365e+03
7.023303177129828327e+03
7.237118238790165378e+03
7.149563754841539776e+03
7.302608969980979055e+03
6.991182698577838892e+03
7.344906426233484126e+03
6.914145465176660764e+03
7.362924929139300730e+03
6.812017812593486269e+03
6.993482741167335007e+03
7.097291294255574940e+03
7.329200211161775769e+03
7.233025856380751065e+03
7.155625255035405644e+03
7.086625974988719463e+03
7.151227176138047071e+03
7.302711058386902550e+03
6.661374545114918874e+03
6.229735877646276094e+03
7.265675794640422282e+03
7.182407401607988504e+03
7.340045615360857482e+03
6.924184858461779186e+03
7.272164471211239288e+03
7.274948887125858164e+03
6.708024888704211662e+03
6.766821890707305101e+03
6.574365257223547815e+03
7.308968408255933355e+03
6.521608539635535635e+03
7.272963343085879387e+03
7.170177820507280558e+03
7.236915634839655468e+03
7.262351945401501325e+03
6.977787252966862070e+03
6.906493778413794644e+03
7.129139135455842734e+03
6.986838386261057167e+03
7.235890407425811645e+03
6.863533920809304618e+03
7.203459030504576731e+03
6.781413931078875976e+03
7.254097136885196051e+03
7.136115801756576730e+03
6.418089455077528328e+03
7.094163999814007184e+03
6.964585754828698555e+03
7.267946115034676041e+03
7.125726056978139241e+03
6.757121107323107935e+03
6.221436436738619705e+03
7.314115466182801356e+03
6.671122360192450287e+03
7.340032815043496157e+03
7.071454200873816262e+03
6.995587255562462815e+03
6.719236091923753520e+03
6.785266723278286918e+03
6.735133253608624727e+03
7.155899832460196194e+03
7.363951609244926658e+03
7.252374045900562123e+03
6.458925284791852391e+03
6.892284490285008360e+03
7.224495428652691771e+03
6.771933582043777278e+03
6.124988581468713164e+03
6.994246961546892635e+03
7.214581547286024033e+03
7.321999843749907086e+03
6.816502555143449172e+03
6.634204868164662912e+03
7.310177247411529606e+03
6.483247439939264950e+03
7.089409457028057659e+03
7.332039675490452282e+03
7.357460994893787756e+03
7.148793660197736244e+03
7.239525296612411694e+03
7.240263555682073275e+03
7.290065043726515796e+03
6.668791437316892370e+03
7.345524630852829432e+03
7.292727260515255693e+03
6.858679554663030103e+03
7.317232162811022135e+03
7.248383697396000571e+03
7.299206598957483948e+03
6.946279019017569226e+03
6.554652327659010552e+03
6.884178484605736230e+03
7.365295902499934527e+03
7.092153176384919789e+03
6.879889891440623614e+03
7.194575894487290498e+03
7.081457192201060934e+03
7.105883529537768482e+03
6.886951993940263492e+03
7.134141632143939205e+03
7.247626654185638472e+03
7.300554939508969255e+03
6.896831384589770096e+03
6.870373746614290212e+03
6.956762153819639934e+03
6.711833891637728811e+03
7.042682942114544858e+03
7.297021169586224460e+03
6.548135896080884777e+03
7.086158198214908225e+03
7.243231225844468099e+03
7.226587740695401408e+03
7.306681093554600011e+03
6.980955234815461154e+03
7.069030056791903917e+03
7.174211790023697176e+03
6.912352037524453408e+03
7.152028790996518183e+03
7.304399947823902039e+03
7.233131250367844586e+03
7.205519142097120493e+03
6.939415546865804572e+03
7.320923317448997295e+03
7.135877773054380668e+03
6.312337390799617424e+03
7.352389024411741048e+03
7.121303478706831811e+03
7.076507503068645747e+03
6.575163491123477797e+03
7.347881760673834833e+03
7.086158198214908225e+03
7.323657602865041554e+03
7.148688088639501075e+03
6.838603601882958174e+03
7.196564802634480657e+03
7.124812146273332473e+03
7.286598008417041456e+03
7.063116339689896449e+03
7.124223887604708580e+03
6.819869499145499503e+03
7.023281083009332178e+03
6.490795660460404179e+03
7.342826648249045320e+03
7.258292957869497513e+03
7.266530868247335093e+03
7.182443030645181352e+03
7.263819267308414965e+03
6.752240053833048478e+03
7.242454628991161371e+03
7.153296911776021261e+03
7.072650803970511333e+03
6.684867188432917828e+03
6.918287709454534706e+03
7.329562202920667914e+03
7.250720812162088805e+03
7.103144146172352521e+03
7.314585612133299037e+03
7.353450739151883681e+03
7.321337089470604951e+03
7.338912330747179112e+03
6.148582645350088569e+03
6.634204868164662912e+03
6.715821898209772371e+03
7.283051529862865209e+03
7.243453647594265931e+03
7.289886928549184631e+03
6.621620155266142319e+03
7.233773097233162844e+03
7.197128471844662272e+03
6.837347344077197704e+03
7.342216663962080020e+03
6.038127979733882967e+03
7.103226998995331087e+03
6.816352638732517335e+03
7.033040739047159150e+03
7.155802964611424613e+03
6.932525090595790061e+03
7.335850186478396608e+03
6.264034194562484117e+03
6.859994363444193368e+03
7.349582240369321880e+03
7.359322895329148196e+03
6.517744301114458722e+03
6.789806988427682882e+03
7.115222876224880565e+03
7.224851787963831157e+03
7.002927098433288847e+03
7.022521202742248533e+03
7.204864727196520107e+03
6.712392967885691178e+03
7.315063683525146189e+03
7.223639476033592473e+03
7.306109992692863671e+03
6.915723835565159789e+03
6.770108994123891534e+03
7.122293555194761211e+03
6.923279476978261300e+03
7.200214023744980295e+03
6.288662831073746929e+03
7.191686200073786495e+03
7.141292110003651942e+03
7.311826878233581738e+03
7.099437282510063596e+03
7.090851330560816677e+03
7.194093718385678585e+03
7.178615145588432824e+03
6.831170552286056591e+03
6.800822347118315520e+03
7.046795478717931474e+03
7.017723242132483392e+03
7.332249190935688603e+03
7.211993313210556153e+03
6.907336689746109187e+03
6.624008203804834920e+03
7.229978964666190222e+03
7.360319705654958852e+03
7.319125853281213494e+03
6.979985643182399144e+03
6.912324349026992422e+03
7.212067646648966729e+03
7.244717066736122433e+03
6.978275021682944498e+03
7.300365069971022422e+03
7.300713497066887612e+03
7.169430197692225192e+03
7.203871586363778988e+03
7.300916703310498633e+03
7.342666252312507822e+03
6.339510977367557643e+03
6.972289199912704134e+03
7.032511475303535008e+03
7.005683496250738244e+03
7.311096416921813216e+03
7.329434678531481040e+03
7.099053535713972451e+03
6.870683259652996639e+03
7.339368413373958902e+03
7.344443086586258687e+03
6.879672830929566771e+03
7.248645713024558063e+03
7.051961097993746080e+03
7.206819044120114995e+03
6.837127411839657725e+03
6.781413931078875976e+03
7.254762271550544028e+03
6.293834552457074096e+03
7.351868469390619794e+03
7.335230382846897555e+03
7.002483422607208922e+03
7.282215821142117420e+03
7.298140993724524378e+03
7.258292957869497513e+03
7.220915234651656647e+03
7.284211889672855250e+03
6.371172641838873460e+03
6.805891195534453800e+03
7.082409537190743322e+03
7.127186618484594874e+03
7.333235394494717184e+03
7.307760246564962472e+03
7.274379650511929867e+03
6.914568719090420927e+03
7.344265738463054731e+03
7.145632238107974445e+03
6.865718868464070511e+03
7.306740697697980067e+03
7.060804542774863876e+03
6.924266037090412283e+03
7.317578227974889160e+03
7.069129007334729977e+03
6.284222602515079416e+03
7.212847310353563444e+03
7.059782105354684973e+03
7.194043525337841857e+03
6.424307534833687896e+03
7.094862634235818405e+03
6.914683734872235618e+03
7.059342695589953109e+03
7.281720059569501245e+03
7.110583917594141894e+03
6.891806582076504128e+03
7.365621338122267844e+03
7.154661555533157298e+03
6.969329658070353616e+03
7.211166033684623471e+03
6.741130027979909755e+03
6.740665494688648323e+03
7.338616552995406892e+03
6.788174166458675245e+03
6.136830835696399845e+03
6.308579478903025120e+03
7.341194243563836608e+03
6.436199039854949660e+03
6.540274213725238042e+03
6.992227157198710302e+03
7.319596845898298852e+03
7.056526517189813603e+03
7.231029478149308488e+03
7.012677821583773039e+03
7.147163065934411861e+03
7.240120657425446552e+03
7.130105573825283500e+03
7.357056234748999486e+03
7.060674080375927588e+03
7.123504373484933240e+03
7.138619850370287168e+03
7.334632603242451296e+03
7.042788228035185966e+03
7.198805119936327173e+03
7.283729123962075391e+03
7.078237997658930908e+03
6.465586855932417166e+03
7.279740670896273514e+03
7.315292014099111839e+03
6.993519221962829761e+03
7.280254940090462696e+03
6.932386239250155086e+03
6.668691401768610376e+03
7.103074660929421952e+03
6.959375405348244385e+03
6.889368282194465792e+03
7.213972858086727683e+03
6.759802170200995533e+03
7.282670031186480628e+03
7.325241284228250152e+03
7.340148433526472218e+03
6.717597289952414940e+03
7.220390626983833499e+03
7.115874877619306062e+03
6.805156934156485477e+03
6.852250881851330632e+03
6.536185072105969994e+03
7.126759890791763610e+03
6.792992106457464615e+03
7.292933015657323267e+03
7.342295735669986243e+03
7.353952546103992063e+03
6.271384023126371176e+03
6.407215716871389304e+03
7.166120311467490865e+03
6.639241849420551262e+03
7.029073191373805457e+03
7.125646549095863520e+03
7.033599698363557764e+03
7.127130503579036485e+03
7.337331741475429226e+03
6.788174166458675245e+03
6.731124183107526733e+03
6.371172641838873460e+03
7.171408411262763366e+03
7.350948502448770341e+03
7.016135013440260082e+03
7.229495311219313407e+03
7.073261300431311611e+03
6.300185924757091925e+03
6.828800351396383121e+03
6.953013908921756411e+03
7.069105966033272125e+03
7.278720123538436383e+03
6.990885016061599345e+03
7.210516398650131123e+03
7.347954508364049616e+03
7.153138041626312770e+03
7.199628074635310440e+03
7.246520863566936896e+03
6.798782550271528635e+03
7.018173791908211570e+03
6.866716485796117922e+03
6.773267807235191867e+03
7.292610652117116842e+03
6.433560949455883929e+03
7.042682942114544858e+03
7.186047315138806880e+03
7.339759800786721826e+03
7.358232550769073896e+03
6.678424327394158354e+03
7.194478744379779528e+03
6.625513706292188544e+03
6.958240128741539593e+03
