1.635034524201470231e+04
1.548016284088100656e+04
1.649534189498980413e+04
1.591331851039039066e+04
1.734423683780994907e+04
1.781506067232790883e+04
1.626806641987246257e+04
1.647243181699730849e+04
1.654451731880843727e+04
1.824823131423301675e+04
1.812554423513857182e+04
1.567150578666945876e+04
1.529462891526089152e+04
1.789348030311200637e+04
1.678231909310188348e+04
1.681795146805614058e+04
1.656584998667711625e+04
1.618067248572894459e+04
1.820870239854808096e+04
1.657693386481093330e+04
1.567210742313873925e+04
1.822947380393750791e+04
1.666673127913425924e+04
1.682115153053520771e+04
1.758123220431811205e+04
1.790688100471494545e+04
1.772533287309012667e+04
1.710212700557625431e+04
1.487229253988180062e+04
1.589737205585352785e+04
1.709760585031846858e+04
1.677082340357686917e+04
1.675960283808732856e+04
1.731816816891280905e+04
1.653305357181840736e+04
1.764837991791644163e+04
1.802016756946071837e+04
1.652738885031753671e+04
1.400186845685029948e+04
1.786298133681947002e+04
1.639767177893686676e+04
1.691558302588613878e+04
1.692115291144022922e+04
1.696130614616214007e+04
1.748031358488366823e+04
1.474872566810879107e+04
1.820810065229774409e+04
1.585669929331897765e+04
1.724352949872064346e+04
1.626806641987246257e+04
1.829604971060876414e+04
1.599432787700157678e+04
1.705364538736611576e+04
1.581629613130175130e+04
1.646562310868561326e+04
1.658114899580469501e+04
1.650337223358520714e+04
1.793041042000420930e+04
1.733905408152989548e+04
1.814527136892850467e+04
1.649147348439704365e+04
1.668373790965366788e+04
1.736785617135510620e+04
1.665536935570542846e+04
1.767063014569750158e+04
1.627338895402804519e+04
1.613348052405607996e+04
1.625690515447382859e+04
1.804825672992088948e+04
1.577479802340683818e+04
1.444436210734577617e+04
1.700061597534000612e+04
1.592850167288884950e+04
1.818699211557569288e+04
1.686936375050042989e+04
1.816588295070682943e+04
1.807606528841713953e+04
1.793376530865132372e+04
1.788285650419106969e+04
1.789513285572891255e+04
1.691492048585276643e+04
1.703807160785629821e+04
1.430848361731429031e+04
1.692600028978662158e+04
1.731942546201649748e+04
1.580662352339783138e+04
1.543276636515204518e+04
1.439746886251903561e+04
1.821985444540832759e+04
1.608578093790726052e+04
1.732691740917426068e+04
1.625293232813452414e+04
1.597977533903602853e+04
1.820184721060543961e+04
1.470703106724788449e+04
1.784645967456288781e+04
1.733173284191604398e+04
1.629446431425719129e+04
1.701564530596643090e+04
1.674457639601027768e+04
1.752045599189581480e+04
1.396710829823453423e+04
1.650064946136275103e+04
1.664174747488583671e+04
1.736785617135510620e+04
1.801557787680701222e+04
1.612679411258676555e+04
1.765698525687906658e+04
1.638479702456569066e+04
1.711830619334407311e+04
1.730444863577625438e+04
1.736341900795913170e+04
1.784823568590391005e+04
1.805728738093345964e+04
1.695592975548613322e+04
1.711631541964029384e+04
1.742265150719164012e+04
1.717734764611033825e+04
1.708470515301691194e+04
1.788295988282358667e+04
1.800822933628735700e+04
1.541256792975198914e+04
1.430848361731429031e+04
1.829455800965541857e+04
1.814211261292304334e+04
1.827829358541633337e+04
1.460915746249438234e+04
1.814319607228086534e+04
1.649425354593071097e+04
1.622577440758292505e+04
1.784994705131963201e+04
1.478368062832099713e+04
1.801136741121399973e+04
1.582758476777326905e+04
1.518790227042011611e+04
1.827245482622493000e+04
1.659844583806738956e+04
1.713689050612727078e+04
1.679475398840015259e+04
1.665367937518122926e+04
1.788395114905835362e+04
1.770571309532778469e+04
1.674394686846730474e+04
1.664047544939208092e+04
1.758925701893328369e+04
1.826500359433274934e+04
1.761647064321813377e+04
1.755254793948329097e+04
1.807516411989416520e+04
1.797911948934082102e+04
1.608283655000857652e+04
1.633564217338274102e+04
1.826500359433274934e+04
1.623045309910114702e+04
1.632513742730269587e+04
1.688490238449119352e+04
1.763566797417663474e+04
1.544138458342374906e+04
1.745311755563410406e+04
1.787998553741384967e+04
1.690795469823902386e+04
1.769490713619724920e+04
1.622620740770796692e+04
1.616315900092050106e+04
1.744174774200235333e+04
1.700391726195860247e+04
1.581407345647245529e+04
1.677923621384547005e+04
1.545905671016045198e+04
1.772396751753942226e+04
1.611409310119570000e+04
1.671272699529681995e+04
1.541772349648417912e+04
1.716311637987657014e+04
1.780408370980378095e+04
1.738838029425231798e+04
1.663424192625781870e+04
1.666477658844505277e+04
1.404258115170173187e+04
1.745931645319100789e+04
1.765590654279452428e+04
1.591127415315459803e+04
1.827558873315155142e+04
1.201138852103422141e+04
1.808895859800550897e+04
1.692592272797358237e+04
1.758919619569322094e+04
1.649636048366309842e+04
1.742512268251324713e+04
1.330335856471096849e+04
1.671884621323580723e+04
1.733810779727281624e+04
1.813215093741472083e+04
1.695653062240178406e+04
1.697624362803929762e+04
1.687542551247164010e+04
1.502138642721725773e+04
1.829790000235963817e+04
1.721740877819100569e+04
1.639630721336917486e+04
1.730016378377244837e+04
1.745906594474570738e+04
1.497634307670085400e+04
1.743120831841123800e+04
1.609132412449290496e+04
1.823759886886731329e+04
1.445975870431563999e+04
1.649584037814982366e+04
1.693647144929630304e+04
1.560963058351941436e+04
1.594285001986715361e+04
1.794299802505850676e+04
1.683126032416862290e+04
1.646839134573486444e+04
1.811524201299775814e+04
1.708430610592524317e+04
1.645608707693545148e+04
1.495616655938775148e+04
1.760927358774395179e+04
1.755815736273863149e+04
1.519198049798096326e+04
1.802496038111950475e+04
1.693221744698994735e+04
1.691585306343054981e+04
1.827829358541633337e+04
1.686355241314418163e+04
1.495043510919961773e+04
1.651126470716411131e+04
1.728178537352646163e+04
1.752842344396100088e+04
1.670324210186528217e+04
1.469685334994425648e+04
1.632904366031191603e+04
1.792785810165106159e+04
1.544410231579825086e+04
1.609791694229489076e+04
1.545856658069997866e+04
1.660525568774603744e+04
1.755698881610572789e+04
1.702431000642332219e+04
1.624143524506735776e+04
1.626409016012449865e+04
1.702914877040979991e+04
1.828476848440139293e+04
1.367309386312085917e+04
1.772106094419424335e+04
1.658187008151647751e+04
1.560235106099397490e+04
1.712584733184190554e+04
1.771288999841620898e+04
1.729644000568194315e+04
1.701197265582618274e+04
1.735034067423675151e+04
1.686122724346915857e+04
1.614888309015331106e+04
1.631440188760067758e+04
1.830146947757451562e+04
1.622085029374293481e+04
1.727461088617107816e+04
1.609323114048521165e+04
1.782305526560577346e+04
1.665729116962169792e+04
1.608712613966849312e+04
1.827353804919278991e+04
1.674632279331002064e+04
1.725768656157224541e+04
1.811853145442709138e+04
1.640954312617409596e+04
1.829516632129765276e+04
1.690525836539862212e+04
1.786948018766310270e+04
1.644583990767678551e+04
1.620513328515415014e+04
1.359957584101958673e+04
1.361198651429286110e+04
1.747237110851698526e+04
1.805867431159161060e+04
1.678169990714034793e+04
1.673437719566836313e+04
1.590320167381405190e+04
1.668279923460476130e+04
1.661282150964514221e+04
1.689639423125516623e+04
1.768550725107088510e+04
1.600748270412903912e+04
1.764107523505971403e+04
1.629898439808292096e+04
1.653740864454774419e+04
1.537902601704540939e+04
1.511372389446790476e+04
1.654383150744682644e+04
1.791064798993111617e+04
1.627613481217956178e+04
1.661082712510471174e+04
1.670336724805978884e+04
1.631196674740176240e+04
1.782389974312351114e+04
1.825033573510601491e+04
1.804133084189921283e+04
1.750490784745707424e+04
1.828820846258985694e+04
1.768403001725378272e+04
1.762153556126209878e+04
1.496374296224476348e+04
1.707890064563739725e+04
1.736121284223772091e+04
1.436785821029276121e+04
1.751211502299994754e+04
1.643847471366175887e+04
1.625658495131334712e+04
1.708871823215822224e+04
1.686936375050042989e+04
1.643586654003382137e+04
1.644809081417516063e+04
1.648876048129366973e+04
1.660219835169405997e+04
1.740179277648401694e+04
1.760191027546535042e+04
1.695058033760104809e+04
1.514565665956439625e+04
1.698460682870608071e+04
1.665108293982979376e+04
1.615892437581846571e+04
1.621073096226987946e+04
1.686719807639809733e+04
1.731880674668191932e+04
1.778061213615848101e+04
1.765643714725484460e+04
1.755808841195805508e+04
1.741998034578762599e+04
1.795014085906454420e+04
1.684935404416398160e+04
1.609875728456635625e+04
1.810099669906134659e+04
1.783245682965811284e+04
1.453252964254498511e+04
1.779744384472105594e+04
1.590472771627066686e+04
1.648752432299934298e+04
1.673778016106742871e+04
1.818699211557569288e+04
1.696701216881418804e+04
1.798500875952568094e+04
1.487241024762202142e+04
1.594476626984399263e+04
1.809798484530471978e+04
1.826549852719184128e+04
1.646314879264832780e+04
1.724352949872064346e+04
1.772067487716210599e+04
1.811338460307668720e+04
1.766817854249205266e+04
1.582830301578079889e+04
1.714852786572665354e+04
1.796801835708499493e+04
1.486957074700739213e+04
1.539556786966691288e+04
1.828628595996752119e+04
1.775688592914362744e+04
1.547498846631164815e+04
1.585011487815140390e+04
1.762804218739536009e+04
1.744208976702486689e+04
1.579955181758993240e+04
1.813710948772911797e+04
1.711034388541836597e+04
1.649127752544305258e+04
1.708436118366083610e+04
1.822264789244451458e+04
1.628481775071432276e+04
1.551622342638173177e+04
1.740469506505362369e+04
1.664250322707583109e+04
1.810484431780642626e+04
1.780408370980378095e+04
1.734934986558215678e+04
1.801857542966719120e+04
1.751071988746868374e+04
1.688225415832654107e+04
1.597988974205705745e+04
1.665207351570346873e+04
1.827347099840857845e+04
1.756225628293802220e+04
1.737942885375427431e+04
1.633993800281472249e+04
1.573758317860107491e+04
1.817388291010367539e+04
1.747237926241313107e+04
1.478315976567804137e+04
1.647765213807746477e+04
1.830525699826522396e+04
1.736801429638114496e+04
1.624655270173499230e+04
1.657210269403313941e+04
1.679874227103032172e+04
1.720616312323876627e+04
1.827325391180896986e+04
1.667736201985029038e+04
1.708257952478389052e+04
1.744838429102443479e+04
1.669939546619582325e+04
1.576365806164313108e+04
1.687501616740989630e+04
1.822445199430427601e+04
1.761704980801101919e+04
1.494718100206321833e+04
1.614755448176011123e+04
1.496297765533918209e+04
1.567043686333437654e+04
1.797960831901348138e+04
1.757671047143475880e+04
1.754687003930896753e+04
1.731342873225343646e+04
1.775856279578719841e+04
1.751884126586155617e+04
1.725574506257088069e+04
1.628689693759047623e+04
1.680234509086472826e+04
1.811205889075972300e+04
1.749924639069761906e+04
1.730016378377244837e+04
1.648839275270872895e+04
1.699574786982185469e+04
1.677082340357686917e+04
1.708557845129834459e+04
1.817430783726927984e+04
1.708697122091880738e+04
1.779979117543624307e+04
1.795105671625944524e+04
1.578973381845712902e+04
1.719769945737058515e+04
1.801852618255487323e+04
1.742406940170042071e+04
1.698743389551653672e+04
1.799900662064360949e+04
1.653641034888920331e+04
1.803626064390643660e+04
1.729043308935467940e+04
1.621918700936292225e+04
1.536062183348311373e+04
1.699634786476263616e+04
1.654536729892056610e+04
1.596059903826706068e+04
1.573001902608623823e+04
1.724862475286651170e+04
1.806338292215931142e+04
1.763946342480681415e+04
1.787886243298249610e+04
1.685353888513973288e+04
1.636631755386050281e+04
1.727601737461531229e+04
1.766114407147048041e+04
1.765643714725484460e+04
1.688307912561715057e+04
1.525014724245142497e+04
1.642802071991228877e+04
1.735200609845262443e+04
1.479583278501514724e+04
1.758346496440632473e+04
1.751403105353833234e+04
1.753765183195838836e+04
1.709655615725280222e+04
1.769166114555983586e+04
1.756225628293802220e+04
1.806074773136088334e+04
1.666832791265346896e+04
1.711923709469827736e+04
1.578521200655826033e+04
1.582270622501648904e+04
1.811040351653176185e+04
1.606364080159401601e+04
1.626917246280803010e+04
1.695125076989670197e+04
1.791903994267337475e+04
1.827573505676604691e+04
1.707112646229208622e+04
1.822966827748745709e+04
1.828912042348473915e+04
1.804404504937768797e+04
1.627775070960832090e+04
1.697457500597504622e+04
1.766550935046730228e+04
1.773589921161855455e+04
1.716656394874538819e+04
1.596841478730626841e+04
1.827225292520618677e+04
1.769248292390798451e+04
1.783860722743015867e+04
1.470703106724788449e+04
1.723271144990190805e+04
1.656717200921022231e+04
1.824956125025361689e+04
1.659310669856665481e+04
1.656973955522044707e+04
1.680120323995589570e+04
1.677578712151273430e+04
1.747026389713506796e+04
1.754070004144096310e+04
1.465788172227124596e+04
1.657890614528637889e+04
1.751380513073792099e+04
1.705828534144232981e+04
1.719181290085266664e+04
1.712308307710348163e+04
1.559344631498335002e+04
1.691024458130251151e+04
1.720249953127262052e+04
1.795020755999380344e+04
1.817540385147174311e+04
1.743718073876072594e+04
1.803328938043995731e+04
1.658013581644265651e+04
1.688996989704942098e+04
1.606967091868113675e+04
1.781014871845406014e+04
1.623667357223700492e+04
1.384139178415818424e+04
1.663312015766566037e+04
1.611657722411327268e+04
1.782596437691064057e+04
1.804770218854989798e+04
1.666728322515008404e+04
1.620170399585148334e+04
1.808654031401181419e+04
1.519199853289490966e+04
1.665841189541978383e+04
1.536229255008387918e+04
1.824784146972999588e+04
1.618011740363779791e+04
1.798553317257701201e+04
1.658702808953906060e+04
1.676528325663123178e+04
1.828820846258985694e+04
1.692600028978662158e+04
1.531079001951304599e+04
1.467262126873030502e+04
1.471792675019777380e+04
1.290093759769865210e+04
1.756441297794334241e+04
1.649156873286056361e+04
1.746787398458467578e+04
1.774038260993522999e+04
1.772456509569176706e+04
1.667021974373783451e+04
1.634034967788517315e+04
1.636453962284336922e+04
1.619611111857863216e+04
1.715383372131942815e+04
1.570783810294651994e+04
1.810645750451554704e+04
1.560434019025172529e+04
1.782376864674229728e+04
1.755494004854971718e+04
1.595490008694396602e+04
1.742130449763221986e+04
1.768158478994739562e+04
1.546095139403823123e+04
1.575527868726584347e+04
1.819681018860308905e+04
1.737822004872055550e+04
1.786054449408443907e+04
1.601605596537093334e+04
1.662084591718608863e+04
1.744183027039956505e+04
1.716118842327936363e+04
1.324987612742125748e+04
1.796033982917089452e+04
1.741199032908142544e+04
1.820796796758630444e+04
1.768409959253062334e+04
1.731692756580744390e+04
1.769490713619724920e+04
1.632980895049901483e+04
1.561771849835079411e+04
1.623314352342529310e+04
1.782825239586148382e+04
1.652700985777298411e+04
1.712175096795084755e+04
1.765182898704193576e+04
1.783140222191008070e+04
1.498320021674753116e+04
1.620513328515415014e+04
1.723271919047375923e+04
1.689817810919623298e+04
1.821474729675053095e+04
1.596127195852074146e+04
1.598558308996965206e+04
1.787499251457366336e+04
1.742081776710793929e+04
1.660126332818271112e+04
1.714794959272734923e+04
1.817251609628769074e+04
1.773392278340238408e+04
1.796933136228357398e+04
1.442142149409734702e+04
1.818829963656847394e+04
1.805843519327375543e+04
1.568762168464160641e+04
1.626599795148710655e+04
1.581321092859146484e+04
1.807550394347861948e+04
1.787853476711917392e+04
1.739333816219677465e+04
1.606784156301815892e+04
1.716129251956464577e+04
1.744030371673424088e+04
1.668598316002784486e+04
1.818829963656847394e+04
1.830375035310008025e+04
1.751828262150617957e+04
1.505788009846908244e+04
1.645351419056749728e+04
1.729153720479122057e+04
1.824954391440605832e+04
1.637947622381135261e+04
1.653354790719840094e+04
1.798063745232739893e+04
1.609040200886259299e+04
1.620250235200068346e+04
1.654480573617473419e+04
1.720298018090408732e+04
1.674424621478557674e+04
1.384613749336068940e+04
1.541464868409695737e+04
1.814472060415126907e+04
1.615776740079807496e+04
1.684500365503200373e+04
1.719283612187537801e+04
1.673812360801878822e+04
1.760084213607719357e+04
1.710493445402057478e+04
1.704275523721086211e+04
1.661652942577382055e+04
1.638983401476034851e+04
1.676790789023992329e+04
1.735200609845262443e+04
1.629551180290600314e+04
1.830032771564057475e+04
1.803876037893675311e+04
1.637332322869245945e+04
1.664047544939208092e+04
1.806783931569218475e+04
1.707516912860713637e+04
1.742292418498092593e+04
1.792128741194782924e+04
1.729818901906707106e+04
1.761656705988159956e+04
1.287465261768872733e+04
1.606199682657031190e+04
1.718711193190401536e+04
1.818566024407879013e+04
1.828814740276315570e+04
1.563409263042853308e+04
1.703625030109413638e+04
1.518580394912711381e+04
1.637313127593900754e+04
1.820055446023724653e+04
1.642251448238371449e+04
1.658563596201907421e+04
1.554120225793664758e+04
1.694512758001495240e+04
1.760653050986730523e+04
1.678032874679310044e+04
1.734958884756299449e+04
1.622397445453194814e+04
1.531204690191928603e+04
1.633807390373818271e+04
1.778669453384399094e+04
1.673706536724910256e+04
1.798310136383401550e+04
1.717435106639361766e+04
1.617461323336737951e+04
1.828358888712613407e+04
1.704599138993004817e+04
1.671566518315711437e+04
1.641107102438974835e+04
1.763535807375061268e+04
1.720289429667180593e+04
1.612570828766181876e+04
1.609257501475775280e+04
1.560703750845226568e+04
1.296777241013848834e+04
1.624595561390434523e+04
1.737311872441806190e+04
1.534323059354227007e+04
1.363879316794060833e+04
1.810462638493867780e+04
1.644438733221430812e+04
1.741309117930225693e+04
1.765182898704193576e+04
1.781592145661430550e+04
1.691904237217787886e+04
1.829959356808941448e+04
1.440999042517090129e+04
1.347621264264637648e+04
1.583918693200405687e+04
1.811256250042809552e+04
1.589988954708265373e+04
1.648601835558360108e+04
1.799855934289810102e+04
1.746824991140548809e+04
1.624791511890502443e+04
1.823362223418919166e+04
1.780195705194688708e+04
1.827393500904477696e+04
1.272265219656677073e+04
1.741959417925407979e+04
1.481037829533883814e+04
1.647929969259982681e+04
1.660863071261382720e+04
1.675193388632353162e+04
1.690092897376589099e+04
1.321246361553060706e+04
1.575527868726584347e+04
1.502173892669141424e+04
1.822018269862590023e+04
1.633719377890153555e+04
1.709155816253815647e+04
1.306295733164775993e+04
1.792273249482825122e+04
1.670576146486282596e+04
1.734697237310740456e+04
1.734371232150269498e+04
1.676868630166945513e+04
1.827325391180896986e+04
1.773885301097609045e+04
1.609191528879033649e+04
1.651444631413035677e+04
1.608686227774019972e+04
1.629969457535212678e+04
1.641438565382744491e+04
1.805136476599961679e+04
1.684738506242751100e+04
1.639792508665465357e+04
1.651740659619873259e+04
1.700718891156559403e+04
1.805486548518794007e+04
1.668628993730156071e+04
1.809663397910110507e+04
1.746390858518469759e+04
1.642796833605883876e+04
1.497634307670085400e+04
1.480378519991977555e+04
1.606915598249033246e+04
1.617519727935882474e+04
1.643465772488225048e+04
1.726366082928367541e+04
1.708250677545747749e+04
1.733664545981398260e+04
1.544432838454803641e+04
1.806015656995436439e+04
1.678967110348159258e+04
1.756225628293802220e+04
1.764795689199710250e+04
1.642078645220977705e+04
1.409327203886316420e+04
1.696282526607747059e+04
1.473146416103137017e+04
1.664835932604768095e+04
1.733230274721024762e+04
1.801740788131967929e+04
1.753038420840918479e+04
1.741071856343322725e+04
1.603556691341999249e+04
1.801390724274914101e+04
1.747026389713506796e+04
1.769116524300899982e+04
1.640479438500050310e+04
1.596303137798547505e+04
1.551157475644537590e+04
1.811726141699168511e+04
1.750046367207921503e+04
1.604484150210713960e+04
1.687971730021982148e+04
1.729909717853664188e+04
1.730131843359348568e+04
1.820688091157655435e+04
1.756243627805001597e+04
1.542137428714935049e+04
1.392832144066954424e+04
1.704275808184563357e+04
1.802760312823185814e+04
1.724148527160472440e+04
1.644527893574968766e+04
1.735891535646954435e+04
1.695588104916967859e+04
1.826488643637609857e+04
1.720692712134274916e+04
1.785426649971195366e+04
1.520694506496619761e+04
1.488415614292825376e+04
1.790604001326784783e+04
1.745257483666525877e+04
1.598240989262751827e+04
1.500077467981290283e+04
1.520325079381210890e+04
1.717478338427543713e+04
1.519254856368418405e+04
1.621920923995821067e+04
1.316491120425339795e+04
1.695101801358231023e+04
1.491819344817157798e+04
1.602401713889939492e+04
1.819576684828221914e+04
1.759296037060095477e+04
1.566929853802048638e+04
1.698613314769743010e+04
1.735121714370781774e+04
1.650340048103383015e+04
1.639304803593961697e+04
1.827420852480296526e+04
1.790155455406441979e+04
1.697188272354695800e+04
1.607421375375463140e+04
1.768827995353718143e+04
1.723777210042793740e+04
1.792054179152494180e+04
1.687687710080308170e+04
1.782293878509645219e+04
1.823912193160531388e+04
1.575654983737151088e+04
1.824237423958178260e+04
1.764501444526134583e+04
1.642078645220977705e+04
1.781514652508550716e+04
1.764525436451050700e+04
1.824890806942661948e+04
1.555001789360881230e+04
1.553883193443589153e+04
1.814726675517551121e+04
1.641704214001844593e+04
1.341192511755052692e+04
1.811059714163179160e+04
1.702473092006117076e+04
1.820848450078868336e+04
1.824601341991231311e+04
1.606712393159744352e+04
1.773752472194347501e+04
1.659065096262632142e+04
1.643945099841742922e+04
1.618437672971870597e+04
1.728858598541510582e+04
1.611237218966452383e+04
1.820828533283718571e+04
1.575994703317767198e+04
1.725600188206954772e+04
1.587735721117996945e+04
1.656384174200930283e+04
1.666409863698801928e+04
1.473592299971547618e+04
1.705627160653981991e+04
1.687831484857080068e+04
1.829604971060876414e+04
1.712936682636808837e+04
1.726464151576532095e+04
1.770759495519593111e+04
1.805410674187600307e+04
1.660383033242747842e+04
1.625286932379300742e+04
1.781811279071529862e+04
1.813215093741472083e+04
1.667242744229170785e+04
1.350291798578785711e+04
1.639964925389917335e+04
1.813499687970268860e+04
1.807516411989416520e+04
1.826202072766624042e+04
1.830032771564057475e+04
1.672198092727043331e+04
1.650889566756473505e+04
1.728090221942532662e+04
1.456169212553483521e+04
1.707516912860713637e+04
1.796128089750556683e+04
1.760766725420940929e+04
1.614491944923899064e+04
1.711616016464383574e+04
1.619814266122382833e+04
1.777879588633991079e+04
1.779274056818393001e+04
1.768612342017549963e+04
1.786228745429069386e+04
1.744456821090680751e+04
1.822850686829993356e+04
1.728858598541510582e+04
1.619942538859413617e+04
1.708470515301691194e+04
1.651740659619873259e+04
1.795194301421127602e+04
1.790829173247831204e+04
1.687501616740989630e+04
1.690301517264280119e+04
1.641132546036734129e+04
1.784698139529404943e+04
1.688848264767614819e+04
1.714641596173515791e+04
1.650924683276363794e+04
1.489086717786192457e+04
1.537902601704540939e+04
1.696915644184601842e+04
1.618298705514950052e+04
1.484100027183401289e+04
1.576490139529916996e+04
1.813447454972553896e+04
1.783589175046531454e+04
1.794297701577613043e+04
1.697620686183093130e+04
1.790404739288114797e+04
1.799763042113296615e+04
1.475609162812780050e+04
1.479685495735117547e+04
1.638003229906714841e+04
1.621316185441492416e+04
1.755772958738365924e+04
1.756468173400835803e+04
1.830513379183465440e+04
1.640748536434465495e+04
1.760766725420940929e+04
1.694650516408364638e+04
1.692630766069062520e+04
1.705012389126729977e+04
1.677154442551263492e+04
1.784325529350826400e+04
1.610142174877811703e+04
1.758123220431811205e+04
1.502679813604267474e+04
1.535171026908909153e+04
1.790275450154420469e+04
1.428841359430028388e+04
1.719061821251709989e+04
1.655558480765140848e+04
1.573381875349235452e+04
1.663487033079628600e+04
1.775262751688814387e+04
1.825685246334747717e+04
1.738838029425231798e+04
1.525337079830385119e+04
1.642658738965175871e+04
1.585114245162641419e+04
1.735375573888498548e+04
1.689409832657244260e+04
1.640847196083778545e+04
1.624317104756165099e+04
1.746672418593033581e+04
1.727873012045242649e+04
1.780380666427450342e+04
1.627014497445480447e+04
1.739236103634411484e+04
1.684062988291584043e+04
1.789502397177188323e+04
1.753571666166526120e+04
1.459419885995921140e+04
1.593668493444863998e+04
1.594102318262384142e+04
1.755275367261086649e+04
1.828756888648289168e+04
1.781767450792111777e+04
1.655716948534543189e+04
1.585323212867284747e+04
1.785503236131805897e+04
1.710579596760954155e+04
1.678208626938163070e+04
1.718570208398114846e+04
1.786755143398739892e+04
1.780167758597254578e+04
1.680833087126823011e+04
1.720208182182212840e+04
1.657179810118832393e+04
1.713397674678586191e+04
1.810882392994650581e+04
1.806528309255362547e+04
1.662241709468265981e+04
1.820521437177262851e+04
1.560548543236007390e+04
1.627151903601996673e+04
1.668582943874670309e+04
1.759084475180194568e+04
1.829455800965541857e+04
1.663831053335147953e+04
1.673573891913433181e+04
1.685948709864361808e+04
1.807897902834921479e+04
1.715564606678400014e+04
1.752469935940500727e+04
1.510797318044445456e+04
1.600362461447371970e+04
1.635378873724486402e+04
1.749089838279125979e+04
1.682772427797387718e+04
1.687437809868378827e+04
1.663586028952737615e+04
1.708138023096472170e+04
1.534159279415022320e+04
1.804469231779206166e+04
1.456923620480703175e+04
1.729909717853664188e+04
1.748539173532757559e+04
1.763318541821203326e+04
1.754504465084591357e+04
1.749133188859605070e+04
