6.876966494492628044e+03
6.013768542480533142e+03
6.810261913566744624e+03
6.492465779123236643e+03
6.503262247512018803e+03
6.686595775475841947e+03
6.585068600360188611e+03
6.889547245767309505e+03
6.700021381997796198e+03
6.286815881208018254e+03
6.747421442486379419e+03
6.388853671859102178e+03
6.262314184745352577e+03
6.865319024677643029e+03
6.849875445712707005e+03
6.800584211972671255e+03
6.712651715187345872e+03
6.876523727629873974e+03
6.796856018315355868e+03
6.865316688798373434e+03
6.622922748158955073e+03
6.856035075300573226e+03
6.864533221061664335e+03
6.788122701495303772e+03
6.831840396206769583e+03
6.857868779820611053e+03
6.703317701416882301e+03
6.851538454054027170e+03
6.792616547030337642e+03
6.851393583756026601e+03
6.720862105154676101e+03
6.761583386447529847e+03
6.581259503047334874e+03
6.321376928660172780e+03
6.744644641547382889e+03
6.759480401989190796e+03
6.299520524126668533e+03
6.633740262879422517e+03
6.721428714257345746e+03
6.869026870596686422e+03
6.686962380299845790e+03
6.226327288784281336e+03
6.876966494492628044e+03
6.556250033045555028e+03
6.639551746466823715e+03
6.573777697042410182e+03
6.798013997186631968e+03
6.733906027376631755e+03
6.589089980344389005e+03
6.744928590841041114e+03
6.632901530075223491e+03
6.677529804951186634e+03
6.764219199994820883e+03
6.803020208546700815e+03
6.598021361828294175e+03
6.803596222558155205e+03
6.706403539462657136e+03
6.772429527848191356e+03
6.616283423603238589e+03
6.733077953090993105e+03
6.742709824615676553e+03
6.793207918806318048e+03
6.242814654972575227e+03
6.765549432695246651e+03
6.585209234556817137e+03
6.659695134102513293e+03
6.858881956320375139e+03
6.885529762753478281e+03
6.645008445158490758e+03
6.721774870986042515e+03
6.762187518406532035e+03
6.711727438959863321e+03
6.369578402860864117e+03
6.612506631715628828e+03
6.355606894265996743e+03
6.601886628493339231e+03
6.224961589986418403e+03
6.870684524958908696e+03
6.872579866641193803e+03
6.752029899849372669e+03
6.887120531367476360e+03
6.879248867058471660e+03
6.152615640697817071e+03
6.483285896838911867e+03
6.864428446575111593e+03
6.530843532425132253e+03
6.700925988146400414e+03
6.169277535043896933e+03
6.580839959282167911e+03
6.641048534034122895e+03
6.810003082737413024e+03
6.838657761548141934e+03
6.486098016927449862e+03
5.932833283179865248e+03
6.811476833348203400e+03
6.749314055614711833e+03
6.553769817536635856e+03
6.393834688974291566e+03
6.758539490865885455e+03
6.868349022692385915e+03
6.746808316511193880e+03
6.823197766490285176e+03
6.698647562721572285e+03
6.836770400721206897e+03
6.728160343596879102e+03
6.708186502592878242e+03
6.847310384759661247e+03
6.523438613792995966e+03
6.812574417695423108e+03
6.831362805740274780e+03
6.784855013768920799e+03
6.882231939854527809e+03
6.388853671859102178e+03
6.702754461463110601e+03
6.878235900297693661e+03
6.603970358288639545e+03
6.083193392661544749e+03
6.689999850748346944e+03
6.369886567727661713e+03
6.844373639211608861e+03
6.491463869925008112e+03
6.630965625784241638e+03
6.743701196670136596e+03
6.241678546600655864e+03
6.840505918145831856e+03
6.776933172876546450e+03
6.886555557499649694e+03
6.724484655439645394e+03
6.590506231019841834e+03
6.611218701483121549e+03
6.817706973940801618e+03
6.762060965466136622e+03
6.833649731790345868e+03
6.648676417103260974e+03
6.656151795630769811e+03
6.259877575525104476e+03
6.606636287763117252e+03
6.788338384111881169e+03
6.427384674296217781e+03
6.604025878100488626e+03
6.257301521248622521e+03
6.414164163065979665e+03
6.637805784825652154e+03
6.826790772399841444e+03
6.866662966717552990e+03
6.599863137365062357e+03
6.747369754448505773e+03
6.448974035961349728e+03
6.706042697478997070e+03
6.797535482914328895e+03
6.460637528176933301e+03
6.794433037433745085e+03
6.732568748407802559e+03
6.702307044908639000e+03
6.441960977026780711e+03
6.891899923939097789e+03
6.632471200904672514e+03
6.117635615344719554e+03
6.585068600360188611e+03
6.769475886044426261e+03
6.645030047729246689e+03
6.777521738130386439e+03
5.987218672349354165e+03
6.857823116632213896e+03
6.744007179758290476e+03
6.853344805450599779e+03
6.584092445384875646e+03
6.472957685242532534e+03
6.417084913580251850e+03
6.372918764303844000e+03
6.771355107602651515e+03
6.768514914155653969e+03
6.740695521740941331e+03
6.467512850518662162e+03
6.742768187403115917e+03
6.753944283128577808e+03
5.956924088050802311e+03
6.649092525846941498e+03
6.809269658060910842e+03
6.798015242605338244e+03
6.656184862619002160e+03
6.891964113522417392e+03
6.743660436386238871e+03
6.753106730312959371e+03
6.657277732646374716e+03
6.800053727919349512e+03
5.669350641249045111e+03
6.765149830954293066e+03
5.954671207256471462e+03
6.752730878289889006e+03
6.463250830946435599e+03
6.093726850421512609e+03
6.309546419786303886e+03
6.672890744517717394e+03
6.727981210706901038e+03
6.426346887958812658e+03
6.891014168831112329e+03
6.870377929518102064e+03
6.879875668433278406e+03
6.409501867285685876e+03
6.644865726923560942e+03
6.522084089213858533e+03
6.707876125283568399e+03
6.216182383663715882e+03
6.885884299381883466e+03
6.731326996436549962e+03
6.133496004688096946e+03
6.789937266242084661e+03
6.163363197760398180e+03
6.837005753131505116e+03
6.647881870643944239e+03
6.180230695490197832e+03
6.885634029366126924e+03
6.553837144344779517e+03
6.727195511759505280e+03
6.739508585465478973e+03
6.804635062580458907e+03
5.915655797904220890e+03
6.803698021768478611e+03
6.579174336575755660e+03
6.851096454090719817e+03
6.407108665105142791e+03
6.694414690575080385e+03
6.260245898485196449e+03
6.637393064841598971e+03
6.865177309027407318e+03
6.476325324766163249e+03
6.884390156152175223e+03
6.742458315871696868e+03
6.865316688798373434e+03
6.170987258250010200e+03
6.646263519507732781e+03
6.719759221521448126e+03
6.872059408847988379e+03
6.315987172144310534e+03
6.299972673308730919e+03
6.703417987146525775e+03
6.625438156022469229e+03
6.888742254543392846e+03
6.860764255723266615e+03
6.341350048392037934e+03
6.796626549271099066e+03
6.675560591881108849e+03
6.669685707608125085e+03
6.822145485171496148e+03
6.891808743499693264e+03
6.875998590192948541e+03
6.810254010125661807e+03
6.657129875985296167e+03
6.758168346998631023e+03
6.693216016123414192e+03
6.752155589007707022e+03
6.812136062892981499e+03
6.718543542514678848e+03
6.454037061547982375e+03
6.865326472034208564e+03
6.755866063340945402e+03
6.597632429467475959e+03
6.572028227213806531e+03
6.588746443681448909e+03
6.765759391464780492e+03
6.877003590769610128e+03
6.756675558771221404e+03
6.707876125283568399e+03
6.843099700579718956e+03
6.872316745407705639e+03
6.645454705925336384e+03
6.715134771995860319e+03
6.477114163088766873e+03
6.656698749632903855e+03
6.649130892281285014e+03
6.729532295909661116e+03
6.588279765148405204e+03
6.846476573913954780e+03
6.815170711110976299e+03
6.779942059157771837e+03
6.771711671427920010e+03
6.155299195904531189e+03
5.657390776018197357e+03
6.544224404311966282e+03
6.419141629267342978e+03
6.738241115092687323e+03
6.406586701006114708e+03
6.291857887858955110e+03
6.633472361221266510e+03
6.499351719878624863e+03
6.580973000945871718e+03
6.544504308692057748e+03
6.693705915563722556e+03
6.707936382889918605e+03
6.803573309274916937e+03
6.853753099691768512e+03
6.867372887672521756e+03
6.798755681368143996e+03
6.569841102791465346e+03
6.512811770489737683e+03
6.890124012929818491e+03
6.417952300986835326e+03
6.567028426275975107e+03
6.515536086324134885e+03
6.726296336552285538e+03
6.653414393448059855e+03
6.784804450106025797e+03
6.379808253356333807e+03
6.553448434826797893e+03
6.860595045618611948e+03
6.881311648320817767e+03
6.645093460202501774e+03
6.691237434473126996e+03
6.795495162388404424e+03
6.335726641835010014e+03
6.804717083905319669e+03
6.807608525914137317e+03
6.680590605875546316e+03
6.588344397869466775e+03
6.868135188469330387e+03
6.606159280307281733e+03
6.151083139158968152e+03
6.504325786200269249e+03
6.856530722485491424e+03
6.804717083905319669e+03
6.143328223364665973e+03
6.318836555398776909e+03
6.784938438758206757e+03
6.738734486633879897e+03
6.770418496755941305e+03
6.780213956856910954e+03
6.454037061547982375e+03
6.841369948064098935e+03
6.864313956971280277e+03
6.640379988430751837e+03
6.556250033045555028e+03
6.365305965942316107e+03
6.879248867058471660e+03
6.854144579284398787e+03
6.789107397511768795e+03
6.264623389833256624e+03
6.409424208417187401e+03
6.613716816595859200e+03
6.811875678395624163e+03
6.466395422717731890e+03
6.723828438819031362e+03
6.171962766333517720e+03
6.207156173786777799e+03
6.640619474484932653e+03
6.854615741934130710e+03
6.861072070578455168e+03
6.725706187483214308e+03
6.658524867547295798e+03
6.674955592851472829e+03
6.531894083517132458e+03
6.646762323784429100e+03
6.419513387201221121e+03
6.759888804466445436e+03
6.739345980030724604e+03
6.865561960216988155e+03
6.551221960665645383e+03
6.618980164700045862e+03
6.775885868695368117e+03
6.644690970459543678e+03
6.315438609020056901e+03
6.133968566720616764e+03
6.826100074951203169e+03
6.712272285441702479e+03
6.829651539264408711e+03
6.723088002846683594e+03
6.365319343587943877e+03
6.773316896277134219e+03
6.388251108369538997e+03
6.842955796932337762e+03
6.671703840408286851e+03
6.687525450967563302e+03
6.560727606572147124e+03
6.423397766079988287e+03
6.696139380847031134e+03
6.806743838691430028e+03
6.852733948474941826e+03
6.704677820118737145e+03
6.459448169919060092e+03
6.559540443199441142e+03
6.888811273676002202e+03
6.798755681368143996e+03
6.797923466987294887e+03
6.732172472083288994e+03
6.528168081488867756e+03
6.640953916112952356e+03
6.732869191260745538e+03
6.396163614573440100e+03
6.082595277094153062e+03
6.567517937040741344e+03
6.764219199994820883e+03
6.437137480070879974e+03
6.500519027485263905e+03
6.884203160871580621e+03
6.801454925712023396e+03
6.887124348698378526e+03
6.832044618964275287e+03
6.865271460218404172e+03
6.430191293063684498e+03
6.228583576582887872e+03
6.891964113522417392e+03
6.767616714052965108e+03
6.887120531367476360e+03
6.875614459910879305e+03
6.266653556102928633e+03
6.484267662820704572e+03
6.269611466304921123e+03
6.233167803796563931e+03
6.477912803785155120e+03
6.876519831331495880e+03
6.783786017448846906e+03
6.716888860287071111e+03
6.746417530398667623e+03
6.221257659827620955e+03
6.888453895087239289e+03
6.628924296171634523e+03
6.752885319928587705e+03
6.234605926312623524e+03
6.827671135284017510e+03
6.678896287024091180e+03
6.687986810179821987e+03
6.228953036894288743e+03
6.780930269935211982e+03
6.460637528176933301e+03
6.824985984599441508e+03
6.610877974880069814e+03
6.861957428364975385e+03
6.809741322411436158e+03
6.827116949420396850e+03
5.821714488640693162e+03
6.401640692578566814e+03
6.520508775756996329e+03
6.384150968219737479e+03
6.439706513319897567e+03
6.697551737031506491e+03
6.857174125707531857e+03
6.685722909680847806e+03
6.794166205341492969e+03
6.784433124717882492e+03
6.145013897086783800e+03
6.443733978167246278e+03
6.887056193680409706e+03
6.886319949825989170e+03
6.843818542896213330e+03
6.885125728203292965e+03
6.701180939056986972e+03
6.633632817184075066e+03
6.671891520495255463e+03
6.876523727629873974e+03
6.275007536590611380e+03
6.764068784987945037e+03
6.440522821691107310e+03
6.252695421819371404e+03
6.751645133233790148e+03
6.735193247819031967e+03
6.399292898105421955e+03
6.769778077689539714e+03
6.620784487953080315e+03
6.864883592945499913e+03
6.864994553785402786e+03
6.764263123200298651e+03
6.871580862245772551e+03
6.664284231501222166e+03
6.829738456536002559e+03
6.737399802087667922e+03
6.691153945544572707e+03
6.331992271823040028e+03
5.983881285727817158e+03
6.866263416526307992e+03
6.882344286857512088e+03
6.767932679166030539e+03
6.835577855955765699e+03
6.672715746382809812e+03
6.378884552730210999e+03
6.545829020299062904e+03
6.732144223304407205e+03
6.426620328114826407e+03
6.627920859549469242e+03
6.876180556082038493e+03
6.866475099285654323e+03
6.662986246287017821e+03
6.584092445384875646e+03
6.401353890750220671e+03
6.719735827574779250e+03
6.826902589924458880e+03
6.750696158216267577e+03
6.688825021601150183e+03
6.831432960387362982e+03
6.650410706130425751e+03
6.682901183309992120e+03
6.730587635129015325e+03
6.256895319267801824e+03
6.850835256928970921e+03
6.680706288731802488e+03
6.846280441461201917e+03
6.746778081803297027e+03
6.475552173205436702e+03
6.609577873801985334e+03
6.870938224008113139e+03
6.617183422680216609e+03
6.616054283605059936e+03
6.862278383925103299e+03
6.653965808378148722e+03
6.713698472659636536e+03
6.430083615258366990e+03
6.375539309225583565e+03
6.621565294522937620e+03
6.376119429768623377e+03
6.773976026674336026e+03
6.829224338793947027e+03
6.671703840408286851e+03
6.722179844137706823e+03
6.709784134904086386e+03
6.325443852037937177e+03
6.515217811370175696e+03
6.566134835440885581e+03
6.482807914614611946e+03
6.727870022449484168e+03
6.512300769021876476e+03
6.737197264273738256e+03
6.824581298715574121e+03
6.362536850013780168e+03
6.627988566358423668e+03
6.687549320067739245e+03
6.590832869580300212e+03
6.886607177785896056e+03
6.409501867285685876e+03
6.449234235318202991e+03
6.876519831331495880e+03
6.281491566918144599e+03
6.864922098821289183e+03
6.869102914668477752e+03
6.738015471787992283e+03
6.577929218729885179e+03
5.954410981818477012e+03
6.414307825919770039e+03
6.873815040538083849e+03
6.759234980324035860e+03
6.495132643401251698e+03
6.864423001212710915e+03
5.762706781155779026e+03
6.756767052069637430e+03
6.889403267421515920e+03
6.429498762682918823e+03
6.779100154747596207e+03
6.324576432559261775e+03
6.376810412056858695e+03
6.876519831331495880e+03
6.803946557851313628e+03
6.664321225567180591e+03
6.801803089074824129e+03
6.765895848466000643e+03
6.727693836809534332e+03
6.455187422155962850e+03
6.797950306044813260e+03
6.853414042024540322e+03
6.888122728715425183e+03
6.623496341670175752e+03
6.834353226153974902e+03
6.815665945323638880e+03
6.430054442455024400e+03
6.842332621933773225e+03
6.650408720451282534e+03
6.688166327707576784e+03
6.697583404708480884e+03
6.767688546655310347e+03
6.821646935147522527e+03
6.670766553073694013e+03
6.783101530235622704e+03
6.411864859837996846e+03
6.426655258891729318e+03
6.809166228047554796e+03
6.322660277438692901e+03
6.732072334351250902e+03
6.839386980723731540e+03
6.462143193444436292e+03
6.636624627215319379e+03
6.078569449767819606e+03
6.868702511827017588e+03
6.883789698853865048e+03
6.532682801238173852e+03
6.793001083422999727e+03
6.870172719441361551e+03
6.875669302662939117e+03
6.633472361221266510e+03
6.716533992598682744e+03
6.697898412549555360e+03
6.740916831528729745e+03
6.858840432514523854e+03
6.572741393224754574e+03
6.670852362774773610e+03
6.775415924201347480e+03
6.814566917002248374e+03
6.485586594169767523e+03
6.751013995726299981e+03
6.824209316755659529e+03
6.639814021594120277e+03
6.712062068232404272e+03
6.732185552035765795e+03
6.553348796885313277e+03
6.755377406753161267e+03
6.545378155914722811e+03
6.763420995197200682e+03
6.854041685094676723e+03
6.497835846449152086e+03
6.841369948064098935e+03
6.821157606599107567e+03
6.855034346728056335e+03
6.738295235146526466e+03
6.096037259126682329e+03
6.813046762930589466e+03
6.200991745239856755e+03
6.608667097842482690e+03
6.671901325098774578e+03
6.754281138523698246e+03
6.524151250773295033e+03
6.668039945065866959e+03
6.273129250157840943e+03
6.865655490396113237e+03
6.886194746170629514e+03
6.890669468826918092e+03
6.529782076038634841e+03
6.789488492955311813e+03
6.612141550805485167e+03
6.365686924322375489e+03
6.534103185258856684e+03
6.463129460066763386e+03
6.722809144255788851e+03
6.749199341865211863e+03
6.187750374143595764e+03
6.877169203565150383e+03
6.785811004643474007e+03
6.495312598596237876e+03
6.890933686670583484e+03
6.764243920684304612e+03
6.201163308224304274e+03
6.144995682776734611e+03
6.542275260928941861e+03
6.759606116880886475e+03
6.569307857842375597e+03
6.886602142096357056e+03
6.434712342243993589e+03
6.828044603747395740e+03
6.354281338698858235e+03
6.766961239589189063e+03
6.706477166538546953e+03
6.775992318089880428e+03
6.838400391379394932e+03
6.802390047232705911e+03
6.847391819807913635e+03
6.089960176230964862e+03
6.660019358650009053e+03
6.295393351720762439e+03
6.682950005973576481e+03
6.524560160659493704e+03
6.787025606061471990e+03
6.602984634341361016e+03
6.792865150947911388e+03
6.785158283492799455e+03
6.390887581711483108e+03
6.856901043400363051e+03
6.792713170255336081e+03
6.892038317529852065e+03
6.064213031723414133e+03
6.865901267135868693e+03
6.528757367022840299e+03
6.641776033068086690e+03
6.271345302018746224e+03
6.660368789377926078e+03
6.803441073213160962e+03
6.657456811878564622e+03
6.855747185094386623e+03
6.883953673150967006e+03
6.768514914155653969e+03
6.584092445384875646e+03
6.610140251239221470e+03
6.795055791145773583e+03
6.755514743210779670e+03
6.635784173586880570e+03
6.472171392736570851e+03
6.808379279746191969e+03
6.860121585729777507e+03
6.375441264599290662e+03
6.801958834628837394e+03
6.501862505218540718e+03
6.545104687919497337e+03
6.329606724814884728e+03
6.814545420441724673e+03
6.793000132364821184e+03
6.285031823407129195e+03
6.343232876823562037e+03
6.886065167483271580e+03
6.476030040178387935e+03
6.668556079799287545e+03
6.651698754074421231e+03
5.932833283179865248e+03
6.720906566929030305e+03
6.829682374827295462e+03
6.062191693546556053e+03
6.765557500436843839e+03
6.777343450360616771e+03
6.653611840781140927e+03
6.694612836804812105e+03
6.784158172036239193e+03
6.651507280359917786e+03
6.669641256067276117e+03
6.430845048913726714e+03
6.866829204712095816e+03
6.799307635138105979e+03
6.738441178081926410e+03
6.577290162330504245e+03
6.877011435643985351e+03
6.748126071608063285e+03
6.576199236134305465e+03
6.109732855831096458e+03
6.705320062281149148e+03
6.494188945180917472e+03
6.166383534339637663e+03
6.744397640038589088e+03
6.814481137834551191e+03
6.230093218660062121e+03
6.681824564018528690e+03
5.953305407232473954e+03
6.686338840786328547e+03
6.847773078453331436e+03
6.784996485754281821e+03
6.766359689953922498e+03
6.823993576443707752e+03
6.853736055414835391e+03
6.866647600647083891e+03
6.819751069233938324e+03
6.321031699423110695e+03
6.681747323922471878e+03
6.739062631800009513e+03
6.789933425352859558e+03
6.346331845676324519e+03
6.891227754036185615e+03
5.797625259961739175e+03
6.796156882878522083e+03
6.484131887895770888e+03
6.316200061986437504e+03
6.852173345743834943e+03
6.879562694210360860e+03
6.661883195878837796e+03
6.714108654783715792e+03
6.781108504317166080e+03
6.876535398230848841e+03
6.876519831331495880e+03
6.855344542200781689e+03
6.623496341670175752e+03
6.831904411011164484e+03
6.861457518603606331e+03
6.739955246206268384e+03
6.664225512415587218e+03
6.451351189178260938e+03
6.611919916095759618e+03
6.836877128427644493e+03
6.598389771656265111e+03
6.831334393413737416e+03
6.791064409894361233e+03
6.885171797635482108e+03
6.648091819273594410e+03
6.879447628284549864e+03
6.615883215698186177e+03
6.651685936067666262e+03
6.773562310506085851e+03
6.780303107095805899e+03
6.880857352398513285e+03
6.882881040981988917e+03
6.875548477646680112e+03
6.790503349101534695e+03
6.619100566786551099e+03
6.795055791145773583e+03
6.811362283385364208e+03
6.887393759278484140e+03
6.463340336984947498e+03
5.768052470118399469e+03
6.783759513710127067e+03
6.478047744434967171e+03
6.723618261719124348e+03
6.763133344298482371e+03
6.872626723746887365e+03
6.681289467687187425e+03
6.493589078482643345e+03
6.207163364108369933e+03
6.726789117514521422e+03
6.317117001825259649e+03
6.853946627125575105e+03
6.816623367074260386e+03
6.696494964473506116e+03
6.767932679166030539e+03
6.678917821316091249e+03
6.297888777098110040e+03
6.575966569056115986e+03
6.267219422968753861e+03
5.898189177692914200e+03
6.841369948064098935e+03
6.613369478498778335e+03
6.783413487556426844e+03
6.542530663022093904e+03
6.876686963365966221e+03
6.239170894259441411e+03
6.455307530462940122e+03
6.876074571884526449e+03
6.574029963520353704e+03
6.492770557245456075e+03
6.649092525846941498e+03
6.658751058963250216e+03
6.655761188055888852e+03
6.867232226924128554e+03
6.550917849143641433e+03
6.314272883591942445e+03
6.786361165725915271e+03
6.545554342427014490e+03
6.472787415413236886e+03
6.853160208286544730e+03
6.570470799859504041e+03
6.798119580936183411e+03
6.555248578629996700e+03
6.380015912562245830e+03
6.715344965438044710e+03
6.457524992983169795e+03
6.651132329659978495e+03
6.746648295831848372e+03
6.677529804951186634e+03
6.740200610188824612e+03
6.555581799694923575e+03
6.669437559198745475e+03
6.618384929995310813e+03
6.740518540999963079e+03
6.390055426215877560e+03
6.787477712586470261e+03
6.777093801981055549e+03
6.487947952865746629e+03
6.680084391728707487e+03
6.767807646451177789e+03
6.889368651001554099e+03
6.715987734105307027e+03
6.601584401556297962e+03
6.426318441177362729e+03
6.733246485308378396e+03
6.230764247110968427e+03
6.742646033263539721e+03
6.825666624003650213e+03
6.260245898485196449e+03
6.536419008435335854e+03
6.561007458708469130e+03
6.744127486486986527e+03
6.342890604699100550e+03
6.819710621890659240e+03
6.772356068174502980e+03
6.621677664793489384e+03
6.665337181810886250e+03
6.650181477599106984e+03
6.493899461361077556e+03
6.755428012184273939e+03
6.321139101184287028e+03
6.795718758069223441e+03
6.851116958229604279e+03
6.829130599304067800e+03
6.686876129909192969e+03
6.707876125283568399e+03
6.881021179478312661e+03
6.813582452076885602e+03
6.699108235406685708e+03
6.845873273502975280e+03
6.566233741541245763e+03
6.773416331073278343e+03
6.501097311760733646e+03
6.748026653278027879e+03
6.762912445680598466e+03
6.636659622556044269e+03
6.307840116218728326e+03
6.716790675994902813e+03
6.796497143775010954e+03
6.643386192052686965e+03
6.729673469910096173e+03
6.349386189876617209e+03
6.778262634239906220e+03
6.789952478872002757e+03
6.525473947621509978e+03
6.617052069726712944e+03
6.866173894388866756e+03
6.772191106152959946e+03
6.851301884228465497e+03
6.783010251163510475e+03
6.835307967799107246e+03
6.798229640394830312e+03
6.329032182574941544e+03
6.277377528252334741e+03
6.698413918831570300e+03
6.853753099691768512e+03
6.279575293062598575e+03
6.656961586877605441e+03
6.302960397858034412e+03
6.493438688158492369e+03
6.360732513156975983e+03
6.827116949420396850e+03
6.890307969558550212e+03
6.448702054785815562e+03
6.713064662329123166e+03
6.049899800744895401e+03
6.640422223519719410e+03
6.798119580936183411e+03
6.146364858418291078e+03
6.843986934661119449e+03
6.809954583360298784e+03
6.818329639684490758e+03
6.230436099622031179e+03
6.623929741350420954e+03
6.167753674197845612e+03
6.157908613910990425e+03
6.725830112544690564e+03
6.789107397511768795e+03
6.762866601459482808e+03
6.423700224423593681e+03
6.265110162317082541e+03
6.746312858724593752e+03
6.739394438721637925e+03
6.496733173654280108e+03
6.792713170255336081e+03
6.535997846562349878e+03
6.293674722281961294e+03
6.853223707871409715e+03
6.493899461361077556e+03
6.696792311269564379e+03
6.553075664786179004e+03
6.867598177772071722e+03
6.818165134064114682e+03
5.964799656706793030e+03
6.783519529231247361e+03
6.353970294094750898e+03
6.351570388089847256e+03
6.828970498742099153e+03
6.373818482641073388e+03
6.680578233474309855e+03
6.322205277157054297e+03
6.707541873999736708e+03
6.742734716098943863e+03
6.839799520816235599e+03
6.415022323550369947e+03
6.790503349101534695e+03
5.846761249696385676e+03
6.273748168776247439e+03
6.377287121992936591e+03
6.804076059881179390e+03
6.702754461463110601e+03
6.850465154411149342e+03
6.484453547233326390e+03
6.691333878557022217e+03
6.746808316511193880e+03
6.095848486929095088e+03
6.793566596516431673e+03
6.833790430996754367e+03
6.844668827594057802e+03
6.343448680935864104e+03
6.700043928242425864e+03
6.776482822197958740e+03
6.037666607866621234e+03
6.598909518958158515e+03
6.853141562717497436e+03
6.834267296649341915e+03
6.473213881171925095e+03
6.549948116290905091e+03
6.526261813140017694e+03
6.703095714485236385e+03
6.585044096056559283e+03
6.715019704616134732e+03
6.765979325574582617e+03
6.575894365822434338e+03
6.596684012690642703e+03
6.854338157070450507e+03
6.463281404043143993e+03
6.404046725050730856e+03
6.812054349404743334e+03
6.416999278899540514e+03
6.431603022342127588e+03
6.610466661901823500e+03
6.328826736566430554e+03
6.784820502702157683e+03
6.644865726923560942e+03
6.704883569980604989e+03
6.669214657871985764e+03
6.810387721540761049e+03
6.773173785928614961e+03
6.185403951978913938e+03
6.843506436181754907e+03
6.559921507663996636e+03
5.843961683584959246e+03
6.023226916007915861e+03
6.887505883671090487e+03
6.493899461361077556e+03
6.633924166908216648e+03
6.506780462407728010e+03
6.568466710343736850e+03
6.404658489097298116e+03
6.454831788900266474e+03
6.706619049427868958e+03
6.767813762832375687e+03
6.452007576819745736e+03
