6.116266555136316128e+03
6.251509544421503051e+03
6.446350881036154533e+03
6.120932143010842992e+03
6.258752095266218021e+03
6.236191702478901789e+03
6.491733715611537264e+03
5.971231226931888159e+03
6.161670743556049274e+03
6.447023333919700235e+03
6.116708595877314110e+03
6.275970812250475319e+03
5.934225344210276489e+03
6.493239461720964755e+03
6.128328096468801050e+03
6.301490003206969050e+03
6.201133440053696177e+03
5.859141660538204633e+03
6.455144840728228701e+03
6.480418388951226007e+03
6.371388725309394431e+03
6.214789423514633199e+03
6.493826071904923083e+03
6.277220981713307992e+03
5.848704072265112700e+03
6.184377975196082843e+03
6.493228028356510549e+03
6.429749839186415556e+03
6.152245685872540889e+03
6.431340736403328265e+03
5.994955501223354986e+03
5.961164604583993423e+03
6.097720273775738860e+03
6.192453886880677601e+03
6.295759158412010947e+03
6.398689443937094438e+03
6.407369709273803892e+03
6.404429788259161796e+03
5.967574560589139764e+03
6.353343107630025770e+03
6.411333424046726577e+03
6.456474291566471038e+03
6.520849780250089680e+03
6.506890742209998280e+03
6.021905282944828286e+03
5.972256588061176444e+03
6.509438922788949640e+03
6.124363612819333866e+03
6.324948903599793084e+03
6.266032176558213905e+03
6.232034652998589081e+03
6.379838691706845566e+03
6.416971382254204400e+03
6.303787976276262270e+03
6.438383641632967738e+03
6.501855684325184484e+03
6.330716809064269910e+03
6.417554746362729929e+03
6.454768016538486336e+03
6.333481491309301418e+03
6.419120182978389494e+03
5.953125282169186903e+03
6.285867836160239676e+03
6.147924432253537816e+03
6.370141954989430815e+03
6.164033446024044679e+03
6.411528136297921264e+03
6.264361080849781501e+03
6.213794632876448304e+03
6.132897791666646299e+03
6.071334638426993479e+03
6.355252594618476905e+03
6.521730201578246124e+03
6.247282855779598322e+03
5.884673281770797985e+03
6.418107553164795718e+03
6.417754879470674496e+03
6.287267937626666026e+03
6.438837213882377910e+03
6.265956087242789181e+03
6.521262899223020213e+03
6.504492808019783297e+03
6.305632267990195032e+03
5.935555979930304602e+03
5.727917058868475578e+03
6.410654717871550019e+03
6.500589158461903935e+03
6.242822340725886534e+03
6.244076632479409454e+03
6.490462362797528840e+03
6.367303317746711400e+03
6.400507806954445186e+03
6.150549177219308149e+03
5.539039818024126362e+03
6.392083960661233505e+03
6.055959115627912979e+03
6.490074203613206919e+03
6.465105200894508016e+03
6.413770034944529471e+03
6.407071761145076380e+03
5.965265818999562725e+03
6.291674415368057453e+03
6.379099603852964719e+03
6.471602361926594313e+03
6.471087640080213532e+03
6.364023453997213437e+03
6.418221233241865775e+03
5.678434552644246651e+03
6.449433387638398926e+03
5.983605502685863030e+03
6.514540887863928219e+03
6.360051040937592916e+03
6.468522735246850061e+03
6.496255259289380774e+03
6.491440031775337957e+03
6.355897195972343980e+03
6.282683245403787623e+03
6.307244283865146826e+03
6.129356258665155110e+03
6.477181025727656561e+03
6.446057780697925409e+03
6.485586005972536441e+03
6.433891441123994809e+03
6.043062243424661574e+03
6.451482134922650403e+03
6.044556896339721789e+03
6.329299505675794535e+03
6.142283906124346686e+03
6.271552841656017335e+03
6.255192395882425444e+03
6.195143252768200909e+03
5.811364393910280342e+03
6.492496750847432850e+03
6.276262049238804138e+03
6.454597955974084471e+03
6.374771099597775901e+03
6.486974356499050373e+03
6.390176133935137841e+03
6.465342019174091547e+03
6.484401201976328593e+03
5.947452741797512317e+03
6.515416996067543550e+03
6.249034169597499385e+03
6.294506737075181263e+03
5.982805202763853231e+03
6.439574587175720808e+03
6.439724014044641081e+03
6.358082024328719854e+03
6.459147288222651696e+03
6.350778909883601955e+03
6.447042672976990616e+03
6.436599716640449515e+03
6.245870491485308776e+03
6.374617276013978881e+03
5.884218580560972441e+03
6.485388093618709718e+03
6.298607020452937832e+03
6.428328083309296744e+03
6.340533978383114118e+03
6.422233641450902724e+03
6.163529871917163291e+03
6.382367381880158064e+03
6.482310086130181844e+03
6.481267710532253659e+03
6.163061421325478477e+03
6.229983538725486142e+03
5.912727041130176076e+03
6.468295337101266341e+03
6.329253810930273175e+03
6.345537966951826093e+03
6.094044697332392388e+03
6.512685353133147146e+03
6.369813835689097687e+03
5.906410453755666822e+03
6.475288596548324676e+03
6.368688982973001657e+03
6.428138224070876277e+03
6.221223202249990209e+03
6.018634919024849296e+03
6.367472103658921696e+03
5.950225229575787125e+03
6.287982419314310391e+03
6.188427451952735282e+03
6.090570459990289237e+03
6.128190564330549023e+03
5.751176755977522589e+03
6.512037719596940406e+03
6.249034169597499385e+03
6.165844203280882539e+03
6.214974971493172234e+03
6.356950025862615803e+03
6.438985625758246897e+03
6.309886378102528397e+03
6.014440254750103122e+03
6.441248539331389111e+03
6.458410169725204469e+03
6.378723239813158216e+03
6.442124364783763667e+03
5.843992977533332123e+03
6.352704756155622817e+03
6.119514625881625761e+03
6.498384670758610810e+03
6.372271032482738519e+03
6.440369103233259921e+03
6.438985625758246897e+03
6.290145301707094404e+03
5.729626580399822160e+03
6.067758457894738058e+03
6.472189379819594251e+03
6.429856777633685851e+03
5.819068552118049411e+03
6.355856945237375839e+03
6.220681951152187139e+03
6.268908550397617546e+03
6.204954447060336861e+03
6.491912566711016552e+03
6.515031411043482876e+03
6.128373532121811877e+03
6.340141825976122163e+03
6.285465454309623965e+03
6.326430230746069356e+03
6.472239152357082276e+03
6.512859101577618276e+03
6.171476049437660549e+03
6.406071433680644986e+03
6.288323592157858911e+03
6.316585265202204027e+03
5.647253723398723196e+03
6.345471623686338717e+03
6.459931965490291986e+03
6.422651215986308671e+03
6.140227339702270910e+03
6.388898074109398294e+03
6.498067898905186667e+03
6.199610260530216692e+03
6.265471957109808500e+03
6.204317538298928412e+03
6.318414876816623291e+03
6.065654677932565392e+03
6.350741577874789073e+03
6.492290516920249502e+03
6.417881450129194491e+03
5.799583341560050030e+03
6.481239861251315233e+03
6.351652019576171369e+03
6.444202808274620111e+03
6.262549093314411948e+03
6.254256687694463835e+03
6.417878092723047303e+03
6.424324555217428497e+03
6.343145171376561848e+03
6.221213316684575148e+03
6.482814425364329509e+03
6.478366270894958689e+03
6.399803003226582405e+03
6.123163230313340136e+03
6.172151851715374505e+03
6.438639673832058179e+03
6.409474453859682399e+03
6.403855903220714936e+03
6.500663673704058965e+03
6.407740121588649345e+03
6.514834433365552286e+03
6.507920799735376931e+03
6.282683245403787623e+03
6.404686536539365989e+03
5.966780796200731857e+03
6.294014893839112119e+03
6.467566145140358458e+03
6.389795673581734263e+03
6.192235602641462719e+03
6.471758041014420996e+03
6.154444530430075247e+03
6.337965231117883377e+03
6.307501202165754876e+03
6.516678044156818032e+03
6.196322796147167537e+03
6.519626318413093031e+03
6.395949146425883555e+03
6.168058499588521954e+03
6.504492808019783297e+03
6.444475012995542784e+03
6.507695745762393926e+03
6.498125325979064655e+03
6.308621076623192494e+03
6.411639915363802174e+03
6.426023368435389784e+03
6.363077677199138634e+03
6.129356258665155110e+03
6.348535519868239135e+03
6.521262899223020213e+03
6.337550843045021793e+03
6.174149637678114232e+03
6.272628783487955843e+03
6.376699806406990319e+03
6.442227976153997588e+03
6.008800101046722375e+03
6.158523270727037925e+03
6.375118009228716801e+03
6.322430895734136357e+03
6.434333765566684633e+03
6.391319736658821057e+03
6.276692745163159998e+03
6.471397529673979079e+03
6.438132298888403966e+03
6.081130812933157358e+03
6.122299128565939100e+03
6.491258458338957098e+03
6.344773232396288222e+03
6.314579068246743191e+03
6.287173519037664846e+03
6.087906539764286208e+03
5.807974271999890334e+03
6.275910687387351572e+03
6.057161697627392641e+03
5.995470029377194805e+03
6.259388659770371305e+03
6.504929400940892265e+03
5.997619012445557928e+03
6.502372437709918813e+03
6.068342765620498540e+03
6.477257309086965506e+03
6.086147609901760916e+03
6.196376603900429473e+03
5.956789766242723090e+03
6.315412218315469545e+03
6.478825897132771388e+03
6.351102962724553436e+03
6.245648875774375483e+03
5.947764627908671173e+03
6.439036288983987106e+03
6.468558130665268436e+03
6.297242440081566201e+03
6.292553940611282087e+03
6.463118034055907628e+03
6.492665291020780387e+03
6.158531658678321037e+03
6.476596167854889245e+03
6.230980688886133066e+03
6.017762683987870332e+03
5.983757466922283129e+03
6.493458417141589962e+03
5.947160873432788321e+03
6.492665291020780387e+03
5.953125282169186903e+03
6.411071271721687481e+03
6.462763204794131525e+03
6.513689948395905049e+03
6.507977601222215526e+03
6.201722289196393831e+03
6.489973144281280838e+03
5.821456127293045938e+03
6.431501529838785245e+03
6.437154747347218290e+03
6.072592105046609504e+03
5.975412072373957017e+03
6.473283419845027311e+03
6.509343622249907639e+03
6.429982005029681204e+03
5.708922554346808283e+03
5.949837644258363071e+03
6.106638834642957590e+03
6.409363539921655502e+03
6.476598371348727596e+03
6.229518094522152751e+03
6.465016733188954277e+03
6.223301867937791030e+03
6.492177337713012093e+03
6.464034326334918660e+03
6.394608228947734460e+03
6.407070675637824024e+03
6.137206039516154306e+03
6.398772043504181056e+03
6.355157483162040990e+03
6.382245753864251128e+03
5.885801151800838852e+03
6.511857141308206337e+03
6.286013754259649431e+03
6.143193532661000063e+03
6.482373057844854884e+03
6.387627069724446301e+03
6.419273116592568840e+03
6.447816867459681816e+03
6.353870908016819158e+03
6.302753674530227727e+03
6.410402148340281201e+03
6.479760433732490128e+03
5.989363684858085435e+03
6.239819255865896594e+03
6.216486760702988249e+03
6.222658620094795879e+03
6.503280970963462096e+03
6.186580978184032574e+03
6.454326664029157655e+03
6.471951990364002995e+03
6.489754572463742079e+03
6.117703573401048743e+03
6.091024028966709920e+03
6.006164509145802185e+03
6.348937914627395003e+03
6.297242440081566201e+03
6.388413514785204825e+03
6.490949496944473140e+03
6.460299676546972478e+03
6.514612326922235297e+03
6.275970812250475319e+03
6.348003956297499826e+03
6.428541244964382713e+03
6.155785579345661972e+03
6.498292850442638155e+03
5.760862865989072816e+03
6.286407320085841093e+03
6.241183527472626338e+03
6.495500899555650903e+03
5.935083068892281517e+03
6.456532761667314844e+03
6.391338117477724154e+03
6.259523598803561072e+03
6.364808841621015745e+03
6.515707197886343238e+03
6.479470086867780992e+03
6.511088678487883953e+03
6.438790392552668891e+03
6.304847794287310535e+03
6.096222158530919842e+03
6.125726636412091466e+03
6.427125208298173675e+03
6.114644387800020922e+03
5.990499453946053109e+03
6.401815025652718759e+03
6.519748600350773813e+03
6.502817992425396369e+03
6.399340667078504339e+03
6.242253296317216154e+03
6.214373849833124041e+03
6.248860642093719434e+03
5.876701464224965093e+03
6.110150795471130550e+03
6.513318000638051672e+03
5.768113469572430404e+03
6.227173544494946327e+03
5.959348891828993146e+03
6.494202979895998396e+03
6.480670714264291746e+03
6.352934434912457618e+03
6.417802130111002043e+03
6.357900610895319005e+03
6.366580923124296532e+03
6.478284974495623828e+03
6.250859058504893255e+03
5.732539431204189896e+03
5.981963862596677245e+03
6.227443041077370253e+03
6.386317484531964510e+03
6.427338761035543030e+03
6.100715774858475015e+03
6.422823768041980657e+03
6.413265766699016240e+03
6.160869579856316705e+03
6.041206814479645800e+03
6.460406390204836498e+03
5.718687914791536969e+03
6.496855369297650213e+03
6.240964004859528359e+03
6.480029004072038333e+03
6.424627701057789636e+03
6.502661597213187633e+03
6.431295994465672266e+03
6.291284206859065307e+03
6.294014893839112119e+03
6.463964685602411919e+03
6.500686232205414854e+03
6.510533387797555406e+03
6.389484511672673761e+03
6.417392894989669003e+03
6.444031367525161841e+03
6.492012422285847606e+03
6.087576964652897914e+03
6.439119967424120659e+03
6.140213764103731592e+03
6.119034508728936999e+03
6.476285634356829178e+03
6.440342305741515702e+03
6.312975448765012516e+03
6.322047369244308356e+03
6.510726702098432725e+03
6.306749130288469132e+03
6.507695745762393926e+03
6.419816686392039628e+03
6.355451040381647545e+03
6.312606036855928323e+03
6.350540351405557885e+03
6.150759429994286620e+03
6.341045408216741635e+03
6.194284473935515052e+03
5.933560782521015426e+03
6.422147534619518410e+03
5.841407988325442602e+03
6.511937336945400602e+03
5.990499453946053109e+03
6.417589223222643341e+03
6.119514625881625761e+03
6.385992281753548923e+03
6.402367014920590009e+03
6.411164508135831056e+03
6.222916602350733228e+03
6.078870347223170938e+03
6.384981303734564790e+03
5.847697355969211458e+03
6.307026298732193027e+03
6.384990489548881669e+03
6.507902625986056592e+03
6.372763073519047794e+03
6.519020627337082260e+03
6.157942446589573592e+03
6.399711763022711239e+03
6.330009212459965056e+03
6.386495495867256977e+03
6.129058441925826628e+03
6.246723635895321422e+03
6.495458141961892579e+03
6.321986107673963488e+03
6.297914454387077058e+03
6.187667998473370972e+03
6.305727245159912854e+03
6.421605279610028447e+03
6.475412866757207667e+03
5.691182325660465722e+03
6.441605073385488140e+03
6.517553403916476782e+03
6.518426102201181493e+03
6.375305868145052045e+03
6.147558687748403827e+03
6.219096385173567796e+03
6.303640327576864365e+03
6.515087428215029831e+03
6.430264703287582961e+03
6.479136108116838841e+03
6.415154464485241988e+03
6.349233780715734611e+03
6.300170534773798863e+03
6.142283906124346686e+03
5.833592589445825070e+03
6.227110725875741991e+03
6.446851239345362956e+03
6.495506200355976034e+03
6.193287379261753813e+03
5.970015405890888360e+03
6.275907208706016718e+03
6.129356258665155110e+03
6.271513761523037829e+03
6.511088678487883953e+03
6.226196221978299036e+03
6.388101114982141553e+03
6.517594316947432162e+03
6.509372714248258490e+03
6.484907305044082023e+03
6.263352512145169385e+03
5.906048356613277974e+03
6.498292850442638155e+03
6.031042357217343124e+03
6.348386123285132271e+03
6.516356257316172560e+03
6.446644229564194575e+03
6.398383473363688609e+03
6.210982797184913579e+03
6.427338761035543030e+03
5.964845252913556578e+03
6.516969344533938056e+03
6.091112505929211693e+03
6.488878551014274308e+03
6.189679229940534242e+03
6.068597727169713835e+03
6.187614192882789212e+03
6.384272077002728111e+03
6.191521761329181572e+03
6.282159815518081814e+03
6.449779248933762574e+03
6.155033368093626450e+03
6.223690615035292467e+03
6.511809722568629695e+03
6.421643451018820997e+03
6.421481820498638626e+03
6.307088793761327906e+03
6.192797131479820564e+03
5.472458566772833365e+03
6.506210717036035931e+03
6.341255976972975986e+03
6.328065484961833135e+03
6.426152112544805277e+03
6.490439054973860038e+03
6.493189658366758522e+03
6.508964556784991146e+03
6.231664277479660086e+03
6.512774706220023290e+03
6.255395198466841975e+03
5.737147879060734340e+03
6.468657166602553843e+03
6.248187824066438225e+03
6.231493413624871209e+03
6.246921875316918886e+03
6.504159373541300738e+03
6.518581503866777894e+03
6.406861770182296823e+03
6.161588814365431062e+03
6.357243616047764590e+03
6.459510282358736731e+03
6.303428583953376801e+03
6.143757887510433648e+03
6.452711275183382895e+03
6.418163541323098798e+03
6.441860500511215832e+03
6.141098686990209899e+03
6.383954424687652136e+03
6.296860883747807748e+03
6.077992077081427851e+03
6.239265099516775990e+03
6.354596446226030821e+03
6.484831644839123328e+03
6.520879848510843658e+03
6.017310272412709310e+03
6.361267445876761485e+03
6.125934567993528617e+03
6.245956118852202962e+03
6.142689107349805454e+03
5.727242328970848575e+03
6.040659958779266162e+03
6.282683245403787623e+03
6.449695803961767524e+03
6.465744521546250326e+03
5.983757466922283129e+03
6.346856773817346948e+03
6.222503744058128177e+03
6.486490157586473288e+03
6.295759158412010947e+03
6.409363539921655502e+03
6.341580984168122086e+03
6.309524199599730309e+03
6.508361207564196775e+03
6.432298836404613212e+03
6.426263675753258212e+03
6.128888896355490942e+03
6.107650629395343458e+03
6.366103581633569775e+03
6.490251829852802985e+03
5.975412072373957017e+03
6.144359761520958273e+03
6.319049937416684770e+03
6.367781098254793505e+03
6.311514209316142114e+03
6.171937688888244338e+03
6.172662536723148150e+03
6.507902625986056592e+03
6.509565721176498300e+03
6.151153076262416107e+03
6.258177503320714095e+03
6.242837740723774914e+03
6.285066110938694692e+03
5.544559820250642588e+03
6.214373849833124041e+03
6.396667794678143764e+03
6.362575744315104203e+03
5.557672126972463047e+03
5.874382698825211264e+03
6.247325826546901226e+03
6.209160829110720442e+03
6.403851468770771135e+03
6.513065995163577099e+03
6.465364042439615332e+03
6.358898538452260254e+03
6.498523143204114604e+03
6.510211516462102736e+03
6.498402844107747114e+03
6.422147534619518410e+03
6.405661967957816159e+03
6.031309935595084426e+03
6.062154931753049823e+03
6.516193440842638665e+03
6.115013358117621465e+03
6.293022484752435048e+03
6.224124893372521910e+03
6.493858280954017573e+03
6.343714776643052573e+03
6.445215837819574517e+03
6.506503695414039612e+03
6.479886453833034466e+03
6.173272717522300809e+03
6.302193682295235703e+03
6.160918782979515527e+03
6.282683245403787623e+03
6.482556643607958904e+03
6.474484215368611331e+03
6.490575369981055701e+03
5.984426161857241823e+03
6.344084564115248213e+03
6.405836982718990839e+03
5.866779228384485577e+03
6.514902895669953068e+03
6.480418388951226007e+03
6.292759828715940785e+03
6.438801211284619058e+03
5.684260164046095269e+03
6.465841035197458950e+03
6.307376491610950325e+03
6.234781781221097845e+03
6.149950681942113079e+03
6.363437224689136201e+03
6.499591104844565052e+03
6.279989368130225557e+03
6.376874749885553683e+03
6.125648491095850659e+03
6.400826401864817853e+03
6.452700775895566039e+03
6.438174269769317107e+03
6.463015960408414685e+03
6.427981848758230626e+03
6.445405500571951052e+03
6.160428654212364563e+03
6.363907625904863380e+03
6.465307248970806540e+03
6.482404696996804887e+03
6.426629302319425733e+03
6.358729184366038680e+03
6.289774579687261394e+03
6.477999209207601780e+03
6.039326029703211134e+03
6.322207093243874624e+03
6.366101865718643239e+03
6.478472988392986736e+03
6.256461930714141090e+03
6.191128861428848722e+03
6.481185040048161682e+03
6.379986318460753864e+03
6.511088678487883953e+03
6.299516024122805902e+03
6.498413352425883204e+03
6.067271374939518864e+03
6.492553272199061212e+03
6.197301034089044151e+03
6.418199341033726341e+03
5.959348891828993146e+03
6.088050079116572306e+03
6.377386170824334840e+03
6.515661188042733556e+03
5.905838443368848857e+03
6.114404113225775291e+03
6.196607875564954156e+03
6.441349873587625552e+03
6.410231787311940934e+03
6.520786919549586855e+03
6.013577549214770443e+03
6.428799429503953434e+03
6.438304272360486721e+03
6.470485546152738607e+03
6.452795498315529585e+03
6.503166561000722140e+03
6.391978163426908395e+03
6.285066110938694692e+03
6.180211439300122947e+03
6.487979105215468735e+03
6.355252594618476905e+03
6.398471699272569822e+03
6.332834686930817043e+03
5.954409104498668967e+03
6.385276963779060679e+03
6.273519392911521209e+03
6.321750504472264765e+03
6.047623579031230292e+03
6.282386674607343593e+03
6.418923924499391433e+03
6.244679249910176623e+03
6.161584491356450599e+03
6.447042672976990616e+03
6.428090032420292118e+03
6.487700467554032002e+03
6.043698984986799587e+03
6.352430190592652252e+03
6.127544306238187346e+03
6.351270395001418365e+03
6.471909749990496493e+03
6.101328079745979267e+03
6.295591311228276027e+03
6.257257902544748504e+03
6.512004180606997579e+03
6.484698784812172562e+03
6.297914454387077058e+03
6.486395674605740169e+03
6.421584767941145401e+03
6.313845386760200199e+03
6.519032286906000081e+03
6.489973144281280838e+03
6.213463497379556429e+03
6.206017299843388173e+03
6.506366872013793909e+03
6.456800187690376333e+03
6.293211403035455078e+03
6.191067995024172887e+03
5.840927944294502595e+03
6.510191379400257574e+03
6.258898340088603618e+03
6.521262899223020213e+03
6.477525773595834835e+03
6.483100209220583565e+03
6.505256527897823617e+03
6.160449106512309299e+03
6.378328053728946543e+03
6.401007258087707669e+03
6.316718073930078390e+03
6.385923119712718290e+03
6.282683245403787623e+03
6.495681377932253781e+03
6.394690590948715908e+03
6.463600144979759534e+03
6.250136530907905581e+03
6.355451040381647545e+03
6.330287018251392510e+03
6.118615977712506719e+03
6.486375306660242131e+03
6.236430994628565713e+03
6.263352512145169385e+03
6.067876222918986969e+03
6.268649917695878685e+03
6.490692250864321977e+03
6.400311714316630969e+03
6.416195797689652863e+03
6.438937584840747149e+03
6.500212817303398879e+03
6.060273143122065449e+03
6.480783507826329696e+03
6.437657932925323621e+03
6.305691622109123273e+03
6.178546471941232994e+03
6.230295931662774819e+03
6.456532761667314844e+03
6.375439524079509283e+03
6.192143078750712448e+03
6.428231455697863566e+03
6.138361158952816368e+03
6.430425899682883028e+03
6.432870067361991460e+03
6.121712829409636470e+03
6.422984031677867279e+03
6.045402442947546660e+03
6.190096950226983608e+03
6.385065000640837752e+03
6.505820269704769998e+03
6.365795708159708738e+03
6.514546112475294649e+03
6.413265766699016240e+03
5.826184862494879781e+03
6.216338766306019352e+03
6.486911788156225157e+03
5.706541176028161317e+03
6.504597284069694069e+03
5.970821052761064493e+03
6.492391872614743988e+03
6.412117294791915810e+03
6.394493243065108800e+03
6.299331239469522188e+03
6.019402364295632651e+03
5.752508396678040299e+03
6.370548001946385739e+03
6.216223613738569838e+03
6.437626280126334677e+03
6.345930066546738090e+03
6.256552494911305985e+03
6.362642188380443258e+03
5.972615652661605054e+03
6.359172188917142194e+03
6.460499487215241061e+03
6.508899179288806408e+03
6.384736746836015300e+03
6.233212272821341685e+03
6.484635160695304876e+03
6.183308399110948812e+03
6.327276226359696921e+03
6.437951071626317571e+03
6.388101114982141553e+03
6.264234828132829534e+03
6.376117169566052326e+03
6.440359502331672957e+03
6.230403902782280056e+03
6.283188801522819631e+03
6.060140262310924300e+03
6.455068249755515353e+03
6.448928513387305429e+03
5.879539395011490342e+03
6.247096622964043490e+03
6.296465789189613133e+03
6.469632868176785450e+03
6.512119867810839423e+03
6.468810765812339014e+03
6.495837171034832863e+03
5.735071267295922553e+03
6.040347253601397824e+03
5.951448218866268689e+03
6.306092758707495705e+03
6.302028605882211195e+03
6.445510157501821595e+03
6.368780864865324475e+03
6.254249659704303667e+03
5.732539431204189896e+03
6.370571159286288093e+03
6.426263675753258212e+03
5.061216214699323245e+03
6.361234620845767495e+03
6.353653855740373729e+03
6.447387725660026263e+03
6.431241656689428055e+03
6.507317305577264051e+03
6.120928015286230220e+03
6.071892231414697562e+03
6.100391051048076406e+03
6.160364138239755448e+03
5.978785251114722087e+03
6.415616332883779251e+03
6.356289155485002084e+03
6.269144210365750041e+03
6.404603889600661205e+03
6.491258458338957098e+03
6.385936223523575791e+03
6.448327022624372148e+03
6.514216691997255111e+03
5.501516741138043471e+03
6.402941014210934554e+03
6.239574905436004883e+03
5.923362517484201817e+03
6.521393908347007709e+03
6.458237415992085516e+03
6.049971358646851513e+03
6.316183014826111503e+03
6.414030371699158422e+03
6.347679611603341982e+03
6.213874183812961746e+03
6.195846009377626615e+03
5.831692027445295935e+03
5.886313591868156436e+03
6.432203459942336849e+03
6.440183380197434417e+03
6.425580820003524423e+03
6.209352620293300788e+03
6.144592991071333017e+03
6.041986141164979017e+03
6.508879307939047067e+03
6.016968410515672076e+03
6.408481783393025580e+03
6.465310966461222051e+03
6.279294683037699542e+03
6.472938701810780913e+03
6.119308951378005077e+03
6.454282681913974557e+03
6.325864227993028180e+03
6.515217052184858403e+03
6.407312808180012325e+03
6.406861770182296823e+03
5.531289459479352445e+03
5.629178471622403777e+03
6.374912686420300815e+03
6.432168764549991465e+03
6.359883084350985882e+03
6.277922063492223970e+03
6.301955693540799984e+03
6.419957352188108416e+03
6.305540792945244903e+03
6.067456502412564987e+03
6.326856141380452755e+03
6.425897025658285202e+03
5.820035909896329940e+03
5.889591636118838323e+03
6.455776326939580031e+03
6.502871485397889046e+03
6.051475453034132443e+03
6.372763073519047794e+03
6.255395198466841975e+03
6.217886355755710611e+03
6.519356154858397531e+03
6.223521074183396195e+03
6.292735231586501868e+03
5.945124382273953415e+03
6.168857846265516855e+03
6.437054415848571807e+03
6.125616851596112610e+03
6.520619523765795748e+03
6.224098049884383727e+03
6.353894934162355639e+03
6.396948860427620275e+03
6.170400481868573479e+03
6.470500112060281026e+03
6.519820837923319232e+03
6.489355530645744693e+03
6.238503282320285507e+03
6.195121273018359716e+03
5.879539395011490342e+03
6.451291680788095618e+03
6.486281329157794971e+03
6.072592105046609504e+03
6.241096884667766062e+03
6.521493268391121092e+03
6.387374185836207289e+03
6.505260976577564179e+03
