7.322970598168105425e+03
7.072274692680677617e+03
7.474073779116914011e+03
7.127804067170091912e+03
7.567363627610246112e+03
6.360194943877875630e+03
6.926703910401247413e+03
7.562934669876536645e+03
7.220764083831658354e+03
7.569401439418404152e+03
7.397254398884524562e+03
7.431916606002838307e+03
7.549544731554177815e+03
7.596030311470200104e+03
7.548150171807232255e+03
7.545891962768871963e+03
7.306050846806452682e+03
7.263523435480164153e+03
7.410629314850208175e+03
7.492125944706062000e+03
7.530519792180560216e+03
7.502730208240915090e+03
6.251676067171038085e+03
7.521084210223309128e+03
7.486198293849145557e+03
7.560711505271309761e+03
7.560939525613575825e+03
6.934669597179303310e+03
7.102487715906707308e+03
7.525678897698116998e+03
6.904146153779610358e+03
7.442498271732070862e+03
7.348883303631791932e+03
6.738116422260878608e+03
7.225287631895190316e+03
7.595032968695819363e+03
7.252454655156903755e+03
6.779533263814506427e+03
7.062389293197255029e+03
7.486702983969804336e+03
6.939900103441140345e+03
7.209327715432486002e+03
7.156987872839412375e+03
7.442593780229478398e+03
7.461717083173163701e+03
7.525283307532604340e+03
7.547991681040994081e+03
7.165826962329101661e+03
7.547017314904642262e+03
7.383089418867462882e+03
7.177468619907102038e+03
7.522010238039376418e+03
6.816324716438662108e+03
7.142284075396708431e+03
6.649199333293814561e+03
7.316637939680338604e+03
7.063686101192844944e+03
7.364124255245311360e+03
7.608451018820192076e+03
6.446402270625520032e+03
7.545701802236399999e+03
7.511991738786954556e+03
7.379888493912863851e+03
7.517146826048731782e+03
7.599348424306433117e+03
7.587326644373978525e+03
7.324917721057763629e+03
7.441991522050419917e+03
6.440258258019257482e+03
7.258550622620907234e+03
7.613824417516701942e+03
7.420664450703148759e+03
7.548292346313972303e+03
7.246900632301973019e+03
7.545055175487436827e+03
7.161706650587751938e+03
6.605343951891843972e+03
7.381766382667466132e+03
7.544373284242867157e+03
7.320610265205839823e+03
7.255143848824382076e+03
7.596668717887249841e+03
7.331935656340128844e+03
6.879830176277947430e+03
7.318993418015619682e+03
7.548656363041729492e+03
7.614781438054236787e+03
7.417080717753984572e+03
6.927244932455814705e+03
7.421334976254674984e+03
7.431608364241898016e+03
7.523430461370495323e+03
7.598427815631293015e+03
7.318477132746468669e+03
7.360974757789124851e+03
7.563960525934879115e+03
6.698290606518476125e+03
6.673533661981324258e+03
7.267375266322636890e+03
7.367160757531042691e+03
7.240536759170165169e+03
7.087747212371641581e+03
6.564364393768191803e+03
7.450430910737632075e+03
7.028838855912488725e+03
7.588914316816255450e+03
7.312734068782267059e+03
6.505094284452985448e+03
7.383446003786100846e+03
6.840959602956257186e+03
7.487731239872431615e+03
7.409654289762172994e+03
7.482110553166876343e+03
7.300031647719437387e+03
7.543210818615618336e+03
6.489492774939764786e+03
7.424853197034814002e+03
7.390871698768411989e+03
7.565811137887201767e+03
7.223458261557461810e+03
7.375334592422914284e+03
7.586750662263475533e+03
6.775378530271007548e+03
7.309388803667701723e+03
7.550619554179691477e+03
7.141376238699916030e+03
7.582124325317724470e+03
7.016327564012133735e+03
7.476942848770947421e+03
7.562056870951013479e+03
7.522736037302627665e+03
7.413340648836876426e+03
7.403979910567191837e+03
7.238507274179511114e+03
7.577163564664408113e+03
7.215110981422486475e+03
7.342465539520339917e+03
7.250347224811102933e+03
7.237077099202571844e+03
7.592169341507593344e+03
7.295829491194952425e+03
6.810023824074602089e+03
7.321083281067178177e+03
7.129621686586185206e+03
6.777431263955773829e+03
7.447598602946592109e+03
7.617677838988130134e+03
6.380960685168334749e+03
7.422149162186369722e+03
7.063885304606959835e+03
7.343400389943089976e+03
7.395375392348865716e+03
6.921865206532955199e+03
7.486629674874988268e+03
7.080591546030365862e+03
6.821800390602191328e+03
7.180111731867982598e+03
7.155988496069478060e+03
7.308187440937410429e+03
7.553643275733560586e+03
6.848809679347615202e+03
7.269181375529956313e+03
6.988108004792577049e+03
7.230107684133370640e+03
7.006150781302478208e+03
7.483167182984170722e+03
7.171735479895842218e+03
7.039611704072180146e+03
7.347531480174195167e+03
7.491396251509236208e+03
7.375730844324983991e+03
7.365289980130693948e+03
7.470938659876679594e+03
6.117159578960554427e+03
6.810835432125865736e+03
7.245416978161584666e+03
7.614976833679462288e+03
7.316744035644033829e+03
7.248899731797989261e+03
7.551701844172095662e+03
6.892506064223727662e+03
7.118802894292812198e+03
7.318428397789970404e+03
6.505530528413809407e+03
7.133356946178120779e+03
7.508034826165525374e+03
7.372005641958468004e+03
7.517483031272509834e+03
7.225610289604672289e+03
7.214693162902884978e+03
6.893344525991623414e+03
6.938547808775861085e+03
7.445317453385726367e+03
7.401719024990838079e+03
6.403644717423736438e+03
7.415387710815874925e+03
7.559457482173555036e+03
7.225959293188788251e+03
7.618402262679576779e+03
6.500959702129163816e+03
6.786856021814199266e+03
7.345540581900437246e+03
6.748777113352127344e+03
7.521968228452089534e+03
7.374891379114623305e+03
6.692567941455907203e+03
7.379289230425481037e+03
7.398514529348642100e+03
7.544814417736656651e+03
7.566359552584125595e+03
7.526355129803702766e+03
7.227930492187270829e+03
7.340845924111693421e+03
7.072040299141772266e+03
7.529974032471331157e+03
7.577999170656636124e+03
7.385269253622993347e+03
6.881030797919514043e+03
7.093183216322386215e+03
6.964446441847936512e+03
7.508574584145654626e+03
7.464700967050904183e+03
7.156983175624347496e+03
7.615187511750438716e+03
7.386604975792126424e+03
7.555229183795663630e+03
7.300427085392464505e+03
7.042611593613888544e+03
7.237891720663988963e+03
7.256729538883360874e+03
7.610090403089887332e+03
6.906378978519234806e+03
7.403179489693045980e+03
7.251250686936829879e+03
7.292956183642188989e+03
6.692567941455907203e+03
7.548292346313972303e+03
7.506638697699489967e+03
7.425667208415454297e+03
7.614676904744992498e+03
7.380208631640936801e+03
7.568150585031633454e+03
7.605271454026588799e+03
6.754741020045175901e+03
7.525891881880570509e+03
7.397613634955802809e+03
6.718959532359685909e+03
7.208683099356288949e+03
7.370975533370487938e+03
7.058165063907752483e+03
7.344327492863421867e+03
7.018493089234623767e+03
7.572093718737156451e+03
7.460486038476800786e+03
7.384040681143786060e+03
7.504635263606756780e+03
7.113190359118103515e+03
7.324999509266210225e+03
7.508400592931189749e+03
6.344610545330091554e+03
6.807138993894079249e+03
7.176654987296569743e+03
7.296898193065756459e+03
7.299139187358889103e+03
6.788084713685530005e+03
7.264940592745750109e+03
6.393705863500523265e+03
7.077089025298959314e+03
7.574403511829699710e+03
6.882744635745197229e+03
7.486187524935341571e+03
7.431817229545275040e+03
7.535277067598016401e+03
7.169474523175569630e+03
7.570104646121317273e+03
7.411107057061744854e+03
6.750861569479637183e+03
7.511922194745715387e+03
7.334088499197446254e+03
7.489853138464500262e+03
6.972488773171748107e+03
7.355601055349288799e+03
7.459849515852008153e+03
7.521968228452089534e+03
6.660212700202103406e+03
7.599251218226627316e+03
6.657368327718961154e+03
7.619768249981330882e+03
7.538855016108742348e+03
7.573271541785425143e+03
6.665759591054122211e+03
7.609690100693031127e+03
7.575668303465431563e+03
7.242182204276261473e+03
7.297222656740618731e+03
7.014422914244669300e+03
6.750322744749241792e+03
7.237695552877832597e+03
7.339461463865655787e+03
7.586236105374568979e+03
7.566859174575572979e+03
7.602673535823161728e+03
7.617422709416341604e+03
7.527164916630844345e+03
7.418771024923311415e+03
7.564863758557185065e+03
7.562265315141526116e+03
7.572307261131651103e+03
7.386094823576180715e+03
7.548292346313972303e+03
7.120542726644030154e+03
6.904315229069746238e+03
7.582188533789467328e+03
7.300915502556310457e+03
6.864032330618587366e+03
7.344149037641062023e+03
7.086966907215088213e+03
6.739278233290568096e+03
7.354735457549989405e+03
7.143686729799019304e+03
7.020980329340818571e+03
7.390927864289385980e+03
7.091569577918436153e+03
7.469484576693977942e+03
7.311479261332060560e+03
6.958136418108857470e+03
7.316163684202712830e+03
6.733935016378072760e+03
7.182851533114388076e+03
6.518654896246816861e+03
7.224919693541485685e+03
7.133237643924230724e+03
7.606343899251724906e+03
7.448593716161278280e+03
7.428388935500719526e+03
7.379080674355909650e+03
7.296691022306094055e+03
7.355850461772446579e+03
7.608310369732977961e+03
7.082244762628635726e+03
7.349942063614943436e+03
7.132437145726147719e+03
7.486179710918906494e+03
7.407687917448777625e+03
7.508216751938558446e+03
7.253192033698645901e+03
6.584366858366630368e+03
7.610693072940744969e+03
7.516065021979499761e+03
7.070365356076772514e+03
7.142429987351677482e+03
7.391291509742148264e+03
6.665654145013890229e+03
7.454800111445887524e+03
7.539753668699082482e+03
7.169909081793870428e+03
7.567620984400225097e+03
7.560893733501095994e+03
7.162432965846215666e+03
7.497362255929661842e+03
7.438750808710792626e+03
6.996534068841143380e+03
7.058905525550032507e+03
7.146279597667053167e+03
6.703274898554142055e+03
7.372277952541932791e+03
7.191711572283053101e+03
7.387076783754467215e+03
7.481828131336261322e+03
7.506748105878330534e+03
7.004625600883266088e+03
7.530032406326346063e+03
7.494566477398384450e+03
7.191853685178930391e+03
7.349211643991011442e+03
6.854748439495596358e+03
7.162357295727196288e+03
7.467788812687595055e+03
7.603009750872656696e+03
7.614893009381135926e+03
7.504547360167908664e+03
7.200209124075139698e+03
7.545763451980932587e+03
7.177853019726020648e+03
7.479861763321522631e+03
7.250843875472453874e+03
5.907375989984062471e+03
6.981979713626617922e+03
7.527489642093918519e+03
7.566473237915288337e+03
7.133119350131322790e+03
6.341473407595249228e+03
7.445455741069899886e+03
7.438049463153733996e+03
7.365132453568666278e+03
7.610953563180950368e+03
7.210423681993059290e+03
6.822572830953513403e+03
7.051902809758203148e+03
7.166878765536973333e+03
7.485045816382583325e+03
7.595638749097589425e+03
7.577935699712108544e+03
6.911480642258458829e+03
7.537432858687369844e+03
7.373450581395944027e+03
7.592158856028033370e+03
7.346569491280152761e+03
7.314851275935248850e+03
7.564237986601294324e+03
7.511213690399188636e+03
7.148991819316167494e+03
6.725399736604270402e+03
7.596351853581039904e+03
7.558633870145233232e+03
7.429883373433297493e+03
7.148258227439010625e+03
7.482045606340115228e+03
7.545036800553023568e+03
7.620465754135058887e+03
7.416242632398503702e+03
6.179089023546770477e+03
6.510897584242686207e+03
7.207312800370804325e+03
7.571377528983923185e+03
7.352532400036026957e+03
7.342581299504927301e+03
7.525893948158130115e+03
7.091468094195824960e+03
6.056483022431904828e+03
6.651884661741803029e+03
7.432171253822374638e+03
7.327394189924242710e+03
7.143261535943323906e+03
6.521042699647870904e+03
7.493465401017141630e+03
6.835682284957633783e+03
7.472724678587197559e+03
7.296037000326736234e+03
7.488442387971203061e+03
7.582430465323112003e+03
7.587451119854833451e+03
7.526377460285650159e+03
6.798314417097813930e+03
7.430928750133948597e+03
7.019916206315238014e+03
7.108991537285916820e+03
7.612314072765668243e+03
7.216967966791554318e+03
7.310361108925733788e+03
7.199579579346462197e+03
7.527459405627505475e+03
7.466038339503074894e+03
7.401663545425030861e+03
7.450970443897663245e+03
7.595368044753759023e+03
7.495090553256785824e+03
7.391162690995990488e+03
7.576320518581850592e+03
7.521780647806621346e+03
7.537570883780770600e+03
7.350061388200269903e+03
7.577156619875710021e+03
7.595638749097589425e+03
7.370742205905363335e+03
7.250767125858870713e+03
7.448137169466989690e+03
7.369206002515560613e+03
6.747694528752776932e+03
7.620271646022933965e+03
7.309854551991325934e+03
6.602622355793914721e+03
7.463973121946592983e+03
7.457584351375632650e+03
7.576505511882706742e+03
7.342925080006550161e+03
7.590889279373184763e+03
7.104031279984238608e+03
7.591848722159666977e+03
7.543184033917092165e+03
7.598036169160828649e+03
6.994024813221489239e+03
7.454302369131166415e+03
7.516065021979499761e+03
7.590871091206307938e+03
7.556428980458467777e+03
7.393734698567734085e+03
7.383763395100742855e+03
7.547474590571725457e+03
7.557901123268914489e+03
7.505002366592925682e+03
7.277929178249313736e+03
7.416353458086368846e+03
7.475820235617478829e+03
7.333702645258254961e+03
7.568475568689917054e+03
7.130432431671167251e+03
7.279753957205135521e+03
7.435602491686835492e+03
7.383639745545382539e+03
7.482681359104002695e+03
7.577496404783645630e+03
7.523306488128368073e+03
7.111420906964689493e+03
7.592688077142628572e+03
7.155060572930889975e+03
7.380371445232432961e+03
7.453889148656078760e+03
7.603398868760109508e+03
7.534697309266995944e+03
7.420906577843077685e+03
7.044198158765505468e+03
7.499774205291673752e+03
6.901149061535696092e+03
7.604818903524917005e+03
7.593237068410989195e+03
6.938478431262493359e+03
7.308116000825266383e+03
7.591087738155702027e+03
7.385888395001472418e+03
7.332781403003900778e+03
7.201637313980409090e+03
7.508916135273002510e+03
6.413464183416172091e+03
7.176919528610089401e+03
7.137890925714133118e+03
7.092251076612585166e+03
6.646191167964047054e+03
7.609229301952513197e+03
7.576206153905553947e+03
7.559760702322293582e+03
7.383734313972065138e+03
7.025341242462413902e+03
6.899088233589459378e+03
7.234814919807620754e+03
7.570134683184259302e+03
7.468465219591267669e+03
7.525725978452461277e+03
7.070140097689145477e+03
7.478319881436266769e+03
7.455265653832040698e+03
7.393086388361038189e+03
7.586005070264020105e+03
7.244259987084618842e+03
7.476782411371455964e+03
7.442190086726076515e+03
6.379269509140034643e+03
6.919110403528888128e+03
6.806989359192961274e+03
6.849242092962531387e+03
7.320067997604215634e+03
7.556423857566481274e+03
7.187578829823816704e+03
7.170194207001831273e+03
7.295579088651705206e+03
7.541605132036282157e+03
7.366460292602676418e+03
6.512209680588824085e+03
7.186746776543470332e+03
6.366359913056516234e+03
7.314168000244457289e+03
7.350061388200269903e+03
7.596030311470200104e+03
7.536094496741014154e+03
7.580750800024492492e+03
7.314465124432640550e+03
6.515158989883325376e+03
7.297222656740618731e+03
7.362835220138455952e+03
7.488203958943371617e+03
6.762267311083674940e+03
7.100420745306086246e+03
7.618747099048425298e+03
7.443865717635419969e+03
7.350121781678667503e+03
7.523271219823870524e+03
7.201019279373418613e+03
7.559342308587336447e+03
6.607621005652683380e+03
7.586573571872189859e+03
6.668331679382483344e+03
7.318298111040065123e+03
7.446515979442125172e+03
7.438318418445112002e+03
7.455142864062160697e+03
7.516536297158023444e+03
7.517640530969942120e+03
6.994358437728688841e+03
7.269831829287397341e+03
7.226206682889879630e+03
7.304017724218428157e+03
7.615979328366313894e+03
7.425614994934820061e+03
7.160136598291119299e+03
7.273221338660769106e+03
7.470892220044417627e+03
7.003368453113889700e+03
6.933233109292617883e+03
6.806741672629910681e+03
7.526607148971444076e+03
6.690296410003735218e+03
6.670784012110199001e+03
7.403328210312372903e+03
7.475658706152949890e+03
7.596569226200106641e+03
7.127760420532298667e+03
7.471853568008734328e+03
7.327881721779293002e+03
7.505710096476856052e+03
7.516863609317193550e+03
7.337055395580733602e+03
6.760177532609463015e+03
6.472421772065008554e+03
7.478890699831014899e+03
7.229769094179675449e+03
7.092329850929090753e+03
6.669178694700447522e+03
7.280936180736808637e+03
7.537494627088901325e+03
7.517740033455009325e+03
7.258105569479016594e+03
7.482887646038572711e+03
7.540022495254246678e+03
7.405247973927053863e+03
7.506143857781120460e+03
7.577781968420838894e+03
6.659215548721691448e+03
7.097450086716977239e+03
7.290649941161656898e+03
7.478086484700084839e+03
7.169748756137450982e+03
7.586750662263475533e+03
7.216016408616257650e+03
7.549988713193224612e+03
7.062038086440272309e+03
7.371873622981757762e+03
6.655139530447610014e+03
7.137890925714133118e+03
7.461133324852035003e+03
7.163945961432878903e+03
7.539753011372693436e+03
7.522876197491953462e+03
6.996284245097173880e+03
6.978916726916766493e+03
7.435763937324793005e+03
6.885421662523455780e+03
7.563537716629449278e+03
7.489972947649896923e+03
7.033644056846105741e+03
7.609204896310193362e+03
6.971745489045912109e+03
6.863663085283697001e+03
6.988492103735875389e+03
7.176189787329458341e+03
7.028818507478526953e+03
7.460575604434186971e+03
7.427009761124174474e+03
7.140255079112488602e+03
6.703274898554142055e+03
7.544292810015153009e+03
7.338849439258921848e+03
7.283137480419831263e+03
6.844091392201617964e+03
7.276912289416822205e+03
7.248432439012658506e+03
7.481957460902151070e+03
7.529103299768931720e+03
7.528750539524777196e+03
7.457295093964676198e+03
6.334621761262151267e+03
7.556043162656583263e+03
7.182836858779779504e+03
7.183577772989598998e+03
7.123610408418352563e+03
7.154281815435620047e+03
7.567157175890402868e+03
7.041525808272403083e+03
7.468109840387122858e+03
6.890723844865327010e+03
6.838064037390551675e+03
7.432171253822374638e+03
6.575969840295590075e+03
7.349015884871585513e+03
7.484637671629561737e+03
7.297093096229479670e+03
6.908528188917271109e+03
7.596459364966384783e+03
7.531751669248392318e+03
7.254917973380264812e+03
7.456317218694683106e+03
7.616713883213479676e+03
7.385623263481532376e+03
7.416045395084873235e+03
7.347300137350529440e+03
5.586884430225485630e+03
7.182434029706981164e+03
7.583014579810813302e+03
6.935548636158410773e+03
7.366467503199260136e+03
7.407788718367865840e+03
7.490348033066389689e+03
7.398208482071155231e+03
7.420124302702871319e+03
7.437378722445727362e+03
7.261833980471030372e+03
7.553953550130097938e+03
7.578342005648465602e+03
7.493103059238748756e+03
7.475556950299210257e+03
7.524124072697039992e+03
7.533973315096165607e+03
7.537166229919267607e+03
7.410061800915606000e+03
7.294489987136586933e+03
6.606223148544769174e+03
7.290529000143661506e+03
7.103417264500099918e+03
6.698683200633606248e+03
7.461751799578018108e+03
7.236960423423367502e+03
7.544762005920319098e+03
7.360039979587772905e+03
7.431817229545275040e+03
7.525829411440038712e+03
6.972852755340571093e+03
7.137459917902289817e+03
6.775378530271007548e+03
7.059138403786760136e+03
7.153810437656915383e+03
7.115637852784740971e+03
7.547118835918004152e+03
7.490516138570630574e+03
7.325706822934193042e+03
7.242182204276261473e+03
7.075780768176595302e+03
7.359873574366271896e+03
7.580869248641250124e+03
7.576824223543968401e+03
6.138008585025283537e+03
7.307906122903124924e+03
6.490846837313967626e+03
7.397790775287612632e+03
7.270334058249434747e+03
7.282468573960493814e+03
7.306162530868317845e+03
7.367568585526887546e+03
7.314243618663497728e+03
7.517751704085423626e+03
6.719770640439150156e+03
6.982523528740411166e+03
7.211707616675606005e+03
7.321979774110955987e+03
6.386951028943352867e+03
7.057591628115784260e+03
7.608658158693871883e+03
7.520111775467173175e+03
7.085870887781180500e+03
7.111174954276653807e+03
6.868656193309303490e+03
7.564509012627082484e+03
7.571901948580374665e+03
7.362025570431962478e+03
6.776500299599278151e+03
7.469027057453684392e+03
7.227000534160220923e+03
7.319179198000052565e+03
7.549547122092186328e+03
7.086966907215088213e+03
7.198835684391156065e+03
7.607418789909814222e+03
7.159095829343315017e+03
7.579322860328829847e+03
7.079587694413106874e+03
6.729409672100497119e+03
7.108041609010809225e+03
7.412173279526998158e+03
7.402261548688171388e+03
7.286375687324127284e+03
7.175976469424514107e+03
7.258859362095952747e+03
7.553193985167596111e+03
7.426587067051001213e+03
7.368905926890633964e+03
7.563537716629449278e+03
7.591806510000252274e+03
7.230676266864905301e+03
7.506893096881418387e+03
7.272716939436630128e+03
7.183174291415956759e+03
7.528963146690159192e+03
7.513111362935292163e+03
7.435413377408580345e+03
7.365579372623509698e+03
7.395526263315974575e+03
7.387892702476690829e+03
7.555828559565819887e+03
7.449275403761140296e+03
7.228099398913086588e+03
7.585998753999261680e+03
7.550984613116474065e+03
7.562548611381664159e+03
7.431217645934657412e+03
6.916695657949298038e+03
6.895645300040219809e+03
7.493094885865035394e+03
7.179762482629985243e+03
7.425614994934820061e+03
7.340841987962166968e+03
7.528039919662385728e+03
7.570697404169271977e+03
7.583409167968342445e+03
7.419936069940662492e+03
6.399310578788116800e+03
6.690691838587652455e+03
7.559355438487744323e+03
7.283987949551050406e+03
7.431560303270174700e+03
7.146165890820710047e+03
7.616819302772251831e+03
7.358933517304953966e+03
7.588173677236618460e+03
7.452794288050431533e+03
7.566703390443061835e+03
7.215407171463940358e+03
7.323797573678508343e+03
7.256619430023953100e+03
7.558006646168943007e+03
7.458410300137225931e+03
6.376456404946969997e+03
6.318120144051308671e+03
7.091468094195824960e+03
7.381879348681603005e+03
7.385048947556286294e+03
7.180111731867982598e+03
7.421479874936467240e+03
7.308116000825266383e+03
7.261425728094716760e+03
6.699804380366229452e+03
6.480826926670310058e+03
7.580643620647963871e+03
7.462082302633476502e+03
7.302301984681369504e+03
7.374354835392295172e+03
7.430434632613929352e+03
7.064382706764661634e+03
7.600643840475431716e+03
7.620025304393115221e+03
7.538770492128136539e+03
7.327496891019842224e+03
7.619327894575169012e+03
7.018002582346094641e+03
7.563770147171892859e+03
7.237369851225625098e+03
7.587163406936680076e+03
7.372169371025826877e+03
6.143690676804893883e+03
7.111965439532796154e+03
6.959514191870113791e+03
7.478973395891254768e+03
7.404307855180275510e+03
7.620964805775496643e+03
7.301435965702393332e+03
7.191853685178930391e+03
7.146392589555969607e+03
7.402117513909672198e+03
7.269320036157783761e+03
7.539759568974915965e+03
7.378098433750642471e+03
7.354735457549989405e+03
6.465273022469988973e+03
7.603658712695054419e+03
7.518869829437035150e+03
7.455371445283004505e+03
7.556735592552032358e+03
6.787997938288271143e+03
7.545586836539258002e+03
6.842997598127964011e+03
7.063991568711083346e+03
7.586612684479285235e+03
7.294512268488520021e+03
6.661984810566411397e+03
7.522700108164346602e+03
7.113190359118103515e+03
7.613779984822105689e+03
6.988488831557204321e+03
7.016681394762384116e+03
7.061273707824933808e+03
7.553668293970052218e+03
7.456721997365458265e+03
7.201498623962819693e+03
7.125018474779034477e+03
7.437862193958904754e+03
7.157913581794692618e+03
7.151168662836893418e+03
7.340186226350072502e+03
7.468782852334994459e+03
7.467282572305806752e+03
7.426551766074459010e+03
7.503649216354242526e+03
7.457474032333117066e+03
7.569318859647175486e+03
7.284219042456690659e+03
7.601485796527074854e+03
7.201387888709752588e+03
7.589418253682826617e+03
6.858137739137672725e+03
6.981481650983470900e+03
6.905379376537585813e+03
7.591496090352860847e+03
6.946478997303813230e+03
5.784582028982738848e+03
7.384138820988287989e+03
6.934297068729225430e+03
7.356192984894998517e+03
7.393136568567111681e+03
7.574628523184574988e+03
7.449364277059090455e+03
7.518961520922381169e+03
7.517994869473034669e+03
6.972323885872707251e+03
6.719833002952709649e+03
7.203860557269170386e+03
7.107834366287548619e+03
7.211859876654280015e+03
6.664663865152591825e+03
7.583243849504991886e+03
7.506130068739787930e+03
6.851666084202892307e+03
7.493103059238748756e+03
7.261425728094716760e+03
7.141379439047183041e+03
7.508400592931189749e+03
7.175508045732688515e+03
7.501742682194783811e+03
7.217851643142068497e+03
6.743063637213826951e+03
6.440258258019257482e+03
7.289263531444570617e+03
7.371865450414636143e+03
7.498280255593669608e+03
5.816468063337521016e+03
7.465810627630071394e+03
7.365853749792077906e+03
7.368852809611076736e+03
7.436626059688996975e+03
7.518369343027255127e+03
7.288416497447089569e+03
7.364399877772327272e+03
7.153796198897371141e+03
7.261633675840964315e+03
7.461859387037682609e+03
7.568992378955144886e+03
7.209826208973814573e+03
6.963346551126594932e+03
6.945994800083413793e+03
7.402320112790715939e+03
7.143387341131070571e+03
7.447203529628050092e+03
7.582074711660055982e+03
7.386064870623398747e+03
7.036084615553389995e+03
7.189434225249326119e+03
7.493870917107205059e+03
7.022370938326455871e+03
7.520773446246009371e+03
6.377662773041952278e+03
7.480619595486417893e+03
7.318607433066864360e+03
6.957459838726724229e+03
7.366299264585632045e+03
7.521319018866708575e+03
7.494290027601618931e+03
7.421435936591878999e+03
6.948773547565338959e+03
7.515889654072749181e+03
7.144259303426020779e+03
7.486020566060491547e+03
7.478480980439693667e+03
7.577857720449310364e+03
7.542937130531308867e+03
7.392274620126163427e+03
7.508239606091699898e+03
7.313645766985968294e+03
7.617989955128475231e+03
7.361886226000163333e+03
7.613697928843886984e+03
7.588914316816255450e+03
7.404879616294327207e+03
7.596711944861406664e+03
7.200225265567771203e+03
7.424512492786099756e+03
7.498797684091272458e+03
7.179254656475044612e+03
7.245416978161584666e+03
6.817290764907587800e+03
7.588811496320367951e+03
7.354275226393704543e+03
7.340847717772064243e+03
7.518782469081220370e+03
7.380495304387333817e+03
