1.452057418235868681e+04
1.461167540362474028e+04
1.386481513268674280e+04
1.440830162181729429e+04
1.376710242089313761e+04
1.393112365122727715e+04
1.304804843717592121e+04
1.495087552459348080e+04
1.495659938912447797e+04
1.329046128801106170e+04
1.318612878861373974e+04
1.480547038207269179e+04
1.345056585360911231e+04
1.361790033101699737e+04
1.461670652953716854e+04
1.410536196591424959e+04
1.497918128800882550e+04
1.475675515879034720e+04
1.424789992100456584e+04
1.394874335803606118e+04
1.439886702899479860e+04
1.490137552840759599e+04
1.460543270330389896e+04
1.468655924904112544e+04
1.492837968088480920e+04
1.328622578852874358e+04
1.241973619341420817e+04
1.446660358353336778e+04
1.456921406569547435e+04
1.495382061437277298e+04
1.386875263671714129e+04
1.470244311281747832e+04
1.496386704230873875e+04
1.444124008946583854e+04
1.488522417637141552e+04
1.460649860709687346e+04
1.321246239329227319e+04
1.424876902823609817e+04
1.457073315150932467e+04
1.309257531169999493e+04
1.322829544296130189e+04
1.402588702864302650e+04
1.466235143032548149e+04
1.477337090141760746e+04
1.469163095615811471e+04
1.468595265729597668e+04
1.426275354964257167e+04
1.429203729009466042e+04
1.486701058609129723e+04
1.443500561457624644e+04
1.372230536498153378e+04
1.478474848427887628e+04
1.433267987227662707e+04
1.421555262488551489e+04
1.475069261831591211e+04
1.436141084487657281e+04
1.491836242162561211e+04
1.470414416039647767e+04
1.367743008372121767e+04
1.457266070416089133e+04
1.370247647741513356e+04
1.360105163977324446e+04
1.421114788996341849e+04
1.329451049187648823e+04
1.393773530451920851e+04
1.436802049759249348e+04
1.444945702688225720e+04
1.415600358851466444e+04
1.449888827976034918e+04
1.492975433083084499e+04
1.398641380336125803e+04
1.446787767262727721e+04
1.491843992130485458e+04
1.445482706669082472e+04
1.492418681820149504e+04
1.316325540781125528e+04
1.468904016081710506e+04
1.464538972144849322e+04
1.466187134953076747e+04
1.481512528727525205e+04
1.476256390558964995e+04
1.445060164493063530e+04
1.169901813217815652e+04
1.495267248145338635e+04
1.382383606381240861e+04
1.493808877952901275e+04
1.484930919419305610e+04
1.424919756849487749e+04
1.370564203037959123e+04
1.490249036071562659e+04
1.360492829167779564e+04
1.464009870131731259e+04
1.405693494876198019e+04
1.439620183873538190e+04
1.471774463223790008e+04
1.483824737849442317e+04
1.482811462858429331e+04
1.470555559493475448e+04
1.495681468681176557e+04
1.442306521654849348e+04
1.461685470669003735e+04
1.308783691397575967e+04
1.414448305094803072e+04
1.470936910780713879e+04
1.439562915654668177e+04
1.391690355727923452e+04
1.468461373366749467e+04
1.461003310038216114e+04
1.494431303954600662e+04
1.422510510960749707e+04
1.478474848427887628e+04
1.298306706089598447e+04
1.353594273180715390e+04
1.417462813323187584e+04
1.437437964762434058e+04
1.472190130906156628e+04
1.410664342237647361e+04
1.490207541510934243e+04
1.427111551963263082e+04
1.126833553618774931e+04
1.445311007227488517e+04
1.490575693198149747e+04
1.353445140426740181e+04
1.446525790940713159e+04
1.436041525793334586e+04
1.452191490523358152e+04
1.409955802522813974e+04
1.477879445758318980e+04
1.441921572751919666e+04
1.438188917314025639e+04
1.469042956299948855e+04
1.352131183619113290e+04
1.466766066877354388e+04
1.169901813217815652e+04
1.235560204522129789e+04
1.399012106737347312e+04
1.473768538535015432e+04
1.493946668059368312e+04
1.327613160461601728e+04
1.435915810833733667e+04
1.414174432036855796e+04
1.428927613663805096e+04
1.437086423771673435e+04
1.368790334503278063e+04
1.450046764205169529e+04
1.488083386724235970e+04
1.411777594161322486e+04
1.490525269315343212e+04
1.480438403997394562e+04
1.482043204330577646e+04
1.265099256448924280e+04
1.426063170835335222e+04
1.388377214083095168e+04
1.400720102946277621e+04
1.356997551064191975e+04
1.402552756280996618e+04
1.447548130739898261e+04
1.415600358851466444e+04
1.419433503609231593e+04
1.417223793411365841e+04
1.361333574489071179e+04
1.472586271850927369e+04
1.444628660011751890e+04
1.489250954413894215e+04
1.494841720695872573e+04
1.483518369175744374e+04
1.414491716512760831e+04
1.494325894218520625e+04
1.487953482244999395e+04
1.343708975450896469e+04
1.380879310308005734e+04
1.469297584650530189e+04
1.397729308836098608e+04
1.451331874695033912e+04
1.415000216995404844e+04
1.400358716684540923e+04
1.433212673942892070e+04
1.480605793904031088e+04
1.354086760488384607e+04
1.483204292277203422e+04
1.449853119442721072e+04
1.444504417407766232e+04
1.417142948938355585e+04
1.494483747024792137e+04
1.472049568681475466e+04
1.423491205968071154e+04
1.470414416039647767e+04
1.195740127200967436e+04
1.335844521423699916e+04
1.383478714731704167e+04
1.422495016053503423e+04
1.483661164363816169e+04
1.444688550716422833e+04
1.453635669598976710e+04
1.409799511202060603e+04
1.411671613940423413e+04
1.433952146977689335e+04
1.409085766250692177e+04
1.439948104411456188e+04
1.431128681970318576e+04
9.932635856852342840e+03
1.428851613083092525e+04
1.457873884234889920e+04
1.491706458479313733e+04
1.460755924485193646e+04
1.454050551813904349e+04
1.466173136052732298e+04
1.498082450215577774e+04
1.405286946851439461e+04
1.379784125624500848e+04
1.285701605580168325e+04
1.485986504435164170e+04
1.483083793047663676e+04
1.494559186095859877e+04
1.327114571503518164e+04
1.478998535158857339e+04
1.404144552554785696e+04
1.378942307750756117e+04
1.464870197968978027e+04
1.476346800213479219e+04
1.352131183619113290e+04
1.439785906932253420e+04
1.474596071284407299e+04
1.322522397224989436e+04
1.494428611500967600e+04
1.447216668564422616e+04
1.410975122432946955e+04
1.442284470042500288e+04
1.466025427185666922e+04
1.496368331081625729e+04
1.480433069159691149e+04
1.371790475010294176e+04
1.359214569821901750e+04
1.392782594974458880e+04
1.403194131425166415e+04
1.440669918629665335e+04
1.228327321212429524e+04
1.435679993973232558e+04
1.339807441924268642e+04
1.450480470301693276e+04
1.292444180375493124e+04
1.472152690056252686e+04
1.483363178615262041e+04
1.444723917896099192e+04
1.410315522260684338e+04
1.404912386823131419e+04
1.460461534702179779e+04
1.468593248167839738e+04
1.412137161585134163e+04
1.480201698830585156e+04
1.464009870131731259e+04
1.391794031672748315e+04
1.291909670247191207e+04
1.273137576073945093e+04
1.421125886829991759e+04
1.429180176610978742e+04
1.443700123983506273e+04
1.307564471339201191e+04
1.366594444360883790e+04
1.492078273495236863e+04
1.225698743902867500e+04
1.470439366742218772e+04
1.444604992664439669e+04
1.273245455033640428e+04
1.233295247026902689e+04
1.445617206932090630e+04
1.392540440454743293e+04
1.453319988734370236e+04
1.406822890138875300e+04
1.487889005729242854e+04
1.402058947192660708e+04
1.453544543565851018e+04
1.467460548603735151e+04
1.434550018065419681e+04
1.491347428917338402e+04
1.366289245062067857e+04
1.372665632291104703e+04
1.457054171875088832e+04
1.444439616929686781e+04
1.482767279241379583e+04
1.300064848868340414e+04
1.351080445756591689e+04
1.422565291448518474e+04
1.182029597704822663e+04
1.473034950197772923e+04
1.467415881462856669e+04
1.470792650760830293e+04
1.323604247456175653e+04
1.483231336371254292e+04
1.345996810746087431e+04
1.478087771580513072e+04
1.460711697738256589e+04
1.367251234159976411e+04
1.371131027568425270e+04
1.246657458943355232e+04
1.171912502466516162e+04
1.411574751361820745e+04
1.487444558746035000e+04
1.447637413701477271e+04
1.459895335600800900e+04
1.428301499952858649e+04
1.351080445756591689e+04
1.406734590374484105e+04
1.299174162487566718e+04
1.335964683802086256e+04
1.342417779401021835e+04
1.439670606026150199e+04
1.454135145712754820e+04
1.446572729423122655e+04
1.464029025775184164e+04
1.463402256126407337e+04
1.309011396562449227e+04
1.469916762674696292e+04
1.465435182873013400e+04
1.397428953631503282e+04
1.476291469900149968e+04
1.316173342260269783e+04
1.462947722003176932e+04
1.445121066649432760e+04
1.464064847802072836e+04
1.417104893114789593e+04
1.435930748041556217e+04
1.433259886337890384e+04
1.393773530451920851e+04
1.413782911726169550e+04
1.345315693843406189e+04
1.402948460531593446e+04
1.402766198873978283e+04
1.341627655199714172e+04
1.452449340228167421e+04
1.382774734667083612e+04
1.430133686564933851e+04
1.437743434797855298e+04
1.494377391316479043e+04
1.406532354439270966e+04
1.484008119442492534e+04
1.442937570901243816e+04
1.425898866485507642e+04
1.463438082538386516e+04
1.455321313986967652e+04
1.464771521573258724e+04
1.440276061627417766e+04
1.451785064549074741e+04
1.443735519355397264e+04
1.489564240980590512e+04
1.323394407701507225e+04
1.473367173077128609e+04
1.441642821338541398e+04
1.480395799397582778e+04
1.453092545563744352e+04
1.477876293582022117e+04
1.453249130678936308e+04
1.488156648234923159e+04
1.410217977879763021e+04
1.374306556406712116e+04
1.417703003171590899e+04
1.483422106500446171e+04
1.454778163325231799e+04
1.475628651631468529e+04
1.393072309326289906e+04
1.342977620889871105e+04
1.464220247424651461e+04
1.464502080857970213e+04
1.485360287462508677e+04
1.366910382375556219e+04
1.282935166103067604e+04
1.358874389702638473e+04
1.471323772737292893e+04
1.490019906030135826e+04
1.296167243883336050e+04
1.413070074090544222e+04
1.443061309389251983e+04
1.421019503641178744e+04
1.379303906072081736e+04
1.462749543385068318e+04
1.436643690337413136e+04
1.406464342651071456e+04
1.410076618873479856e+04
1.341554499295716778e+04
1.459088355417311323e+04
1.423773829623775237e+04
1.338252336297564761e+04
1.375401693760122362e+04
1.454845272624710196e+04
1.331531379928496062e+04
1.449637706915367744e+04
1.406385206076608483e+04
1.471525971672346532e+04
1.436703461105389215e+04
1.475414819915733278e+04
1.346546606200635142e+04
1.396183547596438802e+04
1.394534141184741384e+04
1.483309106524338495e+04
1.400730948053884640e+04
1.421429725005112414e+04
1.346529142132390916e+04
1.370763801667845837e+04
1.496627908577322887e+04
1.403360768251485024e+04
1.429795600955748705e+04
1.403841321471340234e+04
1.417762236378637317e+04
1.469685382380458941e+04
1.355847980910570186e+04
1.496403478021690898e+04
1.445151025699851198e+04
1.440566842752327648e+04
1.362068752923933971e+04
1.434207737331022145e+04
1.381489715838932898e+04
1.488369994484883500e+04
1.461938309666349232e+04
1.479816096403366282e+04
1.465042846649718194e+04
1.451145725201582172e+04
1.452134342212387855e+04
1.435773744120866832e+04
1.330249411381835307e+04
1.425769237363389584e+04
1.254559141759604609e+04
1.459769732009217660e+04
1.479868496335973759e+04
1.415916930499923546e+04
1.495055892979984128e+04
1.470492591678141071e+04
1.468293006899001557e+04
1.425321893197265490e+04
1.463792976169547183e+04
1.433557194392633573e+04
1.492607733926965739e+04
1.404624547861033352e+04
1.393741468952070682e+04
1.491872134030893722e+04
1.492205111255125848e+04
1.442371021834384374e+04
1.377976950913231121e+04
1.464204902949830284e+04
1.418924995791603578e+04
1.409791057384086525e+04
1.365683258297936663e+04
1.320507979614360738e+04
1.383919710308906178e+04
1.497498867639973105e+04
1.471710392042361855e+04
1.445732985833654675e+04
1.478160411449327148e+04
1.186562131625763868e+04
1.437609120297542177e+04
1.417920555313348814e+04
1.439016449543124145e+04
1.441882881025575989e+04
1.486634940970411844e+04
1.405374674610228249e+04
1.402261661831978927e+04
1.487357360078789134e+04
1.427227682030274445e+04
1.411678340179440238e+04
1.479372924225369570e+04
1.434363765143264027e+04
1.444612329176436651e+04
1.484726774561866478e+04
1.471225981921367929e+04
1.466530240252141448e+04
1.422058618116737853e+04
1.365933347013662569e+04
1.464208731384629755e+04
1.442174376055457287e+04
1.407975099076954575e+04
1.436080190264699559e+04
1.453120922262731983e+04
1.414509359476833924e+04
1.438955070711086591e+04
1.498059169086660040e+04
1.488661251922427255e+04
1.402065696671047772e+04
1.416356668566898770e+04
1.350972625085924665e+04
1.379880537017050847e+04
1.334506963617643851e+04
1.144074807731320107e+04
1.345979534271375451e+04
1.494937564179674155e+04
1.489493815138059108e+04
1.349475361621089905e+04
1.484565388943814105e+04
1.433298909219612324e+04
1.358967837031374074e+04
1.433705727449014739e+04
1.401927089431142485e+04
1.360496527728510773e+04
1.366940547587966648e+04
1.464502080857970213e+04
1.478216479089713903e+04
1.469939067735985736e+04
1.402935549190565871e+04
1.341218195450898202e+04
1.475761198325897749e+04
1.496887666174549122e+04
1.380467498156987494e+04
1.479429616139897553e+04
1.441009562914913477e+04
1.471998900259608490e+04
1.449234253422200891e+04
1.460212953780391763e+04
1.385442014345156895e+04
1.437651198485150599e+04
1.473065795574762160e+04
1.482709396110683883e+04
1.498225452015720475e+04
1.249710722855198765e+04
1.239057847253409636e+04
1.281084598171326979e+04
1.448477903977877213e+04
1.323662286649078123e+04
1.149122064278611106e+04
1.462315797490564728e+04
1.413546694346348522e+04
1.358022757112246472e+04
1.332562509570203474e+04
1.485381870206034364e+04
1.419121092908201535e+04
9.117543496013726326e+03
1.408140935445659306e+04
1.488808560263267464e+04
1.430014981601943146e+04
1.306620148560789494e+04
9.078439798774510564e+03
1.395251406917267559e+04
1.292274980058523397e+04
1.461579489609316443e+04
1.249010002340633582e+04
1.472522405825208625e+04
1.367884543577440309e+04
1.291642185109294769e+04
1.341088516520511803e+04
1.399552858394627765e+04
1.363521137536378228e+04
1.477457111426685151e+04
1.497998920506911600e+04
1.399975495791302274e+04
1.488982058544289794e+04
1.300034141166188056e+04
1.330892708955228591e+04
1.474381046350395627e+04
1.417795240057717456e+04
1.484915089149398409e+04
1.333163930554020408e+04
1.270714324558547014e+04
1.482817174570038878e+04
1.323293934535783046e+04
1.309965555355270044e+04
1.472049568681475466e+04
1.448741241017068205e+04
1.076204649256706034e+04
1.471826639151275958e+04
1.334110864264809061e+04
1.379861862536859917e+04
1.472043431615448208e+04
1.406802725667978120e+04
1.470868394452984649e+04
1.430364103373651233e+04
1.243347982357957335e+04
1.486917432973814539e+04
1.340229777231693879e+04
1.329166317478389828e+04
1.355463423282982876e+04
1.454329362857840897e+04
1.334515486941110066e+04
1.369734216969418412e+04
1.491380619327391832e+04
1.388481341543437520e+04
1.468734565697276776e+04
1.413176776834255725e+04
1.350259150682872132e+04
1.467424720008716577e+04
1.452333153142025185e+04
1.338609374504734296e+04
1.495591377417695912e+04
1.430395775908655742e+04
1.463450650733679868e+04
1.362621091836289997e+04
1.467001609112005463e+04
1.387927011998974922e+04
1.496274135552447478e+04
1.472111789693054016e+04
1.449994626412148864e+04
1.450891120112916906e+04
1.288979003366349571e+04
1.476838161005468282e+04
1.377541428270594406e+04
1.320412096695933542e+04
1.465019660855857728e+04
1.466902243900203575e+04
1.430534909813063132e+04
1.432668007511349606e+04
1.435225953745886363e+04
1.478651352291800868e+04
1.357291562351484390e+04
1.236490281027477067e+04
1.431195580790755048e+04
1.477142773573451632e+04
1.465089547918924291e+04
1.352558205316594467e+04
1.480780808952911320e+04
1.430149742396118199e+04
1.447818145612180524e+04
1.434728766969379649e+04
1.444020118903769253e+04
1.445788667321544563e+04
1.475731218877059837e+04
1.444648891940994872e+04
1.439426390433312372e+04
1.451652346102028241e+04
1.405572694457459147e+04
1.488537784904870568e+04
1.468521966592109311e+04
1.467108486625176374e+04
1.488454022646737576e+04
1.371567301661787496e+04
1.428150904698027989e+04
1.401480711144315865e+04
1.478717345110944552e+04
1.239378354702184515e+04
1.389029796956250175e+04
1.458964584162546453e+04
1.462661241948280258e+04
1.447138138416336369e+04
1.486886918388529739e+04
1.482265033355975174e+04
1.417770548375816361e+04
1.484776272183352194e+04
1.488625979951833870e+04
1.471540706542010594e+04
1.421491187231435470e+04
1.468595265729597668e+04
1.344862403483308481e+04
1.396876721044394617e+04
1.360670393910665007e+04
1.454434001297347277e+04
1.410828191787039759e+04
1.446171602491171143e+04
1.470319409641416496e+04
1.452647656436564648e+04
1.384147604442911688e+04
1.280639962072722119e+04
1.462707240664359961e+04
1.492646370210303940e+04
1.352891643153738733e+04
1.377356625308483490e+04
1.433952146977689335e+04
1.491347428917338402e+04
1.370278957327159878e+04
1.306614067255970804e+04
1.473308735261859511e+04
1.049566906972381548e+04
1.399425628245054031e+04
1.465403064511410776e+04
1.365000677740159153e+04
1.478391134416079512e+04
1.363473545003274558e+04
1.423150861130968769e+04
1.418712764888185848e+04
1.451777396870688062e+04
1.465439067527526277e+04
1.355575445994156689e+04
1.425950802347497302e+04
1.223065439876950040e+04
1.406204876392422557e+04
1.447043917595437233e+04
1.436065682014455524e+04
1.472441372294901339e+04
1.426301183148284326e+04
1.455220949353182732e+04
1.467857555906124253e+04
1.476046769378797035e+04
1.404976453884023067e+04
1.445076545108417486e+04
1.483963415340954452e+04
1.412060574230448219e+04
1.254268133757268333e+04
1.494191532766934324e+04
1.459071532609521091e+04
1.477928175796250616e+04
1.491337919115546902e+04
1.421503076708659682e+04
1.393949687078272109e+04
1.491620727673037800e+04
1.325763690372054407e+04
1.382397947185677913e+04
1.485420194114244623e+04
1.309082891869429295e+04
1.330870457445356078e+04
1.361690833058577846e+04
1.483218582620033339e+04
1.394571137399201871e+04
1.461015760358218540e+04
1.306261322691629539e+04
1.392586487993301307e+04
1.473922115574827330e+04
1.460902927011873908e+04
1.381390777457528202e+04
1.446284044321759575e+04
1.280779439291897143e+04
1.422066177189264272e+04
1.460079071401299370e+04
1.237748445816554704e+04
1.496873879760274212e+04
1.304119292091828902e+04
1.435903676687824918e+04
1.386835632981480740e+04
1.280424549632298476e+04
1.282935166103067604e+04
1.277355588236956100e+04
1.416469713766184941e+04
1.389029737063020002e+04
1.295060882668710292e+04
1.486435025352465527e+04
1.490463789972560153e+04
1.416727259608382337e+04
1.415979723819716310e+04
1.267348958795864928e+04
1.441882881025575989e+04
1.428127369843025735e+04
1.415798773002403505e+04
1.341257780162436393e+04
1.379329108208570688e+04
1.357922077404285483e+04
1.375362370119051411e+04
1.418734938959289138e+04
1.498080551072494018e+04
1.297789121083368809e+04
1.361537508212897410e+04
1.432173518564116421e+04
1.148241587832319783e+04
1.493556554584891819e+04
1.479098425881229014e+04
1.445357521170543987e+04
1.287306579818178761e+04
1.455606742145245880e+04
1.464717117926320861e+04
1.187004679295995084e+04
1.475782934597357053e+04
1.469017589667946413e+04
1.455120263633993818e+04
1.494449300367966134e+04
1.393112365122727715e+04
1.450639246030255163e+04
1.436763415544620875e+04
1.230968459596957291e+04
1.437547093277796739e+04
1.381871638461069597e+04
1.462774660551632951e+04
1.471525971672346532e+04
1.488179857767349677e+04
1.297178352868564980e+04
1.286220373013903190e+04
1.455244839803960713e+04
1.281019961968937423e+04
1.491956200296791758e+04
1.486149586041699877e+04
1.481331247246401836e+04
1.331531379928496062e+04
1.484867946414913604e+04
1.373255424929832589e+04
1.468373392661781327e+04
1.436653610915154422e+04
1.445832344842829116e+04
1.486867805886686983e+04
1.441169634146986027e+04
1.453935279113300930e+04
1.498080551072494018e+04
1.421278915440103265e+04
1.437330343664324755e+04
1.479663838172071337e+04
1.467937816698052848e+04
1.466525510606387070e+04
1.238205081567302659e+04
1.478216479089713903e+04
1.464538972144849322e+04
1.492880707450533919e+04
1.379780937012678623e+04
1.494165853888002857e+04
1.423277682695690601e+04
1.439642818572541728e+04
1.403235489545274686e+04
1.497247390629357324e+04
1.478661731885877998e+04
1.322234653057895048e+04
1.336363944495212854e+04
1.117678911279965723e+04
1.435976773907063034e+04
1.447589712387749933e+04
1.324364458559283594e+04
1.443760799909927664e+04
1.495288730431378281e+04
1.377286885994128170e+04
1.482811520631964595e+04
1.472634107073743871e+04
1.482079778237681967e+04
1.479969242883661718e+04
1.363312197888520677e+04
1.490426934522665942e+04
1.322190014348365003e+04
1.291909670247191207e+04
1.435961090196280202e+04
1.257864354594849647e+04
1.343672868709557588e+04
1.445217571933030013e+04
1.246049848809799369e+04
1.215681272895908660e+04
1.332183304329703606e+04
1.468741801451457468e+04
1.481535709826232414e+04
1.371798015000983833e+04
1.448692040299008295e+04
1.254100612209386782e+04
1.478396887984945351e+04
1.393771460322068742e+04
1.487390130898922871e+04
1.495477377773345506e+04
1.482843432552986633e+04
1.493223402418042133e+04
1.486193348076250004e+04
1.487996504553631530e+04
1.411642224415653800e+04
1.382968600311891714e+04
1.195652356139686162e+04
1.346727442533498834e+04
1.357026625296047132e+04
1.427715452155370804e+04
1.440764779650778655e+04
1.490211784600114515e+04
1.418843518473842778e+04
1.329166317478389828e+04
1.423900128620139003e+04
1.392817824604914131e+04
1.480346717889836327e+04
1.459600183729968376e+04
1.392550887163088919e+04
1.399777464447723105e+04
1.496432721436115207e+04
1.456221560486234921e+04
1.362206610900091255e+04
1.488694955356556056e+04
1.493223402418042133e+04
1.383531572105552186e+04
1.387163720393739641e+04
1.439136441438183465e+04
1.495178803994289592e+04
1.392996843784195880e+04
1.413900907426061531e+04
1.332228349127146794e+04
1.488040706182121903e+04
1.386177541594897048e+04
1.406910883002772243e+04
1.400826741759348079e+04
1.367842484346434139e+04
1.425091082535082023e+04
1.474501092218112535e+04
1.425334060108942504e+04
1.471508893130041906e+04
1.300064848868340414e+04
1.442733113532767311e+04
1.258185122056797991e+04
1.445936148151823727e+04
1.373530827954084089e+04
1.398873566914287221e+04
9.792565412021362135e+03
1.485415183839199744e+04
1.370241437461592614e+04
1.488828721277657678e+04
1.475496696304973375e+04
1.464471042234360357e+04
1.459065551365831016e+04
1.243014852396763308e+04
1.483508923891784070e+04
1.294091966226268778e+04
1.418453180354219512e+04
1.476818035825385232e+04
1.435519041765331167e+04
1.496304545971491279e+04
1.468416446747002919e+04
1.478216479089713903e+04
1.431445076795402565e+04
1.189413468496749192e+04
1.246733340192419018e+04
1.493357804841111647e+04
1.295673178718844792e+04
1.364920259793956939e+04
1.435601917583806062e+04
1.462147355427309049e+04
1.343825180769752478e+04
1.320267973010166133e+04
1.497045948378449248e+04
1.353461819998505234e+04
1.442372701041685650e+04
1.489895461023589087e+04
1.483441364631143551e+04
1.454966701368887152e+04
1.411227877863463436e+04
1.312330077145836913e+04
1.495087552459348080e+04
1.245463334872475025e+04
1.423669944605820456e+04
1.488164032288250564e+04
1.492579500380126592e+04
1.290744704718343019e+04
1.467418023518573500e+04
1.362978143673581872e+04
1.395532596599843964e+04
1.368862360483332668e+04
1.456058161558548454e+04
1.491404202509317474e+04
1.414861244194360916e+04
1.484577419072702469e+04
1.374183685848653840e+04
1.419936970455361006e+04
1.154004317961478591e+04
1.483250337718435367e+04
1.417199896203262870e+04
1.255273158102296657e+04
1.468595265729597668e+04
1.460156874954825980e+04
1.363637971386583922e+04
1.371662011488067765e+04
1.275237037949643855e+04
1.388362285436204911e+04
1.430911674353421040e+04
1.401161657924121755e+04
1.438867827353358371e+04
1.392815311203631791e+04
1.482125634006141627e+04
1.236645231911815063e+04
1.414726025882949762e+04
1.473831947479603332e+04
1.378928459575366833e+04
1.242694697149578860e+04
1.376643818329212809e+04
1.200396621130080894e+04
1.414115172783601702e+04
1.312672455912969963e+04
1.323873440984376793e+04
1.386017440945103590e+04
1.376008707509047599e+04
1.435222539394802152e+04
1.342885599130688206e+04
1.442482163057180333e+04
1.370862984617595612e+04
1.316879866576469067e+04
1.442668958232494333e+04
1.372499986916109083e+04
1.441568498360386002e+04
1.329549463735521931e+04
1.310594405299450955e+04
1.326459985495571527e+04
1.398601494133352026e+04
1.453347760886284232e+04
1.379220661553383616e+04
1.361056147428830991e+04
1.479798070011581876e+04
8.728321675543116726e+03
1.453340436985634733e+04
1.445357521170543987e+04
1.412800179531288450e+04
1.377818867447778575e+04
1.353445140426740181e+04
1.426216317810065084e+04
1.465717230416819439e+04
1.475040477785265830e+04
1.478087771580513072e+04
1.399966473981330819e+04
1.305575312355227106e+04
1.364819994388303712e+04
1.421593487550056489e+04
1.465580158641412891e+04
1.407264889222409511e+04
1.476144729517522319e+04
1.405867148243682459e+04
1.478725379104732201e+04
1.400309990622269834e+04
1.444697222060362219e+04
1.483858903916338750e+04
1.468146882741790614e+04
1.489836153828860915e+04
1.424069850177747503e+04
1.481663626625400866e+04
1.466081498805275987e+04
1.486231499715181963e+04
1.446042186558098911e+04
1.434124794543117969e+04
1.462336028793224250e+04
1.410500197778553775e+04
1.449562257630771819e+04
1.493777413048783274e+04
1.461385789377329638e+04
1.388294594281934587e+04
1.470980210294866629e+04
1.460545532776235450e+04
1.446042186558098911e+04
