9.342665594926176709e+03
9.254625614469452557e+03
7.911180919194093804e+03
9.460165216178393166e+03
9.299746493738513891e+03
8.888545224452607727e+03
9.049889955319093133e+03
9.371737192331826009e+03
9.391585232467228707e+03
9.530618065070846569e+03
9.466531015450009363e+03
8.992804626807021123e+03
8.398095157049594491e+03
9.502603438251184343e+03
9.417328505374487577e+03
8.557413350014488969e+03
9.509782911103024162e+03
9.059541002599493368e+03
9.345582724427711582e+03
9.153593936224773643e+03
9.120903379650884744e+03
9.243141435108032965e+03
9.467440244847875874e+03
9.265819486558526478e+03
9.206940251340769464e+03
9.200681176162172051e+03
9.471530441192431681e+03
8.182527431406429969e+03
8.484900154959057545e+03
9.399811716590869764e+03
9.493485163642084444e+03
9.331144209654867154e+03
9.301166237842498958e+03
8.655738412428574520e+03
8.580070854004385183e+03
9.285421831716597808e+03
9.254821038136120478e+03
9.169664776520237865e+03
8.863091186299934634e+03
8.899519972501684606e+03
9.281439438318720931e+03
8.937876471869956731e+03
9.234841186437337456e+03
9.323308997392301535e+03
8.764635098208620548e+03
8.907496691181975621e+03
9.286776411516357257e+03
9.272056106004451067e+03
9.108029911114683273e+03
9.085827825092068451e+03
9.466580255001394107e+03
8.891786911507088007e+03
9.405709160597158188e+03
8.341539846725714597e+03
9.130249530279726969e+03
9.257765782112737725e+03
8.634479608981877391e+03
8.925545805412459231e+03
9.511320243409434624e+03
9.251571176593732162e+03
9.410981187712328392e+03
9.302879961718912455e+03
9.229570228843589575e+03
9.400221069668963537e+03
9.441325744802577901e+03
9.294012084776528354e+03
9.125393798697807142e+03
9.346960699066163215e+03
9.257651775547983561e+03
8.710457622260153585e+03
8.797254708196916908e+03
9.222934027188461187e+03
9.219246802819267032e+03
9.408830068412964465e+03
8.891625723183831724e+03
8.437666526162920491e+03
9.265594168924497353e+03
9.245704687884552186e+03
8.763603382884175517e+03
9.112312565392368924e+03
9.370922871923439743e+03
9.182371044722460283e+03
9.494659481690736357e+03
9.338194245855163899e+03
9.114609203637874089e+03
7.833529713117084611e+03
9.498902409011898271e+03
8.602401051523251226e+03
9.376999935664200166e+03
9.107271633342828864e+03
9.464192905530766438e+03
9.434821631914128375e+03
8.856077339786801531e+03
9.320404969173914651e+03
8.537545622774361618e+03
8.643466355392347396e+03
8.742366142769140424e+03
9.026464526193012716e+03
9.374557524922187440e+03
9.018353410103583883e+03
9.445297155268792267e+03
8.500084877073404641e+03
9.131477528012954281e+03
9.443973654358152999e+03
9.479502192538795498e+03
9.174125935571817536e+03
8.691578101266124577e+03
9.385806316065511055e+03
9.088793769865966169e+03
9.112720450307759165e+03
9.392381874029750179e+03
9.285718656462820945e+03
9.506891529640342924e+03
9.180300109275005525e+03
8.622568520271535817e+03
9.089586935243347398e+03
8.839121389874111628e+03
8.903907015525313909e+03
9.435073565955162849e+03
9.309855071490837872e+03
9.491117539170652890e+03
8.040261565809996682e+03
9.379908247943087190e+03
9.168749365491623394e+03
8.155004838517064854e+03
9.041732859721882051e+03
9.231700051809355500e+03
9.325189714407224528e+03
8.782244214563883361e+03
9.001726240430467442e+03
9.295372376767372771e+03
7.696918810721692353e+03
9.299782718232647312e+03
9.365774093300360619e+03
9.242289306255184783e+03
9.419145045533936354e+03
9.253407434253389511e+03
9.465855606318069476e+03
9.375190072185670942e+03
9.339140961197525030e+03
7.484110038894908939e+03
9.442729195464486111e+03
9.332837938497385039e+03
8.602401051523251226e+03
9.245156295645942009e+03
9.304452160922870462e+03
9.292984865939381052e+03
8.718536027526462931e+03
9.064206463952970807e+03
9.344802066891503273e+03
9.387667789994269697e+03
8.463723516167763592e+03
8.957042057021602886e+03
8.627301006902776862e+03
9.336452679410358542e+03
9.454112935207627743e+03
8.808443554307195882e+03
8.218338178424843136e+03
9.402000839032050862e+03
9.284133399264810578e+03
9.100161520515692246e+03
8.903887506468519859e+03
9.236180767512747479e+03
8.899801471135473548e+03
8.731343015327372996e+03
8.974477927599193208e+03
8.843470918202578105e+03
8.977170432961898769e+03
9.428521964338651742e+03
6.657296679463097462e+03
8.639509485563719863e+03
8.485769325854165800e+03
9.162515028908703243e+03
9.299705929294595990e+03
9.159325382690887636e+03
9.036945312552961695e+03
9.444314395433488244e+03
8.944986260172396214e+03
9.349314865739353991e+03
9.422038843056054247e+03
8.143720808767653580e+03
9.212018694797370699e+03
9.229360398024149617e+03
8.989403818238943131e+03
9.223101634052345617e+03
8.420808682438037067e+03
9.242626251453681107e+03
9.372081202151684920e+03
9.314283884619915625e+03
9.488727502670128160e+03
9.169346209890409227e+03
9.456635990135013344e+03
9.414122882933406800e+03
8.481203909161800766e+03
8.222256690507088933e+03
9.246841649191355827e+03
9.404808057175245267e+03
8.355882904538069852e+03
9.309400802103857131e+03
9.530829661310177471e+03
9.317902665855943269e+03
9.219289379601834298e+03
8.881391767795214037e+03
9.113007534418600699e+03
8.821551646002648340e+03
9.411781972949347619e+03
9.468888295130363986e+03
8.250309685088566766e+03
9.176223837482975796e+03
9.523488904438148893e+03
9.425747136199077431e+03
9.165540346709152800e+03
8.887330549113781672e+03
8.023526220132890558e+03
9.507851227053490220e+03
8.688284300327090023e+03
9.160343063666030503e+03
8.876532924012779404e+03
9.303306898419250501e+03
8.884454075462985202e+03
9.388593439265405323e+03
8.929891175721104446e+03
7.653411031640532201e+03
9.385743395115570820e+03
9.533046639295247587e+03
7.726489215103991228e+03
9.134789279949753109e+03
9.219482575485182679e+03
9.527916816004171778e+03
9.339790238032564957e+03
9.366851268209586124e+03
9.451794192152898177e+03
9.224812515167381207e+03
9.356219510500399338e+03
8.843302747032172192e+03
8.827658120018581030e+03
9.301622774020419456e+03
9.300005370370136006e+03
9.335628033863798919e+03
9.146636165763033205e+03
9.403413270953626125e+03
8.913529437896380841e+03
9.157640610404134350e+03
9.053106599530303356e+03
9.538283952743615373e+03
8.812349720166414045e+03
9.333096655583933170e+03
7.658413774820576691e+03
9.372081202151684920e+03
8.992661585799869499e+03
9.376642894865381095e+03
9.493420611961513714e+03
8.577169561645421709e+03
7.737792375646949949e+03
9.118800066207837517e+03
9.538872300182843901e+03
8.947149356593414268e+03
9.478194767849852724e+03
8.871775830381000560e+03
8.635012812837125239e+03
9.168838524999046058e+03
8.458950772041147502e+03
9.455738051970325614e+03
9.405169383207734427e+03
9.432490859604537036e+03
8.268868891772479401e+03
9.485852416497516970e+03
9.160365256869230507e+03
9.281089716603411944e+03
9.409810556307815204e+03
9.113949057680854821e+03
8.296269492806954077e+03
9.173177198024895915e+03
9.250922494580287093e+03
9.296442774914063193e+03
8.588184046704507637e+03
8.729313386151537998e+03
9.124224775699296515e+03
8.847887398953760567e+03
9.086950853780799662e+03
8.709299162241171871e+03
8.416084082404788205e+03
9.067978408747369031e+03
9.366704439949269727e+03
9.476753917457699572e+03
9.440519595165638748e+03
9.297765616821976437e+03
8.367485823421577152e+03
8.859548851516592549e+03
9.026858901678901020e+03
7.845497296865024509e+03
7.601428300642484828e+03
8.878752150241029085e+03
8.830270828616825384e+03
9.412335742932275025e+03
9.521107449721517696e+03
9.169165238514262455e+03
8.812889496026416964e+03
9.407231102569514405e+03
9.323308997392301535e+03
8.960105247099152621e+03
9.356837679010244756e+03
8.435894502480259689e+03
8.783742810379086222e+03
9.529349490898030126e+03
9.535408171701323226e+03
9.340744304498737620e+03
8.770616258670408570e+03
9.395319968760561096e+03
9.479386436127717388e+03
9.327194113329183892e+03
9.229537985974156982e+03
9.498902409011898271e+03
8.023526220132890558e+03
8.668795929676238302e+03
9.270264814733249295e+03
9.275564690454397351e+03
9.465788573558165808e+03
9.425697540526380180e+03
9.145539892763732496e+03
9.262582525085670568e+03
9.200681176162172051e+03
9.393492354011092175e+03
8.811809050221276266e+03
9.440503451520842646e+03
9.286016023254644097e+03
9.523488904438148893e+03
8.768832265584231209e+03
8.635014123951881629e+03
8.748534845867863623e+03
9.511299217557705560e+03
9.280320509861630853e+03
9.140424271618818238e+03
9.386411757197649422e+03
8.289572040797691443e+03
8.357678465324861463e+03
9.338341490608843742e+03
7.702015995432548152e+03
9.453546580737343902e+03
6.598716815640097593e+03
8.496139616942222347e+03
8.787104762515356924e+03
9.327985776616842486e+03
8.410496262770846442e+03
8.458874678920126826e+03
9.526623856049391179e+03
8.908986465758189297e+03
9.137414222681818501e+03
9.270896015316709963e+03
8.489194438391183212e+03
9.274924431370094680e+03
8.446829774174912018e+03
9.436342125762665091e+03
8.773091677449045164e+03
9.471530441192431681e+03
9.512467603488265013e+03
9.307517883027725475e+03
8.532767995015679844e+03
9.046385715746644564e+03
8.527782097822522701e+03
9.243693675950033139e+03
7.070424616088262155e+03
8.724758226324913267e+03
8.527487448293339185e+03
8.897316298689340329e+03
9.395913637295312583e+03
9.267890246697606926e+03
9.473159567277929455e+03
9.472671155167699908e+03
8.778007955064700582e+03
9.213993118367112402e+03
7.730911884354896756e+03
8.917186229101815115e+03
8.806704471456565443e+03
9.427695052291956017e+03
9.146834242943816207e+03
9.214396789131749756e+03
8.705928624648917321e+03
9.463237334483463201e+03
8.291636874771287694e+03
9.510925534856878585e+03
8.486344111434314982e+03
8.063950036082500446e+03
9.396773561964073451e+03
8.954919940415864403e+03
9.430133264848216641e+03
8.276517792943741370e+03
8.793328772721108180e+03
9.339584511958222720e+03
9.421935885911891091e+03
9.486844191726546342e+03
9.430731626166252681e+03
9.330913670327963700e+03
9.517640182585248112e+03
9.201361797679797746e+03
9.393371137079822802e+03
9.169811218193839522e+03
9.200580306318777730e+03
9.293515849506209634e+03
9.328937647343909703e+03
9.303824958952664019e+03
9.402022770077170208e+03
9.476669206119491719e+03
9.427173556239678874e+03
9.432900587138421542e+03
9.491738181652635831e+03
8.666224763742739015e+03
8.809269243212145739e+03
8.762571084620136389e+03
9.404767694970250886e+03
7.710437092490552459e+03
9.525648439348289685e+03
8.326217315275076544e+03
9.456386564651656954e+03
9.249616656697515282e+03
8.797808884617978038e+03
7.377289608034645426e+03
8.238953430596735416e+03
9.416469430286975694e+03
9.102355041396676825e+03
8.266526027029838588e+03
9.499401151317291806e+03
9.394341569487200104e+03
9.178573697862131667e+03
8.233013852382800906e+03
9.300567379348425675e+03
9.304912585277103062e+03
8.759683491429113928e+03
9.329366955088815303e+03
9.019424856377258038e+03
9.147033973781080931e+03
9.168838524999046058e+03
9.244584530980306226e+03
8.282654746239048109e+03
9.146826887038092536e+03
9.335403423067840777e+03
9.478980377097968812e+03
9.313463125706299252e+03
9.464709666798185935e+03
9.458814792585790201e+03
8.847163212006562389e+03
9.402022770077170208e+03
8.830438889478815327e+03
8.231083492711430154e+03
9.117700290318611223e+03
9.308930522432818179e+03
9.320851334698649225e+03
9.389638035593907262e+03
8.552617058112329687e+03
8.928490897174982820e+03
7.820311652593132749e+03
8.769171692006753801e+03
9.132745449716323492e+03
8.477354329277432043e+03
8.435624937542572297e+03
8.378619443190989841e+03
9.217943056986936426e+03
9.271001066868862836e+03
8.767393148686682252e+03
8.235929175584009499e+03
8.759135976557769027e+03
9.225843436300154281e+03
9.332862026881255588e+03
8.061274849741158505e+03
9.520153569061778398e+03
9.254274343227301870e+03
9.439220061426034590e+03
8.898567406188209134e+03
9.104469367035368123e+03
9.349911870238422125e+03
9.131477528012954281e+03
8.590652804969091449e+03
9.237966747978171043e+03
9.338143633449224581e+03
8.557413350014488969e+03
9.367818718689923116e+03
9.333270842636622547e+03
9.485863281631936843e+03
9.068768379111828835e+03
9.387048971144917232e+03
9.456635990135013344e+03
9.444596309340126027e+03
9.338776727208096418e+03
9.128938399701568414e+03
9.522549095825444965e+03
9.313781652701865823e+03
9.203611410599016381e+03
9.288487791741779802e+03
9.493168730440031140e+03
9.492550985927371585e+03
9.416868559993939925e+03
8.678949330835246656e+03
9.360675732300675008e+03
9.362213765548862284e+03
8.314294276659813477e+03
9.134158665497699985e+03
9.020959895782263629e+03
8.778428728371007310e+03
8.471793790213545435e+03
9.426108437509345094e+03
9.271422240103853255e+03
9.473000103940739791e+03
8.988859003704154020e+03
9.067214918399837188e+03
9.328877402285957942e+03
8.970687258342937639e+03
9.161637380665877572e+03
9.046709420862191109e+03
9.511590527768013999e+03
9.125979078568463592e+03
8.894036287632528911e+03
9.035360235062347783e+03
9.240839629497522765e+03
8.735173356066346969e+03
9.178854116204307502e+03
8.370990007414005959e+03
9.201741611969300720e+03
9.047162687225318223e+03
8.211760816130370586e+03
8.756365655847550443e+03
9.335964915759504947e+03
9.190217038385238993e+03
8.902145891130821838e+03
8.777114629054423858e+03
9.500551662907721038e+03
9.540676275645759233e+03
9.285276055738278956e+03
8.926405857914454828e+03
9.255142060112510080e+03
8.779744618704095046e+03
8.975586683925652324e+03
9.493420611961513714e+03
9.028619175185500353e+03
9.455032225773109531e+03
9.541331822291780554e+03
9.425330491794842601e+03
9.300005370370136006e+03
8.577145448144092370e+03
8.437666526162920491e+03
9.222396513704090466e+03
9.428268431557156873e+03
9.156166428194963373e+03
9.479502192538795498e+03
9.387101967460896049e+03
6.336841637845629521e+03
9.540768453439504810e+03
9.207000781757851655e+03
8.675765692749453592e+03
9.030087769158026276e+03
9.442486015403330384e+03
9.145118236340746080e+03
9.353615525430639536e+03
9.200378952763579946e+03
9.097359202314069989e+03
7.099239324052392476e+03
7.866381986644184508e+03
9.082098214771791390e+03
9.062625400488082960e+03
9.320404969173914651e+03
8.360008335530666955e+03
8.407925982544700673e+03
8.718187960029365058e+03
8.471321992066858002e+03
8.682213765809028700e+03
8.857149687023531442e+03
9.059784687924502578e+03
9.030775463010493695e+03
9.060508797681884971e+03
9.523488904438148893e+03
9.458966604842549714e+03
9.092108895699679124e+03
9.494743188695469144e+03
9.224331197499828704e+03
7.974210562031890731e+03
9.133570377646537963e+03
8.661541771631040319e+03
9.131214425334241241e+03
9.426108437509345094e+03
9.439342662168224706e+03
8.922189368591743914e+03
8.674582673740664177e+03
8.450366179329470469e+03
9.336700862988087465e+03
9.501378899843452018e+03
9.511084100212512567e+03
8.987013477980588505e+03
9.114379464095782168e+03
9.007708501421066103e+03
7.235523590900786076e+03
9.272880770569994638e+03
9.536573886521346139e+03
9.198698670035404575e+03
9.461192010012809988e+03
9.370533115109381470e+03
9.127461275875883075e+03
8.764635098208620548e+03
9.011518132704770323e+03
9.372081202151684920e+03
9.213908390729422536e+03
9.038401828190744709e+03
9.474207117231431766e+03
8.896271399287954409e+03
9.075896096878035678e+03
8.282654746239048109e+03
8.561914788291400328e+03
8.984380768186529167e+03
9.516403616996900382e+03
8.818329599729757319e+03
8.454411144928175418e+03
8.656080836023611482e+03
8.809783961394305152e+03
7.851823021015364247e+03
9.119164952746266863e+03
8.793290686617245228e+03
9.486844191726546342e+03
9.421495959519847020e+03
9.432233282140074152e+03
8.737414144558637418e+03
9.537255717463443943e+03
9.497800651046392886e+03
9.050653219995770996e+03
9.100004433778580278e+03
9.266458173294151493e+03
7.879191441645233681e+03
8.446600304162417160e+03
9.271312679974398634e+03
8.847657449219972477e+03
9.191310694249870721e+03
9.363574023537497851e+03
8.856204597911415476e+03
8.970283117974964625e+03
9.510142470494531153e+03
8.122387131634502111e+03
9.398213493764931627e+03
9.209531603332390659e+03
9.395913637295312583e+03
8.194531643954651372e+03
8.146439313197827687e+03
9.394743070587301190e+03
8.860268166335659771e+03
8.937933415102279469e+03
8.526710979214234612e+03
8.200924229727585043e+03
9.290408990866972090e+03
9.236616141564774807e+03
9.050610886729202321e+03
7.890306786325558278e+03
9.118529840773586329e+03
7.840611928360627644e+03
7.693982575934727720e+03
9.341424593286745221e+03
9.480147105262400146e+03
9.155522470112908195e+03
8.901140468167570361e+03
8.984950004574100603e+03
9.048066889628520585e+03
9.159363721402016381e+03
9.504196374085331627e+03
9.504312320981549419e+03
9.274628908313648935e+03
9.149798925887600490e+03
8.618921305904814290e+03
9.343995895924312208e+03
8.897513678151772183e+03
9.446480326890348806e+03
9.276092463603912620e+03
8.599119855201512109e+03
7.369575802127325915e+03
8.250309685088566766e+03
9.098903704668020509e+03
9.194507584585386212e+03
8.794525851255140878e+03
8.943189241654410580e+03
8.359243997504898289e+03
9.230196862616354338e+03
8.423639476318530797e+03
9.008597426260981592e+03
9.403636214252346690e+03
9.232630260818084935e+03
7.974842777443806881e+03
8.679051853015258530e+03
8.868629701254627435e+03
9.430203306181469088e+03
9.294519770401166170e+03
9.318651290806272300e+03
9.145260341556857384e+03
9.415768299161458344e+03
9.409897475730023871e+03
8.720381713388585922e+03
9.382050605193726369e+03
9.326233571402832240e+03
8.943163522579605342e+03
8.942081832877542183e+03
9.410981187712328392e+03
9.109312104099226417e+03
8.869617959848741521e+03
9.463104890653246912e+03
8.620400806018940784e+03
8.894417153565409535e+03
9.185683270377896406e+03
8.986009452860476813e+03
9.062358945308566035e+03
9.432839038493344560e+03
9.304479196463280459e+03
8.997012099512689019e+03
9.131246140807215852e+03
9.179799214132277484e+03
9.158413773412499722e+03
8.831190536431726287e+03
9.448667392821425892e+03
8.944298162868952204e+03
8.429998138545728580e+03
9.044741739987590336e+03
8.843209325464096764e+03
9.063409018709404336e+03
9.121541746074273760e+03
9.046186374042703392e+03
9.504504996184601623e+03
9.248511106477111753e+03
8.801434589122674879e+03
9.528501351387481918e+03
8.941156020932774481e+03
7.760856713030463652e+03
8.861956907154404689e+03
8.787226703482057928e+03
9.094540954606045489e+03
9.193200842816904697e+03
9.506027307615513564e+03
8.862758936379193983e+03
9.143330641919856134e+03
8.621942509231323129e+03
9.137563513188109937e+03
8.914035523806789570e+03
9.334896629069462506e+03
8.231083492711430154e+03
9.473322060328777297e+03
8.527782097822522701e+03
7.349993107496988159e+03
8.759683491429113928e+03
9.138695129526051460e+03
9.263739205081419641e+03
9.508369204327265834e+03
8.695942514534144721e+03
9.460165216178393166e+03
7.526274483851455443e+03
9.271557407393329413e+03
9.240149296889401739e+03
9.229668711160640669e+03
6.584171107614301036e+03
9.404377409145265119e+03
7.888192399807890979e+03
9.332547015316353281e+03
9.248570519666765904e+03
9.279989257770077529e+03
9.364230630520116392e+03
8.698928238243905071e+03
9.196366512693324694e+03
9.246292729247807074e+03
9.421938702215586090e+03
9.365642405725244316e+03
9.533490464015854741e+03
8.142478084868296719e+03
9.385743395115570820e+03
8.988702671337761785e+03
9.126261350667671650e+03
8.680126562960920637e+03
8.041849381158799588e+03
8.807296084671099379e+03
9.321908776037693315e+03
9.450461631738817232e+03
9.100652687446308846e+03
8.664671958055343566e+03
8.844257873117381678e+03
9.001491832584881195e+03
9.478920673536285904e+03
9.364149611248685687e+03
8.735769764798660617e+03
9.394263147831898095e+03
8.685291953789324907e+03
9.128650046331309568e+03
9.278648061620739099e+03
8.896423806972954480e+03
9.229724674649311055e+03
9.275655312862058054e+03
9.444983652776765666e+03
9.538933865011715170e+03
9.325557569236138079e+03
8.810778694406133582e+03
8.814319254225651093e+03
8.646538303787900077e+03
9.035360235062347783e+03
9.183413004116317097e+03
9.136115428443930796e+03
9.536730954803184432e+03
9.190973320874596538e+03
9.526999843753170353e+03
9.359453066761274385e+03
8.882985205350873002e+03
9.349911870238422125e+03
9.059541002599493368e+03
9.527062227393638750e+03
9.457396918875398114e+03
8.482032514298780370e+03
9.485077757596129231e+03
9.297682948448327807e+03
9.126261350667671650e+03
9.531112530641810736e+03
9.338778780101303710e+03
9.253801601252300316e+03
9.445099600182194990e+03
9.494743188695469144e+03
9.224109639603921096e+03
9.059784687924502578e+03
8.906376607330706975e+03
9.365836123408460480e+03
8.837936642346474400e+03
9.096051044325646217e+03
9.319506929303406650e+03
8.614143023692809948e+03
8.616114703474668204e+03
9.200846382301137055e+03
8.797298846516128833e+03
8.498071392449621271e+03
7.666767671534100373e+03
8.157209579291556111e+03
7.637444864765611783e+03
9.406746696945103395e+03
9.415768299161458344e+03
8.162724977442902855e+03
8.749378114275230473e+03
8.892787756826588520e+03
8.507517778560652005e+03
8.818488423014696309e+03
9.304488238591777190e+03
8.708169718244938849e+03
8.948588531755867734e+03
8.831907148639595107e+03
9.159291467359656963e+03
9.321121933920245283e+03
6.862631919111667230e+03
8.394005233195974142e+03
9.498671399783379456e+03
9.362167920829786453e+03
9.467685021145840437e+03
8.580937073896586298e+03
9.363999062027305627e+03
9.302434300548831743e+03
8.879561050551894368e+03
9.331225957172853668e+03
7.929921925533459216e+03
9.356341059779799252e+03
8.127457261659806136e+03
8.929891175721104446e+03
9.388528550226594234e+03
9.296788318269223964e+03
8.550623627874058002e+03
8.985894574235186155e+03
9.474606054320149269e+03
9.365290775780023978e+03
9.225484584756795812e+03
9.386450398934457553e+03
9.502520624948487239e+03
8.420808682438037067e+03
8.550641578465911152e+03
8.457485332747575740e+03
8.962540845261482900e+03
8.783798404067310912e+03
9.493055793988558435e+03
9.427261989868664386e+03
8.216639733975385752e+03
9.188336064117604110e+03
8.867387266482910491e+03
9.432349094177145162e+03
9.442006966863005800e+03
9.123213974840122319e+03
9.341041692382787005e+03
9.234359853197005577e+03
8.888690767386447988e+03
9.400976966821177484e+03
8.739511664249734167e+03
9.533388543158162065e+03
9.311583032999593343e+03
9.225251440793172151e+03
9.423952216044055604e+03
9.175204161974641465e+03
9.384802161724021062e+03
9.494586335780069930e+03
9.439655721244069355e+03
9.009795801981994373e+03
8.825615556569020555e+03
9.325557569236138079e+03
9.068741708072786423e+03
9.280757222285959870e+03
9.523488904438148893e+03
9.130780238587347412e+03
9.241975259409071441e+03
8.241383065286619967e+03
8.859769211999402614e+03
9.286602886410433712e+03
9.155419155197041619e+03
8.886993670733412728e+03
7.849825719226341789e+03
9.355680428264126022e+03
9.510049392762326534e+03
8.211760816130370586e+03
9.306270798615132662e+03
8.828711212050686299e+03
8.468492345251319421e+03
8.932361825458820022e+03
9.266167262826362276e+03
9.120820197233648287e+03
9.133182072103965766e+03
8.051823447970898087e+03
8.965185852371841975e+03
9.440337150896879393e+03
8.634530187334072252e+03
9.423715271040182415e+03
9.287966247861280863e+03
9.023970882696625267e+03
8.893072609208336871e+03
9.211448322220905538e+03
9.100940770952107414e+03
9.277751929813017341e+03
9.417987907841023116e+03
9.523488904438148893e+03
9.471945211697428022e+03
8.038485595206595463e+03
9.393218638313232077e+03
9.345153432400733436e+03
8.826786032153369888e+03
9.443854193475008287e+03
8.946717834479466546e+03
8.928189245900084643e+03
9.539474006118172838e+03
9.208212646753087029e+03
9.242757237865886054e+03
9.249867822065360087e+03
8.516589107236168275e+03
9.393899057620501480e+03
9.341110451487951650e+03
8.246401217552021990e+03
8.679388127019879903e+03
8.987013477980588505e+03
8.836211704364794059e+03
8.671265780476140208e+03
9.486146329975959816e+03
9.345159003721915724e+03
8.267569409622774401e+03
8.367696308182921712e+03
9.314073687395793968e+03
9.501365840743965236e+03
8.643696918260571692e+03
8.250309685088566766e+03
9.093034520312972745e+03
9.396120465453930592e+03
9.096051044325646217e+03
8.290366217318529380e+03
9.525427002799642651e+03
8.730323069503076113e+03
9.405826197686455998e+03
9.296090758438091143e+03
8.942752652434652191e+03
9.397040940743521787e+03
9.245857598937811417e+03
9.003734282596884441e+03
9.392930959320618058e+03
8.721390194526495179e+03
9.525743941825932779e+03
9.238663050742343330e+03
9.477878882542885549e+03
8.626830944121647917e+03
9.401682062478299486e+03
9.050291293132577266e+03
9.237966747978171043e+03
9.382292345737339929e+03
9.381906074382342922e+03
8.533637863461079178e+03
9.476215542615034792e+03
9.432318631056510640e+03
8.073471129325103902e+03
9.114256882872992719e+03
9.345876223103230586e+03
9.531835907715405483e+03
9.100204285227084256e+03
9.357602889888628852e+03
8.589191671528373263e+03
9.292257700516429395e+03
9.506987142208750811e+03
9.452725504573589205e+03
8.934073540639315979e+03
9.383214155982746888e+03
9.281497725333249036e+03
9.007616274853104187e+03
9.421001400467692292e+03
7.981698732027347432e+03
9.202244719634178182e+03
9.518385412071469545e+03
9.414706993381245411e+03
9.092376280729611608e+03
8.245189139571082706e+03
