1.620166277437524332e+04
1.607410015420052696e+04
1.531353658417287261e+04
1.606112402960512190e+04
1.526740213813612172e+04
1.538934636256250451e+04
1.574725681150198216e+04
1.614835920598600933e+04
1.499913582195917479e+04
1.562336439721344505e+04
1.607615944259260141e+04
1.467756269887055896e+04
1.594529887552474247e+04
1.487785248479649272e+04
1.615280129946045781e+04
1.599717658119369298e+04
1.593175111408021985e+04
1.456903724253576002e+04
1.563266214301930086e+04
1.569950237304836628e+04
1.613502999031994841e+04
1.366168653040284335e+04
1.562854004695480762e+04
1.618793581650101260e+04
1.593783362702099839e+04
1.514738632320044599e+04
1.564247461640704751e+04
1.431666733674198622e+04
1.469918746243558053e+04
1.618066937412330662e+04
1.366168653040284335e+04
1.531495390782945469e+04
1.316886049290584924e+04
1.483094919142394974e+04
1.484860707310513317e+04
1.603076684023530834e+04
1.243223951541587667e+04
1.554507144001961387e+04
1.575185107391795827e+04
1.621069261975727386e+04
1.602737786456932008e+04
1.239239894638744227e+04
1.607971579069792460e+04
1.533970351921363908e+04
1.580830512757200813e+04
1.524780816332718132e+04
1.619879767330894174e+04
1.593582112504095494e+04
1.595661749787298868e+04
1.537433990573294432e+04
1.560850182801664050e+04
1.600001594920749085e+04
1.374340439636194424e+04
1.619427829514540645e+04
1.526295697020066109e+04
1.542155701213455541e+04
1.587119567303206895e+04
1.355368297578001511e+04
1.463558625597273385e+04
1.475943104021845102e+04
1.471723924661658202e+04
1.507020145247574328e+04
1.538714529242453500e+04
1.440371804424030415e+04
1.454972474064394919e+04
1.579454119786929004e+04
1.564869133701712963e+04
1.349404148034462924e+04
1.565581288854572085e+04
1.564299581455006046e+04
1.577811822110530193e+04
1.608445143577954877e+04
1.581391975428381193e+04
1.305775507039982222e+04
1.621455812756062005e+04
1.534410021686054824e+04
1.577022356193855376e+04
1.608704004205880483e+04
1.606837890166512079e+04
1.569854461503919811e+04
1.525503714361367383e+04
1.572022497817235671e+04
1.599743654380251974e+04
1.616620820474430366e+04
1.601048874026681915e+04
1.600694665680473554e+04
1.496519375206540280e+04
1.532074062903826962e+04
1.615280129946045781e+04
1.480816263720120514e+04
1.542103692615586624e+04
1.613930420024059822e+04
1.389557364398044592e+04
1.592729412495739598e+04
1.389403727042613536e+04
1.592294089322858781e+04
1.556113300057916058e+04
1.556857062490899989e+04
1.621063560248306385e+04
1.588335994145482437e+04
1.619768440803617887e+04
1.575991710346398395e+04
1.591093762233910820e+04
1.548519060947686921e+04
1.542993103466145840e+04
1.438360288093544659e+04
1.464779800996556150e+04
1.534556907796167070e+04
1.470277451282957190e+04
1.616072508775968890e+04
1.619828018437614810e+04
1.565112537866722232e+04
1.527471373149320425e+04
1.533352426851796372e+04
1.460446053212324114e+04
1.505602884265891589e+04
1.619047316032421077e+04
1.579007303850413882e+04
1.545992320841081892e+04
1.503531081938158604e+04
1.573458611639350784e+04
1.557813954377294067e+04
1.479033161989330983e+04
1.600669531722452120e+04
1.614600566527213414e+04
1.546447925892912281e+04
1.529622117831586365e+04
1.480881991064850808e+04
1.588101729739112670e+04
1.611179061370451564e+04
1.562509010613063947e+04
1.502247877782218893e+04
1.396323470012406870e+04
1.487107430677649063e+04
1.569909202953058411e+04
1.601053426082545775e+04
1.528863041470950338e+04
1.621755100874474010e+04
1.590510025069330914e+04
1.593328432262808928e+04
1.608144955116539131e+04
1.596671719165194554e+04
1.598623908302827476e+04
1.620513168962562850e+04
1.531885989289295685e+04
1.582635225207018084e+04
1.243223951541587667e+04
1.529622117831586365e+04
1.614437984395650710e+04
1.521995786461200623e+04
1.621912296723315558e+04
1.605114996353387323e+04
1.216231722821551921e+04
1.567060641327156736e+04
1.625606086910152953e+04
1.138353594108421385e+04
1.605962553358710102e+04
1.357176883414754593e+04
1.534513493492988346e+04
1.469072097344829672e+04
1.526632515119737218e+04
1.480302112738194410e+04
1.563693856238228364e+04
1.592004059099935876e+04
1.594992748790133192e+04
1.624618077515860932e+04
1.563052042888098185e+04
1.497790951313410915e+04
1.528956003285467705e+04
1.581344343056810976e+04
1.587084306049165752e+04
1.468777362518346672e+04
1.528685575162247369e+04
1.366604580807625825e+04
1.518587834698233200e+04
1.583778095014822975e+04
1.575667110839597990e+04
1.607995413231683597e+04
1.582912380070234394e+04
1.259224393375479121e+04
1.595649799506325144e+04
1.580757175517583164e+04
1.608529710402294040e+04
1.610966728567407154e+04
1.614804814660003103e+04
1.618461069677351043e+04
1.594845193366826970e+04
1.434166857944087496e+04
1.586666124898392991e+04
1.481378368367959774e+04
1.587718823059112947e+04
1.564537738398303554e+04
1.625960930432740861e+04
1.597623938103593537e+04
1.618136775984336600e+04
1.609388031975732883e+04
1.531120388353674207e+04
1.612836860130911009e+04
1.602689251463478467e+04
1.520702715450923824e+04
1.506880191473338527e+04
1.607583544683120272e+04
1.470267621287687507e+04
1.609946643104794930e+04
1.408947861108349389e+04
1.607316911554498074e+04
1.572249490889291701e+04
1.460918971805651381e+04
1.581532456153567909e+04
1.587811843456845781e+04
1.435319962990564818e+04
1.616245659332917057e+04
1.473381037164997178e+04
1.536928070762392963e+04
1.614935007393854903e+04
1.562601451562781585e+04
1.551296828235667999e+04
1.611091262214869494e+04
1.567961823592813926e+04
1.607722484072506086e+04
1.458374003223608452e+04
1.462006986824594787e+04
1.464381390225476389e+04
1.594956694155152945e+04
1.539932785489973321e+04
1.540535810288218818e+04
1.504159173146616740e+04
1.505135581252884549e+04
1.622750588978115229e+04
1.577269476961330474e+04
1.547353080305363437e+04
1.439340802288246050e+04
1.588404029124345470e+04
1.581534578528557358e+04
1.594330450896815273e+04
1.522965769219494905e+04
1.613518131256495872e+04
1.565876554458608007e+04
1.399554668808295537e+04
1.587333519286818773e+04
1.578884708931335263e+04
1.606110196830650966e+04
1.329968763688655054e+04
1.586366341337670019e+04
1.584199452322478101e+04
1.619427829514540645e+04
1.588954457901005298e+04
1.308669850473159386e+04
1.620906609009930253e+04
1.613917427038143978e+04
1.580385424502178284e+04
1.312640915715893789e+04
1.492349934480845877e+04
1.279160719265904481e+04
1.601302868568593658e+04
1.573752797967919287e+04
1.497799450491117568e+04
1.301185461226669941e+04
1.547790166309752567e+04
1.422173199178242430e+04
1.594174666497492944e+04
1.547574387528531952e+04
1.625853419837702131e+04
1.564756813831077670e+04
1.313580110343277011e+04
1.620691415627011156e+04
1.584098301577053280e+04
1.608262044400908599e+04
1.548698209431292707e+04
1.505974593145110703e+04
1.548535089494850217e+04
1.623376465253445895e+04
1.545384154594285064e+04
1.554174651679191811e+04
1.462521121544534253e+04
1.455440558943383076e+04
1.621571074318477986e+04
1.441474775681447682e+04
1.599600344993695580e+04
1.606266366769474189e+04
1.620431739822470990e+04
1.610239567657819316e+04
1.605365831780010194e+04
1.445209089787648554e+04
1.571022787320975840e+04
1.623226359638137001e+04
1.605513733321248583e+04
1.595089753800624385e+04
1.540166953431838192e+04
1.362856696923535674e+04
1.573870999554589798e+04
1.592442314726557015e+04
1.540163579585842672e+04
1.491720379288977347e+04
1.566512215868148996e+04
1.537398689967943028e+04
1.590657752772701133e+04
1.542662819744391527e+04
1.596084751202857660e+04
1.622152363999056433e+04
1.474342002635868266e+04
1.556268691240356566e+04
1.390001594560865487e+04
1.434423777474640156e+04
1.546470779770300760e+04
1.449312576032376091e+04
1.575963348297521588e+04
1.611542741520520576e+04
1.282022090403614129e+04
1.569787559460627926e+04
1.571269503904420526e+04
1.567961094000998310e+04
1.561918648478456817e+04
1.535433430955664880e+04
1.527471373149320425e+04
1.591782011134728964e+04
1.528746162375298445e+04
1.449988206996046938e+04
1.502557909976167684e+04
1.564096722485565260e+04
1.526595102402501107e+04
1.492306694723705186e+04
1.574518276341461024e+04
1.459349712260070010e+04
1.622035894317020575e+04
1.343822386053092487e+04
1.578398279045056915e+04
1.524074426082812715e+04
1.613607167930429023e+04
1.572971265401110941e+04
1.580416963485981614e+04
1.612348069180483799e+04
1.537488176377160926e+04
1.329802896117753698e+04
1.611132915992462222e+04
1.546439449869927194e+04
1.621511993774121220e+04
1.599072898005214302e+04
1.575543557795550805e+04
1.619960953251908359e+04
1.569027175904790420e+04
1.621021180999226090e+04
1.301487227946636631e+04
1.391704238967720266e+04
1.438511098540226158e+04
1.502204920388917890e+04
1.614851608848668184e+04
1.624746513827219860e+04
1.596333427511025184e+04
1.551637543705009557e+04
1.550532116594499712e+04
1.582715851790325723e+04
1.619493579255900113e+04
1.351034143630411381e+04
1.569167459616428823e+04
1.447435070704118334e+04
1.518510259258384576e+04
1.620842290129617140e+04
1.602345895985221250e+04
1.613003470514523906e+04
1.311749687995874774e+04
1.356260141904592092e+04
1.596120914012389221e+04
1.497531655301393221e+04
1.622426461969664888e+04
1.475512213857280767e+04
1.569550748775268949e+04
1.487551038296432671e+04
1.595726537208025547e+04
1.530525229136787311e+04
1.620444233562489353e+04
1.566069095320199995e+04
1.624749582154522432e+04
1.495040699756944741e+04
1.619482722171717069e+04
1.573787175543937701e+04
1.546211258932544297e+04
1.617079247952328114e+04
1.311103574898105580e+04
1.552466092205053792e+04
1.551935608318747836e+04
1.596303516864539597e+04
1.511328679906054094e+04
1.488009723038701122e+04
1.608541017988838212e+04
1.546032312007574183e+04
1.590141853063875897e+04
1.586459459990855430e+04
1.612093929667102020e+04
1.544799050577382513e+04
1.478737461904000156e+04
1.528462169225557227e+04
1.614297317185544671e+04
1.402189761377216564e+04
1.610446498637290824e+04
1.381597521522036914e+04
1.343147414165529699e+04
1.451537921539730269e+04
1.552847006624814094e+04
1.595416955472556765e+04
1.592763997243725680e+04
1.526628132678783004e+04
1.558540956412920787e+04
1.616625900302830996e+04
1.335606189878298392e+04
1.211301308833781877e+04
1.593552151813106320e+04
1.625953929415840685e+04
1.620903313681905638e+04
1.545640300692537858e+04
1.522926285464592911e+04
1.604704825839111072e+04
1.555031543024677740e+04
1.512886372927679258e+04
1.613905278251005075e+04
1.600008347506060818e+04
1.575992587056474440e+04
1.496423253476768514e+04
1.550719649644334277e+04
1.536171226058963293e+04
1.558016346512989549e+04
1.520876911096527692e+04
1.616945449092479612e+04
1.592982557237418951e+04
1.558587885941187415e+04
1.601761142101515725e+04
1.466782928950007954e+04
1.505707614642565932e+04
1.567705064448240955e+04
1.517147720802525873e+04
1.366417082307384590e+04
1.596037953761432618e+04
1.616970155115936541e+04
1.609793471618395779e+04
1.610480713856067996e+04
1.615784813209507229e+04
1.577984149928525403e+04
1.595052202895575465e+04
1.524202858750304586e+04
1.576881098195641971e+04
1.487776124151995282e+04
1.513519026675909117e+04
1.601601847748660657e+04
1.558853287759950217e+04
1.618585490647259940e+04
1.577156345851356309e+04
1.619467361818366408e+04
1.368467028330621906e+04
1.501944303253611724e+04
1.375064840824775092e+04
1.603234215388648772e+04
1.557750110613827019e+04
1.474847556821917169e+04
1.546083265411894536e+04
1.581469119187737124e+04
1.522055330670101102e+04
1.133454893886193531e+04
1.558969243470968468e+04
1.624801481137162955e+04
1.599522558610667875e+04
1.592763997243725680e+04
1.569368981493573665e+04
1.433025056608092927e+04
1.572184271905435344e+04
1.560786951428918655e+04
1.612993914079182650e+04
1.527436227960929500e+04
1.567731175891262319e+04
1.423143807520950577e+04
1.603665217852258866e+04
1.576475395565180952e+04
1.605642177472410003e+04
1.366109681057165653e+04
1.417551525332097299e+04
1.624562865717896784e+04
1.515912142167393540e+04
1.490430811903758149e+04
1.565749102814094294e+04
1.610644142070249472e+04
1.332601279363926005e+04
1.559404473191297984e+04
1.624105494219231878e+04
1.621755100874474010e+04
1.556851575895330461e+04
1.487529444265541315e+04
1.471012883100798899e+04
1.602650804181857529e+04
1.509855688223471770e+04
1.557611525010276273e+04
1.619690369375520822e+04
1.569900964858493717e+04
1.602209176492414372e+04
1.622379589387244596e+04
1.449988206996046938e+04
1.489227477597176949e+04
1.402399947769252867e+04
1.536557253528177171e+04
1.505636662141693341e+04
1.503440657672432098e+04
1.603369549880951854e+04
1.322081934149741755e+04
1.588484647975221560e+04
1.529778899746857314e+04
1.465023144094473537e+04
1.550464133799848605e+04
1.527278027290912360e+04
1.578083126560395976e+04
1.442241781550461201e+04
1.477330723511693213e+04
1.598935268392003854e+04
1.529039836003796518e+04
1.523688041676702414e+04
1.527916097192284724e+04
1.546135627275875595e+04
1.531476980370185629e+04
1.517719958410460822e+04
1.487291982385883057e+04
1.610301776044443068e+04
1.580275364861493654e+04
1.511671063118935672e+04
1.617759816181170754e+04
1.566601073335102046e+04
1.625661439813819379e+04
1.576135167345132140e+04
1.528380062667760649e+04
1.544486816951967921e+04
1.157418583430285798e+04
1.474144744754781277e+04
1.598478378595699178e+04
1.607042277035416191e+04
1.508640651836373763e+04
1.575917397824683212e+04
1.545143993913469058e+04
1.466753865176392901e+04
1.395411275946245223e+04
1.541055922081817334e+04
1.494698196449414900e+04
1.621747676848395895e+04
1.560172901242421358e+04
1.623827864517259150e+04
1.624357100192891085e+04
1.525195008716212033e+04
1.473254207957254039e+04
1.522124724292832616e+04
1.617617995437969148e+04
1.536938765107561267e+04
1.464629225033038892e+04
1.617864503501051513e+04
1.373553572178342802e+04
1.621519804341366762e+04
1.603647891134415113e+04
1.619768440803617887e+04
1.621279800487047214e+04
1.592467233063265485e+04
1.430687611251906128e+04
1.507945123556421822e+04
1.605197943122553443e+04
1.598485487570598161e+04
1.577092258121578016e+04
1.501350784817298882e+04
1.614881483688257867e+04
1.598425005583453640e+04
1.562601451562781585e+04
1.498363419238846654e+04
1.613481445366743901e+04
1.517473563224916143e+04
1.619666981940599362e+04
1.623555760438928701e+04
1.441301980491812174e+04
1.581475156909005818e+04
1.497655515614617070e+04
1.515672424977797164e+04
1.598287489216389440e+04
1.544612007598433775e+04
1.607114379827043194e+04
1.467243384147698453e+04
1.511357054670448997e+04
1.623208847360862637e+04
1.610287904531230743e+04
1.540902366450903719e+04
1.614257405772784477e+04
1.584387053248570373e+04
1.355564287700859677e+04
1.195965786825391660e+04
1.499038936167266911e+04
1.547656204771404555e+04
1.362163325743049063e+04
1.585114993964411769e+04
1.520735220178485179e+04
1.313580110343277011e+04
1.474222008877313783e+04
1.622897342814981675e+04
1.508343842272859729e+04
1.531510352950394736e+04
1.588759996911748021e+04
1.602900495088344724e+04
1.517997600860418606e+04
1.441017618637838495e+04
1.504215240432319479e+04
1.556455501824749990e+04
1.614243152586492033e+04
1.590945404588773999e+04
1.438446676411774752e+04
1.574595427709406795e+04
1.398224166449535005e+04
1.535937377933578500e+04
1.619200884175420651e+04
1.608278245795326438e+04
1.621296043194090089e+04
1.574239923525584527e+04
1.500373247189091489e+04
1.548273078442590486e+04
1.342575222932132783e+04
1.533364853526980914e+04
1.535754146471366766e+04
1.598651151292329450e+04
1.625490527651533557e+04
1.480327624991988159e+04
1.544233555812966733e+04
1.623812792396554869e+04
1.374674407343357598e+04
1.584092228685729788e+04
1.584413932650728384e+04
1.607089404712801115e+04
1.494703826342704087e+04
1.496900241862267285e+04
1.552846167554931526e+04
1.615943924251616772e+04
1.350469778921381294e+04
1.620355754264445386e+04
1.147203523976651195e+04
1.419715352128459926e+04
1.611130968101561666e+04
1.592105560494758720e+04
1.588528779904085604e+04
1.585698147025651633e+04
1.366604580807625825e+04
1.609356897111028229e+04
1.563349654648903743e+04
1.603806382184379254e+04
1.548317005444688402e+04
1.531080950112293795e+04
1.602376689527232884e+04
1.469072097344829672e+04
1.549792043878395634e+04
1.564280301325980690e+04
1.500607777506727325e+04
1.617815294027795426e+04
1.624367711515638257e+04
1.476924344820084480e+04
1.609793471618395779e+04
1.552860153919612821e+04
1.426622396135878262e+04
1.488757842843627441e+04
1.585222830950092248e+04
1.592942856255813786e+04
1.609631823277541844e+04
1.563717899614745875e+04
1.566612966620546831e+04
1.579829457496335817e+04
1.600297002227719349e+04
1.456951894249605903e+04
1.522605936225616097e+04
1.414232181999154272e+04
1.601271847382023225e+04
1.603582231420235621e+04
1.429817100891621340e+04
1.498903287190081937e+04
1.600983239364511064e+04
1.614419993845083809e+04
1.524112268291741202e+04
1.524897208850424067e+04
1.585495269100920450e+04
1.444301437489322234e+04
1.585631663262183793e+04
1.486899263052858078e+04
1.601470867772807105e+04
1.455271429452097982e+04
1.618415877114239265e+04
1.620240594074685396e+04
1.528594822060070692e+04
1.583580299721661868e+04
1.456043647555026655e+04
1.611699599246868274e+04
1.481553207156535063e+04
1.422593958264154207e+04
1.504388617901134057e+04
1.577648205546872487e+04
1.465901141154338256e+04
1.620384045076336406e+04
1.617380063022113245e+04
1.477530486159703651e+04
1.559267912389178491e+04
1.435738171131042691e+04
1.559610845899464039e+04
1.620426687973927437e+04
1.450533625841617686e+04
1.461599778561122002e+04
1.568765329943382494e+04
1.578938340399139997e+04
1.574865122087581403e+04
1.494698196449414900e+04
1.580281970638922394e+04
1.538371365999898990e+04
1.313580110343277011e+04
1.531288295255944286e+04
1.601078839680954843e+04
1.582934175008522470e+04
1.619996388827100054e+04
1.299882944180959566e+04
1.513305065278066104e+04
1.324143160166381494e+04
1.393687035289054620e+04
1.610209086672171179e+04
1.504286865598276563e+04
1.552499995947134994e+04
1.604054738037616880e+04
1.313612231438524032e+04
1.552466092205053792e+04
1.565571981792712904e+04
1.587087329449394747e+04
1.587718823059112947e+04
1.514636717131380647e+04
1.619041670645165868e+04
1.615164663842788650e+04
1.621428284953166258e+04
1.536763261178595167e+04
1.442267667722101032e+04
1.522124724292832616e+04
1.531534287594741181e+04
1.604661233444226673e+04
1.484390003361047638e+04
1.561255258794071960e+04
1.489274600161468152e+04
1.534585450302894606e+04
1.564396799089692286e+04
1.542820584346026590e+04
1.534804941567347123e+04
1.610781683827442612e+04
1.589231394385392923e+04
1.583717630911625383e+04
1.586366341337670019e+04
1.550383506361990840e+04
1.519762346587916545e+04
1.563349654648903743e+04
1.508528179073346473e+04
1.581930147384540578e+04
1.605772057047046110e+04
1.566827031846225873e+04
1.481082627206162397e+04
1.603788400001529953e+04
1.566058054621420524e+04
1.610657474628356067e+04
1.584878577177448278e+04
1.492984611368283367e+04
1.502130817310693601e+04
1.458601299784107869e+04
1.602362302247435764e+04
1.580652760830463740e+04
1.601112181163644709e+04
1.614921186380628205e+04
1.484984036644493608e+04
1.617862356906013883e+04
1.612115346911236520e+04
1.576079153767394018e+04
1.610578954432900719e+04
1.482656859872872519e+04
1.367117582254381341e+04
1.605816474804975041e+04
1.579918450370925166e+04
1.622238441362827871e+04
1.522685490596376076e+04
1.516985807328068404e+04
1.531128502206301164e+04
1.623841956635937822e+04
1.600437156344396863e+04
1.314553882714266729e+04
1.532786718408006891e+04
1.613455527144311600e+04
1.369899322164844307e+04
1.513519026675909117e+04
1.466753865176392901e+04
1.510679900131706745e+04
1.554838499828727981e+04
1.483706405452309446e+04
1.609631790358098078e+04
1.606510937788552656e+04
1.554915805085175816e+04
1.464779800996556150e+04
1.379980057806213154e+04
1.500310245296002904e+04
1.436833038974323426e+04
1.533352426851796372e+04
1.531097888690364744e+04
1.599254621073659473e+04
1.609515434415241543e+04
1.492279159673161121e+04
1.558009756886471951e+04
1.575127295941097691e+04
1.496864451321285014e+04
1.602097766112054160e+04
1.571172363415174914e+04
1.319293699389146059e+04
1.403019592517667843e+04
1.375161206085073718e+04
1.582364157486060321e+04
1.620829596636770111e+04
1.540892960168524587e+04
1.565456780379637530e+04
1.522957565827566759e+04
1.435915267126220715e+04
1.621675090040423311e+04
1.507205058910057414e+04
1.569000353490518683e+04
1.613514432918496823e+04
1.612889224990073672e+04
1.483874229130224194e+04
1.616516939186539821e+04
1.587856025580861933e+04
1.444808788412179274e+04
1.548273078442590486e+04
1.614914355426558541e+04
1.527385918213160949e+04
1.575159349195735558e+04
1.623365447602341737e+04
1.562377703704877968e+04
1.625486612798601891e+04
1.576923770548579705e+04
1.519791655714672015e+04
1.613457732045634293e+04
1.541651889466097418e+04
1.621242999229303678e+04
1.596604110127218883e+04
1.271119082977497601e+04
1.595114484982171780e+04
1.525673008302508970e+04
1.497732943410224107e+04
1.606252171416407509e+04
1.482537222899542394e+04
1.558477551386563937e+04
1.591462884856987876e+04
1.509235459970861848e+04
1.584824319857979572e+04
1.602404016107886309e+04
1.308363215263957500e+04
1.496519375206540280e+04
1.560985725522627035e+04
1.509295590966915915e+04
1.608486551996304479e+04
1.590876238163175549e+04
1.613459100435423170e+04
1.498500889319933412e+04
1.549369046580917166e+04
1.596278026730719102e+04
1.605235181922051015e+04
1.531710557654312288e+04
1.564199566803179187e+04
1.519940293811214542e+04
1.556455501824749990e+04
1.391737440695418991e+04
1.621808099448877874e+04
1.619284827562727514e+04
1.613481445366743901e+04
1.523898700827031280e+04
1.489556254700366844e+04
1.527250789642930249e+04
1.580171123678738149e+04
1.505701006241570576e+04
1.470645688643569156e+04
1.399554668808295537e+04
1.616626962368320164e+04
1.453715742596571363e+04
1.563439495165244807e+04
1.610776418498197745e+04
1.526511330661632746e+04
1.615783853933881437e+04
1.623662504541555609e+04
1.589701756496057351e+04
1.398954422704643366e+04
1.400330977707025522e+04
1.516470357057340152e+04
1.601321837872717515e+04
1.301375731450537933e+04
1.577265740808112423e+04
1.524786335861759289e+04
1.512273785108919401e+04
1.607760316559113562e+04
1.588290539870489374e+04
1.548262762357859538e+04
1.355241869354727169e+04
1.525546929591672051e+04
1.367599375962267004e+04
1.578916945088431021e+04
1.620420903428100246e+04
1.600549429924768265e+04
1.420894887175438998e+04
1.534513493492988346e+04
1.583709394395980053e+04
1.362620246131358545e+04
1.620259358043135398e+04
1.598854949993894843e+04
1.599183333943503021e+04
1.601601847748660657e+04
1.527676860927691814e+04
1.608114200819105827e+04
1.609631790358098078e+04
1.575159349195735558e+04
1.492502844969642501e+04
1.471667676258821484e+04
1.568683848788016439e+04
1.619143094241543804e+04
1.622238441362827871e+04
1.602737786456932008e+04
1.500404225717891677e+04
1.255622792839204703e+04
1.590148503075005283e+04
1.512737284268794065e+04
1.585514625501036244e+04
1.588904754933568256e+04
1.464131876347983598e+04
1.579054243053098980e+04
1.602824623494010484e+04
1.531901635953409277e+04
1.583300097249220926e+04
1.624300760813939451e+04
1.585375119749263104e+04
1.508528179073346473e+04
1.516637177947729651e+04
1.565077619733855863e+04
1.530620509000291713e+04
1.598108218356911675e+04
1.571916009372083863e+04
1.572500585536744802e+04
1.526223070322412241e+04
1.573165055857924199e+04
1.555306074567579344e+04
1.550024089365142390e+04
1.360052006580672787e+04
1.479266193908920468e+04
1.559834836166080277e+04
1.620774338648678895e+04
1.608144955116539131e+04
1.602409177300785450e+04
1.520643553324294771e+04
1.513649537107219476e+04
1.515926794086854352e+04
1.562439159629975438e+04
1.523237913902004948e+04
1.532763300340328169e+04
1.603622344733207501e+04
1.481537210621959457e+04
1.439321779373029858e+04
1.526224579683898446e+04
1.542018427502785198e+04
1.379092302912757077e+04
1.533406526059723910e+04
1.428858821356450608e+04
1.379518727782200222e+04
1.211301308833781877e+04
1.491686956617673422e+04
1.496377798359660483e+04
1.354576002092945782e+04
1.313580110343277011e+04
1.531120388353674207e+04
1.612124124775797645e+04
1.375437578408749323e+04
1.618050059837844128e+04
1.623841956635937822e+04
1.554588257458274165e+04
1.617618036645938810e+04
1.580349814627449996e+04
1.531564779632553109e+04
1.609855981540924404e+04
1.625880347993553187e+04
1.616353951589414464e+04
1.590621988281858467e+04
1.605074675494501207e+04
1.516987669175729025e+04
1.557860211981859175e+04
1.612753996678442854e+04
1.403491103353651852e+04
1.566596461099381486e+04
1.614864424795165178e+04
1.455845725717990535e+04
1.612221631107674693e+04
1.595381691351932932e+04
1.399490771011732795e+04
1.588572810858613593e+04
1.603991672984533034e+04
1.458601299784107869e+04
1.507872126309245868e+04
1.574990577514179677e+04
1.610475494591531606e+04
1.366320704094788016e+04
1.537176873289622745e+04
1.576708698626134537e+04
1.536713065178825673e+04
1.589296875256853309e+04
1.525656428014358062e+04
1.448366780748708879e+04
