5.144514325434369312e+03
5.064146933814205113e+03
5.106357155745858108e+03
4.911358784284841022e+03
5.136972090584598845e+03
5.143095607539026787e+03
5.142870969917117691e+03
4.972272182715454619e+03
4.851886954353252804e+03
4.857057413923273998e+03
5.121010664617507246e+03
5.058409735549852485e+03
5.095998755064192665e+03
5.063788706516707862e+03
5.160957476451792900e+03
5.143904336941203837e+03
5.009278502936518635e+03
5.121577730529290420e+03
5.038773893793063507e+03
5.130612027489793036e+03
5.136588080804673154e+03
5.083001461066381125e+03
5.059316028243276378e+03
5.166103955901722657e+03
5.120837935344407015e+03
4.797922553078557030e+03
5.091158649089415121e+03
5.154689711640311543e+03
5.038644595477536313e+03
5.019729664064805547e+03
4.883535677899337315e+03
5.141665121800679117e+03
5.161521641682598784e+03
5.145766177461542611e+03
5.143307964232748418e+03
5.075344887876756729e+03
5.159736526788425181e+03
4.977129357513024843e+03
5.123720360559964320e+03
5.161801562996739449e+03
4.891825819889670129e+03
4.995596818438399168e+03
5.153486052130790085e+03
4.899034083678702700e+03
5.100277533178405065e+03
5.120653549181754897e+03
5.096790631647335431e+03
5.165081834655213243e+03
5.101144193420801457e+03
5.161250263164069111e+03
5.031911741494726812e+03
5.095002617317350996e+03
4.936461665729768356e+03
5.149654437871871778e+03
5.077803175208582616e+03
5.121744403827767201e+03
5.096272020134363629e+03
5.153952293901480516e+03
5.134582152543407574e+03
5.052411245796205549e+03
5.143327307722172009e+03
5.067384221572118804e+03
4.871433270579382224e+03
5.142735340036961134e+03
5.041407441295488752e+03
5.157498502736402770e+03
5.152946810745117546e+03
5.152263414979999652e+03
5.100748654309171798e+03
5.147197813126134861e+03
5.071861307063185450e+03
5.157306068122617035e+03
5.150283645898285613e+03
5.058887783623666110e+03
5.047728309495909343e+03
5.128395194192285999e+03
5.132883752576453844e+03
5.134386205815068934e+03
5.061952809461372453e+03
5.139712211051397389e+03
5.055599212829367389e+03
5.125607517688862572e+03
5.079456861535847565e+03
5.080571424625941290e+03
5.161665131728957931e+03
5.151887400595809595e+03
5.111680836398434622e+03
4.957208404602266455e+03
5.142744324204700206e+03
5.090406460395905015e+03
4.811429796494984657e+03
5.061972565671340817e+03
5.156948880743719201e+03
5.048733914655142144e+03
5.045991732630526712e+03
5.154322109186293346e+03
5.164386160518436554e+03
5.084529592195227451e+03
5.121504054866070874e+03
4.850647928308323571e+03
5.084322743970584270e+03
5.162364951275045314e+03
5.151572900018657492e+03
5.105950012253176283e+03
5.102705063057303050e+03
5.151016363602383535e+03
4.944521170507003262e+03
5.149070396604709458e+03
4.992873199335032041e+03
5.110867627677204837e+03
5.082549196136812498e+03
5.093871683726409174e+03
5.164905203032620193e+03
5.125504328755901952e+03
5.086860631748922060e+03
4.861056294162079212e+03
4.995858157145135920e+03
5.027092523274596715e+03
5.100881395233773219e+03
5.026146652661721419e+03
5.060787525321008616e+03
5.122240203860822476e+03
5.017770429453772522e+03
5.147971423358547327e+03
5.112030255504485467e+03
4.998511190847032594e+03
4.819693720227208360e+03
5.098137786589290045e+03
5.138577590807120032e+03
5.156988656291725420e+03
5.097609231433970308e+03
5.056573006604419788e+03
5.118571434071121985e+03
4.981009608416490664e+03
4.970813931298409443e+03
4.873087302745369016e+03
5.161215230340321796e+03
5.079042656148132664e+03
4.934043438892756967e+03
4.949180354570115014e+03
5.019411777596254069e+03
5.154277178290608390e+03
4.730692977443513882e+03
5.113569301723276112e+03
5.153833498624142521e+03
5.158352838361029171e+03
5.151310615896911258e+03
5.091335227019489139e+03
4.975235591820455738e+03
5.071933434063332243e+03
5.119675106927177694e+03
5.124343349977581056e+03
5.072488858608788178e+03
5.115341627875997801e+03
4.934451728258114599e+03
5.151479958543385692e+03
4.798373294740231358e+03
5.002119633276104651e+03
5.149159278311590242e+03
5.089827850841177678e+03
5.056765223629698085e+03
5.065461045410510451e+03
4.976396167718621655e+03
5.097328598370288091e+03
5.162637815370244425e+03
5.148185866191481182e+03
5.130492929547999665e+03
5.160376854837430983e+03
5.052565978535722934e+03
5.012747698341339856e+03
5.029895813656392420e+03
5.073114879366819878e+03
4.990084479420656862e+03
5.119224968227674253e+03
5.130224885821451608e+03
5.150149297131523781e+03
5.113850576041112618e+03
5.123813186952444994e+03
5.140468908555088092e+03
5.109109098871695096e+03
5.087652528933298527e+03
4.950125475608589113e+03
5.110846253652013729e+03
5.026697080627912328e+03
5.156907198397658249e+03
5.093596662920854214e+03
5.147983790337006212e+03
5.111731490495463731e+03
5.167524531238357667e+03
5.107914510858035101e+03
4.880643815101769178e+03
5.087852449926355803e+03
5.145902048088008087e+03
5.127147940018664485e+03
5.162296151655100402e+03
5.065246289617482034e+03
5.099520561277422530e+03
5.125688467130360550e+03
5.127342117115016663e+03
5.126238273881828718e+03
5.040221484661640716e+03
5.144623946288713341e+03
5.023387101829533094e+03
5.155747299669119457e+03
5.039620069149066694e+03
5.147454537135669852e+03
5.136348186158467797e+03
5.094545183730574536e+03
5.120537668976907298e+03
5.136098141528387714e+03
5.092757794489734806e+03
5.166221162082098999e+03
5.141192184198300311e+03
4.782854936677126716e+03
4.913012040935116602e+03
4.842336236659297356e+03
5.112222348343566409e+03
5.140249204934123554e+03
5.150790105958747517e+03
5.105805105637607994e+03
4.999304354966033316e+03
5.151617767500700211e+03
5.051204569212666684e+03
5.117455400481583638e+03
5.160121114012380531e+03
4.967927838041085124e+03
5.155449635133076299e+03
4.982843839705890787e+03
5.137820987198496368e+03
5.143381803482650866e+03
5.164125916175193197e+03
5.095304669923450092e+03
5.102875913632727134e+03
5.142429665917163220e+03
5.083016194077847103e+03
5.137776500430427404e+03
5.021671385193494643e+03
4.994109930056076337e+03
5.083787650284365554e+03
5.129724022463984511e+03
4.947361948428246251e+03
5.144623946288713341e+03
5.100441696256440082e+03
5.064631572125465027e+03
4.963351200260212863e+03
4.899034083678702700e+03
5.089427242718135858e+03
5.138919174711894811e+03
5.083047862321946923e+03
5.107536392633796822e+03
4.961871395898351693e+03
5.159918339559706510e+03
5.151062372138507271e+03
5.135135047142578514e+03
5.138117750300991247e+03
5.155756447709154600e+03
5.059462543951540283e+03
4.966565847423302330e+03
5.123894559925509384e+03
5.122024827883364196e+03
5.033084398573621002e+03
5.129818334986468471e+03
5.088539725693912260e+03
5.042027288285049508e+03
5.123860624095017556e+03
5.157219864178698117e+03
5.129793326889530363e+03
5.107765821456976482e+03
5.080921017131120607e+03
4.984357046066492330e+03
5.077242843531801554e+03
5.124849661409274631e+03
5.105232015699188196e+03
5.136696747939691704e+03
5.163209729819473978e+03
5.128483329476523068e+03
5.152332759997932044e+03
5.071987717764575791e+03
4.977189403794771351e+03
5.132576662412855512e+03
5.015841975111803549e+03
5.150283645898285613e+03
5.023053409465223922e+03
5.043452938957207152e+03
4.995669402899565284e+03
5.153522108542383648e+03
4.880120471819695013e+03
5.153683370056292006e+03
5.130206231940868747e+03
5.074960610830961741e+03
5.091440015849607335e+03
5.167801828687828674e+03
5.063517335863263725e+03
5.084273545051228211e+03
5.155793853312605279e+03
5.149227033836462397e+03
5.167363975872043738e+03
5.092785860640570718e+03
4.993287947746620375e+03
5.078264221714006453e+03
5.155286069519396733e+03
5.152140102514382306e+03
5.044143825586728781e+03
5.158147958022666899e+03
5.009253513669362292e+03
5.085581287258567500e+03
5.064915290454038768e+03
5.093836330300313421e+03
5.154990285970119658e+03
5.122473196579837349e+03
5.022610911462923468e+03
5.083611462400995151e+03
5.107445464618245751e+03
5.110767178476498884e+03
5.109797180573317746e+03
4.896969633210706888e+03
5.110407381713746872e+03
5.040960239375144738e+03
4.977129357513024843e+03
5.154336090630997205e+03
5.096336091884842972e+03
5.051585709303823023e+03
5.156948880743719201e+03
5.105534697606723057e+03
5.156488227572604956e+03
5.085945345883570553e+03
5.164386160518436554e+03
4.932704562114438886e+03
5.040511512683333422e+03
5.141038826776086353e+03
5.164042938509090163e+03
5.102901472901090528e+03
5.138229525806929814e+03
5.061280591971708418e+03
5.047406087983958059e+03
5.129452922984704855e+03
4.984946295368257779e+03
5.133008893625690689e+03
5.151410164398806955e+03
5.156370277480313234e+03
5.142389051620682949e+03
5.153174367904229257e+03
4.900765632440345144e+03
5.165614048909880694e+03
5.105218420137159228e+03
5.076091849837285736e+03
4.978785414009160377e+03
4.879731808002512480e+03
5.162165029074549238e+03
5.114759021942390973e+03
5.066998581105226549e+03
4.792382999379016837e+03
5.165556839934359232e+03
5.040077876203311462e+03
5.100169273998677454e+03
5.128592940912854829e+03
5.059110462092408852e+03
5.109657876103524359e+03
5.137386655246005830e+03
5.091216293198260246e+03
4.870626019174713292e+03
5.095709910358300476e+03
4.868298532515829720e+03
4.971614957730499555e+03
5.084503674975752801e+03
5.059110462092408852e+03
5.006438940365836970e+03
5.021921459076114843e+03
4.898744578741292571e+03
4.928058165066227957e+03
5.147263582720855993e+03
5.134932311843920616e+03
4.915025000446493323e+03
4.989301268364391035e+03
5.164129396702433951e+03
5.115496442380735971e+03
4.993307490296713695e+03
5.126191992824818044e+03
5.134868858572191129e+03
5.099443236138849898e+03
4.959760214410413937e+03
5.154192999199491169e+03
5.148360116957504943e+03
4.962992146017828418e+03
5.114842333267320100e+03
5.130204513754959407e+03
5.012747698341339856e+03
4.795700376171716016e+03
4.674981988323574114e+03
5.152047980981240471e+03
4.986048872095831030e+03
5.140570360262898248e+03
5.083611462400995151e+03
5.041980470153297574e+03
4.857976244272962504e+03
5.138351479358798315e+03
4.990142772697401597e+03
4.886988722179063188e+03
5.064792849612376813e+03
5.119168331525412214e+03
5.099112647728774391e+03
5.167504468520188311e+03
5.004311620723230590e+03
5.127729827846741500e+03
5.091980288969951289e+03
5.013059480591993633e+03
5.134593991647087023e+03
5.052830134772405472e+03
5.153721405919366589e+03
5.064700221602119200e+03
5.167769057151529523e+03
5.021121436120683938e+03
5.083725774052467386e+03
5.164169826313998783e+03
5.062295920492577352e+03
5.029664484474746132e+03
5.142174878258979334e+03
5.022483577388584308e+03
5.031106001372542778e+03
5.118209093502214273e+03
5.123848328806751852e+03
4.874445851085177310e+03
5.103156283582005926e+03
5.043322421431017574e+03
5.077918110660173625e+03
5.094666032335984710e+03
4.842475484050744853e+03
5.136393702370589381e+03
5.151869818011279676e+03
5.160073379335611207e+03
5.110863693699222495e+03
5.038294664391331935e+03
5.166533555329315277e+03
5.120771292798933246e+03
5.100435961538716583e+03
5.091889441448427533e+03
5.097062971993474093e+03
4.947086766991388686e+03
4.919383930580791457e+03
4.811513665943328306e+03
5.066803184569915175e+03
5.163377630009089444e+03
5.151887400595809595e+03
5.052235775627339535e+03
5.164391143477025253e+03
5.158909828266928344e+03
5.053674791862082202e+03
5.118385206430553808e+03
5.156763715847508138e+03
5.050776875932367147e+03
5.163465455480743913e+03
5.131342959141274150e+03
5.153748636249355513e+03
5.142534604347512868e+03
5.011396959975178106e+03
5.056831929666316682e+03
5.162461164972641200e+03
5.025739819503418403e+03
5.144005744780178247e+03
5.104491168283151637e+03
5.083677649007309810e+03
5.104728427986756287e+03
5.070676890811585508e+03
5.085113359447193034e+03
5.110615784747642465e+03
5.123662094546788467e+03
5.109411838291587628e+03
4.886765917879440167e+03
5.032988448768719536e+03
4.825585595567898054e+03
5.085696645002990408e+03
5.118710470339347921e+03
5.163413635191268440e+03
4.934451728258114599e+03
5.116719407166692690e+03
5.117708083575438650e+03
4.938705614138356395e+03
4.932967015194355554e+03
5.158934659543088856e+03
5.133138895509777285e+03
5.130671866429976035e+03
5.015772259019886405e+03
5.139138346956549867e+03
4.962345397293407586e+03
5.079954867915857903e+03
5.077576767024213041e+03
5.149986349198099560e+03
5.005915317242215679e+03
5.100512729561677588e+03
5.051669611337816605e+03
5.117997453621635032e+03
5.114917082067318916e+03
5.103450876387750213e+03
5.159388443905114400e+03
4.989811227250652337e+03
5.132690330227893355e+03
5.095361492072937835e+03
5.107071689051017529e+03
4.851886954353252804e+03
5.105259957978270904e+03
5.153026004045414084e+03
5.069189202070389001e+03
4.949035322258366250e+03
4.973468636884595981e+03
5.124663861630915562e+03
5.114382686726372413e+03
5.111344259926268933e+03
5.005367408190224523e+03
4.951390097277203495e+03
5.136076074125144260e+03
5.014042626275860130e+03
5.145846036038494276e+03
5.022882670031085581e+03
5.160934744198612862e+03
5.006493804287712919e+03
5.040554538834497180e+03
4.987913358826239346e+03
5.124460629925085414e+03
5.125943518061440045e+03
5.090915369133550485e+03
5.118131301143466771e+03
5.041479673303556410e+03
5.107395038505233970e+03
4.978523501453012614e+03
5.134271968462975565e+03
4.944127502023540728e+03
5.118829775194374633e+03
4.903196169710442518e+03
5.084257737413471659e+03
5.004387281979972613e+03
5.111793067197060736e+03
5.166615130990962825e+03
5.115252725065809500e+03
5.124268591495879264e+03
5.117202399299063472e+03
5.123860624095017556e+03
5.158423817597198649e+03
5.113893972241206939e+03
5.114808746700598022e+03
5.160915376361162998e+03
4.867356034649090361e+03
5.017485412727186485e+03
5.073903414586684448e+03
4.981018985015058206e+03
4.841520283395136175e+03
5.103035380512832489e+03
5.167597473760129105e+03
5.161388959803696707e+03
5.152819823138431275e+03
5.019195656861222233e+03
4.761887315013669649e+03
5.077441334028848360e+03
5.164965315866304081e+03
5.109980658064596355e+03
5.035162559946140391e+03
5.144005744780178247e+03
5.158446266668126555e+03
4.979878776984145588e+03
5.064656338253556896e+03
5.163207431505940804e+03
5.127901825808423382e+03
5.006616314809763026e+03
4.739629368501638055e+03
4.871790366022173657e+03
5.120739964794242042e+03
5.040697118978549042e+03
5.075753359926984558e+03
5.141393211738772152e+03
5.157247290799960865e+03
5.056040466939070029e+03
5.153885838769352631e+03
4.985182942466319219e+03
5.142766828435091156e+03
5.083271438861378556e+03
5.097266732140879867e+03
5.107358426014619909e+03
5.120771292798933246e+03
5.134639171850951243e+03
5.022367877669488735e+03
5.166128299060612335e+03
5.125974836296672947e+03
5.034311641056792723e+03
5.141023786571447999e+03
4.987122237478448369e+03
5.158746361213074124e+03
5.076696234066885154e+03
5.103843734437590683e+03
5.015830324060321800e+03
5.148514755778424842e+03
4.925695272500867759e+03
5.064719291504218745e+03
5.150111480354345986e+03
5.046163907060472411e+03
5.071736126123292706e+03
4.986008968817962341e+03
5.111855374256421783e+03
5.021671385193494643e+03
5.160228084524058431e+03
5.109991522553931645e+03
4.974323111952218824e+03
5.077570369283279433e+03
5.042922159246532829e+03
5.075129991550048544e+03
5.062238752504274999e+03
5.146473931003944926e+03
5.154279571331060652e+03
5.104698555275631406e+03
5.143866379024948401e+03
5.163863948543608785e+03
5.094046692456389792e+03
5.161599525555666332e+03
5.127022028563460481e+03
5.033547922379355441e+03
5.088804156829715794e+03
5.128099969125367352e+03
5.061310373702714060e+03
5.104735611733578480e+03
4.974830960416302332e+03
5.143842014670030949e+03
5.120530074979171332e+03
5.057133494619948578e+03
5.167189321802959057e+03
4.935158449005701186e+03
5.135765708048487795e+03
4.912009542773901558e+03
4.980089810093868437e+03
4.970768782263652611e+03
5.148629328472849011e+03
5.086640760300007969e+03
5.141539692322903647e+03
5.157725557770178057e+03
4.816227824428269741e+03
5.135395845291186561e+03
4.821766099836530884e+03
5.024242700901964781e+03
5.044279443325596731e+03
5.034241130971717212e+03
5.087323943897094068e+03
4.979319777321274159e+03
5.124863022308973086e+03
5.092888587574849225e+03
5.127793806931345898e+03
5.104934973652336339e+03
5.127388550208090237e+03
5.094643454151200785e+03
4.875364422587634181e+03
4.977493314027598899e+03
5.118200768675227664e+03
5.116906500861231507e+03
5.128093101356620537e+03
4.951177109483729510e+03
5.157647322650478600e+03
4.928019588438348364e+03
5.071585716805076117e+03
5.021791617731902988e+03
4.984861247249713415e+03
5.159915131007273885e+03
5.154817593537145513e+03
5.083277160784024090e+03
5.158840199631159521e+03
5.165214835359946846e+03
5.167228100479197565e+03
5.088109106811307356e+03
5.034247932394580857e+03
5.082128052359812500e+03
5.026871681765383983e+03
5.073185452516270743e+03
5.136095401710074839e+03
5.090195580019376393e+03
5.132477313369245167e+03
5.043158081400428273e+03
5.110788695124307196e+03
5.029059419544061711e+03
5.062539444519516110e+03
5.095513124820294252e+03
4.971250294114787721e+03
5.043157300500813108e+03
5.037725726571328778e+03
5.130626074906525901e+03
4.788800139258573836e+03
5.041484704604905346e+03
5.159104900413432915e+03
5.043063325644872748e+03
5.143281820081451770e+03
5.000928187286241155e+03
5.114160666775816026e+03
5.081612578057325663e+03
5.158524110195681715e+03
5.076155187820695573e+03
5.156371341621837928e+03
5.156286448402152928e+03
5.068672466267529671e+03
5.003948432225604847e+03
5.050926137242198820e+03
5.115685560730881662e+03
5.164450299962518329e+03
5.125374368542963566e+03
5.091601303796771390e+03
5.121743649534515498e+03
5.139530045317143959e+03
4.972346871025079963e+03
4.867990262735907891e+03
5.167228100479197565e+03
5.091695121634634233e+03
5.027404633463611390e+03
5.089427242718135858e+03
5.132131504887664050e+03
4.961993879123083389e+03
4.745760675564307348e+03
4.868417691548273069e+03
5.038712548158170648e+03
5.125032510082857698e+03
5.132931926936467789e+03
5.124591889371178695e+03
4.899713987640159758e+03
5.131966638421246898e+03
5.142993245743582520e+03
5.065714873614834687e+03
5.062407766399522188e+03
5.095142265804221097e+03
5.042454652404163426e+03
5.167868963097851520e+03
4.849977214545951938e+03
5.158436969381167728e+03
5.121519629211479696e+03
4.551156602293709511e+03
5.032285506163661921e+03
5.158403116383677116e+03
5.118403932848676050e+03
5.151472833782618181e+03
5.022111531958062187e+03
5.056971288913244280e+03
5.051602192933833066e+03
5.093261610655336881e+03
4.955206544152808419e+03
5.151929001806840461e+03
4.925400755109943930e+03
5.142075073725753100e+03
5.048446937201724722e+03
4.788188204684196535e+03
5.137294528876220284e+03
5.149236803541030895e+03
5.155077362790081679e+03
5.129830241277393725e+03
5.070271929076099696e+03
5.135321767651878872e+03
5.080284216366617329e+03
5.010567648011693564e+03
5.138919174711894811e+03
5.008156075647370926e+03
4.834833763699696647e+03
5.093992447464266661e+03
5.141643383866128715e+03
5.105382555054929071e+03
5.052538943308751186e+03
5.091980288969951289e+03
5.037915954969810628e+03
5.153862910234618539e+03
4.963943936337625928e+03
5.118760187161830800e+03
4.886197646685473046e+03
4.979107865763415248e+03
5.149424991192567177e+03
5.040686255888665983e+03
4.690232944538111951e+03
5.064649496850500327e+03
5.027484378362387361e+03
4.910520770686851392e+03
5.116124115488357347e+03
5.141320342221947612e+03
5.006398293642961107e+03
5.114861039388416430e+03
4.995902018376918022e+03
4.955245963374183702e+03
5.101383934378953199e+03
4.821766099836530884e+03
5.122345795165303571e+03
4.979904090688161887e+03
5.126734169407497575e+03
5.138175481055512137e+03
5.154571936720180929e+03
5.034311641056792723e+03
5.105090743421463230e+03
5.119757313341106055e+03
5.143730261166681885e+03
5.123186007853981209e+03
4.970836864335407881e+03
5.096699570216233951e+03
5.114808746700598022e+03
5.103695396102866653e+03
4.946682622117468782e+03
5.052919308551473478e+03
5.161836776880239995e+03
5.117667869511598838e+03
5.093025727076067596e+03
5.076696234066885154e+03
5.153149034667916567e+03
5.122305447541280955e+03
5.098053976624991265e+03
5.138049924911412745e+03
5.163657106328670125e+03
5.157003494892031085e+03
5.011773978292116226e+03
5.053444531077662759e+03
5.112102186570982667e+03
5.086485411158460010e+03
4.938944448469219424e+03
5.000014851446590001e+03
4.996721125852733167e+03
5.061012508882613474e+03
5.143883616264981356e+03
5.113296283754327305e+03
5.050108919568458077e+03
5.145338130632388129e+03
5.012459809861753456e+03
5.064771212133543486e+03
5.147497874435656740e+03
5.073873648383541877e+03
5.148359584499400626e+03
5.140546996891672279e+03
5.068412447439181960e+03
5.098421779888500168e+03
4.812915741314014667e+03
5.144648751526651722e+03
5.151814092050556610e+03
5.132254815029466045e+03
5.063908946926168937e+03
5.166173024773755969e+03
4.975354672298274636e+03
5.009820708986911995e+03
5.124226667794895548e+03
4.981590239875988118e+03
4.944325135553513974e+03
5.120956181092738007e+03
5.084257480012412088e+03
5.037216624832882189e+03
5.151068476647371426e+03
4.961490766538765456e+03
5.166128299060612335e+03
5.161439669014293031e+03
5.143057173975051228e+03
5.101748629235320550e+03
5.113400840884054560e+03
4.925466996573337383e+03
5.013823150662942680e+03
5.058921018368515433e+03
5.141198988251207084e+03
5.035655117375667032e+03
5.159746977129546394e+03
5.103328999628118254e+03
5.120717130181576977e+03
5.151885785016980662e+03
4.812417628388508092e+03
4.946186555170472275e+03
5.116619304115029081e+03
5.090476576240474969e+03
5.073215152160573780e+03
5.031770086183704734e+03
5.082128052359812500e+03
5.164156375554767692e+03
5.105898431761614120e+03
5.064549837151270367e+03
4.887649735827296354e+03
5.122996841527274228e+03
4.940414863745938419e+03
5.121675766828750966e+03
5.091080373470500490e+03
5.085534465314398403e+03
5.099542523912541583e+03
5.092415568253704805e+03
4.826667466451724977e+03
4.978194187636124298e+03
5.136347015460642069e+03
5.152196312355056762e+03
5.048147852289715956e+03
4.921587705431116774e+03
5.155358104248187374e+03
5.058160392455957663e+03
5.159694079869806046e+03
5.073558172822353299e+03
4.883121792897467458e+03
4.937256528385536512e+03
5.136951114569093079e+03
5.030086183258867095e+03
5.149013284015314639e+03
5.157479659297664512e+03
5.109625696775075994e+03
4.997568322450051710e+03
4.943297016004380566e+03
5.092972656040252332e+03
5.100912208132592241e+03
5.072020682626025518e+03
5.124238365487870396e+03
5.093433689097490969e+03
5.137607516743722954e+03
5.118658858723279991e+03
4.978551734601380304e+03
4.833854228533700734e+03
5.073941470119293626e+03
4.940458695712851295e+03
5.105120702981337672e+03
5.161508884043913895e+03
5.166877902111365074e+03
4.879138705896177271e+03
4.954231223261853302e+03
5.143722292577445842e+03
5.148615891069954159e+03
5.135732400357922415e+03
5.166563541396498294e+03
5.141569937353489877e+03
5.111316481942466453e+03
4.938627645658827532e+03
5.110596046927152202e+03
5.158483328934719793e+03
5.149168187859071622e+03
5.044208089976174961e+03
5.154336090630997205e+03
4.960907904685115682e+03
5.067747627139678116e+03
5.136377115805935318e+03
5.153523761749744153e+03
5.070995243097833736e+03
5.141094563766380816e+03
5.141151728066958640e+03
4.866935982694474660e+03
5.132249703854915424e+03
4.998659474787559702e+03
5.124275848995526758e+03
5.134651026441439171e+03
5.099961960013264616e+03
4.942006872892997308e+03
5.154758208924713472e+03
5.029214902524304307e+03
5.133854402399738319e+03
5.136951114569093079e+03
5.145605887314345637e+03
4.866935982694474660e+03
5.149227033836462397e+03
5.128059012511756919e+03
5.019722984050017658e+03
5.140744990186549330e+03
5.136900172817524435e+03
5.141524874872214241e+03
5.106806508868095989e+03
5.161538721472810721e+03
4.969134990099353672e+03
5.096886766553334382e+03
5.102869669491222339e+03
4.902561918066277940e+03
5.128801539189176765e+03
5.034445496045063919e+03
5.115601666965298136e+03
5.114206097137390316e+03
5.008199885315239953e+03
5.158352838361029171e+03
5.094823815721502797e+03
5.069851132704132397e+03
5.128397330950919240e+03
4.966432870150789313e+03
5.163130578056707236e+03
5.161767999818026510e+03
4.896482506588522483e+03
5.142484869946694744e+03
4.954204453680498773e+03
5.164700860119755816e+03
5.065260923653348073e+03
5.127585465351527091e+03
5.147716155581814746e+03
5.165898504185672209e+03
4.966826393571374865e+03
5.110867881675782883e+03
4.857976244272962504e+03
4.862098722856637323e+03
5.132249703854915424e+03
5.119288631673012787e+03
5.107767609000709854e+03
5.120637140408805863e+03
5.116193738927537197e+03
5.149422039827595654e+03
5.145881908409735843e+03
4.931029843079857528e+03
4.984525821912787251e+03
5.144573664548704983e+03
5.165297422618059500e+03
5.154782303916914316e+03
5.052339336924312192e+03
5.068216936015554893e+03
5.043572987721842765e+03
5.040621740460175715e+03
5.084047968458524338e+03
5.158199184347275150e+03
4.952045965974459250e+03
5.062295920492577352e+03
5.154689196167671071e+03
5.100622895218617487e+03
5.153026004045414084e+03
5.150760862477112823e+03
5.151210307634260971e+03
5.125636817555698144e+03
5.133717072034982266e+03
