2.662207611806791101e+04
2.775732611819502927e+04
3.524188467684373609e+04
3.929418022122827097e+04
3.507811843337451864e+04
4.287879496593336080e+04
4.296916281438872102e+04
2.545394852308462214e+04
3.950380675468689878e+04
3.486120145303333993e+04
1.802775460833213583e+04
1.546205347394076671e+04
4.030759130038005242e+04
1.884521591608777089e+04
3.188787505951398998e+04
2.924389857643118376e+04
2.176801185534080287e+04
3.619069698134029022e+04
2.458897722523987977e+04
3.007427991775591363e+04
3.686094925905492710e+04
4.023566441661342105e+04
3.288209691525028757e+04
3.402503481298132101e+04
4.385248857594697620e+04
1.993331337492322200e+04
3.858119878668725141e+04
3.527920674702137330e+04
3.661075255123821262e+04
2.482307780765937059e+04
2.014327571233390336e+04
2.581995039897752577e+04
2.519112699427720509e+04
3.985118718546069431e+04
3.943594244946150866e+04
2.778299851036304608e+04
3.252491379776175381e+04
3.663680920487938420e+04
2.642453684182017241e+04
2.761864712835944374e+04
2.319143081151463412e+04
3.496261192774641677e+04
3.746418559966143221e+04
1.980018118806110942e+04
2.737985185411039856e+04
4.166932633198722033e+04
2.436037367553438889e+04
3.994671767853904021e+04
3.117259840396448999e+04
2.693300456934988324e+04
3.767772209395274695e+04
3.937866965193404030e+04
1.744332371264470567e+04
3.539072308299197175e+04
2.664263619004258726e+04
3.145329770875648319e+04
1.982310859713214450e+04
2.874505702713344363e+04
2.793049263384683582e+04
2.361936140675165007e+04
1.530832384853155963e+04
3.913569825412851060e+04
3.105031262387867173e+04
3.532209563407737005e+04
4.134726438392067939e+04
3.414951466095999058e+04
3.009282484507903064e+04
2.965956919862765062e+04
3.050872120325970900e+04
3.142753966250137455e+04
2.206683821129334319e+04
2.795361608750560117e+04
2.529182763552415054e+04
3.252491379776175381e+04
3.007139873081442784e+04
3.845064088886619720e+04
4.100200464560230466e+04
2.619341478495032788e+04
2.096978603853969980e+04
2.858733156725455774e+04
3.006370009499274602e+04
3.277525230573316367e+04
3.787372104966974439e+04
3.182265184785678503e+04
3.317586751368290425e+04
2.697337786452863656e+04
4.027596740956549183e+04
3.460694265245150746e+04
2.732794609510663577e+04
1.589055076882577305e+04
4.165492081616384530e+04
3.098008102595496530e+04
4.296407039386501128e+04
4.241701952435774729e+04
4.315546802660941466e+04
2.669947814797111278e+04
3.381223554122140922e+04
2.643263964662997023e+04
2.835256451246343931e+04
4.191000386445532786e+04
3.538273965508000401e+04
4.270802245210998808e+04
4.116785974855590030e+04
2.915185636950150365e+04
3.339670121211811784e+04
2.349405774333764930e+04
2.382417221620547207e+04
2.688758157788559038e+04
4.073725658966541232e+04
3.905470563424786087e+04
3.846106320534627594e+04
3.331393616818457667e+04
4.311802925391453027e+04
1.986117620623683251e+04
4.172984841068116657e+04
2.752815436871954444e+04
3.098978537020287331e+04
4.078099922829774005e+04
2.436401521569879696e+04
2.268549985269546596e+04
1.673012864948650895e+04
4.446935654703687760e+04
3.706051083285259665e+04
3.632991425240513490e+04
3.781934098554384400e+04
4.036475295449821715e+04
1.964133362687283079e+04
3.118713113260857790e+04
3.322158823261833459e+04
3.213114501763208682e+04
4.365302582469600020e+04
3.889319837149594969e+04
3.242851103947785305e+04
3.586047205997694982e+04
2.828792990461056979e+04
3.806658824954987358e+04
3.377554240309562010e+04
3.616023276890717534e+04
2.794404965524552972e+04
2.982024728296487228e+04
2.002358208759907939e+04
4.416073718631465454e+04
2.340579478250930697e+04
2.391050155349596025e+04
3.029374360210080340e+04
3.285970675614921493e+04
1.994913005405580770e+04
3.474764142394283408e+04
4.328768986728049640e+04
2.958587197904764616e+04
2.710066888680955526e+04
3.108754967229140675e+04
4.189534522674330219e+04
3.854996741399854363e+04
3.361467297506428440e+04
4.392290160572744207e+04
2.455814108955931806e+04
3.300659120988046197e+04
3.157923691151992534e+04
3.742360721803487104e+04
3.362213343127635017e+04
3.810504896161532088e+04
3.597077974281310162e+04
1.689102587607817622e+04
2.274823749641566974e+04
1.853923675988984905e+04
3.776316298149275099e+04
2.412225500570112126e+04
2.161197515651177309e+04
3.573114275419540354e+04
2.853403066635461437e+04
2.049754110071297328e+04
2.034102478852463901e+04
3.326344079996972141e+04
2.011478627362677798e+04
3.679019118635927589e+04
3.170207048314946587e+04
3.639848579431322287e+04
2.730603998891409356e+04
2.552432050507282111e+04
3.528314529256116657e+04
4.319521996510926692e+04
2.889286991151455732e+04
2.830920908789213354e+04
3.859916938312472485e+04
4.049671090771612944e+04
2.322398360610883537e+04
2.632941392027177790e+04
3.344218477605556109e+04
2.542469388815447746e+04
3.170914403529584888e+04
4.057562269180510339e+04
4.276469394395621930e+04
4.483043150872887054e+04
4.429051516689254640e+04
3.236579981629134636e+04
1.795638233187681180e+04
2.654204154649098564e+04
3.088524435216390702e+04
3.516728310137214430e+04
2.527700674888486537e+04
1.881337279191389462e+04
3.594576539399831381e+04
3.544939980090290192e+04
3.107111497987593611e+04
2.910561005893181209e+04
1.615934450075616405e+04
4.363299868514194532e+04
3.702207516309920175e+04
1.978152554678174056e+04
4.180977446879353374e+04
2.876156876087985802e+04
3.070219115724497897e+04
3.714657016679596563e+04
4.313871583185326017e+04
2.002180710891904528e+04
2.097934552048195474e+04
3.851066671326041978e+04
1.853923675988984905e+04
2.247109725542297383e+04
2.881476927411259385e+04
4.147566258981381543e+04
3.883440086276136572e+04
1.816460121991048800e+04
3.057787360222326242e+04
4.313591436950994830e+04
3.812043893076948007e+04
4.142861664486347581e+04
1.958800266266904873e+04
2.100456177486910019e+04
1.635629576883448135e+04
4.031852297365039703e+04
3.988772412025692756e+04
4.282723900145633525e+04
3.425888933653825370e+04
1.834179044865342439e+04
3.223967300819726006e+04
3.635709010374417994e+04
1.878888276464627052e+04
1.925992167312379024e+04
1.634696458861098654e+04
2.422297076188980282e+04
4.198938116369430645e+04
3.730596596100563329e+04
4.109843936412733456e+04
3.131984031492038048e+04
2.191526991601596092e+04
2.352465513220361754e+04
4.344447746082009689e+04
3.851286079599783261e+04
2.985316641934954168e+04
3.883330082591940300e+04
3.155639809421990867e+04
1.925106306850524925e+04
3.061698604308506401e+04
2.555106300387497322e+04
3.484360386378298426e+04
2.392939680885111738e+04
2.063034236995594256e+04
3.780552595161658246e+04
3.791964472122424195e+04
2.512023705448774126e+04
3.618196425143603119e+04
3.187445598822093598e+04
3.870835311329495016e+04
3.283314106675013318e+04
2.534523403516690450e+04
3.156357146502718388e+04
2.377632567238306365e+04
2.161814386588762136e+04
4.055141866753104114e+04
1.751953691303378582e+04
2.572699907429402447e+04
3.501320494887010136e+04
3.170207048314946587e+04
3.871194851714446122e+04
4.289497830234764842e+04
2.056777257126454424e+04
4.003023986885049817e+04
1.794748122712917757e+04
2.087274345020327019e+04
2.977096452386517922e+04
1.910302949728995009e+04
4.019862949434757320e+04
3.503668529458936973e+04
3.150159834636933738e+04
3.965102392856837832e+04
2.300129253046816302e+04
2.809256320341689570e+04
4.473438819300760952e+04
3.381729869458654139e+04
3.052126172255216079e+04
3.030253614098318940e+04
3.630699974999470578e+04
2.329449396409959081e+04
4.215622513471951243e+04
4.105530605755301076e+04
3.959047174710698891e+04
1.842327062974550790e+04
3.007452011059690267e+04
1.749767260632407852e+04
2.053877573051729996e+04
3.187111998875056452e+04
2.793429909814998973e+04
2.762427547015604796e+04
4.442648147101112409e+04
1.751489630514991586e+04
1.935333222305343588e+04
3.155278379529335507e+04
3.973947052440682455e+04
3.144622307821851427e+04
2.793385008066458977e+04
3.612538821222612751e+04
2.889442384251492695e+04
3.661067443727734644e+04
4.430606109771809133e+04
2.119037029520978103e+04
1.795638233187681180e+04
1.861732388040158912e+04
3.171181254758339492e+04
3.209533216062796055e+04
2.778353634509929543e+04
3.466465039738090854e+04
2.053777153745715623e+04
3.828965057320534106e+04
4.424441143838466087e+04
3.476235168686410179e+04
4.012531274855748052e+04
2.739443712258236337e+04
3.071378982940072456e+04
4.114493972759807366e+04
1.836683488740151734e+04
4.481433913335009129e+04
3.950728334150856244e+04
2.080275912458929815e+04
4.394445907645193802e+04
3.248671671474236064e+04
3.724562504304397589e+04
3.844665567517482123e+04
3.782701978600824077e+04
2.096923910213004274e+04
3.485316697283668327e+04
2.726849158885081124e+04
2.729186977073254457e+04
3.586666190551249747e+04
1.830245801763923009e+04
3.598475995799206430e+04
3.789613411874407029e+04
3.425236173740422964e+04
2.946016696502244304e+04
4.007301237757870695e+04
2.329149972249535494e+04
2.793865864873437749e+04
2.268549985269546596e+04
3.123163316088775537e+04
2.651004260261166201e+04
3.946893700430438912e+04
3.279261916127147560e+04
3.594463247704937385e+04
2.285843503371351835e+04
4.405865039638657618e+04
2.939027402228269784e+04
2.494265895510800692e+04
3.168724808607514933e+04
3.691712604708030995e+04
2.373004564946929167e+04
1.975273378176340339e+04
4.463495381132376497e+04
1.996672089608686656e+04
4.066056346126158314e+04
4.077933974101443164e+04
2.030762714253538797e+04
3.749921041148449876e+04
2.893442709074711820e+04
4.153547519240790280e+04
2.266984133219588330e+04
2.542514459339627501e+04
3.232457717159939057e+04
2.074373254519295369e+04
2.198810715200129562e+04
4.416994202245824272e+04
2.943326599942390749e+04
3.657280134797635401e+04
2.977467734815570293e+04
2.771384568976547234e+04
2.813735451366590132e+04
2.847091033497450189e+04
2.373021604818003107e+04
2.741791498774677893e+04
1.997884652064886177e+04
2.105770885055857434e+04
3.912843449311689619e+04
1.805797725525822898e+04
3.275833380354834662e+04
3.647591514698510582e+04
2.930958823964681142e+04
1.864871030822805187e+04
2.048832238276720454e+04
4.471151630497597216e+04
3.933309310775929771e+04
3.629572884972249449e+04
3.682439385104033136e+04
2.062021425219487355e+04
4.109230501529877074e+04
4.068198318153207219e+04
2.168002613243899395e+04
2.086632022447770942e+04
2.039190433723397655e+04
3.538130639447604335e+04
2.324881021991018497e+04
2.744134772252181210e+04
2.746434511607418244e+04
3.061160972074625897e+04
3.257484625637226782e+04
1.806339468042695808e+04
2.684199521218168593e+04
3.591274494966077327e+04
2.883336403112610424e+04
3.756540947062904888e+04
3.693278266646985139e+04
3.864542076565384923e+04
2.721735632018468095e+04
3.317408409130998916e+04
2.967946875374685624e+04
1.795638233187681180e+04
3.034858301482033494e+04
2.067557602331680391e+04
4.056157884336097777e+04
2.102321250390528076e+04
2.534424851119839514e+04
2.757273928239259840e+04
2.881476927411259385e+04
3.064595953987976463e+04
2.195785147069898085e+04
2.889342584090923629e+04
2.528268969434393512e+04
2.161696151323655431e+04
2.499529754922114807e+04
3.670466316016738710e+04
3.315861643560300581e+04
3.215642505598960270e+04
3.810504896161532088e+04
2.285844653253285651e+04
3.784208958761565009e+04
3.966591064504037786e+04
2.864388423672180215e+04
2.773451121291040181e+04
3.794896934197223163e+04
3.384280397316366725e+04
3.075332853431246622e+04
3.253209628399150824e+04
3.110140616137049074e+04
4.349760760991911957e+04
1.961920837389866938e+04
2.631165955484826191e+04
1.745647605284956808e+04
3.333404848274041433e+04
3.155839700297492527e+04
1.996050854880342740e+04
3.405872349190129171e+04
2.002358208759907939e+04
3.532725416263543593e+04
3.544940324018873798e+04
3.826533092495580786e+04
2.504628968455219729e+04
3.065490876116875734e+04
2.470797587450328865e+04
3.988780799894158554e+04
3.115048287715423430e+04
3.118578033634606618e+04
2.168131577701785864e+04
2.475926319151385906e+04
4.279413072495676897e+04
1.709289934583997820e+04
2.148528633935191465e+04
3.932200151534811448e+04
3.270448578390772309e+04
3.838232532390610140e+04
2.455741703443143706e+04
1.611140624341324292e+04
3.396260447330653551e+04
2.319728591745666927e+04
3.581847670142316929e+04
3.598475995799206430e+04
4.237611167842250143e+04
3.408064203296480991e+04
4.206339178135109250e+04
4.023425429704405542e+04
3.010095870595866290e+04
2.436265607910586914e+04
3.945447522827213834e+04
3.769940256865350239e+04
4.013393758606725169e+04
3.350158719787973678e+04
3.940658850876937504e+04
4.207293153069702385e+04
1.604399468724124381e+04
1.796708644733616165e+04
2.676907750920581748e+04
2.345756910259985307e+04
2.073577099356801773e+04
2.712687877222165116e+04
3.538754786223621340e+04
2.518271173037427798e+04
2.713252013209486176e+04
2.425721816663419668e+04
2.664263619004258726e+04
4.105530605755301076e+04
3.103930862838301982e+04
3.385965129359160346e+04
2.124750085932543152e+04
4.297421948684434756e+04
1.798735153527053626e+04
3.353976037380444905e+04
3.206604504659703889e+04
2.833622823350703766e+04
3.525968369228689699e+04
1.774010241959662017e+04
3.150151004947766342e+04
2.358821004740860371e+04
3.792958241298192297e+04
3.317408409130998916e+04
1.937410469902816840e+04
2.563059348225933354e+04
3.758323502212959283e+04
4.153259227346605621e+04
3.158639380075439112e+04
3.762106135170008929e+04
3.267495912795039476e+04
1.911241130996730135e+04
4.289908845380991261e+04
2.469434904516496317e+04
4.051110837564134999e+04
2.522137645601626355e+04
1.880717551879050734e+04
3.092525752794524306e+04
2.712970438165078667e+04
2.110638289333799548e+04
2.880638983015643680e+04
1.648094211944070048e+04
2.654228343151991430e+04
3.398486046642797737e+04
3.283314106675013318e+04
3.350214225189736317e+04
3.311078141337165289e+04
2.620061856075106334e+04
2.915874616992632582e+04
2.404738644536706852e+04
3.564497736828977213e+04
3.429041902293845487e+04
2.650024624179856983e+04
3.521323973268984264e+04
3.068045926091888396e+04
2.474477134806779577e+04
1.817317112992498005e+04
2.812740266429295298e+04
4.074889053072966635e+04
3.044903019469686478e+04
4.245880543503012450e+04
3.574333810916446964e+04
3.407146310683734919e+04
2.641269640597519174e+04
3.699758771115237323e+04
3.358982372273072542e+04
3.687826067529963620e+04
3.356683247554088302e+04
3.758151507493222016e+04
2.827600391668980592e+04
3.057759130868496140e+04
2.483937119975690439e+04
4.358429079221796565e+04
4.481090905470236612e+04
2.174490901813656092e+04
3.261504884217783183e+04
2.131185043457250140e+04
1.733761618854340486e+04
3.564856909112913854e+04
2.475738966454304318e+04
3.651854901150446676e+04
3.624324191136335139e+04
1.779967394705374682e+04
4.279413072495676897e+04
3.511399837640932674e+04
1.654392870794173359e+04
2.168322683348723149e+04
3.234255007159296656e+04
3.938094597370513657e+04
4.175666175420196669e+04
2.584442332705856461e+04
2.798115032104404236e+04
2.073577099356801773e+04
2.986576389848961844e+04
3.297062636993618798e+04
4.256229445390906767e+04
2.637699121359521087e+04
3.013857996298317448e+04
2.313773575825651642e+04
4.288670649856015370e+04
2.862388728108428768e+04
2.929137437729364319e+04
3.192567060620590928e+04
1.854257874591420114e+04
1.903931870887274272e+04
3.635615230093938590e+04
3.239498989991297276e+04
3.625525748938313336e+04
3.606523411988399312e+04
2.448787051858727500e+04
3.448239267488345649e+04
3.448275251050006773e+04
2.975652764433709308e+04
4.097885715449427516e+04
1.652801518981783738e+04
3.002655157498771223e+04
3.400485972446280357e+04
2.300332609153444719e+04
3.003893848182914735e+04
3.442664687307483109e+04
3.404314315825668018e+04
2.223662166042426179e+04
3.309067731688953063e+04
1.722363564011799463e+04
2.311648646509188984e+04
3.002655157498771223e+04
2.254541478579876275e+04
2.443194754615353668e+04
1.808254116921073000e+04
2.072814198603071418e+04
3.612507003419734247e+04
2.503851264575097230e+04
3.986088242177575012e+04
3.358997403294082324e+04
3.658410587544058217e+04
3.707470681041228818e+04
3.979300600172996201e+04
2.162385646553455808e+04
3.649143450304764701e+04
3.420575211855669477e+04
3.023236910108163283e+04
2.240320478509583336e+04
2.789464894236339387e+04
4.185360952793583419e+04
3.913569825412851060e+04
3.922239068576285354e+04
2.317755617454804451e+04
1.619738945179924485e+04
3.493676292615708371e+04
3.466488236168021103e+04
1.904275907050007663e+04
3.294609971725600190e+04
2.742319369404908502e+04
3.940358570941779908e+04
4.057542144094289688e+04
3.365348032773372688e+04
3.420434500277125335e+04
3.797595926066162065e+04
4.336409025959379505e+04
1.713086889490464455e+04
3.214353349263744167e+04
4.258331573244323954e+04
4.405865039638657618e+04
1.778669704138395173e+04
3.259834856540676628e+04
4.182098819612908119e+04
4.156756922880719503e+04
2.947150479009262563e+04
3.398368400269967970e+04
1.436151109759273459e+04
2.801940854391801622e+04
4.296491539945236582e+04
2.912551405329568661e+04
3.109606285521242535e+04
2.505851802309687992e+04
3.655680416455186059e+04
2.487949327133507904e+04
3.183921967390241116e+04
2.541190537143778784e+04
3.041924880302244856e+04
2.253494779362794361e+04
1.847367014407800889e+04
2.253192565426118381e+04
1.785892220295385050e+04
3.284208927169257367e+04
2.388604355301683972e+04
1.698604544727014581e+04
2.314782638273675911e+04
1.524607373408678359e+04
3.280944510859876755e+04
2.818454613973035521e+04
4.082113924135957495e+04
2.340579478250930697e+04
2.814507382577285898e+04
4.368611815313973057e+04
3.284837001880831667e+04
2.097066907793891005e+04
3.430367999360334943e+04
3.466613184709134657e+04
2.775923076423212478e+04
3.626972553608653106e+04
2.510860122464888627e+04
1.893798759198756306e+04
3.614742152913031168e+04
2.829086745554516529e+04
3.391419538961240323e+04
4.040215354854071484e+04
2.389732724168017739e+04
2.976454181860001336e+04
2.672887156606802819e+04
3.003393004977665987e+04
2.441586263799896915e+04
3.263466374302295662e+04
4.338618960980800330e+04
3.302496540849771554e+04
3.511747719661337760e+04
3.543112190166106302e+04
2.140894009558477046e+04
3.212885459831692788e+04
3.145871193701939774e+04
2.947933570604997658e+04
1.893280719956633402e+04
3.760656995957854087e+04
2.899479181798070931e+04
3.927041616387991235e+04
1.638066323936494155e+04
2.050797447571224620e+04
2.812528351321377704e+04
3.647591514698510582e+04
1.855221653009272995e+04
3.526828023287066026e+04
3.893254438602941809e+04
4.019021615540315543e+04
2.828380825419338362e+04
2.978143160862781951e+04
2.978471942411326745e+04
2.494856925967003917e+04
3.049240632216465019e+04
2.429561466564340299e+04
3.815198614803707460e+04
2.369793740319864446e+04
4.196630084938256186e+04
4.080484997126576491e+04
2.583529697385684267e+04
3.523839495309768245e+04
2.699378413697068390e+04
1.825740782100151409e+04
3.996954298696640763e+04
4.156207318050562753e+04
3.595542833259433246e+04
1.688745236761106571e+04
3.756393736985158466e+04
1.886151236241525476e+04
1.990626972622861649e+04
3.706051083285259665e+04
3.963881328118923557e+04
4.314172546774944931e+04
3.520721619343711063e+04
2.803563889401846973e+04
4.291411279008588463e+04
3.360584960778423556e+04
2.292805298754208343e+04
1.673012864948650895e+04
2.502228519198337744e+04
3.876351255814314936e+04
2.710245875119615084e+04
3.041890882207275718e+04
4.316675355553322879e+04
2.398065003898416762e+04
3.400809453025377297e+04
4.159251241462094185e+04
3.365642985200138355e+04
3.940358570941779908e+04
4.047412848042327823e+04
4.187717112776598515e+04
3.892311408579740964e+04
3.928798044571347418e+04
2.906567928793947067e+04
3.639534729876820347e+04
3.251176701573500031e+04
3.917042394602889544e+04
4.159251241462094185e+04
2.881560639025031196e+04
1.789542062084208010e+04
2.259644356206746670e+04
3.490166585121578828e+04
4.359011120842353557e+04
4.326578042099549202e+04
1.612061687459485438e+04
3.778248629719472228e+04
3.259048430141177232e+04
2.853153068225369498e+04
2.481985881713577328e+04
3.541786031223442842e+04
1.700476912503485437e+04
3.376784477789544326e+04
4.035090988162608119e+04
2.777849440394153498e+04
2.468515953575008461e+04
3.671901916761387110e+04
3.833699021708044165e+04
2.779068273148384105e+04
3.846448973526961345e+04
4.446935654703687760e+04
4.138572196161047032e+04
3.746287594983017334e+04
3.236963613004624494e+04
3.738546730655799911e+04
4.179855433605259168e+04
3.022080652611746336e+04
3.073208617354345552e+04
3.365557460670062574e+04
3.693200061699798971e+04
3.073589286550597171e+04
2.962555038920967490e+04
2.620473776973728673e+04
4.384351462627107685e+04
3.319362219199357787e+04
3.074132562350277658e+04
3.767039347155619907e+04
4.204008767749994877e+04
2.366450039922981523e+04
3.422381267657299759e+04
2.039468529871727515e+04
3.524327708943165635e+04
3.871424033154117205e+04
2.382829693998042785e+04
1.751814471570592286e+04
2.674258185235108976e+04
2.725424546441901475e+04
3.143336015693908485e+04
2.650956593305915158e+04
4.312598683126887045e+04
4.264068381130608032e+04
3.714160622277077346e+04
2.054673007922491524e+04
3.034094257717688743e+04
3.664642692507860193e+04
3.663785004316348932e+04
4.251849346498158411e+04
3.354863225566032634e+04
2.199551114151081856e+04
3.783678355012540123e+04
4.153547519240790280e+04
2.207746994109421212e+04
2.828792990461056979e+04
3.948804036592753982e+04
2.932213159668612207e+04
2.871200708999440030e+04
2.480728389254919239e+04
2.127595115370025451e+04
2.401474959409997973e+04
2.253458297991540894e+04
3.481812407658237498e+04
4.151060068771916849e+04
3.604397283073017024e+04
3.949337765017993661e+04
3.757259127089615504e+04
3.896810627748221305e+04
2.856704223800808904e+04
4.211474863427711534e+04
1.912809176819946879e+04
3.797147928484760632e+04
1.985303331209961470e+04
4.235967526457292115e+04
2.682175726458936697e+04
3.698936805694241048e+04
1.702217273879366985e+04
1.966352193983393954e+04
2.672580374757550453e+04
4.003174238000676996e+04
4.035245796921318833e+04
3.041930706542867847e+04
3.158306748858438368e+04
3.425236173740422964e+04
3.148931359597510891e+04
2.076566932518221438e+04
2.678282569299008537e+04
2.320048954649608640e+04
2.409248763827683797e+04
3.850308305386225402e+04
2.913935807086347631e+04
2.527592449235967797e+04
1.755588756825601376e+04
3.854159335712494794e+04
3.473052505812368327e+04
4.028813970390122267e+04
3.320132057153394999e+04
3.011468834355920262e+04
2.963451623827299045e+04
3.467589309159948607e+04
2.517395325825796317e+04
2.977504845458129421e+04
3.557057943318461912e+04
3.621770921316443128e+04
3.352097018495480734e+04
3.514812741760081553e+04
3.901854755597251642e+04
2.594414515356926131e+04
3.107927050368873097e+04
2.501525456684978053e+04
4.324873378015977505e+04
2.535416355755727636e+04
2.841184879886666749e+04
3.906247933053267479e+04
2.326001037958382585e+04
2.020511500491031620e+04
3.938678814032604714e+04
2.847517944993702258e+04
1.758939210912636918e+04
3.086891107078193818e+04
2.271465644402897306e+04
2.974794970071490025e+04
3.655546126033943438e+04
2.573010048083426591e+04
2.236985066235266277e+04
3.854641519414857612e+04
3.644179765600347309e+04
4.066559842132344784e+04
4.160351492131475243e+04
3.005801415782666663e+04
3.743238097401431878e+04
3.335341045723737625e+04
3.015664512129506329e+04
3.545904550316063978e+04
2.773646941968102692e+04
1.725912325349113962e+04
3.677937115748817450e+04
2.363432661720034957e+04
3.982772677873497014e+04
1.835334753245529282e+04
3.588538137966157228e+04
2.604110312740212248e+04
2.641409517096931813e+04
3.973224285322958895e+04
2.659756722926115981e+04
3.439935398880524735e+04
3.564381180638720980e+04
3.957620452244771877e+04
3.497624733545222261e+04
2.254433561763319085e+04
2.931605559932279721e+04
3.645546075023195590e+04
3.469096258600689180e+04
4.109230501529877074e+04
3.027469829376395501e+04
3.337235158679414599e+04
1.593784117243035871e+04
3.634371667810101644e+04
1.761279005390725069e+04
3.367703639400168322e+04
3.907074553789339552e+04
3.172945271671628871e+04
4.102462759609490604e+04
2.682158462981359480e+04
3.126157426518191278e+04
1.808631307045603899e+04
4.291411279008588463e+04
4.066056346126158314e+04
3.766220675041506911e+04
4.278538865801136126e+04
1.939964522956197834e+04
2.184907521209174593e+04
1.542661997316754423e+04
3.634332381737108517e+04
4.021862570823905844e+04
3.871350525340536842e+04
4.261974759093222383e+04
4.463495381132376497e+04
3.280820401457695698e+04
2.982848889003093063e+04
3.461250002122967271e+04
3.049131465440894681e+04
3.136628634378381685e+04
3.143751280758322173e+04
2.815449553035233839e+04
2.954451862667621026e+04
3.814890606040439161e+04
3.099256480843130703e+04
2.682868852945363687e+04
1.856181827653176879e+04
2.727296005279838937e+04
1.942663977611062001e+04
2.310239453505089114e+04
4.000258563554862485e+04
3.489217719865087565e+04
4.239600965906474448e+04
3.239075111708913028e+04
2.144217189195328683e+04
3.095483899271865812e+04
3.967041545282110746e+04
1.862164728189527887e+04
1.990559100687682439e+04
4.275447290913234610e+04
3.130364119168345496e+04
4.352042677950533107e+04
3.114198062022961676e+04
2.855392855282826713e+04
4.161353856311988784e+04
2.072118787003572652e+04
2.381604935753683822e+04
3.049130643708550269e+04
