1.919499588110800687e+04
1.908338739618048567e+04
1.734381309338724168e+04
1.848887846749693563e+04
1.611145924775129060e+04
1.885676783915829583e+04
1.803736552711958211e+04
1.662096544446940970e+04
1.718788922358386844e+04
1.799116744010015464e+04
1.975565628905854828e+04
1.769657933972153842e+04
1.853472883602705770e+04
1.897458914529039612e+04
1.639610825956059853e+04
1.757320833205121016e+04
1.587980152881499816e+04
1.875740764680026768e+04
1.790205882969775121e+04
1.648444624370597739e+04
1.880317655477519293e+04
1.780343157019023056e+04
2.016225297914112525e+04
1.819392476255024667e+04
1.958577406275198882e+04
1.592771987847851051e+04
1.790015108924341621e+04
1.879401080380118219e+04
1.782073237779921692e+04
1.782836121034962343e+04
1.908190215862594050e+04
1.564597100876799050e+04
1.895730146674975549e+04
1.986731163338911574e+04
1.985592680996646232e+04
1.836509976375933184e+04
1.818297993325450807e+04
1.931755306204935914e+04
1.461672977418462324e+04
1.928771700847323518e+04
1.938283550095038299e+04
1.674839471857612807e+04
1.683610790845895826e+04
1.804874258321413799e+04
2.012058485174625093e+04
1.566350563307035554e+04
1.689387078010346886e+04
1.740417851494210845e+04
1.894564611415784384e+04
1.953047438897068787e+04
1.615560765786795309e+04
1.872256900866683281e+04
1.581484412058225644e+04
1.769274804324171782e+04
1.621131644990585301e+04
1.710227751785504370e+04
2.055898795821854947e+04
1.649038148839521455e+04
1.826815170938332085e+04
1.842930526445052965e+04
1.654488090742233180e+04
1.919028402211915090e+04
1.460579836637194057e+04
1.859989754109260684e+04
1.566860780140999486e+04
2.011877510709178387e+04
1.755442576426074811e+04
1.794119025866895754e+04
1.703902414486277848e+04
1.799020930453275651e+04
1.768275686868465709e+04
1.651108626185696630e+04
1.659023507745624374e+04
1.914747884431927378e+04
2.040142509982596675e+04
1.973312577057566887e+04
1.658432330121321502e+04
1.806678889100759625e+04
1.895248205263764248e+04
1.592871038197723283e+04
1.551475357158196130e+04
1.956966763878838901e+04
1.898447089635275915e+04
2.009000917061806831e+04
1.680643561962453896e+04
1.685482685742903777e+04
1.965782623669134045e+04
1.884246060320195829e+04
1.832886531545945763e+04
1.961327668035140596e+04
1.808585864254894477e+04
1.670684061284634299e+04
1.786324579502525376e+04
1.733938092819537269e+04
1.699730904462036415e+04
1.742362439459990492e+04
2.005374849489853659e+04
1.277355248947527070e+04
1.852258415785129182e+04
1.521111822579878390e+04
1.613401809817507637e+04
1.870903829309224966e+04
1.789077544536235655e+04
1.913766341973876115e+04
1.776535812542841450e+04
1.917216610660624428e+04
1.814217101686423121e+04
2.004216966475979279e+04
1.896469140565622365e+04
1.910657204968267251e+04
1.892883567618670349e+04
2.052451811943846769e+04
1.798884611684311312e+04
1.901249001795655204e+04
1.750145654303422634e+04
1.789815062768348071e+04
2.017504202161046123e+04
2.040501462602748870e+04
1.884717490802442990e+04
1.896310895441078901e+04
1.701874236273254792e+04
2.000942215946706347e+04
1.703119561338104904e+04
2.025435099019873451e+04
1.953643065331116668e+04
1.746506345737245647e+04
1.830041260306034746e+04
1.620784082273872809e+04
1.697556837144195015e+04
1.975874465239152778e+04
1.997304341631980060e+04
1.831733055392528331e+04
2.033244155431480613e+04
1.994727989376109690e+04
1.961476604678241347e+04
1.671440823519852711e+04
1.847139925531289919e+04
1.990011429742955079e+04
1.893008076532603445e+04
1.987718292807722537e+04
1.692812674946262996e+04
1.956383900344026915e+04
1.919956015840018881e+04
1.669183908374173188e+04
1.855814196902854746e+04
1.525303986586337669e+04
1.703181126053947446e+04
1.699051996136556409e+04
1.901792507038006079e+04
1.745339142737454677e+04
1.942235021535223495e+04
1.776958823940121511e+04
1.919956015840018881e+04
1.490291136585837739e+04
2.003386201991900452e+04
1.305406164624941630e+04
1.992096861746554350e+04
1.935115806987167161e+04
1.961167509307798173e+04
1.576863634192848986e+04
1.848022859458116363e+04
1.601830349720264348e+04
1.967689400417408251e+04
1.878993264819674368e+04
1.873439689742332121e+04
1.660296590918556467e+04
1.603498635013424064e+04
1.596228598575604701e+04
2.041061061992091709e+04
2.016908835236519371e+04
1.798220617352921181e+04
1.719327145421783280e+04
1.984061920737398032e+04
1.822611175611999352e+04
2.013221527289718506e+04
1.958675759169465891e+04
1.467899852725005258e+04
1.549271866239910014e+04
1.919548917545177392e+04
1.920795337704617850e+04
1.857312495613489591e+04
1.564597100876799050e+04
1.863370201425339110e+04
2.046753880236123223e+04
1.844627411054728145e+04
1.715424729966760788e+04
2.045746698437295345e+04
1.638074662646695651e+04
1.795798864784733087e+04
1.574029764792591595e+04
1.775558626460607775e+04
1.720325388680626929e+04
1.917138558227272370e+04
1.646507526157565007e+04
1.960463367971780826e+04
1.671538783861711272e+04
1.822209580290748272e+04
1.671692796792169247e+04
1.733492835617322999e+04
1.867829612476272086e+04
1.946300318330295340e+04
1.679515244793792954e+04
1.990582462478549860e+04
1.725513927261627396e+04
1.979620868104162946e+04
1.996591103660951921e+04
1.982243179807870911e+04
1.796471011626800464e+04
1.998068098550955619e+04
1.885250855684083945e+04
1.921131190413561126e+04
1.811001537472945711e+04
1.956701678262135829e+04
1.826538712999368363e+04
2.020410583683170262e+04
2.041939381976134246e+04
2.043271565951538287e+04
1.760246027640395914e+04
1.959545667875068102e+04
1.846335095518199159e+04
1.855434501269278553e+04
1.879980980229719353e+04
1.754437968143544276e+04
1.496700342910893596e+04
2.019821858600976338e+04
1.661517352313409356e+04
1.451199807066436551e+04
1.737242219813934935e+04
1.984300990542819636e+04
1.435931015658596516e+04
1.806184930534486921e+04
1.844751242159803223e+04
1.848887846749693563e+04
1.915286599991064577e+04
1.903978837108954394e+04
1.971654227383960097e+04
2.039572700593331319e+04
1.896310895441078901e+04
1.698225405465062795e+04
1.984001415354065102e+04
1.590141797798565312e+04
1.731573980131190183e+04
1.965119667756192939e+04
1.962400765941715508e+04
2.009248941223750080e+04
1.767441263206645090e+04
1.662732924198161345e+04
1.749593250444242221e+04
2.017028638379206313e+04
1.859033128487460272e+04
1.871962156075063103e+04
1.790770116277490160e+04
1.623366773027015734e+04
1.685017726854412467e+04
1.967387214413675247e+04
2.023282877862866371e+04
1.611423300346048563e+04
1.911370399689641636e+04
1.869009873641080412e+04
1.746970448788230351e+04
1.605864723019607663e+04
2.037923699278968343e+04
1.579755067000330382e+04
2.003777076433121692e+04
2.035775744703401142e+04
1.964669345660580439e+04
1.971165899024157989e+04
1.966848709613724350e+04
1.700779759109982479e+04
2.037432050640710077e+04
1.902285303738228686e+04
1.932350739953484663e+04
1.801365267436046270e+04
1.805942908815610281e+04
1.817993026498487961e+04
1.742443151033491449e+04
1.883239129123672319e+04
1.874918145938840462e+04
1.816807643177743739e+04
1.894440112232207321e+04
1.796710902586695738e+04
1.852810256511951593e+04
1.686877396000385488e+04
1.790411531259131152e+04
1.763308968476954396e+04
1.966824144196019188e+04
1.848428178104470862e+04
1.927060794338411506e+04
1.722096004438539967e+04
1.515529619476585503e+04
2.027079043478521999e+04
1.413466422997783593e+04
1.627707464877273742e+04
1.663960930096552329e+04
1.573202037973721235e+04
1.775814611401560978e+04
2.004864310189383832e+04
1.759208472692993382e+04
1.802714329924261983e+04
1.970308473353770023e+04
1.879980980229719353e+04
1.946383772181834502e+04
1.670721471265247237e+04
1.931108891926199067e+04
1.988619420728917612e+04
1.874840627072395728e+04
1.991431360833808503e+04
1.718210064396438611e+04
1.688468856804960524e+04
1.593602252153434165e+04
1.465832899633078341e+04
1.677058635051093006e+04
1.970132784101414290e+04
1.574280100327691980e+04
1.907423816881711537e+04
1.956940454321881771e+04
2.050773268382840251e+04
1.927950890651507507e+04
1.585054892760656367e+04
2.053090125654927397e+04
1.874271535821008001e+04
1.915218554183539891e+04
1.616473808178901527e+04
1.558283411029542549e+04
1.977961716702758349e+04
1.741264296768559507e+04
1.790075113385442455e+04
1.728296992048156972e+04
1.711895950537970930e+04
1.998057960849557276e+04
1.927353634087028331e+04
1.974031927477403224e+04
1.814245902236687107e+04
1.741264296768559507e+04
1.637475248416516661e+04
1.457032835495107429e+04
1.713663301548233721e+04
1.875778764901914110e+04
1.932324074610213211e+04
1.899278739890330326e+04
1.424771988126168071e+04
1.743554515283611181e+04
2.045558749877956870e+04
1.950411322351316267e+04
1.867662307965394575e+04
1.844751242159803223e+04
1.909972340244529914e+04
1.872527990938720177e+04
1.890910822574672056e+04
1.885344498949851550e+04
1.836731591332327662e+04
1.942567711485505060e+04
1.666693477918451390e+04
1.594056467518653881e+04
1.829955923496601463e+04
1.631589184350443429e+04
1.857457351086103881e+04
2.001278810193933532e+04
1.763512735223976051e+04
1.824765430611848933e+04
1.747253122817735130e+04
1.841231547512867110e+04
1.852085646597987943e+04
1.869947658944182695e+04
2.019821858600976338e+04
1.730368691078176562e+04
1.755988981746037098e+04
1.810125101019899012e+04
1.976244384427055047e+04
2.013707586620473739e+04
1.984542439342736907e+04
2.011271091212380270e+04
1.852453447785648314e+04
1.898251832842889416e+04
1.967113274925607402e+04
1.909897698835937626e+04
1.950460015577229933e+04
1.778198843438034237e+04
1.669914885183855949e+04
2.050639199382321021e+04
1.624892062045555213e+04
1.964676422504528819e+04
1.588160170672647655e+04
1.655455959296445508e+04
1.629335368029121673e+04
2.046117971825847781e+04
2.053893663125231251e+04
1.883570741983483458e+04
1.833715911993549889e+04
1.868069835806687479e+04
1.932432583890632304e+04
1.646524385102631641e+04
2.044632909379604098e+04
2.029633023466690793e+04
1.661796262596299493e+04
1.970984368002425254e+04
1.958124848829203256e+04
1.649411175719864332e+04
1.929555409941592370e+04
1.874916014385546077e+04
2.013628616728146153e+04
1.792977399966094526e+04
1.692805567972682911e+04
2.041076022486546935e+04
1.724742230287266284e+04
1.979305072254953848e+04
1.831476847747463398e+04
1.576372775869192992e+04
1.950297227188448960e+04
1.843688422975652793e+04
2.021206511854397104e+04
1.915218554183539891e+04
1.605006094140204368e+04
1.942393898330218144e+04
2.043535474749471905e+04
1.673762499627961733e+04
1.760671558360059862e+04
1.753058861797812642e+04
1.955577542832812469e+04
1.907666755853520954e+04
1.853536161273173639e+04
1.894390359127214469e+04
1.757470463048204329e+04
1.839029749389535573e+04
1.631548701684128173e+04
1.843619810481359309e+04
1.779235316027402587e+04
2.013511709019083355e+04
1.493949060691779778e+04
1.816634478555241367e+04
1.909653990164912830e+04
1.606340280695353431e+04
1.854175256807350524e+04
1.838669892532802623e+04
1.859825176203058800e+04
1.958659040014166749e+04
1.998593322179056122e+04
1.821980029528729210e+04
1.676630179819700425e+04
1.162838616607791482e+04
1.695114070680170698e+04
1.943241412743246474e+04
2.033061137778662669e+04
1.610476321943420407e+04
1.970132784101414290e+04
2.004131170690224826e+04
1.650856174524663948e+04
1.664738723633313202e+04
1.951732218233033200e+04
1.997945735950705057e+04
1.829133766811277746e+04
1.685522153148223151e+04
1.755051747053119834e+04
1.783974282738676266e+04
1.890164134958144859e+04
1.995168543792999844e+04
1.969235247336491375e+04
1.361553017435780566e+04
1.699729115374819230e+04
2.012893198734992620e+04
1.945499014793981041e+04
2.017689377085588785e+04
1.423180328319732871e+04
1.620036449914600780e+04
1.684687885411802563e+04
1.948356783294464549e+04
1.926381076741720244e+04
1.800595298761293452e+04
1.778341978225751154e+04
1.990011429742955079e+04
1.694305123496702436e+04
1.998809358902629538e+04
2.055914532588084330e+04
1.786417582555704939e+04
1.837857419610783109e+04
1.678345568941797683e+04
1.941248855400376851e+04
1.776007559942064472e+04
2.039715529393086035e+04
1.651050908695011458e+04
1.920004790488766957e+04
1.573591901243073698e+04
1.896891376988806223e+04
1.986902505270517941e+04
1.890731160736617312e+04
1.846948059699529404e+04
1.716052151681061514e+04
1.719909221542358500e+04
1.951749953171458401e+04
1.759208472692993382e+04
1.964676422504528819e+04
1.509249276571132577e+04
1.532710484495255514e+04
2.013930037860858647e+04
2.018827553760544106e+04
1.927511294276763874e+04
1.955577542832812469e+04
1.603832401346506049e+04
1.917533084833845351e+04
1.630974503804855703e+04
1.948187451444623002e+04
1.799802169452332964e+04
1.782994294213909234e+04
1.658247119624901097e+04
1.872618336618860485e+04
1.967213222780980141e+04
2.051619525415602766e+04
1.659765341406210791e+04
1.923546262004956588e+04
1.715966752073749012e+04
1.800436556302860117e+04
1.845861990632653033e+04
1.918577404258123352e+04
1.983668079904871047e+04
2.032681916993211416e+04
1.718809122718211074e+04
1.536879792792250737e+04
2.040215401089265652e+04
1.694467114008776844e+04
1.751748221006535459e+04
1.616244525473011527e+04
1.781921831938708419e+04
1.590141797798565312e+04
2.046320285763291031e+04
1.386407139586560515e+04
1.667329473977739690e+04
1.807964975253833836e+04
1.578050338501480473e+04
1.909110098387700782e+04
1.686521001326479018e+04
1.691104281744558102e+04
1.919009064734113781e+04
1.918020218876505169e+04
1.962518383348291536e+04
1.639216797684662015e+04
1.927353634087028331e+04
1.953643065331116668e+04
1.650294531979447856e+04
1.637475248416516661e+04
1.751287224088102448e+04
1.730891930764367135e+04
1.894097862021388573e+04
1.927808789581095334e+04
1.642002469879046475e+04
1.792309049799545755e+04
2.020315547706505822e+04
1.959498353845112433e+04
1.715337438702524378e+04
1.788829526988205544e+04
1.552672928989822140e+04
1.851493140509912337e+04
1.831005586060494534e+04
1.581527244771524420e+04
1.685162172600963095e+04
1.937162784798753273e+04
1.844093831297707220e+04
1.810455665207604034e+04
1.717959238803030894e+04
1.711601576791386469e+04
2.035202436521564960e+04
1.822290528943472600e+04
1.714920785191219693e+04
1.525303986586337669e+04
1.826060518356692774e+04
1.619568310700025904e+04
1.920530496754813794e+04
1.625453972800189149e+04
1.658432330121321502e+04
1.833363977640381199e+04
2.018610277215488532e+04
1.525851422399656258e+04
1.714920785191219693e+04
1.887258245431142132e+04
1.731573980131190183e+04
1.533865116593744460e+04
1.740476915652334719e+04
1.946034108392582857e+04
1.916537095217086608e+04
2.010898917123857609e+04
1.812383310844722655e+04
1.792165048268190367e+04
1.782457414705546034e+04
1.777130741386329100e+04
1.996492397249185160e+04
1.585593791078763206e+04
1.953284631167476618e+04
1.759804697991054127e+04
1.774798217621786534e+04
2.036999454291494476e+04
2.028659326523078926e+04
1.617312086498332974e+04
1.744482696734317869e+04
1.938561708997849200e+04
1.717507754018087871e+04
1.926850756582610484e+04
1.788062872794600844e+04
1.652689526870417831e+04
1.556224302612882639e+04
1.813254349708290101e+04
1.691497357244663726e+04
1.825984217912212989e+04
2.010921493757754433e+04
1.635051492729222446e+04
1.908452084911662314e+04
1.724405202383721917e+04
1.760131777531728221e+04
1.992630527776553208e+04
1.915286599991064577e+04
2.014941808529300761e+04
1.614923228154229400e+04
1.659593597149987545e+04
2.019821858600976338e+04
1.650309861388830177e+04
1.961758969792634889e+04
1.764436986573047398e+04
1.959109146707315085e+04
1.856700855868241342e+04
1.786388121710773339e+04
1.556817827922267679e+04
1.718323670054246759e+04
1.854491902078722342e+04
1.343621947788707985e+04
1.925921294689420392e+04
1.848551972328815464e+04
1.745971167912622695e+04
1.430151752486859368e+04
1.618535449132362737e+04
1.964739197508949292e+04
1.837300649865949526e+04
1.910480734311488777e+04
1.812758237570989149e+04
1.785647373289149982e+04
1.894965272524011016e+04
2.045558749877956870e+04
1.750490844603329970e+04
1.700346082800607110e+04
1.962994685516929167e+04
1.692579002681266866e+04
1.937125924453328844e+04
1.822840887483402912e+04
1.911886806590083143e+04
1.932419182237834320e+04
1.525303986586337669e+04
2.011877510709178387e+04
1.531259499172620781e+04
1.649915421357959713e+04
1.862129211865413527e+04
1.711601576791386469e+04
1.891708469497776969e+04
1.829942505735696614e+04
1.754582374627980607e+04
1.835753056357753303e+04
2.009990609378172667e+04
1.912034150508869789e+04
1.898352907312344541e+04
1.769778068696128685e+04
1.878368264913081657e+04
2.002710664800243103e+04
1.647013238138224551e+04
1.841615223948413040e+04
1.650231571748202259e+04
1.757533130683142736e+04
1.723828112385236091e+04
1.883443360334100362e+04
1.981748780851549600e+04
1.655286669198622985e+04
1.826539882984147698e+04
1.416356961464148480e+04
1.797841156405669608e+04
1.984855376403057016e+04
1.690183788025331887e+04
1.719926988883701051e+04
1.860712629066287627e+04
1.665884615093005777e+04
1.985594522452296951e+04
1.713063738884649501e+04
1.936903978570117033e+04
1.917822499732428696e+04
1.765599015425955076e+04
1.780706446236803822e+04
1.626131533767602377e+04
1.652842671757628341e+04
1.642068559949114569e+04
1.581527244771524420e+04
1.934788775711497874e+04
1.755722227656053656e+04
1.631922114694683296e+04
1.798219375499335365e+04
1.839538620079291650e+04
1.597575567918097113e+04
1.911823733366797387e+04
1.874661451831939485e+04
1.685832632613105670e+04
1.589015736381196075e+04
1.879734847145853564e+04
1.921069095400482911e+04
1.705088894822589646e+04
1.482216338414896381e+04
1.818594552826851213e+04
1.871337313028836070e+04
2.029257473785976981e+04
1.644095979003640969e+04
1.967566594769460426e+04
1.807610242491847748e+04
1.943700567546551611e+04
1.912912628564528859e+04
1.747708024864103572e+04
1.919548917545177392e+04
2.000576236735072598e+04
2.051017653658730342e+04
1.782232150090226787e+04
2.050300256304440700e+04
1.774084054842683327e+04
1.696239376969943987e+04
1.920530496754813794e+04
1.939665368691691037e+04
1.644919623145970036e+04
1.730098359900201831e+04
1.723192282032784715e+04
1.795833627263800008e+04
1.979625526500456181e+04
1.911409241083427332e+04
1.853472883602705770e+04
1.935690411677126031e+04
1.669000073400342080e+04
1.789065249739389401e+04
1.664887919596267966e+04
1.822910492048951346e+04
1.648081122701370623e+04
1.956112782772951323e+04
1.961968548912914412e+04
1.695230422895291122e+04
1.581610044964245026e+04
1.940791273103418644e+04
1.901406711528968299e+04
1.859825176203058800e+04
1.767028463784238556e+04
1.859429507712943087e+04
2.033267473736962347e+04
1.838517085760477858e+04
1.865379029454082774e+04
1.792034566315772099e+04
1.703032377592158446e+04
1.894097862021388573e+04
1.819729318727322971e+04
2.055823644368394525e+04
1.920530496754813794e+04
1.765712272427864082e+04
1.977906232658041699e+04
1.883597504744239995e+04
1.765783773253115578e+04
1.672638686707660236e+04
1.529912985391969414e+04
1.973882508992325165e+04
1.851190960312653624e+04
1.673659481844009133e+04
1.943270684803082986e+04
1.474440072631779549e+04
1.986776578470280583e+04
2.035109674433349574e+04
1.962376879752169043e+04
2.048676590491646130e+04
1.869126050575800764e+04
1.592771987847851051e+04
1.575988959032837374e+04
1.809863797972473549e+04
1.697103807791912914e+04
1.792332602330782538e+04
1.987463934143610459e+04
1.741765225765107607e+04
1.848628329647130158e+04
1.990582462478549860e+04
1.821855296414010445e+04
1.781177994799283624e+04
1.796956309016032537e+04
1.745396329386116849e+04
1.824709854359536257e+04
1.838441939229438867e+04
2.049346260375880956e+04
1.686113915033074591e+04
1.751549289398808105e+04
1.777764336181504768e+04
1.908130487890926815e+04
2.008441414392410661e+04
1.678111780929710221e+04
1.669817772589691958e+04
1.710349279980737629e+04
1.845731621324713342e+04
1.841688283240016608e+04
1.668504399769214069e+04
1.734993062539687890e+04
1.802843318888378781e+04
1.922420481437549461e+04
1.955780145574792186e+04
1.790292675777820114e+04
1.846463529010627099e+04
2.021479375689849257e+04
1.914684696175772115e+04
1.813598672488625016e+04
1.875829408613657142e+04
1.921573246018601640e+04
2.001821729120365490e+04
1.684119541983232557e+04
1.613913630326939347e+04
1.696873236784438268e+04
2.052922115785241476e+04
1.739794602199636574e+04
2.002981307667082001e+04
1.621046488390075137e+04
1.577492142807089658e+04
1.800770529615795022e+04
1.683958168174722232e+04
1.793721358260850684e+04
1.901477114035935665e+04
1.634428622451629417e+04
1.715444750526995995e+04
1.627446173915792315e+04
1.790220296439500453e+04
1.597381921970627445e+04
1.590028971775824903e+04
1.828712934878865781e+04
2.052679561784734324e+04
1.894022532131915068e+04
1.999736817609750142e+04
1.957643531963825080e+04
1.863048781915298241e+04
1.857847362265693664e+04
1.732843474728306319e+04
1.607813360406607353e+04
1.680474150407392517e+04
2.009889042324772890e+04
1.623222834342712122e+04
1.900987436646780043e+04
1.935693362553271436e+04
1.838603658957225707e+04
1.526685566922265389e+04
1.857871767892516800e+04
1.936578298138972605e+04
1.725901904332298000e+04
1.930595035534187627e+04
1.997086624605228644e+04
1.733999840563992620e+04
1.911913702213567012e+04
2.046200434004549243e+04
1.838506505986496995e+04
1.822648700622634715e+04
1.669281167688909409e+04
1.837085609048428523e+04
1.811632864510070794e+04
1.587224101663777765e+04
1.672891168106998521e+04
1.745768701128894099e+04
1.609426725627450651e+04
1.833203314526387840e+04
1.844481842190044335e+04
1.629874206916180265e+04
2.036720152354313177e+04
1.639968166782512708e+04
1.757185851602086404e+04
2.017028638379206313e+04
1.598329190759515041e+04
1.758953242711584244e+04
1.793567357447823815e+04
1.911840574231461505e+04
1.630974503804855703e+04
1.918345536791362974e+04
1.636363757073627858e+04
1.809329818059365789e+04
1.948713770546793239e+04
1.538220685715179206e+04
1.978557280731773062e+04
2.024081465394139377e+04
2.026841574419881363e+04
1.670482244581250779e+04
1.816229487803649681e+04
2.047855298269295599e+04
1.854925788614686098e+04
1.912745214358862722e+04
1.890885964006316135e+04
1.943270684803082986e+04
1.969985548027531695e+04
1.704617328673218799e+04
1.973272309779406351e+04
1.994742238141916459e+04
1.756567135907239935e+04
1.896891376988806223e+04
1.973781150412140414e+04
1.831169466097984332e+04
1.954345419261010102e+04
1.795257416561697028e+04
1.578653606727390797e+04
1.804837823475052573e+04
1.751651331868981651e+04
1.845330967882850382e+04
1.517010352911096561e+04
1.745973846129557933e+04
1.767326775343807822e+04
2.028659326523078926e+04
2.032978611847550201e+04
1.715337438702524378e+04
1.696124267473176224e+04
1.927815119958748255e+04
1.977180129689088790e+04
2.018570162927616548e+04
1.701160408717635437e+04
1.990328018316389716e+04
1.586400215953049337e+04
2.002064196736815938e+04
1.661881674811059929e+04
1.767707348008754343e+04
1.861265629791511674e+04
1.912726626998200300e+04
1.942813044347581308e+04
1.698510597241076903e+04
1.895398269689724839e+04
1.383625703132765193e+04
1.731559456598099860e+04
1.849895224087956012e+04
1.991531904729788948e+04
2.044822175912364764e+04
1.692812674946262996e+04
1.649799892937861296e+04
1.622452187854549265e+04
1.831651711415554746e+04
1.587668204441037051e+04
1.860929710974921909e+04
1.853258680546763935e+04
1.666929962092344795e+04
1.556224302612882639e+04
1.798738251912499982e+04
1.876714282813827958e+04
1.911409241083427332e+04
2.025118055958726472e+04
1.823518508081638720e+04
1.916151137655249840e+04
1.757276928910298739e+04
1.750469984446848684e+04
1.845171990152922081e+04
1.621991297268047492e+04
2.015832639387410018e+04
1.620645658148875555e+04
1.695230422895291122e+04
1.851236160599818686e+04
1.668905627717039170e+04
1.779534015330371039e+04
1.800652536844538554e+04
1.743511640010186602e+04
2.035732642205690354e+04
2.001517372153502947e+04
1.911784236162831803e+04
1.986678731319966028e+04
1.828579846559699581e+04
1.968173900345528455e+04
1.765858613741651789e+04
1.789199670747189521e+04
1.931212303204686759e+04
1.956464517130425884e+04
2.035721839711981738e+04
1.700762263578431157e+04
1.602077914663854062e+04
1.692386654630861085e+04
1.690393861806812492e+04
1.973719463762544910e+04
1.796085665076784062e+04
1.932243908012475731e+04
1.654964007513509205e+04
1.621676056177088140e+04
2.033217458942359735e+04
1.633997326593297294e+04
1.845105450099684094e+04
1.871962156075063103e+04
1.624992711109210541e+04
1.869605611284048064e+04
1.625269318818136890e+04
1.612959626041827141e+04
1.869009873641080412e+04
1.943025149025097198e+04
1.583013840682831869e+04
1.885503055845724157e+04
1.992010192055436346e+04
1.956913558814195494e+04
2.041218789719160486e+04
1.922995753792569303e+04
1.559639117846783483e+04
1.991589659262359419e+04
1.910480734311488777e+04
1.806312418313189482e+04
1.895620523398932346e+04
1.715867661770189443e+04
1.868751774216141712e+04
1.895730146674975549e+04
1.974946056048055107e+04
1.656831344785926922e+04
1.918641013293377182e+04
1.634054099951034004e+04
2.016972750263026683e+04
1.633229582464413033e+04
1.670770599512658373e+04
1.751287224088102448e+04
1.909109319715527090e+04
