1.230122546913084079e+04
1.256850521434558505e+04
1.089973126785358181e+04
1.107911618612209531e+04
1.209050342059427567e+04
1.111861156532883251e+04
1.125562033941328446e+04
1.233069525929015981e+04
1.232284320916869910e+04
1.245286075179279760e+04
1.173882120678815409e+04
1.220874565270484527e+04
1.193196448799744030e+04
1.211628594447416981e+04
9.952066058982609320e+03
1.234885126894367932e+04
1.188850158416187696e+04
1.104036646711966750e+04
1.208273180414525632e+04
1.176275753580376113e+04
1.179983910872938213e+04
1.111726986066141035e+04
1.236766783868297534e+04
1.054243489718068668e+04
1.118206033539405689e+04
1.228198417894158410e+04
1.180837283034660686e+04
1.097759069364511379e+04
1.258622434880421861e+04
1.113421288239859314e+04
1.144557042374949924e+04
1.118520268661092814e+04
1.208464654517671079e+04
1.236751329462598369e+04
1.251671836101003282e+04
1.227157040057802078e+04
1.163683527790878907e+04
1.182677916415551044e+04
1.174022128916593647e+04
1.163846211158684673e+04
1.209325164071454856e+04
1.228241830733592724e+04
1.047287220604218419e+04
1.243864478892597617e+04
1.106695588905191471e+04
1.204736410712094403e+04
1.067257515206370954e+04
1.228848762260351214e+04
1.225375922855766294e+04
1.211241356520427325e+04
1.229251147679229689e+04
1.220347668059497300e+04
1.156697334234763366e+04
1.090068170243364148e+04
1.203221559455703573e+04
1.177009762092042183e+04
1.257694613433549603e+04
1.170177981360273043e+04
1.198121638825808805e+04
1.248238223428590754e+04
1.255634358688611246e+04
1.063307975927792177e+04
1.142352574702612219e+04
1.233142406214571383e+04
1.093308650857599605e+04
1.225680899222623702e+04
1.208632542230229410e+04
1.224169056574285969e+04
1.174802969874027622e+04
1.191184960376542040e+04
1.240322744048434106e+04
1.187096095073532524e+04
1.245381009557720245e+04
1.258338942371938538e+04
1.230489960233267084e+04
1.253322039717463849e+04
1.046878958267620692e+04
1.095803356082105893e+04
1.039133911430385524e+04
1.078330214789006459e+04
1.208596697631723146e+04
1.154622876518017620e+04
1.220883977838460305e+04
1.211836282634716008e+04
9.843136383609347831e+03
1.202405753623024793e+04
1.218802516918351648e+04
1.182640692815589136e+04
1.246826738321338053e+04
1.254619946435178281e+04
1.050490444210251735e+04
1.237478082540703508e+04
1.089285232299772360e+04
1.208249871250804790e+04
1.141469976605836200e+04
1.073907806594332942e+04
1.221150491520102878e+04
1.130044182159340562e+04
1.227826382977205139e+04
1.096079841589513126e+04
1.141233567041852075e+04
1.252506586198160585e+04
1.141420029250960579e+04
1.195622150871677331e+04
1.045714025827245132e+04
1.231702573107974240e+04
1.248498198530766240e+04
1.187188800497515876e+04
1.027882959298004425e+04
1.096242774617583200e+04
1.081488297646889623e+04
1.229754799997103146e+04
1.069005498185371471e+04
1.160761412701320660e+04
1.247408375182184136e+04
1.237089521383484862e+04
1.258459999061535927e+04
1.217437976324981719e+04
1.217842611026625309e+04
1.201447772558753059e+04
8.371399256901786430e+03
1.098027826621035638e+04
1.111561171018332607e+04
1.241665615231973788e+04
1.244936585492209269e+04
1.161318953612303085e+04
9.883793156518471733e+03
1.195108715263366139e+04
1.142289322863488997e+04
1.238899045199546163e+04
1.196527613494831894e+04
1.210502506288842960e+04
1.256850521434558505e+04
1.160746371597812868e+04
1.247087225388324441e+04
1.187577880756965351e+04
1.192523015361626676e+04
1.095536032870556301e+04
1.195295506593304162e+04
1.233310172743771727e+04
1.248555017918295562e+04
1.237700593187467530e+04
1.195353838410911703e+04
1.043407907551127573e+04
1.260260893790623959e+04
1.131237611375808410e+04
1.252590247629897567e+04
9.074221387107205373e+03
1.229591053166711208e+04
1.194125678513263119e+04
1.141122445957204582e+04
1.224865156955159910e+04
1.241618811988837115e+04
1.087276328883352653e+04
1.259930975421415496e+04
1.248209425076737898e+04
1.221681380145043113e+04
1.186842493603140611e+04
1.197197038551894002e+04
1.241893752329423660e+04
1.165817240349048552e+04
1.184766455166757623e+04
1.253662922150484701e+04
1.219630920016961318e+04
1.180710210511308105e+04
1.112433202500167317e+04
1.044071541222173619e+04
1.248989866366563365e+04
1.167624533543097641e+04
1.235691639035986009e+04
1.124574626997024825e+04
1.217273338129988042e+04
1.047393499846321356e+04
1.090412674159691051e+04
1.234033839414175418e+04
1.259301566131313120e+04
1.132229586641844799e+04
1.244720478947683296e+04
1.219407011383551435e+04
1.250839403048951681e+04
1.215669477198100685e+04
1.187840218844779884e+04
1.214912171589007085e+04
1.242531089890997828e+04
1.029170683565931540e+04
1.230489960233267084e+04
1.184473962118193776e+04
1.193096726378784297e+04
1.206930950825293257e+04
1.212658088035331457e+04
1.229171512338559842e+04
1.120128501159903499e+04
1.218043957706822766e+04
1.234472677745789224e+04
1.256762159711426648e+04
1.160377116544174714e+04
1.250636692653606224e+04
1.236305500866451621e+04
1.157986475382701065e+04
1.220529368107379742e+04
1.114039398060468557e+04
1.258466600769525212e+04
1.208798846284793581e+04
1.191739896267009863e+04
1.159262182600523010e+04
1.129973532267113842e+04
1.205470812871176531e+04
1.245895925954246195e+04
1.070763284891663534e+04
1.253773293736707092e+04
1.121593637523410325e+04
1.251570270527650428e+04
1.193129151654158704e+04
1.229725178296542072e+04
1.202837713177811020e+04
1.183961009542103420e+04
1.235042773233133994e+04
1.169657995446140194e+04
1.185798153671300497e+04
1.021319654452350369e+04
1.160498037219202888e+04
1.059103661596745587e+04
1.197071101167003326e+04
1.153850299192953935e+04
1.253022832312558967e+04
8.928300918446584546e+03
1.258092841024689551e+04
1.227784645017706316e+04
1.199923690209608685e+04
1.182198055561397996e+04
1.235686905969329382e+04
1.191058933104132302e+04
1.207010694341575254e+04
1.172877403852211319e+04
1.247813904742538398e+04
1.199328300943430804e+04
1.003623654911197082e+04
1.165896702344515325e+04
1.186981621360463760e+04
1.125530998799101326e+04
1.216253631019417298e+04
1.217559470488599800e+04
1.231005833329532470e+04
1.243096260193035596e+04
1.244006877901416374e+04
1.253550303650400383e+04
1.214340750358651530e+04
1.251837429814766074e+04
1.044428917740446377e+04
1.192881419786634433e+04
1.138853106582584041e+04
1.109508677419721425e+04
1.188941057877784988e+04
1.216268086127933384e+04
1.225945974736360768e+04
1.185975634291525421e+04
1.116454936461106263e+04
1.097578051124966805e+04
1.109148219970243190e+04
1.212196877369122922e+04
1.183745260075483384e+04
1.197301575570782006e+04
1.098425346493849065e+04
1.177796448114326085e+04
1.248147586243748083e+04
1.233798557661955056e+04
1.093295890698524636e+04
1.258366068243309746e+04
1.171302545513602672e+04
1.208083937148742916e+04
1.251208442781326630e+04
1.233245548439784579e+04
1.192438482089654826e+04
1.177358932787506455e+04
1.148209988718352179e+04
1.215769368932916768e+04
1.226279153221990600e+04
1.153903876559472337e+04
1.048073953099096070e+04
1.159673903743116171e+04
1.156292150934417805e+04
1.170223335083882921e+04
1.247946730248389031e+04
1.102299673395193531e+04
1.189088352277444756e+04
1.243249495349275276e+04
1.193995224587800112e+04
1.131428287595119582e+04
1.238020466563278933e+04
1.248624164613663743e+04
1.193054895324814788e+04
1.239015309289856486e+04
1.014904447184935634e+04
1.241357581120458781e+04
1.256333856877261314e+04
9.441571165609995660e+03
1.177584413283384856e+04
1.256709198365372686e+04
1.246243671226943297e+04
1.125448568903319574e+04
1.063307975927792177e+04
1.220794810331925146e+04
1.232927543559548576e+04
1.185388625906082416e+04
1.025002365738144726e+04
1.249559332296138746e+04
1.218456444282794109e+04
1.233667058450798504e+04
1.232082521474468922e+04
1.198908030016038902e+04
1.251099927152940654e+04
1.144292028411023421e+04
1.246430750906425965e+04
1.169817240331653920e+04
1.245103384797056788e+04
1.125559843815875320e+04
1.068229322996643532e+04
1.189080006899551336e+04
1.167591067456489691e+04
1.199721486883019497e+04
1.175395325790006973e+04
1.235426200452328339e+04
1.218869426564758032e+04
1.105557416040976568e+04
1.246464101852698877e+04
1.171628394009042313e+04
1.210821643293296438e+04
1.168281535898322909e+04
1.231043306767606191e+04
1.240261385044551753e+04
1.114969195721233700e+04
1.118350369371167471e+04
1.151858635224002501e+04
1.200942920832184245e+04
1.233527283015777903e+04
1.172331986290734494e+04
1.227856260070009921e+04
1.249261931048818224e+04
1.145479570122398218e+04
1.156656966326977272e+04
1.174536192940540786e+04
1.219104123813618025e+04
1.226480286237690780e+04
1.081811332626758303e+04
1.214191203516933456e+04
1.160534661298934225e+04
1.235137436753759539e+04
1.173518414802462939e+04
1.202583442126593945e+04
1.147349846886806336e+04
1.225306359163160596e+04
1.164733985204958299e+04
1.214837992794122692e+04
1.089600860890059812e+04
9.173751247839301868e+03
1.211407426164122080e+04
1.246382992170614489e+04
1.073672990277764620e+04
1.132977484119429209e+04
1.243579272453862359e+04
1.243675257854692245e+04
1.243096260193035596e+04
1.212272892881929147e+04
1.194512753568759945e+04
1.221723960428592181e+04
1.195971982225581814e+04
1.238899045199546163e+04
1.208117685912842717e+04
1.231151468532901708e+04
1.247793644285891060e+04
1.255519909609042952e+04
1.242032677690004675e+04
1.161186040042978129e+04
1.163236535004502730e+04
1.216243655087644947e+04
1.182090071982041991e+04
1.189694181966307951e+04
1.254567693527332813e+04
1.211345867152117535e+04
1.253657097663533932e+04
1.225837901623595826e+04
1.239906698461569613e+04
1.125527910049366074e+04
1.212100079892785652e+04
1.160746371597812868e+04
1.011563150756801042e+04
1.187801417118720929e+04
1.232767674943471502e+04
1.242181056834208175e+04
1.108510722680930485e+04
1.047650914921348158e+04
1.251675958820645974e+04
1.245845221723307259e+04
1.246920146019453387e+04
1.236814539492589938e+04
1.238777357027402468e+04
1.233798557661955056e+04
1.238878137363801216e+04
1.239116878973875828e+04
1.114018113120612179e+04
1.250727204347891893e+04
1.236230440391470984e+04
1.214598297433811058e+04
1.236414940746004504e+04
1.130308052581635275e+04
1.027199622948751130e+04
1.167084480251604873e+04
1.212884408146710484e+04
1.214026365633555906e+04
1.173632483440862234e+04
1.251693734697503351e+04
1.247946730248389031e+04
1.242892268411145415e+04
1.225573555287850832e+04
1.234840401458106680e+04
1.244493388663746009e+04
1.236603853303155483e+04
1.104810766308540587e+04
1.165325854107067426e+04
1.161192630892654961e+04
1.090905782475431261e+04
1.220366710811291705e+04
1.160746371597812868e+04
1.239523538871234268e+04
1.154897271262987852e+04
1.247946730248389031e+04
1.111021730124975875e+04
1.242300719672258492e+04
1.125122121351552232e+04
1.238657002875426406e+04
1.250709243560693358e+04
1.221658733681108060e+04
1.243146590521023609e+04
1.220278230603883276e+04
1.175659909006539237e+04
1.252213472916864703e+04
1.231473171299590831e+04
1.252970940285464712e+04
1.237986837481202565e+04
1.158158793214565048e+04
1.253423316509505094e+04
1.178524923537778704e+04
1.057039043356874026e+04
1.112325468950447794e+04
1.096175830459282224e+04
1.090558232222190054e+04
9.701461893364674324e+03
1.179318684211615800e+04
1.173945219886068480e+04
1.208763703864107811e+04
9.431856819737897240e+03
1.142619899676599744e+04
1.228962378901931515e+04
1.056793634728492543e+04
1.158473465748531635e+04
1.161318953612303085e+04
1.124090477464991454e+04
1.037812934756658797e+04
1.247309660096906373e+04
1.196941115429103775e+04
1.031436467462963083e+04
1.229473085863923916e+04
1.257701997389622557e+04
1.252570788296210412e+04
1.217616584664827678e+04
1.218078342713940765e+04
1.218039390772990919e+04
1.126182798917842956e+04
1.109198706889878122e+04
1.252235442944135139e+04
1.018082798124148030e+04
1.191796126082194678e+04
1.207164554008022787e+04
1.216303833180224319e+04
1.186308420979582297e+04
1.202623492010791597e+04
1.222416548029872502e+04
1.238123086702343426e+04
1.043995037298971329e+04
1.251061510205536797e+04
9.652672583552466676e+03
1.215694768125836526e+04
1.222280166663954151e+04
1.226743507444383795e+04
1.237710434370020084e+04
1.176695773027344330e+04
1.090581381226519807e+04
1.113140322309834482e+04
1.242452720617502018e+04
9.931570528348740481e+03
1.222861330119696868e+04
1.258269000051328476e+04
1.165935445098002492e+04
1.172546747898119793e+04
1.242794898595384802e+04
1.072221753841304235e+04
1.106253478057670873e+04
1.215319664605937214e+04
1.104237993843383992e+04
1.131688706559010461e+04
1.104784790060094747e+04
1.259872636843020518e+04
1.194812724720815095e+04
1.211345080328130280e+04
1.183632916485176247e+04
1.065708423014591790e+04
1.160377116544174714e+04
1.140506445741856078e+04
1.214122117023900319e+04
1.058204413795165601e+04
1.260007772526600456e+04
1.256901351762709601e+04
1.027045827083795484e+04
1.255581333098151481e+04
1.222831985984258608e+04
1.238891145440014952e+04
1.040231555089506219e+04
1.228782206554167533e+04
1.205137867269312483e+04
1.235760294133376738e+04
1.160468199769173589e+04
1.252854027986976689e+04
1.163940259862240055e+04
1.227265833498317988e+04
1.118257914020254975e+04
1.193124148024157694e+04
1.152156519088237837e+04
1.119408981519920781e+04
1.237131049638406512e+04
1.254815662452591459e+04
1.210502506288842960e+04
1.228521027255052468e+04
1.054243489718068668e+04
9.685961351052435930e+03
1.100474292260330731e+04
1.100857991205009603e+04
1.132356067470299604e+04
1.249968378878347539e+04
1.215267104075152747e+04
1.239707332111174401e+04
1.122018883822952739e+04
1.137311210592531643e+04
1.252461700323234982e+04
1.160746371597812868e+04
1.209610368783282320e+04
1.228944753709837460e+04
9.691918976323246170e+03
1.207996289771933880e+04
1.185741138091485482e+04
1.172071184828821242e+04
1.089899322636874422e+04
1.040101352651118941e+04
1.259930975421415496e+04
1.249489783817636817e+04
1.226955576282641414e+04
1.259554187481928420e+04
1.108960987374073920e+04
1.211131426401803401e+04
1.090838760097069462e+04
1.234108326193667926e+04
1.241766286342503008e+04
1.181338598893365634e+04
1.197453055318798215e+04
1.155296671684790272e+04
1.253554522122432354e+04
1.195688552878270639e+04
1.045735419646949049e+04
1.097920117137911075e+04
8.906295437343564117e+03
1.254482302306659403e+04
1.200206726663474547e+04
1.246541485900177759e+04
1.227211665551972328e+04
1.213890175595984692e+04
1.253344985637279387e+04
1.247134147170811048e+04
1.247285601499022778e+04
1.166550110991516158e+04
1.239136777545301447e+04
1.249749808932060114e+04
1.193278965484243599e+04
1.208759635727250861e+04
1.221806826429780813e+04
1.213437901155197324e+04
1.256223218824513242e+04
1.159236582555987661e+04
1.120831833514057689e+04
1.205602853841544493e+04
1.255318275132749841e+04
1.244202551194562693e+04
1.087267792008629840e+04
1.250379732122298446e+04
1.252381706820923500e+04
1.201218939647681691e+04
1.227144918518959821e+04
1.233195347948429844e+04
1.197396524291861351e+04
1.001745544008377328e+04
1.196372843631713840e+04
1.054146008128065114e+04
1.252321945144527126e+04
1.212568636459730260e+04
1.238209839295781785e+04
1.193613081885220163e+04
1.116017110537561712e+04
1.172841658095526873e+04
1.145679465323459590e+04
1.215824628068487436e+04
9.840666781794734561e+03
1.217030835333140567e+04
1.231858557748607018e+04
1.157943256672052303e+04
1.234033839414175418e+04
1.178679321552934925e+04
1.228318038177619383e+04
9.994705691011904491e+03
1.151203214061758263e+04
1.190414666550864786e+04
1.259845993410069605e+04
1.217525736302253608e+04
1.193054895324814788e+04
9.670350947149308922e+03
1.183464733660641832e+04
1.211720902136198129e+04
1.118168921911245343e+04
1.199096534834397971e+04
1.250893268430685202e+04
1.252060603651938436e+04
1.201036524856270626e+04
1.242633633813350207e+04
1.105040009429888232e+04
1.210410377614441859e+04
1.177239628114134757e+04
1.137162298664379159e+04
1.230836630970485567e+04
1.087195021103708496e+04
1.087715254339996318e+04
1.043137743808700543e+04
1.155348577461635432e+04
1.243985665662799875e+04
1.229248646811943036e+04
1.126291716883705703e+04
1.200049448624123215e+04
1.256257947282388341e+04
1.188500063466185384e+04
1.167610398108282607e+04
1.241387337508456949e+04
1.099456565982213760e+04
1.117054371151423766e+04
1.227701469550950787e+04
1.107194013833410099e+04
1.182832238216176484e+04
1.231753639484345331e+04
1.108705613427456228e+04
1.028051378825748179e+04
1.230093301999750111e+04
1.227078059023661626e+04
1.202455514536975716e+04
1.124994535382370304e+04
1.221932300712402866e+04
1.242200570636604061e+04
1.226137996306847708e+04
1.255472616301971357e+04
1.170462099525656777e+04
1.250527382168386976e+04
1.162033503974099040e+04
1.168312098844687716e+04
8.514019022964766918e+03
1.166344393642115756e+04
1.220570690141047453e+04
1.069510248230188154e+04
1.251587361559195415e+04
1.217076919214484224e+04
1.209607537246510765e+04
1.142465643823346545e+04
1.087569899579875346e+04
1.237710434370020084e+04
1.196243157170258928e+04
1.257774170112593492e+04
1.191442225240392145e+04
1.097101623839867716e+04
1.210960794568469282e+04
1.206847934376289049e+04
1.254753453528690261e+04
1.234806230168805268e+04
1.206773865326435407e+04
1.245103384797056788e+04
1.238635531139318118e+04
1.137245838863460813e+04
1.177369041460886365e+04
9.894032913054983510e+03
1.257971775425060332e+04
1.193613081885220163e+04
1.207181133527512247e+04
1.129791661879324420e+04
1.195513597488419691e+04
1.140506445741856078e+04
1.079153094522235733e+04
1.206741595472507106e+04
1.250338935266294902e+04
1.125158519689690365e+04
1.027688162421792731e+04
1.256101825540565187e+04
1.128418102291010837e+04
1.224524135292634310e+04
1.092356682019725122e+04
1.047232424143118806e+04
1.233965334463074214e+04
1.232457862049960750e+04
1.164853041718050008e+04
1.067830395491466334e+04
1.216712460639578239e+04
1.130310010966558184e+04
1.087569899579875346e+04
1.192117159497304601e+04
1.211407426164122080e+04
1.187909171351981786e+04
1.185583881947486952e+04
1.182710866819324656e+04
1.138124067773446586e+04
1.206928154290790189e+04
1.024828222126318906e+04
1.177519570619083242e+04
1.251748597633473400e+04
1.148324938426029257e+04
1.204736410712094403e+04
1.173573631272264720e+04
1.190828687524764428e+04
1.253743442101976689e+04
1.042094089320629428e+04
1.185088740747933298e+04
1.082129737693075913e+04
1.053629112226801954e+04
1.115513387615403917e+04
1.233571358723493177e+04
1.228217524268105990e+04
1.140994205602875809e+04
1.097549811121213679e+04
1.211539751986194460e+04
1.189039512604719130e+04
1.231863446303843557e+04
1.257616253699607478e+04
1.180506958157700865e+04
1.162151640007452988e+04
1.058770948910951483e+04
1.203985112345105154e+04
1.260024073103257615e+04
1.151263270042959630e+04
1.232047420719185902e+04
1.201872317962438683e+04
1.231209401937333678e+04
1.117802825797609512e+04
1.233420043420327056e+04
1.011495341195149922e+04
1.249183530990327745e+04
1.190848796738179954e+04
1.206249034908381509e+04
1.199268494298799851e+04
1.098531564472271566e+04
1.175762216995212111e+04
1.169672586831050467e+04
1.156223333451799044e+04
1.193082300609714366e+04
1.035111226646974683e+04
1.116676051516679581e+04
1.245108634170077312e+04
1.000075455974792567e+04
1.174943245756326178e+04
1.124783279271164247e+04
1.213591533578853341e+04
1.090905782475431261e+04
1.231747059286028525e+04
1.189442510330836740e+04
1.068301262494432740e+04
1.252935793560530874e+04
9.795098654486868327e+03
1.253554932776284841e+04
1.220137416116532222e+04
1.117429448264588063e+04
1.224733639111888624e+04
1.073169390731012390e+04
1.151657046399307364e+04
1.193808649733402126e+04
1.242696949568547643e+04
9.702077021987985063e+03
1.203302311073143574e+04
1.047182603826332706e+04
1.161157234672235427e+04
1.190198251078947578e+04
1.249121777419462160e+04
1.253082994489071280e+04
1.253290490636228060e+04
1.128660318894820375e+04
1.181657014715503283e+04
1.164486745434219301e+04
1.120784426687783343e+04
1.158406391534512659e+04
1.214462147773954166e+04
1.206741595472507106e+04
1.251388320125578684e+04
1.250136614397484664e+04
1.241644800611866231e+04
1.232724429694808714e+04
1.220161528076111972e+04
1.245895925954246195e+04
1.167581803742817101e+04
1.260468117618098768e+04
1.155682450971380240e+04
1.104887979174285647e+04
1.245413471886796469e+04
1.220987255287602966e+04
1.200869910855223316e+04
1.242588531134429650e+04
1.237486796522875738e+04
1.075753995604845841e+04
1.243998413830355275e+04
1.180043449872090423e+04
1.231813122500037207e+04
1.235881745455365308e+04
1.157275387929408134e+04
1.197402798874444670e+04
1.193247285880186246e+04
1.177299801752449093e+04
1.105246219117385590e+04
1.182390602490797755e+04
1.128641511503444417e+04
1.213360456302635976e+04
1.258634139432548363e+04
9.855567084469930705e+03
1.196949040507748578e+04
1.242535939951514956e+04
1.068446079412012659e+04
1.253670319205354463e+04
1.236315900837215668e+04
1.140314323598918054e+04
1.195435378180968110e+04
1.194579036806019940e+04
1.249225061425663989e+04
1.138201980236234158e+04
1.182138687928558284e+04
1.253082994489071280e+04
1.047859717322300639e+04
1.218022098833262498e+04
1.147877833516722967e+04
1.121812872554977548e+04
1.251587433777948718e+04
1.229113348406079604e+04
1.238504378101028487e+04
1.179307414850836722e+04
1.245677078129398069e+04
1.170555512542166252e+04
1.220888379087224894e+04
1.250444157005984198e+04
1.067687043959302900e+04
1.250326204458533357e+04
1.243819264101197041e+04
1.246664851907847151e+04
1.187791295218360392e+04
1.212761456224908034e+04
1.221797705827516256e+04
1.235077829666170146e+04
1.237370567262003897e+04
1.144054324395722324e+04
1.211241332271602005e+04
1.172021047217344676e+04
1.078334225412047090e+04
1.243206347733567418e+04
1.230656121655052266e+04
1.143333672409934843e+04
1.256909178862368572e+04
1.178798721407809717e+04
1.060132616674181918e+04
1.243129788167886727e+04
1.184387003995713530e+04
1.008397764356318294e+04
9.497661969798176870e+03
1.255696942720717561e+04
1.111536304119741362e+04
1.241071544416538927e+04
1.238816489041838940e+04
1.047818913797440109e+04
1.112604084406903348e+04
1.257251937283294501e+04
1.054074084226159175e+04
1.246243264658985026e+04
1.115745552720222622e+04
1.025513495853496352e+04
1.235464100220264845e+04
1.197000709022801311e+04
1.178098564224024449e+04
1.208830818877352976e+04
1.061468205843011492e+04
1.242285653848777656e+04
1.219881621102833560e+04
9.360006594192975172e+03
1.219025598542849184e+04
1.199369675176046076e+04
1.189987090079602422e+04
1.161932593930055737e+04
1.247473644468640123e+04
1.154616962360772777e+04
1.214044686046251445e+04
1.191574573969814810e+04
1.164931690343190712e+04
1.183658827897571609e+04
1.225259575123452669e+04
1.025002365738144726e+04
1.157151222194995171e+04
1.114176871210269019e+04
1.189380805524571042e+04
1.229292066809114658e+04
1.051504092539655539e+04
1.047818913797440109e+04
1.222697371976076465e+04
1.206547753599855059e+04
1.226313642791187522e+04
1.260163282032863572e+04
1.139653103748477952e+04
1.220019978321710369e+04
1.154766027125219080e+04
1.220998721946744263e+04
1.076380369002070802e+04
1.173061898093919808e+04
1.246946213756236466e+04
1.257064867588326342e+04
1.215351793819520390e+04
1.258366068243309746e+04
1.143292263934230141e+04
1.185632498830761324e+04
1.102309614501222313e+04
1.245923222212882320e+04
1.196198754147631735e+04
1.141554995841943673e+04
1.090068170243364148e+04
1.201495110605605441e+04
1.244622027846122910e+04
1.186483811410450653e+04
1.223405811810414343e+04
1.212858633846008706e+04
1.038581872767174355e+04
1.250451817151338400e+04
1.100482473672101332e+04
1.154574905802874491e+04
1.097201149323782556e+04
1.087674628877969735e+04
1.248209268793793854e+04
1.249829081495350147e+04
1.250462407775805696e+04
1.184317183163616028e+04
1.187968431473976307e+04
1.134983248517539505e+04
1.143686585169257887e+04
1.243096260193035596e+04
1.151134628534371222e+04
1.162652338232075635e+04
1.219141181906874226e+04
1.060197059530198385e+04
1.255806623429356841e+04
1.100369121439000810e+04
1.136642634987575366e+04
1.205070265466394994e+04
1.190673918929601859e+04
1.184937221759940439e+04
1.247228775667319496e+04
1.203458186240016403e+04
1.141792489680293329e+04
1.183473827876872383e+04
1.069694512111717995e+04
1.170998820924486608e+04
1.245233093961655504e+04
1.047724049480555368e+04
1.221242458555625672e+04
1.247978390084937018e+04
1.258225495324336225e+04
1.202884674295510558e+04
1.235999443871617041e+04
1.180125666352029657e+04
1.184103465717206927e+04
1.214258728508328568e+04
1.157459919788465049e+04
1.255549275127208421e+04
1.229454760065485607e+04
1.199168936864732314e+04
1.255231239963555345e+04
1.208850719993720668e+04
1.260298086290982792e+04
1.252177003590453023e+04
1.057532946911952422e+04
1.256689975110041996e+04
1.223021340492324271e+04
1.158949061595339663e+04
1.203641126925432400e+04
1.252638398232182408e+04
1.177957359240054575e+04
1.212237106828453034e+04
1.243298299546731869e+04
1.258493454307977299e+04
1.260657131781095268e+04
1.239418992152989631e+04
1.205980870321791735e+04
