1.441772415422584891e+04
1.605817708645202947e+04
1.550886675996070517e+04
1.580195406746964363e+04
1.638971325773136050e+04
1.685021999194769160e+04
1.662605569791156449e+04
1.613648009924762482e+04
1.637421783604289703e+04
1.689223960892482137e+04
1.608047599038822591e+04
1.628061433042367207e+04
1.605076200352490559e+04
1.687259492660190153e+04
1.548559476945328061e+04
1.615046127915394209e+04
1.677461871500726556e+04
1.415642720503606688e+04
1.637794629290344164e+04
1.646251914094993117e+04
1.451929675387373391e+04
1.639114439471238074e+04
1.666066648911665470e+04
1.678626450921458309e+04
1.695919414471611162e+04
1.666007140882856766e+04
1.665401519033051591e+04
1.613961328583805880e+04
1.582620883989017238e+04
1.554684358250378500e+04
1.692653899802343949e+04
1.643909475668638333e+04
1.542273900134997530e+04
1.515829355504608429e+04
1.642045445840441971e+04
1.690364780930622874e+04
1.638487036715628710e+04
1.479689198034327455e+04
1.584498839504176431e+04
1.657860466330000418e+04
1.679640111687703393e+04
1.683290803730571497e+04
1.626617311926247567e+04
1.594826188657077000e+04
1.659399697350103816e+04
1.580358481610723175e+04
1.680516442993637611e+04
1.696194447531149854e+04
1.586217245418257153e+04
1.627739805406700907e+04
1.664456350464829666e+04
1.541239418342686258e+04
1.603810092381102731e+04
1.446682991818467235e+04
1.466310036131944071e+04
1.629966430581233544e+04
1.638720486321389762e+04
1.693779324716147676e+04
1.632011940933501683e+04
1.690345905795761064e+04
1.550029696815086209e+04
1.668396885886673772e+04
1.654387340176904763e+04
1.555437039868691500e+04
1.683067688884730887e+04
1.581160242768841272e+04
1.672815321120536828e+04
1.435960599715119861e+04
1.681429450111130791e+04
1.605152247615214401e+04
1.638411128487230599e+04
1.641715254359238315e+04
1.635126332979849394e+04
1.642045445840441971e+04
1.584910427680682733e+04
1.657535146381608138e+04
1.696046547018475394e+04
1.677443131022112357e+04
1.598749120963667156e+04
1.653741252748417901e+04
1.634079297562474494e+04
1.654888422014413300e+04
1.667361512186897016e+04
1.644151925197208038e+04
1.652569983453633904e+04
1.401672820378736469e+04
1.689831214750763684e+04
1.509612799804820315e+04
1.671988125387179025e+04
1.672789015662025849e+04
1.666075611843345905e+04
1.684291495411324649e+04
1.605534930980841091e+04
1.478709234368979196e+04
1.622057166877246163e+04
1.683424933554155359e+04
1.605777960605749831e+04
1.687182248619611346e+04
1.653463612599123007e+04
1.629720631215096364e+04
1.673583516892118860e+04
1.654149144561969297e+04
1.619992702798298342e+04
1.485717289515653465e+04
1.614133726080803171e+04
1.507409047642906989e+04
1.580605296198468022e+04
1.692750520690892881e+04
1.590276611491512631e+04
1.601569044559535723e+04
1.560337078922460569e+04
1.515623115097771733e+04
1.656539483400831159e+04
1.612463778192114478e+04
1.666642846582291895e+04
1.577985145327463215e+04
1.595856213124782516e+04
1.586602381154906834e+04
1.399368323194702498e+04
1.500149657940972793e+04
1.601947447913994984e+04
1.681214671432397154e+04
1.674113434946239431e+04
1.628372318076178271e+04
1.492456717325866703e+04
1.558081801716642440e+04
1.595767346990305668e+04
1.681176352360511009e+04
1.694996812555284851e+04
1.694494732663430841e+04
1.602723256708308691e+04
1.494761599579570247e+04
1.632828735102358405e+04
1.560085660992403791e+04
1.634118257471998368e+04
1.650790063625234325e+04
1.664499278400286494e+04
1.527096385497350275e+04
1.465995832461086502e+04
1.683786934384709821e+04
1.695662672138060589e+04
1.644949224297939145e+04
1.607229063555021094e+04
1.695539277129660331e+04
1.615023358764462682e+04
1.625278159979932570e+04
1.676322968755461261e+04
1.569349011307459295e+04
1.552562505343013072e+04
1.582861689760304398e+04
1.666582770678168163e+04
1.674324184774210880e+04
1.678080788380117156e+04
1.543206500218568544e+04
1.682205662037909497e+04
1.552562505343013072e+04
1.571456100175496613e+04
1.673298067101619381e+04
1.535958294804181787e+04
1.623271521131707050e+04
1.585672231358597128e+04
1.498823617479073073e+04
1.453068370662251618e+04
1.641436816825989445e+04
1.589052615468811200e+04
1.597323864602803405e+04
1.632901086014123575e+04
1.622872777976933867e+04
1.440198250447618193e+04
1.618876396798888891e+04
1.495371398020701236e+04
1.683017691964831829e+04
1.683919150551799248e+04
1.610237725635988863e+04
1.643383048804792634e+04
1.640922667681396706e+04
1.586521524522730761e+04
1.606199224038123793e+04
1.254824630870015790e+04
1.678410754411251764e+04
1.486369779598501555e+04
1.610355437823553257e+04
1.657187160043461336e+04
1.643819399374695058e+04
1.679952054982280242e+04
1.597323864602803405e+04
1.619286228915854736e+04
1.567070861042769138e+04
1.578415788841014182e+04
1.655004428475803434e+04
1.605241104874546363e+04
1.686853648024290669e+04
1.666923502292807461e+04
1.614269831356998111e+04
1.604017865400578012e+04
1.456740863166080817e+04
1.570989897988806297e+04
1.625760844259246005e+04
1.630059263805481169e+04
1.658199839204873206e+04
1.557561643717805964e+04
1.678946463736155056e+04
1.645787382425031683e+04
1.673721069979855747e+04
1.637960758343523776e+04
1.683892697077423145e+04
1.616084208253763609e+04
1.622333291025342623e+04
1.395985956711925246e+04
1.696099820303379238e+04
1.341890163570908771e+04
1.632828735102358405e+04
1.579221094300214463e+04
1.684808531774058065e+04
1.676258123832762067e+04
1.558766972080038613e+04
1.674114043111169303e+04
1.528059791367785874e+04
1.610905694475392193e+04
1.644718339365808060e+04
1.614360357451636810e+04
1.625901938473612427e+04
1.679383801287919778e+04
1.596316813490014101e+04
1.546213707854402492e+04
1.556929817474115043e+04
1.662815297035390540e+04
1.618135565713986944e+04
1.632714716105410844e+04
1.532965264582848977e+04
1.667009646633779630e+04
1.641830280189928089e+04
1.676481748928461457e+04
1.676566127112818504e+04
1.512865711268384439e+04
1.656314201016502921e+04
1.630362120913478793e+04
1.500983836698826599e+04
1.637519591255253908e+04
1.649489447007309354e+04
1.648028599001582188e+04
1.584344504268866694e+04
1.614010845121495731e+04
1.654165423472828843e+04
1.581984078122765823e+04
1.648909827746795054e+04
1.566309814478340923e+04
1.494089303941850449e+04
1.614887562131221421e+04
1.693414476605083837e+04
1.696738564204987779e+04
1.640458213739437633e+04
1.559097085909053567e+04
1.462647363176983527e+04
1.622655128741612134e+04
1.607812615429290781e+04
1.635187098985309967e+04
1.607774050154673023e+04
1.693085143446959046e+04
1.641070453243821612e+04
1.543206500218568544e+04
1.321664297862151761e+04
1.642791654056097832e+04
1.571369878748672636e+04
1.437759128193117067e+04
1.471369919532793028e+04
1.551001324405972264e+04
1.634674789052207052e+04
1.648890352612574497e+04
1.506809689926730425e+04
1.606094878242210689e+04
1.563250421508819090e+04
1.615448929324709206e+04
1.651585124334766078e+04
1.661246147720557201e+04
1.533199781187027475e+04
1.539876799712992579e+04
1.668224444946473886e+04
1.540031910597549904e+04
1.644888495952622907e+04
1.634079297562474494e+04
1.656646153961447635e+04
1.538921360382883358e+04
1.602644153386977450e+04
1.694193245043476782e+04
1.568703286472930813e+04
1.655101084286724290e+04
1.599427830851048020e+04
1.690504625566949835e+04
1.626100271679673460e+04
1.697128898440105695e+04
1.618965545952580578e+04
1.401484570428062580e+04
1.618241842959626047e+04
1.531077672809987234e+04
1.688896503618195857e+04
1.425403987430247071e+04
1.596742587151922453e+04
1.679942533621726761e+04
1.220076980532992457e+04
1.682857172862274092e+04
1.656733441635322379e+04
1.652288912210697163e+04
1.641705889373088576e+04
1.663001814800312422e+04
1.691358428286408889e+04
1.444015028700885159e+04
1.692607189695327543e+04
1.656585752615550882e+04
1.326335960820575929e+04
1.665318209386390299e+04
1.650062792780830205e+04
1.634876146685316417e+04
1.676283811497960414e+04
1.515763172642155223e+04
1.667704078557744651e+04
1.618142922249591720e+04
1.687221823263228725e+04
1.658804593228556769e+04
1.614320385987828922e+04
1.485717289515653465e+04
1.662904466679085454e+04
1.487925951298639848e+04
1.652109981284619789e+04
1.479917544802425618e+04
1.492705600380920259e+04
1.575877901239152197e+04
1.664218431335229252e+04
1.536908690009260317e+04
1.670225743343175054e+04
1.695966237892933714e+04
1.643113751788754598e+04
1.663561706505734401e+04
1.657305892316602331e+04
1.674295552747440524e+04
1.566487850221227200e+04
1.600797190310801670e+04
1.600195853027494559e+04
1.689754737689747708e+04
1.688641098127646910e+04
1.577309121099763433e+04
1.334995218569782628e+04
1.465248251096103195e+04
1.598047465022661345e+04
1.556748832482682337e+04
1.533199781187027475e+04
1.614048235985158863e+04
1.567779653570252231e+04
1.588376749932939856e+04
1.552245158521754456e+04
1.655844930050195399e+04
1.387234883545951016e+04
1.594708997421894310e+04
1.690174328966553003e+04
1.473585434344360146e+04
1.529469702401313953e+04
1.490904932810909304e+04
1.633336632216159524e+04
1.692431577442387788e+04
1.689013664180298656e+04
1.576925583341295169e+04
1.551022713026634301e+04
1.647379367317893048e+04
1.680182135348144220e+04
1.665079384346498045e+04
1.691767897474986967e+04
1.563656363412057726e+04
1.682566661497094901e+04
1.547968173315268359e+04
1.694014392455815687e+04
1.646166655686985177e+04
1.668327684914951533e+04
1.640697124527674532e+04
1.686070467562354679e+04
1.600616359572977672e+04
1.644416156143053740e+04
1.635748746059941186e+04
1.592450349447407098e+04
1.574988489546124401e+04
1.590515030816176113e+04
1.620680717633049062e+04
1.685372666070892956e+04
1.670383147371446830e+04
1.561297354231999998e+04
1.663840471639109455e+04
1.670590381434973096e+04
1.611417970373234493e+04
1.623900053421184930e+04
1.515417664783730652e+04
1.176367532305923123e+04
1.509335353447586385e+04
1.670023643850146618e+04
1.675183056313677662e+04
1.696435277201645658e+04
1.370738907077758267e+04
1.630767357614275352e+04
1.561847382324488171e+04
1.689609002945721295e+04
1.606736852758791611e+04
1.647868846044522797e+04
1.638264395098740351e+04
1.627467895664693242e+04
1.464817830514866000e+04
1.555649374964427261e+04
1.634251730769596361e+04
1.620196070426503866e+04
1.627401953270685408e+04
1.610432038188961815e+04
1.680201642477777204e+04
1.565078811767812658e+04
1.667150267303371947e+04
1.636767950947055215e+04
1.623359790690299815e+04
1.668193439428074271e+04
1.598978125021070991e+04
1.679220405976575057e+04
1.682519040680069156e+04
1.524659481409028012e+04
1.550912586526776067e+04
1.612781814027982546e+04
1.593003162629147118e+04
1.676899528192073922e+04
1.619640648620185129e+04
1.678747702784191642e+04
1.637616498003316519e+04
1.670353283672068574e+04
1.460437672438388108e+04
1.687070193100619508e+04
1.579786426919759651e+04
1.587519192812337133e+04
1.670348543106847501e+04
1.580195406746964363e+04
1.605866028624631872e+04
1.685682617382251192e+04
1.690174328966553003e+04
1.600678813753627946e+04
1.560792506355021578e+04
1.580966623402554978e+04
1.590485740970644474e+04
1.561476527457780503e+04
1.637006711795806768e+04
1.656758520224562380e+04
1.599438457217909490e+04
1.599133906584366378e+04
1.613244834292868291e+04
1.521756745059890454e+04
1.584248998250014665e+04
1.596553963745739202e+04
1.666250681712655205e+04
1.694921916718752254e+04
1.606076104618926729e+04
1.690182623423351833e+04
1.664055086129181291e+04
1.674092307553455976e+04
1.670777832882388975e+04
1.604750182914803372e+04
1.613410647104340569e+04
1.496177183687741490e+04
1.564398622952399091e+04
1.642517874567099352e+04
1.649484123345601620e+04
1.433876800520371216e+04
1.650303032557342522e+04
1.667122445588816481e+04
1.637787495254994064e+04
1.665079384346498045e+04
1.666804842930255836e+04
1.615143244762507129e+04
1.632799596794314493e+04
1.578035763161160503e+04
1.666541647786998510e+04
1.420666004305061142e+04
1.659007335702456112e+04
1.640196534487984900e+04
1.590357016681060850e+04
1.621527160222545353e+04
1.678756230627312470e+04
1.608224831466985779e+04
1.640760406703139961e+04
1.641569311940129410e+04
1.593076379436440220e+04
1.605387582375077909e+04
1.438428087620876795e+04
1.668983107410993398e+04
1.564935839036014659e+04
1.594703459955284416e+04
1.493333546510293309e+04
1.697050065128332790e+04
1.422713046839797244e+04
1.681380070371183683e+04
1.673742071315259818e+04
1.645788159388239728e+04
1.654149185984006908e+04
1.324997142616967176e+04
1.596932850170153688e+04
1.644520081660203869e+04
1.301123183710310695e+04
1.671901318917159733e+04
1.531744400698419486e+04
1.561403716407982574e+04
1.581420962609820708e+04
1.651625350232662458e+04
1.589474979771478684e+04
1.651059845708094144e+04
1.588610895316955794e+04
1.599384681343140255e+04
1.571418251501055965e+04
1.650627128582516161e+04
1.655736323357618676e+04
1.656960027915909450e+04
1.517341759150850521e+04
1.570213928737150491e+04
1.635461831246256406e+04
1.670018802515963034e+04
1.556652089317483114e+04
1.654043191663244943e+04
1.695375472713154886e+04
1.519257190438870748e+04
1.589144720564338240e+04
1.647043205643450347e+04
1.569100833548515584e+04
1.421993865807794828e+04
1.440208408646737189e+04
1.581097837436642294e+04
1.669265967168481802e+04
1.658916618776728865e+04
1.423198434181799712e+04
1.593945923984926230e+04
1.537029997451380405e+04
1.500460812800116582e+04
1.690855419373821496e+04
1.518241886173851344e+04
1.415205113392914791e+04
1.683980971020588549e+04
1.636121149499291460e+04
1.546490375143565325e+04
1.609416068683247431e+04
1.688641640287097107e+04
1.583617915217766677e+04
1.634621722674545526e+04
1.301202479776375912e+04
1.465248251096103195e+04
1.686004314470369718e+04
1.664776344738750777e+04
1.693060183297562253e+04
1.353275643959724948e+04
1.665071615844057669e+04
1.603519260096946709e+04
1.249178384614262905e+04
1.526959525944338748e+04
1.603242090743974404e+04
1.690602021653106567e+04
1.512357994291959221e+04
1.554684358250378500e+04
1.688378999335295157e+04
1.603044140711824184e+04
1.356001631573376653e+04
1.615474222176710464e+04
1.312773123338442201e+04
1.562737275997365577e+04
1.628061433042367207e+04
1.696443006651134056e+04
1.624463841222754854e+04
1.540897490739897694e+04
1.532714323822691586e+04
1.663727043655284069e+04
1.490904932810909304e+04
1.647503899459943204e+04
1.646251914094993117e+04
1.679197113380767405e+04
1.614793418614845723e+04
1.579177188434332129e+04
1.522225379515046370e+04
1.574299767010194591e+04
1.624508559684085230e+04
1.323403339351295108e+04
1.661536992261571504e+04
1.658315833060227305e+04
1.685537614155629853e+04
1.592196834953970574e+04
1.655844930050195399e+04
1.654097588855642607e+04
1.632912587802195048e+04
1.470785985241396338e+04
1.692279751260564808e+04
1.688469411616119032e+04
1.616413618728964866e+04
1.531229568083066624e+04
1.555279497649077530e+04
1.443283045148331803e+04
1.617401006209319166e+04
1.588094773107754372e+04
1.675255722739960765e+04
1.598328680129454369e+04
1.562417601512723922e+04
1.445124703372503427e+04
1.695245062359396252e+04
1.634399297112993008e+04
1.688069331543598673e+04
1.610567914523415311e+04
1.660247388815472368e+04
1.595607746256314567e+04
1.650590043678024813e+04
1.693141332605136631e+04
1.646866056799164653e+04
1.614118650102639731e+04
1.689867212380389901e+04
1.646476930020261716e+04
1.676776620361118330e+04
1.575652906593885382e+04
1.400242238864898172e+04
1.606659908588310827e+04
1.635911226468302266e+04
1.491878882242129839e+04
1.643717569210180591e+04
1.675609768570615051e+04
1.578505423023793264e+04
1.676690979244099435e+04
1.685089545914081828e+04
1.537706329140172238e+04
1.687115540426613006e+04
1.381735193100022661e+04
1.678694406897536101e+04
1.594861214500441383e+04
1.541239418342686258e+04
1.528889854135082714e+04
1.617427894308492978e+04
1.667783669017961802e+04
1.637191861097985020e+04
1.695165540575347768e+04
1.580549245423192770e+04
1.550672041111143699e+04
1.683125402290149214e+04
1.348411685673912143e+04
1.642853196830678280e+04
1.651018894997355528e+04
1.569519287308167259e+04
1.696635147781951673e+04
1.668490995218330863e+04
1.644256868427828886e+04
1.416878688836351648e+04
1.653062518972097314e+04
1.603266231766925739e+04
1.582959878953451334e+04
1.593076379436440220e+04
1.485655770499189930e+04
1.521770451537002555e+04
1.675333090247164728e+04
1.622284887899335081e+04
1.582144337379630815e+04
1.648603596618567099e+04
1.695321088251219771e+04
1.560630431144425893e+04
1.373472966009043193e+04
1.644016286699197008e+04
1.679242697323426546e+04
1.670470527164270607e+04
1.540031910597549904e+04
1.662351618437793877e+04
1.675580249407118026e+04
1.584782073500645856e+04
1.590031626554953982e+04
1.664941685223005697e+04
1.653062518972097314e+04
1.488657035144892870e+04
1.558150931177439634e+04
1.584699527308552570e+04
1.535119535212161281e+04
1.577401220568362442e+04
1.654978510450788599e+04
1.649577097085976129e+04
1.670264571044316108e+04
1.689565846508528921e+04
1.661429516687683645e+04
1.659427539543796593e+04
1.594809538412303846e+04
1.445158151955539688e+04
1.542780316912296439e+04
1.642517874567099352e+04
1.682574610016720544e+04
1.646130190378159750e+04
1.669435358273629390e+04
1.357942964222208684e+04
1.684605114777822746e+04
1.652234217557111697e+04
1.659985638698547336e+04
1.591274375958046585e+04
1.668359845014602979e+04
1.571334662721751374e+04
1.673394388302715015e+04
1.628800292347868526e+04
1.646485265740169416e+04
1.676283811497960414e+04
1.544180909600625273e+04
1.525748392634602715e+04
1.499990701394500866e+04
1.616461544778530697e+04
1.525017207562595831e+04
1.512362052170234529e+04
1.229291570060008235e+04
1.650435594959895752e+04
1.509985392223397503e+04
1.616380018040300092e+04
1.569642008478142452e+04
1.473143875023894725e+04
1.639549156675667473e+04
1.654762962501230140e+04
1.689571642207548939e+04
1.648813085572015916e+04
1.618199605787212022e+04
1.673052618394583260e+04
1.653753514422791341e+04
1.685898761615805415e+04
1.521033275808920007e+04
1.676536437376199319e+04
1.615746211970926197e+04
1.580195406746964363e+04
1.686737681827335473e+04
1.602168409916122982e+04
1.486188555955604897e+04
1.595765911240784044e+04
1.580452434946447829e+04
1.690110045247484959e+04
1.664174615718295172e+04
1.645518655164390293e+04
1.318203151197940497e+04
1.542508672430753722e+04
1.667266614928229319e+04
1.630292038518286790e+04
1.554829935352100438e+04
1.658617449285553084e+04
1.685332356251421879e+04
1.662182700695905078e+04
1.638463891530096953e+04
1.688657177933278217e+04
1.580452434946447829e+04
1.565969043313403927e+04
1.544102144967738786e+04
1.689347293014170282e+04
1.644256868427828886e+04
1.492473987673016381e+04
1.634764880842899402e+04
1.269007585299575112e+04
1.543232034144682621e+04
1.654837994044144580e+04
1.644501426107802399e+04
1.692362476967094335e+04
1.593415141865770784e+04
1.654866776832913820e+04
1.539838880856368451e+04
1.501104332666608389e+04
1.638949822196354216e+04
1.630497978693729965e+04
1.678188301093549671e+04
1.655540163275871964e+04
1.636193092472391254e+04
1.543174354515814230e+04
1.669490153855649987e+04
1.642791654056097832e+04
1.658172296162842758e+04
1.691235125934326061e+04
1.334995218569782628e+04
1.507563399016499898e+04
1.541666667629892072e+04
1.616234031013575805e+04
1.581070094618656913e+04
1.461099681872975816e+04
1.582478127384888103e+04
1.673775054465764697e+04
1.629758239874125866e+04
1.643048415898013627e+04
1.691277116378938808e+04
1.415899467206534428e+04
1.673900282273440462e+04
1.649511415665908862e+04
1.624848339216089153e+04
1.601897870622189657e+04
1.581475208368612948e+04
1.676207039609483036e+04
1.651577248007517483e+04
1.608047599038822591e+04
1.665409984696624451e+04
1.547043847048795215e+04
1.651032035631369945e+04
1.652455642959269971e+04
1.679051690392071396e+04
1.638299413116590404e+04
1.694508105553824134e+04
1.681974610882423440e+04
1.685568317710556585e+04
1.470785985241396338e+04
1.655106982432651785e+04
1.330287432679217818e+04
1.567488986123482937e+04
1.635808490543722291e+04
1.674670843469511601e+04
1.537029997451380405e+04
1.634758656883394178e+04
1.666327512049690267e+04
1.564411625509097576e+04
1.627974521171872948e+04
1.543422879297073814e+04
1.605861961339377194e+04
1.681464402726152184e+04
1.634948971186059862e+04
1.682868631653614284e+04
1.694996812555284851e+04
1.662218286092667404e+04
1.625859751624131059e+04
1.540031910597549904e+04
1.526026015364735213e+04
1.667473832785640116e+04
1.660529811193763089e+04
1.618928321493919611e+04
1.677070914179954707e+04
1.641198682333372562e+04
1.495462625069898786e+04
1.608562199184998099e+04
1.603306255679617425e+04
1.654607223640700613e+04
1.651439163501638177e+04
1.381825417058902349e+04
1.553055929033168104e+04
1.504469492617615106e+04
1.684567796011718019e+04
1.556284080468175671e+04
1.626608686073086938e+04
1.409019667471580397e+04
1.662435799193583807e+04
1.602099115917015661e+04
1.646969433723258044e+04
1.673761359479745443e+04
1.594110934808784805e+04
1.557001655680247131e+04
1.576028110902979097e+04
1.561361493140444691e+04
1.648128505740273249e+04
1.549206015689481137e+04
1.488893218357564001e+04
1.482258708427792408e+04
1.695599815978312836e+04
1.445317955405569774e+04
1.630587864433447612e+04
1.665166842056177120e+04
1.641198682333372562e+04
1.618849387057890453e+04
1.632025722201863391e+04
1.651739949598910971e+04
1.648247163717748117e+04
1.511165383736327931e+04
1.652284441546326707e+04
1.617638436465536142e+04
1.670126616458347780e+04
1.638720486321389762e+04
1.639378309714573334e+04
1.600478014776686177e+04
1.658635783237146825e+04
1.650067010849617145e+04
1.562559544574464417e+04
1.676260155121502612e+04
1.649577097085976129e+04
1.658903240412454761e+04
1.434323929257614873e+04
1.672514328289562036e+04
1.582764621607997287e+04
1.612709944991995872e+04
1.647043205643450347e+04
1.560792506355021578e+04
1.601872976271710650e+04
1.570429950220077444e+04
1.590379395294595452e+04
1.665228329718443638e+04
1.641198682333372562e+04
1.655846902736040647e+04
1.668883479406316110e+04
1.600862942793447655e+04
1.612124798684938651e+04
1.672460673044282885e+04
1.611606808913809073e+04
1.646379833969644096e+04
1.618584776343899466e+04
1.681149608716784860e+04
1.462647363176983527e+04
1.641495230693690610e+04
1.688819774932121072e+04
1.654927315767470282e+04
1.671189202621990989e+04
1.606571722167883127e+04
1.497831977255223683e+04
1.645074193731627020e+04
1.636193092472391254e+04
1.662382744304181324e+04
1.603788337247294839e+04
1.663859418533967255e+04
1.668229378652908781e+04
1.695124270292851725e+04
1.620496216869242380e+04
1.627738545902705846e+04
1.606546864435529278e+04
1.591592751747459806e+04
1.606413340149407304e+04
1.640377723244720619e+04
1.643854289325457648e+04
1.611277091847441989e+04
1.627824118171252849e+04
1.606350499484662942e+04
1.598795214906286856e+04
1.533280222239389332e+04
1.546750549739993585e+04
1.470832424064000952e+04
1.643764635132212788e+04
1.507563399016499898e+04
1.611335599871090744e+04
1.696756571399456516e+04
1.628821984361329851e+04
1.434063692370707213e+04
1.415205113392914791e+04
1.640784901560061917e+04
1.612283608745931451e+04
1.503589113807699687e+04
1.583905675703025918e+04
1.564734853698990264e+04
1.622445322699157259e+04
1.645760034347820329e+04
1.685081652323693925e+04
1.486281478856169815e+04
1.548353551455825436e+04
1.533057730473735137e+04
1.657004832183076360e+04
1.600190376822187500e+04
1.555259365489463744e+04
1.613626762996010257e+04
1.671754605850572989e+04
1.596724341725964769e+04
1.668224444946473886e+04
1.520094761873034258e+04
1.623277853822422185e+04
1.654227185288982946e+04
1.591887615396195724e+04
1.631417583170784383e+04
1.643819399374695058e+04
1.225670474295622080e+04
1.681381819327059202e+04
1.568029270233177522e+04
1.630656924362669088e+04
1.665395543572387760e+04
1.675879494319641162e+04
1.631216301315186865e+04
1.616711558161352514e+04
1.656994773893511592e+04
1.670355431208415393e+04
1.574299767010194591e+04
1.643717569210180591e+04
1.274940736393955558e+04
1.619687395856194780e+04
1.649875241212420951e+04
1.634778893189628798e+04
1.653879150845962431e+04
1.469635656834263136e+04
1.597813392311159259e+04
1.588415427330364037e+04
1.622533539143083544e+04
1.380164455658623774e+04
1.542408223054455448e+04
1.668392895780400431e+04
1.691292330764605867e+04
1.553187780049072717e+04
1.484185719499827064e+04
1.678246153912786394e+04
1.657240049096813891e+04
1.594129430890523145e+04
1.630596229729590596e+04
1.603600904955216174e+04
1.589729074526819932e+04
1.642853196830678280e+04
1.656900203303666058e+04
1.625750442495643983e+04
1.565499230785782856e+04
1.629965010486010397e+04
1.680934265712558044e+04
1.598047465022661345e+04
1.663060819974113110e+04
1.548039063409183836e+04
1.616711558161352514e+04
1.634244066885292159e+04
1.693621476230046392e+04
1.691665113720942463e+04
1.631395658747822745e+04
1.663316413582121459e+04
1.538647532390927518e+04
1.664339768959055800e+04
1.433876800520371216e+04
1.618680712101220706e+04
1.464116361716845495e+04
1.674885127726170322e+04
1.673140430088753783e+04
1.563155299908012785e+04
1.628748737654108845e+04
1.621936269205492863e+04
1.646625930425300248e+04
