9.751182263393175162e+03
8.840628581754510378e+03
1.082227916314875984e+04
9.636765954895921823e+03
1.064911001709001357e+04
1.067956963409164564e+04
1.050579752166187063e+04
9.055342359672862585e+03
9.038981814012109680e+03
1.035893123122979159e+04
1.005955203097115373e+04
9.888373341295005957e+03
9.904135953187476844e+03
1.009041998887453155e+04
1.034129732999318730e+04
9.263254648141348298e+03
1.035903851006547120e+04
1.032095552337667323e+04
1.093706486034584668e+04
9.863582149362591736e+03
1.014664424317062367e+04
1.040053581587096778e+04
9.289470914413237551e+03
9.488632949291644763e+03
1.079037570426467937e+04
9.930327129366538429e+03
1.040860524920853641e+04
1.093450663947443172e+04
8.404814420896234878e+03
1.003530715273693932e+04
1.088774935199600804e+04
9.337442744898788078e+03
9.065082782102464989e+03
9.026510082882388815e+03
1.074689137515122275e+04
9.779265048782875965e+03
9.941187062367018370e+03
1.030490008791275613e+04
1.045888912327040453e+04
8.701293212559450694e+03
1.069088309406882036e+04
1.082915478939401874e+04
1.033590676984660968e+04
1.087175395876499169e+04
9.897833621601370396e+03
1.013025790695124306e+04
1.082519720175925613e+04
9.488063372585365869e+03
1.028123751211998569e+04
1.093595922871431685e+04
1.044999786760590359e+04
9.561619171840509807e+03
1.093495522311465902e+04
1.091780202378394097e+04
1.088765596836584155e+04
1.088707721793594465e+04
1.061133624113693804e+04
1.087331966152431050e+04
1.018871875971651025e+04
1.031885613739608925e+04
1.029018437454053856e+04
1.067283578380682047e+04
1.042126406901540759e+04
1.077700256813305532e+04
1.070606676755998706e+04
1.049888714528172568e+04
9.816525699283865833e+03
1.006925033364633600e+04
1.093818671126550908e+04
1.012460390464478041e+04
8.428597697378991143e+03
1.090699191685424375e+04
1.022903038906949769e+04
1.086212165544652089e+04
1.010826857179610306e+04
1.062838521075857352e+04
1.065999191733179396e+04
1.036166632394293629e+04
1.048969754033941899e+04
1.003757020181368716e+04
1.057774938894369734e+04
1.066321041372830223e+04
9.191596238154626917e+03
1.072478177123471323e+04
1.093010740684089251e+04
9.429865043083476849e+03
1.082681034109398752e+04
1.057348650460595672e+04
1.036811653439263318e+04
1.007947918741630565e+04
1.088873595470397049e+04
1.089985318903408552e+04
1.000965051668631895e+04
1.040062983698553217e+04
1.078364942346980752e+04
9.218328360242267081e+03
1.054006802734375378e+04
9.987165942733623524e+03
9.838846267856821214e+03
9.267885017431744927e+03
1.029780393240623744e+04
1.018417914509046022e+04
1.081326773905890695e+04
1.045136213110270910e+04
1.079017276366885562e+04
1.007989127468614424e+04
1.089470888759148875e+04
1.031700708143699376e+04
1.016857799002754473e+04
1.076861228614919310e+04
1.063355507372977809e+04
9.119645911226452881e+03
1.087650714072228402e+04
1.045746587339373036e+04
1.040032594787830749e+04
9.918292551340664431e+03
1.049858418261085899e+04
1.049105009540245555e+04
1.015118809048609182e+04
1.033191137199776676e+04
1.076539028380830860e+04
8.904191487205876911e+03
9.438468345527076963e+03
1.078295288869062824e+04
1.062975679812553244e+04
9.015715443973052970e+03
1.077076643040507224e+04
1.091969850044503073e+04
9.858493057090538059e+03
9.532744655934955517e+03
1.063691007511226962e+04
1.018972439586683504e+04
1.046649634033528855e+04
1.062425026856109616e+04
1.067512754203677287e+04
1.082521303062964944e+04
1.056518513757370238e+04
1.088410804644877317e+04
1.089257734671098660e+04
1.079855934738341239e+04
1.086876368609691781e+04
1.092520160695012237e+04
9.750368216966751788e+03
1.092851414533834759e+04
1.058144844678871232e+04
9.991185518451484313e+03
1.014354260958783561e+04
1.089427890348515575e+04
9.831582913902924702e+03
1.028139977750560683e+04
1.084525498046167559e+04
1.073845016771609517e+04
9.697549480627219964e+03
1.045400036158745024e+04
1.015314250619720406e+04
1.081076009455894018e+04
1.053578313664293819e+04
9.238003298727351648e+03
1.039105861915322384e+04
8.910513491817986505e+03
1.048357118138780788e+04
9.802523481075608288e+03
9.249073718612944504e+03
1.054306725128978360e+04
1.094091575281534460e+04
1.018705692437156904e+04
1.011018361756400918e+04
1.071813809166244755e+04
1.059294310451620549e+04
1.041176599041712325e+04
1.091909938728969792e+04
1.037148662425734074e+04
1.044470291804571389e+04
1.040550095201512158e+04
1.032883981855190723e+04
1.015923757404991920e+04
9.099354593644886336e+03
1.079064847173792077e+04
9.367628148845144096e+03
1.087222852731826970e+04
1.035611566854794728e+04
9.065469441801753419e+03
1.085380511940865108e+04
1.039718227197858505e+04
1.083532417181470009e+04
1.087985774834678887e+04
8.969491680513292522e+03
1.022143902072912715e+04
9.945686577248607136e+03
1.069822510281599534e+04
1.029729210226625946e+04
1.047424004526596400e+04
7.703170639188585483e+03
9.611050607956613021e+03
1.073251859810311544e+04
1.017194569040077840e+04
1.038478567541172379e+04
1.038389559178489799e+04
9.898206088277191157e+03
1.015276089426310500e+04
1.084741493750183326e+04
1.062030005208222792e+04
1.063105016263121433e+04
1.090522542490347769e+04
1.013556488159768560e+04
9.845442530992648244e+03
1.093751048036771499e+04
9.579225085157049762e+03
1.003260673236943512e+04
1.088896780496282372e+04
9.669741824741926393e+03
1.032255541778864790e+04
9.897833621601370396e+03
1.062138054231140632e+04
1.003044325802445201e+04
1.033853472138589495e+04
1.032984507410801416e+04
1.050241357630509083e+04
1.086461401988370562e+04
1.002869383713745810e+04
1.093100512573303422e+04
9.826694899809595881e+03
1.075953554881495620e+04
1.002473580834397399e+04
1.043934915001759509e+04
1.056753554334334331e+04
9.514069841966484091e+03
9.968691712873089273e+03
1.043543492015306765e+04
1.083630905039944446e+04
1.005576890247879419e+04
9.751752981520388857e+03
1.050184704384661018e+04
9.881554198969659410e+03
1.063355507372977809e+04
9.560591308302922698e+03
1.051788634275238292e+04
1.093974342746007824e+04
1.076922856528832199e+04
1.070573882946271806e+04
1.080780145841767080e+04
1.078569025131235867e+04
1.037336844344066412e+04
1.072080086235181443e+04
9.386164040034944264e+03
1.010975431143180322e+04
1.075525391126918112e+04
1.019873654939078915e+04
1.055005424222845431e+04
1.022152244654055539e+04
9.814006629995401454e+03
9.262752159558309359e+03
1.061320525699982136e+04
9.913554953906879746e+03
1.019290365467157062e+04
1.036669505890478467e+04
1.029079850720070135e+04
1.008772378487408241e+04
9.636016545545775443e+03
1.043147556613884808e+04
1.089351392186545854e+04
1.077611395086012271e+04
1.087129909453972869e+04
1.063657277741113467e+04
9.486327544973431941e+03
9.863980652847629244e+03
9.782213743805506965e+03
9.408032802938170789e+03
9.832397190566935024e+03
1.054096522084282697e+04
9.560055987295880186e+03
1.074395104765181895e+04
1.011359303953947165e+04
1.025815010613520644e+04
9.640508824390992231e+03
1.066497234736917017e+04
1.091497984323694982e+04
1.054253451882959234e+04
1.081358431981569083e+04
1.056484822418758631e+04
1.022792268371590217e+04
1.005532974061786808e+04
1.060008272429417411e+04
1.043713650352936747e+04
1.027148689929690227e+04
1.071486766703433204e+04
1.029686671668013514e+04
1.044231266375867563e+04
1.067745273329485099e+04
1.093825822859323489e+04
9.935834907922828279e+03
1.063948089814365449e+04
9.866192718518217589e+03
1.051946541355026056e+04
1.048231509284454114e+04
1.063607667138812030e+04
1.022826866552838328e+04
1.085915380597776493e+04
9.382054963791506452e+03
1.054006802734375378e+04
1.088364331833085816e+04
1.050705240830402181e+04
1.089839819418402112e+04
1.020703077746448253e+04
1.041743989630994110e+04
9.966201705010631485e+03
9.268647921676742044e+03
9.954466558264739433e+03
1.020353496603040912e+04
1.036221696124397567e+04
1.072039154132328622e+04
9.934308794713600946e+03
1.067845864126449669e+04
1.053321215459655650e+04
1.068604392327045025e+04
1.092157207949440635e+04
1.090903751401447153e+04
1.041251271451501088e+04
9.945469897937662608e+03
9.632171943921224738e+03
1.089509556141410576e+04
1.060377348524541594e+04
1.041104367296565761e+04
1.069820015748453079e+04
1.084686042203827310e+04
1.008873524447158889e+04
9.611370133525437268e+03
1.018564307941345760e+04
1.082215333749874480e+04
1.084963197259634762e+04
9.874248754454209120e+03
1.091672154943841088e+04
9.944445275848443998e+03
1.081258972971514959e+04
9.155095981451388070e+03
1.061113777402569758e+04
9.554922739056932187e+03
9.904047664184519817e+03
1.042014549345883643e+04
1.031008848908284381e+04
1.014768794620477638e+04
1.093302341774127672e+04
8.482445727598640588e+03
1.067761981215359265e+04
9.774906371687691717e+03
1.035968739674544486e+04
1.072170273816939152e+04
1.050026622384395341e+04
9.962934171042299567e+03
1.022152244654055539e+04
1.092191564137888963e+04
1.068860550335883454e+04
1.028295704476697028e+04
1.040575397810773211e+04
1.081554481382017912e+04
1.009600355780567406e+04
1.041580762906845666e+04
1.084567142219146081e+04
1.069826426117087976e+04
9.890332192503163242e+03
9.386847249009451843e+03
8.941339912148101575e+03
9.641014638582897533e+03
1.084631867238660197e+04
1.089695444540966673e+04
9.189977138125235797e+03
1.058325059822160438e+04
1.049749417556270600e+04
1.078900734771861789e+04
1.005673478412846089e+04
1.007460837493938016e+04
1.094005052824027371e+04
1.056629391490375929e+04
9.302600449874142214e+03
1.064566249988788695e+04
9.546371611494125318e+03
1.079855934738341239e+04
1.014842314758734210e+04
9.085535014933191633e+03
9.708753881651429765e+03
1.061468949864727620e+04
1.061397061597076390e+04
9.874248754454209120e+03
8.867622317779883815e+03
1.055589363360247444e+04
1.052407417951490970e+04
1.008910343528899284e+04
1.071486766703433204e+04
9.137843006227833030e+03
1.077616301270775875e+04
9.976582927034560271e+03
8.478334861783643646e+03
1.029072131782821270e+04
1.072647729678346514e+04
1.090476513709620485e+04
1.085353729748565638e+04
1.053718479823545204e+04
1.002934187057976487e+04
1.003950709862250551e+04
8.996404085375042996e+03
1.077990312950507359e+04
1.002768011401591684e+04
1.067988555827771597e+04
1.057392102863156833e+04
1.011343963487107612e+04
1.083657279666329850e+04
1.083837851768046130e+04
1.092510453542561118e+04
1.059669194137652084e+04
1.042353605971422803e+04
1.048058873424763078e+04
1.090817652051580444e+04
1.020703077746448253e+04
1.002866119124954639e+04
1.032549349543193603e+04
1.074364557396657074e+04
1.070573882946271806e+04
1.061886485647931295e+04
1.071268393832857146e+04
9.767758949691167800e+03
1.070777915547502926e+04
1.055525032267216557e+04
1.088019985727592939e+04
1.020033625653135095e+04
1.067175441620442871e+04
1.078974138755570129e+04
1.085210728522664976e+04
1.052014022924289748e+04
9.827018925512169517e+03
1.087322281183262203e+04
1.006653757227591632e+04
1.037325691104227008e+04
1.060004680191177613e+04
1.047640971841587088e+04
1.083791914102434748e+04
1.024696337018693885e+04
1.062201090463763830e+04
9.586782297049525368e+03
1.032008665551361992e+04
9.904047664184519817e+03
9.793002417676507321e+03
1.059635801687381172e+04
1.081939324270000361e+04
1.015924553855796694e+04
1.004899554083973999e+04
9.747264199453804395e+03
1.053263603810637505e+04
1.062444810377546310e+04
9.940869257468886644e+03
1.023546736260042962e+04
1.035725233610474970e+04
1.054052333513712802e+04
1.064253363328837804e+04
1.090360983984830455e+04
9.876547769850325494e+03
1.055857198275646442e+04
8.896170703434136158e+03
1.053756622390806297e+04
9.671613163540620008e+03
9.738274052741351625e+03
9.508381058742819732e+03
1.078841598556753161e+04
1.044470291804571389e+04
1.027626389454634045e+04
1.034469117394988643e+04
1.001968473049333625e+04
9.768599997144112422e+03
1.050682982200720289e+04
1.088303140253305901e+04
1.027373007087854421e+04
9.651811673455445998e+03
9.998073172221829736e+03
9.571778045033828676e+03
1.083772390241349785e+04
1.077035091320623178e+04
1.067794245718413367e+04
1.087222852731826970e+04
1.065266696059676178e+04
1.091047522387718527e+04
1.093057873128805295e+04
1.015657960121080760e+04
1.081905086876166388e+04
1.045090057280881229e+04
9.945743267292891687e+03
8.799261706825367582e+03
1.030456317294514520e+04
1.078733071921866576e+04
1.069268321088367520e+04
1.083912583417591304e+04
9.686444920050656947e+03
1.073894997830218927e+04
9.880467400556104622e+03
1.043276366764014165e+04
1.073226298337818480e+04
1.027109839129351349e+04
1.084631867238660197e+04
1.054494917210313361e+04
1.092773462564982401e+04
1.046943870561430049e+04
1.028410699131528600e+04
8.716026591488081976e+03
1.078236530041533297e+04
1.081397035169358969e+04
1.008139669237559428e+04
1.089489788344991939e+04
1.081195576624290334e+04
1.032066679808015579e+04
9.993657608682859063e+03
1.063799635335849598e+04
1.090858200726115865e+04
1.018350635133516880e+04
9.202135881649450312e+03
1.020703077746448253e+04
1.057643926915675183e+04
1.088534491073216304e+04
9.532244080135626064e+03
1.002872093096060053e+04
1.084279844843013052e+04
1.062837474225886763e+04
1.059952207969430674e+04
1.082459015100363649e+04
7.590256903705616423e+03
9.712646269547425618e+03
1.087424144534947845e+04
1.079401933899827236e+04
9.735276951322011882e+03
1.052724037771814619e+04
1.039088254348782539e+04
1.093194818489310637e+04
1.086516449903318789e+04
1.009257832558090013e+04
1.015144898818298498e+04
1.064595454436700129e+04
1.083910255066856553e+04
1.068524049738844042e+04
1.084950425136496960e+04
1.043833974437737561e+04
1.033392179666047014e+04
1.092670294729951820e+04
1.083574549985813792e+04
1.032015044116746685e+04
9.639875577150358367e+03
1.089594966429277883e+04
1.056885141993509569e+04
1.023456035355557651e+04
1.083124405969352483e+04
1.029686343729823238e+04
1.075240543573909054e+04
1.034654536781347088e+04
1.007118749605181802e+04
1.066616873110799861e+04
1.091065548323236362e+04
1.059183362129994930e+04
1.005634059511487430e+04
9.544275796871723287e+03
1.012747157635535768e+04
1.001675929888413157e+04
1.026981609475626283e+04
9.901758917065601054e+03
1.030183960388337800e+04
1.093765420981856369e+04
9.821993910894925648e+03
1.093754194467092384e+04
1.032404855400031738e+04
1.086065635530725558e+04
1.062048423144546359e+04
9.196879298278923670e+03
1.074935021561064787e+04
9.919576546045234863e+03
9.827148656848086830e+03
1.089885317894323089e+04
1.086624236546577413e+04
1.025113814866800567e+04
1.062504419093148863e+04
1.061347083617160206e+04
1.089408758545103774e+04
1.069720645639313079e+04
1.047558915013463229e+04
1.077026608990064415e+04
1.030448557702192011e+04
1.068485786673024995e+04
1.086598968343470187e+04
1.034487808432958263e+04
1.079161893124367271e+04
1.073146258521191703e+04
9.944524755141586866e+03
1.087293410380799287e+04
9.821124993786716004e+03
9.885367148289460602e+03
1.043416294238247065e+04
1.068733062359336327e+04
1.073145073379432870e+04
1.020703077746448253e+04
9.944696855724083434e+03
1.077301466854731189e+04
9.529262547436410387e+03
1.053017505451990473e+04
1.068935849523204706e+04
1.000893169760802630e+04
1.051474407704977239e+04
1.042509064058387230e+04
1.077700256813305532e+04
1.089347679952700855e+04
1.045440729632525836e+04
9.306232692009227321e+03
1.029809638902789447e+04
1.032777433601601660e+04
1.083618542045919457e+04
1.042950626594805181e+04
1.072548140837931714e+04
1.068811239732889771e+04
9.762003198660180715e+03
1.019422060256448276e+04
9.295282045762827693e+03
1.041046207415793106e+04
1.019370506242629199e+04
1.054604102425426208e+04
1.071029493586032186e+04
1.043285266722879169e+04
9.267204140506200929e+03
1.070525404765837447e+04
9.955546761013787545e+03
1.015517427482743005e+04
9.655530697568408868e+03
9.684607158161994448e+03
1.075097114723995037e+04
1.081724015569877156e+04
1.032066256244755823e+04
9.796815880489950359e+03
8.675684644149569067e+03
9.648371140602805099e+03
9.457573556395276682e+03
9.228282698897695809e+03
9.590705606201518094e+03
1.018029041768772913e+04
9.485624577584327199e+03
9.958626563950332638e+03
1.014366867883628947e+04
1.030729455950453485e+04
9.535850260546463687e+03
1.076395317859277930e+04
1.026223820686687395e+04
1.048025882873464434e+04
1.078236130614789727e+04
1.021456175797083051e+04
1.087595034536085950e+04
1.024708795112698317e+04
1.041779967702824069e+04
9.298875460547478724e+03
1.042598473926919360e+04
1.082746170854120282e+04
1.009538524333720488e+04
1.054241861552786577e+04
1.089846234597031980e+04
9.087335738824182044e+03
1.057348650460595672e+04
1.073854008661499392e+04
1.055767803454018394e+04
1.000118325753259705e+04
9.234915952461375127e+03
1.044999786760590359e+04
1.054251033576131704e+04
1.077758571455373567e+04
1.086988025492871020e+04
9.865985989865865122e+03
1.032066256244755823e+04
1.057472454263697364e+04
1.003958090557332980e+04
9.507103574545257288e+03
8.688614722675818484e+03
1.025293418818961982e+04
1.068670154250801897e+04
9.925902196694067243e+03
1.043428853125440583e+04
1.038276418828166243e+04
1.089489788344991939e+04
1.087907038407497203e+04
1.089415877808855294e+04
1.053018982903531833e+04
9.298875460547478724e+03
1.025243972978953025e+04
1.073338427961746129e+04
9.112929010776104406e+03
9.537424234942493058e+03
1.028597016092494232e+04
8.743802044122665393e+03
1.080889099224713209e+04
1.006597370878918628e+04
1.050299150404108514e+04
1.035720979178915513e+04
1.058352333212858866e+04
1.083791914102434748e+04
1.077771215264848070e+04
1.090746157340827631e+04
1.039563693895378128e+04
1.089140541104809563e+04
1.084485116686607944e+04
1.074195754307400966e+04
1.075221290307054005e+04
1.041144353925581891e+04
1.046256959958781772e+04
1.086347228894745422e+04
1.070754039085820841e+04
1.081857277029347824e+04
1.082959840660359259e+04
1.091807784275494305e+04
1.063993276117926143e+04
9.634737292833066022e+03
1.012066552674270497e+04
9.675755456767035867e+03
1.090717130380030358e+04
9.655720162248853740e+03
1.036690000388121734e+04
1.061807697026028472e+04
1.052763266339767506e+04
1.033462708951756758e+04
1.060735275009339239e+04
1.022210210978668511e+04
1.046845219293950140e+04
1.092417132990815662e+04
8.678723476612107333e+03
9.715873319618283858e+03
1.070691304823753489e+04
1.055194400815842164e+04
9.522102602060989739e+03
9.523767664126582531e+03
1.080759655074627517e+04
1.069241974614083665e+04
1.015691030790607692e+04
1.062914124075575455e+04
1.087377219511221847e+04
9.751951588097237618e+03
8.798932779694201599e+03
1.002094805125629864e+04
1.090268565993773154e+04
1.010961519508585116e+04
9.693853716277428248e+03
8.209071846664639452e+03
9.707853585125587415e+03
1.055265386713266344e+04
1.082235191427305472e+04
1.039269167079910403e+04
1.069952971323601014e+04
9.511768934699246529e+03
1.063654355747098816e+04
1.073559931388028417e+04
1.054301893049628052e+04
1.052105754164017162e+04
1.051586173740858067e+04
9.749330703265408374e+03
9.251983453547252793e+03
1.033735510922620415e+04
1.070843860757923721e+04
1.054869603887322228e+04
1.080961381205109137e+04
1.079526191306293549e+04
1.023022856708894687e+04
1.008295894602482258e+04
8.294404754938434053e+03
1.090315809312803685e+04
1.094098667225081954e+04
1.086998011725160177e+04
1.076870220955037803e+04
9.500210399185147253e+03
9.860449465164094363e+03
9.823680799990070227e+03
1.077351136946638144e+04
1.045177947277131170e+04
1.080965854833052981e+04
1.003766060398467380e+04
1.039589317586054312e+04
1.022792268371590217e+04
9.739441609167432034e+03
1.078423827645513666e+04
1.076886362456910865e+04
1.089008977444478296e+04
1.039997136388204308e+04
1.015425375153161804e+04
1.019071470350297022e+04
9.789671451077945676e+03
1.038758048613006031e+04
1.038462614696149103e+04
9.156285842400619003e+03
1.076650978135000150e+04
1.029758690142253909e+04
1.017522312742041686e+04
1.040691981578103878e+04
1.077950246897686520e+04
1.057332406577720758e+04
1.092363267329160590e+04
9.760949253295199014e+03
1.019331352645703737e+04
1.061182133791223714e+04
1.089204847769555636e+04
9.872014198026890881e+03
1.013479787402257352e+04
9.846966713181498562e+03
1.052574309065425950e+04
8.980442217734536825e+03
1.082322740302122838e+04
1.055452635240892960e+04
1.048281083824671441e+04
8.722622813520914860e+03
1.031562828536040797e+04
1.074409015109708707e+04
1.056783462270756354e+04
9.323012175830841443e+03
1.093825822859323489e+04
1.039634323987675816e+04
1.086214232529494984e+04
8.941837920478224987e+03
1.008350318198442983e+04
1.086873991200951423e+04
1.084385739557793204e+04
1.067419092746434399e+04
1.020285018837613825e+04
1.046809795966630736e+04
1.072699571361312883e+04
1.072936603629547972e+04
1.008527898724118495e+04
1.076539028380830860e+04
1.064956548838889285e+04
1.088903182196330818e+04
1.070357383897747422e+04
9.690521404054397863e+03
1.037760750329967414e+04
1.019537238222995802e+04
1.008530566585022461e+04
1.069113651374390247e+04
1.042241166513256394e+04
1.092755363894750190e+04
9.902095913059420127e+03
1.031951085121762662e+04
1.084385739557793204e+04
1.050593533467034467e+04
1.029686671668013514e+04
9.845292575859013596e+03
1.067186716645005072e+04
1.089228622493322109e+04
1.083274269858817388e+04
1.076062900834731408e+04
9.415842059814192908e+03
9.730661001811859023e+03
9.198542087114310561e+03
1.087769453602490648e+04
1.064464467582878569e+04
1.042805742616283896e+04
1.092991718073467928e+04
1.081656513341349819e+04
9.852521102326969412e+03
1.085215915652064359e+04
1.012634041649436040e+04
1.054499651175158397e+04
8.353382019487155048e+03
1.060018655830840726e+04
9.736083028804008791e+03
1.037407384318948425e+04
9.261620296647815849e+03
1.073474218030240809e+04
9.770790752796368906e+03
1.076636738666943165e+04
1.066888717453757636e+04
1.089347679952700855e+04
9.575034326388773479e+03
1.057766849863425523e+04
1.031600649229291594e+04
1.039187409320376537e+04
1.063348570581813692e+04
1.044787961702650500e+04
1.089515981838275184e+04
1.065476255314205810e+04
1.022792268371590217e+04
1.076439593377803249e+04
8.640946549323214640e+03
1.053282349727647306e+04
1.078061708519505191e+04
1.079193780207114105e+04
1.050055421211029716e+04
9.845442530992648244e+03
1.067186716645005072e+04
1.028577464516330656e+04
1.039449029239569063e+04
1.061878623276580038e+04
1.083274269858817388e+04
1.089523807237379697e+04
1.016684151477417254e+04
1.051502226700653773e+04
1.042768982947936638e+04
1.077339231561635461e+04
1.045966385111410455e+04
9.573789595234275112e+03
1.093124766061716946e+04
1.057140016370096055e+04
1.060053838735756472e+04
1.071641318906107517e+04
9.904030068053576542e+03
8.839395853605725279e+03
1.087175395876499169e+04
9.912167851854770561e+03
1.027359815246845392e+04
1.058284085990973654e+04
1.054285558300665070e+04
1.079132282854001096e+04
9.521625663641383653e+03
1.055635062166697207e+04
1.048357118138780788e+04
1.075577558486349881e+04
9.391478761731570557e+03
9.065842018389226723e+03
1.079089351266061567e+04
1.093890560260374514e+04
1.076406131682202795e+04
9.575918031868583057e+03
1.050127448704150811e+04
9.743633938721315644e+03
1.032255541778864790e+04
1.039088162220136655e+04
9.658617179180735548e+03
1.056458638596416495e+04
1.031684568422646589e+04
1.051324992629519511e+04
1.032883981855190723e+04
9.681392772074592358e+03
1.044632382849179339e+04
9.944524755141586866e+03
1.062877595251447565e+04
1.083923530018208112e+04
1.079893981332982730e+04
1.062652639935019579e+04
1.007066566453376254e+04
1.022861243424452550e+04
9.745146326432710339e+03
1.018933475161071874e+04
1.083319461018418588e+04
1.064753064238035222e+04
9.505211392030696516e+03
1.030736400249331928e+04
9.517675056173800840e+03
1.078863756617089348e+04
1.068295554152092154e+04
9.704867454049117441e+03
1.066858184614304264e+04
1.046762130336277551e+04
9.265920608436368639e+03
9.581812850694506778e+03
1.061393117007678302e+04
1.066497234736917017e+04
1.018907387211001696e+04
1.067759156955520302e+04
1.059447323861580298e+04
1.020703077746448253e+04
1.050300269235644191e+04
1.083297765187221012e+04
1.066445526073455403e+04
1.076753600762705173e+04
9.670977915611611024e+03
1.047640311375506099e+04
1.053037176343672400e+04
9.885367148289460602e+03
9.741281582759753292e+03
1.038462614696149103e+04
1.066059452306020466e+04
1.081099877320769156e+04
1.070825349217122857e+04
1.083124405969352483e+04
9.856280204699942260e+03
1.091702430145995277e+04
9.993894839280821543e+03
1.032918136044922903e+04
1.031885613739608925e+04
1.040342692883315976e+04
1.036222555667874076e+04
9.910024481097054377e+03
1.008394527195158298e+04
8.500762842185326008e+03
1.035137693552899691e+04
1.085640307665290493e+04
1.090204558420519970e+04
9.507302071472600801e+03
1.034398393720140302e+04
9.288185986021131612e+03
9.669741824741926393e+03
9.862111850922410667e+03
1.088731800994145669e+04
1.058138127418066324e+04
1.037119951005711482e+04
1.074083964806058793e+04
9.742844472568782294e+03
9.741281582759753292e+03
9.682726754751203771e+03
1.090177910214636177e+04
1.046080179644410418e+04
1.002945096736611777e+04
1.072623916477061721e+04
1.058058592971159305e+04
1.086275509167144446e+04
1.053818804354032545e+04
1.091343358391171751e+04
1.058156220756220500e+04
9.153537406024872325e+03
