5.436319140511122896e+03
5.509744984892935463e+03
5.510375241853784246e+03
5.551303055213038533e+03
5.405320772045413833e+03
5.431384446363483221e+03
5.497032669716349119e+03
5.403586277485850587e+03
5.482756976208611377e+03
5.412053399672411615e+03
5.333222503694565603e+03
5.206182049684707636e+03
5.321977648748646061e+03
5.543844255722619891e+03
5.466157061278249785e+03
5.473694227724525263e+03
5.306364783199823250e+03
5.502244416437364634e+03
5.381305253781574720e+03
5.544678427028551596e+03
5.499780270985776951e+03
5.547984500912597468e+03
5.540607408568346727e+03
5.421934740710078586e+03
5.559936117830790863e+03
5.394220298506881591e+03
5.560563422288838410e+03
5.028995312145683783e+03
5.103746504207779253e+03
5.456098003768920535e+03
5.045822904380412183e+03
5.356041332970189615e+03
5.376866737180591372e+03
5.558090935275570700e+03
5.192427643122142399e+03
5.524347488506799891e+03
5.336390209499884804e+03
5.436094066982818731e+03
5.184332237061327760e+03
5.558356526894523995e+03
5.242037286292221324e+03
5.521413948109696321e+03
5.534614514666745890e+03
5.548379928533182465e+03
5.540770649380631767e+03
5.529823355793538212e+03
5.335174092807194029e+03
5.361493497815832598e+03
5.527867075681737333e+03
5.553756134109124105e+03
5.510795026627261905e+03
5.429221848222034168e+03
5.445173700055107474e+03
5.321977648748646061e+03
5.551579465548484222e+03
5.367766870169703907e+03
5.324361578188329077e+03
5.490897129804043288e+03
5.515636757577931348e+03
5.415251476767682107e+03
5.543027600948860709e+03
5.457674893648568286e+03
5.497934548124067078e+03
5.557432151009628797e+03
5.464585196165530760e+03
5.435109651159329587e+03
5.562989063372176133e+03
5.445066450117530621e+03
5.480237588585094272e+03
5.562898180300728200e+03
5.559043085652757327e+03
5.515875177546786290e+03
5.472442273677743287e+03
5.258285602915701929e+03
5.332488600203027090e+03
5.559427223926538318e+03
5.490399274028302898e+03
5.261279915781426098e+03
5.318159899667412901e+03
5.359018553244904979e+03
5.451905573139665648e+03
5.504133081581534498e+03
5.468108911877990977e+03
5.449487535904077959e+03
5.522661354476622364e+03
5.386168328948978342e+03
5.501207640663389611e+03
5.545874942316670968e+03
5.407349506425453910e+03
5.561805774464931346e+03
5.454319854463513366e+03
5.281406509928877313e+03
5.400293668304466337e+03
5.308085258013186831e+03
5.331040452846566041e+03
5.500616840403780770e+03
5.451701308664600219e+03
5.358960530941472825e+03
5.543480612780855154e+03
5.482382903767776043e+03
5.499024680167161932e+03
5.489871891000537289e+03
5.296778926275432241e+03
5.488542768664528921e+03
5.455510066313632706e+03
5.499546819508152112e+03
5.561009244613134797e+03
5.355623363425995194e+03
5.325681764807443869e+03
5.453086151740603782e+03
5.438483057541869130e+03
5.541983325300859178e+03
5.557057686869426107e+03
5.386224222550866216e+03
5.534663378643915166e+03
5.481884531099271044e+03
4.989667163887058450e+03
5.433427686925831040e+03
5.518442812503626556e+03
5.557449809084533626e+03
5.418539463193375923e+03
5.558192389220758741e+03
5.556894899834540411e+03
5.524581745694960773e+03
5.434309026736297710e+03
5.111675718911830700e+03
5.501846333521642009e+03
5.517516637835800793e+03
5.538544645105628661e+03
5.420941414016897397e+03
5.397566397019765645e+03
5.499247509951745087e+03
5.499024680167161932e+03
5.417084239182302554e+03
5.441851138237796476e+03
5.388695458590278577e+03
5.398883296840190269e+03
5.523915377965955486e+03
5.552148610543390532e+03
5.486199502844883682e+03
5.527479527172353301e+03
5.399657627729200613e+03
5.533412164608293097e+03
5.143919201899492691e+03
5.525559956972278997e+03
5.548453196282488534e+03
5.421012314385336140e+03
5.553495606932954615e+03
5.460716692122658969e+03
5.499473762900151996e+03
5.357405061306985772e+03
5.438328185619039687e+03
5.561862333382556244e+03
5.549935498966779960e+03
5.552033600991589083e+03
5.382849370453142001e+03
5.557808630498267121e+03
5.361468097132551520e+03
5.527481664226546854e+03
5.541542302178242608e+03
5.499024680167161932e+03
5.317089988964336953e+03
5.449487535904077959e+03
5.420597082414052238e+03
5.465639688667274640e+03
5.469479660762474850e+03
5.465961422079815748e+03
5.409242517877936734e+03
5.536523077428259057e+03
5.119980069882198222e+03
5.552639743542520591e+03
5.534677164160872962e+03
5.548208771651969073e+03
5.555633802606203972e+03
5.503723818873977507e+03
5.474055854983236713e+03
5.499715888988886036e+03
5.316459556028324187e+03
5.432670646522906281e+03
5.541439494711776206e+03
5.493803173654617240e+03
5.451302419381991058e+03
5.558660061462333033e+03
5.536675841084866079e+03
5.502245393914554370e+03
5.458356243429478127e+03
5.433631133724798929e+03
5.431936969473490535e+03
5.397287966790845530e+03
5.560239687651571330e+03
5.526565360662591047e+03
5.419623984529901463e+03
5.526340290609197837e+03
5.420255214718545176e+03
5.425664184623097754e+03
5.366582580944309484e+03
5.154034099127621630e+03
5.548081938915709543e+03
5.370923050931060970e+03
5.241596692147320937e+03
5.542454302502565042e+03
5.410256979356738157e+03
5.250898737943446577e+03
5.386061534188276710e+03
5.501005824707622196e+03
5.322189469240090148e+03
5.440808776796267921e+03
5.380955117184827941e+03
5.408201560587496715e+03
5.554770658212602029e+03
5.492407969262318147e+03
5.210043693157842426e+03
5.404508614615184342e+03
5.335757418293245792e+03
5.511802080067032875e+03
5.548619228108553216e+03
5.403449028795689628e+03
5.389807667450015288e+03
5.560152408299582021e+03
5.489764681378235764e+03
5.554489705731316462e+03
5.469951789244501924e+03
5.261114555241163544e+03
5.455397556166250070e+03
5.521684942869069346e+03
5.384620721201573360e+03
5.432253991654333731e+03
5.495120648399215497e+03
5.457367859111978760e+03
5.551885252712889269e+03
5.386796175848714483e+03
5.471563536821631715e+03
5.442703416011775516e+03
5.562670494693418732e+03
5.517867421433005802e+03
5.552835692386071969e+03
5.482610556204564091e+03
5.319851732100672962e+03
5.378617734456472135e+03
5.555370662968869510e+03
5.512765033317051348e+03
5.520949200988606208e+03
5.437842456094404042e+03
5.494415291072547916e+03
5.506852743761686725e+03
5.492904204557687990e+03
5.192649181558851524e+03
5.516031926218167428e+03
5.511056794550740960e+03
5.504706449808227262e+03
5.430446773002286136e+03
5.514156488539923885e+03
5.319443622125886577e+03
5.384412685323246478e+03
5.433196144306193673e+03
5.558819786504691365e+03
5.503049112031436380e+03
5.536975758576287262e+03
5.336353293035166644e+03
5.539417476893336243e+03
5.503765344657493188e+03
5.478500379877183150e+03
5.546824876875202790e+03
5.531683585652990587e+03
5.521148229692068526e+03
5.010198070852662568e+03
5.479910647357162816e+03
5.550911411058465092e+03
5.502386307188409774e+03
5.393185750930652830e+03
5.257823253727430711e+03
5.531968813161838625e+03
5.557893780035287818e+03
5.543602656088282856e+03
5.555242756164794628e+03
5.429870643362783085e+03
5.527827097720248275e+03
5.380652131462574289e+03
5.425168332929568351e+03
5.426611353584674362e+03
5.393740992914781600e+03
5.107170337457395362e+03
5.518544520984949486e+03
5.551390403063057420e+03
5.526003937779540138e+03
5.355742697958557983e+03
5.511400577493058336e+03
5.483709842299169395e+03
5.504899375646637964e+03
5.372349338995833023e+03
5.160212493392606120e+03
5.514087204248375201e+03
5.384224217804630825e+03
5.343652246008319707e+03
5.497759304058795351e+03
5.527238932414547889e+03
5.539849142737049988e+03
5.490249649627984581e+03
5.414830476724227992e+03
5.383795838287842344e+03
5.346352684568086261e+03
5.522830861852266935e+03
5.523776731867748822e+03
5.500219497121359382e+03
5.562360697534648352e+03
5.542092489455951181e+03
5.510204528775006111e+03
5.482581363754208724e+03
5.361319563518403811e+03
5.533438692828265630e+03
5.469576604863967987e+03
5.558796532019705410e+03
5.254515992571679817e+03
5.547147206214645848e+03
5.522661354476622364e+03
5.397520485138820732e+03
5.441656485332492593e+03
5.352696729771725586e+03
5.559600929979711509e+03
5.487298502655516131e+03
5.545959425826627921e+03
5.234900600038342418e+03
5.445642480934073319e+03
5.549397289231508694e+03
5.359863199758658084e+03
5.327534123121188713e+03
5.351171885455831216e+03
5.516132886792156569e+03
5.399611606569726064e+03
5.502547954549367205e+03
5.455740940916070031e+03
5.327089506379344130e+03
5.362749609718617648e+03
5.464632379130924164e+03
5.375846035975000632e+03
5.538869504128031622e+03
5.444261255038789386e+03
5.455948790547439785e+03
5.511019350710008439e+03
5.523805900981755258e+03
5.171778630554737902e+03
5.373785176489189325e+03
5.295729205394824021e+03
5.496185036800612579e+03
5.408035186755472751e+03
5.506315976454066913e+03
5.315787178838767431e+03
5.331547633797853450e+03
5.555890381985285785e+03
5.503283723457747328e+03
5.329159309503005716e+03
5.456863659289068892e+03
5.361519306818485347e+03
5.496222357654889493e+03
5.427495473554226919e+03
5.558674113723845039e+03
5.545020480165644585e+03
5.483232047545297974e+03
5.484756258296860324e+03
5.499747814236583508e+03
5.489561925452137075e+03
5.549784633392257092e+03
5.471563536821631715e+03
5.528906601497931661e+03
5.519772061631036195e+03
5.471307403533310207e+03
5.500716182842759736e+03
5.448938999426967712e+03
5.553207332384368783e+03
5.551695951036374026e+03
5.508671740666019105e+03
5.526565360662591047e+03
5.553646230306342659e+03
5.503395517074426607e+03
5.533077121327682107e+03
5.530412405779470646e+03
5.541078112287726981e+03
5.368625394073880670e+03
5.146450673925489355e+03
5.491077047616218806e+03
5.501469560928740975e+03
5.143919201899492691e+03
5.367785773951544797e+03
5.561753330867668410e+03
5.399918386059151089e+03
5.525965155405587211e+03
5.314178569475237964e+03
5.410882162602834796e+03
5.307383512125539710e+03
5.414391836585306010e+03
5.387030715161933585e+03
5.524530494829901727e+03
5.525261364931939170e+03
5.551193767970540648e+03
5.541300039753765304e+03
5.557344757865521387e+03
5.562580512925386756e+03
5.545698287306147904e+03
5.552033600991589083e+03
5.561457635753182331e+03
5.500436892532067759e+03
5.486298175679962696e+03
5.555669297778797045e+03
5.467996019512213024e+03
5.490642631540062212e+03
5.515749779798172312e+03
5.520031692684078735e+03
5.461978094652467007e+03
5.248397038360053557e+03
5.470493117009395064e+03
5.220004222497543196e+03
5.201832591578182473e+03
5.544718170769738208e+03
5.403079695092620568e+03
5.408350745920558438e+03
5.556606878928965671e+03
5.529669925030879313e+03
5.403302642073007519e+03
5.503468988628874285e+03
5.125034432450416716e+03
5.385505548873508815e+03
5.513327417729616172e+03
5.125120213758396858e+03
5.488782817254921611e+03
5.388073394759898292e+03
5.264255014319496695e+03
5.441838855525031249e+03
5.406031435308327673e+03
5.295575822559475455e+03
5.443169536441077071e+03
5.535724318489688812e+03
5.359414873276684375e+03
5.549093386307624314e+03
5.444795081487543939e+03
5.553286840096817286e+03
5.478453672639750948e+03
5.365057405032491260e+03
5.547157460971367072e+03
5.551665431996200823e+03
5.556132723665112280e+03
5.128820588874201349e+03
5.550160600736703600e+03
5.549971513349414636e+03
5.545989653322996674e+03
5.521330463161692023e+03
5.402712774757860643e+03
5.490811836419716201e+03
5.366280361920674295e+03
5.555004762391014083e+03
5.342106194505216990e+03
5.490145634999302274e+03
5.464455484194060773e+03
5.538484200155913641e+03
5.414696679645779113e+03
5.551284925887609461e+03
5.557889870655108098e+03
5.473932318614089127e+03
5.544868626066199795e+03
5.496074967389486119e+03
5.464192439255451973e+03
5.352644893877876711e+03
5.471141221606552790e+03
5.485187045278421465e+03
5.447128904684925146e+03
5.557449809084533626e+03
5.509941169457467367e+03
5.475780057086220040e+03
5.526754211406603645e+03
5.409693773209633946e+03
5.347881200464465110e+03
5.449625995739323116e+03
5.486424189440725058e+03
5.294316726258572999e+03
5.516634790746355065e+03
5.499367960772770857e+03
5.541763651748142365e+03
5.269095255449882643e+03
5.424468399365359801e+03
5.514241988847421453e+03
5.513965536327796144e+03
5.447606450601083452e+03
5.534677164160872962e+03
5.217083415481600241e+03
5.527231837068673485e+03
5.560700910310039035e+03
5.379982004594839964e+03
5.353276008680325504e+03
5.504144771459793446e+03
5.472979638644796069e+03
5.413856862360433297e+03
5.559795603722177475e+03
5.551483581612352282e+03
5.467386420250599258e+03
5.513471410191950781e+03
5.527537025377057944e+03
5.385837124201985716e+03
5.470112098277466430e+03
5.379960948741860193e+03
5.552485728369238132e+03
5.065918566698608629e+03
5.515765854577427490e+03
5.532420687993060710e+03
5.309248323016240647e+03
5.221707073180494262e+03
5.358898261154425199e+03
5.474672013848097777e+03
5.531651091389387148e+03
5.226863845356392630e+03
5.546665316507932403e+03
5.482420318638207391e+03
5.550949044590077392e+03
5.351564049586014335e+03
5.495221413074927113e+03
5.418415499442884538e+03
5.333638859876989955e+03
5.527533029837569302e+03
5.549833834514858609e+03
5.500219497121359382e+03
5.502272110691810667e+03
5.368428119116735616e+03
5.517846265322258660e+03
5.551709793940464806e+03
5.336982232431693774e+03
5.552569453934373087e+03
5.528251324937646132e+03
5.561853765719642979e+03
5.469303196450477117e+03
5.471433629878471038e+03
5.499544981404231294e+03
5.498551387967525443e+03
5.357405061306985772e+03
5.521354760337141670e+03
5.478447122889118873e+03
5.341842131721497935e+03
5.552759678097891992e+03
5.400846022933842505e+03
5.460428061180667100e+03
5.483617307752314446e+03
5.422423140364640858e+03
5.534214227190299425e+03
5.507299152644144669e+03
5.517222052036693640e+03
5.532248344736072795e+03
5.441838855525031249e+03
5.556412381412837931e+03
5.485619483509899510e+03
5.117011455828656835e+03
5.510435870286718455e+03
5.499875261276773017e+03
5.461543332883934454e+03
5.456433337419314739e+03
5.322127257553653180e+03
5.557342620493604954e+03
5.531929557345691137e+03
5.356489120751947667e+03
5.323422403055462382e+03
5.530076668314632116e+03
5.333063147833243420e+03
5.467771930100407189e+03
5.269712711236509676e+03
5.552760894937430749e+03
5.541947021233861051e+03
5.113940601770881585e+03
5.489971664918453826e+03
5.474672013848097777e+03
5.448004697381178630e+03
5.486527123803625727e+03
5.344803481450502659e+03
5.308010532894069911e+03
5.200081550134788813e+03
5.335086801143563207e+03
5.485004341400790508e+03
5.432479843417664597e+03
5.455750098298975900e+03
5.399657627729200613e+03
5.520541267611998592e+03
5.521556536649401096e+03
5.138433796241554774e+03
5.385265985882046152e+03
5.297990260504108846e+03
5.518017674658136457e+03
5.498088718811171930e+03
5.554226456113265158e+03
5.479629029253157569e+03
5.559605165160076467e+03
5.489863917444718936e+03
5.482613729575972684e+03
5.509466657452829168e+03
5.456997407061424383e+03
5.421402359440273358e+03
5.540600040350269410e+03
5.471281946746974427e+03
5.317555186636510371e+03
5.400444291602230805e+03
5.407104589510041478e+03
5.542037478969396034e+03
5.503598004089082679e+03
5.214786581224750989e+03
5.457080186481789497e+03
5.406237302091458332e+03
5.500103827134920721e+03
5.556753213782018065e+03
5.484273939747247823e+03
5.474019154742206410e+03
5.187052289059991381e+03
5.263123355699296553e+03
5.258285602915701929e+03
5.239394620387320174e+03
5.476513247381026304e+03
5.276976843203443423e+03
5.327010768595007903e+03
5.491731435473002421e+03
5.399657627729200613e+03
5.419737623035487559e+03
5.452630555651187024e+03
5.070143330337616135e+03
5.499546819508152112e+03
5.538585945994191206e+03
5.537901854829265176e+03
5.356152384852246541e+03
5.509468846097062851e+03
5.537739173831111657e+03
5.314912385982403066e+03
5.500616840403780770e+03
5.510099067930384990e+03
5.549980048851568426e+03
5.338352425635428517e+03
5.351866246924221741e+03
5.458013404193652605e+03
5.451638533654157072e+03
5.515765854577427490e+03
5.507913659185430333e+03
5.494933190172595459e+03
5.449985379024823487e+03
5.545537901233237790e+03
5.228559672697291717e+03
5.529106149239736624e+03
5.530667027026886899e+03
5.375438107728929026e+03
5.424989012610883037e+03
5.451603447677344775e+03
5.537710908683891830e+03
5.484835804010977881e+03
5.449220428085636740e+03
5.472525378985523275e+03
5.340952682942225692e+03
5.525680283904347561e+03
5.154715395793130483e+03
5.547916248351612012e+03
5.499837659192286083e+03
5.431850596803667031e+03
5.504015161179130700e+03
5.469607963504752661e+03
5.505757376882983408e+03
5.471603410310863183e+03
5.474019154742206410e+03
5.382709666412050865e+03
5.494930116105213528e+03
5.446112134693124062e+03
5.401715946413465645e+03
5.441510319866985810e+03
5.332917498497784436e+03
5.557057686869426107e+03
5.262597539671739469e+03
5.383680195607855239e+03
5.380506943212690203e+03
5.406564533808807028e+03
5.534202064835279089e+03
5.498867758363237954e+03
5.264629061514225214e+03
5.371906740619180709e+03
5.484977142874658966e+03
5.548266086434479803e+03
5.329624123843601410e+03
5.368159142378411161e+03
5.539754574473630782e+03
5.297477257007064509e+03
5.557769442753805379e+03
5.441142264233623791e+03
5.531376431249728739e+03
5.361343201177059200e+03
5.547368848990761762e+03
5.252983833747480276e+03
5.474864511231904544e+03
5.479505204862376559e+03
5.460016193852137803e+03
5.417478247953635218e+03
5.496383492912462316e+03
5.552986624229697554e+03
5.103746504207779253e+03
5.554112092236535318e+03
5.343536503823349449e+03
5.498109713264541824e+03
5.433451657564415655e+03
5.164956154781022633e+03
5.474222788763001518e+03
5.497518727674687398e+03
5.515587856173812725e+03
5.344955710177686342e+03
5.499749289460605723e+03
5.430302178143640049e+03
5.530427132290664304e+03
5.432398824573649108e+03
5.353635424355106807e+03
5.537100489807755366e+03
5.473680591621921849e+03
5.359255497110404576e+03
5.483503072906520174e+03
5.364419837305659712e+03
5.466400433538519792e+03
5.542268150910580516e+03
5.300843299454364569e+03
5.311320375373892603e+03
5.201015706796904851e+03
5.536620530554688230e+03
5.450203510247319173e+03
5.291375484322716147e+03
5.506854525770850159e+03
5.546111936654730016e+03
5.491755398321891334e+03
5.448292011137096779e+03
5.197623508178421616e+03
5.440048121272655408e+03
5.558367023915890059e+03
5.372932635277496956e+03
5.513268437006800923e+03
5.363908404014764528e+03
5.527502798026152959e+03
5.495243763287237016e+03
5.284555204778302141e+03
5.281882582687668219e+03
5.236250840024644276e+03
5.431272346410267346e+03
5.516004254682919054e+03
5.303951490267489135e+03
5.521151463167103429e+03
5.427557841219904731e+03
5.364199585301430488e+03
5.503149013007810936e+03
5.541935838893119580e+03
5.422934023120227721e+03
5.390226660384219031e+03
5.393248033354117979e+03
5.559981090247961220e+03
5.545507521170304244e+03
5.490757259013755174e+03
5.556513123975221788e+03
5.461411725339402437e+03
5.553050441643044906e+03
5.291915524147239012e+03
5.538672002638340928e+03
5.510843276408862039e+03
5.480365498294711870e+03
5.519259083540317079e+03
5.524949077116063563e+03
5.425633480660544592e+03
5.552454223179382097e+03
5.543045280551588803e+03
5.528560410393831262e+03
5.399017566425223777e+03
5.539217227429824561e+03
5.453519306224498905e+03
5.530661170776897052e+03
5.514150766614404347e+03
5.560594234361440613e+03
5.452214007421805945e+03
5.542175428089677553e+03
5.512196234574936170e+03
5.505286615249451643e+03
5.518977530834250501e+03
5.184707858968347864e+03
5.445826291369487080e+03
5.351386936820711526e+03
5.369094688311553909e+03
5.433381984246210777e+03
5.347878288378281468e+03
5.561508328203834026e+03
5.509352997883192074e+03
5.337387926513128150e+03
5.453916472741414509e+03
5.530391582929747528e+03
5.259741235399056677e+03
5.438168664622529832e+03
5.499517944214379895e+03
5.532471070125593542e+03
5.468262661698177908e+03
5.562026085052130838e+03
5.497032669716349119e+03
5.546535660334347085e+03
5.498534026427422759e+03
5.469684048204020655e+03
5.481447187946957456e+03
5.558121629611528988e+03
5.507555298794563896e+03
5.384781327484644862e+03
5.487625439073452071e+03
5.535206654749395966e+03
5.487079806910053776e+03
5.268100681698868357e+03
5.469956350963248042e+03
5.530772699271265992e+03
5.364126526442742033e+03
5.530658090297511990e+03
5.511440276073275527e+03
5.402852050091620185e+03
5.534999440431298353e+03
4.949830857810879934e+03
5.506102099629309123e+03
5.533388858578970940e+03
5.458066688974545286e+03
5.351564049586014335e+03
5.516668835695141752e+03
5.473809348008272536e+03
5.261794340504929096e+03
5.263712651194338832e+03
5.487248095944873967e+03
5.438122392123729696e+03
5.511382579821439322e+03
5.527305786380972677e+03
5.519405830120136670e+03
5.450359541887651176e+03
5.520764500510870675e+03
5.536937667126108863e+03
5.508955582842274453e+03
5.509820598940470518e+03
5.496474526689725280e+03
5.456226323125858471e+03
5.520031692684078735e+03
5.476565262287427686e+03
5.455481309804786179e+03
5.495302148022722577e+03
5.061955808990534933e+03
5.316063004210544022e+03
5.415677546792028807e+03
5.390370660362753370e+03
5.420419227996889276e+03
5.193267869927660286e+03
5.422714004040468353e+03
5.505430744762125869e+03
5.125693324485388075e+03
5.516365363694971165e+03
5.499258712363695849e+03
5.368446889374402417e+03
5.484296825483960674e+03
5.484664540460320495e+03
5.480917305407350796e+03
5.452560185116245520e+03
5.329072214235115098e+03
5.535913790756421804e+03
5.530168773431018053e+03
5.422031855035264925e+03
5.522230326587664422e+03
5.511168438223709018e+03
5.527771241525433652e+03
5.483885031749350674e+03
5.147618822998206269e+03
5.462187329921252058e+03
5.343971101725612243e+03
5.476020873885021501e+03
5.452195928430477579e+03
5.253853847765024511e+03
5.509208913809082333e+03
5.495129694056659901e+03
5.551177693237064886e+03
5.520206187239260544e+03
5.540266867151330189e+03
5.504959340917456757e+03
5.424072271441529665e+03
5.502321914790295523e+03
5.445371704019672507e+03
5.209710236303802048e+03
5.472244182188433115e+03
5.431393583975426736e+03
5.330844954313394737e+03
5.182964050892688647e+03
5.494872841896062710e+03
5.444795081487543939e+03
5.518791441197882705e+03
5.552517411306231224e+03
5.327683402823722645e+03
5.348457496399092634e+03
5.424134375783306496e+03
5.556651591995449053e+03
5.517222052036693640e+03
5.551833545070934633e+03
5.518223366557384907e+03
5.429624893360466558e+03
5.541542302178242608e+03
5.359769680360612256e+03
5.338448246984653451e+03
5.429554429310788692e+03
5.345611270788765978e+03
5.454477486792878153e+03
5.494557722573556021e+03
5.542774023502832279e+03
5.413866363428811383e+03
5.456850607635888082e+03
5.554199546684769302e+03
5.538869504128031622e+03
5.233962126009924759e+03
5.452863953999449222e+03
5.080055527928545416e+03
5.555781185151744467e+03
5.442703416011775516e+03
5.425305069357822504e+03
5.352374458993180269e+03
5.232654573597427770e+03
5.386728141282921570e+03
5.396664149231432020e+03
5.360427923916326108e+03
5.495934482131234290e+03
5.516778770776300007e+03
5.557467244010396826e+03
5.376904397575613984e+03
5.549166142337151541e+03
5.498483254101127386e+03
5.346161989515747337e+03
5.434464146319834072e+03
5.288900621272568060e+03
5.401748350364215185e+03
5.414313972254205510e+03
5.465208727675697446e+03
5.133824619745777454e+03
5.533828115289203197e+03
5.246120454668968705e+03
5.512559763347454464e+03
5.558827623755831155e+03
5.064667855338057052e+03
5.555610847580868722e+03
5.316687988553769173e+03
5.314231979649501227e+03
5.489396966463807985e+03
5.526487931083371222e+03
5.514118993978304388e+03
5.503464031789972069e+03
5.386709615643891993e+03
5.420469585521963381e+03
5.526828463285700309e+03
5.517302213547391148e+03
5.548006145313585876e+03
5.279089039813821728e+03
5.548517421540870600e+03
5.526097972561065944e+03
5.556692393143153822e+03
5.542794566296877747e+03
5.256748730924942720e+03
5.443505496083700564e+03
5.524392672388934443e+03
5.469906573587826642e+03
5.555549715140420631e+03
5.383934759570447568e+03
5.429131781978665458e+03
5.259741235399056677e+03
5.530864810146707896e+03
5.556265083782402144e+03
5.513842476891810293e+03
5.483391472054154292e+03
5.484919084090042816e+03
5.528785579586176027e+03
5.449525903942123477e+03
5.482073949092179646e+03
5.440499920474493592e+03
5.282050916093397973e+03
5.514608777915322207e+03
5.539924843364879052e+03
5.327704233667178414e+03
5.375216233668263158e+03
5.456788190405946807e+03
5.411608755764493253e+03
5.525854723158452543e+03
5.561226999253241047e+03
5.528768217041360003e+03
5.227475110435438182e+03
5.539414276919311305e+03
5.563248740129530233e+03
5.382909620741313120e+03
5.498660034050352806e+03
5.502150861293153866e+03
5.500635574066301160e+03
5.395269965998104453e+03
5.231161290963591455e+03
5.561797434545005672e+03
5.410931235970438138e+03
5.495478781103201982e+03
5.441851138237796476e+03
5.549883379678105484e+03
5.500459486079313137e+03
5.410462842268294480e+03
5.544275161024173030e+03
5.391653803212801904e+03
5.497260086631662489e+03
5.503237137012590210e+03
5.307711426973409289e+03
5.465187690589273188e+03
5.361395835669003645e+03
5.367396559037337283e+03
5.531879759741002999e+03
5.427071820780101007e+03
5.085340880868174281e+03
5.533592710079062272e+03
