1.491704308403748291e+04
1.555759388075559764e+04
1.494752910633155261e+04
1.534332802623856514e+04
1.544175207434881850e+04
1.482386087626929293e+04
1.407805619845749607e+04
1.547430961426362046e+04
1.446674117661731361e+04
1.330334109329118473e+04
1.398582414500912819e+04
1.440353308102796291e+04
1.493827983048962051e+04
1.454292734294807633e+04
1.342911327011049798e+04
1.465698878037578288e+04
1.558590394931027004e+04
1.543279548252663335e+04
1.503094886670376036e+04
1.552507439704004719e+04
1.420398008910834142e+04
1.389906383374112193e+04
1.476698141292834225e+04
1.550343445432460430e+04
1.459469063135074975e+04
1.524275280932226633e+04
1.560094645820067308e+04
1.427214862846679898e+04
1.557794156684264635e+04
1.539325877166859027e+04
1.488532321860865159e+04
1.340371109237159362e+04
1.503292437866641376e+04
1.418137633190316228e+04
1.482873520423408627e+04
1.500462698295023802e+04
1.475179341665418360e+04
1.476322728672625090e+04
1.560346004038857609e+04
1.502239397824375374e+04
1.532864282450883547e+04
1.258823413180592979e+04
1.464231884121138319e+04
1.473208267985084603e+04
1.373738259990216284e+04
1.560201771481312062e+04
1.162262105201779923e+04
1.475126893886093058e+04
1.461924526413618878e+04
1.519237316229099270e+04
1.458694592551030109e+04
1.479842079474563252e+04
1.288774166960929870e+04
1.487437999823156679e+04
1.497208891986154049e+04
1.438436517219442430e+04
1.546515671696248864e+04
1.559192038177941504e+04
1.538497732570365042e+04
1.481636977549180665e+04
1.426050688833720415e+04
1.347158545143970332e+04
1.517726594217188722e+04
1.524360636522933783e+04
1.371363033352624916e+04
1.473705874871641936e+04
1.420034180914314675e+04
1.486580137866244331e+04
1.536745299886609791e+04
1.380648670843262153e+04
9.478858059915133708e+03
1.545518984788837588e+04
1.547414354339351121e+04
1.552101312800390224e+04
1.553074483389873785e+04
1.536517726781270176e+04
1.525453141502023936e+04
1.469851366627012430e+04
1.453207359101173643e+04
1.201235523960510909e+04
1.524197299702828968e+04
1.507721001762994274e+04
1.251099053800133515e+04
1.461872663831704995e+04
1.530791346323575453e+04
1.547190966791305436e+04
1.532807290187387480e+04
1.453720088548968124e+04
1.516789215441108354e+04
1.550397877039706873e+04
1.453914138137172995e+04
1.331546462405813327e+04
1.426306198518052588e+04
1.462580964033135024e+04
1.447373186414861811e+04
1.554308136394063695e+04
1.543258807787355363e+04
1.334306312801474269e+04
1.463787155832327699e+04
1.468888488333735586e+04
1.446713851131823867e+04
1.548533653774828417e+04
1.454204765439543917e+04
1.485986060715523490e+04
1.469297877384588901e+04
1.517622037619998082e+04
1.390169226567589430e+04
1.433007272034920970e+04
1.421650025013232516e+04
1.433177391086140051e+04
1.304370127786878402e+04
1.388258576066540809e+04
1.296128406882630588e+04
1.461709173658145482e+04
1.512364053119984055e+04
1.532779286042914464e+04
1.529367764754369637e+04
1.365122652316523818e+04
1.452323763946060353e+04
1.530370230689260643e+04
1.533093016157308011e+04
1.467469637437056008e+04
1.555640339854122976e+04
1.547573435558478377e+04
1.555653920903739527e+04
1.367965075490430536e+04
1.528299395954940337e+04
1.550617149570662878e+04
1.467974661042728985e+04
1.179250722829412371e+04
1.496007027005549025e+04
1.543738361729009375e+04
1.538925436091675510e+04
1.293157364409567708e+04
1.555807879821066308e+04
1.541158389805009028e+04
1.480192246967865685e+04
1.556962429489692113e+04
1.530161239924421716e+04
1.531256420876778793e+04
1.519635583065993342e+04
1.559604085424971709e+04
1.529730873244620489e+04
1.524521080841320509e+04
1.527187438699202539e+04
1.235932975982298376e+04
1.535930319920951297e+04
1.534332802623856514e+04
1.517843512609107529e+04
1.493047757442686270e+04
1.543312702168714895e+04
1.507393967537422213e+04
1.529364861797356571e+04
1.489687152637617328e+04
1.500534902186442014e+04
1.312217924234769089e+04
1.518762373416989976e+04
1.507036281946181589e+04
1.526162672932000532e+04
1.409590389185400090e+04
1.510705813032919832e+04
1.430036866948688839e+04
1.469880881191100343e+04
1.257987591018491366e+04
1.527521955126501416e+04
1.471921099386658170e+04
1.429708745907836601e+04
1.415950064969323284e+04
1.487396663697047006e+04
1.434118729376600095e+04
1.367637765700663658e+04
1.420771652254428591e+04
1.413825442540448239e+04
1.560542473152236016e+04
1.238577682801764968e+04
1.397228290832020684e+04
1.471324179845860635e+04
1.515638278883832754e+04
1.488613759302403923e+04
1.409733105458662794e+04
1.513500252048258517e+04
1.339536220642400440e+04
1.528582751395246851e+04
1.544888796909197663e+04
1.489398080880314592e+04
1.497063011270582319e+04
1.546116923365643743e+04
1.513302631193187699e+04
1.317471754056129248e+04
1.558042064269850925e+04
1.461707372759356986e+04
1.495413575653613225e+04
1.496767831352736175e+04
1.523757245166070425e+04
1.456292213134911253e+04
1.395069070901899795e+04
1.246797942141908788e+04
1.546940161702857949e+04
1.560126921975895493e+04
1.513405020762949789e+04
1.386194277155266354e+04
1.504063105393156366e+04
1.554751430638364400e+04
1.398997739811597057e+04
1.364276837499373141e+04
1.489331713646333810e+04
1.495840841424074097e+04
1.522441472353187055e+04
1.447373186414861811e+04
1.516364556694430394e+04
1.277439687658752337e+04
1.535684678656582037e+04
1.522767378637474576e+04
1.552420896177117902e+04
1.515900439297547928e+04
1.549092797803091344e+04
1.559709659737310722e+04
1.353873301182340947e+04
1.533501864639770974e+04
1.473974946879445997e+04
1.344204907660190656e+04
1.341472194254430724e+04
1.535441270459317457e+04
1.533236872337414388e+04
1.478595412335719084e+04
1.327776170728107900e+04
1.516422149904127218e+04
1.423894846377756039e+04
1.450154114859169931e+04
1.524185575122316368e+04
1.525065361105966440e+04
1.392758281467192137e+04
1.506902178910105249e+04
1.503099840984828188e+04
1.365079020961358037e+04
1.347947908685161383e+04
1.550904168200503773e+04
1.537469469805176232e+04
1.444167809216782007e+04
1.539887650489417865e+04
1.553333664893887362e+04
1.530969344158798413e+04
1.515131883222010947e+04
1.438499490013763352e+04
1.426806220434633542e+04
1.485070136055851071e+04
1.550389327625484111e+04
1.510313659355675372e+04
1.367600619475321946e+04
1.498011280244844056e+04
1.508138889469640708e+04
1.355164684601877889e+04
1.556701623088364431e+04
1.466960283356350374e+04
1.447828347799698167e+04
1.479000349421404098e+04
1.416218304489372167e+04
1.551762005454657265e+04
1.505136348405021636e+04
1.488702201481258089e+04
1.531446745985832604e+04
1.508840010609731326e+04
1.405550405255023361e+04
1.534692978733435302e+04
1.503722958040407684e+04
1.538167054750716488e+04
1.475400421887520861e+04
1.537075763078646924e+04
1.555391281741434068e+04
1.556214076606114941e+04
1.557432706416801375e+04
1.329288926632312905e+04
1.510914552405564973e+04
1.470891873146735816e+04
1.530143581004629959e+04
1.534272378202711479e+04
1.289709853066474716e+04
1.541294319771360460e+04
1.472730138825459289e+04
1.452999309194268244e+04
1.476442540489917519e+04
1.547837921435713179e+04
1.535410588327015103e+04
1.510967626912058768e+04
1.473999029564034572e+04
1.531704899241841485e+04
1.507387669740072306e+04
1.483869602376664261e+04
1.557914765397114752e+04
1.468347901802304659e+04
1.552970367725193864e+04
1.549586868675486585e+04
1.442013046642509107e+04
1.493328469105786098e+04
1.410373304350805120e+04
1.480582691641829661e+04
1.442637487608096853e+04
1.481693250671672467e+04
1.535199176322545100e+04
1.517007710599881284e+04
1.559604085424971709e+04
1.418772681909413768e+04
1.392758281467192137e+04
1.540291327766755057e+04
1.506863719512464559e+04
1.472997891867774888e+04
1.461985806926617988e+04
1.537839042548152429e+04
1.540680569886253579e+04
1.422217382989565704e+04
1.522686474848196485e+04
1.530108436539891773e+04
1.550815462732153537e+04
1.553890885367103147e+04
1.544798814501383822e+04
1.538046014818803451e+04
1.492848697206044562e+04
1.531950007663050383e+04
1.413478224574002161e+04
1.515336430697775359e+04
1.531461420072574037e+04
1.531391371112074739e+04
1.530222272899150084e+04
1.377027096154259561e+04
1.553737991676054844e+04
1.520257175126922630e+04
1.551950454038588214e+04
1.529980504081724575e+04
1.495908193724657212e+04
1.495719391993095633e+04
1.508751712180734467e+04
1.558799596398255198e+04
1.541815131823924094e+04
1.325334089932386814e+04
1.445466007065373560e+04
1.189875445118468633e+04
1.506871422447241639e+04
1.406137097339274806e+04
1.428250820072856004e+04
1.507235611573151618e+04
1.554809459515250273e+04
1.109526232966999669e+04
1.482920296409496041e+04
1.558771168686571764e+04
1.546522661679993871e+04
1.560630138618203091e+04
1.467041757815202436e+04
1.504087018919877482e+04
1.554644571875648944e+04
1.501405771435901261e+04
1.549117108282543086e+04
1.413474664727196068e+04
1.281945307876973311e+04
1.198514841962397986e+04
1.302940603955904589e+04
1.539069034723670484e+04
1.533432634374690679e+04
1.547894089369013454e+04
1.496110862582059417e+04
1.471764134809045390e+04
1.438559567860457901e+04
1.556414591193657179e+04
1.553745033235679875e+04
1.560116488005969950e+04
1.251440437859024678e+04
1.461410429147059040e+04
1.542281359215392149e+04
1.465774978662672765e+04
1.439383822886701819e+04
1.466634796190636916e+04
1.514821122091572943e+04
1.525199132390018349e+04
1.511040887134422519e+04
1.486697238202897643e+04
1.538167384018440862e+04
1.495605248706817292e+04
1.408301705622038935e+04
1.291384313933672092e+04
1.474293947515199034e+04
1.554920417995159914e+04
1.409868130163251408e+04
1.540443230416268852e+04
1.559813919122624065e+04
1.469769279617218490e+04
1.523123599365973860e+04
1.536922273410906564e+04
1.470475757202056957e+04
1.539445112907590737e+04
1.477552498336304598e+04
1.555200071731026583e+04
1.401422499864241763e+04
1.397549984761282394e+04
1.511040839512234015e+04
1.511180683683790267e+04
1.441690452889677545e+04
1.531950007663050383e+04
1.558352473979138085e+04
1.463447476385597110e+04
1.559998952465686307e+04
1.522003000071394490e+04
1.556954757457583037e+04
1.554751430638364400e+04
1.543104184418388104e+04
1.516417390053569579e+04
1.293157364409567708e+04
1.448905321155650199e+04
1.471827768869369174e+04
1.503456195130727065e+04
1.540660578999635254e+04
1.487025593091051815e+04
1.515832929640573639e+04
1.530293822054307384e+04
1.509795156773912640e+04
1.543582629750266278e+04
1.392388838040807423e+04
1.487986809748944506e+04
1.456723026390190716e+04
1.557699657090694382e+04
1.519278863346162689e+04
1.535253539888065279e+04
1.389023132295352843e+04
1.478417532593737633e+04
1.557348774276321637e+04
1.558310390366787215e+04
1.294030302063345698e+04
1.448065596938386261e+04
1.445259913659745871e+04
1.381577616418402613e+04
1.465176265243831222e+04
1.487334323341273557e+04
1.540213554026868042e+04
1.456921539175097496e+04
1.495830223573212788e+04
1.540463861365128651e+04
1.477381933223725355e+04
1.440453429317117843e+04
1.507635595176266361e+04
1.545366174758065608e+04
1.492636564306824039e+04
1.474178567015826957e+04
1.557307112801418043e+04
1.422805903944157762e+04
1.465244714079719961e+04
1.495984469468464522e+04
1.532948910884519501e+04
1.488210447138223390e+04
1.501016609639357011e+04
1.386091441347457476e+04
1.301818965064088115e+04
1.418160346897543059e+04
1.534693353587526508e+04
1.520734209651367928e+04
1.465187283800562909e+04
1.501657679691073281e+04
1.550504795363009180e+04
1.497208891986154049e+04
1.518482588359790861e+04
1.547918660042828742e+04
1.497277103728584189e+04
1.541834462001304928e+04
1.389894064310206522e+04
1.529041069059221627e+04
1.414954112942513530e+04
1.418129493942468980e+04
1.551149555461186719e+04
1.432407187657238501e+04
1.527480775906685449e+04
1.285937185984977805e+04
1.496559222360623971e+04
1.421659556565437015e+04
1.387013941302911917e+04
1.545054766357950393e+04
1.532991231570871969e+04
1.469464285303848919e+04
1.527085168621354751e+04
1.489103621672865484e+04
1.455545181579153723e+04
1.416185372539138734e+04
1.527675143101440335e+04
1.375865557426047963e+04
1.539328598235547543e+04
1.557291247667806783e+04
1.496813518675559317e+04
1.559892485903209308e+04
1.511040887134422519e+04
1.536761446135590086e+04
1.476171252846784409e+04
1.492505206038417418e+04
1.440323879919712635e+04
1.529935389768754249e+04
1.371002952324707076e+04
1.525507213476558536e+04
1.502740898576315885e+04
1.543041997680166969e+04
1.447297713313412532e+04
1.331877440657389161e+04
1.393315162654530286e+04
1.556992779487702501e+04
1.543436032496229018e+04
1.160168530324938547e+04
1.463161833226455201e+04
1.553488648332526645e+04
1.511212768363699433e+04
1.530545528574832315e+04
1.508734833519030508e+04
1.520190776887044558e+04
1.464478276010988156e+04
1.548402866091423493e+04
1.517442206736887965e+04
1.525978705850475490e+04
1.501795937804567802e+04
1.542758124440480242e+04
1.331028811756247160e+04
1.553571571980278532e+04
1.419257743841692718e+04
1.557890454796767517e+04
1.506086344714241568e+04
1.457120710465298907e+04
1.368983269867103081e+04
1.465934320061270046e+04
1.522862090588788851e+04
1.522578424624714717e+04
1.392142494991815329e+04
1.513530001039445597e+04
1.510305501200896106e+04
1.426568992206451730e+04
1.552285629371510731e+04
1.342911327011049798e+04
1.554706540521365241e+04
1.540712690455546544e+04
1.513500252048258517e+04
1.162391709334881489e+04
1.544109634609534260e+04
1.454915209071890058e+04
1.495840841424074097e+04
1.552925005487143062e+04
1.505996392614198703e+04
1.543501573706608360e+04
1.534130932153051981e+04
1.554758711977850908e+04
1.522686474848196485e+04
1.520458584857459391e+04
1.537753032349193745e+04
1.495912371483888273e+04
1.554600981015981051e+04
1.410448588058663154e+04
1.390206622393065663e+04
1.534946509922307450e+04
1.556358434590506477e+04
1.192776570757788613e+04
1.515084259567477602e+04
1.461346956651835353e+04
1.341255141862045275e+04
1.510362097985328910e+04
1.362289320254665836e+04
1.521128389449161659e+04
1.536508311687901187e+04
1.505892472499073847e+04
1.365781150238390546e+04
1.393390010759744655e+04
1.426306198518052588e+04
1.497673079737503213e+04
1.465201126728448435e+04
1.519537258659104009e+04
1.453336407473361214e+04
1.451945117291062161e+04
1.450067181672065453e+04
1.432734990314263996e+04
1.505389665300636261e+04
1.398243545170106518e+04
1.470489446465438596e+04
1.545919667388580638e+04
1.501382818704543570e+04
1.560245224097311075e+04
1.464761849229128165e+04
1.533861425585691723e+04
1.519906505137958084e+04
1.561723744011455710e+04
1.466009334379280335e+04
1.321023471307449654e+04
1.486668107972057624e+04
1.263933209594372602e+04
1.413308967722879970e+04
1.508777448679441113e+04
1.502680814617722535e+04
1.529028843784066521e+04
1.243607336334262072e+04
1.456985936853378007e+04
1.536255767249763448e+04
1.545283486686598553e+04
1.483322864548606958e+04
1.514310269966007945e+04
1.491132858933993703e+04
1.480242047489834295e+04
1.559506666832492738e+04
1.526465449174382957e+04
1.534569278389080137e+04
1.556811056935218949e+04
1.498470667033252539e+04
1.437628583649361099e+04
1.472278459070728059e+04
1.386471472337978594e+04
1.526380122641529306e+04
1.558266264725823385e+04
1.461728483651738861e+04
1.530370230689260643e+04
1.411450964321658103e+04
1.560516314226786199e+04
1.543078031028474470e+04
1.546689382476453829e+04
1.540502298156778124e+04
1.545049148948855327e+04
1.443788316201795533e+04
1.529651528066774335e+04
1.522081114499123578e+04
1.559887459084065267e+04
1.546228943261101085e+04
1.390206622393065663e+04
1.523543752293981925e+04
1.538497732570365042e+04
1.383397775180692952e+04
1.320450530865676956e+04
1.538689299176608984e+04
1.433495300470623260e+04
1.529178598339526434e+04
1.532364185192636978e+04
1.555361101745382985e+04
1.542981334259116556e+04
1.545353198724696085e+04
1.481514902415572578e+04
1.506861606901978303e+04
1.538399417397749130e+04
1.556174469239399696e+04
1.550220243955574188e+04
1.520620404120367675e+04
1.525308449415920768e+04
1.450029035588872648e+04
1.447045401425871205e+04
1.423318953709698326e+04
1.513526487685142092e+04
1.518545066842614324e+04
1.479987354082813181e+04
1.552408419342737398e+04
1.561460828156872594e+04
1.545987175849785490e+04
1.468951728336506494e+04
1.527128330545605240e+04
1.554304311402001622e+04
1.422573542546079443e+04
1.557975660967599470e+04
1.527982646156829469e+04
1.552094117999507034e+04
1.550205242840009123e+04
1.443186712207927485e+04
1.544180043817657679e+04
1.502617829230997995e+04
1.556217598237852872e+04
1.475112967070562445e+04
1.561877461411039076e+04
1.509192792375327190e+04
1.375643288075294913e+04
1.403050333109952771e+04
1.490420358103744911e+04
1.373368031427492861e+04
1.536175763639998513e+04
1.302227947158987081e+04
1.287045542452443624e+04
1.427935106250079116e+04
1.497602728540986755e+04
1.507879470218222377e+04
1.531805869193406033e+04
1.516740530111818953e+04
1.435986431692244332e+04
1.308914120618660672e+04
1.547839398315182552e+04
1.526378558911841174e+04
1.483812131054135170e+04
1.150196330710202528e+04
1.456869803802763818e+04
1.552349978199582984e+04
1.546779385912233374e+04
1.545274788122927021e+04
1.401538004997023563e+04
1.463600335169675600e+04
1.490427103667935444e+04
1.490465169697257443e+04
1.453552125956547206e+04
1.382488846795940117e+04
1.398749853172412259e+04
1.472568572049455906e+04
1.340084454584688865e+04
1.473464729909882954e+04
1.491508847500936463e+04
1.510166316733727399e+04
1.368037020555127310e+04
1.471255819493202034e+04
1.316466599549036619e+04
1.492584792591943551e+04
1.488816208013923824e+04
1.493258565307938989e+04
1.401422499864241763e+04
1.382046136915768511e+04
1.507343930889972034e+04
1.455618930954167445e+04
1.400282905855761965e+04
1.474996980941241418e+04
1.468048519738216237e+04
1.385416290725103863e+04
1.449716548271745160e+04
1.484075822134560985e+04
1.466522927341097238e+04
1.383015911811833030e+04
1.559979121208320612e+04
1.497855037377066765e+04
1.459116666239204278e+04
1.557841551118279313e+04
1.533327067128572889e+04
1.368455049553121353e+04
1.555915799175649772e+04
1.413322079097808819e+04
1.453779874743262917e+04
1.533761447447586397e+04
1.478875755657768786e+04
1.469418953505087666e+04
1.511040887134422519e+04
1.473807256654900084e+04
1.530731200267833628e+04
1.522935846168539138e+04
1.558737987826260178e+04
1.255213707924819028e+04
1.503637125639543228e+04
1.523914558650660365e+04
1.416988418976051253e+04
1.439509750291754062e+04
1.525643775087321046e+04
1.353142101166014800e+04
1.533073165467500439e+04
1.552221339524580617e+04
1.454722156887921847e+04
1.452736163326290989e+04
1.509199209411684024e+04
1.436250666476345941e+04
1.495413575653613225e+04
1.457419664005746381e+04
1.536009108421492601e+04
1.529397435032612339e+04
1.505241729242851943e+04
1.540351301046405206e+04
1.520836686883584844e+04
1.560607359308498235e+04
1.528526180624540211e+04
1.293693725588747475e+04
1.521954463171362113e+04
1.489430849900514295e+04
1.530063369289576804e+04
1.321900381416406890e+04
1.521922601624098024e+04
1.409510460002793479e+04
1.549271084052410879e+04
1.516940521681151768e+04
1.541309126087257027e+04
1.488726849037364082e+04
1.496767831352736175e+04
1.335783167847608638e+04
1.499907703467566353e+04
1.443105389850127540e+04
1.505052298850814805e+04
1.551108479079304743e+04
1.331746836621590410e+04
1.432397955200250726e+04
1.463954611118522735e+04
1.461636943219051682e+04
1.387875830590924488e+04
1.451924764238604985e+04
1.439614808417102540e+04
1.522058667799747491e+04
1.556121135341581248e+04
1.455443493876491993e+04
1.298947333145230368e+04
1.074157671037714135e+04
1.476698141292834225e+04
1.341551181937918773e+04
1.534659512879785325e+04
1.341472194254430724e+04
1.485718638178262336e+04
1.451629638902212901e+04
1.521596805189905717e+04
1.410643581282456944e+04
1.558228517145206933e+04
1.492793327869859968e+04
1.504445226834195637e+04
1.237042292328032818e+04
1.499603584331508500e+04
1.488278816964932776e+04
1.436417033712299235e+04
1.479124357445759415e+04
1.393315162654530286e+04
1.366778916684381693e+04
1.465945371950710069e+04
1.524861747893743268e+04
1.530153079451168742e+04
1.508331640372046968e+04
1.434802002885903494e+04
1.557992391262395904e+04
1.555242282293069002e+04
1.414126783836722279e+04
1.519600609169408563e+04
1.447701316839096035e+04
1.480339454877136450e+04
1.533676578413233074e+04
1.545739759070462605e+04
1.433312827933765948e+04
1.466367882852638468e+04
1.319890302017627801e+04
1.528151062921171069e+04
1.508124775087589660e+04
1.533366026680438154e+04
1.558310390366787215e+04
1.403582614796142479e+04
1.137285107266506202e+04
1.426533958020016507e+04
1.387152597247851736e+04
1.494752910633155261e+04
1.503903711791403839e+04
1.543582629750266278e+04
1.468679137020685084e+04
1.398572355367827549e+04
1.352332844921043397e+04
1.496875295199711400e+04
1.423252843917343671e+04
1.488877204214523954e+04
1.522667576092750824e+04
1.455246857618842296e+04
1.548822338770665738e+04
1.538399417397749130e+04
1.338661202661828793e+04
1.556254888686358390e+04
1.546008878401862421e+04
1.465022601906318232e+04
1.561066342802789950e+04
1.470643806479145678e+04
1.533198868646042683e+04
1.516732872580966796e+04
1.545517137948139680e+04
1.451945117291062161e+04
1.557449953721184283e+04
1.556962429489692113e+04
1.531516811656165919e+04
1.468079025602106412e+04
1.423441927528292217e+04
1.559417888009164744e+04
1.553284704434496598e+04
1.333393650981609971e+04
1.361096595333630830e+04
1.538399417397749130e+04
1.487322489918054634e+04
1.511265960702581833e+04
1.496708599226645492e+04
1.536123236925924175e+04
1.559426425511087291e+04
1.466683024599012606e+04
1.535561161277858992e+04
1.510892000769128936e+04
1.418284253577732306e+04
1.430615170606261017e+04
1.375614644635821969e+04
1.496559222360623971e+04
1.491643753600844866e+04
1.454108721612439695e+04
1.513336716854931365e+04
1.517876842851858055e+04
1.538785236923782031e+04
1.509398700243274652e+04
1.511518599147346686e+04
1.503898684186240280e+04
1.517922054828541877e+04
1.541780862262620576e+04
1.532109150751858760e+04
1.532369251712719597e+04
1.490381059708944304e+04
1.472583967864613078e+04
1.525557499916456254e+04
1.426533958020016507e+04
1.457383470678485537e+04
1.490379337160260184e+04
1.528167826941074964e+04
1.519457057167958192e+04
1.495136356186729972e+04
1.432157546537728376e+04
1.470937312620751254e+04
1.468358385134678247e+04
1.546648054901040814e+04
1.488874271202447562e+04
1.508830894164604069e+04
1.506279120994321238e+04
1.501657679691073281e+04
1.456299098858303114e+04
1.491239494081780686e+04
1.314206778073874375e+04
1.513518254720292862e+04
1.436957068971352237e+04
1.474711503294755494e+04
1.546654451940439685e+04
1.557206470385263856e+04
1.410047279174291907e+04
1.415873146168487983e+04
1.532407372988300631e+04
1.555637113979923924e+04
1.325234387129194147e+04
1.438033841830124402e+04
1.425547512405501948e+04
1.531641248978939620e+04
1.542491067878835747e+04
1.541193002410739973e+04
1.458067148236459070e+04
1.511133686068651514e+04
1.401029651915537033e+04
1.561625543608543740e+04
1.518682415955554461e+04
1.561000210827125193e+04
1.430036866948688839e+04
1.526280196509525558e+04
1.536740487352529090e+04
1.455618930954167445e+04
1.501016609639357011e+04
1.421221996543035857e+04
1.555418088154468933e+04
1.449248092869779066e+04
1.493093483644882326e+04
1.376300525424485022e+04
1.480870606392720219e+04
1.518394006737594282e+04
1.449668588278031712e+04
1.493316812011610455e+04
1.508339805518152571e+04
1.474616096082557124e+04
1.435688113347102444e+04
1.556602961540199976e+04
1.516830114447121377e+04
1.553495317504466402e+04
1.485379277321530208e+04
1.510895316707093480e+04
1.516031530782883419e+04
1.269137537985410017e+04
1.513578127112429502e+04
1.555915251652286315e+04
1.531950007663050383e+04
1.500832588829566703e+04
1.558295426642441998e+04
1.500857010791303765e+04
1.553511294646635724e+04
1.344176747470816917e+04
1.449399982796867880e+04
1.261928929826498279e+04
1.513945153230654432e+04
1.467436219712990714e+04
1.546567679626878817e+04
1.401029651915537033e+04
1.525787981180000133e+04
1.426797882797594502e+04
1.525769642923546053e+04
1.550626208642453275e+04
1.449399982796867880e+04
1.508339805518152571e+04
1.482526485647742084e+04
1.505120806255606840e+04
1.501942295300362275e+04
1.478498371519269131e+04
1.561668861011965782e+04
1.193977174716399895e+04
1.381805792867053788e+04
1.514968232116193394e+04
1.521101927898199210e+04
1.546368189048480417e+04
1.443467279229362794e+04
1.537011674602450876e+04
1.547011622666961557e+04
1.486406429452518751e+04
1.457431175776046803e+04
1.439820100036022995e+04
1.543104184418388104e+04
1.509943682990045636e+04
1.556701623088364431e+04
1.539301890242948502e+04
1.443105389850127540e+04
1.472810027329656077e+04
1.500552124011451815e+04
1.552420896177117902e+04
1.482061403197322943e+04
1.331003143814412215e+04
1.531675371366239051e+04
1.450314397556862968e+04
1.288171816612760267e+04
1.531597500043694163e+04
1.554613991863865886e+04
1.498083152701007202e+04
1.071887539776604171e+04
1.557975660967599470e+04
1.488613759302403923e+04
1.561008681031366905e+04
