2.629221118711445888e+04
2.219204162828891276e+04
2.757446174696441085e+04
2.721486842149525182e+04
1.821297902630519093e+04
2.223338989847889752e+04
2.315496884667746781e+04
2.290953973357075301e+04
2.429632785151344797e+04
1.768673954688974118e+04
2.788279560082474200e+04
1.743830728430355521e+04
2.020095900862186681e+04
2.392433662292693771e+04
2.081409286417582916e+04
1.703135315797323346e+04
2.420563258565152501e+04
2.735494312147497112e+04
2.054547523521423864e+04
2.810278776004582687e+04
1.751985829564814048e+04
2.381601426041388186e+04
2.725493016649754645e+04
2.618697653290674498e+04
1.759770031879941234e+04
1.647673863025564060e+04
3.091361375727047925e+04
2.348769550203816834e+04
2.988585281682344794e+04
1.782325887719925231e+04
2.440121031865238547e+04
2.392268646147942854e+04
1.772271571320454314e+04
2.735096951237367466e+04
1.823867635532081113e+04
2.869981871254148427e+04
2.823673861212149495e+04
2.924889688211883549e+04
2.909851731802057475e+04
2.671450790264724128e+04
2.856696470052952645e+04
2.741310752556780790e+04
2.721254881247843878e+04
2.012593427052640618e+04
2.450702000543387112e+04
3.027648661008050840e+04
2.898235056756794802e+04
3.075913736530832466e+04
2.608713385370592005e+04
2.153931450310702712e+04
2.007553788010797871e+04
2.733771155959297903e+04
1.915518718619284846e+04
2.784041239734379633e+04
2.190528845829597412e+04
2.822969581326685875e+04
2.237980118695712736e+04
2.120351853354601917e+04
2.691809241586534336e+04
2.133687589373555238e+04
1.705446573943868498e+04
3.072520512234258422e+04
1.723880979666529311e+04
1.946806650289185200e+04
2.222603259430696198e+04
2.713539104891695752e+04
2.389268768431754506e+04
1.978380638844233908e+04
2.712116935043927879e+04
3.050264102511969031e+04
3.100777172610217167e+04
2.306457152062181194e+04
2.741057242745502299e+04
2.867492185531006908e+04
2.777963996699148265e+04
2.168097884411265841e+04
3.001279351374434918e+04
1.986249056731607561e+04
3.060336231936295371e+04
2.935501081659737974e+04
2.936538847384969631e+04
2.099378506690572976e+04
3.134020024897588155e+04
3.129238904781035671e+04
1.709589847664872650e+04
2.441953927506862237e+04
2.124412595861132286e+04
2.349513148349280527e+04
2.256803965172406970e+04
2.736886514603187243e+04
1.951985924933939532e+04
2.584439817456897435e+04
2.717662530533506651e+04
1.704788500274253965e+04
2.796050383805700403e+04
1.868545316513479702e+04
2.402324185280408710e+04
2.650777948614259367e+04
2.089394365946670587e+04
2.495566758028796903e+04
2.748165924518556130e+04
2.933630248715282505e+04
2.889096735773799810e+04
1.945747767030246177e+04
2.390950784993513662e+04
2.905969945001372253e+04
2.445774140129585066e+04
1.609499932737440759e+04
3.046203338130683915e+04
2.467371246802349560e+04
1.861849411978296848e+04
2.691797347664872723e+04
3.037980598939688934e+04
2.876257420300260856e+04
2.315322475966004276e+04
3.023673820863993024e+04
2.160338150268265963e+04
2.758480041673774394e+04
2.912188101806322447e+04
2.132722232759920007e+04
1.995945800421518652e+04
2.548356939037270786e+04
2.854086930553374259e+04
1.832990886931267960e+04
2.522494022407317971e+04
2.658740504604970920e+04
2.909690578816268317e+04
2.826618100060216966e+04
2.649929199827531920e+04
2.410483980117958708e+04
2.729814596989398342e+04
2.824768412670238467e+04
1.897424173784405866e+04
2.553988708864303408e+04
2.457407406164856729e+04
2.428305459643822542e+04
2.413247495142911066e+04
2.749585113906499464e+04
3.109903042849324265e+04
2.226899465830913687e+04
2.779937582291660874e+04
2.160183253464642621e+04
2.979619539235874981e+04
2.331635635060561617e+04
1.607123219693628744e+04
2.223302985160349635e+04
2.920875725824736583e+04
2.242885125417469681e+04
2.778068019489459402e+04
2.617066753958858317e+04
2.624482584014354870e+04
2.632385254785391953e+04
2.916105630717572421e+04
2.286985634627493346e+04
3.050236823421826557e+04
2.252700601443985943e+04
1.747755648128652683e+04
2.488263042517215945e+04
3.078313003072366701e+04
3.117926028050978493e+04
2.908397022419076529e+04
2.291197145078967515e+04
2.191241939131439722e+04
3.142974491924004542e+04
1.667509859596876049e+04
1.830091350078340838e+04
3.076737770213756448e+04
2.286445786508990568e+04
1.972903394812704937e+04
2.396093216752026638e+04
2.623130068556126207e+04
2.694151377172752473e+04
2.542755584136528705e+04
3.050950002306780516e+04
3.122909116843798984e+04
2.830246902769244116e+04
2.700164812027401058e+04
2.408340026580569975e+04
1.574141687152872146e+04
2.922208684439108401e+04
2.794389483757115886e+04
1.641793079181451321e+04
1.784323032976761897e+04
1.712752347746914165e+04
2.721174453219608040e+04
2.995535298070369026e+04
2.828413418394602922e+04
2.273410750587592702e+04
2.559810232904702571e+04
2.835807753105419761e+04
2.084617481031509669e+04
2.861525326752400360e+04
2.511807029296804467e+04
3.046344883571398896e+04
2.243904518077924513e+04
2.113570765332167502e+04
2.113224207019407186e+04
2.830540696594171095e+04
2.866855744248171686e+04
2.377169359114041436e+04
1.621454932041549728e+04
2.052312325638584662e+04
1.777272862410303060e+04
1.714610080495504371e+04
1.855978764497246448e+04
2.803028280465889839e+04
2.033932675853612091e+04
1.986957105041684918e+04
2.226025362035532453e+04
3.031478435161215748e+04
2.350580879709675355e+04
2.579895207218015275e+04
2.503642340752474047e+04
2.491582920827466296e+04
2.044426783121530389e+04
2.062863374861261764e+04
2.788184964266620955e+04
2.415722741595905609e+04
3.020578672920361714e+04
2.604558997709943651e+04
2.614567761960573262e+04
1.969574528628892949e+04
2.828558548055363281e+04
2.801760003004572354e+04
1.807662997503476072e+04
2.205374661304672918e+04
2.676224657665806444e+04
2.627451292572333841e+04
2.712600105355221604e+04
1.526183429596912538e+04
1.963658926240225264e+04
1.734734431294193928e+04
2.163270015411825079e+04
3.125322256515112167e+04
3.035287107319537972e+04
2.081390258404004271e+04
3.048754737161899538e+04
2.653853195920565486e+04
2.948374886320756923e+04
1.684993644986346044e+04
2.440121031865238547e+04
1.670942854414395697e+04
2.149681342937332374e+04
2.703072284172274522e+04
1.506593951551835926e+04
2.337251239538180016e+04
2.411073454084031982e+04
2.538367626840622688e+04
2.977900924986391328e+04
1.633923704178461230e+04
2.829320735133862763e+04
2.963032772926264079e+04
2.696442088633521053e+04
2.813158485292439582e+04
2.902294388900493504e+04
1.705517969841174636e+04
2.601648087135823516e+04
1.979551915064432251e+04
2.916057299972233159e+04
3.078393159147405095e+04
3.133624579209501098e+04
2.053476657668454573e+04
2.882464773383833017e+04
2.514448069397306244e+04
2.076676825048661703e+04
2.629376629568648059e+04
2.783017923414787219e+04
2.470961468497138412e+04
2.191069748715648166e+04
1.918356076333400051e+04
2.755387028028854911e+04
2.402141308406306052e+04
1.921499376683754235e+04
2.285997692211493995e+04
2.296726838895877154e+04
2.610149125508909492e+04
2.905160169304216106e+04
2.817791372298107308e+04
2.549876124829157925e+04
2.607980618418704398e+04
2.569365574858597392e+04
2.878234034942297512e+04
2.427508512692989461e+04
2.208306051598805061e+04
2.902758875944475585e+04
2.446812789508117203e+04
2.825332448783906148e+04
2.224625387482127553e+04
3.098297707085260845e+04
3.128904074909205883e+04
3.042904266708513023e+04
1.710124240278725483e+04
2.804163216232048580e+04
1.625693734842451886e+04
2.854232994391107059e+04
3.076703126136254650e+04
2.880043281683404348e+04
2.435555614918657739e+04
1.735521482166558053e+04
2.362015877836007712e+04
2.831381102253890276e+04
1.827971268226595930e+04
2.146897512347990414e+04
1.923426867498016145e+04
2.892160842042545119e+04
2.929737604780870606e+04
2.380279626668500714e+04
2.550896475941873359e+04
2.971999105732360113e+04
1.643490511502365553e+04
2.680378139140163694e+04
2.984067139436603611e+04
1.829926168973773747e+04
1.635728068802749840e+04
2.167424976546655671e+04
2.975044733466538310e+04
3.105557106181721247e+04
3.142198470506766898e+04
2.273081380483345129e+04
2.319179478995717000e+04
2.387056912422882306e+04
1.943320409945573920e+04
3.037230613021665340e+04
2.472228074217346875e+04
2.087948161642636478e+04
1.576030744021361534e+04
2.447998576847333970e+04
2.211066158395582534e+04
2.170349605788034023e+04
2.868915488556383571e+04
3.033040969419509565e+04
2.142012217354311360e+04
2.292012241206203180e+04
1.794150065142682433e+04
2.175670207163939995e+04
2.771430566515752071e+04
1.807125843714841176e+04
2.199513755201298045e+04
1.858063850590977017e+04
2.016816479078336124e+04
1.893761318320095234e+04
2.833460913906599671e+04
2.623012931129466961e+04
2.383192310143339273e+04
2.563346934941265135e+04
2.581879099463969033e+04
2.840415266566877835e+04
2.906285638772262973e+04
1.622358287523788022e+04
2.566346942917784691e+04
3.042288809149339068e+04
2.908397022419076529e+04
2.783374282252060584e+04
2.961498284886034526e+04
3.056313782203984010e+04
3.061628952203017252e+04
2.157235219677130226e+04
2.498632209478609730e+04
2.781756812203941445e+04
2.321111506392354204e+04
2.496649808326424318e+04
2.747648766314035674e+04
2.248435632709958008e+04
2.228101351469248038e+04
2.551153969598972617e+04
2.729543638985976577e+04
2.225227624306557846e+04
2.542904121119493357e+04
2.663096708769094766e+04
2.490343142310360781e+04
2.437746447044703382e+04
2.883869189885222295e+04
2.773209583710369770e+04
2.344485542022332083e+04
1.663681596530877141e+04
2.567937278112698186e+04
2.809367891046957811e+04
1.851915161168588384e+04
2.630699951648422575e+04
1.875297111509108436e+04
2.096030469315891241e+04
2.892725410884279700e+04
1.663272485635755584e+04
2.868177410000324744e+04
1.823867635532081113e+04
2.009927415744170867e+04
2.854745724543502729e+04
3.036760133636189130e+04
2.970150191603793428e+04
1.820237008740653982e+04
2.516211139316429762e+04
3.062862969136870743e+04
2.225681946526026877e+04
2.293285042443525163e+04
2.311989854566359645e+04
1.924579115434213600e+04
2.126521077119925030e+04
3.011695279737924648e+04
2.717491357013766537e+04
2.518507588452407435e+04
2.952361276701400493e+04
2.989857554401168454e+04
2.280564178620980238e+04
3.081911456550583534e+04
2.002585211686928233e+04
2.274895892982039368e+04
2.385478837658324846e+04
2.999586260840615432e+04
1.558349822247496923e+04
1.937379444153461372e+04
1.621454932041549728e+04
1.887322630510266754e+04
1.923084254682577739e+04
2.723177692222372934e+04
2.381766538414865499e+04
1.987839924703725774e+04
2.382234087298640952e+04
2.596859172952966765e+04
2.839193209401189961e+04
2.350622797755029751e+04
2.481658934926025904e+04
3.009796420026666601e+04
2.231324255825405999e+04
2.603074066943980870e+04
2.610949247809576627e+04
2.838070500667425949e+04
2.416214606790246035e+04
2.067363423957210398e+04
1.927261103843765886e+04
2.180613772396324930e+04
2.590232896903117216e+04
2.161507738015360155e+04
3.040223494828768162e+04
2.238274662830440502e+04
2.351103175396009829e+04
1.960152439739211695e+04
2.253095382945162783e+04
2.274617567810814944e+04
2.301709077631049877e+04
2.013232635266990474e+04
2.837078446831867041e+04
2.387818183981359834e+04
2.431540087520075758e+04
1.679242375745063327e+04
1.572903140449054990e+04
1.798191785552015426e+04
2.800558779809029147e+04
1.818416706591917318e+04
2.983549356023404107e+04
2.570093246114036447e+04
1.989339106585289846e+04
3.133459476642612208e+04
1.870477765459339571e+04
3.027181261914745119e+04
1.948666494944887017e+04
2.952436245560451789e+04
2.038741324277191598e+04
2.215249358057302743e+04
1.866177999729061048e+04
2.470255947935497534e+04
2.350580879709675355e+04
2.668418429997411295e+04
2.791323550686918315e+04
2.860634257698579313e+04
1.804605156558368617e+04
2.621566440908771619e+04
2.604648166625231534e+04
2.019240970089439725e+04
2.310251396809367725e+04
2.419366777780194025e+04
2.868367722943543049e+04
1.829926168973773747e+04
2.979299482297352370e+04
1.947075348932348788e+04
2.986514628221268504e+04
2.487816044989408692e+04
1.785744160130983073e+04
3.124079207125984613e+04
2.521849207191478126e+04
2.044322581346489460e+04
2.353097662318001312e+04
2.461936706323556064e+04
3.064751686302638336e+04
2.889865729125619691e+04
3.030696777590366401e+04
2.201456913449446438e+04
1.890999183833640564e+04
2.972914311294382787e+04
2.007813118685316294e+04
2.544867942828893865e+04
2.761061338566786799e+04
2.975688210247798997e+04
2.239177742608058543e+04
2.475512617502616558e+04
2.465057299389014224e+04
2.377560662182945816e+04
2.301966795916665797e+04
2.843064393594886496e+04
2.998449927968291377e+04
2.232647953021772264e+04
2.201589287723036250e+04
3.138750901092244385e+04
2.780844825111907630e+04
2.849432861089332437e+04
2.320590984515866512e+04
2.091069697788469421e+04
2.567913647156368461e+04
1.937795297428363119e+04
2.615257515807908203e+04
2.677084469574138348e+04
2.686184214978149248e+04
2.480793153940494085e+04
2.193742312437061264e+04
1.939171410536125404e+04
2.795417765041914754e+04
1.622503911034689736e+04
1.809622875077429489e+04
1.638808491581556154e+04
2.913567777117345395e+04
3.111565747548540094e+04
2.837531666105206750e+04
2.124209172390344611e+04
2.229943119561970161e+04
2.505738254640809464e+04
2.458322164143233385e+04
2.558819633519075796e+04
3.113065102354901319e+04
1.775490438742101833e+04
2.172740948694719191e+04
2.344733780629452667e+04
2.868367722943543049e+04
1.737821285927659483e+04
1.646312688886130854e+04
3.046565211611365157e+04
2.271812836193726980e+04
1.930399072513415740e+04
1.709253267045699613e+04
2.345639896057129226e+04
2.374054489706599998e+04
2.958114689996506786e+04
3.034746245459201236e+04
2.942828994909103130e+04
2.320708174499552479e+04
2.073204114012653736e+04
2.832539309739430246e+04
2.396260753587649378e+04
2.394808809628774179e+04
2.153296521966659202e+04
2.380589697033093034e+04
2.175404354052127746e+04
2.761061338566786799e+04
2.781219413070789960e+04
3.084872558263353858e+04
1.675989423105486640e+04
1.524506613213330456e+04
3.106821226704493893e+04
2.963737976034390158e+04
1.772588827939222756e+04
1.907102411511273021e+04
2.230358274926638114e+04
1.709380680938477599e+04
2.387641686323820613e+04
2.062340151822382904e+04
3.015528980252636757e+04
2.920045911444608646e+04
3.041721318515772145e+04
2.127271770406230644e+04
2.888168049323926607e+04
2.832539309739430246e+04
2.691959306552205817e+04
2.128347882036633018e+04
2.834066494054990108e+04
2.996511163890916214e+04
3.029004808289107314e+04
2.007976983953585659e+04
2.045588919647464718e+04
2.927926662368498364e+04
1.892282967359066242e+04
2.665270858042555847e+04
2.477972517354874071e+04
3.067392937459063251e+04
2.416073830899894892e+04
2.581879099463969033e+04
2.857262114851913793e+04
3.101539054176999343e+04
2.454653365500958898e+04
2.227991174337042321e+04
1.859802043548777510e+04
3.138379318148532184e+04
1.966002494439749353e+04
1.736329733141569159e+04
1.917965787355793509e+04
2.954388172497798223e+04
3.051599935111052764e+04
1.772175724556428759e+04
2.436432598803044675e+04
2.789887735629953750e+04
2.189875188955784688e+04
1.881323685019452023e+04
2.165406833666862440e+04
2.558819633519075796e+04
2.065505054119227134e+04
1.936862405031544768e+04
3.137239407822152862e+04
2.655767677636000735e+04
2.914501209204508632e+04
2.890035751082677234e+04
2.010922885132906595e+04
2.522907620832961766e+04
1.933729456745994685e+04
3.100777172610217167e+04
2.579075056706886244e+04
2.051069898000674948e+04
2.137603553924186781e+04
2.147953342550843809e+04
2.814863891385064198e+04
2.267616648355602229e+04
2.661051317624912190e+04
2.273410750587592702e+04
2.246787951764256286e+04
3.121854386969075131e+04
1.661394187864900960e+04
2.705555270823439787e+04
2.147945473136470537e+04
3.043382313655465259e+04
2.637482699589498225e+04
1.895249570191340899e+04
2.438178674553709425e+04
2.748682101435873483e+04
2.037598483117685100e+04
2.819097792452102658e+04
2.440350130391620041e+04
2.521968668533203891e+04
2.972855887089201497e+04
2.235814296860482864e+04
2.200471312899240002e+04
2.844793113627377170e+04
2.031904748956301773e+04
2.512960701357444486e+04
2.422428430413052047e+04
2.884041845907868264e+04
1.999651112484584883e+04
2.662203249230725487e+04
2.505897771166037273e+04
2.937912586923508934e+04
1.931043910065271484e+04
2.172919306811359274e+04
2.023975373272442448e+04
1.993981621964694205e+04
2.471449385737807461e+04
1.987734448305394108e+04
2.741615936380155472e+04
1.918254868862170406e+04
2.408651618259534007e+04
2.050589576719993056e+04
2.637302412790989911e+04
1.779404613147043347e+04
2.244654376638955728e+04
2.041517313899995497e+04
1.799223678618279155e+04
2.387123772158846259e+04
2.539393413198853523e+04
2.764457429076420522e+04
1.913201841634619268e+04
2.062340151822382904e+04
2.830540696594171095e+04
1.871352312798822459e+04
2.554144453345191869e+04
1.740085166386624769e+04
2.891276560501124914e+04
3.048187678165335092e+04
2.842661833749117795e+04
1.965975536650926369e+04
1.645283795846470821e+04
2.701420253228734509e+04
2.302032334173392883e+04
2.281880684279721754e+04
2.655700349392292992e+04
1.903791585513390237e+04
2.988919656989160649e+04
3.046331258485623766e+04
3.002817757350226748e+04
2.144148004987886816e+04
2.304762287544568244e+04
2.175529047286062269e+04
2.735096951237367466e+04
2.465518596536615223e+04
2.511144134253358789e+04
2.779243650104163680e+04
3.100081940485712039e+04
2.201589287723036250e+04
2.779205168484969181e+04
2.250091968870641358e+04
2.237000208063702303e+04
2.388831241476328796e+04
2.078447129334917554e+04
2.527248450881236931e+04
2.220981250249622826e+04
2.885553065607344979e+04
2.699238405917553609e+04
3.100839758737022203e+04
1.430021587192312654e+04
2.463663281451485091e+04
2.659266110448653490e+04
3.073809199397554767e+04
2.958114689996506786e+04
2.810823250109387300e+04
2.025167209353967337e+04
3.116693270670688071e+04
2.663073232074484622e+04
2.812844543878239347e+04
2.499932922425172001e+04
2.822969581326685875e+04
2.165284156405491740e+04
1.807409285842327154e+04
2.674683542140265126e+04
2.653548436804051744e+04
2.231049958909636553e+04
2.246587715131548975e+04
2.717431835595331358e+04
2.595652705683751628e+04
2.686771545189555763e+04
3.082011044126558045e+04
1.847182762204410028e+04
2.455658955772684567e+04
2.529909971387961195e+04
3.040341283691138233e+04
2.741662132760027453e+04
3.105557106181721247e+04
1.848353334217441443e+04
3.037733120632748614e+04
3.087731051613976160e+04
2.296553629042653483e+04
1.860621377553782077e+04
2.135441675931397549e+04
2.860949314524026340e+04
2.223302985160349635e+04
1.785744160130983073e+04
2.470913256390276729e+04
1.804493366877522203e+04
2.390707682321291941e+04
2.144175458054975752e+04
1.699160696515159725e+04
2.161906057180123025e+04
1.833141054275254282e+04
2.233327357773394760e+04
2.182833039173588986e+04
1.756743765378994431e+04
1.736413371972415189e+04
2.196407309900303517e+04
1.660115572747381520e+04
1.769675781316624125e+04
2.299753935649291452e+04
2.791323550686918315e+04
2.186864643199377315e+04
3.063280558936157468e+04
2.014423105797779499e+04
2.131394234277420401e+04
2.316111622075880587e+04
2.845353200768370880e+04
2.518946355149966257e+04
2.357887870407523951e+04
1.828648756290243182e+04
2.775261134762594884e+04
3.099052554446815702e+04
2.918571394288906231e+04
2.510133244387445302e+04
1.573200103695520556e+04
2.861246460461634706e+04
2.080617514000098163e+04
2.908397022419076529e+04
3.026015573430497898e+04
3.023059104001298692e+04
1.933909564091836728e+04
3.130562794636637409e+04
2.658809426895720753e+04
1.702824763714138680e+04
1.661735986421325651e+04
2.386234290964564934e+04
2.009573444195108459e+04
2.588897275984051521e+04
2.019996449626901085e+04
1.835787747030734317e+04
1.910275085338579811e+04
3.080687771486202109e+04
3.124446525426359221e+04
2.995722283414362028e+04
2.742243010592825885e+04
2.929458814938479190e+04
2.850814724820153788e+04
2.802995577041609431e+04
2.280194745595061249e+04
2.261994474774543050e+04
1.724296651841608400e+04
2.654380237143121485e+04
2.837811679714862839e+04
2.558029627299265121e+04
1.608273676116221031e+04
3.014903805036799531e+04
3.021397072975058472e+04
2.824042438748106724e+04
1.641661307282099006e+04
1.890846544351987905e+04
2.617591726369685784e+04
3.063670582775953153e+04
2.309879305072266288e+04
3.136721283952116210e+04
2.920116606662317645e+04
2.553324335965186765e+04
1.682930961496297095e+04
2.905768027564211661e+04
2.792823646047521470e+04
3.000873210814915365e+04
1.727325417970461785e+04
2.075234335061784077e+04
2.206937630321482720e+04
2.848487333152245265e+04
2.240354130641103984e+04
1.755261342511748080e+04
2.283395014618177811e+04
1.566762111936451038e+04
2.227478751520475998e+04
1.646348009281827763e+04
2.911015691912053808e+04
2.514423281213152950e+04
2.281880684279721754e+04
2.506134509123171665e+04
2.864774043209242882e+04
3.028898091445484170e+04
2.328513484306954342e+04
2.812473723407259240e+04
2.961498284886034526e+04
2.034763030212884405e+04
2.088081578247870493e+04
2.649713372768905174e+04
2.033059406947332172e+04
3.101121697048328497e+04
2.187852656519398806e+04
2.423523137085188500e+04
2.845758967355224013e+04
2.111019951602330548e+04
1.890079334081621346e+04
3.033577899029331093e+04
3.060140048407313225e+04
2.602678483542070171e+04
2.598277071047839490e+04
2.571730583400211253e+04
2.324166652686049201e+04
2.710981670325399318e+04
2.065980331532535638e+04
3.048040544474693525e+04
2.216949575260905840e+04
1.946806650289185200e+04
2.496724570962970029e+04
3.067244461756419332e+04
2.097508647195099184e+04
2.471817909277858416e+04
2.349726610442785022e+04
1.924449113902385216e+04
2.901911519490983483e+04
1.623672950206803398e+04
1.621454932041549728e+04
3.133521274714886749e+04
2.861352687403702294e+04
2.521968668533203891e+04
1.859831283740290019e+04
2.863631989847587829e+04
2.821569561342172528e+04
1.948251454154004750e+04
2.773250427344630589e+04
1.890946605873102453e+04
2.410151076144752369e+04
2.295926549165694450e+04
2.419672547474660678e+04
1.706819483085864340e+04
1.917160367915630195e+04
2.342550120491599955e+04
2.049422972852366365e+04
2.948480117222123590e+04
2.297693800806281433e+04
2.495677597655739373e+04
2.246341384984322940e+04
2.782925089266847135e+04
2.152401974032507133e+04
1.979425796326915588e+04
2.506496518586465754e+04
2.659242980389201330e+04
2.841702841876152524e+04
2.668197774980801114e+04
2.871099719479482883e+04
2.323332615014804469e+04
2.146774456783492860e+04
1.563555712943650906e+04
2.390950784993513662e+04
2.020095900862186681e+04
1.823867635532081113e+04
2.861015618622653710e+04
2.900846796843829361e+04
2.080617514000098163e+04
2.057271414801337596e+04
2.916105630717572421e+04
2.694230711940316178e+04
3.064636316008171343e+04
2.352160809841342416e+04
3.073789354863553308e+04
2.778953582760220888e+04
2.994100951385813823e+04
2.626276293393514788e+04
1.936606433825218119e+04
2.761212667823872471e+04
2.725599051381895697e+04
1.595902890461863171e+04
2.790789899857220007e+04
2.450582347630933509e+04
1.750955253781385545e+04
2.986922524429159603e+04
3.012643855850263935e+04
2.411073454084031982e+04
2.839456082205924758e+04
2.750166344605324412e+04
1.978786670395065448e+04
2.305949226756185089e+04
2.351720755040039876e+04
3.086289302213635528e+04
2.435969914105609496e+04
1.869351697869702912e+04
3.015000455148019682e+04
1.884715191337236683e+04
2.710220280947443462e+04
2.134007079451766185e+04
2.811978199448666419e+04
2.548356939037270786e+04
2.279597352484383373e+04
2.187228979894570512e+04
3.060796965259161516e+04
1.630943885263618722e+04
2.332923612046178459e+04
2.581879099463969033e+04
2.399159494477632688e+04
2.902731243248846295e+04
1.911849826806645433e+04
2.057857675692440534e+04
3.003321809222533557e+04
2.906851155267415015e+04
1.576030744021361534e+04
2.866222390728019673e+04
2.536749039572296169e+04
3.106550614205496822e+04
2.296281825154490070e+04
2.408497540424482577e+04
2.694230711940316178e+04
3.045074582084796930e+04
2.456609383461256584e+04
2.750508635804732330e+04
2.572377351375519720e+04
1.560066114680492501e+04
1.707560588702338282e+04
1.890720360588081166e+04
2.133144238704560121e+04
2.617478247046428442e+04
2.572881725326406740e+04
2.146774456783492860e+04
1.833261064300740327e+04
2.719247071172472351e+04
3.018473401139145062e+04
2.541927924730640370e+04
1.648870602413990491e+04
1.760981978404926485e+04
2.450189271542813367e+04
1.836729894609558323e+04
2.057571985752679029e+04
2.240050296462823098e+04
2.693565797676309376e+04
3.041344444568391555e+04
2.866023917796935712e+04
2.808683250376551223e+04
2.189889504418411525e+04
3.124741452985404612e+04
1.995047681794152595e+04
2.317072582856750523e+04
1.794150065142682433e+04
3.084617057560149624e+04
2.813158485292439582e+04
2.381493012519781405e+04
2.243726825132420345e+04
1.575372685388417995e+04
2.421909024478584615e+04
1.877950739186041392e+04
2.143496901948666346e+04
2.508046653588331174e+04
2.092112891280576150e+04
1.692787858574360143e+04
2.606952149126193399e+04
2.672584822685971449e+04
2.334159522527733134e+04
2.549066321895414512e+04
2.436674243667715928e+04
2.033251323783633416e+04
1.670891033758653430e+04
2.794269929712140583e+04
