2.294546157049750764e+04
2.045076270035036941e+04
1.462961828002676339e+04
1.574209818917590019e+04
2.184012451404993772e+04
2.269708701590461715e+04
1.921334667046010145e+04
2.014814153685731799e+04
2.316521366789833701e+04
1.416324144999385680e+04
1.983341965503109168e+04
1.951129510139620834e+04
2.344858494615490054e+04
2.191499839432119188e+04
2.137330780909928581e+04
2.189086892483648262e+04
2.353136668109125822e+04
2.431678212062894818e+04
2.084251158554508947e+04
1.953229723595767064e+04
2.021977687527233866e+04
2.189353359816190277e+04
1.837879989270969600e+04
2.175416901548401802e+04
2.185713645655121945e+04
1.821293586715800484e+04
2.276978838859888492e+04
2.231926709721284715e+04
1.912924194842360157e+04
2.203379524634974223e+04
2.094097688370235119e+04
1.859564538492634165e+04
2.214405510831229185e+04
2.401568171077623265e+04
2.445372532143342687e+04
1.734414810493562982e+04
1.751100949459602634e+04
2.058416394328294700e+04
2.206317975953905261e+04
2.075694197607318347e+04
2.304581285811597627e+04
2.167458444691322075e+04
2.430209349732863484e+04
2.162808131164438237e+04
2.297656928978556243e+04
2.066890862241676950e+04
2.382082754805364675e+04
2.008502740343897312e+04
1.776136065481624973e+04
2.346167586630898586e+04
1.930113123668283151e+04
2.405009015253792677e+04
1.635750221150080688e+04
2.395388555694451497e+04
2.294454405258151746e+04
2.121510575086681274e+04
2.390305752358939208e+04
1.948858613654716828e+04
2.046947148303519498e+04
2.084251158554508947e+04
2.333514274255528289e+04
1.567484743026957221e+04
1.925465887020683294e+04
2.206251613282631297e+04
2.329383312634528193e+04
2.177789395654041437e+04
1.554583034827105075e+04
2.203168004484660196e+04
1.957089657893710682e+04
1.855885103356284162e+04
1.543091969868736487e+04
2.185416671929937729e+04
1.596935400134783595e+04
1.741308303508999234e+04
1.962276731104681676e+04
1.903508907833600097e+04
2.063825299281752814e+04
2.146189596045473445e+04
1.966808847568136116e+04
2.420135063519742835e+04
1.947155850866179753e+04
2.338480530941862526e+04
2.421064173874924018e+04
2.048057633561614057e+04
2.286086880414468033e+04
1.869490800394874168e+04
2.387772709481464699e+04
2.202118434669985436e+04
1.988707347872720857e+04
2.192444815979511986e+04
2.066376620794252813e+04
2.240839462355615979e+04
1.695177345313370097e+04
2.454339786208897567e+04
1.949479498332524599e+04
2.327344234126303490e+04
2.265401698221271363e+04
2.299165348786212053e+04
2.415902608152703397e+04
2.189455210042248291e+04
2.396666012487280386e+04
1.997539620034147083e+04
1.602056652648949239e+04
1.724334572961123195e+04
1.918973748878849801e+04
2.310303160219128040e+04
1.671847121800975583e+04
1.906218858310277574e+04
1.986529697585416579e+04
2.171578376991741607e+04
2.246571278910970068e+04
2.344413522609217762e+04
1.882264546603679628e+04
1.860732378395909109e+04
2.266841317568646627e+04
2.165225712054918040e+04
2.354577477991474007e+04
1.786203115919746415e+04
1.634471828533521693e+04
2.367365854050129201e+04
1.561128758984551678e+04
2.314559771125938641e+04
1.833866102470791884e+04
2.279422433553991141e+04
2.388630346908624415e+04
2.387533612039514992e+04
2.335553838594580884e+04
1.976238505747237650e+04
1.905922569094209030e+04
1.532075417540946000e+04
2.050713153288395551e+04
1.924678122095737490e+04
2.134819724111300457e+04
1.828751914613313784e+04
2.034928115064743179e+04
2.206928913385119449e+04
2.365596534168224025e+04
1.665928327506311689e+04
2.441887312170151563e+04
1.946119966012800433e+04
1.872124687803787674e+04
1.674162827537513658e+04
2.328917323206805304e+04
1.700960945741190881e+04
2.291272509664480458e+04
2.438651311456915573e+04
2.117046819252456771e+04
1.825823691858413804e+04
1.844770531195439253e+04
2.419577094563853097e+04
1.899989251411756413e+04
2.206865095670878145e+04
2.254866298150519651e+04
1.618177180947990928e+04
2.248637943191820159e+04
2.431317016370534475e+04
1.963294812117554829e+04
2.289838937528244423e+04
2.044000343770766631e+04
2.145615137455530930e+04
2.121599285287629027e+04
1.957112624738486920e+04
1.681099219080128023e+04
2.068987175530880631e+04
2.258095772420798312e+04
2.185822187911953006e+04
1.714658201167405059e+04
2.092509434620419051e+04
2.328630812786822571e+04
2.379589725194632047e+04
2.335186328991994378e+04
2.253364535631259423e+04
2.188431238609715365e+04
2.240465739882942580e+04
1.707071051679725861e+04
2.064369609208220572e+04
1.980483172082016608e+04
2.320301494683926285e+04
2.305955962152378925e+04
2.211464441753406572e+04
1.616472787322144723e+04
1.751634742088874555e+04
2.449047554358532579e+04
2.385153484541302169e+04
2.387533612039514992e+04
2.445259049065273575e+04
2.173126745293410204e+04
2.025850984477370366e+04
2.409902342755113932e+04
2.036131697743644327e+04
2.430967764294312656e+04
2.384280694397212937e+04
1.883458691647122760e+04
2.406381957781191886e+04
2.193469585076267686e+04
2.445252003622085613e+04
1.737162063207591927e+04
2.318815336323624069e+04
1.634342485426835992e+04
2.178014546078948115e+04
1.916239110618381892e+04
1.960915743572196516e+04
1.828211519415810471e+04
2.403334531571654952e+04
2.216206732028192346e+04
1.791428702079310460e+04
1.801224055935547949e+04
1.924559190053068596e+04
2.176050353327739867e+04
2.350765271273256440e+04
1.974745708314680451e+04
2.229656480560897762e+04
2.449047554358532579e+04
1.549956869467985962e+04
2.098549296982209853e+04
1.665771830151640461e+04
2.184839195924963860e+04
2.078418469577166979e+04
2.249225231158302631e+04
1.888225226865270815e+04
1.849176402250993488e+04
1.766783840175021760e+04
2.256805649060798896e+04
1.908527111181338114e+04
2.338993671842424737e+04
2.338520608089398229e+04
2.175752964424438687e+04
2.315731581893732800e+04
2.305955962152378925e+04
1.883532760764877457e+04
2.178994896165910905e+04
1.996757545889133689e+04
2.423810587426019629e+04
2.025763915834824002e+04
2.002946960689772823e+04
2.325725902219473937e+04
1.827359110469816369e+04
1.773151475253486205e+04
1.923400387776771822e+04
1.913319485435221941e+04
1.859433449329146970e+04
2.058745662547704342e+04
1.685576052419446933e+04
1.643097464570685406e+04
1.833499486115934269e+04
1.832943317234255665e+04
2.158760334993029392e+04
1.584044005704055962e+04
1.807929908956701547e+04
2.419839888712703032e+04
2.100167773116309036e+04
2.187859913784625314e+04
2.186262296629940101e+04
1.841092320232792554e+04
2.034200053430028493e+04
2.391028357650632461e+04
1.850840857844222046e+04
1.590621022436142812e+04
1.898887929298789459e+04
1.866318767003406538e+04
1.993841304962676077e+04
1.934078368502593730e+04
2.112175416521275838e+04
2.397986927262256722e+04
2.118343376995381550e+04
1.896296639800853882e+04
2.292377115072839661e+04
1.859934086688296156e+04
1.826073044484056300e+04
2.015013111365182704e+04
1.660068660731868295e+04
2.045725380839047648e+04
1.398892720614206337e+04
2.419589055980378907e+04
2.015412759666115744e+04
2.345667658489361202e+04
2.062871534025929941e+04
2.405144107531363261e+04
2.357820307653115742e+04
1.816806546281765623e+04
1.971294412561198260e+04
1.707099144652530231e+04
2.212253736031951848e+04
1.962620676138935596e+04
2.000831756191610839e+04
2.109292330831694562e+04
1.459731100151357168e+04
2.185822187911953006e+04
2.057706897352961096e+04
2.107958958962537145e+04
1.999229296694691584e+04
2.193184881958509141e+04
2.073171852377296455e+04
2.405269199749405743e+04
1.818203548001246236e+04
2.257269526937146293e+04
2.006896002519672766e+04
1.985202980546648905e+04
2.055609005837322547e+04
1.834689776943896868e+04
2.446560684317581035e+04
1.583092427075739761e+04
1.574209818917590019e+04
2.375872516676516534e+04
2.431303929728572984e+04
2.357993602948596526e+04
1.800390684917903855e+04
2.166318225279424587e+04
2.018915565862982476e+04
2.290608575109158483e+04
2.250158160060078444e+04
2.148201359304975631e+04
2.329622179343309472e+04
2.366798310225290334e+04
2.429783536907313101e+04
2.137445896262321185e+04
1.784549576657151920e+04
2.086312269346771063e+04
2.022560270560623030e+04
1.304673335927748849e+04
2.339480009823277214e+04
1.652085399796447746e+04
1.750875705624186594e+04
2.104989160342640389e+04
2.303316091059818427e+04
2.275508109224715736e+04
1.954578879166866318e+04
2.255376561868714634e+04
2.409084224331688893e+04
1.980588367670993466e+04
2.419345386278632941e+04
2.360113816480022797e+04
2.312100633656999707e+04
2.321158847640688327e+04
2.043987173758644349e+04
1.722562527867944664e+04
1.689142115544688568e+04
1.780600626976713829e+04
1.876322063167277884e+04
1.976668136288149253e+04
1.862383889509064829e+04
1.695000663265213370e+04
1.727110294798867835e+04
2.039587739750289620e+04
1.926847040003614529e+04
1.761697219941348158e+04
2.198713433072149564e+04
1.707535288213358945e+04
2.183466201405597894e+04
2.167583952399598638e+04
1.977401724269719853e+04
1.694143969550923794e+04
1.665771830151640461e+04
1.990482273075167177e+04
1.872775911370325412e+04
2.295104032198745699e+04
1.563478201039143642e+04
1.832276794266574871e+04
2.003429836989910473e+04
2.174603928386060215e+04
2.354989505430008285e+04
1.874526548114972684e+04
2.379762273782320699e+04
2.223849095882965048e+04
1.919429270631569671e+04
1.839136726973353507e+04
2.018431609206991561e+04
2.247418983128616674e+04
2.270930137754309544e+04
2.117125681431893827e+04
2.014095537479874474e+04
2.206573988630686290e+04
2.238482622351900136e+04
1.705526805913406861e+04
2.126363213336489935e+04
2.014501106285769129e+04
2.374297560955234803e+04
2.448573940946386574e+04
1.891216232872001274e+04
1.499824920642467623e+04
2.182203665885898954e+04
2.093591436016990701e+04
2.187905724555817142e+04
2.419654388043270592e+04
1.978560599043790717e+04
2.263977846947489888e+04
2.058660148781682074e+04
1.864065028236866783e+04
1.600740292415823387e+04
1.953559439581973129e+04
2.057294548475638294e+04
1.756355735252649538e+04
2.440439895848306332e+04
2.287003638555699217e+04
1.886016833290108480e+04
2.454875461519783858e+04
1.803048398767103572e+04
1.722649795853007527e+04
1.879734175175146811e+04
1.649447254822528339e+04
1.931228290910597570e+04
1.651049808488630151e+04
2.018960054032595508e+04
2.094582092001525598e+04
1.845465304077712790e+04
1.724351444425936643e+04
2.195195858677410070e+04
1.901132175523237311e+04
2.240175068970967550e+04
2.417325526330027424e+04
1.559374935098093556e+04
2.163531682917303260e+04
2.061170172473617640e+04
2.362957126486015113e+04
1.615456964278230771e+04
2.260185058957150250e+04
2.327013088470915318e+04
1.937618732952281789e+04
2.181378225810380536e+04
2.119398164602580800e+04
1.426666308928351464e+04
2.159639040740831842e+04
1.883458691647122760e+04
2.415747547459033376e+04
2.422180226173515257e+04
1.759610274966260840e+04
2.018124317926136791e+04
2.347778931369138445e+04
1.998146351094170677e+04
2.399653440287026024e+04
1.816965411278676038e+04
1.865319225394120440e+04
2.163100326342054177e+04
1.939670013866860972e+04
2.345667658489361202e+04
2.300237479617599456e+04
2.438268356493191823e+04
1.748217039487938746e+04
2.300309114844635769e+04
2.341484955803884077e+04
2.182203665885898954e+04
2.325256102107352490e+04
2.239639324857724205e+04
2.081839181816014752e+04
1.356712130629246531e+04
1.573325311290336140e+04
2.142160944154749086e+04
2.292917577621919918e+04
1.988670475629360590e+04
1.714331626730377320e+04
2.319674586466461551e+04
2.175586778008310648e+04
2.249739670460782509e+04
2.267987523564571165e+04
2.330392772001188496e+04
2.300309114844635769e+04
2.069694784866709233e+04
2.329077852252913726e+04
2.179573534878145438e+04
1.878125616041414469e+04
1.584889163318065584e+04
1.909961617110166844e+04
2.338644453851749859e+04
2.319999945073537674e+04
2.037569277713741030e+04
1.699437369054268493e+04
1.693067156085025636e+04
1.335466432737511241e+04
2.112494018473687902e+04
2.357662330481012395e+04
2.449532180366387183e+04
1.925685409344013897e+04
1.926057373163993907e+04
1.763053042454574461e+04
1.939823978833416186e+04
2.292343465223023304e+04
2.114396655161814851e+04
1.986669691318037076e+04
1.947510228378811007e+04
2.199140150058674772e+04
2.014934194760325045e+04
2.172690239016711348e+04
1.750185145499084319e+04
1.983750749848200212e+04
2.419589055980378907e+04
1.974655206014890427e+04
2.016009359088748533e+04
2.266042318952497590e+04
2.450007974879147514e+04
2.226084993769093853e+04
1.919420947151650034e+04
1.818365499906111654e+04
2.340818284737831709e+04
2.123140668014020048e+04
2.000122810882398335e+04
2.269360282727613230e+04
2.392414633380484156e+04
2.370151517831438105e+04
2.254677574152467059e+04
2.391508258874771127e+04
1.932636310242459513e+04
2.016931891028366226e+04
2.450116771570138371e+04
2.210715698930296639e+04
1.707884937434837775e+04
1.669231842932865038e+04
1.922396789235695906e+04
2.103677645890608255e+04
1.987212310980298207e+04
1.808923205471804249e+04
1.926755063791257999e+04
2.239974374499158876e+04
2.292119840981281232e+04
1.498700484119981047e+04
2.041172901465489849e+04
1.827021429684448594e+04
2.165728914171866927e+04
2.039010492509920005e+04
2.006896002519672766e+04
2.109602131014412225e+04
1.886376631378966704e+04
1.554332632495951111e+04
1.508733555012740726e+04
2.329704490407605772e+04
2.066957724356593826e+04
1.838344500711970250e+04
1.981975495596399196e+04
1.858407138366315121e+04
1.731821021317903796e+04
1.457719092990316494e+04
1.802804784204138559e+04
2.107344394231711340e+04
2.049393697719000193e+04
1.614916500406302293e+04
2.195819207837524300e+04
1.968661008598965782e+04
2.436099768617650989e+04
2.014679994104632351e+04
1.876753278484501061e+04
2.405752926023311011e+04
1.759358790211656742e+04
1.688558800169666574e+04
2.197255640132753979e+04
1.961895020129291515e+04
1.870383553514541563e+04
1.531958311512817090e+04
2.381331884438790439e+04
2.207902778436500375e+04
2.440806709430668707e+04
1.903381107084858377e+04
2.396114495939735207e+04
2.067595508147314104e+04
1.510262744080758057e+04
2.057150867987689708e+04
2.353950958162405732e+04
1.970311972831588355e+04
1.904876868553004533e+04
1.675557746933493763e+04
1.702736254032862053e+04
2.335963951592222656e+04
2.385502306697072345e+04
2.414637318636530472e+04
1.922066446897359856e+04
1.846951883614823601e+04
2.246324329660972944e+04
1.963135605724786001e+04
2.122337645101051748e+04
1.957144650418586389e+04
2.305955962152378925e+04
2.166053810394174434e+04
2.144704937647144470e+04
2.370530248208639387e+04
1.997789811618682870e+04
1.923554905896461423e+04
2.137384320338907128e+04
1.705142703280434944e+04
2.178016233046502020e+04
2.367018036144968573e+04
2.193552435299701756e+04
2.071456857394817052e+04
2.035134862140394762e+04
1.759279392930361792e+04
2.123092912431009609e+04
2.028061382131356004e+04
1.799537634030731351e+04
1.847825635835516005e+04
1.912238171412187148e+04
2.433558370260969969e+04
1.856694081182276932e+04
2.288599236897016090e+04
2.065337659351708135e+04
1.813407887400573236e+04
2.275661667011013196e+04
1.967307333422168813e+04
1.894620110600339831e+04
2.192861375892616343e+04
1.967843070346058084e+04
2.249399258016080421e+04
1.895627161936989432e+04
2.012546749322981486e+04
1.625877223053999478e+04
1.927419747180292688e+04
1.896192674444242948e+04
1.896576697793779022e+04
2.408290945916370765e+04
1.430791040528677149e+04
2.012647492964577395e+04
2.041815505297007257e+04
2.001971556128493103e+04
2.009118268996210099e+04
1.893955339107676627e+04
2.104989160342640389e+04
2.173142271182328477e+04
2.447661132143365103e+04
1.551645201580741195e+04
1.693067156085025636e+04
2.373963828379024199e+04
2.011467960847956783e+04
1.678034131217339745e+04
2.269590278832836339e+04
2.198715353456087178e+04
2.420406995557533082e+04
2.104080458402312070e+04
1.701332247712405297e+04
1.930311748170602732e+04
1.903064668818406790e+04
1.665771830151640461e+04
1.985504681145819632e+04
1.604839394411994181e+04
1.702736254032862053e+04
2.244441502413897615e+04
2.327119248849988435e+04
1.990509310454822116e+04
2.292119840981281232e+04
2.312100633656999707e+04
2.127262651108644059e+04
1.832813284414920054e+04
2.290116784153417393e+04
1.823306428026134017e+04
2.375870069523107668e+04
1.800497134066190119e+04
1.607480379574325343e+04
1.655444768710912467e+04
2.131990709630230776e+04
1.964760377874535334e+04
2.195195858677410070e+04
2.093127414626143582e+04
1.633523615254117612e+04
1.941945182450488937e+04
1.838430545889036512e+04
2.421482292706602675e+04
2.199658291087448742e+04
2.328277655954031070e+04
2.310284661996013165e+04
2.418962916318186035e+04
2.396370212304648885e+04
2.053056927454226388e+04
1.722204851543040422e+04
1.941914470711796457e+04
1.966997615236652200e+04
2.136439888946412975e+04
1.931228290910597570e+04
2.000301567306243305e+04
1.922311141810732806e+04
1.677888049077995674e+04
2.010618045149029422e+04
2.208691157693883360e+04
1.910447907465175376e+04
2.314650335676376562e+04
2.187689983541670881e+04
1.958394537610815678e+04
1.817357205725499080e+04
1.901515150805759913e+04
1.676026369944778708e+04
2.031676590938104346e+04
1.856091646083473461e+04
2.243792031170276823e+04
1.998078571043954435e+04
1.900124541933913133e+04
2.431767767045070650e+04
1.567484743026957221e+04
2.027630388142351148e+04
2.305200688615783292e+04
1.759308340792675881e+04
2.049393697719000193e+04
1.817203773690568778e+04
2.078994893878975927e+04
2.383942382524404820e+04
1.500332275247345024e+04
1.951772250540012465e+04
2.185730547540443877e+04
2.229993471431425860e+04
1.642621906778615084e+04
2.233149524336926697e+04
2.363604850671107124e+04
1.869353878872028508e+04
1.700913409402225079e+04
2.424923198887509352e+04
2.435280482139662854e+04
2.389925694596818357e+04
1.500365827627151521e+04
1.805409023274532956e+04
1.819163329037094445e+04
2.124383797339512967e+04
2.240465739882942580e+04
1.992744593930942938e+04
2.378241125307742914e+04
1.840076527848915430e+04
2.219052917275167420e+04
2.001202867447035533e+04
2.242554881122439838e+04
2.148431679894585250e+04
1.506016778304740728e+04
1.875069607524090316e+04
1.600740292415823387e+04
2.049393697719000193e+04
2.174757734512797470e+04
2.437946870579376628e+04
2.110039326205165708e+04
2.013407649057356321e+04
1.819656116178827506e+04
2.434159186761509409e+04
2.344413522609217762e+04
2.173382283646525320e+04
1.953991059711971320e+04
1.995428668602375910e+04
1.997504957967655719e+04
1.953559439581973129e+04
2.344425137555764377e+04
1.871301543221212341e+04
2.235224447053642143e+04
1.752307191570333816e+04
1.505440593647554124e+04
2.405009015253792677e+04
1.802414083531106735e+04
1.756015571754463599e+04
2.011429226835932786e+04
2.307685561887047515e+04
2.289260889764990134e+04
1.863628894353278520e+04
1.836940231846702227e+04
2.340773119533803401e+04
2.302423692923776252e+04
2.126159868121855106e+04
2.040575254090713133e+04
1.656812894500717812e+04
2.012642619438181646e+04
2.107983727471085876e+04
1.662843404162208390e+04
1.468031250550198092e+04
1.737361599980802202e+04
1.997135520735277532e+04
1.774912769785680575e+04
1.564615295418425376e+04
2.448573940946386574e+04
2.233916977591254908e+04
2.349164935620966935e+04
2.063143426845188878e+04
1.936963567469410555e+04
2.156927326566618649e+04
2.255230090566079161e+04
2.224943420941181830e+04
2.351393883895932231e+04
2.009968721799564082e+04
1.895396976637969783e+04
2.427282344095791268e+04
2.255921497716437443e+04
2.133883147374030523e+04
2.051300277350961187e+04
1.809111499892232678e+04
2.112593221754653496e+04
2.146471051149206323e+04
2.141222650382532447e+04
2.414778288642212283e+04
1.857137691128277220e+04
2.400229852176977511e+04
1.904140416257231118e+04
2.067942541745726339e+04
2.406007846536510988e+04
2.374178293862802093e+04
1.787647743756111595e+04
1.783291402051705518e+04
1.727570547964404977e+04
1.585843615377848255e+04
1.474700783532352943e+04
2.228382011859479462e+04
2.451094774837263685e+04
1.781382744747656761e+04
1.793907616162593695e+04
1.723847325320737218e+04
1.801213673972807374e+04
2.430967764294312656e+04
2.119005114597995271e+04
1.731763114654881429e+04
2.205828804371768638e+04
2.378974021513510525e+04
1.459731100151357168e+04
2.136582896123645696e+04
2.126363213336489935e+04
2.384545270046714722e+04
1.666761721324440805e+04
2.286303293451665741e+04
2.166803198047793921e+04
2.178802937453891354e+04
2.271167630503487453e+04
2.239894763079139375e+04
1.866491546118478436e+04
2.239589224917691899e+04
2.045416554141463712e+04
2.265032768488617512e+04
1.513429002285587194e+04
1.996757545889133689e+04
2.446817454938762967e+04
1.482768144580748412e+04
1.832354908002750017e+04
2.046597452348667139e+04
2.152455832978032413e+04
1.981215217217266763e+04
1.808764709259392112e+04
2.006725919842924486e+04
1.857901412042561788e+04
2.008108542565957032e+04
2.109215066802994261e+04
1.954684572359918820e+04
2.292805691209507859e+04
2.423791305080178427e+04
1.773620535158599523e+04
2.445918243117102247e+04
1.616806575230808266e+04
1.776945480037394373e+04
1.941110820561247965e+04
2.162716138758423040e+04
1.988828364206697006e+04
2.044835266348300138e+04
2.164864952069674473e+04
2.431525483219219313e+04
1.761749582757961616e+04
2.326835526205715723e+04
1.677888049077995674e+04
2.248896135217658957e+04
2.211026227315686265e+04
1.944456876533223112e+04
1.540705709230452703e+04
2.405574887140467035e+04
2.265401698221271363e+04
2.304739982155605685e+04
1.724388766843270423e+04
2.247129700920917821e+04
1.948116218319055770e+04
1.882051014014038446e+04
2.095153203488110012e+04
2.074818210285651003e+04
2.062026746143138007e+04
1.854338884115116889e+04
1.686260161600256470e+04
1.853783072544088645e+04
1.991080885273818421e+04
1.728961336623725219e+04
2.361639132297169272e+04
2.412346548456621895e+04
1.685359804841092046e+04
1.798414238682077121e+04
2.233845563075568498e+04
1.935243048707557318e+04
2.320215812366638056e+04
2.139459226606676384e+04
2.136217528402219250e+04
2.096056831931799752e+04
1.947460525574685016e+04
1.803036823679929876e+04
2.332925177451212221e+04
2.106039797913284201e+04
1.883458691647122760e+04
2.255541249243400671e+04
1.540519941715758978e+04
1.976162386393659108e+04
2.082828585425101483e+04
2.041639327439458430e+04
2.198456290927677037e+04
2.017073988366135018e+04
2.049597561428419431e+04
2.344413522609217762e+04
1.955208794820446928e+04
1.874526548114972684e+04
2.108190214553723490e+04
2.028521194720204221e+04
1.825823691858413804e+04
1.792384754409842208e+04
2.251195933497285296e+04
1.720068861280071724e+04
1.792647339626420580e+04
2.310492328729375004e+04
1.972608357795840857e+04
1.977405550536241208e+04
1.926057373163993907e+04
2.408618518237409444e+04
1.924448771634748482e+04
2.105284069387874843e+04
2.108447328969687078e+04
1.878314332941657995e+04
2.224946288198328330e+04
2.405551686046150280e+04
2.097743566232602461e+04
1.706351801561276807e+04
2.384182208347440246e+04
1.787792207503949612e+04
1.694953581589284295e+04
2.348941811044414862e+04
2.388337546196297262e+04
1.816575337197935005e+04
2.104766925386665389e+04
2.066754940832251305e+04
1.770841218954524811e+04
2.164636710610740920e+04
2.446344074953553718e+04
2.291635193582997090e+04
2.430662225052662689e+04
2.279357883507774750e+04
1.837718502305888615e+04
2.245335502712213929e+04
1.692649144396797783e+04
2.313117858762562537e+04
1.792068633480139033e+04
2.186932128036313952e+04
2.213093377514727763e+04
2.067921230822056896e+04
2.129251647948311074e+04
2.166077748475838234e+04
2.268850377950983602e+04
2.026292869924137631e+04
1.722401984733132122e+04
2.174192590815624499e+04
2.031688305713911541e+04
1.743767903411297448e+04
1.633847967496418096e+04
1.542370208301652565e+04
2.089613365757551946e+04
1.816081819625716525e+04
2.382082754805364675e+04
1.686916771262334078e+04
1.949740490024156315e+04
2.106538806128207943e+04
2.000955950694235071e+04
2.004504344079994917e+04
2.222523602044386644e+04
1.563917108716887742e+04
2.431525483219219313e+04
1.946676441600569160e+04
1.859041283442858548e+04
1.970989063124410313e+04
2.068942693972328198e+04
2.403042568827158175e+04
1.934078368502593730e+04
2.011230074187210266e+04
2.086207758010531688e+04
1.763658760997239006e+04
2.146112545488255273e+04
2.087628568040780374e+04
2.333481772997722146e+04
2.295104032198745699e+04
2.409153416693508188e+04
2.454298215626841557e+04
2.138379566511445591e+04
2.049852095773993642e+04
2.223342463489242800e+04
1.721979439327815635e+04
1.957571954777159772e+04
2.015861849966280352e+04
1.895765863871502734e+04
1.764450428799545625e+04
1.624617573830945003e+04
1.430191222722937528e+04
2.270450038602337736e+04
2.402605783656452695e+04
2.003697406123920518e+04
2.208124367296635319e+04
2.060797673440302606e+04
2.283732666222956323e+04
2.166146266688499600e+04
1.924559190053068596e+04
2.255220581235409554e+04
2.399096558973526407e+04
2.303124125075751726e+04
1.513253438418418045e+04
2.178878461044820506e+04
2.424655961713483703e+04
1.646127194672998303e+04
2.320215812366638056e+04
2.336075163514951419e+04
2.004231913998421805e+04
2.281786866284446660e+04
1.160989171395521589e+04
1.953533122062299663e+04
1.736723850063280406e+04
1.939586240525872563e+04
2.063345575859644669e+04
2.115307169640759093e+04
1.854202748363893625e+04
1.754419175167617504e+04
2.151915154831290420e+04
