5.436609262446805587e+03
5.855593072844576454e+03
5.679744179775580051e+03
5.798110964754331690e+03
5.806500648912398901e+03
5.541303758935051519e+03
5.744265562771706755e+03
5.904987769792271138e+03
5.801550611191843927e+03
5.884508290104551634e+03
5.656401851777128286e+03
5.618726855944272756e+03
5.553802081916845964e+03
5.655422325623196230e+03
5.722945007330373301e+03
5.699636962488613790e+03
5.798073534901892344e+03
5.671037140139673284e+03
5.559946660267478364e+03
5.794804768283667727e+03
5.514403295946285652e+03
5.593105814496302628e+03
5.581022084328568781e+03
5.605216485644643399e+03
5.647127929409451099e+03
5.550266191149265978e+03
5.581939925795433737e+03
5.865511226051210542e+03
5.469252958187916192e+03
5.806249547641284153e+03
5.623911019040423525e+03
5.828584298002163450e+03
5.678154501835549127e+03
5.890405709401027707e+03
5.895492411277355131e+03
5.866179589614252109e+03
5.885422265834426071e+03
5.874532800411261633e+03
5.817255504241081326e+03
5.857779523757117204e+03
5.653366235657569632e+03
5.881273555825353469e+03
5.405533039394151274e+03
5.750329639113680059e+03
5.859844308831978196e+03
5.846589544466711232e+03
5.878944310873182985e+03
5.890473273455669187e+03
5.783227243418161379e+03
5.755634585427034835e+03
5.871737799188690587e+03
5.621971152965229521e+03
5.862943929910201405e+03
5.885666701827086399e+03
5.841826973183116934e+03
5.746934245506656225e+03
5.810073732908737838e+03
5.908444464029002120e+03
5.621154443918659126e+03
5.909138580641134467e+03
5.573193768805167565e+03
5.909334841751613567e+03
5.886753815503909209e+03
5.848939604525132381e+03
5.859460939872518793e+03
5.785194175745460598e+03
5.885720180513664673e+03
5.702290393455461526e+03
5.883676919733462455e+03
5.598216772139116983e+03
5.043051721984400501e+03
5.770369700084579563e+03
5.860129126700587221e+03
5.505414014370502628e+03
5.894981087975675109e+03
5.855095232843062149e+03
5.894737784575525438e+03
5.852498613585185012e+03
5.808244916814062890e+03
5.723120618741604630e+03
5.902270388795554936e+03
5.670321421184664359e+03
5.909089655924368344e+03
5.721598557820820133e+03
5.181012314761915150e+03
5.737892696819802950e+03
5.500161002609907882e+03
5.866061743822750941e+03
5.862470105603842967e+03
5.746176077256766803e+03
5.495315332712103555e+03
5.523185053094540308e+03
5.778572291089747523e+03
5.846285340644147254e+03
5.668180864715087409e+03
5.687263184625373469e+03
5.845838092265102205e+03
5.552390000761590272e+03
5.638185917937136765e+03
5.756773916785756228e+03
5.663831309998075994e+03
5.895105423550514388e+03
5.742234993345555267e+03
5.647880609369828562e+03
5.591884986042374294e+03
5.842060731778105037e+03
5.745509555780465234e+03
5.698959684024757735e+03
5.398409085496648004e+03
5.842372420084269834e+03
5.650017871793707855e+03
5.833579706934489877e+03
5.756668100463983137e+03
5.886682845072396958e+03
5.584643141565484257e+03
5.898562477364953338e+03
5.676200307054906261e+03
5.898129903584014755e+03
5.837704134701272778e+03
5.730205161084404608e+03
5.622402889624498130e+03
5.734280378204634872e+03
5.758374505310333916e+03
5.803789696610011561e+03
5.892400872797544253e+03
5.869963633687639231e+03
5.903329355213278177e+03
5.529231496715670801e+03
5.875762318277134909e+03
5.873978461152784803e+03
5.819060533317590853e+03
5.623439962367770931e+03
5.895938673968670628e+03
5.662646646176157446e+03
5.741664591387710971e+03
5.718203090413065183e+03
5.843027140320406033e+03
5.567775343171710119e+03
5.901982290036949962e+03
5.390443176056329321e+03
5.719871926959865959e+03
5.883310156229536005e+03
5.880100573370353231e+03
5.214156225115452798e+03
5.827385457581151059e+03
5.810073732908737838e+03
5.859844308831978196e+03
5.734323231421857599e+03
5.786563460355959251e+03
5.771879420688512255e+03
5.881951764036746681e+03
5.882530276208106443e+03
5.846165257014706185e+03
5.904785218804859142e+03
5.474518336405637456e+03
5.865699169595141029e+03
5.876110850243279856e+03
5.904741064145249766e+03
5.861208720648308372e+03
5.531368462727845326e+03
5.725935912175325939e+03
5.886594841415329029e+03
5.473639170546937748e+03
5.827598770435639381e+03
5.809794225484697563e+03
5.631614237549146310e+03
5.743728525943049135e+03
5.699039450666919038e+03
5.892206072718639916e+03
5.786631983808825680e+03
5.793643465388395271e+03
5.854160699372093404e+03
5.723362255507528971e+03
5.834393082733462506e+03
5.680257275000929440e+03
5.650365620087257412e+03
5.579645750345760462e+03
5.854028371053709634e+03
5.541989156731779076e+03
5.514097494326541891e+03
5.888657550515821640e+03
5.820583291611360437e+03
5.861020117732562539e+03
5.553802081916845964e+03
5.761953678752191990e+03
5.786911758317144631e+03
5.864204345965102220e+03
5.716656757301425387e+03
5.561354787978549211e+03
5.586550092561555175e+03
5.749658532923161147e+03
5.803507249196114572e+03
5.862980673673562706e+03
5.582854727090800225e+03
5.540652519629306880e+03
5.366194699134594885e+03
5.893112666410710517e+03
5.846420966345938723e+03
5.719371356952386122e+03
5.729431577462451060e+03
5.408359713948749231e+03
5.532927028217897714e+03
5.769692576007486423e+03
5.847289063535587047e+03
5.697824696102887174e+03
5.558270020685409690e+03
5.836739928975035582e+03
5.120335417256335859e+03
5.905880517049515220e+03
5.730102550607707599e+03
5.756550469440262532e+03
5.870973096064426500e+03
5.747146183928438404e+03
5.747562101757086566e+03
5.745668748283127570e+03
5.514459954262682004e+03
5.756773916785756228e+03
5.860075836105281269e+03
5.786952465137424042e+03
5.674024724821118070e+03
5.861020117732562539e+03
5.492855667781957891e+03
5.660529752950156762e+03
5.557987684030584205e+03
5.569991640026268215e+03
5.901905651712486360e+03
5.568327963391910089e+03
5.903279499254523216e+03
5.846758094508730210e+03
5.874959007743511393e+03
5.822126605519881196e+03
5.822920055045748086e+03
5.794854172106715851e+03
5.901888780299095743e+03
5.884197434589646946e+03
5.857826053454295106e+03
5.844410018526112253e+03
5.800881500624573164e+03
5.749495935282207938e+03
5.877372148263057170e+03
5.626589080921703498e+03
5.893013567253975452e+03
5.846183700823475192e+03
5.744130330422431143e+03
5.512229322760080322e+03
5.818144237217217778e+03
5.899801786241287118e+03
5.558423014261012213e+03
5.524090182305762937e+03
5.753674065873410655e+03
5.689126513161623734e+03
5.752363023506769423e+03
5.673217592522947598e+03
5.453496342441786510e+03
5.657503098147417404e+03
5.804770530239104119e+03
5.889628798458599704e+03
5.885720180513664673e+03
5.635786522723714370e+03
5.786420968589246513e+03
5.900216797810113349e+03
5.832461285061172930e+03
5.902035663947313878e+03
5.739185061956142818e+03
5.819216387534630485e+03
5.296695303487456840e+03
5.739329072126633037e+03
5.785528844807243331e+03
5.829601525803278491e+03
5.705904597934155390e+03
5.834862035838061274e+03
5.845100811301085741e+03
5.894347309623908586e+03
5.575630876362592971e+03
5.749658532923161147e+03
5.607154104841963999e+03
5.340108190431217736e+03
5.781323256577155917e+03
5.897172145694912615e+03
5.888656163703744824e+03
5.769238277949543772e+03
5.747523419625262250e+03
5.637883407982721110e+03
5.772275427770313399e+03
5.844870448473577198e+03
5.464526682230305596e+03
5.655638412226227047e+03
5.858527107851446999e+03
5.662319305017030274e+03
5.536077341981354948e+03
5.724980602200836074e+03
5.857254246485972544e+03
5.778365242669744475e+03
5.637756282148220635e+03
5.885371781182649102e+03
5.898104786232950573e+03
5.893602146014709433e+03
5.684983590025545709e+03
5.822282706017080272e+03
5.719114245950425357e+03
5.788092296021834045e+03
5.860034856824171584e+03
5.521686941192156155e+03
5.748494526846545341e+03
5.569065882018034245e+03
5.774192139596814741e+03
5.769129245008492944e+03
5.813348401859737351e+03
5.811915710177281653e+03
5.877476699547194585e+03
5.711323453616260849e+03
5.730227114572871869e+03
5.908263026310048190e+03
5.781876476688929870e+03
5.851950619190867656e+03
5.838847740480044195e+03
5.816007738869926470e+03
5.792776713930214100e+03
5.730102550607707599e+03
5.741547311979389633e+03
5.805268798768764100e+03
5.674448717337922972e+03
5.504223414305950428e+03
5.882160565860949646e+03
5.781735304128409553e+03
5.800028953114121578e+03
5.800530946799209232e+03
5.675858658213526724e+03
5.691538171727761437e+03
5.572286200562759404e+03
5.512189205725249849e+03
5.744636994403816971e+03
5.620175557832038976e+03
5.810356861477886014e+03
5.566616002842783928e+03
5.902913652849980281e+03
5.750385881561138376e+03
5.734681656767321329e+03
5.687224163118549768e+03
5.676387825387351768e+03
5.689126513161623734e+03
5.743106988317995274e+03
5.846187961336522676e+03
5.711067886699202063e+03
5.588014824473084445e+03
5.783884398317256455e+03
5.614832582127400201e+03
5.703811511763610724e+03
5.824213804629373044e+03
5.710147213460348212e+03
5.647258769971283073e+03
5.563333209989008537e+03
5.841275026788190189e+03
5.799061589995490067e+03
5.833945650536354151e+03
5.816327126130414399e+03
5.824750203362969842e+03
5.658777831313739625e+03
5.791214891953046390e+03
5.815459724694263059e+03
5.875733791555372591e+03
5.645976947173647204e+03
5.782128325594829221e+03
5.873873691095361210e+03
5.804398919436727738e+03
5.756964132352719389e+03
5.621092383527859965e+03
5.847534596065574988e+03
5.871292245662411005e+03
5.894421668955197674e+03
5.850741675465807930e+03
5.617497397097555222e+03
5.880331822233574712e+03
5.764231735306815608e+03
5.870882188411163042e+03
5.632948983089062494e+03
5.367846979879559512e+03
5.668941301684308200e+03
5.613020832727472225e+03
5.595546151607311913e+03
5.613740567068673954e+03
5.796479958792540856e+03
5.891104790494993722e+03
5.822097560369864368e+03
5.605136388155837267e+03
5.729140321416228289e+03
5.872604243624286937e+03
5.753221372209091896e+03
5.800855272810364113e+03
5.677427265230771809e+03
5.869303539294873190e+03
5.838488804526057720e+03
5.860294021418773809e+03
5.702476467262114966e+03
5.894294470077124060e+03
5.728566217012590641e+03
5.685605893555395596e+03
5.895084408916982284e+03
5.645278765819415639e+03
5.726282631966887493e+03
5.833681708595278906e+03
5.841764905859990904e+03
5.883094169184033490e+03
5.728113682318175051e+03
5.701542563245657220e+03
5.492201866754409821e+03
5.716586894895130172e+03
5.385678041649542138e+03
5.816007738869926470e+03
5.673733100415899571e+03
5.716924444982808382e+03
5.715172449000674533e+03
5.645378405849869523e+03
5.847541298029349491e+03
5.782294257471517994e+03
5.904572493115771977e+03
5.593560618178065852e+03
5.705800204015816234e+03
5.771774444380166642e+03
5.582490359963612718e+03
5.695796172763086361e+03
5.861020117732562539e+03
5.844338961699556421e+03
5.544349166802281616e+03
5.823913146648521433e+03
5.825110788822808900e+03
5.730150189630040586e+03
5.866119494996681169e+03
5.875620358750777086e+03
5.857133388387552259e+03
5.496593605809685869e+03
5.429491860827891287e+03
5.757894921271550629e+03
5.746125123481806440e+03
5.741664591387710971e+03
5.851880796490633657e+03
5.909513819584602061e+03
5.572015594756856444e+03
5.893693244188243625e+03
5.803366020457551713e+03
5.769337652887901640e+03
5.423936051146329191e+03
5.606173456145196724e+03
5.907159997835888134e+03
5.668189290550522855e+03
5.870645412523825144e+03
5.858937570423740908e+03
5.788283533746211106e+03
5.717997548598037611e+03
5.491729065247887775e+03
5.749005415794237706e+03
5.786495461084185081e+03
5.552657300729290910e+03
5.436945309838153662e+03
5.905992349915310115e+03
5.790759399177763044e+03
5.884233789438840176e+03
5.835745571902170923e+03
5.841663528854860488e+03
5.907652132739525769e+03
5.872749023059544015e+03
5.847706708427116610e+03
5.636885048866302895e+03
5.847609391926132048e+03
5.804414338873239103e+03
5.885618167071706011e+03
5.887189622200066879e+03
5.869204209318193534e+03
5.738834202063955672e+03
5.575399923190232585e+03
5.812474077719654815e+03
5.738476729672172951e+03
5.656742916953635358e+03
5.899382030883816697e+03
5.780101112367517999e+03
5.547731121434377201e+03
5.484621631770171007e+03
5.870266131048552779e+03
5.882279970308796692e+03
5.619325470702880921e+03
5.801694680999178672e+03
5.844680158871152344e+03
5.848346950914855370e+03
5.616264028802284884e+03
5.886497700358482689e+03
5.864763467442366164e+03
5.899551776131052975e+03
5.860512447663770217e+03
5.761886465337418485e+03
5.877250284127181658e+03
5.686023876315799498e+03
5.907107383042578476e+03
5.605009336680438537e+03
5.688772938892247112e+03
5.748135712562499975e+03
5.781769234767925809e+03
5.860600584513129434e+03
5.616044278694717832e+03
5.837390177848253188e+03
5.900277247919943875e+03
5.622660237178471107e+03
5.799654196982444773e+03
5.909612618117880629e+03
5.894121472532268854e+03
5.795372593634043369e+03
5.703336358674889198e+03
5.721374703394236349e+03
5.859283885648372234e+03
5.778909844593223170e+03
5.905486621758508591e+03
5.719862717181270455e+03
5.805319910513357172e+03
5.406048001212475356e+03
5.420138887314344174e+03
5.572590263017655161e+03
5.746633251919649410e+03
5.909120857475738376e+03
5.620664912776099300e+03
5.615632918834612610e+03
5.656602443392640453e+03
5.732905550004392353e+03
5.861020117732562539e+03
5.769194940836474416e+03
5.633174812285154076e+03
5.862773909977357107e+03
5.882088957719791324e+03
5.762844211756682853e+03
5.480044380890290995e+03
5.506891940470555710e+03
5.886039547028032757e+03
5.838070543807903960e+03
5.782896766037067209e+03
5.746219941660721815e+03
5.888038875248073964e+03
5.727820651814157827e+03
5.768543099638970489e+03
5.739117443491937593e+03
5.830805425338880013e+03
5.519517932557379936e+03
5.810077429549023691e+03
5.575026220112327792e+03
5.756966009154785752e+03
5.727176413863086054e+03
5.848887452912711524e+03
5.486583464170117622e+03
5.860552100413917287e+03
5.693240959647968339e+03
5.826127720455167946e+03
5.661959446641002614e+03
5.720422632590717512e+03
5.472778634531980060e+03
5.896801503405285985e+03
5.860897797551514486e+03
5.406159814267329239e+03
5.894177310847928311e+03
5.806596855478105681e+03
5.842931531982936576e+03
5.779946158402470246e+03
5.504333156628850702e+03
5.749842553942766244e+03
5.585744684677574696e+03
5.855860627047485650e+03
5.764474349742993581e+03
5.860055954766408831e+03
5.748486485154417096e+03
5.860698067249753876e+03
5.794292431524752828e+03
5.814462632178475360e+03
5.731893088205837557e+03
5.591987652275538494e+03
5.537094635691059011e+03
5.657978245764428721e+03
5.679744179775580051e+03
5.833557140021903251e+03
5.819262871065509898e+03
5.593753040914441044e+03
5.826500297741757095e+03
5.810073732908737838e+03
5.664109507995376589e+03
5.842782669239596544e+03
5.673313305798136753e+03
5.417796147677173394e+03
5.789080601638642293e+03
5.299270500564859503e+03
5.835155904267238839e+03
5.852860359239148238e+03
5.574031015520808069e+03
5.739353999070764985e+03
5.391738008446222011e+03
5.893179770378612375e+03
5.616822743965239169e+03
5.749697712626946668e+03
5.351928806689762496e+03
5.301088035348890116e+03
5.884197434589646946e+03
5.851148057796021021e+03
5.542806496222519854e+03
5.617111753720984780e+03
5.658200251271633533e+03
5.888683452315206523e+03
5.790972951374024888e+03
5.888154455117403813e+03
5.806053003093438747e+03
5.868565540705973035e+03
5.810096342426548290e+03
5.885490770501171937e+03
5.843249789177019011e+03
5.650130110468605380e+03
5.816379220322146466e+03
5.829097331429222322e+03
5.636341583813943544e+03
5.856672346995757835e+03
5.728113682318175051e+03
5.438471995746149332e+03
5.891862940531273125e+03
5.827568259137366113e+03
5.364315617994228887e+03
5.658639791770568081e+03
5.804801280955906805e+03
5.833413867594680596e+03
5.695796172763086361e+03
5.464734429577978517e+03
5.858937570423740908e+03
5.632603128275739437e+03
5.671073287132722726e+03
5.890654376021146163e+03
5.593490742348963977e+03
5.909656809738233278e+03
5.696507917964030639e+03
5.699918724151168135e+03
5.805268798768764100e+03
5.541371891663354290e+03
5.811019027933525649e+03
5.717552137824603960e+03
5.671895418475634870e+03
5.818509189148733640e+03
5.864575621705833328e+03
5.828027949502851698e+03
5.439331742077492891e+03
5.787639385289105121e+03
5.856804550305462726e+03
5.585209786505774900e+03
5.894712592489597228e+03
5.654729983444580284e+03
5.828577665129020716e+03
5.747061823752820601e+03
5.642664416544372216e+03
5.643978255039106443e+03
5.776575725308134679e+03
5.481952928206695105e+03
5.787481090781482635e+03
5.868350700933915505e+03
5.799040398697854471e+03
5.331456816642962622e+03
5.880171978105785456e+03
5.730834959918885033e+03
5.650450314559522667e+03
5.881378595904234317e+03
5.662319305017030274e+03
5.889139478538870208e+03
5.698880449507219055e+03
5.784682077216925791e+03
5.148384401443781826e+03
5.880976404549681320e+03
5.729147064631713874e+03
5.669466868610692472e+03
5.603070196173675868e+03
5.476535119411266351e+03
5.826334100871732517e+03
5.722542796991290743e+03
5.837984417969839342e+03
5.490438874590032356e+03
5.799281696321701020e+03
5.645590703319439854e+03
5.784387645888167754e+03
5.688246648081604690e+03
5.832200664736724320e+03
5.863567091042730681e+03
5.759125850880724101e+03
5.811283112096745754e+03
5.698880449507219055e+03
5.818407321379101631e+03
5.557526671046705815e+03
5.496974066127013430e+03
5.579645750345760462e+03
5.803789696610011561e+03
5.815211033910190054e+03
5.851219881471441113e+03
5.717663581104918194e+03
5.897194861621495875e+03
5.871933382551141221e+03
5.579645750345760462e+03
5.698959684024757735e+03
5.526054080640039501e+03
5.746845664588312502e+03
5.326284297151672945e+03
5.705520266670002457e+03
5.846448883220382413e+03
5.865820578851634309e+03
5.901490396396739925e+03
5.843150243976337151e+03
5.866460745226506333e+03
5.847609391926132048e+03
5.467243541849386929e+03
5.883745295746113698e+03
5.735006823900897871e+03
5.671010481452143722e+03
5.886237279732422394e+03
5.732428030040123303e+03
5.659869475994428285e+03
5.720989707273920430e+03
5.762664128862074904e+03
5.858705372455397082e+03
5.727860208616644741e+03
5.512229322760080322e+03
5.895031990324565413e+03
5.906442223236037535e+03
5.866228203324561036e+03
5.723120618741604630e+03
5.563272682742142933e+03
5.663521310709244062e+03
5.902643564738403256e+03
5.714529525200454373e+03
5.751307081901733000e+03
5.498929346460599845e+03
5.789949615642310164e+03
5.876892975255374949e+03
5.875407067193469629e+03
5.870207076936225349e+03
5.472124528446015574e+03
5.598717879271189304e+03
5.873665488506043403e+03
5.687552770759860323e+03
5.853968315435286968e+03
5.754285689120426468e+03
5.903569200148531309e+03
5.703336358674889198e+03
5.774487881123341140e+03
5.651650149751738354e+03
5.878859225460497328e+03
5.448202157188330602e+03
5.904393709813155510e+03
5.711429583967816143e+03
5.841740590896079084e+03
5.821202622071387850e+03
5.793800965900011761e+03
5.745057699123862221e+03
5.888169981038683545e+03
5.889096816905515880e+03
5.588544730291175256e+03
5.790825298095329345e+03
5.880697915006797302e+03
5.745882798609111887e+03
5.561354787978549211e+03
5.881616503833382012e+03
5.812021797126792990e+03
5.699169715579986587e+03
5.862691274557368160e+03
5.531207511762794638e+03
5.907755941831389464e+03
5.766015671074565944e+03
5.530988325240954509e+03
5.856701274198745523e+03
5.815804231755106230e+03
5.909298555556850260e+03
5.907386047953168600e+03
5.707171489688916154e+03
5.847667349931247372e+03
5.877372148263057170e+03
5.842732717270469948e+03
5.561488835626432774e+03
5.894114836083535920e+03
5.799688968826178098e+03
5.748135712562499975e+03
5.820976975241272157e+03
5.860541638847360446e+03
5.621914133767888416e+03
5.758571534079734192e+03
5.615416784768786783e+03
5.761986987704267449e+03
5.883055663138253294e+03
5.825137404413128024e+03
5.771203429344850520e+03
5.812021797126792990e+03
5.735316966576681807e+03
5.669872769022494140e+03
5.879803545773877886e+03
5.780862679041196316e+03
5.677627961155227240e+03
5.704158381450353772e+03
5.610336106488091900e+03
5.736128482043222903e+03
5.893097085322575367e+03
5.902643564738403256e+03
5.860738899720267000e+03
5.734348795594150943e+03
5.573664538812785395e+03
5.434233741844420365e+03
5.840380429703818663e+03
5.907800503814940384e+03
5.851711765928129353e+03
5.818606489425611471e+03
5.639597492652785149e+03
5.719598572316855098e+03
5.594940430488473794e+03
5.896906746132257467e+03
5.797695539489208386e+03
5.878818033423920497e+03
5.835023554302419143e+03
5.895052487285391180e+03
5.813970716221748262e+03
5.714303107234728486e+03
5.851510070341200844e+03
5.803464887301135605e+03
5.842408515595568133e+03
5.584314511136549299e+03
5.897288828364591609e+03
5.887647045500451895e+03
5.629260937568740701e+03
5.588146400301284302e+03
5.861020117732562539e+03
5.655683449945248867e+03
5.823107325305240920e+03
5.829554056815916738e+03
5.825801228960178378e+03
5.869692680044754525e+03
5.891185424089178923e+03
5.892720879684976353e+03
5.766894563664685847e+03
5.700755641758270940e+03
5.869935531596616784e+03
5.865933982259852201e+03
5.233966617181838046e+03
5.774092781728546470e+03
5.751679786434249763e+03
5.434849342954496933e+03
5.887426305841168869e+03
5.466857952885558916e+03
5.551706278814555844e+03
5.513122237810150182e+03
5.830533841199822746e+03
5.845080431334455170e+03
5.842964518414845770e+03
5.888473635775684670e+03
5.726959367450859645e+03
5.685380379555826039e+03
5.904247214330314819e+03
5.812021797126792990e+03
5.849463317146462032e+03
5.772648176596821941e+03
5.870554001896531190e+03
5.502931028622080703e+03
5.886894853242934005e+03
5.632232834050870224e+03
5.897831834004059601e+03
5.760702177444920380e+03
5.856866964382840706e+03
5.703527323600672389e+03
5.730102550607707599e+03
5.757401550290351224e+03
5.688987290999442848e+03
5.875230898689607784e+03
5.702471982708756514e+03
5.812552147411115584e+03
5.743728525943049135e+03
5.824644694367921147e+03
5.878126811577922126e+03
5.882139651121254246e+03
5.899019339873921126e+03
5.575109782760474445e+03
5.587267934399277692e+03
5.760039571155528392e+03
5.588428722200289485e+03
5.876938792046787967e+03
5.625647061842551921e+03
5.599025820679996286e+03
5.878744968876850180e+03
5.854509726942617817e+03
5.804952315923422248e+03
5.517054757967329351e+03
5.737519722509636267e+03
5.903522170709693455e+03
5.677406308006302424e+03
5.668834438630208751e+03
5.902132897320459961e+03
5.802989816300973871e+03
5.814614433226175606e+03
5.825519038069598537e+03
5.818492906874242180e+03
5.842434556405105468e+03
5.819832584127610062e+03
5.735348154188555782e+03
5.860034856824171584e+03
5.762847525498359573e+03
5.436945309838153662e+03
5.742583243476310599e+03
5.831930930367958354e+03
5.820564190948637588e+03
5.870016884851790564e+03
5.902911911497240908e+03
5.795319415577967447e+03
5.869937548690772928e+03
5.852734555801684110e+03
5.750211157935122174e+03
5.887500214231748942e+03
4.908260430665561216e+03
5.437885063599735986e+03
5.808940881260396964e+03
5.877891233046149864e+03
5.839111052220741840e+03
5.579950034235479507e+03
5.820687030729928665e+03
5.857654273753723828e+03
5.576874582958971587e+03
5.519741557600625129e+03
5.642543084274118883e+03
5.684109032838523490e+03
5.904905142872394208e+03
5.424729495825951744e+03
5.763563876206860186e+03
5.811201211067835175e+03
5.831139972900082284e+03
5.832731185345066478e+03
5.742380177252041904e+03
5.589055750262537913e+03
5.711506423487802749e+03
5.698942905447358498e+03
5.781696177368985445e+03
5.706974269052176169e+03
5.889525059045223315e+03
5.906973860544279887e+03
5.861958099337638487e+03
5.500067032877745987e+03
5.813918650350025928e+03
5.662166571917236979e+03
5.534985791783480636e+03
5.651926667309573531e+03
5.825081972336305626e+03
5.891185424089178923e+03
5.824644694367921147e+03
5.481730296023986739e+03
5.895356188487116924e+03
5.846142247806321393e+03
5.795491720085635279e+03
5.700483946198535705e+03
5.857592136797656167e+03
5.863827764177134668e+03
5.864125191689236090e+03
5.455118109118218854e+03
5.907841479680479097e+03
5.885815665575142702e+03
5.548567856828793083e+03
5.882503097301685557e+03
5.842271001134558901e+03
5.550460755530504684e+03
5.846939350008165093e+03
5.834629668500434491e+03
5.575238669210706576e+03
5.857979325188059192e+03
5.663003548605401193e+03
5.901180842651561761e+03
5.849500293795303151e+03
5.902166086764901593e+03
5.721261966325123467e+03
5.764480717147880569e+03
5.716476337808234348e+03
5.885447939862538078e+03
5.560032050263032033e+03
5.757401550290351224e+03
5.815151656526566512e+03
5.828886014273111869e+03
5.771924209925306059e+03
5.775085629206709200e+03
5.773899288699558383e+03
5.891981758218422328e+03
5.880495002649926391e+03
5.569384442761346691e+03
5.873890405597407153e+03
5.897628213717431208e+03
5.730102550607707599e+03
5.604301164874783353e+03
5.895661040286075149e+03
5.877512203973998112e+03
5.804241008990402406e+03
5.708092414524154265e+03
5.804717766697644038e+03
5.698998777394719582e+03
5.721773789573097929e+03
5.825269249287792263e+03
5.710800789866099876e+03
5.714875340430458891e+03
5.607387120376471103e+03
5.813494427303798147e+03
5.894959027864150812e+03
5.859544461694798883e+03
5.705717779821706245e+03
5.908614456837029138e+03
5.606620941831382879e+03
5.905790838709914169e+03
5.837063013141621013e+03
