3.353163170258374157e+04
7.034995967908929742e+04
1.743611265748171427e+05
3.218176017568032694e+04
4.340055719724910159e+04
4.433066107141977409e+04
4.070393226663905079e+04
4.228596604277002916e+04
3.908967464903336077e+04
3.508052170156971260e+04
2.243599523598133819e+05
3.643530450794845092e+04
2.365689726667551076e+04
2.848940996962423378e+04
5.008896576170506160e+04
1.516016688642692170e+05
4.641101485842063994e+04
1.754417969910938409e+05
4.882174053844499576e+04
4.206492605764159089e+04
5.741372579503542511e+04
7.797570622964180075e+04
2.558207843610773489e+04
5.882660064946974308e+04
1.187614044220439537e+05
2.050246051386760155e+04
1.177714815886403812e+05
2.345244795588215056e+05
2.887695850273526230e+04
4.246002376787903631e+04
1.112475813713400421e+05
6.542099381923083274e+04
5.123230917226430029e+04
3.240422473242347769e+04
4.510498189491676167e+05
3.746303004604830494e+04
1.663905709960949389e+04
6.214424567363150709e+04
4.589345138876463170e+04
3.422737251174712583e+04
1.850819981655196534e+04
3.045142011709928920e+04
3.497887256887966214e+04
2.852078884631019173e+04
2.163973268465621004e+04
5.687815000738835079e+04
4.985196491567756311e+04
1.692499276868925663e+05
4.759671384674505680e+04
4.986015190417668055e+04
1.663409483765557525e+04
4.867607898165888037e+04
3.850853261416450550e+04
8.261914677992675570e+04
5.407144439415630768e+04
2.183885583625163417e+04
7.288325545597776363e+04
2.580414212994131958e+04
2.572907342284115293e+04
9.582285569571109954e+04
6.242933969713468105e+04
8.027748869219020708e+04
3.554652243896108121e+04
2.072746457839839786e+04
3.898866832912731916e+05
1.536213685713196755e+05
3.588604046833758912e+04
1.849510006295184940e+04
7.889037015226838412e+04
6.435303606093818962e+04
4.536333453317348176e+04
3.814655837796936976e+05
3.753066346364868514e+04
5.041870079678833717e+05
8.887253676496396656e+04
3.620094369327630557e+04
2.427543215241286089e+04
7.905804542477884388e+04
2.571725569892578642e+04
4.301311799971052096e+04
4.703138789775822079e+05
2.483353574630207731e+04
5.193032948323630262e+04
3.063809061319917964e+04
7.451304919084472931e+04
3.046257023667060639e+04
7.687508290796887013e+04
2.945130476491599984e+04
3.073284890065114014e+05
3.381597692067536991e+05
5.850542667739427998e+04
4.234198926615025266e+04
4.143558058329725463e+04
3.760951999389647972e+04
7.093407002421913785e+04
2.848756094574560120e+04
8.427795251315241330e+04
3.286522638735474902e+04
5.907552397105173441e+04
2.744168245517317700e+04
1.478900471766709234e+05
2.434888136637082061e+04
3.777906003612748464e+04
5.568080162229745183e+05
3.512095038714235125e+04
1.913882844087442209e+04
1.218223600446392084e+05
7.756219915949559072e+04
2.763808557708721492e+04
4.391260365732494392e+04
4.950664759723126190e+05
8.711975594268515124e+04
3.135429409421962191e+04
3.626896669169369852e+04
4.407124443037555466e+04
5.796007151079506002e+04
4.331266156581225368e+04
1.008089250388280343e+05
2.977389155236253282e+05
2.886411504966871144e+04
2.741672060392277490e+04
3.122399973866959335e+05
2.660735441447396079e+04
5.576711652229325846e+05
3.162414510998435435e+04
4.250880499961866008e+04
2.391114875783879688e+04
1.868805806164453679e+05
3.015992495611768027e+04
1.162644335564866487e+05
6.299851380060269730e+04
2.425873989324982904e+04
4.766442682262075687e+04
2.794643455569747312e+04
1.920776787480757048e+04
8.227948158617736772e+04
5.242578697160588490e+04
4.279604220865776006e+04
3.115537573387859811e+04
3.897048128221578372e+04
4.101987277013093990e+04
3.194560160918396286e+04
7.392634993854511413e+04
3.415537121590886090e+04
3.301999058225553017e+04
4.404814408493829251e+04
2.512871508331605582e+04
4.488938678544364666e+04
2.857938439949435269e+04
2.759936965286975028e+05
5.934553426799747831e+04
7.405594601713345037e+04
1.526795456554407720e+05
3.035665889005191857e+05
2.728938463772317118e+04
2.710330443699903553e+05
3.762209294515788497e+04
4.484086477773761726e+04
5.742988984388134850e+04
4.018803466252761427e+04
1.819322313880675938e+04
4.525228480986643262e+04
1.146598013343477796e+05
4.391335252216070512e+04
3.417834727923029277e+04
3.988134135983152373e+04
1.070524633131123264e+05
3.785878126297394192e+04
3.480603833688220766e+04
3.916181683332255343e+05
4.482377730153319135e+04
2.009523200586146559e+05
3.262560281452340860e+04
2.276587933840107871e+04
2.324463791115235654e+04
5.767039048130153242e+04
5.231019599407052738e+04
7.307497239591807011e+04
4.779201948259837227e+05
1.614345943813280028e+05
5.261602494249493611e+04
1.093112205982563901e+05
5.005226866199097276e+04
1.780282627352046256e+04
3.870965350081668294e+04
1.313040469292379566e+05
4.672081681254869181e+04
9.868412154556397581e+04
6.134279833453370520e+04
2.559461642461979500e+04
1.048764980695997947e+05
3.908084201890378608e+04
2.842997894983763399e+04
4.726164210875575372e+04
3.673772541344641650e+04
5.967757481449256011e+04
2.237371244338063989e+05
1.964357914631193125e+04
3.182081961976815001e+04
8.155128800866261008e+04
6.556508355171802395e+04
2.378047062734730935e+04
3.152225588004745077e+05
1.272084632755695493e+05
4.149652984457767161e+04
3.382084835003950866e+04
7.900138109251993592e+04
3.198305823805893306e+04
3.658235047931923764e+05
3.842295898724271683e+04
3.304539558301631769e+04
4.029027564343256381e+04
3.128509914973776904e+04
4.877395117113989545e+04
4.271906856346743734e+04
1.082706976191975700e+05
4.221524666375563538e+04
2.475372452962139505e+04
7.313152854907615983e+04
2.542008631185268314e+04
2.169443711163051194e+04
1.982443603211763184e+04
3.349906057143235375e+04
2.306841846765454102e+05
4.161870584395236074e+04
2.932901613060359523e+04
5.620459328489053587e+04
2.025979541230291943e+04
4.567788337866802613e+04
3.231004545799491098e+04
1.112317090760733699e+05
6.028406546211661771e+04
4.584308671630032040e+04
1.584173670282872918e+05
2.033191864534440392e+05
3.214136561878094290e+04
7.693375789019337390e+04
5.617874124327680329e+04
7.558033736328908708e+04
3.512172949765197700e+04
4.448896907024062239e+04
3.796635147678227804e+04
1.954018335721415933e+05
4.268079921865466167e+04
2.090440053729795618e+05
4.016038739977845398e+04
1.296377811207751802e+05
5.140558315037139255e+04
2.386410986045851605e+05
3.735536474837729475e+04
7.641711020700303197e+04
1.064159550298273680e+05
3.524159177173669741e+04
3.401991921276292851e+04
2.967629494499482826e+04
1.185174919808690611e+05
3.241064875478430622e+04
1.617753364083539927e+05
5.291830921259609750e+04
1.813318563680992520e+04
5.600947457785956794e+04
9.139534743463118502e+04
3.775845371369461645e+04
2.905585536293937912e+04
2.036933174142909120e+05
4.546005079468693293e+04
2.921795742042483107e+04
2.281251547523188856e+04
2.295061411150640197e+04
3.300883105965722643e+04
3.038163476280609757e+04
3.601340778684816178e+04
3.390795843803408206e+04
2.863322748740720272e+04
4.059348169789103849e+04
1.984609729234308179e+04
3.894406882087777922e+04
2.580083862654566765e+05
3.809325962914073898e+04
5.134191432690067450e+04
1.844660996295531513e+05
3.727674002828624361e+04
4.080873966926839785e+04
4.623147547477531771e+04
4.003920640788220771e+04
3.611674319939587440e+04
2.076582917552106082e+05
7.292079719048467814e+04
3.924477913786868157e+04
1.006874526349567750e+05
4.671385040713063790e+04
6.939862687763114809e+04
3.775331621113455913e+04
3.034601053023294662e+04
3.156770040448113286e+04
2.586606559180474505e+04
5.404486881984230422e+04
2.144778275216559632e+04
1.685983974727750683e+04
6.483244465222064173e+04
1.039568030102205521e+05
3.621980624846986029e+04
3.401752593040588545e+04
1.245122710101311386e+05
4.816288575119566667e+04
4.228778086050679121e+04
4.531655710009203904e+04
3.145986015476780449e+04
4.686396495410371426e+04
3.000355424435718669e+04
2.683090904981911808e+04
4.997653337834680860e+04
1.315078785015448811e+05
6.244230130978174566e+04
2.118555248058906727e+04
4.527470036850288307e+04
5.016801158893670072e+04
6.529935454319152050e+05
5.104680534498939232e+04
3.229715452027101855e+04
1.408465770479578350e+05
3.263004615640348056e+05
1.735701333016172284e+05
1.377066703443042934e+05
2.868561988289747387e+04
4.396842760129435919e+04
3.094690905377680610e+04
2.773136515591821808e+04
6.749825906289795239e+04
3.646909943931046291e+04
3.699794505260730512e+04
7.003735646616687882e+04
5.907581958311150083e+04
3.669126697369026806e+04
2.343617083614435251e+04
2.195751482498036421e+04
1.797044252815321961e+05
1.093002500793352810e+05
6.991289262610417791e+04
6.069795211636019667e+04
4.306889678555716819e+04
4.338737840136869636e+04
3.615301609975470637e+04
3.334638583796198509e+04
3.854342770758912957e+04
1.614056216357401354e+04
6.294973039131527912e+04
2.915497264950723184e+04
2.576482175817642565e+04
4.927956973580991325e+04
1.891427796425869747e+04
4.126930922319222009e+04
2.253820013876289595e+05
3.218112486874542810e+04
2.169415841879383152e+04
3.285085764290350926e+04
2.834485919549760001e+04
4.156237418811859970e+04
2.040489704788257222e+04
1.087396774711085309e+05
5.810490850503043475e+04
4.051390047397583839e+04
1.441117793251198018e+05
1.034885908995150821e+05
1.418205533589378465e+05
7.251983130224990600e+04
2.989071947898326907e+05
5.219453904497118492e+04
5.355172349278508045e+04
2.156879988227179274e+05
9.478436644975648960e+04
3.561294647158496082e+04
2.065893590806915017e+04
3.980739008945603564e+04
6.828678962223019334e+04
5.814138308496974059e+04
3.116408478608974838e+04
4.150692000910210481e+04
1.810617942847147424e+04
8.236843259007560846e+04
1.854729814772668760e+04
2.266713418340845965e+05
2.245396015607632944e+04
3.478497831797790423e+04
5.764353152384610439e+04
6.365852620054689760e+04
4.238857941447893973e+04
3.259775704350742672e+04
1.981033858444421639e+04
4.312769904789523571e+04
1.785829540590665783e+04
4.486051846152674261e+04
2.688063761977532704e+04
2.928108307608330506e+04
7.207713931533595314e+04
7.427140086925825744e+04
3.501644401656095579e+04
2.499558147201634420e+05
4.254917286013597914e+04
4.737380402688200411e+04
5.513230017480945389e+04
1.682230052552455163e+04
9.935979011721865390e+04
8.008886713243287522e+04
3.189723992094880305e+04
3.651855190017665154e+04
1.924517089643304280e+04
3.942753832490927743e+04
5.231922547966058482e+04
3.223730471500982094e+04
5.144071231870900374e+04
1.090283516304416407e+05
3.463850899993291387e+04
8.992584261422965210e+04
1.670743218026961549e+05
2.248216105125937247e+04
2.450620504914022968e+04
9.309068851090013050e+04
8.414675084359491302e+04
4.845854250726743339e+04
2.522617205068954354e+04
2.697611087847119779e+04
9.439494498716871021e+04
1.627472075376507564e+04
6.892262147942642332e+04
2.925311835961240286e+04
1.649371039518536418e+04
4.791628032181744493e+04
6.372526380830525886e+04
3.442172049561454332e+04
2.846410452492295371e+04
4.755017574970011628e+04
3.501068433459066728e+04
6.618311001193136326e+04
1.288498264331454266e+05
8.225418626623709861e+04
1.130022842494121869e+05
4.319432768076775246e+05
4.934551927003420133e+04
2.409128534718718583e+04
2.806388900842730654e+05
3.543632764888563543e+04
4.723512976336532302e+04
2.058818006812068779e+04
6.244258027148537076e+04
5.600813793823933520e+04
1.534837965554714538e+04
1.815640742981092626e+04
4.037676074645941844e+04
4.253907198159729160e+04
9.845904303488154255e+04
2.820401258780335047e+04
1.770701174708225299e+05
4.241913640583226515e+04
3.034101531639702807e+04
2.303131055763896438e+04
1.928193714259168337e+04
2.807969432894052588e+05
2.619392928251437115e+04
3.665553723476079176e+04
3.430360937293309689e+04
6.562709992696932750e+04
5.959858072060046252e+05
4.815439978634869476e+04
4.672668021746173326e+04
3.953757308220410050e+04
2.914245766618698690e+04
3.155645754908140952e+04
7.608887486407594406e+04
1.050064193020417733e+05
1.896537398241993651e+04
5.276881372372031183e+04
6.345727004715200746e+04
9.297858138401717588e+04
2.175029290023022622e+04
1.839657983158496791e+05
1.149274176272933983e+05
1.235195298265768652e+05
2.315964635473730232e+04
2.557702145690521866e+04
3.700065732807680615e+04
5.717836568617130979e+04
3.148100822382099432e+04
5.677892502592978417e+04
4.772290003037173301e+04
4.835472180950504844e+04
3.720905401650768181e+04
3.150821876147123112e+04
8.527876819610426901e+04
2.548058524808471702e+04
5.615082217039055831e+04
7.451692096633282199e+04
3.384996756217141956e+04
5.494828376217970799e+04
3.932313584581349278e+04
4.419841476138220605e+04
2.951735460087101455e+04
3.475102842879176751e+04
5.918404590437689330e+04
6.145177134915252100e+04
2.982110556557730160e+04
4.333793640811331716e+04
1.992889279235871800e+04
6.644366335959998833e+04
7.238185301765101030e+04
6.302261596375035151e+04
3.202756747050186095e+04
1.683076435124605778e+05
1.487931153976295172e+04
5.190293538514627289e+04
2.813951581168076882e+04
1.072454038217230409e+05
5.884265585904908221e+04
2.894631680490286817e+04
2.193221441133834014e+05
3.794702431318734307e+04
4.377889856754953507e+04
2.937012904029933634e+04
1.019469518527790788e+05
2.147747112651474163e+04
3.221928581201276393e+04
3.159045177395647988e+04
6.205710717489807575e+04
2.968332540018670261e+04
6.680411926442763070e+04
1.854577707836462650e+05
9.578817547785605711e+04
9.674378038369445130e+04
4.011546013921293197e+05
1.932069086868549493e+04
7.464292062123269716e+04
5.555448046658880048e+04
3.965925520381517708e+04
5.331260977323728002e+04
4.507509886532301607e+04
1.142604400949019910e+05
4.852198336157736776e+04
1.115547435203014174e+05
1.715835576596589817e+05
7.698879615442382055e+04
2.155603598830363990e+04
4.020925671801353747e+04
1.592759552131404344e+05
3.394019735318596940e+04
5.499557655535392405e+04
2.246943130852883041e+04
7.267524102436516841e+04
3.796335843415424461e+04
3.087879836522995174e+04
6.674522581460728543e+04
6.238385872173725511e+04
4.695642195719401934e+04
2.654877400173486967e+04
3.636417165343016677e+04
2.992416471099587216e+04
3.948914562583900988e+04
3.774200563822849654e+04
2.314842452035452006e+05
6.335966887297525682e+04
2.077673642408247397e+05
4.354789635780100070e+04
5.963068530536659819e+04
1.035240726714982593e+05
4.363313049178024812e+04
4.991988083047595865e+04
2.988992870971179218e+04
1.514530155498944514e+05
3.228094215020219053e+04
7.090165768775829929e+04
1.050416395366745128e+05
4.007355590477700753e+04
4.728646249352802988e+04
2.339862167941491498e+04
3.764975348151246726e+04
8.121577668664882367e+04
3.906746721556078410e+04
5.007158591740350676e+04
2.440656026298015058e+04
2.587563221195968799e+04
3.562621257174707716e+04
3.643384329250411974e+04
3.826097155713909888e+04
2.596145664414422572e+04
8.669413677029573591e+04
3.552800101460762380e+04
2.926965209065984527e+04
3.482805339362114319e+04
8.484868755521197454e+04
7.824127842004208651e+04
2.809369505424319141e+04
9.447039565268575097e+04
4.480762719727786316e+04
7.498406025730924739e+04
1.682258747503064806e+05
7.334649223313022230e+04
5.001939054826414940e+04
5.330241093539763242e+05
2.074217830967328337e+04
5.468736196140616812e+04
2.179284233209445374e+05
6.365987158340369206e+04
5.141508874178270344e+04
9.763160962617830955e+04
3.859281000395730371e+05
7.944412853481416823e+04
2.348552185233683849e+04
6.829848902920048567e+04
4.128408853712330892e+04
8.437911591910016432e+04
1.192135670874074567e+05
7.223935421057007625e+04
3.632357920506834489e+04
2.540530750549463119e+04
3.668475527793715446e+04
5.518331841701325902e+04
4.500675332943366084e+04
5.772643804758106126e+04
3.165607282240269342e+04
6.967935974305370473e+04
2.860573149703952004e+04
2.263031539482183143e+04
3.542843041597311094e+04
8.005389148347871378e+04
5.372778659004439396e+04
1.588125706294962438e+05
6.452500965240971709e+04
3.650200204688198573e+04
4.345552637182451144e+04
5.222589746865114284e+04
3.086056034878618084e+05
3.752858046853660926e+04
2.802353235859142151e+05
3.249438998060174345e+04
2.496652876227560773e+04
2.044991466633645468e+05
3.050406221412829473e+04
1.276761913468256535e+05
5.464129664581290854e+04
9.609421956776644220e+04
2.762314664661392089e+04
9.166903499990218552e+04
3.125469297118422037e+04
3.409654772527382011e+04
3.056411626492571304e+04
4.542142233558120643e+04
1.071617782269276940e+05
3.887933398792273510e+04
1.731090678400116158e+05
1.001426852253481047e+05
5.367492282582779444e+04
5.432219503567621578e+05
6.161850716126011685e+04
1.916044376178316452e+04
3.834778658951261605e+04
4.581106407616368961e+04
3.632289244396170398e+04
5.856991843560768757e+04
3.149391206664112178e+04
4.033280618158358266e+04
6.572617511163707240e+04
4.790245899901713710e+04
5.291753821230350877e+04
1.250089845117305522e+05
1.918324699706485626e+04
1.152423459072156547e+05
2.100536257302959712e+04
1.964241304118612898e+05
1.987758120754791016e+05
3.864686039252943738e+04
1.834428788522136747e+05
4.661675606526352931e+04
3.487394893484721979e+04
3.497795342253714625e+04
3.765999479132832494e+04
2.799901680018634579e+04
3.394218836125436064e+04
4.483207009043895232e+04
5.971845670819473162e+04
4.233440791413659463e+04
6.460302147775211051e+04
2.608628617751111597e+04
3.727354368881808477e+04
1.711623333450009886e+04
3.016361393451392651e+05
3.234646181989885736e+04
4.098307285294613102e+05
2.406834435525666777e+04
7.667110299401405791e+04
8.228998555457091425e+04
3.128451543575216419e+04
3.196535680097469594e+04
2.954945932694827934e+04
4.003843391929135396e+04
1.196742333371427230e+05
4.266749721970037353e+04
3.819467192270542000e+04
2.510791044631587865e+05
4.232279560823748034e+04
6.013627514379537024e+04
2.612804928348935209e+05
3.024238321202025400e+05
2.246726270922824551e+04
5.202263034268652700e+04
1.722458075241777115e+05
3.184514986555705400e+04
2.231903871241251545e+04
2.495581792050406511e+04
4.252301753232211922e+04
2.541683220576001986e+04
1.152353667401206621e+05
3.996863634686607111e+04
7.466018648259216570e+04
6.362707597539959534e+04
2.612070650342630688e+05
2.788651805446915096e+05
5.734485647443360358e+04
4.265638212751994724e+05
2.278766474942776767e+04
7.159940746897232020e+04
1.096714839581250853e+05
1.107802004366688780e+05
6.711347919628806994e+04
3.057561521522710609e+04
2.729817771317569714e+04
7.776756206762031070e+04
2.339312485703964921e+04
4.287304416598034004e+04
4.129253333013696829e+04
3.827195064972405089e+04
6.365583469020803022e+04
7.851648283094869112e+04
4.330241354863402375e+04
4.465686959582686541e+04
5.649922644097717421e+04
8.835602302769490052e+04
1.151914201553344319e+05
6.391316957596290740e+04
5.053573203909743461e+04
2.730129844083795251e+04
2.563657865457401567e+04
2.475942308278875862e+04
5.634997744346342370e+04
3.909884585430722655e+04
3.194125916009149296e+04
3.214478770311761182e+05
3.924621447513299790e+04
4.092776910798078461e+04
1.760560506499317125e+05
6.813037390900922765e+04
7.350632615877239732e+04
6.972036709440842969e+04
2.978281857900642717e+04
1.728121445163304816e+04
6.874558263594972959e+04
5.347585706005345128e+04
3.447978598845576926e+04
1.945805139101906389e+04
7.400113478273677174e+04
5.562556478932083701e+04
4.732640948496166675e+04
8.907524549745605327e+04
7.221011305982807244e+04
1.056907307010401564e+05
1.227718578717899363e+05
5.402342416745393712e+04
1.352336740622206707e+05
3.670608566943995538e+04
4.980368288410134846e+04
5.140151393155178812e+04
3.965150839978249860e+04
4.999682203697405930e+04
3.868874860844428622e+04
1.451190357769665025e+04
2.869210974879975402e+04
3.267790472946604132e+04
6.399345930549019249e+04
4.869178455906592717e+04
3.272522525423450134e+04
3.170063397729537246e+04
6.336111594874925504e+04
1.406161486723438138e+05
4.990107687940248434e+04
9.397022682125077699e+04
3.228342573186292793e+04
1.261206753918410686e+05
5.458771039337100956e+04
2.993156307113850198e+04
4.536254274943633936e+04
2.979979741638089399e+04
4.727564509726876713e+04
3.868710741236714239e+04
2.858983062075133057e+04
9.781318668168633303e+04
3.219192617998793867e+04
3.483969135952048237e+04
2.371356218098682803e+04
2.434884696334682667e+04
3.627091762561861833e+04
6.030377724058500462e+04
2.343624589113851835e+04
3.326266542895208113e+04
8.323355209263961297e+04
2.665943010327759112e+04
3.304558762875653338e+04
1.374671323370010359e+05
2.425795227165504912e+04
5.126738846690131322e+04
4.382697958660052973e+04
5.068128670136095752e+04
6.166061995546157414e+04
1.325200807566185540e+05
2.865581280389868189e+05
4.685147684867547650e+04
3.236014995702441956e+04
4.385796177273592184e+04
8.086907469199053594e+04
3.205727624591064887e+04
3.531911704531965370e+04
3.674514652774975548e+04
3.527758790183532255e+04
9.129120825536028133e+04
3.154829169418480160e+04
5.996764224188526714e+04
3.818672503065370256e+04
3.361695912750787102e+04
1.315115207597768167e+05
3.822622366348112701e+04
7.257205126049685350e+04
9.308314466975208779e+04
6.784416836757410783e+04
4.740467934079682891e+04
4.003301215952979692e+04
7.442450329880068603e+04
1.431765161365843378e+05
4.728254127718147356e+04
9.342407758391054813e+04
2.098657988504481182e+04
3.533522377464551391e+04
2.792877022050699816e+04
5.426786820633249590e+04
1.155049523076988698e+05
8.688470572356076445e+04
4.027386002231087332e+04
4.777947769997716387e+04
3.105594753214576485e+04
3.590445496629146510e+04
3.120284177133847697e+04
5.108513419558692840e+04
3.746138801351934671e+04
5.937451282510317105e+04
3.610480440390586591e+04
1.639483032771384751e+05
1.931395679039422612e+04
2.032884842842120997e+04
3.375682614841103787e+05
2.560174041987597593e+04
4.387495778254765901e+04
4.692975932686234592e+04
5.207336744804794580e+04
3.792342742320157413e+04
6.977599701716224081e+04
5.670141572647580324e+04
1.927343860772349581e+04
1.116931305870872166e+05
5.385081951600780012e+05
4.404874992759917222e+04
2.558326097659259540e+04
3.524183381025958079e+04
3.595978008255842724e+04
7.032648439353847061e+04
6.633909488454279199e+04
2.431667309969240523e+04
3.377297721534570155e+04
2.479948146417240059e+04
6.316564640145478916e+04
8.876243190436797158e+04
1.842872323669443722e+04
5.509149613792470336e+04
1.951457967577778618e+04
4.657868459798685217e+04
2.881384881945875532e+04
5.089672348100382951e+05
4.884926760876753251e+05
2.270739274909738015e+04
2.727472402776298986e+04
3.363587122537902906e+04
4.281316805168928113e+04
4.114114122332682746e+04
3.491850766470539384e+04
2.229596629156373820e+04
2.160544067395845923e+04
1.981645630204839108e+05
6.035987862368099741e+04
3.321778259465302108e+04
8.633295776652486529e+04
7.435232254437828669e+04
3.342426665138683893e+04
3.411498401635134360e+04
2.897094765819511304e+04
2.787346129471760942e+05
1.034299668637365394e+05
3.530211316716307192e+04
3.428708884714683518e+04
7.681885382182308240e+04
3.715999495270569605e+04
8.110214786948147230e+04
2.282074745982594904e+05
8.248121325112125487e+04
4.924174871988181258e+04
7.806952666436045547e+04
3.096880147319006210e+04
5.458912006164297782e+04
7.852447143122093985e+04
2.442442316022496016e+04
2.712039488835879820e+04
5.224957407797485939e+04
2.671524380731371639e+04
2.839034910300174670e+04
3.923202497706985741e+04
5.715220781185530359e+04
4.119457166800824780e+04
2.134142027701331244e+04
6.561444934552461200e+04
2.944572033646902128e+04
2.781683266887791251e+04
6.381683411090330628e+04
2.853869393012809087e+04
8.632060514405509457e+04
4.347440239260244562e+04
7.476480807391571580e+04
3.679842752191088948e+04
4.968316966086883622e+04
4.717568672334976145e+04
1.233994383950585179e+05
4.269072161309926014e+04
9.539843762919522123e+04
7.900342956722737290e+04
5.336746253105373034e+04
3.674867479903611820e+04
5.105611293097346788e+04
2.383798811607578682e+04
2.419636238592304289e+04
1.913844851446429966e+05
3.307106728140309133e+04
2.401855187862126695e+04
4.508833249157473620e+04
2.382230579181231587e+04
2.916133978550915708e+04
2.056734351719706901e+05
3.557405181120293855e+04
1.737490723359274125e+04
3.120679821588970663e+04
7.485832485051680123e+04
7.092344210533791920e+04
1.382031828907020972e+05
4.277617315831471933e+04
2.261444649171158962e+05
4.381253390115153161e+04
1.565367794964821587e+04
2.544217202343586541e+04
4.905551979558278981e+04
5.221270729777082306e+04
9.455377450530654460e+04
1.187116024450225086e+05
3.262447390181927767e+04
2.698532107996382183e+04
3.994589099794234062e+04
3.694030223474767990e+04
1.991916487064333051e+05
4.372117305818031309e+04
9.228515628090062819e+04
2.541461570418066549e+04
9.602400748313045187e+04
1.627233199916200247e+05
5.589457042758756870e+04
3.786655868886044482e+04
1.754521997810996982e+04
3.709220845844551513e+04
1.839182886278991937e+05
5.701059169225629739e+04
1.668915358815643995e+05
2.614345916114077409e+04
1.866827267845112510e+04
2.226929881216821013e+04
4.674836257145565469e+04
2.591534511710957158e+05
6.389559968170454522e+04
5.450605246493597951e+04
3.736497807645812281e+04
3.108016676132520297e+04
8.407608498432156921e+04
6.182130232726755639e+04
1.532964914880311117e+05
3.830182525871590042e+04
3.052404993045415176e+04
3.718336379993701848e+04
7.008192260512104258e+04
1.154884982586031838e+05
4.031026742717967136e+04
2.224657482480675098e+05
