9.850804551608218389e+03
9.836540502652240320e+03
9.958087133118460770e+03
9.842493385370737087e+03
8.630199739376515936e+03
9.955799479602161227e+03
8.267737567817825038e+03
9.831756425304374716e+03
9.928188592741287721e+03
8.895996837452054024e+03
8.866791841988899250e+03
8.335960057594173122e+03
9.424217203828104175e+03
9.610758365740752197e+03
9.432556362441097008e+03
9.061857438315118998e+03
9.820178513622515311e+03
9.421228114319674205e+03
9.287505721374431232e+03
9.612215421649603741e+03
9.674100963807612061e+03
9.810589814005150401e+03
9.773829435348598054e+03
9.920938346251325129e+03
9.323332701732391797e+03
8.881560427574149799e+03
9.701230244377044073e+03
9.682779160430322008e+03
9.740769829821329040e+03
9.277555333405873171e+03
8.362377449924792018e+03
9.841979203645405505e+03
9.689404480800090823e+03
9.825029532032380303e+03
9.437118093323137145e+03
9.908611557495778470e+03
7.999232040775550558e+03
9.276248916660153554e+03
9.460657695046789740e+03
9.250883702103579708e+03
9.609250574511490413e+03
9.359726661383938335e+03
9.585397040042913432e+03
9.864856849928040901e+03
8.850986262583563075e+03
9.957463330493741523e+03
8.290292137408045164e+03
9.962680436631671910e+03
9.504001539423490613e+03
9.869972196422142588e+03
9.702598772932207794e+03
9.194343386074851878e+03
9.372450147565014049e+03
9.399764490115823719e+03
8.972738838621306058e+03
8.383495725913435308e+03
9.643132845889889722e+03
9.343581451518035465e+03
9.648197821086527256e+03
9.751669538709666085e+03
9.795277797853290394e+03
9.432876279044963667e+03
9.303472304405904652e+03
9.111926248766716526e+03
9.779323554482180043e+03
9.521865352921719023e+03
9.496402091968311652e+03
8.876070290482901328e+03
9.352511496029692353e+03
9.811993019822180941e+03
9.692027284431273074e+03
9.972128873461617331e+03
8.851792613400757546e+03
9.394218978073482504e+03
9.111425476159713071e+03
9.039055908474934768e+03
9.029207674882472929e+03
8.938404337670699533e+03
8.884738334867299272e+03
9.302705223393375491e+03
9.538417447710577108e+03
9.857627423880678180e+03
9.415695704491407014e+03
8.251560351748554240e+03
9.753104271758256800e+03
9.902981117153429295e+03
9.132109325866651488e+03
9.693074861117416731e+03
9.017479240368676983e+03
9.473859864601025038e+03
9.075720071059098700e+03
9.404912366236039816e+03
9.416370929604694538e+03
9.848863564770530502e+03
8.363281638882392144e+03
9.708424003566435204e+03
8.783156846440042500e+03
9.280511302198890917e+03
8.959639981274034653e+03
8.560883042091045354e+03
9.134166476554473775e+03
8.526601452862501901e+03
9.075525633581753937e+03
9.440551263929421111e+03
9.379159584929700941e+03
9.208222482756080353e+03
9.668898488360600822e+03
9.542528199347532791e+03
9.610619738630877691e+03
9.527557490060931741e+03
9.581963232226527907e+03
9.805075708000726081e+03
8.746132183577270553e+03
9.684538286244805931e+03
8.855108820569674208e+03
9.736412533392727710e+03
9.113742517822174705e+03
8.780074869144747936e+03
9.879950665836426197e+03
9.821160836025446770e+03
9.891566826098729507e+03
8.910423166929389481e+03
9.276559233254007268e+03
9.606722002399954363e+03
9.495304056562919868e+03
8.864432074415644820e+03
8.314866880200263040e+03
9.908149586752415416e+03
9.305704304911207146e+03
8.067527192808395739e+03
9.603846366137240693e+03
8.686903279070540520e+03
8.913713235330324096e+03
8.744783521392178955e+03
8.032763225636011157e+03
9.588071209619953152e+03
9.577894916758148611e+03
9.572138050438279606e+03
8.396246728356776657e+03
9.967787620771527145e+03
9.537116945171241241e+03
9.940318632666028861e+03
9.143783451174311267e+03
9.423777181332825421e+03
9.335279990743329108e+03
9.790486433682019197e+03
9.909078577742548077e+03
9.631178518121974776e+03
9.820893154949349992e+03
9.850976270198818384e+03
9.970332829444079835e+03
9.836540502652240320e+03
9.469177883640408254e+03
9.323834417474497968e+03
8.383495725913435308e+03
9.550103225367212872e+03
9.609751521487600257e+03
9.930935111864266219e+03
9.285597708758617955e+03
8.760939622158846760e+03
9.913786779572974410e+03
8.675639269143503043e+03
9.677037191060044279e+03
9.517233431150390970e+03
9.944023435187245923e+03
9.950911913366144290e+03
9.180910026603720326e+03
9.768427962902042054e+03
7.509819137674458034e+03
9.449459708022575796e+03
8.660892600383129320e+03
9.079995474797084171e+03
9.701774634757563035e+03
9.966440362990559152e+03
9.842713809082102671e+03
9.142652789242602012e+03
9.024860287597286515e+03
8.583594478678201995e+03
9.817283962502147915e+03
9.959322206835835459e+03
9.556428400659064209e+03
9.693547511806282273e+03
9.961858870025247597e+03
9.152095199101968319e+03
9.909827893802157632e+03
9.856438535876881360e+03
9.503172664411762526e+03
8.439106064720159338e+03
9.859104013622454659e+03
9.921094806473145582e+03
9.582336704401885072e+03
9.457753389938661712e+03
9.607503260562207288e+03
9.375640157520803768e+03
7.371779896986030508e+03
8.819994834403250934e+03
8.968757621216294865e+03
9.003545171561023380e+03
9.840401384441105620e+03
8.873406509229713265e+03
9.105156273032633180e+03
9.197145574474277964e+03
9.710372180930107788e+03
9.701285463679105305e+03
9.611730089219590809e+03
9.841572531720601546e+03
9.915745756295129468e+03
9.658528671272651991e+03
9.969306556768844530e+03
9.499868986526136723e+03
9.202409340926667937e+03
9.956178163915636105e+03
9.756641913769915845e+03
9.928188592741287721e+03
8.328786496806154901e+03
9.971248585752586223e+03
9.941232891371828373e+03
9.189319864879122179e+03
9.856632055848236632e+03
9.505023550929752673e+03
9.754496020544564090e+03
8.744534122608325561e+03
9.747332583487323063e+03
8.816904893051396357e+03
9.120283915197689566e+03
9.489855943929052955e+03
9.967472074055876874e+03
9.804434056669859274e+03
9.584443425073652179e+03
8.009153918920818796e+03
9.834517137031290986e+03
9.759912915690521913e+03
9.377777734593615605e+03
9.827578030731176113e+03
9.832514806521785431e+03
9.235036159820305329e+03
9.582264524882430123e+03
9.814972330591746868e+03
8.688727268942540832e+03
9.892782061906484159e+03
9.625502251117311971e+03
9.753804700456928913e+03
9.143783451174311267e+03
9.819011308097034998e+03
9.478741249679014800e+03
9.782627667421509614e+03
8.765727329898918470e+03
9.719172864844051219e+03
9.528042885432660114e+03
9.462922863358568065e+03
9.737235417759984557e+03
9.738577606469385501e+03
9.168209105447342154e+03
8.827816040951192917e+03
9.497716388941164041e+03
9.623330846844806729e+03
9.698425888269081042e+03
9.008375843533509396e+03
9.457582169720350066e+03
9.013263215837685493e+03
9.883937785455211269e+03
9.602265042689414258e+03
9.224965850762333503e+03
9.662495707590267557e+03
9.011356564195455576e+03
9.664699089048619498e+03
8.832465729782266862e+03
9.657301017776166191e+03
9.281070830903372553e+03
9.694679474538694194e+03
9.705898471967964724e+03
9.398767247447918635e+03
9.953545251370447659e+03
8.822572840771226765e+03
9.241402012813865440e+03
9.568158886119039380e+03
9.783772730372475053e+03
9.635538000255288352e+03
9.883363565720883344e+03
9.537171793959640127e+03
9.657478213024523939e+03
9.121871090128362994e+03
9.800763123507909768e+03
9.863995020835060132e+03
9.316571964501721595e+03
9.262731633398392660e+03
9.775938605303632357e+03
9.827326116410378745e+03
9.751596377906078487e+03
9.582717745950103563e+03
9.363831436539656352e+03
9.844266201222500968e+03
9.947833555718367279e+03
9.816286849313322818e+03
8.526601452862501901e+03
9.790068118432534902e+03
9.787666006405152075e+03
9.658344400635323836e+03
9.841836102355973708e+03
9.536400900012444254e+03
9.894203386194098130e+03
9.014339116595901942e+03
8.939526460476758075e+03
9.819297707153471492e+03
8.948290343758766539e+03
9.084460371420847878e+03
8.915525222725274944e+03
9.954611401726991971e+03
9.943612297237090388e+03
9.950642829962016549e+03
9.328175209855797220e+03
9.105688277125434979e+03
9.831047182234746288e+03
9.955554182580235647e+03
9.358097466911644005e+03
8.915525222725274944e+03
9.270616281881721079e+03
9.673713516424564659e+03
9.093871033262150377e+03
8.552489621296492260e+03
7.764301639557623275e+03
9.970095479863142828e+03
9.906574757677950402e+03
9.682779160430322008e+03
9.915113588756086756e+03
9.580549100653646747e+03
9.618738576445703075e+03
8.875951592926627200e+03
9.570575466225589480e+03
9.749767903620147990e+03
9.548658081532907090e+03
9.974203586972427729e+03
8.829052913722798621e+03
9.353391529468550289e+03
9.848348015261875844e+03
9.051712372430834876e+03
9.925372889388796466e+03
9.367865969878168471e+03
9.768809380858812801e+03
9.587154830133858923e+03
9.338874215757317870e+03
9.894548314378118448e+03
9.076910151743330061e+03
9.816857297885908338e+03
9.769950825284842722e+03
9.789329621975502960e+03
9.768496880191261880e+03
9.680951393027307859e+03
9.176817190271285654e+03
8.991862460935022682e+03
9.688414579627293278e+03
9.820192732827890723e+03
9.880004554819555779e+03
9.836688439936662689e+03
9.534841429751442774e+03
9.608766902498256968e+03
9.815129723766258394e+03
9.802122273892513476e+03
9.635777450373861939e+03
9.376566126390654972e+03
9.911475085537098494e+03
9.272199407940966921e+03
9.733238196859245363e+03
9.585046066662302110e+03
9.110942011454691965e+03
9.379159584929700941e+03
9.658528671272651991e+03
9.862365811410563765e+03
9.756641913769915845e+03
9.749852388545881695e+03
9.344673766393720143e+03
9.555235845598885135e+03
9.501928155978257564e+03
9.439038127776188048e+03
9.575824388873905264e+03
9.904609281568027654e+03
9.735116591799822345e+03
9.471926207259775765e+03
9.577850503816360288e+03
9.565444776102169271e+03
9.954611958506002338e+03
9.543386519967363711e+03
9.878484119813663710e+03
8.727206683526876077e+03
8.870226165319741995e+03
9.926908719190674674e+03
9.920717176137946808e+03
8.812751700461578366e+03
9.689163808033827081e+03
8.970011022587619664e+03
9.202024900431895730e+03
9.837718947816261789e+03
9.958719023931289485e+03
9.133127577422183094e+03
9.940806194882246928e+03
9.683236655455222717e+03
9.762797948258472388e+03
9.885679524345037862e+03
9.222890684820631577e+03
9.050596130993668339e+03
8.981537300520580175e+03
9.462727159782758463e+03
9.231993708281359432e+03
9.415842737011580539e+03
9.449870031419746738e+03
9.243169836718449005e+03
9.852760904152612056e+03
9.366710798675721890e+03
9.504726618759759731e+03
9.263084674563220688e+03
9.215721071290310647e+03
9.659946636392303844e+03
9.647672793418241781e+03
9.480838106830469769e+03
9.509550029423437081e+03
8.690269161440495736e+03
9.360671563764088205e+03
9.260133086071531579e+03
9.897612537320257616e+03
9.381224473374499212e+03
9.392947845302354835e+03
8.981537300520580175e+03
9.574412809855137311e+03
9.391678797862063220e+03
9.910252879718318582e+03
9.845246314030939175e+03
9.781379189843390122e+03
9.571495806895312853e+03
9.646447444371377060e+03
9.864022427215593780e+03
9.695883124301104544e+03
9.890681872028857470e+03
9.834053695916518336e+03
9.896487288138931035e+03
9.299384481012937613e+03
9.853979665214355919e+03
8.933591637742205421e+03
8.163182125111369714e+03
9.926108555453971348e+03
9.796301196734359110e+03
9.209180479812439444e+03
9.377878307577026135e+03
9.695189450711048266e+03
9.261856499969362631e+03
9.614189856092625632e+03
9.523783987555116255e+03
9.466665859208218535e+03
9.597579774181793255e+03
9.778803130994005187e+03
9.646394365043506696e+03
9.470500434122579463e+03
9.632894092452748737e+03
9.340248902823375829e+03
9.474926603599138616e+03
8.449907291429297402e+03
9.209210935261657141e+03
9.244539134714799729e+03
9.633968468859387940e+03
9.787873389878641319e+03
9.551842159653508133e+03
9.641441832170847192e+03
9.264755133047485288e+03
7.813153870245904727e+03
9.903205383074873680e+03
9.367463862108277681e+03
9.151380881319641048e+03
9.538152568325960601e+03
9.878915537568936998e+03
8.248534666828487389e+03
9.475893493510724511e+03
9.969216384628729429e+03
9.172273672256251302e+03
9.441570341211505365e+03
9.112619608802262519e+03
9.234796392334323173e+03
9.415695704491407014e+03
9.359310716217778463e+03
8.362058023858107845e+03
8.244820838502384504e+03
9.367865969878168471e+03
9.891566826098729507e+03
9.669967063528853032e+03
8.647420316004841879e+03
9.783995567437337741e+03
9.937563389593949978e+03
9.713506560969170096e+03
9.874632455575061613e+03
9.111355410759575534e+03
9.007155428335612669e+03
9.368824124910141109e+03
9.955397420607261665e+03
9.947243132783416513e+03
9.934290557563519542e+03
8.939471667751613495e+03
9.841963853500928963e+03
9.858977181126087089e+03
9.018841677393424106e+03
9.855781013741074275e+03
9.846650235220615286e+03
9.436209117156289722e+03
9.583157189225878028e+03
9.755854325727250398e+03
9.240638214084909123e+03
9.755201712338410289e+03
8.585677407888817470e+03
9.422812342794295546e+03
9.886296031614998356e+03
9.344061255764921953e+03
8.706269609731432865e+03
9.224111008972047784e+03
9.203203470670625393e+03
9.498390037310320622e+03
8.619363331384505727e+03
9.172819344856077805e+03
8.403285209452347772e+03
9.892388763621704129e+03
9.751367711851851709e+03
8.257848741709194655e+03
9.651793950304963801e+03
8.158868881608195807e+03
9.604459491762121615e+03
8.616428143136658036e+03
9.141392038797481291e+03
9.639666255353668021e+03
8.942518415671414914e+03
9.530328056449503492e+03
8.690346172074443530e+03
8.785999774170402816e+03
9.210107974605249183e+03
9.771646506919154490e+03
9.228510097397109348e+03
8.830157335251362383e+03
9.562011987862782917e+03
9.806110131058228944e+03
9.757939302257083909e+03
9.155640619437452187e+03
9.958426389016200119e+03
9.588334213906677178e+03
9.889176987973874930e+03
9.825006638163460593e+03
9.567491302480051672e+03
9.325621924408937048e+03
9.591289185028579595e+03
9.712849835690285545e+03
8.727060748799431167e+03
9.776565769872277087e+03
7.138409296486084713e+03
9.519617774272070164e+03
9.718568176328742993e+03
9.433384466292069192e+03
9.518345328083876666e+03
8.871771988448443153e+03
9.009789174056477350e+03
8.672570686720500817e+03
8.850057022567627428e+03
8.712787183443586400e+03
9.821661900509139741e+03
9.867878861200510073e+03
9.694061595177283380e+03
9.275134272535049604e+03
9.293705103864456760e+03
8.787690071334804088e+03
9.041562825282271660e+03
9.470296224455853007e+03
9.655441704472968922e+03
9.314276155775343796e+03
9.448432530907166438e+03
9.817839829523547451e+03
9.930175000413202724e+03
8.992241884932573157e+03
9.262753320128624182e+03
8.683734356896287863e+03
9.329216062346386025e+03
9.466091644653377443e+03
9.102297635218568757e+03
9.148808194124138026e+03
9.084325571590847176e+03
9.522161652436794611e+03
9.357193882481151377e+03
9.796886619119146417e+03
9.738378634765518655e+03
9.842023324423156737e+03
9.493163974665018031e+03
9.198100619958120660e+03
9.935833202429404992e+03
9.930935111864266219e+03
9.623068677216337164e+03
9.859736711842531804e+03
9.854852261583808286e+03
9.945135919679039944e+03
9.154916250565711380e+03
9.670283281665502727e+03
9.475311900745888124e+03
9.763716627716856237e+03
9.391080087930924492e+03
9.363500197690314963e+03
8.965750485573509650e+03
9.957192203465183411e+03
9.960486595868096629e+03
9.566887957527062099e+03
9.908180501403901872e+03
8.795083349704025750e+03
9.480199616392728785e+03
9.766894521757651091e+03
9.693977338559277996e+03
9.134715247737363825e+03
9.299749232278634736e+03
9.015456750111377914e+03
9.808046483002603054e+03
9.961887200354187371e+03
9.918801714988341701e+03
9.546960917909318596e+03
9.152224159342216808e+03
9.602125915701553822e+03
9.607515655075490940e+03
9.709475741951933742e+03
9.762667997930722777e+03
9.964115688264406344e+03
9.450550136265956098e+03
9.353763140501350790e+03
9.895666060976567678e+03
8.739322923632647871e+03
9.820967046042460424e+03
9.969676489124649379e+03
9.702772367240082531e+03
9.868823458174050756e+03
9.488806666347161809e+03
9.685368662547862186e+03
9.969876156827715022e+03
9.834175101296737921e+03
9.757986046600957707e+03
9.855009905972958222e+03
9.928188592741287721e+03
9.929688459294980930e+03
9.180768235683124658e+03
9.852520803663213883e+03
9.741895988030661101e+03
9.644974146148870204e+03
8.801663403553611715e+03
8.982329119710268060e+03
9.808341317427704780e+03
8.896758081690539257e+03
8.944455303572201956e+03
9.810589814005150401e+03
8.931320794864182972e+03
9.451848368200782716e+03
9.894145303651182985e+03
9.791617002444445461e+03
8.322198721110920815e+03
9.876261086155405792e+03
8.991224080008782039e+03
9.801224407757170411e+03
9.314640076331541422e+03
9.965523798455164069e+03
8.191011492777548483e+03
9.768624760638582302e+03
9.677900137529839412e+03
9.530072230060010043e+03
8.882678767444802361e+03
9.370481942117465223e+03
9.780637027580694848e+03
9.603827110092681323e+03
9.270176794444716506e+03
9.765880384172691265e+03
9.905948879319532352e+03
9.695515511417106609e+03
9.144480780596062687e+03
9.268477496059244004e+03
9.180152928604771660e+03
9.687947020394905849e+03
9.056353636571810057e+03
8.945903116915969804e+03
9.809867896676463715e+03
9.011417429303854078e+03
9.485514050775695068e+03
9.477531411885720445e+03
9.677260867388587940e+03
9.901378760196790608e+03
9.335213271282422284e+03
9.324376708225134280e+03
9.641516021225163058e+03
8.150239015092694899e+03
9.457526903004387350e+03
9.743479181033522764e+03
9.799705528253191005e+03
8.735711333578106860e+03
9.520513096692016916e+03
9.547831788222931209e+03
8.420196655474352156e+03
9.606183464571760851e+03
9.237606983758243587e+03
9.898375096206860690e+03
9.710183920011822920e+03
9.023026617600517056e+03
7.872711401321073936e+03
9.043154444111316479e+03
9.954934809002286784e+03
9.274800043576033204e+03
9.972934199041897955e+03
9.747442833589979273e+03
9.623686127141943871e+03
9.273466992855179342e+03
9.946625002292854333e+03
8.349758794099425359e+03
8.256355379897127932e+03
9.752681281530003616e+03
9.614944994595934986e+03
9.522584404451317823e+03
9.451903650137297518e+03
9.779738490834868571e+03
9.468735346594139628e+03
9.649098548006681085e+03
9.912639894180476404e+03
9.342301626589636726e+03
9.815006224401504369e+03
8.759149953200314485e+03
9.798072794718620571e+03
9.574246132725704229e+03
9.488806666347161809e+03
9.202017141631848062e+03
9.768971283082311857e+03
9.916405490080898744e+03
9.770195759977326816e+03
9.680059949585702270e+03
9.643942649342530785e+03
9.196448704500087842e+03
8.974670512856877394e+03
9.343581451518035465e+03
9.327448340436998478e+03
9.761059526954368266e+03
9.126809682673563657e+03
9.816764159328904498e+03
9.698911110233282670e+03
9.777201341748703271e+03
9.933700359000738899e+03
8.926266470917933475e+03
9.481676675219330718e+03
9.801446521513005791e+03
7.981475385633931182e+03
9.735086688325576688e+03
9.016283136610187285e+03
9.523047947779788956e+03
9.958426389016200119e+03
9.925924965597198025e+03
9.869693078280030022e+03
9.754979628501398111e+03
8.738534771816513967e+03
9.540020422040946869e+03
9.890061977165527423e+03
8.746775360709809320e+03
9.305107250622215361e+03
9.820967046042460424e+03
9.386713087983011064e+03
9.737855574308590803e+03
9.015906839272014622e+03
9.898597142145823454e+03
9.702214333999358132e+03
9.932299801041555838e+03
9.590692022954532149e+03
9.753941976776879528e+03
9.911475085537098494e+03
9.767331236923597316e+03
9.799705528253191005e+03
8.766222850197984371e+03
9.928459748588353250e+03
8.866236087805809802e+03
9.118375604229680903e+03
9.536653374009300023e+03
8.623977159873584242e+03
9.580069482720158703e+03
9.386713087983011064e+03
9.913707708256344631e+03
9.469164800494865631e+03
9.559828459983869834e+03
8.808506709458797559e+03
9.763312441086934996e+03
9.770940973609511275e+03
9.401831974548300423e+03
9.532781073776761332e+03
9.889223361028256477e+03
8.463858331355289920e+03
9.473759541191502649e+03
7.132381085973682275e+03
8.896143022632533757e+03
9.568022952091865591e+03
9.370171668302327816e+03
9.572138050438279606e+03
9.441844121671238099e+03
9.392387994415512367e+03
9.412590709417076141e+03
9.236486266884703582e+03
8.841604914635336172e+03
8.925294987504636083e+03
9.182021133983573236e+03
7.887518884615291427e+03
8.626379599974921803e+03
9.042141666787323629e+03
9.899134235188732418e+03
8.931320794864182972e+03
9.456929448818344099e+03
9.828171972461372206e+03
8.490917615882461178e+03
9.905263639246377352e+03
9.469162694263575759e+03
9.811543391224062361e+03
9.679926989212126500e+03
9.945529492269462935e+03
7.384432301612814626e+03
9.549096862325843176e+03
9.914328352722362979e+03
8.622713541653978609e+03
9.569815809156883915e+03
9.871289635496696064e+03
9.685247307047531649e+03
9.776025404300686205e+03
9.651392772399289242e+03
9.699716359275502327e+03
9.839818667619500047e+03
9.805765754721458507e+03
7.710219398825329336e+03
9.328175209855797220e+03
9.649920178602544183e+03
9.950556621659825396e+03
9.889176987973874930e+03
8.458762654921576541e+03
9.087802553958321369e+03
9.511743485476155911e+03
9.621348811502190074e+03
9.745450922646195977e+03
9.680992015649473615e+03
9.720382247340490721e+03
9.788196230098261367e+03
8.851792613400757546e+03
9.742216488169631702e+03
9.898941264161030631e+03
9.691416225730716178e+03
9.784692023781290118e+03
9.575882038033034405e+03
9.499942101725713655e+03
8.785113554306000879e+03
9.105144216468850573e+03
9.464713925045203723e+03
9.232909308093343498e+03
9.940906439824550034e+03
9.798226177018219460e+03
9.753772391197566321e+03
9.841326373992480512e+03
9.159847568664368737e+03
9.093736708964068384e+03
8.992107198098874505e+03
9.171463737217702146e+03
9.442722564468846031e+03
8.981537300520580175e+03
9.720896084090447403e+03
9.374642507066091639e+03
9.776357552839643176e+03
9.757223053305882786e+03
8.531243553583091852e+03
9.922237552093716658e+03
9.937489705851879989e+03
9.235442114505785867e+03
9.870670422591800161e+03
9.161099049972148350e+03
8.944455303572201956e+03
9.202478228371353907e+03
9.461778162734855869e+03
9.696917463335466891e+03
9.305932009969295905e+03
9.908658496922644190e+03
9.398473671078636471e+03
9.667943550323823729e+03
9.296289188255914269e+03
9.710372180930107788e+03
8.808730133134404241e+03
8.971632160373130318e+03
9.028425644186241698e+03
9.900953175196644224e+03
9.657475856817953172e+03
9.706102269869401425e+03
9.751596377906078487e+03
9.414077439173972380e+03
9.892849800674221115e+03
9.972022475618145108e+03
9.578137880927017250e+03
9.270906829272966206e+03
9.804572495592859923e+03
8.085864492793903082e+03
9.917890891320697847e+03
9.464355883302032453e+03
9.872008285890660773e+03
9.549535453475575196e+03
9.918529599788000269e+03
9.747072034917353449e+03
9.641008775773403613e+03
9.749870881423074024e+03
9.120583992791905985e+03
9.860763494688762876e+03
8.143619555109042267e+03
9.694100391785461397e+03
8.994224465188450267e+03
8.539437152357193554e+03
9.066765024122669274e+03
8.998931268194795848e+03
9.131510047659185147e+03
9.700023119373843656e+03
8.809306659320262042e+03
9.902573482205487380e+03
9.578836339278746891e+03
8.383989198867668165e+03
9.353564473970043764e+03
8.286471930472394888e+03
9.475079511693209497e+03
9.424217203828104175e+03
9.485405713335734617e+03
9.931848297969461782e+03
9.313645167595610474e+03
9.376637515625832748e+03
9.671611265625226224e+03
9.337633230950315919e+03
9.385761492899066070e+03
9.880111667137149198e+03
9.377878307577026135e+03
9.816764159328904498e+03
8.961488980471520335e+03
9.795277797853290394e+03
9.938105894809927122e+03
9.815778108008269555e+03
9.446296553078977013e+03
9.502629671092203353e+03
9.501562012368369324e+03
9.671340113975502391e+03
9.676492854420057483e+03
7.470682205255021472e+03
9.723543444247035950e+03
9.422714445935704134e+03
9.904126297900391364e+03
8.736404577477813291e+03
9.562746660657530811e+03
9.501951238919536991e+03
9.056238932809514154e+03
8.913713235330324096e+03
9.188803789007333762e+03
9.437922934572829035e+03
9.553807400199812037e+03
8.853346523756119495e+03
8.992564316187479562e+03
9.902099054901627824e+03
9.908871511764376919e+03
9.864804594728371740e+03
9.435838799399880372e+03
9.773335759957199116e+03
9.852475288303201523e+03
9.861946821140194515e+03
9.422140348532106145e+03
9.222677860957606754e+03
9.861245549937062606e+03
7.995708215483198728e+03
7.857422192747199006e+03
9.532304921838571317e+03
9.922477135318011278e+03
8.887577013503319904e+03
9.836773351145211564e+03
9.665583546894686151e+03
9.600447061335769831e+03
9.789570625326043228e+03
9.282496889254303824e+03
9.640965716223725394e+03
8.110460898812178129e+03
9.762704230797799028e+03
8.794205516441877990e+03
9.667217258826765828e+03
8.941116965228833578e+03
9.922553223085531499e+03
8.869175354789696939e+03
9.816430382957118127e+03
9.491934116206102772e+03
8.972496486031663153e+03
9.964177077615515373e+03
9.203057202372699976e+03
9.837327611776623598e+03
9.283537709904645453e+03
9.046261756915806473e+03
9.637070668349733751e+03
9.572727501851439229e+03
9.283914655900674916e+03
8.834507048273075270e+03
9.266951370468730602e+03
8.313219836162506908e+03
8.425987832437185716e+03
9.410511031857431590e+03
9.339217280500713969e+03
9.785490775945669156e+03
9.713679849608794029e+03
9.699742294970441435e+03
9.593157377306128183e+03
9.652181932865616545e+03
9.416634546325487463e+03
9.511519889119734216e+03
8.959240035570339387e+03
9.590159935751195007e+03
