5.838233034656917880e+03
6.140933289069476814e+03
5.878040117971881045e+03
6.084380357641706723e+03
6.122114338333856722e+03
5.843577596799031198e+03
5.970376602543841727e+03
5.596072480717732105e+03
6.176589298099166626e+03
5.909745378355670255e+03
5.551340753841553123e+03
6.113588031949762808e+03
6.170227875454595960e+03
6.151021194717051003e+03
6.140221387217406118e+03
6.190795585995540023e+03
5.782428563432804367e+03
5.829858693387684070e+03
6.037975869336267351e+03
5.999552711607675519e+03
5.973978805688705506e+03
6.130858540843032642e+03
6.039941537046486701e+03
5.759727355741415522e+03
6.026186402415511111e+03
5.742169011019753270e+03
6.076409316358834985e+03
6.136052140861629596e+03
6.183154245734092910e+03
6.050501640138832045e+03
5.905451860383745952e+03
5.940340347249024489e+03
6.147331316981861164e+03
6.065429880804500499e+03
6.094050476251639338e+03
6.133532270173556753e+03
5.488738265257174135e+03
5.925959564105845857e+03
6.130517104540112996e+03
5.748605956528629576e+03
6.177568196752377844e+03
6.118840250806589211e+03
6.167447902454743598e+03
5.727304905886552660e+03
6.080219423194697811e+03
6.176468881002181661e+03
5.839925437254807548e+03
5.882439591997480420e+03
5.836001911615014251e+03
5.637796628158813292e+03
5.716449507018613076e+03
6.047787302754730263e+03
5.959659254730177963e+03
5.920456616364448564e+03
6.115995262725115026e+03
6.006922756305751136e+03
6.095274410778900346e+03
5.982937419816120382e+03
6.183698570707125327e+03
6.165434087350175105e+03
6.146028876592401502e+03
5.775005911759089031e+03
5.588521304716267878e+03
6.115047043306900378e+03
6.155733728278572016e+03
5.731679041253268224e+03
6.136918621032262308e+03
5.862010743031903985e+03
6.116006881833809530e+03
6.179239004810455299e+03
5.995220608206809629e+03
5.908841253608654370e+03
6.020332777090088712e+03
6.078539202657004353e+03
6.165567805140159180e+03
5.942607540681572573e+03
6.168948123169793689e+03
6.190483071773731353e+03
5.807562032677382376e+03
6.009044255748933210e+03
6.066273099008461941e+03
5.923802442683778281e+03
5.985976254787994549e+03
6.102058322082015366e+03
6.187973296297557681e+03
5.774863864813892178e+03
6.089027506761602126e+03
6.016807057134046772e+03
6.004422235486859790e+03
5.813873690493250251e+03
5.973204621106773629e+03
5.555192185442734626e+03
5.851282298997438374e+03
6.163752423566918878e+03
6.183262649175376282e+03
6.148374601338208777e+03
5.708541442925202318e+03
5.903228412717107858e+03
5.870305336389553304e+03
5.746873022223166117e+03
6.182082652609584329e+03
5.782120340155199301e+03
6.003074286210023274e+03
6.115243131024459217e+03
6.025093437388505663e+03
5.949716388567334434e+03
6.085740739715349264e+03
6.124756107659820373e+03
5.975737509304485684e+03
6.186763238711202575e+03
6.090099048019344991e+03
5.937948843470119755e+03
6.188321762517178286e+03
6.044534786799715221e+03
5.826087094751002951e+03
6.029058510999729151e+03
5.979533302782350802e+03
6.178189841760233321e+03
5.879090686608056785e+03
6.066157217215258243e+03
5.497068850291155286e+03
5.988004097505259779e+03
5.941450020240290542e+03
5.736144123610941278e+03
6.130194056299989825e+03
6.111887780019726051e+03
6.122320498528403732e+03
5.817115608066143977e+03
6.147275614360631153e+03
6.024565953275173342e+03
6.030486987485032842e+03
6.082317169914115766e+03
6.031394673375207276e+03
6.129288375186650228e+03
6.067338929503956024e+03
5.899963115121495321e+03
6.157670606058562043e+03
5.672907467167304276e+03
6.026704425597920817e+03
6.178151404414165881e+03
6.048364779237915172e+03
6.070811536689724562e+03
6.151145802467998692e+03
6.176535429819676210e+03
5.587734530611716764e+03
6.192276774177586049e+03
6.113248701285781863e+03
6.161707410531660571e+03
5.928144185842242223e+03
5.805330438771008630e+03
5.954690619796609099e+03
6.188321762517178286e+03
6.176678363790544608e+03
6.127100864745360923e+03
5.986587869772929480e+03
6.166747892779725589e+03
5.967976038817613698e+03
6.052176816998677168e+03
6.176167636544229026e+03
6.160657202776761551e+03
5.897690507828403497e+03
6.170734073537953009e+03
5.925863252002795889e+03
5.947956386706451667e+03
5.986792798136088095e+03
6.094330386258281578e+03
6.050468322060189166e+03
6.141129115986831494e+03
6.175601640392219451e+03
6.104198777868696197e+03
6.140589731225651121e+03
5.798455951812581588e+03
6.047540466397871569e+03
6.136164162422128356e+03
6.098447273384364053e+03
5.871006521213042106e+03
5.927775743028036231e+03
6.172110944458002450e+03
6.120586361543477324e+03
6.092073875023022993e+03
6.042621168205207141e+03
6.169909946581075019e+03
5.780970823514518997e+03
5.919137630382540920e+03
5.976861113281493090e+03
6.035934240001432954e+03
5.807638310557946170e+03
6.147910047357765507e+03
5.947378929995491490e+03
6.030945464639156853e+03
6.145489228074451603e+03
6.180232298720136896e+03
5.854750454929366242e+03
5.952382958062702528e+03
5.930939003096465967e+03
5.725159169688226029e+03
6.122611659730098836e+03
5.862520618518866286e+03
6.194466323162217122e+03
5.732840840375709377e+03
5.223410454713397485e+03
5.786054331338253178e+03
6.080482748828628246e+03
6.138969417677166348e+03
6.133993716098040750e+03
6.134608839821698894e+03
6.154688074882344154e+03
5.846972013977270763e+03
6.160875738200322303e+03
5.796297388974496243e+03
6.175395253640415831e+03
6.063593219737591426e+03
5.633643241694640892e+03
6.128162281585509845e+03
6.112943377766625417e+03
5.476402844500886204e+03
6.162778667318449152e+03
6.187535923573839682e+03
6.014254876829413661e+03
6.101305299584808381e+03
5.953894264724600362e+03
6.047652575395366512e+03
6.065024452006407955e+03
6.046617114498833871e+03
6.025124558614956186e+03
5.998807703335412043e+03
6.000585894768211801e+03
6.179970070026098256e+03
6.023095346276568307e+03
5.960605978019215399e+03
5.952123261996727706e+03
6.184900562348834683e+03
6.002929394690685513e+03
6.096395941401168784e+03
5.841162445467211001e+03
6.119132601903659634e+03
6.092553319010598898e+03
6.076363200457966741e+03
6.182793268182853353e+03
5.867909785552366884e+03
6.086379565241430100e+03
6.164604404786483428e+03
6.095045215653517516e+03
5.851270943734249158e+03
6.026591314190556659e+03
6.067772848271362818e+03
6.040517260434777199e+03
6.159045890447352576e+03
5.624494666150725607e+03
6.038721943780390575e+03
6.037517071819998819e+03
5.911987868403475659e+03
5.642248787415391234e+03
6.058525825739882748e+03
6.100188808600005359e+03
5.940593067851056730e+03
5.888864230636694629e+03
6.041031237053001860e+03
5.720169684380931358e+03
5.965730125798048903e+03
6.132775667862131741e+03
6.173507922843193228e+03
5.811138887351522499e+03
6.061413784107291576e+03
6.072563927909535778e+03
5.940541380433145605e+03
6.059618423674264704e+03
6.065587224726249588e+03
6.043704983847244876e+03
6.165225019910722040e+03
6.169065390623986787e+03
6.117856942562957556e+03
6.163405697461954333e+03
6.187880777368766758e+03
6.062366363300356170e+03
6.175923502398602068e+03
5.917837197089889742e+03
6.170861296578005749e+03
5.950373983404246246e+03
6.138287673425473258e+03
6.145438590813339033e+03
6.139743519918465608e+03
5.896089249609485705e+03
5.843794253960903916e+03
5.989601887482877828e+03
5.951626971120091184e+03
6.163269005173663572e+03
5.971501001147586067e+03
6.066927586452919968e+03
5.823967061915216618e+03
6.022430777731747185e+03
5.992690627859206870e+03
6.088053164322956036e+03
5.987707109346318248e+03
5.849537188763295489e+03
6.160284435118217516e+03
5.870964555022663262e+03
6.143745394320554624e+03
5.957411907663470629e+03
5.955724606911742740e+03
5.916624436754678754e+03
5.951135778301167193e+03
5.734191407247316420e+03
5.992690627859206870e+03
5.898778190037863169e+03
6.073939386842378553e+03
6.186573647344167512e+03
6.181355683282972677e+03
5.895180567634275576e+03
6.021219909379282399e+03
5.977446778113117944e+03
5.915579605250930399e+03
6.017134044685232766e+03
6.002422503163360489e+03
6.172985971060857992e+03
6.136965759221477128e+03
6.160553487828032303e+03
5.772842958450371952e+03
6.140347767871543510e+03
5.950763154867003323e+03
5.537532733810066929e+03
5.497890143623202675e+03
5.974080653765022362e+03
6.046904255238532642e+03
5.974078858917044272e+03
6.152381093987693021e+03
5.866318801389770670e+03
5.833519699336336998e+03
6.158762896275220555e+03
6.187687455344331283e+03
5.738493701861436421e+03
5.953851466606714894e+03
6.017862550938015374e+03
6.192673366699893450e+03
5.901876589929871443e+03
6.108023449491196516e+03
6.103602694348774094e+03
6.149719694322107898e+03
5.645356465920363917e+03
5.989247885556786969e+03
6.044461720427962064e+03
6.140589731225651121e+03
5.685869707464322346e+03
5.272132433850101734e+03
5.666777556974464460e+03
6.154063237935497455e+03
5.975024620511243484e+03
6.103646125270352059e+03
6.058022126037773887e+03
5.925035901115546039e+03
5.790854850004901891e+03
5.873432168057286617e+03
6.069182700132590981e+03
5.754646792373585413e+03
5.491000143639186717e+03
6.059172617014048228e+03
6.192691669101424850e+03
5.893645209067610267e+03
6.191340121019317849e+03
5.922534716103482424e+03
5.948810077293463110e+03
6.154457943957897442e+03
6.058058787871692402e+03
6.009470216678153520e+03
5.904048868858422793e+03
6.163250986384959106e+03
6.174849233913258104e+03
6.111577085303737476e+03
5.809044235546432901e+03
5.850539594960586328e+03
6.032803557901409476e+03
6.146284367729576843e+03
5.808051300241670106e+03
6.191518142707027437e+03
5.985923972307389704e+03
5.766951724373980142e+03
5.863263830133113515e+03
6.054818350491367710e+03
5.760494127647538335e+03
6.143053648886594601e+03
5.781511952466456933e+03
6.086596858502698524e+03
6.129852545356741757e+03
5.350385225661046206e+03
5.704912178592094278e+03
5.464470305264743729e+03
6.188774611897059003e+03
5.952006181356229717e+03
5.932642386143891599e+03
6.125688399981477232e+03
6.052618580641956214e+03
6.188321762517178286e+03
5.909461847574026251e+03
5.946350997397073115e+03
6.113749003157166953e+03
6.101829609974054620e+03
6.137542048207382322e+03
6.155098890879799001e+03
5.725944353169454189e+03
6.165973185836171979e+03
6.093551384410591709e+03
6.169920588295731250e+03
5.848143995040731170e+03
5.870997011262636079e+03
6.035699599135488825e+03
6.135059833731746039e+03
6.189723366996695404e+03
5.766951724373980142e+03
5.822997385619699344e+03
6.042345418379486546e+03
6.072635115369475898e+03
5.766209147337350259e+03
5.684092398699348450e+03
5.566428912888362902e+03
6.111662758266216770e+03
5.734205727897651741e+03
6.120627244747396617e+03
6.068365030569808368e+03
5.824968047312333510e+03
6.150134228402842382e+03
5.675044593573771635e+03
6.072563927909535778e+03
5.748154296151347808e+03
6.103646125270352059e+03
6.141738140568211747e+03
5.779449621262550863e+03
5.846934822546944815e+03
6.067731329087321683e+03
5.965920455997475983e+03
5.924558350104043711e+03
6.136576796592125902e+03
6.044282045702682808e+03
6.071579045624441278e+03
6.162402077290567831e+03
5.919944599856456989e+03
6.158762896275220555e+03
5.934386642577600469e+03
6.154443223594278606e+03
5.778469166147451688e+03
6.111244071282790173e+03
5.766554001585733204e+03
6.058868005277575321e+03
5.892152295539521219e+03
5.788037667372343094e+03
6.166347985906373651e+03
5.874885917582680122e+03
6.188533627926734880e+03
6.101029837812539881e+03
6.175106990381425931e+03
6.062345945140859840e+03
6.026686730962059301e+03
5.968900377712137924e+03
6.105737743184621650e+03
5.683049582874476982e+03
5.649126963981514564e+03
6.109971233664211468e+03
6.150035856962495018e+03
5.953427605131228120e+03
6.125794205298760062e+03
6.056134253391703169e+03
5.975352751594311485e+03
6.015103415099812992e+03
6.154063237935497455e+03
6.177512442096814993e+03
6.154085579789903932e+03
6.194092582129644143e+03
5.936608983300051477e+03
6.158788351302760930e+03
6.106960871894294542e+03
6.179067857516167351e+03
6.194817511993276639e+03
6.182218917822492585e+03
5.805964527433305193e+03
5.856287375657914708e+03
6.003964585632140370e+03
5.879290688829965802e+03
6.148378924241429559e+03
6.026410871549473086e+03
5.787346046709700204e+03
5.843794253960903916e+03
6.081061203129056594e+03
5.955715168214332152e+03
6.149976385681155080e+03
6.034469051137138194e+03
5.879464981038809128e+03
6.052592767590540461e+03
6.171588893730737254e+03
6.152096180140076285e+03
6.015876325398126028e+03
6.153011095817337264e+03
6.105564129603430956e+03
5.867051435503481116e+03
5.862751030045895277e+03
6.025858806861091580e+03
5.783848214104480576e+03
5.925951857031250256e+03
6.192970020578572075e+03
5.877414422689678759e+03
6.118134118886512624e+03
6.140056578677711514e+03
5.925400490325933788e+03
5.769944718382417705e+03
6.087202226294738466e+03
5.787477023743387690e+03
6.182355793948559949e+03
5.936395504102096311e+03
5.863263830133113515e+03
6.062600997383324284e+03
5.496882306841147511e+03
6.177040963365549942e+03
5.554162430740543641e+03
5.977446778113117944e+03
6.143029896955803451e+03
6.174794109555354225e+03
5.883542885282095085e+03
5.923302699217825648e+03
5.955775154115997793e+03
6.073009670168939920e+03
6.081334438101357591e+03
5.611261836255662274e+03
6.127665791985457872e+03
6.190279509673897337e+03
6.128653043436371263e+03
6.194780243532649365e+03
6.058838564958614370e+03
6.158412517416267292e+03
5.852322097007972843e+03
6.109928885105915469e+03
6.044826469382214782e+03
6.187617297208673335e+03
6.194232493251250162e+03
6.095272146421070829e+03
6.116642440120815991e+03
5.973621440805834027e+03
6.079040461452021191e+03
5.991442837971808331e+03
6.149895360372715004e+03
5.847229416918169591e+03
5.617695839977697688e+03
5.475620059034350561e+03
5.538022445478333793e+03
5.772767287577469688e+03
6.192474929260504723e+03
5.552771359761869462e+03
6.014228194103230635e+03
6.172506713711221892e+03
6.036944899532241834e+03
6.134260471506386239e+03
6.056399203778000810e+03
6.119132704411416853e+03
6.002564791457116371e+03
6.019694096944076591e+03
6.165020520233370917e+03
6.132407998114125803e+03
6.148378924241429559e+03
6.177521142205641809e+03
6.062586976850138853e+03
5.850652276552650619e+03
5.903308655454749896e+03
5.809769859591179738e+03
5.995220608206809629e+03
5.891987833376470007e+03
6.075069649492588724e+03
5.949688952232998417e+03
6.071394471027291729e+03
6.045504980551025255e+03
5.846215802568837717e+03
6.035506650168685155e+03
6.120360863948781116e+03
5.706466771663866894e+03
6.161670222801007185e+03
5.902532306610172782e+03
6.022406977109798390e+03
6.067036822868124545e+03
6.108781204096284455e+03
5.929665347575371925e+03
6.109556163925870351e+03
6.129186785067454366e+03
6.171483694722537621e+03
6.189835711681797875e+03
6.108123543992760460e+03
6.193765684840824179e+03
5.922142503171206044e+03
6.163342034733148466e+03
5.688448740267283938e+03
6.019153146100541562e+03
5.950680470697314377e+03
5.895320246923365630e+03
5.714386626424395217e+03
6.086433501773782154e+03
5.826365909154603287e+03
5.820511492354955408e+03
5.874518253989857840e+03
6.028886096077909315e+03
5.554382572894779514e+03
6.179234733581512955e+03
6.140893882969537117e+03
6.113036187471692756e+03
6.146194520951456070e+03
6.144688037995768354e+03
6.183824949569201635e+03
6.108480818123490280e+03
5.985877580183730970e+03
6.063776815280274604e+03
6.148378924241429559e+03
6.110690557714549868e+03
5.836988201272877632e+03
6.013938467401894741e+03
6.158133065689417890e+03
6.025401637041033609e+03
5.684187407020330284e+03
5.883373890766065415e+03
6.100047700066705147e+03
6.092690284517680084e+03
6.190873054657724424e+03
6.168226005618249474e+03
6.178714900127910369e+03
6.051714189020490267e+03
6.101703213564921498e+03
5.664422270997271880e+03
5.907038582087280702e+03
5.856632277634013008e+03
6.107999999390334779e+03
6.000468355211436574e+03
6.046305842818562269e+03
6.088647074733691625e+03
6.020659927444881760e+03
5.973415260488092827e+03
6.191593757213289791e+03
6.164677750733727407e+03
6.181970116383103232e+03
6.141954486138060020e+03
5.799117048808791878e+03
6.138319574444265527e+03
6.028545168855333031e+03
6.045558733184260745e+03
6.162171441307280475e+03
5.870807948953388404e+03
5.918165894453844885e+03
5.826401856793059778e+03
6.134137560899178425e+03
6.009198249933048828e+03
5.969091755823745189e+03
6.035293432145776933e+03
6.168641793464308648e+03
5.718733656337031789e+03
5.898880359278043215e+03
5.691558317476014054e+03
6.127849058154635713e+03
6.072744425871069325e+03
5.737688628899199102e+03
6.090580105577457289e+03
6.129288375186650228e+03
6.022053387774902149e+03
6.024935676762573166e+03
6.159694548251947708e+03
6.062183003384530821e+03
6.170986204431753322e+03
6.013349737369215291e+03
6.070968732553756126e+03
6.184732935179972628e+03
5.871992578777309973e+03
6.063497235099770478e+03
6.136101417153108741e+03
6.002822730485571810e+03
5.451815150101087056e+03
6.171549800091782345e+03
6.042009111800096434e+03
6.172720895293142348e+03
5.959705913009815959e+03
6.184732935179972628e+03
6.109648219370060360e+03
6.107830978824055819e+03
5.795200538265225987e+03
6.087120124458444479e+03
6.113742650423104351e+03
6.090966298905790609e+03
5.882868377357444842e+03
6.095340176841752509e+03
6.144779061416844343e+03
6.096973477159388494e+03
6.056497948470398114e+03
6.173853241196387899e+03
5.824840747152793483e+03
5.773296230178648329e+03
5.930448224774611845e+03
5.913124447273296028e+03
6.140428992987393030e+03
5.892436898836410364e+03
6.053533313141771032e+03
5.891156095324880880e+03
5.724616720973048359e+03
6.093007213710972792e+03
6.030800198744849695e+03
6.074891930471671003e+03
5.535026203381617961e+03
5.827628770457647988e+03
6.147528679157725492e+03
5.920328379030607721e+03
6.130096826300736211e+03
5.882814792966561072e+03
5.693634163594755591e+03
6.089025941219453671e+03
6.026649226500885561e+03
6.107114094046151877e+03
5.698790540000678448e+03
6.057956155471700185e+03
6.151391116603196679e+03
6.055421096992500679e+03
5.923302699217825648e+03
5.868873013383774378e+03
5.771332131518256574e+03
5.999149876380824935e+03
5.891156095324880880e+03
6.124635271688619468e+03
6.113368007861756269e+03
5.761666574296913495e+03
5.811106358051558345e+03
5.691942523188406994e+03
5.990618981546296709e+03
5.977046744597210818e+03
6.171467283298670736e+03
6.052168728934000683e+03
6.173853241196387899e+03
6.115821927533148482e+03
6.148378924241429559e+03
5.464106135817486575e+03
6.120390763570445415e+03
6.010865201237184010e+03
6.072879777611320606e+03
6.060538329977360263e+03
6.139072377683776722e+03
6.128692853963248126e+03
6.112092672702727214e+03
5.988933431877881958e+03
6.120515401678771013e+03
5.925629020441597277e+03
5.851614097060270069e+03
5.985467312059179676e+03
6.040534627916070349e+03
6.016510641962864611e+03
5.798455951812581588e+03
6.111557536934921700e+03
5.934939096373534085e+03
5.983885543273890107e+03
6.021853735467278966e+03
6.066829188982195774e+03
6.008057196905973797e+03
6.013894397083953663e+03
6.039524173924067327e+03
5.952320747288317762e+03
6.106582107774176620e+03
6.072509919594449457e+03
6.151120523772595334e+03
6.170424161073879986e+03
5.700537099723132997e+03
6.058728067609316895e+03
6.083426968741904602e+03
6.115063661934498668e+03
6.153354924760222275e+03
5.824600644705977174e+03
6.168948123169793689e+03
5.609711302957453881e+03
6.158508722553759071e+03
5.806037695232769693e+03
5.919353849391985932e+03
6.179152952924619058e+03
6.146941377651586663e+03
6.118899229944771832e+03
6.132275914476644175e+03
6.097526704202849942e+03
5.925211602086929815e+03
6.048663451992772934e+03
5.890785405364352300e+03
5.976581248425735794e+03
5.617454478400427433e+03
6.194098565398566279e+03
5.595898325383302108e+03
6.151061727644693747e+03
5.975618270506989575e+03
5.703983030083516496e+03
5.804374399767680188e+03
5.900736455735082927e+03
5.907581173853940527e+03
5.703941572195763911e+03
5.842516865307919034e+03
6.178087506696942910e+03
6.090462587435273235e+03
5.360325735049804280e+03
6.184192768726919894e+03
6.132882404997510093e+03
6.187748977582143198e+03
6.173893737111414339e+03
6.108591176981777608e+03
6.118118527500657365e+03
6.135658056858084819e+03
6.153883509323883118e+03
5.944062548047092605e+03
6.000179231309650277e+03
5.760353488615193783e+03
6.154047458057872063e+03
6.195045699178360337e+03
5.488738265257174135e+03
6.193189892030550254e+03
6.068034469745655770e+03
5.721166623630929280e+03
5.845546137309149344e+03
5.777164812820743464e+03
5.967635468288537595e+03
5.939858147712628124e+03
5.802093398903602065e+03
6.170073184785363082e+03
6.122490662434242040e+03
6.003397508987878609e+03
6.144797457526859034e+03
6.126820705507876482e+03
6.163812990534051096e+03
6.173900920062464138e+03
5.501694244181321665e+03
6.026139689022461425e+03
5.693584164879162927e+03
5.921802017767519828e+03
6.166430735994624229e+03
6.125282414184813206e+03
5.885559053886839138e+03
5.903700856103354454e+03
5.997774203904351452e+03
6.132463593753796886e+03
5.870552126695592960e+03
5.658843634290162299e+03
5.760082141733788376e+03
6.036912053934876894e+03
5.952782577183803369e+03
5.818720346751682882e+03
6.086158617645256527e+03
6.153733652282678122e+03
5.678485600704780154e+03
5.706779773271831800e+03
5.898022790472532506e+03
6.030296393466578593e+03
6.161352851599841415e+03
5.939406131817047935e+03
5.992690627859206870e+03
6.180319287821462240e+03
5.950611320259481545e+03
6.163029078437706630e+03
6.111995568113230547e+03
6.062371264767573848e+03
5.858751624815796276e+03
5.777164812820743464e+03
5.762480397048630039e+03
6.101207840403410955e+03
5.623449523542129100e+03
6.088567389435864243e+03
6.169437516140029402e+03
6.103504911796171655e+03
6.049094850445145312e+03
5.826897680673517243e+03
6.145458262843361808e+03
5.882868377357444842e+03
6.110526501073578402e+03
6.042327387596966219e+03
5.492240997614057960e+03
5.914421222909741118e+03
5.835408473279081591e+03
5.795077025610664350e+03
5.743587407712484492e+03
6.146399412988822405e+03
6.047019132196560349e+03
5.623087804862541816e+03
6.151721461402984460e+03
5.998947947367870256e+03
6.140957385590011654e+03
6.158042628945067008e+03
5.972204434862646849e+03
6.123517209832642038e+03
5.922504719450800621e+03
6.185631604331438211e+03
6.146996789457869454e+03
6.096039930724061378e+03
6.073183990346234168e+03
6.061210984739819651e+03
5.988536811508038227e+03
6.184823142727625964e+03
5.845560952513864322e+03
6.072348574978294891e+03
5.810514143038506518e+03
5.884480440865274431e+03
5.934607912462714921e+03
6.164008024381217183e+03
6.118442156595292545e+03
6.185911577703773219e+03
6.112250600627396125e+03
6.092070306290110238e+03
6.015940422029083493e+03
5.564940581374480644e+03
6.186261398669894334e+03
5.821564738813741315e+03
5.861427282244048001e+03
6.163426604473137559e+03
6.005524769621290943e+03
5.991058346145981886e+03
5.918686552692487567e+03
5.841857570928415043e+03
6.147689905777690910e+03
5.945962313111829644e+03
5.931429028019210818e+03
5.829917374270782602e+03
6.024923780670322230e+03
5.915236851431468494e+03
5.978925762492322974e+03
6.071252113654121786e+03
5.936657911815331317e+03
6.103895143660019130e+03
5.978118466132901631e+03
6.115782988337048664e+03
5.909948980611614388e+03
6.093078131878232853e+03
6.028742027097548998e+03
6.087990075169087504e+03
6.115913807615772384e+03
6.166935142965763589e+03
6.157693224320666559e+03
6.099301344343784876e+03
6.091141236859271885e+03
5.691462556971553568e+03
5.795142680507262412e+03
6.180163301813616272e+03
6.168411433040113479e+03
6.144258094831131530e+03
5.904440087484168544e+03
6.072599244582475876e+03
6.109699959013722946e+03
6.160603196396473322e+03
6.163449481516397100e+03
6.183383113843826322e+03
6.179409596669001075e+03
6.028925020404592942e+03
6.126322571014263303e+03
6.021084345637901606e+03
6.134119506583134353e+03
6.143029896955803451e+03
5.709652888285758308e+03
5.888491888039368860e+03
6.186573647344167512e+03
6.122019542098150851e+03
6.125444651064048230e+03
6.079706595365062640e+03
5.905553517574896432e+03
5.670255072562824353e+03
6.159858644045514666e+03
6.181320246579410195e+03
6.165119266505684209e+03
6.070229572562039721e+03
5.380014020642719515e+03
5.864129332188086664e+03
6.170957608178009650e+03
6.159670157670227127e+03
5.903308655454749896e+03
6.093635021593658166e+03
6.101432424486479249e+03
6.193363247443778164e+03
5.824869824112434799e+03
6.055848103827413070e+03
6.082077639846879720e+03
5.999442826352475095e+03
5.900652038824558986e+03
5.893637735253981191e+03
5.925502046860829068e+03
6.040101879377194564e+03
5.888933093758309951e+03
5.948134588208520654e+03
6.059223459528930107e+03
5.992690627859206870e+03
5.816432352814415935e+03
6.160284435118217516e+03
6.022404101036700013e+03
6.069115673501266429e+03
6.166184898278534092e+03
6.036398399198980769e+03
6.096721378311010994e+03
5.869164573444513735e+03
5.987003135946637485e+03
6.176064659954510716e+03
5.955059537720899243e+03
6.148378924241429559e+03
6.072947683406904616e+03
5.907386698006894221e+03
6.185508950729950811e+03
6.166542978383650734e+03
5.704439867970009800e+03
6.138646472434117641e+03
6.089601221559198166e+03
6.121765368778248558e+03
6.158290759762956441e+03
6.046328853730879928e+03
5.859818416055995840e+03
6.086464652381013366e+03
5.774456865896641830e+03
5.912417054959108100e+03
