5.625777070175930930e+03
5.770323109899141855e+03
5.728933254155792383e+03
5.760153575101756360e+03
5.643525455702972977e+03
5.702154239942177810e+03
5.689352650765502403e+03
5.713225658143040164e+03
5.572433620606640034e+03
5.459768630546715031e+03
5.736605171269136008e+03
5.525049510197781274e+03
5.669082612773065193e+03
5.553403449615448153e+03
5.620098034952765374e+03
5.616326445503123978e+03
5.524216920309665511e+03
5.686793025565066273e+03
5.633797297530180003e+03
5.677377006081842410e+03
5.699480636818163475e+03
5.622411875662519378e+03
5.549130888164501812e+03
5.439492642257359876e+03
5.378107633376824197e+03
5.480076650480939861e+03
5.637652311027386531e+03
5.308047979249688069e+03
5.607904496097685296e+03
5.682993019267618365e+03
5.363505311103619533e+03
5.708306986307165062e+03
5.769964588231654488e+03
5.685432997695893391e+03
5.597424192602695257e+03
5.013337105889059785e+03
5.607129934766991028e+03
5.472820367674813497e+03
5.767714776516011625e+03
5.674819568529436765e+03
5.756863804404498296e+03
5.739498083603465602e+03
5.729212925104450733e+03
5.543637485573517552e+03
5.637652311027386531e+03
5.279664865175304840e+03
5.661028418122188668e+03
5.600453045635409580e+03
5.681088694876450973e+03
5.756456928496878390e+03
5.592233652181106663e+03
5.633288387495287679e+03
5.688468751435892955e+03
5.724661995118619416e+03
5.660432312534556331e+03
5.579503403337625059e+03
5.158379867934261711e+03
5.673325842735235710e+03
5.447033769363915781e+03
5.612233012231858083e+03
5.375233177144415095e+03
5.775960557221660565e+03
5.258363130695897780e+03
5.752821579536605896e+03
5.692359283929057710e+03
5.743460015802213093e+03
5.759190950336536844e+03
5.772780162998608830e+03
5.774383968631298558e+03
5.638156166729867437e+03
5.634284233872282130e+03
5.742326871815262166e+03
5.378107633376824197e+03
5.647445355415953600e+03
5.763964622839963340e+03
5.655727491849724174e+03
5.637652311027386531e+03
5.661508472989561596e+03
5.716836153998678128e+03
5.688105588311369502e+03
5.694139346837733683e+03
5.759282468444919687e+03
5.661859144128360640e+03
5.778508119387493025e+03
5.737269944419553212e+03
5.477604075997472137e+03
5.719539078382629668e+03
5.646025549483854775e+03
5.397681470977913705e+03
5.613145667417482400e+03
5.622411875662519378e+03
5.767292410014521920e+03
5.546343372668122356e+03
5.693435886223171110e+03
5.504453227759349829e+03
5.540216896791805993e+03
5.700972822848355463e+03
5.675348674085186758e+03
5.644848914811993382e+03
5.695461338633228479e+03
5.764221812815954763e+03
5.776462624184031483e+03
5.614953422806951494e+03
5.623816234293398338e+03
5.667017334487484732e+03
5.719364915750382352e+03
5.667775309764369013e+03
5.727828667872160622e+03
5.642881943063714061e+03
5.640279219067593658e+03
5.486641745476325013e+03
5.656813747500231329e+03
5.695260465914008819e+03
5.717209779425479610e+03
5.471318532901022991e+03
5.630765200949832433e+03
5.704407663706287167e+03
5.694005982016418784e+03
5.253696767131562410e+03
5.710570180557740969e+03
5.591402722282857212e+03
5.706214306162517460e+03
5.645706403313964074e+03
5.666906659952923292e+03
5.775824447628227063e+03
5.747250764556993090e+03
5.588466150589820245e+03
5.644560596332978093e+03
5.769205889422142718e+03
5.638147210377637748e+03
5.768636558150985366e+03
5.567607410222737599e+03
5.669618649542963794e+03
5.759180380199044521e+03
5.574037804492912983e+03
5.730480584760567581e+03
5.630702559000973451e+03
5.733619120704703164e+03
5.287188215882861186e+03
5.648733763837095466e+03
5.748143822222709787e+03
5.677068123762855066e+03
5.778246689364035774e+03
5.504614083820371889e+03
5.780233939440797258e+03
5.444313153774302009e+03
5.774091060537844896e+03
5.664720608780484326e+03
5.574321862998613142e+03
5.719983811217546645e+03
5.432054500325175468e+03
5.755740867870315924e+03
5.754408803850668846e+03
5.466672773980237253e+03
5.756147714080457263e+03
5.471627036735946604e+03
5.726790654935350176e+03
5.712433284141981858e+03
5.543801819698183863e+03
5.698021911816174907e+03
5.743503973266574576e+03
5.727794582063921553e+03
5.721049740494496291e+03
5.664321516817840347e+03
5.662692602657681164e+03
5.714400785749624447e+03
5.456425020949262944e+03
5.781657980269362270e+03
5.484214120661077686e+03
5.684682283599573566e+03
5.478655642638056634e+03
5.756593118952790974e+03
5.760425782909521331e+03
5.772957424412492401e+03
5.606897493084066809e+03
5.669821652830610219e+03
5.336227875880600550e+03
5.598335802486837565e+03
5.733630954738852779e+03
5.748928774431496095e+03
5.630999910166280642e+03
5.737837598691113271e+03
5.758904749393872407e+03
5.576732237653169250e+03
5.773176216956607277e+03
5.585836944392631267e+03
5.482615031466077198e+03
5.327399822816420965e+03
5.711800197662299070e+03
5.780231361245088010e+03
5.707171054197444391e+03
5.749618633797446819e+03
5.611312143249136170e+03
5.450894427713949881e+03
5.539186354676025985e+03
5.584367117955833237e+03
5.769792080801436896e+03
5.490688239246592275e+03
5.758366003951091443e+03
5.730316511920906123e+03
5.751878104490077021e+03
5.754205251839834091e+03
5.412798251373133098e+03
5.631672381451877300e+03
5.558791643787014436e+03
5.719620996603941421e+03
5.761482971788361283e+03
5.720211120035794920e+03
5.708326544297988221e+03
5.652542890020757113e+03
5.764221812815954763e+03
5.751363031059362584e+03
5.637237585804125047e+03
5.715739035738257371e+03
5.553129933299045661e+03
5.487112674331448943e+03
5.462281238242018844e+03
5.649645962749072169e+03
5.167899406865844867e+03
5.542118905408542560e+03
5.721208652653607714e+03
5.722037174458937443e+03
5.774863084805476319e+03
5.712292742232303681e+03
5.747610601794887771e+03
5.233110660027557969e+03
5.777984132945921374e+03
5.516202067152584277e+03
5.404554590257881500e+03
5.645230425802017635e+03
5.747887310879696997e+03
5.707157520284376005e+03
5.726626347291322418e+03
5.660863800569120940e+03
5.429869569710246651e+03
5.731123801192978135e+03
5.640741366549102167e+03
5.778672965700516215e+03
5.717223214368922527e+03
5.545143399779505671e+03
5.751878104490077021e+03
5.723157930613817371e+03
5.700336857322557989e+03
5.727834228176457145e+03
5.583923732831121015e+03
5.655558219032347552e+03
5.633005233783451331e+03
5.645050418066889506e+03
5.695852287681536836e+03
5.565499979733887812e+03
5.768636558150985366e+03
5.657782588776210105e+03
5.604397336589139741e+03
5.719756522578093609e+03
5.363326535136563507e+03
5.713068594989550547e+03
5.736076977926217296e+03
5.734772636724292170e+03
5.753193187510872121e+03
5.484410949548541794e+03
5.546092181431801691e+03
5.363326535136563507e+03
5.690837077612884059e+03
5.551226194307572769e+03
5.690452813068399337e+03
5.501102991863896023e+03
5.455932507847949637e+03
5.648733763837095466e+03
5.297727442316288034e+03
5.667977887109926087e+03
5.508707422163282899e+03
5.758509822729843108e+03
5.587934646158317264e+03
5.651170155901820181e+03
5.759627561223307566e+03
5.560393830702770174e+03
5.337225016577942370e+03
5.458908809235061199e+03
5.742364511985066201e+03
5.683400750018709005e+03
5.517583905848001450e+03
5.522267704806936308e+03
5.670541379198551112e+03
5.767818899220238563e+03
5.773449899508141243e+03
5.385796693202061761e+03
5.606493376535726384e+03
5.671282344755636586e+03
5.346462394949306145e+03
5.120038395801082515e+03
5.776187024111198298e+03
5.720125887871652594e+03
5.637620491791099994e+03
5.766842345568999008e+03
5.404816857139673630e+03
5.458777538518769688e+03
5.703611570392522481e+03
5.772716232536310599e+03
5.682993019267618365e+03
5.725223299001760097e+03
5.729488279144019543e+03
5.690741561425253167e+03
5.644226333997342408e+03
5.763207446527409047e+03
5.580455940607224875e+03
5.720408086865652876e+03
5.627160047708044658e+03
5.667934900865219788e+03
5.599402477827439725e+03
5.780407736917071816e+03
5.572421853144580382e+03
5.600962834395423670e+03
5.735274270140291264e+03
5.499558124769899223e+03
5.562493084264481695e+03
5.573747811121402265e+03
5.765821020095795575e+03
5.700561411093327479e+03
5.240867220971365896e+03
5.613275905576263540e+03
5.336190975150276245e+03
5.495766265585300062e+03
5.779601273087960180e+03
5.723681339042301261e+03
5.386373550543962665e+03
5.613195475374503076e+03
5.770323109899141855e+03
5.586867012878275091e+03
5.755207085654586990e+03
5.458908809235061199e+03
5.714534093316516191e+03
5.620098034952765374e+03
5.637652311027386531e+03
5.544098974966623246e+03
5.674702455730558540e+03
5.488811966015560756e+03
5.585664789003385522e+03
5.553879882258074758e+03
5.676810125162422992e+03
5.492933005164093629e+03
5.766131884500890010e+03
5.771170006784946963e+03
5.555152952851007285e+03
5.748243513262670604e+03
5.775834007992076295e+03
5.701579202787022950e+03
5.780657708035492760e+03
5.637652311027386531e+03
5.553926357762082262e+03
5.713537312175785701e+03
5.759508096040315650e+03
5.571485357458788712e+03
5.774200785412986079e+03
5.515010194772709838e+03
5.713995737308461685e+03
5.715215975599519879e+03
5.414513316987189683e+03
5.698869166710810532e+03
5.746405819204933323e+03
5.682055377878397849e+03
5.550809574483888355e+03
5.575107224318255248e+03
5.722415175133153753e+03
5.686691682703247352e+03
5.767514147677216897e+03
5.766337040712163798e+03
5.766516782041771876e+03
5.699825652668602743e+03
5.599318055898896091e+03
5.779247714320648811e+03
5.780172184574780658e+03
5.543043864748692613e+03
5.767292410014521920e+03
5.724709327155490428e+03
5.699860689426695899e+03
5.692420552734121884e+03
5.749035305807636178e+03
5.733785741170671827e+03
5.701488063815768328e+03
5.641169707317052598e+03
5.741037784211003782e+03
5.724709327155490428e+03
5.529081515800262423e+03
5.392665445794155858e+03
5.758509822729843108e+03
5.672071860889898744e+03
5.535780355283723111e+03
5.618930384781653629e+03
5.678640784244555107e+03
5.777760571148006420e+03
5.776187024111198298e+03
5.525367963089352997e+03
5.727632451511268300e+03
5.741225609782859465e+03
5.675678736746098366e+03
5.713309190835621848e+03
5.596442017959263467e+03
5.728995029928630174e+03
5.761745403687015823e+03
5.558341804500822946e+03
5.739904134526921553e+03
5.715050489843381001e+03
5.605457953272888517e+03
5.467862495039438727e+03
5.621102186942389380e+03
5.435455674662683123e+03
5.578179733272929298e+03
5.598329745535496841e+03
5.777020928231825565e+03
5.616904998056102158e+03
5.664886683896744216e+03
5.675220879931324816e+03
5.765435941848219954e+03
5.717909365738047200e+03
5.683001506209570834e+03
5.304566268227056753e+03
5.778148792737385520e+03
5.710554925553814428e+03
5.534611017774560423e+03
5.774196284188317804e+03
5.738109551089126398e+03
5.570295040495986541e+03
5.677729747498039615e+03
5.421416737799377188e+03
5.766331427665483716e+03
5.768525831396174908e+03
5.647645201205747071e+03
5.698585055383684448e+03
5.605864968632453383e+03
5.760046066319974670e+03
5.645200028395006484e+03
5.336323000158801733e+03
5.585716207943789414e+03
5.645735185385228760e+03
5.376425540986196211e+03
5.350681467529260772e+03
5.779190756573554609e+03
5.280149663612400218e+03
5.729133345629861651e+03
5.762597377949690781e+03
5.659372360839030080e+03
5.363656489215510192e+03
5.742769628133132755e+03
5.586507253133149788e+03
5.597032641280864482e+03
5.767853655568443173e+03
5.567631013344607709e+03
5.653893074058072671e+03
5.669557276250551695e+03
5.692787385632414043e+03
5.441686233969895511e+03
5.693946109936103312e+03
5.738971734879330143e+03
5.767853655568443173e+03
5.672458862571656027e+03
5.275956933466246483e+03
5.494341070346398737e+03
5.651508716751537577e+03
5.773315486581397636e+03
5.621323433821082290e+03
5.465874701413610637e+03
5.518433191415895635e+03
5.635830245760127582e+03
5.731825289047710612e+03
5.685793019204204029e+03
5.702483212543868831e+03
5.520484473544545835e+03
5.479333154654446844e+03
5.687831532322528801e+03
5.683680990882101469e+03
5.645735185385228760e+03
5.564854412056104593e+03
5.724298577641891825e+03
5.749378144229724057e+03
5.599398030876333905e+03
5.591636528763738170e+03
5.758087164811431649e+03
5.690283059655079342e+03
5.312060565901362679e+03
5.731561842689455261e+03
5.656120389200983482e+03
5.734254484056375986e+03
5.556869823278076183e+03
5.721163594759008447e+03
5.775348308164315313e+03
5.756532527437663703e+03
5.632295517124997787e+03
5.338430821785455009e+03
5.596853702204630281e+03
5.719126285434386773e+03
5.770837347745154148e+03
5.774038791449993369e+03
5.698381489363113360e+03
5.605825306916993213e+03
5.661702557656665704e+03
5.724014486966128970e+03
5.767190916971476327e+03
5.773183265395467970e+03
5.380931916408576399e+03
5.583963866515970949e+03
5.614535388086218518e+03
5.613592397276856900e+03
5.628100926160538620e+03
5.705412533494429226e+03
5.725947606514577274e+03
5.652741497266202714e+03
5.743749271946227964e+03
5.715380437437146611e+03
5.758332392485381206e+03
5.408590258741191974e+03
5.652310474774529212e+03
5.649844427739167259e+03
5.661381747332249688e+03
5.669604381395635755e+03
5.585353599621519606e+03
5.708379173170373178e+03
5.553488220306240692e+03
5.689378449334769357e+03
5.154892233161470358e+03
5.637652311027386531e+03
5.402429595728666754e+03
5.613454281508840722e+03
5.700388026023618295e+03
5.456006996839741078e+03
5.549007596204769470e+03
5.356853591957213212e+03
5.635120226366957468e+03
5.458908809235061199e+03
5.578017240883129489e+03
5.704193692085897055e+03
5.684924921060268389e+03
5.591878431177330640e+03
5.760366835571659067e+03
5.767032809466960316e+03
5.425106479196631881e+03
5.665459985062210762e+03
5.633785044896188992e+03
5.513412187984993579e+03
5.434473942650343815e+03
5.342604037020397300e+03
5.757530252915233177e+03
5.624319916901880788e+03
5.381955342430799647e+03
5.674848694405971401e+03
5.759049406107909817e+03
5.663648064864422849e+03
5.780903723937950417e+03
5.569043169912274607e+03
5.731083838108681448e+03
5.713047984638908929e+03
5.552058017752955493e+03
5.549946667214144327e+03
5.488794293952675616e+03
5.727073568167108533e+03
5.700999444620377290e+03
5.754950192615810010e+03
5.735926667479245225e+03
5.295777157175006323e+03
5.571870344074955938e+03
5.548127320662440070e+03
5.679961100063626873e+03
5.616615184855718326e+03
5.605278765470768121e+03
5.766262799017929865e+03
5.473139463231712398e+03
5.743027464864698231e+03
5.772325645782221727e+03
5.689195684348354916e+03
5.520816255127836484e+03
5.679090390857192688e+03
5.668802974396956415e+03
5.662623431009422347e+03
5.696190985148388791e+03
5.753554680759325493e+03
5.780318275180984529e+03
5.724793214682818871e+03
5.506308408051475453e+03
5.718384686665254776e+03
5.764608093931603435e+03
5.639778151644601166e+03
5.697470724434757358e+03
5.647200413653834403e+03
5.592951905833679120e+03
5.725279415100537335e+03
5.670399735830575992e+03
5.608275064042889426e+03
5.779119290747687046e+03
5.337881993998004873e+03
5.710970075795938101e+03
5.769240394785472745e+03
5.321721753339302268e+03
5.594214650686388268e+03
5.591118101636731808e+03
5.777841522882465142e+03
5.619585152373969322e+03
5.731423447373939780e+03
5.622580797754108062e+03
5.703010250898036247e+03
5.567790952384001685e+03
5.758925645039824303e+03
5.266841352273921075e+03
5.668240051840508386e+03
5.719269077880249824e+03
5.779758083656191957e+03
5.746735575729289849e+03
5.723631271274756728e+03
5.553366982151510456e+03
5.659538108115784780e+03
5.552095476616554151e+03
5.755550505096363850e+03
5.777798169642640460e+03
5.728032595922626570e+03
5.716450723263765212e+03
5.251593067364521630e+03
5.713327138794793427e+03
5.751084988681264804e+03
5.709723218984509003e+03
5.662376829002615523e+03
5.616972121342712853e+03
5.523237883016326123e+03
5.780154252446697683e+03
5.468112288595752034e+03
5.560140174040030615e+03
5.778148792737385520e+03
5.745828046704510598e+03
5.484154393750968666e+03
5.686701615466424300e+03
5.698506779150640796e+03
5.748183326621081505e+03
5.622367002568985299e+03
5.399769214750643187e+03
5.770085628240898586e+03
5.654192642719921423e+03
5.534264621506899857e+03
5.724131315209831882e+03
5.615202723122664793e+03
5.772422437823894143e+03
5.705055782968132007e+03
5.730851950216352634e+03
5.748765343660207691e+03
5.688882732216447039e+03
5.647233278941363096e+03
5.763288865181294568e+03
5.658967603721159321e+03
5.484947832791067412e+03
5.766197812073809473e+03
5.481413910642743758e+03
5.599068555504582037e+03
5.590955274438303604e+03
5.693388845487646904e+03
5.732877640224975039e+03
5.524057847190922985e+03
5.711744254569175610e+03
5.604834282806707961e+03
5.550596372192020681e+03
5.664070605400509521e+03
5.712203680048683054e+03
5.717661363407943099e+03
5.727182944939446315e+03
5.516155955016405642e+03
5.612060773450864872e+03
5.746543057089587819e+03
5.689819258679142877e+03
5.747621911686410385e+03
5.641533336291535306e+03
5.346462394949306145e+03
5.624592490585015184e+03
5.530573184046187635e+03
5.631008249286419414e+03
5.594710052855314643e+03
5.744660745992370721e+03
5.604341328655770667e+03
5.634058977753622457e+03
5.739764800815566559e+03
5.628626922203695358e+03
5.653085117698418799e+03
5.727550061124178683e+03
5.737162329466441406e+03
5.657278817604048527e+03
5.652713196116525069e+03
5.616094070066857967e+03
5.748839018264735387e+03
5.516202067152584277e+03
5.715815455355718768e+03
5.681930882212443976e+03
5.626958335604265812e+03
5.718534416229322233e+03
5.756261457004045951e+03
5.768132238436606713e+03
5.767207331856612655e+03
5.342002114372999131e+03
5.697643433996289787e+03
5.553758851843427692e+03
5.763325927527190288e+03
5.393897166754099089e+03
5.421889555785754055e+03
5.772128130393641186e+03
5.582129892996286799e+03
5.777030437338510637e+03
5.774383659409329994e+03
5.388001682245288976e+03
5.766662350968519604e+03
5.654192642719921423e+03
5.738971734879330143e+03
5.406813969504438319e+03
5.544154173975048252e+03
5.654365852240068307e+03
5.673766292268228426e+03
5.391318312912771944e+03
5.693730805863746355e+03
5.379057902951976757e+03
5.431708936610496494e+03
5.746785502934411852e+03
5.721163594759008447e+03
5.622470222740017562e+03
5.732484759011358619e+03
5.477927976929212491e+03
5.446438294961325482e+03
5.720631889645061165e+03
5.772690084527428553e+03
5.690338769753373526e+03
5.767292410014521920e+03
5.640860497287883845e+03
5.506308408051475453e+03
5.720739861553356604e+03
5.714885842374533240e+03
5.626342042180320277e+03
5.447103284990012980e+03
5.698915257453448248e+03
5.554209834661388413e+03
5.438113184152778558e+03
5.675611706950140615e+03
5.429097759986900201e+03
5.717342079135711174e+03
5.698231724202847545e+03
5.748528539002236357e+03
5.658832207064745489e+03
5.700924618355661551e+03
5.708585609704813578e+03
5.607904496097685296e+03
5.696473807916048827e+03
5.676983229689574728e+03
5.765385666546324501e+03
5.397342373994825721e+03
5.762766762667640251e+03
5.560148445762437404e+03
5.460473684314712955e+03
5.438604223372623892e+03
5.665967372768342102e+03
5.534216518950624959e+03
5.733239488814360811e+03
5.766030074485453952e+03
5.694676308740787135e+03
5.690402253830781774e+03
5.676151973124062351e+03
5.707000606510111538e+03
5.527679837545239934e+03
5.486278728440320265e+03
5.309282517273200938e+03
5.769480745114548881e+03
5.557211325177303479e+03
5.662990323238618657e+03
5.689461881919899497e+03
5.525575823833001778e+03
5.720141790372366813e+03
5.695583639795517229e+03
5.466088743648157106e+03
5.718985592699415974e+03
5.729020233218860085e+03
5.766708959073626829e+03
5.746290548063676397e+03
5.511259236458984560e+03
5.742977939799035994e+03
5.660697035084833260e+03
5.733585453456646064e+03
5.614053148980281549e+03
5.578714947534836938e+03
5.631128070701832257e+03
5.504018512093709433e+03
5.338707448305169237e+03
5.715176088662246912e+03
5.626294321721583401e+03
5.629518544106977060e+03
5.587548880267373534e+03
5.748510298673232683e+03
5.663426428377621050e+03
5.475073040589214543e+03
5.771478168201811968e+03
5.676487431623096199e+03
5.683658397731259356e+03
5.668566128384088188e+03
5.598465988917024333e+03
5.723271208215201113e+03
5.712701407614062191e+03
5.718612671922358459e+03
5.674808577852754752e+03
5.579615151718449852e+03
5.674362484252223112e+03
5.590335382626264618e+03
5.730749381050040029e+03
5.604328856447358703e+03
5.572529003233605181e+03
5.767830736147868265e+03
5.751463734987035423e+03
5.750709342626088983e+03
5.723885442487937325e+03
5.567352771841289723e+03
5.156686580781837620e+03
5.484470138863700413e+03
5.490303400922677611e+03
5.779929413831531747e+03
5.667211309425569198e+03
5.435635305054387572e+03
5.639436232959224071e+03
5.186253547655725924e+03
5.646191690069504148e+03
5.713648112013942409e+03
5.733025457794202339e+03
5.458196666331163215e+03
5.761439754019913380e+03
5.759600619462420582e+03
5.747543877120945581e+03
5.607221865110685940e+03
5.753459190501738703e+03
5.480100057105439191e+03
5.670451541698053916e+03
5.602166418593249546e+03
5.637490703452376692e+03
5.323374397421123831e+03
5.746556150975877244e+03
5.767101404555436602e+03
5.734880539047386264e+03
5.718660369135895053e+03
5.584657608663830615e+03
5.750206557639163293e+03
5.633408824614769401e+03
5.733262171689071693e+03
5.673246410032343192e+03
5.602943821566381303e+03
5.512720259506182629e+03
5.497847457566645971e+03
5.528505634777835439e+03
5.752696539470371135e+03
5.502831355734531826e+03
5.655335805361619350e+03
5.446022180015861522e+03
5.616876714763952805e+03
5.758445965333259664e+03
5.625720336075384694e+03
5.648083169450727837e+03
5.692960852027337751e+03
5.708007783161334373e+03
5.537958943544295835e+03
5.759693564720460017e+03
5.759132882643825724e+03
5.444683374381191243e+03
5.769779183490461037e+03
5.637384303721680226e+03
5.570475613656228234e+03
5.510065032476635679e+03
5.605279965079414069e+03
5.629261299967602099e+03
5.392878408158188904e+03
5.603924185004236278e+03
5.737239556840459045e+03
5.363661509369230771e+03
5.665221120606247496e+03
5.500910539230684662e+03
5.312401489125293665e+03
5.592288742148931306e+03
5.629090110818292487e+03
5.583246801502458766e+03
5.757264538947788424e+03
5.474282433964629490e+03
5.523823211371638536e+03
5.531928914328467727e+03
5.663474082464245839e+03
5.628687056255776042e+03
5.407881455621934037e+03
5.633940415199546806e+03
5.632898282298000595e+03
5.671023555123034384e+03
5.525776225494879327e+03
5.604071338100769935e+03
5.656956966904615911e+03
5.490688239246592275e+03
5.606786619136908485e+03
5.678390785113346283e+03
5.646000079358468611e+03
5.522724721554921416e+03
5.603567650173179572e+03
5.618740646910091527e+03
5.749132012785878032e+03
5.645647830833739135e+03
5.613168919362458837e+03
5.291463410771297276e+03
5.729942954752898004e+03
5.773403478938615081e+03
5.513013595633570731e+03
5.692800382210691168e+03
5.596134611207064154e+03
5.691720152009385856e+03
5.614857033671487443e+03
5.732728876836748896e+03
5.480076650480939861e+03
5.701916560170146113e+03
5.757549783352946179e+03
5.686922942083936505e+03
5.597685401926668419e+03
5.774844156674401347e+03
5.563742466758395494e+03
5.330818062831294810e+03
5.761241590768234346e+03
5.776934590876611765e+03
5.742596679659825895e+03
5.740181915960429251e+03
5.748661178338861646e+03
5.596442017959263467e+03
5.531612532556970109e+03
5.774708509502395827e+03
5.758616259354972499e+03
5.692216451272681297e+03
5.653009386198518769e+03
5.742706489652092387e+03
5.650200868258640185e+03
5.760141760952235927e+03
5.778607136434237873e+03
5.728506677460745777e+03
5.712613189575195975e+03
5.530367184747263309e+03
5.572916747917945031e+03
5.744125687980046678e+03
5.734806970839018504e+03
5.716053511052868089e+03
5.512445303138087183e+03
5.755358963222356579e+03
5.575049619386340964e+03
5.648733763837095466e+03
5.727032603263061901e+03
5.528649505802992280e+03
5.625734898138537574e+03
5.723125904012613319e+03
5.589547091162362449e+03
5.588818829812922559e+03
5.599304121528906762e+03
5.541946001725989845e+03
5.726977222414873722e+03
5.767708997244646525e+03
5.470239529388602023e+03
5.448589459929891746e+03
5.719684089781994771e+03
5.726989385026957279e+03
5.648733763837095466e+03
5.533632628743158421e+03
5.749378144229724057e+03
5.662171729745117773e+03
5.502008260414189863e+03
5.725409894087152679e+03
5.744442191510846897e+03
5.744874256128910929e+03
5.567736359998027183e+03
5.743299275046969342e+03
5.774132863881935918e+03
5.777212852361477417e+03
5.668116390253964710e+03
5.748316750702020727e+03
5.778607136434237873e+03
5.433398191654043330e+03
5.550609985361111285e+03
5.522042254125336513e+03
5.459171727511380595e+03
5.535787480051105376e+03
5.615718462051319875e+03
5.773048927302924312e+03
5.619257489161055673e+03
5.690402253830781774e+03
5.763659128568103370e+03
5.743823242323329396e+03
5.389808795465267394e+03
5.733505829240465573e+03
5.744681624936054504e+03
5.688577772813514457e+03
5.450553043706718199e+03
5.669082612773065193e+03
5.574773135621207985e+03
5.692880459647892167e+03
5.688386318488946927e+03
5.755101535001547745e+03
5.775474926957300340e+03
5.716024219799443927e+03
5.734479703392129522e+03
5.520468805107677326e+03
5.536536317108391813e+03
5.588460935948081897e+03
5.417477697406926382e+03
5.706697151608437707e+03
5.751689999302630895e+03
5.718364794562343377e+03
5.639716206223291010e+03
5.593292226603746712e+03
