9.036266564820693020e+03
7.795033980442711254e+03
9.129861204691358580e+03
9.112010871201811824e+03
8.711780542874175808e+03
8.942154526124166296e+03
8.677805551175584696e+03
8.722349547150031867e+03
8.712562817385889502e+03
8.464603630193907520e+03
9.037974812419704904e+03
8.904869351168541471e+03
8.807623526905603285e+03
8.288164551133471832e+03
8.441555973554624870e+03
8.449657702397773392e+03
7.928383939537699916e+03
9.018687427344033495e+03
8.774490564116738824e+03
9.064673274261036568e+03
8.930287024467845185e+03
8.975290210523970018e+03
8.653306290396973054e+03
9.069015954779542881e+03
9.100451556390013138e+03
9.108138619270746858e+03
9.008170881026437200e+03
9.041027322950540110e+03
8.985877647664558026e+03
9.160397156280338095e+03
7.831642778468265533e+03
8.989440758740671299e+03
8.674766937803915425e+03
8.866957995217293501e+03
9.154587422243084802e+03
8.987578290984734849e+03
9.104643284614538061e+03
9.122643696632279898e+03
8.989569516578769253e+03
9.057411175280514726e+03
8.724507835337517463e+03
8.346279158701479901e+03
8.538538086722393928e+03
8.196036018609029270e+03
7.828835011163354466e+03
8.085116222639804619e+03
8.309455960035229509e+03
8.742985950519232574e+03
8.824928548889232843e+03
7.876254117772366044e+03
8.640424245163127125e+03
8.935356915990096240e+03
9.142192643319338458e+03
8.430112833277080426e+03
8.714864671677667502e+03
7.783200349147547968e+03
8.699964903867341491e+03
8.714797628489053750e+03
8.758617318977147079e+03
8.564073964673918454e+03
8.844086260416228470e+03
8.342722180569979173e+03
7.976947068295639838e+03
8.975018671956930120e+03
8.929206279456866469e+03
8.912134208275414494e+03
8.422794869076577015e+03
8.974539431110897567e+03
8.885977624945244315e+03
8.792762351763547485e+03
8.040970100709671897e+03
8.818302695785792821e+03
8.528773131258667490e+03
8.996953327397339308e+03
9.160382984620395291e+03
8.573770826590563956e+03
8.770386821261581645e+03
8.898284710340169113e+03
8.775842216045104578e+03
8.940048673787940061e+03
9.104669941137861315e+03
8.777543789285673483e+03
7.680249341458948038e+03
9.066639717420319357e+03
8.366134286340706240e+03
9.149112428131131310e+03
8.087263023489132138e+03
7.022597733646920460e+03
8.974335134996350462e+03
9.096669436932588724e+03
8.835773334623470873e+03
8.669111333590737559e+03
8.747674534316838617e+03
7.611128664558053970e+03
8.972193313752166432e+03
9.064845519328951923e+03
8.783881672508709016e+03
9.125277882339241842e+03
9.071534230449364259e+03
8.763921136649787513e+03
9.032582795252754295e+03
8.905263991343166708e+03
9.106954624943968156e+03
8.610070943958828138e+03
9.138433266342974093e+03
9.162629086785718755e+03
9.054842869485588380e+03
7.833950887823822995e+03
8.731198980343589938e+03
8.904192272994947416e+03
8.724094540300924564e+03
8.372419043534100638e+03
7.964126400351465236e+03
9.129240953544231161e+03
9.148650749979489774e+03
7.595123340647574878e+03
8.954927722489364896e+03
8.330969791793017066e+03
8.842192803870480930e+03
7.637933123156163674e+03
9.062930625430668442e+03
8.413544964278860789e+03
8.810590477611691313e+03
7.376134201053175275e+03
8.363276628908788553e+03
9.106128291771306976e+03
8.853378023414930794e+03
9.072864978786878055e+03
8.980299018795232769e+03
9.040663622709631454e+03
8.408543582479702309e+03
8.583472465721104527e+03
8.056956328954716810e+03
8.018535787145146060e+03
8.743723293752978861e+03
8.046795660863308512e+03
9.074944414914874869e+03
9.061847439980339914e+03
9.095869158106012037e+03
8.108024347344621674e+03
9.152134369135266752e+03
8.875810801478453868e+03
9.112026076263999130e+03
8.938393758023388727e+03
8.882833370400010608e+03
9.067187325931321539e+03
7.959864519853782440e+03
8.170863644986039617e+03
9.063213014566843412e+03
8.058114202261765968e+03
8.748802613337800722e+03
8.703440041730023950e+03
8.689598763787724238e+03
9.063659757026294756e+03
7.330274631308084281e+03
9.042066613361768759e+03
8.957081998655199641e+03
8.686668881200588658e+03
9.098256983224069700e+03
8.563270519615249214e+03
8.963354859206443507e+03
8.588874516555639275e+03
8.289000843367703055e+03
8.672744528130406252e+03
8.749909330946044065e+03
8.269419373562868714e+03
9.025416498164486256e+03
8.411237252379827623e+03
9.039750586456095334e+03
8.987194723118405818e+03
8.698415648051348398e+03
9.112348032376190531e+03
7.464193837749318845e+03
9.023991350183317991e+03
9.055074791943674427e+03
8.714797628489053750e+03
8.060900103298230533e+03
8.978930268899668590e+03
8.584692274829223607e+03
9.021802187565626809e+03
8.221789732510460453e+03
8.842060732652669685e+03
8.809786641533966758e+03
9.108130638284195811e+03
8.371923167864639254e+03
8.374882055079291604e+03
8.876499579166029434e+03
8.659084474952607707e+03
8.183005055342074229e+03
9.083630518910698811e+03
8.567863440952376550e+03
9.162736307588274940e+03
9.029167793317441465e+03
9.112838351557627902e+03
8.226831543330630666e+03
8.417274011626412175e+03
8.975830945893398166e+03
8.793026684910726544e+03
8.936061873324992121e+03
9.070705203304472889e+03
8.915122345391650015e+03
8.870713614890508325e+03
7.246122969902162367e+03
9.052006620558175200e+03
9.091919144800926006e+03
9.025416498164486256e+03
8.897005310593742252e+03
9.139620064297199860e+03
8.671502376654707405e+03
8.758252570101642050e+03
8.647674455173566457e+03
9.060591707834802946e+03
8.543879584864387652e+03
9.150523900649226562e+03
8.860894561130000511e+03
8.803385718174502472e+03
8.366161856251819700e+03
8.622187214024230343e+03
8.349179096889542052e+03
8.737875833239335407e+03
8.658981731297855731e+03
9.041996692966526098e+03
8.129375060278477577e+03
8.760131755355763744e+03
8.960676381386987487e+03
8.858634038017989951e+03
9.036128758582490264e+03
8.317106934056309910e+03
8.496407707219172153e+03
7.446064934855582578e+03
8.893230816408167811e+03
9.129768653553861441e+03
9.101796758608497839e+03
8.897783022285955667e+03
8.712473528376134709e+03
8.655742927852234061e+03
9.154064209816173388e+03
8.915984664548555884e+03
9.027806263414840942e+03
8.957171629734653834e+03
9.162578881167784857e+03
9.166237867045991152e+03
8.807929272473591482e+03
7.730145783489180758e+03
8.857407455553147884e+03
9.035336417265247292e+03
9.019331064272368167e+03
8.664786559610183758e+03
9.039885462539916261e+03
9.021193814446032775e+03
9.085716633332873243e+03
8.575507298833934328e+03
9.173444176202759991e+03
8.260461919910176221e+03
8.813756965821172344e+03
8.878058379302456160e+03
8.751332091016371123e+03
8.839564653670211555e+03
8.217636375821370166e+03
8.760116157015047065e+03
8.933598405541628381e+03
8.985339282445687786e+03
8.929516744885148000e+03
8.370001343075084151e+03
8.861699863065025056e+03
8.288773490333349400e+03
8.742511077697970904e+03
8.974036962371494155e+03
8.560332336500676320e+03
7.915034033609721519e+03
8.803328953012291095e+03
9.172598474848171463e+03
8.853051058418335742e+03
8.793939032049351226e+03
8.712197853612411564e+03
9.049754994134567823e+03
7.381224815948276046e+03
8.507089756978844889e+03
8.606733197540777837e+03
8.583320071423488116e+03
8.573211651960404197e+03
8.796884390432613145e+03
8.714864671677667502e+03
9.163534577554408315e+03
8.775094246160795592e+03
8.769350647453298734e+03
9.095990535895847643e+03
8.998357553828962409e+03
8.376527684721926562e+03
8.990004460170934180e+03
8.007782098797354593e+03
8.757078714355198827e+03
9.158987070718105315e+03
8.440629577475028782e+03
8.862058913251277772e+03
7.425288478395417769e+03
7.913984196032687578e+03
8.896416951640076149e+03
8.829572151787817347e+03
8.423904612677935802e+03
9.031792689868714660e+03
9.001188550102247973e+03
9.039620050432353310e+03
8.342722180569979173e+03
8.586061227581651110e+03
8.892288441860218882e+03
7.675674097944760433e+03
9.005882336011236475e+03
8.188076189354376766e+03
8.803801837497007000e+03
8.817048966423473757e+03
7.970446885590434249e+03
9.046699433267760469e+03
8.945610083288462192e+03
8.718591594890674969e+03
9.041199476720070379e+03
8.123911037300968019e+03
8.966413597016136919e+03
8.769181905904890300e+03
9.079591659352985516e+03
8.766940168260411156e+03
9.030396378364735938e+03
8.993102502467550948e+03
8.975779620136254380e+03
9.104036771571965801e+03
9.114759498228924713e+03
8.882471582153135387e+03
8.677608589836107058e+03
7.471487069488872294e+03
9.083467446933776955e+03
8.807089754355114565e+03
8.968214039505650362e+03
8.606516697246424883e+03
8.385188524310891808e+03
8.489491310726181837e+03
7.996089067038265057e+03
7.678614701444334059e+03
9.096278911461815369e+03
8.752474320093389906e+03
8.494910521837346096e+03
8.927451801008648545e+03
8.665212247680930886e+03
9.141129275992761904e+03
8.854632892430934589e+03
8.419644388311655348e+03
8.397698746073876464e+03
9.047653239000086614e+03
8.921238694764855609e+03
8.959217469619134135e+03
8.946716826566949749e+03
8.465013220498687588e+03
8.291252889807450629e+03
8.388283416754111386e+03
8.808488843287323107e+03
9.076415454742062138e+03
9.071285374046605284e+03
7.827738210433342829e+03
9.153544363314822476e+03
8.538014818837904386e+03
8.777543789285673483e+03
8.623416623151057138e+03
7.438069790221470612e+03
9.136073301213207742e+03
8.814018032884314380e+03
8.590615129573518061e+03
7.820578813009445184e+03
8.025079663151173008e+03
8.833463729212122416e+03
8.814475549241424233e+03
8.910637328854689258e+03
8.195348986297212832e+03
9.146508122502607876e+03
9.027351491993478703e+03
8.600072345605236478e+03
9.009631623627747103e+03
9.114727824604178750e+03
8.656013199856084611e+03
8.820884778529563846e+03
8.639581905497680054e+03
7.538552546580962371e+03
9.013539335029181530e+03
9.044985605341262271e+03
8.270534833400257412e+03
7.382073741938335843e+03
9.121233212114824710e+03
8.268720743498783122e+03
8.844852802200128281e+03
9.067689731302907603e+03
8.549789529693234726e+03
9.007272148713022034e+03
8.377521154769576242e+03
9.006409572681181089e+03
8.312673991255502187e+03
6.811761125099055789e+03
8.922966016894526547e+03
9.094022957634821068e+03
8.798251183926302474e+03
8.160920775178140502e+03
8.654347820784067153e+03
9.057460527124270811e+03
8.056956328954716810e+03
8.874337763269537390e+03
7.981817408054075713e+03
9.127979078883601687e+03
9.110435694697769577e+03
9.115435572136599149e+03
8.757584147435765772e+03
8.317786592881593606e+03
8.998610183183523986e+03
9.062226337413971123e+03
9.123178866696722253e+03
9.036266564820693020e+03
8.925403577004275576e+03
7.635952866661817097e+03
8.422083805120006218e+03
9.064603490022524056e+03
8.935221122451526753e+03
9.170853064307948443e+03
8.828009699767630082e+03
9.123267602481955691e+03
8.649280557267655240e+03
8.766323517264541806e+03
9.033183955134110874e+03
8.941310942100655666e+03
7.376134201053175275e+03
9.011379310510259529e+03
8.393304181761639484e+03
8.877325501157509279e+03
9.098194669169595727e+03
8.864548819814099261e+03
8.171057407720426454e+03
9.152325168482999288e+03
8.812336276397847541e+03
8.210094480607698642e+03
8.738020356965356768e+03
8.639377575318980234e+03
8.019475294748522174e+03
8.867928322133822803e+03
8.379911726542934048e+03
7.427522847846877085e+03
9.160328151048557629e+03
8.697711472454659088e+03
8.537427611705235904e+03
8.179961358282182118e+03
8.106410705179539036e+03
9.091868428988040250e+03
7.363556185070965512e+03
8.769774636757110784e+03
8.558328443614751450e+03
8.608981762048635574e+03
8.870440819550056403e+03
8.632813704035092087e+03
8.587408533606312631e+03
7.930845987693574898e+03
9.074468593478290131e+03
9.076228300595594192e+03
9.048908953744696191e+03
8.005374747368537101e+03
9.073281956659644493e+03
8.537585764131803444e+03
8.778923016265855040e+03
9.039620050432353310e+03
8.871404718947940637e+03
8.399586284754797816e+03
8.256712668640317133e+03
9.042358006715447118e+03
8.309455960035229509e+03
9.101306068198940920e+03
9.136548876357232075e+03
8.273888566598914622e+03
9.152453734375056229e+03
8.841143836408224161e+03
8.882515394563592054e+03
9.151082544430062626e+03
8.672841673342907598e+03
8.467982053925376022e+03
9.079168567555911068e+03
8.876164574668158821e+03
9.042165560897945397e+03
8.295735294775236980e+03
8.779083296477203476e+03
8.935896191565436311e+03
8.118898700880415163e+03
7.740437785957072265e+03
8.592122995004363474e+03
8.754400892987741827e+03
9.072864978786878055e+03
9.034516661629615555e+03
9.149463686689465248e+03
8.992932037166694499e+03
9.052217809484123791e+03
9.067723505239748192e+03
8.985339282445687786e+03
8.665161244757469831e+03
8.853378023414930794e+03
9.116192615517733429e+03
8.725717944590614934e+03
8.934323102208960336e+03
8.529220770384066782e+03
8.224834009070909815e+03
8.938333427261079123e+03
8.522545059907188261e+03
8.961844717453266639e+03
8.129625692659676133e+03
9.112026076263999130e+03
8.570620228757246878e+03
8.998383639466252134e+03
8.148328422515104648e+03
9.148425972124725376e+03
8.507448657284068759e+03
9.120071118118008599e+03
9.158081727688304454e+03
8.702226524868345223e+03
8.821989937476762861e+03
7.602607631217880225e+03
8.436615365547928377e+03
8.776198670358859090e+03
9.050594923356104118e+03
8.238737508925780276e+03
8.406494014161784435e+03
8.341611221307211963e+03
8.086117687055900205e+03
7.795033980442711254e+03
9.170510437025845022e+03
9.032172661100303230e+03
8.614253894784709701e+03
8.971139734179854713e+03
8.668230147515969293e+03
9.058629809302778085e+03
8.601762621950641915e+03
8.707982091622674488e+03
8.526457735757114278e+03
8.782015969250178387e+03
8.473799745300613722e+03
8.784978897846958716e+03
8.871120515793903905e+03
8.973310174640619152e+03
9.164955789360315976e+03
8.910345813897809421e+03
8.441351661568212876e+03
9.049696854611342133e+03
8.334590610973267758e+03
9.113305736162588801e+03
8.744941410206469300e+03
7.852458565745159831e+03
8.389643760609938909e+03
8.342341008456478448e+03
8.262228931311503402e+03
8.860835285743985878e+03
8.968325297267709175e+03
8.056956328954716810e+03
8.765685223476026295e+03
9.055445602422107186e+03
7.529754086097869731e+03
9.095020598502220309e+03
8.887423561615305516e+03
9.143876512331677077e+03
9.162258575782596381e+03
8.219907391108295997e+03
9.077084605716660008e+03
8.484045333764184761e+03
8.405716052163797940e+03
8.350951086192586445e+03
7.216452074596600141e+03
8.953223956807412833e+03
9.057389133026690615e+03
9.001855472593353625e+03
8.296784613540363353e+03
8.675733112878691827e+03
9.089023479241785026e+03
7.946644556141372050e+03
8.247966528562341409e+03
7.787364630099144961e+03
9.027596344607263745e+03
9.109912977398858857e+03
8.813756965821172344e+03
8.987713666453804763e+03
7.238756173228730404e+03
8.886162001344042437e+03
9.170507058072784275e+03
8.379659513851496740e+03
8.496683067189773283e+03
7.605630498624526808e+03
7.805663661504664560e+03
8.953004638808190066e+03
7.759435876584313519e+03
8.079043180610105992e+03
8.344717064003545602e+03
9.115064909626040389e+03
9.083630518910698811e+03
8.962347417889788630e+03
9.044865278718574700e+03
8.777821400535231078e+03
8.880074709166477987e+03
8.756767028856589604e+03
7.954594925259030788e+03
9.036885169260651310e+03
9.071055934179472388e+03
9.147968314165500487e+03
8.927992389543682293e+03
9.112700932562414891e+03
8.706691910323785123e+03
9.016658717737234838e+03
8.710818092074619926e+03
8.631182814148887701e+03
8.895552390853452380e+03
8.545422307908760558e+03
8.365416602866000176e+03
9.067287775495329697e+03
9.070932430455119174e+03
7.838502766184832581e+03
8.869174304431864584e+03
8.706180417857365683e+03
9.043565510995451405e+03
8.109403064940775948e+03
9.087493729529227494e+03
8.862978025582913688e+03
8.717971300363806222e+03
8.924844878030336986e+03
9.136965192647796357e+03
7.900705280610384762e+03
9.035484466723937658e+03
8.439925479446166719e+03
9.156565417013309343e+03
8.665830988254703698e+03
8.964894866943572197e+03
8.572279998060019352e+03
9.088225426325625449e+03
9.160364904365967959e+03
8.502560214364526473e+03
8.506487428928125155e+03
9.112466386203090224e+03
8.929195535549002670e+03
8.601332527543847391e+03
8.295907886438355490e+03
7.545235530958902928e+03
9.027596344607263745e+03
8.032379725154566586e+03
9.112066094017911382e+03
8.823226567660394721e+03
7.983900570098893695e+03
8.826454049649653825e+03
8.143308718978192701e+03
9.056967172686419872e+03
8.566980790178160532e+03
9.056841547459091089e+03
8.722349547150031867e+03
9.076024073313565168e+03
9.054115503711491328e+03
8.736568481131369481e+03
9.079124186628225289e+03
8.703670473088037397e+03
8.280545270691085534e+03
8.973853398569539422e+03
8.965210108839193708e+03
9.107141498579319887e+03
8.357545427003440636e+03
8.534961123088156455e+03
8.717311218092074341e+03
9.077773830851390812e+03
8.192806108729260814e+03
8.683711309150628949e+03
8.955206590739053354e+03
8.911968458343419115e+03
8.677820576129577603e+03
8.562586464029187482e+03
8.838716044581949973e+03
8.686959654752849019e+03
9.119395239940973624e+03
7.875165137482683349e+03
8.889235382477014355e+03
8.840214644040661369e+03
9.094522826468943094e+03
8.555754853063701376e+03
9.051125672407306411e+03
8.277823945736119640e+03
8.979588297118114497e+03
9.129105841356451492e+03
8.990964246943189210e+03
8.967560694717372826e+03
7.417540631027524796e+03
8.525712639494055111e+03
9.030868245995518009e+03
8.059131976680091611e+03
9.070932430455119174e+03
9.093167673693460529e+03
9.036112053431917957e+03
8.823254554881541480e+03
9.034809094779306179e+03
8.950446489511392429e+03
8.927044413459938369e+03
8.430112833277080426e+03
8.046795660863308512e+03
8.644431666484964808e+03
8.609817458939485732e+03
9.110763264007735415e+03
8.878215611031846493e+03
8.882471582153135387e+03
9.150567934491762571e+03
7.381881149715472930e+03
8.907677641570184278e+03
9.163477438304425959e+03
9.031124604703541991e+03
8.095438012229634296e+03
8.822332912724548805e+03
9.132428876751579082e+03
9.149328657410991582e+03
9.032138997553947775e+03
8.979114193734341825e+03
8.883962131849797515e+03
8.391221161718869553e+03
8.741571757925683414e+03
8.403170462309275536e+03
8.290061161614406956e+03
8.317123600910079404e+03
8.673359205875891348e+03
8.358887475801064284e+03
8.893998977995803216e+03
8.180615634097778639e+03
9.087139793816646488e+03
8.288201005448579963e+03
7.985690874179364982e+03
8.594582944558605959e+03
8.985790359246409935e+03
8.802508801358768324e+03
9.100368218873896694e+03
9.138987764119050553e+03
8.308743674523375375e+03
8.624960184794485031e+03
8.696934820309410497e+03
8.910647761385500417e+03
9.044730326234981476e+03
8.370001343075084151e+03
9.009081168953280212e+03
9.085988416679840157e+03
8.694157928911252384e+03
9.149508404216117924e+03
8.611631994198283792e+03
8.065396716037404985e+03
7.906307762940658904e+03
8.866919092436477513e+03
8.917475468644403009e+03
8.885335010013459396e+03
8.747219316203560084e+03
9.107523666174482059e+03
8.858131113336501585e+03
8.551160327942136064e+03
8.732725611360916446e+03
9.091272970876798354e+03
9.159170641714896192e+03
9.110369073591073175e+03
8.185290428053164760e+03
9.021743712356697870e+03
9.089408620878282818e+03
8.525161454085711739e+03
8.913967402795926319e+03
8.654640884146443568e+03
8.324704401019927900e+03
8.445865341234526568e+03
8.524664221638413437e+03
7.978860664800579798e+03
9.039391896688739507e+03
9.034492027127569600e+03
9.154763533027666199e+03
9.034942766781487080e+03
9.112234792164977989e+03
8.789236005602091609e+03
8.165469650122593521e+03
8.972022987332213233e+03
8.670026602860485582e+03
8.079727055503536576e+03
8.856856699091940754e+03
8.907677641570184278e+03
8.558192376176142716e+03
8.882515394563592054e+03
8.232592659181229465e+03
7.561465707086258590e+03
9.103600615813636978e+03
9.056498974660968088e+03
9.010201085263317509e+03
8.513635351681583415e+03
7.832357102354121707e+03
8.862471234760931111e+03
8.893497871859213774e+03
8.952468187247415699e+03
8.852381369595063006e+03
8.551972893748996285e+03
9.102992439448196819e+03
8.945755246349155641e+03
9.060297519043684588e+03
8.786432264307291916e+03
8.480158730191566065e+03
9.016658717737234838e+03
8.223698811539348753e+03
8.344717064003545602e+03
8.836280483376940538e+03
8.938970617786617368e+03
7.874854094042678298e+03
9.120770164198544080e+03
9.153842092597606097e+03
8.548361041052925430e+03
9.127925462714134483e+03
9.062905217242701838e+03
8.818256933207125257e+03
8.393304181761639484e+03
9.162962564732704777e+03
8.768918536162780583e+03
9.122984451808832091e+03
9.057860654649732169e+03
7.909150964805888179e+03
8.999056349202597630e+03
8.810730891324090408e+03
8.368691532744229335e+03
9.069776244973094435e+03
8.669630045688671089e+03
9.050734401103729397e+03
8.944784557875078463e+03
9.169825136386905797e+03
9.150185178756375535e+03
9.045817449557867803e+03
7.821760915829047917e+03
9.059138257193875688e+03
8.628922103696615522e+03
8.316019563041199945e+03
8.634326264664101473e+03
8.757431048906257274e+03
8.261587315081604174e+03
8.049909231325698784e+03
8.864805638490450292e+03
8.842776554250116533e+03
8.500759357041120893e+03
8.935701558941836993e+03
8.541876343200568954e+03
8.859913124223641717e+03
8.797293838931069331e+03
8.590097753909687526e+03
9.029473893311729626e+03
8.936021914775996265e+03
9.079389011429650054e+03
9.072318732943662326e+03
8.284450270473311321e+03
8.399765150113575146e+03
8.629684433711590827e+03
8.974036962371494155e+03
9.020429570844622504e+03
8.788436862649301474e+03
8.783319213651557220e+03
8.625239686073895427e+03
8.838426715585846978e+03
8.860511926255639992e+03
8.839942694943812967e+03
9.152325168482999288e+03
9.062905217242701838e+03
8.924473187058898475e+03
8.813222821369203302e+03
8.441112064106666367e+03
8.609817458939485732e+03
9.054537579753832688e+03
8.659141496585529239e+03
8.576804703221227101e+03
8.511284554879661300e+03
9.064599628213249161e+03
8.886964673864822544e+03
8.994545379004972347e+03
9.123657644966919179e+03
7.847420706414375672e+03
9.172794208986586455e+03
9.076228300595594192e+03
9.058743528181861620e+03
8.947226085438427617e+03
7.771385533712797042e+03
8.117042178510992017e+03
9.024573995622156872e+03
7.976947068295639838e+03
9.164192980488665853e+03
8.845037442568433107e+03
8.483096546658578518e+03
8.533845538892410332e+03
8.940592000647624445e+03
7.936896779323117698e+03
8.872320471966899277e+03
8.674978353119804524e+03
9.030358191587090914e+03
8.585414348925038212e+03
8.309455960035229509e+03
8.448423389316008979e+03
8.279519860897096805e+03
8.426166990512903794e+03
8.574784393988593365e+03
7.947992661161396427e+03
8.630150421520052987e+03
8.766323517264541806e+03
9.034277418979027061e+03
8.668377255573523144e+03
8.496793895926848563e+03
9.059835276255753342e+03
8.769350647453298734e+03
9.173554729119197873e+03
8.873466344577776908e+03
8.790544617262548854e+03
9.011471467847011809e+03
8.286663574813042942e+03
9.136658386355626135e+03
7.501424656236515148e+03
9.144696624800277277e+03
9.112529408309506834e+03
8.582295844449618016e+03
9.147046642808336401e+03
8.117900960280177060e+03
8.584692274829223607e+03
8.483054840417154992e+03
8.757962372064801457e+03
8.572461421829770188e+03
8.966802454049313383e+03
8.278841943109278873e+03
8.538669873925953652e+03
8.728810304620688839e+03
8.357545894978864453e+03
9.131349237513990374e+03
8.228655208784308343e+03
8.856652389986471462e+03
8.987971948875037924e+03
8.760175683695622865e+03
8.608576411475798523e+03
8.771592871454999113e+03
8.276327838946155680e+03
8.405842460150730403e+03
8.269055673092945653e+03
9.054125220146801439e+03
9.145546111800631479e+03
8.595178787300652402e+03
8.588874516555639275e+03
8.423332500160398922e+03
8.930341060301734615e+03
8.668072867528793722e+03
9.166785827180825436e+03
7.590883678926580615e+03
8.102462123402554425e+03
9.158467854237922438e+03
8.301409601214571012e+03
8.921043197191042054e+03
8.606246954566906425e+03
8.561736460810519930e+03
8.261228948398680586e+03
8.683621068313244905e+03
8.577383388171758270e+03
7.790434603050307487e+03
8.869325983174585417e+03
9.106686374594264635e+03
8.834027528734797670e+03
8.903282824144956976e+03
8.828090115352159046e+03
8.610221458163483476e+03
9.134959524254114513e+03
8.611554080643349153e+03
8.722583044647164570e+03
8.716242333361687997e+03
8.686811929216921271e+03
8.978595726443280000e+03
9.117347512212380025e+03
8.520458291240611288e+03
9.015555743610642821e+03
9.134959524254114513e+03
7.253407481576405189e+03
9.115637643693538848e+03
7.970446885590434249e+03
8.838997086172988929e+03
8.264067934437447548e+03
8.447938431220321945e+03
8.853307675538560943e+03
8.812614413733521360e+03
9.166220333426723300e+03
9.064579598864984291e+03
8.785048333599283069e+03
8.603487915645289831e+03
9.071041707507925821e+03
8.477765026623867016e+03
7.667146735569813245e+03
8.911529935755330371e+03
8.414342803843263027e+03
8.746066776476449377e+03
8.440642793037506635e+03
9.024110744012448777e+03
8.929195535549002670e+03
7.704094169916011197e+03
9.118358353084620830e+03
8.466744514355963474e+03
8.653351471134012172e+03
9.164792125891985052e+03
8.798135511866561501e+03
7.558904875815656851e+03
8.699573940296822911e+03
8.665161244757469831e+03
8.741441682729629974e+03
9.165678510577450652e+03
8.651024277579972477e+03
8.006872109581025143e+03
9.163097679479331418e+03
8.749577687412616797e+03
7.856446494367981359e+03
