5.238615193612329676e+03
5.176148936745388710e+03
5.200414949822938070e+03
5.181513204423696152e+03
5.209847891242364312e+03
4.772267671353420155e+03
5.192512828801569412e+03
5.144088045177756612e+03
5.056934729750834776e+03
5.041760996724767210e+03
5.019106037605945858e+03
5.102723247041432842e+03
5.174122084585102129e+03
5.222762292030356548e+03
5.212958035782561637e+03
5.172004915561220514e+03
5.177806259607020365e+03
5.179572749741700136e+03
4.913071386211470781e+03
5.142831861328017112e+03
5.199868941270186042e+03
5.172850802702401779e+03
5.227937987004940624e+03
5.212430108464493060e+03
5.240391726739211663e+03
4.963942467093751475e+03
5.199150260044122660e+03
5.167722064346227853e+03
5.123971759208201547e+03
5.224176705838692214e+03
5.101932347081464286e+03
5.204863926904937216e+03
5.151209532281387510e+03
5.232920082845335855e+03
5.143584027666358452e+03
5.201374323685609852e+03
5.223225360982542043e+03
5.198794555378793120e+03
5.217791498965203573e+03
5.158382681134188715e+03
4.973579574853909435e+03
5.169148505922088589e+03
5.219985418565578584e+03
5.180533316550809104e+03
4.843508059362309723e+03
5.047099551859052553e+03
5.206628344883349200e+03
5.160094283921092028e+03
5.140565793903200756e+03
5.209053434790876054e+03
5.145299233091154747e+03
5.172681074811792314e+03
5.135075550471211500e+03
5.215529461933680068e+03
5.069775192367028467e+03
5.231053615696637280e+03
5.219124596706233206e+03
5.074564488073207031e+03
5.213874671517143724e+03
5.237904112688915120e+03
4.943937716923732296e+03
5.072649938731339716e+03
5.179440752890600379e+03
4.923851127517415080e+03
4.945989027186911699e+03
5.205467065456057753e+03
5.131430380308283929e+03
5.204644533814349415e+03
5.208079961354385887e+03
5.229721905396105285e+03
5.158664168805373265e+03
4.999981467018178591e+03
5.231426152409525457e+03
5.192221424804932212e+03
5.153901646536756743e+03
5.230449412659559130e+03
5.010268295060541277e+03
5.215345170388154656e+03
5.188163217639430513e+03
5.018869320166267244e+03
5.144335966261025533e+03
5.150521777061940156e+03
5.210504228645129842e+03
5.005405512702193846e+03
5.055319293712233048e+03
5.022821046380706321e+03
5.160707160815564748e+03
5.172004915561220514e+03
5.209215721446670614e+03
5.123328685783051696e+03
5.051226845177265204e+03
5.212032944316859357e+03
5.194837225930294153e+03
4.772267671353420155e+03
5.175067965429283504e+03
5.219558707390462587e+03
4.985260051728717372e+03
5.051317870522576413e+03
5.104361223672643973e+03
5.231553864948335104e+03
5.010253832521280856e+03
5.173356161665915351e+03
5.018816654463689702e+03
4.894474211598268084e+03
5.213530809865412266e+03
5.036671983563293907e+03
5.095911681436758045e+03
4.832869610710118650e+03
5.160143682079802602e+03
5.192646145537373741e+03
4.868047575389295162e+03
5.166818427527296080e+03
5.198305739903468748e+03
4.931002868332921025e+03
5.018231178122234269e+03
5.009077549192830702e+03
4.991250678073794006e+03
5.116221318085727034e+03
5.127464826589850418e+03
4.969615442931106372e+03
5.178185965378885157e+03
5.173020826906850743e+03
5.219306331445743126e+03
5.131750318855888509e+03
4.970225585591202616e+03
5.207908678733123452e+03
5.238618229334225362e+03
5.216775841221189694e+03
5.182182930838735956e+03
4.863463659572972574e+03
5.127095757069373576e+03
5.198550834179784033e+03
5.166706773141863778e+03
5.209518891791007263e+03
5.129769794324540271e+03
5.153344877498489041e+03
5.172004915561220514e+03
5.183540360054767007e+03
4.856570550391928919e+03
5.232425115550346163e+03
5.133414266881693038e+03
5.118446589212509934e+03
5.200654787025796395e+03
5.192019922711700929e+03
5.018231178122234269e+03
5.169366472804253135e+03
5.070694440620840396e+03
5.216747189909609915e+03
5.212654899724388997e+03
5.129871798768481312e+03
5.230593413969456378e+03
4.875365626767768845e+03
5.232315062166843745e+03
4.989868155058473349e+03
5.215271539147586736e+03
5.011585529801116536e+03
5.169272250870335483e+03
5.171674590200679631e+03
4.715839819853202243e+03
5.052563400301341971e+03
5.088068179684201823e+03
5.169338103428191971e+03
5.120400748522322829e+03
5.093656687709703874e+03
5.146865725295857374e+03
5.176657329108084014e+03
5.004916808786322690e+03
5.223232436181710909e+03
5.163096636406658035e+03
4.928342765713474364e+03
5.194474676202884439e+03
5.041617766921649491e+03
5.123035515929508620e+03
5.238488861843678933e+03
5.198224563057214255e+03
5.215039697993732261e+03
5.224959307771307067e+03
5.139907416748603282e+03
5.225462136241679218e+03
5.181246197669202047e+03
5.096040533718735787e+03
5.230541329827969093e+03
5.007761169516217706e+03
5.181383771605567745e+03
5.132842242915148745e+03
5.209438800807367443e+03
5.036275723109423780e+03
5.043244625021378852e+03
5.042387904767924738e+03
5.198947679259383222e+03
5.109589206425971497e+03
4.962817127071466530e+03
5.157492105035923487e+03
5.239526713526989624e+03
5.158046371975457077e+03
5.178461029810319815e+03
5.158635024601896475e+03
4.918885746281001047e+03
5.131318669698111989e+03
5.137654565129868388e+03
5.221184697244747440e+03
5.205826391281282667e+03
5.122498535502000777e+03
5.000321140993116387e+03
5.180390088968028067e+03
5.154590219070165404e+03
5.142960718518885187e+03
5.081443432625675996e+03
5.134902705399674232e+03
5.033303945764557284e+03
5.125871476445696317e+03
5.217512141298532697e+03
5.190063464538028711e+03
5.231746405193172905e+03
5.130894367760141904e+03
5.220344458812836820e+03
5.169537606251644320e+03
5.166099205049356897e+03
5.164365598303106708e+03
5.225578289147697433e+03
5.078084041136155065e+03
4.989628272748046584e+03
5.158770994091130888e+03
5.237848431157201958e+03
5.171705938490782501e+03
5.186434222689147646e+03
5.219870948865011087e+03
5.128881353279140058e+03
5.201838220584586452e+03
5.199960023053417899e+03
5.229748919145808031e+03
5.195721723052798552e+03
5.148429635157075609e+03
4.956349112557249100e+03
5.215345170388154656e+03
5.179535512217538781e+03
5.122654231608623377e+03
5.201694398929967974e+03
5.125073162392778613e+03
5.185610764176028169e+03
4.952415218534671112e+03
5.150143932511113235e+03
5.143226419366739719e+03
5.213359427737785154e+03
5.123584875707027095e+03
5.090567671364045964e+03
5.223667880962532763e+03
5.187917471602021578e+03
5.182968102339566030e+03
5.125902598602147009e+03
5.217180429722529880e+03
5.224750351852560016e+03
5.174322175037124907e+03
4.962817127071466530e+03
5.134062371279673243e+03
5.148041831708469545e+03
4.994006909922101840e+03
5.174138873433547815e+03
5.144890066100680087e+03
5.113685792393423981e+03
5.062602599124828885e+03
5.178651805003186382e+03
5.142081872160068997e+03
5.141110457955978745e+03
5.210167055773006723e+03
5.066494430556923362e+03
5.209377420305765554e+03
5.223328402344716778e+03
5.182456247157637335e+03
5.235185580205285078e+03
5.011976588803856430e+03
5.207322397663489028e+03
5.179180082290646169e+03
5.213278943063885890e+03
5.240612061962094231e+03
5.214525963765167035e+03
5.166318247028226324e+03
5.234183114428283261e+03
5.149764456176595559e+03
5.240391726739211663e+03
4.952415218534671112e+03
5.055470142606072841e+03
5.220570226404379355e+03
5.223667880962532763e+03
5.186468004946878864e+03
5.112174030606114684e+03
5.181037879075107412e+03
5.231008879556207830e+03
5.236696155858800012e+03
5.224233153502231289e+03
5.202676740477401836e+03
5.232429679935284184e+03
5.157532594709393379e+03
5.206402358101372556e+03
5.020427340566258863e+03
5.164142135923050773e+03
5.189458195188959508e+03
5.194144848286694469e+03
5.038236527677043341e+03
5.168172558149944962e+03
5.187224285261981095e+03
5.189949538357835081e+03
4.997355409096577205e+03
5.128299635005705568e+03
5.015035853541732649e+03
5.174889343894992635e+03
5.090630199503197218e+03
4.894275291785990703e+03
5.064608989583568473e+03
5.118232391020163050e+03
5.239570603338899673e+03
5.131812917754824412e+03
4.920606132019759571e+03
4.969634618346534808e+03
5.148108401740952104e+03
5.151892720277890476e+03
5.141074135252382803e+03
5.167192184478211857e+03
5.064597466770806932e+03
4.968573340642624316e+03
5.212794855409019874e+03
5.201397031426406102e+03
5.168648523464821665e+03
5.162769944762729210e+03
5.106723083435498665e+03
5.188164499271956629e+03
5.092707114130867922e+03
5.133973702115579727e+03
5.161998516507915156e+03
5.127479603042873350e+03
5.183855495137814614e+03
5.103476357540230310e+03
5.177047096388429054e+03
5.226684334542906072e+03
5.213299227699698349e+03
5.123584875707027095e+03
5.186378133718712888e+03
5.193169739064576788e+03
5.114173109129003933e+03
4.911316258211854802e+03
5.212590842201264422e+03
5.138737763283945242e+03
4.912433995188593144e+03
5.210581094131508507e+03
5.171967229822196714e+03
5.236908331669661493e+03
4.861006920233464371e+03
5.084952309806131780e+03
5.228941822765651523e+03
4.893209291717294036e+03
5.207986799405256534e+03
5.224761863160363646e+03
5.104769492255909427e+03
5.237050651806226597e+03
5.004346311778269410e+03
5.202184736673320003e+03
5.217201060579498517e+03
5.174948418452588157e+03
5.198794555378793120e+03
5.134479200098169713e+03
5.159507723958436145e+03
5.191787957821963573e+03
5.187318264630636804e+03
5.237797247175392840e+03
5.207052181544339874e+03
5.221824222935356374e+03
5.230001317479666795e+03
5.230724995694605241e+03
5.238243882600907455e+03
5.185996311246242840e+03
5.051471961080005713e+03
5.183955274848033696e+03
5.092060196338620699e+03
5.230103625171491331e+03
5.212899914934827393e+03
5.186213315804792728e+03
5.144357286406313506e+03
5.149304968904752968e+03
5.128796490488241943e+03
5.134531726634430015e+03
5.191372163027327588e+03
5.151520005565098472e+03
5.164801870674130441e+03
5.219008384914470298e+03
5.006893280804087226e+03
5.219767871648799883e+03
5.073781602398303221e+03
5.086408579912834284e+03
5.162312979018073747e+03
5.220798199605898844e+03
5.117935199591585842e+03
5.202676740477401836e+03
5.087561069233583112e+03
5.117760264795330841e+03
5.124553895998838925e+03
5.185485641811183996e+03
5.123844345712825088e+03
5.100439515058506004e+03
5.229565467399477711e+03
5.190613261398410032e+03
5.203109469887021078e+03
5.200493121905891712e+03
5.197766134902138219e+03
5.024713015254219499e+03
5.240605583510323413e+03
5.145469278908468368e+03
5.137951581914832786e+03
5.181831996851218719e+03
5.183262471211052798e+03
5.222819543357369184e+03
5.188447139804087783e+03
5.233692762271444735e+03
4.908302585403755984e+03
5.134892146527829027e+03
5.217590431983016970e+03
5.178394832152695926e+03
4.941541835787840682e+03
4.997355604423300974e+03
5.152369274668506478e+03
5.201354132941172793e+03
5.139023657664025450e+03
5.189384727891979310e+03
5.223134274705429561e+03
5.165498638045376538e+03
5.066394037759500861e+03
5.182397403844023756e+03
5.046154014855999776e+03
5.101409242069885295e+03
5.026542097320594621e+03
5.186283733153695721e+03
5.193961868625900024e+03
5.223810114198398878e+03
5.026542374746964924e+03
5.218228459734793432e+03
5.219620069092712583e+03
5.138760478976493687e+03
5.204963189499711916e+03
5.204402403125986893e+03
5.156551955160475700e+03
5.163339314449063750e+03
5.213393727420092546e+03
5.196018300719670151e+03
5.156080852598482124e+03
5.191780030667813662e+03
5.195989068069695350e+03
5.240593328778844807e+03
5.171302289312668108e+03
5.130335864713506453e+03
5.125494768812559414e+03
5.141691682800594208e+03
5.120507207759703306e+03
5.203109469887021078e+03
4.965670262940762768e+03
5.102050123683622587e+03
5.211496983609421477e+03
5.044255651301990838e+03
5.079616414078791422e+03
5.073561263859502105e+03
5.194352144622162086e+03
5.018949882304526909e+03
5.046169363707265802e+03
5.116887746828051604e+03
5.079125755575169933e+03
5.008061340488382484e+03
5.221483512385268114e+03
5.222484597949792260e+03
5.033412610027881783e+03
5.228659383042915579e+03
5.151992069777887082e+03
5.024539091783183721e+03
5.183032912381289862e+03
5.051173298054343832e+03
5.223427902536162037e+03
5.155249659172817701e+03
5.147031080672179087e+03
5.196238476040593014e+03
5.240492568483619834e+03
5.240534828913762794e+03
5.092996747736629914e+03
5.204570364345374401e+03
5.191467926401219302e+03
5.201534446291725544e+03
5.201165350390690946e+03
5.180175789282695405e+03
5.212733986306520819e+03
5.217791498965203573e+03
5.222070517637845114e+03
5.236098040743077945e+03
5.087036209668603078e+03
5.009191742799817803e+03
5.236123003600941956e+03
5.201035417776033682e+03
5.212151652404999368e+03
5.179770014534005895e+03
5.216057305602411361e+03
5.112199242819498977e+03
5.218228459734793432e+03
5.065245975361995079e+03
5.218972489944604604e+03
5.133347728371780249e+03
5.140094968896204591e+03
5.210774491390844560e+03
5.115737950881695724e+03
5.240744216295543083e+03
5.176657329108084014e+03
5.198011853746618726e+03
4.989858308295927600e+03
5.223296013570467949e+03
5.165457905358806784e+03
4.926118842118812609e+03
5.239664815018148147e+03
4.923969595556141940e+03
5.226835981123072997e+03
4.947668196890139370e+03
5.193368089922169020e+03
5.163035108739247335e+03
4.797087244570402618e+03
5.146349004752167275e+03
5.238964774136758024e+03
5.205386715303930032e+03
5.233168167161275960e+03
5.225068200778723622e+03
5.228980598287606881e+03
5.181283824899835963e+03
5.201825499273280002e+03
5.220271326921591935e+03
5.231282143152891877e+03
5.065245975361995079e+03
5.178885790247863042e+03
5.236210703429514069e+03
5.187116317857620743e+03
5.223530153421856085e+03
5.129541038943580133e+03
5.210902509242305314e+03
5.152784120625306969e+03
4.932235782631471920e+03
5.164772043237624530e+03
5.026542374746964924e+03
5.222249085179066242e+03
4.988017725468394929e+03
5.194951963602137766e+03
5.231310995377087238e+03
5.095466519284764217e+03
5.159705131579157751e+03
5.008738714537217675e+03
5.144890066100680087e+03
5.238641024446505980e+03
5.005248982151485507e+03
5.220877126504185071e+03
4.992588497111689321e+03
5.188447139804087783e+03
5.030046076574171821e+03
5.112511084938457316e+03
5.167509672287318608e+03
5.219516395205208937e+03
5.171074933808154128e+03
5.078629359363552794e+03
5.167105552259290562e+03
5.227002415614492747e+03
5.172004915561220514e+03
4.996609649001597063e+03
5.114717079211433884e+03
5.087418157535086721e+03
5.235031260531901353e+03
5.207357914295882438e+03
4.887473544149715963e+03
5.004695399428799647e+03
5.197333165031155659e+03
5.107151048001770505e+03
5.232318105475535049e+03
5.123725586965367256e+03
5.161360329568611633e+03
5.231869352957334740e+03
5.111787327268293666e+03
5.211210660133772762e+03
4.866687274750725919e+03
5.221568805193326625e+03
5.224246485520455280e+03
5.236305453083232351e+03
5.030547100979318202e+03
5.084551461092378304e+03
5.233150778605804589e+03
5.001279250672733724e+03
4.922104101627095588e+03
4.993823863324716513e+03
5.152862925087852091e+03
5.216389257273720432e+03
5.095473179902304764e+03
5.220668425606316305e+03
5.064031135579461989e+03
5.240997833469357829e+03
5.221184697244747440e+03
5.189229723540257510e+03
5.216057305602411361e+03
5.237157326650087271e+03
5.164372528089365005e+03
4.873689363464980488e+03
5.220995882095880006e+03
5.163223097886620963e+03
5.114555773012223653e+03
4.980892269599280553e+03
5.072055475000083788e+03
5.135579505076778332e+03
5.098498818287442191e+03
5.156822787244065694e+03
5.219182081176389147e+03
5.182198157832815923e+03
5.128011446169930423e+03
5.086614238960040893e+03
5.162129645894645364e+03
5.107827420847490430e+03
5.231576245051802289e+03
5.208656042375640936e+03
5.160312617581622362e+03
5.076031132773977333e+03
5.158239804565040686e+03
4.928035172805668481e+03
5.236112744738440597e+03
5.182612407962473299e+03
5.065493123330501476e+03
5.232121494047822125e+03
5.000693978747610345e+03
5.166629722807372673e+03
5.105098626072356637e+03
5.055279052281371150e+03
5.233474626195627934e+03
5.179311488107990954e+03
5.224491295406691279e+03
5.234890435029197761e+03
5.158667912404640447e+03
5.217999850338375836e+03
5.204459812712777421e+03
5.113972992657509167e+03
5.178082144096199045e+03
5.116330579134900290e+03
5.107070263376107505e+03
5.222406329725416072e+03
5.181463342095998087e+03
5.195329321607022393e+03
5.197388295627066327e+03
5.168786552422361638e+03
5.234560219982367926e+03
5.229057664751920129e+03
5.019790680994882678e+03
5.188759833048764449e+03
5.109948745145705288e+03
5.239685271003183516e+03
5.082135460472491104e+03
5.118742234088472287e+03
5.140615322162535449e+03
5.203013141164204171e+03
5.209128838792678835e+03
5.149086153871594433e+03
5.068879642907408197e+03
5.185420046622301015e+03
5.227316062440648238e+03
5.177084126922128235e+03
5.165234464369647867e+03
5.142039434159380107e+03
5.214756780282084947e+03
5.124545587346186949e+03
5.189949538357835081e+03
5.133322397851214191e+03
4.989797509090733911e+03
5.106616878038994400e+03
5.120957319129482130e+03
5.026004923763171064e+03
5.143074623438187700e+03
5.169210269620484723e+03
5.157404792465837090e+03
5.081227541683698291e+03
5.091340030866875168e+03
5.164496351097394836e+03
5.108762325567306107e+03
5.164609550383920578e+03
5.232172217588040439e+03
5.224903661648690104e+03
5.158196340258062264e+03
5.030490867802162029e+03
5.159446525168161315e+03
5.204382607358970745e+03
5.090975904540573538e+03
5.131858503390405531e+03
5.215431261791363795e+03
5.230555930130627530e+03
5.096321779327236982e+03
5.047985817277014576e+03
5.240769967535820797e+03
5.186294180963372128e+03
5.200356360677343218e+03
5.153584176132058019e+03
4.939163028901518373e+03
5.176202200365047247e+03
5.202959541890127184e+03
5.050913930492177315e+03
5.133747478424487781e+03
5.207704140855825244e+03
5.227807722393422409e+03
5.150183968473216737e+03
5.138673742719169240e+03
5.082905893498360456e+03
5.221835501428889984e+03
5.162769944762729210e+03
5.167917399758437568e+03
5.189207702274694384e+03
5.147444468993478040e+03
5.171485017657132630e+03
5.160667169268483121e+03
5.219812745067074502e+03
5.113545260289562066e+03
5.225795813948028808e+03
5.119550664673546635e+03
4.904237052026458514e+03
5.196381247704760426e+03
4.843313181349767547e+03
4.997850874231843591e+03
5.230072242051640387e+03
5.230551114435757881e+03
5.188356018139938897e+03
5.195587482951432321e+03
5.234392327592557194e+03
4.982523990109566512e+03
5.004389847247100079e+03
5.232311678225914875e+03
5.157071375702958903e+03
5.183671766539705459e+03
5.184088267015016754e+03
5.101244137588535523e+03
5.158540467774530043e+03
5.241048819998026374e+03
5.227835892453074848e+03
5.147931446521488397e+03
5.177174013846368325e+03
5.237332395344068573e+03
5.192118473353717491e+03
5.218504793893956958e+03
5.205467065456057753e+03
5.180716084728530404e+03
5.144890066100680087e+03
5.108071884841679093e+03
5.057263221449779849e+03
5.179408716415739036e+03
5.229004805276757907e+03
5.224016251683084192e+03
5.234790909819097578e+03
4.806100462520933434e+03
5.184487013299023602e+03
5.051684913044898167e+03
5.141046710998682101e+03
5.136006269280826928e+03
5.075594107759282451e+03
5.109671630152921352e+03
5.036666709305165568e+03
5.145203515642775528e+03
5.167151783575869558e+03
5.160735623857484825e+03
5.033122809129328743e+03
5.114365098390366256e+03
5.208095736534688513e+03
5.158350825571993482e+03
5.123028711939825371e+03
5.185760417911773402e+03
5.221573383456468946e+03
5.217109274754851867e+03
5.231795289053705346e+03
5.165843467176331615e+03
5.165773281069024961e+03
5.211883091247809716e+03
5.213053664379149268e+03
5.185349410662381160e+03
5.011416760501721001e+03
5.185676204388171755e+03
5.193597419004354379e+03
5.217788814476522020e+03
5.214063980012278989e+03
5.052563400301341971e+03
5.228520495557419054e+03
5.126002504156981558e+03
5.106676863282638806e+03
5.220380987480077238e+03
5.216050835246428505e+03
5.134800693845700152e+03
5.218305096344968661e+03
5.149939174840339547e+03
5.132486233991267000e+03
5.225149502020874934e+03
5.188304260343479655e+03
5.209795481361126804e+03
5.205077028879629324e+03
5.043812416395633591e+03
5.046212262430328337e+03
5.052339698898159440e+03
5.103531315435464421e+03
5.218584923110607633e+03
5.050616828444259227e+03
5.167425317122851084e+03
5.172789704228359369e+03
5.158193416398564295e+03
5.052563400301341971e+03
5.189901124670992431e+03
5.177981707933889993e+03
5.228645715297634524e+03
5.054682511349544257e+03
5.217312281512426125e+03
5.140140469501753614e+03
5.213098428478648202e+03
5.100960458317751545e+03
5.187908568246411050e+03
5.228429747050333390e+03
5.165099176172238003e+03
5.160167722553157546e+03
5.195103933992653765e+03
5.230103625171491331e+03
5.178339128303114194e+03
5.227917930244260788e+03
5.157071375702958903e+03
5.078293643072393934e+03
5.202452570440465024e+03
5.233158380255948941e+03
5.214496514204653067e+03
4.942961459269570696e+03
5.232873464644216256e+03
5.112844826005757568e+03
5.118606168421460097e+03
5.069541294968728835e+03
5.220997793170745354e+03
5.229419676520403300e+03
5.219393318037319659e+03
5.194976844997772787e+03
5.155894012024813492e+03
5.030277283803638966e+03
5.086157347900855711e+03
5.011108091191532367e+03
5.231051833968879691e+03
5.214281704348202766e+03
4.987838918507669405e+03
5.128796490488241943e+03
5.233158380255948941e+03
5.209840539464976246e+03
5.234535871724783647e+03
5.111864995013558655e+03
5.119281565305079312e+03
5.206184372842790253e+03
5.227635258089828312e+03
5.088986539529007132e+03
5.151583700203850640e+03
5.223742954462810303e+03
4.989387316573395765e+03
5.068351683800240608e+03
5.189761204057396753e+03
5.169259914513977492e+03
5.042178027985371045e+03
5.164409293827586225e+03
5.169293666756193488e+03
5.187917471602021578e+03
5.100599496789600380e+03
5.051684913044898167e+03
5.076701921567762838e+03
5.236279962493002131e+03
5.182247741093291552e+03
5.112737856298183033e+03
4.953832292368535491e+03
5.063098645491334537e+03
5.101166044784471524e+03
5.113599747796674819e+03
5.001055128974057880e+03
5.222742002681659869e+03
5.086144518178077305e+03
5.171282272083972202e+03
5.199450189107023107e+03
5.239841205828954116e+03
4.977592794613252408e+03
5.116593938457206605e+03
5.231287645435073500e+03
5.234132653739294256e+03
5.223302706103577293e+03
5.230777745855213652e+03
5.092421936670521063e+03
5.058299317023733238e+03
5.220812528341773941e+03
5.144405865720257680e+03
5.064717616684749373e+03
5.045492420305479754e+03
5.229908838575993286e+03
5.162905072614956225e+03
5.111363825812279174e+03
5.095686748501995680e+03
5.068117126286558232e+03
5.224474890259383756e+03
5.235321159754153996e+03
5.225123514715849524e+03
5.130296531881518604e+03
5.107835063117981917e+03
5.225373887093298436e+03
5.209981792341319306e+03
5.165395170378091279e+03
4.984813500904668217e+03
5.176975014619858484e+03
5.177669542953170094e+03
5.207486801951128655e+03
5.219235794470158908e+03
5.124909731667428787e+03
5.183771817732858835e+03
5.164794849796227936e+03
5.085814570752769214e+03
5.136167966936111043e+03
5.217821042509067411e+03
5.206851153455532767e+03
5.161169127152054898e+03
5.172545291475087652e+03
5.058630960740426417e+03
5.180033312272887997e+03
5.232887751353891872e+03
5.217177344657179674e+03
5.057446697632498399e+03
5.166622576747819039e+03
5.236606420221521148e+03
5.180367119356159492e+03
5.231677188991111507e+03
5.187236444896274406e+03
5.219861083640577817e+03
5.160957760037414118e+03
5.216816107480937717e+03
5.136082738588863322e+03
5.098707628506188485e+03
5.120666869893328112e+03
5.209270009796411614e+03
5.160022201118931662e+03
5.235233098494874866e+03
5.228089965904810015e+03
5.158664168805373265e+03
5.221647785005969126e+03
5.118751912333872497e+03
5.160192885414229750e+03
5.084985972792308530e+03
5.055382420768515658e+03
5.204932956377813753e+03
5.005418833087969688e+03
5.229860278426996047e+03
5.205182187227783288e+03
5.083021213680285655e+03
5.207200193892054813e+03
5.139085276381840231e+03
5.189887295520089538e+03
5.135535047620545811e+03
5.175940771795951150e+03
5.197960351984994304e+03
5.240580960150326064e+03
5.063486253531113107e+03
5.208252718809972976e+03
5.212919795743233408e+03
5.105685118179981146e+03
5.046655349705847584e+03
5.237800240809174284e+03
5.162968718038689985e+03
5.198187354325038541e+03
5.071804090191060823e+03
5.117927144686133033e+03
5.195775827220588326e+03
5.164728911246643293e+03
5.199022826084084954e+03
4.777912440315136337e+03
5.237494296415750796e+03
5.082734733504523319e+03
5.121609345337695231e+03
5.169085075385231903e+03
5.211581721748510972e+03
5.203962493868059937e+03
5.155573397914471570e+03
5.143734195163577169e+03
4.928811017910392366e+03
5.074306636240193257e+03
5.233209277255904453e+03
5.086598191986223355e+03
5.214966249285237609e+03
5.221104699222463751e+03
5.194786315967901828e+03
5.226046911782536881e+03
5.179859549203999450e+03
5.225241449617701619e+03
5.195009516421123408e+03
5.223905369180516573e+03
5.112627601265743579e+03
5.214084465776272737e+03
5.045783939885590371e+03
5.239890855192949857e+03
5.221664263199931156e+03
5.137044008911938363e+03
5.125298264662940710e+03
5.237131603266361708e+03
4.780619070793076389e+03
5.222154949941217637e+03
5.116330579134900290e+03
5.198104907505789015e+03
5.191052178371658556e+03
5.065492537823061866e+03
5.194357854552124081e+03
4.949845038881318033e+03
5.051048009759717388e+03
5.237973698697395776e+03
