6.483370770262485166e+03
7.829965599075709179e+03
7.512949310776082712e+03
7.203724673233537033e+03
7.152582679077974717e+03
7.556544781987221540e+03
7.321250462678926851e+03
7.451395764801849509e+03
7.798781428994479938e+03
6.825298482424208487e+03
7.866990308217511483e+03
7.476087805453968031e+03
7.591951210914226976e+03
7.699192238308450214e+03
7.659953474016589098e+03
7.872879806728463336e+03
7.470751812510801756e+03
7.564756574271969839e+03
7.259924144982343932e+03
7.657441619984660974e+03
7.787280899891911758e+03
7.819314277591191058e+03
7.573644901520022358e+03
7.819101730881815456e+03
7.528670531448591646e+03
7.580402229768331381e+03
6.950631178482073665e+03
7.784456408110948360e+03
7.831834415684463238e+03
7.624821128990623038e+03
7.593008113650059386e+03
7.695767359981286063e+03
7.847641884648711311e+03
7.875966827884019949e+03
7.495263762761872385e+03
7.552361266364613584e+03
7.780318324574991493e+03
7.745093240953126951e+03
7.018150333588040667e+03
7.873050410337573339e+03
7.852877026155148087e+03
7.761335449971109483e+03
7.752018509672749133e+03
7.824966345096182522e+03
7.781274078247852231e+03
7.868801739813001404e+03
7.662060785871264670e+03
7.715843264474684474e+03
7.265712097694875411e+03
7.877976765393367714e+03
7.290043528047819564e+03
7.748984344679750393e+03
7.675912259666363752e+03
7.607964717644757002e+03
7.676949737639593877e+03
7.861906417832350598e+03
7.528670531448591646e+03
7.492276473315199837e+03
7.369698572298208092e+03
6.721547086969344491e+03
7.796761063535503126e+03
6.721792624086276192e+03
7.540697347248022197e+03
7.326833576309393720e+03
7.079583647808022761e+03
7.447602146441709920e+03
7.617213712052247502e+03
7.148315261378901596e+03
7.731421021285003917e+03
7.490810214147162696e+03
7.784090285542610218e+03
7.058655167531633197e+03
7.031579481630486043e+03
7.398162933925903417e+03
7.847721582871144165e+03
7.182893500608992326e+03
7.841304800469071779e+03
6.754233543279824517e+03
7.373449744077698597e+03
6.703386984124477749e+03
6.670909158612641477e+03
7.243099099829387342e+03
7.876009529787664178e+03
7.734888065156806988e+03
7.621992523264259944e+03
7.175813860309859592e+03
7.151830880079833150e+03
7.689132051055653392e+03
7.701467585296069956e+03
7.743733971453098093e+03
7.798618524279426310e+03
7.415003514087638905e+03
7.314743670690668296e+03
7.503760678658667530e+03
7.771924674099371259e+03
6.302383769003736234e+03
7.483673250785722303e+03
7.701467585296069956e+03
7.848237392580844244e+03
7.514753886742818395e+03
7.763442049185161522e+03
6.981809277129934344e+03
7.501220839901895488e+03
7.487766772109228441e+03
7.836870598740692003e+03
7.433225329140089343e+03
7.776400257848492402e+03
7.832589791995769701e+03
7.747560058100789320e+03
7.797972986443518494e+03
7.145046711764473002e+03
7.863922495476380391e+03
7.802072487538237510e+03
7.206632493337275264e+03
7.836381432282089918e+03
7.754592727427041609e+03
7.001683720210101455e+03
7.448770038868605297e+03
7.568172770946717719e+03
6.528551826312666890e+03
7.759004331149551945e+03
7.742518118395944839e+03
7.864036638885268076e+03
7.343871723439187917e+03
7.672398839871319069e+03
7.788685502294669277e+03
7.013604276240190302e+03
7.694983574828787823e+03
7.862453907938793236e+03
7.771929956932874120e+03
7.447014170327097418e+03
7.820332928642043044e+03
6.936619104884673106e+03
7.693134724418043334e+03
7.712393996051991962e+03
7.690762109778292142e+03
7.742712248788354373e+03
7.538786455384941291e+03
7.337190403147891629e+03
7.461428262186175743e+03
7.812614866948651979e+03
7.507415534099647630e+03
7.840992439958954492e+03
7.668960541980087328e+03
7.521383743799847252e+03
7.822952725084640406e+03
7.317315684803144904e+03
7.750888938237600996e+03
7.697043766532260634e+03
7.449307416996045504e+03
7.695172139413209152e+03
6.850678476594988751e+03
7.367111645546611726e+03
7.831489444276797258e+03
7.761398990500500076e+03
7.427121410678692882e+03
7.755464648511335326e+03
7.098273042778521813e+03
6.849857792331728888e+03
7.493704995163209787e+03
7.133502791478322251e+03
7.762421709702464796e+03
7.562726392872270480e+03
7.703044152120130093e+03
7.791854929486587935e+03
7.673453904727864938e+03
7.874920715822690909e+03
7.586579377585318070e+03
7.294988636859259714e+03
7.178439086825397681e+03
7.650071816679897893e+03
7.781760274552503688e+03
7.648977447845618372e+03
7.395787240614385155e+03
7.365927175186295244e+03
7.542931044768612082e+03
7.692509366272347506e+03
7.377368600550576957e+03
7.640221143807595581e+03
6.934819740563892083e+03
7.348964285964630108e+03
7.272456887631765312e+03
7.800311619055872143e+03
7.017746434211829182e+03
7.720197532857313490e+03
7.144354450439125685e+03
7.134053593832348270e+03
6.137052339059569931e+03
7.791893931284249447e+03
7.618980313895621293e+03
7.652387821216812881e+03
7.130557434637220467e+03
7.494668549042298764e+03
7.629140084114605997e+03
7.761090834989897303e+03
7.869982161714483482e+03
7.708359590469159230e+03
7.792909777265817866e+03
7.835208753890696244e+03
7.242816479643504863e+03
7.446848843795413813e+03
7.216840791061133132e+03
7.628216852411626860e+03
7.861906417832350598e+03
7.190281382400537041e+03
7.761058102784685616e+03
7.078231849950073411e+03
7.758477868019446760e+03
7.859030396538683817e+03
7.274659321472017837e+03
7.326845533376220374e+03
7.599247358857055588e+03
7.351449525315527353e+03
7.374962422539965701e+03
7.784928374318800707e+03
7.432469628208166796e+03
7.767845612534349129e+03
7.654728078120242571e+03
7.610090498678255244e+03
7.729869372288552768e+03
7.811674357826332198e+03
7.398667018997317427e+03
7.239466506896154897e+03
7.610668144558239874e+03
7.837987464155205089e+03
7.831531110899325540e+03
7.783214606083251056e+03
7.521149425446124951e+03
7.806311854337105615e+03
7.717636274443796538e+03
7.373522440073709731e+03
7.550490413431043635e+03
7.276547762397515726e+03
7.853007817283859367e+03
7.313374971282290062e+03
7.618706773958958365e+03
7.747939962360665049e+03
7.778906508588712313e+03
7.713893944359990201e+03
7.685168193906542001e+03
7.816361342450425582e+03
7.130591715695727544e+03
7.816080961270741682e+03
7.805983708677718823e+03
7.675340644844354756e+03
7.274994329523122360e+03
6.523694960295468263e+03
7.116843239388875190e+03
7.544152463042591990e+03
7.477058497019814240e+03
7.792693440565061792e+03
7.748625047778003136e+03
7.853007817283859367e+03
7.877302367349694578e+03
7.548167214271424200e+03
7.693441477518419561e+03
7.519784437268564034e+03
7.785076492895888805e+03
7.374962422539965701e+03
6.728781321986288276e+03
7.440350778221041764e+03
7.796162511307235945e+03
7.480783189285997651e+03
7.442172650080745370e+03
7.529472835717731868e+03
7.339533202046701263e+03
7.539589022242473220e+03
7.271495223502292902e+03
6.764040921402704043e+03
7.849808510452721748e+03
7.217474653626657528e+03
7.741624442926174197e+03
6.867120543321629157e+03
7.769885480476164958e+03
6.623937252693409391e+03
7.178956455205219754e+03
7.690206167902774723e+03
7.110948825946337820e+03
7.256889217250794900e+03
7.154765706486814452e+03
7.802239288292668789e+03
7.624799009613093403e+03
7.269642793130920836e+03
7.835650665755524642e+03
7.622733987742900354e+03
7.671851492610315290e+03
7.662387057027419360e+03
7.408655624270295448e+03
7.596719475367348423e+03
7.657938944845716833e+03
7.528670199682910606e+03
7.527054184490494663e+03
7.773168982048831822e+03
7.238352902912703939e+03
7.283482371906136905e+03
7.414385568589275863e+03
7.813748199663063133e+03
7.664429440791813249e+03
7.383947017775046334e+03
7.872352180937048615e+03
7.845832111374660599e+03
7.054430121279406194e+03
7.387662987053427059e+03
7.727398231664990817e+03
7.853031317909687459e+03
7.233581344611118766e+03
7.838909112503706638e+03
7.390297310799733168e+03
7.103606858307564835e+03
7.437978542357326660e+03
7.371279661178050446e+03
7.787923039831808637e+03
7.775665621375303999e+03
7.075412711950295488e+03
7.123757215791456474e+03
7.249606036498320464e+03
7.273684853202004888e+03
7.870045882986000834e+03
7.777635801086738866e+03
7.101685449638236605e+03
7.437632843707513530e+03
7.740947305217494431e+03
7.490200308785999368e+03
7.652254262201910024e+03
7.397365619083142519e+03
7.526331978684051137e+03
7.744090686453289891e+03
7.824995663152742964e+03
7.674571113545574917e+03
7.275290224163109087e+03
7.471988354496816100e+03
7.805199564547101545e+03
7.344808121966163526e+03
7.864742678006021379e+03
7.873961191839256571e+03
7.489761727006324691e+03
7.110948825946337820e+03
7.782527141204413056e+03
7.449366270283986523e+03
6.793534852742153817e+03
7.341728948784349996e+03
7.646952350525913062e+03
7.712392564401400705e+03
7.466751033425425703e+03
7.877908269470262894e+03
7.608907945083828054e+03
7.238786086260679440e+03
6.650196798267286795e+03
7.351783908723791683e+03
7.278364808693743726e+03
7.861529860367234505e+03
7.826079980351964878e+03
7.656370278292811236e+03
6.858739022959936847e+03
7.589992508505914884e+03
7.692335793860596823e+03
6.818507209315319415e+03
7.846022014815834154e+03
7.875451606888635069e+03
7.159488935721978123e+03
7.816919777079983760e+03
7.716713609573735084e+03
7.791746376840139419e+03
7.784107000098769277e+03
7.659536731933271767e+03
7.482940211494375944e+03
7.646329035895370907e+03
6.953768419930797791e+03
7.858423924281978543e+03
7.517793312671708009e+03
7.742702560066272781e+03
7.424793211773207076e+03
7.753189580635036691e+03
7.784287380804626991e+03
7.518517389963542882e+03
7.601089529484499508e+03
7.235437976243107187e+03
7.746248388277039339e+03
7.726917762111701450e+03
7.463701697746515492e+03
7.739584024830696762e+03
7.273830131858472669e+03
7.458651910168446193e+03
7.747637044637340296e+03
7.847575864501985052e+03
7.088373955132658011e+03
7.837871694731293246e+03
7.146695400193713795e+03
7.734982461484887608e+03
7.767468191467732140e+03
7.597890659266573493e+03
7.752958513779941313e+03
7.347459419555123532e+03
7.866689128534881092e+03
7.527455682779511335e+03
7.677101414073829801e+03
7.675421292749045278e+03
7.288859372413001438e+03
7.460804438889614175e+03
7.538229055581030480e+03
6.819165792916403916e+03
7.501220839901895488e+03
7.711655588287037062e+03
7.784140748781456750e+03
7.023922446840114389e+03
7.565107483595762460e+03
6.985199735268155564e+03
7.061654024177938481e+03
6.686897065049321100e+03
7.637763253345650810e+03
7.275078491887546988e+03
7.823481708997445821e+03
7.686159103650690668e+03
7.149114151261298503e+03
7.617585897714516250e+03
7.816793971086439342e+03
7.022000797917078671e+03
7.611226511944998492e+03
7.732932372862374905e+03
7.342387196883821161e+03
7.825671368129007533e+03
7.507154672315888092e+03
7.778344581992576423e+03
7.756682818546185445e+03
7.504989516677089341e+03
7.760373588792675946e+03
7.724918508904438568e+03
7.336678794282233866e+03
7.472629670107434322e+03
6.369753421671579417e+03
7.875904006384032982e+03
7.667966225967556056e+03
7.672932158584460922e+03
7.647099861388238423e+03
7.091959416685820543e+03
7.131669365321823534e+03
7.528019668340764838e+03
7.838627622572526889e+03
7.172164664341662501e+03
7.405611195088289605e+03
6.882369741814816734e+03
7.794406724813830806e+03
7.837482951407255314e+03
7.627094158197799516e+03
7.876902330697319485e+03
7.825298372175794611e+03
7.581795636925304279e+03
7.000636184104776476e+03
7.813211691226242692e+03
7.547194858568431300e+03
7.695268970028749209e+03
7.517929708121346266e+03
7.393333354774067629e+03
7.835917574750164931e+03
7.662983695351478673e+03
7.434872672752660947e+03
7.521650747195863914e+03
7.318186264544935511e+03
7.532517482498340541e+03
7.820979182325007059e+03
7.257432206275549106e+03
7.007842188970011193e+03
7.339459962429690677e+03
7.345292151400426519e+03
7.609057643025224024e+03
7.773066986174044359e+03
7.097614137133054101e+03
7.390450877848474192e+03
7.340271842418638698e+03
7.640385102274607561e+03
7.720500754036307626e+03
7.872352180937048615e+03
7.847549460600165730e+03
7.799160183879953365e+03
7.827263455503363730e+03
7.590919793049757573e+03
7.547194858568431300e+03
7.690603707440301150e+03
7.866204520988744662e+03
7.014657872087993383e+03
7.877951736479640203e+03
7.484664452508955947e+03
7.701893059791298583e+03
7.822431493339661756e+03
7.592762975319103134e+03
7.882318195743879187e+03
7.595491549177329034e+03
7.477066788365995308e+03
7.554046819605207020e+03
7.443636276915907729e+03
7.678544333948943859e+03
7.812614866948651979e+03
7.542116630006447849e+03
7.851350766951524747e+03
7.638382309804408578e+03
7.440350778221041764e+03
7.556233145848702407e+03
7.408975605885961158e+03
7.792465523795804074e+03
7.725999039371475192e+03
7.768227046618785607e+03
6.308680977807672207e+03
6.832236881052136596e+03
6.862028277666280701e+03
7.703903810900457756e+03
7.521248314475793450e+03
7.416737568174668013e+03
6.464057127515843604e+03
7.754703131548285455e+03
7.442684381239239883e+03
6.848056549057344455e+03
7.871823906242512749e+03
7.666481938429314141e+03
6.763925531970844531e+03
7.018915041546186330e+03
7.611226511944998492e+03
6.824693936953279263e+03
7.282319020441207613e+03
7.443396291531549650e+03
7.388836668395503693e+03
7.354526799513791048e+03
7.298381926554415259e+03
7.183235644440690521e+03
7.005277909213383282e+03
7.151155503299904922e+03
7.479284916576714750e+03
7.803121505840592363e+03
7.790333304499525184e+03
7.578392895233099807e+03
7.447204185104991666e+03
7.534396134127058758e+03
7.790716115262662242e+03
6.929547134521109911e+03
7.642282888708794417e+03
7.746323792011334262e+03
7.742390183103992058e+03
7.505909539127943390e+03
7.242514392200852853e+03
7.486730043051219582e+03
7.761637034820602821e+03
7.814815986835450531e+03
7.767750526799437466e+03
7.801264126318222225e+03
7.378972383630322838e+03
7.651412599656634484e+03
7.800773166000968558e+03
7.838321315798111755e+03
7.707639697146576509e+03
7.613418909117579460e+03
7.258472208875109573e+03
7.758220654181909595e+03
7.124748839482478616e+03
7.039117979553946498e+03
7.757916478393264697e+03
7.750026119744010430e+03
7.884946372814544702e+03
7.808948726184837142e+03
7.866441145483345281e+03
7.283336356190532570e+03
6.803708506057759223e+03
7.113321122818115327e+03
7.804835430389291105e+03
7.690417151896792348e+03
7.801539212849484102e+03
7.209061478796379561e+03
7.712830644203320844e+03
7.774005459019077534e+03
7.301104207977525220e+03
7.766360245521156685e+03
7.776111254094033939e+03
7.841748346604446851e+03
7.549898667040220062e+03
7.845395350634575152e+03
7.877225457336606269e+03
7.707488301182714167e+03
7.577673410668056931e+03
7.615411418401291485e+03
7.825894531653255399e+03
7.385460957080056687e+03
7.646906550518713630e+03
7.884687475278018610e+03
7.722965574100788217e+03
7.626567705568320889e+03
7.710047776016797798e+03
7.824783483181750853e+03
7.469210318527037089e+03
7.832788950889626904e+03
7.043332623705114202e+03
7.293201012047968106e+03
7.031616917212675617e+03
7.777030591988252127e+03
7.284839130297236807e+03
7.085236584951915574e+03
7.726613299891506358e+03
7.719340577431634301e+03
7.798781428994479938e+03
7.644538402277474233e+03
7.839602623911528099e+03
7.716210654240801887e+03
7.722287692473244533e+03
7.451627004742897043e+03
7.690762109778292142e+03
7.821620104372155765e+03
7.732463535167104965e+03
6.760388632123291245e+03
7.598650996098496762e+03
7.493351207708057700e+03
7.664496106838953892e+03
7.753345052689421209e+03
7.804195234226594039e+03
6.670909158612641477e+03
7.143548147544590392e+03
7.742384261634612812e+03
6.632134578081486325e+03
7.796898640973500733e+03
7.037682785124232396e+03
7.845578314278009202e+03
7.726917762111701450e+03
7.419811243069205375e+03
7.456792218180683449e+03
7.220990369670671498e+03
7.497161878080816678e+03
6.733429121329600093e+03
7.805798070394128445e+03
6.294924262537360846e+03
7.751834893382063456e+03
7.325063593372035939e+03
7.468631642043428656e+03
5.801469124109511540e+03
7.459533212444876881e+03
6.770427413600296859e+03
7.758761925212040296e+03
7.292172843511586507e+03
7.792909777265817866e+03
7.767692599614269056e+03
7.701301554689717705e+03
7.615058092863091588e+03
6.925233788885838294e+03
6.320473123676661089e+03
7.566088130769479903e+03
7.638382309804408578e+03
7.876009529787664178e+03
7.461869274112837047e+03
7.047551257532246382e+03
7.646872426189170255e+03
7.640138777863170617e+03
7.760056652021117770e+03
7.427790643890602951e+03
7.699430459623665229e+03
7.134053593832348270e+03
7.344974262814012945e+03
7.423323243994564109e+03
7.684607291386609177e+03
7.646209696401674591e+03
7.818465468637163212e+03
7.881147770716495870e+03
7.317145863892740635e+03
7.665375682066496665e+03
7.378099882488910225e+03
7.815167949577829859e+03
7.766500001765424713e+03
7.835283437323593716e+03
7.757241973444111864e+03
7.811791115455920590e+03
7.788749707206094172e+03
7.135343477388531028e+03
6.918678626398490451e+03
7.843971769659918209e+03
7.826362051525978131e+03
7.812716061739867655e+03
7.769123330301530586e+03
7.547200799130011546e+03
6.301284800794755938e+03
7.211560919110559553e+03
7.485715100527486356e+03
7.690762109778292142e+03
7.614268384756016530e+03
7.870430605934101550e+03
6.690132320298706873e+03
7.753751798192999559e+03
7.802852305711944609e+03
7.829658715090032274e+03
7.696147569589362320e+03
7.883283910134691723e+03
7.877970558993890336e+03
7.001347990023394232e+03
7.336230149764378439e+03
7.621942818504230672e+03
7.883046310504876601e+03
7.845944936381700245e+03
7.277457934931798263e+03
7.790470002378562640e+03
7.773351332465163068e+03
7.625064272924937541e+03
7.615788523661758518e+03
7.582212928347589695e+03
7.655716797517923624e+03
7.076585311869243014e+03
6.787335985362656174e+03
7.764789502157195784e+03
7.273929458922702906e+03
7.064669562277335899e+03
7.601359578024145776e+03
7.742702560066272781e+03
7.533666159661863276e+03
6.721792624086276192e+03
6.598827399227776368e+03
7.541320158207456188e+03
7.445927725797168932e+03
7.715786970674943404e+03
6.870643532591603616e+03
7.754415116086433954e+03
7.429242217146836992e+03
7.497462052937711633e+03
6.659635757982111500e+03
7.574964659627443325e+03
7.159651566770158752e+03
7.813211691226242692e+03
7.477931951742853926e+03
7.684399858899560968e+03
7.420627216451917775e+03
7.696985206519739222e+03
6.821698804800160360e+03
7.775111934283959272e+03
7.759315453597233500e+03
7.651412599656634484e+03
7.180755901117955545e+03
6.905137509375394075e+03
7.707880599630093457e+03
7.728219731362208222e+03
7.751136030678521820e+03
7.597546069561774857e+03
7.329569135668878516e+03
7.781429577613969741e+03
7.872500449260634923e+03
7.487704170939603500e+03
7.032916881197774273e+03
7.434512313193243244e+03
7.658402992313887808e+03
7.267462779578201662e+03
7.826517405148408216e+03
7.827020550632121740e+03
7.124753062822856009e+03
7.728938825689798250e+03
7.767845612534349129e+03
7.294988636859259714e+03
7.353731168776409504e+03
7.451709693785291165e+03
7.071956096637417431e+03
7.685127650204886777e+03
7.391958468794020519e+03
7.726582693008217575e+03
7.309979002275354105e+03
7.323992962412939960e+03
7.751718225869928574e+03
7.761451090039248811e+03
7.351449525315527353e+03
7.659923824573285856e+03
7.799322014936087726e+03
7.552087814078874544e+03
7.829621980944601091e+03
7.540135261636669384e+03
7.578866610742004013e+03
7.183323033367465541e+03
7.793431391157544567e+03
7.206211855255340197e+03
7.794319528054882539e+03
7.544152463042591990e+03
7.722287692473244533e+03
7.571752775200520773e+03
7.539827077927704522e+03
7.554917521618504907e+03
7.778653428893487217e+03
7.782648265325802640e+03
7.811801781022650175e+03
7.326833576309393720e+03
6.731087578002015107e+03
6.940316596630948879e+03
7.488044641568712905e+03
7.346210019898676364e+03
7.357551303845788425e+03
7.872136105666952972e+03
6.058151650117619283e+03
7.879083758196695271e+03
7.637762847183174017e+03
7.581449129804036602e+03
7.509065488041689605e+03
7.863922495476380391e+03
7.481616153594927709e+03
7.178956455205219754e+03
7.852877026155148087e+03
7.706096829048166910e+03
7.880339386839543295e+03
7.668567084051680467e+03
7.229439556725015791e+03
7.801088217423330207e+03
7.297374075081415867e+03
7.345741569984380476e+03
7.180047828299782850e+03
7.292400734636441484e+03
7.443359937035839721e+03
7.788472745497634605e+03
7.870412712306905632e+03
7.358141430695461167e+03
7.793410489005254931e+03
7.472226932525811208e+03
7.766205133344466958e+03
7.843668641902799209e+03
7.832788950889626904e+03
7.225981591857917010e+03
7.697899665198760886e+03
7.579784900137752629e+03
7.684569537928102363e+03
7.745963948552711372e+03
7.425700401007317851e+03
7.719695336334208150e+03
7.664491834110745003e+03
7.698793201406924709e+03
7.294394284002960376e+03
7.310073407854188190e+03
7.691797052113970494e+03
7.523568835778977700e+03
7.521924918338274438e+03
7.522926861502255633e+03
7.869164899841597617e+03
7.799476212590943760e+03
6.898796358304407477e+03
6.898581281522251629e+03
7.280109252446265600e+03
7.739866114346827089e+03
6.372859912185970643e+03
7.833725880867496016e+03
7.691797052113970494e+03
7.717869630947803671e+03
7.884613758026615869e+03
7.633346237364976332e+03
7.850500809384614513e+03
7.662387057027419360e+03
7.105142384433055668e+03
7.755841018654336949e+03
7.030970013450099941e+03
7.809847277881129230e+03
7.783810721408213794e+03
6.834333115553450625e+03
7.878386444603487689e+03
7.823969819828688742e+03
7.836636258837305832e+03
7.757461337339177589e+03
7.737898651415312088e+03
7.480791706949467880e+03
7.644431580014224892e+03
7.557524600132574051e+03
7.730952259956467969e+03
7.826966450623951459e+03
7.776262961225843355e+03
6.715869309737789081e+03
7.770371287946411940e+03
7.771160606301910775e+03
7.613281760170397320e+03
7.618864365746017938e+03
7.853542985636730009e+03
7.757639026391599145e+03
7.612870808231260526e+03
7.135835338622409836e+03
7.602881509415623441e+03
6.904864635424605694e+03
7.788058033948949742e+03
7.319920220827825688e+03
7.636688635010601502e+03
7.799125051808183343e+03
7.525046113557566059e+03
7.048631494522323010e+03
7.807002362690688642e+03
7.326833576309393720e+03
7.652493278156189263e+03
7.690762109778292142e+03
7.497462052937711633e+03
7.795764308901913864e+03
7.624507511575908211e+03
7.564594525640179199e+03
7.371679820091330839e+03
7.498623634815756304e+03
7.785495613385581237e+03
7.556544781987221540e+03
7.399679034737065194e+03
7.810541961496017393e+03
6.937682681056071488e+03
7.804685030986423953e+03
6.706242466490310107e+03
7.397764918395639143e+03
7.310248152947016933e+03
7.835416681224971398e+03
7.647960280243739362e+03
7.208443477902378618e+03
7.692918468393407238e+03
7.853627119826887792e+03
7.825712613458803389e+03
6.865726391836544281e+03
7.749674546573408406e+03
7.591951210914226976e+03
7.669639824018252511e+03
7.147637647123206989e+03
7.638530710736619767e+03
7.774897293187003015e+03
7.733450039631407890e+03
7.689251698527979897e+03
7.722287692473244533e+03
7.684582394110155292e+03
7.721377946301330667e+03
7.858420349384188739e+03
7.415357560602446028e+03
7.773861396101618993e+03
7.826479934150489498e+03
7.861544524965157507e+03
7.829455837550798606e+03
7.709413454523682958e+03
7.752799604313546297e+03
7.597465483317192593e+03
7.414150264902955314e+03
7.479437072478155642e+03
7.493810843584967188e+03
7.868679079759898741e+03
7.293372429647530225e+03
6.918068169556798239e+03
7.284749803464018441e+03
7.546066566598798090e+03
7.775332426898081394e+03
7.679941990548870308e+03
7.462315155896485521e+03
6.821036479573265751e+03
6.986073434480980723e+03
7.851075838395196115e+03
7.677927782230781304e+03
7.799160183879953365e+03
7.602298318336313969e+03
7.673099777567683304e+03
6.901525882240470310e+03
7.603464896144161685e+03
7.636402556553960494e+03
7.785630117799366417e+03
7.873474868193668954e+03
7.875855991363888279e+03
7.850554128518562720e+03
7.626038152151355462e+03
7.778649480235733790e+03
7.883283910134691723e+03
7.749312702291590540e+03
7.878286850808908639e+03
7.803824310793899713e+03
6.313718508742461381e+03
7.331156242726840901e+03
7.189270482338331931e+03
7.677578624776784636e+03
7.863790485402117156e+03
7.367920063629808283e+03
6.858934709528434723e+03
7.210137971769869182e+03
7.699189841552033613e+03
7.818691821614886976e+03
7.654083181784166300e+03
7.725481700175801961e+03
7.542116630006447849e+03
7.800195098699152368e+03
7.716713609573735084e+03
7.871614132113683809e+03
7.143350779055483144e+03
7.682003533366453667e+03
7.566937394102727012e+03
7.867604958776342755e+03
6.948296092407849756e+03
7.118513760682152679e+03
7.836581582906443145e+03
7.566632306297184186e+03
7.065418772950810308e+03
7.638603966706676147e+03
7.421821526434235238e+03
7.268786145202914668e+03
7.823780124591139611e+03
7.880542310072072723e+03
7.673524403594561591e+03
6.808313105200035352e+03
7.069068513001377141e+03
7.706511858311521792e+03
7.406794532481115311e+03
7.424691690313740764e+03
7.838614008269367332e+03
7.642343853836164271e+03
7.361590038800322873e+03
7.726129398245899210e+03
7.863486046703723332e+03
7.547200799130011546e+03
7.471988354496816100e+03
7.864674949839110923e+03
7.627799479089051601e+03
7.291135673657992811e+03
6.860014038899671505e+03
7.620168555986704632e+03
7.874334233150870205e+03
7.547870898810162544e+03
7.879869709021949348e+03
