9.786555939838955965e+03
1.092540063962738350e+04
1.114334827383489028e+04
1.104652918938597213e+04
1.061621501200925377e+04
1.126723396412264992e+04
1.098596713373807506e+04
1.141090525534055450e+04
1.120691873428001782e+04
1.139832012268263497e+04
1.077671645050931147e+04
1.133655974620983034e+04
1.012372778762562484e+04
9.638101319637187771e+03
1.036143213423262932e+04
9.864988830570455320e+03
1.103421603708725524e+04
1.063722600336090545e+04
1.133489430085040840e+04
1.010893018695132923e+04
1.068878634246031288e+04
1.133048262066809730e+04
1.136480430439877273e+04
1.038647174537393767e+04
1.092334815311557031e+04
1.114524696819172641e+04
1.063505399509735071e+04
1.104456788438960757e+04
1.133069019581171233e+04
1.104791107102624301e+04
1.068235570357363576e+04
9.454125867315144205e+03
1.043926264466964130e+04
1.102509505615391936e+04
1.084246580114466997e+04
1.025135239553099564e+04
1.141376535643445095e+04
1.073351204799338120e+04
1.113774122126082875e+04
1.042710420830238945e+04
1.119351168598279219e+04
1.025285714231284874e+04
1.078282195977848460e+04
1.138938920711311948e+04
1.126657292835977933e+04
1.136452959316796478e+04
1.131300243311357553e+04
1.032851722317735766e+04
1.002703804485540968e+04
1.009724496339717734e+04
1.140307215720361819e+04
1.139394069656446300e+04
1.015275259560726954e+04
1.071694969656877583e+04
1.102682656274566762e+04
1.126279538568748831e+04
1.106296456887514069e+04
9.463621213626156532e+03
1.132411164000619101e+04
9.251899736051254877e+03
1.125556657544266636e+04
1.108263043463031499e+04
1.103937201574034771e+04
9.203930564566144312e+03
1.053224523271751423e+04
1.129074293091309664e+04
9.089426062885488136e+03
1.104802644850809702e+04
9.660144077257438767e+03
1.019602684756674171e+04
1.113912081995930203e+04
1.128303809101732986e+04
1.024930186567267629e+04
1.137809461802718943e+04
9.923464285187534188e+03
1.129978293299637153e+04
1.142206390672977432e+04
1.138352263118589690e+04
1.115794372703389308e+04
1.089272439560668681e+04
1.123436158884185897e+04
1.007863276540466541e+04
1.130622182519304624e+04
1.043030185839369005e+04
1.130606959016186374e+04
9.757190123317081088e+03
1.095481598581947401e+04
1.092364951714819108e+04
1.105243105649612153e+04
1.110244408514008501e+04
1.084922299864727756e+04
1.097636040369638067e+04
1.119136322749490319e+04
1.089854563165765649e+04
1.083576475690852021e+04
1.023711534833650512e+04
1.057661983364397020e+04
1.086685507850937211e+04
1.135107962582156324e+04
1.097267048697338214e+04
1.042419145820700942e+04
1.131897232604910096e+04
1.118033562847313078e+04
1.132344208106535552e+04
1.127754856902413667e+04
1.125749562470081037e+04
1.041177834926128162e+04
1.114473919031488367e+04
1.037483206986618097e+04
1.053549726820703836e+04
1.129216990987911595e+04
1.128123111038955176e+04
1.127099999771806688e+04
1.142898924719600291e+04
1.074781388119943404e+04
1.119043770982448405e+04
1.058633349657425242e+04
1.060615589643243038e+04
9.761459820162988763e+03
1.039640333305699824e+04
1.052312160619218412e+04
9.252348899456152139e+03
1.119244184816310735e+04
1.138033260313158826e+04
1.041321103186262917e+04
1.074189531095777784e+04
1.138618998650202047e+04
1.106438316417266105e+04
1.048764131014145096e+04
1.081334461600804934e+04
1.139575363729733363e+04
1.110612857183024425e+04
1.110312846596233612e+04
1.131366326091281189e+04
1.138873043816593054e+04
1.062463746973681191e+04
1.127754856902413667e+04
1.046685396319655047e+04
1.071604516409676580e+04
1.103216606992178276e+04
1.003039980727185321e+04
1.105496649805548623e+04
1.078542972535469380e+04
1.079963355456866338e+04
1.118195059700151614e+04
1.098261167404168373e+04
1.134524906839924370e+04
1.137392404894184983e+04
1.028937781366179843e+04
1.116070262546722006e+04
1.111914787124700706e+04
1.138425016498495097e+04
1.119074021143078789e+04
1.125862264980707187e+04
1.123956405227176947e+04
1.117179471376768743e+04
1.096698794415855809e+04
1.062437302550675122e+04
1.066807269908550734e+04
1.124641720352227821e+04
1.135718345606931871e+04
1.039019265357320182e+04
1.075626231258180269e+04
1.069488069639540663e+04
1.127649450613449699e+04
1.129498443597743972e+04
1.058173650724289291e+04
1.127929851128800510e+04
1.065309583802806810e+04
8.461864563346420255e+03
1.089445628363037758e+04
1.142352457936448263e+04
1.116568294033264465e+04
1.134430102115208501e+04
8.580779567945412055e+03
9.826425109761332351e+03
1.129858206346630323e+04
9.044070767171784610e+03
1.033131511739384950e+04
1.078624051811660684e+04
1.075039010242163204e+04
1.077959889080535504e+04
1.129431720250102808e+04
1.074598100109992083e+04
1.132041807836446060e+04
1.047443518187536392e+04
1.081242676038699938e+04
1.136881649578323413e+04
1.100628154092807017e+04
1.114519458811830555e+04
1.134337530006328780e+04
1.117816998229995625e+04
1.031696295287996327e+04
1.085313706832616299e+04
1.012099873730659783e+04
9.563568480346099022e+03
1.062221873168439561e+04
1.137968451420656493e+04
1.028529787565695551e+04
1.120907000000249900e+04
8.262640646084772015e+03
1.114338829346277271e+04
9.876435689912828821e+03
1.098176543403679898e+04
1.125274753805726141e+04
1.117161240507443290e+04
1.113924879309128301e+04
1.031363288640254359e+04
1.107719854844220026e+04
1.030106522283200684e+04
1.111402136124134995e+04
1.021735543353071625e+04
1.088614612050764117e+04
1.105555832864481272e+04
1.139379827231702075e+04
1.107760246322769672e+04
1.142484898758269992e+04
1.095180056411059559e+04
1.123364609723236208e+04
1.041034595325721239e+04
1.028749201871328660e+04
1.125765886341160876e+04
1.133940410884069206e+04
1.137671561899684093e+04
1.132481375255041894e+04
9.879065339145992766e+03
1.122881455625382478e+04
1.085856758647490278e+04
9.027553303404780308e+03
1.106508041090999541e+04
1.013215024347858525e+04
1.084267428770537663e+04
1.122215293419145019e+04
1.102261562269100978e+04
1.141427830304134477e+04
1.027234716792506697e+04
1.140064765223600989e+04
1.118879540416836608e+04
1.142081765924931824e+04
1.126102161697966403e+04
9.825876694337663139e+03
1.119265116216697061e+04
1.076537473020071411e+04
1.142149917478341740e+04
1.099475214999540367e+04
1.134731803869409487e+04
9.444522079377631599e+03
1.080214905180791175e+04
1.046173235421219033e+04
1.127929851128800510e+04
1.088109433470915974e+04
1.040044363529419934e+04
1.110019980315506655e+04
1.007007764068063625e+04
1.109321411013365287e+04
1.120116936032830199e+04
8.965199120125624177e+03
1.095783684815767083e+04
1.001705584316742352e+04
1.134748409966150939e+04
1.108272355733192308e+04
1.030508399710464437e+04
1.024869700001053570e+04
1.109233025965884735e+04
1.008223221117608045e+04
1.054572435447945645e+04
1.075429808630776824e+04
1.005861542403639942e+04
8.884464067217861157e+03
1.101466128353079330e+04
1.095150471472952813e+04
1.077671645050931147e+04
1.045627131932454358e+04
1.109329347304497605e+04
1.066640875816974585e+04
1.112964246757347792e+04
1.102470473882262377e+04
1.134585391068544777e+04
9.850122699654062671e+03
1.069788376799333491e+04
1.096312136047542299e+04
1.127334650292966398e+04
1.136699623697912648e+04
1.082887108507620178e+04
1.131299815240152020e+04
1.112216440511632572e+04
1.045600574063745808e+04
1.070034715498056903e+04
1.127129729165970275e+04
1.047795677640290705e+04
1.132761311447618937e+04
1.123327099184970393e+04
1.114865497816693096e+04
1.050768562422634932e+04
1.011553297700223266e+04
1.107964161192945539e+04
1.070502062099418072e+04
1.140056855557167000e+04
1.038970579514656492e+04
9.393454986684793766e+03
9.571496044018625980e+03
1.140354956174423933e+04
1.094966304646133176e+04
1.112960946116883679e+04
1.120838846463737354e+04
1.130526706767600808e+04
1.094041246587825299e+04
8.592939191200008281e+03
9.615143439985246005e+03
1.003591386988710110e+04
1.029978719456631916e+04
1.122991292776138289e+04
1.125103195060620965e+04
1.073185489497589515e+04
1.140269355804781299e+04
1.142746852814356862e+04
1.099475214999540367e+04
1.070634055217774767e+04
1.009495056837174161e+04
1.142612916909664455e+04
1.126007115938278002e+04
1.099892725349952525e+04
1.044728233788017678e+04
1.075525593165615282e+04
1.138841472336855077e+04
1.103216606992178276e+04
1.112800142576691724e+04
1.142505750597551378e+04
1.012876596927805440e+04
9.535335445934069867e+03
1.069381370514358605e+04
1.098968905345303574e+04
1.039099352477029606e+04
1.131350249572172106e+04
1.025803351086451585e+04
9.129097819930917467e+03
1.108608297849824157e+04
1.140039102639893827e+04
1.020142045823013541e+04
1.019354102393166067e+04
1.064829949708660570e+04
1.005739073304368321e+04
1.093443944389529133e+04
1.138236002979224577e+04
1.089637100404885132e+04
9.561193234565340390e+03
1.094165137920596680e+04
1.062441308974659296e+04
1.014190922414036686e+04
1.137214897577569354e+04
1.067242260697600796e+04
1.031051519982819082e+04
1.137026488670496110e+04
1.020900430551801219e+04
1.075844932065457397e+04
8.862730942750597023e+03
1.042013000547380398e+04
9.402373533865329591e+03
1.012876596927805440e+04
1.102468464441397737e+04
9.393815593921563050e+03
1.113382818446661622e+04
1.117034520967649223e+04
1.096050905308474466e+04
1.054815105796624994e+04
1.051983514703785113e+04
9.638912189766815573e+03
1.045041853997219187e+04
1.096829457436281155e+04
1.089010623982421748e+04
1.065882034755778295e+04
1.127552740093521788e+04
9.313606713990528078e+03
9.029689058590636705e+03
1.081554330238230614e+04
1.022376416096946195e+04
1.066274137181502738e+04
1.108848789537583070e+04
1.053909504423887120e+04
1.095946213491890376e+04
1.113466333561208739e+04
1.100419411572449462e+04
1.092654004337230799e+04
9.980174246220089117e+03
1.096095006184823433e+04
1.123662048852520456e+04
8.950172649655512942e+03
1.131839159912012838e+04
1.126869944422708795e+04
1.064903470247588484e+04
1.111480592536435142e+04
1.133164312720567614e+04
1.042419145820700942e+04
1.055321556946790406e+04
1.059903962058149955e+04
1.079253343082759966e+04
9.005243908414668113e+03
1.119043770982448405e+04
1.118479446205251588e+04
9.750057423402518907e+03
1.085425739124418033e+04
1.135851591168761479e+04
1.098373432614640842e+04
1.135938234100771297e+04
1.083717902879582289e+04
1.014948838137695930e+04
9.890166510662114888e+03
1.102083174875108671e+04
9.005243908414668113e+03
1.019943675400699249e+04
8.999395269971062589e+03
1.140209865157403328e+04
1.068396107976357962e+04
1.130337317054951382e+04
9.897776023408319816e+03
1.125805015969690066e+04
9.895043237755482551e+03
1.122285237864774535e+04
1.125338133430480229e+04
1.070422012914124207e+04
1.121637934831809980e+04
1.111330499969284574e+04
9.982479615662719880e+03
1.062259246045781219e+04
1.067897124701975190e+04
9.005243908414668113e+03
1.101737704499674146e+04
1.092350637430510687e+04
1.133381891402440851e+04
1.013638229100349599e+04
1.106581690674719721e+04
1.115044905467237732e+04
1.139775706454732972e+04
1.095481598581947401e+04
9.296159065431547788e+03
1.134535816554916528e+04
1.065023433349862171e+04
1.092407112584738206e+04
1.094534982654005216e+04
1.116819040652479634e+04
8.782474263491476449e+03
1.114070517972316520e+04
1.032212263364788669e+04
9.468218119321230915e+03
9.690680846198010840e+03
1.135035849366260481e+04
9.988967138993180924e+03
1.083320599230399966e+04
9.394657902084119996e+03
1.104643844912470740e+04
1.072967446438258958e+04
9.553062437255986879e+03
1.061173619258561303e+04
1.001831692784651386e+04
1.093103608656019242e+04
1.132401762130075986e+04
1.116899278194534054e+04
1.131708794526018573e+04
1.127884282633887051e+04
1.058735561976556710e+04
1.128201454854244366e+04
9.998808538372813928e+03
1.050348774617177151e+04
1.087362427725457201e+04
1.107951248516322812e+04
1.040975335056595941e+04
1.124055869007340698e+04
1.133570099326917807e+04
1.102005384162620976e+04
1.099666012666083225e+04
1.109831732084635405e+04
1.062957067037301385e+04
1.041280362274913205e+04
1.140269355804781299e+04
1.130833561738004209e+04
1.034363132199677239e+04
1.009760158145601235e+04
1.137118343249725513e+04
1.118521251026438404e+04
1.133845687489893680e+04
1.098680759917649266e+04
1.066681894064260086e+04
1.002194540133166629e+04
1.135786027703987384e+04
1.046871428539294175e+04
8.506878991170997324e+03
1.102780985424404025e+04
1.138465531188522436e+04
9.961442611575694173e+03
1.071258920617750482e+04
1.034956748171244544e+04
1.100343121355049516e+04
1.060717314118623108e+04
1.103015279135730816e+04
1.136335604411158783e+04
1.049619108100943049e+04
1.113057960675218601e+04
9.707041860196524794e+03
1.139244972053870515e+04
1.071703304067056524e+04
1.122194873870437732e+04
8.838618903841343126e+03
1.130333101852600885e+04
1.056640825754193975e+04
1.087362427725457201e+04
1.108579594801108396e+04
1.102041581902425787e+04
1.106444951397208570e+04
1.024119890055320866e+04
1.117179471376768743e+04
1.113466333561208739e+04
1.090013833214878468e+04
1.060285787957049433e+04
1.095297942133533797e+04
1.090962278490107383e+04
1.116909243648559095e+04
1.126119058390468854e+04
1.129741831005125823e+04
7.935794965051985855e+03
1.106981549715001529e+04
1.122746712744580145e+04
9.272841194720469502e+03
1.026821741993329852e+04
9.936240414098834663e+03
1.142149917478341740e+04
1.080782560331186869e+04
1.106473651110944957e+04
1.102125956614445931e+04
9.438207655152018560e+03
1.050425686822696298e+04
1.074805852877483449e+04
1.043941704356114678e+04
1.056745873134047906e+04
1.036518977460475071e+04
1.079333986550010013e+04
1.100294105628423677e+04
1.069788376799333491e+04
1.038105151269722046e+04
1.009657175390028715e+04
1.105328218209469924e+04
7.719257415556098749e+03
1.004340903302789411e+04
1.095388488903138568e+04
1.067488491806029378e+04
1.138292943508577082e+04
9.735616782920324113e+03
1.123156739736878626e+04
1.110911708192370497e+04
1.099402940936123923e+04
9.907766408862155004e+03
1.075972487193772395e+04
1.110390989857892055e+04
1.063447120121167973e+04
1.118849905474715524e+04
9.964206399559876445e+03
1.116309369842361957e+04
1.016184694460054197e+04
1.069296909633656651e+04
1.127884282633887051e+04
1.035967449714800387e+04
1.137536206225249407e+04
1.083047730982518078e+04
1.046356338808075088e+04
1.061813571012250395e+04
1.127972376571254063e+04
1.133154520434525875e+04
1.076752013389483545e+04
1.121252019893447505e+04
1.132049388790464036e+04
1.077498001206306071e+04
1.039109550658560329e+04
1.135771630021589226e+04
1.103622062859040307e+04
1.096726219143399430e+04
1.056632324622352644e+04
1.127341986656423614e+04
1.127010370748341848e+04
9.189279993292253494e+03
1.141488776897219577e+04
1.054736065312130995e+04
1.115827028708885700e+04
1.109316362351196403e+04
1.143046508322336012e+04
1.112075306640159033e+04
1.119431370987491573e+04
1.069488069639540663e+04
1.076050333170134036e+04
1.086904448450004929e+04
1.108786756838172005e+04
1.140760599802011347e+04
1.037859900070043295e+04
1.079634723951210253e+04
1.034141643367719735e+04
9.376767559488396728e+03
1.123426131093584627e+04
1.060071693754679654e+04
1.097154764858746785e+04
1.056443794443614388e+04
8.438672155877366095e+03
1.090362541734454135e+04
1.073346374527521039e+04
1.138887421853220076e+04
1.055439173194845353e+04
1.088171346018373697e+04
1.141435689056263254e+04
1.014401461134706187e+04
9.769642820043536631e+03
1.028250794597304412e+04
1.098501640504262105e+04
1.141662117433363528e+04
1.099154943512739555e+04
1.123120931481631123e+04
1.049168530430752071e+04
1.105986425430887175e+04
1.096380210345758496e+04
9.373552528581167280e+03
1.086628946803026338e+04
1.129430298256354945e+04
1.104497560873939074e+04
1.142439242750762423e+04
1.106740487078134902e+04
1.117632636804218782e+04
1.075057844915461828e+04
1.101489819583762619e+04
1.080636687511525088e+04
1.098526025699316233e+04
1.082992321563727455e+04
1.000873943676922136e+04
1.024167217712448837e+04
1.101737704499674146e+04
1.077195192125940594e+04
1.142266550559393909e+04
1.109285124756020559e+04
1.142981458167735036e+04
1.059156347613507205e+04
1.105127980601821946e+04
8.946882350855627010e+03
1.142353358966041378e+04
1.120446612190896121e+04
1.101087215427953925e+04
1.125765886341160876e+04
1.067614057286436037e+04
1.034141643367719735e+04
1.005739073304368321e+04
1.109464134417334753e+04
1.047843113239570812e+04
1.071279578385451896e+04
1.136138368097766761e+04
1.128325383919367414e+04
1.103698926053327159e+04
1.060484097124356776e+04
1.058593658288797815e+04
9.854140004517092166e+03
1.003039980727185321e+04
1.125015352871210052e+04
1.090912181407730532e+04
1.107426769430018976e+04
1.131709956535652964e+04
1.139002144076539480e+04
1.099631891491697024e+04
1.135249903226245442e+04
1.109517181822424391e+04
1.134609498501779854e+04
1.102868954987402685e+04
1.079352882397874419e+04
9.930644083051000052e+03
1.119364153450715276e+04
1.039830319424090158e+04
1.031577278279348502e+04
1.064508089498332083e+04
1.032420404405806403e+04
1.101428760300653994e+04
1.058159828371716139e+04
1.131484815773220544e+04
1.089861336098878019e+04
1.012639040029235002e+04
1.142734508684637512e+04
1.046854815469507594e+04
1.072731090941289767e+04
1.119635267747573380e+04
1.083374278085087644e+04
1.104179723697906957e+04
1.047352058180989661e+04
1.118480967887617771e+04
1.109166163651598617e+04
8.387403983192602027e+03
9.874478674291953212e+03
9.984803102394718735e+03
1.062630564916423828e+04
1.095019047686721387e+04
9.825941137357389380e+03
1.126624595069903989e+04
1.106811390362044040e+04
1.050358171668967771e+04
9.832471090619463212e+03
9.251737600100572308e+03
1.127010370748341848e+04
1.020799415058587329e+04
1.101478106973922695e+04
1.093469713605055767e+04
1.097994973957881666e+04
1.124999133435912518e+04
1.051291741627438023e+04
1.131082566576505451e+04
1.092402326983403873e+04
1.001134537196484598e+04
1.120055210970401458e+04
1.138990351307612218e+04
1.131719560083965735e+04
1.075342280556707919e+04
1.086801466885625268e+04
1.076765155621615668e+04
1.015612734205800916e+04
1.106191435510831070e+04
1.055479297503448470e+04
1.076775251971506987e+04
1.113758929763386186e+04
1.103236337075841402e+04
1.119084963292365137e+04
9.488623435233286727e+03
1.132236046826910751e+04
9.942949307315459009e+03
1.063181934749041466e+04
1.132277432824876814e+04
1.114284496656268675e+04
1.108660131488670231e+04
1.101007484057882539e+04
1.062690700409300734e+04
1.134688236583679827e+04
9.454998512468413537e+03
1.046064863233369215e+04
1.099248703636586652e+04
1.035977294523169985e+04
1.023109060411016617e+04
1.076841239112316543e+04
1.140982709730789793e+04
1.108484306678810208e+04
1.085876305061861785e+04
1.120886939468028504e+04
1.105774792211856220e+04
1.135905519990644279e+04
1.096087033920828253e+04
1.030116245133388475e+04
1.113718257944217112e+04
1.142266550559393909e+04
1.003629991221790988e+04
1.141660272736567458e+04
1.137666425029931634e+04
1.134620101392534525e+04
1.107253055143699203e+04
1.142347278806384747e+04
1.092785911171716361e+04
1.096827517691255343e+04
1.100342842838668003e+04
1.141533000747496408e+04
1.126558375266229996e+04
1.061506040583784852e+04
1.099321750065869855e+04
1.011410668951353364e+04
9.652883815369288641e+03
1.077713172966606362e+04
1.055157041611259046e+04
1.034362817515112692e+04
1.114519458811830555e+04
1.091224698834275296e+04
1.126598429512823532e+04
1.132612120235300790e+04
1.105274219652330794e+04
1.139545342908309067e+04
1.117209439269745417e+04
1.112011991271192164e+04
1.133655974620983034e+04
1.064887770930679835e+04
1.066010710417725932e+04
1.131375697054614284e+04
9.982479615662719880e+03
1.014401461134706187e+04
1.097557060304826155e+04
1.063727343161942190e+04
1.126157515794856954e+04
1.006531882670169034e+04
1.042419145820700942e+04
1.080416275402213250e+04
1.140602201265041731e+04
9.465455424634579686e+03
1.018773296953121098e+04
1.061427380614998037e+04
1.077394366865134180e+04
1.124271953983466301e+04
1.135644933901366130e+04
1.033188741761706842e+04
1.046237544427930698e+04
1.031245391273473433e+04
1.136049025691721545e+04
1.081595387717005724e+04
1.107951248516322812e+04
1.009353318907809080e+04
1.024167217712448837e+04
1.113638506398897698e+04
1.086060486150681390e+04
1.120471796221284603e+04
1.121437918257257479e+04
1.104593975796555969e+04
1.100323764166145884e+04
1.125493245065450901e+04
1.109180194277394185e+04
9.992850041580959441e+03
1.086467828080414984e+04
1.009558907836242361e+04
1.021666996845528047e+04
1.111645851649321776e+04
1.076112089481258045e+04
1.036111884270389965e+04
1.106487146331554140e+04
1.080150723444684081e+04
1.009744572480358147e+04
1.130737476934831102e+04
1.137809461802718943e+04
1.117390175949969853e+04
1.134148679674657797e+04
1.046236728904065785e+04
1.128600610101598431e+04
1.045272361104121956e+04
1.075980809035686798e+04
9.364008454570783215e+03
1.140760599802011347e+04
1.086304359288184060e+04
9.680866298931170604e+03
1.140421814903111044e+04
1.078709588551878915e+04
1.110354960147707243e+04
1.066051937958696726e+04
1.142741462685212355e+04
1.139179818231502941e+04
1.053364447418020609e+04
1.119344675862170880e+04
1.064898484193491822e+04
1.057716928762086172e+04
1.114243365704751704e+04
1.098941485371916497e+04
1.091045713423327288e+04
1.081467634096605980e+04
1.097127808020026532e+04
1.126299529645516122e+04
1.133175133008321427e+04
1.094347160791667557e+04
1.125017647532784758e+04
1.096036954187925403e+04
1.118480967887617771e+04
1.099565416574534538e+04
9.766283117343195045e+03
1.036166492360355915e+04
1.142185384162155060e+04
1.142445253648079961e+04
1.054405498977951174e+04
1.074181912804071908e+04
1.066948331186284486e+04
1.053599185648789171e+04
1.055441134370421423e+04
1.086280609022793942e+04
1.085011339273252088e+04
9.733919507231374155e+03
1.056477771173649307e+04
1.114268800493655908e+04
1.051550026537997110e+04
1.097005980049565915e+04
1.107426769430018976e+04
1.095365607227362489e+04
1.007008241467534572e+04
1.084598720208256236e+04
1.000403871166265526e+04
1.124821462636787692e+04
9.847853388971030654e+03
1.127724008239140676e+04
1.033123199637877951e+04
1.092519329921419194e+04
9.754668206877780904e+03
1.081670489452287438e+04
1.069788376799333491e+04
1.126092702638068477e+04
1.041581096450526456e+04
1.103553266509960849e+04
1.102106829417634253e+04
1.114284496656268675e+04
1.073986211423331770e+04
9.951115898728992761e+03
1.082717719178667721e+04
9.706781679624831668e+03
1.022871578860629234e+04
1.118531631901637593e+04
1.098022188701029518e+04
8.652976546437648722e+03
1.047682149072508400e+04
1.024220631490177766e+04
1.000923827572176560e+04
1.088197461480891616e+04
1.137809461802718943e+04
1.104474545189122000e+04
1.091405919568931677e+04
1.142142805128351392e+04
1.090154194955475032e+04
1.088865802997629726e+04
1.110921420161587230e+04
1.075856686849778816e+04
1.102171671941851309e+04
1.137945116599170069e+04
1.128692799818420463e+04
1.091251933161036504e+04
1.068513839001213637e+04
1.130441230437605373e+04
1.051543478031464838e+04
8.830477156426570218e+03
9.627428229770004691e+03
1.133176776637991134e+04
1.078939150950361727e+04
1.082892123796033957e+04
1.122603259871509363e+04
1.101037895826153363e+04
1.136643944545943668e+04
1.114648467133978920e+04
1.096087033920828253e+04
1.083434981130204324e+04
9.883583846554109186e+03
1.048359570029732276e+04
1.115175886871925104e+04
1.075563725325159612e+04
1.039116893801339393e+04
1.069141366658815605e+04
1.126007652048222008e+04
1.050613912389177858e+04
1.117392148800924952e+04
1.063650301311947987e+04
1.059654852980458236e+04
1.084109959377809355e+04
1.124426451225462188e+04
1.062463746973681191e+04
1.137038166762643959e+04
9.635665266225481901e+03
1.098009135883942145e+04
1.127935456785901806e+04
1.116791755592863410e+04
1.092661380378567446e+04
1.113943402901840273e+04
1.108195789434611470e+04
1.075563725325159612e+04
8.762809078256344947e+03
1.097758253941245493e+04
1.110895586812272813e+04
1.123517164113559738e+04
1.131968148292234036e+04
1.020582208312495641e+04
1.002194540133166629e+04
1.123197755695375054e+04
1.110430810056437986e+04
1.131320948843765109e+04
1.086968105493330222e+04
1.132654390797339147e+04
1.028554164259623940e+04
1.032731387448489659e+04
1.004330591101530626e+04
1.097550235149566288e+04
9.366795962979049364e+03
1.108775535494895121e+04
1.122603259871509363e+04
1.007360232179697414e+04
1.076936365112577005e+04
1.127665590535974115e+04
1.064635303694890172e+04
1.058972855800109755e+04
1.134535479336316894e+04
1.125973727170851635e+04
1.131648455616631691e+04
1.062058286808154116e+04
1.119979650550078441e+04
1.104292298782816579e+04
9.055368654817366405e+03
1.097654996074500195e+04
1.121861923163959727e+04
1.131430832107014976e+04
1.081250151539369472e+04
1.058877535130057731e+04
1.125438334170286180e+04
1.136141831621829442e+04
1.137818718570568490e+04
1.101567717083255047e+04
1.138269441801726862e+04
1.044609580996288423e+04
1.133100028955544622e+04
1.105000605722148248e+04
1.125782730754825934e+04
1.098985834957902989e+04
1.045627131932454358e+04
1.045398166604389917e+04
1.140269355804781299e+04
1.102129755423963979e+04
1.122249783352456689e+04
1.056307939741577502e+04
9.897609693029586197e+03
1.044142187418189860e+04
1.110204862217386471e+04
