8.219965107381281996e+03
8.508644578118806749e+03
8.130621037325769976e+03
8.716500514651057529e+03
8.584522035264022634e+03
8.240966490851926210e+03
8.259177497327054880e+03
8.495871280633207789e+03
8.696178274047812010e+03
8.754843487553789600e+03
8.635502133399477316e+03
8.719848770848964705e+03
8.217087985304409813e+03
8.612648805014439858e+03
8.263482338987600087e+03
8.336963476144304877e+03
8.519346942851068889e+03
8.406727410733692523e+03
8.763946150998759549e+03
8.635420509685231082e+03
8.625620183005061335e+03
8.707234458123381046e+03
8.725065595302667134e+03
7.741668769597996288e+03
8.751048132003783394e+03
8.316885919992717390e+03
8.628577477508028096e+03
8.710622492559294187e+03
8.620387695945748419e+03
8.462768722169417742e+03
8.544866953115322758e+03
8.548543599723861917e+03
8.175018733818574219e+03
7.809080824704691622e+03
8.661181410759460050e+03
8.602587338197543431e+03
8.140899355816371099e+03
8.178705146242817136e+03
8.330052900751867128e+03
8.473904055878829240e+03
8.556023341793308646e+03
8.789506871059977129e+03
8.481096098491047087e+03
8.787767699513371554e+03
7.633639897378871865e+03
8.481000803897728474e+03
8.775159847963192078e+03
8.110957237811385312e+03
8.661208331594512856e+03
8.042643958232823934e+03
8.396425009467540804e+03
7.977343037113836544e+03
7.912478808347312224e+03
8.724087443385216829e+03
8.432528402309744706e+03
8.598317070209732265e+03
8.779045373831653706e+03
8.359240137031056292e+03
7.701582382965674697e+03
8.493899876664559997e+03
7.991946368549497492e+03
8.389470871536626873e+03
8.778757316310337046e+03
8.792643047071598630e+03
7.108342378839245612e+03
8.618157176459582843e+03
8.238749625130702043e+03
8.734759392687074069e+03
8.750089401138622634e+03
8.390516625980259050e+03
8.292702506160680059e+03
8.632213452187530493e+03
7.869848534115488292e+03
8.791754251922953699e+03
8.380534878132413724e+03
8.694409539967486126e+03
8.206029421307363009e+03
8.442892285948524659e+03
8.182348605519070588e+03
8.619094339153796682e+03
8.606439166510095674e+03
8.356121532758643298e+03
8.116323536507061362e+03
8.094149539303803067e+03
8.804608433284465718e+03
8.449723282974466201e+03
8.251743390788626130e+03
7.882187052928766207e+03
8.378933014922888106e+03
8.064968675310646177e+03
8.541882262437786267e+03
8.153461548689002484e+03
7.698537726820273747e+03
8.629426294633494763e+03
8.220540874028296457e+03
8.483584115168516291e+03
8.378051914733136073e+03
8.650789716081872029e+03
8.618748404785714229e+03
8.808685795012850576e+03
8.622683576222920237e+03
8.772149605448576040e+03
8.802159978865376615e+03
8.397028612604251975e+03
8.554567774969551465e+03
8.747300831433287385e+03
8.079854988008365581e+03
8.752938829513301243e+03
8.494734465779467428e+03
8.539902400126724388e+03
8.468265839549090742e+03
8.804173260788109474e+03
7.987308170910881017e+03
8.299718768780425307e+03
7.723050722147620036e+03
7.794196968378688325e+03
8.284154176419790019e+03
8.518746129048626244e+03
8.726071104398242824e+03
8.436953762860355710e+03
8.395108652592094586e+03
8.371722423539227748e+03
8.143648068897544363e+03
8.576071774940293835e+03
8.683688401930725377e+03
7.807489959715607256e+03
7.693005363237763959e+03
8.585940972180720564e+03
8.417089072561178909e+03
8.582460988670063671e+03
8.377992784153080720e+03
8.566465008496759765e+03
8.688257808149173798e+03
8.633836343085155022e+03
8.611482898280293739e+03
8.524960121504966082e+03
7.619605553505907665e+03
8.673176599802283818e+03
8.611592054217133409e+03
7.953636422690136897e+03
8.144042163521144175e+03
8.641723253476424361e+03
8.607778111545985666e+03
8.055457025744463863e+03
8.704184837429755135e+03
8.514082248689155676e+03
8.516254842095626373e+03
8.701662584789486573e+03
8.397956113543723404e+03
8.033681511397260692e+03
8.493281456640983379e+03
8.213974844378624766e+03
8.593506089248836361e+03
8.445955025632832985e+03
8.510682176139169314e+03
8.323980960813802085e+03
7.914673277332113685e+03
8.763946150998759549e+03
8.717941097925555368e+03
8.727612726610772370e+03
8.724703867717154935e+03
7.968960967714341677e+03
8.504568948240197642e+03
8.706857034759963426e+03
8.677259260400029234e+03
8.804556257648629980e+03
8.419880677163913788e+03
7.243608902558980844e+03
8.193802551497017703e+03
8.108073137380823027e+03
8.191970180820980204e+03
8.598910648378050610e+03
8.452752470082436048e+03
7.717819935500308020e+03
8.075360866199136581e+03
8.192811946731682838e+03
8.353985325246823777e+03
8.382719656952445803e+03
8.270461779950750497e+03
8.396697965747560374e+03
8.542013760144727712e+03
8.180853154733566043e+03
8.338311813066495233e+03
8.102363540757170995e+03
8.284364491752643517e+03
8.779217051225456089e+03
8.150692969867914144e+03
8.265419994864416367e+03
8.558302686423980049e+03
8.805062380190509430e+03
8.287390362062329586e+03
8.144042163521144175e+03
8.315117109421655186e+03
8.567725896242034651e+03
8.543576631812051346e+03
8.530378095611751633e+03
7.795945786805172247e+03
8.223792609744423316e+03
8.784389341347874506e+03
8.219676158657903215e+03
7.671898687382682510e+03
8.797473029693155695e+03
8.654822647257351491e+03
8.423675706963762423e+03
7.921477215695543237e+03
8.162330274798552637e+03
7.886817213172127595e+03
8.562102205745821266e+03
7.923957352713043292e+03
7.870777474100606923e+03
8.344295805883350113e+03
8.624821816411440523e+03
8.145637124856008086e+03
7.828530924468373087e+03
8.635734052429090298e+03
8.603726155790725898e+03
8.716434559151295616e+03
8.616393784970980050e+03
8.319562413266114163e+03
8.430333737732224108e+03
7.779746962705662554e+03
8.160060962406628278e+03
8.483480492382172088e+03
7.923957352713043292e+03
8.392343324605810267e+03
8.232749807254334883e+03
8.778993356643612060e+03
8.524310940803014091e+03
8.403771296546405210e+03
8.611592054217133409e+03
8.407378145936627334e+03
8.169747129165182741e+03
8.470042467414092243e+03
8.187905235049217481e+03
8.174831607456257188e+03
8.434420581386233607e+03
7.632834709714868950e+03
8.329387917698353704e+03
8.806752607692877064e+03
8.184559696860814256e+03
8.576996088704951035e+03
7.903467332489108230e+03
8.655107129119722231e+03
8.282961768230394227e+03
8.323758067222595855e+03
8.370992317972051751e+03
7.440528319467990514e+03
8.664138213819442171e+03
8.424257142853304686e+03
8.571392011754527630e+03
8.545972615462054819e+03
8.503964989146317748e+03
8.440561848573739553e+03
8.486688334620226669e+03
8.795830716100253994e+03
8.070654731573326899e+03
8.625841634353746485e+03
8.357402696956985892e+03
8.802131687686644000e+03
8.327472431503210828e+03
8.746306020413428996e+03
8.578041016769282578e+03
8.763580039352003951e+03
8.010248343920128718e+03
8.449057635639022919e+03
8.388269808885004750e+03
8.125107107983332753e+03
8.509503049644561543e+03
8.087710132153793893e+03
8.693343036593258148e+03
8.643061922221464556e+03
8.500264009739050380e+03
8.514441771362253348e+03
8.308344467337055903e+03
8.023457842107540273e+03
8.572765976601242073e+03
7.345106067143627115e+03
8.435941497725161753e+03
8.275020204204487527e+03
8.311258626472543256e+03
8.719853642678099277e+03
8.075733349784537495e+03
8.628366058397874440e+03
7.568716897540036371e+03
7.953943410787593166e+03
8.649383745898379857e+03
8.746130228757716395e+03
8.342844420645016726e+03
8.800530324750216096e+03
8.465328845364956578e+03
8.593835425506760657e+03
8.678123445715085836e+03
8.624239314700909745e+03
8.720767652120415732e+03
8.693224299020861508e+03
8.587419089247056036e+03
8.779293744020080339e+03
8.122367808666313977e+03
7.842942215500228485e+03
8.556458271982341103e+03
8.449843727388823027e+03
8.376777144724386744e+03
8.498199887425376801e+03
8.725890413278888445e+03
8.577673695788100304e+03
8.751503282642424892e+03
8.502129328094904849e+03
8.616549463701034256e+03
8.443810341106167471e+03
8.048617696331463776e+03
8.657074362840132380e+03
8.550604844910558313e+03
8.771287641255252311e+03
7.344587401737077016e+03
7.770777690168264598e+03
8.012565468239617076e+03
8.275149096148410536e+03
8.506772725285989509e+03
8.430951019605452530e+03
8.542307346844987478e+03
8.477902841497065310e+03
8.716521004822687246e+03
8.470798144843254704e+03
8.297463008835404253e+03
8.690933337653383205e+03
8.443376253359125258e+03
8.800109821775156888e+03
8.548408188606252224e+03
8.631019283334211650e+03
8.161107652571056860e+03
7.677283801151515945e+03
8.667772365025546605e+03
8.255513409683679129e+03
8.195925523003594208e+03
8.736382664095959626e+03
8.448558996276578910e+03
8.517811516000725533e+03
8.758562359681804082e+03
8.633477384822341264e+03
7.901146181681876442e+03
8.479097432375132485e+03
8.772616185521421357e+03
8.754237644328488386e+03
8.726071104398242824e+03
8.030895363198013001e+03
7.858013672416213012e+03
8.188675890441884803e+03
8.323669293583607214e+03
8.797722847839626411e+03
8.418753629391918366e+03
8.617019615905333922e+03
8.297559884107853577e+03
7.504712182229492100e+03
8.174831607456257188e+03
8.799520080963065993e+03
8.805170885651023127e+03
8.609653240667521459e+03
8.589214435562284052e+03
8.594842043115009801e+03
8.471026501481173909e+03
8.412900195744612574e+03
8.780002027524013101e+03
8.071421031806728934e+03
8.367514591387733162e+03
8.794608148519782844e+03
6.577170418278417856e+03
8.361377718551200815e+03
8.457797647159401095e+03
8.272686387367815769e+03
8.122148126583821067e+03
8.663905697655707627e+03
8.688518546883438830e+03
8.442673099116111189e+03
8.520230778497818392e+03
8.590726912471578544e+03
8.598207165205876663e+03
8.640695647306869432e+03
8.608665142952793758e+03
7.940588459818951378e+03
7.853488235489601720e+03
7.695651977635564435e+03
8.739009283653340390e+03
7.362743770901522112e+03
8.078792804623009943e+03
7.984371108626934074e+03
8.636987117693781329e+03
8.561878468548587989e+03
8.546862648478216215e+03
8.310483869514260732e+03
7.157430525270650833e+03
8.196153614391729207e+03
8.566143004322131674e+03
8.607300186009546451e+03
8.501513254783712910e+03
8.273296312704907905e+03
8.442969718057729551e+03
8.687881617329639994e+03
7.760606098043411293e+03
7.926646793002486447e+03
8.557370645850212895e+03
8.196287747418158688e+03
8.163384767641160579e+03
7.507187124415735525e+03
8.066936410766922563e+03
8.199083571573384688e+03
8.792773008153264527e+03
8.287722823735552083e+03
7.425448233804572737e+03
7.759798539344268647e+03
8.236021997363546689e+03
8.172185498980586999e+03
8.467852184012053840e+03
8.759257809943339453e+03
8.673672476415169513e+03
8.324072795825741196e+03
8.775169416899901989e+03
8.512721850598605670e+03
8.424860061917741405e+03
8.442892285948524659e+03
8.154126015349049339e+03
8.544334582097097154e+03
8.554242245800018281e+03
8.382938342641664349e+03
8.123486263583952677e+03
8.631535029803588259e+03
7.625291628928269347e+03
8.589154097282251314e+03
7.971081788720050099e+03
8.494473350999778631e+03
8.496569536509643513e+03
8.363686336517965174e+03
7.933203010168233959e+03
8.657872274008754175e+03
8.652960430211100174e+03
8.545978740434542487e+03
8.301182856504463416e+03
8.615190694688342774e+03
8.790375927755983867e+03
7.330931042799098577e+03
8.583563986009627115e+03
8.576996088704951035e+03
8.003815213436847444e+03
6.632090171310989717e+03
8.570245436358942243e+03
8.795974248021389940e+03
8.082693510972785589e+03
8.621447943587758346e+03
8.595539094234654840e+03
8.508514374042877535e+03
7.828530924468373087e+03
8.679384054741378350e+03
7.738685039406911528e+03
8.804720497469297698e+03
8.366815908606986341e+03
8.698394320321993291e+03
7.850249523911495999e+03
7.089897618000133662e+03
8.751339947069327536e+03
7.588531301076773161e+03
8.273281036112983202e+03
8.699406338069382400e+03
8.538974934474472320e+03
8.055457025744463863e+03
8.612818668373836772e+03
8.664589421216245682e+03
8.518032148378526472e+03
8.499073448828256005e+03
8.603954405038719415e+03
8.786730725992460066e+03
7.108342378839245612e+03
8.133721840456195423e+03
8.780002027524013101e+03
8.568492148492801789e+03
8.230085007340598168e+03
8.463263421614770778e+03
8.463353722387313610e+03
7.235581600968997009e+03
8.543093026086940881e+03
8.101098375439815754e+03
8.083795957979749801e+03
7.932153478773447205e+03
7.968936581622156154e+03
8.728239827606077597e+03
8.662553904123138636e+03
8.512220491014593790e+03
8.592000914647125683e+03
8.686111498673355527e+03
8.733479977790564590e+03
7.883746875149696280e+03
8.394699348768070195e+03
8.138065072777601017e+03
8.483876872779492260e+03
8.590336586728179100e+03
8.482083106922043953e+03
7.695769809608048490e+03
8.517855545353329944e+03
8.219813555858891050e+03
8.768034577745129354e+03
8.097173232536708383e+03
8.450496679279058299e+03
8.704664294222931858e+03
8.460339788490737192e+03
7.950239095008364529e+03
8.556229785126530260e+03
8.253113334168283473e+03
7.871064816688414794e+03
8.507197903395353933e+03
8.638243642816147258e+03
8.803889894635682140e+03
8.699150367607271619e+03
8.508135282402054145e+03
8.135341843861974667e+03
8.409945459650200064e+03
8.084777457389787742e+03
8.042097783872992295e+03
8.635839732085936703e+03
7.136505051163231656e+03
7.286348749258805583e+03
7.682886720648100891e+03
8.068418554051597312e+03
8.613710871489893179e+03
8.589566304312342254e+03
8.125003726976050530e+03
8.675864895775212062e+03
8.274507558429069832e+03
8.729713440793519112e+03
8.491170106927795132e+03
8.314433679008267063e+03
8.594415830645073584e+03
8.329893821038582246e+03
7.458179686037779902e+03
8.333715419798449147e+03
7.984141035201696468e+03
8.734619405116869530e+03
8.613280302828236017e+03
8.765084536432412278e+03
8.238956864836738532e+03
8.805170885651023127e+03
7.366420540605204224e+03
8.365438707118457387e+03
8.683068577240901504e+03
8.739526686286120821e+03
8.723316152327277450e+03
8.743835634667673730e+03
8.416234795542131906e+03
8.746863204376177237e+03
7.237187001124402741e+03
8.702675111792621465e+03
8.439022247137574595e+03
8.798235937704052049e+03
8.734150804649680140e+03
7.890468492984911791e+03
8.115791064588394875e+03
8.595391780908852525e+03
8.134505191868011934e+03
8.605107942640466717e+03
8.571432581586124797e+03
8.572864830924625494e+03
8.765079235398363380e+03
8.746350728925659496e+03
8.610811025648425129e+03
8.804755066298841484e+03
8.429839819473811076e+03
8.553470466373406452e+03
8.734872281035077322e+03
8.002920733855999060e+03
8.528206897809708607e+03
8.563764326561764392e+03
6.557856463545193037e+03
7.757596212543043293e+03
8.784091304070083424e+03
8.209560144148497784e+03
8.272542899205962385e+03
8.226340043742706257e+03
7.305463017880912048e+03
8.055779149025927836e+03
8.104049955206748564e+03
8.520769910699698812e+03
7.962573651330813846e+03
8.372630893234050745e+03
8.804673422230214783e+03
8.133742405956382754e+03
8.356190627706047962e+03
7.424269311520540214e+03
7.689356443243194008e+03
7.535053476541256714e+03
8.491664929528946232e+03
8.363935781973104895e+03
8.708549421707080910e+03
7.896227173873795437e+03
8.303885170122001000e+03
8.762759750626868481e+03
8.647048278192662110e+03
8.074410699037481209e+03
8.310617497989649564e+03
8.731476200962930307e+03
8.544328262619052111e+03
8.636662105476218130e+03
8.165530790533592153e+03
8.799418342496963305e+03
8.731568390368967812e+03
7.692351004606995048e+03
8.477902841497065310e+03
8.319090507578282995e+03
8.538974934474472320e+03
8.625829711469508766e+03
8.514534374532300717e+03
8.538900647254138676e+03
8.752938829513301243e+03
8.232250242309164605e+03
8.302912649648507795e+03
8.245254685040008553e+03
8.761925342328791885e+03
7.809759157312128082e+03
8.755824952228838811e+03
8.423557241234537287e+03
8.629187849588861354e+03
8.160061454346481696e+03
8.459454006998297700e+03
8.182970492935703078e+03
8.501513254783712910e+03
8.784244831600663019e+03
8.801302656611285784e+03
8.772611133889393386e+03
8.157791090395394349e+03
8.609172166972517516e+03
7.813016713243165213e+03
8.779514327753049656e+03
8.414590336264989674e+03
8.256587337178658345e+03
8.522618711226141386e+03
7.938996903565447610e+03
8.453229886952321976e+03
8.704592604604142252e+03
8.565879529419398750e+03
8.126829970130456786e+03
8.189117327302245940e+03
8.528653524192111945e+03
8.248205794218529263e+03
7.101355051053676107e+03
8.771428238206841343e+03
8.271501241701955223e+03
8.580154290126250999e+03
8.726616502711054636e+03
7.773677507494349811e+03
8.011234046826468330e+03
8.538555151225300506e+03
8.632330642474904380e+03
7.840934604409915664e+03
8.689937017131102039e+03
8.743322248758422575e+03
8.449483589317416772e+03
7.693955336480975348e+03
8.343576583773989114e+03
7.953899183899674426e+03
7.852955399653625136e+03
8.748748151230105577e+03
7.867820112188291205e+03
7.557963378070556246e+03
7.926692639626799973e+03
8.554263482705096976e+03
8.524751426688146239e+03
8.391483804129911732e+03
8.248536007558437632e+03
8.772548119147133548e+03
7.531837902055498489e+03
8.628264429454422498e+03
7.302773875535509433e+03
8.642014569168008165e+03
8.637957794654499594e+03
8.386202861020106866e+03
8.562452260858199224e+03
7.669914419041031579e+03
8.710842166951912077e+03
8.133232500100031757e+03
8.213966056089426274e+03
8.627041699845616677e+03
8.695909268114342922e+03
8.701329251463230321e+03
8.678208286398834389e+03
8.499995730811451722e+03
8.514534374532300717e+03
8.524960121504966082e+03
8.468710622501384933e+03
8.336691873368590677e+03
8.650108072625625937e+03
8.583013972267193822e+03
8.772110022960019705e+03
8.356432919117551137e+03
8.512715026209687494e+03
7.713982861921479525e+03
8.175905120557546979e+03
8.595391780908852525e+03
8.465579521897780069e+03
8.163362956410427614e+03
8.759484375387684850e+03
8.429961325073772969e+03
8.702304327974934495e+03
8.803617021727492101e+03
7.249140688173531089e+03
8.762730643839749973e+03
8.296841995851462343e+03
8.228305965429117350e+03
8.420332778526644688e+03
8.407113586010051222e+03
8.472590875211213643e+03
8.123237647937467045e+03
6.623313209288669896e+03
8.727534363483671768e+03
8.596879338402264693e+03
8.695670914054597233e+03
8.525057028275885386e+03
8.548404595832565974e+03
8.697763356333736738e+03
8.503442968306258990e+03
7.192746403550151626e+03
8.087504818250452445e+03
7.840844819186279892e+03
8.769334046369365751e+03
8.312261456260912382e+03
8.708819554561743644e+03
8.344811479477548346e+03
8.091160205136446166e+03
8.645074366823580931e+03
8.409580900048149488e+03
7.433464852172131941e+03
8.146331927230889050e+03
7.175842529892372113e+03
8.312579941227926611e+03
8.649179365662610508e+03
8.667172687805796159e+03
8.661152471360237541e+03
8.425535526358833522e+03
8.517615524463884867e+03
8.746828144798384528e+03
8.721733230032397842e+03
7.639863546004326054e+03
8.328438870951218632e+03
8.662231280065143437e+03
8.554242245800018281e+03
8.358348913656196601e+03
8.489059945230306766e+03
7.712381891721621287e+03
8.807199275674331147e+03
8.040495887954319187e+03
8.684470707302374649e+03
8.795974598499018612e+03
8.754092807689670735e+03
7.971661108481192969e+03
8.338174687869744957e+03
7.881083667068669456e+03
8.097379555764018733e+03
8.803165836960544766e+03
8.201461496377889489e+03
8.366975283494399264e+03
8.260943414954184846e+03
8.805187984601601784e+03
8.569548219207455986e+03
8.737033615654247114e+03
8.477144004921556188e+03
7.700798564069811619e+03
8.699338577079823153e+03
8.770063497920438749e+03
8.641849471595483919e+03
8.145337793912900452e+03
8.771163145736278238e+03
8.248974297512966587e+03
8.132821824096062301e+03
7.810503711379713423e+03
8.744184703815226385e+03
7.692351004606995048e+03
8.436323420395072390e+03
8.566465008496759765e+03
8.802593858546795673e+03
8.379061230312719999e+03
8.463953303832870006e+03
8.250655740079686439e+03
8.581784192952265585e+03
8.767755933521424595e+03
8.054764781381183639e+03
8.391547128875474300e+03
8.409601818992139670e+03
7.501759764710676791e+03
7.948322516811496826e+03
7.901433397438860993e+03
8.698183273373488191e+03
8.126469799757460351e+03
7.987325483056343728e+03
8.803468763328466594e+03
8.255867897343445293e+03
8.377992784153080720e+03
8.075360866199136581e+03
8.518032148378526472e+03
7.818596565214817019e+03
7.659714070622175313e+03
8.575012979785868083e+03
8.541309125658597623e+03
8.234276664691427868e+03
8.554528432863136914e+03
7.401479892273664518e+03
8.429878835702213109e+03
8.786852493881180635e+03
8.555876503165485701e+03
8.057660554096029955e+03
8.509242927214134397e+03
8.136047172541233522e+03
8.584522035264022634e+03
8.187869954133443571e+03
8.768234086083868533e+03
8.783404651328264663e+03
8.303720863931552230e+03
8.771428238206841343e+03
8.625408071943882533e+03
8.570998910269285261e+03
8.340783435226489019e+03
8.550747297220956170e+03
8.782887797618941477e+03
6.699065183415378669e+03
7.898011140909400638e+03
8.270461779950750497e+03
8.010752810563911225e+03
7.730847908922503848e+03
8.416415269303151945e+03
8.102190372032326195e+03
8.461084467746868540e+03
8.534484805045065514e+03
8.592872169928730727e+03
8.411079620644755778e+03
8.513577697092969174e+03
7.986323197585652451e+03
8.145115894933032905e+03
8.218277178731805179e+03
8.415567109323670593e+03
8.686856766835539020e+03
8.676678609692380633e+03
8.786925935805371410e+03
8.808614283592673019e+03
8.664152932179797062e+03
8.806556465462041160e+03
7.946211845386858840e+03
7.239752472325340932e+03
7.770992546675297490e+03
8.564873452613710469e+03
8.637370729877020494e+03
8.422814688531147112e+03
8.090076205412723539e+03
8.784805792817292968e+03
8.670324706627401611e+03
8.573203085989594911e+03
8.653069544680787658e+03
8.706462825483891720e+03
8.629584470118152240e+03
8.614824523972714815e+03
8.769895243782542821e+03
8.202030160874752255e+03
8.495153267809997487e+03
8.746641726524780097e+03
8.617816464970041125e+03
8.177602770245322063e+03
8.610808544745490508e+03
8.099329626671127699e+03
8.331476817568880506e+03
8.763673672280208848e+03
8.632393403999139991e+03
7.176400848569349364e+03
8.702138547559654398e+03
8.572095003653084859e+03
8.564480567459791928e+03
8.416170502710328947e+03
8.675439961159425366e+03
8.694820278692995998e+03
7.480786859698321678e+03
8.245252199441451012e+03
8.511977337321281084e+03
8.392406914257120661e+03
8.096125179105998541e+03
8.394862323051105705e+03
7.962573651330813846e+03
7.849320643924420438e+03
8.656181799568428687e+03
8.761259541362378513e+03
7.881083667068669456e+03
8.446516240996723354e+03
7.938019751531684960e+03
8.055457025744463863e+03
8.695282240427899524e+03
8.591248055891934200e+03
8.717852294564139811e+03
8.604411151280492049e+03
8.534397030598800484e+03
8.725065595302667134e+03
7.915612633917242420e+03
8.190600880475984923e+03
8.673212423834906076e+03
8.355828542857532739e+03
8.472590875211213643e+03
8.141350451325293761e+03
8.789336962401786877e+03
8.765385008673547418e+03
8.212716745370920762e+03
7.173483208498289969e+03
7.468687259333391012e+03
8.517355418015626128e+03
8.486992686678100654e+03
8.103900341087390188e+03
7.914524443020913168e+03
8.594437190031123464e+03
8.323331242719836155e+03
8.789771688005173928e+03
8.245431729961843303e+03
8.599346225036215401e+03
8.473916092264342296e+03
8.397038582416013014e+03
8.760718975007554036e+03
8.112075333613616749e+03
8.018639250834579798e+03
8.378250881338910403e+03
8.661061432152764610e+03
8.500915740297063167e+03
8.215743317197271608e+03
8.571762642203626456e+03
7.995362898196200149e+03
8.457072819171033188e+03
8.602195055115129435e+03
8.564156075375602086e+03
8.733032941874913377e+03
8.643605345910298638e+03
8.466554355432606826e+03
8.749980542441122452e+03
8.785681828597877029e+03
8.448283940847109989e+03
8.760774106837581712e+03
8.029570777290742626e+03
8.785348205113761651e+03
7.813016713243165213e+03
7.805081862088854905e+03
8.378806012664590526e+03
8.362520420759468834e+03
8.775208921427145469e+03
8.469632684854746913e+03
8.485127795202592097e+03
8.674830280939004297e+03
8.764128541915913956e+03
8.779233348289391870e+03
8.761231132667398924e+03
8.642510657932620234e+03
8.784805792817292968e+03
7.675801410651887636e+03
8.264508690904252944e+03
7.720456961687790681e+03
8.424251061565220880e+03
8.713278510453199488e+03
8.771975440302841889e+03
8.807284054101477523e+03
8.275326585679014897e+03
8.692899644294910104e+03
8.621512432801324394e+03
8.675079402086103073e+03
8.620187022981874179e+03
8.338167998792654544e+03
8.428299877230721904e+03
7.619598538149716660e+03
8.382464228552298664e+03
7.978203999234019648e+03
8.778455863947867329e+03
8.332190803766794488e+03
8.136731868566062076e+03
8.757548919086422757e+03
8.665566671759754172e+03
8.798449971766465751e+03
8.563698504445146682e+03
8.705756482529946879e+03
8.720324857108502329e+03
8.665437015671486733e+03
8.626381076067798858e+03
8.635670696345116085e+03
8.281627345739470911e+03
8.200215292567632787e+03
7.907886296403186861e+03
8.599517805265259085e+03
8.345722945647217784e+03
8.634024531045341064e+03
8.595391780908852525e+03
8.501634168087995931e+03
8.611270146427705185e+03
8.722291961571092543e+03
6.749774248989383523e+03
8.189642404739316589e+03
7.474059444645348776e+03
8.401638759744197159e+03
8.561045383373020741e+03
8.755937954094508314e+03
8.442060536251952726e+03
8.593087432454485679e+03
8.188131699142033540e+03
8.663590655273652374e+03
8.589414657101438934e+03
8.687962943512840866e+03
6.528297142393670583e+03
6.911600878738718166e+03
