5.288845997248375170e+03
5.263817960078278702e+03
5.320645273325162634e+03
5.214487824232319326e+03
5.080794352579867336e+03
5.271157850865319233e+03
5.207277171704739885e+03
5.199769117822791486e+03
5.278099913937552628e+03
5.307060719964542841e+03
5.376651036718090836e+03
5.326394323321272168e+03
5.199244492858679223e+03
5.193855637423944245e+03
5.294220900373153199e+03
5.253262213394731589e+03
5.099943231910235227e+03
5.317192202092007392e+03
5.390022372304688361e+03
5.348052344942927448e+03
5.377172772654992514e+03
5.271835791583467653e+03
5.326284766933792525e+03
5.378827893869140098e+03
5.306338563414168675e+03
5.381621316550725169e+03
5.249164800271784770e+03
5.337819904713131109e+03
5.315713768531099959e+03
5.058037174308803515e+03
5.333658643323082288e+03
5.223491125616279533e+03
5.080135193507041549e+03
5.259821594493500015e+03
5.393482003809502203e+03
5.348976664668563899e+03
5.394218292006412412e+03
5.358990646432739595e+03
5.295982040405433509e+03
5.385913786761859228e+03
5.139710309803908785e+03
5.217862667794441222e+03
5.351064063989602801e+03
5.360874404062806207e+03
5.286703566628642875e+03
5.345777789995940111e+03
5.119777173481450518e+03
5.393002153396868380e+03
5.308473715146754330e+03
5.376211203913318059e+03
5.377019887087350980e+03
5.388031490474343627e+03
5.312894454296643744e+03
5.373586108147303094e+03
5.317760786357901452e+03
5.314169783953137994e+03
5.291829232654075895e+03
5.393902658054552376e+03
5.381256904057659085e+03
5.370895313326142059e+03
5.346446365517305821e+03
5.389932948832743932e+03
4.962048736012990048e+03
5.234423077360666866e+03
5.153846937926151440e+03
4.776557748369956244e+03
5.328503698363669173e+03
5.120873233778487702e+03
5.001316521970007670e+03
5.336825404964954942e+03
5.203456900951856369e+03
5.327351023353463461e+03
5.314655034716241971e+03
5.167386196562948498e+03
5.160924195643809071e+03
5.018729515321088002e+03
5.305870717747284289e+03
5.388507174119878073e+03
5.367590546596535205e+03
5.278615733095981341e+03
5.364919513942324556e+03
4.960338819647385208e+03
5.333618011788921649e+03
5.235675743205937579e+03
5.394183644089058362e+03
5.259343306528635367e+03
5.238234745215038856e+03
5.337865368064396534e+03
5.273470797882219813e+03
5.333777523951712283e+03
5.366915024977254689e+03
5.240023529284006145e+03
5.306774872156734091e+03
5.271612956181924346e+03
5.329646265497164677e+03
5.229584540812159503e+03
5.328458668176033825e+03
5.345770571794522766e+03
5.344124650710295100e+03
5.375944437853977433e+03
5.283130824784537253e+03
5.303000470743099868e+03
5.360345597740621997e+03
5.235547992040089412e+03
5.192501648431849389e+03
5.324831060369659099e+03
5.295124665012063815e+03
5.263374544644336311e+03
5.021401153461337344e+03
5.327268595920593725e+03
5.323581380561435253e+03
5.180659327175016188e+03
5.024127333838011509e+03
5.376224068153332155e+03
5.189558630812416595e+03
5.396762102355074603e+03
5.291105072356387609e+03
5.190624729558525360e+03
5.341687837184555974e+03
5.200466765106375533e+03
5.272934928836339168e+03
5.142151257798775077e+03
5.388649786274138023e+03
5.377475005799046812e+03
5.357552614992458075e+03
5.214015803877946382e+03
5.359807610650810602e+03
5.393280988255761258e+03
5.267913819218780191e+03
5.379564530332857430e+03
5.152418812550436996e+03
5.373503337929728332e+03
5.161784118446596040e+03
5.393179967696564745e+03
5.378827893869140098e+03
5.355485226391840115e+03
5.301673981264610120e+03
5.336528889422363136e+03
5.385878814670930296e+03
5.360403089110859582e+03
5.316645594601117409e+03
5.379424948582279285e+03
5.349303970130102243e+03
5.388829824819742498e+03
5.307646351779701035e+03
5.301752483909067450e+03
5.357323757953925451e+03
5.373282608889870971e+03
5.284290154459862606e+03
5.288426636634120769e+03
5.275754422079760843e+03
5.368756968160789256e+03
5.361154722801178650e+03
5.349697491527820603e+03
5.389871295222206754e+03
5.375478404041823524e+03
5.389975418005804386e+03
5.347664033472376104e+03
5.328936331317932854e+03
5.207447665376462282e+03
5.259359435813745222e+03
5.344954580341435758e+03
5.365820627730618071e+03
5.297758114568753626e+03
5.326382002100583122e+03
5.285790005706682678e+03
5.288474837052435760e+03
5.263260305783775038e+03
5.253513139872679858e+03
5.275386191928660992e+03
5.381616486842838640e+03
5.361038413184212914e+03
5.353224173375778264e+03
4.838530992305792097e+03
5.347739818600006402e+03
5.275283561824309800e+03
5.193799883985939232e+03
5.288860713313199085e+03
5.334612566114103174e+03
5.346285212360366131e+03
5.284295149045725339e+03
5.316600190489822126e+03
5.228151746534403173e+03
5.260722899266646891e+03
5.337600857829902452e+03
5.355997204966213758e+03
5.165533699394155519e+03
5.366743399888502609e+03
5.160311691171271377e+03
5.314192192200061982e+03
5.227671674065799380e+03
5.259648666175196013e+03
5.282413284018512968e+03
5.199167338137798652e+03
5.364230248555835715e+03
5.182294079008132030e+03
5.368991675005156139e+03
5.340444766082140632e+03
5.347126260712792828e+03
5.138932911720553420e+03
5.246470142927772940e+03
5.266244044362167188e+03
5.361154722801178650e+03
5.259648666175196013e+03
5.311953156480262805e+03
5.047663757486503528e+03
5.291682199107061933e+03
5.107621982098353328e+03
5.222109569688079318e+03
5.265831650997497491e+03
5.395390122117605642e+03
5.218798693442978220e+03
5.263820880239937651e+03
5.323362455841726842e+03
5.365708866185601437e+03
5.378666393752449949e+03
5.077857087763779418e+03
5.317772432675665186e+03
5.275973351526558872e+03
5.212743845680431150e+03
5.365359252166630540e+03
5.393264688207120344e+03
5.370431700960395574e+03
5.166793058798824859e+03
5.306372066274225290e+03
5.171222446927873534e+03
5.359984577024657483e+03
5.067284618923313246e+03
5.272687334782026483e+03
5.357895863076033493e+03
5.224331966539921268e+03
5.380709663217312482e+03
5.205353091196213427e+03
5.359798339526403652e+03
5.221867490040684061e+03
5.391642283550016145e+03
5.385325617287939167e+03
5.249164800271784770e+03
5.391488180036002632e+03
5.222317396625625406e+03
5.226708504631707001e+03
5.347220351535323061e+03
5.153438839329699476e+03
5.258631074892346078e+03
5.384328588596306872e+03
5.333687129156422088e+03
5.363937685928993233e+03
5.391488180036002632e+03
5.338983398505493824e+03
5.282770296419601436e+03
5.375859567545820028e+03
5.269464535459519539e+03
5.366981959471925620e+03
5.268537122840188204e+03
5.392429363255076169e+03
5.216198098238395687e+03
5.356604336228871034e+03
5.350841794866058081e+03
5.321083031171443508e+03
5.005586923981167274e+03
5.373133499641204253e+03
5.163092213620353505e+03
5.181263034171057370e+03
5.394876123291087424e+03
5.171230972257306348e+03
5.317192202092007392e+03
5.276623315440776423e+03
5.324087821782541141e+03
5.364136645440049506e+03
5.240916698365554112e+03
5.393206736118797380e+03
5.354357997299826820e+03
5.357569236365541656e+03
5.389331224314270003e+03
5.262053577191816657e+03
5.002100056781094281e+03
5.326592404729692134e+03
5.212729698570606161e+03
5.331195218353310338e+03
5.206682141340841554e+03
5.378610108511377803e+03
5.353609693240340675e+03
5.268644877195520166e+03
5.239509249884813471e+03
5.387843692633836326e+03
5.311756672778623397e+03
5.291918879664991437e+03
5.326701061605690484e+03
5.349551680577853404e+03
5.389223795171006714e+03
5.351108486045298378e+03
5.300782422843714812e+03
5.327853708649483451e+03
5.387115485272410297e+03
5.338573494362988640e+03
5.095881714196089888e+03
5.364619777518080809e+03
5.365592379694616284e+03
5.296244234072955805e+03
5.274429745658730099e+03
5.124099551198816698e+03
5.343592997395797283e+03
5.261344601992081152e+03
5.302050022202860418e+03
5.181062932531453043e+03
5.311103981889493298e+03
5.272617588351129598e+03
5.218221316237159954e+03
5.316971509131965831e+03
5.215331021728363339e+03
4.942390796040048372e+03
5.170522749300081159e+03
5.390518419816571623e+03
5.214696040201870346e+03
5.374980549793210230e+03
5.377137695482985691e+03
5.369577732597447721e+03
5.376026450233079231e+03
5.320721567886389494e+03
5.363186750727209073e+03
5.373084702530654795e+03
5.188068658165872876e+03
5.206973453089691247e+03
5.392662143066009776e+03
5.313764333459583213e+03
5.272617544778348019e+03
5.384781501079334703e+03
5.380901381591143945e+03
5.344939835893110285e+03
5.310253375696916009e+03
5.380088540246593766e+03
5.108508175244031008e+03
5.339683083924028324e+03
5.286003157896529956e+03
5.373790153687319616e+03
5.315717518950690646e+03
5.219315312763753354e+03
5.118212509259617036e+03
5.266349872102125119e+03
5.372640685404260694e+03
5.072374549082935118e+03
5.243343620717395424e+03
5.293352339458149800e+03
5.377080233526391567e+03
5.322752873929175621e+03
5.330758063223865975e+03
5.212095048854102060e+03
5.123132027415803350e+03
5.275092746693047957e+03
5.354991494763933588e+03
5.162897151351126013e+03
5.394188804372844061e+03
5.282175125054747696e+03
5.178306016424810878e+03
5.314415921055800936e+03
5.298366110836593180e+03
5.336024914081661336e+03
5.351783606498810514e+03
5.326756845163452454e+03
5.305288898740408513e+03
5.362556975989089551e+03
5.218861090231499475e+03
5.390756688590941849e+03
5.308172830107925620e+03
5.378752878715564293e+03
5.148403380821813698e+03
5.337600857829902452e+03
5.242808608529083358e+03
5.310487696158334074e+03
5.338462955076214712e+03
5.180988680727166866e+03
5.162897151351126013e+03
5.325501759745436175e+03
5.356942573929765786e+03
5.229216635061875422e+03
5.266349872102125119e+03
5.226511935440109482e+03
4.923249933455433165e+03
5.036810837924935186e+03
5.289219239920744258e+03
4.921305877415245050e+03
5.379481864209788000e+03
5.140494330889104276e+03
5.182881741591991158e+03
4.996855100929697073e+03
5.053614665171998240e+03
5.258950321501413782e+03
5.315745575567411834e+03
5.380898737977502606e+03
5.142189290856604202e+03
5.339249154256624024e+03
5.257742994118514616e+03
5.353248708149985760e+03
5.381959977401749711e+03
5.273052671038169137e+03
5.346278926160419360e+03
5.118946216807647943e+03
5.215541915971514754e+03
5.211418939836446953e+03
5.393908983388952947e+03
5.334844315888911296e+03
5.341284849142568419e+03
5.272458367183980954e+03
5.312951412163914938e+03
5.382431593130771944e+03
5.163805470811999839e+03
5.344685189926747626e+03
5.198968006269818034e+03
5.361158098586995948e+03
5.290880022025994549e+03
5.395650570264066118e+03
5.071165619326917295e+03
5.336756459713090408e+03
5.290403763947431798e+03
5.383378577974359359e+03
5.380197598807763825e+03
5.359819498663683589e+03
5.033214343242676478e+03
5.138298151131194572e+03
5.303081192246472710e+03
5.353609693240340675e+03
5.370310124524388812e+03
5.301857930714388203e+03
5.088042525092293545e+03
5.391097354627037930e+03
5.360906792634506019e+03
5.378017191230170283e+03
5.159007560622254459e+03
5.393902658054552376e+03
5.370884855707255156e+03
5.005400778838958104e+03
5.396294296832029431e+03
5.370995518328703838e+03
5.033214343242676478e+03
5.202785679713853824e+03
5.355120574528247744e+03
5.384328588596306872e+03
5.309611733462104894e+03
5.168722913579795204e+03
5.347289445192236599e+03
5.328865322828143690e+03
5.344715156566473524e+03
5.315692655947797903e+03
5.288808569038788846e+03
5.248386815679515166e+03
5.387636140916230033e+03
5.033214343242676478e+03
5.230309677848372303e+03
5.390941265431245483e+03
5.256259990381892749e+03
5.359888825378086040e+03
5.217473485613039884e+03
5.369733942325863609e+03
5.219272339261827256e+03
5.306510953529388644e+03
5.370995518328703838e+03
5.387323547715196582e+03
5.183317662632207430e+03
5.318073059240559814e+03
5.375414201010808938e+03
5.379044249153832425e+03
5.338872751080215494e+03
5.093476355126123963e+03
5.175868385572210173e+03
5.382536313702193183e+03
5.336148123876233512e+03
5.311953156480262805e+03
5.375567909673335635e+03
5.362817436562800140e+03
5.249164800271784770e+03
5.205842313183980878e+03
5.288567072167383230e+03
5.320620489269631435e+03
5.347602362926359092e+03
4.980651420240958032e+03
5.229659709736910372e+03
5.266042947782507326e+03
5.056390562014628813e+03
5.236422736570758389e+03
5.294360867089691055e+03
5.259091553135742288e+03
5.358824982831071793e+03
5.198611431014551272e+03
5.248258353711449672e+03
5.342258805597283754e+03
5.242447028479069559e+03
5.321375935718408073e+03
5.318231320576158396e+03
5.388330721268553134e+03
5.394454978131843745e+03
5.370315534967749045e+03
5.366422020939461618e+03
5.392065847616955580e+03
5.324427563816539987e+03
5.373889473480614470e+03
5.325247613890404864e+03
5.341623268699655455e+03
5.323922319564269856e+03
5.243090286880804342e+03
5.216347576329699223e+03
5.333773357291928733e+03
5.343433122750341681e+03
5.194788623549124168e+03
5.159627440351036057e+03
5.344033899904916325e+03
5.354947952697792061e+03
5.296473579077743125e+03
5.379002318382741578e+03
5.257002058424728602e+03
5.313663757275033277e+03
5.178948551558125473e+03
5.235414992805093789e+03
5.213719463874551366e+03
5.287521684335257305e+03
5.374285908202498831e+03
5.339291728208052518e+03
5.362235979299137398e+03
5.223846496441827185e+03
5.048597691312150346e+03
5.364302955532074520e+03
5.389012641737318518e+03
5.308704304134913400e+03
5.279712320433885907e+03
5.297703763169398371e+03
5.259253108564946160e+03
5.037436360840960333e+03
5.070595638907382636e+03
5.343427848005143460e+03
5.395059245654010738e+03
5.365452419382325388e+03
5.342818421310123995e+03
5.361751373045421133e+03
5.238834971965580735e+03
5.297792266230007954e+03
5.206323067269718194e+03
5.300355293021759280e+03
5.364438317637858745e+03
5.223568287153620986e+03
5.368419466092631410e+03
5.307646351779701035e+03
5.271520430723467143e+03
5.392871428677451149e+03
5.348857898073078104e+03
5.386240723062208417e+03
5.308881284396553383e+03
5.088389882701758324e+03
5.364323562764337112e+03
5.337656218167408952e+03
5.342621508737718614e+03
5.343120347355132253e+03
5.394273565837491333e+03
5.297470020873432986e+03
5.365184089469653372e+03
5.392065847616955580e+03
5.233301633760077493e+03
5.189605041588254608e+03
5.360346581903460901e+03
5.311068154619222696e+03
5.119373123506993579e+03
5.255551044768491010e+03
5.310495967221284445e+03
5.320843480887043370e+03
5.388919130299396784e+03
5.369870797889874666e+03
5.328139582573597181e+03
5.379366817546369020e+03
5.230808770549197106e+03
5.232463773714835042e+03
5.332668627013166770e+03
5.243186061246816280e+03
5.165167118657913306e+03
5.335337413853731960e+03
5.365419172014510877e+03
5.364429756057843406e+03
5.356045630048751264e+03
5.263305490359702162e+03
5.225783523048594361e+03
5.283475141506932232e+03
5.365979092097768444e+03
5.313051769515148408e+03
5.306518149041170545e+03
5.324827983326059439e+03
5.249164800271784770e+03
5.392540194522896854e+03
5.200098764168695197e+03
5.146529484037098882e+03
5.354159869106893893e+03
5.329981979026605586e+03
5.384794038020114385e+03
5.288715722912898855e+03
5.362628706562343723e+03
5.257076866769777553e+03
5.395422572751705957e+03
5.383167030442726173e+03
5.207092965131804704e+03
5.358631285577946983e+03
5.370767684715191535e+03
5.377721447314181205e+03
5.300422152906860902e+03
5.271349353916320979e+03
5.386867027926216906e+03
5.353437905366267842e+03
5.307896337262363886e+03
5.389442360732427005e+03
5.375831079387602585e+03
5.358935342675046741e+03
5.293566653012306233e+03
5.128082758594357074e+03
5.219899341376334633e+03
5.347949059516431589e+03
5.262196600527168812e+03
5.340303022266457447e+03
5.268146190680460677e+03
5.385656908698445477e+03
5.243171800516074654e+03
5.374393875740428484e+03
5.255149800232702546e+03
5.220919495341694528e+03
5.290102950283218888e+03
5.387843692633836326e+03
5.168691307908228737e+03
5.380226696911837280e+03
5.117433821193477343e+03
5.396447204606910418e+03
5.166049411675187002e+03
5.360268149418651774e+03
5.237591944261802382e+03
5.370530405208628508e+03
5.342217082638520878e+03
5.177581194850767133e+03
5.380269188353257050e+03
5.312065101308633530e+03
5.129840548007961843e+03
5.293379056023492012e+03
5.380820891997957006e+03
5.354995157170514176e+03
4.907415781348649034e+03
5.255515759199818604e+03
5.285618368666193419e+03
5.386952380964721669e+03
5.351108486045298378e+03
5.357357647953222113e+03
5.343704703240095114e+03
5.370207281163277003e+03
5.219822667063891458e+03
5.371972750014061603e+03
5.379428767861665619e+03
5.217617408702853936e+03
5.246254569655149680e+03
5.157242706779552464e+03
5.170635282816489052e+03
5.247142136408627266e+03
5.289837041084357224e+03
5.222749381239797913e+03
5.291268725440449089e+03
5.173730247183559186e+03
5.321390172370069195e+03
5.386674689627981024e+03
5.372636234376139328e+03
5.256253228478704841e+03
5.155903041615163602e+03
5.377988261619944751e+03
5.337600857829902452e+03
5.259821594493500015e+03
5.351317685832502320e+03
5.089917138640836129e+03
5.317952396163118465e+03
5.354629944058549881e+03
5.380851938340756533e+03
5.356389256103042499e+03
5.286244633462501952e+03
5.162897151351126013e+03
5.189640665143709157e+03
5.238670155442030591e+03
5.273191770862215890e+03
5.280166158448035276e+03
5.233562719654157263e+03
5.310923631457437295e+03
5.359553346778378909e+03
5.228633421608648860e+03
5.224431001806511631e+03
5.288300663236024775e+03
5.356064099549328603e+03
5.388333128788966860e+03
5.345109551817237843e+03
5.195914571303349476e+03
5.200563723771596415e+03
5.335879662218187150e+03
5.229837152923848407e+03
5.259134340698552478e+03
5.349707724014869200e+03
5.379280595041142988e+03
5.388290853250680811e+03
5.238273033454948745e+03
5.354179426559345302e+03
5.272458367183980954e+03
5.280011782517653046e+03
5.352225263934364193e+03
5.373240969090225917e+03
5.187394870968362738e+03
5.325164583485521689e+03
5.204609699851014739e+03
5.387888826946226800e+03
5.205353091196213427e+03
5.381082474066359282e+03
5.322218738566307366e+03
5.242097178306583373e+03
5.255897610358690144e+03
5.326651206930006083e+03
5.310619196536264099e+03
5.278728118212730806e+03
5.272500829578664707e+03
5.193585421567328012e+03
5.349815998355074044e+03
5.368538933364521654e+03
5.124315490445002069e+03
5.314478753256057644e+03
5.114592780669368040e+03
4.949388890581166379e+03
5.380184784081884573e+03
5.132662851203939681e+03
5.241785449685993626e+03
5.210877878112774852e+03
5.271155367683191798e+03
5.302408462073180999e+03
5.314009494837130660e+03
5.323636488376754642e+03
5.271047751890680956e+03
5.346419942269068997e+03
5.259433421607776836e+03
5.385901655477022359e+03
5.375751716962617138e+03
5.125648665021635679e+03
5.370067634079015988e+03
4.902191961153790544e+03
5.253138737270989623e+03
5.337983769307835246e+03
5.338124318638587283e+03
5.387683578245585522e+03
5.343361512479419616e+03
5.312978781802192316e+03
5.356143025261430012e+03
5.022595757147955737e+03
5.295821448659376983e+03
5.381845654344520881e+03
5.227030838332135318e+03
5.358012863771758020e+03
5.345886872097512423e+03
5.274893062408665173e+03
5.265431846553267860e+03
5.344798157065448322e+03
5.199424427649108111e+03
5.235297018075170854e+03
5.379745883329643220e+03
5.377409225153272018e+03
5.346653431280958102e+03
5.279242352543207744e+03
5.349815998355074044e+03
5.374598559473275600e+03
5.379068501030793414e+03
5.344659508144247411e+03
5.395727039487695947e+03
5.302668757964051110e+03
5.392813536153764289e+03
5.367090188177460732e+03
5.249768084847512000e+03
5.249164800271784770e+03
5.225152806359327769e+03
5.381831050381474597e+03
5.212573534683375328e+03
5.083432985862192254e+03
5.389307015177248104e+03
5.337600857829902452e+03
5.246354949664850210e+03
5.268008987885226816e+03
5.273918711393927879e+03
5.383292631111908122e+03
5.237324095806639889e+03
5.306953613353853143e+03
5.396074741139849721e+03
5.352861829516930811e+03
5.353482115804366003e+03
5.376093608023946217e+03
5.234018657854937373e+03
5.234021732074736065e+03
5.246804779697264166e+03
5.316268568601180959e+03
5.159024074732737063e+03
5.382211472526769285e+03
5.367038763846181610e+03
5.373503337929728332e+03
5.343741044275541753e+03
5.287004417780844051e+03
5.379105616751154230e+03
5.295123956891454327e+03
5.240734138189026453e+03
5.317937926261251960e+03
5.334687312665872014e+03
5.151440061137642260e+03
5.268174208726075449e+03
5.155409180266975454e+03
5.325512880429055258e+03
5.086683169709403955e+03
4.941338778912626367e+03
5.363258623820569483e+03
5.322837503839969031e+03
5.257743595851208738e+03
5.275921867819395629e+03
5.344586359835235271e+03
5.354330865783038462e+03
5.288628730245569386e+03
5.233736002246968383e+03
5.293826017592678909e+03
5.334151799588749782e+03
5.382726503313677313e+03
5.380518568899698948e+03
5.361278037726413459e+03
5.281270130747049734e+03
5.358170985826914148e+03
5.043010588794111754e+03
5.348541661299660518e+03
5.291076558254931115e+03
5.327052075321922530e+03
5.337656218167408952e+03
5.281517145226820503e+03
5.127431276767400050e+03
5.382211472526769285e+03
5.339774840251564456e+03
5.236885132442433132e+03
5.148679128018535266e+03
5.229371360398043180e+03
5.224918603715290374e+03
5.333897564147380763e+03
5.280882572778328722e+03
5.280011782517653046e+03
5.370224498478766691e+03
5.314571534746924044e+03
5.238368476262285185e+03
5.396138548179269492e+03
5.368805680588755422e+03
5.353761538024779838e+03
5.279164138886310866e+03
5.135003718185218531e+03
5.375621963701233653e+03
5.254157364535461056e+03
5.309696825723334769e+03
5.366885242910532725e+03
5.363183456188846321e+03
5.226215670692588901e+03
5.178157757105372184e+03
5.286907459898498018e+03
5.265821374797438693e+03
5.367907552809549088e+03
5.354495680770500257e+03
5.287346649678610447e+03
5.353905544549335900e+03
5.351483282788889483e+03
5.170002483852353180e+03
5.033214343242676478e+03
5.364429756057843406e+03
5.334679388927679611e+03
5.364076238651037784e+03
5.392653602788730495e+03
5.239445156019142814e+03
5.332891510576575456e+03
5.143961309329719370e+03
5.382733523712802707e+03
5.336426827388050697e+03
5.393820708485653086e+03
5.267434227664571154e+03
5.300238365583678387e+03
5.097501579789577590e+03
5.151293952712073406e+03
5.369045872123808294e+03
5.357895863076033493e+03
4.925644404149608818e+03
5.196731146913212797e+03
5.235203404229036096e+03
5.374189028078767478e+03
5.360708804035632056e+03
5.337478416365650446e+03
5.145614221819780141e+03
5.080135193507041549e+03
5.268611466498983646e+03
5.253121666367422222e+03
5.327569185347874736e+03
5.370787533795217314e+03
5.328720682282188136e+03
5.213715028195381819e+03
5.298713271617602004e+03
5.393784006763722573e+03
5.370915742596765085e+03
5.333115746695885719e+03
5.354252517188437196e+03
5.159679887803673410e+03
5.291891283799055600e+03
5.358104407846793947e+03
5.350644990306886029e+03
5.377778721390686769e+03
5.314192192200061982e+03
5.386867027926216906e+03
5.365882243852063766e+03
5.275385708109059124e+03
5.278175456001793464e+03
5.223053676201089729e+03
5.124904186316913183e+03
5.330601415346823160e+03
5.350356742471230973e+03
5.295615013430988256e+03
5.124377954869524729e+03
5.265564836520294193e+03
5.357822159834344347e+03
5.260503546314886989e+03
5.341169850466794742e+03
5.371045346470766162e+03
5.280925297664800382e+03
5.293488630466650648e+03
5.241457388746655852e+03
5.307782228035084700e+03
5.297503033274495465e+03
5.253979396205382727e+03
5.324312474161565660e+03
5.320126400555633154e+03
5.045959635934328617e+03
5.280084800353582978e+03
5.293429029257933507e+03
5.321338082298245354e+03
5.333714407865782050e+03
5.315122197347767724e+03
5.244028026034420691e+03
5.374591984765628695e+03
5.350971614052463337e+03
5.288387728900318507e+03
5.387264778719048991e+03
5.269972665405563021e+03
5.358519936932013479e+03
5.377409225153272018e+03
5.306467180869620279e+03
5.334478163941240382e+03
5.353892125256252257e+03
5.272313023267570316e+03
5.353989457199799290e+03
5.328917720037021354e+03
5.337969533711859185e+03
5.223699787014405956e+03
5.337124799535769853e+03
5.392501709692107397e+03
5.277858167911248529e+03
5.395327089568753763e+03
5.115025723847525114e+03
5.240487946473404008e+03
5.298033366241626936e+03
5.379481864209788000e+03
5.369502261707610160e+03
5.322376909671260364e+03
5.211898460560108106e+03
5.280123976561960262e+03
5.287536205729489666e+03
5.209735821399992346e+03
5.365934716537767599e+03
5.287204502979435347e+03
5.241737511761268252e+03
5.385325617287939167e+03
5.021054777362696768e+03
5.274297638806190662e+03
5.249304308724791554e+03
5.018435302446332571e+03
5.345854227127734703e+03
5.371163682057020196e+03
5.349099211649481731e+03
5.372756819224830906e+03
5.386140446206470187e+03
5.335263206619399170e+03
5.286175459064896131e+03
5.180659327175016188e+03
5.340523797080064469e+03
5.369755177840661418e+03
5.349444969937001588e+03
5.230155851917802465e+03
5.273651555034190096e+03
5.351994668021597136e+03
5.335071608000953347e+03
5.334691927779969774e+03
5.029653004124901599e+03
5.191774912841567129e+03
5.283327347535889203e+03
5.106543237311850135e+03
5.372426635866361721e+03
5.320659824745497644e+03
5.372383583600283600e+03
5.170522749300081159e+03
5.239445156019142814e+03
5.250620532364737301e+03
5.335892382174374688e+03
5.323447085962365236e+03
5.166834479511368045e+03
5.313265179939640802e+03
5.320562166112264094e+03
5.041340400648602554e+03
5.359555711201729537e+03
