8.005549074278905209e+03
7.587064055396283948e+03
7.736989172513814992e+03
7.237877180817739827e+03
8.105908089379478042e+03
8.087246247663856593e+03
7.142372876515113603e+03
7.412287060723452669e+03
8.158473720592648533e+03
7.506395099139384911e+03
7.846554634417398120e+03
7.759934884881720791e+03
8.112632795299436111e+03
7.466428234538163451e+03
8.148347258529929604e+03
7.641681796283597578e+03
7.509123981124093007e+03
7.706203232723687506e+03
8.009192089657010001e+03
7.905986036137706833e+03
8.111060540716782270e+03
7.479111860956321834e+03
7.841946579427345569e+03
7.695412304903610675e+03
7.844611338897493624e+03
7.965925575924498844e+03
7.993041122284397716e+03
8.098556644660149686e+03
7.916550381345747155e+03
7.393117300070586680e+03
8.161270117264890359e+03
7.681626587544646100e+03
7.862186052363326780e+03
7.434456960632963273e+03
8.097353506559854395e+03
8.127211621279315295e+03
8.006514545918447766e+03
7.979126272694837098e+03
7.538331215609253377e+03
8.098032028451904807e+03
8.159111241287004304e+03
7.736722817478166689e+03
7.853554803292531687e+03
7.639082525456908115e+03
8.012599272878517695e+03
7.754497826879818604e+03
7.725822663282224312e+03
7.901598793458631917e+03
7.678365601244704521e+03
7.284716960881552041e+03
7.581634024351350490e+03
7.714215512423762448e+03
8.103606970997041572e+03
7.700698522650171071e+03
7.554181646870607437e+03
7.600372926054585150e+03
7.833874802981658831e+03
8.162006485595115009e+03
8.106281857415577178e+03
7.942662370079754510e+03
7.885500405099208365e+03
7.961702920441838614e+03
7.302806957868453537e+03
7.735654665813557585e+03
8.134520768710595803e+03
7.870508478538176860e+03
7.994730093267956363e+03
7.886857568040196384e+03
7.348072800450158866e+03
8.120463549145326397e+03
7.856769516898693837e+03
8.079445981071936330e+03
8.105876484950931626e+03
6.989112924316817953e+03
8.092174785875815360e+03
7.775735494095630202e+03
8.073841072938801517e+03
8.047696272450732067e+03
7.756440908416157072e+03
7.982405333600284393e+03
7.899011786127649430e+03
8.073880630989984638e+03
7.989038866201265591e+03
7.209379070125806720e+03
7.845286556539251251e+03
8.066816301806261436e+03
7.889590207323091818e+03
7.217956338699397747e+03
7.985438002459647578e+03
7.438960998395159550e+03
7.993353396721863646e+03
8.034794857632986350e+03
7.907944783685385119e+03
7.694737540137059113e+03
8.064934503693404622e+03
6.835586104373149283e+03
8.076882478708152121e+03
8.067730357450774136e+03
8.145520207228763866e+03
7.828052258991812778e+03
7.993490426169319107e+03
7.302294812970807470e+03
7.809229755468687472e+03
8.024710294986263762e+03
7.773011036237548979e+03
8.010354269532964281e+03
7.756050536165846097e+03
7.047004503817965087e+03
7.931592457420745632e+03
7.781781106349166294e+03
8.109324108257081207e+03
8.127860780228514159e+03
8.064934503693404622e+03
7.460171293825875182e+03
8.014419623718027651e+03
7.805811265397335774e+03
7.211621624658829205e+03
7.105429209805549362e+03
8.127248242732925974e+03
7.844348092532001829e+03
7.951244469009811837e+03
7.568390155061410042e+03
7.797372533002872842e+03
8.115599049750027916e+03
8.114776816202977898e+03
7.782736171732984076e+03
8.088847221857986369e+03
6.826105971792740092e+03
8.099470046285679928e+03
7.439610186888781755e+03
7.936217484524555402e+03
8.016067001487306698e+03
7.887187482138335326e+03
8.093832523629071147e+03
7.755699819228073466e+03
7.688076714680413716e+03
7.917131081895438911e+03
8.110583342306167651e+03
7.081119582740829173e+03
7.961773120863854274e+03
8.116784501304187870e+03
8.067831982924571093e+03
7.788033176565394569e+03
6.394405222201899960e+03
7.520906792343525922e+03
7.782024729268536248e+03
7.822046569203803301e+03
7.946066839550186160e+03
7.419802276636357419e+03
8.018897205064873560e+03
7.403450978691509590e+03
7.906986520114825908e+03
8.054619388562558925e+03
7.891579293193228295e+03
8.086025037318892828e+03
8.075577181387782730e+03
7.629619861205248526e+03
7.952505381689629758e+03
7.824399772018204203e+03
8.097158481227101220e+03
8.020687531871951251e+03
8.016067001487306698e+03
7.854861855295653186e+03
8.158554533124529371e+03
7.510483109320852236e+03
8.135483181657922614e+03
7.720806884838982114e+03
7.996277966490776635e+03
7.973427473693532193e+03
7.307476747779376637e+03
7.577511317006521494e+03
7.694031861475315964e+03
7.870591198677137072e+03
7.849480074890679134e+03
8.049438557564334587e+03
8.030509033628467478e+03
8.104223411560262321e+03
8.156344845007975891e+03
8.144784781279879098e+03
7.627478665046890455e+03
7.309423716849069024e+03
7.134207112995494754e+03
7.651710942864448043e+03
7.937241650558990841e+03
7.939581257273121082e+03
7.882419035796817298e+03
8.074764455506017839e+03
7.896829818224633527e+03
7.021877495778359844e+03
7.940369236943544820e+03
7.840777646357308186e+03
7.214218209123399902e+03
8.131852372142257082e+03
6.828308438845950150e+03
8.004402398755566537e+03
7.610543464459537972e+03
7.142245120792570560e+03
7.525472214389636974e+03
8.060015779742685481e+03
7.577713901883265862e+03
8.125271280670245687e+03
7.701646784241650494e+03
7.761424826987874440e+03
7.791339147874732589e+03
7.828789137590500104e+03
7.891625163061637977e+03
8.038130036230908445e+03
7.701414671687974987e+03
7.993888888940105971e+03
7.679703600640828881e+03
7.799930231786201148e+03
7.223090026587081411e+03
8.034198992296584038e+03
8.030775445394388043e+03
7.940757756451690511e+03
7.584061560868572997e+03
8.130362135499177384e+03
7.979597419377421829e+03
8.044189441748983882e+03
8.133131161592926219e+03
8.151452989663636799e+03
7.123315969138931905e+03
7.642948483982433572e+03
8.149383364900458218e+03
7.428774882562225685e+03
7.454434097784605910e+03
7.965619630335530019e+03
8.139354690115855192e+03
8.110340551442022843e+03
8.099601778167395423e+03
7.703566317358743618e+03
8.090281856409921602e+03
7.754401739750850538e+03
7.462977576912724544e+03
7.736602967034003996e+03
6.802024020943883443e+03
8.158331690179683392e+03
7.781939304207768146e+03
8.008418484353933309e+03
7.884752787869634631e+03
8.026787652777529729e+03
7.412071986344590186e+03
8.129563621440940551e+03
7.281197806535734344e+03
8.064101596089920349e+03
8.007409679972539379e+03
8.085901297361451725e+03
7.093714747666850599e+03
7.739943026602870304e+03
8.152290714181624026e+03
7.261654044059395346e+03
7.702294160124868540e+03
7.752265084701427440e+03
8.001257628845683939e+03
8.072853990985028759e+03
8.150705287054420296e+03
8.153803932223851007e+03
7.480665945826752250e+03
8.129860745063446302e+03
7.517874864872861508e+03
8.073816756347376213e+03
7.298821985556487562e+03
7.021200289589320164e+03
7.695184798505940307e+03
7.391976784061641411e+03
8.132161379737302923e+03
8.018608000318680752e+03
7.759053698446462477e+03
7.933662875181355048e+03
8.010547284762823438e+03
7.965846199208920552e+03
7.486698978522841571e+03
7.315042240596365446e+03
7.278507765639600620e+03
7.484344767729116938e+03
8.014808064192735401e+03
7.978067596136726934e+03
8.072219566390226646e+03
7.530217221413506195e+03
8.035531419385602931e+03
8.037791469230372968e+03
7.404075671508462619e+03
7.797164432875235434e+03
7.395154575731730802e+03
8.098062454948094455e+03
7.171623134899015895e+03
7.523617409126361963e+03
7.679301281238007505e+03
7.785650956628312997e+03
7.918915138569008377e+03
7.991784739792170512e+03
8.028876689841566986e+03
7.415940180850424440e+03
7.940040792365445668e+03
7.938327789649944862e+03
8.037767720252337313e+03
8.054001273085768844e+03
7.915724106570814001e+03
7.716536117933961577e+03
8.044441404783983671e+03
8.046939338847461840e+03
7.978728050839760726e+03
7.384445675600622053e+03
7.561991544621826506e+03
8.117783983496842666e+03
8.079029056691866572e+03
7.461526253965039359e+03
7.158690952075685345e+03
7.979834685706783603e+03
7.791756376528224791e+03
7.767578128790809387e+03
8.153835158580783173e+03
7.393835255124566174e+03
7.656829261100185249e+03
7.685191811444121413e+03
7.563411323654467196e+03
7.939697471217763450e+03
8.068910150202765180e+03
7.631685627140569522e+03
7.891270218233699779e+03
7.881724012285491881e+03
8.101077411923137333e+03
8.095113010044010480e+03
8.026564723325764135e+03
8.045555827631049397e+03
7.679192977390276610e+03
7.012109182547439559e+03
8.099623850406934253e+03
8.134595380177455809e+03
7.885799645749894808e+03
7.866538814043063212e+03
8.104390806443257134e+03
7.770395707977744678e+03
7.875897319579918985e+03
7.693625560871082598e+03
8.057555083721100345e+03
7.672161271868872973e+03
8.129490356939586491e+03
8.103470363143524082e+03
7.936108162802348488e+03
8.146469371889013019e+03
8.129988363760172433e+03
7.868294097333736318e+03
7.507203830799606294e+03
7.615106787994018305e+03
7.855644054444619542e+03
7.898012792115978300e+03
8.121382289676253095e+03
7.509298253020994707e+03
8.098271371360653575e+03
7.528157860369115951e+03
7.982017145208039437e+03
7.543932260292156570e+03
7.567145707557214337e+03
7.875048590597715702e+03
7.822553069139623403e+03
7.848390027322639071e+03
8.067689889752437011e+03
7.256486830758947690e+03
7.723196452739051892e+03
7.474795404278125716e+03
7.941953938903077869e+03
8.135652935843039813e+03
8.094757581586814922e+03
8.088443273277634944e+03
8.027436583110687934e+03
7.502826978343797236e+03
7.896923270950443111e+03
7.076132830942004148e+03
6.741770857521804828e+03
7.834720542730508896e+03
8.112877142687821106e+03
8.128488330853285333e+03
8.064934503693404622e+03
7.692882362497403847e+03
7.861943435164682342e+03
7.969000230215880947e+03
8.060614761262646425e+03
7.643530566768864446e+03
7.894128450314472502e+03
8.088097249242295220e+03
8.092824056447196199e+03
7.976868243661979250e+03
8.082850108717853800e+03
7.800347942145198431e+03
7.961991450982343849e+03
8.007235037065684082e+03
7.975565304629210004e+03
7.634679358615312594e+03
6.861974889133971374e+03
8.030269139270272717e+03
7.866763618580111142e+03
7.356191719460297463e+03
8.020968039422172296e+03
7.889536538128750180e+03
7.909668541210668991e+03
7.702200381627412753e+03
8.124254553917218800e+03
8.001553808750119060e+03
7.975052408310775718e+03
8.094585366747531225e+03
8.149582676863596134e+03
7.900252532952955335e+03
8.021934488583180610e+03
8.112426621703963065e+03
7.534479637754800024e+03
7.243551446558323732e+03
8.147821657729338767e+03
7.968539992423285184e+03
8.155988930727614388e+03
7.675435857025862788e+03
7.081119582740829173e+03
7.629619861205248526e+03
8.100216415098455400e+03
7.333794438111486670e+03
8.095054315507940373e+03
7.860457738375176632e+03
7.817679688400317900e+03
7.957650977720113588e+03
7.436581521291211175e+03
7.671786157761725917e+03
8.054566764641007467e+03
7.629930300298266957e+03
7.443284797283400621e+03
7.690086453443378559e+03
8.114639999954937593e+03
7.994107578420906066e+03
8.122176967417035485e+03
7.729903817060760957e+03
7.481721243185817002e+03
7.720390216395901007e+03
7.712735570253424157e+03
8.080366832857734153e+03
7.975476333711658299e+03
7.710396693044185668e+03
7.506414939917207448e+03
8.012575751979638881e+03
7.729646070492632134e+03
8.049575117195823623e+03
7.796844788354736011e+03
7.373002885086613787e+03
8.098222518514298827e+03
8.128572981011006959e+03
7.654766227488790719e+03
7.978967960878086160e+03
7.850539713325233606e+03
7.656431768200815895e+03
7.741091809164301594e+03
8.101870861466923088e+03
6.668396976639522109e+03
7.465368910724042507e+03
7.008834694764595042e+03
8.158392122786903201e+03
8.094606412383879615e+03
7.589798243078010273e+03
8.150938929569349057e+03
7.665656982048323698e+03
7.451767372910902850e+03
7.095890100669392268e+03
7.081337421883155002e+03
7.745446143620183648e+03
7.938402544020468667e+03
7.722220227776624597e+03
8.084421202385476136e+03
7.972315645297036099e+03
7.842109027420248822e+03
7.182687147528230525e+03
7.912339625890188472e+03
7.802589904478177232e+03
8.131932648611427794e+03
7.902858401311411399e+03
7.994349309236803492e+03
8.030104962403685022e+03
7.792891815615441374e+03
7.888178434619941982e+03
7.782024729268536248e+03
7.883492788442774327e+03
8.061537479008897208e+03
8.156450655723448108e+03
8.065205187615129944e+03
7.813506175354404149e+03
7.663820681748530660e+03
8.083253974754134106e+03
8.001707622412302044e+03
7.888169767583968678e+03
7.992535136917256750e+03
7.752639270664491960e+03
7.767201163620279658e+03
7.971332125678559350e+03
7.206130071281202618e+03
7.573349261319808647e+03
7.194824876212253002e+03
8.064934503693404622e+03
8.115997524487121154e+03
7.408965732534279596e+03
7.862639754098847334e+03
6.870951333278222592e+03
7.857717888637344004e+03
7.574357571151219418e+03
8.122996460243054571e+03
7.082192080393992910e+03
8.045859400497133720e+03
8.080701370094998310e+03
8.137917998620539947e+03
8.150855543290423157e+03
7.877851125015371508e+03
8.070643367602375292e+03
8.126707440684343965e+03
7.744632917901632027e+03
7.793504209549582811e+03
8.027669059525651392e+03
7.660284385416422992e+03
8.158331690179683392e+03
8.125928320136683396e+03
7.415039129792010499e+03
8.144952685062182354e+03
7.973099836948430493e+03
7.710644046967705435e+03
7.476498917769854415e+03
8.036216145020267504e+03
7.877132725853179181e+03
7.895166281029190941e+03
7.943266537455465368e+03
7.954016566669857639e+03
7.724170071170326082e+03
8.140398852352088397e+03
7.588788557996576856e+03
7.274376854164773249e+03
8.162006485595115009e+03
7.818063501093351988e+03
7.991732689884469437e+03
8.160332533149741721e+03
7.692882362497403847e+03
7.960762805274068342e+03
7.419194937861232575e+03
8.026600067624734947e+03
7.306416593580557674e+03
7.520181204715206150e+03
8.117442396336984530e+03
8.060153470416416894e+03
7.965453680835810701e+03
8.099180695652516079e+03
7.579848275976427431e+03
7.146016881697210920e+03
8.112745605325781071e+03
8.142558198218088364e+03
8.086734026477033694e+03
7.695185581444885429e+03
7.950298121488268407e+03
7.754472678543936127e+03
7.315242770163736168e+03
7.966043311418907251e+03
7.949299294380548417e+03
7.960722995752477800e+03
7.890938042730151210e+03
7.274672489094622506e+03
8.161799708636131072e+03
7.665656982048323698e+03
8.078017009016919474e+03
7.127823102346439555e+03
8.132728702391192201e+03
8.131256205335943378e+03
7.875566255745986382e+03
8.156702475256245634e+03
7.717255438535097710e+03
8.111334379640612497e+03
7.976395956672981811e+03
8.018557536970840374e+03
7.913311228802814185e+03
7.847521853729167560e+03
7.465444380236471261e+03
8.043685488533627904e+03
8.063634661093961768e+03
8.140529424541981825e+03
8.099490954474183127e+03
8.126842303083660227e+03
7.948063215516889613e+03
7.745939558304481579e+03
8.138189703038719017e+03
7.689614451733898932e+03
7.803574574718846634e+03
8.090902561209000851e+03
7.683362126074181106e+03
8.093180993576319452e+03
7.579363592423344016e+03
8.063719965708549353e+03
8.123003527103312081e+03
7.931140567735070363e+03
8.057237594337747396e+03
7.859724970164795195e+03
7.939581257273121082e+03
6.942154945016475722e+03
7.428499098432798746e+03
8.144026081679759045e+03
8.129276808906044607e+03
7.409930629458607655e+03
8.137217353469628506e+03
8.091626806378043511e+03
7.382056076224866047e+03
8.066287307166921892e+03
7.710346901810972668e+03
7.820164930775189532e+03
7.465999774235553559e+03
7.569982011230644275e+03
7.628619174656847463e+03
8.008494753757507169e+03
8.009134211025168042e+03
7.557351157051622067e+03
7.891544302252603302e+03
7.480109497539775475e+03
7.813847206906806605e+03
8.050656269858141968e+03
7.552628522235795572e+03
7.528437969989814519e+03
7.367799274857312412e+03
8.008370890525571667e+03
8.073571888520694301e+03
7.950395567709167153e+03
7.569659631317126696e+03
7.707553280864522094e+03
7.134207112995494754e+03
7.018164650949407587e+03
7.790867593415840020e+03
7.670789637592161853e+03
7.923537672935535738e+03
7.889716795816220838e+03
8.033104482378029388e+03
7.908719829968886188e+03
8.049250829300060104e+03
7.994086450981297276e+03
7.699086560245901637e+03
8.139596448197159589e+03
7.300488783525515828e+03
8.095423717210137511e+03
8.119843097878965636e+03
7.888277922641164878e+03
7.347945287254542563e+03
7.958962182838215995e+03
7.357342412906292338e+03
7.686135281774525538e+03
7.851279978364784256e+03
8.131814120858714887e+03
7.937087410471762269e+03
8.063602042073020129e+03
7.446583445228140590e+03
7.828191488987184130e+03
8.120424156492096699e+03
8.009039977497424843e+03
7.719883545978344046e+03
6.860409363919347925e+03
8.158962421296337197e+03
8.023335900889685036e+03
7.776861050732828517e+03
7.733172559495153109e+03
7.866835472549020778e+03
8.014187759455734522e+03
7.916086567490682683e+03
7.585818522459261658e+03
7.888688519553303195e+03
6.621890845943072236e+03
7.985468019120933604e+03
7.689550387134381708e+03
7.795202908614234730e+03
7.872278716443885060e+03
7.239418172613221031e+03
8.048471853297251073e+03
7.893617095788393272e+03
8.115270645962005801e+03
7.385006890125152495e+03
7.891858303424264705e+03
8.157491337385195948e+03
7.793800015789258396e+03
7.462582023302722519e+03
7.765902517582334440e+03
8.089476634494612881e+03
8.120769362583463590e+03
8.095290721919923271e+03
7.903123931544747393e+03
7.976588637700751860e+03
7.081764984576855568e+03
7.903126179480746032e+03
7.697600206799054831e+03
8.109750349503103280e+03
7.506414939917207448e+03
8.147401599830186569e+03
7.899716939977335642e+03
7.565576752686057262e+03
7.709213785315037967e+03
7.901415640917439305e+03
6.924894357888957529e+03
7.684364367481291083e+03
7.500097133710880371e+03
7.679288981278285064e+03
8.122708965692811034e+03
7.901985280405523554e+03
8.066290285335584485e+03
7.794363449365354427e+03
7.757234506922161017e+03
7.724364103694800178e+03
7.757264060808148315e+03
8.070767983951377573e+03
7.770900327988784738e+03
8.123850032681283665e+03
8.141146812897934069e+03
8.056965326265035401e+03
7.176239270677901004e+03
7.578088102951136534e+03
7.620565605432048869e+03
7.379820660143426721e+03
8.057875408416402934e+03
7.918092022809544687e+03
7.949456981789945530e+03
6.931279011320653808e+03
7.984797501774737611e+03
8.100001776824436092e+03
8.029555689565271678e+03
6.814369717277373638e+03
7.807734900912981175e+03
8.059661615116424400e+03
7.374484303326855297e+03
7.578788122902260511e+03
7.692763502110781701e+03
7.479677947939627302e+03
8.094500405170319027e+03
7.957283313567287223e+03
7.676889395720310858e+03
7.051592847921447174e+03
7.644447072724386089e+03
7.819587598302440711e+03
7.815932359490361705e+03
7.284337947436406466e+03
7.524884827589453380e+03
7.639407201600850385e+03
7.457976400826066310e+03
7.975611163374336684e+03
7.860780868224784172e+03
8.134595380177455809e+03
8.009533547767945493e+03
7.633845317591969433e+03
7.544467235132665337e+03
7.276327370954957587e+03
8.015733658023948010e+03
7.926403371642254569e+03
6.223333950537649798e+03
8.091744912303520323e+03
8.133274916106027376e+03
7.803078451016512190e+03
7.916550381345747155e+03
7.710644046967705435e+03
6.851646599382729619e+03
8.073617468775283669e+03
7.596237505838573270e+03
7.147651331041506637e+03
7.797148102777626264e+03
7.788746525874536019e+03
8.011358134029366738e+03
7.918411094551628594e+03
7.906308403142289535e+03
8.019339610013362289e+03
8.053939482986531402e+03
7.373002885086613787e+03
7.911567857410078432e+03
7.430435351258727678e+03
7.026238813417978236e+03
8.096280108149759144e+03
6.860957799622954553e+03
7.166051142693512702e+03
7.961530104653622402e+03
6.367004215330263833e+03
7.898478073598195806e+03
7.441490065885856893e+03
8.112553014832619738e+03
7.809855681993400140e+03
7.859889213277367162e+03
6.948634441606485780e+03
7.815457932667463865e+03
8.155253333597683195e+03
8.142020581478149325e+03
7.662614412583215199e+03
7.439610186888781755e+03
7.770900327988784738e+03
7.726908532082837155e+03
8.021684529528090025e+03
7.995735734064780445e+03
8.122024493847367012e+03
6.794543117294377225e+03
8.081737815800695898e+03
8.111379751931781357e+03
7.397122547691124055e+03
7.890530364605718205e+03
7.912591306628930397e+03
7.937647886381540047e+03
7.236603462394559756e+03
7.947775305798936643e+03
7.648962460553932033e+03
7.893617095788393272e+03
7.988977059840355651e+03
7.858618016546477520e+03
8.026709452284438157e+03
8.095714961184387903e+03
7.811041952197669161e+03
8.115594749614733701e+03
8.084102337633486968e+03
8.048471853297251073e+03
6.740168395911170592e+03
8.092887277111813091e+03
7.501338587856251252e+03
8.114552298125679954e+03
7.978658143380772344e+03
8.148964074381831779e+03
7.832942854902330510e+03
7.694031575575042552e+03
8.113367667142338178e+03
7.749854093543993258e+03
8.070894009374658708e+03
7.891276442077723914e+03
7.394540063110860501e+03
7.254651540067921815e+03
8.020813878790831950e+03
7.830331365715369429e+03
7.683809278262268890e+03
8.123194191095409224e+03
7.516670808689881596e+03
8.059467876030296793e+03
7.061826758484742641e+03
7.824423217323488643e+03
8.053333506882043366e+03
7.996033681178078041e+03
7.729903817060760957e+03
7.448242658569788546e+03
7.663309391401195171e+03
7.906189842407770811e+03
7.486737486814928161e+03
7.552439365571335657e+03
7.819676766315167697e+03
8.007681119608649169e+03
7.853570094494609293e+03
7.935903169116681966e+03
7.446583445228140590e+03
7.617991834921223926e+03
7.621550934072569362e+03
7.455746856228684919e+03
8.130991607062501316e+03
7.571306114543916920e+03
7.850556280408634848e+03
7.723976299685721642e+03
8.151502056942463241e+03
8.045201647382897136e+03
7.315042240596365446e+03
7.241684101681235916e+03
7.920540046644635368e+03
7.789628205373270248e+03
8.030269139270272717e+03
8.046768545617152995e+03
8.060212382843685191e+03
8.156584454500481115e+03
7.506414939917207448e+03
7.612672874875175694e+03
7.616664407188723999e+03
8.088770166074261397e+03
7.852544019249397024e+03
8.044139688145549371e+03
7.505894466474774163e+03
8.140387544746603453e+03
7.902095671545283039e+03
7.849910848988643920e+03
7.972025813077959356e+03
7.859749173613440689e+03
8.093875476282910313e+03
7.722702304295746217e+03
7.725748503729085314e+03
7.655683138053542280e+03
7.700043466473869557e+03
7.632502567950941739e+03
7.474856953855007305e+03
7.730326047155202104e+03
7.816949403824874935e+03
7.073028283390933211e+03
7.802019417156311647e+03
7.688015276722091585e+03
7.024178148490753301e+03
8.055151335043778090e+03
8.149097335526486859e+03
8.142136113129073237e+03
7.630562645672739563e+03
7.448897436730791014e+03
7.735699262881397772e+03
8.160454842177245155e+03
8.040380257204082227e+03
8.096045845770006963e+03
7.729171077504789537e+03
7.909357901483208479e+03
8.104671374554504837e+03
6.018568988069577244e+03
7.868668610907376205e+03
7.567316157538443804e+03
7.665429334276532245e+03
8.095714961184387903e+03
7.994107578420906066e+03
6.542417497319293034e+03
8.046190535599521354e+03
8.157706886414060136e+03
8.084784316646692787e+03
7.558192772813231386e+03
7.189950964524989104e+03
8.072199195809821504e+03
8.135582375507609868e+03
7.964274995639688314e+03
7.597266634696687106e+03
7.856274925034771513e+03
7.868534885442300038e+03
8.089724789108818186e+03
7.972588810279304198e+03
6.643334599590785729e+03
7.694473658099794193e+03
8.065004167678891463e+03
7.497498168228287796e+03
7.798842494578787409e+03
7.923525085001630941e+03
8.045712681608114508e+03
7.837550178255414721e+03
8.034799163245181262e+03
7.852221903153300445e+03
8.038635342757421313e+03
7.949976369899652127e+03
8.059118719459553176e+03
8.093028611149459721e+03
8.082813429839810851e+03
7.909860087315959390e+03
7.290969893220724771e+03
7.837331487227369507e+03
7.854801222640249762e+03
7.949960031243979756e+03
7.811788927732843149e+03
8.061986268887677397e+03
8.069809833118450115e+03
8.118994137866595338e+03
7.706203232723687506e+03
7.104621931540042169e+03
7.748927244114005589e+03
7.965968298304780546e+03
7.756522079971344283e+03
6.484673738381008661e+03
7.819882448387055774e+03
8.034318910594643967e+03
7.492828920904726147e+03
7.417467904961254135e+03
7.627319501289141044e+03
7.954474637556917514e+03
7.390264818543660112e+03
7.883560897674538865e+03
6.808609715695901286e+03
8.069955043317574564e+03
7.802021442501123602e+03
8.003495632318594289e+03
7.630445740327288149e+03
7.164232550226985040e+03
8.042014663570704215e+03
7.717540791005434585e+03
8.079050344457427855e+03
6.653583777958250721e+03
7.934376022540853228e+03
7.663935954008465160e+03
7.716976797498364249e+03
8.004472707317078857e+03
7.993711628090721206e+03
8.049121141379653636e+03
7.594848942262854507e+03
7.942148737087447444e+03
6.927583936130595248e+03
7.929542944763365085e+03
7.620216420571811796e+03
8.123229434067276998e+03
8.158004057213179294e+03
8.122148051529035001e+03
7.455399849662593624e+03
7.958646294744925399e+03
7.903507277569206053e+03
7.940369236943544820e+03
7.757392734873907102e+03
7.883075167194729147e+03
7.823408994632645772e+03
7.937117134395741232e+03
7.300958839075245123e+03
8.078567702543577070e+03
7.914778622568484934e+03
7.734872994466180899e+03
7.385819561041871566e+03
7.746731432081493949e+03
7.894737941585455701e+03
7.641391631934576253e+03
7.721119874490373149e+03
7.761304821163853376e+03
8.135483181657922614e+03
7.849480074890679134e+03
8.142767018324170749e+03
8.076585119125405981e+03
7.870495747759983715e+03
7.983517485100210251e+03
7.665424668730338453e+03
