5.297237171943043904e+03
5.198551925853314970e+03
5.418106819515229290e+03
5.220972132322489415e+03
5.372264623325100729e+03
5.419321328092984913e+03
5.391472176285042224e+03
5.312464136898668585e+03
5.470234435761747591e+03
5.452239649645129248e+03
5.335074362074539749e+03
5.406289385986046909e+03
5.392118777814392161e+03
5.323054798263376142e+03
5.464211862428551285e+03
5.294425867069754531e+03
5.447275544859290676e+03
5.445625737959539038e+03
5.435948411262491391e+03
5.452732745760534272e+03
5.442714283607178004e+03
5.245217218753454290e+03
5.447144004644054803e+03
5.379504567418451188e+03
5.437086331427428377e+03
5.451050708194716208e+03
5.313297109491021729e+03
5.407608290557902365e+03
5.372681033180899249e+03
5.424339801321435516e+03
5.466124899625712715e+03
5.361570358784829295e+03
5.420001487625949267e+03
5.439156376438071675e+03
5.312435172181159942e+03
5.474301584625634860e+03
5.442125838832238514e+03
5.457757150665552217e+03
5.456254748097913762e+03
5.354938299166391516e+03
5.328663511387538165e+03
5.322110087607657988e+03
5.457828166371526095e+03
5.315048842502527805e+03
5.405343533820180710e+03
5.439266304132526784e+03
5.463573165583957234e+03
5.426775314595663076e+03
5.382417905161417366e+03
5.253099510487578300e+03
5.447553540593471553e+03
5.366187589193870735e+03
5.378446532919285346e+03
5.257136221567882785e+03
5.455864664780487146e+03
5.353367879489967891e+03
5.212459442538276562e+03
5.360388342499541068e+03
5.464930475751114500e+03
5.406867628383000920e+03
5.454509230252134330e+03
5.461758096347293758e+03
5.447918990344443046e+03
5.276218689500768960e+03
5.316650890316542245e+03
5.419209377939499063e+03
5.422172551567442497e+03
5.461212091092023911e+03
5.416928670623489779e+03
5.419376355257079013e+03
5.329373023695037773e+03
5.471856855866531987e+03
5.349074070254931939e+03
5.335562047606836131e+03
5.377709867301738086e+03
5.443520323075284978e+03
5.473030045911339585e+03
5.147435658470441012e+03
5.362955952647679624e+03
5.333704417406657740e+03
5.453602346711530117e+03
5.469879336837246228e+03
5.442772928194874112e+03
5.220558239644082278e+03
5.161048717916932219e+03
5.470581591522564850e+03
5.464956235586865660e+03
5.370205872462826846e+03
5.380283527674777361e+03
5.427342011189774894e+03
5.335785487370047122e+03
5.282844899355842244e+03
5.429345176945728781e+03
5.332555318336873825e+03
5.335074362074539749e+03
5.362682352387912033e+03
5.394282815213450704e+03
5.347199036686237378e+03
5.354816292236177105e+03
5.448792160291072832e+03
5.406432359800407539e+03
5.044652600571703260e+03
5.380353155081347722e+03
5.434407712700912271e+03
5.428969416419109621e+03
5.441989447602292785e+03
5.466182858211859639e+03
5.408414781424626199e+03
5.294774161787740013e+03
5.390438885141915307e+03
5.371604410499549886e+03
5.420673606986845698e+03
5.445577010072513076e+03
5.475120757282496015e+03
5.391473018073242201e+03
5.368432743072013182e+03
5.439315562215464524e+03
5.434240397224075423e+03
5.465711217503788248e+03
5.347827759856680132e+03
5.436101618481257901e+03
5.405091527083109213e+03
5.256968058302354621e+03
5.353186899369759885e+03
5.444948209528998632e+03
5.356755782954205642e+03
5.468278607477587684e+03
5.421893617210415869e+03
5.449396425690327305e+03
5.423267218883082023e+03
5.431932753386192417e+03
5.387368850420974923e+03
5.355663337321293511e+03
5.416295121562178792e+03
5.472782500883963621e+03
5.419321328092984913e+03
5.357352224784228383e+03
5.467871908244566839e+03
4.909615270577022784e+03
5.395018695956814554e+03
5.239798531449387156e+03
5.303843617403083044e+03
5.450805498079716017e+03
5.418580680249997386e+03
5.456394911479656002e+03
5.163967758526973739e+03
5.350990172027317385e+03
5.374819170442731775e+03
5.474983400884053481e+03
5.364094606603894135e+03
5.112857399919495037e+03
5.313564143781943130e+03
5.386600310494332007e+03
5.316572225519439598e+03
5.293056720106038483e+03
5.455451650439534205e+03
5.418996669938203013e+03
5.467697093174153451e+03
5.426153728927411066e+03
5.125102857695905186e+03
5.250297730821005644e+03
5.477042074026756381e+03
5.384597521667933506e+03
5.429455157486656390e+03
5.335342064514560661e+03
5.377912416230485178e+03
5.317893964351369505e+03
5.404683822247456192e+03
5.464270634936881834e+03
5.221177853636920190e+03
5.188986403141630035e+03
5.392668056949733000e+03
5.466473869746278069e+03
5.395744797060100609e+03
5.267232144531531958e+03
5.469002213223973740e+03
5.193004846991454542e+03
5.447918990344443046e+03
5.417722071398264234e+03
4.998618561148989102e+03
5.396441391324384313e+03
5.195486983113249153e+03
5.407800809279333407e+03
5.292138049507529104e+03
5.319971415868853001e+03
5.328316733834835759e+03
5.476282058946615507e+03
5.464717678045853972e+03
5.439357845283190727e+03
5.415151528632399277e+03
5.438918380191139477e+03
5.251790351504001592e+03
5.403509416965700439e+03
5.299598700044542056e+03
5.327445921489490502e+03
5.469536281699312894e+03
5.443741378609667663e+03
5.341954318642119688e+03
5.352640041982735056e+03
5.413627885331687139e+03
5.279626964674018382e+03
5.413376334780322395e+03
5.155254971709480742e+03
5.190719779621973430e+03
5.319105067718799546e+03
5.458550342489303148e+03
5.331576218834819883e+03
5.433164314146479228e+03
5.413221329591942776e+03
5.104232852600127444e+03
5.274176414950024991e+03
5.441420118480416022e+03
5.290734708025846885e+03
5.446525169282131174e+03
5.322078538638810642e+03
5.327618969399143680e+03
5.443928163334251622e+03
5.463544403437145775e+03
5.320104110144833612e+03
5.449954747911364393e+03
5.360118848649247411e+03
5.466999308811187802e+03
5.389676060619595773e+03
5.211697279609261386e+03
5.345755275583204821e+03
5.096931097360080457e+03
5.314289298080493609e+03
5.418945677970594261e+03
5.424872335813028258e+03
5.229866319849557840e+03
5.478190475889852678e+03
5.413373366381966662e+03
5.415358422342873382e+03
5.434301117078142852e+03
5.370216702574136434e+03
5.298444031871332299e+03
5.441907793174084873e+03
5.177858013617547840e+03
5.316088110542646973e+03
5.415143855087624615e+03
5.297504103031947125e+03
5.443249231014536235e+03
5.425472087524596645e+03
5.193004846991454542e+03
5.321285125956970660e+03
5.435641444801047328e+03
5.291536074334542718e+03
5.188028854752016741e+03
5.316234727035041942e+03
5.408831467008682921e+03
5.419353154188409462e+03
5.447488288902661225e+03
5.422479720069686664e+03
5.463040120147347807e+03
5.476264458014329648e+03
5.419321328092984913e+03
5.238521146533624233e+03
5.388465160306483995e+03
5.467697093174153451e+03
5.426644072457385846e+03
5.156832211563316378e+03
5.449663190130184375e+03
5.295282231408290500e+03
5.419321328092984913e+03
5.386365455384175220e+03
5.166845290742646284e+03
5.161354082380264117e+03
5.337750449645007393e+03
5.414895497465196058e+03
5.300730413622292872e+03
5.427867376776680430e+03
5.392549200472210941e+03
5.390676150839388356e+03
5.344540344958549213e+03
5.226905566617329896e+03
5.259554184217675356e+03
5.166845290742646284e+03
5.351671727363791433e+03
5.192697697448247709e+03
5.210503002531545462e+03
5.405223659347841021e+03
5.465669078663327127e+03
5.391739226196369600e+03
5.442868601370455508e+03
5.419321328092984913e+03
5.397614202715654756e+03
5.476290543357828938e+03
5.476463769466288795e+03
5.413465585703418583e+03
5.422701907898650461e+03
5.428327701518732283e+03
5.475456338188108930e+03
5.160664401129773978e+03
5.442368799901691091e+03
5.201256485362024250e+03
5.418191282515092098e+03
5.463631797383379308e+03
5.441746521641185609e+03
5.450508137517899740e+03
5.476886027458371245e+03
5.306107621766193915e+03
5.311208303006842470e+03
5.453497623360020043e+03
5.403576397222943342e+03
5.423734037926103156e+03
5.383944442179267753e+03
5.425167234908503815e+03
5.428682969624560428e+03
5.233972754288506621e+03
5.247109749519954676e+03
5.422629298456251490e+03
5.435456440668954201e+03
5.063402119146738187e+03
5.456100972683590953e+03
5.396524139176846802e+03
5.452644445229735538e+03
5.259554184217675356e+03
5.461457303302482615e+03
5.278198776674996225e+03
5.411868217397818626e+03
5.399908188728993082e+03
5.217513333714584405e+03
5.442763126097715030e+03
5.446305237895153368e+03
5.390786965378072637e+03
5.401297613117319088e+03
5.455283924293987184e+03
5.452632872343453528e+03
5.472133315275533278e+03
5.410012531028844023e+03
5.365578618001723953e+03
5.355910641863376441e+03
5.433496752963286781e+03
5.254329017748248589e+03
5.401509598896964235e+03
5.361175110879073145e+03
5.283357093555489882e+03
5.440265469918476811e+03
5.434987625422209021e+03
5.369611971488960990e+03
5.390240012858617774e+03
5.447110475188725104e+03
5.396260640925747794e+03
5.468438846995963104e+03
5.390959218048293224e+03
5.474076305346858135e+03
5.427014594657972339e+03
5.364506882113417305e+03
5.466716676933066992e+03
5.355730615006434164e+03
5.378612716614765304e+03
5.304297000829997160e+03
5.433545857595217058e+03
5.457899753326884820e+03
5.446309545152360442e+03
5.358799415205485275e+03
5.404683822247456192e+03
5.431313827602647507e+03
5.471845333334054885e+03
5.435222724302307142e+03
5.343736290043001645e+03
5.415804157104485057e+03
5.303843617403083044e+03
5.130586153519987420e+03
5.310815159751440660e+03
5.429477707903344708e+03
5.462212234967343647e+03
5.457366422904913634e+03
5.471162641319830072e+03
5.232681556536097560e+03
5.410708359902044322e+03
5.416922382561839186e+03
5.440882280761636139e+03
5.306587231183533731e+03
5.456899952878790828e+03
5.433870812647117418e+03
5.352624151416688619e+03
5.463216582441702485e+03
5.421943906457023331e+03
5.170435498144769554e+03
5.412911890588764436e+03
5.314131133101936030e+03
5.400837964077350989e+03
5.456076282106774670e+03
5.394078247277737319e+03
5.388972236997252367e+03
5.455564152886289776e+03
5.382787361253305789e+03
5.460525038981606485e+03
5.400551295851388204e+03
5.360118848649247411e+03
5.119726276795986450e+03
5.256111270726591101e+03
5.383594268218521393e+03
5.458820101029331454e+03
5.457381246611537790e+03
5.444917821617909794e+03
5.432882155014242926e+03
5.332895625384640880e+03
5.343253547674547008e+03
5.376128753855466130e+03
5.472126422500437911e+03
5.325743316511948251e+03
5.430583946478620419e+03
5.445281494374254180e+03
5.379301738771278906e+03
5.386254188698726466e+03
5.476206911534230130e+03
5.425108369372438574e+03
5.397638100572818075e+03
5.402379436906944647e+03
5.469122969975718661e+03
5.446064350703853052e+03
5.459602701093957876e+03
5.338309002513909945e+03
5.346781733542759866e+03
5.253416036093791263e+03
5.434920238301872814e+03
5.104712947836986132e+03
5.472432148112741743e+03
5.455828804908073835e+03
5.244030992746971606e+03
5.251776711292838627e+03
5.417999117009382644e+03
5.473771863866486456e+03
5.053357333841931904e+03
5.426680966571110730e+03
5.399008698312540218e+03
5.222764592856832678e+03
5.320431480415481929e+03
5.428077301048037953e+03
5.191289906244530357e+03
5.379654084413168675e+03
5.369077361947877762e+03
5.440492896235415174e+03
5.444387923703521665e+03
5.421223971659119343e+03
5.339975546554049288e+03
5.457030551044936146e+03
5.462778950430820259e+03
5.294297142573712335e+03
5.447110475188725104e+03
5.431318510140959916e+03
5.253023646935409488e+03
5.252419995096347520e+03
5.371567416233788208e+03
5.412751868908595497e+03
5.237178746840378153e+03
5.466218255885340113e+03
5.352263120441829415e+03
5.297504103031947125e+03
5.417405540069004928e+03
5.282793330088726179e+03
5.321269463380913294e+03
5.362955952647679624e+03
5.370205872462826846e+03
5.302372249680226560e+03
5.193170365232593213e+03
5.345169598391579711e+03
5.459437338436931896e+03
5.104676377478374889e+03
4.923780735541964532e+03
5.450168508727688277e+03
5.472195950633378743e+03
5.363993997431235584e+03
5.406289385986046909e+03
5.387512742582330247e+03
5.451920409032392854e+03
5.312534873913436968e+03
5.121855811403798725e+03
5.040255683814236363e+03
5.393949943676329895e+03
5.364274963695449514e+03
5.215942042309471617e+03
5.462702632420890950e+03
5.433590712086950589e+03
5.433870812647117418e+03
5.451396997259153068e+03
5.342705633338058760e+03
5.396813596220310501e+03
5.445224944141124070e+03
5.412871021532084342e+03
5.440724700578706688e+03
5.264356446329715254e+03
5.379089716090954425e+03
5.428545312269576243e+03
5.370205872462826846e+03
5.413465585703418583e+03
5.278512655891145187e+03
5.459104616264717151e+03
5.422697098990259292e+03
5.403414706136203677e+03
5.261916846050378808e+03
5.392914340481472209e+03
5.467875530619334313e+03
5.445233532164075768e+03
5.449253106181433395e+03
5.352564283330742910e+03
5.386234884770891767e+03
5.449396425690327305e+03
5.468701662916411806e+03
5.450033353650966092e+03
5.460198645978764944e+03
5.274602687716101173e+03
5.392084671644825903e+03
5.356693611592127127e+03
5.438139454830383329e+03
4.991807710001532541e+03
5.372102086050945218e+03
5.410446248106034545e+03
5.451933518040728814e+03
5.442795277048755452e+03
5.149958349507137427e+03
5.308721107948069402e+03
5.428852943081490594e+03
5.306569047451184815e+03
5.409484436839154114e+03
5.455678764769079862e+03
5.407666024645964171e+03
4.977135460151477673e+03
5.408322849136962759e+03
5.440548545144071795e+03
5.336212252470522799e+03
5.470980789826933687e+03
5.435905989108309768e+03
5.380477011782760201e+03
5.444828767556371531e+03
5.182074615387219637e+03
5.239660177086754629e+03
5.470382904954088190e+03
5.450190170378378753e+03
5.474707176288401570e+03
5.207958884952377048e+03
5.378872175366525880e+03
5.292928327689307480e+03
4.898590504435920593e+03
5.438548347799602197e+03
5.462124945144385492e+03
5.222268295030102308e+03
5.426532542697148529e+03
5.419753815921430942e+03
5.319445033806608080e+03
5.473681670924723221e+03
5.288241537565670114e+03
5.359452407815433617e+03
5.470234435761747591e+03
5.477502927170406110e+03
5.395108441384523758e+03
5.467663867368888532e+03
4.851217416001059973e+03
5.341134007378475872e+03
5.215756398325016562e+03
5.360005583151361861e+03
5.462111082326463475e+03
5.259554184217675356e+03
5.451500151820808242e+03
5.452201192878572328e+03
5.444430556609852829e+03
5.442490822155597925e+03
5.377250180102258128e+03
5.469828966654465148e+03
5.444786935566651664e+03
5.322754964522499904e+03
5.389369398351718701e+03
5.082203040032254648e+03
5.193560152142998049e+03
5.418638965243635539e+03
5.389776015498744528e+03
5.383008430904155830e+03
5.467310432821072936e+03
5.312044313890699414e+03
5.456786990973224420e+03
5.422625517124299222e+03
5.256122993120052342e+03
5.368466449899506188e+03
5.306642433624378100e+03
5.455253442070081292e+03
5.246173164809993978e+03
5.232758327468187417e+03
5.390666985878547166e+03
5.474340854607353322e+03
5.433593845190152933e+03
5.289467020619074901e+03
5.163349539165214992e+03
5.476502337448469916e+03
5.414150714943758430e+03
5.415290708429423830e+03
5.301343157059559417e+03
5.469818368104763977e+03
5.234945814751155012e+03
5.335774572324055043e+03
5.432988664381735362e+03
5.238085950620241420e+03
5.412296090423037640e+03
5.342430276555825003e+03
5.463452248043093277e+03
5.225246219055250549e+03
5.438877302352724655e+03
5.424732514147720394e+03
5.378469978629407706e+03
5.435896779042952403e+03
5.194319933519092046e+03
5.326317616956059283e+03
4.949478095079164632e+03
5.374727407477446832e+03
5.320957605196417717e+03
5.472052132724889816e+03
5.445440551432364373e+03
5.445677695840156048e+03
5.207420713039591647e+03
5.383675215710200973e+03
5.237431584199352073e+03
5.435251416245891960e+03
5.374699235396472432e+03
5.442803411504253745e+03
5.471653541320613840e+03
5.319851244615939322e+03
5.466498537191735522e+03
5.408865106742990065e+03
5.387349492534451201e+03
5.382207503962030387e+03
5.443876504920895968e+03
5.114854106202654293e+03
5.381570443887796500e+03
5.335617511553224176e+03
5.451424716267209988e+03
5.236189615735825100e+03
5.235642216847265445e+03
5.354690157773648025e+03
5.395171208276306061e+03
5.325577709955934552e+03
5.462285402667346716e+03
5.319497468015026243e+03
5.477187144010858901e+03
5.335012249031195097e+03
5.278225718135186980e+03
5.142173177665729781e+03
5.442950951949822411e+03
5.476536849223008176e+03
5.227519358929879672e+03
5.461695398315928287e+03
5.308992184223262484e+03
5.242861811961482999e+03
5.405171571136270359e+03
5.389142484986290583e+03
5.431910898149934837e+03
5.402806585761352835e+03
5.259554184217675356e+03
5.397858466321120432e+03
5.392635190844956924e+03
5.375295349685940892e+03
5.445549610201199357e+03
5.412759229365768078e+03
5.355499216919281935e+03
5.353645791384878976e+03
5.200688216278336768e+03
5.411515090660847818e+03
5.363275391461935214e+03
5.447529651219566404e+03
5.419991444013656292e+03
5.249423740594818810e+03
5.437373118960556894e+03
5.456306201547584351e+03
5.451041212663999431e+03
5.371567137390484277e+03
5.451839628155032187e+03
5.388716123852726923e+03
5.438199916349311934e+03
5.470893578291837002e+03
5.408587148421393067e+03
5.442329818063873063e+03
5.387425844184974267e+03
5.325577709955934552e+03
5.280016347135976503e+03
5.417723430142235884e+03
5.442396231572416582e+03
5.439187192006264013e+03
5.313191334649230157e+03
5.379559612333404402e+03
5.412649509391016181e+03
5.463304413887193732e+03
5.301600542913786740e+03
5.415565111268777400e+03
5.465305931078793947e+03
5.344341955935071383e+03
5.343383082869602731e+03
5.442816989397922953e+03
5.397484414178750740e+03
5.470677479367191154e+03
5.294191310496647930e+03
5.364689355798229371e+03
5.451184212014593868e+03
5.255885096812803567e+03
5.327457115365952632e+03
5.379008287370313155e+03
5.450309385372978795e+03
5.091977407875388963e+03
5.439231368404896784e+03
5.399579914705757801e+03
5.244108314422659532e+03
5.385321876011319546e+03
5.477301920497544415e+03
5.413449421760660698e+03
5.442772928194874112e+03
5.377272641079085588e+03
5.404427334186468215e+03
5.477502927170406110e+03
5.303670234743802212e+03
5.415343480334816377e+03
5.434279217594019428e+03
5.355393812228432580e+03
5.305570457099383020e+03
5.407401830775705093e+03
5.391554731487238314e+03
5.452215567466820175e+03
5.442370582163025574e+03
5.462141380220340579e+03
5.359452407815433617e+03
5.466249940959793093e+03
5.427166613295776187e+03
5.441595739868305827e+03
5.407401830775705093e+03
5.222278700177221253e+03
5.184172750179665854e+03
5.446250985558769571e+03
5.339661197758086928e+03
5.292876242964113771e+03
5.283369672844508386e+03
5.193794612808349484e+03
5.402033304578422758e+03
5.323996404220217300e+03
5.184172750179665854e+03
5.331057129479167997e+03
5.405343533820180710e+03
5.374727407477446832e+03
5.452679197472534725e+03
5.404452243282250492e+03
5.466726741185917490e+03
5.370131439126496844e+03
5.458251560251862429e+03
5.472587080687117123e+03
5.412904780810296870e+03
5.387587875718649229e+03
5.246011424855103542e+03
5.353683137765416177e+03
5.332007868482683079e+03
5.437651429867610204e+03
5.331409539602216682e+03
5.323606612879861132e+03
5.306982207671535434e+03
5.216617008624070877e+03
5.390828965390708618e+03
5.345481347864783856e+03
5.340419573294839211e+03
5.339030640390263216e+03
5.445123341014419566e+03
5.317408568514492799e+03
5.195118039517825309e+03
5.440503375780119313e+03
5.248730028561642030e+03
5.456477471934513233e+03
5.370802597712636270e+03
5.466852944259901960e+03
5.393735254914091456e+03
5.213226187306101565e+03
5.455522324175006361e+03
5.256344149236691919e+03
5.322626913717303978e+03
5.361169972198941650e+03
5.306025257072044042e+03
5.261683543747798467e+03
5.277527261224355243e+03
5.438783156422434331e+03
5.201724144823699135e+03
5.434240750315490004e+03
5.370094565354754195e+03
5.459183796780356715e+03
5.476135065220016259e+03
5.452886407357772441e+03
5.404020059034177393e+03
5.431584464690935420e+03
5.328663511387538165e+03
5.294526007044883954e+03
5.453878230704550333e+03
5.422577220238610607e+03
5.304145785832147340e+03
5.440369962873401164e+03
5.332555318336873825e+03
5.427372574950319176e+03
5.376857113429638048e+03
5.473899242164990028e+03
4.962808269229555663e+03
5.287057861751311066e+03
5.460796594811606155e+03
5.300151396901808766e+03
5.334784389667145660e+03
5.416375952226489972e+03
5.245543435474902253e+03
5.417338484581907323e+03
5.306010164307836931e+03
5.448204180004590853e+03
5.413132166503718508e+03
5.459865508289859463e+03
5.301585859967061879e+03
5.396222003093562307e+03
4.826754624964070899e+03
5.455986623565198897e+03
5.388695891319406655e+03
5.307091007237457234e+03
5.377818006580439032e+03
5.314586478913662177e+03
5.370678917317564810e+03
5.000535841204339704e+03
5.400609341776001202e+03
5.333879802629622645e+03
5.375866421351036479e+03
5.396960788024576686e+03
5.276566227556364538e+03
5.434785463708869429e+03
5.470949455187916101e+03
5.324849710868205875e+03
5.324087850026370688e+03
5.419925253115864507e+03
5.374393367404240053e+03
5.414833069792933202e+03
5.472212582004927754e+03
5.373967437168483229e+03
5.424185423809340136e+03
5.427401106104606697e+03
5.477221540285763695e+03
5.474483285879993673e+03
5.477042074026756381e+03
5.324316932722451384e+03
5.193560152142998049e+03
5.373879606338419762e+03
5.438456889611547922e+03
5.352729104047828514e+03
5.370205872462826846e+03
5.464079964700611526e+03
5.477909804108546268e+03
5.431549687351185639e+03
5.342430276555825003e+03
5.433079601132521930e+03
5.328376259601862330e+03
5.431212790197972936e+03
5.392612883044881528e+03
5.454220041907919040e+03
5.379940905765810385e+03
5.433482942772037859e+03
5.444929986368503705e+03
5.459659858533232182e+03
5.466597571108788543e+03
5.460224530459790003e+03
5.299455302524573199e+03
5.270451835701117488e+03
5.220578721096040681e+03
5.443464238869139081e+03
5.128777252950132606e+03
5.410681267485242643e+03
5.474703938160274447e+03
5.300870602350889385e+03
5.477113466927159607e+03
5.469002213223973740e+03
5.419925253115864507e+03
5.426538256979738435e+03
5.000682484543264763e+03
5.306587231183533731e+03
5.235425101531938708e+03
5.296957769819059649e+03
5.256870314132627755e+03
5.372353921750323934e+03
5.415980257319653902e+03
5.282234102876993347e+03
5.269554175876173758e+03
5.370205872462826846e+03
5.235642216847265445e+03
5.470889728491467395e+03
4.797235137466524066e+03
5.363551427210478323e+03
5.356288570253842408e+03
5.222278700177221253e+03
5.306980203872197308e+03
5.417053937425109325e+03
5.434240750315490004e+03
5.440197109180353436e+03
5.469818368104763977e+03
5.260285126806733388e+03
5.099234744162038623e+03
5.441855800882694894e+03
5.384165019080154707e+03
5.477621542884407972e+03
5.410780652924799142e+03
5.364447606149497005e+03
5.454350236903955192e+03
5.240723837582281703e+03
5.375162289746900569e+03
5.283285770995382336e+03
5.421869027826116508e+03
5.375019721352906345e+03
5.461898291460795008e+03
5.465880110322453220e+03
5.450190170378378753e+03
5.448779412572350338e+03
5.450348354846928487e+03
5.173360407962725731e+03
5.411906512073917838e+03
5.439225355279393625e+03
5.384785017492400584e+03
5.330149664230918461e+03
5.249450196189048256e+03
5.403179574147787207e+03
5.225420459860890332e+03
5.442141090626890218e+03
5.432597624448784700e+03
5.272921035109408876e+03
5.453133366041016416e+03
5.362081418358024166e+03
5.449969329676280722e+03
5.429052470975540928e+03
5.414695687231809643e+03
5.342840808535083852e+03
5.311719073242067680e+03
5.119726276795986450e+03
5.285731953649688876e+03
5.327055991803183133e+03
5.465111338907310710e+03
5.449182154738296958e+03
5.255613844013296330e+03
5.435454252878689658e+03
5.447801583771033620e+03
5.258230152660200474e+03
5.474011709827651430e+03
5.473254723381256554e+03
5.427795417774557791e+03
5.467508080271264589e+03
5.241512438531135558e+03
5.419321328092984913e+03
5.395323133794113346e+03
5.464305641025064688e+03
5.368337367513468052e+03
5.458665190381692810e+03
5.449435961472584495e+03
5.394691977354415940e+03
5.147435658470441012e+03
5.455462703885928022e+03
5.240897940710729927e+03
5.410893230811800095e+03
5.253934767579137770e+03
5.445339895492570577e+03
5.322193566362451747e+03
5.382207503962030387e+03
5.424463283447102185e+03
5.381469007151714322e+03
5.457972622534132825e+03
5.455076932096480959e+03
5.455606641750872768e+03
5.298260780835622427e+03
5.396548575930715742e+03
5.461660976336179374e+03
5.410832933623572899e+03
5.472107004062369015e+03
5.399651821894203749e+03
5.370759276577455239e+03
5.382231556026534236e+03
5.349169525050722768e+03
5.312534873913436968e+03
5.308721107948069402e+03
5.087685713473314536e+03
5.336664738555165968e+03
5.457033389226639883e+03
5.424475755147924247e+03
5.467508080271264589e+03
5.437637017399561955e+03
5.331923248465881443e+03
5.391072248426005899e+03
5.428690197336893107e+03
5.395950446848903084e+03
5.329489186271903236e+03
5.472057496576472658e+03
5.446491691198684748e+03
5.467155283401296401e+03
5.140808922180291120e+03
5.449436404373574987e+03
5.302011757325023609e+03
5.425332652929228061e+03
5.339985718321901004e+03
5.460272696781165905e+03
5.173360407962725731e+03
5.461584529695822312e+03
5.374200991762998456e+03
5.349102974379176885e+03
5.287044409148473278e+03
5.467101111597718045e+03
5.354089866201889890e+03
5.341784897069840554e+03
5.380079582056187064e+03
5.422311116430849324e+03
5.449396425690327305e+03
5.474275993019507951e+03
5.405541025635573533e+03
