4.922996895966220109e+03
4.794027465434684927e+03
4.904878192737538484e+03
4.928683490198942309e+03
4.882570249779428195e+03
4.934440459273107081e+03
4.954138291061746713e+03
4.918387950569456734e+03
4.919494671827459570e+03
4.947985611099633388e+03
4.937579425877715039e+03
4.915898388337109282e+03
4.932364402218805481e+03
4.716425457600452319e+03
4.916118096318750759e+03
4.836530804585017904e+03
4.916388826934824465e+03
4.897741717791624978e+03
4.941536396731022251e+03
4.895708205796100629e+03
4.815989412634306063e+03
4.796107304430763179e+03
4.937258545136840439e+03
4.863323231134484558e+03
4.889545341190469117e+03
4.918121351966370639e+03
4.676815367946475817e+03
4.930800964616986676e+03
4.661911725969233885e+03
4.877505974438683552e+03
4.816781042333605001e+03
4.959150572316080797e+03
4.887366894813728322e+03
4.820413993595157990e+03
4.845403358429839500e+03
4.893253518989779877e+03
4.851578462850920005e+03
4.941939117374895432e+03
4.754392044727954271e+03
4.939523919924704387e+03
4.856151362800612333e+03
4.855683963460416635e+03
4.934827150677008831e+03
4.868866591816306027e+03
4.860695207538264185e+03
4.933217504230857230e+03
4.956549701711526723e+03
4.923689807773125722e+03
4.935942921765215942e+03
4.899924097658089522e+03
4.849435943235709601e+03
4.931466320985922721e+03
4.934159798924580173e+03
4.799044282370427027e+03
4.924710562230528922e+03
4.911269515640200552e+03
4.922390851399346502e+03
4.913311715654691398e+03
4.926360228277499118e+03
4.763965089582210567e+03
4.922996895966220109e+03
4.754699196852325258e+03
4.929295827855337848e+03
4.904674354147646227e+03
4.894787257994029460e+03
4.904058789319578864e+03
4.882200614448343913e+03
4.936224544851484097e+03
4.955877422899573503e+03
4.870710886465712974e+03
4.958420770796532452e+03
4.905643501369191654e+03
4.796896803823111441e+03
4.869560446242639955e+03
4.918717243222221441e+03
4.487444850919675446e+03
4.855156777838608832e+03
4.912841216664965032e+03
4.669412805100862897e+03
4.961405246922602601e+03
4.904487620993626479e+03
4.894212577703544412e+03
4.871889713920943905e+03
4.887447343574613114e+03
4.584873285846239014e+03
4.913542463699405744e+03
4.867068613638050920e+03
4.900558334862710581e+03
4.845745292335277554e+03
4.849212491048904667e+03
4.953680147655386463e+03
4.834655165051097356e+03
4.745572222856111694e+03
4.950627473141339578e+03
4.907177730726541085e+03
4.921466298318562622e+03
4.954222138787241420e+03
4.920835043452323589e+03
4.957868570672803799e+03
4.863789501382292656e+03
4.896917495621120906e+03
4.948499887033609411e+03
4.930412277270575942e+03
4.813236071982924841e+03
4.935336050642687042e+03
4.934044156709145682e+03
4.912304986376607303e+03
4.811421173149878086e+03
4.875964844635741429e+03
4.833366480493328709e+03
4.818096759516542079e+03
4.752109302270058834e+03
4.853249409411871056e+03
4.960501045503838213e+03
4.934691919160726684e+03
4.823329541754281308e+03
4.955759779745201740e+03
4.932368712462883195e+03
4.640233089027700771e+03
4.957849936454893395e+03
4.819136566549387680e+03
4.866015842293086280e+03
4.900997876893076864e+03
4.931938124051989689e+03
4.889733077351550492e+03
4.760439661912034353e+03
4.881540001715387916e+03
4.952991453477521645e+03
4.958276606239497596e+03
4.922483601065690891e+03
4.837790920433300926e+03
4.864400425626845390e+03
4.816335151593142655e+03
4.643209065352742982e+03
4.849000723419894712e+03
4.961570538365753237e+03
4.925940900908757612e+03
4.959802721233711054e+03
4.959230906646044787e+03
4.902216358032799690e+03
4.931727629918768798e+03
4.864694032018034704e+03
4.794949055606672118e+03
4.862774027264546930e+03
4.878349363632320092e+03
4.909998635888938225e+03
4.810875488824810418e+03
4.807509905929562592e+03
4.928724065522770616e+03
4.700405927786660868e+03
4.842423255153318678e+03
4.875787350979533585e+03
4.952494823140466906e+03
4.879853440116160527e+03
4.932529709024558542e+03
4.933623680923825304e+03
4.768273779739224665e+03
4.918890352069151959e+03
4.927929043502541390e+03
4.937382985124000697e+03
4.956338687411324827e+03
4.847045791010986250e+03
4.871159949928633068e+03
4.939761782955671151e+03
4.943136142031002237e+03
4.871592706414980057e+03
4.680953821157382663e+03
4.928447327780961132e+03
4.915473752041672924e+03
4.810984540697914781e+03
4.922983630282468766e+03
4.921868728960227600e+03
4.738373051548732292e+03
4.915342058293428636e+03
4.890270709628008262e+03
4.791666193177947207e+03
4.860880520069768863e+03
4.927034628619314390e+03
4.818055087084099796e+03
4.887270304200659666e+03
4.648227729474766420e+03
4.917819679797522440e+03
4.947682612625780166e+03
4.887903606162139113e+03
4.948863895425324699e+03
4.873355108048461261e+03
4.857335753926799953e+03
4.885335536019116262e+03
4.925138862811831132e+03
4.873564506471167988e+03
4.820230412651451843e+03
4.945355828222238415e+03
4.768683738183337482e+03
4.856992419773858273e+03
4.952973956651010667e+03
4.949613721276413344e+03
4.881540001715387916e+03
4.895893072586615745e+03
4.947360070031938449e+03
4.893420796957892890e+03
4.893917554153771562e+03
4.844235065426806614e+03
4.688480311774940674e+03
4.914928616318951754e+03
4.828150257744498958e+03
4.889528917554818690e+03
4.912357112180034164e+03
4.921666495172144096e+03
4.948230652318492503e+03
4.932893224607096272e+03
4.712711993873106621e+03
4.713886610746540100e+03
4.887662531257165028e+03
4.871534593885123286e+03
4.851419614987220484e+03
4.909728361271467293e+03
4.869143016860188254e+03
4.936224544851484097e+03
4.926816951306202100e+03
4.827357119759732086e+03
4.821230170448095123e+03
4.956482491074311838e+03
4.941308357940475616e+03
4.950783997789429122e+03
4.930552660168105831e+03
4.892565994895378935e+03
4.960910933725464929e+03
4.699224598366275131e+03
4.832934347246256038e+03
4.888461894258574830e+03
4.896387772955793480e+03
4.861732498948800639e+03
4.845742037552885449e+03
4.845364140888314068e+03
4.958703572665090178e+03
4.721367813547075457e+03
4.961576123496076434e+03
4.801623816838779931e+03
4.749249304158098312e+03
4.920095912712500649e+03
4.868879311318600230e+03
4.874878023130899237e+03
4.927565192891699553e+03
4.905213993132490941e+03
4.872328991663840497e+03
4.864035042208489358e+03
4.837778794954589102e+03
4.749756034045645720e+03
4.932375751855750423e+03
4.906142810180198467e+03
4.937600556651173065e+03
4.958708772586903251e+03
4.844027094577614662e+03
4.905493328841627772e+03
4.791666193177947207e+03
4.953543408347400145e+03
4.923625901650581000e+03
4.953810332149958413e+03
4.629296837778843837e+03
4.878587790900786786e+03
4.925996563844591037e+03
4.897274817568995786e+03
4.883182342785745277e+03
4.826593022863873557e+03
4.879339909232790887e+03
4.837243799295660210e+03
4.838242041628536754e+03
4.945668805851961224e+03
4.928007170792043325e+03
4.723504796258259375e+03
4.827225247826756458e+03
4.924619067985519905e+03
4.931648371044533633e+03
4.861165842285101462e+03
4.778663629061752545e+03
4.709778528936015391e+03
4.880599639371887861e+03
4.829496642798094399e+03
4.960636985498196736e+03
4.927236792051065095e+03
4.593744300429654686e+03
4.884157343493984627e+03
4.956879981278134437e+03
4.902029816877754456e+03
4.871862483188795522e+03
4.748715248965618230e+03
4.946824091131175010e+03
4.935796589404515544e+03
4.808161392205798620e+03
4.766563401960826013e+03
4.862358582316889624e+03
4.943555805558293287e+03
4.936046802083463263e+03
4.957427450184428380e+03
4.936631039718893589e+03
4.887503717330559084e+03
4.942374555900046289e+03
4.884131671133070085e+03
4.868880104740503157e+03
4.847593205692655829e+03
4.777328029091402641e+03
4.870663247755413977e+03
4.901010572591859273e+03
4.908945682665789718e+03
4.882187681537488970e+03
4.765598562151766600e+03
4.945124548943653281e+03
4.878946678556780171e+03
4.922337353324515789e+03
4.878757884513388490e+03
4.934735084350350007e+03
4.875281531675159385e+03
4.935640786801696777e+03
4.807045482334026019e+03
4.951245395681967238e+03
4.958010207618282948e+03
4.738397372875683686e+03
4.922396783251570923e+03
4.949613721276413344e+03
4.884805001092216116e+03
4.871516849207481755e+03
4.874897041991644073e+03
4.943533423441731429e+03
4.823017304073235209e+03
4.851254988595672330e+03
4.946053767699973832e+03
4.948669403028799934e+03
4.881412620818018695e+03
4.893694595966009729e+03
4.847187387768392000e+03
4.937377608396352116e+03
4.940035518444467925e+03
4.929674769918019592e+03
4.761664523931083750e+03
4.811448807274368846e+03
4.857223515546864292e+03
4.903437445129809930e+03
4.936764479771912193e+03
4.948802145767397633e+03
4.890159878471664342e+03
4.895363725075912953e+03
4.860730298931410289e+03
4.920594371687028797e+03
4.787222898285875999e+03
4.818213790307124327e+03
4.908523935257553603e+03
4.926681116972766176e+03
4.871396734139460023e+03
4.919888081010574751e+03
4.905675463804456740e+03
4.734167597201579156e+03
4.952104839670519141e+03
4.888577729002059641e+03
4.942955401516915117e+03
4.885363316113733163e+03
4.886456012931485020e+03
4.940877634095188114e+03
4.897898894930245660e+03
4.766596880734667138e+03
4.928353331746978256e+03
4.713282585537067462e+03
4.947682612625780166e+03
4.758566037507190231e+03
4.626954861228489790e+03
4.890394784827331023e+03
4.814762219507565533e+03
4.851634821147536059e+03
4.678326332749335052e+03
4.847949995637620304e+03
4.938204218677051358e+03
4.891482740322131576e+03
4.905273371734062493e+03
4.896142539411415783e+03
4.932434487006345080e+03
4.901728169226960745e+03
4.890707323708456897e+03
4.917255351865998819e+03
4.937699384420293427e+03
4.893416362291321093e+03
4.898792134729024838e+03
4.935302884108579747e+03
4.935392174872871692e+03
4.947008967560182100e+03
4.773033957470192036e+03
4.896389054919440241e+03
4.874672440436381294e+03
4.957675425073783117e+03
4.772954535190277056e+03
4.818841859512916926e+03
4.792529817332087987e+03
4.822614737429728848e+03
4.953836538468647632e+03
4.940405748794435567e+03
4.895453167447216401e+03
4.953932968995215560e+03
4.930041177682929629e+03
4.939404509791578676e+03
4.877270688622029411e+03
4.952349557637591715e+03
4.958669189793727128e+03
4.927881524005375468e+03
4.864956804338036818e+03
4.823341793245685039e+03
4.867411764021293493e+03
4.948288064410101470e+03
4.648602341826615884e+03
4.935653690169529000e+03
4.686581607880852061e+03
4.801888934922595581e+03
4.884802576942285668e+03
4.866161907679716933e+03
4.922175802300667783e+03
4.760899164688384190e+03
4.825036455352066696e+03
4.961505061760080935e+03
4.897672147099274298e+03
4.879206720518561269e+03
4.931739335549593306e+03
4.772782881766913306e+03
4.955732086624297153e+03
4.930665079321301164e+03
4.700121199386672743e+03
4.956000440470596004e+03
4.888568489044493617e+03
4.789672335632900285e+03
4.667189120212138732e+03
4.932375751855750423e+03
4.889768581938511488e+03
4.937681893218737969e+03
4.855969581978526548e+03
4.912304986376607303e+03
4.870336171870599173e+03
4.798730025769039457e+03
4.581851993173278061e+03
4.951087064624338382e+03
4.822596259188799195e+03
4.739420531392717749e+03
4.950443700871642250e+03
4.799983960850238873e+03
4.832254016266596409e+03
4.918402814916747957e+03
4.954902928230956604e+03
4.955657759059949058e+03
4.786429805528650832e+03
4.890920001009075349e+03
4.601402516367365934e+03
4.892417367418832328e+03
4.942505019508722398e+03
4.916441223708810867e+03
4.867411764021293493e+03
4.829906588976943567e+03
4.936743837333582633e+03
4.956526556395745502e+03
4.902028164395625936e+03
4.890298255910980515e+03
4.887447343574613114e+03
4.845588737464280712e+03
4.949658841077608486e+03
4.750527175962000911e+03
4.950353292100343424e+03
4.824091322570645389e+03
4.961452370475687530e+03
4.944021529882226787e+03
4.864360817184021471e+03
4.848352174741665294e+03
4.871369666575023075e+03
4.841088220401385115e+03
4.958368398798107592e+03
4.825195062028645225e+03
4.948288064410101470e+03
4.686725523299241104e+03
4.839493240673617038e+03
4.820042186508451778e+03
4.887447343574613114e+03
4.890721011204648676e+03
4.928011495616889988e+03
4.884651018826695690e+03
4.827331149581677892e+03
4.807564957861241965e+03
4.800946361198421073e+03
4.807918038419233199e+03
4.939170600420053233e+03
4.926456015157686124e+03
4.931041293516443147e+03
4.883427161254661769e+03
4.907256267148353800e+03
4.737918360786881749e+03
4.923456861192922588e+03
4.896667119218496737e+03
4.701874809955445926e+03
4.957822728095842649e+03
4.905362192215416144e+03
4.860244887229853703e+03
4.853716183172920864e+03
4.948904972843399264e+03
4.832321479387597719e+03
4.955668336922625713e+03
4.572155197336642232e+03
4.958836235085827866e+03
4.873355108048461261e+03
4.844145399711142090e+03
4.593744300429654686e+03
4.889101234936930268e+03
4.879588802020435651e+03
4.902731314730933263e+03
4.766529240813461001e+03
4.898991593878230560e+03
4.951534430635083481e+03
4.853087589539755754e+03
4.912748116640361332e+03
4.883661533049664285e+03
4.950468371730003128e+03
4.808988423205399158e+03
4.957427450184428380e+03
4.723479947739204363e+03
4.819767684996269963e+03
4.959692440993677337e+03
4.825824787939741327e+03
4.920835043452323589e+03
4.901914346908807602e+03
4.892096343141613943e+03
4.811721855239908109e+03
4.863770119364285165e+03
4.916310902338619599e+03
4.873378678735646645e+03
4.616072538727819847e+03
4.959362473642916484e+03
4.746084339551757694e+03
4.905788330321979629e+03
4.923973370294248525e+03
4.817659172341460362e+03
4.876478995049734294e+03
4.794350737597489569e+03
4.781366089858207488e+03
4.926204594373462896e+03
4.809369978132398501e+03
4.951943396915961785e+03
4.894660639664907649e+03
4.808308878378834379e+03
4.912824984571573623e+03
4.904761848808184368e+03
4.859594751991441626e+03
4.912649572520506808e+03
4.919265732645223579e+03
4.955569260348733224e+03
4.758037028124314020e+03
4.789229123349199654e+03
4.637051886666817154e+03
4.849719332700406085e+03
4.904502775079879029e+03
4.949362177013550536e+03
4.946049330643045323e+03
4.925797471388636950e+03
4.811664241369219781e+03
4.752900608731095417e+03
4.896840565741529645e+03
4.885448369630019442e+03
4.770116443022860039e+03
4.722590315476271826e+03
4.921902591810209742e+03
4.891796793859586614e+03
4.947171693325867636e+03
4.919835142174197244e+03
4.665963756859566274e+03
4.906110690669359428e+03
4.931303238475442413e+03
4.919412595605758725e+03
4.957097904947437200e+03
4.894344770162497298e+03
4.756293149785111382e+03
4.890102971824253473e+03
4.857575753069735583e+03
4.952404428002462737e+03
4.737773893383005088e+03
4.893019593078808612e+03
4.928577331023076113e+03
4.720442187451757491e+03
4.893416362291321093e+03
4.892565703667914931e+03
4.825552486319629679e+03
4.949788635711245661e+03
4.919067967314277666e+03
4.892063171938747473e+03
4.882977704942000855e+03
4.816525922452356099e+03
4.792117892401272002e+03
4.661823942089866250e+03
4.943678628808984286e+03
4.923412564516045677e+03
4.930225242622662336e+03
4.764226909290994627e+03
4.731280038797527595e+03
4.865439503628497732e+03
4.900762047673013512e+03
4.942193309957012389e+03
4.944282144274064194e+03
4.956543965760394713e+03
4.927903894144086735e+03
4.961726968049204515e+03
4.868697352930285888e+03
4.861175823914051762e+03
4.904290124336495865e+03
4.882391674863816661e+03
4.912308302794079282e+03
4.887268854357283999e+03
4.852378139398162602e+03
4.784217552457251259e+03
4.954005240696591500e+03
4.952137571159482832e+03
4.595948028951677770e+03
4.722770075251009985e+03
4.880197103995678845e+03
4.906602947067232890e+03
4.767989735045525777e+03
4.913650500616203317e+03
4.959692440993677337e+03
4.907017173341168018e+03
4.896387323068483965e+03
4.794569920253526107e+03
4.919216808469907846e+03
4.911209808807644549e+03
4.730338058274182913e+03
4.883986851180987287e+03
4.887666527224728270e+03
4.779719215162012006e+03
4.816674571432028642e+03
4.919318569656774343e+03
4.797726651981580289e+03
4.913686341655431534e+03
4.729417814400692805e+03
4.700121199386672743e+03
4.804876110778350267e+03
4.715901495666515984e+03
4.911543974875934509e+03
4.885865821285698985e+03
4.942409546534713627e+03
4.888303452916949027e+03
4.824279884943682191e+03
4.818200983877903127e+03
4.851901782486119373e+03
4.913150677379694571e+03
4.887319387180166814e+03
4.720859745969642972e+03
4.895943134610832203e+03
4.930361171152731913e+03
4.921756090527385822e+03
4.877742132634912195e+03
4.809801446785526423e+03
4.830140202759931526e+03
4.712019517843212270e+03
4.945159691269705945e+03
4.889611184306892028e+03
4.886548357212999690e+03
4.892723515451392814e+03
4.823855728087310126e+03
4.877144967016691226e+03
4.816306991273360836e+03
4.915034203714213618e+03
4.907701443331403425e+03
4.748238674857779188e+03
4.889307018775470169e+03
4.935606390877317608e+03
4.877144967016691226e+03
4.956277594918557952e+03
4.816264146837720546e+03
4.865588555374304633e+03
4.895775812310221227e+03
4.907811083805218914e+03
4.572155197336642232e+03
4.932618179047791273e+03
4.848273122586470890e+03
4.947098758304010516e+03
4.836079070062454775e+03
4.944529630235530021e+03
4.957153841114785791e+03
4.850009099622714530e+03
4.814191373873813063e+03
4.794773559868246593e+03
4.879658947670759517e+03
4.820304265346268949e+03
4.909902413175097536e+03
4.954018430512448504e+03
4.891401254348522343e+03
4.940277653467065647e+03
4.882205136909197790e+03
4.905009603458875972e+03
4.961075375813949904e+03
4.958586002692059992e+03
4.887033822563995273e+03
4.922288098677536254e+03
4.955103925745515880e+03
4.846714899433187384e+03
4.875993921870667691e+03
4.828735059662348249e+03
4.931462041090156163e+03
4.903123841091445684e+03
4.846161426312341064e+03
4.957193358776981768e+03
4.909998635888938225e+03
4.900308578500811564e+03
4.819736985000496134e+03
4.705901576827596728e+03
4.813234255255954849e+03
4.922634580690981238e+03
4.960640988461905181e+03
4.911241640860264852e+03
4.951107063952217686e+03
4.874354520274910101e+03
4.929582198154322214e+03
4.957849936454893395e+03
4.952517136634780400e+03
4.947682612625780166e+03
4.799109271220295341e+03
4.928194539750134936e+03
4.728160356955062525e+03
4.955693638243837995e+03
4.815750691423361786e+03
4.849238559514420558e+03
4.953159492217568186e+03
4.925881232088870092e+03
4.960277249991278950e+03
4.855233540092206567e+03
4.924007041362190648e+03
4.905374975286991685e+03
4.882845353336884727e+03
4.760899164688384190e+03
4.850971500026435024e+03
4.879933059353674253e+03
4.948794344737634674e+03
4.961066175810244204e+03
4.633695631248303471e+03
4.900286603811411624e+03
4.903121240543448948e+03
4.757748232967999684e+03
4.588840397589534405e+03
4.947569231179773851e+03
4.894780312185562252e+03
4.868149373043213018e+03
4.908898896034786958e+03
4.950298249654402753e+03
4.940292266415286576e+03
4.920195357167683142e+03
4.933299182289792952e+03
4.956911505581649180e+03
4.844027094577614662e+03
4.960947878603947174e+03
4.947284457524882782e+03
4.883357071896102752e+03
4.858621838956433749e+03
4.946873718643199027e+03
4.897711513475732318e+03
4.848273122586470890e+03
4.821800883672740383e+03
4.947777733903282751e+03
4.945548413497047477e+03
4.807935266010458690e+03
4.895744843240939190e+03
4.907566132821361862e+03
4.870150482449987976e+03
4.802092313103965353e+03
4.897711513475732318e+03
4.937446005814840646e+03
4.924271266205958455e+03
4.949486565541690652e+03
4.911436819453470889e+03
4.919745826247977675e+03
4.757227060359090501e+03
4.957611732205070439e+03
4.920861545875874981e+03
4.801126691999326795e+03
4.935924583563228225e+03
4.957760686467822779e+03
4.932912306683235329e+03
4.757396549180282818e+03
4.887666527224728270e+03
4.799605099201391567e+03
4.936328748607983471e+03
4.935137704633102658e+03
4.923238926921143502e+03
4.895828807871526806e+03
4.734416901100292307e+03
4.893944624585489692e+03
4.777078434546390781e+03
4.948613919695924778e+03
4.858100226004657088e+03
4.836318174103989804e+03
4.916621389856481073e+03
4.819911536825840813e+03
4.787017070969506676e+03
4.915493563050125886e+03
4.892186148697252065e+03
4.950077823466072914e+03
4.857949754175389899e+03
4.922065284164847981e+03
4.888344408724065943e+03
4.945475155995764908e+03
4.862245591587238778e+03
4.708714018567056883e+03
4.947989647370999592e+03
4.790244111064466779e+03
4.750340088443894274e+03
4.844456998136094626e+03
4.939592041785128458e+03
4.870140078865520991e+03
4.766596880734667138e+03
4.798730025769039457e+03
4.960711186284461292e+03
4.927125939291173381e+03
4.761413878530355760e+03
4.905404312936568203e+03
4.922855962496302709e+03
4.924007041362190648e+03
4.593264060943190998e+03
4.961629100975354959e+03
4.785379596657036018e+03
4.778043756511564425e+03
4.926463242711564817e+03
4.955138303669937159e+03
4.863789501382292656e+03
4.925510836481504157e+03
4.851893697122393860e+03
4.917259354966018691e+03
4.769359930637967409e+03
4.930909172899204350e+03
4.811476848987434096e+03
4.881519353097672138e+03
4.922251627476731301e+03
4.877984742351058230e+03
4.906965464048363174e+03
4.883600133710704540e+03
4.670115589224473297e+03
4.935767697342256724e+03
4.960813051846356757e+03
4.743250771162239289e+03
4.691081675868401362e+03
4.870715201512206477e+03
4.878946678556780171e+03
4.948884028023795508e+03
4.940453853953437829e+03
4.940018333165174226e+03
4.906573754384722633e+03
4.959720238319115197e+03
4.901424721171088095e+03
4.952242229944095016e+03
4.911068853164575557e+03
4.940511213396723178e+03
4.844835409606052053e+03
4.880472830739086930e+03
4.850580888335043710e+03
4.846168759853811935e+03
4.938919211412854565e+03
4.833565417425546912e+03
4.841818954732803832e+03
4.866136868126171976e+03
4.919962668961847157e+03
4.750954934744803722e+03
4.947524307677809702e+03
4.935938997594056673e+03
4.806481156200917212e+03
4.886215783175182878e+03
4.879378860527574034e+03
4.654457302894533314e+03
4.688330180996320451e+03
4.906602947067232890e+03
4.908643616329762153e+03
4.747200547787619143e+03
4.900813382183136127e+03
4.921206513879435079e+03
4.939460255038367904e+03
4.874575510949986892e+03
4.897218215852841240e+03
4.829167882217450824e+03
4.848986661118042321e+03
4.764654531320795286e+03
4.919589425855097033e+03
4.861582496467657620e+03
4.806760934634672594e+03
4.802753331563270876e+03
4.783999007748754593e+03
4.950905129809279060e+03
4.949788635711245661e+03
4.906093021773714099e+03
4.898489779682890912e+03
4.952242229944095016e+03
4.871577428259394765e+03
4.872176651712852617e+03
4.840937672612136339e+03
4.840183514620981441e+03
4.889465141986975141e+03
4.881040404692536868e+03
4.873265715532206741e+03
4.733992126590208500e+03
4.937068010652761586e+03
4.889586965791648254e+03
4.765999724167080785e+03
4.847705393494308737e+03
4.893976183420092639e+03
4.753341441087135536e+03
4.828856822000439934e+03
4.949432457773586066e+03
4.891177820661110673e+03
4.747884359854779177e+03
4.720520361733178106e+03
4.819060591600746193e+03
4.928413013441567273e+03
4.924453523042024244e+03
4.922390851399346502e+03
4.951082933492089069e+03
4.955891947870391959e+03
4.729417814400692805e+03
4.952823892847332900e+03
4.960734413418195800e+03
4.960130771554419880e+03
4.924824459053215833e+03
4.743066662454779362e+03
4.840937672612136339e+03
4.910172591875025319e+03
4.845220014448390430e+03
4.871547843811236817e+03
4.915062491636866071e+03
4.616996492186837713e+03
4.832603928387859014e+03
4.703866868784725739e+03
4.906077189469710902e+03
4.828929322300252352e+03
4.727414803179059163e+03
4.822825075612170622e+03
4.898172748550996403e+03
4.895688402210285858e+03
4.928297676896972916e+03
4.957075778520039421e+03
4.888768209451256553e+03
4.908514485811412669e+03
4.960324422156601941e+03
4.882244633491341119e+03
4.823484743726032320e+03
4.935927758914028345e+03
4.769322776613516908e+03
4.939344004072196185e+03
4.861933682052990662e+03
4.906867812818898528e+03
4.931995666671713479e+03
4.926115350349223263e+03
4.904478894383501938e+03
4.905013846809460119e+03
4.917156213561938785e+03
4.891689250628990521e+03
4.847535349631236386e+03
4.851901782486119373e+03
4.930741274372368935e+03
4.731280038797527595e+03
4.785239728631931939e+03
4.911372980953847218e+03
4.654646862573194085e+03
4.891401254348522343e+03
4.761812689676133232e+03
4.793494956099596493e+03
4.883603288754686218e+03
4.815695616530437292e+03
4.509611330416786586e+03
4.899786026376088557e+03
4.946429304933149979e+03
4.957727780434205670e+03
4.832888225876500655e+03
4.940530080602007729e+03
4.939787688178856115e+03
4.951455066871896634e+03
4.845243032371098707e+03
4.887033349525636368e+03
4.941531168503512163e+03
4.756467841259223860e+03
4.959028388277256454e+03
4.902983706174122744e+03
4.738227737839275505e+03
4.663395448567793210e+03
4.954241772254049465e+03
4.918152661183585224e+03
4.947869601043319562e+03
4.953024359085410651e+03
4.919469013693065790e+03
4.846116375192936175e+03
4.832107390878624756e+03
4.835284586464082167e+03
4.940141173298847207e+03
4.934444685595647570e+03
4.950483154778657990e+03
4.960002740912694208e+03
4.959416625593900790e+03
4.945844809837009961e+03
4.940579035377632863e+03
4.773920106213905456e+03
4.751434554818686593e+03
4.898315049745034230e+03
4.915035918217354265e+03
4.861419136189837445e+03
4.947879212736692352e+03
4.936299574547027987e+03
4.871714470692734722e+03
4.691754724587111923e+03
4.911164210258668390e+03
