1.387384440017430825e+04
1.153823742070642038e+04
1.221757224474217583e+04
1.038752381921967026e+04
1.339012361989939745e+04
1.387452947224486343e+04
1.434084402197060626e+04
1.424964436515398666e+04
1.203690855097688654e+04
1.309538268368339050e+04
1.371166895738734456e+04
1.386479013026755092e+04
1.356234984941104085e+04
1.426784720068793467e+04
1.202918198358978407e+04
1.378118205549024788e+04
1.350290501387292534e+04
1.393696476623185663e+04
1.406111918123534997e+04
1.378471977009701732e+04
1.406789980802064565e+04
1.304851170875661410e+04
1.398997414192678116e+04
1.336377585878361970e+04
1.346929770330258179e+04
1.410925983928811911e+04
1.333404867898906377e+04
1.414240838668042124e+04
1.324558799483920484e+04
1.406469459919057408e+04
1.321716489753084352e+04
1.196283953093753189e+04
1.375847114016045452e+04
1.412982377072220334e+04
1.413079325420771056e+04
1.403045220840138063e+04
1.419172427673460879e+04
1.146960805633203927e+04
1.429249624401135588e+04
1.386895471177526997e+04
1.391177152456450131e+04
1.428387369147289428e+04
1.361149765748821665e+04
1.310297925577886781e+04
1.418166997478253688e+04
1.418288074636191959e+04
1.246071587071096837e+04
1.327434352729617967e+04
1.340057820874665049e+04
1.377865066803323316e+04
1.363908361677394896e+04
1.229701304055771470e+04
1.353008339498797795e+04
1.411802888289517068e+04
1.344924477529990872e+04
1.393204332330891339e+04
1.285975875883867411e+04
1.309948195384801147e+04
1.331384901847524088e+04
1.411472580685411231e+04
1.280569590286592211e+04
1.383315203699794074e+04
1.335009443360115802e+04
1.396200467329899220e+04
1.426153558747086936e+04
1.412458756067708418e+04
1.401168127130897119e+04
1.303882673724611050e+04
1.409157686497952818e+04
1.429019127579985070e+04
1.333522495471027287e+04
1.347534268602252814e+04
1.423778814990306455e+04
1.255588418792744051e+04
1.382759109551517940e+04
1.369545359660144459e+04
1.420357021599324071e+04
1.143964558574957664e+04
1.332707117139494039e+04
1.368662630555376018e+04
1.228884853416108854e+04
1.383601985203837467e+04
1.301155401030780922e+04
1.413041824705342697e+04
1.253869249180097904e+04
1.288664461509061039e+04
1.421318056442459238e+04
1.359223944819903409e+04
1.401793531785810046e+04
1.164429012382201836e+04
1.300662216053096927e+04
1.332882285148545634e+04
1.430570646348137234e+04
1.419006914313976631e+04
1.399221681606895254e+04
1.325833116419671387e+04
1.197764955723053572e+04
1.402009220733910115e+04
1.278699411684655934e+04
1.425022052946462827e+04
1.422994298145793982e+04
1.434899122053509564e+04
1.410174160542906247e+04
1.432123819734417521e+04
1.344924477529990872e+04
1.392273893290048727e+04
1.415595193336448574e+04
1.134636646176777140e+04
1.272864671142608131e+04
1.374398705731589143e+04
1.248244669645966133e+04
1.417806917948363480e+04
1.347844610758307863e+04
1.394997122085761657e+04
1.196780462170124520e+04
1.250743222806226186e+04
1.410318015069469038e+04
1.410695232798385405e+04
1.295591105518058976e+04
1.402204208664151520e+04
1.283010377077407247e+04
1.364497821107911295e+04
1.413840898925124930e+04
1.411525321277048715e+04
1.422753340476437006e+04
1.215696322251527454e+04
1.396552089381220321e+04
1.308956119595892415e+04
1.402809053244775168e+04
1.381961704731937061e+04
1.358532621486230346e+04
1.349886135977113918e+04
1.423482806595760485e+04
1.386102104448769933e+04
1.420897063271194565e+04
1.383274518283429461e+04
1.372466257668225444e+04
1.364397239645331501e+04
1.234949659185852215e+04
1.311918777013201543e+04
1.275684662064334589e+04
1.314538649203772002e+04
1.192169850200189649e+04
1.314092066095614791e+04
1.402761127980855781e+04
1.358653818273914294e+04
1.393217023045631504e+04
1.320891792160151272e+04
1.208745553059970189e+04
1.341812787092808503e+04
1.402865523900255357e+04
1.414183887550700456e+04
1.399797294827689257e+04
1.405328237937825179e+04
1.418666515393605005e+04
1.272864671142608131e+04
1.428607159498851252e+04
1.418782928037423699e+04
1.325209172408245831e+04
1.429963254456250979e+04
1.320488008481682118e+04
1.407871651540918538e+04
1.413329417257698879e+04
1.109001206429213926e+04
1.347676828828958969e+04
1.160145053655613447e+04
1.354969440371888413e+04
1.216589943379289252e+04
1.121590609695887542e+04
1.423830535127334588e+04
1.328221897100309798e+04
1.326139591125579682e+04
1.400182527601123729e+04
1.426784720068793467e+04
1.217466202823218737e+04
1.308770496939346776e+04
1.419956652425367429e+04
1.246605810087742975e+04
1.399189398992090719e+04
1.427735008440917591e+04
1.406527679854370763e+04
1.355873191602030965e+04
1.428372941938695112e+04
1.199463860238675261e+04
1.386630438425480315e+04
1.374904123403036647e+04
1.402958470610995937e+04
1.344788899761386165e+04
1.425676253368992548e+04
1.431789555463521174e+04
1.402053611644376360e+04
1.394339620096906583e+04
1.307207630387227982e+04
1.314819295868196787e+04
1.303714332706164896e+04
1.345836359637131500e+04
1.426520469609033535e+04
1.290645735135041468e+04
1.336889261189085300e+04
1.405496047530797478e+04
1.206593597055747159e+04
1.400158591599185820e+04
1.329629252683658342e+04
1.304919414709449484e+04
1.391974107544209983e+04
1.235713005385436918e+04
1.305748539416049607e+04
1.209252382496509381e+04
1.423954859231775481e+04
1.421578960017364625e+04
1.383704085100133125e+04
1.349479779168745517e+04
1.426534107363837575e+04
1.393375572346667104e+04
1.378198806626362784e+04
1.344809721327538682e+04
1.177868647654020606e+04
1.283914613849647867e+04
1.432672283254269496e+04
1.206396335056041062e+04
1.372715385230702668e+04
1.424878006994088355e+04
1.399548497554967435e+04
1.383838086046623721e+04
1.354859472479618489e+04
1.431184754937485195e+04
1.396669976774631141e+04
1.337759929646572891e+04
1.391684838336087523e+04
1.352302370325411175e+04
1.367270173309470738e+04
1.304702319764630010e+04
1.393312584703364519e+04
1.359218896490502812e+04
1.429031595572266633e+04
1.388312207430071794e+04
1.373586248596958103e+04
1.074982585686360471e+04
1.332192593730315275e+04
1.372285447945062333e+04
1.254570373660644327e+04
1.249470122643536888e+04
1.387356014853816669e+04
1.399755522591093541e+04
1.138309388719897834e+04
1.403905195067540444e+04
1.402218165829586542e+04
1.413939542307685770e+04
1.402204208664151520e+04
1.367280425350063524e+04
1.413594981140017444e+04
1.427932709733330012e+04
1.402527893391921316e+04
1.424118369430937673e+04
1.375365389454713659e+04
1.403788527065391463e+04
1.252590667247710735e+04
1.434690667021042464e+04
1.365259680358357764e+04
1.418053317357725246e+04
1.143483225199392655e+04
1.375175790081007835e+04
1.420897063271194565e+04
1.381681633299927853e+04
1.362809681640713097e+04
1.215265344168811316e+04
1.394235016339128561e+04
1.244554686758655589e+04
1.178534135346473340e+04
1.347339187755083185e+04
1.396523453438067918e+04
1.383156631254129388e+04
1.426784720068793467e+04
1.348708736540629980e+04
1.405274646233454405e+04
1.355427537714783830e+04
1.366129905697180948e+04
1.410619920262086453e+04
1.361623842753535064e+04
1.409976240224084904e+04
1.386055937867105604e+04
1.425363951321088462e+04
1.306643152904794442e+04
1.396795742243065615e+04
1.374609796397255195e+04
1.427840254529031154e+04
1.331378994694340872e+04
1.238163155362151338e+04
1.410604934985918953e+04
1.416413648350465883e+04
1.417768600870371847e+04
1.415675927292854067e+04
1.229788867601718266e+04
1.433816772550696260e+04
1.369040288008512289e+04
1.274864132097202673e+04
1.356133361951611550e+04
1.320775165431778078e+04
1.195343248038405727e+04
1.322197876559566794e+04
1.398807904467830849e+04
1.396366015941752812e+04
1.097030828006155207e+04
1.385888581236504615e+04
1.435237016953396778e+04
1.425970320162194912e+04
1.324385436569720332e+04
1.174417477800526831e+04
1.401910071919991424e+04
1.397057432840892216e+04
1.248988539068276805e+04
1.426436815636547180e+04
1.430278460622073180e+04
1.431999269758137598e+04
1.392991619087635081e+04
1.140227623870833850e+04
1.298368595649574127e+04
1.417090623437520480e+04
1.381777967991544938e+04
1.351725651079111776e+04
1.431559557276645137e+04
1.416747537385988107e+04
1.409774789201485510e+04
1.425560118302131377e+04
1.404313012629532022e+04
1.432721971627947278e+04
1.425490504703488841e+04
1.322604446510600610e+04
1.346250724853677275e+04
1.383776635189941589e+04
1.319205747075040199e+04
1.194159251196897458e+04
1.202585277671943550e+04
1.429640310571346890e+04
1.360432098256193422e+04
1.391539780347029955e+04
1.378568740401940704e+04
1.282686465964890886e+04
1.134187834537051640e+04
1.434369198395018429e+04
1.310415677834036978e+04
1.189705867438195310e+04
1.243798510297260873e+04
1.147076226429800772e+04
1.432919230033884924e+04
1.337759929646572891e+04
1.412387741684193497e+04
1.416994169294970925e+04
1.378067435954637040e+04
1.404583180495341549e+04
1.433125834305814533e+04
1.426437530204452923e+04
1.394931943364350627e+04
1.416498685179744643e+04
1.271133863606700470e+04
1.337908627015599086e+04
1.352028358104550171e+04
1.357498315887873832e+04
1.428465646721905068e+04
1.392756001271763671e+04
1.318464115801487424e+04
1.228884853416108854e+04
1.426534422269512470e+04
1.300720465801088721e+04
1.407291224291877006e+04
1.398440064408700528e+04
1.417332448676390959e+04
1.388031431849746514e+04
1.321349449200207164e+04
1.387447464548681091e+04
1.408728932045186957e+04
1.093006388538286956e+04
1.318872521370564573e+04
1.384782157645324151e+04
1.412603102525479517e+04
1.427726855148131472e+04
1.306043745004134871e+04
1.379389179709877862e+04
1.426837507499985077e+04
1.219923198062157826e+04
1.250803263780695306e+04
1.411189097449212568e+04
1.409598748782318216e+04
1.296619603107187322e+04
1.391505143411172685e+04
1.269991452852347356e+04
1.432672283254269496e+04
1.423607614210469728e+04
1.337551421945383481e+04
1.330398425150646835e+04
1.261074014340107897e+04
1.392948245394633523e+04
1.392286487660080093e+04
1.410730464571749508e+04
1.234783483634265940e+04
1.421614500004321417e+04
1.416871593217837835e+04
1.148027794650323267e+04
1.280260748077790959e+04
1.152886858366670458e+04
1.371278423210473011e+04
1.302749733163690871e+04
1.306643152904794442e+04
1.407019359815661119e+04
1.322489792420989761e+04
1.318376295056536401e+04
1.380876421312677485e+04
1.303884909373258051e+04
1.429410630159818538e+04
1.349918975098427109e+04
1.369653361157501422e+04
1.325544986740199784e+04
1.278781683447725300e+04
1.408985986193976532e+04
1.389423606239752189e+04
1.361138618406562637e+04
1.356930572635320459e+04
1.281633921314030886e+04
1.320086998066625711e+04
1.297587156180834427e+04
1.371055546613984552e+04
1.321426550111227880e+04
1.368082168293160066e+04
1.434738467970106649e+04
1.417343021824141942e+04
1.425406626887967286e+04
1.366259674183331481e+04
1.403519198803472864e+04
1.425318940018618196e+04
1.406148454767597832e+04
1.275319584749185378e+04
1.203355750791954597e+04
1.289439194323179254e+04
1.308235852017030084e+04
1.390909342359189031e+04
1.418265852881058163e+04
1.341812787092808503e+04
1.269075231877342958e+04
1.392538317757540244e+04
1.401109331425026539e+04
1.373696567055890773e+04
1.307564831815239631e+04
1.303749284160944808e+04
1.420767167833888016e+04
1.364646612112011280e+04
1.273794135552385706e+04
1.217997461679789922e+04
1.386347600966201753e+04
1.376164574596976672e+04
1.409297137608281992e+04
1.361138618406562637e+04
1.364445836231191970e+04
1.370023828726353895e+04
1.320424615407591045e+04
1.277750921822678720e+04
1.335603940446136403e+04
1.277920560689133345e+04
1.417852875410889283e+04
1.414282583242575492e+04
1.268847205220229625e+04
1.246153677903735661e+04
1.389019445332214127e+04
1.425359794905106537e+04
1.424480183873442729e+04
1.280303496243796690e+04
1.396935306824799409e+04
1.326688295559336075e+04
1.379235433157069201e+04
1.417197460042322928e+04
1.403880800839291442e+04
1.420046875747193735e+04
1.353122419969371185e+04
1.362436611480760257e+04
1.420863312353380752e+04
1.400851418176353764e+04
1.221215542186622406e+04
1.398270024515387195e+04
1.352213874688940632e+04
1.212761255994666863e+04
1.367413936797661154e+04
1.373154352001633379e+04
1.348296011890976661e+04
1.391650951880182947e+04
1.376448970453126640e+04
1.373396667033983431e+04
1.321882825977710309e+04
1.252098097989320559e+04
1.137128439556825288e+04
1.306196812099431190e+04
1.427705674346331216e+04
1.376047043662510987e+04
1.398539664010184060e+04
1.365421529043704322e+04
1.271286783714138801e+04
1.390780958799698783e+04
1.089102615352853900e+04
1.434057419473364462e+04
1.134148014773443538e+04
1.412192326809906808e+04
1.125590880619315976e+04
1.219352285648473116e+04
1.346929770330258179e+04
1.331081982057203641e+04
1.370530903598886835e+04
1.400732858464955643e+04
1.434843225060453915e+04
1.429916638038338715e+04
1.384316302932914732e+04
1.334209233026167203e+04
1.296917825711065598e+04
1.257870099423220017e+04
1.384998947036657773e+04
1.324841163756078095e+04
1.343868444709602409e+04
1.395219056182376153e+04
1.336042833867549780e+04
1.243846273099816972e+04
1.322813616668428404e+04
1.297573445430795800e+04
1.250217130318475574e+04
1.349374760689975301e+04
1.346187587214655650e+04
1.192169850200189649e+04
1.435048556182901302e+04
1.433312345691817609e+04
1.188705519579994507e+04
1.359684400902082416e+04
1.384689730697606501e+04
1.258052207295829612e+04
1.370532340741067310e+04
1.338664892237607819e+04
1.235766137403746325e+04
1.408002731710790067e+04
1.251580139617616624e+04
1.378514363518911341e+04
1.402894651863286163e+04
1.249647100195596067e+04
1.406624452465037029e+04
1.415694902133706637e+04
1.408534815505482402e+04
1.355126771812256993e+04
1.396514257559477846e+04
1.415306163388085042e+04
1.361733535265586397e+04
1.427420206017213604e+04
1.147778357991579833e+04
1.355298990687833793e+04
1.323327550250592139e+04
1.422328747838995150e+04
1.422240716671152222e+04
1.368613515147996804e+04
1.434611287902872209e+04
1.433008645338174028e+04
1.260593079755746658e+04
1.392210541134930827e+04
1.362065731955456613e+04
1.409515460961731515e+04
1.427998783216412630e+04
1.401101198801402461e+04
1.267471741088145245e+04
1.409155630133202430e+04
1.137298349488546592e+04
1.415884331564535205e+04
1.420769201465440528e+04
1.421436298137606900e+04
1.391422623008399933e+04
1.340105055766166697e+04
1.351534074454076290e+04
1.311265143548903870e+04
1.208227095756901326e+04
1.435222480714332414e+04
1.411268448176977290e+04
1.425754362579766166e+04
1.378189936030241734e+04
1.317877000053481970e+04
1.419495469817103367e+04
1.400798104698126917e+04
1.337000251639006092e+04
1.429569111877510841e+04
1.413066226559799361e+04
1.286675391100791967e+04
1.387353463388683849e+04
1.351486609673693965e+04
1.429275594905702746e+04
1.367627484031560562e+04
1.354706260537906928e+04
1.201839741415561184e+04
1.426257842818810968e+04
1.408534815505482402e+04
1.428292820098348238e+04
1.158248250904311681e+04
1.266354807488704137e+04
1.378528860123313643e+04
1.396237540022326175e+04
1.435631443531727382e+04
1.435205710972188535e+04
1.330710940280082286e+04
1.353909299512040161e+04
1.380308510004696291e+04
1.374255752238299465e+04
1.353551476554026158e+04
1.328340893667450655e+04
1.366486578285344513e+04
1.340959643520480313e+04
1.415722678600079416e+04
1.366498610991818350e+04
1.284939499466533744e+04
1.302874318423530349e+04
1.359246885033426042e+04
1.373414864135361313e+04
1.033368479164048767e+04
1.159344451001401103e+04
1.266584627645935689e+04
1.266755587119872143e+04
1.416567659557954175e+04
1.367280425350063524e+04
1.395746909574584788e+04
1.308551849520775795e+04
1.386069779642395952e+04
1.435641591176602924e+04
1.211129689095392678e+04
1.372256695792000392e+04
1.425754362579766166e+04
1.409791741531970365e+04
1.423907331496263578e+04
1.346634233918612335e+04
1.401621870669805867e+04
1.434512858305752343e+04
1.353972104360381127e+04
1.289039173918405868e+04
1.369528754983020553e+04
1.394023464744048033e+04
1.435332193730413201e+04
1.356143611325839993e+04
1.426362083574369535e+04
1.317360329787491901e+04
1.328957038883929272e+04
1.347336925882394644e+04
1.328966580290051570e+04
1.406428345985614214e+04
1.435498662046607387e+04
1.377453733111642578e+04
1.416332793618194410e+04
1.349276799748526537e+04
1.426566241949196410e+04
1.392432239071361619e+04
1.400567577144777533e+04
1.423193213162550092e+04
1.365290679126960640e+04
1.362299547558535778e+04
1.395578308795747944e+04
1.381190418980157483e+04
1.400977001982260481e+04
1.401347898815191365e+04
1.363028493785959472e+04
1.379139151971476531e+04
1.385939674327355169e+04
1.428305416826827422e+04
1.343834035043437871e+04
1.416096865073851950e+04
1.402394818799763016e+04
1.417685307972092596e+04
1.047978265298476254e+04
1.411899410100718706e+04
1.381122208649620006e+04
1.398440064408700528e+04
1.425573580261750976e+04
1.385939674327355169e+04
1.408344764441631014e+04
1.433730164894916015e+04
1.357486454879198209e+04
1.432329438230395681e+04
1.426828004748309831e+04
1.362438355532612331e+04
1.386516477362661317e+04
1.371586247055740932e+04
1.416539462148144594e+04
1.422664419083725807e+04
1.357894250083997395e+04
1.408497137532474517e+04
1.364244741399012673e+04
1.360740504712718757e+04
1.430122061538196249e+04
1.381028819990359079e+04
1.310297925577886781e+04
1.434164948233826362e+04
1.409326110921169857e+04
1.349754898681236591e+04
1.364332587965850325e+04
1.415790815825484606e+04
1.401173596023247592e+04
1.417076622347704688e+04
1.422125148835129221e+04
1.368420755179519620e+04
1.421326068490545731e+04
1.356568639419119245e+04
1.381095260922378293e+04
1.425139081140521739e+04
1.134187834537051640e+04
1.365112765278195184e+04
1.307648621256695697e+04
1.428836147147927295e+04
1.374043587994366681e+04
1.407845635244757250e+04
1.431360133274601685e+04
1.346932028834021912e+04
1.319849729923004270e+04
1.403742419257102847e+04
1.423181058282770391e+04
1.075177806322459583e+04
1.249366824203744909e+04
1.321426550111227880e+04
1.414839690651486490e+04
1.381847731266299888e+04
1.416172838646307355e+04
1.420493255563010825e+04
1.374486813380635613e+04
1.188705519579994507e+04
1.378223562351637338e+04
1.290667834560573101e+04
1.410552665424034058e+04
1.398539664010184060e+04
1.272275199205751414e+04
1.409449181456835140e+04
1.381214082440174388e+04
1.403705151314686191e+04
1.401862163921547290e+04
1.371309064144433796e+04
1.318705538909406823e+04
1.129331426801724592e+04
1.261430645370388811e+04
1.431200552839304692e+04
1.391956484808982350e+04
1.362655047414532237e+04
1.305043330884454008e+04
1.386666423931374447e+04
1.411422987122262930e+04
1.277125530835442260e+04
1.404659501508604626e+04
1.244753400449635410e+04
1.384502450262022830e+04
1.389032835519802757e+04
1.337422681325156736e+04
1.409313694306565230e+04
1.396875933548566172e+04
1.368029590878630552e+04
1.431202827890819935e+04
1.362940578164390536e+04
1.375716390976115872e+04
9.593848109873990325e+03
1.397035038392920978e+04
1.411652999617065507e+04
1.397108415136717667e+04
1.310296806951628969e+04
1.396120081193818623e+04
1.409068884693236942e+04
1.427859834061714355e+04
1.296875205242431730e+04
1.325419041422492228e+04
1.301199311733138529e+04
1.310671047922907383e+04
1.371055546613984552e+04
1.223506168975710716e+04
1.376279656351123049e+04
1.372808783402788322e+04
1.406627798590565726e+04
1.413066226559799361e+04
1.409165137678835890e+04
1.261813444571168839e+04
1.429559059390052607e+04
1.366006796548151760e+04
1.427034886621493206e+04
1.396688285285198072e+04
1.169309472181116507e+04
1.430438154572340682e+04
1.381121870305857374e+04
1.270888686813950335e+04
1.361333546206353640e+04
1.378967395154197220e+04
1.323147998280268075e+04
1.367755469070214895e+04
1.431901466365535452e+04
1.335876221752701531e+04
1.423702619562940163e+04
1.400609176022538122e+04
1.381121870305857374e+04
1.358135784694798895e+04
1.284822633096578284e+04
1.411360363305179635e+04
1.396457915646870242e+04
1.379481985479621289e+04
1.434272326846345823e+04
1.386946115876622389e+04
1.430359799806204137e+04
1.423231854196657878e+04
1.223782191326444445e+04
1.372284792968308830e+04
1.311164284013681390e+04
1.278043274818444661e+04
1.401168958796261541e+04
1.404250575379473594e+04
1.400158591599185820e+04
1.422511371406744729e+04
1.349509559916514263e+04
1.286704719547326386e+04
1.378981097026054886e+04
1.402561009062567427e+04
1.403336826088369344e+04
1.424098787485586581e+04
1.350329184882059417e+04
1.293654960512139587e+04
1.389005635304929456e+04
1.379310856859441265e+04
1.425619811980414124e+04
1.226810002943086511e+04
1.256372940808533167e+04
1.374486813380635613e+04
1.421883779705729467e+04
1.378582137753746792e+04
1.418244454859131292e+04
1.228172718577971682e+04
1.296191739422408864e+04
1.393969533321341987e+04
1.403853777361728316e+04
1.380496153735474581e+04
1.391828769447486229e+04
1.417568477348898705e+04
1.294108335469252779e+04
1.412306653706756333e+04
1.146960805633203927e+04
1.181345217798012891e+04
1.417332448676390959e+04
1.435360217631141495e+04
1.395364442310609957e+04
1.295659116756507137e+04
1.415671947600464409e+04
1.260534517693790622e+04
1.309164661506661650e+04
1.308376403211733486e+04
1.312478560694160842e+04
1.433620473744619085e+04
1.422649882504393827e+04
1.384117883763973259e+04
1.256603396349542709e+04
1.320499520387056327e+04
1.401541789981176589e+04
1.230027530548921095e+04
1.347795776067248153e+04
1.420094419727796412e+04
1.406516621187485362e+04
1.336842166595769049e+04
1.384643798757571494e+04
1.347207213939598296e+04
1.364033751305720398e+04
1.280553624571126420e+04
1.400278292921264801e+04
1.415828050390153840e+04
1.411416578609656972e+04
1.392061994689669518e+04
1.401514402500783763e+04
1.314409133313702841e+04
1.100990760586700162e+04
1.400732858464955643e+04
1.280741021387958790e+04
1.396914386993803237e+04
1.277349486403114861e+04
1.346936572356899705e+04
1.252530733805811542e+04
1.384018388469704951e+04
1.358590530483178009e+04
1.232972877916348807e+04
1.435259579500192922e+04
1.435312831444242329e+04
1.388843947405277322e+04
1.397318060028331820e+04
1.270386106881629894e+04
1.364451166056330658e+04
1.399189398992090719e+04
1.396466891234340801e+04
1.268929371628537774e+04
1.257826415902938970e+04
1.325544986740199784e+04
1.424751614059102940e+04
1.412284158381982706e+04
1.432386553328485206e+04
1.429715099629470569e+04
1.320526634687421756e+04
1.418469758563685537e+04
1.296703316728577556e+04
1.418163617723599236e+04
1.277264068505192881e+04
1.192100037787424299e+04
1.378331784171258369e+04
1.412447444444247594e+04
1.409672654200040233e+04
1.326178346443012560e+04
1.398158779202708320e+04
1.424123638866109104e+04
1.427434017248423515e+04
1.424427869974365967e+04
1.395689756518469221e+04
9.353433913899643812e+03
1.354600101359268047e+04
1.376448970453126640e+04
1.360414499179407721e+04
1.358954142687270723e+04
1.248678803528105891e+04
1.288647032481468705e+04
1.406867377999212840e+04
1.396318904660661792e+04
1.381521644964731786e+04
1.411169555554747421e+04
1.272065755669684222e+04
1.241930718405139851e+04
1.099815406747554152e+04
1.340795650866131473e+04
1.379219679997082494e+04
1.288777765680653101e+04
1.406148454767597832e+04
1.391952407828146897e+04
1.393963787522333223e+04
1.379972657799851186e+04
1.400732858464955643e+04
1.306199241214634094e+04
1.362407083404693913e+04
1.278607787460904910e+04
1.335583841786326593e+04
1.289039173918405868e+04
1.321803234021138996e+04
1.405661763756470100e+04
1.411416746364311257e+04
1.405064122873662564e+04
1.376977586534452348e+04
1.390764906567658545e+04
1.400732858464955643e+04
1.407620194862884091e+04
1.369280187072988701e+04
1.303208066623070772e+04
1.387177996188401812e+04
1.415928640009630180e+04
1.401173596023247592e+04
1.327032978051015016e+04
1.243798510297260873e+04
1.278310527976836602e+04
1.400485704268092741e+04
1.322421041181193323e+04
1.337000251639006092e+04
1.253639239328010080e+04
1.355817022761276530e+04
1.393661372275834947e+04
1.305270778688813152e+04
1.198848703759759155e+04
1.387063163719412296e+04
1.302019111853889262e+04
1.395499786954538649e+04
1.378151995533075387e+04
1.333465552743931767e+04
1.083993902700049875e+04
1.299303410635671389e+04
1.332798867297327524e+04
1.391172010383471570e+04
1.247224422368661544e+04
1.341941253518315352e+04
1.367580335816827937e+04
1.406065868636492996e+04
1.425453338120509943e+04
1.429889668545401764e+04
1.431906544858338202e+04
1.433977789661781753e+04
1.357196422662707846e+04
1.429075173617401742e+04
1.384643798757571494e+04
1.370344641359601155e+04
1.435259133845374163e+04
1.216472972001547532e+04
1.433110737130627240e+04
1.432066711721178399e+04
1.430135584718688369e+04
1.293759970280307971e+04
1.435308606385586972e+04
1.321193044286785880e+04
1.346714305383307510e+04
1.416696415832677667e+04
1.400732858464955643e+04
1.116584696110381628e+04
1.431851184922324865e+04
1.404650074115737880e+04
1.286288915103920408e+04
1.403033997112620091e+04
1.173339805227900979e+04
1.402911215512078707e+04
1.423482806595760485e+04
1.410120710898424659e+04
1.422280410483427841e+04
1.285290646732049572e+04
1.309567734267285050e+04
1.417325317919581721e+04
1.432666047211179466e+04
1.427128718726281659e+04
1.319508921976133570e+04
