6.924443420356457864e+03
6.663784418604346683e+03
6.702096215941766786e+03
6.561433070995990420e+03
6.925514278526059570e+03
6.348348698630367835e+03
7.088226500135878268e+03
5.803029193751895946e+03
6.427015150086706853e+03
6.760900461392607212e+03
6.915787355827343163e+03
7.115168971816277917e+03
7.001389283920969319e+03
6.777899396537970460e+03
6.931246993261278476e+03
7.053505898070397961e+03
6.721026311626451388e+03
6.939264635244797319e+03
6.976590457659889580e+03
6.144055289491067015e+03
6.905858600280472274e+03
6.910137267570002223e+03
7.033547711317158246e+03
7.000309932154752460e+03
6.820390578726659442e+03
7.047501753233294949e+03
7.044842646184530167e+03
6.688397150151873575e+03
6.919367324251888931e+03
6.964979526647282910e+03
6.885109769977379074e+03
6.774373636310199799e+03
7.068498390544688846e+03
7.093040022923820288e+03
7.043159371811268102e+03
6.323163594137735345e+03
7.023642649065642217e+03
6.358889056922134841e+03
7.098101599114439523e+03
6.808183386913467984e+03
6.356815196221843507e+03
7.125441620341915041e+03
6.245640004540875452e+03
7.121062937587540546e+03
6.762024254308525997e+03
7.107430321846983134e+03
7.075485432525962096e+03
6.744131540703932842e+03
6.995251919096659549e+03
7.060785866765012543e+03
7.120010549742269177e+03
6.991144751380816160e+03
6.998891208425333389e+03
6.931970831913853544e+03
7.016747192104896385e+03
6.873599836924723604e+03
6.967148066627330081e+03
6.932102379524172648e+03
6.933881322688088403e+03
6.621748109803830630e+03
6.997282650962150001e+03
5.910842708873194169e+03
6.505656917533001433e+03
6.734773656338504225e+03
6.909808949304595444e+03
7.077842263541509055e+03
6.527911040114733623e+03
7.025080197715523354e+03
7.029247477162920404e+03
6.985917901706493467e+03
6.782536926387181666e+03
6.990003503690450998e+03
6.951110937417428431e+03
7.122440314152669089e+03
6.594653985144392209e+03
5.820252328766193386e+03
7.122374599491655317e+03
6.599230950805824250e+03
7.068889585027701287e+03
6.965213149785756286e+03
7.043480273788529303e+03
6.782557357418217180e+03
7.044378560474660844e+03
6.463208018958175671e+03
6.832728113576747091e+03
7.102950847742861697e+03
6.934681458955932612e+03
7.078079567004993805e+03
6.660038872198123499e+03
6.721188596426849472e+03
6.867151559646853457e+03
5.850819746004888657e+03
6.853126258190091903e+03
6.618711047170560960e+03
6.983444084583083168e+03
6.263346027594439875e+03
6.923159258608719938e+03
6.513452199135899718e+03
6.804359796419737904e+03
7.124192945015021905e+03
6.882352695592206146e+03
6.227069136385111960e+03
7.070454586712417949e+03
6.815099437026478881e+03
6.494063659281890068e+03
6.931038766740368374e+03
6.487437143895429472e+03
6.809896755040832431e+03
6.303190582954173806e+03
6.485656208925338433e+03
6.846206637564778248e+03
6.925000684873510181e+03
6.314546764573447035e+03
6.019499954077149596e+03
6.982202565766034240e+03
6.881468071625675293e+03
7.018928103854215806e+03
6.788195205023434937e+03
5.994828942176922283e+03
7.053488183873363596e+03
6.716842314264562447e+03
6.652817213151047326e+03
6.643375452044079793e+03
7.117795570363908155e+03
6.525474219231426105e+03
6.941732322188321632e+03
7.005807694158494087e+03
7.114255619036395728e+03
6.728162058124501527e+03
6.898906991021846807e+03
6.437046605094216829e+03
6.994113217181031359e+03
6.391415080302786919e+03
6.875879033122688270e+03
7.126353856046975125e+03
6.874423068785629766e+03
7.014822690312605118e+03
6.205809889039464906e+03
6.195874199739211690e+03
6.423741262161250233e+03
6.792835717730073156e+03
6.762467829947276186e+03
6.879764433509436458e+03
7.092310515040167047e+03
7.077653095532232328e+03
6.991755865559216545e+03
6.808932391028848542e+03
7.101933747112047058e+03
6.633191868152529423e+03
6.956129149353168941e+03
6.445655811935635029e+03
5.988699081765567826e+03
7.119202556223457577e+03
6.881465350541237058e+03
6.748294100358372816e+03
6.163319145740224485e+03
6.891593421471253350e+03
7.110183367807967443e+03
6.506022872885956531e+03
6.947389752116623640e+03
7.046737178482602758e+03
6.786319245928485543e+03
6.804610154987924034e+03
6.964228486924037497e+03
7.044842646184530167e+03
7.028399078021031528e+03
6.850108708517634113e+03
6.475218412458121747e+03
6.309755270185005429e+03
6.558785370957096347e+03
7.070932951326303737e+03
7.107192972984209518e+03
6.558364167280065885e+03
7.079773100743801479e+03
6.780062335515624000e+03
7.062680524159508423e+03
6.347834310100379298e+03
7.061109651056218354e+03
6.770510658952352060e+03
6.613750671208197673e+03
7.116376469378047659e+03
6.674934253401490423e+03
7.071149423411676253e+03
6.776702123830693381e+03
6.709464172382266042e+03
6.976455863962375588e+03
7.022358883742375838e+03
6.915698170179215595e+03
6.121822571105522002e+03
6.559964535395703933e+03
6.979965041736960302e+03
6.974086293096812369e+03
6.458057125161583826e+03
6.687090565823955330e+03
6.820290498526222109e+03
7.073424284830791294e+03
6.983667678126705141e+03
6.677493098758026463e+03
6.834240661588371950e+03
6.473782410327698017e+03
6.851041125932692921e+03
6.937442926971943052e+03
6.739310765138823626e+03
6.599140966911494615e+03
6.832239936544939155e+03
6.968574593403232939e+03
7.038103971403728792e+03
7.082067451819963026e+03
6.855515961638902809e+03
6.887464521061338928e+03
7.091275738084161276e+03
6.998767295085625847e+03
6.843116256648281706e+03
6.688455718460367279e+03
7.024611546883206756e+03
7.083316781282687771e+03
6.432344869274597841e+03
6.903463072615463716e+03
6.350453862240126909e+03
6.386386086748567323e+03
6.832054724297599023e+03
6.854998930284817106e+03
7.044378560474660844e+03
7.060389315459698992e+03
6.913903449567365897e+03
6.469960176590395349e+03
6.992439155975729591e+03
7.049915801321341860e+03
6.910201365400960640e+03
6.758421315586800119e+03
7.075579033296447960e+03
6.562661953167062165e+03
7.116337187412574167e+03
6.720183767812755832e+03
6.970687149186667739e+03
6.637404897986118158e+03
7.049396568099928118e+03
6.620815122734894430e+03
7.058237508599515422e+03
7.055871649746234652e+03
6.809663797891451395e+03
6.956511318105232931e+03
7.121226709982538523e+03
7.077502876189147173e+03
6.662387609595632057e+03
6.832054724297599023e+03
6.988034922157091387e+03
7.038150357597649418e+03
6.784536773192189685e+03
6.905443892749266524e+03
7.122931179914005043e+03
7.038692371265253314e+03
6.811512089346051653e+03
7.032289870664040791e+03
6.968500732082262402e+03
6.760582178313226905e+03
6.819747320955366376e+03
6.479540665634252036e+03
6.925449794215899601e+03
6.767883029200929741e+03
6.993858731459882620e+03
6.779619411288740594e+03
7.103770772185299393e+03
6.673303594921495460e+03
6.949197317993570323e+03
7.072646986965057295e+03
6.423275892787331031e+03
7.054772634024440777e+03
6.967282680281725334e+03
6.107191244361377358e+03
7.060709532328588466e+03
6.407922921023598064e+03
6.530977225642096528e+03
6.874455983260696485e+03
7.045581326515164619e+03
6.587576962166633166e+03
6.834149721685161239e+03
6.813220528830312105e+03
6.978598567956258194e+03
6.619195330401465981e+03
6.685722985965698172e+03
6.654442757502674795e+03
6.716351230772723284e+03
7.118630499536559910e+03
7.030145321293217421e+03
6.605972007310896515e+03
6.931246993261278476e+03
6.537081587355767624e+03
7.015148330113878728e+03
7.028676548232222558e+03
6.526162440930896992e+03
6.596984142081339087e+03
7.117127949227991849e+03
6.467278867307103610e+03
7.098837187979686860e+03
7.029598813821878139e+03
6.795927776912512854e+03
6.737788373100142053e+03
7.114634380344924466e+03
6.951937968523749987e+03
6.838551529299338654e+03
6.817467132938605573e+03
6.769695234090118902e+03
7.108057131587902404e+03
7.087721024542408486e+03
6.277651147435480198e+03
6.758323459241461023e+03
6.400741828276235537e+03
6.602127054129511635e+03
7.038637057888842719e+03
6.622631869224739603e+03
7.086753007628658452e+03
7.094502185512864344e+03
6.553697845251797844e+03
6.658071532123964062e+03
6.914426358546870688e+03
6.946589782040908176e+03
7.097425725049411994e+03
6.766557561133389754e+03
7.030170083489070748e+03
7.033317684771882341e+03
6.319893757657185233e+03
7.066752116399501574e+03
7.017405067291344494e+03
6.504500929249412366e+03
6.950250820266648589e+03
6.964107733502866722e+03
6.299978177397239051e+03
7.079436840540525736e+03
6.871919264625475989e+03
7.110481218846048250e+03
6.559816944034800144e+03
6.765550749507297041e+03
6.824560100358551608e+03
6.605556558319587566e+03
6.474106667203981488e+03
6.819747320955366376e+03
6.377505207686245740e+03
6.716147822766195532e+03
6.101468247680046261e+03
6.804815940740694714e+03
7.069968288093093179e+03
6.517924169849246027e+03
6.704942743734378382e+03
6.836146356778486734e+03
6.971416952750249038e+03
6.494371029080622066e+03
6.981453838743134838e+03
6.378208220985407024e+03
6.823874152691661948e+03
7.078488841312650948e+03
6.996265895337141046e+03
6.702739067104755122e+03
6.795495395526639186e+03
6.814735703702026512e+03
6.824560100358551608e+03
6.943809088766172863e+03
7.107359087265482231e+03
6.631278253620115720e+03
6.284791457790801360e+03
7.122172855971036370e+03
6.827300712631561510e+03
6.746699532391399771e+03
7.086049408868761020e+03
6.887716907245803668e+03
6.356755423701251857e+03
6.746036620279156523e+03
7.028759297873678406e+03
6.791606737884505492e+03
6.893657760372774646e+03
6.813866789020260512e+03
6.659922376856489791e+03
6.626646842566202395e+03
6.571725074543661322e+03
6.666009129895255683e+03
6.861272237294917431e+03
6.949222518454063902e+03
6.916218410643905372e+03
6.309291780959281823e+03
7.089455451805451958e+03
7.037719632392403582e+03
6.669738734402095361e+03
6.662666853420401821e+03
6.794298947298211715e+03
6.647267305576593571e+03
6.565984976106023169e+03
6.527250059831283579e+03
6.501904597447671222e+03
6.255805134822820037e+03
6.636766473176930958e+03
7.106924066467891862e+03
7.073268981755008099e+03
6.601539186040517052e+03
7.013586432673384479e+03
6.719826839815747917e+03
7.035035037845400439e+03
6.911683390015725308e+03
7.121235505685925091e+03
6.971343327961256364e+03
6.665674652738760415e+03
6.894934277884987750e+03
6.854011959171566559e+03
6.124566005199561914e+03
6.547011584407442569e+03
6.892378642646035587e+03
6.929099393126836731e+03
7.068332759775289560e+03
6.817412742621469988e+03
7.057425076937455742e+03
6.907942702933923101e+03
7.087358472673884535e+03
7.093554210574846365e+03
6.925030205423558982e+03
6.934179230779247519e+03
7.122920658843245292e+03
7.036434625151809087e+03
6.906737573072352461e+03
6.601181445540534696e+03
7.056211770656669614e+03
6.951406217614764500e+03
6.902829863398284033e+03
7.011322207474824609e+03
6.888344825990808204e+03
7.016123788947164940e+03
6.547033941382876947e+03
6.210955586461479470e+03
7.125793418272615781e+03
6.785509431339742150e+03
7.015978465934428641e+03
6.715489590104479248e+03
6.487074755606772669e+03
7.117772630004849816e+03
6.439569236037534210e+03
7.047619200361126786e+03
6.519097133411073628e+03
6.762540059987095447e+03
6.789519544528591723e+03
6.924646247750981274e+03
6.785856961590760875e+03
7.106303414551492097e+03
6.738831478074228471e+03
7.058398631111142095e+03
6.243451329763068316e+03
6.914781845921228523e+03
6.916743066075073330e+03
6.065459782516875748e+03
6.582608156236040486e+03
6.889386518348755089e+03
7.031685629289815552e+03
6.665752813178101860e+03
6.831942810888275744e+03
6.802646277221967466e+03
6.984851497381268018e+03
6.660555502805559627e+03
7.093612531507132189e+03
6.944981285107271106e+03
6.784702566096289956e+03
7.039807904573034648e+03
6.616675927104176480e+03
6.153101550875190696e+03
6.838309976800895129e+03
6.587163855264392623e+03
7.029331549599157370e+03
7.012003807071120718e+03
7.110328251009179439e+03
7.029588410182508596e+03
6.423485324194767600e+03
7.064421683061407748e+03
7.095744675794793693e+03
6.959271378976634878e+03
7.055407177606170990e+03
6.758150471362669123e+03
6.806964964577655337e+03
6.817255277007847326e+03
7.056027804822349935e+03
6.865334500165232384e+03
6.607415889121293731e+03
7.090207178650769492e+03
6.413753600431391533e+03
6.754572028153379506e+03
7.085414840407891461e+03
6.334015862473346715e+03
6.713225806427410134e+03
6.610659279552110092e+03
7.012008472436482407e+03
7.126063840167738817e+03
6.881485095965458640e+03
6.840630454126833683e+03
6.968235237988912559e+03
7.018729579192320671e+03
7.088238902252707703e+03
6.916406484586912484e+03
6.473294974498890952e+03
6.828396987743635691e+03
7.030350670908229404e+03
7.096924472906211122e+03
6.579462052627439334e+03
6.978152130558439239e+03
6.778483575480863692e+03
6.645719779620731060e+03
7.028277145973714141e+03
6.791394451669384580e+03
6.254582511486321891e+03
6.601175428097805707e+03
6.990254145044957113e+03
7.119744454789238262e+03
7.035580882083237157e+03
7.118944705070881355e+03
6.879053700166014096e+03
7.121984588412418816e+03
6.849116980260329001e+03
6.971204352525805007e+03
7.116451041484101552e+03
7.088876473108726714e+03
6.898131987652122916e+03
6.814735703702026512e+03
7.118630499536559910e+03
7.036226683966275232e+03
6.349828348088865823e+03
7.006075767938606077e+03
7.017233987028730553e+03
6.879764433509436458e+03
6.758783765983896046e+03
7.061095245447108027e+03
6.088488934746681480e+03
6.972569281188589230e+03
6.871454460220347755e+03
6.973248081110548810e+03
7.054057847515976391e+03
6.924050188323891234e+03
6.988295702530859671e+03
6.835649247936320535e+03
6.092814536947544184e+03
7.026410697620985957e+03
7.057704613168402830e+03
6.361338727303830638e+03
6.919367324251888931e+03
6.903166032689217900e+03
6.725795009378199211e+03
7.097618433880131306e+03
6.675810288063565167e+03
7.094574581462824426e+03
6.966070342232173971e+03
6.626752686181076569e+03
7.049182689665594808e+03
7.079096427669487639e+03
6.477309394639246420e+03
7.088822882551119619e+03
6.552756708751471706e+03
6.692599252665289896e+03
7.028363231342580548e+03
6.571774910626976634e+03
7.000742257748220254e+03
6.696435803123962614e+03
7.086953424742956486e+03
6.968449080246602534e+03
6.789365516985200884e+03
7.019767707333992803e+03
7.051914133246958045e+03
6.327505259737336019e+03
6.410682799735124718e+03
7.103304856820761415e+03
7.109558087864597837e+03
7.073119696165251298e+03
6.612612477141989075e+03
6.385976406729558221e+03
6.776213727221627778e+03
6.662575088431150107e+03
7.066589742244756053e+03
6.674604861306052044e+03
6.805559923556078502e+03
6.400443867683237841e+03
6.989259421179371202e+03
6.379026663446280509e+03
7.012008472436482407e+03
7.044979539805827699e+03
7.012686885017490567e+03
6.414920883152144597e+03
6.894322770066391968e+03
7.026101301418826552e+03
5.780017597155795556e+03
6.752831647003323269e+03
6.794087012367951502e+03
7.026928788876270119e+03
6.884713699885658571e+03
6.998230024679110102e+03
6.633024232616715381e+03
6.944422257091866413e+03
7.016866275632286488e+03
7.104121470211667656e+03
7.050209176425812984e+03
6.886947152926085437e+03
7.126369595571819445e+03
6.886253142848636344e+03
7.019926210225541581e+03
6.796405696582913151e+03
7.029301704811326090e+03
7.099720659761440402e+03
7.042617193140513336e+03
6.788195205023434937e+03
6.696222289256966178e+03
6.995027634826736175e+03
7.081119146412864211e+03
6.964963938923229762e+03
6.982713043853979798e+03
6.709249625231642312e+03
6.734451208452586798e+03
6.849699678758640403e+03
6.339464483231315171e+03
6.455885194840256190e+03
6.696037799142888616e+03
6.340115389019551003e+03
7.046499888931947680e+03
6.844227381408545625e+03
6.772683037632846208e+03
6.797042341244808995e+03
6.790850875409700166e+03
6.762103468283476104e+03
6.882460009069851367e+03
6.704942743734378382e+03
6.714885124203155101e+03
6.842934994544055371e+03
6.603911081128384467e+03
6.557237029629957760e+03
6.800710941819652362e+03
6.434623810161679103e+03
7.013396510862424293e+03
6.987770571168352035e+03
6.808609245396329243e+03
6.764643188753162576e+03
6.716842314264562447e+03
7.025096495685049376e+03
7.091260413908456030e+03
7.044823601246174803e+03
7.020827163663783722e+03
6.775867695124145939e+03
6.170484053582416891e+03
7.123233071176104204e+03
5.752993051454082888e+03
6.909113523334197453e+03
6.732887079459482266e+03
7.040029316751950319e+03
7.016053276024811566e+03
6.748413230768058384e+03
6.869932866737202858e+03
7.108082714394682625e+03
7.080949043808624083e+03
6.337712542780176591e+03
7.030070065650381366e+03
7.075582843267718999e+03
6.949269286536493382e+03
7.009191238487834198e+03
7.028679481902547195e+03
7.050796715095203581e+03
6.508173184693607254e+03
6.652967192848404011e+03
6.126041325648031489e+03
6.907105999341558345e+03
6.570767541818084283e+03
6.853449277026732489e+03
6.236088528827354821e+03
7.047778509311295238e+03
6.986185591079729420e+03
6.700623257989342164e+03
6.988621794946960108e+03
6.475027943659493758e+03
6.774658998566045739e+03
7.002827530573800686e+03
7.126369595571819445e+03
7.005690608430220891e+03
6.303550038231195686e+03
7.061287258833355736e+03
6.989214399264306849e+03
6.628176203043636633e+03
6.877974058595733368e+03
6.622359523924961650e+03
6.910262105328718462e+03
6.565908841105956526e+03
7.063138021491192376e+03
6.888260465545527040e+03
7.070932951326303737e+03
7.117939808674764208e+03
6.207897208613336261e+03
6.578056776669921419e+03
6.627089875189807572e+03
6.869514330840334878e+03
7.014449422913625313e+03
7.110870139272379674e+03
6.796265745965822134e+03
6.404281652645386202e+03
6.526162440930896992e+03
6.743594430442601151e+03
7.036294089375105614e+03
7.059913407781765272e+03
6.859256448709738834e+03
6.750176914927193138e+03
7.033384050699360159e+03
6.558083910088016637e+03
6.950045474136277335e+03
6.922655458612386610e+03
6.967092507628818566e+03
7.079653641520102610e+03
7.094410210292327065e+03
6.871176704032923226e+03
7.004923878111803788e+03
6.543757349667545895e+03
6.394195269290881697e+03
6.678988232882464217e+03
6.427118084234811249e+03
7.103050920727257108e+03
6.305692850116160116e+03
7.076863759898893477e+03
7.093379525427581939e+03
7.063378254893323174e+03
6.820390578726659442e+03
7.107863484184452318e+03
6.861786607830435969e+03
6.753828839400605830e+03
6.736697924859687191e+03
7.041596296729496316e+03
7.094711813497291587e+03
7.125639967673243518e+03
7.003573936893881182e+03
6.581111958453182524e+03
7.027159309985763684e+03
6.867657711935235056e+03
6.969081524280391932e+03
7.119350827425691932e+03
6.972569281188589230e+03
6.130835815880409427e+03
7.127136062275088989e+03
7.044963618002928342e+03
6.221518511017094170e+03
6.999510661497939509e+03
6.966497466650695060e+03
6.824353285914874505e+03
6.889663202035108952e+03
6.910665735300005508e+03
6.888656110935609831e+03
6.959597232172643999e+03
6.929354599594873434e+03
6.746124506723728700e+03
6.796325565323688352e+03
6.558230857153166653e+03
6.948341370555493995e+03
6.869700220056691251e+03
6.635869006492494918e+03
7.021725173208924389e+03
7.061832933230182789e+03
7.090677112776127615e+03
7.108789135794590038e+03
6.929373927306551195e+03
6.960442195553213423e+03
6.479688571965267329e+03
7.054310918423512703e+03
6.804136951376855905e+03
6.591048562188884716e+03
6.660444081624412320e+03
7.032171065903497038e+03
6.970640005242843472e+03
7.071548368014246080e+03
7.079523545960691081e+03
7.062899483092048285e+03
6.895024643879740324e+03
7.035241678637254154e+03
7.073828197477081630e+03
6.912643440574965098e+03
7.063138021491192376e+03
6.788195205023434937e+03
7.011262493092426666e+03
6.857101321508485853e+03
6.300748928849952790e+03
6.592643771653190015e+03
6.376639685570977235e+03
6.153101550875190696e+03
6.846438758249114471e+03
6.922635007465207309e+03
6.874731176236571628e+03
6.778327139120281572e+03
5.883343040165963430e+03
6.647068859259945384e+03
6.939057371610470909e+03
6.546682187461170543e+03
6.731762605475086275e+03
6.425052817827938270e+03
6.768525989952742748e+03
6.913847556051568972e+03
7.084855157140074880e+03
6.954457698197509671e+03
6.947032147744675967e+03
6.930137086973845726e+03
6.356958765581770422e+03
6.331527681739562468e+03
6.989214399264306849e+03
6.424181822940612619e+03
6.888046078061691333e+03
6.925124546095794358e+03
7.072797940938945430e+03
6.962349092462614863e+03
7.079861826689653753e+03
7.105665241861192044e+03
7.063378254893323174e+03
6.871705516699857981e+03
6.953103788357230769e+03
7.000309932154752460e+03
6.775871932216196001e+03
6.477466102088472326e+03
6.542530845647290334e+03
6.952585443935669900e+03
7.092978266106327283e+03
6.622939258207798957e+03
7.127012159591087766e+03
7.067500796913178419e+03
7.117407812923896017e+03
6.384675422355714545e+03
6.989342584837449976e+03
6.488798579285396045e+03
6.547259297932792833e+03
7.106735560286873806e+03
6.751626418077563358e+03
7.082621286221028640e+03
6.958469181259219113e+03
7.116175970638808394e+03
7.088608343441735087e+03
7.111521410676617961e+03
7.072502029466568274e+03
6.912600424092404864e+03
7.107877191416502683e+03
6.866995380180329448e+03
6.934179230779247519e+03
7.003137220675578646e+03
7.118630499536559910e+03
6.875890008618964202e+03
6.786261618471158727e+03
7.042535244122278527e+03
6.347834310100379298e+03
6.931359593197662434e+03
6.600440409708977313e+03
5.813289333088156127e+03
6.899472985241134666e+03
6.579906290009683289e+03
7.064015810918072020e+03
6.862895736679703077e+03
6.547345364630116819e+03
7.045684584426307993e+03
6.272009639999972933e+03
6.869460799831136683e+03
7.056810249855594520e+03
7.122751713106577881e+03
6.888483789710804558e+03
6.932948070077300144e+03
7.114078994153692292e+03
6.213374692589055485e+03
6.984846497164115135e+03
7.056025791136768021e+03
6.189001171012532723e+03
6.679552933287384803e+03
6.457189104410976142e+03
7.098035118325367876e+03
6.441660359290257475e+03
6.458105917202357887e+03
6.892182127352247335e+03
6.787123256617739571e+03
6.713443765400715165e+03
7.011157427891024781e+03
7.121984588412418816e+03
6.861256968890051212e+03
6.918995063948012103e+03
6.687623882546427012e+03
6.895382015979611424e+03
7.075934569799185738e+03
6.731008464269205433e+03
6.933942462632765455e+03
6.987060665368964692e+03
7.045996808111445716e+03
7.061681651094319022e+03
7.070107169828153928e+03
7.010949801693732297e+03
7.087389027376125341e+03
6.975953968009154778e+03
7.011322207474824609e+03
6.922207143706748866e+03
6.720121133865490265e+03
6.993516751052859036e+03
7.092832616811360822e+03
6.465824989257100242e+03
6.883068482704684357e+03
7.086264599507745515e+03
7.099038754434878683e+03
7.004810199081084647e+03
7.118452254260037080e+03
6.969901664217893995e+03
6.662421960735627181e+03
6.605556558319587566e+03
6.982423100874844749e+03
7.053942146209398743e+03
7.014078831542792614e+03
6.854982846736394094e+03
6.995210831435773798e+03
7.056974702626192084e+03
7.017284009920473181e+03
6.798674137289910504e+03
6.936111884792503588e+03
6.560508309291833939e+03
6.316145757383344971e+03
6.830007752362235806e+03
7.080928804737208338e+03
6.977855741706665867e+03
6.493721012678962325e+03
6.854850605627629193e+03
7.084218596941613214e+03
7.046289198937317451e+03
6.094237348573574309e+03
6.742086420871350128e+03
6.423275892787331031e+03
6.995791666188039926e+03
7.005961390032891359e+03
6.740188849282038063e+03
6.842596312626204963e+03
6.331478668691651364e+03
6.635869006492494918e+03
6.377573850405113262e+03
7.000520981378616852e+03
6.633013695872019525e+03
6.748806718441295743e+03
7.017333978557367118e+03
7.018113872251899011e+03
6.894672576886414390e+03
6.974066156715548459e+03
6.457980613313057802e+03
7.051527072951466835e+03
6.832891616343997157e+03
6.255426256646647744e+03
7.073967796547203761e+03
6.439351384855002834e+03
6.824653069669622710e+03
5.967105090572786139e+03
6.613727528147922385e+03
7.121984588412418816e+03
6.773583263941574842e+03
6.889789178307097245e+03
6.591804218231314735e+03
7.118435186963090928e+03
7.032831680280967703e+03
7.076994250345304863e+03
6.560994332888386452e+03
6.607415889121293731e+03
6.646389425231389396e+03
7.126099841672930779e+03
7.030158918968408216e+03
7.003573936893881182e+03
6.645320911323158725e+03
7.119330316168749050e+03
6.902681814755578671e+03
6.765776865565492699e+03
7.085689916738855572e+03
6.974131994184828727e+03
6.859235283396828891e+03
6.432344869274597841e+03
6.924822699509117228e+03
6.828780747716304177e+03
6.999416069501436141e+03
7.111057745781859921e+03
6.637618075340124051e+03
6.902681814755578671e+03
6.714623966877272323e+03
7.056560843945958368e+03
6.562661953167062165e+03
7.124492913865438823e+03
6.419548662959050489e+03
7.036417701662086984e+03
6.942121173062801972e+03
6.266308661881830631e+03
6.796633590139957960e+03
7.068801826521970725e+03
5.944354851859226073e+03
7.008998875025317830e+03
6.958205978216486983e+03
6.766773227839051287e+03
6.299978177397239051e+03
6.889353887433097952e+03
7.059086611743754474e+03
7.029331549599157370e+03
6.818569789796438272e+03
6.897866380889016000e+03
6.826662688722284656e+03
7.005637110598012441e+03
7.076994250345304863e+03
6.783083385787007501e+03
6.874274447409296044e+03
6.981466487704112296e+03
7.116671289272442664e+03
7.044963618002928342e+03
6.847591517877124716e+03
6.141018269629677889e+03
6.837943586688408686e+03
6.604529113893579961e+03
7.116612286009660238e+03
7.095510707916579122e+03
6.780827465183628192e+03
