5.814544583289753973e+03
5.751684815848798280e+03
5.798258763443915996e+03
5.895244493311916813e+03
5.899223494355275761e+03
6.006574090338660426e+03
5.819098715542320861e+03
6.039007818939289791e+03
5.783466207115476209e+03
5.740018316862880965e+03
6.044364155487805874e+03
5.862347750228449513e+03
5.842404572718443887e+03
5.876542740816171317e+03
5.417127001856543757e+03
5.661999340038115406e+03
5.945499649200057320e+03
6.009186213513356051e+03
6.024231567095326682e+03
5.966329616515998168e+03
5.773053302748617170e+03
5.675541761279822822e+03
5.987790178694796850e+03
5.573781468901282096e+03
5.969043982250273984e+03
6.003351364319529239e+03
5.613884945947920642e+03
5.911080492629367654e+03
5.631937605165395325e+03
6.027229784548853786e+03
5.868176363719878282e+03
5.868608302127437128e+03
5.816310360386256434e+03
5.796193422669403844e+03
5.805378855065079733e+03
6.023579250022226006e+03
5.936743795989899809e+03
5.847510715368037381e+03
5.913394025640021937e+03
5.960731433807679423e+03
5.980251009159599562e+03
5.835274616483665341e+03
6.031375419396730649e+03
5.552225880653845707e+03
5.892421486548972098e+03
6.013589772606660517e+03
6.038658170682005220e+03
5.997537910612143605e+03
5.901650339046064801e+03
6.018308835260564592e+03
5.875072644273080186e+03
6.043004797693895853e+03
5.764253053393778828e+03
5.904993907670072076e+03
5.945734366466284882e+03
5.924121705202242993e+03
5.866006010398692524e+03
5.753811093887707102e+03
5.881455377989405861e+03
5.991830572889235555e+03
5.865557742545079236e+03
5.934525996225141171e+03
5.935417117738161323e+03
5.752837556792912437e+03
5.969980904308563368e+03
5.614588679456207501e+03
5.675087961661844020e+03
5.255685001566909705e+03
5.906588959599574082e+03
5.821185776600617828e+03
5.479932938611371355e+03
5.738180435720380956e+03
5.772885965780024890e+03
5.857880044070166150e+03
6.000342370567212129e+03
5.947955408521101162e+03
5.948143213098012893e+03
5.974080377531800877e+03
6.032053841754785026e+03
6.008397714672415532e+03
6.022470149549382768e+03
5.962962866041058078e+03
5.923441593022921552e+03
5.987760561174695795e+03
5.888197464501028662e+03
6.022914134525319241e+03
5.702793964657746073e+03
5.932131038837094820e+03
5.929750846813622047e+03
5.771697450238511010e+03
5.941831030833260229e+03
5.994694018858885102e+03
5.991326081438186520e+03
5.777503939500711567e+03
5.976681897111109720e+03
5.798651581206946503e+03
5.913114471497266095e+03
5.936166903161700247e+03
5.804710075004059036e+03
5.638587942726485380e+03
6.029012982189042305e+03
5.910095311041646710e+03
5.776776021504607343e+03
5.964676568543312897e+03
5.944378340611008753e+03
5.974772929710065910e+03
5.867711191138161666e+03
5.882236526417083951e+03
6.032699128376684712e+03
5.844133965673601779e+03
5.762172669174030489e+03
5.832045683321046454e+03
6.042443999505896500e+03
5.876426458876334436e+03
5.966429096510520139e+03
6.028720187373494809e+03
5.515965414253381823e+03
6.043184405650901681e+03
5.703690311900251800e+03
5.702482986340301068e+03
5.933484808757260907e+03
5.923492911214411833e+03
5.738217018636241846e+03
5.843049119780271212e+03
5.961480123204428310e+03
6.042431960359313962e+03
6.035022125317560494e+03
5.948794231505151402e+03
5.718321899102131283e+03
5.956592254310216049e+03
6.032813384435076841e+03
5.976534773597511958e+03
5.984102852597490710e+03
5.888419482379189503e+03
6.018145208518774780e+03
5.556753365520718944e+03
5.912386645435384708e+03
5.994642473720724411e+03
6.038001552324445584e+03
5.779643828187108738e+03
5.906844156530198234e+03
5.995922176377558571e+03
5.865397447457593444e+03
5.899163990285389445e+03
6.007739008857229237e+03
5.903985407493873026e+03
5.854066730482194544e+03
5.667978652392295771e+03
5.828182640871118565e+03
6.023408087923131461e+03
5.890257148263774980e+03
5.990706158351046724e+03
5.528720343701355887e+03
5.600326630223117718e+03
5.861214766331787359e+03
5.894509550709958603e+03
5.544648371224465336e+03
5.946291466562370260e+03
5.879696409010066418e+03
5.839416488983475574e+03
5.682621009079778560e+03
5.906613126556522730e+03
5.821427223618393327e+03
5.692162619138302944e+03
5.848365903802034154e+03
6.029435189367680323e+03
5.714127840029093932e+03
5.885920832474704184e+03
5.858450546703239525e+03
5.893184193055074502e+03
5.977712887634079379e+03
6.030767352331196889e+03
5.846728340891976586e+03
5.852951629159884760e+03
5.936699588883813703e+03
5.979496921998039397e+03
6.018976150182857964e+03
5.923297748770975886e+03
5.979916172425748300e+03
6.036891796460422484e+03
5.985251299249346630e+03
6.023062784082608232e+03
5.903017873307988339e+03
5.791307227150307881e+03
5.694680207759032783e+03
5.893337665068501337e+03
5.723644712581828571e+03
5.830491511076568713e+03
5.949975973428290672e+03
5.710981839997548377e+03
5.987134161512772152e+03
5.849647844924626042e+03
5.855029246952244648e+03
5.954756313274880995e+03
6.008523193920773338e+03
5.843166553830520570e+03
5.803800592418174347e+03
5.980460114708707806e+03
5.881532323540545804e+03
5.847619253332368316e+03
5.913658334071525132e+03
5.884741443448116115e+03
5.997972188704557084e+03
5.762202947625148227e+03
5.889776433299985001e+03
6.032200973459785928e+03
5.886366729073244642e+03
5.928568286071791590e+03
5.919255499187294845e+03
5.795293209026845943e+03
6.009310299711431071e+03
5.858716441440235030e+03
5.997978178632451090e+03
5.750914760279541952e+03
5.895252034893363088e+03
5.978455443109709449e+03
5.945734366466284882e+03
5.635883322105422849e+03
5.617612521641971398e+03
5.978285174995142370e+03
5.966511628332415967e+03
5.718990032072302711e+03
5.909108907278060542e+03
5.960901100171990038e+03
6.013502860950877221e+03
6.035408404865048396e+03
5.545388200799535298e+03
5.858819875537201369e+03
5.947204554388194083e+03
5.887417108439594813e+03
5.784328618813662615e+03
5.951851124752332908e+03
5.695332944985233553e+03
5.337480171111757954e+03
5.816931498958213524e+03
5.693116599972398035e+03
5.767154950692947750e+03
6.008081121050950060e+03
6.033401392818334898e+03
6.040865512363065136e+03
5.998119722376942264e+03
5.960621176767723227e+03
5.926135950502779451e+03
5.989110759454125400e+03
5.795701830517960843e+03
5.984649454396386318e+03
6.006137719926359750e+03
6.009539852196570791e+03
6.033552243981896027e+03
5.938841598720340698e+03
5.616022997720580861e+03
5.802388617852653624e+03
5.899107577270271577e+03
5.817757561429671114e+03
6.012473309931550830e+03
5.453224271363688786e+03
5.398106721081023352e+03
5.983409972428664332e+03
5.969903588133613994e+03
6.042627506639873900e+03
5.798865623531668462e+03
5.999542356820556961e+03
5.924971648582139096e+03
5.825531762186505148e+03
6.041103168854168871e+03
5.978176138420236384e+03
6.044295924106534585e+03
5.903491019537330430e+03
5.671431395935092951e+03
5.744724681278654316e+03
5.959458087956038071e+03
5.993034812988813428e+03
5.920532992020900565e+03
5.820924470158466647e+03
5.838681847135112548e+03
5.910632226135324345e+03
6.023713351846917249e+03
5.974314988698099114e+03
5.628732365553702039e+03
5.871538997050332910e+03
5.934074837608752205e+03
5.662613386698058093e+03
5.282015924431452731e+03
6.002629519662697930e+03
5.980521921979665422e+03
5.546801846551827111e+03
5.989646098364618410e+03
5.385994234179537671e+03
5.884707003886799612e+03
5.900110711601584626e+03
5.959627436429809677e+03
5.613209509973936292e+03
5.902737649730112025e+03
5.827134797973497371e+03
6.027420096104009644e+03
6.000248301811700912e+03
6.018441132013924289e+03
5.978377193585513851e+03
5.958970397023022088e+03
5.583557145042108459e+03
6.038736091938724712e+03
5.288502984595248563e+03
5.834476050178291189e+03
5.863510754685024949e+03
5.740062919419200625e+03
5.879962427607731115e+03
5.792353940995435551e+03
5.880408313867519610e+03
5.985942376680713096e+03
6.014193620561632997e+03
5.568307527742140337e+03
5.737804387485090047e+03
5.654911968606720620e+03
5.841105812967174643e+03
5.932099883181075711e+03
5.916667078342108653e+03
5.578373214929316418e+03
5.935992941382499339e+03
5.868280873058218276e+03
5.978738128982336093e+03
5.673232799345901185e+03
5.818524128278608259e+03
6.019856670948147439e+03
5.962571325999148939e+03
5.981052122415951089e+03
5.728288618624359515e+03
6.024636691344756400e+03
5.720102689557703343e+03
6.008767623466777877e+03
5.625145546387586364e+03
5.911517740805337780e+03
5.695460616338283216e+03
6.022750087334574346e+03
6.004406800700669919e+03
5.999604945719987882e+03
5.987655940314725740e+03
5.841236456854940116e+03
5.917498445782778617e+03
6.028208732696477455e+03
6.000899189612656301e+03
5.833603222448843553e+03
6.003351364319529239e+03
6.039133747266492719e+03
5.464056005172345067e+03
5.779900779138832149e+03
6.028530774526123423e+03
6.008487783490804759e+03
5.745750407260068641e+03
5.826279811025911840e+03
5.968271921181913967e+03
6.001630280109930936e+03
5.932100393868796345e+03
5.748059622456308716e+03
5.924854033855972375e+03
5.605457497047282232e+03
5.646900665178227428e+03
6.038208170142648669e+03
5.979093282209762037e+03
5.440795081211628712e+03
5.598949271661669627e+03
5.901963774199319232e+03
5.910418455496770548e+03
5.970189299362989914e+03
6.036476159064262902e+03
5.979001182634352517e+03
6.011881833255101810e+03
5.597911199495664732e+03
5.512283050003918106e+03
6.002034378300490971e+03
5.801769252140441495e+03
5.950633943541540248e+03
5.724205982838879208e+03
5.987790178694796850e+03
5.921563290652535215e+03
5.857627760802503872e+03
5.818160744140583120e+03
5.595995478829567219e+03
5.945164526544218461e+03
5.998837982403705610e+03
5.784115792945548492e+03
5.965647352050840709e+03
5.791954510154146192e+03
6.003265342316030910e+03
5.630432251411911238e+03
5.989646098364618410e+03
5.758384768135509148e+03
5.962219159656678130e+03
5.720530221029221138e+03
6.023890500267636526e+03
5.939604354837526444e+03
6.015497782437811111e+03
6.022163389734671000e+03
5.330653171701542306e+03
5.933556609755125464e+03
5.709898172394974608e+03
6.042021629980486978e+03
5.934642507865682092e+03
5.896739176270300959e+03
6.018654962591811454e+03
5.775452401393042237e+03
5.953815122182587402e+03
5.860413133621641464e+03
5.827782093854549203e+03
5.932249689718758418e+03
5.547538938792415138e+03
5.776168997879271046e+03
5.981892727690714310e+03
6.021309307238934707e+03
6.018972866899546716e+03
5.945428342584422353e+03
5.749597160372830331e+03
5.987504392901271785e+03
6.021986173288655664e+03
5.888976698758216116e+03
6.028646596636026516e+03
5.944886615704508586e+03
5.990578522450440687e+03
5.790187444907991448e+03
6.011345018636804525e+03
5.879388315352103746e+03
5.905904794379692248e+03
5.942433125828822085e+03
5.984337279018148365e+03
5.791659733038884951e+03
5.966418131057020219e+03
5.927004550811911031e+03
5.928578129516969966e+03
5.849531627937016310e+03
5.968713382409401675e+03
5.973237740430375197e+03
6.012508668866553307e+03
5.819488437318175784e+03
5.980290453377521771e+03
5.530325442961721819e+03
6.014131922500340806e+03
6.012978288108939523e+03
5.968867031919396140e+03
5.881336452451512741e+03
6.018609144539407680e+03
6.023406334718816652e+03
5.772885965780024890e+03
5.685000775964475906e+03
5.973690169265084478e+03
6.019297125188678365e+03
5.886355206013744464e+03
5.942100158398290660e+03
5.655515629105012522e+03
5.917888633505848702e+03
5.824977561932614663e+03
5.476945381994011768e+03
5.445739836685118462e+03
5.893485832538256545e+03
5.888055870697307910e+03
6.025265248271960445e+03
5.991090812977653513e+03
5.961226300917612207e+03
5.947136212497410270e+03
5.993729888920091071e+03
5.861587498651649184e+03
5.790915370197534685e+03
5.561369842300520759e+03
5.763980890000257205e+03
5.934525996225141171e+03
5.796193422669403844e+03
5.673908722348865922e+03
5.623585488293536400e+03
5.751062827067247781e+03
5.859060199717525393e+03
5.828671407115407419e+03
5.545886978602460658e+03
6.042845299249109303e+03
5.720179054337456364e+03
6.022104571392284925e+03
5.855206638825817208e+03
5.978932616204929218e+03
5.960063265494832194e+03
5.850480014561469943e+03
5.644357495026846664e+03
5.846392285155741774e+03
5.957175225594093718e+03
6.006154310735211766e+03
6.033969572240790512e+03
5.915941471455841565e+03
5.582871488635956666e+03
6.026263445215650790e+03
6.039151183126631622e+03
5.891027546074356906e+03
5.960658719721132002e+03
5.979440137436436999e+03
5.878140502872069192e+03
5.986951957133183896e+03
5.913695645383865667e+03
6.018041572015061320e+03
5.869572395746929033e+03
5.963356380281142265e+03
5.752443439713046246e+03
6.028534665416382268e+03
5.938467679259363649e+03
6.018203499157223632e+03
5.951102333434497268e+03
5.839869230062106908e+03
5.912704459197884717e+03
6.018470608415446804e+03
5.749763334300305360e+03
5.974227427323547090e+03
5.853832517672924041e+03
6.008998041796750840e+03
5.885117124758240607e+03
5.784781109555640796e+03
5.592240436241462703e+03
5.797530055817120228e+03
5.819374952491076328e+03
5.582709477990434607e+03
5.672024809388301946e+03
5.964882490059159863e+03
5.831899691538523257e+03
5.964676568543312897e+03
5.660145538792418847e+03
5.978935648618284176e+03
5.924070319071854101e+03
5.887138463385267642e+03
5.877662443071528287e+03
5.834702629441329918e+03
5.648845777710401308e+03
5.808174404090776079e+03
6.029288612670796283e+03
5.884635668629350221e+03
5.947916296755342955e+03
6.041294320334171061e+03
5.975779363405438744e+03
5.871968611405298361e+03
5.956620498119704280e+03
6.029058680856627689e+03
5.858403253360360395e+03
6.021816354018086713e+03
5.855262470876305088e+03
6.017716130689146667e+03
5.652124491705093533e+03
5.304043482964010764e+03
5.909375953222018325e+03
5.843069525753957350e+03
5.863183582181251950e+03
5.714812316241772351e+03
5.899306065550982566e+03
6.023616933384280856e+03
5.808094023540075796e+03
5.891162110132023372e+03
5.981738445921258972e+03
5.939631899772584802e+03
5.992436427071188518e+03
5.706762463436955841e+03
5.895886111659369817e+03
6.014355480084281226e+03
5.815783117701108495e+03
5.937615855508345703e+03
5.905594351106741669e+03
5.519749704728323195e+03
5.958157558824033913e+03
6.043564526706118158e+03
6.017202065727969966e+03
5.699843052013402485e+03
5.980290453377521771e+03
5.588776510202908867e+03
5.985122452970527775e+03
5.798592481946852786e+03
5.669930565709803886e+03
5.706074684558196168e+03
6.018191368485369821e+03
5.843010201136612523e+03
5.934894590346833866e+03
5.898993661821218666e+03
5.907945738878062912e+03
5.947076938654686273e+03
5.929481364160405064e+03
5.763798193093954978e+03
5.733391622105200440e+03
5.653449723072076267e+03
6.040643775949229166e+03
6.036650385403347173e+03
5.979198158130737283e+03
6.037690897610475076e+03
5.853328230513710878e+03
6.013339950878276795e+03
5.979441485478375398e+03
6.030412066223872898e+03
5.819877182150468798e+03
5.725529333586127905e+03
6.007657626164530484e+03
5.929274005853498238e+03
5.880841340555087299e+03
5.689787806229504895e+03
5.905024197289445510e+03
5.503576028231147575e+03
5.902584072685272986e+03
5.769481725607332919e+03
5.951729445620590923e+03
5.511665786005234622e+03
5.633897519793757056e+03
5.954494718482239477e+03
5.892771294239789313e+03
5.744359648443798505e+03
5.281899424722433650e+03
5.927947850461379858e+03
5.874997949811993749e+03
5.991640914661353236e+03
5.653738571215916636e+03
6.033906130792753174e+03
5.661654019286353105e+03
5.873293936039377513e+03
5.923903886266244626e+03
5.581951466683327453e+03
5.964979141449288363e+03
5.895886111659369817e+03
5.688543885066701478e+03
5.922559857638923859e+03
5.837785192295235902e+03
5.832720028999317947e+03
5.894427310971785118e+03
5.751229151904981336e+03
5.877293754064248787e+03
5.822885376256661402e+03
5.996409650623230846e+03
5.705879463957966436e+03
5.923852286840588931e+03
5.535150797832999160e+03
5.915790462913513693e+03
5.973094988556278622e+03
5.938534069573877787e+03
5.897972606919812279e+03
5.941548977895380631e+03
5.832723126694701932e+03
5.965219167866576754e+03
5.790057126401626192e+03
6.011620795063724472e+03
5.961946197061837665e+03
6.019340276263087617e+03
6.029761513143608681e+03
5.915195043583664301e+03
5.932177358486416779e+03
5.959656341488265753e+03
6.028743546660805805e+03
5.970574934886338269e+03
5.742538591722895035e+03
5.761755167078904378e+03
5.967135470355875441e+03
5.814362651341765741e+03
5.906914793362151613e+03
6.005447640282822249e+03
5.862357705863169940e+03
5.520370367777481079e+03
5.749667937448729390e+03
5.955886363076841008e+03
5.950392779912250262e+03
5.824601878720635796e+03
5.891614575243473155e+03
5.884810182753975823e+03
6.038796402558140471e+03
6.041136282261828455e+03
6.039887447363314095e+03
5.795385061424551168e+03
5.666171121576638143e+03
5.974994945310026196e+03
5.973931020788046226e+03
5.943376272441433684e+03
5.573274687636470844e+03
6.018388980886820718e+03
5.999803621512181053e+03
5.795385436294625833e+03
6.008487783490804759e+03
5.756869100730221362e+03
5.679556285561233381e+03
6.006832928884407011e+03
5.703952599562104297e+03
5.871259312480724475e+03
5.491410399558786594e+03
5.962135353402634792e+03
5.864629069585373145e+03
6.014259456432155275e+03
5.968604532071078211e+03
5.749327552831713547e+03
5.970544238601563848e+03
5.846624910430511591e+03
5.958784514817917625e+03
5.415667530054963208e+03
6.035647833895674921e+03
5.965153585133582965e+03
5.864056309305925424e+03
5.810736825913912980e+03
5.470591333133602348e+03
6.009019438048084339e+03
5.694831684975502867e+03
5.988389562802942237e+03
5.997359537082011229e+03
6.022750087334574346e+03
6.038958258295990163e+03
6.029656764500105055e+03
5.750372726556628550e+03
5.731238317306412682e+03
5.997177714010264026e+03
5.761838149154773419e+03
5.971347893276230934e+03
5.863162824437250492e+03
6.022391463513327835e+03
5.935653422642684745e+03
6.027231227389701417e+03
5.612455956819713720e+03
5.797158069409198106e+03
5.923566103719671446e+03
5.899356767752156884e+03
5.803078331882735256e+03
5.581490555082217725e+03
5.725361403683746175e+03
6.044091512502260230e+03
5.869572395746929033e+03
5.996150132907016086e+03
5.849820904708760281e+03
6.030171450023617581e+03
5.933088939772536833e+03
5.771082971164340051e+03
5.650214497439984370e+03
5.945292992215596314e+03
5.720526908537795862e+03
6.002799958913537921e+03
5.915254450638495655e+03
5.942259539549565488e+03
5.991532643481246851e+03
5.726043228451841060e+03
5.474687040424556471e+03
5.960503467628208455e+03
5.623564997522778867e+03
5.827112171669958116e+03
5.906667152039232860e+03
5.948864076308667791e+03
6.027535613910649772e+03
5.896711494535144084e+03
6.011042045717486872e+03
5.720126342380634924e+03
5.237303198837607852e+03
5.427401727760515314e+03
5.837067751116277577e+03
5.918284588565546983e+03
5.825685045484879083e+03
5.969115781864536984e+03
6.031375419396730649e+03
5.999229752852205820e+03
5.826833743796980343e+03
5.773178883409827904e+03
6.041754455609353499e+03
5.903530473459309178e+03
5.536550793433874787e+03
5.503576028231147575e+03
5.947829386202256501e+03
5.894408454426572462e+03
5.788776589596744088e+03
5.850480014561469943e+03
6.041239175274145055e+03
5.706043658607522957e+03
5.975735790800953509e+03
5.640237421266587262e+03
5.774089825944104632e+03
5.905024197289445510e+03
5.787163003085868695e+03
5.820110708266336587e+03
5.942558259621489924e+03
5.876563350611246278e+03
5.983515227828191200e+03
5.786479208315462529e+03
5.796271487583771886e+03
5.716173352729110775e+03
6.034329469946324025e+03
5.696421945858401159e+03
5.583223672651167362e+03
5.909974410519105732e+03
5.973128379937290447e+03
5.663413401309715482e+03
5.846310295972121821e+03
5.978675503781381849e+03
5.898225758867302829e+03
5.978176138420236384e+03
6.019573923358657339e+03
5.712667929730894684e+03
5.963124049386762636e+03
5.760870736467778443e+03
5.638820569200506725e+03
5.917265278758629393e+03
5.903985407493873026e+03
5.952511622581187112e+03
5.889816926331743161e+03
5.684066497658466687e+03
5.907584260366726085e+03
5.985251299249346630e+03
5.414298222518424154e+03
5.801131658880048235e+03
5.829320594536471617e+03
5.951954161588986608e+03
5.977755648173368172e+03
5.912789775615832696e+03
5.751995143229245514e+03
5.842730507482572648e+03
5.827161679722092231e+03
5.649540080274479806e+03
5.463415170762491471e+03
5.982040467691276717e+03
5.937720475647396597e+03
5.497891959772012342e+03
5.889897424892555136e+03
5.942167632396288354e+03
6.040644839916617457e+03
5.955920188495832008e+03
6.010598702518534083e+03
5.744668319060434442e+03
5.889051875855632716e+03
6.007967463914935252e+03
5.985218014782280079e+03
5.830066044736169715e+03
5.825365169935270387e+03
5.982165658679140506e+03
5.796904037504163171e+03
5.804903444386329284e+03
5.718787939676605674e+03
6.034456449633835291e+03
5.971488174584271292e+03
5.485160224090517659e+03
5.954494918635420618e+03
5.854638678763649295e+03
5.864629069585373145e+03
5.980231627372553703e+03
5.016258150245153047e+03
5.993516402742132414e+03
6.026850690163710169e+03
5.796820014975392041e+03
5.979834656719755003e+03
6.025750784822014793e+03
5.947829386202256501e+03
5.586652795479880297e+03
6.043910866525211532e+03
6.005279827555948941e+03
5.981322167320091467e+03
5.873662896332898526e+03
6.021982825084601245e+03
5.581650672180581751e+03
5.835170274832298674e+03
5.920248307058151113e+03
5.820881341262543174e+03
6.010102938980378894e+03
6.018441132013924289e+03
5.690265327253959185e+03
6.000675185584972496e+03
5.922598489276228065e+03
5.927528990335957133e+03
5.955738886549490417e+03
5.986602625590567186e+03
5.930129500452868342e+03
5.936471123855848418e+03
5.994722273107277942e+03
5.990665998816561114e+03
5.918316529198163153e+03
5.625639151891344227e+03
5.972451246982601333e+03
5.785320144924128726e+03
5.708742721656175490e+03
5.805092443022765110e+03
5.645768028434274129e+03
5.989037214503854557e+03
5.995738363460444816e+03
5.806028736077033500e+03
6.026526173899723290e+03
5.810477003957375928e+03
5.809462363864598956e+03
6.012473309931550830e+03
5.994907311536038833e+03
5.548262267718464500e+03
6.020280687453619976e+03
6.014999780856778671e+03
5.805769544171428606e+03
5.869830393800033562e+03
6.032783105123498899e+03
5.967945907026962232e+03
5.687374697146313338e+03
5.998397404255007132e+03
5.811705754199425428e+03
5.288502984595248563e+03
5.348173590786157547e+03
5.701634013511236844e+03
6.005054437298060293e+03
5.625900082456107157e+03
5.954535781189465524e+03
5.936811804293024579e+03
5.441366583816941784e+03
5.742446180482596901e+03
5.996546456091768960e+03
6.036475083889767120e+03
5.918312480626679644e+03
6.036267781668294447e+03
5.967642802737091188e+03
5.639428286865001610e+03
6.008047944466579793e+03
5.576427802261108809e+03
5.983627363917223192e+03
6.022270900272660583e+03
5.974313238095462111e+03
5.809910521346233509e+03
5.889051875855632716e+03
5.931826400752232075e+03
5.996738367259786173e+03
5.951199775145023523e+03
5.956767144195728179e+03
5.782869661590140822e+03
5.998065022115837564e+03
5.883163195513950996e+03
6.016847244146912999e+03
6.033100400839488429e+03
5.803539678089393419e+03
5.972888344762784072e+03
5.954844811386697074e+03
5.783843436235063564e+03
5.606797265947619053e+03
6.001580202853612718e+03
6.007581493487763510e+03
5.978756638085489612e+03
5.966635556598763287e+03
5.763416259957954026e+03
6.036865372774257594e+03
5.996253264544973717e+03
5.920312583799583081e+03
5.905946222861870410e+03
5.967852105880687304e+03
6.017645868673749646e+03
5.878447486821512939e+03
5.961012258474887858e+03
5.818246735147559775e+03
5.918312480626679644e+03
5.675541761279822822e+03
5.978273879914080680e+03
6.015671490323408761e+03
5.778071512627164338e+03
5.921076959031489423e+03
5.882571835990789623e+03
6.008762833260556363e+03
5.688335015622686115e+03
5.866918292877754538e+03
6.042837223122187424e+03
5.803790634024600877e+03
5.573781468901282096e+03
5.971598554123641406e+03
5.918572221950245876e+03
6.041394311076783197e+03
5.953442774491852106e+03
5.928196292485195954e+03
5.445324014560271280e+03
5.867567241573320644e+03
5.768301105838019794e+03
5.906844156530198234e+03
5.818460972912924262e+03
5.849344387265052319e+03
5.681162177024232733e+03
5.912689464680921446e+03
6.025793296448705405e+03
5.595753517890867442e+03
5.889147922388279767e+03
5.708251327618757387e+03
5.682337204867559194e+03
6.012739360676995602e+03
5.960256180757005495e+03
5.969387233984041814e+03
5.800465026565178050e+03
6.016648936139124089e+03
5.836854394515958120e+03
5.680943520048860591e+03
5.953480158076591579e+03
6.025294768094759092e+03
5.518876135955446443e+03
5.963451645495100820e+03
5.662839646163782163e+03
6.031051487535316483e+03
5.859809425814699352e+03
5.400708891111376943e+03
5.940735468827555451e+03
5.990431233183380755e+03
6.030835114465839979e+03
6.008091938889971061e+03
5.864505571491681621e+03
5.850088697128107015e+03
5.756728626601044198e+03
6.002372742758117965e+03
6.007363486850747904e+03
5.929934399921097793e+03
5.982476237029062759e+03
5.951965276106475358e+03
6.006758819619891256e+03
5.837173404143798507e+03
5.976028002949744405e+03
5.846896410385834315e+03
6.020502125757862814e+03
5.644344384299315607e+03
5.971723488977468151e+03
5.825078523886573748e+03
5.378531322334763900e+03
5.793541688457545206e+03
6.002172715604062432e+03
