5.097006485559237262e+03
4.978218699208569888e+03
5.090263734521719016e+03
4.688991056487477181e+03
5.093862740924669197e+03
5.065318002931336196e+03
4.957103673166060616e+03
5.037748676034359960e+03
4.952079938853704334e+03
5.008035623011697680e+03
5.049992860808415571e+03
5.089920715083399045e+03
5.091758770027163337e+03
4.982152055581087552e+03
5.073130388907892666e+03
5.048739333651074958e+03
4.864805452387728110e+03
4.889215344511479998e+03
4.962717860075988938e+03
5.073581665741337929e+03
5.091996131311620047e+03
5.092814533932551058e+03
4.848210007361951284e+03
4.789805034127188264e+03
5.078035454075632515e+03
5.100304856955121977e+03
5.074146463908520673e+03
5.091127835904158928e+03
5.093754622057007509e+03
5.098213122054487940e+03
4.974710712502301249e+03
4.884613698195278630e+03
5.002437826687889356e+03
5.032312533668831747e+03
5.070914627748876228e+03
5.030504607262986610e+03
5.093830411265764269e+03
5.043268753955559077e+03
4.878971816541004046e+03
4.924920121673950234e+03
5.039329523494641762e+03
5.063309537406363233e+03
5.029046515787559656e+03
4.947882774905535371e+03
5.068461678718344956e+03
5.081838516093419457e+03
4.997567459399825566e+03
4.962807331912727022e+03
4.994287547499454377e+03
5.004201707150892616e+03
4.986380852152512489e+03
5.028514336834565256e+03
5.065955074132664777e+03
5.080289917210528074e+03
5.052987920639854565e+03
5.040570847156610398e+03
4.933166648813468782e+03
5.079539928074706040e+03
5.089891925876993810e+03
5.083246389658774206e+03
5.099948792980447251e+03
4.877351121717517344e+03
4.869299971809337876e+03
4.962554174401017008e+03
5.076207486390687336e+03
5.055825771075337798e+03
4.902086663643804059e+03
5.098161554100666763e+03
5.030504607262986610e+03
4.928941768657055945e+03
4.724500356887465387e+03
5.026653900377059472e+03
5.060833726085411399e+03
5.093257007988174337e+03
4.971281034199200803e+03
5.088518247327239806e+03
4.994314833419076422e+03
5.097785330738279299e+03
5.073861187687734855e+03
5.076867987775007350e+03
5.025108607429057884e+03
4.781071795155306972e+03
4.998189916061567601e+03
4.826330561242813928e+03
5.019725808701260576e+03
5.092337123369434266e+03
5.000008633819803435e+03
5.076196697938297802e+03
4.856177903245878952e+03
4.862454812034715360e+03
5.064480856943019717e+03
5.096643862508844904e+03
5.085062171650801247e+03
5.028878558854350558e+03
5.098289248079448953e+03
4.784302846881902951e+03
5.039506917240735675e+03
4.799191740543457854e+03
5.059866905861635132e+03
4.984419484594980531e+03
5.076520877202662632e+03
5.045944128496858866e+03
5.060468932484291145e+03
5.051332529396589962e+03
4.967912509456239604e+03
5.022747497154137818e+03
5.065365014783006700e+03
4.987990606634883989e+03
4.984310807769037638e+03
5.051342174344696105e+03
4.963883322945188411e+03
5.081705958066287167e+03
4.938340290738532531e+03
4.930455922032768285e+03
5.019319122169939874e+03
5.091981550247059204e+03
5.050240443809501812e+03
4.946612393974459337e+03
4.943573092337456728e+03
5.039261484693555758e+03
5.017717006798984585e+03
5.079880798236358714e+03
5.095147551375113835e+03
5.031336040868163764e+03
5.075612173249015541e+03
5.089320704300242141e+03
4.977706909229514167e+03
4.903800750741639604e+03
5.089318610129046647e+03
5.038353234620302828e+03
5.086324188370042066e+03
4.907225379502373471e+03
5.049539130900790042e+03
5.096420435546900990e+03
4.925707489312146208e+03
4.981276417737550219e+03
5.031796333829501236e+03
4.924795629589092641e+03
4.933598978620059825e+03
5.075450290492439308e+03
4.994257727276552032e+03
5.070756401894075680e+03
4.861338053141420460e+03
5.031909148674805692e+03
4.983413640906812361e+03
5.066365612176866307e+03
5.087238414094581458e+03
5.037842696935757886e+03
5.074129443234916835e+03
4.875106009318888027e+03
4.841366186081109845e+03
5.089791093471680142e+03
4.918618252028031748e+03
4.734955527067659204e+03
4.949872047252562879e+03
4.977181186057043305e+03
5.037614779793884736e+03
4.898718865760297376e+03
4.904477185049056970e+03
5.078945099833445965e+03
5.046280268036987763e+03
5.040656063234493558e+03
4.913732719190877106e+03
5.070208851223598685e+03
4.987216249225037245e+03
5.012526223761265101e+03
4.956102706248603681e+03
5.045392129649060735e+03
5.043688617830026487e+03
4.951638719230709285e+03
4.899296597767897765e+03
5.093874175661087065e+03
5.052059505974475542e+03
5.073294360605326801e+03
5.063740166572205453e+03
5.078008418684551543e+03
5.058679623205078315e+03
4.966479159238588181e+03
4.784533575898649360e+03
5.060124225417905109e+03
4.912878558280406651e+03
4.979201370981951186e+03
5.094115109401782320e+03
5.097956707591582017e+03
5.050630921475767536e+03
4.818342875209777048e+03
4.961043241077080893e+03
5.007761953331615587e+03
5.021076934823149713e+03
5.000165935356486443e+03
4.884613698195278630e+03
5.018296454156135951e+03
5.082774319069137164e+03
5.021000462636822704e+03
4.843617304559796139e+03
5.075334406050887992e+03
4.726119310276301803e+03
5.072087289489553768e+03
4.960019844148830089e+03
4.940388799653605020e+03
5.100059862016219995e+03
5.098893317105455026e+03
4.966723861528931593e+03
4.957484229720565963e+03
5.092137144074542448e+03
4.981282251093647574e+03
4.913936309233274187e+03
5.097538740047615647e+03
4.931485427544346749e+03
5.100307362466180166e+03
5.036515343441321420e+03
4.983221550597642818e+03
4.965196560550263712e+03
5.092493963958929271e+03
5.081257257808651048e+03
5.025904458424693075e+03
5.096819066680527612e+03
4.907681293372642358e+03
4.836461082235815411e+03
5.070561212421199343e+03
4.964752880378820919e+03
4.840726669044296614e+03
5.004766200706705604e+03
5.046958722429693807e+03
5.026054351430952011e+03
5.073727879768264756e+03
5.057686658357926717e+03
5.093013256051383905e+03
4.994662111089741302e+03
4.829860723712672552e+03
4.906076584997063947e+03
5.007034387594541840e+03
4.841203059773264613e+03
4.810474315110759562e+03
4.986272065871805353e+03
5.041968964244427298e+03
5.089764541685935001e+03
4.952147198164760994e+03
5.079110015948393993e+03
4.878466205357723993e+03
4.986704393331457140e+03
4.799503853527155115e+03
4.915075858972760216e+03
4.810554574853067606e+03
5.067161211850134350e+03
5.012730172001292885e+03
4.995338477432708714e+03
5.054517594137412743e+03
5.069625887516607690e+03
4.921636927184871638e+03
5.052057375609645533e+03
4.978507645124999726e+03
4.956407854251705430e+03
5.060866767161740427e+03
4.568157402992833340e+03
5.085425344773222605e+03
4.905202535281781820e+03
5.076538614373609562e+03
5.057196233821159694e+03
5.094563213353106221e+03
4.998351975409594161e+03
5.034506408361092326e+03
4.989045326926513553e+03
5.079870905178705470e+03
4.938924913050297619e+03
5.098010661593733857e+03
5.062322304457095015e+03
4.882808239856862201e+03
5.029901281635842679e+03
4.948414229687658008e+03
4.915327559332288729e+03
5.072053001682792456e+03
4.899324005183292684e+03
5.009253225477792512e+03
4.916578631937510181e+03
5.088816747136758750e+03
5.072917374663834380e+03
5.033720392283434194e+03
5.036418171545812584e+03
4.822732521466603430e+03
5.081705958066287167e+03
4.857649942333979197e+03
5.081679994037705001e+03
4.941731792663482338e+03
5.099515682204700170e+03
4.916967626816891425e+03
5.042705990702002964e+03
5.026054351430952011e+03
4.978383987806460937e+03
5.085236256993124698e+03
5.093733539645108976e+03
4.828886095204840785e+03
5.072798888753035499e+03
5.094008800589815110e+03
4.973349551028365568e+03
5.096959509254019395e+03
4.986941517377190394e+03
5.058910208935392802e+03
5.033562538784542994e+03
4.943778862360416497e+03
4.989941272391308303e+03
5.068245662518801510e+03
4.959408294405473498e+03
4.961230790505634104e+03
4.951600240440296147e+03
5.082179656279266965e+03
5.093947463698005777e+03
5.020486400253790634e+03
5.079880798236358714e+03
5.015142548909981997e+03
4.958152341410132067e+03
5.079273704776689556e+03
4.905415683252254894e+03
5.051718609002160520e+03
5.077813740135799890e+03
5.015858648002481459e+03
5.085789699379722151e+03
4.983588364964681205e+03
4.971898762209448250e+03
4.984898507453241109e+03
4.842379767383285980e+03
5.047864953578431596e+03
5.093432528401292075e+03
5.034615636438601541e+03
4.878789924652184709e+03
4.850191468029323005e+03
4.942744341168609935e+03
5.045043542834491745e+03
5.072696107297731032e+03
4.931732526387042526e+03
5.091417885168339126e+03
4.965790738410657468e+03
5.099956738894732553e+03
4.974462731829547920e+03
5.091903198661728311e+03
4.945883346296688615e+03
4.972482643567705054e+03
4.939515593741385601e+03
4.988429019293973397e+03
4.969641939358878517e+03
5.077614729235455343e+03
4.999552758508507395e+03
5.025046210248515308e+03
4.905202535281781820e+03
5.064828673884583623e+03
5.065725912186729147e+03
5.062447095694637028e+03
5.065322081889773472e+03
5.051215499297752103e+03
5.024064360882744950e+03
4.900734308084111035e+03
5.061768539603012869e+03
4.888200154230906264e+03
5.098641912490671530e+03
5.035263438235667309e+03
4.948169418671399399e+03
5.074809076057870698e+03
5.085764764237124837e+03
4.921761439503656220e+03
5.087724214884572575e+03
5.046286206118861628e+03
4.894949705287903271e+03
5.075295042378045764e+03
4.970706603483359686e+03
4.981909052763440741e+03
5.078495560206982191e+03
5.069619002810692109e+03
5.027846458552523472e+03
5.057203467044872014e+03
5.085330724245854071e+03
5.066298124428391020e+03
5.026839600609572699e+03
5.022922229493529812e+03
4.993364410900603616e+03
5.077773778660959579e+03
4.808110956094032190e+03
5.089533571151110664e+03
5.073680372223479935e+03
5.018967208430513892e+03
5.003279019975975643e+03
5.005424098060754659e+03
4.958167806777944861e+03
5.067910875551262507e+03
4.903665860436432922e+03
4.929880000063593798e+03
5.047864953578431596e+03
5.041108706883191189e+03
4.963527001144033420e+03
5.094304584067929682e+03
4.979559436258785354e+03
4.983000139616918204e+03
5.041855010655264778e+03
4.748357342402263384e+03
5.085398671040336922e+03
5.098034080638898558e+03
5.083419582280936083e+03
5.062154804089031131e+03
5.063609902787437022e+03
5.019418015158374146e+03
4.994793262415899335e+03
5.096695186616029787e+03
5.099413101866968645e+03
5.091902380065501347e+03
4.956453190375446866e+03
5.076976164215904646e+03
5.073875248968639426e+03
5.083881905014755830e+03
4.979900263141724281e+03
5.029835418526316062e+03
5.090158841230628241e+03
4.811792235554748913e+03
5.049287852420819036e+03
5.069099037541919643e+03
5.068299883190878063e+03
4.848227203761651253e+03
4.987715560992019164e+03
4.990543534013550016e+03
5.096338050214848408e+03
5.089875801246947049e+03
5.029046182530797523e+03
4.889037190360342720e+03
4.931399731660930229e+03
5.035538285967604679e+03
4.842404549663939179e+03
5.039366719741543420e+03
5.090532845644725057e+03
4.989086463161203937e+03
4.990587173307480043e+03
5.038848540264409166e+03
5.090389694904230964e+03
4.933737136303669104e+03
4.817322808445635928e+03
4.975629109346116820e+03
4.886886085353889939e+03
4.786998984382371418e+03
4.769703655032457391e+03
5.092180611506803871e+03
5.080221935552780451e+03
5.067947459577551854e+03
5.082784689545304900e+03
4.945418714470676605e+03
5.084603416435506006e+03
4.918055789628548155e+03
4.819924145341081385e+03
5.089399912342507378e+03
5.073501942841788150e+03
5.096780885351727193e+03
4.981943003057797796e+03
5.095673069029196995e+03
5.022706718119128709e+03
5.094344954225733090e+03
5.081409211027841593e+03
5.072751982523093830e+03
5.060087282457385299e+03
5.022064139082196562e+03
5.087947692558433118e+03
5.047202363608643282e+03
4.965329723089546860e+03
5.060479639225937717e+03
4.953527012718536753e+03
5.083212481278656924e+03
5.006768942096845421e+03
5.050715743400525753e+03
5.099252245090709039e+03
4.777696711317520567e+03
4.944759157404438156e+03
4.623252398598645414e+03
5.098118110935316508e+03
4.986311253750589458e+03
5.046433625113011658e+03
5.095717444481202619e+03
5.075065969453662547e+03
5.088880583306206972e+03
4.895953987022778165e+03
5.036587150906620082e+03
4.730338998325422835e+03
5.063144702325291291e+03
4.898423268059121256e+03
4.912081727336195399e+03
5.073340957803725360e+03
5.069161116981975283e+03
5.009317967619174851e+03
4.817162951346554109e+03
5.080727962154633133e+03
5.069968622590160521e+03
5.066764629264069299e+03
5.095720158338125657e+03
5.041587852738925903e+03
5.095780078310249337e+03
5.037570718480152209e+03
4.975491752920814179e+03
5.055343144760028736e+03
5.023485617468209057e+03
4.890263491052333848e+03
4.865371621301879713e+03
4.934224311516405578e+03
5.091984862808380967e+03
4.977746939229306918e+03
4.751483701767928324e+03
5.061653168256012577e+03
4.917022086943374234e+03
5.085665697788301259e+03
5.079702338529283224e+03
5.012172066006382011e+03
5.079690727740734474e+03
4.992682219010976041e+03
5.014477074653059390e+03
5.073963434840565242e+03
5.018386322032745738e+03
5.077161942594148059e+03
5.056292856975680479e+03
5.010373190311197504e+03
5.062108755716039013e+03
5.094113435061028213e+03
5.081597172752460210e+03
4.992105934724111648e+03
5.059256328203575322e+03
5.072303007288166555e+03
5.048737895242247760e+03
4.748094523662035499e+03
5.007859130691675091e+03
5.006326277453616058e+03
4.886886085353889939e+03
5.037545771358996717e+03
5.080449912929463608e+03
5.044522734210536328e+03
5.094154653721199793e+03
5.031686908771551316e+03
5.058713665807221332e+03
5.071773744386770886e+03
5.030463892416128147e+03
4.884613698195278630e+03
4.817162951346554109e+03
5.016757600546610774e+03
4.983375212481338167e+03
4.668054688601323505e+03
5.051438798188541114e+03
5.069539497211315393e+03
4.963053746485728880e+03
4.920816614385956200e+03
5.053979132058481810e+03
5.095473505504742207e+03
5.051311384690032355e+03
5.027804809131395814e+03
4.951175824902579734e+03
5.050956320833705831e+03
5.096643862508844904e+03
4.941838924713063534e+03
4.961606235208902945e+03
4.897179459934248371e+03
5.031028353477185192e+03
4.994158244148818085e+03
5.012665378886780672e+03
5.012219847055145692e+03
5.083942307700885976e+03
5.080423009932836976e+03
5.074809076057870698e+03
5.047517210462815456e+03
4.949431375955828116e+03
5.051438798188541114e+03
5.063754650648943425e+03
4.975629109346116820e+03
4.914237251937650399e+03
4.840726669044296614e+03
5.083094643552800335e+03
5.085027993331575090e+03
4.996513288401554746e+03
5.091596907879395076e+03
4.970796164541532562e+03
5.023773180792044514e+03
5.060323095346015180e+03
4.990911793586787098e+03
5.070511236131754231e+03
5.094266393335723478e+03
5.039366719741543420e+03
5.029099278822031920e+03
5.009635565940292508e+03
5.007217113333953421e+03
5.059138945930659247e+03
4.968396750966903710e+03
5.095851858039432045e+03
4.964146473747989148e+03
4.861378631154313553e+03
5.095310083986075369e+03
5.058686295522075852e+03
4.887219299021040570e+03
4.874817127575855920e+03
4.999124000583664383e+03
5.093523704148317847e+03
4.759505260657457256e+03
4.988173876871600442e+03
5.063064818344326341e+03
5.069237125908550297e+03
5.039880935247527304e+03
5.093483472793106557e+03
5.066410857464831679e+03
4.894516805065591143e+03
5.100004228626288750e+03
5.054498444639524678e+03
4.903176230121659501e+03
5.060983903997709604e+03
5.041343736458840795e+03
5.097956707591582017e+03
5.045703118682156855e+03
5.082455973382376214e+03
5.066514937824315894e+03
5.004382711033378655e+03
5.053064340720076871e+03
4.994127671728785572e+03
5.066424687364155034e+03
5.017220888897617442e+03
4.956550969147690012e+03
4.960989351477330274e+03
5.014043527100151550e+03
5.075965802972881647e+03
5.043528699353802949e+03
5.044941743320889145e+03
5.047231545628661479e+03
5.040139508561753246e+03
4.739817381277362074e+03
5.096997978403476736e+03
5.039925211004549055e+03
4.748357342402263384e+03
5.041108271339562634e+03
5.052965352142315169e+03
4.916316637049554629e+03
5.042705990702002964e+03
5.088867052025411795e+03
4.988527750637273130e+03
5.023827400889588716e+03
5.009800977116838112e+03
5.031505223676598689e+03
4.807779655976974027e+03
4.832827477846380134e+03
4.970638959766654807e+03
5.092814533932551058e+03
5.040563018773515068e+03
4.994314833419076422e+03
4.902939526913016380e+03
5.096108558139237175e+03
5.074461185988167927e+03
5.064219284476191206e+03
5.078806563406898931e+03
5.073246869198625063e+03
4.993160798544134195e+03
5.090936892528799035e+03
5.029656388007893838e+03
5.037352977241231201e+03
5.006894544446722648e+03
4.990634098148506382e+03
5.075247004926415684e+03
5.069979786865742426e+03
4.730287043522613203e+03
5.033250468970621114e+03
5.065434824167041370e+03
5.053514241302554183e+03
4.930566160866063001e+03
5.049465694063470437e+03
5.008192099527426763e+03
4.974210260134867895e+03
4.865239001048417776e+03
5.021870650339228632e+03
5.036250178996354407e+03
5.081876110149606575e+03
5.013516562612302550e+03
4.747274806155927763e+03
4.893503442213891503e+03
5.021639601792358008e+03
5.097182772898313488e+03
5.066957682734085211e+03
5.059220612866448391e+03
4.959000557300402761e+03
4.915482498498201494e+03
5.071065452084127173e+03
4.986974270801491002e+03
5.072980739798333161e+03
5.006484300412861558e+03
4.783155292133698822e+03
4.916856096407277619e+03
5.008040988054409354e+03
5.051224097909372176e+03
5.087000705123114130e+03
5.036599239483220117e+03
5.078743426406654180e+03
5.037562951859700661e+03
5.056929530371107830e+03
4.953246181210493887e+03
5.049392710996611640e+03
5.024428751313868815e+03
4.934751584233335052e+03
5.074743995889748476e+03
4.888605262967702402e+03
5.061616889623677707e+03
4.942051555058524173e+03
4.974577139922490460e+03
4.933369704024689781e+03
5.058880649950563566e+03
4.976422555265840856e+03
5.036546185514731405e+03
5.007363936212708722e+03
5.036973960171470026e+03
5.027461006921637818e+03
5.085801051239273875e+03
5.079880798236358714e+03
5.061697246782623552e+03
5.022064545457170425e+03
5.045311342457553110e+03
5.096977793632102475e+03
5.069822607311891261e+03
5.025109798870047598e+03
4.993258016388848773e+03
5.066763158047178877e+03
5.049678040171682369e+03
5.029576519248911609e+03
5.095378652423089079e+03
4.930566160866063001e+03
4.863436556780628052e+03
4.963875740333337490e+03
5.084402179036336747e+03
4.916856096407277619e+03
4.916104222794326233e+03
4.849440122906460601e+03
4.720237929185280336e+03
5.098719571635373541e+03
4.994505576045396083e+03
5.049155055745991376e+03
5.017921637222190839e+03
5.079508869439629052e+03
5.061346401648408573e+03
5.066044198289488122e+03
5.072701345419974132e+03
4.925534152873691710e+03
5.066395755819911756e+03
4.843584730687016418e+03
4.986415395298396106e+03
5.097715637109638919e+03
5.033799333720365212e+03
5.026007040616739687e+03
5.012001804255762181e+03
4.944489393985484639e+03
4.994257727276552032e+03
5.055090812693428234e+03
5.090694371539044369e+03
5.074809076057870698e+03
5.003812782432063614e+03
5.073430819431549025e+03
5.080885028178575340e+03
5.015669698432747282e+03
5.042986237397065452e+03
4.743680108323313107e+03
5.095980300063344657e+03
4.610448857437974766e+03
4.991807168609590008e+03
4.817162951346554109e+03
5.020794741755200448e+03
4.889741345795515372e+03
4.938055346298291624e+03
5.052987920639854565e+03
5.049923747682438261e+03
5.095082975626240113e+03
5.066415551250824137e+03
5.060886191856092410e+03
4.936681415305309201e+03
4.959347544456933974e+03
4.985043041749269833e+03
5.065756380339751558e+03
5.088342282686786348e+03
5.014098147518778205e+03
5.093452311172827649e+03
5.069730695985861530e+03
5.072214029592337283e+03
5.052914164724483271e+03
4.892073821023304845e+03
4.878789924652184709e+03
4.943299382647943276e+03
5.064595268915930319e+03
5.095732721974072774e+03
5.048161811206897255e+03
4.895243975906521882e+03
4.678674246888976086e+03
4.934068374886655874e+03
5.047805829207210991e+03
5.001275429182742300e+03
4.981067064147022393e+03
5.063978432286139650e+03
5.033326119262083012e+03
4.980722753304795333e+03
5.033913514523037520e+03
4.872015117671783628e+03
4.887993067391851582e+03
5.059444274165813113e+03
4.977698309852038619e+03
5.054706257599300443e+03
4.777696711317520567e+03
4.916316637049554629e+03
4.975554593589075921e+03
4.942040506373237804e+03
5.086378427691755860e+03
5.092765492094807087e+03
5.000086829975294677e+03
5.080053515566178248e+03
5.051856972912994024e+03
4.953003788048580645e+03
5.098381944331651539e+03
5.056436659816361498e+03
4.950873443323837819e+03
5.034809026184466347e+03
5.061319013619584439e+03
5.023771370923136601e+03
4.989085990769684031e+03
5.091126597102125743e+03
5.084929559624714784e+03
5.075156777365255039e+03
5.039577676536947365e+03
5.061571200812887582e+03
5.017026209835410555e+03
4.991738464192301763e+03
5.030170723298229859e+03
4.985904392718770396e+03
5.053746287251732610e+03
5.039956884108258237e+03
5.032569358933525109e+03
5.073085963662571885e+03
5.067947459577551854e+03
5.062105679184291148e+03
4.816042699634414021e+03
5.066568570707962863e+03
4.953756725278530212e+03
5.091269401125004151e+03
4.882938472188096057e+03
5.079561156882236901e+03
5.020294663878940810e+03
5.084627234505569504e+03
5.068461678718344956e+03
5.074724384337423544e+03
5.085764764237124837e+03
4.960995240380827454e+03
5.084847413753485853e+03
5.078495560206982191e+03
4.931248757024393853e+03
4.992990431570176042e+03
5.005726912253784576e+03
5.081477878945910561e+03
5.053753976613679697e+03
4.792844813974525096e+03
5.070550248927518624e+03
5.072128921492159861e+03
4.872015117671783628e+03
5.072471747397172294e+03
5.062746479832116165e+03
5.022091857025088757e+03
5.014770129130138230e+03
5.074941299302186962e+03
5.057184801967524436e+03
5.035938114357631093e+03
5.035693274547361398e+03
5.006328238763409900e+03
5.013566434122075407e+03
5.058024627597926155e+03
4.995023755394474392e+03
5.096191151457997876e+03
5.072425757326862367e+03
5.038555253848225220e+03
5.100224562174878884e+03
5.030074837705012214e+03
5.074240704938056297e+03
5.033520015822952701e+03
5.027644645828529974e+03
5.091543028467625845e+03
5.010435909527483091e+03
4.760637150250437116e+03
5.071348546182069185e+03
5.007722316248109564e+03
4.822692757978101326e+03
5.092441287544675106e+03
5.073673829864766049e+03
4.937455049199407767e+03
5.039993469981245653e+03
5.079110015948393993e+03
5.078593950009224500e+03
4.976697495877063375e+03
5.018297314458503024e+03
5.056617383823559067e+03
4.932839619570929244e+03
4.856491368379145570e+03
5.096240997824930673e+03
5.088113733716128081e+03
4.864149768388198936e+03
5.006421977002666608e+03
5.099163269566980489e+03
4.963800550113234749e+03
4.951793229948112639e+03
5.073974819653139093e+03
5.074609317522033962e+03
5.054703097267228259e+03
5.016122144385381034e+03
5.008382401661391668e+03
4.903072708504227194e+03
4.992720658708515657e+03
5.042266044338245592e+03
5.088222615249300361e+03
5.094657213468444752e+03
4.887549193563736480e+03
4.984025521568759359e+03
4.959152332571346051e+03
4.994963765729233273e+03
5.099720434663738160e+03
4.959347544456933974e+03
5.002830570814055136e+03
5.048633421719632679e+03
4.920225808021193188e+03
5.011181272675131368e+03
5.080183727415734211e+03
4.963690164655547960e+03
5.090225103801276418e+03
5.079252235666485831e+03
4.964111380746935538e+03
5.096027932617240367e+03
5.073027202584518818e+03
5.024393729198647634e+03
5.039297518325841338e+03
4.938340290738532531e+03
5.065955074132664777e+03
4.845552914404299372e+03
4.908249361612853136e+03
5.096554217825980231e+03
4.946081404551813648e+03
5.080103035715543228e+03
4.976399982609620565e+03
5.057297941082671969e+03
5.006915982185510074e+03
4.977439944409164127e+03
4.979682671010485137e+03
5.023591311339199819e+03
4.992682219010976041e+03
4.952147198164760994e+03
4.903886212233678634e+03
4.737638256134217954e+03
4.840308244852928510e+03
5.081808296615359723e+03
5.021993177042564639e+03
5.092814533932551058e+03
5.029388358055231947e+03
4.985720315358320477e+03
5.052056674007179026e+03
5.074549986210407951e+03
5.072522253878738411e+03
4.912724538805133307e+03
5.039137034682653393e+03
4.751379798840466719e+03
4.850529458639588483e+03
5.046400392406181709e+03
4.859101819386636635e+03
4.942457680189364510e+03
5.044164104255418351e+03
4.925768830074880498e+03
4.853638658172736541e+03
5.036567863195015889e+03
5.096111504114425770e+03
5.068721989900990593e+03
5.081552102617581113e+03
5.067630373047708417e+03
4.972582292707353190e+03
5.047315835603058076e+03
5.060114439887808658e+03
5.035943245473589741e+03
5.063561108029880415e+03
4.996933187681551317e+03
5.009439161277469793e+03
4.883470574825447329e+03
5.064309934275555861e+03
5.095980300063344657e+03
5.022558055467375198e+03
4.978218699208569888e+03
4.917051152985148292e+03
5.035374219983171315e+03
5.057380847275991982e+03
5.061107242302349732e+03
5.093973709409385265e+03
4.941488149955397603e+03
4.937037185413921179e+03
5.093319833876557823e+03
5.037318748037634577e+03
5.020395473336015129e+03
5.095536372250218847e+03
5.042295359357980487e+03
5.047409450487452887e+03
4.869988256066026224e+03
5.100304856955121977e+03
4.965453044140327620e+03
5.082941952039979697e+03
4.973959195045432352e+03
5.026839600609572699e+03
4.866105672638075703e+03
5.046109949374841563e+03
5.089378991209812739e+03
5.077773778660959579e+03
5.053903411336244972e+03
4.962534597630808094e+03
4.828060550380251698e+03
