4.794828237472114779e+03
4.827311331755056017e+03
4.734289907569729621e+03
4.846870632275618846e+03
4.835097836167886271e+03
4.773289068108359970e+03
4.791619624194730932e+03
4.877340037625015611e+03
4.874810074838404944e+03
4.835415435202421577e+03
4.803768307831156562e+03
4.776625202533608899e+03
4.820338809979999496e+03
4.713608818925677951e+03
4.732210993289733779e+03
4.809635495045044991e+03
4.872585722569075187e+03
4.883554635550923194e+03
4.567898512309981925e+03
4.841976314782185000e+03
4.828207285165542999e+03
4.808112965762875319e+03
4.786318402642996261e+03
4.776016231189732935e+03
4.802743258750560926e+03
4.783330356231688711e+03
4.862618126531467169e+03
4.754296162129756340e+03
4.844777928732160944e+03
4.881647617410694693e+03
4.805882241743758641e+03
4.870861330638094842e+03
4.800637783075023435e+03
4.754422590207945177e+03
4.852585296584353273e+03
4.867202746090666551e+03
4.783273295825107198e+03
4.873852278774332262e+03
4.876324257750480683e+03
4.770142656691224147e+03
4.826414784098382370e+03
4.595134654837640483e+03
4.817446028791362551e+03
4.872725541088272621e+03
4.853927922337221389e+03
4.788265432757312738e+03
4.874572611521358340e+03
4.787073054005262748e+03
4.860922878466364637e+03
4.891138456447618410e+03
4.890331351968451600e+03
4.794715099388036833e+03
4.792887773338669831e+03
4.877899916253663832e+03
4.881598503220875500e+03
4.769151909397642157e+03
4.864534153522891756e+03
4.870621835859672501e+03
4.758060301094743409e+03
4.762463622250656044e+03
4.831107881321277091e+03
4.888395463211520109e+03
4.870806959195567288e+03
4.862189077868431013e+03
4.815927635777059550e+03
4.874940339499198672e+03
4.760007780896306940e+03
4.840537758263082651e+03
4.817547205424841195e+03
4.833648904623944873e+03
4.773273842871607485e+03
4.745471682233915089e+03
4.754188171442357998e+03
4.820360990791577933e+03
4.515627844180828106e+03
4.816502753738187494e+03
4.812292673509367887e+03
4.713109879800548697e+03
4.835271573632044237e+03
4.860290274175427840e+03
4.885975649180370056e+03
4.756011872784194566e+03
4.846739848900429934e+03
4.882405973636887211e+03
4.876351404747512788e+03
4.819884846362013377e+03
4.801938562144619937e+03
4.869596978989616218e+03
4.855412281871984305e+03
4.838839537297370953e+03
4.714464372582736360e+03
4.877795010390933385e+03
4.809556524617921241e+03
4.826533470920516265e+03
4.826292772118413268e+03
4.852344147245799832e+03
4.846011313088586576e+03
4.862540521195775000e+03
4.842064098938885763e+03
4.874505985864645481e+03
4.836132850025098378e+03
4.858695091626734211e+03
4.854113367782954811e+03
4.860760514425785004e+03
4.818326774705916250e+03
4.788657785346782475e+03
4.629845890250658158e+03
4.745973922236793442e+03
4.848146843731323315e+03
4.788523408125456626e+03
4.889816289097618210e+03
4.869620983765081291e+03
4.888560685201924571e+03
4.823861592159037173e+03
4.824327937008571098e+03
4.752096648067013120e+03
4.854871260241739947e+03
4.768529441184760799e+03
4.868766567514968301e+03
4.745997756971677518e+03
4.892172686417214209e+03
4.882083892575536993e+03
4.796663996993283945e+03
4.809947663917379032e+03
4.842135853165535991e+03
4.617983708919369747e+03
4.833849387854786983e+03
4.886457664046502941e+03
4.890186201174772577e+03
4.881737086597528105e+03
4.714712842437849758e+03
4.764005824277119245e+03
4.870806959195567288e+03
4.862540521195775000e+03
4.763944554603206598e+03
4.797899336945485629e+03
4.833262367707895464e+03
4.726325458055762283e+03
4.814812896080642531e+03
4.875358526743009861e+03
4.882083892575536993e+03
4.884343668498039733e+03
4.644515684321570916e+03
4.814785057061071711e+03
4.855429138826269082e+03
4.762838718129331028e+03
4.802411817709053139e+03
4.777167600554723322e+03
4.833443467306342427e+03
4.890531099785795959e+03
4.880672542192090987e+03
4.745522944978653868e+03
4.792877587724397927e+03
4.766706166993732950e+03
4.864750761191728998e+03
4.863169392065819920e+03
4.790582248952838199e+03
4.640050641482652281e+03
4.842817755218971797e+03
4.745753025610322766e+03
4.862144810403409792e+03
4.858433094365145735e+03
4.748740992881026614e+03
4.875173044717403172e+03
4.801644792705027612e+03
4.867655169419254889e+03
4.851196086326121076e+03
4.855590257385766563e+03
4.807748400699243575e+03
4.874378719009089764e+03
4.884678441700600160e+03
4.867613951502060445e+03
4.788212838201717204e+03
4.849956943986520855e+03
4.736646878626546822e+03
4.886124480978382053e+03
4.851620057631273085e+03
4.693591593718439981e+03
4.796305635877362874e+03
4.784817929465702036e+03
4.888783937270083698e+03
4.875939021560257970e+03
4.787364580643381487e+03
4.883480078978354868e+03
4.821299817849176179e+03
4.749694613185714843e+03
4.884768212197741377e+03
4.837201098472063677e+03
4.865241122957546395e+03
4.774810113320175333e+03
4.826026207432900264e+03
4.817716547495539999e+03
4.793370235052167118e+03
4.851506843685714557e+03
4.784968226220978977e+03
4.832987787685076910e+03
4.814940817597753266e+03
4.871486035889635787e+03
4.865475284045041008e+03
4.886614668063441968e+03
4.792922152993649433e+03
4.832317211994868558e+03
4.879974729631092487e+03
4.753921328787965649e+03
4.852975879880767025e+03
4.844077643219476158e+03
4.712979591515822904e+03
4.827906996210927900e+03
4.848482801088945962e+03
4.794978428932052338e+03
4.807344655082820282e+03
4.779782150473478396e+03
4.762260709888454585e+03
4.869620983765081291e+03
4.699571381611225661e+03
4.761909116035363695e+03
4.760959753449890741e+03
4.775576766176409365e+03
4.842674591686585700e+03
4.803558179077406749e+03
4.734810588747754082e+03
4.790913198618254683e+03
4.798127928561603767e+03
4.776751758588792654e+03
4.720807618332548373e+03
4.781826985136839539e+03
4.859904489567826204e+03
4.823933135318058703e+03
4.846096529641768939e+03
4.871531892832151243e+03
4.638168704245157642e+03
4.762867389458056095e+03
4.856294123810999736e+03
4.852654662379230103e+03
4.755759988525883273e+03
4.872701066464415817e+03
4.725971329063861049e+03
4.831930961498015677e+03
4.855213497953153819e+03
4.783392367087717503e+03
4.723218119218791799e+03
4.745917021198627481e+03
4.879074291907163570e+03
4.803331508702063729e+03
4.776016231189732935e+03
4.821950307349583454e+03
4.881351862585625895e+03
4.821584123341523082e+03
4.864713734210775328e+03
4.871857533875672743e+03
4.831725965869780339e+03
4.879974729631092487e+03
4.710024935336548879e+03
4.738906948215800185e+03
4.845844648033281374e+03
4.826469895456271843e+03
4.891633635836359645e+03
4.872371655682247365e+03
4.817033223717093279e+03
4.873026906268947641e+03
4.889944596421108145e+03
4.747286918981086274e+03
4.859049499641969305e+03
4.773579387339019377e+03
4.607646631002171489e+03
4.857548621767025907e+03
4.883418343831938728e+03
4.869463311561511546e+03
4.768259137362811089e+03
4.828739574616931350e+03
4.817728467834443109e+03
4.839959000214272237e+03
4.821822916401787552e+03
4.776797229727948434e+03
4.864935320489173137e+03
4.873348020088224075e+03
4.826677096793014243e+03
4.824890383955083053e+03
4.839202675767714027e+03
4.879918718489543608e+03
4.814354359119075525e+03
4.876497018332445805e+03
4.891705441613234143e+03
4.684230157986690756e+03
4.747723387736563382e+03
4.803331508702063729e+03
4.736192627149370310e+03
4.778191592845349987e+03
4.811228329306120031e+03
4.859870876093564220e+03
4.864678850605312618e+03
4.695060245836742070e+03
4.773274163179011339e+03
4.797335697515232823e+03
4.747289764520519384e+03
4.855194060303935657e+03
4.835495149659111121e+03
4.834539022601797114e+03
4.856373054595391295e+03
4.848761664467055198e+03
4.836342618226409286e+03
4.818250247527295869e+03
4.795074082673021621e+03
4.747653372867027429e+03
4.886833953354686855e+03
4.801228289497116748e+03
4.661351345125694934e+03
4.887769381733178307e+03
4.868186659886529014e+03
4.837901580696321616e+03
4.689585733906122186e+03
4.843447380736550258e+03
4.889993655740974646e+03
4.837901580696321616e+03
4.868934363325341110e+03
4.757667046652233694e+03
4.884255933460246524e+03
4.720227875708749707e+03
4.589358555399475335e+03
4.828326847922771776e+03
4.843494624933598971e+03
4.855218504801621748e+03
4.786437391158799073e+03
4.791612272152056903e+03
4.883514424931359827e+03
4.862540521195775000e+03
4.765784207070133562e+03
4.805785542074718251e+03
4.762127853393865735e+03
4.887650372725811394e+03
4.793432149897831550e+03
4.752445250702827252e+03
4.713229818526819145e+03
4.872057833521589600e+03
4.759470076014117694e+03
4.614093378356996254e+03
4.863667152181269557e+03
4.887309049648800283e+03
4.865451339240708876e+03
4.871095065496216193e+03
4.848846074873799807e+03
4.798450070299174513e+03
4.800781752894576130e+03
4.877555276362845689e+03
4.887702642676986216e+03
4.885781403739165398e+03
4.777209667061400978e+03
4.837362332378981591e+03
4.810453357096788750e+03
4.785798302743018212e+03
4.832760086183801832e+03
4.816013044814706518e+03
4.857192544153886047e+03
4.887831386673900852e+03
4.857452199937167279e+03
4.857829569483594241e+03
4.845433721587751279e+03
4.806433701089752503e+03
4.886924724035725376e+03
4.845877574184225523e+03
4.787937420757312793e+03
4.768765306456677536e+03
4.888634304142205110e+03
4.872970890392554793e+03
4.687071140269606076e+03
4.787459730101296373e+03
4.881204225825245885e+03
4.751995791096409448e+03
4.822722607069938022e+03
4.870500383602644433e+03
4.834681431338249240e+03
4.834424360581726432e+03
4.822222832261872099e+03
4.801314729045147033e+03
4.832052117319441095e+03
4.847385434860522764e+03
4.753975501075927241e+03
4.799253481869403913e+03
4.830963643189494178e+03
4.680049056493959142e+03
4.783036375163501361e+03
4.889539030172818457e+03
4.863237952027468054e+03
4.768740216584687005e+03
4.856218547405700519e+03
4.786485209084161397e+03
4.887098418333825975e+03
4.822873400891125129e+03
4.886922852920260993e+03
4.795938826307960881e+03
4.885732421461559170e+03
4.832975491303775016e+03
4.796063472856671069e+03
4.880448307203764671e+03
4.888533748228926015e+03
4.790382668368929444e+03
4.763009920011234499e+03
4.862796123750100378e+03
4.890379971271255272e+03
4.836219752653392788e+03
4.877937760426385466e+03
4.668960701485355457e+03
4.785278327392707070e+03
4.719325208106850368e+03
4.728957268582749748e+03
4.773507788963483108e+03
4.887228497208324370e+03
4.830031151453224084e+03
4.683387208592839670e+03
4.846398944217568896e+03
4.881565165236984285e+03
4.800660827081497700e+03
4.855588977679131858e+03
4.887399534888660128e+03
4.814989238987542194e+03
4.838653554844620885e+03
4.857760147491422686e+03
4.877157912163553192e+03
4.888270694988859759e+03
4.869435938712962525e+03
4.773131901214615027e+03
4.820397406368901102e+03
4.859574146656848825e+03
4.755312842865264429e+03
4.663161624273157940e+03
4.824559448184416397e+03
4.798312418349919426e+03
4.848234467579410193e+03
4.583597171047675147e+03
4.880502874360976421e+03
4.716549580192259782e+03
4.889614866976442499e+03
4.887857639363305680e+03
4.890063577308263120e+03
4.782813797872486248e+03
4.841344300201624719e+03
4.883103591037657679e+03
4.883021330788800697e+03
4.861574791388984522e+03
4.877501772614582478e+03
4.785273842840838370e+03
4.731507492298009311e+03
4.879334830467909342e+03
4.884602375385465166e+03
4.873574259846830500e+03
4.764960046149904883e+03
4.877648038921372972e+03
4.773097065628272503e+03
4.790067067653941194e+03
4.888811921163628540e+03
4.823512313549843384e+03
4.882083892575536993e+03
4.835772219118249268e+03
4.776492799955981354e+03
4.833224132813124015e+03
4.750214067189817797e+03
4.798343643813917879e+03
4.757484489297519758e+03
4.876097851673091100e+03
4.878613265285613124e+03
4.771054467873207614e+03
4.864471268015360693e+03
4.591493240131067068e+03
4.801486648023787893e+03
4.800311927483146064e+03
4.685974637927835829e+03
4.840571088654313826e+03
4.780138607678138214e+03
4.812904029729879767e+03
4.776310252064470660e+03
4.764359318321770843e+03
4.879805565437055520e+03
4.634318517451749358e+03
4.725494291935636284e+03
4.772265422683462020e+03
4.868046437553150099e+03
4.839517084780757614e+03
4.885484234340137846e+03
4.827510157611773138e+03
4.830590193248405740e+03
4.890171916881437028e+03
4.888050986962009119e+03
4.855004948031692948e+03
4.692825583130612358e+03
4.888502284584049448e+03
4.773692191589680078e+03
4.867710916048337822e+03
4.879714240940746095e+03
4.820623027173216542e+03
4.873750083942839410e+03
4.841630592343995886e+03
4.871654060047265375e+03
4.842750203051700737e+03
4.833470745550227548e+03
4.780751450092951927e+03
4.886044586551173779e+03
4.813252112703665262e+03
4.862340330853072373e+03
4.860115695539743683e+03
4.875223889565509126e+03
4.890838083888673282e+03
4.880702263832519748e+03
4.806025022216706930e+03
4.674336707154356191e+03
4.747829447695266936e+03
4.827863360647932495e+03
4.870086024384655502e+03
4.748293915124068008e+03
4.850267664982756287e+03
4.815294727381549819e+03
4.885180288966053922e+03
4.722852067844710291e+03
4.883911429599531402e+03
4.830219123720149582e+03
4.807702724363330162e+03
4.868973819304484095e+03
4.812989003916084584e+03
4.828088152641867964e+03
4.779772853305469653e+03
4.862806286089917194e+03
4.809556524617921241e+03
4.801131667502017081e+03
4.878205671703588450e+03
4.878163008618004824e+03
4.741017981973644055e+03
4.874212102511992271e+03
4.647745853413197437e+03
4.848709391264224905e+03
4.866890514689721385e+03
4.874304447154048830e+03
4.805980655770411431e+03
4.605370669955533231e+03
4.886689902880079899e+03
4.774673072681675876e+03
4.869855142679118217e+03
4.886597076364060740e+03
4.785820342388384233e+03
4.854652716019196305e+03
4.878531901004134852e+03
4.873133179830267181e+03
4.805553493937401072e+03
4.777530844913978399e+03
4.687071140269606076e+03
4.887877258820499264e+03
4.753945487156444869e+03
4.748029744257614766e+03
4.871857533875672743e+03
4.872189716142573161e+03
4.848102814017303899e+03
4.837696233949483940e+03
4.771523340188918155e+03
4.788212838201717204e+03
4.868047171408519716e+03
4.785278327392707070e+03
4.720399275189358377e+03
4.876234465375446234e+03
4.871668294021266775e+03
4.885784001074778644e+03
4.818463743681255437e+03
4.718119813810533742e+03
4.888986167884055249e+03
4.682892329427211735e+03
4.880971733814300023e+03
4.841344300201624719e+03
4.841108753707920187e+03
4.821883623161442301e+03
4.887525860503834338e+03
4.804352021752833025e+03
4.777340571569407984e+03
4.848853900896699997e+03
4.879723778098314142e+03
4.860320750084691099e+03
4.859577603347972399e+03
4.780442239921371765e+03
4.790763586513755399e+03
4.832062395742796070e+03
4.840947384806633636e+03
4.831189695978121563e+03
4.884111458846607093e+03
4.875810902078814252e+03
4.806565061831568528e+03
4.866559226216490060e+03
4.830175812735786167e+03
4.869102071773289026e+03
4.869740084892155210e+03
4.849157006915698730e+03
4.768669290770086263e+03
4.889017764905333934e+03
4.790407929622219854e+03
4.790744997484718624e+03
4.892103945615076555e+03
4.882186320489718128e+03
4.764332480092470178e+03
4.867516173430512936e+03
4.603528827055000875e+03
4.890207668128885416e+03
4.862812861136873835e+03
4.874389814179236964e+03
4.876514047589698748e+03
4.764954298543842015e+03
4.875280760080909204e+03
4.757078160961910726e+03
4.803669558978125679e+03
4.497958036844036542e+03
4.817082043511445590e+03
4.749411538788477628e+03
4.839550988938211958e+03
4.889600913859343564e+03
4.856398265426847502e+03
4.886352800462558662e+03
4.680689900525855592e+03
4.878154952044258607e+03
4.849909847174401875e+03
4.846968048619786714e+03
4.746196974928238888e+03
4.612929323612474946e+03
4.875433028214714795e+03
4.784840465475152087e+03
4.836947249939256835e+03
4.874029922341778729e+03
4.867802840948845187e+03
4.866868771403832397e+03
4.868120384598249984e+03
4.836643782879941682e+03
4.783721448977452383e+03
4.866820202290055022e+03
4.862411886025458443e+03
4.663532154625248950e+03
4.702989532002025953e+03
4.853499539153588557e+03
4.717516341205475328e+03
4.880771437208737552e+03
4.756173683657223592e+03
4.842820490145988515e+03
4.767926569813334936e+03
4.845090590922069168e+03
4.777343450441343521e+03
4.870575535396528721e+03
4.753827244411879292e+03
4.794001553774893182e+03
4.869249368687516835e+03
4.839517084780757614e+03
4.867609830324294308e+03
4.855247847606905452e+03
4.837362332378981591e+03
4.813522822212184110e+03
4.843882819337884939e+03
4.880182808909290543e+03
4.819407492226124305e+03
4.859120431882100092e+03
4.890331351968451600e+03
4.866120751799448954e+03
4.832317211994868558e+03
4.814741077985597258e+03
4.836575583864929285e+03
4.865074756225209057e+03
4.860898495940798966e+03
4.859708833585736102e+03
4.808300423742272869e+03
4.889997412541253652e+03
4.865087643722200482e+03
4.755497573763675973e+03
4.878713418324474333e+03
4.886514185075944624e+03
4.881909099742124454e+03
4.796773667246855439e+03
4.659356184913317520e+03
4.756203793069001222e+03
4.841028137826611783e+03
4.880165213128537289e+03
4.834384123256524617e+03
4.831823270570441309e+03
4.738963911265320348e+03
4.889589927204617197e+03
4.777447627370555892e+03
4.761237466049578870e+03
4.889022678690776957e+03
4.856764372279732015e+03
4.854097110774659086e+03
4.866999942487769658e+03
4.874975588895586043e+03
4.698198967094238469e+03
4.678213131394188167e+03
4.815163355357670298e+03
4.653169862343637760e+03
4.802667415802440701e+03
4.842195372397669416e+03
4.719889017420079654e+03
4.702748235368168025e+03
4.854682457348822936e+03
4.789975374766682762e+03
4.711798341646486733e+03
4.887045780176653352e+03
4.795779600088755615e+03
4.860514144029002637e+03
4.862238683114283049e+03
4.785836344501084568e+03
4.780052960319131671e+03
4.841380854275836100e+03
4.808143863048048843e+03
4.789431741074486126e+03
4.784470157447640304e+03
4.803858686419833248e+03
4.747397109111128884e+03
4.766939868459805439e+03
4.844597183092198975e+03
4.807384694700156615e+03
4.766574606097579817e+03
4.723423609327225677e+03
4.829067995908464582e+03
4.787683560294231938e+03
4.870453552041377407e+03
4.848643310650468266e+03
4.842373475370437518e+03
4.833233213886354861e+03
4.814673985136712872e+03
4.876751563400547639e+03
4.841034892175943241e+03
4.808312931525737440e+03
4.620886018436436643e+03
4.849966169961465312e+03
4.731507492298009311e+03
4.860666354159192451e+03
4.851333925342440125e+03
4.885284856699381635e+03
4.887463194946668409e+03
4.811228329306120031e+03
4.770470019350945222e+03
4.802182404938615036e+03
4.788484354509798322e+03
4.687533927401103028e+03
4.683672692784390165e+03
4.815806111438216249e+03
4.859831018511973525e+03
4.701098967988360528e+03
4.854759647925646277e+03
4.879753248618107136e+03
4.868701852944686834e+03
4.871030920372848414e+03
4.827274390193310865e+03
4.883062862928638424e+03
4.870393057150441564e+03
4.854674824857873318e+03
4.887548816788444128e+03
4.888882956679208291e+03
4.871641009209037293e+03
4.860365310578541539e+03
4.711876442498694814e+03
4.798362796597968554e+03
4.745457579328222891e+03
4.837537306545886167e+03
4.887045780176653352e+03
4.713123109418051172e+03
4.863705786148740117e+03
4.882165487347657290e+03
4.841722067422086184e+03
4.773025632945529651e+03
4.876314647484780835e+03
4.890984680138568365e+03
4.841046986183089757e+03
4.604789577055164045e+03
4.770753465409379714e+03
4.847305959927768527e+03
4.857332204659489435e+03
4.875859329702011564e+03
4.827668504637730621e+03
4.802540743688834482e+03
4.826335754368377820e+03
4.774445749953504674e+03
4.780204411679414079e+03
4.889481805154739959e+03
4.770759134379564784e+03
4.879248946218091987e+03
4.763065386284962187e+03
4.663161624273157940e+03
4.850327056847417225e+03
4.826938332199929391e+03
4.761133586259413278e+03
4.753569617835331883e+03
4.612929323612474946e+03
4.822760801547961819e+03
4.878809233840529487e+03
4.842358516105109629e+03
4.867582112844358562e+03
4.748151761617327793e+03
4.884481489250845698e+03
4.850245697431870212e+03
4.686846723679154820e+03
4.846657899031157285e+03
4.755411331807912575e+03
4.801868944789455782e+03
4.643114429101722635e+03
4.845916942304375880e+03
4.847313982409738855e+03
4.732954862015702020e+03
4.794991677840866032e+03
4.769673867924844672e+03
4.856764372279732015e+03
4.730475983151201945e+03
4.871819505148727330e+03
4.757574705097837978e+03
4.674735703119567916e+03
4.676650846466064650e+03
4.785800195136944239e+03
4.691502442764010084e+03
4.753092027467162552e+03
4.831189695978121563e+03
4.883812030185142248e+03
4.863567774258483041e+03
4.853607069543620128e+03
4.711798341646486733e+03
4.843718174519900458e+03
4.881088048173121024e+03
4.777350042149411820e+03
4.872827136732365943e+03
4.804756382782959918e+03
4.885831626745937683e+03
4.812885038127868938e+03
4.864958177206275650e+03
4.592286418376965230e+03
4.738873965144892281e+03
4.710771605717918646e+03
4.873799627405318461e+03
4.792911754598949301e+03
4.826460864048362055e+03
4.769312592544418294e+03
4.880670160198347730e+03
4.865491104156370056e+03
4.874091765621602462e+03
4.827447029855993605e+03
4.668135129316557141e+03
4.710771605717918646e+03
4.662590449940983490e+03
4.827510157611773138e+03
4.866795560089674836e+03
4.761710256182304875e+03
4.870289732781056045e+03
4.855192662601630218e+03
4.863813664978497400e+03
4.676970649112891806e+03
4.715058325120915470e+03
4.883213448903322387e+03
4.883873869699214993e+03
4.819265285940445210e+03
4.724152726135571356e+03
4.784817929465702036e+03
4.873028203055797348e+03
4.879668356348476664e+03
4.853461494564495297e+03
4.821058323047906924e+03
4.827626329370954409e+03
4.880288277417925201e+03
4.868047171408519716e+03
4.858558736503507134e+03
4.858111959012489024e+03
4.856917363185886643e+03
4.852524906604603530e+03
4.883535650558604175e+03
4.777583691552093114e+03
4.758180279331437305e+03
4.825362929889297448e+03
4.887137916899548145e+03
4.888225892819828005e+03
4.703994800965123432e+03
4.888566697180815027e+03
4.840848386815543563e+03
4.766396997893883963e+03
4.811652303192760883e+03
4.849958929610387713e+03
4.822652513509834534e+03
4.787755601556193142e+03
4.784485306242972001e+03
4.889615708752147839e+03
4.880008839114749208e+03
4.872135493886240511e+03
4.846349940927222633e+03
4.859408901832795891e+03
4.581249871517061365e+03
4.883660072704578852e+03
4.891833492439783186e+03
4.869620167869164106e+03
4.787688532050395224e+03
4.867151432989685418e+03
4.824930431307717299e+03
4.888934855200137463e+03
4.717789843366332207e+03
4.863467237357181148e+03
4.561114710970023225e+03
4.809761944074352868e+03
4.875810902078814252e+03
4.879588485175871028e+03
4.745124787556995216e+03
4.676396776133542517e+03
4.889495614608318647e+03
4.797072935469352160e+03
4.780173111244302163e+03
4.887355825011764864e+03
4.814311812524141715e+03
4.855317244708118778e+03
4.677539959522016034e+03
4.758379733505060358e+03
4.679243152175125942e+03
4.813513448021780277e+03
4.864468998566465416e+03
4.684012371855602396e+03
4.764398280894104573e+03
4.892085199435830873e+03
4.810765233529405123e+03
4.888998683756130049e+03
4.822342753449107477e+03
4.873214055072040537e+03
4.867282154339723093e+03
4.785519157519502187e+03
4.888928874389667726e+03
4.793439262649040757e+03
4.778152180680985111e+03
4.877563881153471812e+03
4.799211200406418357e+03
4.773310994378833129e+03
4.824379934600859087e+03
4.799402943361094913e+03
4.740004120721464460e+03
4.827049108121798781e+03
4.873214055072040537e+03
4.870920092774435034e+03
4.882218463419138061e+03
4.846011313088586576e+03
4.850531936810927618e+03
4.782780529941854184e+03
4.875302166102788760e+03
4.859047792635250516e+03
4.881249237603499751e+03
4.827787892394688242e+03
4.859886144744366902e+03
4.825739511671572473e+03
4.798248325942948213e+03
4.841579428076747718e+03
4.875597982356399370e+03
4.746418224560677118e+03
4.891583534172668806e+03
4.601989393700087021e+03
4.853295536167712271e+03
4.882867973751313912e+03
4.851474386635618430e+03
4.873723001290029060e+03
4.734534588101366353e+03
4.850934023434340816e+03
4.869063891030572449e+03
4.833833599690828123e+03
4.765592514314025721e+03
4.853233929938811343e+03
4.889246715194864009e+03
4.640144680781008901e+03
4.842752568622749095e+03
4.621728430421106168e+03
4.867297408151230229e+03
4.725434950464083158e+03
4.869751913389855872e+03
4.777587648882381473e+03
4.864897574987717235e+03
4.767912416216928250e+03
4.702682919909428165e+03
4.784199198256997988e+03
4.887845627286643321e+03
4.745707778992737076e+03
4.878752032089067143e+03
4.837205556893779431e+03
4.798600312605825820e+03
4.838223819570065643e+03
4.767698854418904375e+03
4.806561909218491564e+03
4.890980894942998930e+03
4.706955234008770276e+03
4.817149141146124748e+03
4.831031071692447767e+03
4.876813904014665241e+03
4.875358735480004725e+03
4.854759647925646277e+03
4.869676501647730220e+03
4.863968932067165042e+03
4.662343977512809943e+03
4.775307832113653603e+03
4.772406804328926228e+03
4.827770047569201779e+03
4.849147521519658767e+03
4.877041324117943077e+03
4.888176258842286188e+03
4.814389855192868708e+03
4.873776146679336307e+03
4.878527344976824679e+03
4.857528250165400095e+03
4.838987333551248412e+03
4.849186746687417326e+03
4.748824753640089511e+03
4.890779023142087681e+03
4.795847395296423201e+03
4.841386254321681918e+03
4.729211145188215596e+03
4.860282414650482679e+03
4.869534838717197999e+03
