1.751611980978310008e-03
1.117182767338388777e-03
1.211477342000556214e-03
8.108130275346899863e-04
1.369028618459252776e-03
6.657638835231363683e-04
8.832945984944669477e-04
1.868119444894511972e-03
4.940610834964190463e-04
7.922430252740302482e-04
1.411532536035764234e-03
7.124493179139965420e-04
2.127249676202910399e-03
1.576173335660544655e-03
1.219213319691165275e-03
2.973222553279972809e-04
1.004329692444089466e-03
1.840556140404479629e-03
1.979283412676335896e-03
3.812303343172557713e-04
1.158532437430271787e-03
1.324591225227248490e-03
4.065622660339185965e-04
5.259974255911756356e-04
1.467558406859869463e-03
7.929927219335626944e-04
1.372750378516875668e-03
7.050118591581477998e-04
6.563841991348826109e-04
4.753366244197775254e-04
1.532168359944209189e-03
5.841061626871455826e-04
1.595881988326235904e-03
1.473699254208895226e-03
4.274259670511340440e-04
1.114579507358093345e-03
9.972854584955948877e-04
2.053454159091291486e-03
5.449147526016203140e-04
1.042104199802231261e-03
4.368514074144982788e-04
8.831878084602520990e-04
8.153491753905445791e-04
8.350040019496842054e-04
4.608315231237127842e-04
1.079556616490816258e-03
1.025841407210092027e-03
5.458294995479872399e-04
9.137935178576324109e-04
1.307858142251797648e-03
8.020583086209650712e-04
9.817625376836714140e-04
1.751675575889720090e-03
1.057779352175955510e-03
4.746533868889137552e-03
4.724836151472566964e-04
1.267207486136780583e-03
1.856255792154053738e-03
1.170036503107882778e-03
5.752256730223594778e-04
8.266373512783669296e-04
1.003946503776774772e-03
5.118785511797657901e-04
6.487079120839716034e-04
1.091727862228054164e-03
7.209089363640020995e-04
1.173379334659488274e-03
6.915725383912233121e-04
7.270271344864405287e-04
6.241313548105387968e-04
3.769943507060762294e-04
7.584905345076783630e-04
4.560841893822715760e-04
7.829472378877000817e-04
6.689836446632941571e-04
1.273888248446970826e-03
4.425663571353454168e-04
8.809681651361894305e-04
5.614225489962338961e-04
6.978341555083761825e-03
4.523433430959869668e-04
3.900668789929594214e-04
1.270657150979677234e-03
3.205819321005658521e-04
4.143566724042017100e-04
6.427072145997420136e-04
8.913873331055808744e-04
6.175342226144267706e-04
8.630917150784394622e-04
1.122297442683188465e-03
1.079023950661845387e-03
5.308432155667715995e-04
4.554624584840083110e-04
5.821587284467806978e-04
8.645484430981253878e-04
1.576368539287820864e-03
2.218487138487809651e-03
9.591159417567655292e-04
8.967604629003358193e-04
6.530141970175478306e-04
3.414741747703927961e-04
4.138409680226400825e-04
5.524850241564545263e-04
1.832550142376066947e-03
2.865351156086969660e-04
1.887058078878644553e-03
1.575776097933130658e-03
7.913418206527097262e-04
7.495658515238374413e-04
6.900614263807463081e-04
6.389544539174140270e-04
8.487125497246962667e-04
3.603211195539445790e-04
5.311777545091556476e-04
7.435986003721311785e-04
1.430227864321208416e-03
8.926281982221866227e-04
9.340631638105684675e-04
5.350240881990172550e-04
3.573908132619129643e-04
4.612836397492884244e-04
9.450503660081065399e-04
8.346874312405776165e-04
9.168945588331489389e-04
3.245663971487209557e-04
7.715281894836193907e-03
4.289262857323163265e-04
6.071293258828900979e-04
4.517103709624015542e-04
1.664607345267112232e-03
1.491526629888995743e-03
7.395283619706645266e-04
7.712896384741731431e-04
1.457444697254788426e-03
6.397904778562220384e-04
7.574312606410234456e-04
6.507526355519259670e-04
1.619791163159662196e-03
1.304993881204399115e-03
8.207475382755089442e-04
4.246112897690259170e-04
1.348206526251609578e-03
6.522775880491262553e-04
4.194208905417193527e-04
7.940422229875260252e-04
1.801341046050101589e-03
1.416076724996422108e-03
1.496685715246513912e-03
4.479573742566351439e-04
6.289705661951103992e-04
4.698258786539138369e-04
1.406577746615942899e-03
6.522775880491262553e-04
1.031768495844972034e-03
5.583904320658023782e-04
5.882144937210066673e-04
2.368000202104785044e-03
7.356996733858080836e-04
1.189920393724152150e-03
8.025756060486612673e-04
1.467433039167596225e-03
6.013865948581749573e-04
7.565846541498259196e-04
4.274453634034075023e-04
6.346864737402732213e-04
1.208180204467314712e-03
5.332596877188995263e-04
6.483873783373684304e-04
1.734269555828023236e-03
5.514964278303531283e-04
8.405195375586072947e-04
1.472456945554871405e-03
1.100689745191270417e-03
1.397712469826110481e-03
1.854169221290411906e-03
8.558373470486924355e-04
1.254673105881769701e-03
3.778229486947907371e-04
8.765413002352355400e-04
4.289232252878639388e-04
2.279428090226848572e-03
5.841061626871455826e-04
2.220693554861038338e-03
1.030817020963977360e-03
1.438322785008101616e-03
2.891572678603345631e-03
6.646998454881463325e-04
1.633843430304137865e-03
6.282450118926524848e-04
1.043010427507818456e-03
1.494559288079639475e-03
1.597761585014488518e-03
1.361828639599153411e-03
3.731546763135787067e-04
6.407824545624714362e-04
1.048415847544689186e-03
5.654675170861725442e-04
4.059878449188861725e-04
1.291452734585377777e-03
7.767533307996719785e-04
1.568454011286181350e-03
1.271890735373873904e-03
7.401810160781982549e-04
7.200126355310939143e-04
1.544298480313468407e-03
4.796052300650124780e-04
1.398202497998004244e-03
4.052757144427163844e-04
6.316528537292733815e-04
8.584416303425428541e-04
3.132636974754331345e-04
6.338189032262022413e-04
7.520113735163834251e-04
5.238784104920444096e-04
4.715899464410417633e-04
2.271911299439927871e-03
1.568555472057946674e-03
1.671327753251935881e-03
5.415531799647878199e-04
1.032232080408349148e-03
1.061345237556102173e-03
6.529394375201358477e-04
8.994340215991533010e-04
6.685738779416076482e-04
4.750521399161969057e-04
1.148937357971029386e-03
7.828516192293876992e-04
1.946594091331402569e-03
6.891573711283303537e-04
7.730129393262436368e-04
4.805197595279829862e-04
2.172098469060527309e-03
8.108130275346899863e-04
5.972485901831214340e-04
7.803181176293512520e-04
8.842146465011708773e-04
3.063051803993089238e-04
3.573908132619129643e-04
8.310875414050680147e-04
2.917380882892785482e-04
1.034881646918554398e-03
7.383650190363047006e-04
3.850834758238613634e-04
3.992198137609385446e-04
2.501331713452624103e-03
7.537933925224020578e-04
5.611898098090054672e-04
1.444691263461759688e-03
6.323501637640190033e-04
6.511991615719929646e-04
5.950496227548810304e-04
1.453305816362950335e-03
2.599445913521077067e-04
5.583006838839295934e-04
1.861882516567929958e-03
4.051642311011645846e-04
5.927823686111271129e-04
4.864120776642203554e-04
1.312808948387527742e-03
1.120349221926410926e-03
7.299203718753844404e-04
1.329359677869995388e-03
1.673596538664317429e-03
9.992434786687790123e-04
3.890819717246053462e-04
1.348588800749068138e-03
6.193294598338241813e-04
8.111296480232255265e-04
5.110493497272071200e-04
1.281121993795150639e-03
2.862486381681996145e-04
7.595040787967572435e-04
5.034320679050947964e-04
5.577998092335941871e-04
2.730990410615661678e-03
3.228749104660511970e-04
7.379010258798358261e-04
1.657453927706113456e-03
1.386683024125753144e-03
4.767449419774483395e-03
9.135070598404625890e-04
1.646977746519917704e-03
1.901630826459069657e-03
1.340222280232688037e-03
2.304562470250031206e-03
1.042544227215459187e-03
4.386817980123454506e-04
9.036704676501853672e-04
5.209763472316784492e-04
2.991644814608633487e-04
7.294524932227841292e-04
1.919404358558609658e-03
5.320826439267519999e-04
1.503555369169794730e-03
9.252351618640813295e-04
3.409125105977631447e-04
1.063437575344617411e-03
6.653964427559622748e-04
1.532929334314414626e-03
1.088317858034688326e-03
6.529394375201358477e-04
7.456910282538823471e-04
5.970637988958015082e-04
6.804523942137922620e-04
1.646897519620221448e-03
1.021313156650964591e-03
7.939802860754171642e-04
1.914729933362072306e-03
9.281583160389070665e-04
6.256157496778196525e-04
2.103138546956970657e-03
5.295859645689179624e-04
3.649798403127190696e-04
1.379693311126327804e-03
5.860880565612614423e-04
1.122749233963645258e-03
6.964898889289260252e-04
3.264993075721249471e-03
9.034274385932752460e-04
4.303364664619497085e-04
7.701670901613147076e-04
1.644257566924692835e-03
1.489857349019105531e-03
9.823687266941004675e-04
1.062320101921708330e-03
2.203026788554557878e-03
9.281293735851542165e-04
5.951635551827354036e-04
5.669365180685934308e-04
3.603925410070885353e-04
4.704902444267353113e-04
5.841544609204125460e-04
5.971555614436869358e-04
2.203026788554557878e-03
5.359022435592329962e-04
5.733267163469284774e-04
5.897768565723080642e-04
1.226347836990019204e-03
2.555711284101474124e-03
2.857130385265731036e-03
7.254664000741937405e-04
3.795039067975907940e-04
1.375878899714646835e-03
6.838000410475074398e-04
9.631029067004163221e-04
2.172098469060527309e-03
1.365427365885977552e-03
6.373614188316328128e-04
6.012931821310337020e-04
7.714435370590652088e-04
1.012891864734959124e-03
9.849797898161083247e-04
3.203878742354227091e-04
7.367566787413038073e-04
4.704261173108780511e-04
1.313719428611926634e-03
4.224756358727159281e-04
1.176057785448839750e-03
1.699914978599942686e-03
1.275225475493095909e-03
3.328562862233637107e-03
1.234386610119743866e-03
2.804315579792736107e-04
6.257454976404684720e-04
4.750521399161969057e-04
7.915947401996454571e-04
2.005292385536778382e-03
9.718214751186546969e-04
1.234401966243210214e-03
8.328681973077391122e-04
9.023165646452876781e-04
1.721404320683613508e-03
5.446206205172918462e-04
1.331641156654858951e-03
3.047314214787886989e-04
8.528254440731381598e-04
1.013302469187016058e-03
1.022941115913263881e-03
1.053259393125226349e-03
4.155883525844172866e-03
6.798122780520634862e-04
5.607353965726123452e-04
8.241709125731572780e-04
1.405516349646618833e-03
5.007767079807511502e-04
1.627390551654241645e-03
7.273014996801718812e-04
3.834288916011896042e-03
2.036034835371461175e-03
1.294612702391062086e-03
3.369550767422893373e-04
4.024306338455650180e-04
8.526185624330357739e-04
1.342228495282604423e-03
8.332900561183654740e-04
1.123170819426009626e-03
9.233145803216048471e-04
9.282239973656396682e-04
9.182092699887213928e-04
6.830708715195954548e-04
5.484780569869570667e-04
7.851500977855347448e-04
1.033662110230746702e-03
6.830834032224778873e-04
4.347708125950482832e-04
9.000721481318052410e-04
1.424509870662804892e-03
1.755326802670891754e-03
3.146411307682447553e-04
5.520578994144674945e-04
7.298544369156441218e-04
1.644257566924692835e-03
1.175401191055663874e-03
9.899135751582984095e-04
9.226242215819098653e-04
5.522840219951301094e-04
3.265936694390671365e-04
6.159474108226784374e-04
4.085430624567266207e-04
5.828585371577484119e-04
5.616106685620444149e-04
3.038695693610058389e-03
5.687233808344294584e-04
1.056567490076147859e-03
8.138377406978282479e-04
5.972251307970289714e-04
1.291095179264367806e-03
1.248621865164148328e-03
1.023839597044961993e-03
4.659302838174292274e-04
2.870048393641676807e-04
1.204113143056320407e-03
1.908157029463884626e-03
3.593317125970199176e-04
3.273131754976888927e-04
1.817228842141382830e-03
2.298209113041055525e-03
4.129242554661736661e-04
1.531132320726974212e-03
5.417040106770344005e-04
2.699342586672255455e-03
7.506118443650499792e-04
1.138427639168740953e-03
7.300576675801603074e-04
3.649798403127190696e-04
4.489519194527280543e-03
1.114057046878770942e-03
9.722860525868377108e-04
1.421712648909215747e-03
6.070492448701380770e-04
3.971480654742258129e-04
5.520933765998637353e-04
2.717340901663161182e-03
4.592250721300180586e-04
3.315596132042163417e-04
1.186274966202524421e-03
5.372612556848817191e-04
8.418962628068913387e-04
5.501264312134632227e-04
1.028339285970958144e-03
5.172565058187059400e-04
8.513399635668037141e-04
7.859401137269904445e-04
7.329706294924495918e-04
2.990360445736694366e-04
7.110153509947198967e-04
5.582247367735741848e-04
7.369844027883590797e-04
4.661584058582646847e-04
1.619791163159662196e-03
3.486990166243512045e-04
7.691283526593806468e-04
4.047269913680436471e-04
9.989278906544021581e-04
3.106713024179483598e-03
8.771477198202937533e-04
6.215781767590898045e-04
1.060530817731127019e-03
1.662373590952268216e-03
2.552815721342094942e-03
1.292850688573957086e-03
3.701295162520576703e-04
4.843216784588778509e-04
1.350256713050560853e-03
1.448139083879074456e-03
7.158770884011571257e-04
1.788885887850983963e-03
1.422862027631768616e-03
5.260057923701339866e-04
6.653964427559622748e-04
5.607353965726123452e-04
7.634357534924787227e-04
4.425397909525428681e-04
8.126695860587953733e-04
3.891092748632191036e-04
4.675700431064737372e-04
4.085430624567266207e-04
3.466667662280667581e-04
6.960693245577245607e-04
1.224552268145440593e-03
8.718880200915040063e-04
1.397303390095931165e-03
9.116556080087130772e-04
6.545169655890656878e-04
1.331949269435805938e-03
6.665391290403183166e-04
3.647809449383427726e-03
6.762629557576228497e-04
1.193957114179898657e-03
5.870644464215031598e-04
8.259394166244084018e-04
1.389289473515608600e-03
6.410160950110747489e-04
2.597662891991668610e-03
1.678983027398261389e-03
6.367879693437015392e-04
1.110403394706799187e-03
2.460571134909683624e-03
5.490351949576011874e-04
1.330880872817192650e-03
9.243756466272642783e-04
9.273637543045683013e-04
1.034881646918554398e-03
5.434681763668672587e-04
3.383812031630397343e-04
6.861458691171549648e-04
7.242168515201065620e-04
7.178968896263307042e-04
2.953882675212850164e-04
9.381200328014277761e-04
5.518601755328187948e-04
6.898865590864147659e-04
7.616551786392164545e-04
6.723246629356022155e-04
1.660493308077330655e-03
4.704902444267353113e-04
3.245663971487209557e-04
6.143130995778678816e-04
5.359022435592329962e-04
8.271910649148530225e-04
4.439686923558525968e-04
1.750758024471686224e-03
1.224830995533674263e-03
1.109730720583238656e-03
1.496141013962875438e-03
7.024872068848467222e-04
1.072137839020008768e-03
6.538140538697421750e-04
2.174956941786973953e-03
4.493055000168005831e-04
5.209218057675521095e-04
5.266896096142781097e-04
6.105847943950096874e-04
7.412960255145992347e-04
6.127874521412153205e-03
1.442447364029534078e-03
4.191731090897285223e-04
1.078407440120087704e-03
1.176604750501609141e-03
4.462634454314250002e-04
7.260024139021247110e-04
9.672576357240841730e-04
1.801341046050101589e-03
7.044924538000678664e-04
4.771538470067515918e-04
1.857296840015761194e-03
2.721169485887576004e-04
4.425663571353454168e-04
4.225483609303769695e-04
4.339877616362251074e-04
6.001207201609361956e-04
9.672576357240841730e-04
2.409355680404422651e-03
7.383650190363047006e-04
1.200247871912513099e-03
1.745087998608859650e-03
6.629844867829009147e-04
7.601170670536314599e-04
9.329647071734547712e-04
8.635120856141048715e-04
4.957807853548592972e-04
4.290115759965028568e-04
1.293593432967085578e-03
3.466439568083654423e-04
5.849400277657164230e-04
5.820484169555356852e-04
7.313172375135739041e-04
4.293488623756161991e-04
1.037948030577842901e-03
8.167400946447467280e-04
1.502098306452156508e-03
1.380828261694245227e-03
6.828344263293260104e-04
4.745889207986167882e-03
1.061570484005446360e-03
6.093500338936311050e-04
1.411844068905553562e-03
1.732074048637146941e-04
1.062596528898199612e-03
8.426806523502633831e-04
5.850249542734310693e-04
1.323498348929176126e-03
5.293969642753542379e-04
2.809650660025894524e-04
1.024619726503523624e-03
8.037907984927739361e-04
5.229579574067612932e-04
5.972485901831214340e-04
1.990466336213989572e-03
9.098872269695060808e-04
1.275236172799524810e-03
4.750521399161969057e-04
3.550026655922896039e-04
8.743337009472626140e-04
6.713020202905351256e-04
7.441426628792180333e-04
7.608199955946934193e-04
9.221205970545002552e-04
4.939374977489094289e-04
4.016642067055328259e-04
1.004517265497906339e-03
2.598281751972094755e-04
1.960373922216745741e-03
1.932820989035835026e-03
9.966186237391444318e-04
5.269998364434277591e-04
6.037586623666651260e-04
4.955292389988920528e-04
1.072293178883793182e-03
7.274822663557392209e-04
6.978368733816149323e-04
1.699424445126956939e-03
1.637017306170126954e-03
1.375878899714646835e-03
2.174751316730809490e-03
2.139780667295454551e-03
9.093412764833775676e-04
1.412821976555673868e-03
1.087060489953142880e-03
8.106436850043549939e-04
1.692773763893592543e-03
7.650941530230298115e-04
1.801341046050101589e-03
7.209089363640020995e-04
3.802160887551309641e-04
4.721605378432821784e-04
9.982438153120544184e-04
1.176604750501609141e-03
3.769102019490138756e-04
1.599906740016340421e-03
8.646059589653694137e-04
7.678668519481873138e-04
1.812564201599432259e-03
3.564518730187620247e-04
3.523641519252022122e-04
1.287040866392517554e-03
1.328922850030814359e-03
1.475579667251933477e-03
1.349377946301533139e-03
9.079453421176038406e-04
4.810436277478541954e-04
2.722037464595182163e-04
1.077138325945073069e-03
1.092057837741813430e-03
1.359492384649352422e-03
2.107737946830732026e-03
2.794821150807695609e-03
8.469570389133909173e-04
8.069766858376113596e-04
3.979265645079878787e-04
6.327143035715121532e-04
1.205305342018374391e-03
4.883618543658389084e-04
1.029620414069521263e-03
1.523543447863240667e-03
4.061643104162226026e-04
1.251576857485313995e-03
1.697208809527030442e-03
1.069401231792188947e-03
6.498968377317562110e-04
4.466360427565078451e-04
1.331329179931357810e-03
5.941434341411916311e-04
6.105847943950096874e-04
1.589521816741638937e-03
4.791879984861303378e-03
1.239442326266227464e-03
1.668845366504207589e-03
2.840233752573685286e-04
2.862814646543299243e-04
8.626951077120547902e-04
7.880552506545253095e-04
9.865537931059047746e-04
5.183962349113907563e-04
3.668948967286950300e-04
5.421618845741188030e-04
8.547682551556177706e-04
3.762208665856222982e-04
7.171382117235982658e-04
5.926382382871477582e-04
5.788712630264538153e-04
1.286179703114912354e-03
6.093663360299287832e-04
3.189988003984365727e-04
5.548288250837715360e-04
7.807745888746641218e-04
5.945664091826457056e-04
8.765413002352355400e-04
1.544252352929565862e-03
1.265519957277268194e-03
1.425023025338562933e-03
6.114651234224805160e-04
1.848032312227542101e-03
8.708593774087287041e-04
1.857296840015761194e-03
3.865220089043888197e-04
6.615543628799571644e-04
3.660875704859318982e-04
8.255930887265646237e-04
6.371309097071739232e-04
7.412764698355689104e-04
5.142107372157194312e-04
2.127249676202910399e-03
7.679669369395983065e-04
5.306064019842363522e-04
1.862770610241434996e-03
1.583138159713227879e-03
5.694146602723065224e-04
6.983678686674834072e-04
5.139879968494858072e-04
1.964771792254794459e-03
6.074413891725518374e-04
7.986177408034350351e-04
9.148389414565448420e-04
4.971517605259550762e-04
3.273131754976888927e-04
6.195247534170402219e-04
1.055940505286218469e-03
1.224101755121949136e-03
7.675428369375534047e-04
8.836700366058318924e-04
1.410720695222164632e-03
1.120226497674826687e-03
1.750758024471686224e-03
4.344779636234418992e-04
2.095530321468628589e-03
1.857296840015761194e-03
1.286013643050665147e-03
2.081539715294057364e-03
7.551988175881936549e-04
8.769051886711829325e-04
9.615271116220171829e-04
7.167473067766565956e-04
5.669552520671293852e-04
4.311146897216506352e-04
1.121122247514607772e-03
1.210207770170038458e-03
4.271929944604114919e-04
6.267550548561123813e-04
2.410248631731905320e-03
8.066494496797466671e-04
3.255836001128712374e-04
3.059414457078466648e-04
7.929927219335626944e-04
1.021438049373024062e-03
6.526416877285537129e-04
6.100914361649211262e-04
1.369514555379984901e-03
1.032707335335337952e-03
2.315638279636526246e-03
7.088103244979876557e-04
7.401810160781982549e-04
1.536852152826100959e-03
2.516861652892889070e-03
5.657571837218140862e-04
1.003657391119524168e-03
5.338550545107978570e-04
9.998079242343476010e-04
6.716053656922681657e-04
3.272268963671009470e-04
7.520462423093995713e-04
9.632366552707528244e-04
6.428212683931434478e-04
2.350221500925835094e-03
8.369617003453320731e-04
9.870017979393553697e-04
4.525466563011241918e-04
8.089220642430776593e-04
5.773777713090151500e-04
4.180865800005000694e-04
6.382848563118002526e-04
9.241732032849219120e-04
4.434089871500450906e-04
6.032015499984117639e-04
7.936188268954916985e-04
9.248151940783054569e-04
7.878519502696419491e-04
7.328086390103974879e-04
1.077479657980917041e-03
1.055324919896942970e-03
6.765164151534917153e-04
5.452885080606635279e-04
3.372334767355433913e-04
6.170967973751626716e-04
2.995459276161593063e-04
6.586523536469294712e-04
7.274995612292296972e-04
7.572400603385625499e-04
1.296415749079738106e-03
8.210797588078851822e-04
8.280528890510230333e-04
1.518138051868423008e-03
8.343875742703516689e-04
1.539461196701294790e-03
8.277577389150442061e-04
1.376187860611008959e-03
4.472578942537652801e-04
1.225231178623071215e-03
4.535228495997923595e-04
4.452687044703628697e-04
7.144442381180179848e-04
2.794264387973692965e-03
1.040369543337020530e-03
3.456084989759039051e-04
6.369290152694767095e-04
5.691773672326441713e-04
8.858739987406942257e-04
4.211700404302896363e-03
1.520664977141805967e-03
1.140287397592391547e-03
1.107780028794411132e-03
8.478216371594668021e-04
5.881342046294694330e-04
1.143198982891209829e-03
4.656826690833540199e-04
3.502622209080998548e-03
3.371072112806092831e-04
7.933955234234415415e-04
4.926175509148690524e-04
5.072930333307340296e-04
6.230177581414532775e-04
1.116569110311134991e-03
1.621837992631814523e-03
8.676403246824718066e-04
7.853735092069062586e-04
3.442713477705774700e-04
6.080336993428738781e-04
8.332594184853965493e-04
8.022898027211617603e-04
5.950943890089104840e-04
2.493449078219571891e-03
5.785764155682512769e-04
2.065616889755586202e-03
1.181643672681418830e-03
1.232101028783495755e-03
4.892691493601995225e-04
1.032280138890780824e-03
1.197876425045373743e-03
3.256016795181127465e-04
6.323501637640190033e-04
7.138655063240388447e-04
6.324498648310875916e-04
4.326072704852324110e-04
1.127026042559171404e-03
1.224552268145440593e-03
4.824762371865139393e-04
7.361542942712521543e-04
7.538519949200375670e-04
2.547503582502968610e-03
9.497013272548063224e-04
8.612604563865658858e-04
4.860825233770394468e-04
1.338170746721466849e-03
5.160848534886334875e-04
7.228635120089177066e-04
2.740020913779714785e-03
6.436234911439234511e-04
3.131212373155125911e-04
1.235902688394233421e-03
1.210207770170038458e-03
1.999953850549361038e-03
1.093856718448815019e-03
1.040288813276763098e-03
1.585466085433106772e-03
1.620310394973791977e-03
4.843216784588778509e-04
6.017509611767951280e-04
6.199064330196258363e-04
8.083870455004216107e-04
3.679439535107866281e-04
3.718023174378979234e-04
5.783287932812843264e-04
4.261285672241879856e-04
9.174144272671207407e-04
5.655770818745317272e-04
1.130423176670074378e-03
3.967353385551636150e-04
8.167400946447467280e-04
4.880635754493055085e-04
6.538140538697421750e-04
8.481756170139756685e-04
4.918574914651053240e-04
3.238732243346155969e-03
5.537976505463546029e-04
1.344535033887054839e-03
1.606824018078814673e-03
2.599575619523088448e-03
1.169058947599515728e-03
1.323120010709047910e-03
9.547946091331366378e-04
4.610129069076559713e-04
5.751366936678809112e-04
6.728414847581749847e-04
1.427889875278195086e-03
8.583423034998049345e-04
8.734965558176161892e-04
5.279670936913358941e-04
7.206380053906145033e-04
8.708634328071316461e-04
5.192840029624866578e-04
4.246112897690259170e-04
5.006318918673925179e-04
7.457569952748201126e-04
8.171649902973371869e-04
3.204833879315383341e-04
1.178066958174799018e-03
9.067361496705540541e-04
6.458161626476703002e-04
1.732074048637146941e-04
1.268529745369799530e-03
7.002518699265276652e-04
5.142107372157194312e-04
9.001442129774555158e-04
1.485756113421996373e-03
6.772535172083052118e-04
6.629428788603393451e-04
4.637557082786432491e-04
8.345608768236233979e-04
1.882900418991263194e-03
9.873698754657405773e-04
3.927475511830517138e-04
6.074413891725518374e-04
1.025840061332286991e-03
7.072072018774144776e-04
3.170045082283089546e-04
3.275317153685466183e-04
3.183446592452144892e-04
3.794719615019576824e-04
5.722574777102903314e-04
1.085580713859321316e-03
1.227419789437025292e-03
7.771491711751249464e-04
9.801112329555822147e-04
2.944779188394309934e-04
1.483628402731811081e-03
7.011453500914154079e-04
1.561503283528687183e-03
6.656451519109067875e-04
4.421092353311328817e-04
4.868637666532872176e-04
8.721163110663591230e-04
4.220111900892243315e-04
6.541959074916990765e-04
1.009847387771736077e-03
4.637897047677442056e-04
5.876674368674127385e-04
9.589616288284756552e-04
1.460907565232558462e-03
1.309265722192804035e-03
8.353982696615462394e-04
5.950496227548810304e-04
4.624033833476839028e-04
1.604897143312878369e-03
1.260055690692557994e-03
3.381089226731107730e-03
1.312808948387527742e-03
6.990326670808108761e-04
1.926856522916219885e-03
3.486365091252556134e-04
8.234513099347553784e-04
1.078020192248923008e-03
1.378241532378128879e-03
6.514339071016958223e-04
1.359937039528901935e-03
5.308862145116662956e-04
7.274822663557392209e-04
6.309813009072929744e-04
6.553117294983346790e-04
1.933651133814443890e-03
1.125257234621043247e-03
1.595881988326235904e-03
7.864466221895858753e-04
8.065313301929352566e-04
7.299767711785400993e-04
1.203105111974633011e-03
3.551594037606641907e-04
5.658111240918694239e-04
3.215331288039121726e-03
8.271910649148530225e-04
4.398164769385342850e-04
