2.320536514822345558e-03
4.566551686190126170e-04
5.482833451287592256e-04
3.519745337749571922e-04
5.053996918326407808e-04
4.497540837628720358e-04
3.144236461399519192e-03
8.312022277601535799e-04
3.937287642291591584e-04
4.333708713630972159e-04
1.916572218225031537e-04
5.436175978512126916e-04
2.364650832732913266e-03
2.221627687318307464e-04
2.393162659829842567e-03
7.854119793819474681e-04
3.721365927576007781e-04
2.107117261719440755e-03
2.116977442244236270e-04
1.599034686631482837e-03
9.009801838704583656e-04
1.000240813429739478e-03
7.558283497173523546e-03
7.384827076145194374e-04
3.931211769587719283e-04
7.733968174348368127e-04
1.871609064569476708e-03
3.813636271646500889e-04
1.263241130791291659e-03
5.285069656440928836e-04
4.236894952050265502e-04
4.628936903033527566e-04
2.130745001916107325e-03
3.317778586836290025e-03
8.321096225326361567e-04
6.405767260489433120e-04
1.600282360226796272e-03
2.425200770570619651e-03
5.309200276796783658e-04
2.257281913884048516e-02
1.528649628486952131e-03
1.117303819894929773e-03
3.864153873014908249e-04
1.846014586702995420e-03
1.003147288241501220e-03
6.259256361788940104e-04
2.170788597519488850e-04
1.981134601855808527e-03
5.795546136936177619e-04
3.501910102080065001e-04
4.056629947471895067e-04
8.233331102969685929e-04
1.087257886269957490e-03
7.714586458069874622e-04
7.892580101589601917e-04
3.290320559816379349e-04
8.407209924999314030e-04
6.471033171373969653e-04
5.944296384420433158e-04
1.708468332261824053e-03
1.226130753191495689e-03
8.541424191402140816e-04
4.995792753462086110e-04
4.286081697050860570e-04
1.052358346162801314e-03
1.215385633279506775e-03
4.278030075831036703e-04
5.661525524376305766e-04
8.635961201604218720e-04
2.281960696330559218e-04
1.167512890170603352e-03
5.420672937601944729e-04
1.069894447348463231e-03
6.987909280230191313e-04
9.503560150355273677e-04
5.316054734255740155e-04
2.349819725407469723e-03
1.006881829167244682e-03
6.199521330355753975e-04
6.116976743533153980e-04
3.414194543907979698e-04
7.352053943385422402e-04
1.964004332401894301e-03
5.259189693453124618e-04
1.178222183058917670e-03
7.354021796723494986e-04
6.184999316561340778e-04
1.071481663584832262e-03
8.536477780944378606e-04
6.098351664156560813e-04
3.706338196645183746e-04
1.318362513945520046e-03
8.541478916909057712e-04
1.560167876966628330e-03
8.675344161034231937e-04
6.147476390687726337e-04
5.309200276796783658e-04
4.293488657155972686e-04
5.668487157091968822e-04
1.747661781041419220e-03
7.001112872638514924e-04
8.264350543311725205e-04
6.380666533439146269e-04
6.202773950856305769e-04
6.738642099860418311e-04
4.385728239274398125e-04
8.892823532130824001e-04
5.408838801278239520e-04
5.343476033116094500e-04
1.108264171807394564e-03
2.539923195688871711e-03
5.582770061585015870e-04
4.916219697000988927e-04
5.295882380258042522e-04
4.672208199608133476e-04
1.647134136294733497e-03
9.737812800212863841e-04
1.735505198112377448e-03
5.462536513128051809e-03
6.871283640715781810e-04
6.180612938413796581e-04
7.566595695490505209e-04
5.297267120194062203e-04
8.245456075594296197e-04
6.033485363778140964e-04
1.523674120027863552e-03
8.839104747911921602e-04
1.647712699184321295e-03
1.100758431792095860e-03
1.046743265266383881e-03
5.287417632670620739e-04
4.539091756854969194e-04
6.724556754662974496e-04
1.571067181635864979e-03
1.391066354034493175e-03
5.746688958580979580e-04
7.735035108713862479e-04
2.027495480046997631e-03
1.061620399851021315e-03
1.061826137540422934e-03
1.167512890170603352e-03
7.526289787931670456e-04
5.899289608810990605e-04
8.705188277183962403e-04
8.052501252212512046e-04
1.131205027804381121e-03
6.810170517960072775e-04
1.227176938761335556e-03
2.209112009598542502e-03
1.729934586581410427e-03
2.525563994385752326e-04
6.308268535890435447e-04
2.962042493759014378e-04
3.431844027256935725e-04
2.191083643678007082e-03
6.099155660719658223e-04
2.639067380213544283e-04
2.063223226666577748e-03
7.710098522478681061e-04
1.806815419627636485e-03
2.646119012583309231e-04
3.363890852266726507e-04
5.042513984471990026e-04
7.887800682673401249e-04
5.772593837154473256e-04
5.630593148612883861e-04
7.934566807878639088e-04
5.840689083553346136e-04
9.235267130055205449e-04
4.141569923950942124e-04
2.338399984028267844e-03
1.108793532865657260e-03
2.989879779024219781e-04
1.579914713220897243e-03
3.994398142948945782e-03
8.622246254248097912e-04
4.913849218336774523e-03
1.072092138768755785e-03
1.147191690682374454e-03
1.230592116288687201e-03
1.936224437198592061e-03
8.547667198587007194e-04
7.103894314281475114e-04
3.191914524914862567e-04
1.023171082880144390e-03
8.308665296073479770e-04
4.382960027267520037e-04
7.837348936575743883e-04
7.134963698878929797e-04
1.534351772633625686e-03
4.358973941556103086e-04
5.577959222799869004e-04
1.615366383318809010e-03
8.730629798131444349e-04
4.705292672724526175e-04
6.437958312787256084e-04
6.535516419230022120e-04
6.125678741296795068e-04
3.482946697421021869e-04
7.209191625648913313e-04
6.935851309338748882e-04
8.614165107185966933e-04
1.052358346162801314e-03
2.133459096528288277e-03
3.758383230210378986e-04
5.430437684107127698e-04
1.234164788396121658e-03
3.572361444770847890e-04
5.496144326662948543e-04
5.836168749256421531e-04
1.081838094287851295e-03
1.358751542728079548e-03
6.020484948675400598e-04
1.340157502026487896e-03
3.924028772019945020e-04
1.004537632602611578e-03
6.122061436738079985e-04
8.184287176094163932e-04
1.946771049610220147e-03
5.989958986287709578e-04
5.734165210769242172e-04
4.497994250893864554e-04
1.267171244121537968e-03
5.608731611512104672e-04
6.664311891739164301e-04
6.533698595834973701e-04
1.104686513702083381e-03
7.810964358574153761e-04
9.555789811786323789e-04
9.564463047569556845e-04
3.933340874278962065e-04
5.291233272505768389e-04
1.429833623708159484e-03
2.208069981988113821e-04
5.532919757876880902e-04
1.647744750575080418e-03
5.587802555392794475e-04
7.541457997742335041e-04
9.648702471736289457e-04
3.879064484400603498e-04
1.621836971220481623e-03
3.569585718244590875e-04
4.465520548159406487e-03
4.787478763973491850e-04
4.490787240033818225e-04
1.116261543588790203e-03
5.129836399220615798e-04
4.263839175430058888e-04
1.537737134380917810e-03
4.233862222225292658e-04
2.061523921189117176e-03
8.510339198640354827e-04
6.314491555118735252e-04
1.159805566883150311e-03
1.005934090482784671e-03
1.198073510319380306e-03
3.226840138246931831e-04
8.693994297178816956e-04
1.100758431792095860e-03
4.275297933066949177e-04
2.473586800167655933e-04
4.727909572664406538e-04
1.360954851699099208e-03
1.387701638638561821e-03
4.787478763973491850e-04
1.545645063507062244e-03
8.148864134162231475e-04
1.975810841749864842e-04
2.094241897114850664e-04
5.041104790655340923e-04
8.966166129550626109e-04
2.188462031613249196e-04
7.725752677118370281e-04
6.155385555564601031e-04
5.258751976724187734e-04
3.230088488352948674e-04
6.998456757984784218e-04
3.902282177235289894e-04
5.870957136930677949e-04
5.218778484881365400e-04
7.517693995806862522e-04
5.076248592666244642e-04
1.108032940520382176e-03
2.449724314810363453e-03
5.102546960466469933e-04
6.968419119096850439e-04
2.131844398834223386e-03
1.251794512738449005e-03
2.424862852131841936e-03
5.513909233807121881e-04
1.380213427891824112e-03
5.920117019269230873e-04
1.027325605896201206e-03
8.616556452837267508e-04
6.441006280703859450e-04
8.478036812977927592e-04
1.451289079848108081e-03
7.408807452637427215e-04
8.046222363194278481e-04
1.441264020895634441e-03
2.507088962215267298e-03
9.269823449540217503e-04
9.389888902517543436e-04
7.135323297460864590e-04
7.167740419314823667e-04
1.215385633279506775e-03
9.236473437469095056e-04
1.100758431792095860e-03
2.500931811120560224e-04
8.086803447206359231e-04
6.356485485923607168e-04
8.765880688656510055e-04
4.477547665203607166e-04
8.483762783402662780e-04
1.302516940032004151e-03
1.048844593920541602e-03
2.524838070993951989e-04
2.830731158851484876e-04
2.130443666202731096e-03
1.825620471857245788e-03
6.559968662309148503e-04
5.054426029551967745e-04
6.645690153795088097e-04
5.788220680375707984e-04
1.135624140871026007e-03
7.217151286339304906e-04
1.106899024245438286e-03
6.634762568106161501e-04
1.239620943293220749e-03
8.260920708070559155e-04
5.962457072410196762e-04
8.966782471909477605e-04
1.249186461412835460e-03
3.319195823077721692e-04
1.553633668975674996e-03
9.982868726148713418e-04
6.823859643744373824e-04
1.226438216937995830e-03
3.095006120963001198e-04
5.378928606446205588e-04
3.608357263129958548e-04
3.167657504655757984e-04
2.970177387908602543e-04
9.946627477786539918e-04
3.647411202496832270e-04
8.208721829904131297e-04
9.419306929813449445e-04
8.820729299174640166e-04
6.642706457007934058e-04
4.143332488741698809e-04
2.320536514822345558e-03
5.054839631037509780e-04
3.663400912350345262e-03
1.486715477958437583e-03
3.827046540536404987e-04
5.565579596640969455e-04
7.955271347835966931e-04
3.366645009734874397e-04
1.007204563548610163e-03
6.325177885854758658e-04
1.670481822133625636e-03
2.878381035939271693e-04
6.152152670880620729e-04
5.960990736971278270e-04
5.629590577804837685e-04
5.081780111662881350e-04
5.041104790655340923e-04
2.954759218487576933e-03
2.113124801301461027e-03
1.570378049238076602e-03
8.597752138170615096e-04
9.312418356282574231e-04
1.004716267931011695e-03
4.562335550140266612e-04
1.018855561671005864e-03
8.307308214483985704e-04
1.492402546877513421e-03
6.252331300424012134e-04
9.763384359231982437e-04
3.550841519432242554e-04
5.350756413810687888e-04
5.256076885356619766e-03
2.365822504313578375e-03
1.556567733165601384e-03
6.201495392910569759e-04
5.694491579404431427e-04
4.663396899630597439e-04
2.061616175175035558e-03
8.504727014230640657e-04
1.076942393634319805e-03
9.935664542815381486e-04
7.378819893860618121e-04
1.810219792197333404e-03
1.344263879763126987e-03
1.239620943293220749e-03
4.996068463790492983e-04
3.337256717701884718e-03
1.101872151448514588e-03
3.392391530417514949e-04
2.457429192912699827e-03
8.687783047151512866e-04
6.077324078988557933e-04
1.353114487416417003e-03
3.281084571234712068e-04
2.629988251055515557e-04
8.251039356118323575e-04
8.601340514091810859e-04
1.008712663906406780e-03
4.540519214880827455e-04
2.572261586662482214e-03
8.554669436925554536e-04
1.143360674138524467e-03
1.454058155981597040e-03
3.317778586836290025e-03
6.957640526921239675e-04
1.753301892761569827e-03
1.870559885177838300e-03
7.226646097315115149e-04
1.116963716221050680e-03
1.002860145696707686e-03
1.178305313759633009e-03
9.042476730988274931e-04
4.188819220911857585e-04
3.398400156106806073e-04
3.496668075134464057e-04
1.029127495510013786e-03
4.031667684128271783e-04
1.355239681110134925e-03
6.960085721672149960e-04
5.272874076624586761e-04
1.115309640711137449e-03
6.332023499727684572e-04
4.856313674159430877e-04
4.787238355777404257e-04
5.525213228546500691e-04
6.872447952349611559e-04
1.143669660314223808e-03
1.443508630906739859e-03
5.603973274526194035e-04
4.863874358840300591e-04
4.910304484822424929e-04
3.645965461064932145e-04
3.315716306214153987e-04
9.887710640373941449e-04
7.935633165888273700e-04
3.585971092962218082e-04
1.357244179242420240e-03
4.572659450607988716e-04
5.382708801522798157e-04
5.946917971530910974e-04
2.101261833749149249e-03
1.761585805465694550e-03
8.616556452837267508e-04
2.191083643678007082e-03
2.889164122628066394e-04
6.088627640657168910e-04
7.357572115837301063e-04
5.310143191500715050e-04
1.015887310811521525e-03
5.873371356544022665e-04
6.211289494280554683e-04
1.031299127832128624e-03
3.144843508825188611e-04
5.444468973931098797e-04
6.029452007065893909e-04
5.581824197994871136e-04
1.302516940032004151e-03
5.097010285371504981e-04
4.425249333508631433e-04
6.918002549646222335e-04
9.939625594876442920e-04
3.893142369289178707e-04
8.985420846922907278e-04
9.708502633718129552e-04
5.006079482760274982e-04
8.451094465792630735e-04
2.854040312666061190e-04
1.368517127581839925e-03
7.160975415911807144e-04
6.085567132088966777e-04
4.870627402163099249e-04
1.714126950888027884e-03
8.810837403943050632e-04
1.296639610897699869e-03
6.938562081450212575e-04
6.340526853266118326e-04
2.760191428425401656e-04
5.182403377962048517e-04
1.382036360507102584e-03
6.535354265738787692e-04
6.138063070783413228e-04
1.031431679797212200e-03
7.108877671812233873e-04
5.716836449523431812e-04
9.244165712859646680e-04
3.878701741858066321e-04
1.324721157297705301e-03
5.122227889762523889e-04
2.035051199991266997e-03
7.660619516294966220e-04
4.296199532432132674e-04
3.429297597576044408e-04
3.168416720110035908e-04
8.141366222782717979e-04
1.197332583007807783e-03
8.389416399316675012e-04
1.690940073643113677e-03
3.876537677284282580e-04
7.677244238402374400e-04
3.267572087536657231e-04
1.373654126286971743e-03
4.770536289563932211e-04
7.525514221866128842e-04
8.425996254903167417e-04
1.193924581037180029e-03
9.693674707509831751e-04
4.580498710062863338e-04
6.317209506999695977e-04
2.006491916605179348e-03
3.114264394657179492e-04
4.560238542624200876e-04
1.323531346814465354e-03
5.351723959094763098e-04
3.988652009938089280e-04
1.284685000690469420e-03
7.525514221866128842e-04
2.337623746873444537e-04
5.260498599403421382e-04
4.227290372303852219e-04
6.053133802742138208e-04
9.197855915073818158e-04
5.858248371485178050e-04
2.099103039488470820e-03
5.934766406186231524e-04
6.871714258128352798e-04
5.134349873052278116e-04
4.986741887539672662e-04
1.281990770466875625e-03
6.965911593073618839e-04
4.216399907676305009e-04
1.010759205572939927e-03
2.202676897200398377e-03
7.374280093101699728e-04
8.117979121505989291e-04
5.058074442915361148e-04
2.989199794807586284e-04
1.434449642300271313e-03
5.413019327472824065e-04
2.277360901702334519e-04
4.521431645967333352e-04
3.537327051340171963e-04
2.044106402576548447e-03
5.071335246499839369e-04
3.515721422843770712e-04
2.282674034244662822e-03
1.215385633279506775e-03
9.529098816398821545e-03
2.980565813344036776e-04
4.684507236945188919e-04
2.003884545760214412e-03
4.612199831065535928e-04
4.261425152416385394e-04
5.638602732782781657e-04
1.232320998467227591e-03
9.958377602323602047e-04
4.219906778062366103e-04
4.920401352409201458e-04
1.045015561333647149e-03
2.627231525454950655e-03
3.301578728957701818e-04
5.829480037392149004e-04
4.277401274258661582e-04
7.937801531566170609e-04
6.887516693156396207e-04
5.883687445184191669e-04
1.124808288702273170e-03
1.387295306008533378e-03
5.146508154308533341e-04
4.722041448405208102e-04
4.751749881934457746e-04
1.833817519098387494e-03
3.600280173641102880e-04
6.769261408553151537e-04
2.320864962507049063e-03
4.248786237029334367e-04
2.862789317641325918e-04
5.146508154308533341e-04
4.517497577422681702e-04
9.483751213987813263e-04
1.410355712603085553e-03
1.477054920325932648e-03
6.661463039397663146e-04
4.898608141126224247e-04
6.548620123551674322e-04
9.831353773974730800e-04
2.281386798091388380e-03
7.346626335938814291e-04
6.908556009958406437e-04
9.001928983479008054e-04
2.944036997623206402e-03
3.862227598017327910e-04
8.013728905122755302e-04
1.714309521818018715e-03
1.545645063507062244e-03
5.864803245478516017e-04
3.856616676870582906e-04
9.259158019993434831e-04
2.500931811120560224e-04
3.726574342721860624e-04
7.326980474886064148e-04
5.416827827196867354e-04
3.852984051363189254e-04
7.325208082105389264e-04
7.270053690070772505e-04
1.083757394696943611e-03
5.291131988941854105e-04
1.186034109523225214e-03
1.066640639397483086e-03
1.774248921590974295e-03
4.972947701808891298e-04
2.211780742548821472e-03
2.023899426078584751e-03
4.275809811771937420e-04
8.988191786261179404e-04
2.880776171679968242e-03
4.697664670744209031e-04
3.485118994994104193e-04
2.378646947355417089e-03
4.811863347934833930e-04
6.161136694803013300e-04
1.232073000148256820e-03
2.212853976700824578e-04
6.108285961924742958e-04
7.686853167148797626e-04
1.123342669767422560e-03
2.214849338983890942e-03
6.059502632652727112e-04
3.865149405437797066e-04
4.481593870557551798e-04
7.676508658913661336e-04
1.277948151963125131e-03
4.488491311403133691e-04
1.242372074056717624e-03
9.835588743196566498e-04
1.088433794246589483e-03
9.529098816398821545e-03
1.390604778840696292e-03
3.564833461086004338e-04
4.102982911483292624e-04
2.281960696330559218e-04
9.305517607486231153e-04
1.072893569919614867e-03
8.775900390134588371e-04
4.112000333096023840e-04
1.147724169675047590e-03
9.213507829340721001e-04
8.268712131987654640e-04
1.717812232107236194e-03
6.032483613331617641e-04
6.231811506073740067e-04
6.755945918779451571e-04
7.812131047593212294e-04
6.978040402635303594e-04
5.272055645816934536e-04
3.059471064413449857e-04
3.106790107918499556e-04
7.612388292532102805e-04
3.900318076203590912e-04
1.852863695766037832e-03
8.781961896062997694e-04
6.155385555564601031e-04
1.206153354658795994e-03
8.004137796136658696e-04
1.047033015352216191e-03
9.382866897586464479e-04
2.339124085579216716e-04
6.671744036689243292e-04
5.099203809927800460e-04
8.293167960700274701e-04
8.855042052359875585e-04
1.031431679797212200e-03
7.946050983132842572e-04
3.998362035511662284e-03
4.139841832374382426e-04
1.714126950888027884e-03
4.317315560282272355e-04
6.241196362209466050e-04
1.939642985417130375e-03
2.865805115575879402e-04
1.225931328265026038e-03
6.093729053449455568e-04
3.556605150613416279e-03
1.756892791557757624e-03
8.370166304661414217e-04
8.204734967929457057e-04
8.760808548670155019e-04
3.905431625725441086e-04
5.273665211786745773e-04
8.401892914428191802e-04
1.197655677923971677e-03
4.627777501467244051e-04
5.697242881557473869e-04
2.365412227143516512e-04
3.091658589956225965e-04
5.161344474253015766e-04
8.494113448112865141e-04
9.367521322876616249e-04
7.554858932147636222e-04
4.794152283410144078e-04
2.651364773219489542e-03
9.009801838704583656e-04
2.131874064826856088e-04
9.390712304036773466e-04
5.797763094164349110e-04
4.490787240033818225e-04
3.429062834845392010e-04
9.188097366935590524e-04
4.115951297489951906e-04
7.242551349938633476e-04
9.764374328027215343e-04
3.126558091091534365e-04
4.910304484822424929e-04
4.690724982010749692e-04
6.799935608915299917e-04
6.513218732172593043e-04
3.256252271214799487e-04
6.743071713568957615e-04
4.378046582608658170e-04
1.020423461010063143e-03
1.645121932146595628e-03
9.759935105875865114e-04
5.031630081858958024e-04
3.637613412340894221e-04
2.701433041012369003e-04
1.108258064619900563e-03
2.460777434079300862e-04
6.120788782595214814e-04
5.756115472841303021e-04
3.833248510229597217e-04
9.448678793149970683e-04
6.274072200663899888e-04
5.779628607121959673e-04
9.637385825611246735e-04
5.156018332039659716e-04
3.241595478623134291e-04
1.071681502179403639e-03
1.423797986453842956e-03
7.813044835677640911e-04
9.925897411527375910e-04
4.886497156535205650e-04
1.509624405270192614e-03
7.205136083921016626e-04
5.565672807127160920e-04
3.585106993276184189e-04
1.119111965086649809e-03
3.378183744790556040e-04
1.912758231173743205e-03
1.327632435902364365e-03
1.015887310811521525e-03
5.661525524376305766e-04
2.183147448645479140e-03
8.844205573938359677e-04
9.772018689021028538e-04
9.829099481076029703e-04
2.116158235600072365e-03
7.864487368661420268e-04
9.111179061131345278e-04
1.053941446010665762e-03
2.983007887708875785e-03
6.932924572327088097e-04
5.008169666614096203e-04
7.297966580466570992e-04
8.670171018991309347e-04
3.601781239116188735e-04
3.193365871041317292e-04
4.449951398487306362e-04
8.384087936626710789e-04
6.921192128126630455e-04
6.211133790603978310e-04
6.997299127996651266e-04
7.526289787931670456e-04
6.604580653598148346e-04
4.764233479300864502e-04
5.460428485263323691e-04
8.746457218345482553e-04
7.473399382610585503e-04
2.387565865804496153e-03
4.923769903691061801e-03
5.810814382158130311e-04
8.102617738130103589e-04
1.200162045345512128e-03
2.860715786127879592e-03
5.781663657755931572e-04
4.187275799068571037e-04
1.197849335484407795e-03
2.866596224746459191e-04
1.004537632602611578e-03
6.196357465311991622e-04
1.009515385477532598e-03
1.099551074816600225e-03
4.374202010947289727e-03
5.982320484295586228e-04
1.644992119675093905e-03
4.924369138770822579e-04
1.394556052392375515e-03
4.788727804402896290e-04
1.731673010613270008e-03
9.241288948211454296e-04
1.047033015352216191e-03
1.374211126567293070e-03
4.821866234986530515e-04
4.309892261613796119e-04
5.473712490669377026e-04
7.349764980279699161e-04
1.599442053431923347e-03
6.071722444179015066e-04
1.230592116288687201e-03
1.027879871012854496e-03
1.207053326188077015e-03
1.206867771178124320e-03
3.842417165931922922e-04
1.313084804895459480e-03
1.102913650494056043e-03
1.135624140871026007e-03
3.849210273931418284e-04
8.262552470334799583e-04
4.259005434781979360e-04
1.520153670159791592e-03
1.183937762654594565e-03
4.010897697560185100e-04
1.117334793949905378e-03
4.251380403371371485e-04
1.150569676893853843e-03
1.179039452576399966e-03
9.794571559142233562e-04
6.106377439637105439e-04
2.113960387405534533e-03
1.143824596424901970e-03
5.970052636143064438e-04
3.862935268905288836e-04
4.351305120525366462e-04
1.402662293945966792e-03
1.391066354034493175e-03
3.918609496727627978e-04
6.972251349400068613e-04
1.272262012259854289e-03
3.585739632604276910e-04
5.572619838230302887e-04
2.401678687482493432e-04
4.337269774183068714e-03
1.073144007019396617e-03
9.158830988382096836e-04
6.497419686862704238e-04
9.364727798634978236e-04
1.326249636271284189e-03
7.076717203257747169e-04
8.401892914428191802e-04
5.166957629942826218e-04
9.300574470662934662e-04
7.134325882411916061e-04
5.583631050780061720e-04
7.804067774130600153e-04
9.377634560968112383e-04
6.533698595834973701e-04
1.728325877767663849e-03
5.438127745213347259e-04
1.842616883579571100e-03
1.657687226267072489e-03
5.704175668652203832e-04
4.865191608159661024e-04
5.220029071371139412e-04
3.853526194778798472e-04
3.917098983123351759e-04
8.380565878012635013e-04
1.224616524401136866e-03
5.097010285371504981e-04
2.340240101065713466e-03
7.069510850485314106e-04
1.262763954289832782e-03
1.376280243605253065e-03
4.439069045800482678e-03
5.684771531665201369e-03
7.846177663702523465e-04
1.779622176434768723e-03
4.673185042440886907e-04
8.041034540853849843e-04
5.999777445790442729e-04
1.036562765199405345e-03
5.136939255072883910e-04
6.802527531023599928e-04
6.939499158176795244e-04
5.905710880980027640e-04
3.241595478623134291e-04
4.464979688970542940e-04
2.293716292189325150e-03
8.401892914428191802e-04
4.528011491258579469e-04
3.682913668439143778e-04
4.618090533141673212e-03
1.016981699387633662e-03
7.111770990861105302e-04
4.708928644797953558e-04
7.480016020081048074e-04
1.095838598413436879e-03
1.746974500329653238e-03
1.560466912221037360e-03
7.478480270868729596e-04
8.702869054078542221e-04
5.554254510259075015e-04
1.451721325650630378e-03
9.843092159330776771e-04
4.413527568705773868e-04
3.513514505977836043e-04
1.147724169675047590e-03
7.372263179920806979e-04
1.648615394544805874e-03
8.049473461984984471e-04
2.265440070194522145e-03
2.253910540035710623e-03
7.977405205565288879e-04
1.098659226395979531e-03
8.520361202393582096e-04
1.619020591528364580e-03
4.566389518010191182e-04
9.364727798634978236e-04
4.219544900850185124e-04
9.740099581270865317e-04
4.179439890865728371e-04
1.006602250944736016e-03
6.603503995234975962e-04
8.412731672872616464e-04
4.048032197647708007e-04
1.013052901584960514e-03
8.586476302877649397e-04
1.112472926906777010e-03
4.841775989917347081e-04
1.024103975773203506e-03
9.667727715075221133e-04
3.666483177349055150e-04
9.421690974461159260e-04
7.373561413655659470e-04
6.667882575946954384e-04
5.899289608810990605e-04
2.119055032564503942e-03
8.540353952359513393e-04
1.342181536761412461e-03
9.622035192752268927e-04
1.552160332548483887e-03
3.879447963022791997e-04
2.983980962038812988e-04
5.632272594970650238e-04
4.031133699040321833e-04
2.857515217558846948e-03
8.961753297647007122e-04
1.182127487241713820e-03
2.553199694721905791e-03
4.317664823692499978e-04
3.130731164924384466e-04
4.662111780682377392e-04
5.302733810258760489e-04
9.962949615572400802e-04
5.489546127417055084e-04
5.741360203473246755e-04
1.101973395574341093e-03
7.571247333650538754e-04
8.168271639071347226e-04
8.820462474333610635e-04
1.177446764232830193e-03
4.935063194141949645e-04
7.338649460770610726e-04
1.283275110659617708e-03
8.510339198640354827e-04
6.403587875532750330e-04
4.951343787446146026e-04
6.164667745424907757e-04
4.816713263969846118e-04
1.491793249430765911e-03
7.346220829817798554e-04
3.744538524413452822e-04
9.529098816398821545e-03
1.698750737715748037e-03
3.095766195157886608e-03
1.501063619033657847e-03
2.881190420129843294e-04
4.870089999561140969e-04
1.912026964501970742e-03
5.150363482699049601e-04
5.923435403730088755e-04
9.648702471736289457e-04
8.537311468665492384e-04
5.441109635081413202e-04
1.430223563086932548e-03
7.906826299955464158e-04
3.585106993276184189e-04
8.117979121505989291e-04
1.773799835299629977e-03
5.993636844970653662e-04
7.902717835953574884e-04
1.352610208998678357e-03
4.314839517705556810e-04
