1.505426355498901397e-03
8.225908058267925515e-04
1.766259894174063410e-03
3.078515790676813937e-03
3.218711158218982371e-04
6.763002812243682415e-04
3.513010413200386346e-04
2.348521489942882387e-03
6.596632360360114855e-04
6.160284226072085777e-04
8.464459397336768654e-04
1.416188685057228691e-03
4.702255946746113709e-04
2.435814632178221568e-04
1.667290493762331027e-03
8.906024254935952138e-04
6.682545076978932365e-04
7.089937817141581328e-04
4.140791690471429059e-04
7.329999830281387282e-04
6.107274028505252188e-04
5.548788113130585873e-04
4.952807493459256572e-04
1.036170813220071464e-03
5.919644576799810987e-04
1.857749139365322787e-03
2.068080152978203808e-03
9.575131729325996694e-04
1.086269981696084616e-03
6.823145009195017872e-04
6.940459104029308990e-04
7.623951419891456145e-04
8.910535066650297504e-04
4.391653009832822844e-04
3.659420226168678654e-04
1.031020877478908441e-03
3.920784646234332831e-04
4.534253171101341345e-04
1.228935366222853052e-03
2.009083779539017859e-04
4.448127427820883825e-04
7.931873488116961005e-04
1.280437482790804668e-03
4.040472723770987293e-04
6.178967746188121762e-04
1.211992383915679256e-03
1.226141121626918426e-03
6.885456938828483572e-04
8.460775009697189255e-04
1.444768049910540465e-03
4.436952408236665367e-04
2.457420188628278235e-04
6.997469686936258612e-04
7.027941201325376731e-04
8.773003741124199908e-04
7.953158498689473499e-04
4.303482908137555574e-04
1.029726767783352426e-03
1.333394764451059644e-03
5.065518728828505768e-04
6.117229645811317470e-04
2.336300832227067564e-03
5.977056978580453555e-04
2.830958337908697615e-04
6.398459751739853964e-04
7.842445534225218071e-04
6.113306793192114195e-03
2.249626348355263431e-04
9.249599000667017715e-04
7.120695494328117088e-04
1.510761861522100843e-03
1.962726856695888849e-03
6.220240358557022975e-04
3.487241596696024270e-04
8.933348652432833480e-04
1.247751041436962870e-03
3.830374284726710196e-03
4.695113253833401020e-04
6.391500451197154771e-04
7.294025208319723655e-04
1.840390966835470099e-03
5.843993813462025405e-04
4.532470169247679488e-04
6.093877073768481489e-04
4.113068906594897459e-04
1.103516278946021579e-03
3.465843120554303112e-04
3.206729741335465414e-04
1.555463196381560954e-03
1.981743345789366978e-03
3.372210659780533861e-04
6.455416372422472697e-04
7.220120908111272388e-04
1.812497275178023099e-03
1.049631755462307166e-03
9.386173366886671693e-04
3.777204217940001809e-04
8.801913010220883352e-04
4.983170617518812434e-04
5.750236854230245716e-04
3.454854974235627109e-04
1.294708883435891598e-03
5.173422367128605297e-04
8.289637424925075252e-04
1.430159428809027857e-03
1.009516468561184443e-03
3.565392355761644338e-04
7.038989116227190469e-04
6.646508802363264561e-04
3.303063311136095583e-04
3.697437574099786623e-04
5.960567135344033022e-04
1.010542989655210337e-03
3.534411522120506550e-04
7.395011856557641384e-04
9.146491516462266266e-04
2.934963833920728872e-04
4.064875194345420636e-04
9.582498755938066541e-04
8.806262551047893111e-04
8.734365903313769932e-04
2.470835367954000604e-04
3.901699665468286280e-04
2.708049770036444898e-03
4.300460893012413239e-04
4.046975711618161714e-04
3.877442513239636812e-04
3.352828456050794539e-04
7.151359013968265274e-04
3.237286872000039476e-04
4.797167252685504433e-04
1.210370092072070346e-03
3.033648715290985956e-04
5.224458437980970035e-04
9.703435295052165047e-04
1.107904945545918956e-03
1.075715535416355007e-03
7.431365848704248045e-04
2.835451316895744030e-04
6.270938978469809072e-04
4.335132094744667520e-04
2.821943331534435147e-04
1.593435623413651031e-03
6.486224901528769024e-04
3.590183640636127093e-04
3.312894635581042479e-04
2.909333617545803940e-04
9.785794631665234011e-04
8.561001284525152728e-04
1.402309513023356456e-03
1.929233320713903167e-03
8.225908058267925515e-04
3.154557912589093811e-04
4.000680239559559854e-04
7.953158498689473499e-04
3.668674458988932714e-04
7.922723722132787600e-04
5.904117219624086888e-04
8.004789431384593413e-04
6.344218364785488918e-04
5.518522655246807214e-04
5.975531722785056054e-04
6.573234339017382374e-04
7.747845646680415329e-04
2.447088747739755354e-04
9.030183253776274087e-04
1.276013326476020801e-03
6.723433076271835432e-04
3.095015141819346094e-04
5.422488901898143889e-04
3.127840510659045761e-04
7.205358306917555205e-04
6.569208432170807596e-04
5.864816446835566721e-04
8.227511107428803986e-04
6.035591332550762841e-04
7.405060259685105869e-04
4.515090762115586058e-04
8.922487737550357373e-04
6.252557755296359694e-04
8.206455461519687571e-04
6.098233640073936774e-04
1.014446763996853856e-03
1.394344076984071080e-03
1.033117456491523247e-03
4.657840377347287645e-04
2.249667426675378739e-04
6.682860050020609718e-04
8.201212406603681972e-04
4.362385256074178663e-04
1.468011732646296898e-03
5.803376499167742578e-04
6.082529711376839961e-03
6.166499287462443371e-04
1.295311502065119675e-03
9.316061443905834447e-04
6.947267723858524362e-04
2.270047157309607912e-03
5.733235348837623221e-04
1.311320727271940954e-03
4.068166243671286937e-04
7.748820843699906610e-04
8.586933959251806612e-04
5.251503382691663111e-04
2.662838629308735927e-04
6.179880436551562920e-04
3.874552822569033795e-04
1.171338530256717941e-03
7.118016710111922185e-04
4.123422086792719455e-04
8.923511404324408446e-04
7.307476879178104049e-04
1.434545782259822634e-03
6.596632360360114855e-04
7.015610300564219378e-04
5.963061606576442039e-04
1.496039559692939353e-03
1.759507684313751930e-03
1.984535913385889437e-03
4.858013069015657448e-04
1.528952278267432406e-03
6.892072445009645408e-03
1.549782308900548569e-03
2.804992948181828593e-04
1.695253196375317781e-03
5.785850625530175118e-04
5.337623187873476649e-04
1.027321833135861825e-03
1.004569442091887916e-03
2.935595032064742507e-04
3.851250656184406905e-04
1.826186710869150912e-03
4.139717919376237798e-04
1.421900940960164200e-03
2.287586213378581170e-03
5.753595247076421408e-04
2.385376813949146506e-04
7.679979786254598293e-04
1.607714372156410611e-03
3.676842198419227816e-04
1.277026330825312139e-03
1.925144444936931426e-03
1.593435623413651031e-03
3.466105438964363697e-04
2.743108914337980832e-04
1.015018784229503295e-03
4.703175532448352421e-04
8.758544900197129781e-04
1.118969902596737625e-03
5.326872520549667464e-04
7.836095421218312570e-04
2.903887651846621997e-04
8.963921538624927124e-04
6.340643132459164487e-04
8.066023660038463845e-04
3.330800210295015206e-04
5.177193657531138117e-04
4.797675093459309679e-04
6.643499487041258427e-04
5.160716221157656946e-04
7.298427972529271650e-04
4.544201244315676188e-04
1.328412566464220318e-03
5.855605085616915088e-04
1.869779084765695563e-03
1.634569861717336588e-03
6.635959858896151769e-04
1.560116099290622445e-03
1.186974436140209163e-03
3.815927024222288228e-04
2.068614676951414065e-03
8.215033142301549291e-04
4.217415268774230919e-04
3.040759420642455196e-04
3.288873964637422992e-04
6.075233322472337440e-04
4.084261943451792548e-04
4.645024237842864095e-04
3.262204852645377365e-03
4.763880732025075932e-04
6.786737687245439528e-04
9.739283135764938626e-04
1.045093515499353250e-03
3.431691910030001177e-03
8.886303344995619006e-04
1.075908678562541212e-03
1.443403257971363242e-03
6.330051136890098816e-04
1.450252451236407362e-03
3.435243913999429461e-04
6.773794933211678589e-04
2.763743229091765886e-03
2.480972640310598505e-03
3.085614712492215812e-03
1.294708883435891598e-03
3.948223329869816520e-04
5.802019760752518546e-03
8.226615429885602866e-04
6.860145562974270502e-04
7.488178917149419410e-04
1.037901637036245080e-03
5.003171937159031418e-04
4.002235985235667610e-04
8.291845634713191455e-04
1.175488614630194753e-03
7.600143602303348648e-04
1.146312486968292105e-03
1.068473248343991761e-03
9.991891389281000804e-04
2.781003958123112740e-03
4.371812508572305240e-04
4.653397374484460891e-03
2.029709018248667535e-03
5.726688794854465194e-04
4.200355695571746269e-03
1.146312486968292105e-03
3.141851250494933582e-04
2.566690914042734674e-03
3.965021430156671456e-04
8.632575577777303402e-04
5.314712406129289352e-04
1.897455188982080350e-03
1.058593765254810725e-03
9.575131729325996694e-04
1.160075556982717322e-03
7.122730154429502249e-04
4.137916051897607144e-04
3.062358293557085375e-04
4.830017181248768849e-04
9.191579720410203566e-04
6.297868164029072095e-04
8.131956356793343214e-04
4.658035685107183590e-04
5.916610202738639126e-04
9.932726737589814541e-04
5.425967313413732106e-04
6.366300840693841665e-04
7.559776571882119607e-04
3.645002589731274173e-04
5.859131085603320284e-04
3.993100355881662542e-04
4.833553208807623734e-04
2.644133021650103160e-04
4.092660731460833552e-04
7.332528320737870340e-04
6.261662111502941299e-04
1.806406412206617131e-03
4.822337276677522147e-04
3.750278600733697280e-04
8.342399565670738891e-04
9.628421193278745077e-04
7.390743170094164847e-04
2.161878470721777419e-03
3.648873493976472534e-04
1.174386230668939164e-03
2.461537876557190734e-03
4.065178617623699709e-04
1.628673432987527529e-03
6.518768731236794945e-04
9.197042231085670238e-04
5.539870498669180292e-04
1.196394804230341323e-03
3.796909643367384112e-04
4.061819878005487475e-04
8.724031263175780360e-04
1.430159428809027857e-03
1.171338530256717941e-03
6.610741089256546221e-04
1.434545782259822634e-03
6.760333502497143602e-04
4.126343093524759208e-04
4.875322061934632845e-04
5.596337944789009887e-04
1.094697505947653943e-03
1.262677832796538138e-03
9.497264201221118163e-04
4.826727443393110696e-04
6.637121532065890211e-04
4.863358428940685730e-04
6.158755863743549906e-04
5.479758333972287480e-04
7.079988673636189098e-04
1.922928771162888285e-03
3.767563468722440450e-04
3.597168812016630132e-04
8.450640708382278331e-04
2.647902898463521618e-03
1.212749678445747877e-03
5.214175848572626809e-03
5.557030188137868478e-04
7.429062086095378388e-04
1.167208565197510846e-03
1.054825984861682562e-03
6.353972885669954959e-04
1.228656774119541752e-03
3.075758604041410691e-03
7.587541709909558169e-04
5.206894064983820080e-04
2.380575580211972985e-04
3.113726494324874257e-03
6.032316691650308664e-04
4.963543465832309307e-03
5.019840674439972426e-04
2.573049910962945806e-04
2.046673296527660654e-03
3.854932126253718893e-04
4.692159483104962501e-04
9.758332831338706846e-04
5.797200211996496062e-04
1.453717179231852653e-03
4.540509379884657666e-04
5.549011707679318102e-04
7.355509596680568979e-04
3.683000356725410463e-04
1.008139374696209734e-03
3.923284967973537452e-04
2.978679338271210983e-04
4.760121391087824313e-04
4.020982059785985826e-04
4.697532025164233901e-04
1.336072081475564140e-03
6.032316691650308664e-04
1.811726477743776662e-03
7.175715039387214455e-04
3.743629311281363912e-04
4.900971899872373074e-04
7.385482282985654946e-04
7.391375634456943521e-04
4.853075940481957058e-04
4.703228158366092211e-03
3.467996791953144764e-04
8.377188751953905431e-04
1.528296021337283888e-03
1.375893015851726610e-03
4.595434403884299615e-04
4.621817203787731117e-04
3.089450784219490331e-04
6.149092258589987847e-04
7.922715899815973130e-04
5.214404596445580600e-04
3.616736091506554457e-04
2.564180565370356431e-04
1.384452628385344618e-03
5.652385624940632885e-04
6.837899376298743181e-04
1.042461799501469321e-03
8.930412966601504118e-03
4.107511943397711075e-04
6.353281411821343422e-04
2.940073952386270295e-04
1.088709545489538726e-03
6.484635958686781314e-04
1.209790100167851962e-03
6.758166184525334162e-04
2.242049696813904619e-03
3.799263427368874762e-04
2.960880076473349290e-04
7.693420340624861293e-04
7.388393637812578621e-04
2.977881601814118652e-04
2.302045552856953753e-03
4.864611694105216793e-04
2.574970933217980099e-03
4.416267913164302183e-04
6.879582801286753717e-04
1.653927839046991956e-03
1.073111549388258050e-03
2.227588057082357468e-03
4.301609991197027851e-04
3.653882492226195032e-04
1.129536711971706195e-03
4.364413547695226016e-04
2.341681813894908037e-03
4.920880940899049301e-04
5.711182866799634217e-04
4.532470169247679488e-04
4.130854868359518073e-04
4.516913990787234595e-04
1.143741753289974003e-03
7.559776571882119607e-04
8.734365903313769932e-04
3.940517194166553972e-04
5.815358007213321159e-04
1.368537331617102667e-03
9.391323754849985285e-04
2.450501600383940700e-04
7.863111372820289933e-04
5.710345185085267776e-03
9.133466742383120930e-04
4.815568834199374722e-04
4.990548740670258665e-04
3.982933641062887694e-04
8.037614508626311424e-04
1.531274384826428756e-03
7.755740971204091658e-04
5.629426312107414223e-04
2.248872338924342326e-04
1.426614193737388856e-03
1.299939089903357934e-03
5.086447832964252711e-04
5.471797279918618265e-03
6.532908236713686877e-04
4.957619648826550561e-04
6.010005479795664258e-04
3.120283336624223459e-04
5.842984911295557096e-03
9.021504941507073327e-04
5.430563376374293941e-04
3.807785750701354541e-03
6.204326191476697370e-04
1.660199185260937457e-03
4.220921217823209864e-04
4.339061495586048829e-04
1.111899490897475407e-03
1.395996279660733416e-03
7.713189782025685380e-04
8.548322452867326881e-04
1.028162788665501612e-03
7.273698002723296948e-04
4.640807707023321556e-04
4.088338880664943052e-04
4.413925162447579118e-04
9.239642397253305071e-04
8.636643574917602512e-04
4.102453884144649792e-04
3.223112953496349241e-04
1.470293358450908182e-03
4.257727443478354730e-04
6.917426217101998879e-04
6.554219813411736421e-03
4.598875475233370224e-04
4.886872017165141708e-04
7.368201002068460858e-04
1.355028426289779826e-03
4.501135257135618212e-03
6.706132437698150142e-04
7.153999707896651532e-04
1.356035252092023047e-03
4.337078881447368724e-04
7.834995404074657395e-04
3.044030059819984989e-04
2.736375941335218200e-03
6.551555670234431028e-04
5.043785285557528643e-04
1.566520667322534319e-03
1.397084153901420730e-03
4.459177103246646950e-04
1.494982289341206545e-03
1.558016332278106897e-03
3.866971836793092038e-04
4.323073215058747588e-04
7.036061608391285405e-04
5.697499913700766706e-04
4.463332817226461175e-04
3.025960770256752542e-04
1.364409661968723781e-03
5.605283481996529461e-04
5.848948189972890148e-04
4.716290916197339827e-04
5.824452592192107779e-04
1.179911508376669605e-03
7.646463518073433590e-04
3.687395384661914838e-04
5.559156282447105194e-04
4.616579235050157610e-04
5.937573999905181249e-04
3.142282061632448967e-04
4.780520651100779971e-04
6.267145938187350732e-04
4.611169121006269273e-03
1.523384614767214805e-03
9.216922551870039039e-04
2.848135023509637499e-04
8.707184549434672646e-04
2.865047190587124005e-04
3.794522655429655579e-04
1.424265257507320017e-03
8.063889606472954405e-04
1.915198841619589892e-03
1.398819381082461524e-03
1.241793500562758711e-03
3.778882405337870591e-04
5.402408153274047570e-04
7.610171688682607462e-04
2.473369736331059061e-03
5.904117219624086888e-04
5.833003147626340638e-04
1.685857920852683409e-03
3.041262494258841625e-03
2.613032807865156223e-03
6.912399882843784467e-04
2.774193963008055128e-03
1.849025059198808416e-03
1.034944059402139122e-03
4.433486769847785501e-04
2.682387077639516830e-04
5.260455417253390078e-04
1.716856402258810357e-03
2.752837540988818579e-03
4.867123785167659839e-04
4.187263314485764457e-04
3.777170584371210976e-04
6.502842413806069052e-04
3.793413695854427610e-04
6.390746784267972713e-04
7.392575579343542078e-04
5.008522994200201176e-04
6.466627801146640530e-04
3.866379581097220989e-04
5.488497863747648009e-04
3.347611647514960173e-04
6.903372187141337867e-04
1.450676077835579263e-03
6.261861228828316615e-04
9.642634801331555986e-04
3.061981933144251075e-04
6.036571682311421896e-04
1.121370796481106335e-03
4.143555338062141695e-04
1.643651262716888488e-03
8.491744958307291882e-03
6.938374999836019290e-04
1.538059333958124433e-03
1.949818131736681269e-04
5.098690152349588363e-04
1.200691371009424612e-03
2.169434156199476129e-03
7.684840254030253287e-04
1.410739460514507217e-03
6.502633251439688148e-04
8.755120176080806319e-04
4.266475443101556465e-04
6.596632360360114855e-04
1.746981662894508264e-03
7.862922461591339424e-04
2.384716888486397134e-03
4.836884449610375468e-04
8.442242726902302865e-04
6.868722955666594103e-04
1.748296213229622855e-03
5.473582258412771706e-04
3.719266376887911656e-04
9.391797950108822686e-04
5.548788113130585873e-04
1.096553262943772552e-03
4.285599565514918927e-04
2.880997813603276489e-03
1.442455382910808786e-03
2.554286841055906790e-04
7.701762784496670984e-04
1.291204902365794722e-03
9.998667093258084559e-04
6.851914543500946904e-04
2.482971252941997258e-03
5.432489920618366244e-04
9.025181790409740439e-04
5.557377556999531848e-04
6.917950380041297228e-04
3.433902215556239052e-03
9.971085828453809217e-04
8.398727931592323828e-04
2.332239810435431278e-03
3.570120203123938328e-04
6.087240465920746484e-04
1.214021298420313007e-03
4.219891050806527308e-04
2.236560777475315315e-03
2.352231199300389164e-04
2.273220176698140770e-03
8.885781851002642201e-04
6.134688017315829663e-04
3.212828910859083400e-04
7.565948038236338215e-04
3.259336907210268544e-04
5.246654502435155448e-04
5.727468112660206783e-04
3.217741821929662660e-04
4.769109115042645766e-04
9.840128278284252048e-04
9.034219137417009646e-04
1.027955096314754450e-03
5.598358764364271857e-04
1.493457700292763566e-03
7.912478177743311305e-04
8.449983618708269400e-04
4.788513173717986820e-04
2.294742556485406589e-03
5.443335892149431471e-04
4.563525925881841273e-04
2.429105451122672184e-03
4.202922827440350065e-04
1.190380252183981594e-03
2.939690724785902856e-04
4.831650802330606734e-04
5.150470745519025511e-04
1.095477477827790005e-03
3.332940949961676544e-04
4.805484519901967021e-04
4.238207381603853463e-04
6.038399529920229943e-03
5.840993163910395943e-04
6.679963834252430725e-04
8.122121022967853906e-04
9.825719939798348637e-04
2.878670603910927074e-04
5.107445108001308588e-04
9.917217824155163692e-04
3.025396677677649098e-04
3.290822672747994787e-04
2.059997851930834949e-03
1.014609876254449075e-03
1.105116269924343898e-03
4.234862866986913079e-04
5.690609416339998620e-04
4.683668664447375256e-04
1.417500473082387207e-03
3.067302488910282534e-03
4.917935307150358547e-04
2.169434156199476129e-03
3.543523491598940295e-04
6.571161700897090426e-04
1.862341221400633066e-03
5.195146325195823924e-04
1.254712671672635321e-03
1.698663065726721154e-03
4.182667078434485516e-04
7.711761873905271852e-04
1.029726767783352426e-03
7.998999903277327628e-04
5.009595421856815906e-04
1.675233546923526580e-03
5.999895053705024900e-04
4.624571432222266613e-04
7.057914221225401481e-04
1.255737894245838229e-03
1.093837861953548532e-03
8.785880539886378043e-04
1.040910080127308143e-03
1.623294584768936785e-03
2.057874404304134669e-04
2.991924359379777103e-04
4.228366122202301884e-04
7.153999707896651532e-04
2.102223957640437504e-04
9.360474445464712131e-04
2.290128125569157718e-03
3.060765165534511459e-03
4.003080252451729124e-04
1.048042606907299921e-03
6.217476620384785853e-04
9.877982998641860173e-04
1.538059333958124433e-03
6.037776548156790048e-04
3.599259921550358970e-04
5.141470773511490951e-04
7.174039793336789601e-04
6.317565233989800005e-04
6.176964914401748396e-04
2.970471341710417042e-03
2.252877576552196528e-03
5.539870498669180292e-04
1.497262460792342939e-03
8.449983618708269400e-04
5.049930940315528567e-04
4.444783854615417498e-04
8.646072068308588475e-04
5.842397682430338192e-04
1.359159042020175942e-03
7.412373551308107768e-04
3.710675898483769999e-04
6.037776548156790048e-04
5.946263711317724583e-04
1.781059144178837961e-04
5.810247362933836568e-04
5.186553184491296152e-04
3.340873700290244476e-03
8.665909841917529251e-04
4.209434559649757488e-04
5.804197495075537729e-04
2.021182580619350615e-03
5.221604648097960414e-04
5.179245797714784492e-04
5.635325114196426894e-04
7.763398795462080233e-04
2.719205935918588652e-04
4.767199365838726459e-04
7.431365848704248045e-04
5.427057988999397890e-04
8.627498472686013099e-04
4.388379608356815531e-04
6.513217483799003211e-04
8.239938202346660731e-04
4.521914177117406929e-04
6.489493163216156126e-04
2.276704020179380356e-03
1.216533635463685689e-03
1.912152894654286497e-03
3.826811471202013881e-04
1.096553262943772552e-03
3.096043707678295775e-04
1.437275520878606317e-03
7.458544179814375523e-04
8.627323324750449515e-04
1.233128887777733490e-03
1.711051928995226991e-03
3.084640349448174862e-04
1.081571151828966638e-03
1.309465696234934397e-03
9.144384560959193352e-04
2.324457497173369139e-03
7.025052757523636213e-04
3.834585840928533894e-04
4.196603482649620387e-04
1.861758156939223802e-03
5.330128733501854907e-04
7.281521651969116282e-04
1.252235611623617401e-03
5.618763167542941252e-04
4.223953228936872081e-04
2.959946410392502725e-04
4.371812508572305240e-04
5.904905799344405777e-04
2.736280562217403064e-04
4.337078881447368724e-04
6.136675332271447625e-04
5.911336214711615132e-04
6.117598194348484487e-04
3.437074336487758587e-04
1.416696395710664814e-03
1.192852326480322916e-03
4.008927686369150988e-04
9.744915585508769551e-04
6.220240358557022975e-04
5.955517899876843629e-04
5.114701065311962795e-04
2.594982996778911685e-02
2.271501590103425748e-03
3.408542791938095370e-04
6.218944287859921784e-04
7.210980519244984330e-04
4.734147180123141193e-04
2.597153257451510029e-04
4.075729586138683862e-04
1.358983791081653765e-03
4.709516604736800854e-04
8.768203311118093549e-04
2.323887049238031795e-04
2.545549641088781160e-04
3.794670215968656574e-04
2.959109020176170978e-04
1.038289866132001589e-03
2.803173069748575680e-04
6.032316691650308664e-04
2.800497907918106572e-04
7.971854684911791784e-04
1.409133811588815597e-03
1.492670365804639812e-03
3.921562253532139583e-04
1.488720653097840583e-03
1.574230080207407586e-03
9.152431495279098484e-04
1.172658583309831026e-03
1.412460584818046568e-03
9.391797950108822686e-04
8.360127059502952011e-04
4.864164825482414226e-04
1.777691477952916040e-03
5.809530137233696011e-04
4.181387060566068171e-04
9.011952477460308643e-04
4.824912199421573541e-04
8.561706533958472580e-04
8.586933959251806612e-04
7.370968610135566947e-04
2.597567498673233844e-04
2.295436177351358245e-04
1.257853049852920586e-03
8.803658658343840393e-04
2.451672855289852406e-04
1.450252451236407362e-03
5.636610875431852892e-04
1.350103388759476067e-03
3.901654412141730959e-04
5.852594514828431647e-04
9.057432547965477707e-04
4.766596851847237394e-03
6.476526902088168298e-04
5.390448118594186929e-04
5.376601558436680745e-04
3.993527635748890894e-04
5.451299318327614430e-04
4.523368612662116185e-03
1.007903630266487318e-03
1.329394106096879347e-03
8.406156196244738690e-04
3.918088085211289540e-04
1.526585081460326340e-03
5.601371232490058843e-04
6.453217632053837895e-04
6.438591398151951098e-04
9.397837780199392969e-04
6.678627723853793659e-04
1.483533546614131332e-03
2.693505724042747642e-04
1.851411459477192477e-03
5.178406866865074495e-04
4.248594282570031353e-04
6.785993038756657318e-04
6.914875262770827464e-04
3.368469642676997795e-04
7.617917168955978422e-04
1.828383553770586943e-03
4.702255946746113709e-04
1.478690560654180369e-03
1.591689888682438917e-03
3.076066175139915830e-04
1.205447520426087974e-03
8.024957507289697325e-04
1.129557246541848352e-03
4.952457796597914321e-04
4.009241480411138148e-03
2.564180565370356431e-04
5.999895053705024900e-04
1.484041491546591153e-03
6.117229645811317470e-04
1.289925389133281296e-03
2.979856079659724908e-03
2.689611345430316033e-03
1.751248912839146023e-03
5.687984106254928346e-04
2.301844697491113416e-03
4.264382216392715100e-04
3.383852622397329332e-04
6.111707783109947192e-04
3.038583679268933285e-04
2.305581082802634230e-03
1.464538882408346733e-03
6.047639993714490087e-04
8.339499957141530096e-04
5.168912648744052952e-04
3.033648715290985956e-04
7.565784580682441895e-04
4.805718188724894600e-04
5.657726380118067739e-04
2.921784565767036163e-04
5.710198730968752637e-04
1.328108251811324983e-03
3.016155168796393819e-04
8.073507070861418895e-04
3.078053476150681683e-03
1.062095672819853530e-03
3.903062692580298670e-04
4.417554073346872489e-04
1.988523485784585154e-03
4.167154665297063162e-04
1.227267528776019483e-03
4.086065997394486933e-04
3.310634606717853166e-04
3.767915861589444257e-04
7.990711144862591708e-04
4.080951831812649989e-04
3.615726237051478044e-04
6.511704319553255271e-04
8.799852961815737449e-04
6.631862554867041289e-04
2.582201144685794493e-04
6.142192056163156902e-04
4.338039954961679960e-04
9.468155886296252335e-04
6.806635107196343064e-04
9.881611064853767102e-04
4.628192003149020914e-04
5.789051237362391380e-04
1.139313686203527031e-03
4.748954932116886932e-04
3.770223881243069466e-03
7.498377929193164116e-04
2.095236174639126885e-04
5.601073275130903336e-04
1.925308209409276952e-03
1.058181766851676612e-03
1.402018320374143548e-03
1.326658467009658900e-03
5.355861257886476235e-04
5.978119150435440418e-04
1.397729431442424871e-03
8.672798823056267680e-04
5.701082397016847677e-04
4.843058224752119388e-04
6.577507387655540712e-04
1.257998982260983244e-03
5.557525238351506726e-04
2.323756157208445327e-04
3.632182222836419640e-04
4.840873652728862808e-04
9.778337935910494296e-04
8.651364444241283229e-04
2.468697538443547076e-04
6.859225836825117708e-04
7.020136016726463051e-04
