5.781040530236452278e-04
2.713770252183036287e-04
4.738246779170921679e-04
3.845076294179867755e-04
2.558726445571200586e-04
5.785271962630030409e-04
7.338399951379051501e-04
5.220253890994471782e-04
1.724022562036068044e-03
8.017908512235648669e-04
3.489669946076439993e-04
5.380457392695053289e-04
3.455251561861057792e-04
3.473440112371687207e-04
7.569164774103460122e-04
1.691517928564260660e-03
5.845337075355235869e-04
4.780012519145295262e-04
1.331951420271099661e-03
3.319981510820082474e-03
5.845648010021609574e-04
5.615512135560158389e-04
8.338062873386759433e-04
6.141127757469703411e-04
5.624623151989065900e-04
7.653279435484787148e-04
2.001147308515707334e-03
1.493951792116651441e-03
4.253831958136607941e-04
7.297910177530074309e-04
2.997700738794425871e-04
2.641049689339823418e-04
8.976408014182095775e-04
3.204392684130991792e-03
8.708168760774082692e-04
1.357225665679181580e-03
3.955370314662231862e-04
2.378952600029941898e-04
1.783460485906419217e-03
4.073155621783091122e-04
8.241344758496330471e-04
1.975497032188241759e-03
1.681949234737393009e-03
1.387570085489771374e-03
1.301344675235859699e-03
1.268163762837454982e-03
4.182404079305524630e-04
3.620486128731938862e-04
1.215073787319398803e-03
2.055730580986281678e-04
3.932324573445893155e-04
5.745123308836860149e-04
3.274001484724636964e-04
4.510627210491662963e-04
3.860568554427466596e-04
1.534950270576874260e-03
1.635250451538424257e-03
4.842623521245709899e-04
1.377188817981434216e-03
4.500801043061013543e-04
1.072848865931567280e-03
7.963997547410621176e-04
4.294059189449389146e-04
3.500178010776970085e-04
4.974211545460927811e-04
1.562055514474825282e-03
3.894710666561412306e-04
3.850160210141919748e-04
8.519887863193696719e-04
1.210022541247611234e-03
4.331718926051175765e-04
7.391353674963785196e-04
8.692750160432149075e-04
1.144731535989066459e-03
5.866049419985541486e-04
2.230746989154996386e-04
3.833771013020090030e-04
4.441245122379664043e-04
1.662864696444098147e-03
1.370808921376922077e-03
4.248851979476564846e-04
3.697620674129869101e-04
4.381045538418005245e-04
9.214346775081802554e-04
3.737812949895601275e-04
6.489716688174313733e-04
1.378669203852588574e-03
1.116929203374477644e-03
1.039696681809107329e-03
8.562977924417671579e-04
9.158312281637069835e-04
1.214227770207982910e-03
1.470586151858625356e-03
3.318695860457100515e-04
4.191234373665417247e-04
1.531455460060088909e-04
6.701847881451695630e-04
3.041607359228415343e-04
1.615304911319433026e-03
3.131989358675819901e-04
5.729645426280065724e-04
3.113004761065592653e-04
3.960769907989511104e-04
2.811980557335598302e-04
4.934686869829525658e-04
1.236672244869422991e-03
4.641817574605348125e-04
9.982020462497725750e-04
5.984784093876555555e-04
4.937096206789494792e-04
1.294890983709979290e-03
5.684551886420536292e-04
7.009117546264245248e-04
7.510217953052380525e-04
4.770992251128322072e-03
6.242343528437118089e-04
1.387997023554890432e-03
5.092751687115230561e-04
3.147693554124731145e-04
7.754424723376424078e-04
5.236426507651683682e-04
6.425088685480417243e-04
2.275813289190984213e-04
6.572332399168350024e-04
3.651349726110285311e-04
5.875260851857343333e-04
3.977500128719408095e-04
1.163806850214854985e-03
3.277002318633358193e-04
3.926827859640523509e-04
2.812637458034684826e-04
4.054604471085839455e-04
6.363060597660836863e-04
1.592814971934087154e-03
2.607291984108503209e-04
3.804253974088426951e-04
7.960799422389430030e-04
4.601789944332795347e-04
4.595256213003368236e-04
6.041574131944982794e-04
7.499207479613353945e-04
5.709392549992191312e-03
9.147456882376818086e-04
5.731749151979471284e-04
3.812342803781824658e-04
9.534087118424543292e-04
1.770352107699461539e-03
1.944756816397263336e-03
9.536921938617653072e-04
8.774715512012996660e-04
3.879692126245479038e-04
5.767246642145748645e-04
3.111440877604090350e-04
5.002675155243792478e-04
1.191420277352741143e-03
1.124411216831003963e-03
5.369502506137030897e-04
5.279818293194700430e-04
4.773820979113159815e-04
8.382923420652730554e-04
1.594827181925847917e-03
1.296877891128957834e-03
7.575259453603521700e-04
7.652519757886294726e-04
4.305931207877013492e-04
2.070314559824847685e-03
3.292861640155530373e-03
2.715158950647143538e-04
8.753309880779388142e-04
3.963129245908087643e-04
4.453534151338247801e-04
4.262049497043186191e-04
6.690435160389090032e-04
7.811720727834197070e-04
1.212555450927270493e-03
6.148892212620579115e-04
7.628851249545845871e-04
4.926370639928115717e-04
5.423850492637139224e-04
5.909189281679009566e-03
3.165629283899394544e-03
4.647934585116493501e-04
5.288453990625266313e-04
2.370174036394714565e-03
9.631145428768368493e-04
9.040635608575447405e-04
9.585856442786801820e-04
7.938719885859253905e-04
1.078096382091360246e-03
1.341579396521529015e-03
1.334404555000465046e-03
1.299538064274576802e-03
3.404273289871173050e-04
1.717692212602422910e-03
1.452871091678752807e-03
2.070314559824847685e-03
6.923395481889803608e-04
4.480957443436151444e-04
2.373761770395369463e-04
1.033912674180121347e-03
6.957837137352961823e-04
4.902741370966573389e-04
2.584106901682397227e-03
3.997129162885839455e-04
9.426997022456837716e-04
2.273860123500570391e-03
5.763590257500541365e-04
2.997416272905849971e-04
3.920300441688515450e-04
5.383902214854812416e-04
5.472618420343727981e-03
1.044766273150155196e-03
3.876697764317348148e-04
8.439163716644522547e-04
4.247097862174670549e-04
1.596631878526271744e-03
4.650314945127173691e-04
2.055433433314130410e-03
1.846231077827960700e-03
3.262783095679633815e-04
7.196673259841280439e-04
1.538078527895471708e-03
1.027182937036275794e-03
2.389676937760473849e-04
9.217409078747768698e-04
9.734190913726586784e-04
6.436656377083971271e-04
6.459871418001222020e-04
7.969697420957468515e-04
2.929638834736504453e-04
8.257759814164626925e-04
1.126288626088951762e-03
3.952505008419494956e-04
6.314584082985229187e-04
3.045128592895600807e-04
1.175409286705976540e-03
2.925058014441605267e-04
1.315560729462028232e-03
9.484056674334581487e-04
3.113120327237745401e-04
1.061304355226304862e-03
1.210663363585162688e-03
4.887601414084582693e-04
6.982917519742302525e-04
2.059951006142745570e-03
2.429911679079275707e-04
1.329746512972957654e-03
7.667524561760901683e-04
1.816395839591081337e-04
3.086871834381921774e-03
5.511415265483937545e-04
1.041947666434682278e-03
5.035902781454830402e-04
9.559377370109335302e-04
3.517113104560265924e-03
7.708401460604856047e-04
4.243063609148318201e-04
2.827003677179334550e-04
7.659267818940512394e-04
9.259677877657248105e-03
1.947191489797762921e-03
2.934978500101045515e-04
8.535733484882842854e-04
5.709392549992191312e-03
3.326906763867558100e-04
6.932162598733984877e-04
9.147456882376818086e-04
7.538757673751175390e-04
4.657619148065721571e-04
1.021622350660549234e-03
9.158312281637069835e-04
9.025345871649611586e-04
5.661308246832130785e-04
1.169280742544861508e-03
7.416625627779978433e-04
1.812232044447080340e-03
1.444972400181269295e-03
1.339241061978982839e-03
6.851222326801682415e-04
1.379582229197783222e-03
8.669220141031705679e-04
4.554298738218376212e-04
4.572994917466357482e-04
7.584469812533005872e-04
2.907204352468676354e-04
5.871602361818615938e-04
3.305465023189893309e-04
6.275077978066738275e-04
3.012742980013576152e-04
5.350380305312679935e-04
2.685122214201582976e-04
1.672471788843538044e-03
4.472365255392780014e-04
6.582447613104432842e-04
4.011743611322136699e-04
2.066818530415690316e-04
6.206947831530443445e-04
4.345807613667073137e-04
6.925860130091560617e-04
8.297414663546385507e-04
1.121483502354138264e-03
2.408505683541404489e-03
4.398277098172172130e-04
6.103661793812747115e-03
3.591923853613321316e-04
3.812342803781824658e-04
2.665948435609125718e-04
4.243809905987183141e-03
3.986599096710419904e-04
3.741713497860807620e-04
4.521311288271608378e-04
1.801188324364077055e-03
3.920300441688515450e-04
2.596910097335612243e-04
3.188654855381033116e-04
3.800256087020654583e-04
3.251427456661539839e-04
2.356722709124305668e-04
5.321170109878679789e-04
7.162171381535436220e-04
1.054238008747492190e-03
7.267323149617266288e-04
4.414047381049008797e-04
7.653279435484787148e-04
1.034743348622873703e-03
7.541337961790724707e-04
2.870267742321622271e-04
4.313287842261048191e-04
3.373052168286641106e-04
9.265249015190096934e-04
2.899041090061081302e-04
9.388738817779717196e-04
2.144981712139150398e-03
2.205174841913548709e-03
9.816947654821134295e-04
1.153840989604002420e-03
2.104843091507400412e-04
2.304771638480656042e-04
5.021980387236136493e-04
2.371849398524908208e-04
5.403657722167535486e-04
1.314271986255782223e-03
3.688259390863725005e-04
5.920229383040251803e-04
3.948246838779265102e-04
7.754424723376424078e-04
9.773881269603532963e-04
2.897981433124168903e-03
3.343171114025646272e-04
6.122825149690798744e-04
8.229779015369703124e-04
8.330835416489344508e-04
4.513593872443967319e-04
1.065983880839410907e-03
2.667285606850283925e-04
9.147456882376818086e-04
1.475767003797977999e-03
5.998076068201092965e-04
8.093112210602095838e-04
7.145472168952894361e-04
6.070006037971589817e-04
4.480378286696555523e-04
7.083470124547670485e-04
6.750461452487481430e-04
1.598020687118587848e-03
1.196769075018843656e-03
3.200944819754909733e-04
2.942882538934927356e-04
1.034609432651557729e-03
6.910924958846302634e-04
1.500663118358228553e-03
1.836932682480464337e-04
4.637090703807080719e-04
3.435242577815502828e-04
6.361257340298533645e-04
3.006604660444495711e-04
1.397099458119234342e-03
3.554904970803787843e-04
2.931478134845009022e-04
7.207872850166987958e-04
8.551842778189856342e-04
3.433268344484292716e-04
3.064572421052835175e-04
5.524901939241839933e-04
5.467543857427843842e-04
8.526346148366217284e-04
1.396254526825767023e-03
1.030931886971175231e-03
9.092856433511303099e-04
5.006609960627586347e-04
2.307724673119736312e-03
6.883844836728900433e-04
7.665401884867319897e-04
5.937299399592323905e-04
2.960211372729495624e-04
4.414401727683937501e-04
7.266685027006639487e-04
2.350068930953671652e-03
8.345571264405618906e-04
7.026431998183342055e-03
8.503908181346720102e-04
4.606664075093646693e-04
6.002555763391939853e-04
7.869922465085427751e-04
3.841004427048187795e-04
3.730389042888015158e-04
4.055472271364677327e-03
1.119954468937133961e-03
4.992061041168924934e-04
3.305211907224026762e-04
5.692832628494326128e-04
4.385706731239632497e-04
2.744988459245421494e-03
5.801035484240168105e-04
5.773436854073689005e-04
6.149166558165029568e-04
1.371829534305979426e-03
3.828922307552846374e-04
5.048393869813338521e-03
8.670598599023622002e-04
4.372351583581072913e-04
5.138208379814430352e-04
1.037323130708464602e-03
4.343568152179781922e-04
5.976963428181079853e-04
3.646147086430803351e-04
3.262560504269647159e-03
8.419016673507131445e-04
1.672917366316397682e-03
1.092982998918635897e-03
4.046461337303630884e-04
3.997129162885839455e-04
1.067127724996866757e-03
8.009451212256117527e-04
7.602787086614884058e-04
1.951929116589613215e-03
3.824806619843647152e-04
5.325592661996421742e-03
5.524214394749032888e-04
4.798387968668486664e-04
4.836586757979253071e-04
7.701151819716021019e-04
4.132323998963971143e-04
2.276740771456667398e-03
4.160742839684893925e-03
4.584103609249725502e-04
1.192077875775584585e-03
4.832134676827980571e-04
8.020339572583870969e-04
6.590450661994860272e-04
2.736298900219759920e-04
1.946146871584142910e-03
2.264408671375018819e-03
9.474185564844678827e-04
2.780154717212193240e-04
5.720911329960620207e-04
2.571857942552962422e-04
1.868324165809676302e-03
5.226252572848718789e-04
2.908087751575071881e-03
9.158312281637069835e-04
1.948215058617676571e-03
1.290242993946774100e-03
6.218472164593138226e-04
5.293884942547953968e-04
5.689296338797521007e-04
9.873968564932647431e-04
2.289167629626362790e-02
6.211769341996144526e-04
5.876144568503102695e-04
1.907922908324934195e-03
4.008273604399014258e-04
6.002555763391939853e-04
1.348532392845503032e-03
6.612978580439554752e-04
3.697197741916457571e-04
4.825198605193544419e-04
4.568393450453332423e-04
5.456823546213014240e-04
3.928103441775835703e-04
6.367486518132068393e-04
8.128720485033428004e-04
8.803616576474337669e-04
3.617376763638799927e-04
5.276754071866650471e-04
1.823178555282832687e-03
4.480848865053292836e-04
6.652650969322496154e-04
3.635106188255334534e-04
2.778986521529627101e-04
4.512753941430325613e-04
5.099321922829283451e-04
4.195214875061079756e-04
3.728838051053252499e-04
2.523822890339700946e-04
1.231078743676006009e-03
5.432118635634017312e-03
4.568021622109725947e-04
1.133568537636577131e-03
5.478222583656633914e-04
6.118779361441087751e-04
3.950671527056842289e-04
5.197277694741254690e-04
9.683102942056660183e-04
1.240382783802766124e-03
2.694280235041707195e-04
2.281420083572492717e-04
6.229443132546183754e-04
2.987548908757392064e-04
4.193190670562997233e-04
3.983329746929445674e-04
3.296540415879392269e-04
6.378385440080317111e-04
9.355375828654719905e-04
7.735180494103833940e-04
1.008549246075465637e-03
3.552351882540120119e-04
1.782090228399941601e-03
2.245208241102824177e-03
9.008487457558637381e-04
2.126523758708580292e-03
4.342811769204607693e-04
4.335881069884651214e-04
2.792425637025605081e-04
3.098204966428526959e-04
1.000669847089169680e-03
1.649282073889030273e-03
4.670232160075191131e-04
6.867592312569401405e-03
4.154045926884373055e-04
3.639626940485920451e-04
5.616611379035198496e-04
2.889936047704115682e-04
2.634336002472407838e-04
5.263082575063645014e-04
6.716642782285785077e-04
7.599047683507142645e-04
3.036130426228087062e-04
7.726575784212169010e-04
5.124756622628084783e-04
6.297918019934162183e-04
2.691808312893414698e-03
8.654149014926393324e-04
6.556912151215913516e-04
5.061773813703006981e-04
5.478781206176696218e-04
2.741424810601568842e-04
1.253511501775741131e-02
2.534109199013844784e-04
3.184757081249190835e-04
4.137584815128069675e-04
4.379687416073498626e-04
8.823859228202666702e-04
8.062318303550886425e-04
3.348143762970565672e-04
1.011989211089948503e-03
4.396739324796087364e-04
4.813459432365865408e-04
1.325521181212519243e-03
4.285503077053852417e-04
3.195884654038927148e-04
3.006664519947841547e-04
7.325343821772328573e-04
6.265676159826971073e-04
5.434918007108852957e-04
4.272580184386030964e-04
5.121202745037731208e-03
2.982278071262514977e-04
1.247832108154015409e-03
7.777290165672680724e-04
3.382158264970515273e-03
2.866377983033410889e-04
3.343208496409930705e-04
9.888271175973425194e-04
3.634391102215799247e-04
3.114857088703921442e-04
4.770012663054757815e-04
8.225115842796463118e-04
8.466671718144785008e-04
2.813407980810583115e-04
5.015395284428625583e-04
4.869679892914653588e-04
7.329127322924690194e-04
2.805589025715417360e-04
8.435640535037074216e-04
3.246136518628938133e-04
4.726527282300051072e-04
6.392296585584960949e-04
6.821012872860682599e-04
5.685037747653817752e-04
9.158312281637069835e-04
1.477114715721858373e-03
4.823765689012509414e-04
3.922047919461486886e-04
3.542522300097720751e-04
7.537924742553171829e-04
7.321331837549786186e-04
3.919858748958420479e-04
4.285503077053852417e-04
1.223626685415684723e-03
3.098373505818608322e-04
8.848409292545526654e-04
1.389311504899113899e-03
1.473429166249830800e-03
5.790956943494070296e-04
1.443032838146922651e-03
2.603840797791712311e-04
4.027251308704185508e-04
4.072696729002798556e-04
2.929919134619806634e-03
6.842558578076794219e-04
2.081234743512516260e-03
2.705455523348842400e-03
3.351861794102859566e-04
6.789863949455516526e-04
5.785962318902831405e-04
7.555801632274344436e-04
6.452540057257567276e-04
4.853600838713011275e-04
1.478338761568655409e-03
4.723450875363270824e-04
1.005315350209276190e-02
7.122157702741277767e-04
1.690749907634531840e-03
1.736019527957735143e-03
1.319107403015229180e-03
5.982584863975311425e-04
2.721206006428891593e-03
4.251899246909288869e-04
4.637287885860175065e-04
2.718367656863387863e-04
1.415088970487257724e-03
2.996976172899351782e-04
8.028365739162441955e-04
1.959397418272485099e-03
2.713909926867472990e-04
7.321402685836812764e-04
1.036357281403054624e-03
3.610575814112767850e-04
1.564032243712020105e-03
3.207624227342261943e-04
3.578049153591287505e-04
4.022480422312159896e-04
1.289517886761912821e-03
1.011397146199154813e-03
2.373757936073937053e-04
3.364953080081871210e-04
7.970153907753792710e-04
5.318807431306792630e-04
5.757816015677224295e-04
4.200902268876362537e-04
9.069619830926605201e-04
6.896975127110533755e-04
6.608308464746530126e-04
3.123553308652158135e-04
2.831482391866549592e-04
6.361631639815104730e-04
1.491130091607511523e-03
6.300833559516367957e-04
7.018460827772379741e-04
8.651824695800435080e-04
6.377641670602913560e-04
6.053396174802232969e-04
3.918349714721568720e-04
4.930815468616751157e-04
1.931196840285335278e-04
3.926827859640523509e-04
4.285269530925093031e-04
1.575664338360582882e-03
5.497427095837735360e-03
7.415700961650493290e-04
6.195135694775346681e-03
3.350859358445733250e-04
4.781543543698747018e-04
6.025924534745762421e-04
4.311899141105951690e-04
1.273110346131413719e-03
3.764868304000223314e-04
1.306287982146385430e-03
7.412933015408021669e-04
5.838216344371234892e-04
1.765455360247653515e-03
1.501524138858509718e-03
3.303226076599313950e-03
5.349642524887268354e-04
6.434738865951369164e-04
1.095884013474810554e-03
4.293689592779978154e-04
3.261111029730988202e-04
3.719056142177273633e-04
7.980150276173580623e-04
7.783691773437681439e-04
5.561801078180693371e-04
6.378385440080317111e-04
8.717058720838792487e-04
4.501747950099780596e-04
7.566961446394623609e-04
7.484131769965250399e-04
1.269361302701422188e-03
8.989144067752038048e-04
8.881992431515373142e-04
2.777163798912137428e-03
2.350397572879707052e-04
5.423022522462981080e-04
5.316580361432083918e-04
8.844392019906469667e-04
2.986359900067736117e-03
1.179671410021388778e-03
1.262545113360498839e-03
4.333613535589889978e-04
1.008031233838481075e-03
7.009117546264245248e-04
5.030341844225727759e-04
4.554828358717558177e-04
8.135114538079103556e-04
1.012884565716510015e-03
5.527839673293490508e-04
2.994772540457501381e-03
3.739923492260815584e-04
3.677762573277384875e-04
9.448317807543505286e-04
3.630658135097876178e-04
5.040827849959836782e-04
6.673107687658700335e-04
3.635328363551272048e-04
6.253123951606153223e-04
3.206008416472368085e-04
5.669311413749580832e-04
5.151924240437900275e-04
4.743617162204636544e-04
2.273860123500570391e-03
6.221657609886737045e-04
5.193948979904666622e-04
1.318396052570828441e-03
3.513748603856136233e-03
5.150498229720024568e-04
3.236783856469975041e-04
8.889793730625961425e-04
9.220386235980496331e-04
8.339924093215526522e-04
5.729645426280065724e-04
2.663918669038374543e-03
3.796144036559510730e-04
9.721587075783197059e-04
1.019921865343017967e-03
6.241604702269897388e-04
1.458761105388826614e-03
2.050130692768458319e-03
2.328094501837696135e-03
1.441004840018236463e-03
1.501184911708727853e-03
2.273860123500570391e-03
1.301046437926571889e-03
2.476188102041542577e-03
4.941671489976331337e-04
5.593948507127409790e-04
7.649250853864960091e-04
7.857372302153500408e-04
4.133341461447503917e-04
1.043480767080706305e-03
4.580693656102100973e-04
8.829259158151040983e-04
1.523382172557293098e-03
2.750553611013121808e-03
1.455933459705496293e-03
4.161103370903598830e-04
5.370299219953716084e-04
1.175409286705976540e-03
5.514285315667704929e-04
2.491785491925926801e-04
6.297918019934162183e-04
3.644437616273742803e-04
2.764358488367774569e-04
8.957708186928333045e-04
8.330974732731280270e-04
3.908286942973830062e-04
8.760499453361539216e-04
2.345485896486320092e-03
4.292624199559397311e-04
4.122796219112080120e-04
1.239229787865337318e-03
4.261285794416002346e-04
6.378385440080317111e-04
4.302400898997156835e-04
3.035587290653927756e-03
6.271640992545467891e-04
4.393497008573942126e-04
3.420115309426507684e-04
2.289167629626362790e-02
9.464416499099292729e-04
2.676692522794215843e-04
5.686307126976654054e-04
2.178358137010635235e-04
5.520923562929005123e-03
3.043903777125778806e-04
3.818860392125215312e-04
2.449422246400988407e-04
4.959904329580802759e-04
4.566641711067353517e-04
4.089886086406904677e-04
6.362598805030345462e-04
3.433268344484292716e-04
6.767951050301415942e-04
4.997952669342375530e-04
1.076882185531854346e-03
7.073601219425037058e-04
1.144422013846233812e-03
5.738959597151637240e-04
1.172203013488364856e-03
2.572560134043740511e-04
6.244574209154508514e-04
3.489123305116788938e-04
4.717736775601545814e-03
5.540063192945720184e-04
6.034188268570791049e-04
9.559377370109335302e-04
2.991899149913207837e-03
3.218157663601162437e-04
3.748790692745595046e-04
8.715516769215325308e-04
3.504812248930131552e-04
7.379028176281567184e-04
6.877894878319704142e-04
2.092937323215359868e-03
9.761033874568485896e-04
6.590450661994860272e-04
9.160910260209422992e-04
5.083498850084007190e-04
6.622816824943185713e-04
4.401862103304912135e-04
8.362786065472908870e-04
2.343899710652640829e-04
2.380462496260258003e-04
4.818738080670886240e-04
6.589123964286767738e-04
1.478297082752051900e-03
5.513927495770097782e-04
3.717973521075864057e-04
9.250508966756294327e-04
1.180604473374238057e-03
1.991520655120249811e-03
2.424037834400643611e-03
7.003384938725521229e-04
4.654378636922012233e-04
5.355435466139953646e-04
7.367168743217638585e-04
6.924452893446365496e-04
4.636137497291524393e-04
1.659240094931715244e-03
3.639660471530869004e-04
3.632602811209089560e-04
3.352586280945895844e-04
5.507331203039671740e-04
4.402489766370353669e-04
1.943631383799972624e-03
1.027157356023919010e-03
9.061482244024236842e-04
2.065929195602645395e-03
7.085601631378560944e-04
2.110238536240383652e-03
9.158312281637069835e-04
2.005464193827928305e-03
9.307907499492511618e-04
2.408505683541404489e-03
3.918349714721568720e-04
9.293826374231337799e-04
5.306586774762728220e-04
3.707878339251863102e-04
9.627443440772220874e-04
5.706843756527560938e-04
8.864034568268210719e-04
8.935078627375898572e-03
1.455933459705496293e-03
5.949730432642700391e-04
6.429808154291498379e-03
4.473637574715240276e-04
4.868614442805398743e-04
3.951079284422911032e-04
4.824189651699537537e-04
4.899293528724989666e-04
5.492721998929203132e-04
1.067127724996866757e-03
1.459208393518417971e-03
6.225948667302270544e-04
1.540288461072896343e-03
5.431992337722852358e-04
2.775662360428183748e-03
1.168927192681558586e-03
6.284979377740313854e-04
5.259747568431428610e-04
8.043554845679846748e-04
6.784845181819888858e-04
4.732477807807864236e-04
7.186631346238003077e-04
1.443032838146922651e-03
5.890076682525442362e-04
4.728169055395039849e-04
4.220424646054946700e-04
2.558708728602834565e-03
7.282454975721130465e-04
3.206595971586811674e-04
4.185011114782764222e-04
1.691633028552112609e-03
3.901824639760975450e-04
6.376344375603636887e-04
6.037305835615585812e-04
1.528246736630685951e-03
3.082245916566884948e-04
1.642109306490616843e-03
4.486117804842354733e-04
1.975497032188241759e-03
5.222328968861884423e-04
1.598154205667624492e-03
4.623078821879284114e-04
7.853977073360899437e-04
1.773835243877855492e-03
6.742034495684308317e-04
2.646466676964172532e-04
3.834806726655780318e-04
1.136725257575428973e-03
3.983617570537583493e-04
8.587199727480872421e-04
2.763053499244914738e-04
6.190142548706624231e-04
4.575309445879402470e-04
9.523825597796472132e-04
3.612958258311843151e-03
5.702030126822282352e-04
1.298861717831160728e-03
3.369312899185795442e-03
8.756429953634357064e-04
9.470380150401516142e-04
8.647995196142573004e-04
2.916275719145994347e-03
1.045085253254654295e-03
5.689168729783519729e-04
3.091842088309142578e-04
3.845172714767137404e-04
4.568393450453332423e-04
8.513264502091656433e-04
5.542388834247190949e-04
4.794543304774391774e-04
2.277065063226185076e-04
4.818819894315106030e-04
5.786155925726827517e-04
3.435049607956874320e-04
1.004756167810883557e-03
3.320379476930884256e-04
1.281623844895085932e-03
5.858123697645711836e-04
8.794098630921344875e-04
5.694004961683995147e-04
1.783460485906419217e-03
1.150471200291033891e-03
2.327791062804032761e-04
1.533795762363195699e-03
7.574098153538827297e-04
5.658641869831313592e-04
1.874353754215654817e-04
9.688949991450380647e-04
1.314846564360445252e-03
9.977073820858156986e-04
7.322125025960378019e-04
1.987564778468803295e-04
3.794095708401622343e-04
8.890255280822561938e-04
9.585856442786801820e-04
4.486117804842354733e-04
3.761975133220521179e-04
4.473637574715240276e-04
2.894260300052217075e-03
1.282369834014646407e-03
3.633362253846950302e-04
3.571300126749486466e-04
8.177637288530250226e-04
8.782494225395593313e-04
1.798892541495678444e-04
5.211610896348130469e-04
6.372477796213542019e-04
3.484154855519006381e-04
1.311741433668182910e-03
1.537004440502875513e-03
4.646820725551725978e-04
6.560652921427529696e-04
5.402874279487158244e-04
4.912759930112268504e-04
3.574986838002471501e-04
5.310094442369207249e-04
4.475566102313944909e-04
8.163847942729334168e-04
4.233424290280526675e-04
1.284531595047672375e-03
5.669311413749580832e-04
3.348599908393761100e-04
8.172806814894484047e-04
2.107732644721317314e-04
5.327360937732281317e-04
4.735837367786366586e-04
4.659597773876653103e-04
3.155865762740255932e-04
