1.946340503730208549e-03
5.607767150502526504e-04
3.207614842088804302e-04
1.549111821518692526e-04
4.516536863226752263e-04
7.542453958460797235e-04
1.593514224643378854e-03
2.844847511533637346e-04
1.065365935505277603e-03
1.959138870724070128e-03
3.480166350140407911e-04
1.455271494915167394e-03
2.887215113436419379e-04
2.457914897636869953e-04
4.079456148388905189e-04
5.917989196544116938e-04
4.583856467291458868e-04
3.456105432123005028e-03
7.653548482667354904e-04
1.917777040961845527e-03
2.175933961293346260e-03
3.089097173229955837e-03
6.133566410439591403e-04
5.040560322434687593e-04
6.246476363950941588e-04
1.386211368352441471e-03
4.821944368312336459e-04
6.986744740656027856e-04
2.768525156004850510e-03
7.857895711354680830e-04
8.008777553321915106e-04
5.554624868696199803e-04
4.844066955637625085e-04
1.187461737659431917e-03
1.870668143661016053e-03
3.503224937632070496e-04
1.533234178268144676e-03
8.256372726106880888e-04
8.406151972167307538e-04
1.103102515039367394e-03
8.052702652727635737e-04
1.666778524400430251e-03
2.710412163221194090e-03
7.444188094550090434e-04
4.233934152144298315e-04
8.666401986032018197e-04
1.968442132396032874e-03
1.119749815970471057e-03
3.590561080217365879e-04
8.716778152873050703e-04
6.310108446528415842e-04
9.642286593810114057e-04
2.719764543624303291e-04
1.315972819940424473e-03
1.285921668300382464e-03
4.749443812553612505e-04
4.594389854367796500e-04
4.327191220937022563e-04
3.267716822444619398e-04
1.102496149542708630e-03
8.582426138793557147e-04
1.704972590855205385e-03
5.531696943848460118e-04
7.103982256703814677e-04
6.970383721702309160e-04
5.517849166191039030e-04
4.596378929190259271e-04
5.299073790488738117e-04
1.356655672734394247e-03
1.288907884268378949e-03
1.671824811525566288e-03
4.856075725621934454e-04
8.942933767345740900e-04
3.499151341599578417e-04
5.829095456163574862e-04
1.490256618087374167e-03
7.273295794352630916e-04
2.400436500879736274e-03
7.582188119316011186e-04
4.011160475684127230e-04
1.187321493688723445e-03
6.219437198209355148e-04
5.332313376835254607e-04
8.251528508874231326e-04
7.810112542605581040e-04
5.437118473215744483e-04
4.173098691284773433e-04
5.402041438912325542e-04
5.753367945730697430e-04
1.132798557459676692e-03
4.977778438406482101e-04
2.787454945670590203e-04
1.029605329210831182e-03
9.754423220519971337e-04
4.174866609572345892e-04
3.041077834690692101e-04
3.921829188980253587e-04
6.954410669549951352e-04
4.053130517304281283e-04
7.480626117531714164e-04
2.283534955351931937e-03
2.230543036606499657e-04
2.799854998091654522e-03
5.872593546031142564e-04
7.470226750657806914e-04
4.533934313672139901e-04
1.639686708700091025e-03
2.826969062032376988e-04
6.103893220832642746e-04
1.164682146165187159e-03
1.413118234418759460e-03
3.578981077759821436e-04
2.900594460926637398e-04
1.219005130563890864e-03
4.624574376135332410e-04
1.910185810526966515e-03
6.077631441329072034e-04
7.435025411662181177e-04
5.635266154746862563e-04
3.384321997177598554e-04
3.019161830104136819e-04
8.743778733124712424e-04
6.172133531240368755e-04
4.520925292994923753e-03
1.156652899077614425e-03
7.934975691063991549e-04
3.907182053309098818e-03
6.072764727392042459e-04
3.971416796434752857e-04
1.062868830338775401e-03
1.201646346576097689e-03
1.227972140897227614e-03
6.571800387327332137e-04
4.258126500984770260e-04
4.378636350418797373e-04
3.141000890440133106e-04
5.796543180908882414e-04
5.695605350181342759e-04
3.425195186273290431e-03
2.602308669905158047e-04
3.143095177979743945e-04
2.593802149324965782e-04
4.845852333674429877e-04
8.171008769155823238e-04
1.657218685417870480e-03
7.214003343984526926e-04
6.836914500585563378e-04
1.506643446367573113e-03
2.801836610682915626e-04
1.313005315326830520e-03
6.296430098810811308e-04
1.453375750442757438e-03
6.444733317377244293e-04
4.020823758271132491e-04
8.288609771858119254e-04
4.794536490397530593e-04
3.219661113578357946e-04
2.666978741402150580e-03
6.243458990466069095e-04
1.529367530879154882e-03
1.148378697599168347e-03
1.302199768132270008e-03
7.411813628819124977e-04
1.402475106260354064e-03
1.013195062568331530e-03
2.813564982893927333e-04
3.196786788995392313e-04
4.613444172420187468e-04
7.776127944995583820e-04
6.023823791771308221e-04
3.795335024059930422e-04
1.918914278467119018e-03
7.284617897553568320e-04
3.639467837804652548e-04
8.751753328270093970e-04
2.328413985998525762e-04
5.830752051829184634e-04
8.704645904133414191e-04
6.694112240191559459e-04
3.897986878033555137e-04
4.592284405627483287e-03
1.319059863623811384e-03
8.933576423291645805e-04
7.454929868260783696e-04
3.626736505446173501e-04
6.031079069677314653e-04
1.616443291366923170e-03
5.516687083890387845e-04
2.809155328338221657e-04
1.189169991227297845e-03
1.450772771890492842e-02
4.488951534138273681e-04
7.218973837325910487e-04
3.505674329118198154e-04
4.526935765779692856e-04
8.739654476862113294e-04
5.349850217977533554e-04
5.198910623124770912e-04
4.213919813506975540e-04
1.092403963063404452e-03
6.087904456640390967e-04
1.102071197345707524e-03
5.974367930866550684e-04
8.847645613299830528e-04
6.354817212024392635e-04
2.319373282020595090e-04
6.659846243287631659e-04
3.566284293626600108e-04
4.597507027460353353e-04
5.176555372265469971e-04
1.172120126640586492e-03
3.808841455373862409e-04
7.381280997395743516e-04
8.712292264562312115e-04
6.654896258987496151e-04
5.080682913287755311e-04
5.649096653045647442e-04
9.908000171233981995e-04
3.379348573661859886e-04
7.303801103553190502e-04
3.452665519100241360e-04
3.371493944514871843e-03
1.968442132396032874e-03
8.904910348885132845e-04
6.681035570063487833e-04
6.106074975397293497e-04
2.412722226137053322e-04
2.713625871088657911e-04
8.212495373473482820e-04
1.592405894051387039e-03
3.926686158064778692e-03
5.783195405986824543e-04
5.795940190555245270e-04
2.809267724016872338e-04
8.371190136907539266e-04
2.340457293729016151e-03
8.451876148839049252e-04
9.028712846630626218e-04
4.232473014389379062e-04
7.298726480501839444e-04
9.751992821799233607e-04
1.158476223035233375e-03
9.969134784795453605e-04
4.565044822501451369e-04
2.336341178004807100e-03
4.281071449941764410e-04
4.929347864241334903e-04
4.172211678976051161e-04
1.221603277402093625e-03
4.372787142045108906e-04
8.566421464759706910e-04
4.394923269575554711e-04
6.588343773917462861e-04
3.241033174652086565e-03
5.055103635499189323e-04
8.060517338931562185e-04
6.369711101770143867e-04
3.418792753887369990e-04
5.324733390968397961e-04
7.088039318201502662e-04
5.276696295686371645e-04
1.038824237388314559e-03
3.777281006216642932e-04
3.302231224462061875e-03
4.726061407856050516e-04
4.361458808365169422e-03
6.407458741127170692e-04
2.805069676951384584e-04
7.597813643204117924e-04
5.343454117058548270e-04
4.445521713346492357e-04
6.653796750401171339e-04
6.258369814781008893e-04
1.285921668300382464e-03
1.275141014357819439e-03
1.619919279945504975e-03
1.098734131826050158e-03
3.221234246053188469e-04
3.342332535634055389e-04
5.977249968450404306e-04
6.295357773273765889e-04
4.505366053360625503e-04
5.581515942407166411e-04
6.221787865352564452e-04
3.309195748122928100e-04
7.123985601738278342e-04
2.809267724016872338e-04
4.847367232777415611e-04
9.774319245452226749e-04
3.131883635404667161e-04
1.249833557600517949e-03
2.739438555430289616e-04
1.299005051621015400e-03
5.254888012319976947e-04
5.943254900126393372e-04
5.345175527344256990e-04
6.173851807364993602e-04
3.034766396942670187e-04
1.161696591041709321e-03
6.425125318708448151e-04
3.010403182128386520e-04
1.224109405026707186e-03
9.047007358399315573e-04
4.206298159242810478e-04
3.272200997778102285e-04
6.036301194878472077e-04
1.099675371926089364e-03
1.460756622031594322e-03
1.034881588145905758e-03
1.313578174462123058e-03
4.937564029784351606e-04
3.795335024059930422e-04
2.306991124286463435e-04
1.815864944925318263e-03
6.174479217745007216e-04
1.168548130389419470e-03
1.100550199433468273e-03
9.302754161020507576e-04
1.916923678566714168e-03
3.527743680012574855e-04
9.939535719987776640e-04
3.558725773521082035e-04
4.310875143604476004e-04
7.113516293387676633e-04
3.408214562489605363e-04
5.021153714386356265e-04
6.449486103037583825e-04
2.569386364355843999e-03
2.607543366508359830e-04
1.129460568611410226e-03
3.766353812307874998e-04
2.200241454268234056e-03
7.116318103180264412e-04
8.245715985399796949e-04
4.806358297637493369e-04
1.008351477857540642e-03
1.701297449198231398e-03
9.545303696844595689e-04
2.901328473588409918e-04
4.611007051886731756e-04
4.185739741231265555e-04
5.931127875040571049e-04
4.736265544902915677e-04
6.133566410439591403e-04
8.435705260632111969e-04
8.659179188580199554e-04
2.638946983434681541e-04
9.170889492035549885e-04
6.329498206376746230e-04
5.164661072992930788e-04
1.163775275916709108e-03
6.257385022548927643e-04
3.591108275443136697e-04
7.933548390532113711e-04
8.112104709092431663e-04
6.092142413716194809e-04
5.435833274307408760e-04
8.440152647199292884e-04
9.463246338599743974e-04
8.051761591247255526e-04
3.169410165281153456e-03
7.817180914981221610e-04
5.967267931296626462e-04
4.982329652138729487e-04
6.315799856462107594e-04
1.067513953228987466e-03
1.636701339732851614e-03
7.895664350773312678e-04
2.356562329508162651e-04
8.516271393949415361e-04
5.168954280679215673e-04
3.718801238872660570e-04
3.325802277033107599e-04
7.147003329779764340e-04
6.325243288120977522e-04
2.110976917862860455e-03
6.351288709096357442e-04
7.430176508087752568e-04
7.038313287238929725e-04
8.696980958956744513e-04
6.236405149518955363e-04
5.112268042240542551e-04
3.143095177979743945e-04
7.657711441063375915e-04
5.271438292068132301e-04
2.610085170027152349e-04
1.009812681041805538e-03
4.296699166085790047e-04
6.173511460047174633e-04
8.339687064374097991e-04
4.535519371842844502e-04
4.561185932761247733e-04
1.534506375242123766e-03
3.173065159550391649e-03
3.884122139904238311e-04
8.658757591541272561e-04
1.025111521716673543e-03
8.226591550502661363e-04
5.139578221707167063e-04
7.259324525921245731e-04
2.886421877416374274e-04
8.332792991014888314e-04
4.501242983268757239e-04
5.995141569030986882e-04
4.045398195085966550e-04
2.643188067993860199e-04
4.450579570044085041e-04
1.630598239348190603e-03
8.033953838908762697e-04
6.143062275101218630e-04
1.195393610502601704e-03
5.766019928977849773e-04
6.762499820853345740e-04
4.533772003222474520e-03
4.277901122621610426e-04
2.886576782209932315e-03
3.943734944524743529e-04
4.016495379475412382e-04
3.793283021395370876e-04
2.317525959170914102e-03
3.371493944514871843e-03
4.373800960010760294e-04
4.423468544899929059e-04
4.979565926542146859e-04
7.507032034541439658e-04
5.463804231688702351e-04
8.364481636412242132e-04
4.663329113731162095e-04
6.619343372107316936e-03
6.166130833559578918e-04
4.360013206768994110e-04
3.232479427034391588e-04
2.813210288449364345e-04
6.326584914085733652e-04
1.238353526172832498e-03
8.991192108211758195e-04
1.249966722866652745e-03
2.816852663746935133e-04
1.628036320897182114e-03
1.484848961304228911e-03
4.717625387954776624e-04
4.179652866760224204e-03
1.160506013489189968e-03
8.332792991014888314e-04
3.848909690991136022e-04
4.408908815759680845e-04
3.095366487705855738e-03
3.135985982293191653e-04
1.750988628551335309e-03
7.766413610861563161e-04
2.232473494831086272e-03
5.897235256553762196e-04
3.448352357253944324e-04
7.167914456594620676e-04
1.639130035260250159e-03
7.199984826748891120e-04
4.202628432678827907e-04
2.764868037802245895e-03
2.504160942115065389e-04
1.031446739512981983e-03
5.434350108896726173e-04
2.863625891276638281e-04
3.290008124503009655e-04
6.418613473016711183e-04
1.160150217445321498e-03
9.986549098430950403e-04
1.489564194545339769e-03
2.962344189435271507e-04
8.648634021517877853e-04
6.755412892826392814e-04
7.804977645622219150e-04
4.360013206768994110e-04
1.689465839523299207e-03
2.064403643094257779e-03
6.390409420199102183e-04
5.727400101871824023e-03
4.721999311373048167e-03
7.210464656955473724e-04
1.017333951370212684e-03
5.188931029567200610e-04
4.111097661491011353e-04
5.598000366862192212e-04
5.696693317654126379e-04
1.010658946421221123e-03
8.314225011090241313e-04
2.192026502381372744e-03
3.175000344720512640e-04
6.354220777355091805e-04
3.217019932358625091e-04
4.212213179766694611e-04
5.813361308004997771e-04
3.480166350140407911e-04
1.902492978338359529e-03
5.232542739998056070e-04
2.611328614595287314e-04
6.894079920200770406e-04
8.670210986806499605e-04
5.340147016021192568e-04
4.800518001879905774e-04
9.294900961116136151e-04
1.426298600829022708e-03
4.252570731227961866e-04
3.577524995974458184e-03
3.024300131576791186e-04
6.339506857381272927e-04
2.982039386494538761e-04
3.078730862069062628e-04
1.291271808580185098e-03
5.357808987025168340e-04
3.932796417603467553e-04
1.099675371926089364e-03
1.083640777171603845e-03
2.698588034786861354e-04
1.346925275591558373e-03
5.168822653766446795e-04
2.865599267240112559e-04
2.725979957311804708e-04
1.243693500489134436e-03
1.237109441074286812e-03
9.967102592774485133e-04
5.305750420991795380e-04
2.776002379231786886e-04
1.005179574773433200e-03
9.473229228193299654e-04
5.816070443948172936e-04
1.426846680547402563e-03
8.256915280181857403e-04
4.248259468463393834e-04
4.203020590956915042e-04
4.609447272643711450e-04
5.776842133663097215e-04
5.009331086000827667e-04
6.938556632030173010e-04
3.618133429812329330e-04
1.622441345792731545e-03
7.088071484877266635e-04
5.316820884872983360e-04
1.004120194320061834e-03
1.849572535090688186e-03
8.146267873986996711e-04
3.940108590370053517e-03
1.505075929267853888e-03
1.541622431402107050e-03
4.520925292994923753e-03
1.189565126137982938e-03
2.264061674925672146e-03
5.910194407579170625e-04
5.537138914439951754e-04
2.934535547321468797e-04
9.825063933948960469e-04
4.620542664310675748e-04
8.572606287102891133e-04
5.569477503763201271e-04
1.052442089846958003e-03
4.689084314361752280e-04
4.139317313583901680e-04
1.424957889591983327e-03
1.139855384732452659e-03
1.048664041402713005e-03
3.724794190701043520e-04
3.375618119034510482e-04
9.645377760362499209e-04
5.530883978685152344e-04
6.353903265897162082e-04
4.819146901652593688e-04
7.257667744266111396e-04
6.387846642763313036e-04
3.015283229254418838e-04
4.509392929777333555e-04
2.411282190762109069e-03
8.882858380756026738e-04
5.408197477365356666e-04
5.443047843631865007e-04
6.379277866307464821e-04
2.520370511194561475e-04
5.929946719570353781e-04
1.275125798179311707e-03
7.199984826748891120e-04
5.012655164748590613e-04
2.123369797284537820e-03
3.617235760408472845e-04
6.971833024924452456e-04
6.219437198209355148e-04
1.098583995585020439e-03
5.995141569030986882e-04
7.537491916770643671e-04
8.005236383875731975e-04
5.972363526932890831e-04
1.150795655545686557e-03
5.142555027402348879e-04
6.170583778529196073e-04
2.935041577748798451e-04
2.236783343317740123e-04
4.252438382491025167e-04
1.095459285086874046e-03
4.788427160131788086e-04
4.323620747833309408e-04
8.185626960297966246e-04
3.253425530617940105e-03
1.969089423766859533e-03
8.281274004132993137e-04
1.095117665215486263e-03
1.293925242248076439e-03
4.346644222979366618e-04
1.503650456000505244e-04
5.200717434213206940e-04
1.433753411838763030e-03
7.929753046926297589e-04
6.354817212024392635e-04
6.965277940435547115e-04
9.265914292923718796e-04
1.055644613508369871e-03
1.508564625579110214e-03
1.289821579397912917e-03
8.547694359520087741e-04
4.631846787784174818e-04
2.097654244946792028e-03
5.870992877326742729e-04
1.853170790991526522e-03
2.551521070800148033e-04
3.288573035244413112e-04
1.315934840095185849e-03
7.850920569612129113e-04
6.456651716327305082e-04
2.027665061637051042e-03
7.095384126007563044e-04
1.461950068001997317e-03
8.825506597769485276e-04
4.137123437512706657e-04
9.777301207931515283e-04
7.997979567949172613e-04
8.674773520658894243e-04
2.778049648637267695e-04
1.971918013913816301e-03
5.491643563758064582e-03
1.333388887410671009e-03
4.718037937567913292e-04
4.667868777115641407e-04
1.226755393400237896e-03
2.307855835850673980e-03
1.045216372184400340e-03
2.074135829773417032e-03
2.722497540741057446e-04
5.098681076206022268e-04
4.012630558365211809e-04
1.078280255177808391e-03
9.638512995603084688e-04
9.150935912763394830e-04
1.119117238756565935e-03
6.515793635918952021e-04
4.251237436732823675e-04
5.185556634584947110e-04
1.109051298986895142e-03
9.766522494785148320e-04
7.024163234802482079e-04
4.431532966711723329e-04
4.540121415416004374e-04
3.926672635821023519e-04
6.728077626707436006e-04
3.300828254294730789e-04
3.683540682379231692e-04
4.756816182866196443e-04
1.037589955917174196e-03
6.108223648506790884e-04
3.420397925306402722e-04
8.242372757019208367e-04
6.637826260578209500e-04
4.170102495127220549e-04
1.012927153904250727e-03
4.366069394294421423e-04
1.050618813671949170e-03
4.272008429040465580e-04
7.902748742387532112e-04
4.080676589973419063e-04
2.806616131756840848e-04
5.636804235558195379e-04
6.017946063609905033e-04
3.875165101518404979e-04
8.930484979011930587e-04
2.467736879745136870e-03
9.017206572885670592e-04
6.557698865957815480e-04
1.631377440163317297e-03
5.142891101152386726e-04
7.407726094613189790e-04
3.905184288076792368e-03
1.170100185967362259e-03
3.175000344720512640e-04
3.490931332154225525e-04
3.618133429812329330e-04
2.369524256018278215e-03
1.879720427790511437e-03
2.735612783234661811e-04
3.995270590443418426e-04
4.333786755961092723e-04
6.161058436559834362e-04
1.168512856979167991e-03
4.515403386410077086e-04
1.103102515039367394e-03
7.016082669569111618e-04
4.802995996569127250e-04
1.355074200963525067e-03
5.854723011919427730e-04
2.199546431312373457e-02
5.368537561291007428e-04
7.798066426412678586e-04
2.844542345118084210e-04
1.923745237056624473e-03
1.337942906821486993e-03
1.522327885100280363e-03
4.011149820917285741e-04
2.020549216170689432e-04
8.804512369646804934e-04
1.139903889080997029e-03
2.483720031676316434e-04
6.937576540258932629e-04
3.409576038582798623e-04
5.097883096365752285e-04
4.581250429247476683e-04
7.882326642948186274e-04
9.897669216720366477e-04
2.951098749860210256e-04
4.251388193003796906e-04
1.983244969195737881e-03
6.289855956335847547e-04
3.690117286986572772e-04
2.567742966571602949e-04
3.461612689291777498e-04
5.040459924945500355e-04
1.097453751594774018e-03
1.105777236710852153e-03
2.865599267240112559e-04
7.211595725017147344e-04
2.654253341046007705e-04
3.173065159550391649e-03
4.799432270814974681e-04
1.756850161566829915e-03
4.484749213301889286e-04
1.182524505564888032e-03
9.821281963430631996e-04
5.301016257219449057e-04
6.725136521771945359e-04
1.098583995585020439e-03
3.519797249314531116e-03
4.983409875905801725e-04
5.186335400871156616e-04
2.668066223391901085e-03
8.543188654155674027e-04
7.368988256977635713e-04
5.423230334454819113e-03
2.704968854076901519e-04
1.409752152411795001e-03
4.498891457622991781e-04
1.406174310978236704e-03
1.015504861235253225e-03
3.215008065828499437e-04
4.318375870273158824e-04
3.726446519270494671e-03
5.282258672826411084e-04
1.132233119553479597e-03
4.777328313952555099e-04
1.333329887964916291e-03
3.943036056766871717e-04
1.078346681621477569e-03
2.634355352676893448e-04
3.430992703105315835e-04
6.786582527300662106e-04
5.205976091965932662e-04
8.437131013115931793e-04
3.795863363821062051e-04
6.392043700068286574e-04
3.658281337559360011e-03
1.008403048501548644e-03
1.537650166595835215e-03
7.828381740475748567e-04
9.607374437767118034e-04
6.839610068101678467e-04
7.401667287381814538e-04
5.426894906448999877e-04
4.733745234698721969e-04
9.486064221427314199e-04
4.661276767343350974e-03
4.313664473533711740e-04
1.098009004839699872e-03
2.652710912510844628e-04
2.963806998433653390e-04
4.989819056667220767e-04
2.375707787773630631e-04
4.939672333598772074e-04
9.477357011417512174e-04
5.445826614089173791e-04
3.449268969403408041e-04
6.611736599786217005e-04
5.941991338947135749e-04
4.409804128597088731e-04
3.645614295698364161e-04
3.892392371093864782e-04
4.543453184416959057e-04
6.273794606162809689e-04
4.555871941197135494e-04
8.397601585558324682e-04
5.617733913372010375e-04
7.365035188128771053e-04
7.621516578242637854e-04
4.476556677331838862e-04
5.761347192187508091e-04
4.056257090548456064e-04
5.830752051829184634e-04
1.378265124356849516e-03
3.241275382216757869e-04
5.091881032913027480e-04
5.016181955837593735e-03
3.422078898154242658e-03
4.126979210962139597e-04
4.189912910508264117e-04
5.882795384204367447e-04
8.856918896491534736e-04
4.638630465558811803e-04
1.367044788921498643e-03
5.457032917010811801e-04
5.338667511920774282e-04
3.132146406817289965e-04
5.530798342724883810e-04
1.159719402272075921e-03
3.413214718206882665e-04
8.534586663263042184e-04
3.047083813970348823e-04
2.278724579948835575e-04
7.138813340466184688e-04
4.234447741142040333e-04
5.659550066950880991e-04
9.710001866462294714e-04
1.185279881009686665e-03
4.718037937567913292e-04
5.808104291874903067e-04
5.830752051829184634e-04
7.608070430971823530e-04
5.599805682419851114e-04
7.174498442733899094e-04
2.706959486219383433e-03
2.817936235121277534e-03
1.074294764826627321e-03
1.050357701760406106e-03
8.778253951230996499e-04
2.576023596750019393e-02
4.920610269033416596e-04
1.286376391308393123e-03
4.376778350809207643e-03
3.221906562078009103e-04
1.170100185967362259e-03
1.846880993413201272e-03
4.312715152505288189e-04
5.692668142829494663e-04
5.169496015633107209e-04
3.059327714329201182e-04
1.731758367197576724e-03
6.620047111570547937e-04
8.528493586396718130e-04
7.268523934465092587e-04
1.057668704619189274e-03
6.723500270040342610e-04
4.904103645493483252e-04
1.273612116948087637e-03
3.772706800433516254e-04
8.935135527467325759e-04
5.405621122735684457e-04
2.708986500576767353e-04
5.097883096365752285e-04
2.904634519906637287e-04
1.248218634387861410e-03
3.500570386214369128e-04
1.025261872784203167e-03
1.455271494915167394e-03
9.986549098430950403e-04
9.000929449018155518e-04
1.426700584995569060e-03
6.014538250547260935e-04
7.090742171885932492e-04
2.591225291723332508e-03
3.879814383932960820e-04
4.974115906889309399e-04
4.344297036975709823e-04
3.679240945336748839e-04
1.082317232553464507e-03
5.657531138733051020e-04
1.952515959019235055e-03
1.151149863832568159e-03
5.343947101246384473e-04
1.048371399130641063e-03
9.902606847632861899e-04
1.371344184032479178e-03
6.890715009895628535e-04
1.734692842721370035e-03
7.299500649985700461e-04
9.967102592774485133e-04
1.220975805440554325e-03
1.036766139386265280e-03
2.391824258422681334e-04
8.798164500107338165e-04
8.657106674416203138e-04
6.775405866381925806e-04
3.196250874581032901e-04
1.076360117066448713e-03
1.343883327189857166e-03
5.191991035900072595e-04
8.784814168567914566e-04
9.638512995603084688e-04
7.335719532446054571e-04
2.234355614865981198e-04
7.895664350773312678e-04
8.326431098081214614e-04
7.419186709554375248e-04
1.869119271347778480e-03
1.317866469099994095e-03
1.175755629562372402e-03
3.637021928779540954e-04
2.301986213969940080e-04
3.347699521668655418e-04
6.772786210730853381e-04
6.237523691761087240e-04
4.652915080879650939e-04
4.721890960085794249e-04
2.166289429752984129e-03
1.500642955028013001e-03
2.596136934266344816e-04
1.628036320897182114e-03
7.604253074849767280e-04
9.118004244856992404e-04
3.130836005176938861e-03
1.843270348550485717e-03
4.206446589783099281e-04
1.897609972833127394e-03
1.963494318692594973e-03
1.139903889080997029e-03
4.124389420314739292e-04
1.067513953228987466e-03
3.441231485691827793e-04
3.406644945772219668e-04
8.675451139758668870e-04
1.264068669672387558e-03
1.315972819940424473e-03
2.980034698662014747e-04
5.200199824612121392e-04
1.175755629562372402e-03
1.787131882460531911e-03
4.727375178800992481e-04
4.095148705805860649e-04
4.767173866366884141e-04
7.179237283337747784e-04
5.392197547698314485e-04
7.682532907596159198e-04
8.396840849834468672e-04
5.296417537499873048e-04
5.940157336819473733e-04
1.058886574194409019e-03
2.495881527220187570e-04
7.072194033456785048e-04
7.193214166758977578e-04
5.800913619299174866e-04
4.214795904760052707e-04
1.272130781421493490e-03
1.274940725262572669e-03
4.195297555793622347e-04
1.790860407165388232e-03
9.542101546327498964e-04
4.978972468072105943e-04
2.554477339833588663e-03
8.268642436032346606e-04
6.532715588644088254e-04
6.576445464123580487e-04
1.039607631687994131e-03
2.244385272129349924e-04
7.957550318893959499e-04
1.056604271475677275e-03
4.684396270514699576e-04
7.324479365615227822e-04
3.559174468168168639e-04
5.612166070462201641e-04
7.454709786167252293e-04
7.572159058093362767e-04
6.392043700068286574e-04
8.082679465411435251e-04
1.185390746394626152e-03
3.654785389434780886e-04
1.079892600096374984e-03
1.074252047746467086e-03
2.206735576006853619e-02
1.841518592291198613e-03
6.744935616320514886e-04
1.149646037319735671e-03
1.184846572648463837e-03
1.003597364891562231e-03
5.477239901814530670e-04
2.401902801581495708e-04
1.754958489853253919e-03
1.578185838594527548e-03
5.962371758788127113e-04
1.261961429504265949e-03
1.180896778019619939e-03
9.598926299914367893e-04
