5.878024024330788392e-04
2.118594683191083686e-03
8.394132756725849196e-04
3.276912081387780944e-03
1.412159753808351747e-03
1.317060165232689182e-03
5.649451017661825773e-04
8.593482558624271784e-04
5.181025849172393120e-04
4.285473413558322608e-04
7.780871618832449878e-04
7.501640724896281196e-04
5.826441361046322308e-04
6.749000499958646322e-04
1.687460307704195675e-03
4.823767679713804085e-04
9.045525266939223987e-04
8.329822250437078591e-04
9.752550123230980129e-04
8.354166390706432594e-04
3.404998075807592200e-03
1.497718932783518491e-03
5.107178141896183366e-04
5.183891908394982432e-04
1.162824559070818305e-03
5.861372399183009674e-04
1.356860724284471688e-03
1.143241502318979516e-03
6.339664968613359505e-04
7.819685489614819221e-04
1.289683918646178026e-03
4.264053429754937653e-03
9.860453775911110028e-04
1.562418850875056924e-03
8.021427515905770389e-04
1.329105405943853749e-03
8.812855305326813609e-04
7.020770489426765787e-04
1.451956163933967002e-03
1.606825821113868616e-03
1.277181698933434846e-03
1.309403808870177001e-03
6.151163020687896565e-04
8.386541305214345729e-04
4.257654784733223320e-03
7.071558574859434718e-04
1.891383416926729856e-03
6.726939198250348568e-04
9.704303109734482629e-04
5.625643971326083634e-04
1.760551350940975888e-03
1.172357865564056583e-03
1.012556509794347972e-03
3.513508648104756750e-04
1.336596499871143835e-03
1.037010254890727767e-03
3.101471146236196071e-04
4.240747356298525846e-04
5.125288712194291151e-04
4.817471615552231185e-04
7.126886403475429527e-04
8.390097788699334364e-04
6.148918697661286993e-04
1.105813781541229498e-03
7.281550153564737664e-04
3.203963893952692897e-03
4.955904889175709966e-04
1.096862743435255078e-03
5.821550466668369518e-04
1.990781801566784363e-03
6.748143534175382163e-04
6.055596347198143395e-04
1.259805207439919101e-03
1.503242600028515492e-03
7.189253433036811971e-04
1.392634444920170600e-03
6.079541888748086565e-04
1.482994441843139399e-03
1.737243558216945184e-03
1.188370932278576394e-03
5.268812656488956617e-04
5.916626385042406512e-04
4.239851378525367727e-04
4.769902218007711077e-04
2.494741860003560092e-03
2.005094270372198822e-03
4.154465380392710475e-04
6.042156508585255640e-04
1.878505606503956364e-03
1.277224466614739666e-03
2.004701773868721500e-03
3.802096246089696398e-03
9.932969848326057231e-04
9.562809720053252940e-04
3.665499588323059121e-03
7.951941147927987915e-04
1.659930373209227194e-03
1.295912526074905619e-03
3.606399091751499885e-04
3.645552702957623572e-04
1.063022333738361655e-03
1.264628066057297282e-03
3.976814746089976649e-03
1.018043763438335279e-03
7.051315990555578807e-04
1.160334889271965588e-03
4.440925558694841665e-04
1.229849505386613074e-03
4.383138852307898918e-04
7.564662760136353593e-04
1.085802229171105131e-03
4.700569699076353808e-04
8.432358400070119869e-04
6.283535729264710283e-04
1.706049778882012119e-03
1.112130473429150069e-03
1.091882939648099746e-03
7.351381586428583793e-04
3.943386939041408439e-04
1.208024870301713976e-03
9.377338734342037085e-04
1.166155547350748809e-03
1.541917114281512709e-03
1.065600378648342596e-03
4.560029980617375878e-04
7.531975580191493805e-04
9.127738012389698900e-04
9.769699490442557838e-04
5.705356023093448130e-04
4.242014621927434146e-04
5.733375650009273810e-04
8.283647321090334978e-04
4.295873107239478114e-04
9.582862039216307002e-04
1.541065208134954900e-03
4.757425928753758818e-04
9.783995124992602831e-04
1.043177144917733362e-03
1.106467361976039938e-03
2.968325666086173045e-04
1.059894486649177146e-03
1.247601950651571010e-03
5.223641131461133433e-04
1.193526940796539289e-03
8.749419663196875271e-04
2.881598307487754414e-03
7.694120834035607761e-04
3.797900927161559003e-04
5.181667485756032230e-04
4.858745320718814171e-04
7.527237138193130757e-04
4.498509111978061300e-04
1.042643367877092719e-03
1.046377399430206386e-03
9.830446144051688609e-04
1.159948613121738331e-03
3.543245670872790902e-04
5.598033472441599602e-04
1.701009961377996814e-03
8.655486089247838065e-04
6.233518398361418897e-04
5.263000071774576833e-04
9.907585783678165333e-04
3.942361357510831832e-04
4.363787929849964218e-04
6.759556241714365435e-04
1.017334750188452321e-03
9.600244978832698454e-04
6.241059171687427702e-04
1.083527156992248556e-03
7.003223376435104485e-04
1.134399624028938460e-03
7.449425768272716682e-04
7.785807297631509123e-04
1.250699480934235660e-03
5.252202289711759660e-04
1.345235063737757657e-03
8.734858687494053298e-04
4.138119124924880226e-04
3.555120683946213405e-04
7.224176117864934731e-04
7.025426486215450477e-04
1.076299230134439896e-03
3.241902691982218986e-04
2.715962300407776388e-04
4.832711621998386992e-04
5.633422792173798906e-04
2.497805344943455821e-03
1.159081365196452463e-03
2.395519877606770709e-03
9.438894048796470093e-04
5.790497246450097878e-04
1.691196486642969473e-03
2.037831095728729561e-03
6.712122029858619754e-04
1.169084257252175647e-03
6.150189908487923912e-04
1.345630630456354443e-03
9.952076860640049916e-04
9.561698983779732359e-04
6.120206168833558242e-04
5.209916772521263955e-04
2.682979797215152558e-04
3.009283060696705658e-03
8.831933680797378035e-04
9.702032869620072107e-04
1.077939524373903437e-03
5.172258437543792537e-04
1.322915080884201925e-03
1.289753043535139506e-03
8.829882728435209122e-04
2.392274503601273753e-03
1.293758166346775217e-03
4.098698825452788707e-04
2.321123620680869679e-04
7.724425435452571178e-04
1.582552141444845727e-03
1.518498981211241668e-03
7.514426359379158859e-04
1.490486502949718182e-03
1.066271663224660233e-03
1.118714367845377458e-03
7.367005670555550360e-04
6.960635626320921948e-04
9.684415085832668701e-04
7.584473548811340119e-04
1.062660861716935214e-03
6.619516163202579908e-04
3.074034205333316117e-04
1.551574676621351187e-03
6.735965208565743894e-04
9.588401080234111541e-04
9.506934950136818052e-04
1.525258837214431284e-03
5.176977933065645505e-04
9.199675869468083725e-04
6.155504303412302888e-04
7.195982094505990129e-04
6.892504699330764774e-04
3.942580169438718481e-04
1.289683918646178026e-03
3.356398161373533263e-04
5.062244922473165811e-04
1.071261408890186468e-03
1.057687993208632823e-03
6.200387653372853563e-04
3.864971744104602185e-04
8.624758123053396629e-04
6.070274909352936120e-04
8.229126237866622685e-04
4.963416081575990112e-04
8.498909077548712264e-04
1.389394517339481326e-03
1.685398259800499968e-03
2.340810883809674777e-03
4.758961952736327793e-04
5.901072344130560031e-04
1.428906566080077748e-03
2.190787992765418513e-03
9.601607094500253610e-04
2.280974081313523472e-03
2.720801862683864571e-03
4.608286054444967698e-04
6.567508542652869801e-04
3.856107825992714550e-04
2.761291888244238497e-03
7.170270155887494392e-04
8.660231156367666000e-04
5.268787098896870113e-04
6.057034919253710681e-04
9.851903006526752191e-04
3.326036388881846526e-04
8.515855339648195979e-04
1.260572667889077111e-03
7.583763768309227530e-04
4.752189285336068446e-04
7.079433401476085876e-04
1.227669823503101457e-03
5.488206217050274052e-04
7.127739598507338214e-04
3.116455264595227202e-04
4.638189649521617507e-04
4.638803144282346532e-04
5.766170614782402219e-04
5.517688377374987355e-04
4.627234271265401452e-04
5.400642636766894624e-04
1.074043644677812655e-03
1.507990588186560073e-03
1.011982562160447128e-03
1.588659783307597466e-03
6.276533684293118419e-04
6.220619316634096478e-04
1.753733179024258900e-03
7.781139015234282653e-04
8.469668588626874531e-04
7.522669191697445735e-04
4.726275999820279137e-04
8.719595577759797593e-04
6.721554486846032699e-04
4.268680695311410510e-04
2.790299747083173094e-03
2.533232125887333063e-04
5.716276724165616748e-04
1.062075118021953970e-03
9.195897968203829579e-04
4.790221947134888853e-04
2.646669000974049657e-04
3.296189466840861258e-03
7.514418009722206686e-04
9.407342357967681066e-04
7.684448726849768714e-04
1.129587698271738647e-03
1.350177003119108852e-03
4.901779949223045423e-04
6.466053607009548563e-04
4.101354884590566793e-04
4.963233223086941769e-04
7.159645227870622616e-04
9.346661730020139856e-04
1.649281748085681997e-03
1.007737080754927354e-03
1.899741313101322576e-03
9.906250219176451852e-04
6.492339564458271973e-04
1.054481161125626855e-03
4.907271214400932714e-04
1.092662829592110389e-03
5.925052215110495268e-04
8.150154247828412689e-04
1.122019410778254869e-03
6.470866976828823372e-04
1.116078080013870695e-03
7.162346362414706959e-04
3.357893716861062839e-04
1.087427274587182821e-03
1.960954803630931599e-04
1.337622646961469540e-03
9.796123439443022232e-04
1.118067637033855503e-03
7.537815204871720510e-04
1.470898590668432999e-03
8.283046235098211153e-04
1.779292906424478037e-03
1.222601226146509965e-03
7.612222771294121755e-04
1.197049208548821601e-03
7.999019531428605339e-04
7.015834239520461930e-04
2.412379257967171148e-03
1.102573681128123876e-03
6.233518398361418897e-04
1.019950528144545178e-03
4.415309191886663534e-04
1.321861884319530710e-03
8.164192186965974840e-04
7.748040800632569449e-04
1.453370989151848806e-03
2.794972786628515098e-03
1.204291893340830042e-03
5.256583032568974863e-04
7.929659938993102600e-04
1.264939518000679974e-03
1.569153165668103148e-03
9.201983689544691912e-04
1.469240068376777893e-03
1.342414577663415690e-03
1.495400115006489603e-03
9.615230750000055985e-04
6.425455540532233395e-04
5.713511675534502796e-04
6.902289789415842411e-04
5.960994801076512258e-04
6.471083611358558916e-04
5.903363078821649741e-04
1.108938756076937888e-03
3.229194771554940607e-04
1.919073430198489118e-03
7.221695987711812276e-04
3.938182081073626577e-04
7.379016049620905219e-04
8.612960228712381082e-04
1.956273206510430410e-03
7.722199392165695220e-04
8.021427515905770389e-04
1.687958040256746974e-03
5.806219750712624710e-04
2.034925012238165704e-03
4.232103551474687610e-04
5.638973310526095321e-04
2.474642147856648353e-03
1.189369823464524667e-03
6.813448802420640944e-04
6.041182009553433541e-04
2.587823989471245770e-03
1.229254144696445951e-03
1.192246914995654869e-03
5.599074307307430696e-04
9.131550546445201585e-04
1.216752248728933047e-03
3.260853604664501384e-04
5.519774740451019370e-04
5.663197279494091088e-04
7.010703546886103317e-04
8.520584761532852503e-04
5.285687963929614364e-04
7.526143228467920259e-04
6.757435674434068493e-04
3.432877867524644546e-04
8.570962974545668451e-04
6.120206168833558242e-04
6.726445502225722765e-04
8.661355319068114299e-04
5.316470166433000201e-04
7.400799774003940590e-04
1.654737537554367430e-03
4.850298971046078898e-03
4.617115646898085424e-04
3.173415446821922087e-03
2.205980024835274642e-03
1.224929956918184484e-03
1.359185585730264805e-03
7.540290610438426426e-04
1.605424918554386893e-03
1.205323549738142059e-03
8.978495875199981897e-04
8.352577025816977380e-04
7.235258352477170552e-04
7.317599717876665166e-04
5.172988901164384760e-04
1.405532787765366963e-03
9.995825516360243475e-04
6.565901285590519405e-04
1.846965033521760996e-03
9.865674527005454959e-04
5.737481286896889063e-04
1.445703262457709217e-03
6.523584680401388900e-04
6.832083508800863066e-04
4.627215836800338067e-04
1.107472150259323834e-03
6.246757739924438044e-04
6.967048075581053776e-04
3.431557574249139027e-04
5.101943558870106719e-04
1.068833418211778078e-03
4.281962871781454585e-04
4.659026094982198786e-04
8.118899176619921764e-04
8.563833387488563884e-04
7.472696953230689287e-04
1.787872517294859104e-03
6.365054095510244876e-04
6.004445355692565860e-04
4.896059004313122473e-04
1.591996039904552789e-03
7.397776665449650032e-04
1.237851617775977608e-03
3.914488945268803808e-04
6.610036186666958490e-04
8.829882728435209122e-04
5.789531987238603905e-04
9.150081723794995956e-04
6.666906381121381637e-04
6.613592185097667397e-04
7.936639177406771889e-04
4.452117210132410722e-04
2.498816782005420546e-03
4.124625416373532368e-04
3.021319887247724901e-04
1.050560851466027755e-03
1.129587698271738647e-03
1.581550538455126767e-03
1.108590556487093828e-03
6.196441067252081306e-04
7.364416960123501901e-04
5.060471371810038900e-04
1.143716472260815657e-03
9.130165088954679759e-04
2.027010320021171118e-03
5.367389685210544091e-04
7.034734232452616786e-04
4.236082545288730357e-04
1.049471965973359415e-03
4.703866715373274197e-04
1.195467371595058731e-03
6.435055916843155288e-04
8.160566980264052396e-04
8.092581482303872571e-04
2.247497128700710455e-03
5.964641401931476726e-04
4.064767294914676285e-04
6.813938289586275168e-04
3.488863250170728459e-04
1.725819043610313892e-03
5.780212298243671797e-04
3.344527732444057904e-04
1.971456474022895925e-03
1.777424107206093283e-03
1.834399303317208168e-03
6.411321929982282796e-04
8.460414944843888327e-04
5.938407824856250074e-04
8.657665349090926240e-04
1.928125484879300491e-03
1.490715680358783513e-03
1.261781282850538578e-03
8.531924265022604965e-04
1.963827764873362584e-03
6.027363843461572062e-04
1.655327769270021438e-03
6.552674399779415170e-04
5.853412667215377244e-04
6.514326090496367532e-04
7.864357241485218962e-04
3.960392580965603937e-04
6.052625793375375441e-04
9.675229203256233926e-04
1.131450308044028644e-03
4.011597742710153029e-04
7.196161005385999770e-04
1.291088061025831004e-03
7.805058222886708790e-04
6.145667193681905423e-04
7.316014890307824666e-04
6.919740838260495484e-04
5.090251544204014598e-04
6.030267241175016335e-04
1.031994365924652829e-03
4.509105473099010177e-04
1.050560851466027755e-03
1.061895771250585081e-03
4.983131037644127634e-04
7.250083608829388428e-04
4.786948459449482545e-04
3.413948524227327763e-03
1.561517495652408986e-03
2.968434119480631490e-04
5.317945478687317569e-04
7.090093663697282032e-04
7.286531598736183633e-04
6.529464535684706026e-04
8.467828265643745876e-04
1.703344493564658410e-03
8.765986888968424831e-04
8.492745502002055054e-04
1.523991032794761846e-03
1.662746485056890372e-03
1.198123658836073961e-03
1.598280220003067730e-03
5.964641401931476726e-04
6.780728805811246694e-04
1.429035114721424792e-03
1.299608536510355513e-03
7.023243102654215834e-04
9.881297757620630118e-04
1.019332133243771232e-03
3.946464044251190607e-04
5.441882666065526184e-04
1.438725478596552653e-03
5.732660232153450209e-04
1.080315155037669212e-03
7.091742062476154729e-04
7.687301059397245702e-04
1.708015490636592779e-03
8.029347274880018533e-04
6.510855430821877593e-04
1.047260494872798283e-03
8.765986888968424831e-04
3.198039338707371788e-03
7.641532552570098110e-04
9.848995390765496929e-04
1.260932959924637806e-03
2.378802480780364045e-03
5.275975265053454901e-04
2.029612649825482569e-03
6.777320950922525490e-04
7.645078275776056101e-04
4.022257888736871100e-04
1.413097771042301932e-03
4.815936797400521634e-04
1.341292003696555870e-03
7.612222771294121755e-04
1.631105636588286306e-03
6.092002547113774865e-04
9.829635388782103928e-04
6.804702550232446774e-04
1.658982014732923900e-03
1.506232733402682912e-03
8.771904616076415650e-04
6.287443290412306597e-04
8.887374069283840135e-04
5.964626703286632055e-04
6.646251713790031794e-04
3.649250334771954557e-04
3.735477031475499575e-04
9.749294418653530392e-04
9.458062244380500581e-04
1.389431482130481371e-03
8.726724844044200140e-04
6.919740838260495484e-04
5.402997014259533970e-04
1.205230592566347830e-03
5.374579551496917349e-04
6.893146755033832717e-04
2.895559388931761929e-04
4.287301972019567464e-04
3.362268358960819148e-04
1.380194421201374512e-03
1.262620480015030650e-03
6.748143534175382163e-04
9.086372557481618055e-04
2.900898426440622134e-04
1.978799994626640434e-03
3.251702911683456787e-04
5.728935108213728230e-04
5.039329552657456418e-04
1.798309843317055399e-03
2.497805344943455821e-03
1.015684449523757832e-03
8.540349828303878642e-04
3.026099087859929269e-04
4.773095175557242231e-04
1.088612608070228154e-03
6.855316626595092623e-04
5.975072417233375129e-03
5.914834642223708999e-04
1.304546348099132162e-03
3.048199782584328204e-04
3.100295886345494378e-04
4.199948599308298090e-04
1.785316985629175832e-03
4.568495151789437247e-04
5.367947459552532396e-04
8.939496941947377203e-04
5.882727956815170202e-04
7.201225066851155371e-04
1.794570292699485632e-03
4.662337694541643178e-04
1.432276905088690966e-03
1.100372710687121851e-03
6.709863372048405911e-04
1.737758928436422632e-03
1.040624579706140923e-03
1.833757181237816083e-03
1.408420266289261112e-03
1.122385363704201354e-03
4.491192924811155470e-04
6.303513164205350877e-04
2.108210477984636365e-03
6.834190948756109453e-04
6.224736012004646437e-04
1.052258587524922736e-03
1.487658476520080115e-03
7.898466461795679424e-04
5.170635796565860830e-04
1.151989816686629963e-03
7.944204823751848266e-04
1.281473160954753636e-03
1.007130626481239893e-03
2.065084777511255049e-03
8.790860217641673514e-04
1.501255575752996445e-03
1.026323735118258793e-03
7.091742062476154729e-04
1.345630630456354443e-03
1.015036442615143948e-03
5.095504407026076521e-04
4.322472760625893813e-03
3.734533742756986400e-04
1.013258792061770075e-03
4.096598678483391880e-04
1.489396852071178841e-03
6.504843273499500995e-04
5.005647182964960678e-04
1.082931181682483162e-03
1.187928891872116945e-03
7.964681445272874276e-04
1.096289207877934558e-03
9.906473853524867812e-04
8.822304443695722954e-04
1.303354328661895500e-03
5.839727419974089211e-04
1.096974819362387527e-03
6.116777795542678500e-04
1.562418850875056924e-03
9.943834455279419553e-04
1.627729901021148168e-03
1.401868059974744262e-03
6.117641853480710852e-04
6.411321929982282796e-04
1.061216230073010148e-03
1.315089599540021116e-03
1.413769614979469092e-03
5.766174388136017463e-04
3.936718663885761219e-04
7.284207707507166360e-04
6.851788694930981182e-04
1.795525209580815015e-03
7.610979728113188804e-04
3.304090473938833469e-04
8.776411585692390875e-04
4.122016720855831021e-04
1.033837521151753603e-03
2.776005178070701422e-04
7.090093663697282032e-04
9.356719467705144249e-04
3.361811881374243260e-04
7.761266374022062408e-04
1.919921856047597606e-03
3.268009352952931743e-04
2.874748302458812331e-04
1.037010254890727767e-03
5.864243710883862513e-04
4.874703098780077412e-04
1.012489532232530931e-03
3.833673286402422618e-04
1.885255466100038734e-03
5.341077842957513101e-04
1.053359641498201370e-03
4.907402845456716733e-04
1.445208915028076656e-03
4.355707066294082857e-04
8.795821146495320106e-04
1.094301756786513662e-03
3.616398562574886576e-04
1.041549242271888869e-03
3.349384448072828687e-04
4.101354884590566793e-04
4.506572631917522788e-04
1.429496991604047506e-03
1.460387560808551347e-03
1.233106005320253008e-03
4.214336588806453848e-04
3.280461806855448914e-04
1.576030041508023113e-03
2.881598307487754414e-03
5.060471371810038900e-04
2.856778729209514308e-03
6.629317474563451492e-04
5.601800547569501338e-04
6.667737822219641300e-04
7.277452475220098525e-04
7.360977580791671585e-04
5.886591464502244006e-04
1.372380309967693958e-03
6.549930120433228092e-04
4.178336304307929600e-04
4.535323468788136849e-04
6.993391557267622082e-04
6.747509612549167047e-04
9.027795666519080513e-04
2.625538409443989741e-03
9.150081723794995956e-04
1.684339766580258231e-03
9.735502887461020081e-04
7.377256438293566376e-04
3.999424968156268059e-04
1.992353473248105293e-03
7.332301702847889534e-04
6.307857586643779825e-04
4.694014127682141269e-04
1.493147417790123468e-03
6.096287698141452348e-04
2.669101279777186231e-04
6.812617929567456841e-04
7.089407230361804329e-04
4.741384521197776849e-04
1.056291540037914345e-03
7.639643452334039363e-04
6.233518398361418897e-04
1.891496511174782947e-03
2.095815162910956864e-03
4.883149689390095397e-04
8.335319964613483162e-04
1.799275458646463176e-03
6.964035884322012466e-04
2.881554928813167692e-04
1.076498369301537002e-03
5.130127686702895019e-04
9.216378504390403690e-04
6.776931757627173598e-04
1.427949665275628395e-03
7.702780411738289947e-04
1.903545857045325961e-03
1.270588850560651004e-03
4.804895000371435954e-04
8.390088663528724993e-04
1.446382459121128231e-03
6.671446353901114507e-04
1.216757042785926663e-03
8.856052666381205750e-04
9.960254355736923408e-04
5.362906356267203422e-04
4.805692255501661358e-04
5.873279499491790073e-04
7.898833406894879188e-04
1.601551170289310967e-03
5.978340488567530572e-04
1.961019241186604586e-03
1.548303834991885536e-03
1.159967715331943448e-03
6.488112366302872022e-04
7.334675269015148401e-04
2.756608628509407515e-03
1.577447436628183746e-03
6.095078439484255929e-04
7.628785151185193828e-04
6.993084521472430880e-04
1.204067172731355115e-03
2.364247975913843103e-03
4.743381215363211929e-04
7.826574842996443038e-04
2.538902375352959542e-04
1.132959411956348163e-03
3.988806925707425659e-04
1.089342295750235154e-03
6.911513903087828899e-04
5.078221364387099437e-04
1.357004075933632408e-03
1.078535731734974953e-03
8.611296791163724866e-04
4.052618277263151910e-04
1.054378792080866521e-03
1.270457147231746336e-03
1.187928891872116945e-03
3.882748883840261497e-04
5.226339946962192673e-04
1.833998624387820839e-03
5.485324887996210173e-04
1.927705537387398513e-03
4.415309191886663534e-04
9.373370693300050625e-04
7.027908796367870331e-04
9.019050814496029677e-04
1.896724932711460606e-03
1.345605686899628258e-03
8.442081650153255602e-04
9.410259963171614325e-04
6.395888102902457786e-04
6.174037277080235983e-04
7.032573172444605116e-04
5.289643479756357593e-04
5.783033148680440279e-04
5.962630769598245605e-04
1.129652129508191150e-03
1.037401694891625656e-03
7.388058808461474714e-04
3.622312372748625296e-03
3.615030217684005024e-04
1.156784912453388782e-03
6.117920779690230564e-04
1.105813781541229498e-03
4.671183219952455530e-04
1.231432522465858524e-03
8.852644610834536172e-04
7.633174853621608460e-04
3.099877648516785318e-04
2.549225097803125856e-03
8.743923277381408657e-04
5.541335801354972061e-04
6.120206168833558242e-04
1.540394334320087290e-03
2.966756521551694274e-04
4.568495151789437247e-04
3.362527048435635848e-03
6.614748431399956495e-04
1.571323810975982019e-03
1.168636929916085998e-03
1.500792363157906449e-03
1.339738308053117560e-03
1.048879942262659782e-03
4.742553734002489044e-04
5.744544402397906528e-04
4.583909317515749639e-04
1.039067949426918883e-03
2.857667310932829872e-04
4.169847051675244884e-04
5.865107219362908526e-04
1.688236805451884519e-03
5.660015542296817923e-04
5.100499656835149730e-04
4.908035458767167096e-04
3.242333408570785623e-04
5.702499057751334944e-04
9.475595721628008068e-04
6.543121154392951598e-04
2.832149492366540719e-04
4.809056078330308198e-04
6.669636576843039535e-04
9.891863454878850170e-04
7.850804900707737417e-04
1.096272499008521051e-03
7.051315990555578807e-04
5.826441361046322308e-04
8.021427515905770389e-04
6.742108090739680438e-04
4.637229560140495167e-04
7.639643452334039363e-04
5.629571171357859857e-04
1.042643367877092719e-03
1.563708863365560709e-03
1.768369295974227652e-03
5.741649240957098386e-04
1.115149209976466944e-03
1.049953653418854351e-03
8.125180744324515510e-04
8.037507569384282720e-04
8.160774430686075324e-04
4.309385612447807525e-04
8.074224914179866210e-04
5.554249999800702116e-04
4.498333099691141385e-04
6.039276591165680533e-04
4.389163393682414863e-04
9.597235064741709790e-04
1.419308936998456457e-03
3.864971744104602185e-04
9.122625665775080557e-04
1.340521979584255625e-03
6.399025860308375996e-04
6.345684327961724491e-04
1.008321493137972038e-03
6.594642767820749207e-04
8.895718535756618915e-04
1.230357026878456774e-03
7.261469480697095406e-04
7.831034998946287840e-04
1.816520336906376999e-03
9.578861749657276940e-04
1.633306888326216356e-03
1.166155547350748809e-03
1.359313931401609716e-03
4.541022267671419670e-04
5.674886426390476609e-04
1.162192508962791009e-03
1.429890244972169136e-03
7.612222771294121755e-04
6.658098208049891432e-04
1.016440944930059294e-03
1.001832080239099679e-03
4.108742061459219087e-03
7.521314102458319471e-04
6.782335921968511098e-04
1.054481161125626855e-03
2.082349866847206694e-03
1.320429029870098282e-03
8.023228124269344902e-04
7.004297033913994049e-04
2.190037053872068845e-03
1.563708863365560709e-03
6.126951012129522051e-04
8.113359378231783242e-04
7.239863831018182030e-04
8.032026081234189567e-04
4.616197760469689009e-04
3.592456743573002164e-03
1.765078303486258262e-03
9.971342653543628295e-04
1.376034993490875226e-03
6.606588780725404075e-04
7.850804900707737417e-04
4.536096536874878742e-04
4.858218994070724692e-04
1.308188306103147446e-03
7.526927176015380970e-04
5.704413882303559398e-04
1.774304486359655660e-03
6.313239234386339768e-04
6.087509259616297706e-04
6.054350742546351890e-04
4.861867145824437238e-04
6.063127755220976221e-04
6.662130187559182209e-03
9.278423148106180150e-04
9.958691019304429567e-04
1.008622411046490933e-03
1.128506724342002434e-03
5.587459366735910435e-04
1.160599827700151479e-03
7.162346362414706959e-04
1.251560742770113080e-03
1.685398259800499968e-03
4.938432650495669244e-04
8.210646273714979982e-04
7.581404750814800444e-04
1.925573541008971865e-03
5.178637783969620382e-04
1.233981716796563608e-03
8.866905128830996881e-04
9.502203102117154658e-04
1.161772198970390446e-03
2.394809107593614053e-03
1.743172414867452539e-03
1.001567540235252666e-03
7.774066282643897485e-04
6.527682702710161473e-04
3.073808978798547235e-04
8.119603783291663062e-04
2.887262799349866061e-03
