1.492010002384804154e-03
2.437010612758122813e-04
8.900018992517179763e-04
7.010972365769477287e-04
2.503303473391103786e-04
5.691262264425720353e-04
5.108344491229280249e-04
2.383217673431590848e-03
3.364386877298682944e-03
3.466979986274980547e-04
2.428470038510526158e-04
7.261503526319783644e-04
3.779674545491327575e-04
3.052791267002970526e-03
1.426693760821831896e-03
1.202588552186470905e-03
1.084415231494518248e-03
1.162942324720060228e-03
3.128747662345167727e-03
5.498511190858964897e-04
5.700163594867091845e-04
2.106260989231376491e-03
1.226469489726647686e-03
9.382283354696103594e-04
6.444078489838740318e-04
5.016451781489454642e-04
9.111813280665944552e-04
4.293125775433254457e-04
6.656934711130567395e-04
2.507687515344808691e-04
1.357121107692676803e-03
1.636843416865532566e-03
1.715023118000910674e-03
3.620126989294539070e-04
1.040400713054089868e-03
5.184060606650408177e-04
2.831906336964259583e-04
3.300011778639078065e-04
1.371745376038794022e-03
3.397701197798053043e-04
8.704667691091616359e-04
3.223583679124980127e-04
1.492010002384804154e-03
9.325209890904587835e-04
6.033111736418322879e-04
4.482616041835390109e-04
7.312337852834119431e-04
1.514273175488269974e-03
4.688931500913464810e-04
7.599614159917645511e-04
2.142998398661958171e-03
3.385957613377551753e-04
3.179168292741979974e-03
2.345885044352075642e-04
6.642319573157547076e-04
8.959828534410416070e-04
2.998413365303114484e-04
1.083147774329347402e-03
7.731032459614876418e-04
1.891887977098091755e-03
3.834735023655871781e-04
5.694382867149498694e-04
7.653991815355660339e-04
2.153541896559338625e-03
4.318795269951624370e-04
3.986783311010300233e-04
1.061690492384437376e-03
5.212787919511770738e-04
1.070996577002723870e-03
7.332442516664948017e-04
5.594397316418632700e-03
8.356413131687680761e-04
1.162306881186409967e-03
5.626275084101002664e-04
6.424859451729687939e-04
2.579031515899195184e-04
7.269990895743505240e-04
1.397512984165262800e-03
5.593314356308115229e-04
6.844932157260121344e-04
3.395589862066537802e-04
6.320728224803538915e-03
2.081006872295819063e-04
1.282086954681798232e-03
7.351504496025229162e-04
1.944214000867297652e-03
3.367100773923813965e-04
4.779862561324984172e-04
3.121900761201467571e-04
2.281275254462562276e-03
2.568205912151704049e-04
8.804827277855328252e-04
3.761600361814184334e-04
6.915860161581605320e-04
2.128635173442634202e-03
2.476364573263666892e-04
1.089557475198521270e-03
6.147931700576657376e-04
1.340854603001402330e-03
3.275745091988137747e-04
5.621932717597868771e-04
3.636316560687157949e-04
3.605203760562369995e-03
1.044843724172222132e-03
3.953241700948288587e-04
7.161718184992744724e-04
4.402623322926325585e-04
3.438603074547791696e-04
9.359747895735869667e-04
2.182854530916118925e-03
2.453460228138182146e-03
1.707238170713303114e-03
7.261503526319783644e-04
1.019656685385502120e-03
1.795984428926784317e-03
3.083687862643133678e-04
6.406490427912062049e-04
6.242538643043735831e-04
3.870182050142565344e-04
8.488682436365777278e-04
2.806656251502112577e-04
1.206441370526875178e-03
3.221227858420716897e-04
3.947773253190703120e-04
7.046349428189080041e-04
2.372443718692458965e-03
5.059196239749558710e-04
4.965518654012100264e-04
2.568133839998173996e-04
4.972560477097189447e-04
6.600629506790720285e-04
3.058265875559567780e-04
7.572873508428917821e-04
1.231491913957238806e-03
6.373627539253130629e-04
6.843226002950175907e-04
5.297461344989983032e-04
7.219386371771080446e-04
1.360770533771074077e-03
4.460313490898219898e-04
1.078711335352502704e-03
2.692985886041067618e-04
3.831820655267457912e-04
7.500996738251697630e-04
5.873722309782524343e-04
4.549254600047206339e-04
4.045724589264136509e-04
3.430811569111800303e-04
7.032068285553766005e-04
9.677826274308167593e-04
5.624567245327675730e-04
6.517881448303531559e-04
4.171674175978423889e-03
7.657829412200104673e-04
5.569546230794994749e-04
2.544404790554660148e-04
3.435770902128180309e-04
3.905314380163867299e-04
5.108344491229280249e-04
1.564101496746830118e-03
1.154821066160381529e-03
8.334362379332429941e-04
6.521768556744146498e-04
4.362546044628732157e-04
7.469083286909415555e-04
3.824202856818718910e-04
7.906052002507487492e-03
6.021426725959398360e-04
6.726502237850961454e-04
4.720083206212870048e-04
1.449360750241205113e-03
9.147874707799949793e-04
7.355458359360794642e-04
1.190555096600847155e-03
8.588906549682680551e-04
7.013134706764027589e-04
6.852947981116525337e-04
1.068513218452719340e-03
1.528977893966012051e-03
4.699198864949448461e-04
4.548900185607236538e-04
9.124923433270355202e-04
7.606621654009878847e-04
3.304421770467930869e-03
4.872540513261486880e-04
1.621992394041106870e-03
6.793768438315741500e-04
3.038882455760963928e-04
5.638525641520720577e-04
4.880580722897991282e-04
8.274225383228145684e-04
2.095886379447821780e-04
3.045874416111395730e-04
1.190679506672694295e-03
1.435051517776765161e-03
9.989800949243988603e-04
5.979141984766613840e-04
5.383643505705123415e-04
5.562454809356381273e-04
6.715164292987528365e-04
3.290794376295764286e-04
8.106408291445784666e-04
8.040281067543775077e-04
6.227388448459818693e-04
5.029053768624445683e-04
1.220086193731810325e-03
5.005129329639803172e-04
6.836473227582937334e-04
4.553529453634538198e-04
1.178468217431428555e-03
6.819401040582009866e-04
1.980875244435265862e-03
1.285439698119179852e-02
1.044269825921711244e-03
1.010995092221404334e-03
1.387346202379673371e-03
6.419721591170928594e-04
2.843743381866425338e-04
7.384782836071587938e-04
3.265216533433689078e-04
9.428162057153660408e-04
1.181703827034565491e-03
1.079385441482924850e-03
4.921601590389976331e-04
3.040084463872585172e-04
1.991963759742002406e-04
7.619577815979240330e-04
2.521033602049777109e-04
3.798006432569446338e-04
5.498511190858964897e-04
8.190513570116152598e-04
2.970184932091521433e-04
3.715209413569937327e-04
1.001634925551468528e-03
3.701910787966386680e-04
3.180855972034515281e-04
4.435273676920049196e-04
8.629762227336651697e-04
3.971725645540259762e-04
4.888278456189546883e-04
6.244009665760234286e-04
3.919455660013518306e-03
9.960003767930326792e-04
9.964847773677473850e-04
5.356000222502362755e-04
2.727395575123443307e-03
3.813576598841315456e-03
4.858481599314914317e-04
1.037835922209151465e-03
5.298177907727664136e-04
7.738372930998583870e-04
1.602801878454865108e-03
8.579046421568375155e-04
2.213513190690285029e-03
4.636287367707189245e-04
7.252861355641671047e-04
8.947645124324807124e-04
4.564884842688110979e-04
3.853238362086473801e-04
5.564924675674114488e-04
8.215994296581798084e-04
1.264747380723979563e-03
1.733966230371741194e-03
8.040281067543775077e-04
6.885174124790428190e-04
6.307169076220952349e-04
3.324211985701129427e-04
8.279503411100916019e-04
5.067979259451288595e-04
4.950440557079453492e-04
4.080979127569904388e-04
5.474741377492386074e-04
6.823467881198953160e-04
2.981506845863111411e-03
1.618799945501615779e-03
4.947887172038236943e-04
4.522678535320756501e-04
3.077495749975132640e-04
3.658953349314860077e-04
2.012029789104093080e-03
1.210198989719296755e-03
1.894568750164160077e-03
3.319593625504651245e-04
2.814299774877212232e-04
2.965681441609599000e-04
2.169065166492518092e-03
1.673437494132887010e-03
5.936678255113918626e-04
6.128349468516563602e-04
8.375907973511106290e-04
2.042952975469103502e-04
1.641868550092732970e-03
6.880188761105034655e-04
1.018841941298672836e-03
3.791079763073728378e-04
3.617765738058889937e-04
5.350991856333985530e-04
7.101501498493881020e-04
5.176491822181066146e-04
3.312132297720691166e-04
4.941570238225846982e-04
1.725622366236145746e-04
4.500412276263849004e-04
2.231697313062671207e-03
3.420838105829885484e-03
3.433093850738503316e-04
2.525203062627491037e-04
5.572103382143749496e-04
6.626365312508711780e-04
6.983564070679037106e-04
1.358833822079795342e-03
5.896502003173931467e-04
1.023877854676927615e-03
1.344817907697995647e-03
5.024437151270386278e-04
1.554971810787597912e-03
5.593742757816756684e-04
2.772151227426172121e-04
3.259418539954881625e-03
3.079103376953382164e-04
5.896502003173931467e-04
5.325224774427207838e-04
2.241931204029321988e-04
4.152219629591682570e-04
4.912868744584347660e-04
5.639847684310912322e-04
1.683025431685329079e-03
4.636287367707189245e-04
3.779198492003088658e-04
9.314033648287166345e-04
2.281826763962047848e-04
9.325209890904587835e-04
3.420478667302823041e-03
6.320728224803538915e-03
3.683451132254603774e-04
3.038268513644509848e-04
6.723238846442032221e-04
5.541169852556827088e-04
3.231671091635914873e-04
1.250033052418508470e-02
7.753700028933452294e-04
9.499395790990808764e-04
8.997861608883726868e-04
2.277752307511011630e-04
3.846799934277064380e-04
3.777236053674429706e-04
2.795121994359170436e-04
1.299665954865083248e-03
1.861010661062713649e-03
1.903481657467242377e-03
4.106430774203186692e-04
1.940180489655316844e-03
1.781889397163830945e-03
1.059572464163249230e-03
1.175621974248222635e-03
2.230083658301547714e-03
3.677854567431605216e-04
3.738036393558303487e-04
4.276654485107120015e-04
3.182092054043696681e-03
2.998748491951822135e-04
3.115434140944713950e-04
3.087511732556740343e-04
3.319604889767862124e-04
9.666084622934812591e-04
2.155431375532269531e-03
4.250071736894250169e-04
1.042702617203099128e-03
2.302634927392846779e-04
9.891882905455277441e-04
8.765098412008449089e-04
3.847738055154665952e-04
3.866625705975229718e-04
3.576044698705213164e-04
7.044515617015813334e-04
2.206039893025609974e-03
8.799856886196608715e-04
3.986779209880075966e-04
3.165702247961718163e-04
1.011736926163417502e-03
4.232228069363222402e-04
1.018841941298672836e-03
3.814705882027056910e-04
5.678697624629520761e-04
4.460769145852441298e-04
6.846449610616938634e-04
9.080867849638211628e-04
4.982276341572026198e-04
1.892594857005847032e-04
6.877692666056387915e-04
3.179168292741979974e-03
1.369540228756978457e-03
8.287820694903584758e-04
1.096073201147363448e-03
1.031375140457594297e-03
1.071298237874433084e-03
6.908967484541070478e-04
4.425659511558757025e-04
9.187640108852228185e-04
1.973744926205130373e-04
9.124923433270355202e-04
5.992411724526401987e-04
3.395589862066537802e-04
3.158255219339582308e-04
2.808917511579761160e-04
1.687816014987239066e-03
8.935995884036361655e-04
8.719964574614861089e-04
1.252892345767797882e-03
9.815163157432433855e-04
4.091043400742960128e-04
6.185214866689332574e-04
1.242780391786502082e-03
3.796330904130713869e-04
3.183973438497116645e-04
9.643398612332437217e-04
3.732843550921176963e-04
5.749395393086150245e-04
1.372972365704458984e-03
3.774454619820025820e-04
5.457908879242943023e-04
4.080574963022834227e-04
1.320314141095655291e-03
5.624567245327675730e-04
7.962882754781614716e-04
1.130266023584293586e-03
3.373872254341748599e-03
9.196444476391929176e-04
5.880592015613826445e-04
3.081803254765152263e-04
2.789196603617978272e-04
3.269879178071288459e-04
4.073357985896212865e-04
1.644522654717610246e-03
4.661718648038893948e-04
1.129029253836580154e-03
3.586658289593072126e-03
7.096772379609594516e-04
4.059232171565776959e-04
4.125575145378848206e-04
8.177899273005079456e-04
4.496911919029827204e-03
5.165978345288910201e-04
1.193607249163046924e-03
6.650744024746606774e-04
4.080325111297211345e-04
3.418104345697037336e-03
1.199919041431674960e-03
1.162942324720060228e-03
8.119980681092301431e-04
3.967414462625422074e-04
1.513834341254083945e-03
5.098667414592441410e-04
4.954570914250217787e-04
7.651778205056018528e-04
5.081719775007048070e-04
4.560712103061907610e-04
6.516617463336321506e-04
9.553560523931103367e-04
8.947813920573069587e-04
9.081051704200577114e-04
1.454912884085271616e-03
4.208528651880132348e-04
1.029080483720016008e-03
8.571267146677128594e-04
4.678697806729800799e-04
7.580384584288811685e-04
1.501111769872998320e-03
1.338875981750044762e-03
6.507972185702927750e-04
2.482013315256477318e-04
7.018412384827808640e-04
4.694630409375899482e-04
3.499245640474455158e-04
4.581394594972255192e-04
1.451816163816356401e-03
1.566850343008527454e-03
3.520922076299457752e-03
2.128462872802271231e-03
4.268106059534192381e-04
3.918321291627496674e-04
7.906052002507487492e-03
1.018210129316268276e-03
8.439802136316921230e-04
1.186140001061623036e-03
5.297756578227163452e-04
4.603495361499621887e-04
5.415412922009662068e-04
3.220601742085111045e-04
1.547375320943695370e-03
6.164409872359729843e-04
1.912713152927833287e-04
3.681208705587253062e-04
7.026060837726418604e-04
5.426132163344770830e-04
9.695788511577959571e-04
2.348804319355009360e-03
8.493223304846905146e-04
1.339770460630630537e-03
4.406697968032677673e-04
3.948032807526121791e-04
1.555219151253107958e-03
5.332381705099130528e-04
5.394324269027237374e-04
1.077341539513225650e-03
7.166178977538712564e-04
6.487591289433015116e-04
3.928579365511400087e-04
1.500494510352271514e-03
4.714633670281217982e-04
8.765098412008449089e-04
3.879481726942947298e-04
6.194658085361600406e-04
4.609848923467240768e-04
8.120645343378881005e-04
3.199208916060119080e-03
4.590735934524226751e-04
1.516454708740568166e-03
5.775816713359588003e-04
4.081775987076099836e-04
6.711389078362681258e-04
2.092718412466218925e-04
1.167899653067862612e-03
1.030302683226806812e-03
7.591798994376840713e-04
7.187652757281574357e-04
6.715164292987528365e-04
5.895640028210129497e-04
9.815163157432433855e-04
8.633870110968704581e-04
2.145432006124283440e-03
1.161903647235351623e-03
3.775682926390951403e-04
7.207510435939701744e-04
6.838046840061019630e-04
7.031379785535645140e-04
9.246852295725765123e-04
4.213462825292869050e-03
6.130410228577620572e-04
4.828761715483218561e-04
1.209601566639563648e-03
1.024750669062980853e-03
1.047401228427631515e-03
8.896373760610475166e-04
1.485628538792735810e-03
7.858559419126352535e-04
5.808819147414044735e-04
9.815163157432433855e-04
3.381204516680930312e-04
3.371920198347583405e-04
4.510398552167232608e-04
3.359826408400360081e-04
5.646223285930038020e-03
1.284101904031523635e-03
4.116578199954421045e-04
4.517783466689235584e-04
1.035561586197078022e-03
1.548950214256260413e-03
9.819252098159931674e-04
5.454399179037184133e-04
9.896037670791629163e-04
9.681489764347985232e-04
1.192719280359450570e-03
2.410560697713927825e-03
1.820262670813695399e-03
1.489676132899319478e-03
1.073512776946579979e-03
7.416622238963592722e-04
7.126320050902651675e-04
7.116440412476110044e-04
4.079498693902642139e-04
1.183422921395019690e-03
6.812705243289394119e-04
5.940919899080089042e-04
8.705923018490103072e-04
8.330399785769854399e-04
6.943211277277870283e-04
4.049247081283466245e-04
5.918289264226884267e-04
1.460173518015504129e-03
1.041643494385023020e-03
8.245851708621464464e-04
4.099404532672613118e-04
5.628026741516266090e-04
2.965681441609599000e-04
4.513957332264649470e-04
1.281187437610964864e-03
1.659400228671030139e-03
5.063707293402546590e-04
2.007794180783238451e-03
6.121557841298515788e-03
6.340490172670845996e-04
6.698886166705650836e-04
2.392331786299038557e-04
6.637989349291316746e-04
6.914856063768118647e-04
7.481141646069909340e-04
4.746558851216513622e-04
3.799799317042407924e-04
2.481245464962959606e-03
5.394668404756637094e-03
5.327823959492803980e-04
9.827713301016475275e-04
1.213031808272766257e-03
2.680638808297808296e-04
3.779198492003088658e-04
7.297231068657823293e-04
5.979160998357537990e-04
3.832098346467383032e-04
1.191901802080768324e-03
1.259319452998353302e-03
3.763098117263932599e-04
5.095858281300639885e-04
1.576621065990299869e-03
2.061543811190921609e-03
8.524965039260868445e-04
9.139616456958314650e-04
4.548259241732439105e-04
3.528762269833432140e-04
4.682859967791093729e-04
1.011804722350116400e-03
2.141826873690378611e-03
5.395896513284640771e-04
4.235343317647572011e-04
2.681292943053002710e-04
5.780957526826615732e-04
8.807947741031727949e-04
4.993892882111229756e-04
8.209947404659929254e-03
1.954743808768531473e-04
9.380409438998173893e-03
1.243482856457136946e-03
1.656744775514986355e-03
4.162385307030255061e-04
1.060335333267074451e-03
7.801390160546560915e-04
4.210213751585035937e-04
4.060377244276279539e-04
5.962053570375921334e-04
1.067527257067368450e-03
1.039823284496327587e-03
3.517271357916145272e-04
1.016466493409439115e-03
5.334027464130629628e-04
7.944430523460430105e-04
3.259539180043861321e-04
5.162085748979287295e-04
6.114596043264600373e-04
2.191664117825987642e-04
3.607292740502488653e-04
7.028504617545485323e-04
1.187178314090011049e-03
2.711343476248274931e-04
2.455791793814767528e-03
4.395205081020849220e-04
1.229126686114295026e-03
1.368951903612796329e-03
1.201324576534774273e-03
3.717897463655077286e-04
7.471600879824626465e-04
1.183177826494026530e-03
2.881642699711165108e-03
3.943758573404237836e-04
4.937686201475738161e-04
9.026149911338830160e-04
5.824992885128453361e-04
7.340286502485025713e-04
1.014600239171434227e-03
4.786831014182799538e-04
4.332337847048183671e-03
9.744361049213161752e-04
2.299430232533043045e-03
1.275194352733471665e-03
9.147874707799949793e-04
7.906052002507487492e-03
4.033288351909121959e-04
7.012195512344810170e-04
1.390129575940745764e-03
4.574209962036858900e-04
4.024198357781866189e-04
6.785831019275650935e-04
7.197872856762113636e-04
1.399522993495785038e-03
6.264846340361972027e-04
6.166044262093740890e-04
2.462893717747789875e-03
4.382730562541894406e-04
3.477356998988344219e-04
5.039551327334087323e-04
4.855040300501815734e-04
5.748250523533143374e-04
4.949422849307461578e-04
5.357278394910127859e-04
3.911553008740987114e-04
1.218597971964838558e-03
6.915860161581605320e-04
5.549063734901168478e-04
8.524846901805180214e-04
2.408714427652582785e-03
2.815462145125199205e-04
3.242211307536615583e-03
7.731877683649028945e-04
1.860278796472529354e-03
5.123635548811673272e-04
5.894688449644338180e-04
3.432188696540248518e-04
7.233362900291634336e-04
4.354950119752035338e-03
4.686764577741707395e-04
1.085223670924682525e-03
4.562992162362432291e-04
8.893734488768353843e-04
5.804673209989220884e-04
6.255437956177503905e-04
9.569719613949204161e-04
2.097376034587727673e-04
5.032464590444977797e-04
4.265292315281206045e-04
3.001197273144411322e-03
9.424557072039824700e-04
9.808483855761121473e-04
1.786607425161025695e-03
3.127115217652813388e-04
3.181239510004404795e-03
7.076771164893812726e-04
1.082003718547147782e-03
7.190450586100169839e-04
3.439737725003092937e-04
5.247684418978608607e-04
8.609505851211810825e-04
1.262331043040394165e-03
3.728587517412397002e-03
6.708159967331555999e-04
1.760872271188497571e-03
4.095576354574600986e-04
6.029723165457513212e-04
2.781164041686528827e-03
6.630931392825028647e-04
4.900094433612577722e-04
5.655237107717958709e-04
6.590429902393244409e-04
3.766225771004364626e-04
5.312210580333638285e-04
7.131444924046409072e-04
1.349072794127778715e-03
1.046734759483579878e-03
4.571332666778760460e-04
9.815163157432433855e-04
5.526665283269938589e-04
1.548950214256260413e-03
1.282726643120505727e-03
1.566319956817337428e-03
1.227649854275163340e-03
6.396619099913303632e-04
3.791052244750382446e-04
3.163774792922190854e-03
1.026444114103680768e-03
1.720356307644457794e-03
7.937876407090929936e-04
1.221469542865018763e-02
5.651032134856397160e-04
2.341332126665692046e-03
3.532514881218703530e-04
4.923487835209682494e-04
3.851862591195694780e-04
3.646537139589812841e-04
8.577502639244103267e-04
1.057954445016393583e-03
5.583281804555781857e-04
2.937079111990213319e-04
4.236010479141295989e-04
4.467888898092041211e-04
7.012195512344810170e-04
7.119985918960831809e-04
5.002940702931202603e-04
3.425258547957468064e-03
1.664163263526249621e-03
1.442847458705225419e-03
4.739969217744206473e-04
1.518113450114492091e-03
1.506745943725215251e-03
1.136379520224802334e-03
1.213267872465366307e-03
3.080249285972240752e-04
3.958326121894957528e-04
4.561254686206443927e-04
7.309873798191136602e-04
6.748812648705749141e-04
6.450598072590264624e-04
3.920683940084063331e-04
2.482013315256477318e-04
1.109572265597039663e-03
2.888681545564156391e-04
3.021270488539133897e-04
1.374130192293666983e-03
5.339538781150539662e-04
3.779198492003088658e-04
4.581045090983604500e-04
4.979499154921199645e-04
6.827381469891954545e-04
5.553234883559904486e-04
5.203070818440517359e-04
4.893464665946790047e-04
8.471453695154505673e-04
5.832467566330860930e-04
3.210533539308594100e-04
1.068513218452719340e-03
5.622413920842994888e-04
7.812236001796958162e-04
1.540018704203851684e-03
5.842383919304596027e-04
7.790395592543537980e-04
1.682934918075044018e-03
8.228932326800948065e-04
9.319613260645886630e-04
1.643412080192052562e-03
5.322269972977374582e-04
1.339698753355857141e-03
2.782746081592637924e-04
7.010505808790980144e-04
1.049649346238011724e-03
6.095403804310828982e-04
1.300425690119372908e-03
7.559446833684314339e-04
3.385957613377551753e-04
8.085831483210317167e-03
1.116843789827768035e-03
8.924937915397608817e-04
5.805625409595546738e-04
5.055599713373661605e-04
6.437545769482120412e-04
2.718752245913474974e-03
2.558082756073557212e-03
3.637880871248518012e-04
6.190097091868539993e-04
6.496002453136415396e-04
4.474141183990085701e-04
5.042344580871443863e-04
6.184799385774337761e-04
3.711973752571402795e-04
9.460018051302291134e-04
1.193195261451329529e-03
1.815889285446945813e-03
5.925883267748862423e-04
4.921601590389976331e-04
6.981275025005100532e-04
6.417496710365125411e-04
1.716131209174418101e-03
9.436677735247981725e-04
6.219048400439038506e-04
1.753569813047640242e-03
4.285281107112605945e-04
3.595516776214370438e-04
5.941712782510691045e-04
3.610856408907275623e-03
3.036597690416773594e-04
2.982560041353569317e-04
7.536808821600441853e-04
9.043485120592992818e-04
3.841646749488896286e-04
6.544357760348721914e-04
8.040281067543775077e-04
7.554681276383399180e-04
2.733837335049612866e-04
1.510829122306447080e-03
3.026524867051844439e-04
4.397327878728238097e-04
6.599978899001326992e-04
4.955348005582231770e-04
2.588628153198667230e-03
1.176840145546793111e-03
5.440075609047711949e-04
2.236667293338022184e-03
1.153039513223549396e-03
2.445377458150433162e-04
8.646926747481542899e-04
9.497840086711754979e-04
1.370995840711879740e-03
2.250902232129037284e-04
5.618048798115308703e-04
6.427002707134307942e-04
7.896620810888999205e-04
4.708555726732901407e-04
3.323318096040153713e-03
3.121653374228789074e-04
4.910135302343357098e-04
1.148364048073887995e-03
4.674201389710715962e-04
4.239875839231654810e-04
4.599675425321099313e-04
1.503688068918912881e-03
1.641868550092732970e-03
6.895055943346440870e-04
4.809230217091457283e-04
4.845010335153773513e-04
2.536237062812995470e-03
1.383281114906093415e-03
5.880592015613826445e-04
2.000744419136086128e-03
6.924098966498549003e-04
2.337736343137271670e-04
2.676502365987841578e-04
4.912643711842748766e-04
1.339698753355857141e-03
5.673003180276892186e-04
3.750755553318490566e-03
3.557914761666002316e-04
1.555158637162510097e-03
3.743151000058672043e-04
2.498486707490833996e-03
5.978308744371552130e-04
3.456928025369047528e-04
4.656001051201590925e-04
3.038268513644509848e-04
4.410519359682472181e-04
4.462110807645821024e-04
6.541014822379441615e-04
8.034866760971545643e-04
4.630576196448293251e-04
9.252219222088003698e-04
2.881642699711165108e-03
1.302214527595901318e-03
4.929540420762236735e-04
2.965153047103069161e-04
3.610856408907275623e-03
5.550432128971197112e-04
2.488393866335714523e-04
4.695590465621341208e-04
4.260811983894443331e-04
3.169115834602253537e-04
2.835203453822797382e-04
7.694412509112580735e-04
5.389079539289169055e-04
2.743865901497780568e-04
4.783168506058115411e-04
3.188915217711949012e-04
7.648847444707822935e-04
2.244479618580574095e-04
9.460322499055076086e-04
6.290500630017095652e-04
3.524751163688416892e-04
4.236010479141295989e-04
3.242104112187611516e-04
2.493809408624598828e-04
5.516877998401971449e-04
3.645277044492389201e-04
1.019656685385502120e-03
6.231879091888393226e-04
6.315382638456116561e-04
1.568050595623812294e-03
5.621932717597868771e-04
5.801355627614769193e-04
9.615930034875802947e-04
5.382556502269601273e-04
1.960427369444211598e-03
3.539764265097334424e-04
2.440603651518161643e-04
8.147382403692211275e-04
8.046148018566381000e-04
1.319281583965818249e-03
6.546989143894212755e-04
4.486247447889318688e-04
7.925226991871367217e-04
4.637802374347431531e-04
1.002549490507400254e-03
4.739937493250395446e-04
7.125632963148908518e-04
6.751247202402721904e-04
1.748100950431675897e-03
4.667180338653866500e-04
1.292449336293449887e-03
6.627126065756357284e-04
4.646209288656610978e-04
3.851335623950327930e-04
3.966660545404848671e-04
4.459920356176230358e-04
4.039017384429608262e-04
1.149437098246175850e-03
5.568190954990629316e-04
2.983155491849192264e-04
3.290794376295764286e-04
9.355965391211344727e-04
1.238970919750073023e-03
1.820140440942011458e-03
2.653930420606217481e-04
2.914946533746482198e-04
9.144883001319027054e-04
8.742315704980523896e-04
6.327249606170449840e-04
1.187817634310471852e-03
9.461198696932239440e-04
3.610856408907275623e-03
5.189849786791584426e-04
4.158497976520411882e-04
4.943082021920946079e-04
1.207903281804858283e-03
1.069240721645993127e-03
3.207923983951996164e-04
2.838168229472517881e-04
1.084782883825752666e-03
