5.616648911360776035e-04
3.865843473652055395e-04
1.176792081809125735e-03
4.046960247090094316e-04
5.738034978198206394e-04
9.319703248355979373e-04
8.198771825611587873e-04
2.187210467488534137e-04
1.209847307842465500e-03
1.492506549193423591e-03
8.767251378892339589e-04
9.791436628916331056e-04
6.297383536497318073e-04
8.508294635335578865e-04
5.744125760066481423e-04
4.519519919129583153e-04
4.936662996075229541e-04
3.918791289381001394e-04
3.291081051300026247e-04
3.357608807658707156e-04
7.068352278055184314e-04
1.760446114058493048e-03
5.198314708739415133e-04
5.179807613984111414e-04
1.280112420273536809e-03
8.454901600100854335e-04
1.411350242075768736e-03
2.268748489633196520e-03
4.081559591118225127e-04
5.136747152033440192e-04
9.057761050194713731e-04
6.373158976159899519e-04
8.485865743733438321e-04
1.145218507340300127e-03
2.593146536420965756e-04
4.207662699316228332e-04
2.054078955448476230e-04
2.437590612723520959e-04
5.017650812988369569e-04
9.677878351783427259e-04
3.108413807709051093e-04
4.072671519311037679e-04
8.398506958975214152e-04
7.838604980569380785e-04
2.276901268066301807e-03
3.567618666687562734e-04
5.175199602346326148e-04
2.650989189107395079e-04
3.441390121375635571e-04
3.335177267235286567e-04
3.821353051873039490e-04
2.627580449372694349e-04
1.613164369923292350e-03
5.002921969753977441e-04
9.024654287085321887e-04
2.292312121778152629e-04
3.921106758951126495e-04
5.747131030250048934e-04
2.686374430108746849e-04
5.494873033263649592e-03
5.687680353366462473e-04
6.878771086671188559e-04
2.889551750294569389e-04
3.391967844110337907e-04
4.166509423123336488e-04
3.912925571686354004e-04
2.480917151839804203e-03
4.692397579617341055e-04
4.207662699316228332e-04
4.847981725765621876e-04
1.015485788200754446e-03
2.983302836695718961e-03
5.726371381707716715e-04
6.440979148984109877e-04
6.109392323821042411e-04
1.106924169256043875e-03
1.790284150364315242e-03
5.869021837276070614e-04
4.950789387633938764e-04
4.733258265651387885e-04
4.327291736572144460e-04
2.428493733200974428e-04
1.092688284103062769e-03
3.677808669222761592e-04
4.126508782384354004e-04
2.023668183921128495e-03
7.629812107620955255e-04
2.191081211471351386e-03
3.609166603979389420e-04
7.109814184139715085e-04
2.580417002332834227e-03
4.227703976926101728e-04
8.425660216156763676e-04
1.033057949555991331e-03
1.483077033711619830e-03
6.018341146327507588e-04
1.025559979411743870e-03
1.806596903468024617e-04
6.460040243889946660e-04
3.876923765672047467e-04
7.506596029584718718e-04
3.753466977555893445e-04
9.777477772607446466e-04
7.841934838851770222e-04
3.906179765947613894e-04
1.201906638880486473e-03
1.160414311240438173e-03
3.684515044508098998e-04
5.217329539085735620e-04
4.868523349491500445e-03
1.677926240021987848e-04
4.150937757658129754e-04
1.234335304231343709e-03
8.823156545837543318e-04
2.778033923700819240e-04
8.116583766723519874e-04
4.154814043895953117e-04
8.398467600427111631e-04
1.190791060805977079e-03
5.268703659658478247e-04
3.760172462414920150e-04
1.451494121781802746e-03
4.964839055513817472e-04
4.625860646964575205e-04
4.778197459253119561e-04
7.232977014704171500e-04
8.896380188680453596e-04
7.975117851134270585e-04
5.037987417799271589e-04
7.658756140997963592e-04
3.661167988830865173e-04
1.233756589969531043e-03
7.321512696311970395e-04
3.010860442308024160e-03
8.284311185224717006e-04
3.799989538795305283e-04
2.560599841194196322e-04
1.048737856343034134e-03
5.292477080413000119e-04
1.753570132016578202e-04
5.418393756661324390e-04
3.712852088705299826e-04
3.125426287792509600e-04
1.641955698712444954e-03
4.236700462487196579e-04
3.646521543637819339e-04
5.951690818169114204e-04
6.200665117825837147e-04
3.080148607015641203e-04
1.628320792078140214e-03
4.736485528875427307e-04
4.705826420269784986e-04
8.036852664505228332e-04
4.950671774689013047e-04
3.607480718873527152e-04
7.692692054561684053e-04
1.021220419179352887e-03
5.594542352909334659e-04
8.192027152221800865e-04
3.096475496722636230e-04
9.048014460689494639e-04
8.301786973430802996e-04
2.275984803010398783e-04
9.538238377153437269e-04
1.422345305760398760e-03
1.301868718459686788e-03
4.458875189498691968e-04
2.691452028239842750e-03
4.914401937106166636e-04
1.790347083258748495e-03
8.606477733850107382e-04
7.014052647666522847e-04
1.654589621605178067e-03
1.321314023033535231e-03
7.832212411583988751e-04
4.069813201313886276e-04
4.893127927110570543e-04
1.538218720960767537e-04
2.431149902865280493e-04
2.162184142414268467e-03
2.230034978085973149e-04
6.151185811183623080e-04
5.582584334571722351e-04
9.961481331683735493e-04
3.962505963959047305e-04
5.675896644574170017e-04
5.100191918759299772e-04
2.695968718763104457e-04
2.940327531779309998e-04
3.491829569743975853e-04
6.373158976159899519e-04
6.673587599959031813e-04
2.747702963985405259e-03
4.955698470877105887e-04
6.045806377091562760e-04
5.532481944395990781e-04
4.447335733351779979e-04
1.069893410646062873e-03
4.119024495622741408e-04
2.697492253529626231e-03
1.655271934969213639e-03
4.482223588582319950e-04
1.125948538916683945e-03
4.958491000466162032e-04
4.640791741696023514e-04
5.994857228273155507e-04
2.821454529918343730e-03
2.490379529750207490e-04
4.953696197185709004e-04
2.024157592696114905e-04
4.950966285800981193e-04
4.516264798056412923e-04
4.257148798657352262e-04
2.557065046906584270e-04
5.576621912580208805e-03
5.784193022768280724e-04
4.259901949688236003e-03
2.093340581920209026e-04
6.967972115953620848e-04
4.444677684611856206e-04
6.161377575512632558e-04
7.356268281908616685e-04
1.112133032981404892e-03
8.788529653490795984e-04
6.391911746225621780e-04
4.514281526668893047e-04
3.501530126208031858e-04
3.570722756565497774e-04
5.308550054266891532e-04
5.532683029357175156e-04
6.337742249901095852e-04
5.578351022390726915e-04
5.721985062076852518e-04
1.890037465421553033e-04
1.089234667089086133e-03
4.164633869079302823e-04
9.146103007827949922e-04
1.114334118105262186e-02
2.421542192792408284e-04
3.353652335691729124e-04
1.640381933253722349e-03
2.871802967534954729e-04
3.756330998574241957e-04
4.783664503525889683e-04
3.527840557400655874e-04
3.195611553583067302e-04
6.818930541643326718e-04
6.149808687105059795e-04
6.079061830359151633e-04
3.258371280174799083e-04
1.201228887978742985e-03
3.861991765281984649e-04
4.814779804001857429e-04
5.626853090015681994e-04
2.236976177552148985e-04
3.676603224070907304e-04
3.131298473159114344e-04
4.685037603806923266e-04
7.112326854455543190e-02
1.185345570111247466e-03
5.290143052307484054e-04
5.282197003140698833e-04
6.343109825707632680e-04
7.872636338923022156e-04
3.267190562586865118e-04
3.755339736696300542e-04
1.500426682628269682e-03
4.174343969612781947e-04
1.945153722826356091e-03
4.173962207518184088e-04
1.125023852318276889e-03
5.153667212228079959e-04
6.905789301043090697e-04
3.726369406787142591e-04
4.737376426274073505e-04
5.901631775086140300e-04
1.096703218530050697e-03
1.407384412939869820e-03
6.177731823678663144e-04
3.427681031972463978e-04
4.150937757658129754e-04
2.153810651564149890e-04
5.502314462125318601e-04
9.407783950500962300e-04
1.810827265855464042e-03
5.213625916046147300e-04
1.091799330390224145e-03
6.391911746225621780e-04
6.140636656941540761e-04
2.000863722591845052e-04
2.787500741307761425e-04
5.194029604255019032e-04
2.458005512078741909e-03
1.187885640192183623e-03
2.744956772558875815e-04
7.399449892479996807e-04
3.251448803746365569e-04
3.766615792380216196e-04
4.007340643254550939e-04
2.681524021830785243e-03
1.141553939767980027e-03
2.244118554478619510e-04
5.225254466732519093e-04
8.873736965914558530e-04
8.116159906030333184e-04
2.824079781001365098e-04
7.906546005623218878e-04
4.399920050642942512e-04
1.451494121781802746e-03
3.104395104594546810e-04
6.031957739969077449e-04
9.014395956492177479e-04
2.954843293759937565e-04
3.698573892700024826e-04
7.330380817445660696e-04
1.241197291626655640e-03
1.365252629034822886e-03
5.647270622245533118e-04
4.930303937153452526e-04
9.382600335889276517e-04
1.901896209568249832e-03
1.871944744180308691e-03
1.545068033484204694e-03
1.658704293125579576e-03
1.054652274409581970e-03
5.353220096453938266e-04
8.749743599954268487e-04
2.431567789387939927e-03
5.526755952951263205e-04
3.330833047616882934e-04
9.034034750042355946e-04
5.910319599157837960e-04
2.362985745259388662e-03
2.207846458344509064e-04
1.239319716853964871e-03
1.157161369347311499e-03
3.611972764132831632e-04
7.858610542455416554e-04
6.791811598268804101e-04
4.254087206982717895e-04
6.773771595835678802e-04
1.525925293939011393e-03
4.402737683837849077e-04
3.131298473159114344e-04
7.944620119662695662e-04
1.023764736342409280e-03
5.829993843952600407e-04
3.095187288121214932e-04
1.345932600280881197e-03
4.657369426776573028e-04
4.328598210258946880e-04
2.072013810268271902e-03
1.687142963569050920e-03
2.313786317448161204e-04
4.077884372342022059e-04
7.501513360753150460e-04
3.960096354716819041e-03
1.615472958615184803e-03
2.006535495418366153e-04
5.333497409139869748e-04
9.279308328648749275e-04
3.650962017084890578e-03
3.914484206454691209e-03
4.869287608002099109e-04
4.882213239103442388e-04
1.673103267345139953e-03
9.943259374315062318e-04
2.026130968046160061e-04
7.655083000019862827e-04
1.782276750377412072e-03
2.485150743639575905e-03
5.456959613196848925e-04
4.331961363038199062e-04
1.734302912691005304e-03
5.849578780762033177e-04
3.415283288673404919e-04
7.477953092916500089e-04
1.191393797855305921e-03
1.077856626355252253e-03
2.668994243766998719e-04
3.669265321077774941e-04
9.350267299513034380e-04
5.323853266275714721e-04
1.226434793415085139e-03
4.243078908930606190e-04
1.871944744180308691e-03
2.158271476805942186e-03
5.347090581508078108e-04
3.800601747971265785e-04
5.797801991622686087e-04
5.771568871308979318e-04
4.790295241858344519e-04
6.766208695734311209e-04
8.247475335901075606e-04
1.440206257467080289e-03
7.551065782079775541e-04
1.099470305469678810e-03
1.905895287142446274e-04
6.205496553913558483e-04
5.725359712991393100e-04
7.836650660981672083e-04
5.581772498318370544e-04
4.105018648765590612e-04
1.076956136270853766e-03
7.638714296836364957e-04
6.724598879719569577e-04
4.029859895730149126e-04
2.497642692656583570e-04
6.000594334599746284e-04
3.593103840175268168e-03
2.584409607979051837e-04
7.273370460078845603e-04
1.027282448656507367e-03
2.562793341957691606e-03
1.019699087495263418e-03
1.284653456456817189e-03
4.407098352865829139e-04
6.115637903871842763e-04
9.712223414584913572e-04
2.103268105800750257e-03
2.271450785804855104e-04
3.524652277063563687e-04
9.846074468164965360e-04
4.071321867754312124e-04
4.958686348343612979e-04
1.121230551417710941e-03
5.118992767758827160e-04
7.453201026374534945e-04
3.339799787807678534e-03
3.906982701677863415e-04
2.918726145796724587e-04
5.149618073885530193e-04
2.528881932052733355e-04
1.660351889934757682e-04
3.463242307975564270e-04
1.589878061316368730e-03
2.120385638738921639e-04
3.414338547816035533e-04
2.907192547265599332e-04
8.810227351826347905e-03
1.531384485316420732e-03
5.280004085238003322e-04
4.429712757903228279e-04
3.771980232153000464e-04
4.567739237320063038e-04
6.311327039491057816e-04
4.222954401899912231e-04
3.954875178845356875e-04
4.100996194860567225e-04
2.803147890410625630e-04
5.029432126475413389e-04
5.057652041597800446e-04
1.067848316830039999e-03
4.317199815508519951e-03
4.413758281296978271e-04
3.575128757593706852e-03
9.086290303613891745e-04
6.543254876003395341e-04
4.433665316466066180e-04
4.895606956517572226e-04
4.035425526087289111e-04
6.349045195754363232e-04
2.488544022709331571e-04
2.402376087758150043e-03
4.340879701639177276e-04
4.960155493979288843e-04
1.694055731236274360e-04
1.022545157370260624e-03
4.982166446194520246e-03
5.723147476386028108e-04
9.365778169627311496e-04
2.830021029484537697e-04
1.854343994781462550e-03
3.113460541437949132e-04
5.804728799932961768e-04
5.137759347085272188e-04
1.524632296394880422e-04
5.931635400649849874e-04
5.717745925466723644e-04
1.100616599146767146e-03
6.736941150472765738e-04
7.566378330044864608e-04
1.003919640103431016e-03
2.648286404770829289e-04
1.507375819561256785e-03
8.780356084707477372e-04
5.174340288901948083e-04
9.064526521071212053e-04
2.265691952923019480e-04
6.920801509159352129e-04
6.590624380580993157e-04
8.205447733761789438e-04
6.063671749176642459e-04
4.970849296151903405e-04
3.607809308513694533e-04
2.387464201020635362e-04
3.812767794765329070e-04
1.305557428015070159e-03
2.402690684544811104e-04
3.059601004834872312e-04
3.076984751919230494e-04
6.375597362371539234e-04
7.987994067213215459e-04
8.364900706847910915e-04
2.374857039106770414e-04
9.921304515919306555e-04
3.523721605517489181e-04
6.428124093038569591e-04
5.120397920228553354e-04
1.674997890264434556e-04
7.819225461669518330e-04
2.848357722488303705e-03
4.820491830880818673e-03
2.695450562159914382e-04
8.278821134274247330e-04
2.872586868730868707e-04
6.343105558599354630e-04
5.256203176183717879e-04
4.371725001809983395e-04
1.970201451186921358e-04
3.949179819932229570e-04
3.560420388578624477e-04
1.660351889934757682e-04
1.164917138178950826e-03
4.129527240663982148e-04
2.130186515089229141e-03
3.709038367477999099e-04
1.323740678629398886e-03
2.489718111368325725e-03
4.969286254705348451e-04
4.207614813154463940e-04
6.373158976159899519e-04
1.003919640103431016e-03
6.277188009580819163e-03
1.129900834371818253e-03
5.390904958696825450e-04
3.131555531188210556e-04
6.691471854631910647e-04
5.278795873365326862e-04
8.110061712375005996e-04
3.294779649047171110e-04
3.357652870953791759e-04
9.970580126948634919e-04
3.598863055941129655e-04
1.032242536190597186e-03
4.539306383498727571e-04
4.227703976926101728e-04
3.364004782546340744e-04
4.391828617061414842e-04
3.475525786945088120e-04
2.732889512439239652e-04
8.711852946752861402e-04
5.800380633019316815e-04
9.298957382358514915e-04
4.185015143680795389e-04
7.140653856672971988e-04
3.960096354716819041e-03
6.865955449598293465e-04
9.088738615135870695e-04
3.131555531188210556e-04
6.784673407722842864e-04
2.528881932052733355e-04
2.798743436032712128e-04
7.356268281908616685e-04
3.536160581656445923e-02
3.337285247550477786e-04
1.375379006861449918e-03
1.842849180788500409e-03
4.666528918606086570e-04
1.068818126748923448e-03
3.494916749336165421e-04
4.433179105407939521e-04
1.577193185768795971e-04
2.561929265038268141e-04
4.958686348343612979e-04
6.240308166156586936e-04
2.921070547939355567e-04
2.306042743756391282e-04
6.058043648223145452e-04
5.501691126315006808e-04
9.921821996253629011e-03
1.337645281044165090e-03
3.106860405974327098e-04
1.548189196092165888e-03
7.016198256848913415e-04
7.172574288081272516e-04
2.398243721086073003e-04
7.919036122988266013e-04
2.950679334816874418e-04
5.337885398011207871e-04
8.324676674653105988e-04
4.411037367307900706e-04
5.735211091236121781e-04
9.652176852116086834e-04
6.017204202411472521e-04
4.679669287884920237e-04
3.597528798004612379e-04
5.312504927517262875e-04
6.360052566076517195e-04
3.395544953968341185e-04
4.727627831434373044e-04
4.612687376454958758e-04
9.961481331683735493e-04
5.310091786253538044e-04
7.475593331713841069e-04
7.243319641502164122e-04
3.726461667909034318e-04
2.742749806791573274e-03
9.376873119782858524e-04
3.450945760454739511e-03
3.840909272920003102e-04
6.199859063671783396e-04
1.627251463240362867e-03
5.476799099775902678e-04
4.683912289352795016e-04
4.373881634608627403e-03
3.878002219807980596e-03
1.048284294814345050e-03
4.093818258143780376e-04
4.403174853083048471e-04
4.699437787395355942e-04
2.221939240190721511e-03
6.766208695734311209e-04
5.088510940720012169e-04
8.144040433644251327e-04
5.795069959997868007e-04
1.091799330390224145e-03
2.795558561344524320e-03
5.402458979380586135e-04
3.509484564287662818e-03
9.340530973371151575e-04
6.406920659215039303e-04
5.381707941456971523e-04
2.635148873318745471e-04
5.477864766722643532e-04
1.760446114058493048e-03
5.845823511984838631e-04
1.790284150364315242e-03
3.628221353343963080e-04
5.269251120023818978e-04
5.505284540233002909e-04
8.190729532112146121e-04
6.013090303639916610e-04
1.383311902912232527e-03
6.002233626391717189e-04
5.201990816062396130e-04
4.373343676779397953e-04
2.753903804058798420e-04
2.128538009457971430e-03
4.715512348893900144e-04
4.494193554875520482e-04
2.238405050734435702e-04
1.964402027860351688e-02
1.284570517834607946e-03
1.848677668463881917e-04
5.661045918515957270e-04
7.718504984716488635e-04
7.051366745922788264e-04
1.553476192389690149e-03
2.407105155869731714e-04
5.309811013301410322e-04
4.119298683139382272e-04
4.365775823713237500e-04
2.405456558643244338e-04
6.118203536014947715e-04
1.286106953613095575e-03
3.674122651275635244e-04
5.802631908783993740e-04
1.649246744124343352e-03
5.126731304057695728e-04
5.153509393355886186e-04
5.545412819213381373e-04
5.640923714477653200e-04
2.609756464273434986e-04
2.270512647924443782e-04
4.344346866941999107e-04
2.511862294316761623e-04
5.047645616769295702e-04
4.909571841580659488e-04
8.881629453471849307e-04
7.581877886025012361e-04
4.816488020629122822e-04
7.805297858945661879e-04
3.658349178731118206e-04
2.105835564107750386e-04
1.913872057472935538e-04
3.041127655830609677e-04
1.657388247198372973e-03
4.756945507179200275e-04
7.193128087810485901e-04
8.502265579959945039e-04
7.482803906637654819e-04
1.430566189755110148e-03
2.485841879858250304e-04
5.548649318135461016e-04
1.783179057555221735e-04
5.025693095296881411e-04
5.070352048367866111e-04
6.149820146335186009e-04
6.856591288666032905e-04
5.044991881439140182e-04
3.057791925552364050e-04
3.244493544835898172e-04
1.451494121781802746e-03
6.117320840921201255e-04
2.902746151319104484e-04
2.009737449774317338e-03
2.627165480784642558e-04
1.113998335132157210e-03
1.174849556269859764e-03
3.020199520592159112e-04
2.282534959118595434e-03
1.338104986424671228e-03
4.858456884951975886e-04
3.149776417367814211e-04
7.718504984716488635e-04
8.452765774178721452e-04
1.997347043747467465e-03
3.101294130541581225e-04
4.909571841580659488e-04
4.576452913413101399e-04
7.706256337203503271e-04
4.272238592952161580e-04
2.553467774269587917e-04
5.339028936388021812e-03
5.705576038599106080e-04
4.614978731332669169e-04
7.423969107248186775e-04
1.091199662662854656e-03
5.772563025512534229e-04
1.524640136134090829e-03
6.236446796308820839e-04
6.172982506341180174e-04
4.733087760076363799e-04
4.056397525916363191e-04
1.060235000151669776e-03
2.920616497318553970e-03
3.168664306957977230e-04
2.303190445767663657e-04
6.315022802397004089e-04
5.418393756661324390e-04
1.343621085148897620e-03
2.036127550552635534e-04
3.960096354716819041e-03
3.849013064757965570e-04
2.119463609827875188e-04
1.489215555067967614e-03
8.884870926087290411e-04
5.618752919773101510e-04
1.012339394122661711e-03
2.979262297517932807e-04
3.943625127234323853e-04
4.672796383011637382e-04
1.003919640103431016e-03
1.554001453738291681e-04
3.583645492925522117e-04
2.587388251444677832e-04
9.024654287085321887e-04
6.965539401742001403e-04
3.515617088842451585e-04
2.197991708670191374e-03
1.459138000780785390e-03
2.926367429344411183e-03
9.516334699732813349e-04
1.422468203704113122e-03
1.068370194604640255e-03
2.109428372873689388e-03
8.254768404278418036e-04
2.700033467115883637e-04
4.622953176922456569e-04
4.393371900865755339e-04
4.859503530459233548e-04
2.710524001139507939e-04
1.054652274409581970e-03
6.900130955976080177e-04
6.483484971306107455e-04
5.008762161662341436e-04
7.698666583391899302e-04
9.538209147310859875e-04
3.995290699942973889e-04
5.110664058560847583e-04
4.346403756240650815e-04
4.170936205169086344e-04
1.992528272686013447e-03
3.778415991467143006e-04
4.540210034276879114e-04
4.415120510746239381e-04
3.002293486389887196e-04
8.365332720845868736e-03
4.009499617294118193e-04
4.410453488600173610e-04
3.656110459336610699e-04
4.423572889490230676e-04
4.340879701639177276e-04
5.795069959997868007e-04
6.947140446972191550e-04
3.129128939817669660e-04
2.740662678586409766e-04
6.859559146180692433e-04
8.279850649662241812e-04
3.726853843665855841e-04
1.292824353202553069e-03
3.562017108689219955e-04
4.692964740522651760e-04
3.506572766307866781e-04
4.472075376322424663e-04
7.697332751317834424e-04
6.674659147332757860e-04
3.621122452559897165e-04
1.072654780455485103e-03
5.879167127837984152e-04
4.259112938706621884e-04
2.654280352816107565e-04
2.308175609193312099e-03
3.183646637214359015e-04
1.760641492271497889e-04
6.166769124598997683e-04
5.702163163797239771e-04
9.323961229265263209e-04
5.652223086724884925e-04
3.730029174569443368e-04
2.336972235347394066e-04
8.388050678577829537e-04
2.907192547265599332e-04
1.591507884969529712e-04
2.493203806470062974e-04
7.539642856667273406e-04
6.470567341508781309e-04
7.307754553948122688e-04
3.857116936113076655e-04
6.365239983439858812e-04
7.291597412929343202e-04
1.114026290648314392e-03
2.276901268066301807e-03
3.710572598252392267e-04
1.615472958615184803e-03
7.790992154983189533e-04
6.619267113271279151e-04
1.673103267345139953e-03
3.718932503322648847e-04
9.861131860784040377e-04
1.181274266446694522e-03
3.539683568148884775e-04
1.401891074326622492e-03
8.676518440429096656e-04
6.285678328922552878e-04
2.261187378828672810e-04
8.365332720845868736e-03
7.078589389915958610e-04
7.862313529098552845e-04
6.144357172995574060e-04
6.479166211943133361e-04
9.995517515709461016e-04
4.196015900922847922e-04
1.947737522271435846e-04
2.743441204466673302e-04
4.883915476491013270e-04
3.521276060146066454e-04
8.730284127435751886e-04
2.126311027471085389e-03
8.271119504846510470e-03
1.406975941814678742e-03
2.792431546298474289e-04
5.947117882856389585e-04
3.787233289832930535e-04
3.902682134997352364e-04
1.365898567812822903e-04
1.562972412602529762e-03
3.979953154913899033e-04
2.455448188492874678e-04
3.528077926110769359e-04
2.512840723700752120e-04
9.771513059585422434e-04
2.243997330251158847e-04
4.897543407216641128e-04
1.095230815554852589e-03
3.820370243634481637e-04
7.314292337538717478e-04
2.421542192792408284e-04
3.046203304584372195e-04
4.823173161670999440e-04
2.049923278387262506e-04
2.590529237772513753e-04
8.541927939521202313e-04
8.478742114358773585e-04
6.883911946695560856e-04
9.079696486123131714e-04
4.186543045140561897e-04
6.086941166248745899e-04
7.902203318544764139e-04
7.867489927887075631e-04
5.323528619847747246e-04
2.859905339642502750e-04
1.516910267834074150e-03
3.198679398592579578e-04
4.017006903240187663e-04
4.226189789695045454e-03
3.347040310286457571e-04
3.001976686765738954e-04
2.496332309637481540e-04
1.331622962665652676e-03
3.670802437604586926e-04
3.491915332694946954e-04
5.319490325637010698e-04
1.757446779544389562e-04
2.719885450216525096e-04
1.080268400701398825e-03
9.516334699732813349e-04
7.229241906180425151e-04
9.290879068450208327e-04
8.595168604965676114e-04
2.885241116048406214e-04
3.898628232969762633e-04
1.165377856465093717e-03
5.151383769298211769e-04
2.049681909506792120e-04
6.781325902186122840e-04
1.765428512653427668e-04
6.959970271696516849e-04
1.780247366078228487e-03
4.051402965713210742e-03
1.234335304231343709e-03
1.613164369923292350e-03
4.129457628769911360e-04
2.238127419507313673e-04
1.029955249521550924e-03
4.587398299476214245e-04
2.715292000466221255e-04
9.536024355508302200e-04
1.918587296667903595e-03
9.785760402302419794e-04
2.956035213411800470e-04
2.725649994901519261e-04
6.517888916299799601e-04
9.921304515919306555e-04
1.114334118105262186e-02
8.304056195467302047e-04
2.229175566250392131e-04
3.909805733387690667e-04
8.398136999883075698e-04
2.752113977602131450e-04
1.760446114058493048e-03
7.886450597507232855e-04
3.731602412051907448e-03
3.289462548448028579e-04
7.406912447935491738e-04
1.817608746152986256e-03
4.811298730613172594e-04
4.606129171965991616e-04
4.423367192851614224e-04
9.972531020952450469e-04
3.332983463677073491e-04
3.340823065031846804e-04
8.763059667145377046e-04
3.030274212601469209e-04
3.316971418715488978e-04
4.086277430954627699e-04
5.630312103956628842e-04
4.295501027447982435e-04
2.924181646420736472e-04
2.490163993728807565e-04
4.783359178575115464e-04
2.796724171828504006e-04
4.450406979379987983e-04
1.028368514772882297e-03
3.765351766497827997e-03
6.947250162147306082e-04
2.162871882957460423e-03
1.202882618161738764e-03
4.325112043556500843e-04
4.413063362139224045e-03
2.979262297517932807e-04
3.744951416723194090e-04
3.865843473652055395e-04
1.244166641642282817e-03
1.242939877801884762e-03
3.767712443746079804e-04
1.755173594455182245e-04
4.479107130338744430e-04
8.782267583375664250e-04
6.744420772849177553e-04
6.698982883591172261e-04
9.227316304347717548e-04
5.855596183069392132e-04
9.129163755197487046e-04
6.103336850614746829e-04
1.125146819243255745e-03
3.657839791713604258e-04
8.454901600100854335e-04
3.496376509062896695e-04
9.519445278192738887e-04
4.565973282872651490e-04
5.456959613196848925e-04
5.278284481050454086e-04
7.067849973240836843e-04
1.782267123252255980e-03
5.849578780762033177e-04
4.220922125702121345e-04
3.981063096068234819e-04
5.526873855017514544e-04
