1.086453296112229600e-03
2.317790691570041379e-03
5.418641775876282575e-03
2.448692289656894099e-03
6.547681806001217882e-04
3.387898757781229665e-04
3.823027651217609244e-04
6.369708865526826393e-03
1.215676131999791042e-03
7.371273012588012898e-04
4.679210926169569584e-04
3.252988653536119704e-04
1.584118213043561986e-03
5.318188917562296060e-04
7.158363294614749966e-04
9.852620266292304915e-04
3.346426826424950610e-03
1.102218709040991796e-03
8.320344489556711926e-04
5.862770565793100526e-03
1.309384794514029679e-03
1.653615547695898389e-03
7.728569607034245156e-04
6.432642547886165824e-04
4.972238857529135943e-04
3.562105827922472747e-04
1.985553312313950453e-03
6.708911845283681286e-04
4.986010644978729634e-04
2.972335734465926874e-03
6.887303187192843909e-04
5.462657956041365968e-04
3.843183450243165466e-04
3.770659832971331657e-04
6.887559661301959069e-04
4.073803811257297640e-04
2.781571981269498101e-04
4.712215224754696475e-04
3.640227086147676994e-04
5.324266755308023182e-04
3.422204395078087412e-04
4.617249784885239837e-04
3.345569369164357238e-04
6.764232151896940786e-04
1.985553312313950453e-03
6.287316050893963348e-04
4.995651077910872456e-04
1.045197437160698363e-03
8.856498069309897640e-04
7.049846592798595171e-04
8.305865560617310770e-04
5.438630035713005323e-03
4.166986276543884382e-04
7.442570923783479314e-04
2.865700114090920301e-04
8.462679608096865258e-04
3.375289267812164656e-04
1.452400890608633458e-03
7.416122743111408597e-04
6.687181418213814649e-04
3.881902122544985995e-04
5.838106609694301580e-04
4.085783067655724072e-04
9.324199835898612293e-04
3.256636775443218787e-04
5.158345415154407324e-04
4.317970040998889798e-04
1.225182494856274888e-03
9.758525161446412761e-04
9.930145279980248218e-04
6.423602703465059469e-04
6.729977473370231519e-04
4.972238857529135943e-04
8.241556024354074672e-04
1.116679604959170411e-03
1.674880856214406135e-03
1.985553312313950453e-03
9.051522932723435810e-04
7.077386819556604185e-04
4.573882114974182986e-04
3.005951312629735446e-04
8.580007737365707293e-04
1.424359047436231200e-03
1.735669661762366707e-03
7.141745956836139091e-04
3.426821678264246017e-04
5.529760154786695064e-04
3.185942914976586994e-04
6.286992623567340269e-04
5.935457545273437182e-04
1.653615547695898389e-03
1.138337280947079736e-03
8.020479698217112879e-04
5.276329234560379758e-04
1.080150592356640292e-03
4.596526975195007730e-04
3.277861686462796623e-04
3.915126871488880844e-04
1.058369840211997610e-03
7.526860135532801579e-04
5.489070636876781321e-04
4.049950057979866103e-04
9.885411362914849412e-04
6.848256945862845561e-04
3.897499117373192669e-04
8.729892816893449316e-04
4.647764187099388150e-04
1.392336474300466835e-03
8.547361024098764064e-04
4.214852386353355393e-04
9.111439254297419533e-04
5.918154771225083701e-04
5.228404263977101110e-04
7.013062216259213473e-04
5.526081074427912146e-04
1.156235129776510967e-03
6.336825943158184505e-04
8.293083911890532190e-04
2.285627085715897198e-03
5.374370132003491096e-04
1.186973439549117611e-03
1.085755267697223860e-03
8.721244377253767246e-04
4.669730010824280683e-04
1.247839759634064571e-03
3.825306472077534287e-03
5.834095985640262629e-04
6.363054273593109038e-04
1.352461094914006240e-03
3.454348927292747676e-04
6.995501416796502800e-04
2.734957804820432078e-04
3.808598811508893348e-04
2.293787154369769394e-03
2.754102053533141812e-04
9.617361954226186617e-04
2.405455785871619869e-03
2.646029666558503534e-03
4.445772397730948073e-04
8.990803269308072056e-04
3.303180768434700165e-03
9.965233864948856018e-04
1.404957938410516909e-03
3.004825614561969921e-04
4.084375060653906491e-04
8.740140051819752891e-04
6.453948698273802428e-04
7.196090287401248238e-04
2.207089743232112651e-04
4.581062315115910473e-04
1.074571897823526538e-03
2.849259391033194685e-04
1.747348189788646355e-04
1.976338932520061180e-04
6.228002291153228107e-04
7.765803317809148298e-04
8.000419953417607600e-04
5.159672320532029217e-04
1.074475254109173456e-03
7.983229042111972002e-04
1.591282420953824385e-03
5.941831556081711777e-04
9.539950221335591080e-04
9.699948413085208521e-04
9.992931833794206457e-04
4.953772028196133962e-04
2.749266510544348544e-04
4.094359966448165200e-04
4.883830047278760796e-04
2.561071473064889178e-03
3.162747195780716766e-04
2.284558379975580849e-03
5.373281559769335202e-04
1.158938708991734661e-03
7.431430941027983988e-04
4.636717248650529906e-04
2.281498641439296178e-04
3.423237817693375231e-03
6.185584403326479033e-04
1.348178037144288736e-03
2.562720175524682564e-04
6.989973648276676717e-04
1.919726870118998625e-03
3.338167915241037646e-04
5.645196419916975218e-04
3.954764935608518221e-04
7.080316906286850164e-04
3.196889096957314423e-04
5.111873447153937860e-04
4.725002197605009135e-04
1.912762356959785441e-03
7.109032310814372225e-04
6.621256983816150785e-04
6.118435191584494556e-04
6.203032168411546244e-04
3.379736976944486401e-04
3.574903993321324868e-04
1.043654263336246451e-03
7.509347374280539271e-04
6.223980520508704765e-04
1.107562816953584512e-03
2.187962891923408721e-03
5.480828981804239993e-04
3.916515671834872644e-04
1.660462238898410088e-03
1.033743953070366062e-03
1.078800566945269795e-03
1.834954578900323263e-03
2.295764150748585541e-03
1.878307588586896086e-03
5.489070636876781321e-04
5.490423790688763513e-04
4.618664012871100534e-04
7.262529566052037264e-04
5.186629262217230460e-04
5.779655624841248699e-04
3.861074947032463122e-04
1.229444104866767506e-03
6.197597993856840577e-04
7.159643513631061768e-04
2.184794523666833740e-03
2.761302163503516049e-03
5.631645486082501951e-04
6.449119555246071028e-04
3.862451058236064552e-04
1.812216622641884406e-04
2.648404711946141616e-04
6.850627144263161288e-04
2.835228584817574434e-04
3.849375199753535910e-04
1.046727099451754675e-03
3.833242423829246164e-03
7.889501469025444504e-04
5.086470000156711503e-04
4.890444039737177609e-04
7.544728151459583919e-04
8.733608958421655317e-04
1.053299043929880078e-03
4.859601125426626510e-04
1.174376283839535188e-03
1.107562816953584512e-03
4.984723350846231556e-04
1.871331773408191389e-04
1.080396776740441241e-03
4.897248634000672370e-04
4.930016535743390362e-04
4.352480965442176116e-04
7.573353582858848325e-04
2.496136762307855222e-03
2.570563297923464537e-04
6.995501416796502800e-04
7.911645040581708702e-04
8.880672362047020447e-04
4.812588130785820347e-04
4.933783985428886239e-04
2.867121754562800950e-04
7.031755900040175412e-04
5.404618861199791523e-04
4.981347535623619361e-04
9.298038919072496499e-04
1.071556161008840793e-03
4.933783985428886239e-04
1.425123577594850999e-03
4.286593470891798970e-04
5.915093068758705717e-04
1.147596859342677605e-03
4.522269201911623799e-04
8.990803269308072056e-04
4.139710532700840474e-04
7.336626012355884933e-04
1.872457617190727459e-03
3.954753661131127579e-04
6.545454979241958817e-04
2.206728475664213995e-03
5.216440508175048622e-04
5.374062663773710455e-04
1.679883879594660416e-03
4.497287124025528549e-03
1.478674027694291872e-03
1.773681430588338248e-03
2.940324010919312132e-04
8.744842657487768506e-04
1.388239447736560163e-03
7.738278622971199276e-04
1.390613620129197304e-03
7.556328229615091657e-04
6.989515484473184407e-04
6.033824814791889472e-04
2.837441788884885485e-04
1.063362373379874099e-03
1.823584051837544079e-03
2.457438517349836305e-03
1.601220926019231551e-04
1.782062600725070655e-03
5.078376895597765117e-03
3.317180897659630524e-04
1.139451354296693204e-03
5.870916071841792176e-04
2.972335734465926874e-03
6.877070498969837554e-04
1.745697951510097323e-03
1.146563036059388731e-03
7.551960720782825492e-04
7.266755753382518439e-04
4.557559894071819598e-04
4.633632386842070038e-04
3.839322774738439465e-04
8.353568193629105172e-04
2.443540996220364137e-03
4.352608555440594558e-04
3.935001327837410576e-04
9.972405706256284950e-04
2.043913902153172274e-04
4.115540328017899298e-03
6.391084036173874444e-04
5.081800023080449260e-04
9.815554980450852656e-04
1.093985155404395308e-03
8.191556330481656592e-04
7.939407894208925110e-04
5.298085895455034462e-04
4.660424596110470915e-04
6.380349790215423264e-04
5.593078235559329663e-04
4.214957353169583934e-04
2.066648439589619836e-03
2.317790691570041379e-03
4.814524536788792925e-04
6.280485176405223259e-04
4.497287124025528549e-03
5.780310168603453773e-04
7.158363294614749966e-04
1.985553312313950453e-03
3.154259611411041339e-04
3.498415790424312319e-04
5.689293433146513663e-04
5.249137501154381956e-04
9.592137123155667668e-04
2.737696648602931312e-03
8.717051635190798580e-04
2.138861507658615813e-03
3.548100000484126081e-04
1.135025470472257733e-03
3.808909775645273675e-04
1.012502831869144075e-03
1.738789267655522011e-03
5.165959551644071050e-04
1.985553312313950453e-03
5.067021510421032375e-04
2.166544250515687470e-04
4.084999199777747045e-03
4.692022503945699309e-04
3.955948624160834600e-04
7.303117565596830467e-04
2.366929392952951249e-03
7.828862582259045249e-04
6.436742444965904038e-04
1.291339626057166554e-02
6.448601081795278652e-04
2.322997549185854167e-03
9.838690424354855271e-04
1.903865192277064090e-03
3.141871453559857280e-03
4.774449202657905919e-04
1.301821862360950542e-03
6.041927997255622804e-04
5.993455824986392098e-04
4.590833386676286586e-04
4.523546534111094796e-04
4.188326156481358281e-04
7.741305695529587675e-04
4.151809126471284628e-04
1.138337280947079736e-03
1.433392652137136956e-03
5.789916455649311020e-04
3.910723139052653462e-04
1.135819044798035441e-03
7.760085514066348850e-04
5.726313780704196839e-04
1.343166887720741122e-03
2.511774804907633313e-04
1.433392652137136956e-03
1.461814281712260155e-03
9.191632467617712491e-04
3.954753661131127579e-04
1.613373917648664281e-03
7.031174464461322979e-04
6.992471132274060298e-04
8.024853596740481659e-04
3.036356481803538618e-04
1.823584051837544079e-03
6.674032476600846127e-04
1.148123586822975004e-03
6.818661779745907332e-04
3.351881899212954771e-04
6.240688126845412740e-04
9.382736161821624704e-04
3.950357602979960169e-04
1.724870800826436073e-03
6.989754298023718700e-04
8.334177445867958995e-04
1.038226316748348636e-03
6.026063713722522829e-04
1.119714929981265343e-03
3.374911625774541964e-03
6.107133391044742426e-04
2.100031283673057733e-03
5.659671405069964566e-04
5.175493048693004467e-04
3.081199277411534893e-03
2.810663802269416835e-04
6.658476139422660678e-04
5.624396693416188874e-04
4.899425464393593029e-04
1.669573645920557426e-03
3.963544426722905543e-04
3.169632242738354725e-04
1.284613762538074988e-03
3.470602707130826482e-04
5.661933343953496180e-04
6.158717887112093387e-04
3.272105789834759966e-04
4.678606715888212943e-04
7.195059595318146302e-04
6.065147890674820906e-04
9.829324715690374546e-04
6.260144313117192369e-04
2.505994451355425794e-03
2.182560894001348700e-03
6.303008537588346586e-04
2.157030171894986845e-03
6.125548900366203225e-04
4.737514963008070492e-04
5.479221782899433048e-04
2.018829542954126192e-04
2.831631865736549216e-04
8.994089202082973435e-04
6.383376643735037999e-04
2.220303931854877844e-03
6.059163306763446681e-04
6.662929931491466586e-04
2.206750750426733393e-04
1.421121302039001898e-03
2.590003322317446723e-04
4.239027070923707258e-03
6.091031192124278515e-04
6.880405823300700212e-04
1.576612252928523850e-03
8.384239314565421382e-04
5.534182438406388353e-04
4.844074098898715143e-04
2.996666293619345027e-04
1.420476523647515484e-03
6.091031192124278515e-04
2.576934980844510447e-04
3.327427057337361193e-04
4.088943485184568026e-04
4.169785930623504545e-04
1.078944279091359482e-03
4.561743953691977218e-04
2.746364443218357035e-04
1.104794987814982244e-03
1.028111902479844067e-03
2.950849687698448715e-04
8.773758223840276383e-04
5.648479000532460664e-04
2.594852818712354453e-04
5.966386324550899565e-04
5.093553985763923410e-04
3.256098647639023378e-04
5.479221782899433048e-04
8.759476861281228176e-04
1.893084241978749927e-03
7.448508981553647774e-04
3.036664927848182842e-04
3.480612367293376168e-04
5.860970636966747211e-04
8.669037350513556428e-04
2.981886280238281038e-04
1.175890449030693235e-03
5.125037940676791057e-04
3.976257477662804569e-04
1.500627951785908805e-03
1.195704099193968268e-03
1.021960995473912646e-03
3.193379668244977895e-04
4.052305266656133775e-04
4.405341464000474879e-04
7.573981251915864500e-03
2.415144052421617539e-03
4.397809202299668473e-04
8.229703914795351120e-04
6.660375999897721324e-04
1.357458011349624337e-03
2.325276587646452151e-03
1.368360507987956059e-03
1.071735863320043584e-03
1.032684988375790142e-03
1.119202371670710398e-03
3.118844166363190975e-04
1.475331562549067090e-03
2.039205081492283505e-03
1.709571530549896558e-03
1.184780942406705269e-03
5.290873141038811680e-04
5.655336039560164996e-04
6.197928584815921068e-04
8.523304240325379165e-04
8.222681872633000495e-04
5.569543380330348528e-04
1.045074027799029574e-03
1.263504195116730427e-03
3.074356907364046514e-04
7.697353145289222371e-04
3.161356603040559477e-04
1.282666353270234911e-03
5.405628624083389346e-04
3.488360133372878091e-04
3.418797806775531584e-04
1.985553312313950453e-03
6.991995794814839143e-04
2.931576287954892543e-03
1.376457134263585477e-03
3.527062721643698653e-04
2.097866478027746173e-03
1.022951219080113451e-03
5.226027479022894110e-04
4.497287124025528549e-03
6.329578319636860583e-04
7.128523655157387000e-04
6.781333024281499403e-04
4.383278417658397234e-04
6.236441722603157335e-04
5.675125617375410825e-04
7.134202849658112392e-04
1.084596661732100927e-03
9.301134450625957086e-04
6.066291708058983104e-04
8.642875243301182103e-04
7.427187170090901458e-03
2.402782471540345353e-04
1.269759871044518927e-03
4.745209421360040082e-04
6.459235863544014094e-04
2.396468503227445514e-04
2.874208573574988344e-04
4.012168271530042684e-04
1.173445931314405543e-03
9.873790614303215845e-04
4.500064452116279978e-03
5.757980018353245138e-04
4.416713627439536154e-04
4.269759797064028202e-04
4.932611696376197098e-03
1.594514546620486289e-03
3.924359936906659987e-04
1.051090224856260748e-03
4.156268391628539999e-04
3.755699555595739267e-04
8.507099815123112625e-04
7.419465751739435762e-04
4.329820258148507411e-04
3.638355676364944105e-04
5.709588792746564390e-04
3.913285121075341989e-04
4.014063392666900737e-03
5.395177193496787735e-04
9.002538621194940138e-04
7.486193938262325400e-04
1.024406892496104206e-03
8.769044331168494247e-04
6.755339529326840134e-04
3.793043091125241099e-04
3.134285129757898546e-03
3.631856516610870440e-04
1.096098244096028974e-03
4.061817139510802551e-04
4.158384385729159654e-04
5.407538146896088971e-03
1.179125969715131379e-03
1.244597768691354340e-03
3.320690615474875765e-03
6.145357111082975013e-04
5.106499453761875534e-04
1.068499740318817632e-03
2.157643671231099778e-04
4.349624661030365930e-04
9.092953162038060460e-04
1.066505833271949198e-03
7.248895973420910925e-04
8.038818926534051831e-04
3.066060818398774973e-04
8.502616453667454464e-04
8.225006437495662294e-04
6.673472390437996124e-04
6.420190459748916119e-04
4.905372632207664549e-04
1.350793230498945107e-03
3.581640794782357416e-04
4.429050705631657620e-03
4.646998680796185542e-04
8.482818384861694856e-04
3.173492619442563520e-04
4.045708453798014647e-04
4.158278198650101529e-04
4.236821974661352810e-04
4.166487196552763833e-04
4.757859703650075297e-04
7.553364324326430857e-04
1.350803172576354278e-03
2.475037352559632015e-04
3.208656968906053748e-04
1.092918587267146168e-03
7.718791617247606996e-04
7.597606979485531766e-04
3.713431111610119803e-04
9.494977989728475105e-04
4.411115595048787329e-04
1.288508340161437053e-03
7.397527858095306061e-04
3.987129872032473313e-04
3.871335879831730095e-04
6.250269985726049100e-04
3.169632242738354725e-04
3.539874426930556591e-04
1.924729271755573363e-03
4.957605480198851514e-04
3.220648392886234072e-04
2.447041005344999351e-04
8.725935891337901042e-04
4.467926881957922161e-03
2.326775446394231152e-03
2.467519085242767213e-04
1.263472590428049193e-03
1.326217136602241432e-03
2.980852828188418216e-04
1.251240410361786470e-03
5.052621558882831052e-04
2.347515512367052970e-03
3.196328850199371967e-04
6.596574771406980625e-04
5.253464013072211723e-04
7.539676088157791761e-04
1.148889116771455512e-03
4.770113916495770856e-04
3.168986763663418681e-04
4.085901237219966399e-04
5.600454839190916563e-04
4.097561094726336474e-04
7.942646668913166215e-04
1.912474112075843342e-03
3.550005672012648068e-04
6.223936517139519583e-04
4.762165434567484706e-04
9.429075762618447645e-04
5.738375456924803535e-04
3.887154581950256842e-04
3.497293620697556997e-04
3.492322707208747471e-04
2.635444381347699970e-04
5.792774590841331256e-04
1.140985371792102706e-03
9.626696855559918392e-04
2.012536375766988805e-03
5.729160715611013657e-04
2.837441788884885485e-04
8.186795154343723749e-04
9.747843532353895300e-04
3.559978617651717958e-04
7.523566584170999529e-04
1.801209750315710617e-03
7.754860219017652677e-04
4.122427771834333873e-04
3.157549723759259393e-04
1.197192660580555451e-03
8.134375856621788806e-04
1.941364905320202595e-03
9.120838846410756189e-04
8.976409536563424848e-04
1.422031324452343931e-03
4.761406806709899005e-04
2.260442986638253830e-03
6.850627144263161288e-04
1.022163091592072446e-03
7.122940304873851122e-04
2.545689161643984073e-03
5.156129513646077892e-04
3.820178215262460771e-04
1.306391872631775496e-03
3.390209803423502571e-04
4.101982724824605503e-04
8.127431802702165002e-04
5.815269022909655373e-04
9.560469177890571022e-04
1.693201281069634878e-03
3.361230412320988107e-04
2.606893562875861690e-03
1.466143776520551032e-03
3.915428868519901058e-04
5.338242049190661080e-04
4.320555712684958152e-03
6.195175898254322950e-04
2.467519085242767213e-04
1.420476523647515484e-03
3.171587234310179458e-04
4.278541002028175334e-04
2.374026372596018330e-04
4.647461982568913577e-04
2.170755382032283536e-04
2.580736346700013349e-04
2.790144673542768695e-04
6.261575522517516144e-04
9.763249714187691945e-04
1.195704099193968268e-03
7.632446150038620179e-04
3.122846991764389232e-03
4.491562416225423210e-04
8.116097829423479185e-04
4.265901226625325496e-04
7.251471352805479277e-04
1.003301160240955550e-03
1.138337280947079736e-03
6.243241700526776629e-04
4.061817139510802551e-04
3.457797027510704953e-04
5.887971261249123336e-04
5.358816099137939364e-04
4.794636390278893203e-04
4.612692308665652225e-04
2.789042113060273748e-04
5.702249506077233234e-04
7.823122837548648336e-04
4.354424630278537663e-04
1.017823561746248641e-03
5.787204888535834972e-04
7.381477304469094254e-04
3.082164703892691397e-04
1.856118043046812559e-03
2.828373773276779760e-03
4.986010644978729634e-04
2.343991424532086698e-03
7.783942434529812597e-04
1.447834470781732014e-03
2.505891667475148394e-04
6.305851418695655958e-04
1.175296181247371431e-03
5.076906979944884740e-04
3.336582008310793289e-04
1.222758336630736528e-03
5.771649608301881096e-04
4.009731534022053893e-03
4.975460965243754842e-04
1.344154580999498694e-03
2.369875664827283198e-04
4.125679695772777543e-04
4.454717609844431212e-04
5.112233006072521924e-04
5.150056917337481012e-04
2.725984348708803350e-04
4.096569934165338175e-04
5.517143789397863660e-04
5.932098534723997734e-04
2.933236138165432310e-04
5.294988499524003363e-04
3.345018655900217118e-04
5.412409127108276131e-04
3.415681617107084022e-04
7.062909954860480208e-04
6.040605402275206091e-04
1.220168449028522688e-03
3.210968632583997579e-04
1.188321829196431565e-03
4.368609753363064717e-04
4.771813008480069044e-04
1.645876761540762635e-03
8.065737239844480121e-04
2.266471536785900497e-04
4.640519799582976069e-04
2.334452336097596955e-04
1.819321180070186238e-03
7.343604248841033603e-04
3.837747503567981878e-03
9.936684655045132600e-04
6.055586693211510935e-04
1.182128491429466953e-03
3.387963246309116569e-04
4.687756245345412669e-04
6.917715032206835351e-04
2.979049777309407377e-04
1.013743612918449610e-03
2.357349222508995127e-04
1.195266729898280221e-03
4.942221656583213694e-04
4.031519567392782182e-04
7.873100640221904851e-04
3.403519395524786458e-04
8.941096703205562513e-04
5.649905022726119802e-04
6.065650475019310900e-04
1.207534052686490278e-03
1.270324803714325754e-03
6.934501357946084915e-04
1.125940204275247079e-03
2.314528474585246694e-03
6.409614482646067537e-04
1.929561882501477270e-03
1.385330796250046738e-03
1.092090181139114330e-03
1.776175024644677421e-03
9.826130784669983263e-04
2.082661376653398115e-03
3.704852407812875823e-04
4.160226083945629686e-04
1.074760151371630633e-03
3.994010271143050165e-04
4.290671233429609434e-04
4.989998338151708504e-04
1.590354733190121016e-03
3.556021919241675864e-04
4.527310473290823843e-04
7.510800171654577473e-03
6.725296622704852491e-03
1.009373049740806133e-03
1.407845371688207572e-03
3.830780268012438082e-04
1.570877112191186066e-03
1.315342406698101789e-03
5.044473128772788712e-04
3.059252971319445600e-03
4.444142983494291099e-04
3.270795193387748042e-03
2.476267919254907099e-04
9.118482478731779715e-04
4.478602066107247428e-04
1.500266748985009963e-03
2.258714563108099420e-03
8.587957871148649107e-04
1.310187219257125894e-03
1.080812599439978780e-03
3.875336817856520955e-04
9.820846298717383557e-04
5.411851341152707721e-04
2.517931786550791674e-04
2.319025961168524712e-04
2.998626699706582500e-03
1.552930168217671455e-03
2.478269145423982276e-04
2.976733208224354929e-04
2.522195652416839491e-04
5.787022133467935227e-04
1.191470212529930749e-03
8.313606135380657933e-04
4.777093017653727706e-04
2.837400340975409704e-03
3.245408838651515936e-04
3.794603941873579689e-04
5.764867934931225228e-04
1.532497504791471930e-03
3.746912016595748459e-03
8.796417997671301427e-04
1.631281874501558675e-03
8.551279537331628799e-04
2.652441782019719337e-04
4.711870201648932200e-04
8.461372644220072460e-04
9.223204941940094104e-04
2.821068614703966040e-03
1.748351931913432909e-03
4.928874072661120148e-04
6.069738000275694918e-04
9.766924135298823539e-04
5.934497389827367818e-04
3.432514809625872862e-04
2.370197964820503595e-04
3.764914698231093017e-04
5.797224246548221202e-04
6.752222762321701205e-04
6.684291877133843396e-04
3.659369745443935627e-04
2.861749301594555123e-03
5.696579191742463712e-04
1.198917787787966453e-03
1.063466785196097919e-03
3.838639337126226484e-04
1.190449424449169279e-03
1.043654263336246451e-03
4.471479364823988502e-04
4.932014449507060236e-04
5.676920372097862084e-04
4.180694606987016520e-04
3.483419365993401353e-04
6.948011118498531547e-04
3.488584389314388972e-04
1.478357845969812887e-03
4.492607556763007141e-04
6.333375050765631311e-04
7.517518772759527752e-04
7.007740362733452582e-04
1.482859062482241820e-03
7.071614087976530513e-04
3.589811458686805162e-03
2.475978350773407814e-04
5.068082750340632088e-04
1.234691081776374735e-03
3.562105827922472747e-04
1.213971160498300735e-03
1.884563289599490779e-03
2.029824574938273590e-03
3.789144606448609578e-04
4.051311762667651078e-04
1.217572454254746764e-03
3.751307812271380965e-04
1.336188119211912132e-03
1.609005249001061030e-03
7.234458788303051559e-04
1.088553689424791261e-03
7.190872403665621391e-04
9.382736161821624704e-04
6.382697968263048192e-04
1.712406069585727456e-03
1.083060820531787536e-03
1.287621224117879281e-03
3.501220512521767414e-03
1.161189690192904319e-03
8.299275071260788124e-04
1.219445402126099771e-03
7.945398433795883113e-04
1.002424560609181279e-03
5.689105341279453772e-04
3.812347768353304810e-04
8.880092479752054076e-04
2.780237852877755038e-03
3.215551027166349551e-04
1.702072532807341219e-03
7.790217358882422366e-04
6.597800212104558111e-04
9.193054743027838241e-04
8.990803269308072056e-04
8.064397754215907018e-04
1.186797981664739149e-03
1.055365759581127546e-03
4.784778185324381657e-04
1.998212912868963334e-04
3.525308252604959953e-04
7.292290714483349538e-04
1.125831414077483120e-03
1.758100348172693655e-03
4.141514276170361539e-04
4.536734191558087267e-04
3.254531272903046692e-04
8.259531502405667710e-04
5.144367815712303643e-03
8.990803269308072056e-04
8.096992758076724779e-04
7.448508981553647774e-04
1.030978261112884238e-03
4.912792421409454885e-04
6.255554540110755575e-04
5.364755190481438913e-04
6.203543942760122738e-04
7.475162650687544250e-04
3.104213996800047107e-04
8.301095672699402130e-04
8.353963369628459408e-04
2.009748727836037970e-03
7.056949487668480545e-04
7.945398433795883113e-04
9.142047865154476639e-04
8.796405419861355515e-04
4.269448503469297626e-04
4.834025477410142276e-03
3.801958769140489176e-04
9.441748651504300186e-04
4.742938532900271582e-04
6.188989951848350348e-04
2.369875664827283198e-04
6.341711021044472898e-04
2.800743331089911308e-04
1.522429531011072626e-03
2.568100969238850881e-03
5.558996758681139690e-04
2.414939613618766537e-03
5.065315723928331699e-04
1.584118213043561986e-03
3.174684349429364883e-04
6.023532026566308893e-03
1.391694362374901531e-03
4.202680785876306067e-04
4.797444113010698556e-04
9.845209631638544585e-04
2.460863654312963494e-04
2.924816945471824968e-04
3.054375646792426382e-04
1.020588034254444991e-03
1.032955683508559111e-03
1.139414313865539296e-03
8.094876381353732211e-04
6.288831964411482900e-04
5.889515875766905290e-04
3.336172430888126165e-04
