4.852395181827430190e-04
6.841970464544948685e-04
8.739959349675618374e-04
2.060944815346652057e-03
1.547006126626504496e-03
7.632762565940112449e-04
8.880606613881154767e-04
2.074542235344775751e-03
1.031685717827306560e-03
2.395038157575549338e-03
6.632351464291249849e-04
1.148859385978152122e-03
8.688426826914023111e-04
2.351455822922792534e-04
2.620861410207812859e-04
7.462920750391253749e-04
2.780069706458047473e-03
9.245654443652348434e-04
1.236014566927994690e-03
3.947056040465933666e-04
2.291636911175294177e-04
4.568064522971442671e-04
2.482356649353531682e-03
1.388933430564829631e-03
1.538610369101577145e-03
3.772359856702931771e-04
1.275921705939864464e-03
1.433692167345432733e-03
6.420399893779007430e-04
7.662527712120512872e-04
7.623206035965269601e-04
1.689416253030999156e-03
2.986487438931261255e-04
2.834649635128990916e-03
1.665830460298479542e-03
2.348608498042839034e-03
9.070796557761253310e-04
7.753730786396606381e-04
6.900487496165377517e-04
7.626624574436164034e-04
6.926768041769700577e-04
1.382667360906321505e-03
5.613754725004772459e-04
3.391950214051101952e-04
1.242986015469900495e-03
4.807547777058397893e-04
7.610847522233081443e-04
7.081002022256907558e-04
1.301046478034987609e-03
6.099025766174842860e-04
8.895263659017683781e-04
7.720597172195532406e-04
3.607766786310547696e-04
1.621002883497513723e-03
7.131166302275561983e-04
6.768091442524426776e-04
1.586350325319722159e-03
5.413349072390930732e-04
5.981010649707754756e-04
4.472225606300350665e-04
1.949080648662573261e-03
8.677971148493396868e-04
8.417370960437317324e-04
6.423001799292655514e-04
9.763397925811166276e-04
2.754895121028108043e-04
3.821780485562608991e-04
8.499056993983582133e-04
4.283807108810684899e-04
5.863262600349590297e-04
7.084416194889144600e-04
1.223306598722908450e-03
5.396275486658989439e-04
2.114889134753330027e-03
1.623324403461847689e-03
1.116484374488974389e-03
2.362478320943838233e-03
2.265515697190204937e-03
1.523821995202338797e-03
8.912705979801946541e-04
3.052090507201788957e-04
3.110638468684958887e-04
3.976152907708820159e-04
9.086832620597138548e-04
8.287513973613021626e-03
5.780165318748298675e-04
1.486216694769315703e-03
4.459366120352234127e-04
7.171636850969289939e-04
4.284191297006543836e-04
8.660209820177482663e-04
7.899987196122726374e-04
6.212848279223588677e-04
4.992295112291408486e-04
7.260410129717130828e-04
1.316283018444536386e-03
7.911521071532714349e-04
1.579360203499059973e-03
5.418154112908270953e-04
1.312653495416718280e-03
4.734505940987941285e-04
1.019351551329183200e-03
3.434326726730752423e-04
9.286986310750888242e-04
7.389283493457314035e-04
3.429925931509238569e-04
7.315804415556041588e-04
4.441444494489750483e-04
6.889263124935321057e-04
1.258293521332403634e-03
6.235796328194546890e-04
2.825949421750708159e-04
5.590885670042463002e-04
1.027344486759496555e-03
1.212423006016307911e-03
1.621065530405823088e-02
1.836867768893923848e-03
4.836231371894589314e-04
4.190354003624965754e-04
2.119643299598555051e-04
3.422349231703254659e-04
7.274866371824085685e-04
1.679039244363628733e-03
9.869717518122013682e-04
7.232168770933087307e-04
4.266386740586651299e-04
8.951093557329516115e-04
1.619395557949412185e-03
2.133544133266429218e-04
4.664122773094552172e-04
5.674227771107034132e-04
9.922521325182510378e-04
2.625979111918959634e-04
5.691718265309472433e-04
6.506123464110137632e-04
2.632559643349270694e-04
7.389283493457314035e-04
6.987419460917631024e-04
4.828270405540527332e-03
2.492549751719954233e-03
8.373800114463403853e-04
9.042881535002840433e-04
3.555563155693447258e-04
1.513397329582845483e-03
1.075433437650873429e-03
3.582489069936373432e-04
1.409586427516638842e-03
1.050501953548597196e-03
6.054571495142170882e-04
9.819565014763118396e-04
1.025298338430220705e-03
8.460830143509788168e-04
1.178612694745944690e-03
6.159660280385563036e-04
1.028088077816871788e-03
5.329499919767699415e-04
6.851690545070839716e-04
5.557957996888798812e-04
4.365545319160867195e-04
5.120523483911419271e-04
4.977134874521099228e-04
1.155028211719831771e-03
1.039967242053892486e-03
1.202112197187743753e-03
1.970875155275580558e-03
6.239011413406351072e-04
3.086458768048349786e-04
6.177169176202633363e-04
1.354499874139446702e-03
3.892165544722602693e-04
5.442370717859524405e-04
9.716159844124821945e-04
1.468326415772476827e-03
4.743766311668922288e-04
9.227779367853301395e-04
2.816661853061270203e-04
9.073101509898219216e-04
3.052811481112887703e-04
5.344952239554950565e-04
7.477234376363903938e-04
1.017582785391278870e-03
6.441229848997435860e-04
3.020331025801927124e-04
3.072811246109204142e-03
1.463830110853906298e-03
8.868859235131332794e-04
3.929758625636718856e-03
1.128113888466030596e-03
6.283505193146353071e-04
1.518290484952474276e-03
5.723871576221534413e-04
3.580659938076785447e-03
4.490512649459192695e-04
6.092306297661023240e-04
5.492180324035067160e-04
3.195645528512673617e-04
3.048318414623602760e-04
1.213310426069110761e-03
9.427544746297222096e-04
3.255436642004199375e-03
4.182854580272916153e-04
3.168577128794845886e-04
5.950712188559001675e-04
1.033709980552729351e-03
2.817129493026981251e-04
8.570869999355812353e-04
8.353005709432832944e-04
6.886952586133101477e-04
7.512230086594179910e-04
7.127765666102989705e-04
8.299241133671477052e-04
9.692112532104892389e-04
8.450713417786103777e-04
1.652669428129495671e-03
5.678930761019795144e-04
4.486976175941206099e-04
6.653431028964930730e-04
6.561584462602878393e-04
5.962562783898276613e-04
7.353860808967502185e-04
4.306878421474491254e-04
8.534952913645267028e-04
1.063855897916734725e-03
1.312584336016134508e-03
1.474065434829532504e-03
3.850659137282021237e-04
6.110491110349087086e-04
1.562077849625065004e-03
3.624928263634178641e-04
4.380909960213730464e-04
2.733849971582736141e-03
9.409883484449975974e-04
3.568294885099054553e-04
4.890559095926383642e-04
1.083718658753489916e-03
8.309093283263754284e-04
4.247693765088058205e-04
1.133193021828126767e-03
7.372159893108308970e-04
4.443217350071148133e-04
1.420833438018758886e-03
5.228783150945671412e-04
5.707201956519152800e-04
9.676170574567740821e-04
8.946771833969139470e-04
1.511451510285048618e-03
9.351678577132835216e-04
6.552159615458578090e-04
8.999719552758812455e-04
6.177169176202633363e-04
8.966777907052518376e-04
4.060856444678110798e-04
9.159761515785410464e-04
4.731780115072263017e-03
1.955561122239862087e-03
4.487452937370018042e-04
8.736355381524696286e-04
5.336443668242096816e-04
4.969365835749947656e-04
2.383700654203468839e-04
1.698062351549363587e-03
4.038092536872684942e-04
5.812604469820648609e-04
1.376317111563676865e-03
1.209154541032695252e-03
8.490183643891687903e-04
6.070895651586544683e-04
7.721649508779140480e-04
3.820615050704572455e-04
4.904463644493565035e-04
5.156941558430591871e-04
6.632351464291249849e-04
8.985183797699421160e-04
1.989956888508293172e-03
6.560100435877562908e-04
2.139934511988717718e-04
2.726600634387398546e-03
6.108179702118370210e-04
4.584335705105536821e-04
7.202570257862953799e-04
3.230507951138402931e-04
5.053113216883363835e-04
3.685382041219606138e-04
6.777579768363419270e-04
8.114121056063840600e-04
7.843510399437640668e-03
7.650745936875026154e-04
2.580032410136494435e-04
1.010096563997975750e-03
2.113645891397475732e-03
2.715147478588162051e-04
1.129069599415745678e-03
2.259838896896013312e-03
3.012867001670282529e-04
3.503503082460758858e-04
5.676499880325995692e-04
3.166909407557707071e-04
1.420103435391519096e-03
2.802342372873188364e-04
6.274711048801025377e-04
2.929370443413151833e-04
1.102930385231401045e-03
1.193682681112488188e-03
6.332194199801478504e-04
3.680541677071161896e-04
2.237633804931399035e-03
4.371212988921701335e-04
1.822577875860851215e-04
6.745622746073093009e-04
7.186372449566353227e-04
8.656899812222514524e-04
1.436391160654506161e-03
9.501629549926321212e-04
7.169872216271416451e-04
1.611030216508132010e-03
8.062686212559689366e-04
8.946771833969139470e-04
8.111529839053126809e-04
3.121263504865816243e-03
1.361098371992228726e-03
4.235090577630718596e-04
2.500700232269083756e-04
5.588030061716147291e-04
9.293703332881843781e-04
6.208191851173974242e-04
2.492549751719954233e-03
2.042276507558757163e-03
8.933835710044602755e-04
1.630777783537652541e-04
7.150194502807570227e-04
3.388735406857415196e-04
1.098261821310109231e-03
4.834267240135590830e-04
3.693865294144360405e-04
3.179181626709018556e-04
3.765142554241800643e-04
3.102364280934875006e-04
5.930344963387481922e-04
3.227422421102208090e-04
4.069310973953944540e-04
1.381638305545797784e-03
3.848268780529349987e-04
2.961616206273187148e-04
1.328784487702894951e-03
1.159045428182490806e-03
1.763838430615646651e-03
7.212040374906438650e-04
2.216036209904976000e-03
3.359399737698696401e-04
7.344979968045706057e-04
1.069094247022439213e-03
4.851782531239655903e-04
8.988937477116577812e-04
2.543029068191736040e-04
4.149320476022987482e-04
4.960164456399200963e-04
2.725150002470137019e-04
7.440469430523593457e-04
1.630777783537652541e-04
1.264806198482669149e-03
4.643237932346735769e-04
5.098811451487336418e-04
3.330680888325946148e-03
1.058929601262516458e-03
3.853913277370012852e-04
5.570778512583238196e-04
5.641156198711031388e-04
8.320261368950839518e-04
5.689873297195974016e-04
7.536914922009730310e-04
4.384088934906883858e-04
2.956188439438574723e-03
6.400204987858193299e-04
7.531669957819666413e-04
2.698117150400465396e-03
3.983687325539890045e-04
9.004159444992819580e-04
5.505383830249912201e-04
6.184881660362234442e-04
3.850538376858466880e-04
1.266163036453247809e-03
5.005918186413251848e-04
2.721114600991147428e-04
5.558012376395190385e-04
1.012729263985054275e-03
1.243378509895875800e-03
7.241511365214579020e-04
4.243054916613793449e-04
8.396077380484852012e-04
2.556933624960868920e-04
5.447186595200219535e-04
5.731188333370245596e-04
4.734505940987941285e-04
3.443105064704236125e-04
2.138994373208835328e-03
3.598122959882461640e-04
1.270179704312141998e-03
1.621065530405823088e-02
3.212087804198425055e-03
5.392164003412866198e-04
2.854105015668801770e-03
1.920185191697022873e-03
3.484662872181270698e-04
7.119520715291432480e-04
8.393440381936845491e-04
5.176823226342736756e-04
3.227714815433404302e-04
6.082469431805349793e-04
1.270179704312141998e-03
7.555859271700419381e-04
4.811288941849671649e-04
1.081624967473805276e-03
1.176842951713583368e-03
6.351135563877504091e-04
3.868498200002628228e-04
2.278248842201329642e-04
8.708079323950123534e-04
8.559515493474580171e-04
4.011640202239723685e-04
1.033310459333780604e-03
1.479287420658083807e-03
4.768761901768463229e-04
5.516984077202379856e-04
1.014966065249257561e-03
2.917905318815566980e-04
1.270179704312141998e-03
1.268558178566153542e-03
6.239161001838639930e-04
9.084190852576212120e-04
8.714986115270099759e-04
1.265709406183124523e-03
6.569686149215960263e-04
4.556209018557543064e-04
1.486216694769315703e-03
3.459770408977784614e-04
5.192133147314039474e-04
6.214831489044917497e-04
1.036894301168168105e-03
2.013158246498891746e-03
1.446295593876600677e-03
2.559921830306745175e-04
2.835111864421902515e-03
1.107570953885072922e-03
5.090321618730125810e-04
7.004350302352232993e-04
1.008849656615176324e-03
3.600314080321329524e-04
3.612930648576165630e-04
1.483380215326702287e-03
9.966275711670059823e-04
8.163859218520423851e-04
3.758394550145118451e-04
1.018871032563357796e-03
3.412696626951207315e-04
6.404036604563779567e-04
1.613292278554122588e-04
6.867775620603106890e-04
4.002913306320834454e-04
5.003553540275517027e-04
4.655038840978861325e-04
6.843343580192454189e-04
5.211550256232943190e-04
4.887384116312504159e-04
9.989786553415260298e-04
1.807802424678558225e-03
6.954316645056970395e-04
7.344596088516215952e-04
1.130308407936118703e-03
5.570124937110616835e-04
5.150990088405711610e-04
2.612894804675385506e-03
1.640218586136327986e-03
3.607551336382370166e-04
1.611030216508132010e-03
3.979263596556301455e-04
5.895342766111248039e-04
1.228384800126287174e-03
9.564475700742287347e-04
7.129734468020678837e-04
5.988931365860740213e-04
1.080341904632256761e-03
5.389062190542528389e-04
3.389644922028787989e-04
6.361573129426873223e-04
3.621265902487145593e-03
2.614828571835581847e-04
3.366303230099261328e-04
1.166069045089250739e-03
4.694383342771985056e-04
7.391355637005541475e-04
2.216204287331091476e-03
5.816642729789084322e-04
3.600754543467277863e-04
1.402410887695869270e-03
3.783916437586598808e-04
7.443353299195485436e-04
1.640724415112384442e-03
8.284446180768233496e-04
2.405601736362154733e-04
3.437673860283534653e-04
4.809688787040415701e-04
4.902445042869864409e-04
5.920405899356594084e-04
5.787719202929869503e-04
9.989786553415260298e-04
5.058809037002688072e-04
5.267784203730928793e-04
6.134290389025637584e-04
3.235846237693901684e-04
5.329499919767699415e-04
1.266163036453247809e-03
6.380764188157326449e-04
5.539537273656152620e-04
6.589537956923235441e-04
2.383128458781987480e-04
7.125216794163741034e-04
2.555571187040429123e-03
1.096041017462798858e-03
4.044638474557938333e-04
4.065929833917833686e-04
4.564076635958516995e-04
1.612967146762492874e-03
3.009095680928559348e-04
4.769118785565375804e-04
9.676170574567740821e-04
9.867710453311570162e-04
5.793121272334271488e-04
3.281484107526798648e-04
2.893302319470069262e-04
3.276524056002438749e-04
5.379337561010268283e-04
1.153779695838843319e-03
1.417561276453396541e-03
3.190993298476218609e-04
1.553357189905766244e-03
5.522149349945637423e-04
7.202570257862953799e-04
7.406077191701075863e-04
7.913530025274289606e-04
3.788443454311897626e-04
2.838207356593340719e-04
3.442712663221101418e-04
2.563789456356818566e-03
1.809999815336373139e-03
6.803731135658162149e-04
5.773153271848288290e-04
2.830854987292161055e-04
1.074884162822211785e-03
6.148982393818121228e-04
3.149987010163650012e-04
6.557793299238939746e-04
5.807717888818683585e-04
4.550540052777816676e-04
5.186391295310358463e-04
4.646971561201851115e-04
2.806977271295070606e-03
2.508543508464864194e-03
7.877413580306226243e-04
5.003553540275517027e-04
2.271742627866289548e-03
7.396532153409248345e-04
1.167691585994931830e-03
1.702716535379635758e-03
1.604951236297596151e-03
3.587735104961093085e-04
8.044760994450775391e-04
8.481809970848930855e-04
1.090793159133715811e-03
3.390590090965623781e-04
5.411087078909610154e-04
3.207386429804125563e-04
7.031518924201915141e-04
3.578650333300443078e-04
3.452002139134819139e-04
3.882772033913900163e-04
7.983976886569572580e-04
9.399545044635097086e-04
7.814862125129271421e-04
9.789544042677321162e-04
1.122009851188607863e-03
5.112064003504681068e-04
1.401405685579548092e-03
2.607435390422775667e-03
3.346098507460556690e-03
5.171652755942291726e-04
1.202112197187743753e-03
4.408719180075082412e-04
4.082319191590183765e-04
6.163480549612939405e-04
4.086301087480397574e-03
6.897482970723955564e-04
3.129471789650021033e-04
1.875090145097918970e-03
3.854179805628178321e-04
2.463578305318531864e-03
1.247379561123406703e-03
3.723882591487096255e-04
2.446183357969626050e-04
4.503930024039200491e-04
6.645779101247169815e-04
4.907697752964950300e-04
2.704041529432551420e-04
4.763731358206725131e-04
7.889755807207234897e-04
1.947130166340860832e-03
7.662984239331556164e-04
5.719121619359451717e-04
9.190257232306495942e-04
5.562623183609607166e-04
1.767414048037938999e-03
5.500146740469078442e-04
1.429284572189940894e-03
3.727682494094411176e-04
7.905646463652366181e-04
1.429925021748774082e-03
5.547186915629495358e-04
4.434082594542166364e-04
7.000087722922595590e-04
2.948010289536227824e-04
1.227773075570082239e-03
3.998983722344430156e-04
3.357690515104124482e-04
4.223970019538343126e-04
1.016487341003924046e-03
8.288841175450365308e-04
4.463398702128627848e-04
1.908295645249052930e-03
1.091477437335183027e-03
5.833382708523956106e-04
1.268558178566153542e-03
6.375175063646187348e-04
6.252396768568257773e-04
1.082266768239837544e-03
1.021681300299259612e-03
1.035476405919307299e-03
1.831267217696668642e-02
5.427688230152487303e-04
1.760576983318305278e-03
3.179625530282588833e-03
7.472008191930540506e-04
8.534952913645267028e-04
8.604029769921293621e-04
1.875090145097918970e-03
3.848268780529349987e-04
1.764125216945092601e-03
9.128168256490115044e-04
1.150308789071373189e-03
5.617001356076616915e-03
1.372459342694507022e-03
3.583234366839059592e-04
8.112384113857276082e-04
4.103068877280167319e-04
1.365950935795780816e-03
8.373800114463403853e-04
8.108065785839014541e-04
3.172356803570080576e-04
1.317497153307711734e-03
2.264405170520209648e-03
4.968224147745960249e-04
6.785961428661103868e-04
5.491983164520224461e-04
2.773792073510215677e-04
1.181602407945777115e-03
1.831501590718533686e-03
3.477236674896677909e-04
5.832731312557029590e-04
1.008249876536924548e-03
1.216198584429406711e-03
3.813843693019554641e-04
4.056311803873872577e-04
4.961341085534620807e-04
9.262253157759480632e-04
3.953890163572858110e-04
5.613694636949119335e-04
1.796049738986205428e-03
3.205470788332090773e-04
4.721884173905537192e-04
4.635760240058948143e-04
9.249356728026355374e-04
2.603908499815633156e-04
7.955345993022900622e-04
4.342507892170151024e-04
4.997524568561680309e-04
7.540518518068623985e-04
1.147793194269823569e-03
2.465908661276908177e-04
3.641108395021708049e-04
5.653763108401147451e-04
3.449908753145303729e-04
6.650891379825272067e-04
8.588644034073429938e-04
4.809101117110433309e-04
6.815354599540005996e-04
1.210287938583669114e-03
6.384531995341557803e-04
3.670486644513587613e-04
9.399545044635097086e-04
5.480089067796283832e-04
1.227026251481925113e-03
9.326319950404767271e-04
6.171208441223624769e-04
3.740993137192034175e-04
6.981087000231445041e-04
6.048530683218361756e-04
3.997473391737863262e-04
5.413082640627833600e-04
6.159215970647543680e-04
9.433323449402047228e-04
4.337385586467226587e-04
2.298931867819775285e-04
7.915497227846442089e-04
5.448711034244373575e-04
1.138045187744069061e-03
1.337549710313313102e-03
5.261267240380871051e-04
1.615508224785807030e-03
1.320307654854268415e-03
1.000150271887621789e-03
5.338710225461817168e-04
6.824375790921503567e-04
7.424974544502604664e-04
8.998145117382538513e-04
4.361046018372790527e-04
4.226053858723525136e-04
5.778997212658543246e-04
4.130625468266187726e-04
5.972744490102432262e-04
1.735096296864481122e-03
9.564638712238395521e-04
3.219066619499267885e-04
4.400107088681133073e-04
1.079253080684757773e-03
6.237593354512079242e-04
2.876266707515802283e-04
8.294505794205265549e-04
1.092458929312906286e-03
1.710187750499028974e-03
5.355199176841024620e-04
1.814658210238091068e-03
6.315680027005134188e-04
6.664348831458024019e-04
4.767485708955415441e-04
2.380833610233315870e-03
2.717470248066483195e-03
6.252396768568257773e-04
1.402753084671129772e-03
2.951328049337389992e-04
9.660228148564755637e-04
7.345962906967622467e-04
1.796526747783050437e-03
1.945482003392865313e-03
3.904203101093394585e-04
5.967486512986514306e-04
1.104518926386682505e-03
1.562305594092380269e-03
5.306280263911865476e-04
3.217779441570037518e-04
1.588614025869314415e-03
4.217918618278386142e-04
9.591897196249089732e-04
4.728934389242641224e-04
6.617576693243504065e-04
5.311673256623516103e-04
1.518290484952474276e-03
6.273705091624874868e-04
4.363654275899192829e-04
5.837730196774310130e-04
2.413586000606724423e-03
1.570907048939627166e-03
2.802863763619712983e-04
9.120183800788276857e-04
1.148859385978152122e-03
7.514783832149144220e-04
2.761987404048492616e-03
2.800485074898428190e-04
5.516984077202379856e-04
7.662984239331556164e-04
3.950592867592537800e-04
1.753276748782215712e-03
7.017525455443326217e-04
4.599373916711917880e-04
4.734505940987941285e-04
3.835629807091564601e-04
3.999365363130110242e-04
4.126900317206003838e-04
9.447547128232291688e-04
9.237494806169936536e-04
7.076741852648237062e-04
5.143314547468521864e-04
2.585562489241310675e-03
5.402875736722660216e-04
3.636109069033668321e-03
7.455546792301853860e-04
2.277273366612314956e-03
1.641326554532380978e-03
1.807802424678558225e-03
6.273581736787115556e-04
5.833382708523956106e-04
5.048810418832307091e-04
6.153342292702953902e-04
5.877316469500659755e-04
5.459945944471704740e-04
8.072218261739267991e-04
4.797743812574621560e-04
4.907989669727695148e-04
3.105794550769451576e-04
4.981143423927544703e-04
3.519621420355979529e-04
1.038668415787106104e-03
1.331471695845340203e-03
4.825393959172493254e-04
1.598440256807255383e-03
8.747768668666271608e-04
2.224381141396312728e-03
5.274429884468123924e-04
3.203834857800276254e-04
5.863214410140037440e-04
2.114889134753330027e-03
1.055268740401885249e-03
4.103271316952498016e-04
1.114490008415035044e-03
2.929535781618374229e-03
3.690123008754285939e-03
5.068774278450586222e-04
3.739675590385281492e-04
4.086301087480397574e-03
5.321345271751990813e-04
7.885081928658186322e-04
1.336484378860723589e-03
1.290983153793294610e-03
2.919706607662249506e-04
3.740536246777290369e-04
5.816275861382208924e-04
8.089279966586083743e-04
4.610743845556118659e-04
4.740265967396202658e-03
1.331353914411383815e-03
1.213492642939734698e-03
1.056071620905215704e-03
3.981568309304387007e-04
9.156943802341610972e-04
1.252877297000996393e-03
3.025401719730952399e-03
6.318791419802253324e-04
3.621439527647995018e-04
7.796720832905924391e-04
3.662591031131026014e-04
5.789885908011699290e-04
7.540518518068623985e-04
8.268063148633201208e-04
4.359479723141756308e-04
3.104112039964044786e-04
1.415214094219720709e-03
7.353813064712145207e-04
4.538031228809565683e-04
3.513572959049705608e-04
7.780713867062114030e-04
5.549081921035739409e-04
1.590850561187235127e-03
2.260465599943610058e-04
1.304290322697106716e-03
1.516788000875027081e-03
1.498692359428493732e-03
1.483741189297407836e-03
1.463971808147748917e-03
5.767507773703677357e-04
1.317497153307711734e-03
2.720002174052658797e-04
4.644107288714132645e-04
4.118548469483044217e-04
2.743855771532628272e-04
3.353570604207174689e-04
5.540954868430322507e-04
9.633340204724451803e-04
1.381996397793245745e-03
4.800243042670665223e-04
6.776961722270730820e-04
2.413185811498499999e-04
7.202570257862953799e-04
1.902509621034409373e-03
1.167921668189787288e-03
1.462568818424746188e-03
1.313111157959845343e-03
5.778997212658543246e-04
4.423554983189086683e-04
2.179679238427062828e-04
1.068061202198892536e-03
3.659525429248783497e-04
2.136238536138715827e-03
1.085527420967293336e-03
5.124724241246283573e-04
5.501573157839234358e-04
3.876751284116658263e-04
6.044817428422954086e-04
3.894821946278270611e-04
2.604233668264573087e-04
2.114889134753330027e-03
5.398520149854778728e-04
4.847148936451375120e-04
7.112708929181393424e-04
2.816864546362625801e-03
7.704457791832088672e-04
2.424707471286733067e-03
9.979963110534533031e-04
3.681017337614607898e-04
2.805545891371921804e-04
5.213183575561308606e-04
8.378092280475957958e-04
5.725788922903523020e-04
1.374312157090170662e-03
1.859423414891510059e-03
1.662432600717084728e-03
1.193468552025463798e-03
6.347363289728686969e-04
1.747519197952273392e-03
7.352831615071526907e-04
7.621129945159196058e-04
1.382200182186434437e-03
1.840444674905999684e-03
3.857470836736426453e-04
4.767485708955415441e-04
6.435994047697237222e-03
2.671941300710333205e-04
2.733797486526700488e-04
1.027002242051500104e-03
1.876821660944779681e-03
6.528754428922751811e-04
3.951163712653158974e-04
9.844735658166184171e-04
3.493876001605967238e-04
8.534066139288932692e-03
6.751645460615958048e-04
1.771087110993036775e-03
4.401294236131901940e-04
1.128089452754408922e-03
2.632559643349270694e-04
6.130301341479418636e-04
4.402909464981241542e-04
7.378231326390306995e-04
6.981179088433130510e-04
9.591353530676225130e-04
9.000522453904929001e-04
5.305093694882066042e-04
5.505852516986990209e-04
1.876821660944779681e-03
2.260608717946129139e-04
8.585458749367072323e-04
9.934204582456036391e-04
1.276822007129246352e-03
2.658069955084390798e-03
3.711476565814902972e-04
3.389644922028787989e-04
6.747874230505759505e-04
2.172055847726196958e-03
7.212522993870157471e-04
3.849275224222079798e-03
1.663345432448510479e-03
1.405023552849413637e-03
4.910470432778035309e-04
4.922642840619103483e-04
9.034216512060385925e-04
1.409271995415245374e-03
2.914647243659460908e-03
7.621129945159196058e-04
4.136052519218212892e-04
8.256277772101486712e-04
4.119182341364705478e-03
8.098967341001813043e-04
3.622539418957781802e-03
3.686609586341870869e-03
1.887444147790924088e-03
7.852377940081932232e-04
6.638019367529014812e-04
8.410624329862208303e-04
1.148647481696316551e-03
3.038462411388673690e-04
3.524565321755563502e-04
3.657779417830344434e-03
5.487717487194088270e-04
8.506515078312508037e-04
3.876675932542751461e-04
2.152431946898936274e-04
1.691305008328195924e-03
4.285542843185303520e-04
4.382889679869396296e-04
3.064130185312901721e-04
5.223057327035641973e-04
6.527041136089564884e-04
8.691241278101059049e-04
5.293186975265900662e-04
9.073608586912463225e-04
8.985183797699421160e-04
3.718787993362071618e-04
1.611030216508132010e-03
7.176994752763547585e-04
1.212357023729697088e-03
6.318033590636405912e-04
5.676721920362539460e-04
6.527753420114438751e-04
4.438472068569220886e-04
