6.699510643690487297e-04
4.933369549997050022e-04
2.629736441977401323e-04
4.483465803636314676e-04
6.918329265322048808e-04
2.841063198307838800e-04
7.872833670579959271e-04
5.949389144279307708e-04
5.684153517285260365e-04
4.912964717427035014e-04
4.868274561312869357e-04
1.969186239467808370e-03
5.337421408227176634e-04
5.641199711497140020e-04
7.383967459115057348e-04
2.845255853275706261e-03
3.688420211370972029e-04
3.254166916837668787e-04
7.698355360254481670e-04
1.394012639945867377e-03
3.416216081308378022e-04
7.605756681602751429e-04
5.138592843837623894e-04
2.538610025413907370e-04
7.642432236714127251e-04
4.330436230657376019e-04
9.459680463965022476e-04
5.178746896196869667e-04
8.992258778815104573e-04
3.399615870523332384e-04
3.753819325028842527e-04
4.835325165617227632e-04
5.413835052216995356e-04
6.750013435819413781e-04
4.562753546195426248e-04
1.370375016879879721e-03
1.831619004348482337e-03
1.154409012430088546e-03
1.173443425115049859e-03
9.469848499102712829e-04
1.480569774769220073e-03
6.403316542414235748e-04
3.885617020508241003e-04
2.993657668455195972e-04
3.488199753819298961e-04
4.095753994705499763e-04
3.097830617630318185e-03
7.606114197988773137e-04
2.178111569739481007e-04
3.023169554230647842e-04
3.518209589644474312e-04
3.155029167519084275e-03
2.395875816985687870e-03
3.320391338841718258e-04
5.245184663849563386e-04
7.815748973883470578e-04
5.941741741150721257e-04
9.822958032018878124e-04
2.383058558903462104e-03
9.981021314644773854e-04
9.086176500677483475e-04
1.148821701106669205e-03
2.372070262589404371e-04
5.542692738101738905e-04
1.792508828668302329e-03
8.136863503834318922e-04
1.047149805978589681e-03
1.040442559304190998e-03
2.126447829896679215e-03
4.622463941403485380e-04
1.984836976981960415e-03
1.653075624528948032e-03
2.383557624526166582e-03
4.465421479372731848e-04
7.010321034416517076e-04
7.268755188201885074e-04
6.440057001910454550e-04
3.398936553734207763e-03
5.271633654586619028e-04
3.577412488090139894e-04
3.348487067440615518e-04
6.724071358951587071e-04
2.152209505408485875e-03
5.083649757232596485e-04
9.656199878344787386e-04
1.162643318635027748e-03
1.601827917349153349e-03
3.283495399734653788e-04
7.246662982587937516e-04
9.371849329760674734e-04
4.156426617290754277e-04
3.642525952213678214e-04
4.782388571998885695e-04
6.584693186748618492e-04
3.487621604271712414e-04
3.478642614457683299e-04
1.746948583086516420e-04
5.722353549394176321e-04
4.436141624039510170e-04
3.915612516791807003e-03
6.748013300586436572e-04
4.970234818123442280e-04
7.546995562021754141e-04
4.300257661773304054e-04
4.191377271604999270e-04
5.955948605541015739e-04
6.038107142996356966e-04
6.716530499884616409e-04
2.968154666255526201e-04
5.228044667304508142e-04
2.332472085574797266e-02
5.225259216429390795e-04
1.434767511271199843e-03
2.578279230396452945e-03
5.422006493271711936e-04
5.930544947079417978e-04
6.484416315921936189e-04
3.095968123947787629e-04
5.934890077406606472e-04
2.775276258610943013e-04
3.363244479172589345e-04
2.248409894570600146e-03
5.559143014021690823e-04
2.379828784124769791e-04
9.145591434251205314e-04
7.326910211937045017e-04
3.135135592374650574e-04
2.618054849247297569e-04
6.421299343016579654e-03
5.980648535574951226e-04
8.301281300642424348e-04
6.148540671408340898e-04
4.957037797383769548e-04
1.230815858981187732e-03
8.588692209295630074e-04
5.316747566884355352e-04
4.219769078888320523e-04
5.158912422929857891e-04
2.572566723380082703e-04
2.930515458371127152e-04
3.502315224144308893e-04
3.572039808840652168e-04
1.360748109951889556e-03
1.444134396606776630e-03
4.260534307577126703e-04
9.036008487938802965e-04
9.566437182898184345e-04
3.652656168107342501e-04
8.211968656278161201e-04
3.356850705435848715e-04
4.284338203383708911e-04
1.434767511271199843e-03
5.209873538051208253e-04
1.812556719027189457e-03
3.246593817379213234e-03
4.358176327156408581e-04
2.857223809949088257e-04
4.326642104498031765e-04
5.521916699080557309e-04
7.629808516125624954e-04
9.509834095254226377e-03
1.310555064774666240e-03
6.415208843741674553e-04
1.788754258015678089e-03
8.125300859426624932e-04
5.035678033904195236e-04
8.234455523502751248e-04
1.871956572726640126e-03
2.316780349228220182e-03
4.300240126814914242e-04
4.831143228270821065e-04
5.725940152567986566e-03
4.122423146281587055e-04
2.126304789977686432e-03
2.861463640910269588e-03
6.348445204100044460e-04
4.344990434162907737e-04
1.057717513058140579e-03
1.252193654829042739e-03
1.228226836129735775e-03
5.498932861239649904e-04
6.642982020939984522e-03
3.721779407362626091e-04
1.213699922954620440e-03
5.719956451175155611e-04
3.449996405844650517e-04
8.552135762742669794e-04
3.166279731145805066e-03
3.846611603514976056e-04
5.749051659747633509e-04
4.911980715582016203e-04
5.191439029290461065e-04
4.269254948214236184e-04
2.629054926457249051e-03
1.073652510626534788e-03
2.523368934075513668e-04
4.097030758615137166e-04
7.058968081875058699e-04
8.430251750774581327e-04
6.962338382114752590e-04
3.781381598843092736e-04
1.139598821279791049e-03
7.022219681911693245e-04
6.099277546460945458e-04
8.419915574798996416e-04
9.078280611509886334e-04
3.233516824081929838e-04
5.966015286563607556e-04
4.811806942153840690e-04
8.511947123158672022e-04
2.898748001147050373e-04
3.923220366309858038e-04
2.345534765789485891e-04
5.235804403421752103e-04
4.822587438499289212e-04
4.466877148361936842e-04
1.432816223661073987e-03
4.759280156121935865e-04
8.476926854982587845e-04
1.400899618506800835e-03
8.632916222045197577e-04
7.108514730578521963e-04
3.211492809260519093e-04
2.976952571214303228e-04
9.932941488692847726e-04
6.458993052591157453e-04
6.259397640427835207e-04
9.489509591606448431e-04
6.568149536811610911e-04
5.362347943792600876e-04
3.584267670260487008e-04
4.126320640604377974e-04
5.967076071309217406e-04
5.757346385538996553e-03
4.509043871999592230e-03
1.543495210121477272e-03
1.124982789497887487e-03
8.136778140044759753e-04
6.509263646544977003e-04
1.746945304959875893e-03
1.235605411532966639e-03
5.677006611396387794e-04
3.794209581793487403e-04
5.287576631254539954e-04
5.133014712068752466e-04
7.311061584512642923e-04
9.172050821551951203e-04
7.693327471352261497e-04
3.857247792181900219e-04
8.212890632528933779e-04
4.275968495019333467e-04
6.685356131453432495e-04
3.118659667589439213e-03
4.520384393345974403e-04
9.355598815471725862e-04
4.948427835874851573e-04
4.144457807666925031e-04
1.469827034916209186e-03
1.748208373711688884e-04
1.252324571544631907e-03
9.526685656664533961e-04
2.380533162615739665e-03
2.793536598946270945e-04
4.179106699257410904e-04
2.349110359694169588e-03
4.120898264680914781e-04
5.495707598907798421e-04
8.308092982228066454e-04
9.307888348876605178e-04
4.056736671178147696e-04
1.198289815139120650e-03
1.128624718265673881e-03
1.615172510223298729e-03
6.314793614553927464e-04
7.704885564924407243e-04
1.021515112912926588e-03
1.552868522613424541e-03
1.518866884549352177e-03
3.720193166557336068e-04
8.711953424275477526e-04
3.164224514708638002e-04
1.827979524474456895e-03
6.375135711311884917e-04
1.418586213219808455e-03
6.154322224674924112e-04
2.478541318755947431e-04
8.853216151933374642e-04
4.633773797827777687e-04
8.427833604597765541e-04
4.354745833359658876e-04
5.344544070628765324e-04
1.064794523089625635e-03
1.439476840647642940e-03
1.178675954735271649e-03
2.483260026503319876e-04
1.086413061985325775e-03
4.910952045496003344e-04
6.906486467251667788e-04
2.704636886647284084e-04
3.257205851299151069e-04
8.015311182752818961e-04
4.902292327148038194e-04
3.894710177983366555e-04
1.064794523089625635e-03
9.186030086884468130e-04
1.217958190722916298e-03
1.326466831405554098e-03
3.449852525685298565e-04
7.008889841694079586e-04
3.386395156385742190e-04
1.003741810087448779e-03
3.968970407857973790e-04
2.635491102134524801e-04
4.129964182672650626e-04
2.677062402515207598e-04
1.126610437961801268e-03
5.225057609047077710e-04
4.629792206804574420e-04
2.625841069002787711e-03
3.440384930851889600e-04
2.468280615351001921e-04
3.856664221617759724e-04
7.333574226307588593e-04
4.802455061931150599e-04
1.249742416684828219e-03
1.101431463289860189e-03
3.444312894405101569e-04
3.121673718090904278e-04
4.045663345352481653e-04
4.331647351511334031e-03
5.352175223510762881e-04
2.468972053950969177e-04
2.798072066012577755e-04
7.551166275555807553e-04
3.746024819051802868e-04
1.068448897476521973e-03
7.321965802161273761e-04
6.234580677772847811e-04
5.652028676367435930e-04
4.471651203114878964e-04
2.226677168369460558e-03
4.831143228270821065e-04
8.180460437386410802e-04
6.479967718164259503e-04
9.039082879810470287e-04
1.448825953175715163e-03
4.209757679374532386e-04
1.044921162755702883e-03
4.880443296569834922e-04
4.087491776090625747e-04
4.519374225000117760e-04
6.403515878591219991e-04
1.089340082029007341e-03
3.489771035265766780e-04
1.643726158423524384e-03
6.513150674270768012e-04
7.860759741010709756e-04
1.335200289625937311e-03
1.643939984258897553e-03
5.112931009248729633e-04
2.835348595619598577e-04
6.121371666976602437e-04
5.951577861654410362e-04
2.856303566079761006e-04
8.375267423137824950e-04
3.891411527888564894e-03
1.485899667230256450e-03
3.192934281891070519e-03
3.321801448015407202e-04
4.679452070530861494e-04
5.881281368613624572e-04
1.009787315197680727e-03
8.040914786112677475e-04
1.117709686896038029e-03
3.797277675067767797e-04
2.859017658001764450e-04
1.192412679348226444e-03
9.283788391508590370e-04
1.223005131577204526e-03
8.930532540929152089e-04
7.221690322794759032e-04
7.695947790523933064e-04
2.676986488895739336e-04
7.019573367121216328e-04
1.068817016194681347e-03
5.270035669961740336e-04
4.067992810791497618e-04
9.362491170414027203e-04
6.133135693922762630e-04
7.317746854178970584e-04
5.148479951114356620e-04
1.434767511271199843e-03
1.964442226704982315e-03
3.332107182818384839e-04
1.082683315976185187e-03
7.311577315668130617e-04
4.133544115456891832e-04
6.211259889140075810e-04
2.676817384000347751e-03
7.962521465368890741e-04
5.710776639700536556e-04
1.583691394183602994e-03
1.502968133799971245e-03
6.110088231646936506e-04
6.526275674170490268e-04
7.598234843897468116e-04
7.871152296636600666e-04
2.859017658001764450e-04
3.634280257600464980e-04
3.823844131540300208e-04
4.145060863613501240e-04
4.646925336060482386e-04
4.097944862404519282e-04
6.698935629964203895e-04
7.384917857250283086e-04
3.409567308039949084e-04
4.960942382983208384e-04
5.463255125673086498e-04
3.505516096221860636e-04
9.088487699069147750e-04
3.371367835251852497e-04
2.349110359694169588e-03
1.048773434498576681e-03
1.044921162755702883e-03
2.379491990793035740e-04
7.070542678117312709e-04
8.441570171828280790e-04
1.090589583226187929e-03
4.219217322701346480e-03
4.764887200551820470e-04
6.129003901280950751e-04
2.007027114426501897e-03
1.082034534316384921e-03
1.084427483449719063e-03
5.282473845692514701e-04
4.045663345352481653e-04
6.333569566998949359e-04
2.300566915875437105e-03
1.206232760700193382e-03
6.978552690635841764e-04
4.747060256166631196e-04
2.496961849499027670e-04
5.775573710935609636e-04
7.653714464630373719e-04
1.384790815079174836e-03
4.821367398961453081e-04
1.244499922063094536e-03
1.340133029849875255e-03
4.594052137958484533e-04
7.915217905448235051e-04
5.080049699812370922e-04
1.174040073757211819e-03
5.489316433807353048e-04
5.204367219318034978e-04
5.692960216151040807e-04
6.517440553241518348e-04
7.673322449015896945e-04
4.304515213265971692e-04
8.107821496786151143e-04
4.991600833484001335e-04
5.128966988554488696e-04
5.022911528990316307e-04
1.448825953175715163e-03
1.003897887793432208e-03
4.149513998248914484e-04
4.381379241111776185e-04
2.235085826777485549e-04
2.476235017739114239e-03
2.401996538657317961e-03
3.252919736958449510e-03
1.296976089120048612e-03
2.823538377434734402e-04
1.150064160156539193e-03
6.014315724519155503e-04
7.868661398705218465e-04
2.224311741067562054e-04
3.897012082608192359e-04
4.835005923902200371e-04
8.546586327631656510e-04
1.418586213219808455e-03
4.004801198292363106e-03
1.338250476210520916e-03
1.073832010685780861e-03
3.022042921177420325e-04
4.788830402578838751e-04
1.195446670056206232e-03
1.416208635553072373e-03
6.658282445610062480e-04
8.925720265681791939e-04
1.261868424551046202e-03
2.086289365122104712e-03
3.796714915901839150e-04
7.103663688890123626e-04
6.875751595803664476e-04
4.941952814089517042e-04
6.005820190657855211e-04
1.003113132282170165e-03
1.042380030098979385e-03
9.566887310526122441e-04
3.191830729998194373e-03
1.476920342394692515e-03
2.482717896409241277e-03
5.532103374328847453e-04
5.981242660995774937e-04
1.282048987320546759e-03
3.973418749252900437e-04
1.192412679348226444e-03
7.279397882825934269e-04
7.790875062716079999e-04
3.839813106207158708e-04
5.833465588195070476e-04
1.003741810087448779e-03
1.312634321866867817e-03
9.493812696112378588e-04
7.307333171358257502e-04
5.416104776650629803e-04
3.979530000779561857e-04
5.833677706623831933e-04
1.336710144769339597e-03
3.804087482486559002e-04
3.363671685566645055e-03
1.428342283007883601e-03
4.208447480031535064e-03
6.387153326017372618e-04
4.867611469695950523e-03
2.012304934425439285e-03
4.115084177743333479e-04
3.007518082249007341e-03
1.961024212207412246e-03
1.066936968177524580e-03
5.185588606099618934e-04
6.680744812829235088e-04
4.620942878800251815e-04
1.312538541141315381e-03
2.352867317122888952e-03
4.659400797910963929e-04
9.777374443975400415e-04
7.748002543902699933e-04
1.459729214570424250e-03
8.181673473600107249e-04
7.417323582696104230e-04
3.365455797346107811e-03
9.877715850314184101e-04
4.435609069214187304e-04
3.362891922902284773e-04
2.642819050705229756e-04
5.862025507260882912e-04
7.797288627193506424e-04
7.122278900186813227e-04
7.328212244126835681e-04
2.138531770951947620e-03
6.717218466582361566e-04
1.247982649525442673e-03
6.047798633045089935e-04
3.897012082608192359e-04
4.162686899337210140e-04
1.228502900320659411e-03
7.531657898814663084e-04
7.275570059100117245e-04
3.447185613721363731e-04
1.984836976981960415e-03
4.234898633660299648e-04
4.218615499649103553e-04
4.939538884048552073e-04
1.065456963181909446e-03
7.556106977326629715e-04
5.474193883696731704e-04
6.170102084031359787e-04
1.076119942535311031e-03
4.574153202485981722e-04
7.913488468215466821e-04
6.524137048757547861e-04
2.815846620839950842e-04
3.835238100629745242e-04
2.555706325633984115e-04
4.098870648955017337e-04
3.704922177078562350e-04
5.894288837783392705e-04
9.466701047256412867e-04
2.890876866356560399e-04
4.540279308102545576e-03
1.076058980545892274e-03
4.658499133203225333e-04
6.550168488290442894e-04
2.073230538492407040e-03
3.764152605809285867e-04
5.066814613788473819e-04
6.600878233122847326e-04
6.278543700777403265e-04
1.065978086541170041e-03
8.102026365980807745e-04
3.231166338702234821e-04
5.057733978479627421e-04
9.153446356361031157e-04
2.922307564876561940e-04
7.625504245886052367e-04
6.605276326577945879e-04
1.253522456874858011e-03
4.924774776495363052e-04
8.071432940057361727e-04
5.134999376997436207e-03
3.795416833901900898e-04
1.239642056223439100e-03
2.613980960890766709e-04
3.897012082608192359e-04
5.675356401652029452e-04
6.455301867716190661e-04
6.215141918353782975e-04
9.608732685847965480e-04
3.301425455113652578e-04
2.188388781832939414e-04
3.118639761048098871e-04
2.525731858815035173e-04
6.552497866920732258e-03
5.713304153336044161e-04
3.128744063358053322e-03
6.179374115623057634e-04
2.708056176864926702e-03
6.891259909930889807e-04
5.332562048705767393e-04
7.068340879182369698e-04
8.540228155756607884e-04
5.770341638953355948e-04
3.579461238611574871e-04
1.590752031794498856e-03
7.824186861961253143e-04
6.127459216631269377e-04
4.846535364302041672e-04
8.127443134998234417e-04
4.564991168347565177e-04
2.204243540173435594e-04
9.938907612045274568e-04
3.933377496517337607e-04
6.666994939018070204e-04
1.135037146521621423e-03
9.502718444025692792e-04
6.304354377325586869e-04
4.213671756559068319e-04
5.756439798235462235e-04
1.244640741200543198e-03
8.824917565500258647e-04
7.040060774381809439e-04
8.192891367139284358e-04
8.847886494303648045e-04
4.005573762329015571e-04
2.621964153481502096e-04
8.237856592634747047e-04
3.508416951266603995e-04
6.339102086070377926e-04
4.690390648014759051e-04
3.647839897665836138e-04
9.387964248373701324e-04
1.230815858981187732e-03
2.595445062437703922e-03
1.151490356598201944e-03
6.026341361086901861e-04
7.217177907611184526e-04
4.014894185093248642e-03
6.834654319353877013e-04
1.656134291896506393e-03
6.651480813719905889e-04
1.215422371633874139e-03
4.478241701964847678e-04
5.297512334677354504e-04
1.204715247337522725e-03
1.057814322067150530e-03
5.295661884209783418e-04
5.852300010030610841e-04
3.363181140224126391e-03
1.499125671246680875e-03
6.651480813719905889e-04
8.222636186021908995e-04
6.941182325208103236e-03
1.357141074019887735e-03
3.781391765287044071e-04
4.218962882971207147e-03
1.819486071277408388e-03
1.950775004379104579e-03
2.911028633700934684e-04
9.798720140594607483e-04
2.058418900804880134e-03
9.924208899463719553e-04
1.207486387143832636e-03
1.985763402667952131e-04
1.006759670408224894e-03
6.195465242655196761e-04
7.575592926465006625e-04
8.122506942159504967e-04
8.749545798140081652e-04
6.370603303619009781e-04
3.123838968498727489e-04
2.910005436461102516e-04
8.450802016691721453e-04
6.310785499057034158e-04
6.753616873988298880e-04
4.144871754781444977e-04
2.470089319008550986e-04
2.891247907397979998e-04
3.766710370750791441e-04
1.266807336528631006e-02
8.561290331100074270e-04
8.074652069504614825e-04
7.018551713718680120e-04
2.847724658377564751e-04
5.310247907834663274e-04
3.501896323758326790e-04
3.915029765978441040e-04
9.049742390729857049e-04
8.805458728287238407e-04
5.416104776650629803e-04
5.320132981302426239e-04
6.020919406351326296e-04
4.747932209196055724e-04
3.123838968498727489e-04
1.094251301603378851e-03
1.080464419210660056e-03
4.250618078411734198e-04
9.591562541001744579e-04
9.707032576782753707e-04
2.977699544452079008e-04
4.990708817609252387e-04
5.737424413301126696e-04
7.648681372191245545e-04
1.207486387143832636e-03
5.111759318136987898e-04
3.897012082608192359e-04
5.165865342392554583e-04
3.637297096890424234e-04
8.861130612890075111e-04
2.171522242458052716e-04
3.849648201880264894e-03
3.958789787912473865e-04
7.331199761837461004e-04
3.367108526368510902e-04
2.910329258648791640e-04
4.229760317312274923e-04
7.210039483475737645e-04
3.568504855976838900e-04
1.504299438301700880e-03
4.819890484251847565e-04
5.852069499484794778e-04
5.725940152567986566e-03
3.898685859319411242e-04
1.948664348140775231e-03
3.050589295654125782e-04
4.987641619642580425e-04
3.490415415338404478e-03
2.876320580986335565e-04
2.373578589669969477e-04
6.104048236054238161e-04
3.511220861702618341e-04
3.192499113549459558e-04
8.241383943135797020e-04
9.962159198448525786e-04
2.905768513977212766e-03
3.683908900325862210e-04
2.138096073836435584e-03
2.698093643373458608e-04
4.579510725351428838e-04
2.041950976847321624e-03
3.686293777276622831e-04
6.440057001910454550e-04
6.179535026809279945e-04
1.990489219255314225e-03
4.701480863779796781e-04
4.912976722172920528e-04
3.331219527619316031e-04
1.317761790928012730e-03
6.902565985256989322e-04
2.436757829511066072e-03
9.557759250299694689e-04
3.674974818067213594e-04
5.910543389596624583e-04
6.631308825392371676e-04
5.149803014892784811e-04
6.230066479996494407e-04
4.010155544900533822e-04
2.614533290383936237e-04
4.956688504685655789e-04
4.639085786345980449e-04
5.756963632803228145e-04
3.710058877615362346e-03
6.622239891869857731e-04
2.594619378139419023e-04
1.628971316134760405e-03
5.733318513517175231e-03
1.430149741542093705e-03
6.599595750971209681e-04
4.229485778687793341e-04
2.234396052591341802e-04
3.310112923570894712e-03
1.124750034209908009e-03
9.231309868867059072e-04
1.686641169777452088e-03
2.677223847567981787e-03
5.826689570866006723e-04
5.074466999409565872e-04
8.700506643208845772e-04
4.409495494433749623e-04
9.472516695286138395e-04
6.918530472877781629e-04
1.251189201234596468e-03
1.831619004348482337e-03
4.133895577559198011e-04
4.433694017633617182e-04
3.705318613362964023e-04
3.171079891747953625e-04
1.580002315975741938e-03
4.243391292338273384e-03
3.419440239552018674e-04
5.079794285366410513e-04
1.337471216305207919e-03
1.954600406080109209e-02
9.663927205212214083e-04
3.417206822689152477e-04
8.529963229145005486e-04
4.863263046932135634e-04
4.044060321115567442e-04
4.200347932338193736e-03
6.046827573378487329e-04
2.251020702306388236e-04
3.534643089852652735e-04
5.323543495834482005e-04
7.318136045495606890e-04
1.451723044022489679e-03
7.335557770831898890e-04
3.969270189056309565e-04
3.897624118598730695e-04
5.619552203025528344e-04
2.519778897212670015e-04
6.279612504682498871e-04
6.653861408233608006e-04
2.916592019783180163e-04
4.672857987288650127e-04
4.810470358841469627e-04
2.611552986506206751e-04
7.663425511754432201e-04
8.027675441639638013e-04
9.482962532062253576e-04
6.399419011415004950e-04
1.560642652788621224e-03
2.392944641482126788e-04
1.064794523089625635e-03
3.351499895901969227e-04
3.873885117677395261e-04
4.619622887117785575e-04
1.264934694373403721e-03
8.978315503445293650e-04
2.612841311675502976e-03
1.580002315975741938e-03
3.973059082042508234e-04
3.303983869294744940e-04
9.609353735194368440e-04
7.039857000379942231e-04
9.817568921112978901e-04
5.377563108543477076e-04
1.210426448995647860e-03
4.022572585999612091e-04
7.391197586407386583e-04
1.950775004379104579e-03
1.907673160316957764e-03
1.709551704676316774e-03
3.209106559809341659e-04
8.662781894967839895e-04
6.215541486059450059e-04
7.778973751754021887e-04
6.265199512212230688e-04
6.930181123669032148e-04
9.433587255592512872e-04
4.111044609160845143e-04
4.047973648320398951e-03
4.292369832701536611e-04
1.733330470580501156e-03
7.348306461198031783e-04
7.604475866408930140e-04
4.467337422193737371e-04
1.913740692342461502e-03
4.109843115027285942e-04
1.957818755033592997e-03
7.326806644020496381e-04
4.018493050141980563e-04
1.437076266814440789e-03
1.153255564434320845e-03
5.749157443619308788e-04
3.820293271148411120e-04
1.442405799554968902e-04
5.137420244539219350e-04
1.008087366338469067e-03
7.605051982666975177e-04
6.839278419454164612e-04
5.308831079241555125e-04
3.532971517200625411e-03
8.714814136929448229e-04
1.273685517405310531e-03
5.021652278804231368e-04
4.583536227410824363e-04
5.871500308695107653e-04
2.985603925051941057e-04
2.895954362353423588e-04
6.540534437259144449e-04
1.002027148770804873e-03
9.826227847340206559e-04
8.008367551625096472e-04
5.460498969788848880e-04
2.479991880190709022e-04
4.017865569390391086e-04
6.724529702177074221e-04
6.688660923534314913e-04
1.858043419305799315e-04
5.564868685096126689e-04
4.355633335750495579e-04
8.050023273744384049e-04
2.176457529081919032e-03
5.600069330806190003e-04
1.321833804811659930e-03
1.420950861335380658e-03
3.872195202418049920e-04
7.168744041447562294e-04
9.242075015726643932e-04
4.327142318842036291e-04
9.573774680275689902e-04
5.191438928990273205e-03
2.378893787143909495e-03
5.577254042458944802e-04
1.202664613382924304e-03
2.670330575462109769e-04
3.789672202186995234e-04
1.079737833084930786e-03
5.615722318734582422e-04
8.337105776195174144e-04
4.066745601720194369e-04
2.276400957301640124e-04
4.092093783909854878e-04
6.756452808951747416e-04
2.088716620802369590e-03
4.172600675077074587e-04
2.591332592578398470e-04
4.448194516007098419e-04
7.539755426161485639e-04
8.881660639065554154e-04
4.043209037342017907e-04
1.312634321866867817e-03
1.064434031669588996e-03
1.169661658117992836e-03
1.326466831405554098e-03
4.164257037069638468e-04
7.149874200071214660e-04
4.769787492079479861e-04
3.621173357550308905e-04
4.282686468628310811e-04
2.608419594529367419e-04
7.132008262628844898e-04
5.897079655330028040e-04
4.027889061611986555e-04
1.397288100660198061e-03
4.947657599931336216e-04
1.121957070267780342e-03
6.440071964548063285e-03
7.275570059100117245e-04
2.860277836656062076e-04
9.107110431603898963e-04
1.978292393207203327e-03
8.496922906380425860e-04
4.465499538629711632e-04
2.924893942160150810e-04
6.193773403642638484e-04
5.142791357828717901e-04
5.883429437957631665e-04
5.226297686831248967e-04
9.123035558577284945e-04
2.173045516944192065e-03
5.077890967347307126e-04
1.064366472548078325e-03
1.064794523089625635e-03
4.035429572155536265e-04
1.086413061985325775e-03
1.200151925835364532e-03
7.815534473916904701e-04
3.391346326996100930e-04
5.011551847037887036e-04
6.612101837607189557e-04
5.019652945807365901e-04
7.395756378033458561e-04
1.125104045089775481e-03
1.698637373084040678e-03
3.897012082608192359e-04
2.594280523417733225e-03
5.225361358279829614e-04
3.548701443287703120e-04
1.699242580031587761e-03
4.369549369669595631e-04
9.760206783914277462e-04
3.043845364056143080e-04
6.855716060753179160e-04
8.422431914016400949e-04
8.743323506698816045e-04
2.990885285443785997e-04
3.412820329825397574e-04
2.356930477816675468e-04
3.417438756365194399e-04
