8.973516807536798890e-04
4.986102463313757871e-04
1.292592834690275841e-03
9.916636152232085819e-04
8.509168253038153695e-04
3.076482781840694141e-04
1.235653526259809787e-03
6.799258145185913069e-04
8.405383166992279808e-04
2.057300191187589819e-03
1.554005512697300426e-03
8.160440950543424712e-04
3.697221850915433919e-04
9.867597507422578868e-04
3.962914976329300933e-04
3.272916416691405727e-04
7.260414334924260608e-04
4.295429203485560889e-04
7.557875913493859905e-03
5.518212946331390407e-04
2.717318725519645480e-03
1.100164389528860819e-03
5.026226853081778136e-04
1.437623699518939153e-03
7.844906479655496976e-04
1.411927936077210857e-03
4.271294719315023910e-04
8.661766026306119389e-04
5.453967062378786918e-04
4.164137672179706040e-04
8.873925578945099715e-04
1.040436119813787849e-03
1.062144602804691038e-03
1.151480226038932879e-03
4.943781429748242157e-04
7.862471446255222879e-04
3.020167708878750221e-04
4.862720893136508716e-04
4.877812199935378833e-04
1.157196755246073889e-03
2.030987578273127890e-03
9.954836695229005768e-04
4.000322705754556850e-04
3.217328773756409190e-04
1.710809158298545480e-03
5.348336324300959977e-04
1.962503999276017392e-03
6.687035696161887279e-04
1.117171536271949510e-03
1.469259241286906791e-03
8.033191967704889384e-04
3.529592165598099268e-04
4.790034916883259726e-03
1.754913076250956484e-04
1.288049036215013722e-03
1.175069586322115582e-03
5.337471036930383113e-04
2.055410477313889504e-03
1.091278833663195114e-03
1.079819389122870519e-03
4.622396686355131554e-03
1.955967354871611559e-03
8.231218558763195867e-04
9.337402760514831737e-04
7.674721400055431290e-04
6.450012990940639417e-04
1.684184929046394098e-03
8.967850658567740139e-04
1.049290321385898178e-03
5.883163620130465706e-04
9.335744825691446409e-04
9.511637706277577741e-04
4.866787905749081554e-04
3.967372492686244384e-04
7.533747605772186245e-04
7.122901133035553119e-04
9.780243085857475305e-04
6.955772464659421223e-04
2.182188768372932066e-04
1.971500736339217193e-03
6.221470510575292760e-04
2.312982508372359719e-04
7.166120847874333025e-04
4.894141502260499973e-04
4.213649203340560077e-04
3.227374904402478448e-04
3.398246951333498255e-04
3.101863007178415257e-03
2.234989344452342243e-03
9.138587012931193108e-04
1.440728777562113715e-03
7.115234503240612822e-04
2.808598774053859244e-04
8.853794295553020759e-04
3.133791298577340723e-04
7.825484441093952985e-04
7.716542416103512820e-04
4.078731322864096397e-04
8.836824104309760983e-04
2.007753734577441551e-03
5.811301585094615389e-04
3.030719432573817339e-04
2.966308115818590795e-03
9.112355043865300866e-04
8.676539425654959453e-04
1.445729670822466567e-03
9.226881712919570312e-04
3.550428621947443854e-04
8.366526637379800629e-04
1.375678282186701493e-03
1.109933567121279205e-03
3.710286326216639019e-04
2.062768954766704642e-04
5.323982832604788823e-04
1.307425047489209477e-03
4.201788642145397323e-03
5.663680151148644745e-04
6.465084167160766414e-04
2.954799673622509910e-03
1.118949575862173643e-03
6.234679940427283922e-04
7.679943801325644567e-04
6.313460585236011901e-04
1.908198710778597493e-03
3.376774085587426499e-04
4.359526250194712890e-03
3.887482231738099026e-04
4.142186612562349327e-04
1.107057677793478077e-03
7.311538428270172819e-04
2.063854960751858227e-03
6.863685817935339479e-04
3.364596247293183515e-04
2.093713704644906744e-03
9.655628636738301492e-04
6.736517161450211516e-04
2.585434915674017140e-04
1.984563356006560555e-03
8.103113438963544012e-04
7.593774176000434029e-04
5.603710943422273274e-04
7.416075759223202807e-04
8.404211649443881675e-04
3.101863007178415257e-03
6.331332216941335618e-04
4.249076176770377918e-03
7.757037628616194518e-04
5.403463784031111794e-04
4.973835797640370222e-04
2.139184796254110094e-03
3.747486480000674475e-04
1.623854744991109047e-03
4.078784006096648589e-03
7.840979275041012192e-03
1.030834008897762956e-03
2.142149830218354335e-04
3.328681917579645404e-04
5.508806285521633452e-04
1.052170312936564307e-03
1.348898252633471935e-03
2.244374597786481275e-03
3.439630815803103509e-04
4.339490361538871641e-04
2.909273704526047508e-04
4.966516227902627138e-03
5.454839905281806721e-04
7.846894466014649920e-04
1.692612149516457831e-03
1.639718020326666210e-03
2.162777809678252563e-04
3.048822984650629122e-04
1.141439240592624117e-03
1.784036968418227682e-03
1.175089243422421581e-03
9.725298421315684439e-04
7.858503029432871477e-04
5.348182499691103535e-04
4.568532135866481083e-04
8.291599209088027682e-04
2.731488530908782338e-04
5.658571390356916106e-04
1.414702445877929083e-03
3.254730822543752244e-03
7.787636823418427751e-04
1.681355593235598061e-03
8.385888888266288628e-04
9.763939074621506582e-04
8.289124865736907438e-04
3.559502889634817832e-04
3.213009413246445379e-04
5.239762719670810164e-04
2.146489769173869251e-03
7.132562557468985964e-04
1.057072802301782998e-03
2.422621558143879007e-04
8.621301983863004573e-04
1.332318740867337184e-03
5.952126617773231734e-04
4.825307446604522278e-04
2.310947126470361355e-03
4.426337328637809480e-04
1.104126548255745903e-03
4.729140080506509178e-04
1.030232767157370031e-03
1.396677040248514839e-03
1.261293534797761550e-03
6.668439176768471352e-04
4.822121797681432260e-04
4.471554495217888486e-04
7.484319121320253234e-04
7.004923901919436844e-04
1.608279048389513102e-03
3.430503662444214720e-04
3.662694394436649551e-04
6.338586880814495129e-04
4.436455017377708494e-04
3.364557315467087248e-04
3.625924622075627109e-04
6.036348876764447476e-04
3.827741922439377334e-04
6.553776134561587656e-04
6.288989366628779240e-04
6.012071321057343163e-04
1.563683088298185126e-03
4.547825498427132272e-04
4.868356382614629115e-04
4.726843137694581860e-04
4.910366144078824602e-04
9.088104452865792236e-04
4.416385311366738159e-04
4.127607918023437151e-04
9.554679608228290599e-04
1.032045516972315748e-03
1.097029753411021304e-03
1.492189469992783726e-03
4.203229666088399989e-04
7.142554859299800763e-04
6.133715680374927275e-04
5.827428686653901872e-04
9.621746564752668273e-04
6.563148422353476180e-04
6.786039463864682779e-04
9.268841095011628008e-04
5.837035089950063857e-04
6.146545143355411312e-04
2.912289659534480720e-04
4.984289176201371890e-04
5.177361791143302245e-04
8.289124865736907438e-04
7.135821029104270734e-04
4.509146918825788033e-04
9.103615291384850291e-04
3.165478089749336216e-03
2.388912189197429838e-03
1.812131785387925513e-03
9.346441671980402349e-04
4.392294649770883512e-03
3.404338816628366625e-04
5.410443977437204115e-04
3.870024460029908384e-04
5.942741049091859349e-04
1.197791821241025187e-03
7.005386629560136609e-04
5.786874143449281978e-04
4.803129431791472101e-03
1.990659896321941673e-03
1.183182367536871234e-03
1.658179441326347071e-03
2.901144266253050238e-04
5.374353076656805369e-04
2.650191502565913456e-03
2.024078375194516741e-04
4.694705176982305194e-04
5.120314963058229677e-04
1.417374764396162360e-03
1.317272332914000811e-03
3.043422965257791177e-04
9.310382886868169908e-04
2.446834938377509538e-03
4.130030476925579679e-04
1.229086666081958797e-03
7.696533083393773851e-04
2.517977828195094771e-03
6.384505019322316054e-04
6.721049005379075647e-04
2.976087695812552631e-03
1.511631267062733732e-03
6.209003551472309273e-04
9.113901556836631048e-04
6.264643946661169237e-04
3.015287442061426919e-04
4.091898857354669744e-04
1.729809594057612468e-03
1.481943402755683727e-03
2.723476354150470625e-04
8.650002359296153544e-04
7.962379096869342740e-04
1.330506134924693343e-03
1.181024812087872996e-03
3.217328773756409190e-04
1.023356515105517056e-03
1.244448766363562232e-03
3.597768985822641721e-04
1.104702877507675839e-03
5.060976605157786311e-04
5.969717086177706500e-04
6.047088785709815078e-04
1.673876415901322853e-03
1.234301918821208502e-03
4.370384051198491788e-04
6.380777313669841423e-04
5.189541901824296652e-04
3.398246951333498255e-04
3.662694394436649551e-04
4.038506465911658946e-04
6.638671104956984795e-04
4.525440910281916941e-04
1.121031110634856075e-03
1.346510258334612147e-03
5.042629818835680545e-04
6.269867349813849477e-04
1.411927936077210857e-03
3.191522651862662937e-04
1.617251739370808390e-03
9.251567510275720586e-04
2.504995590480438620e-04
7.484319121320253234e-04
1.603232682794145667e-03
4.814687570649390375e-03
2.002507562661852598e-03
3.797134917531645032e-04
1.114262306634915137e-03
2.172392879052739440e-03
3.358531175718628336e-04
4.263539237463391074e-04
3.946409780477597813e-04
4.136479447437709043e-04
1.713160639434519578e-04
1.665378966528682737e-03
6.538160004115797222e-04
3.064806285786873439e-04
6.066284163153661934e-04
8.275004424968260752e-04
5.292400154026659538e-04
8.637277611996356649e-04
2.086603897141765199e-03
5.335784668141405583e-04
2.825141435814786692e-04
6.633589095966258443e-04
3.546201620527762981e-04
7.844986797153974747e-04
5.195478711682690112e-04
6.033992923927902242e-04
3.209160571791610660e-04
4.271294719315023910e-04
9.061025021637144662e-04
4.172183166440211321e-04
8.034403732564311803e-04
8.268185718797414763e-04
3.137702330150230205e-04
1.612251013819933571e-03
3.227535368994834813e-04
6.547407904929204801e-04
1.037589053670312554e-03
1.967284370738356814e-03
9.839439227038650638e-04
2.278385974691887056e-03
1.618872235691249002e-03
9.945072696365452394e-04
6.343667141076644173e-04
9.256581816158804222e-04
5.773169211667464242e-04
1.347703506430307637e-03
7.957020198304862310e-04
1.318101959175850416e-03
7.603673209699342989e-04
1.670418644351353427e-03
1.507258016179074608e-04
2.033780470141121136e-03
1.450381605022366561e-03
7.309391415956031923e-04
7.656285554830168658e-04
4.514076693816844910e-04
7.148079841347013868e-04
8.720231636412687035e-04
4.605338410177461711e-04
4.787876434653636696e-04
4.656220478082728114e-04
6.850710449899182451e-04
1.157851404479433776e-03
1.936957533370850960e-03
5.641995966137430818e-03
1.304527435456270205e-03
6.082553127441911499e-04
3.277675505396850965e-03
4.679942055404971712e-04
7.470699743487523416e-04
1.247537238497285024e-03
9.231690426267252260e-04
2.080605241952404854e-03
6.317875196349289181e-04
6.358431844613282417e-04
1.283097832158050554e-03
1.677432891296041931e-03
9.515149144710131120e-04
1.057081477872134955e-03
5.541294457425514778e-04
4.633117279490845254e-04
4.346652733788158277e-04
7.007455566999454873e-04
2.778538838145534415e-04
5.289825173660531003e-04
6.795406105965819381e-04
7.099593536911119043e-04
3.525871236324251159e-04
5.263567490861008336e-04
1.215272216890549237e-03
2.183538210340926159e-03
9.057156665346411447e-04
3.186932318296246632e-04
9.647083363867045092e-04
8.211364788125373416e-04
5.025554485640532131e-04
4.025023762420528155e-04
6.809741305808284743e-04
5.894342101072221020e-04
2.172764449992416365e-03
1.475172696852748754e-03
1.493327709818085408e-03
1.023509436900624323e-03
9.186588581388950526e-04
5.942741049091859349e-04
5.625924077733878608e-04
4.348977806136622589e-04
3.686271255788415484e-04
9.199429738480845121e-04
7.410594842264776752e-04
2.899291133913631073e-04
3.906525346599290819e-04
2.445489120048805550e-04
4.001000236420486269e-04
6.358431844613282417e-04
7.044800756966265428e-04
2.192166692242522585e-03
1.475946922291274284e-03
5.997551349077188867e-04
1.022176839829005892e-03
2.945949910515227132e-04
1.393033100697586455e-03
7.946456000484859077e-04
7.198942072883851356e-04
4.159944988450609503e-04
8.895600231490944721e-04
4.900478093261221441e-04
7.409230968066551340e-04
7.592759305373970391e-04
1.256756309436521260e-03
1.440526562242511795e-03
8.504719718746408738e-04
3.022059476685138636e-04
7.257447722329442123e-04
3.029664089012802392e-04
4.066860056437004750e-04
3.221267930033522731e-04
4.774770667694125913e-03
4.997424568848256136e-04
1.017306036153549711e-03
4.588691593431848468e-04
3.911811441514324839e-04
4.437828948561377447e-04
2.966308115818590795e-03
9.198268083021453757e-04
7.462732035714256555e-04
2.030572596672342630e-03
3.272916416691405727e-04
3.603851276014569203e-04
6.210674486080981467e-04
2.774609563655495688e-04
4.069160787975732350e-04
3.753643435086947890e-03
2.146489769173869251e-03
2.672225853487027332e-04
1.340802982342825670e-03
2.253675307736078442e-04
4.471232615729930373e-04
1.440081066126771550e-03
2.804776154292356271e-04
6.652135471423549712e-04
2.643597475787322869e-03
1.662088797853294596e-04
9.590038096649521017e-04
1.244815119650387715e-03
7.125860366845928337e-04
9.281469808190100220e-04
7.446038955659762355e-04
4.219848219200194889e-04
3.877266377617620422e-04
5.999588664597088226e-04
7.060812969766706903e-04
9.357722018656757304e-04
1.337287098106303834e-03
1.022052214228671985e-03
4.691739011975409922e-04
4.714913067161029714e-04
2.364961005533117427e-03
2.525412151999418577e-04
3.738776038189479435e-03
4.829043907453336960e-04
5.858968020546191473e-04
4.711257346308259791e-04
1.313720185425606285e-03
5.172112233564199642e-03
1.127948597330832945e-03
6.064162017569523205e-04
2.995498357948081741e-04
7.314244605864534668e-04
2.661169479478869056e-03
1.624504961781570540e-03
6.386309224257820816e-04
1.670669282043987184e-03
1.304264813553603899e-03
1.312073286647315014e-03
9.596572124222926912e-04
1.228334701486264238e-03
4.399240565257058941e-04
1.152087428022824855e-03
7.854712990856352068e-04
5.089355744128282481e-04
9.940364782164042012e-04
6.179980435280566214e-04
6.872256297610487234e-04
9.103615291384850291e-04
4.402753192720672889e-04
1.395937107603704465e-03
4.136012605031236700e-04
5.565101619522033532e-04
6.133715680374927275e-04
4.118719304759232134e-04
7.122901133035553119e-04
9.423971187202799006e-04
2.691635769300339959e-03
5.839580501787708421e-04
8.676539425654959453e-04
3.489627490011188013e-04
3.906386333025661057e-04
3.467889137251662767e-04
6.392016108856696808e-04
6.394057196441424624e-04
1.160207981514357976e-03
4.969863954743800657e-04
7.029240664534004614e-04
4.826605096236685592e-03
2.368981471067386905e-04
1.542859857523378852e-03
7.771579215997823824e-04
3.212218015856936073e-04
2.827641512053322907e-04
4.765925878039448615e-04
8.853794295553020759e-04
6.750771176340117450e-04
9.116017063356567952e-04
8.486615658904639488e-04
4.317891285270371803e-04
5.844374825169308587e-04
7.367186628979668006e-04
5.223125916643513167e-03
6.202000899650305472e-04
5.258903486366620691e-04
7.484319121320253234e-04
6.382955033303908295e-03
1.149511981859680562e-03
7.533126914882364760e-04
1.778134346594470363e-03
6.427493780297839849e-04
4.445705355275584225e-04
2.074231540843067111e-04
4.273462043548471151e-04
9.357722018656757304e-04
7.015585592823446329e-04
4.639294052748437641e-04
2.373734057345609446e-04
4.050506438204848868e-04
4.756767556365813082e-03
1.003416580234770200e-03
1.239638295185331845e-03
7.923959536616451962e-04
6.870038909442752195e-04
5.926410567244515043e-04
9.347616262201051667e-04
4.043119986732642284e-04
1.540655148735889206e-03
6.943998568588624588e-04
7.218257068509695154e-04
5.443529364179559892e-04
3.775944630632406692e-04
1.710809158298545480e-03
3.022025016268271034e-04
8.289124865736907438e-04
2.341778848227475326e-03
4.634381535456611476e-04
4.886227405274518303e-04
5.762666313500274624e-04
3.874771974922297134e-04
4.348977806136622589e-04
2.996734811007838064e-04
5.548840677257274329e-04
9.347518590574805828e-04
4.497713152927119832e-04
9.659665970699216758e-04
1.755211197371302472e-04
5.445241029452548660e-04
6.241011711070737749e-04
3.589089195681632199e-04
3.322159391288612281e-04
1.936957533370850960e-03
4.637316018168560023e-04
9.900544897547506207e-04
9.750652441491951131e-04
9.326002689962583280e-04
1.040265902238211946e-03
7.155757173379749146e-04
1.004616887572397366e-03
2.585354901828313626e-03
5.947902201572229531e-04
9.996936625685226823e-04
5.479848598124334403e-04
3.015607237215613373e-04
4.313630063806276715e-04
8.367590658391849774e-04
4.808502014557339364e-04
3.292608741011897062e-03
5.642195590989795969e-04
4.577556440434514475e-04
3.886827438977104917e-03
1.698438105322875886e-03
9.839439227038650638e-04
7.868024675412627240e-04
1.192317968332512945e-03
3.591025513063554175e-04
5.709866388309244641e-04
5.526709111929910745e-04
5.373553016915247295e-04
2.116612536927876213e-04
6.153921662080112003e-04
8.420814036028915085e-04
9.851310641573742758e-04
8.364974118914670709e-04
3.584953333682329370e-04
2.457302454083208285e-04
1.023679475273430199e-03
3.596921549354978060e-03
1.225387404860533427e-03
3.957001141163935497e-04
7.368077193655392723e-04
6.615470561718332036e-04
4.034646290346130515e-04
2.757731731070384054e-04
1.013096877367554698e-03
7.580641320760205014e-04
2.330837884635908464e-03
9.571483270324692523e-04
4.585653416080496527e-04
7.460012235720906793e-04
5.073311197558524497e-04
7.417216126081162351e-04
8.027434310377878956e-04
4.989941719548053210e-04
8.405040135503666137e-04
4.822121797681432260e-04
7.690091775448068415e-04
1.388193230932759700e-03
8.924305552528235836e-04
1.684815442866568385e-03
6.316210125094583834e-04
1.817433309393189046e-03
5.348341338425810975e-04
9.896055815359361147e-04
1.056692202213889214e-03
1.914859663523472153e-03
5.038087363311634804e-04
6.646254057256114874e-04
3.833557327984210561e-04
2.654412504193937993e-03
2.229608544652580526e-03
1.730868543097441358e-03
8.896194393909955065e-04
1.208171235372420844e-03
2.724786528093923067e-04
3.576391551484966796e-04
4.837681568856104400e-04
1.167443045936395743e-03
8.251218479211558723e-04
3.895423155550902417e-04
4.622396686355131554e-03
4.383578779981533525e-04
4.989715679528309959e-04
5.846328553188951055e-04
1.005973319577126114e-03
9.851103597672895059e-04
4.012052808420412103e-04
9.757776538012190477e-04
2.608282707381782452e-03
1.522192336328788507e-03
1.004027047832022198e-03
9.784295913890660341e-04
4.804502694570205487e-04
3.256579732525021658e-04
7.995309914060987197e-04
5.508328640992353215e-04
9.797465642535049032e-04
3.459144079230076101e-04
9.239124856488260991e-04
4.197411435005074347e-04
1.005827014405261208e-03
2.436342376734041727e-03
4.470697888279956248e-04
3.195131459712368901e-04
4.996695580024208567e-04
9.393237344007531473e-04
6.303725445375255596e-04
3.018544522294589263e-03
2.770853446198101675e-04
8.561721364512620610e-04
1.689866757313569431e-03
3.739069082718412770e-04
2.731063800854539522e-03
4.649009688154098654e-04
1.209785952316239435e-03
4.977765543768930372e-04
8.512134710989979975e-04
2.885534648291774142e-04
8.546623128289911834e-04
5.752361029497415250e-04
5.555813856931440678e-04
2.192166692242522585e-03
4.391251342051084058e-04
3.137702330150230205e-04
5.383960165267986063e-04
1.475172696852748754e-03
2.393660175540246546e-03
9.568405594980714966e-04
1.229041989121226709e-03
4.180955553338374015e-04
9.916636152232085819e-04
4.857001360901855498e-04
1.506828039288475021e-03
1.036566140569880655e-03
9.586314330083820162e-04
3.853778943382102666e-04
1.571550786531157595e-03
4.997673456827390805e-04
4.074295958439519828e-04
3.741354315032384631e-04
3.919524477515041582e-04
2.845338222283383205e-04
3.057322118752651822e-04
1.919878350930804677e-03
3.705729959117768767e-04
2.398032495923495006e-03
5.861082067306392328e-04
1.090539788953230182e-03
6.026969659130958223e-04
1.563683088298185126e-03
9.421827042545539380e-04
1.222043997261005460e-03
1.465196971555697645e-03
1.885697944191850608e-04
5.145380288604844629e-04
4.795060083404861654e-04
3.514604365357385462e-04
3.812094361130450118e-04
3.824302513611011053e-04
2.662714532330178255e-03
3.112212174899699159e-04
1.422354967928089915e-03
1.246096883729678551e-03
6.796167187671896129e-04
7.643366876935407932e-04
3.710951774005371282e-04
4.525120387973540219e-04
6.767407876100451107e-04
4.290635387881761107e-04
5.132981834236745007e-04
4.316500925699416234e-04
7.655600431992916734e-04
9.322232799382790822e-04
4.768483083997503841e-04
3.484780235361643300e-04
8.501995228195438929e-04
2.939396414982093221e-04
5.172112233564199642e-03
8.967496446091570298e-04
9.537972457590255864e-04
4.557631166725243776e-04
6.281415181134404179e-04
9.408156738032379335e-04
1.872912249365842443e-03
5.783180502937045053e-04
4.437828948561377447e-04
4.295429203485560889e-04
6.824602766103150244e-04
7.698091237960122749e-04
1.114259277980626187e-03
4.259539548018704755e-03
4.325124224812241808e-04
1.222043997261005460e-03
3.243028192545401294e-04
9.149070446339472142e-04
8.091581680480598769e-04
7.339514620429201395e-04
7.533126914882364760e-04
6.527438887055579371e-04
5.223125916643513167e-03
4.878075499570699966e-04
4.153058664710604104e-04
2.061690072738744852e-03
6.878652510764469204e-04
4.061077158352189610e-03
1.132446152715619074e-03
4.973982777286235432e-04
2.873781043880732980e-04
2.186242667597894200e-03
3.849035422474676553e-04
4.996922064882608830e-04
1.449238792017428033e-03
3.664481701366851347e-04
4.507484534056686431e-04
1.208171235372420844e-03
6.390670056361236195e-04
9.719459998146341793e-04
5.564821005976269786e-04
5.887320678547555740e-04
3.583760107888333537e-04
9.429161385225100006e-04
4.214809417099625696e-04
2.633630675539402172e-04
3.821366812940274753e-04
5.640168880876460407e-04
1.101722235721659497e-03
1.045328558841883892e-03
4.204893219889030073e-04
4.909330511803254235e-04
4.291628455508423971e-03
1.414760378387163765e-03
8.901957273643092833e-04
8.884030289087353890e-04
7.289809955998492567e-04
8.558059025427473083e-04
3.136819516470621370e-03
7.389701543479588195e-04
3.763462542013907902e-04
9.676319777811077548e-04
6.288989366628779240e-04
8.736536017612837662e-04
1.798024118964015731e-04
4.798214192432608883e-04
2.894425329839345456e-04
2.822177843923644007e-03
6.623413773431094430e-04
1.130265087010417623e-03
4.619958787048924695e-04
5.536592495814083486e-04
8.385888888266288628e-04
9.380189036837434944e-04
8.168514588587768785e-04
8.933489540496797245e-04
3.764893625006462334e-04
5.686649699042136677e-04
5.858475798611959690e-04
7.898611764007463240e-04
6.952455333991512795e-04
6.917588980098209094e-04
3.090219008532148139e-04
6.424787620163338597e-04
4.521733417519763231e-04
1.121960352117859798e-03
6.218962278616241377e-04
1.366626380095874822e-03
7.073085312929057455e-04
1.393704990186593910e-03
2.276831746845615293e-04
9.924730038018015482e-04
6.578536162548391693e-04
5.462165971356233675e-04
6.873830970114849608e-04
5.041436410139967395e-04
3.252450150748924240e-03
4.779565120993443505e-04
2.926212193393048187e-04
1.626003389040945072e-03
4.768483083997503841e-04
1.170562937523809879e-03
6.743162511719994314e-04
7.484319121320253234e-04
1.509868579754041580e-03
1.493248185718292712e-03
4.165189953155642869e-04
2.888361782101571862e-04
6.753544134727921091e-04
6.890070761166992592e-04
5.670884142220705866e-04
5.712005482728992013e-04
5.823816903124462907e-04
1.027925808469312826e-03
6.386309224257820816e-04
6.661993518089759630e-04
5.448481185174494472e-04
3.964867519225825595e-04
5.608735598354871836e-03
4.945978646499648483e-04
1.129045658791041863e-03
5.896737434574597430e-04
6.989148981185028774e-04
5.752319130871328193e-03
9.575236635921622859e-04
7.740341082905849912e-04
5.619589991722413530e-04
8.962284472567383711e-03
8.977831739268671372e-04
1.997419128391780558e-03
3.005223611645888027e-04
3.795707287085473610e-04
5.864342762806152914e-04
9.508481349998880190e-04
7.484319121320253234e-04
8.086161389444477014e-04
9.986033915103346027e-04
4.453408691565051924e-04
1.136284714171387818e-03
5.741581732622707017e-04
1.027886275038732448e-03
2.105601106400822962e-03
5.422819509583476924e-04
4.299379722706087774e-04
6.219782651756614045e-04
6.306697486620771453e-04
3.245316177501112918e-04
6.584001447967213370e-04
3.422460179225249983e-04
2.815730769931215367e-04
5.282739911068329991e-04
6.518291324759332549e-04
7.923959536616451962e-04
2.590161486373116482e-04
3.044083378840033182e-04
1.029988351231465047e-03
2.322971342517084258e-04
3.278431951257824192e-04
4.465243215247276416e-04
1.344374208200036815e-03
4.374372235580163519e-03
9.710812900003192721e-04
4.822121797681432260e-04
1.233592705879333219e-03
6.764149313726764302e-04
6.878652510764469204e-04
7.248173342381612327e-04
5.048930722786020139e-04
7.660437485184792925e-04
5.374289713649612905e-04
8.054267820728264584e-04
3.091373737388675093e-04
6.427421920251982258e-04
9.942408267522913779e-04
1.005155267343211785e-03
5.928354890477634384e-04
7.648446532588155152e-04
2.069539790023019674e-03
3.745943523472873181e-04
3.689130637843364381e-04
2.066793381653130902e-03
1.016152778620093514e-03
4.532710857568056730e-04
7.462732035714256555e-04
6.680947520749159520e-04
7.515272509122966800e-04
4.578885366802090532e-04
1.484619185649193457e-03
4.803463776228064359e-04
2.717732451353797266e-03
1.357615135360268734e-03
2.577976204562776492e-03
5.454671666686886165e-04
1.613129470550651434e-03
3.290885997447708534e-03
3.108544709701009201e-04
5.291891537798742561e-04
7.646435502572594255e-04
8.461162450330495704e-04
3.580363365140498059e-04
5.786215596600091746e-04
6.667885883142809448e-04
8.365411218282081110e-04
6.286716422563179245e-04
3.924253933941304335e-04
4.363216476570446790e-04
4.562610295803076733e-04
1.140293307128404428e-03
1.228147087543382445e-03
3.836596189112198617e-04
