3.253649343623768822e-04
1.720592738123343001e-03
5.562542965219562444e-04
2.979754046241544271e-03
7.462793517454120685e-04
7.858700489939660387e-04
1.386895632268175717e-03
1.216091240861492733e-03
6.943642556690724421e-04
1.116558922033016694e-03
1.261337072799957213e-03
3.782502255704807024e-04
8.170098120383025367e-04
5.690054964407571325e-04
5.123199285048353133e-04
1.108861099568660656e-03
5.633675043295911658e-04
3.985065098968237885e-04
2.380762785029244977e-03
8.129246512696435998e-04
7.829589452713323940e-04
8.201607672704291658e-04
1.379619388598492041e-03
6.006748652060436800e-04
7.482095212998316489e-04
1.127653809633417980e-03
3.592852424758311751e-04
7.350274974669397882e-04
7.771161237215500452e-04
5.461591820544066519e-04
8.324488872126653777e-04
4.269640552421346516e-04
3.294187449549747649e-04
1.016471470856486958e-03
8.478603431729047832e-04
2.573610609543464361e-03
9.387123579913683952e-04
3.159916584372226851e-03
4.965551592559251572e-04
6.421848654249448854e-04
6.491274080523413677e-04
1.064728492715943595e-03
2.510607989928274105e-04
4.054296482218765771e-04
7.275545395728070554e-04
4.626957507133826262e-04
4.348647121971712759e-04
5.202193236686483485e-04
4.323428524391682674e-03
5.896309854777396185e-04
4.056145392283110333e-04
8.279471627010025116e-04
9.740112082878810791e-04
1.763652159766942345e-04
2.782065856124426792e-03
8.404788624200538539e-04
8.308779183277460343e-04
3.315212243517104266e-04
4.075093982022710338e-04
5.940957572486232864e-04
2.943639097205619486e-03
4.425903406390789855e-04
1.028848189080242958e-03
7.074382359693388075e-04
4.509055496946943651e-04
5.330899461672071286e-04
4.637919741971237601e-04
4.996496280985764180e-04
4.875774553366464233e-04
7.740052827224145173e-04
6.580888263098200793e-04
6.197918047604483900e-03
1.342063157329536445e-03
5.101084358482822724e-04
5.642963643145631559e-04
2.543956385851764163e-04
6.095840327652587510e-04
4.273061422494353612e-03
2.342368378542486473e-03
8.493067967482914506e-04
1.205999528884339235e-03
1.183493665051453016e-03
4.626957507133826262e-04
7.967980587474568065e-04
1.022200444003309181e-03
1.386073618846778599e-04
7.727618849994829413e-04
1.222348090392048284e-03
1.680938403279785527e-03
3.347573079483358652e-04
5.828386564270235425e-04
1.078190425266575781e-03
6.079100405849807145e-04
2.630659960695097294e-03
6.514229156004251470e-04
5.710514186366598887e-04
7.710911250048072939e-04
4.163235085883468570e-04
3.911956374768842657e-04
1.116558922033016694e-03
3.967335033534626141e-04
8.914950200608378261e-04
1.901337309151127563e-03
5.936510556149872777e-04
1.487531640198283545e-03
9.504082011062417110e-04
3.528939504334937128e-03
1.222348090392048284e-03
2.446102193440627143e-03
5.929621612419628618e-04
1.737853753055832893e-03
1.069456018688266959e-03
1.931946467960817156e-03
4.147518602414271781e-04
6.056676204352041352e-04
5.010790401752229350e-04
8.867793692862695068e-04
1.260004267623205396e-03
3.148064037007044787e-04
4.474283805884997204e-04
1.250820006200749259e-03
2.977960454025735393e-04
1.045863412305969489e-03
5.929307215493851042e-04
4.299251370242641152e-04
4.903143326685472725e-04
1.024473694224538670e-03
2.408678190047344703e-04
4.262245963149138145e-03
8.481232519930533746e-04
1.886069979158557820e-03
9.108604900111803848e-04
6.343507763274384200e-04
4.049748001480533402e-04
8.263850911258408243e-04
3.826988484106527786e-03
2.284742365836020094e-03
2.058424861251950829e-04
2.781920532688801607e-04
3.305597268049088096e-04
4.571717346289161073e-04
4.268816673020484108e-04
2.776368929261566762e-04
4.204890710458172517e-04
3.736917128881795834e-04
2.079767729990536062e-03
1.205384559455546442e-03
2.625462838183475166e-04
4.828560080724234559e-03
1.156726056608253740e-03
2.209539026865707089e-03
9.739118094179868932e-04
7.227842427352916890e-04
3.979415105442902383e-04
5.199956734376169620e-04
9.094741297521922400e-04
7.344245399924531105e-04
2.955883768900802698e-03
3.302771661311860877e-04
7.291379196734489769e-04
1.451123992274845316e-03
9.007612337624575560e-04
6.922397799713898674e-04
9.729348337966238188e-04
1.004518969256236937e-03
2.273073432740454602e-03
6.917370194015804883e-04
8.183639787040999794e-04
1.161554114638171323e-03
3.050027218234761285e-03
1.401649427782566352e-03
4.994298813465070791e-04
1.772161000262362956e-04
7.179571111853096273e-04
6.200370980011040171e-04
7.248882612995217632e-04
2.122437391957763197e-04
9.744082381596359593e-04
7.276820403491988118e-04
9.266398668508184916e-04
3.791437002339909340e-04
2.926009550632287411e-03
6.855794971287843898e-04
1.147142398237791785e-03
6.917370194015804883e-04
9.586714611874432935e-04
4.413235034697709494e-04
4.360532593948369300e-04
6.178778280613750774e-04
7.354320305056511213e-04
7.058127829908344931e-04
7.020704411356377354e-04
8.757709671341946684e-04
1.680998815250618486e-03
4.584496655170638632e-04
1.171132009914614561e-03
1.973401510499779663e-03
7.598720138178414888e-04
5.126792219959263501e-04
7.044699089702278561e-04
1.913590640852058872e-03
1.107319956897790877e-03
9.080704667738841640e-04
7.427553604692463569e-04
3.336755481109888750e-03
6.268144871595243695e-04
1.361180071547012267e-03
3.896148340346709577e-04
3.911956374768842657e-04
8.908578352353903980e-04
1.020431115753310178e-03
1.627320822112321820e-03
2.803072499374582470e-04
3.934749232674114106e-04
8.203662782842637956e-04
6.282030996638819946e-04
1.069138762293833384e-03
3.066706430153431093e-04
5.265631007365219546e-04
3.888701141944498306e-04
8.243979594206641594e-04
5.234835324139439430e-03
1.172310018440720280e-03
2.565144706501698286e-04
8.514767232816023530e-04
3.218699778334471523e-04
3.862961378809558416e-04
1.633182882324561670e-03
2.741506841360307812e-04
9.231741475051362736e-04
1.069456018688266959e-03
3.856411921399373593e-04
7.020704411356377354e-04
3.392893200472289501e-04
1.813400622876762869e-04
8.962918220447965061e-04
3.107959073535896647e-04
1.607822314577997186e-03
8.799658566283698235e-04
5.762256990161592797e-04
2.624131992438977819e-03
7.967980587474568065e-04
3.636310007374009734e-04
7.733540741628105184e-04
4.500110824650487527e-03
7.715444706591090013e-04
1.036418804318365704e-03
1.181676313856660056e-03
9.073085468735120861e-04
5.251944430308803057e-04
7.177932157437811201e-04
9.849241905155832130e-04
3.122012455353704793e-04
5.366075445768617213e-04
7.618228651007892885e-04
5.779449245361730370e-04
5.627064047919962033e-04
4.964317787826875127e-04
7.130209830540040587e-04
1.521076610366721036e-03
6.222272689517261693e-04
6.483922034537878019e-04
1.352915042343220400e-03
4.430780005925128166e-04
3.683871078903412145e-04
2.008805265527960956e-03
5.005194049137661957e-04
4.159690093288539612e-04
7.377420202043799427e-04
7.345118447198297580e-04
4.038012209996059499e-04
1.254777980568699478e-03
7.376911474629603083e-04
7.450703311286958810e-04
6.351449180887235643e-04
1.035020808101293557e-03
4.413235034697709494e-04
1.800222705188079782e-03
3.998496254743904611e-04
9.457805883174885990e-04
4.654291603143602082e-04
4.889272328336172983e-04
4.292042159075728862e-04
7.967980587474568065e-04
1.570711341930253668e-03
1.050009830678953759e-03
1.580559496500745943e-03
5.124946015135393388e-04
8.370956200179948932e-04
5.968182859329328660e-04
6.313677326534539386e-04
1.603128279684250257e-03
3.659854232800190945e-04
1.223482037686181778e-03
8.036971328476920752e-04
7.684603779294180105e-04
6.784577027576185228e-04
7.706181416832758296e-04
1.052344755968990945e-03
8.773340267855952394e-04
4.908280688181887886e-04
7.967980587474568065e-04
8.680973121310482958e-04
1.478927622750894361e-03
2.078982853987862683e-03
4.581293364372746773e-04
8.472507173700768827e-04
2.879083800554558246e-04
3.252572832280319222e-04
3.422284090122165419e-04
3.947324796690328610e-04
6.182510084561788997e-04
1.709709931125826194e-03
2.329589678448390749e-03
6.074176700892328692e-04
3.775316661305112256e-04
7.944897241191826954e-04
9.705968682987024723e-04
3.156643370925976016e-04
7.525499233910631913e-04
1.010457583304728933e-03
3.876953778675371401e-04
6.131150521391990054e-04
5.975088225845619477e-04
5.202389435258487210e-04
6.413846302408976073e-04
3.455212413092251526e-04
3.338041332080188793e-04
5.339420498830214652e-04
2.008805265527960956e-03
2.096178975585113752e-03
1.393963706948789455e-03
1.498045989147465040e-03
4.998606324688452830e-04
9.804240256128240669e-04
3.546303581414541402e-04
1.171023963188392528e-03
5.422266803662143583e-04
3.478223784344447694e-04
6.804109863992859270e-04
2.327008033761062290e-03
5.500513460191471145e-04
6.351565149531590007e-04
9.576844254649845203e-04
6.260991628705380981e-04
6.229288568824248480e-04
5.112469313289734994e-04
3.497494620415284115e-04
2.126732741708188892e-03
4.206236967213684385e-04
6.141211200239818802e-04
1.157544521389630406e-03
9.963209024094366473e-04
4.297244145568004893e-04
3.275096247471492427e-03
8.550546674979661371e-04
1.513622640624953967e-03
8.279900641366336536e-03
1.234287972934755692e-03
4.470084247316703937e-04
7.175834413774776887e-04
1.354163758697416982e-03
1.098122364647596176e-03
3.012910386795615331e-04
4.326778946852155258e-04
3.747805624221070553e-04
3.719044839577644837e-04
3.254329927041972842e-04
8.769717446179383161e-04
8.374014428830471720e-04
1.327618911376777676e-03
9.183790133839193903e-04
3.570451760541701650e-04
5.943293890603436151e-04
8.146100989196351869e-04
5.369000486527241963e-04
2.478884530209806824e-04
8.909419025819778192e-04
3.129246591454362182e-04
7.675603891135747252e-04
4.200236231957509719e-04
1.032143146022632477e-03
4.053052582018964512e-04
4.556894555909512569e-04
3.591845307969078059e-04
6.403848289613719037e-04
2.276171486425755588e-03
4.954124328556394402e-04
9.111313928485810596e-04
7.507644205433394204e-04
1.752182903006899422e-03
2.865488910833042255e-04
4.805802448835976492e-04
4.675808236222511760e-04
1.049600809929940749e-03
2.352891512611500306e-03
2.555818251598325572e-04
4.302400201859997095e-04
4.052066448398369326e-04
7.565945333728204929e-04
1.112474060024349872e-03
2.990190117112072853e-04
3.795975587612805354e-04
4.839100773443335678e-04
1.353339719445220690e-03
9.406722503551121113e-04
1.853542356786846718e-03
1.770881603027525892e-03
1.467917137029482169e-03
8.031445501372563812e-04
3.261476966212000081e-04
5.490588564363846477e-04
8.404788624200538539e-04
3.933939426224246881e-04
3.908866705747306831e-04
9.535822128436097266e-04
8.685128013542336165e-04
4.954769872534875224e-04
2.575020677397253221e-03
1.128255782282673852e-03
2.204881464657991019e-03
6.439800456974325432e-04
7.334942608714126958e-04
4.844231247700685108e-04
1.410127913026643824e-03
1.626719642218611185e-03
7.301982396531245386e-04
7.224833184205541395e-04
1.378770058379384959e-03
9.380164647675116527e-03
1.198384758840940643e-03
1.267650035162025141e-03
3.959026263095569024e-04
6.676412470360038086e-04
6.749219351263198961e-04
6.421666644484078654e-04
3.266485370892451153e-04
4.569631426265621538e-04
5.813897841634171155e-04
1.220189594733076368e-03
4.404387586516344882e-04
1.994880591105020057e-03
5.386219743209935467e-04
6.958420666889163350e-04
9.586714611874432935e-04
1.334286150572936997e-03
1.245011167790589660e-03
4.994956856185167951e-04
5.005194049137661957e-04
1.003681550221284741e-03
7.645207157174140240e-04
1.013321817148309925e-03
2.274143457710512783e-04
7.448792100948178939e-04
7.378103235649258141e-04
8.930479182687015320e-04
1.016958325020411291e-03
8.283535434305582456e-04
3.601137552479586300e-03
1.552293635882592187e-03
4.741053225117428994e-04
5.463978754168118557e-04
2.542440686040691898e-04
1.222681569733335798e-03
1.106984667264881463e-03
5.368383376000601974e-04
8.310980306279282031e-04
4.413235034697709494e-04
6.835827765903606645e-04
3.265243184767678184e-04
8.637970016944168748e-04
5.101499690779923504e-03
2.796039740008055864e-03
6.772517210798653306e-04
7.392541710163503393e-04
7.996440145210149952e-04
1.514480528742436893e-03
4.862554124311221308e-04
2.550029974303705520e-04
1.543357336645698489e-03
1.090462921552864126e-03
7.482349705916613693e-04
4.329681174620005134e-04
3.626805056379358628e-04
6.363069616952556594e-04
4.470084247316703937e-04
6.487973585436571143e-04
2.071662631756399954e-03
6.586715075820757589e-04
1.276638347017008523e-03
7.583242657222862958e-04
1.178138741066440866e-03
6.936668856461413943e-04
2.161012213655425299e-03
6.514229156004251470e-04
8.216015712788044640e-04
9.730411932271157416e-04
9.127513926825164435e-04
7.263978015238548198e-04
2.126732741708188892e-03
5.637029959195832569e-04
1.071420901863474320e-03
8.088363451737840383e-04
6.274904812800685032e-04
2.596367531060592235e-03
5.164008160577159522e-04
5.379644116968778029e-04
3.071367990783601299e-04
1.846310834069893542e-03
3.530742904105438860e-03
1.326865330530502696e-03
8.944925098256831762e-04
9.904036918544881392e-04
2.129079074693580615e-03
6.079100405849807145e-04
7.967980587474568065e-04
4.144747921345333310e-04
1.754226993902869517e-03
3.299454178415392003e-04
8.518993663826990650e-04
4.513069803594850580e-04
7.073336614673961416e-04
4.944279246877613396e-04
1.151265959635335880e-03
6.063930644371664245e-04
9.291905857260710378e-04
6.325649502118002587e-04
9.142106788493955779e-04
8.006276766490529138e-04
5.371044962720936773e-04
7.721390607014869427e-04
3.186687975388712620e-03
6.130978845477249445e-04
1.003203773465218343e-03
6.207061482670562418e-04
5.124946015135393388e-04
4.329819763537499987e-04
3.194885321268195379e-03
1.516329388760732444e-03
7.206758916843475013e-04
6.038834350964772304e-04
3.480097931475768943e-04
9.997857932523106228e-04
7.477677791145369767e-04
4.975019538948890954e-04
1.271415914180061210e-03
9.933015254222942510e-04
5.111632788113287590e-04
1.406539367195925195e-03
2.655830388383570179e-04
1.209398958571188988e-03
8.527728366052446211e-04
2.327554872030065253e-04
9.855845644352084940e-04
1.169356452365922800e-03
4.254911365900163251e-04
5.325717499322314610e-04
4.677352088878137778e-04
5.456418380501060119e-04
7.185214830166141873e-04
7.967980587474568065e-04
2.335308539419064452e-03
5.155875903478295084e-04
3.746416131753787376e-04
5.873078738818191414e-04
9.406722503551121113e-04
4.007862987064482832e-04
1.116458846749235475e-03
1.639511029902549150e-03
3.821051721798636707e-04
1.189580266272231672e-03
1.172310018440720280e-03
5.512251460064410092e-04
8.402118608321792982e-04
2.008805265527960956e-03
2.080412048745441077e-03
4.517014596987007323e-03
9.443566327873058807e-04
4.709846386600960834e-04
3.911956374768842657e-04
8.022646517742914544e-04
5.041437492301989063e-04
1.729840763804490426e-03
3.816462058961042278e-04
3.181876259619320114e-03
9.042992953305219834e-04
9.049547231600796934e-04
1.160518812920287865e-03
1.956683104795806875e-03
9.892699841797720529e-04
9.361144268053672420e-04
4.163965120810001917e-04
3.552501279948086423e-04
3.371302335344070721e-03
8.723783790145955754e-04
1.157509694866401756e-03
1.428439820894197116e-03
1.037683384189300563e-03
7.607827675000943977e-04
9.938623882975677979e-04
2.518503097407948522e-03
5.348822508343994541e-04
4.383897117479088946e-04
1.214653529772524027e-03
9.996648831835646277e-04
2.262841314861506036e-03
2.043045473542046998e-04
8.021267797813083286e-04
7.482095212998316489e-04
4.421945301095741047e-04
3.591337408085515468e-03
2.803073128665939991e-04
6.160996775320131845e-04
6.639286752661310333e-03
8.531861377671565421e-04
1.688472133237064283e-03
3.683871078903412145e-04
1.315844146013317147e-03
6.917940597290679616e-04
9.755420150776813234e-04
5.060298472064365862e-04
1.107558757815478795e-03
1.057569823366631126e-03
3.998252552804979951e-04
5.555534091859097362e-04
2.871208741488623199e-04
1.037683384189300563e-03
7.558809866076002032e-04
8.353477055895126629e-04
5.550081543113035993e-04
8.936435422109630404e-04
4.762193076846714173e-04
3.249510567943410667e-04
1.332023838507356102e-03
1.179073898360362112e-03
3.219846624157214903e-04
4.741587514770553022e-04
5.764920515428556590e-04
1.116934745741683015e-03
2.162968015585390973e-03
6.896674446306458144e-04
7.883344027190893229e-04
7.656056562350700137e-04
2.726902571253623630e-04
5.868154627274933376e-04
5.316796514284965027e-04
1.458549843998533345e-03
8.481400555669076774e-04
3.714647742771793790e-04
4.847204610706165357e-04
1.129910660890640203e-03
1.311442208711375125e-03
5.218993482801558394e-04
3.771776240717408693e-04
6.454648569763546785e-04
1.099819909607476073e-03
3.156364847941585373e-04
2.975865447865243436e-03
4.750164904439636328e-04
2.549903026750236315e-04
4.072444632987043791e-04
7.429596118848564353e-04
2.844212119641592032e-04
6.454315446852842020e-04
2.507132050455199938e-03
3.076169684258283298e-04
1.071639957508844880e-03
1.255587984301786411e-03
6.328455880686519779e-04
1.206292093752677147e-03
6.586423312926639566e-04
7.510970879796495482e-04
8.328477931226702449e-04
7.972028909012488255e-04
4.674506385348682689e-04
8.571795760225742709e-04
1.819380040392784819e-03
8.971947608162062892e-04
3.911956374768842657e-04
4.750246360991251392e-04
6.697713370120458691e-04
5.219930510739075828e-04
7.396564531127146607e-04
4.063771172725881000e-04
1.788559337029373489e-03
4.127978811926804139e-04
6.932754435488004772e-04
6.553267900862331120e-04
5.616716512379921590e-04
2.040019352109742688e-04
6.188507835504910909e-04
5.813984551796295627e-04
3.900959043993583800e-04
1.044282661866125384e-03
2.645610976902988253e-03
5.376718262700388084e-04
2.293332426153405022e-03
7.055568350818836130e-04
6.980245760898064981e-04
9.587605759915368174e-04
7.485636576352957703e-04
9.647183246048484685e-04
1.574766230153802930e-03
8.359457010471213348e-04
5.184448125511654159e-04
2.681367946146606196e-04
2.157370437540485322e-04
5.760959610974744930e-04
3.145401236865717071e-04
1.239162558879834154e-03
3.350195851005319421e-03
7.073336614673961416e-04
6.925677158797036593e-04
1.774501228407170507e-03
3.454600927362265917e-04
1.111837536356500298e-03
8.503928317774719307e-04
4.236372848438163768e-04
3.127905069613889141e-03
4.283717790377730749e-04
4.063771172725881000e-04
9.507364240627579847e-04
1.814418700670466676e-03
2.702376404791081120e-04
7.421411388306356624e-04
5.978514803642698923e-04
9.175434184026991452e-04
6.704705454312939305e-04
2.644850952332050264e-03
2.059998714710010743e-03
2.298362104707910285e-03
8.726882940502286553e-04
5.921289895593813022e-04
4.597510213090852979e-04
1.150590902365589965e-03
3.465545677772560403e-04
2.505892173692757675e-03
1.909285841967218317e-03
3.644995515472899874e-03
5.519130803922702192e-04
6.833511257027574583e-04
5.781317129934110139e-04
1.156730648334029169e-03
2.300861914381919539e-03
8.018824194272195904e-04
4.811200910696244721e-04
6.521065366742797307e-04
4.345435907196788100e-04
9.381927587246720844e-04
2.846432416757518446e-04
3.794907469484516726e-04
9.138256385390574037e-04
1.094866221787259026e-03
1.016662739618059063e-03
5.472839282456581520e-04
4.369102583227202461e-04
6.255896150884842320e-04
1.298202342634357121e-03
1.705358953330574990e-03
1.322076713967189560e-03
1.217866892983779543e-03
5.980606755396614040e-04
2.668681145376880569e-04
4.490286490218126634e-04
1.198637532012717310e-03
3.520348432217086415e-04
6.824447057180191116e-04
3.037953677101468239e-04
9.517602485298859698e-04
1.946954388060458205e-03
1.771024763725973904e-03
2.794607653637113027e-04
9.784305428649330959e-04
5.948932486891300372e-04
5.465344014502130201e-04
4.292042159075728862e-04
6.654396832264925085e-04
6.371208623312193692e-04
1.965120837910103169e-03
6.690076910023570050e-04
1.455708279025372037e-03
1.361093705051109144e-03
3.593778027375698551e-04
5.569398458735356052e-04
6.521065366742797307e-04
8.191581624975151788e-04
6.659519780027651657e-04
3.285543601509202075e-04
4.431629542480828242e-04
4.232142814250041134e-04
5.573125138846763684e-04
7.967980587474568065e-04
8.116845404338834252e-04
1.037686204908849557e-03
2.142215116571172088e-04
6.455891924034933265e-04
6.168174366533323884e-04
1.246431441143829684e-03
1.140464490956271185e-03
4.366270240089948035e-04
9.647183246048484685e-04
7.466245661697759779e-04
3.344424168250030149e-03
1.494551792362976876e-03
1.443815621287840604e-03
4.377527293533980089e-04
1.680081858230145306e-03
5.284741438840404471e-04
1.104782820004357067e-03
7.786520135004754888e-04
1.580334582255748469e-03
6.563339635600079795e-04
3.710304382875644481e-04
4.428787422179974141e-04
3.021310037125443486e-04
6.277740814128807741e-04
3.177804451096987565e-04
3.520097836003270760e-03
6.237591619457052072e-04
5.124946015135393388e-04
5.432843118756265589e-04
1.152905630401814376e-03
6.696387260169833636e-04
2.477015608891089404e-03
6.094432450224407990e-04
1.216842243980616189e-03
7.224179188915925282e-04
1.032225648843525245e-03
5.980606755396614040e-04
1.726800319802424249e-03
7.283451922119334697e-04
5.670502775185429093e-04
3.782502255704807024e-04
5.518527703411819311e-04
5.167817543693493335e-04
1.135759397154167483e-03
8.437189599884760026e-04
1.081423832253729234e-03
5.124946015135393388e-04
2.282839520018970154e-04
7.485636576352957703e-04
3.544808539445989059e-04
4.174694143524454860e-04
2.420863608282460954e-03
3.069040966001039452e-03
4.721124609498105027e-04
3.841545264368136244e-04
3.956646941717312715e-04
1.777422513749281688e-03
3.939881184469728884e-04
5.219491911492489490e-04
8.140474082715103837e-04
7.700295561598310620e-04
3.749890321623684146e-04
5.744598153581599326e-04
4.707366151889685879e-04
2.110563612305361991e-03
7.737990847689095930e-04
1.949702075372179840e-03
7.998720174345659182e-04
2.473628083791986980e-04
4.315044146181202535e-04
5.495463146987596484e-03
5.326248239199219683e-04
3.828476783906916737e-04
7.585731168466729787e-04
1.566409439975339742e-03
8.565527766464345631e-04
1.133047798703612453e-03
5.863949539077052773e-04
1.117369115831570682e-03
1.096263391921387803e-03
1.228451157360061809e-03
5.498384045075137240e-04
9.852599390099692211e-04
2.381833959836931211e-04
3.402966620853905503e-04
1.120295045266730136e-03
4.011946323677601065e-04
6.458851476024018859e-04
5.617854344571856975e-04
1.126048653757423350e-03
7.184446707358446271e-04
5.301384799114976796e-04
4.811200910696244721e-04
5.532107954484098830e-04
4.093241389503786821e-04
6.590857984095897532e-04
1.920674122898030764e-03
3.549580068092354659e-04
4.785082674784836370e-04
6.516544948279199504e-04
4.548278209312710285e-04
8.146842761139119890e-04
2.929538441804669974e-04
8.069648201917130163e-04
9.713253627259446459e-04
1.047483328900317015e-03
1.034306704930226632e-03
4.573832527925289428e-04
7.143355243623469158e-04
7.454104163731104220e-04
1.910167500160920868e-03
7.395819225736828192e-04
3.625235772147045394e-04
2.125874031153609026e-03
4.194188025183303420e-04
2.355561052532445347e-04
3.054582952222831315e-04
6.255199697547344671e-04
2.589055810534062114e-04
3.692204453245658707e-04
1.653347207373731791e-03
1.570243560710779269e-03
8.191581624975151788e-04
3.787462540361302482e-04
7.026521213112632341e-04
1.104390758664733916e-03
1.594856396648365376e-03
3.911956374768842657e-04
8.666933818901698550e-04
1.198541299999865460e-03
8.062348440722463079e-04
1.118836019353058441e-03
8.773867834732866459e-04
1.011877704214062066e-03
2.046781364318790968e-03
2.601514365305538615e-04
1.869804735676375371e-03
1.135903975787591440e-02
9.119859531417195530e-04
4.922978981908742628e-04
5.219148052795184733e-04
1.996007845566054838e-03
9.279614386148597521e-04
6.305704563745402657e-04
8.046720565451836657e-03
1.301679364913663770e-03
9.719337641028171718e-04
7.953073648449516045e-03
3.440638138885857879e-04
5.872422649055130794e-04
8.729567291690585023e-04
8.831171152427808079e-04
4.168752043005520438e-04
7.200476706373999149e-04
9.584023439698454621e-04
1.010257033142125411e-03
4.534772246484507566e-04
7.200585122789578433e-04
5.860503425127845884e-04
9.982844302986603087e-04
8.287630765016371038e-04
3.559179531122621024e-04
1.349338650750322175e-03
1.345722365857449738e-03
4.292850659838461612e-03
3.028371632116725579e-04
1.106821509542149163e-03
3.409030738063332632e-04
1.587896756452765326e-03
4.989266554279016361e-04
6.560892605363793624e-04
9.327309911410209230e-04
3.219801816123755598e-04
3.503323539096279689e-04
4.300333586957416415e-04
4.593783066208776463e-04
5.396884899890287083e-04
2.216579964099076223e-04
3.625451425181729147e-04
7.967980587474568065e-04
1.106372435966565147e-03
7.227842427352916890e-04
5.412338139736944500e-04
7.916147550873085977e-04
4.726987824389615694e-04
5.725461090928175194e-04
8.925365182495562056e-04
8.887130668363605159e-04
2.727706780935587670e-04
2.073249363794105616e-03
5.728087730407547358e-04
1.606260558429373686e-03
7.732279635357737664e-04
9.190093527755843891e-04
7.967980587474568065e-04
1.028495144309305971e-03
4.994852567243179440e-04
4.753701183947577264e-04
4.642063049146085297e-04
1.995322886126636806e-03
1.014690367350444935e-03
6.530080825843620658e-03
2.218040724474885581e-03
4.188124252138713437e-04
2.259721859187758283e-04
1.044181360021436203e-03
3.353533003021256544e-04
3.289545471452156016e-03
