5.765334511601384951e-04
2.178788977501410623e-04
1.541312967174345797e-03
1.257749820696880527e-03
1.725830477152519998e-03
3.776050418498909985e-04
5.897346947218166024e-04
6.071818939759290228e-04
1.191838935240205344e-03
6.849223314898861313e-04
5.491324330744310530e-04
8.231394334976437814e-04
4.488420512133684220e-04
5.190948675687094734e-04
9.016565074897751669e-04
5.063787954879525642e-04
9.312096713395325845e-04
4.666886455489828553e-04
3.166732130242534650e-04
6.487868778533129824e-04
3.848955411599870005e-04
4.192022141868441800e-04
4.125672985452480076e-04
1.138167844027287556e-03
1.201012172701691055e-03
3.650673707401991697e-03
4.024705028888746271e-04
7.483919081714303628e-04
2.300766883194800376e-03
2.843783528243034177e-04
1.264350025891465210e-03
1.132632442068339787e-03
3.097581580678321366e-04
3.021451395314523930e-04
1.121035997002469125e-03
5.042722199391557001e-04
9.988336852725732476e-04
8.533777776410667731e-04
1.549843885668232947e-03
1.212817789861611595e-03
4.307932332566953787e-04
2.213305788631978344e-03
8.260938607518455252e-04
3.392847409147986700e-04
4.591512446741244217e-04
4.676312381630675155e-03
5.616166872425178017e-04
4.155723711086077229e-04
8.313830758918878180e-04
9.756375776047278379e-04
1.314480665873866061e-03
6.760395169115819211e-04
1.275530994608776829e-03
1.371479224156672708e-03
6.132241197295499463e-04
3.678211191167095524e-04
1.472163173131843788e-03
5.946459190969264784e-04
4.872161210710848579e-04
1.171690650166511962e-03
1.959078949962149256e-03
5.729952409560788457e-04
2.325841081503034181e-04
8.341597915143767264e-04
3.857082536201572251e-04
4.542437474568459914e-04
3.299673060957188336e-04
4.309069082472414755e-03
8.584139496141126409e-04
1.029031239164307195e-03
2.022533817416803485e-03
1.039008212430921497e-03
1.359048095350896086e-03
1.121035997002469125e-03
3.889684579107209042e-04
1.687625417771295095e-03
4.004489037253675804e-03
1.909663797495865165e-03
3.512377974489632121e-04
3.882974583780767733e-04
1.176036131220385564e-03
1.308080452880756644e-03
1.615910460179775495e-03
4.785572963193491635e-04
9.895378994021475621e-04
9.112908353691134399e-04
7.253835785436060519e-04
1.066307116881420403e-03
8.877755448508776754e-04
8.525764399466964410e-04
1.096709100714155730e-03
1.683091303306080829e-03
6.132008608858248097e-04
7.069547751193971420e-04
7.426420736248713454e-04
1.217938742640420086e-03
4.682469845637143185e-04
1.672025592359048692e-03
2.433831956619531434e-03
2.516702812360912481e-03
4.348690058544680062e-04
6.984741863349357973e-04
6.836128468324114858e-04
6.988948812477633818e-04
1.147381153873036110e-03
1.074764313191393797e-03
2.420878215577280587e-04
4.843546275835742382e-04
4.718121497329154672e-04
1.026455506589712139e-03
1.714018787759516568e-03
1.017842592568727299e-03
1.589089135934405352e-03
5.491103422280631686e-04
3.550897226316656620e-04
5.352653554093508674e-04
9.270837754829406533e-04
1.055440636957110257e-03
9.624300572346886811e-04
1.061657460312362801e-03
4.773481832257955903e-04
5.382853285256098200e-04
3.512398924708371849e-04
1.448518183048479570e-03
2.956212586592330644e-04
4.628414817262717427e-04
6.023166809343287638e-04
5.573782830965241710e-04
6.212092153334388593e-04
3.534097493398143238e-04
7.957669783960862053e-04
3.874387773262115767e-03
3.682385423336471280e-04
1.020280223261937945e-03
1.562614797702321662e-03
4.600694086618077518e-04
4.007201878669376357e-04
3.536154180456739732e-04
4.132276949531061357e-04
4.537075568375279356e-04
1.766436497910560573e-03
8.385828945532550812e-04
3.699240817449857711e-04
1.481796010684374677e-03
3.940822493922485235e-04
2.008104632881784445e-03
8.499378311926338633e-04
5.015440636030100464e-04
1.456999463531372194e-03
1.380799766710528445e-03
1.968874787190311431e-03
3.321575442466940154e-04
1.535793995814125094e-03
3.880047302109680338e-04
7.805275584157585558e-04
1.456999463531372194e-03
5.057027548226915650e-04
4.484944140637956399e-04
7.203963260447201859e-04
2.353039298612761871e-04
8.144655466463966622e-04
5.159046062926455093e-04
6.419183153690627896e-04
8.112387882165556516e-04
5.201025214302784465e-04
7.009741576120563688e-04
1.279984383946115205e-03
8.075199904144647741e-04
4.805477574252554418e-04
1.093263417194434949e-03
3.377432634801455199e-04
1.625276429512008793e-03
6.629620538377858051e-04
3.813728446069762569e-04
5.707277954403395040e-04
5.570532210489266209e-04
5.717414061567235558e-04
2.582378562462518267e-04
1.128112554889056486e-03
7.046553556592145308e-04
5.557055842994652363e-04
9.470656039727008181e-04
5.931849756052959494e-04
8.830251770622747371e-04
1.208969439759910187e-03
7.009741576120563688e-04
3.863347181213179493e-04
4.278546247467544111e-04
4.726959636568277019e-04
3.932705838149345274e-04
3.977772994912923718e-04
6.209536843223789713e-04
5.169902604399579521e-04
5.211911424892669720e-04
7.552640780827305595e-04
7.007187517565298786e-04
1.952681779487387562e-03
7.777196177465151407e-04
1.292308167082296825e-03
7.986957898901982621e-04
7.001315362239239832e-04
3.972174531721441807e-04
7.676096166188268967e-04
1.062478917502124569e-03
6.299357988331777533e-04
1.257994102232863577e-03
4.110267154498262188e-03
4.945190896101100356e-04
8.418864417746997446e-04
1.748667351189591487e-03
2.784888977866757523e-04
3.682385423336471280e-04
4.923757069058134822e-04
8.041925068039953777e-04
6.593874105663386246e-04
3.637404728207899261e-03
1.379856365977973455e-04
4.141492191042650539e-04
2.072955523508470104e-03
5.051847292549468960e-04
7.203219257722118241e-04
6.143912670568020670e-04
4.017640806959186812e-04
1.115298907961586585e-03
1.178183453479923065e-03
4.089437294470232831e-04
7.523493637829367468e-04
6.922179136699828416e-04
1.034239605078461893e-03
4.100243612233219685e-04
7.191242847192941701e-04
8.057541397715985891e-04
8.166758022055837498e-04
8.097061194235880867e-04
8.263089010338564577e-04
1.876867851221177691e-03
4.290386588717557325e-04
6.784821341236810200e-04
6.065331630479439901e-04
5.791543783707068550e-04
3.230306362965580614e-04
2.453618134752408200e-04
1.979779134333680118e-03
3.113276966179376738e-04
8.163880741546539112e-04
1.124901812320933375e-03
4.796309772827286877e-04
1.078709261941387595e-03
8.263148640065944364e-04
2.554084147333104569e-04
8.864190273283405978e-04
7.611669493170211210e-04
8.533438490962247597e-04
3.065727367479705381e-04
1.120154488552491372e-03
5.881089705600420041e-04
8.860829102418063584e-04
4.386198613261112472e-04
1.978878954158597072e-03
8.125913192652796727e-04
3.880047302109680338e-04
3.542112385885201977e-04
1.185579906087797430e-03
3.029500092208681195e-04
3.135799050330945019e-04
9.800571780136269496e-04
3.492343899987771123e-04
1.159389365213583803e-03
9.747912626606644029e-04
4.282056967419019906e-04
7.814848327147023554e-04
2.730853654039392623e-04
6.537179787537936724e-04
4.393253034700798075e-04
7.795194688543844634e-04
7.647153842229335386e-04
1.119945017363573698e-03
9.343938242861741985e-04
9.885366922979127186e-04
7.202287829596340334e-04
1.176036131220385564e-03
5.938588157404830342e-04
1.026271612538274267e-03
2.433615172582925031e-04
2.210176524538929980e-03
6.925933352037448891e-04
1.216592163962197833e-03
3.326840227400952631e-04
1.322960684940036958e-03
2.198235254778360941e-03
4.789168013462774954e-04
8.412973880622638201e-04
6.349837417418552083e-04
1.601398912652527307e-03
4.494555676943682112e-04
7.090305958079043489e-04
3.412741385058737885e-04
3.922178459773056122e-04
2.552974820885841462e-04
7.366153738284752627e-04
2.785803574635166923e-04
7.658842031757002100e-04
7.814675780763854704e-04
5.598270079434547507e-04
4.612843306185411270e-04
3.850075340320529898e-04
3.590977239110016805e-04
7.392220400848844046e-04
8.863406871345463119e-04
3.000794066069997768e-04
3.229649951317669948e-04
9.613626668816456109e-04
5.388698116284709001e-04
7.554350634605815637e-04
3.757711898808614726e-03
1.073157429002944210e-03
5.690262932306093188e-04
3.485636373899449452e-03
6.118981508344948934e-04
1.186585127766535616e-03
6.988948812477633818e-04
4.555099260213800114e-04
4.646674982799726635e-04
7.080717269610561351e-04
7.239011241500802919e-04
5.960263969486065145e-04
1.140577001318360609e-03
1.545736809772406710e-03
5.052392248751248066e-04
6.552736744980436259e-04
6.537935425272351116e-04
8.612007077542788028e-04
2.223481812950411224e-03
1.005924649402357681e-03
3.361131948016785032e-04
1.284329754638138289e-03
6.840503513101396822e-04
3.691104671656157297e-04
8.022508172892150492e-04
6.903725996687280547e-04
7.725592675622604613e-04
4.821304550484471589e-04
3.086672997935181804e-04
3.556801610420926214e-04
7.260231479371746961e-03
7.647153842229335386e-04
5.906755218402776194e-04
3.455735728767787363e-04
7.255286392460024011e-04
5.146954569061261246e-04
5.193062330248525383e-04
8.691022354794534967e-04
1.063708842673837841e-03
6.164685632817604351e-04
6.641231804729107830e-04
2.466975519000694141e-04
4.973874398444601838e-04
4.158997786455037701e-04
4.695626265747506627e-04
4.281077389516946470e-04
8.193581055070155161e-04
7.208780179659485992e-04
5.952140978636974488e-04
1.005906369162986626e-03
6.086677402582785223e-04
8.857977189954441451e-04
7.371628113060898829e-04
5.295333307173099831e-04
6.371290943959548488e-03
1.508581895518560506e-03
1.058985628116089006e-03
4.010938672882298842e-04
4.293714784018556256e-04
7.030309311503361511e-03
1.002322027039721092e-03
1.304101540781539776e-03
1.354184764134436312e-03
3.346204011944650105e-04
1.160754385164054466e-03
4.504721861844999389e-04
4.653857118498587529e-04
1.680756210631777691e-03
5.647508851168283944e-04
6.843644017962068971e-04
6.996481787640333955e-04
9.729324856386105174e-04
1.421249659362935208e-03
4.639244842046139029e-04
3.203832812715673830e-04
2.833709776358469168e-04
5.910420422617716210e-04
1.052510557349427452e-03
1.664831930938656971e-03
1.609230843018258188e-03
4.421415709729385876e-04
3.257697807848218378e-04
5.402190476815345961e-04
1.029132990108869768e-03
2.684611917293351028e-03
4.476887930981344348e-04
3.062294469207218778e-03
5.605820791263063175e-04
7.413282677297040489e-04
6.635863161134511424e-04
1.035655306828450143e-03
9.879064758711408704e-04
1.262336694135099196e-03
5.959516225740606101e-04
5.273885867385343313e-04
1.006162331729778528e-03
5.894853384734923419e-04
4.240666159740861738e-03
1.326689267063895774e-03
6.553088911256348256e-04
4.593320559831762240e-04
5.711216042363265102e-04
8.963082153654916735e-04
2.459489059134577042e-04
3.837954140413841119e-04
1.193910093115413450e-03
4.871724596474912017e-04
1.264198001578639794e-03
1.041064767746989646e-03
3.156762012469148350e-04
5.226385329110420832e-04
1.101788973681283416e-03
3.771915050453141373e-04
4.975813838566291863e-04
7.996659554248546509e-04
5.854878106748086274e-04
1.110412935285718522e-03
1.257749820696880527e-03
8.304038680705433557e-04
5.537446759847311929e-04
6.164685632817604351e-04
1.102820910512639909e-03
7.922187844627927083e-04
2.822904668727665035e-04
4.861089012038236588e-04
2.839335627058760941e-03
6.874592497100060016e-04
2.263173824853165639e-03
7.246733625755585580e-04
4.071266296114637727e-04
6.179328298949544798e-04
1.105128481772382331e-03
4.264645765666955795e-04
6.714206585127721356e-04
1.004825515374047898e-03
9.910733471623313015e-04
5.731936997283054074e-04
1.185644555918432186e-03
8.859020700327008193e-04
8.117902599550857285e-04
5.783357482462748609e-04
1.239605970250526584e-03
2.484954966356358371e-03
8.226455027399338796e-04
2.808225680963238511e-04
2.332338339144708617e-03
2.357020479903774741e-03
1.993597880986878990e-04
1.179803195958968555e-03
3.076159487214231601e-04
9.749093325462030715e-04
6.086677402582785223e-04
1.767265319956637859e-03
6.804598028249556150e-04
6.247590923874102352e-04
1.275706158776804570e-03
1.032001694582629532e-03
1.393774216473871565e-03
6.257736443389105016e-04
8.393054727546787625e-04
4.882604714644503971e-04
5.766693606475292331e-04
1.458161003079957215e-03
5.771770782298608557e-04
5.736346042085182367e-04
6.110735006039600412e-04
6.408358828079575679e-04
9.953635547505009385e-04
4.399956576729466924e-04
4.591825743430379006e-04
9.361225995028445634e-04
7.855082325488195851e-04
2.426536659954025264e-04
5.313160172219162690e-04
1.157157111623795731e-03
1.162181513877686258e-03
7.509179130526145605e-04
9.854294843654261456e-04
6.056910154348737552e-04
2.587390040004585107e-04
3.327387955564727615e-04
7.921096474338864928e-04
2.844145116377586567e-03
9.425290681583234961e-04
3.797209993745476382e-04
7.281552911752781944e-04
1.185357645889193205e-03
3.383864660149147360e-04
1.810697773576895033e-03
8.503198693443088764e-04
8.417872569199873287e-04
9.717510358857306667e-04
4.489236135447231628e-04
2.648209535674116936e-04
6.816161295833234697e-04
1.341621972091716023e-03
3.021572639482346346e-04
1.130814116731078097e-03
5.973460358912942867e-04
2.535999719117373657e-04
9.650939385307316307e-04
4.191415823068141838e-03
5.936099061550527281e-04
1.239465446079457064e-02
6.709931248713529948e-04
9.479231585127476708e-04
7.658646697732053197e-04
2.053319319361916750e-03
3.081275188394784329e-04
1.305132667525021667e-03
2.032434609598996779e-03
1.567845495767785334e-03
8.178005264758549196e-04
2.920220297065676159e-03
4.970192110813170501e-04
5.116531957767682121e-04
3.314885216967076303e-03
6.503256460014461213e-04
5.807491310474326499e-04
1.826377674736887199e-04
1.141480788208308790e-03
1.046407656464127481e-03
5.172358733552326468e-04
7.056936453939834488e-04
1.295793131261279135e-03
5.960904632003901195e-04
5.700410993594159578e-04
3.086672997935181804e-04
5.331662292946946248e-04
1.761056608420857742e-03
6.776085797003339678e-04
2.864183378341100599e-04
1.289644241738185405e-03
4.210923984929173473e-04
1.096211016149468195e-03
9.175826630286313583e-04
4.623322336321522845e-04
8.317609959324698135e-04
5.244720698687785169e-04
2.843783528243034177e-04
1.732486987099399710e-03
5.727351541187252664e-04
7.353254466618523591e-04
6.229741346602174273e-04
6.217021874640748808e-04
2.113281136429887193e-03
8.231394334976437814e-04
8.414357348200837651e-04
1.870883139286051494e-03
7.428729532148892895e-04
3.511562097864816268e-04
4.064821853504894077e-04
4.973874398444601838e-04
1.936013612093281542e-03
6.487868778533129824e-04
7.573760373293568710e-04
3.067761506687682925e-04
4.925483270424497496e-04
6.115912876022395290e-04
5.082648610675347903e-04
1.822382942531673581e-03
2.092294549984483542e-04
5.572078617869846489e-04
4.006667418384511170e-04
2.109805511208204644e-04
3.199367655314523510e-04
5.193062330248525383e-04
2.306627383855615592e-03
5.252185380350272688e-04
1.707915932410719768e-03
1.091199993532025476e-03
6.609114623418333584e-04
5.013513878201977542e-04
5.077998905343381877e-04
7.700945168724509030e-04
6.137176738599351431e-04
5.594001636081070332e-04
4.603696190161254910e-04
8.569323996533707551e-04
6.962815845005283647e-04
6.791689437310985443e-04
4.651479941345794638e-04
7.848022433847596374e-04
2.725493489457600591e-03
1.157213594296104767e-03
9.163213629813214299e-04
6.084902206129606762e-04
3.483569414212562415e-04
6.477061044160898782e-04
5.661166822726258459e-04
5.299414232081062822e-04
6.326316041058449189e-04
1.700198390370326546e-03
2.104535101099279382e-03
1.064676784483356608e-03
1.114352972283325343e-03
6.849434535946742229e-04
9.276781124298953945e-04
1.670986011837429213e-03
4.360894539047222040e-04
1.862725469945146787e-03
1.371619211956919817e-03
6.200065200721046168e-04
3.347913804993705913e-04
8.803965015166616195e-04
2.501020854520585000e-04
1.439360833944167617e-03
1.851693687731870922e-04
7.858577605109827967e-04
5.303610109542975003e-04
6.760395169115819211e-04
3.113378506582154350e-04
8.377139256661341512e-04
1.057099946331762014e-03
1.690088599750260920e-04
1.534931280438196332e-03
5.410461750230949720e-04
3.401616480580136226e-04
1.492582478240657472e-03
6.626642169910969488e-04
1.582267776405323978e-03
4.443774087622104178e-04
4.951922512865618558e-04
6.593295246224502477e-04
2.125888749207360037e-03
1.278751472789139282e-03
2.862980985757747560e-04
1.795717786598970481e-03
1.274796646210270322e-03
6.920015364017062867e-04
6.408358828079575679e-04
1.254254327037736521e-03
6.237339748588924086e-04
8.250546223866371065e-04
6.617778894255426595e-04
8.450086131222011871e-04
1.010388854120409683e-03
8.031595115590662790e-04
1.209666442472830160e-03
9.062674078449159225e-04
8.140184485243031481e-03
7.864235390053878104e-04
8.817559095819708492e-04
9.885366922979127186e-04
4.681865390310770364e-04
3.208142701765803219e-04
4.201209121047809816e-04
7.070250882686749359e-04
7.449863240084334719e-04
1.795717786598970481e-03
1.091414073252492149e-03
4.420170634063776485e-04
1.144141016325071498e-03
7.983861473542073909e-04
3.994691867607599129e-04
5.592608647823771187e-04
4.138669737244405266e-04
1.172846380897144295e-03
2.123508285241519395e-04
1.486572089312308007e-03
1.010388802229134422e-02
9.638583702386190055e-04
1.003697422001761019e-03
7.244996209682585606e-04
2.332338339144708617e-03
1.086000980044358761e-03
8.352346646982144584e-04
3.169321847010568246e-04
5.402422408818442247e-04
1.210315963805649007e-03
9.759568780683584117e-04
6.843544025749158681e-04
8.925887987259665916e-04
6.008259187122292656e-04
3.791757695991174941e-04
1.408579848072875462e-03
2.885121178521681201e-04
1.647121562118519572e-03
7.554350634605815637e-04
2.193583544409889816e-03
1.071518120484057880e-03
1.486464780927771725e-03
2.947689884507353184e-04
1.923838761724545616e-03
9.244367078709330365e-04
9.745626189580443213e-04
2.145965204476379517e-03
3.787646806754116726e-04
3.490177985769145255e-04
4.592792314671443796e-04
2.900928669795661960e-04
2.192581743581545166e-03
6.982460205518735939e-04
1.370880579766528941e-03
1.158460196764652794e-03
3.428888751767947100e-04
1.016830014004551242e-03
6.070610577722323044e-04
1.182365174989359049e-03
4.780072984807805844e-04
1.601456443286424945e-03
4.332622919888722219e-04
1.257749820696880527e-03
1.320112022723664551e-03
1.287994126154069817e-03
2.416156210813035572e-04
3.452473601085241325e-04
1.000299559151556286e-03
6.398786712193196835e-04
6.082375280928204201e-04
1.178301750599179253e-03
5.929759401086656450e-04
4.191226760859713494e-04
4.176809574334324751e-04
6.432206729890199920e-04
1.619179716088500883e-03
6.140870507880713709e-04
9.887915676180080837e-04
7.251990665671958136e-04
3.095470213058129313e-04
1.812121380956787037e-03
1.000299559151556286e-03
9.067554016957297134e-04
7.537814153858042295e-04
4.582338573478152480e-04
1.278751472789139282e-03
9.837185403170735972e-04
5.745459162003151415e-04
2.322975041897396432e-04
8.351636857336440078e-04
3.477782969468113002e-03
4.010493102078596184e-04
7.679250584064297889e-04
7.263295159589453322e-04
1.504147619963847569e-03
3.913681657190074296e-04
6.915075916957173297e-04
1.618641688273309313e-03
1.326317685155369974e-03
1.420165855862727620e-03
8.700558887386932111e-04
2.787680082689295794e-04
3.589802856896587876e-04
1.472318811586088502e-03
1.185579906087797430e-03
9.668089184821364746e-04
5.135157540265419211e-04
4.821304550484471589e-04
5.876083618953524329e-04
1.236466746686419810e-03
1.294018539218657867e-03
5.986847395963196695e-04
1.117674827469135020e-03
1.466692472791356972e-03
1.184746421442672186e-03
6.436444895258037558e-04
8.862757038214725191e-04
7.479262966881270770e-04
8.548819666958668451e-04
7.209185787141018931e-04
6.452417670526084531e-04
1.054900258680119968e-03
4.806921496425527011e-04
1.434899150742267523e-03
1.831041073884246643e-03
4.177456803280409385e-04
5.491324330744310530e-04
3.301628589152830716e-03
1.604287393608596214e-04
4.675670769828288442e-02
1.827268390600422288e-04
8.468946604519257335e-04
6.196280038716320705e-04
6.822247447585783140e-04
5.463248713795269612e-04
7.090310113896067549e-04
1.707915932410719768e-03
8.504066664666659831e-04
2.793789200453565178e-04
6.183564950184933457e-04
4.004466659903987828e-04
4.328725060588830024e-04
4.970192110813170501e-04
6.171102434503144109e-04
1.478860200981123914e-03
1.114856469790250978e-03
7.277976704122049965e-04
7.735096803197988920e-04
2.832010624635737705e-04
2.425063815567880029e-03
5.970739540781337109e-04
2.758106220737441641e-04
6.212092153334388593e-04
3.146695105826484862e-04
5.672707507485639372e-04
9.885366922979127186e-04
1.512488050180112870e-03
3.434396390005858054e-04
4.111523639630850629e-04
1.622095753425846932e-03
1.021840500391461327e-03
4.572835084553997513e-04
5.252414166588431372e-04
1.297761086002443588e-03
7.076970036564625812e-04
6.150142129826965953e-03
8.445048430857580437e-04
4.195011164481628738e-04
1.082709534179800929e-03
1.702137307581755472e-03
2.061628646474832679e-03
5.276199944280866470e-04
7.278544476950457500e-04
2.763665710452270583e-04
1.483370802731301483e-03
1.066704419760579076e-03
6.971158372585872180e-04
9.072919810527223065e-04
5.905230530218567864e-04
7.183732324596622115e-04
1.829965165494007191e-03
5.643158489118966364e-04
1.195846852624512418e-03
5.549639641243895964e-04
2.973427889419619826e-03
5.451585049395314990e-04
5.131960606764070926e-04
8.339999269776444740e-04
5.168593139132896148e-04
1.611674456820807750e-03
4.572835084553997513e-04
5.281244591357591844e-04
1.192617143930600927e-03
1.382100373188811272e-03
5.986085704373737002e-04
6.922746680518169831e-04
1.230703016152914818e-03
3.821263996896540885e-04
6.712749056131300839e-04
1.472163173131843788e-03
1.068491815772916421e-03
1.251197695204890300e-03
6.682070619058854549e-04
7.625903548474557286e-04
6.267373295324705790e-04
8.857102731795297263e-04
4.138669737244405266e-04
9.195832163072681798e-04
7.495783672614973487e-04
1.590456216577423821e-03
8.291384240507387393e-04
1.798288644573893926e-03
9.479231585127476708e-04
7.922187844627927083e-04
3.321958853172965508e-04
3.018475394869774421e-04
4.940152899427783292e-04
1.693376121192645238e-03
4.572835084553997513e-04
4.409721923969717595e-04
5.462107605508659822e-04
3.656077369348510850e-04
4.327778965530326813e-04
8.184393957079131752e-04
7.819425252345842212e-04
1.086713553608488697e-03
7.697774988086842707e-04
5.783840586990738513e-04
3.065727367479705381e-04
1.359843610892046703e-03
8.890551322089508502e-04
1.544293631866026700e-03
9.559856419140126292e-04
6.069217280902786723e-04
8.638356459757901918e-04
7.034205608687005068e-04
2.787680082689295794e-04
9.738598962209273199e-04
5.738423828523991693e-04
7.019605085466363963e-04
7.217287555924214613e-04
3.424898487741521655e-03
3.586168723328643330e-04
1.183968518394063439e-03
8.879371468665000740e-04
2.940495052469050265e-04
7.806633087510811420e-04
9.931025317076933295e-04
1.625954267968602153e-03
5.218166415676793327e-04
5.292534877492963922e-04
1.670303501188929215e-04
3.946254772070129785e-03
4.850986442850920163e-04
4.444755310586108801e-04
3.240641041541776363e-03
4.669152319748615587e-04
5.876083618953524329e-04
1.980096116657540923e-04
7.958122438188752626e-04
2.030746919703203292e-03
1.086018378171051124e-03
5.807491310474326499e-04
3.519124898690231275e-04
1.068276238563840071e-03
2.327277356004723522e-03
1.005921371124296124e-03
3.594000183560608743e-04
3.333352091864908622e-04
7.368417755622146169e-04
1.552575285684206375e-03
9.809179278133419843e-04
2.941501967959683338e-03
5.581457198878865154e-04
3.079828664934377040e-04
2.395085723216762441e-03
6.293176412342206755e-04
2.436755363766416379e-03
8.972394337868785756e-04
5.431808128926542177e-04
9.343938242861741985e-04
3.170627057042372425e-04
4.670434966031193516e-04
7.954562919847504463e-04
6.797999425459967920e-04
1.396335101351344485e-03
8.830251770622747371e-04
8.966049344803785591e-04
3.898504898469167890e-04
6.609486089051835054e-04
1.977316206914284114e-04
5.029909943500590315e-04
7.276765682499440786e-04
1.108536596037263192e-03
2.458616292658983259e-03
1.854925125403625741e-03
4.627513054461771663e-03
5.082648610675347903e-04
1.862725469945146787e-03
8.018180150577176998e-04
9.184779720453337733e-04
5.760179670224172856e-04
2.781779048886476313e-04
6.012531826298137764e-04
8.701617261497818440e-04
4.865701157732618253e-04
2.700411864784901458e-04
3.045310347519994301e-04
5.139801379847979941e-04
5.036834043574077956e-04
4.113497498162770288e-04
2.818018609851403143e-03
4.125935070946304991e-04
2.773922917463330956e-04
5.412946738034334028e-04
8.026695296012844802e-04
6.115613558583634420e-04
9.255555915740793253e-04
8.677962468498165178e-04
3.744114254485090545e-04
1.582267776405323978e-03
3.751466875125521704e-03
1.232631030769943976e-03
4.104905416289587601e-04
5.505251250886503264e-04
3.380261218059835994e-04
3.556801610420926214e-04
1.494501914736557193e-03
1.741538065894476014e-03
2.458616292658983259e-03
2.383496560833233075e-04
9.451284589702594165e-04
5.428144392944998353e-04
1.583642893835678989e-03
6.386760887802763386e-04
3.279182376054437975e-04
6.560432617600158237e-04
1.993597880986878990e-04
1.167481014119890314e-03
3.470765883125915500e-04
2.253915692757161096e-03
6.491518844925604033e-04
5.379381142373197569e-04
6.945617614989931009e-04
9.749280959304384118e-04
8.298267480275725886e-04
