7.285609151110415812e-04
1.332601926384444080e-03
1.203003010874822325e-03
5.052527790475049799e-04
5.841811600445044736e-04
6.042217020954032463e-04
2.948497947048189880e-03
2.133555120036056268e-03
4.340575708008572722e-04
1.082654144309188899e-03
2.548787210506613392e-04
5.614806074078584376e-03
9.535711797414658060e-04
1.880995400639596041e-03
7.592020050089144526e-04
2.332393743647380696e-04
2.907178810907898618e-04
1.262789175941949433e-03
5.796477225702156583e-04
9.612843270667474583e-04
4.350494421450515001e-03
1.218707135007917903e-03
1.774000494922015883e-03
9.767375907735887774e-04
6.093327886035720649e-04
3.674745349855517481e-03
4.314557111458344079e-04
7.431554574549964183e-04
4.075703579445633150e-04
3.114976398900940260e-04
1.172124141273752111e-03
3.313846052029337718e-04
3.493469851252853278e-04
8.798097351529986492e-04
1.492174770114111995e-03
4.094001789023001231e-04
7.078625284781551921e-04
1.053931739776528152e-03
1.467407566203946358e-03
3.374542687241869981e-04
3.945080104641034992e-04
5.671415575425237153e-04
9.441665114954735528e-04
3.405236545333378676e-04
8.732889544422297364e-04
4.141020881490452060e-04
4.945212746541860493e-04
1.186403095248383770e-03
8.560265099302659473e-04
1.546419320606154087e-03
1.026390820117517588e-03
7.296438637134210767e-04
2.671093468067189968e-04
1.737878519047223380e-03
7.534850980665193420e-04
1.491004849358822625e-03
9.126442487017754268e-04
1.419557125245949573e-03
3.976032557963103567e-04
7.139502846916735354e-04
1.409037540364910940e-03
7.160781275321871598e-04
2.790066058900504708e-04
4.410514706132638292e-04
4.591384760989525738e-04
5.477273738760148059e-04
1.152290638539068667e-03
1.083292728435419428e-03
6.798724323678054975e-04
4.669363606743855838e-04
7.186194351541092158e-03
4.058948154144424703e-04
5.290500687108493864e-04
1.785083598774353910e-03
8.047469429237241907e-04
1.452991506519769752e-03
3.488062132313919693e-04
2.098406134653888009e-03
7.267899144665415905e-04
6.777779599638192234e-04
2.247541636260544720e-03
2.992267351279580571e-04
3.248884666207170111e-04
9.420276035924729984e-04
3.813876760021051634e-04
5.308057179838862908e-04
6.470186595647472918e-04
9.777096331521429110e-04
1.547575976949099779e-03
5.896774090745559530e-04
1.170362706267030197e-03
3.527092075418370018e-04
2.010037786765787610e-03
1.129708806003191807e-03
5.839547886982469297e-04
6.266235638032996002e-04
1.870841968243349253e-03
2.772039681607812631e-04
4.466084556317255765e-04
2.857137467504164874e-04
2.961627212265680389e-04
6.126152470166138170e-04
3.586819544438087266e-04
2.252436367793883587e-04
4.347606273200782696e-03
1.399507222909624274e-03
4.486496856260575763e-04
5.547908226503177592e-04
3.185052357980993221e-04
3.393159219060388945e-04
1.474784657560802934e-03
5.919451421131986758e-04
4.214439908889883982e-04
2.551008701758697493e-04
1.278870441064718045e-03
7.347002100398716947e-04
5.894902897230609945e-04
1.679489488221526513e-03
1.008256961391869018e-03
6.056797209371134194e-04
5.666071853968263679e-04
4.068488995591670290e-04
7.549071283075623568e-04
4.956228653564477733e-04
1.604593739320239222e-03
6.783411455657663118e-04
2.502128112302787893e-04
4.659341308980549700e-04
7.261918295342025594e-04
6.074333267118224144e-04
3.532829946782454870e-04
7.426046188289313560e-04
1.332601926384444080e-03
7.608049321457434214e-04
3.547277497558553759e-04
2.675808047918501963e-04
6.751949160680519816e-04
2.474433101566803636e-04
4.529506087459399732e-04
8.264458779108368666e-03
6.717123387533071796e-04
8.931200953805507482e-04
8.542333478894887332e-04
5.492704673614016726e-04
1.700910919555703640e-03
1.676223440869841624e-03
7.690189243219485186e-04
6.606335624872524022e-04
7.335291856599797031e-04
6.007218366275027602e-04
4.049331298346249379e-04
7.357812025366944689e-04
3.410501618528625697e-04
1.583331350510644702e-03
1.132539972707625716e-03
1.754323778391083917e-03
2.823651067294139384e-03
4.756513233610408010e-04
8.412730257482965279e-04
9.661718193989736296e-04
7.289948623920253657e-04
1.442523326946529554e-03
4.317921632235235800e-04
2.942336523384160053e-04
4.403784024318225707e-04
5.161172026276454215e-04
6.931437136830496297e-04
1.797589576084192547e-03
8.788773950741468133e-04
1.684998236075892176e-03
3.922545436268206720e-04
1.348260729987471509e-03
6.074293381276679423e-04
1.332403898793854680e-03
5.087874313200724512e-04
9.397298728980451200e-04
4.662284550493328594e-04
7.131396512570025402e-04
1.921587708102706453e-03
6.046951534287553064e-04
6.334427251126436599e-04
6.220551179074422119e-04
3.790401003793433766e-04
1.244431552069387870e-03
4.929499152856627042e-04
8.047469429237241907e-04
5.269316478137240104e-04
3.125152716583266105e-04
7.257354688198024541e-04
1.283571311815525718e-03
1.051966143793204005e-03
5.841032757286384767e-04
7.352898969645776722e-04
3.580011621388132703e-04
8.698315567622134275e-04
6.504801038022471182e-04
1.322923305946765472e-03
5.703191460344947308e-04
5.312764915471872990e-04
4.390704283207759375e-04
9.897833984344745883e-04
4.602971383898789575e-04
6.653337096162144707e-04
7.479048668700486987e-04
7.333528931835757610e-04
3.270033811658119394e-04
4.308042965073027235e-04
5.714413373577800640e-04
3.573282842809312248e-04
6.800369084815315046e-04
5.162994598617467838e-04
1.019756612564743422e-03
1.745391914105445200e-03
1.482954042250073318e-03
1.302048937778205661e-03
2.237877466357305679e-04
3.021400077470603757e-04
6.162355102284838371e-04
7.383738989016431836e-04
8.861304850638054755e-04
4.721987357793873928e-03
4.502141785870731857e-04
3.576904721873844879e-04
4.536547855164988559e-04
1.771881252009836283e-03
7.979555454392950071e-04
1.436511492970262609e-03
1.398576654904604838e-03
9.418249558286520811e-04
1.002028873039792229e-03
6.730286373299207122e-04
2.790949714529199731e-04
9.074270282360726980e-04
6.459375531520866005e-04
1.839945262277885990e-03
1.186139367424175403e-03
1.006404865338461282e-03
7.050347157362154117e-04
1.357306911532315521e-03
1.922222672330549647e-03
4.355962035293026863e-04
7.102017499683110175e-04
2.366357121482588071e-04
3.719453672906581753e-03
1.035150297048531695e-03
4.601628269716653711e-04
1.500694068296955664e-03
1.055297234304144191e-03
6.223721853078988510e-04
4.086630945625887440e-04
7.943149917123070673e-04
2.951234026535573063e-04
2.896553530623519144e-04
7.500999810003566338e-03
9.954756626426026871e-04
7.739304919015076297e-04
6.152926897909874893e-04
5.539534085963613219e-04
1.661943277277746697e-03
1.224785663360369176e-03
1.176452189738204238e-03
2.882688816792932122e-04
9.934272527569419642e-04
2.864124874435022773e-04
9.982661709515519999e-04
1.989315779428846732e-03
1.669537932702566457e-03
4.481500294011975922e-04
3.696834987156918896e-04
3.368630434823342325e-04
4.500716565792774052e-04
7.041105903883562375e-04
6.898638855373671538e-04
4.911888650469231317e-04
2.610930753494512899e-04
9.388357369399833808e-04
1.801781290990581152e-03
5.396924464164544032e-04
3.065314956423117760e-04
1.053994074766014281e-03
3.119281702673981074e-04
7.488433853689443424e-04
7.704336649535618864e-04
5.264443242723170499e-04
8.523803526394325416e-04
6.381394647213037806e-04
2.069868019811142625e-03
7.958022021716179562e-03
4.070727341733862241e-04
1.331201092862161926e-03
5.542696622028715596e-04
1.922564901627934076e-03
1.086553588432445433e-03
1.274462723598181885e-03
9.551132776255485827e-04
5.316727149235472979e-04
2.985470372170669117e-04
8.441740449902394514e-04
1.118619828296654956e-03
6.705315721651039593e-04
7.160781275321871598e-04
3.055575193466942164e-03
1.244222606788759119e-03
6.963545554964764486e-04
5.089874126316613944e-04
1.381658534254057895e-03
6.381697798163268095e-04
4.886091023996303167e-04
1.472545362629780821e-03
4.661883741206326696e-03
1.268700815460443304e-03
5.210116139739390077e-04
5.803002572969659162e-04
2.261545168788559740e-03
1.774662927424407654e-03
8.678175352821736232e-04
7.185140841673853676e-04
3.288234100841178737e-04
5.519084716141751642e-04
6.555494290709755348e-04
3.598316183097149154e-04
4.878572237746928012e-04
8.214682872774403373e-04
4.032131736584472449e-04
5.791112821834943367e-04
8.014814289825924424e-04
5.793411816986154990e-04
4.958737413514394121e-04
6.022834227864804196e-04
5.867115690438961650e-04
1.368439471432282475e-03
7.482146296240812545e-04
8.324569458751602874e-04
6.924132936891012630e-04
1.259065178861859102e-03
2.891723936707211052e-04
1.242077335546755597e-03
1.256019204424587213e-03
6.177675894064294480e-04
8.986559646942935721e-04
3.273616211957408682e-04
7.277814864720901942e-04
5.660155490842609226e-04
5.296378741636628001e-04
1.607708911515640972e-03
6.633107824987230072e-04
8.899003122001068050e-04
3.747290713414501320e-04
2.677810747149024593e-03
6.009582266781558074e-04
2.781696589696113723e-03
5.550679225328617079e-03
3.610077224770838499e-04
5.397722725935340032e-04
7.351378034779305296e-04
7.431592698550827962e-04
2.715282613190257103e-03
5.687183869134402638e-04
4.949216956510577546e-04
3.528193061619574783e-04
7.626208903828222540e-04
3.719453672906581753e-03
3.149052803561680578e-04
1.305636532227923835e-03
9.976711405802836299e-04
3.836808179255342811e-04
6.074333267118224144e-04
1.116214270003747363e-03
1.193426714321354923e-03
4.300827629787839731e-04
1.329323711388734255e-03
3.809372688310169383e-04
1.196164419994033903e-03
3.391771861138363872e-04
3.830457887788371574e-04
1.016106978517829391e-03
7.382601310463708265e-04
6.011815359257914864e-04
7.896906509470745733e-04
1.175542219425638807e-03
1.150274584769670145e-03
1.127029857436028957e-03
1.803925908606158091e-04
1.890011431418282210e-03
7.608049321457434214e-04
3.345684734603378155e-04
4.102586917687267077e-04
1.297870618112880771e-03
8.578125106592272581e-04
6.977600049456923617e-04
1.427172419765486682e-03
5.554152136099068564e-04
6.640274163190007344e-04
9.892238353520087148e-04
1.375454655066153794e-03
1.050763391222394021e-03
1.989315779428846732e-03
1.037149125382783163e-03
9.209615384982306873e-04
3.738169511702638765e-04
4.332527940607167755e-04
4.202623207876883191e-04
7.999862655456613410e-04
2.147773504830440699e-04
2.334167160692924734e-04
5.803375533161444187e-04
3.443654253737447597e-04
8.023274197274004368e-04
1.661583622422628092e-03
1.193254877058237597e-03
7.878249916578698719e-04
7.704336649535618864e-04
5.702298733000593341e-04
4.959242118824012903e-04
9.833136919643421445e-04
3.966808437129122015e-04
3.068434698554281786e-03
2.179768264430046495e-04
6.738780043281070338e-04
1.090099433719815243e-03
9.335836172019431820e-04
5.288685442297070280e-04
7.608049321457434214e-04
3.417888968343485803e-04
6.570377232025537964e-04
7.704336649535618864e-04
1.318977989408091954e-03
6.686977832215199730e-04
9.023063128285896016e-04
1.954825580686198657e-03
4.134353227382808987e-04
3.909870504475414102e-04
3.903619283365434732e-04
2.331311235632183064e-04
2.009188555549529091e-04
9.587459290587768473e-04
1.191896237944610427e-03
6.031442726015837866e-04
3.556731771522661772e-03
1.367163837153324976e-03
5.076359328369061232e-04
5.523538308281893431e-04
3.539884521105333775e-04
6.812534936622731060e-04
2.996189684001804429e-04
3.421806327622775590e-04
5.789083949404316438e-04
3.253215725304731154e-04
1.351632535947751203e-03
1.483656085213728082e-03
3.184887152496090152e-04
4.734760902269869245e-04
2.647965667454506983e-03
8.129833510745359572e-04
2.148249627957763883e-04
6.783411455657663118e-04
9.191087713034467536e-04
1.323023412697977783e-03
2.267741159490161838e-04
6.212501238143636586e-04
2.693530802476021909e-04
5.739054725166475423e-04
9.488976383819352914e-04
4.766551933880602138e-03
7.821442185347398084e-04
9.970501167349365805e-04
4.293455755311079364e-04
4.347815662251306628e-04
4.235194239334692432e-04
1.656023926485266935e-03
4.559129460349930683e-04
5.973721879849423766e-04
3.337374412291582650e-04
6.527618097727849256e-04
3.568084444251997831e-04
6.563686044571647154e-04
1.851443733206719873e-03
1.562977812396173670e-03
4.579525697796531692e-04
6.920358602420583838e-04
6.847289747399025158e-04
1.776951340025889527e-03
1.052383854338135661e-03
5.220409878880762295e-04
7.134988773919299617e-04
1.134178067328781014e-03
6.508467063494629244e-04
3.135910787211593112e-04
2.939162193935893107e-04
5.154260478879729192e-04
2.118197955886272094e-03
5.345884181510605557e-04
4.512803134202591766e-04
4.529024212165265375e-04
1.531291106818631577e-03
5.478111195403464161e-04
9.073037026000590078e-04
7.866311966876572475e-04
2.201765757511003202e-04
4.491332893679340714e-04
5.742000473292141948e-04
3.095591286142145970e-04
4.801889286192090800e-04
4.528623987321256069e-04
3.623143890150999896e-03
5.054451059259494183e-04
6.504801038022471182e-04
4.562639724033499991e-04
1.208011533172440597e-03
4.405795369044773367e-04
5.643015485659800927e-04
1.563621058892244011e-03
7.067435699506456181e-04
6.950575828502179691e-04
3.555951639948942158e-04
4.509027784396025325e-04
5.287377126804939818e-04
4.595935973785065815e-04
6.297027423081470211e-04
4.061508739204757867e-04
9.621588845618085249e-04
1.251022211984908431e-03
4.321442100178951931e-04
4.698316299153367783e-04
5.193884699823673361e-04
3.780167907712589739e-04
4.202011374999842556e-04
1.179869018423944068e-03
5.563063688728669401e-04
4.270859523172189712e-03
7.426046188289313560e-04
5.690908552633095700e-04
9.767375907735887774e-04
8.015061119832808363e-04
5.158429215860529937e-04
5.789708279436713532e-04
3.394254380986088467e-04
8.773190258132814107e-04
3.025237631854210728e-04
6.117093688101283731e-04
4.718026166418346065e-04
1.293271715637345090e-03
9.008197444659194354e-04
7.608049321457434214e-04
4.745686018332994673e-03
1.023252930948335884e-03
5.509225539565046044e-04
3.652615659747528859e-03
9.179782885047156268e-04
5.032926096041040855e-04
3.488879157546501521e-04
4.214843301961991779e-04
1.132539972707625716e-03
1.260797727553201412e-03
4.585830618957265374e-04
6.786465534811958597e-04
7.427813256171038932e-04
6.111269552046889224e-04
4.992002162367004114e-04
6.042725368602492805e-04
5.687992364095171118e-04
9.468387515520760829e-04
6.110641231377540381e-04
3.772187250398209525e-04
1.180997028464372172e-03
1.130687564134001677e-03
2.913470436138583617e-04
3.855137691138384062e-04
5.471760899585404207e-04
5.369723599875638820e-04
8.273251100622172182e-04
1.715745053977698253e-04
1.784601436977987458e-03
6.180255484360893141e-04
1.560383629555988326e-03
3.767646824828209894e-04
1.247934679214000820e-03
4.982897955269488532e-04
5.274447987959065502e-04
1.237889166644226676e-03
3.058873542949288649e-04
2.852346983605686184e-02
1.111869420294908824e-03
9.496979496932732388e-04
1.264691354657914877e-03
7.159723606899557084e-04
2.525244601373181777e-04
9.668680683325172297e-04
1.312506657569536108e-03
1.422079740727696115e-03
4.637936751401053304e-04
1.027049038601994578e-03
2.634579106629452079e-04
5.399644708179582786e-04
7.091569416417767713e-04
1.788705995072024533e-04
1.586102217436522821e-03
2.909885053555390450e-04
2.191582034496075888e-04
3.261005446779316214e-04
6.629091063746916533e-04
1.408931575746845801e-03
1.300950498324289105e-03
4.907938169688312374e-04
7.720841683745929438e-04
8.075828550674557993e-04
7.933553444289057890e-04
7.270075578869893184e-04
3.620077934889799989e-04
1.135411082527507413e-03
1.429769678331391713e-03
5.301793213488290371e-04
5.087874313200724512e-04
4.305363213336126853e-04
7.973944686408332688e-04
1.095871892179871862e-03
3.899067833423399722e-04
7.394113369067024455e-04
2.797728942949260535e-03
6.720674654531060043e-04
5.542696622028715596e-04
1.085647475471182089e-03
1.701092460438372511e-03
2.939209928150677761e-03
8.816876439542953000e-04
1.505885723614934675e-03
2.085183977678354509e-03
4.336521823720928788e-04
5.651821931737396019e-04
3.924534628602269985e-04
6.638642313141889526e-04
3.948448672353902823e-03
5.208928419674860874e-04
7.814650498391608607e-04
2.280386267048783013e-04
6.397973883469276410e-04
3.119606513017775533e-04
3.890420633135906235e-04
7.081040961599366574e-04
1.172986145816465450e-03
3.676396115084492461e-04
8.852867898936395315e-04
7.027725317031113892e-04
6.254429294850998369e-03
7.820794583771468718e-04
5.560288224340871653e-04
1.441889042559592153e-03
7.263284281154876567e-04
7.194694845712318060e-04
1.428905672973958089e-03
3.572461691876113992e-03
1.108622873627506137e-03
1.269052442923044709e-03
6.050975432322975483e-04
6.417228768523479529e-04
2.160629088441969959e-04
2.026886815044839658e-03
5.163143033031229907e-03
3.192158104202835332e-04
8.914535478909211674e-04
7.419539847834232676e-04
2.748139233727602514e-04
1.135340178280764374e-03
9.518286912978380331e-04
1.345808575899944473e-03
4.960378539541880237e-04
5.466708979923362750e-04
3.218523926129099235e-03
2.347455909128312427e-04
1.330977039567716623e-03
3.265767507279223442e-04
7.741530108310545584e-04
5.554034576596898710e-04
6.576387276256659854e-04
7.204908353005559998e-04
8.144901593485044059e-04
7.134988773919299617e-04
1.065130482464848958e-03
1.304009238621591958e-03
3.206733519217926272e-03
5.151283254345642845e-04
5.158471759469675493e-04
4.729645643394563307e-04
1.269016542993246051e-03
1.227547006855415597e-03
3.479836023579089459e-04
1.774662927424407654e-03
5.179657051024602566e-04
4.131611094543275430e-04
7.947252569426672617e-04
4.437394575657542355e-04
1.728183070296731650e-03
4.907938169688312374e-04
1.049055559418924071e-03
1.030233152597836684e-03
5.868510647703389363e-04
4.562639724033499991e-04
3.095243808503010436e-04
5.400711510485829703e-04
1.107331383197979018e-03
3.301250412405298861e-04
1.130687130565517394e-03
2.933418689065772026e-03
6.629739738836115280e-04
1.172908780199490150e-03
6.868208595247200484e-04
1.536823697366812179e-03
7.484759484187487747e-04
2.964147932946897563e-04
6.409677688405650969e-04
7.793342209475674414e-04
3.451714138943143490e-04
7.466962026894996595e-04
8.144901593485044059e-04
1.587640661891816284e-03
7.431592698550827962e-04
5.743748422937105819e-04
1.074345372912458713e-03
4.149689924881008610e-04
3.349509310859631410e-04
3.900791194884904896e-04
6.342764584861619289e-04
4.595723505860285210e-04
6.848593813774320324e-04
1.648695572042848246e-04
4.141020881490452060e-04
5.735109318548145063e-04
8.617652582029850482e-04
6.384115878599317100e-04
2.517273912501025038e-04
4.601010497368226027e-04
3.991695766621601235e-03
2.679747177943070987e-04
6.932495705106843245e-04
1.448909333231190866e-03
6.149024932590179023e-04
1.074913568996371327e-03
2.097862408567885612e-04
6.944612421332647771e-04
8.005288834820116191e-04
1.012310405710451552e-03
1.123616926795241921e-03
7.401640841730715856e-04
2.960286876931420615e-04
4.200478955927335447e-04
5.871653593019797229e-04
2.149373651026951961e-03
2.142150427734827809e-03
6.589101569849102787e-04
2.523510115748644361e-04
8.307117380939737800e-04
2.790099302242013087e-04
9.277495210353152184e-04
6.353832768999780967e-04
1.490614131922429059e-03
5.949894618481601713e-04
9.097586165779975205e-04
8.158474667861204685e-04
6.338337453993370769e-04
7.671602482887536186e-04
5.584907424171684604e-04
8.708039893834511064e-04
9.950877163149047123e-04
4.636933279020372220e-04
6.638415373224971269e-04
7.640793644246976404e-04
3.080085253263540007e-04
5.981764635113028666e-04
1.904984950753619362e-04
1.108208445551252860e-03
9.335836172019431820e-04
2.413500665425720882e-03
2.838408160457754344e-04
7.015928959071877523e-04
2.142673906168282225e-03
3.942468777660526114e-04
3.100542067422677652e-04
1.533599747219253776e-03
3.018937618481602053e-04
1.060999213473251199e-03
1.076410859158920524e-03
1.016654801863736517e-03
7.207528022616939943e-04
3.660258132821753163e-03
7.970963564909890314e-04
6.481526019766621323e-04
7.656482709298585839e-04
3.513130105095328215e-04
3.376807688005554770e-04
7.437961966513342328e-04
1.335473382948190084e-03
5.861515883387382209e-04
4.582767558822374728e-04
4.828581294001386254e-04
1.009795664720732414e-03
2.853759385271014293e-03
7.006438077056184599e-04
2.338389727439359363e-03
5.400711510485829703e-04
4.845296830308145068e-04
1.223747346527366336e-03
1.632387681702612663e-03
4.615272868036347570e-04
1.758779050481427660e-03
5.714413373577800640e-04
9.239272203812151814e-04
5.235390506491473684e-04
2.205037358548409248e-03
3.260443623728261336e-04
6.108499452253113304e-04
1.242844000274644783e-03
7.928850166949571662e-04
1.144401172349064676e-03
9.929635029032523805e-04
9.377987785132314152e-04
1.669104681579729969e-03
1.259458127715725340e-03
5.046550514371344037e-04
6.282386316060873483e-04
9.775344229037096194e-04
9.246527613787721865e-04
6.878543960757694089e-04
3.109438603652614507e-04
4.626778888102497586e-03
1.161683067463334992e-03
5.761403292599967052e-04
5.889669374365225172e-04
1.738999660354169320e-03
4.576875527525812526e-04
6.156456931473366792e-04
6.075015476933889966e-04
5.831836273955298732e-04
8.078154250284175480e-04
5.042046466681078011e-04
1.142372088389411247e-03
1.634606634762999144e-03
7.233460940155090647e-04
5.511711431935889700e-04
5.237335909779109984e-04
8.643822598480854508e-04
1.335473382948190084e-03
1.597387299359560820e-03
8.567447558514300517e-04
4.165932938554840954e-04
4.413335903770720697e-04
3.765301713901548098e-04
1.285461888572262323e-03
1.641432804620603829e-03
6.867129925988999049e-04
1.382946616357729093e-03
1.276728308786814238e-03
1.565185382262025389e-03
9.464034839046027610e-04
1.099052511821689299e-03
9.319624697335808549e-04
1.062073095643313115e-03
6.480411039774006078e-04
1.553447391609670807e-03
4.442509356951140388e-03
3.793490329389509540e-04
6.705696742944803690e-04
2.151370194824682534e-03
7.295681377499677826e-04
4.240764620741535812e-04
1.584209419123243758e-03
6.775035760075679044e-04
4.060580619755087793e-03
7.363792826859946261e-04
9.759359686011640509e-04
2.501264207095321799e-03
6.601808367725966673e-03
1.225003482785035807e-03
3.870757973645524400e-04
8.940778642897854230e-04
1.014717704903040718e-03
7.159428491735064792e-04
3.955932032175530472e-04
3.816736168583892007e-04
5.075622894090565376e-04
1.547355845957684587e-03
2.487090459511516038e-03
3.085696661941370934e-04
1.652380494933368112e-03
6.574744191778189887e-04
5.431560256543261451e-04
3.223291097492699442e-04
8.413664199903821746e-04
7.059922859907405424e-04
8.015381399549467972e-04
3.750594445286835506e-03
5.193458172569190897e-04
5.049470407307343799e-04
7.794014300147382142e-04
4.404871097822490324e-04
7.057266776839835271e-04
7.839310820722898004e-04
2.101194597563118150e-03
2.831501232642459707e-03
8.790261469088493261e-04
2.894393871132596384e-04
2.542022427242902958e-04
9.064541778136149660e-04
6.736389896529566476e-04
5.860656765437130674e-04
6.395896229658362296e-04
9.992705398628755602e-04
5.089874126316613944e-04
3.808964289936978042e-04
5.380701817225251333e-04
5.210587844952829957e-04
9.848567453748908150e-04
1.083979923515085474e-03
2.487090459511516038e-03
3.739892167509912494e-03
4.121616239263383016e-04
3.708510261542152884e-03
2.137520365450654939e-03
6.757332305121565392e-04
6.929350276683218356e-04
1.594284847391708951e-03
5.029361865027027643e-04
5.080797648384082496e-04
3.322751720854378991e-04
5.896419120441111043e-03
7.796840428512682129e-04
8.335100368175535433e-04
4.481500294011975922e-04
1.404615783321774098e-03
4.061659561030774588e-04
6.122610873277764239e-04
5.345938795089536042e-04
8.996611034808486233e-04
5.283047249493658939e-04
1.737878519047223380e-03
5.130058362030288834e-04
1.039044708683906082e-03
5.315599544980207942e-04
3.085250873813388502e-04
4.885008215247938325e-04
4.446712262660500029e-04
1.957799973874137234e-03
6.962092907445503309e-04
1.160870405929416860e-03
9.572112610037180084e-04
8.031800048860861284e-04
1.536494083471327300e-03
8.459827307301888205e-04
1.092964942426641372e-03
6.342331152801631254e-04
1.586037924860538625e-03
9.349752923459489886e-04
1.128160130141961891e-03
3.719453672906581753e-03
3.008838543370003405e-04
8.431042619642121604e-04
7.884934489153151054e-04
5.193514750158871205e-04
6.329709732724681046e-04
7.969541086162669138e-04
5.812933827513288741e-04
8.444322501900314477e-04
2.551916504443280543e-04
2.420293759593106903e-04
6.567693925215085417e-04
2.502207512741678216e-04
4.994899034826946792e-04
4.010714420680240827e-04
4.100764280087054042e-04
8.357879384657309610e-04
1.374962691672475127e-03
1.580690693230955325e-03
3.937186827985777668e-03
2.919972647045702887e-03
4.711815989894215266e-04
5.534123230336820314e-04
3.703346108982923427e-04
9.556635048129220834e-04
8.081293166184983336e-04
4.748333011895069546e-04
7.242505866837670647e-04
6.961316226408988074e-04
8.638124169685246385e-04
3.447460914285364495e-04
2.961009166226051168e-04
4.374329406164400116e-04
4.609903344839814086e-04
2.979911010523536487e-03
4.637755702802936748e-04
2.080671565570460122e-04
7.018751604639669002e-04
7.215464465690134234e-04
6.337020081071102371e-04
6.157662520841500082e-04
5.814187621358857553e-04
6.657824267067977879e-04
5.336844093008136008e-04
2.684415908672469625e-03
1.026796512296420955e-03
1.270448118883658536e-03
9.164187966664757426e-04
