3.674375243798284310e-04
5.625129679250193615e-04
3.103636335993651199e-03
6.728855895675376047e-04
3.234106979890320191e-04
3.509310933622319722e-04
5.628076715651025939e-04
6.485777328759699881e-04
1.320943618642456694e-03
1.035149789934083388e-03
4.051026265300992977e-04
1.150969927977064716e-03
5.104872353581290430e-04
2.054625770570666331e-03
4.267890934677881520e-04
3.522874757283128732e-04
4.243657605803404149e-04
3.420783901616102681e-04
5.999078415581258128e-04
3.386507614194885136e-04
2.720698293788682094e-04
1.592846402734418272e-03
4.509790225957663020e-04
5.118742523637784736e-04
8.490609307582572566e-04
1.872566009133187900e-04
6.413998234117087877e-04
1.249988143706819285e-03
6.466966420185195005e-04
5.287514350607188350e-04
3.181356303529095614e-04
6.481094699463664467e-04
7.738658784141920705e-04
2.114522643710447169e-04
8.784369677448446720e-04
6.375543398620285226e-04
5.701109723481017494e-04
1.033032741759949604e-03
8.364245767400305164e-04
5.000251725429852951e-04
8.865116660607023436e-04
3.488206352581949519e-03
7.163872457885493142e-04
4.182227425735063147e-04
3.989412756082730618e-04
2.532212220108642081e-03
7.463971123417808325e-04
1.967677531688350172e-03
8.875371654910920588e-04
3.094173444970640496e-04
6.053020116235524346e-04
3.841384712335892734e-04
3.901501185656518732e-03
4.975061662588974812e-04
3.676696708252311856e-04
6.223491901146133024e-04
4.426520634775197660e-04
8.471621826629300743e-04
6.647993655440690699e-04
1.461051343364340102e-03
7.606915133081886774e-04
7.610375964093373880e-04
1.480901882205681733e-03
7.348843356682832010e-04
1.773391525609783158e-03
2.659453863105598376e-04
2.308791920508153784e-04
2.614669310348597536e-03
6.926569854948072232e-04
5.556811777886869110e-04
1.244034587557150268e-03
3.561596310467977596e-04
3.787041406621967322e-04
3.990380993706757473e-04
5.960214580512870767e-04
4.463065248747773682e-04
5.361567168950260708e-04
3.483557731772422362e-04
1.113141874555429378e-03
5.950714829540770887e-04
2.943709355830890443e-04
2.820861130959925549e-04
3.175262040481234126e-03
2.002932577260704318e-03
1.238890164799255275e-03
4.143382595107547258e-04
6.501570288225787123e-04
3.633551792257994507e-04
3.170332126504300622e-03
6.509722998212481111e-04
4.273918636705346680e-04
5.877355682307688987e-04
3.222167549649555211e-04
8.851555678325136395e-04
4.908769849823197817e-04
3.451857875639561309e-04
3.258361514029124262e-04
6.745276166550770057e-04
5.461129834359872322e-04
4.193110291537515267e-04
2.350152495450658844e-04
4.600776518734047359e-04
6.467210194658828482e-04
3.102365141237796030e-04
6.919784806387592555e-04
6.161162796255358282e-04
5.442570893721307120e-04
4.260479413910980319e-04
4.053666335866748190e-04
3.333960462795272119e-04
1.951495080921209543e-03
7.937688670624237384e-04
7.558270004112574393e-04
4.377401431007898916e-04
8.882828224414376569e-04
1.343193609667086251e-03
3.622847255033273257e-04
1.814957309685607308e-03
4.139122046081566476e-04
1.767821819335084900e-04
6.867925023612971806e-04
5.708368129039667095e-04
2.455071282246198386e-04
3.914144443584188521e-04
1.696484528368866294e-03
5.725835067815032535e-04
8.904707914802269296e-04
4.083863841146978427e-04
1.991100000406296729e-04
8.375185720317283519e-03
5.919739040888730803e-04
2.682848002586458438e-04
1.487032310722288505e-03
4.861879313028828059e-04
8.366846758477472501e-03
1.375166991057476034e-03
2.594304255513846052e-04
4.061541201335197105e-04
4.859711380605398609e-04
7.670206605952726957e-04
6.057613243182695222e-04
3.689783280278301626e-04
2.161772036062702910e-03
2.979934841620221378e-04
3.975072684230745263e-04
4.426520634775197660e-04
3.989412756082730618e-04
1.376257674334462272e-03
1.803714808274986319e-03
4.888373762552270570e-04
2.853174586254809551e-04
2.870996053756454699e-04
3.454469361607708996e-03
5.927284371597758752e-04
3.058796742212003031e-04
1.160642930287580183e-03
3.636874923957700073e-04
2.463865224672874468e-04
7.390161040618328271e-04
3.864043944500930540e-04
3.542862127244769113e-04
3.687594610507925665e-04
1.826230339171509647e-04
2.243228712879756037e-04
4.649276734624676125e-04
6.196474000845744907e-04
1.220398330720635265e-03
1.984713643617019851e-03
6.022710910535493921e-04
2.599210456985651379e-03
2.722729379913417253e-03
2.732521739650618439e-04
6.992790904726657337e-04
3.528496150688335072e-04
2.486993092527901091e-04
2.819308365697457204e-04
7.253951185504608871e-04
1.137298931830082842e-03
6.159283604817824068e-04
8.142797661407722440e-04
6.886602361190196373e-04
9.855492961627760045e-04
5.161933534162054492e-04
5.104872353581290430e-04
2.986700286432231134e-04
1.074581567528508580e-03
6.263449018389829733e-04
4.368792676794301514e-04
1.040534856091861757e-03
2.430617429704931348e-04
4.851702865767174803e-04
5.120006270397901849e-04
8.077748082717741990e-04
2.796435719637684948e-04
3.709331845960535520e-04
3.614540803815909087e-04
3.288246028625704982e-03
7.162152567616363388e-04
3.483719254456633962e-04
5.966379501260822083e-04
2.034465822478897438e-04
1.198927666050625699e-03
2.848210858891955387e-04
8.445228371018797869e-04
6.760565281154852285e-04
9.609685801819197381e-04
8.057106249855637992e-04
5.663930195738585893e-04
9.897380677317125890e-04
8.886528228951204658e-03
4.696071775780252876e-04
6.996767372362250716e-04
3.365902537542998546e-04
3.739020384214212763e-04
1.691463085708391377e-03
1.685311789171707142e-04
4.193110291537515267e-04
1.073449561866243220e-02
7.109688989713881888e-04
3.207148688083187918e-04
5.161933534162054492e-04
4.426183621495701891e-04
1.910327693404952889e-03
3.118682422862087585e-04
5.776155209026359854e-04
4.903651805292017071e-04
3.273830370328345823e-04
4.500956765656820790e-04
5.858446170920384626e-04
8.854161347536433375e-04
2.932847419369324568e-04
7.804705268367492614e-04
4.558474554392747281e-04
3.825276210005688579e-04
3.423612456461169566e-04
3.757343375792694608e-04
8.034998259623648545e-04
5.466617343654922231e-03
4.506339654674063055e-04
4.626041071952348709e-04
3.968809307784486816e-04
1.768743295584835717e-04
6.713365993369180100e-04
2.886326464562915303e-04
2.659374062527208610e-04
1.719783525960274151e-03
6.920308278463235558e-04
6.850874093628794457e-04
5.362904666539065196e-04
9.078360777707007679e-04
4.008686983193352166e-04
7.156532167769430897e-04
1.581778929513348282e-03
6.528038526136167299e-04
8.242960437406767404e-04
1.507696244205453812e-03
6.403605076419967724e-04
2.308791920508153784e-04
4.875897286191074008e-04
9.511933306248566630e-03
3.873229775520655024e-04
5.330472678591167577e-04
1.307984882134733198e-03
1.529571313211783735e-03
1.224518605264914104e-03
2.941641304164503419e-04
3.128330083463366339e-04
3.635818898473572856e-04
2.779429909122283458e-04
4.544158989738256702e-04
3.059912629958788503e-04
3.435026890997597087e-04
4.225348482068616443e-04
2.332477909089971063e-04
4.851702865767174803e-04
3.126480417406640451e-04
3.181148986658590512e-04
3.644586187756441911e-03
3.616865758267364512e-04
3.449548747353053664e-04
2.364974107204857560e-03
4.323099066358412424e-04
3.461323259418952990e-04
4.206296492015319430e-04
4.298785737602845835e-04
8.109684834106783676e-04
1.847768419392827608e-03
3.922219053338466791e-04
5.409295310879718831e-04
8.093492162109758867e-04
5.350221363966175397e-04
4.171356056103293214e-03
1.226713730438382241e-03
3.800431618928210280e-04
5.971066000019211112e-04
2.051081582730937894e-03
1.140027903543386865e-03
6.070472994385887151e-04
9.061235164025723942e-04
3.656223106683236033e-04
4.691679742546490581e-04
4.040190276035188991e-04
5.752081491390526827e-04
8.113183903907252807e-04
2.436503273171592029e-04
7.465672578606780780e-04
1.169384076780393767e-03
1.336986675440427841e-03
1.579701113630154526e-03
6.894013936824250604e-04
1.476974245699518712e-03
3.367670402292101232e-04
5.197627831297342398e-04
7.044087302818842359e-04
4.314888539927921179e-04
2.778747504877492600e-04
6.831997226105520184e-04
1.285222409711184177e-03
8.886528228951204658e-03
1.887436211239859087e-03
3.350641373095660500e-04
4.591479545460629337e-04
6.513178321866379579e-04
8.167776545616911750e-04
8.872145316890652725e-04
6.224967512325165668e-04
3.441486661090654335e-04
8.900995012529676169e-04
6.962725929158665276e-04
8.644462114664818548e-04
3.568963590467932661e-04
6.889252595469771805e-04
2.417143011762311951e-04
2.581614089472722287e-04
5.652224826491997851e-04
5.267866197532685693e-04
3.956548070279529861e-04
1.175028264655238316e-03
4.912538857336036296e-04
2.813239225816485992e-04
4.008686983193352166e-04
1.511661110885320104e-03
5.624525519949948125e-04
4.146256993697420862e-04
4.872198743227256000e-04
1.059430091384100684e-03
4.270873983408521508e-04
8.408649472124653419e-04
4.619942244906271732e-04
7.700894416518243302e-04
6.153388728336933386e-04
2.670715280933564435e-04
6.150881658086198352e-04
7.405528666847633517e-04
5.558059655105106623e-04
4.893525833328585522e-04
3.281494645084420377e-04
2.564405324930694183e-04
4.975882828420876217e-04
7.940768561380930415e-04
2.387889567060257393e-04
3.253833307657623256e-04
2.795396518798111581e-03
1.917481737179684877e-03
2.821310781519255502e-04
3.815244975388948508e-04
4.740281268418018007e-04
7.209780043744967986e-04
4.498382415500953944e-04
4.815325200384754545e-04
3.020786797960638994e-04
2.207755350543402024e-04
6.188118467439314083e-04
6.824512198299071417e-04
3.976163897288399621e-04
4.545725699994731693e-04
2.498646839515127538e-04
4.315814684200817487e-04
9.950136145264164029e-04
7.272746907836686323e-04
2.666185167703973707e-03
9.464635631445815662e-04
2.315633645892242135e-03
1.553153626681851420e-03
3.790214394467133411e-04
2.767275580071230229e-03
4.201778904386596950e-04
4.356964905111795905e-04
9.337737464225232291e-04
9.014662789445952512e-04
7.478598291753423433e-04
2.684049843848791391e-04
4.027989403432673927e-04
3.005385226744226651e-04
3.284591273706072463e-03
3.960045266360154889e-04
5.908857829005642343e-04
6.638335379616506614e-04
4.222719209908348077e-04
5.422751336203666646e-04
1.669223713241544012e-03
4.276871511825625083e-04
2.310563281925470777e-04
3.602657405528365223e-03
6.048730640353410697e-04
7.966042588796255460e-04
2.800116843095223906e-04
5.951046703203798777e-04
6.831997226105520184e-04
7.520551264481488895e-04
2.979238571821986618e-04
3.670046117945453476e-04
2.280960127338155002e-04
1.510295386008674284e-03
5.069452035155762098e-04
4.207846019945940194e-03
4.680005635938867207e-04
4.763472320546143055e-04
8.523109710807296119e-04
2.676097680662462702e-04
4.814030821222973371e-04
5.161933534162054492e-04
3.080219451288944291e-04
6.123252345924977066e-04
6.711788559828155837e-04
9.692600601968068491e-04
6.253445395996496932e-04
3.644224580700932922e-04
5.771674917219315765e-04
1.079116182520802915e-03
2.319860388541867928e-04
5.978167151862229982e-04
1.627794327297106851e-03
9.370311101907680303e-04
8.366846758477472501e-03
3.727884342567378863e-03
5.024293781309142589e-04
2.857203060699575682e-04
5.772383424304816397e-04
1.330519373838116122e-03
3.343491399397216014e-04
1.947283922067863859e-04
1.702323715989656830e-03
2.595462202672892018e-04
1.112736498989384121e-03
9.878735655714633666e-04
9.132261031906693891e-04
3.892244202818553509e-04
9.905646214486355915e-04
2.980243861796488922e-04
1.472706822926472901e-03
1.046014432883403660e-03
2.979640280315093599e-04
4.395927456294145908e-04
4.233362629291300555e-03
3.512840236940088247e-04
5.182306428697552089e-04
1.469401675359725780e-03
3.360974686657685652e-04
1.979523050219476107e-03
5.545713118635461772e-04
7.886934186118747976e-04
6.112742842707603354e-04
1.062118115895561510e-03
3.802235791303200645e-03
6.214583430442841396e-04
9.593400752480290943e-04
2.127733959253399511e-03
1.184539649075724236e-03
4.519289881851817274e-04
2.864947556949591764e-04
9.887538161198856316e-04
8.614770193531804407e-04
3.364111712584328274e-03
4.061114664142884459e-04
5.988283625860285099e-04
5.485687613006698946e-04
6.531795107984274696e-04
3.020861632956453645e-04
5.276117152620032587e-04
5.610652973949501604e-04
5.377112243269310159e-04
7.562387860050162874e-04
1.293200215371737797e-03
9.302561162154965009e-04
2.231652845887850960e-04
3.284746722696735635e-04
1.386292503006005461e-03
1.485010098599951378e-04
1.181114767118761778e-03
7.876699325852502993e-04
1.242698917552272422e-03
3.074900090853648917e-04
4.769548255148218390e-04
1.967385898600269162e-03
3.508249025621490024e-04
4.375657197490646585e-04
5.061940958404700670e-04
6.777066097418183756e-04
6.807477065201672332e-04
6.263096040133422958e-04
1.989785916306508525e-03
4.545312980926464758e-04
6.322104594096109595e-04
1.720274134926778236e-03
7.851907673134643495e-04
3.068642553326607087e-03
7.141992724820702158e-04
1.032724107245601560e-03
8.346571730840100572e-04
8.172735449238637158e-04
3.110576529971805794e-04
3.939786436565966780e-04
2.830398914375751359e-04
3.129237963357073900e-04
9.018303096862066411e-04
5.823508058995288932e-04
9.253557828041641476e-04
1.363266994916583711e-03
1.841849768607137900e-04
7.239530683316869331e-04
5.161933534162054492e-04
3.856394532537660205e-04
5.129176248628292264e-04
6.214052825060717086e-04
3.651425463085777976e-04
3.417085776616890199e-04
7.609452488358817634e-04
5.388241180818984562e-04
8.356426805934433037e-04
6.938284346464146293e-04
3.344973373833105856e-04
1.900417204408788021e-03
5.445479115100728676e-04
6.571593750413148860e-04
3.199934000995664036e-04
5.242631215130332152e-04
9.573173975885880928e-04
4.841454951794129432e-04
4.579574011012612473e-04
4.229773403816592726e-04
1.289982274349390275e-03
2.258272506607574871e-03
7.361065163447177854e-04
1.031832412454864204e-03
2.174150894488117818e-03
4.512774449118730699e-03
1.284976216619951967e-03
3.320832670123383991e-04
1.116649175814698461e-03
3.118811943797665867e-04
8.514733256520191831e-04
3.017827526443294609e-04
2.686048372226731659e-04
6.464136914150653713e-04
1.086688835299383024e-02
5.199230454674026725e-04
1.344209240367694571e-03
1.408962866831682320e-03
1.254565217418451535e-03
4.874882267388249324e-04
7.616081332976486250e-04
7.800538314778901819e-04
3.747386720960156170e-04
2.311097580419921456e-04
2.662898478594953513e-04
4.909872587527876631e-04
3.641508437409600625e-04
2.470588142534453548e-04
4.963792242652834532e-04
3.653623859460647014e-04
1.631279725117051708e-03
3.103636335993651199e-03
6.504785909271791665e-04
9.053789174424586774e-04
2.553137480403663167e-04
6.881571528616435953e-04
4.426520634775197660e-04
4.450383760173724887e-04
5.213936448716627835e-04
2.104216751220887641e-04
2.262289845736453265e-04
1.345475970330797756e-03
3.911020043232691160e-04
3.305324612492695126e-03
1.259812620870939207e-03
4.011671282367599862e-04
5.965839205743429146e-04
1.076196365922500167e-03
9.346942585592388176e-04
1.694764801493260078e-03
7.451076947752312231e-04
9.037923092292108641e-04
4.749162350253905655e-04
3.423612456461169566e-04
3.376950182024477396e-04
2.393588608812987912e-04
4.264711034791471701e-04
1.072361192924110905e-03
3.868554746245463387e-04
1.507515025128170665e-03
1.839787410331402600e-03
1.130875822639066698e-02
4.050163175136445130e-04
2.022518050185157683e-04
1.887649960183932288e-03
9.440468546611894022e-04
1.118524406424292088e-03
4.722559979689577273e-04
6.355236563872255313e-04
4.402390269900105795e-04
7.510439575918962524e-04
3.602657405528365223e-03
9.908443196804308378e-04
7.611245653852932291e-04
9.964950118356295013e-04
3.021838453982353336e-04
6.045398249562330658e-04
6.005473145159485448e-04
1.063140729600483940e-03
4.814030821222973371e-04
1.609188732482772248e-03
9.132261031906693891e-04
2.180268681361378631e-04
8.820089108188477415e-04
8.417503204576754199e-04
3.000669734612342390e-04
5.137440665558273703e-04
1.723095575776845264e-03
1.727589537409148293e-03
3.350641373095660500e-04
1.086934482824293254e-03
2.221990937715823036e-03
5.905095799351445240e-04
2.834325839442958781e-04
2.021336284267510235e-04
3.390899281557958108e-04
5.321123152097211213e-04
4.898094780220604242e-04
3.398612000656407619e-04
2.750219591332040878e-04
1.106665618295096104e-02
1.059702305995393994e-03
4.174259801264843146e-03
1.042796121356337870e-03
4.234629428463123550e-04
4.110093890253809141e-04
2.933593284434123137e-04
3.455432166895777073e-04
3.026658378928837414e-04
5.842481869878612781e-04
3.980629875505045049e-04
4.877134873574403445e-04
8.283036904118388794e-04
9.237038293110066967e-04
3.491298308972388140e-04
1.241629405845938190e-03
7.395531599832671924e-04
5.409295310879718831e-04
6.400325470195286463e-04
6.818222704439431785e-04
1.030402809350065623e-03
5.416767489286112344e-04
1.319883112303624510e-03
5.085874413582016284e-04
2.927274716280307961e-04
1.756200031462634660e-03
2.056362963720579848e-03
1.482003526440229917e-03
1.089620375366135872e-03
9.950343779427624821e-04
1.238681638505309112e-03
1.038792759598576284e-03
3.574763394271385946e-04
9.762408277651221438e-04
6.603948146938241415e-04
3.516856513933691673e-04
2.979664849416857521e-04
1.095061661348521341e-03
8.728962776234304964e-04
6.818222704439431785e-04
4.523593508259364407e-04
1.907365167816671534e-04
2.302532571361102620e-04
7.253951185504608871e-04
3.914144443584188521e-04
6.001084074872555484e-04
5.787383942378258438e-04
4.689996112872892877e-04
4.366582992326942768e-03
2.777165161796275872e-04
7.253951185504608871e-04
4.260479413910980319e-04
9.363259690997973762e-04
6.749749722432456939e-03
2.643509594921772269e-04
6.890046295734002539e-04
4.825016191807851833e-04
3.029116423472249988e-04
3.228569317736918083e-03
1.083383165093044533e-03
1.044293287329901799e-03
1.062118115895561510e-03
2.884999161820836532e-04
1.662300159703722705e-03
5.214365254138405952e-04
4.117829796101441105e-04
1.719454142769811416e-03
8.773101990103861474e-04
5.317011288080358356e-04
5.236093491551188465e-04
1.011117020650459169e-03
3.543598436161179890e-04
1.286659914247170484e-03
2.659374062527208610e-04
2.490776640239964444e-03
5.587323912331934551e-04
4.159784522745172699e-04
5.950714829540770887e-04
6.880209331370769560e-04
4.868941219863333922e-04
2.686263837596237960e-04
1.133319822549021987e-03
3.163807375643243975e-04
6.534345156450790905e-04
9.080874938257734808e-04
8.836245070434199005e-04
4.745292042574068966e-04
7.279244448197696874e-04
1.867104233007678166e-04
5.282074000273271740e-04
4.272541374828420181e-04
4.771149262802074293e-04
5.809594609163808328e-04
4.360050886091580940e-04
7.050664333186695354e-04
7.851907673134643495e-04
1.656720474844101086e-03
7.542496369213350310e-04
3.426635576641880979e-04
3.977142943630550568e-04
1.340197156137119079e-03
5.712765744684649956e-04
3.462878350637662965e-03
2.229855873719788131e-03
2.549361927672459454e-04
1.361183927168939465e-03
4.873075335788003672e-04
3.610779493308314061e-04
1.103546561383773406e-03
1.752118857473514276e-03
1.145629913653451511e-03
4.478427962810813817e-03
1.040534856091861757e-03
4.387716842766750539e-04
5.351843162439998093e-04
3.664855119618182612e-04
1.318597522414876027e-03
2.234404808756996000e-03
4.241156849825236381e-04
8.151054263675035823e-04
3.179927769096370068e-04
3.532304479713291442e-04
1.863758707494875917e-03
9.305830014323866707e-04
4.578105368282765026e-04
9.171527251000950558e-04
3.991771053946279379e-04
4.626041071952348709e-04
1.722436007046515864e-03
8.442488118906513054e-04
5.800245266721132040e-04
1.593853493759497591e-03
1.967385898600269162e-03
4.551018490574108236e-04
5.720834147402471684e-04
4.276995240061841732e-04
1.750667271062638936e-03
1.235990892992877305e-03
4.898249677953309946e-04
6.767473790670507560e-04
1.160598444042732586e-03
5.730400820733831668e-04
5.351843162439998093e-04
4.299704713229621092e-04
4.086926994911060929e-04
1.088160276485982238e-03
7.452160656355550847e-04
8.987823495591500600e-04
2.956323478132291639e-04
6.156236131797848720e-04
9.637474644362168481e-04
4.395303482381590545e-04
2.686263837596237960e-04
3.166116554258797565e-04
6.303432668290492044e-04
8.402473743787581585e-04
2.857941198120289182e-04
3.283212819645757279e-04
1.013732070449972289e-03
5.136093516390853033e-04
5.309302580468009281e-04
2.038711975641491767e-04
2.096540119154767523e-04
7.247073986471849229e-04
2.123430456131765974e-03
4.794781316741980538e-04
3.764777007396398240e-04
2.911017904005564535e-03
6.687691192295576979e-04
3.725389837177708191e-04
2.134420598282533912e-03
8.929720773956891563e-04
8.006962238274719030e-04
2.560693016289559065e-04
3.907750719829160995e-04
1.784223757708558802e-03
5.165846350897838760e-04
1.698606295901192945e-03
7.964935423820224385e-04
5.161933534162054492e-04
5.721568592805619489e-04
1.831424007236289592e-03
2.883830903830525709e-04
3.571680697299179047e-04
1.513839192485323150e-03
8.615333478218798521e-04
8.137312263140805864e-04
5.627012117203351437e-04
1.477596892557695579e-03
3.018667741011379045e-03
1.260685911870853236e-03
7.093888278737509219e-04
3.876530550036294282e-04
2.457273541748511230e-04
4.830496078724079434e-04
1.378860374284854176e-03
8.897223102662650627e-04
1.444617990288266140e-03
4.479833533860802693e-04
6.839210372584269074e-04
1.059972701954178332e-03
6.304760633640215349e-04
3.122088808217815233e-04
1.402843685699988515e-03
3.247661407100849011e-04
2.785775541389071911e-04
5.351843162439998093e-04
2.011483511925210230e-03
6.164852654849256597e-04
1.434485100614207170e-03
3.453250445864636492e-04
1.196068231716998888e-03
4.754272508788418982e-04
3.002182880491799637e-03
1.190963336101276328e-03
4.994192990828606607e-04
3.976226818249851253e-04
8.886528228951204658e-03
1.905794918263000837e-04
1.070534184381631213e-03
5.621918112438880483e-02
1.031164832658103703e-03
4.145254584426152022e-04
1.220398330720635265e-03
5.673573402355366804e-04
4.743249809098355426e-04
1.066084269220909150e-03
5.013144209246202373e-04
5.137100285993716903e-04
1.461263290754591382e-03
8.562368859388024825e-04
3.017555202932651367e-04
3.732509366783537418e-04
1.054556097774194887e-03
2.428342117409095467e-03
4.250874312735159681e-04
4.367683641331273812e-04
5.360394206646787452e-04
4.854868078105203325e-04
6.077898083386041326e-04
5.861880234830705964e-04
2.676285227046209126e-04
4.222888019948933401e-04
2.176120725192054982e-03
4.252685727182339706e-04
3.101625830618012086e-04
1.561860261200522133e-03
9.149864206343095996e-03
3.621052451521369160e-04
9.970567413237194955e-04
1.432497154217102003e-03
4.040190276035188991e-04
6.796707673948304638e-04
4.395927456294145908e-04
1.183581306676297377e-03
4.906552792289515900e-04
1.447487332998393522e-03
4.503463512949683356e-04
3.010940254932544403e-04
3.035947755586144211e-04
3.680815012403875494e-04
2.001565648265230847e-03
7.232732431584052747e-04
7.294944837319158708e-04
4.779778993652755931e-04
1.051417871042818622e-03
2.499368739283621050e-04
6.615265257319964112e-04
4.648989576871946226e-04
2.922951371043261350e-04
1.141423144608206619e-03
7.210155746475044748e-04
9.077970198162969417e-04
5.098510945979517267e-04
5.605945836060866137e-04
6.429074526158535044e-04
6.407846090507810909e-04
1.020789180322990075e-03
1.081217486098331711e-03
4.691994249167245868e-04
3.108716743752780584e-04
4.903021919534742432e-04
6.820285069640844239e-04
6.010767919663918563e-04
4.875621038563955102e-03
1.215793958689686182e-03
6.862676045604512417e-04
3.094248911317244938e-04
4.531719373400963169e-04
2.196454872365160823e-04
8.805165187352269329e-03
5.030146878407897298e-04
3.888481481611092100e-04
4.682069999932189641e-04
2.804791848473465587e-04
3.213652381228143781e-04
3.064906730230271487e-04
8.615333478218798521e-04
5.673573402355366804e-04
9.072373809856238824e-04
5.540685269386434438e-04
6.820178805332369676e-04
2.803151204607234187e-03
1.094686722208776169e-03
5.927979221815247697e-04
2.614201360017904510e-04
7.993256932445595578e-04
4.172988899212137347e-04
2.363662918405820459e-03
4.491167835940766706e-04
5.927116827446392506e-04
1.255931698401363712e-03
8.213938440246028273e-04
6.239335076178558620e-04
6.499246715350377214e-04
4.978410626811243488e-04
8.182281126657385550e-04
5.788042029972420999e-04
2.591550012092097696e-04
1.465210207520458710e-03
9.066938421766307073e-04
4.220340796033072409e-04
5.444116938733569539e-04
7.759420302578103144e-04
5.981795867493690418e-04
3.447567350740620481e-04
4.877455129430869176e-04
1.905794918263000837e-04
2.381149467851807907e-04
9.821274301048874261e-04
3.832207928047955342e-04
3.579339694926304935e-04
6.452542796448441182e-04
4.708882874059491731e-04
8.009637815216523200e-04
3.275865515209285808e-04
6.950437920579840938e-04
5.672160904600992079e-04
8.886528228951204658e-03
2.234257539917273126e-03
1.565385829412893268e-03
4.313080388308843474e-04
2.971122484071932906e-04
1.025718850745098833e-03
4.964407298463236872e-04
9.438749659487422538e-04
4.629811362919664325e-04
9.916602859390553134e-04
1.395911964810816423e-03
4.319639792872455308e-04
2.534537147345452038e-04
6.945228533169524061e-04
4.622817936188727546e-04
6.220855962712753878e-04
1.060451698051731234e-03
7.631404660239566630e-04
7.344394904899265945e-04
9.846492143024950048e-04
8.648411460119169491e-04
