2.441053762386797676e-03
2.031168049811366374e-04
7.520123659773835260e-04
8.017890174119030999e-04
4.481907003985093215e-04
8.089311607062950977e-04
8.426383881117069895e-04
8.816590389274940641e-04
3.295275790022135021e-04
1.188427489395590822e-03
6.185366794619475772e-04
5.166063653362998071e-04
5.706774780223493630e-04
6.074392839683068592e-04
5.246687369342110810e-04
1.529721864439980697e-03
3.743644858410601680e-03
4.003392154502811301e-03
7.267181380514194751e-04
2.713606773084114546e-04
1.870651025851734249e-03
3.043125437105098792e-04
1.620647667372457877e-03
3.834598393197129087e-04
4.537144350267482669e-04
2.500784951869295877e-04
5.200497236187843261e-04
1.242946401280092036e-03
5.216686338138079495e-04
1.184677611696380913e-03
7.180148300111490042e-04
3.176024466175022035e-04
6.802884998187721209e-04
1.217915500832581757e-03
4.388055807466609498e-04
1.313137161533648248e-03
7.625799318529760673e-04
4.566261043764639760e-04
4.948797266357575757e-04
6.471640022519242188e-04
4.818792412940644805e-04
7.542044361740032378e-04
2.622943806029754635e-03
3.851540989216820630e-04
8.597350200875063459e-04
1.522199454770004328e-03
1.292047706733091264e-03
4.708546218975470112e-04
9.134884259077430532e-04
7.781008177629274635e-04
8.146867892643173265e-04
9.985095720555802780e-04
6.577083114892005476e-04
6.559798006955740819e-04
1.765302953876713137e-03
2.275142121460407016e-04
8.983535735661609930e-04
8.242636405296125237e-04
1.293606771297086191e-03
1.224538014508422517e-03
6.107338508018237636e-04
9.475349480832802708e-04
7.850856777782724534e-04
6.656088103048125480e-04
8.903136696900263054e-04
7.637089766122562209e-04
2.022106810061195283e-03
8.236669205193220336e-04
5.377213419042419082e-04
9.765632842011029262e-04
4.340148463865271984e-03
3.508118489284596194e-04
1.380748925539175683e-03
7.180858359160282711e-04
5.274233142592299212e-04
9.528673453819278688e-03
6.363546893346812413e-04
5.122043094868782270e-04
2.086152661817207345e-03
3.947442901391691873e-04
2.526610132887429348e-04
7.971643673505805642e-04
4.366018381866628210e-04
3.407998604609011918e-03
1.002598252470038092e-03
8.667913530337691044e-04
9.997780573481078112e-04
7.358598242193742324e-04
2.149825569117438625e-04
3.678007071671643077e-03
8.990606660160381383e-04
5.351811424353040275e-04
3.316521119110424874e-03
8.579156029204955403e-04
2.334396717741722260e-03
2.884331761856240273e-04
1.109361293957968325e-03
4.064685508765252214e-04
1.064945082201093022e-03
1.309033598069914584e-03
9.422755015284113708e-04
1.351549588713832307e-03
6.257551461962071329e-04
1.216121640265801227e-03
1.765302953876713137e-03
1.712471461145233026e-03
3.188240103392141265e-04
4.314543352570772059e-04
6.471109707952835740e-04
5.000979301599939699e-04
1.308866039217656575e-03
3.857425284511442880e-04
3.025488861120793601e-04
1.455092035143783127e-03
6.293165216998214623e-04
1.085985286460156626e-03
7.912327215493665912e-04
2.471187553631773361e-03
1.171169497179560658e-03
5.361333689089397983e-04
1.511012907019229200e-03
7.566738979936105938e-04
6.119225264515975801e-04
5.919566745996932000e-04
4.103524019081833873e-04
3.859838763657220777e-04
3.133714091335050751e-04
3.756479055630362906e-04
8.064972850934420045e-04
5.249696999522941721e-04
9.348039086057071670e-04
1.456822386924202508e-03
1.114416253954060489e-03
4.384002262729967355e-04
2.609113287025265678e-03
1.190006297962348768e-03
7.613935401463667275e-04
4.759133113350990404e-04
3.964908332757538382e-04
6.691042591644889240e-04
3.160490819424132997e-04
6.286339751236547525e-04
3.893696695667167194e-04
2.903319754667939919e-04
2.165016476795877162e-04
9.858752312202141883e-04
5.960382219883508933e-04
2.759173341159548275e-04
6.811397816946108269e-04
1.826258688315285286e-03
1.569250411472149220e-03
9.572653310793348500e-04
6.918778681932315298e-04
4.056096162072318051e-04
9.083200057437402315e-04
6.471109707952835740e-04
2.903110187315409690e-04
7.096915159678378240e-04
2.409316061276851103e-03
1.004030384682480254e-03
8.372675712374356548e-04
5.287227480475054737e-04
1.377714667852421087e-03
4.685276750442250488e-04
5.260485572853546791e-04
5.971260281322738695e-04
1.246679623737948330e-03
4.429984567110104845e-04
3.095186741435724002e-04
4.326039608878457367e-04
4.478804957656523276e-04
2.533600386947421155e-03
1.375424815593280720e-03
6.074392839683068592e-04
6.721908597310212105e-04
9.823475854087509399e-04
1.921509742458800884e-03
6.793167685941744289e-04
4.529071626363870024e-04
4.509806147112009633e-04
5.568449072301543063e-04
1.627913644495031275e-03
3.534488959446718814e-04
5.500286200824803032e-04
4.587844789910064218e-04
8.282873867067654930e-04
3.446286310655766205e-04
2.274023476134894820e-04
7.703899826846600032e-04
4.626698532099103004e-04
1.594632398801918262e-03
1.222575582111646696e-03
7.233179642600215615e-04
4.751072263627973791e-04
9.559469925222634310e-04
1.592989320901758458e-03
3.983891440203226014e-04
1.053285254584270273e-03
4.505183522315621262e-04
7.725151728122294642e-04
1.411117239950837338e-03
4.516209841292020293e-04
5.466769183470423545e-04
5.841779370096772742e-04
3.978467278544409831e-04
5.510385840297362531e-04
5.713836797694264724e-04
8.188495275573401183e-04
1.626305130134621376e-03
5.510318156560318689e-04
1.825768831357083618e-03
5.499175778533625181e-04
2.301746950893278527e-03
1.472548763308802623e-03
4.334164879403123397e-04
7.480497867269215442e-04
2.978877974636953284e-04
9.986294839384628804e-04
2.371120763251074320e-03
6.690288745784069881e-04
3.461006197572581104e-04
6.623800778443285960e-04
1.902341613606633704e-03
6.029431728574284480e-04
5.090830355255970222e-04
1.143217885261127399e-03
1.282943514834443237e-03
6.311022294474093446e-04
4.176145374619682853e-04
5.024467744478943029e-04
8.747897883847557563e-04
4.364238368986828064e-04
5.821947151164261073e-04
5.776884723902752554e-04
7.647114623405730028e-04
6.087916506625731024e-04
4.674579805397795326e-04
2.484737309960579330e-04
4.093182837144868948e-04
3.705811175588298394e-04
4.110940527401184567e-04
5.413615001532961352e-04
3.085867962955348223e-03
7.626964704820147741e-04
4.514362041408806784e-04
6.411584438106692754e-04
4.940967161339838943e-04
3.660719544378350661e-04
5.361333689089397983e-04
7.230797960163908846e-04
3.739659651654830461e-04
7.265103361241823966e-04
8.206254994481270186e-04
6.579524772549864581e-04
7.917400097584496692e-04
3.047261681284893844e-03
3.677754086273325815e-03
4.658868613385624773e-04
1.152974763610747737e-03
4.033139762263274891e-03
3.374133149047335860e-04
1.412276999788673795e-03
2.609113287025265678e-03
4.303461679126527654e-04
5.253512845981822251e-04
4.602286949986064343e-04
1.817802561966226247e-03
6.251443489393548446e-04
8.635967716871059295e-04
2.997545901395493192e-04
1.010611895857670833e-03
2.696265408816925398e-04
6.074392839683068592e-04
5.197114205299362437e-04
7.781806148947823963e-04
6.256882117437342038e-04
4.917614810424488858e-04
1.480583149947821897e-03
4.956560258705357746e-04
4.712806373150062980e-04
3.304642442111810482e-04
5.015962423049301214e-04
7.982408674895251745e-04
1.099325257360816641e-03
9.345798370677230226e-04
5.907351494162343779e-04
1.134586415221698315e-03
4.666029384894939520e-04
4.913398821727572949e-04
6.630528068948456652e-04
1.377818030499818871e-03
5.683857571408346479e-04
3.065595027205616618e-04
6.422941672121593344e-04
3.197766165393698735e-04
1.839826171279642297e-03
6.182773305290987500e-04
3.405088558735672221e-04
7.254175874434865522e-04
2.248145565052389432e-03
2.095556111965464399e-03
1.400198378935348228e-03
6.616263328407856513e-04
4.337714283714055180e-04
1.526680034894620707e-03
6.931324960087469371e-04
3.991495196145600048e-03
2.103794963401688209e-04
6.691546391650948040e-04
7.236485880373997193e-04
4.307778800221386505e-03
4.885703311640200545e-04
4.650042012237401803e-04
5.982051761973506375e-04
6.423132170195099350e-04
3.546961616007494856e-04
4.925261980838941973e-04
5.814661604322936359e-04
7.256531536447714467e-03
1.691784378902472545e-03
1.020124495013543684e-03
3.999745963906760370e-04
7.512614014342728968e-04
7.020794143292543752e-04
3.169463917015878022e-04
6.673889496491859901e-04
1.281962800597133282e-03
3.639105656455538375e-04
5.493619930285044244e-04
5.198990058838810465e-04
7.145488973398383568e-04
4.006879683937149836e-04
1.648498155682540621e-03
6.582019462829440072e-04
1.193653488589241796e-03
5.595545761694823263e-04
1.432483029776645796e-03
1.234403124110101989e-03
7.484406880606454164e-04
4.482878466102575518e-04
5.120146032186759450e-04
6.523644793399549936e-04
5.542025757417081647e-04
4.887352576852159545e-04
5.561646336980865689e-04
6.311022294474093446e-04
4.156617856743703471e-04
2.382153110136214086e-03
5.912938215179933945e-04
7.670955366027711964e-04
1.423688913632649346e-03
7.127719868737432711e-04
1.376806928837274839e-03
6.246626628448417352e-04
5.550540941600990395e-03
6.270915483361343959e-04
1.374443869503044584e-03
8.444723175698451781e-04
9.366874117321598260e-04
1.024462602879940704e-03
3.270461411283073360e-04
2.526610132887429348e-04
6.888204743376034108e-04
9.181448360418286185e-04
1.189599225532426453e-03
1.235723534132116561e-03
4.795129482975059223e-04
3.165719713101702902e-04
8.971346101479167352e-04
1.366603733603064452e-03
2.161599363413212009e-03
6.240995461871650784e-04
3.972058016191390775e-03
6.671725527467064262e-04
2.350722653415945450e-03
2.368703553064942582e-03
2.283488304537511279e-03
4.327968228980687455e-04
6.615635978567383944e-04
6.431285060669458082e-04
3.993053319035510564e-04
2.386856920439754930e-03
4.515019160677806453e-04
3.649076835206111315e-04
5.810453654494115950e-04
4.837992639179514382e-04
2.371120763251074320e-03
2.165400542472792865e-03
5.358753080287998426e-04
1.500702297551494537e-03
2.843935385443144758e-04
1.193677449167610200e-03
8.189723682154073344e-04
5.554624901518147003e-04
3.342027504488045216e-04
1.869844613534574988e-03
2.945522379013648488e-04
2.673762938216251751e-03
1.084794388200195333e-03
5.644253171635466373e-04
8.273395075787268399e-04
3.119590732203501382e-04
7.982408674895251745e-04
6.871911257049580267e-04
2.687793275304245716e-04
4.588888893486841214e-04
1.923817668772121858e-03
1.039956569345605467e-03
1.080551351749452389e-03
2.849884423660045208e-04
5.545896900539279244e-04
3.316547804589624945e-03
2.474922285688494622e-03
3.337618525414399692e-04
5.590542198720852918e-04
2.960132016416577166e-03
3.340195197939652095e-04
4.300506466744387878e-04
1.901617191425972056e-03
7.000624952775540968e-04
5.007535564836757035e-04
4.027948276829977615e-04
7.374131395830930448e-04
2.982044012233273957e-04
2.040095648236174824e-03
3.426463797393255952e-04
1.436201064307726693e-03
8.346916462183029710e-04
4.232842982788705133e-03
1.581757823617794016e-03
1.731040479840761622e-03
2.542306458845892307e-04
3.391235636170766604e-04
2.782670257074061800e-03
2.477388067502454979e-04
1.185134065374946139e-03
1.826258688315285286e-03
4.629420061881557146e-04
1.441249911782979762e-03
1.295900824732259052e-03
2.311622429314219747e-03
1.114680379222467285e-03
4.215085099733816834e-04
1.074598649553065591e-03
6.251852937093582653e-04
4.504303303259443139e-04
4.289146948303831377e-04
1.117152892078249974e-03
9.313125561899585677e-04
1.075219474759948023e-03
2.960132016416577166e-03
8.039820961988898519e-04
8.315207714519428890e-04
5.999587882978805759e-04
4.567983821832327738e-04
1.510147317248445925e-03
5.329131110667827088e-04
4.832481320865616645e-04
1.420971348774455537e-03
4.651787965882011743e-04
6.849053988772997635e-04
4.995928463175190867e-04
7.636339909239247279e-04
2.696471381647493103e-04
6.399467663463897366e-04
1.944877140736883756e-03
3.485702422922870147e-04
5.639092369125220687e-04
2.484842610856029949e-03
4.301518818791809362e-04
1.875165893910782670e-03
3.438300841118880746e-04
3.367008279889789190e-04
6.466744102848413344e-04
6.945702444094870465e-04
2.207521277393202370e-04
1.006617224239172168e-03
8.155121621276988607e-04
4.553948613483519347e-04
5.286450235919398213e-04
6.663212090271505069e-04
1.421243520427311040e-03
4.515689036189135920e-04
8.865609413350234889e-04
3.675361335379174988e-04
9.382644626228543727e-04
7.152526962090210863e-04
8.042271712161811218e-04
3.065668220790337853e-04
8.797860944051593855e-04
6.717062019663636594e-04
5.702113164148813222e-04
1.358214313726117299e-03
9.718137234938453196e-04
4.151835432304438220e-04
1.542934358036577745e-03
2.017903504964712550e-03
6.612301405113358123e-04
4.748706676083615632e-04
1.284883053871715801e-03
3.500795508442590344e-04
4.537144350267482669e-04
3.186671598083370993e-04
4.798114825160160386e-04
1.048784884455684560e-03
4.176985900253896958e-04
8.121421731454817484e-04
4.343856354324337446e-04
6.683514615697882209e-04
1.035622681991674220e-03
8.285734171133337647e-04
2.995529155171751130e-04
1.011685979139485434e-03
5.661098661496422133e-04
1.959738215691154539e-03
1.155646418965359775e-03
8.751729713927589981e-04
3.354604191341456747e-04
1.321312498952291210e-03
8.987941729205837366e-04
9.446177303578167858e-04
1.003553521099215338e-03
3.893696695667167194e-04
1.103835189982632766e-03
2.436750765186444269e-03
1.244550562866895754e-03
6.766263464249105096e-04
3.695539818671947580e-04
6.348110804829075471e-04
3.603822125239155324e-04
5.023614333709219360e-04
3.767315888419947448e-04
4.601755238929301274e-04
7.817821021964978636e-04
7.269051255091348984e-04
1.474319722925883196e-03
1.026155492948312761e-03
1.399998213625168290e-03
5.846928970583638351e-04
5.180854450264367602e-04
6.586563256209236475e-04
9.964965275443299787e-04
4.489537570447493537e-04
2.812124880540602719e-03
9.318476570327678980e-04
3.877033511556981452e-04
9.207450721885330862e-04
4.402531555357621002e-04
7.033471872419604348e-04
5.707126688754753183e-04
7.021382516527145548e-04
2.941645903159700675e-04
2.914111539736238821e-03
4.454511703057960239e-04
5.887853033492489131e-04
3.462016998681663785e-04
3.728001669507909933e-03
7.214617920733569457e-04
2.313279278619297455e-03
4.731134719112338807e-04
4.758938898236530937e-04
2.853535061838097285e-04
1.238049031387123116e-03
8.899219594689155655e-04
7.719880694794466463e-04
6.129920976443827343e-04
3.861663502252715100e-03
1.251630259652033918e-03
4.335047721322961723e-04
4.006635975619237127e-04
5.092693510692201551e-04
4.728144248389164368e-04
7.556132949225321735e-04
4.078238149546384696e-04
6.221673496787268054e-04
4.331554036059441395e-04
5.280657870023805619e-04
2.616707795990900164e-03
1.838840129317805276e-04
5.882308501151594987e-04
4.409617557806286953e-04
7.435821898286114990e-04
2.307635864971969313e-04
3.418127552384767781e-04
7.284694179147230449e-04
6.079969540408637499e-04
7.895826840863443647e-04
8.911390109601277643e-04
5.180854450264367602e-04
5.912157912197308707e-04
7.931209433429476166e-04
7.563391390523857864e-04
6.692558789824271017e-04
1.029981196159111432e-03
1.144926087571943290e-03
6.523655939437001229e-04
4.168328706225860785e-04
1.684282316702095808e-03
7.104517736426278979e-04
3.833565166439966343e-04
4.052247819856731365e-04
5.525794745748559582e-04
2.734014685665646545e-03
1.330131820252098036e-03
2.502377562336419257e-03
1.120679640527169792e-03
2.191020462003166476e-04
4.071767724499623172e-04
3.555980436695469751e-04
7.119149459772367711e-04
2.991572210074304374e-04
5.236349407363070311e-04
2.336671301064700693e-04
3.183274216023931099e-04
4.107116364176762596e-03
7.230797960163908846e-04
1.384994131881752983e-03
7.231922542980366185e-04
1.334347378775656290e-03
2.527672238450103751e-03
8.856491448595756868e-04
5.832698028167636719e-04
7.556132949225321735e-04
3.605448354197888713e-04
6.631516156933039106e-04
3.218538451599748653e-04
7.652238275397424492e-04
2.233608582061098855e-04
1.380396428752097291e-03
6.927325869684892697e-04
5.949640888862517841e-04
3.116430513122751865e-04
1.110433315661227705e-03
3.926099549423440940e-04
1.141453109203476946e-03
3.634215768946491326e-04
8.402940089490833382e-04
1.124530253792976973e-03
4.595649395437522941e-04
1.061376851294105030e-03
4.686028881615584424e-03
1.586757124256082908e-03
4.526398026921572230e-04
2.813968213020798942e-04
5.323446534102854299e-04
5.652570390720018179e-04
3.443702308831664543e-03
4.004133656866004295e-04
2.278984112139004203e-03
7.745487105777035686e-04
1.771228626223008036e-03
8.246276194496961589e-04
6.037805805983617775e-03
1.063747474173127715e-03
5.840973877358575286e-04
4.769611973011992257e-04
3.147129764147427655e-04
1.875591537199515360e-03
1.639953626919424994e-03
4.830406012157714593e-04
4.447047601892078366e-04
8.855155973614730258e-04
5.322528165712523329e-04
1.300588328816763405e-03
1.111279150954067561e-03
1.235723534132116561e-03
6.085464706208042196e-04
3.147129764147427655e-04
4.015441663459232992e-04
4.538131143377580252e-04
2.738327808827984659e-03
4.181637866620385572e-04
4.669198521448867647e-04
5.439814931696140008e-04
6.573878193995532542e-04
3.147970354315174899e-04
4.948995446891905946e-04
1.233887292173705070e-03
1.569248870998995017e-03
2.491054109994502146e-03
7.779997948309492432e-04
8.293807915715668702e-04
1.141376709112794027e-03
8.321943020611823495e-04
3.851540989216820630e-04
3.258496739174831418e-04
7.832186433717576923e-04
2.301003958544510942e-03
8.922852527328685272e-04
1.175468013929892004e-03
3.523969197999494139e-04
2.184102084938180886e-03
6.991352870338443182e-04
6.859683286689414712e-04
6.667609844959646427e-04
5.419127962178284024e-04
2.219664952278414208e-03
4.063583568970292924e-04
7.484406880606454164e-04
5.591633031264618648e-04
9.886823165179341004e-04
1.083074242668124153e-03
2.093268018957894841e-04
2.619478906474675657e-04
1.277608155362497996e-03
6.980404421843712688e-03
3.157637762478488364e-03
1.378328680419888463e-03
1.171171737455954090e-03
6.418946664047992402e-04
3.202363450436783638e-04
4.027948276829977615e-04
9.553331929248946430e-04
1.668459187450683622e-03
6.779756012497786290e-04
6.456686359416785072e-04
8.335884312080585334e-04
1.244550562866895754e-03
9.412004965573989327e-04
3.592755804127031340e-04
1.488359176145171662e-03
5.702113164148813222e-04
6.859178034597203854e-04
1.430125352469145640e-03
4.330795811813266481e-04
1.014832351932676161e-03
2.410277472558138186e-03
7.988224723278159953e-04
6.943367187118945107e-04
4.862110348100474877e-04
4.580245846866742030e-04
5.639201460175556667e-04
4.839167468897613892e-04
1.091617812088960119e-03
2.560314811928774705e-04
7.039630231992161438e-04
3.706847591524197231e-04
2.646105783564174749e-04
1.353611086317611919e-03
2.082729299726589645e-03
5.656601668391326261e-04
1.033928115828436399e-03
1.098829540514416163e-03
7.793896774541715514e-04
4.280385745040355414e-04
3.164421790284496750e-04
6.662370755888502539e-04
3.815656394515115949e-04
5.168531458906568208e-04
1.798841935269969189e-04
6.377649513530588054e-04
7.093949254375912696e-04
2.165730057190590196e-03
4.696989798863194393e-04
7.255621626613169414e-04
4.261163567875311114e-03
7.113316390723480433e-04
2.316130193887629000e-04
6.876168262906385024e-04
6.446170316238413476e-04
4.601862780337310902e-04
5.007535564836757035e-04
3.293645590324147197e-04
9.728706477576972269e-04
3.010388573178893797e-03
6.287144221130751233e-04
5.882308501151594987e-04
4.312459758138721655e-04
3.796727237426636794e-04
4.185871042543596438e-04
2.317433747528248485e-04
4.800443075867739766e-04
1.140767457151894244e-03
5.341936903092357443e-04
2.660830669124008251e-04
8.692400972846903596e-04
4.059174944421771393e-04
4.169856440038947876e-04
8.074546411629951849e-04
1.226013633405190033e-03
7.607279512817558377e-04
1.117064537533708811e-03
2.894297373551135352e-02
4.847855675773372354e-04
5.770384861425876524e-04
8.692400972846903596e-04
6.146256839358627422e-04
6.674176987461369163e-04
4.374696622386419712e-04
4.625092391809988452e-04
1.903774837638754370e-03
5.043745894120083830e-04
3.879097892868982387e-04
3.237446437762229188e-04
8.143860229342723793e-04
7.164792993193370117e-04
3.807207724594756436e-04
7.165228461081774806e-04
3.193427925367103241e-04
4.872351838688229785e-04
8.373286117154423282e-04
4.516209841292020293e-04
2.060514032273897365e-03
5.970673649034957198e-04
1.399100990001702054e-03
1.232413391082277801e-03
4.664815213100715892e-04
1.130824026547819824e-03
3.958517066322748447e-04
3.694940875990941533e-04
1.401689359194631303e-03
2.149878229691923499e-03
4.968563774772956788e-04
7.738350416925132182e-04
3.035325053276887418e-03
1.268689678445427153e-03
8.335884312080585334e-04
7.257221242514199592e-04
5.412459733233106066e-04
4.982554364834110121e-04
1.115798669589411788e-03
5.125677265518818228e-04
6.299457055281874407e-04
1.298858833872721264e-03
1.145048923680158258e-03
1.235111074073380350e-03
9.483491139329710455e-04
5.419963825739131883e-04
3.379207793224244276e-04
4.566261043764639760e-04
2.689947045536544520e-04
4.795129482975059223e-04
2.972609591398932510e-04
2.396952035639105753e-03
4.070167164588735188e-04
3.446396526587336678e-03
2.962596256089131412e-04
3.570600884563513745e-04
6.773322298008412241e-04
4.776877150844495760e-04
5.572041237779587486e-04
4.204220712965061821e-04
8.758255655826462528e-04
4.378114190028321862e-04
7.250074362801024914e-04
4.563286599907627646e-03
8.777649671211912438e-04
8.070686962645656206e-04
3.090790753238405186e-03
5.239716638056288742e-04
2.592199606805630266e-04
6.666058880987850693e-04
1.090130939207368914e-03
1.007229855937966014e-03
4.924694015868793552e-04
3.866539251497932398e-04
3.097052862911636121e-03
9.832574812822418922e-04
4.847312645594987839e-04
1.015262920764528056e-03
4.918700116370281926e-04
1.571832023820268027e-03
1.048784884455684560e-03
1.334471727276091832e-03
8.171821510397568296e-04
3.214856011776062207e-04
1.110031033446365074e-03
4.479031362855761243e-04
5.950113886016511824e-04
6.947840813595699541e-04
9.590190835712041843e-04
1.254587530030142756e-03
5.734551874208135194e-04
9.559607178021667200e-04
1.186222942777165161e-03
4.748092382577829423e-04
5.940980167743357618e-04
4.529071626363870024e-04
7.584575812613694734e-04
1.521613438832053813e-03
4.329637554235708872e-04
3.316547804589624945e-03
7.621162184556923031e-04
5.722320859570216578e-04
3.408102881903368677e-04
4.059751109153497011e-04
2.033389704623615995e-03
9.691468513917451304e-04
9.669799659052690432e-04
3.522477438861452590e-04
2.033293037339921339e-03
2.911364041473156017e-04
1.052279086170039351e-03
8.380529418542440566e-04
6.399961057286750448e-04
2.926303484056667036e-03
9.328923770215421856e-04
6.700886892126941847e-04
4.017077015077249319e-03
1.575270982437298756e-03
3.904932193967849876e-03
4.094426318173353626e-04
1.099827116517805440e-03
8.865609413350234889e-04
1.221965350832244970e-03
5.248874890308443883e-04
6.161499056018901075e-04
4.293940622086837768e-04
5.243825067137280679e-03
3.891278935230969458e-04
5.948711626423113658e-04
1.220886307777894553e-03
7.938359367804338285e-04
2.894977664196126668e-04
4.299862735731594353e-03
8.970301015316911987e-04
8.320883385942919605e-04
3.832572664830116759e-04
1.581757823617794016e-03
5.855454016006232318e-04
6.341951417330248886e-04
1.205660926245347674e-03
1.048784884455684560e-03
6.709402182932439106e-04
4.028591827326121226e-04
2.545565013111839915e-04
5.965154577419752276e-04
6.927325869684892697e-04
5.702635824294545984e-04
3.361432205589921416e-04
4.536824834723222465e-04
7.905786467854198241e-04
1.713118006212344027e-03
9.820453584919058322e-04
1.048784884455684560e-03
2.591801538831589504e-04
5.602511386880875983e-04
8.888421524062916192e-04
1.848507692310103661e-03
5.252412428437090199e-03
3.523969197999494139e-04
5.753781702199092189e-04
5.542025757417081647e-04
8.815522968717783188e-04
6.235030289747908521e-04
5.204157980756442259e-03
2.616707795990900164e-03
4.019593729847099222e-04
1.986856827028507261e-03
3.716419532853609971e-04
1.067105160730435738e-03
5.997653255631994881e-04
4.914099048556288445e-04
5.405667756854876582e-04
6.086241910181268725e-04
2.807713204868933976e-04
2.650430396548822051e-04
8.242001431796691603e-04
3.951530579488303887e-04
4.845461202790859860e-04
8.455399893629382243e-04
4.145766079986124984e-04
4.889017791223035933e-04
4.003382997665228850e-04
5.746887270720767637e-04
5.283937562674179871e-04
3.751401536522908043e-04
2.264955071557962600e-03
6.629555155064711805e-04
5.780653861927225520e-04
1.317283177935622005e-03
6.666058880987850693e-04
5.830698847791238515e-04
9.186751744380080740e-04
4.790325586546231623e-04
8.474854145321183019e-04
1.017271591924057660e-03
4.085557970258781382e-04
3.347565691051552724e-04
1.690588674058101249e-03
1.076394973882952412e-03
6.941878290431706747e-04
6.673276897454670162e-04
1.048784884455684560e-03
4.006636308235835236e-04
3.900020082799531365e-04
9.143900246586380383e-04
4.256323950233169067e-04
1.017236001832350382e-03
4.495318687044000568e-04
4.313927757188660249e-03
1.114416253954060489e-03
4.850860710200146546e-04
1.052138528771768547e-03
3.434634477993488318e-04
9.108541029727281130e-04
2.002622118825719139e-03
4.219481172744878159e-04
1.176202333487232727e-03
7.248214350654208146e-04
