1.314953960085788430e-03
4.568868838826527137e-04
2.208307862072649930e-04
1.020323976811755460e-03
5.126994384530699986e-04
4.708750051048517021e-04
8.064715990463536570e-04
4.225221816975777644e-04
7.727804819190541800e-04
6.499208750630562073e-04
3.873387040407931504e-04
2.304501746063670076e-04
1.017550214498164334e-03
2.224385398584964894e-04
3.674120773603180333e-04
2.662290854173636544e-04
4.103413485328313327e-04
3.779892698555022178e-04
2.904817420221717200e-04
1.186259785523719693e-03
2.331518358840085935e-04
8.156461460036282989e-04
4.872735710845167343e-04
2.675157010216625561e-04
8.643243233475972603e-04
1.065887227023766277e-03
5.838444743881323219e-04
5.380837553520218886e-04
1.541499109097053217e-03
5.990342413299848835e-04
1.536129504086622714e-03
8.197165905283211856e-04
2.267276371446903056e-04
3.689911015035814645e-04
1.948612445584789726e-03
6.844033339724464723e-04
7.017237323570040507e-04
3.536090650714345668e-03
9.348681926978003650e-04
5.106295823666605034e-04
3.437327337068866637e-04
3.426023661994675703e-04
5.524435959774109863e-04
5.793105212379002621e-04
1.302289872202817443e-03
5.000880385042644335e-04
2.817466456037673143e-04
1.695512563926178905e-03
1.458738667836262859e-03
1.173155581038967752e-03
6.134849793197024500e-04
5.566700073542038725e-03
7.066841843764326992e-04
6.245881871413962692e-04
1.243364223113645889e-03
4.884131817588742690e-04
4.439285119931430951e-04
7.251124328992305471e-04
5.136734469882373033e-04
3.931758899271023898e-04
3.983362196237522383e-04
9.307766208604931375e-04
4.845855060138478439e-04
1.093691331515950693e-03
8.222114461518162214e-04
9.407685551711699162e-04
1.079586067107774633e-03
6.663807994460468507e-04
4.883203242665715886e-04
9.105865406631643167e-04
7.895361915795720553e-04
4.708623237761746052e-04
1.825633594465130450e-03
3.898471809603552851e-04
8.196950807298134098e-04
1.592691879171751433e-04
2.663929747537728760e-04
2.209199848555968345e-03
5.898265476826168151e-04
1.958669513666285410e-04
3.834139877804386984e-04
4.964729253429308112e-03
1.424013664788835757e-03
1.390690528717100681e-03
4.328130200929029186e-04
1.650661278165687198e-03
1.528571092447501747e-03
3.338518603062195188e-04
8.073107114506935991e-04
5.563200383136968465e-04
7.405972571793879855e-04
1.629314226653573059e-04
7.674277680131311695e-04
4.499687695627456940e-04
1.163820681651094383e-03
6.384251093496756636e-04
3.541897830804913811e-04
9.579650453565296967e-04
7.363035402574721151e-04
1.152189763985562391e-03
4.119639129931446271e-04
8.563533540242750835e-04
1.097746306835210156e-03
1.392947493179586211e-03
6.077250927865520281e-04
3.916935890507256012e-04
8.980449511118525482e-04
3.033986570220653916e-03
5.519582505471735739e-04
3.461131345921756729e-04
3.209685850522929962e-04
1.156112156572040211e-03
4.417403555478462466e-04
5.845699991573864458e-04
9.879804207830323974e-04
8.862188465227727012e-04
6.297934731851402871e-04
4.503198865008767988e-04
9.453972590535056992e-04
7.905412379040585059e-04
6.569988051593710337e-04
4.220011491663949754e-04
5.991453900491317030e-04
5.683660809665129531e-04
7.583297411162253244e-04
7.666359483042144455e-04
9.331785192912234140e-04
2.541034266751502247e-04
8.177625020347092499e-04
8.939720248156493576e-04
6.300817272789980932e-04
5.934657238820479968e-04
3.833652814256298565e-04
1.078647187676320734e-03
2.885680010158024654e-04
1.780965001664608794e-03
3.291927897936401171e-04
3.496268898585204910e-04
1.309280502358319562e-03
8.884726616103018771e-04
4.537431197371762787e-03
5.555727239828515875e-04
3.297117270003507633e-04
5.301435499100199279e-04
8.574339908609564373e-04
6.622324654937627965e-04
6.226957460297977663e-04
4.301115253419642687e-04
4.642529392202174548e-04
7.462380040097547473e-04
1.020344686128566141e-03
2.772416380862018342e-04
2.131643910793216360e-03
7.787552138913592754e-04
4.394788116946761469e-02
1.636127406617483848e-03
6.921861739372079693e-04
9.870573888759348775e-04
6.131250809533376296e-04
2.840100480736502714e-04
9.852199748509396244e-04
2.977951450582802246e-04
2.682906878535779808e-03
1.481259718068029477e-03
7.861633351175547875e-04
3.806715459799522687e-03
5.395564745937988941e-04
5.936802540707509504e-04
1.392940484310581720e-03
4.733303075194102150e-04
2.499388848977880250e-04
3.755770726783835335e-04
1.270678355337275574e-03
5.426673201751059782e-04
3.246418515171290223e-04
1.460398540914280936e-03
3.338480232363811684e-04
1.826003277445889484e-03
3.031149735137490505e-04
9.809711540697642947e-04
9.048060062015685252e-04
3.010329385934774763e-04
8.782043924328353018e-04
3.378986434133424577e-04
1.166289238166776055e-03
4.584875784401318288e-04
6.350810941261871099e-04
1.108239844044617848e-03
9.388563121432896884e-04
9.576783877279180244e-04
9.382428190310907173e-04
3.365827976270248508e-04
8.103525052350744494e-04
1.498949080515541788e-03
3.314702340184412857e-04
2.226521970552124315e-03
4.901734124523527596e-04
5.669033632333331718e-04
3.362345442301174075e-03
4.421692485672337595e-04
9.862994206417581306e-04
5.905386759785131176e-04
4.945682765125165772e-04
3.116672019844270777e-04
1.567352666586976960e-03
8.401113758957538076e-04
4.886220110671739498e-04
3.087790523070931925e-04
9.527730354052761164e-04
4.265680496399572915e-04
5.633813443997692880e-04
2.805083395206395811e-04
6.117919780275124769e-04
5.064222376713824365e-04
1.830196159430671002e-03
1.617257277484505842e-03
4.844436119792143577e-04
6.941580247827107723e-04
6.188351637665039182e-04
2.500813860283357306e-03
1.516010020149202763e-03
3.244462812041367349e-04
4.503198865008767988e-04
6.878182615163528236e-04
1.390356701925197147e-03
1.930971453186238829e-03
5.861342201080766041e-04
1.027137969906096208e-03
3.501435744899815449e-04
4.905674963319277271e-04
7.495789856732117638e-04
5.283510476962143118e-04
3.640698774644694790e-04
5.457030433856167439e-04
1.176309127274489290e-03
1.109857190348339422e-03
2.329625182611621452e-04
2.510668365832698199e-04
2.292518765939589431e-03
2.572962371325819737e-04
7.330753146777237899e-04
9.509456830184551861e-04
4.398808531817642478e-04
3.124430200807884624e-04
1.614285937786543541e-03
1.672278519044719447e-03
4.405135569765643321e-04
3.888310934048457793e-04
1.974376771598093487e-03
7.411407689671599625e-04
9.875237642224465266e-04
1.038796090264782227e-03
3.343449973455976925e-04
7.810454320165692880e-04
4.089975610085417115e-03
7.892858696430315535e-04
2.130670294884251872e-03
1.749602426633363027e-03
2.467158688510617879e-04
5.477198748693203317e-04
1.309145780561354324e-03
4.708623237761746052e-04
3.595615246236018260e-04
3.664410896221002791e-04
4.828044807501679541e-04
7.087131369492867929e-04
6.037120083511316989e-04
3.504611857747399290e-04
5.648926358272548858e-04
1.079884570174151522e-03
3.387097397067938363e-04
3.542039216512299273e-04
1.013334148804603688e-03
4.413850180181429434e-04
4.513433865445965073e-04
1.824292426081108908e-03
3.420470302931333446e-04
8.934184232819277274e-04
3.731750889099820284e-04
2.670727341224669524e-04
3.209046626896485364e-03
2.966099086124989663e-04
5.323003431450874139e-04
4.059066746311005896e-04
5.657471538969117237e-04
2.561190291031642443e-03
8.396496771725051739e-04
6.424201576159443766e-04
7.260184273291432492e-04
5.213479796564177496e-03
3.388742529169164793e-03
5.090716352694396379e-04
1.002720650938707450e-02
7.643491039058819417e-04
8.868585073194201144e-04
6.848639827542307148e-04
4.121482201705102804e-04
4.468990650772228582e-03
6.137868660886133245e-04
4.400550167125253666e-04
1.082820257619709599e-03
2.738650696197755829e-04
2.526754212466289983e-04
4.699952249422314696e-04
9.295590372637974573e-04
3.749169581849424006e-04
4.117964972006425543e-04
6.846207423212653711e-04
2.939394952129487787e-03
2.567529062296079680e-04
9.076391406991274943e-04
1.077992249555075879e-03
4.382948121614274541e-04
4.774763794464851447e-04
1.103161639430743452e-03
4.842677390499062107e-04
5.594080006000060014e-04
5.716378626121749974e-04
4.538614219976508640e-04
1.616716371708677540e-03
4.144572569295353385e-04
1.263419123148240304e-03
1.376938148866876151e-03
3.867229880334200958e-04
3.557802880147261488e-04
1.501594838189153260e-03
4.115235564609060642e-04
4.525148150751192124e-04
4.097336230789138918e-04
5.697379012917031188e-04
1.018794682522433832e-02
3.894217670484816812e-04
1.329510426208244805e-03
9.413264389471346413e-04
6.969792866291352716e-04
4.671489058412249670e-04
1.221383195286562676e-03
3.455041656161654258e-04
6.353376865361390607e-04
6.743171105749424469e-04
3.710221320644135358e-04
2.474114842185916622e-04
3.038508420515700047e-04
2.863888221715094181e-04
4.192535908889479792e-04
1.052721222871364978e-03
3.229726103936969963e-04
2.946408815615635330e-04
3.189248962594533701e-04
1.173935627664742529e-03
2.670727341224669524e-04
4.088094647605776746e-04
3.975026066194236284e-04
1.993182133073820653e-03
1.114439027413174649e-03
4.795411853425413963e-03
8.788489536495417125e-04
3.559154914366008827e-04
3.888777212415587561e-04
1.466257333442157239e-03
1.013334148804603688e-03
1.047386702815868197e-03
7.087546791050674524e-04
1.027993553728445740e-03
6.851007764430573199e-04
6.598072285676143730e-04
2.675123561582430577e-04
3.308016891293230296e-04
2.182018769011236071e-04
3.603507863326330172e-04
3.655226732021916525e-04
3.767248865162300476e-04
5.039978379827219019e-04
4.093077975793205981e-04
6.060451594340446769e-04
3.723868326575399722e-04
4.780684264740860307e-04
6.574682133632716316e-04
6.406069076857962615e-04
3.082301767658896918e-03
5.223880433605841526e-04
5.240532176801144040e-04
4.264362165658898223e-04
1.270257676023616757e-03
1.317090915481317634e-03
7.320584054326614593e-04
6.800900332018048602e-04
6.821371707601596793e-04
1.800451371586575533e-03
4.147899998477609651e-03
4.000722400643527969e-04
3.244462812041367349e-04
6.236638523668343358e-04
4.633766470453643265e-04
7.923808447317441618e-04
3.063926276972678102e-04
2.552806332471443192e-04
3.693919515110378332e-03
2.518374667134097838e-03
1.225078971896008005e-03
4.173824230284416993e-04
4.280067613025737190e-03
5.945497757540525643e-04
4.667676568932252381e-04
5.026706404948976621e-04
1.300269330907773569e-03
4.406543922761907103e-04
1.302328253263556343e-03
3.369390219028451186e-04
9.218465384634914970e-04
7.283708396139817413e-04
2.754522197369239575e-03
4.868929495141439598e-04
9.502933295556475861e-04
4.230546665413628671e-04
1.940699899615299512e-02
5.995271158160607157e-04
1.290330492199691717e-03
1.139953717609131596e-03
2.094205370930727565e-03
4.692146281451872020e-04
5.685275754993495507e-04
6.628050043202115410e-04
7.829857969922686617e-04
1.721275244281241261e-03
1.578233852870852567e-03
3.602272487644105656e-04
2.123191297056415891e-03
5.923466528971335979e-04
3.112443656423781110e-03
4.583796734807233514e-03
1.143960729122695235e-03
6.223871805164893052e-04
4.013005529886511233e-04
2.037322491724352907e-03
9.499843463491287020e-04
2.692674353843786238e-03
1.193564946732481947e-03
2.613343916483621809e-04
3.513601196877494002e-04
7.498759312427234498e-04
1.547471383666295264e-03
3.452509645253892616e-04
1.113886767420549763e-03
5.090327466775021372e-04
5.396310103683089106e-04
6.852928576245336705e-04
6.668324572815369786e-04
4.703784489782961392e-04
3.702772618146283191e-04
2.572392303312167651e-03
4.699072689348154290e-04
3.466144575407512974e-04
7.050203491550636895e-04
4.703091265952314489e-04
9.249951236748425731e-04
2.084114565832475901e-04
5.390823741958172084e-04
7.138357744820895837e-04
3.377381312887312676e-04
1.684071839574381247e-03
4.863551107427420720e-04
3.593250336367212494e-04
5.406748388269369413e-04
1.623265326652884141e-04
3.966186611688623923e-04
2.015993577489903332e-03
5.610424229373825846e-04
4.611744522276881443e-04
7.164978072505982570e-04
4.289795920933643690e-04
1.228701344021950696e-03
5.433354094638107729e-04
4.351999281122594554e-04
8.067274036290263909e-04
4.023286148356027599e-04
1.436157569497073169e-03
5.391962874283693329e-04
2.761159976072584204e-04
3.873099718533635333e-04
3.552784045394143868e-04
4.981158455612995101e-04
4.886461460368387872e-04
2.537251117605917976e-03
9.320007373347521679e-04
2.195082070829032473e-04
5.101378667686491761e-04
4.068063255269438417e-04
3.685297312441193282e-04
8.434164962751472148e-04
3.462820299374378937e-04
3.876900940889384055e-04
2.755805580672783029e-04
1.452738917250531682e-03
2.437189200284517899e-03
2.437049679483372830e-04
6.449776739933631023e-04
8.195101670500092072e-04
4.327091845110661280e-04
9.035133342809656409e-04
1.780553824001454783e-03
1.000786243902421083e-03
1.127008445177783398e-03
3.271764686922615283e-04
8.220966369471235415e-04
4.988796655523425458e-04
7.416972169053950500e-04
6.457820857029711054e-04
7.238758803429271547e-04
7.080858593724452836e-04
4.503833741137740318e-04
1.748197304126680382e-03
2.275191121414361667e-04
5.235188141992351031e-04
5.293602858021290202e-04
3.852959234579061889e-04
1.303251015642387838e-03
3.349928027513536109e-04
2.899790414531394200e-04
1.323391834605118457e-03
2.849881906649051589e-04
1.174158695938367063e-03
1.693177768919689342e-03
1.174474296693602633e-03
1.174157709496508311e-03
2.136184469470201657e-04
1.909241132797257238e-03
7.308783696963354120e-04
3.731413200681005064e-04
5.317193480226242242e-04
5.642336339421754774e-04
8.299054388035812836e-04
5.669626877854464994e-03
3.694131927980403587e-04
6.984648353714173171e-04
8.440820780347942434e-04
5.076170129438152111e-04
4.465460256224958006e-04
2.209199848555968345e-03
5.761313850762752459e-04
1.994050994961928201e-03
4.734388206330545821e-04
1.043810696919643356e-03
7.251124328992305471e-04
3.409214630708067408e-04
2.962857192517046631e-04
6.726937213689880134e-04
6.301145045110117214e-04
4.468257673921910574e-04
2.018047305386789017e-03
6.967283707241916620e-04
7.486518061073032214e-04
2.008059967697880567e-03
2.268687614667931705e-03
5.295101936580053938e-04
1.881516539089685179e-03
8.688589898702208606e-04
4.264591196534887950e-04
3.547012743385196385e-04
7.571041072890824378e-04
2.534097609423531408e-04
8.788163311356672960e-03
8.152605620516401985e-04
1.930971453186238829e-03
2.068597912778293306e-04
6.475270276858602868e-04
1.122713860468156155e-03
1.111466131257484889e-03
8.918370156024645577e-04
2.167526770922307948e-04
7.392696104103310857e-04
5.184887906947579323e-04
7.659641825182616267e-04
2.639558390763444462e-04
1.573844773879990279e-03
5.737587717794711195e-04
1.004145524704841332e-03
7.770895350653548835e-04
1.136064356658669392e-03
4.636493651845425504e-04
6.227034356732302984e-04
1.263682178408755564e-03
4.195130415858435943e-04
6.132970799327939516e-04
8.156099481045241606e-04
8.904043204442463550e-04
3.334995151989761592e-04
6.131180083224108558e-04
4.498829054228685432e-04
9.108958159609643760e-04
9.197075423056351538e-04
2.487285555140732532e-04
3.542039216512299273e-04
1.787501043674410376e-03
5.299320283542019016e-04
2.958516613956636301e-04
3.156413004384696439e-03
5.946632055886202873e-04
5.541607393119205418e-04
5.395564745937988941e-04
5.477044420284344576e-04
5.962603471210841961e-04
4.044676007166871567e-04
8.026582629946813017e-04
1.073301097980231596e-03
5.722904079189733775e-04
1.153406989800719517e-03
5.615278808985272241e-04
2.649639332956294229e-04
6.939778465713027783e-04
3.494420126839025320e-04
6.278143221295982542e-04
1.998459455477890007e-04
3.086157975452965543e-04
1.947034391048811273e-04
2.500645290934585901e-04
6.904127010747514778e-04
4.134119163075608908e-04
6.965607120109671519e-04
9.035133342809656409e-04
2.874118721370256331e-04
6.011296164025963342e-04
2.778036344145527617e-04
5.130137510170266601e-04
1.463108641060477128e-03
5.847836447973413492e-04
1.694193487224550506e-03
7.771423633355814369e-04
5.993649468660507519e-04
4.645404447796049594e-04
4.629178794408600603e-04
3.601022460061995174e-04
3.767248865162300476e-04
3.990220248367201531e-04
1.051849255714233742e-03
8.673751385295483830e-04
2.359151595790010350e-04
3.118142500517706779e-04
4.427958393894793694e-04
6.277157930568823610e-04
3.873387040407931504e-04
1.046057174572186544e-03
6.781693455462221203e-04
1.226584337432566228e-03
7.843599509288790321e-04
1.776725731744356997e-03
7.102679658907486713e-04
1.566906903526219192e-03
1.307833241505319214e-03
1.056690762940911939e-03
9.218254893054905795e-04
6.026488183484709181e-04
1.555458346004197964e-03
5.174086103813890043e-04
9.714896883258602534e-04
3.058619110246697022e-03
2.907765035900772136e-04
1.213914335060863785e-03
1.532075421727178716e-03
1.205698910306247972e-03
4.492244323420651101e-04
1.966206403491316604e-03
3.393570388460690314e-04
1.676248617075579844e-03
1.943123506918806569e-03
6.781693455462221203e-04
9.971727637258385925e-04
2.466955514003989821e-03
4.561918757053199953e-04
1.077520818884393017e-03
1.304855357287118892e-03
9.450915915942718426e-04
8.159014897337337705e-04
3.050447635713742357e-04
5.017980911042029804e-04
1.337644928682853087e-03
4.665613987384051894e-04
2.192536058622039652e-03
6.700842886101343165e-04
7.777664469080411121e-04
5.821851680683693721e-04
4.731879577577769716e-04
5.811456832462269908e-04
7.797523422713538216e-04
4.993615580193947216e-04
2.026713580823857625e-03
5.735859936543879828e-04
4.814646826468791524e-04
4.542556272117483931e-04
3.639214092409127107e-04
2.802252365480571239e-04
9.315300984051219082e-04
6.885223564745392372e-04
1.497399477439753050e-03
3.301521862841079371e-04
4.724392880744784505e-04
7.847730298982601941e-04
3.332129823360723973e-04
1.009441566332087807e-03
3.977557599667666164e-04
6.630937599423009435e-04
2.854328923297644554e-04
3.527574948724312661e-04
1.001902307384697818e-03
2.481607614177001615e-03
4.232706754836018377e-04
2.654524353310046486e-04
4.130140227998768546e-04
6.015049837945529764e-04
8.033528115506014759e-04
5.105233150213486651e-04
7.791509895789602716e-04
1.470416212687519287e-03
2.850098281069533661e-04
5.681935960823649313e-04
4.092787477260194005e-04
1.946092026235137721e-03
6.451674589499815189e-04
4.375067325061881337e-04
4.043805375112972185e-04
1.507666472398078291e-03
7.057574574999790889e-04
4.119639129931446271e-04
5.121466139974076032e-04
1.315688191324500484e-03
2.681902823882384088e-04
4.487099330679836522e-04
6.008511681857284844e-04
5.048952061690310626e-04
4.900515095464777395e-04
9.187193025703795828e-04
4.322219076548460253e-04
1.086743994360201207e-03
5.090478575106110147e-04
2.639558390763444462e-04
2.038430686112849190e-03
4.063134222904018632e-04
9.986773787941402667e-04
3.839275001353005231e-04
7.337765002023078536e-04
4.016080196464035575e-04
9.579227131392382489e-04
4.609164071264899268e-04
9.161740303792897553e-04
3.647764417495444745e-04
1.622394691850630047e-03
6.709546573330835541e-04
7.749513729407749019e-04
1.157846153510183650e-03
1.738592984514702360e-03
2.502354810367201331e-04
5.783718904994192625e-04
4.505043383430459717e-04
3.295227005395471448e-02
3.679049622184583468e-04
1.216761563150668690e-03
4.455640291917610605e-04
7.663544055942324773e-04
3.939327562216158674e-04
1.232095035700123305e-03
1.635611620066476819e-03
3.527574948724312661e-04
8.236765370739985211e-04
1.953014491977868696e-03
9.328927508662742665e-04
1.823234071975453124e-03
1.144440007595395924e-03
7.349711677447458898e-04
4.510175314427014321e-04
3.468573671903063213e-04
3.712014855767545719e-04
3.318127151465984754e-04
3.006428339581284108e-04
1.210888492384314119e-03
1.005793926844279111e-03
4.296063010334948639e-04
2.555170185720484835e-03
9.390021182272766890e-04
1.348101658896589403e-03
2.589712128029724066e-03
1.554423842102928711e-03
4.239777924080083199e-04
5.931329278020633800e-04
5.646822314022174275e-04
4.067264158197155151e-04
4.549322380478953748e-04
1.778392817093604316e-03
4.111567838308511692e-04
3.189878851697262787e-03
1.422229867504787521e-03
3.442623261670510687e-04
8.334117250595675548e-04
1.126150508369961820e-03
7.905402168479929619e-04
4.748005541684210528e-04
3.566615470464575368e-04
4.499607253959127251e-04
6.813255949709450020e-04
1.501594838189153260e-03
1.045798781173813479e-03
3.989215663151916250e-04
8.307417172918469791e-04
3.012980084316684774e-04
6.659818550050650718e-04
3.998612358233985683e-04
4.899300508592815961e-04
1.183887904744863016e-03
1.030495720126633433e-03
1.284477386471059379e-03
2.052965458521094377e-04
2.468435833150981092e-04
5.578558155402061182e-04
3.962470871502894428e-04
9.307766208604931375e-04
1.433827860839930086e-03
2.816542642315660950e-04
3.747266838551923393e-04
6.986835287083232888e-04
1.135513649652959353e-03
5.160657710533475941e-04
3.095860149452652811e-04
1.732449447639021825e-03
2.910791717971003860e-04
8.798143789368036236e-04
7.923453082195234349e-04
5.015943575358577542e-04
4.189322677585601766e-04
9.058717434884948783e-04
5.672354044991244348e-04
3.968311643901461854e-04
2.905013276072019213e-04
3.405316540044705164e-04
1.354654271658920243e-03
3.466144575407512974e-04
3.505198656955524437e-04
2.124316505315747804e-03
1.402522306138254734e-03
3.878200150502869549e-04
3.350168763760709889e-04
6.548136848316199812e-04
1.114245039000800888e-03
5.263391882467378761e-04
5.103923580506588122e-04
2.387040018641479252e-04
1.113085783744144006e-03
1.348978480601897498e-03
7.454248538330190011e-04
3.320244723630892268e-04
1.511078439094513471e-03
6.238934019190546087e-04
1.089810778851654045e-03
8.293960058675629854e-04
3.143248721184208777e-04
5.864142981008905976e-04
5.397080981765249239e-04
5.300630797323784655e-04
3.253456441226751697e-04
2.356718982647679748e-04
1.303859947243824488e-03
2.038148403066662880e-04
1.068767069191106601e-03
8.616762707013306223e-04
5.669626877854464994e-03
4.503198865008767988e-04
4.733906450538810434e-04
3.439871017542103348e-03
1.336741285064644864e-03
4.262155536020063840e-04
4.034918282952027879e-04
6.572498749727967394e-04
3.485817653030844022e-04
4.280335176961381550e-04
1.637584382447874673e-03
4.220932972942576379e-04
3.688180450188977672e-04
2.244913177427649632e-04
7.845661471641481597e-04
8.377504387897779028e-04
2.545759170192337089e-04
2.572962371325819737e-04
2.015631779890512780e-03
3.565473833567206897e-04
6.198553186184239559e-04
8.275700861934813003e-04
1.631643732046933601e-03
7.918088164165973776e-04
3.346222210247042040e-04
7.256143394026935266e-04
3.403198535666377865e-04
4.408954129918925421e-04
3.200316842949716247e-04
1.015325696433891107e-03
2.581590692124310265e-04
4.503198865008767988e-04
1.430006934930890244e-03
1.417751232083817522e-03
7.839244222399334178e-04
7.811695543229991382e-04
3.551853838833368975e-04
4.785556849502466147e-04
1.579914292358281652e-03
1.481259718068029477e-03
1.823178797280807515e-03
5.698890378965236654e-04
5.938080119566095617e-04
2.035103132117403789e-04
2.161989148637972059e-04
1.733650061239754795e-03
1.173155581038967752e-03
1.000614027273672834e-03
5.089639748712980255e-04
2.820649359877587092e-04
4.699952249422314696e-04
3.243466085642040088e-04
8.263787564047141545e-04
8.629627599450135972e-04
9.798786249053108733e-04
8.567619517527611753e-04
4.615086654934564170e-04
6.196037663257575540e-04
6.026488183484709181e-04
1.055147368021717037e-03
6.660707334583201725e-04
5.602241527135588210e-04
4.608788667298295777e-04
9.559568765588711626e-04
3.773937866110429139e-04
2.863000756232853342e-03
3.291660798439138553e-04
2.856801084854340852e-04
2.236008315718739786e-02
1.523223143080355271e-03
1.139126048079083971e-03
5.539434415926595663e-04
3.729891072612534302e-04
4.642350455398134190e-04
4.269194802189772101e-04
5.119658920194528453e-04
6.592918210967728225e-04
1.122145075382417062e-03
7.366733833301049349e-04
3.474405124305203463e-04
2.818821427229088587e-04
1.066613687493546576e-03
8.361753194445945654e-04
8.507288366533223914e-04
6.124086523358053232e-04
7.191986181063427961e-04
3.979289368435465625e-04
3.979368804611386145e-04
5.296587579627951925e-04
3.116346125808287597e-04
4.503198865008767988e-04
1.074379614813460865e-03
3.167636820323939569e-04
8.152757458008514854e-04
1.384698051119631927e-03
1.057074561324689065e-03
5.993254377792741477e-04
8.762659356991559477e-04
1.034675075444341837e-03
8.949319781320285664e-04
1.109288334842543173e-03
1.722496513513193999e-03
4.450534408179960882e-04
6.415550122286355636e-04
1.043423023600592320e-03
5.983299561991090249e-04
7.188554320583010436e-04
3.636883452880665087e-04
9.294619115740352473e-04
7.234725150647029800e-04
5.272628600441392260e-04
7.405972571793879855e-04
2.687396680459356712e-04
7.201594619420217990e-04
1.608042586316993936e-03
5.444152038777633294e-04
5.756415941428834381e-04
4.434154356967297348e-04
2.047076233334299740e-04
1.476929140027292801e-03
1.519969249532806665e-03
1.738592984514702360e-03
6.022323380194816167e-04
2.001727826286794215e-03
4.878762803762274323e-04
1.652373808189610454e-04
1.028113691234682544e-03
8.264031921395418754e-04
1.354654271658920243e-03
1.314388302910667137e-03
6.751826514672854733e-04
2.613381592722142433e-04
6.069637066189640480e-04
2.209199848555968345e-03
8.324176750436406780e-04
6.085576338354766390e-04
9.643595048758119752e-04
1.084470335741994675e-03
