3.321966840066344160e-04
7.323000548936391867e-04
8.914341241382565083e-04
4.535815496984916878e-04
4.970169864092287282e-03
3.031343028869410480e-04
3.257162463212485374e-04
4.098584812031178578e-04
1.626238895149680194e-03
8.690187224334542521e-04
8.050742249453405903e-04
1.176887085407709276e-03
3.847886916500046876e-04
6.553471940672965469e-04
8.030286309556334537e-04
5.636244119515686516e-04
7.098286397797571885e-04
4.717920053462170251e-04
5.145021621526953658e-04
5.125347421895700382e-04
3.845306661300778618e-04
5.173338714837631127e-04
7.008588504053734573e-04
7.593509410540677865e-04
3.959598902282961174e-04
6.301160569730222295e-03
4.773397874512897397e-04
5.087891197895682898e-04
3.381436369471888990e-04
1.059673928101786955e-03
7.723817126500161917e-04
2.970394928649985151e-04
1.346229202791353807e-03
3.786738710999949234e-04
5.112729913815884826e-04
3.640248892865485439e-04
3.071502108062939282e-04
3.217964501174742789e-04
1.066323357397178139e-03
1.864974406256941482e-04
5.555861303208675444e-04
2.728064559443685809e-04
1.093442148293019599e-03
6.792726035553348042e-04
1.566511726856745831e-03
4.342833665204799166e-04
2.384343396345507226e-04
1.195161835733035000e-03
6.919646102175152887e-04
7.223906401713695285e-04
5.972289221820828616e-04
1.334568996048350305e-03
3.024873968943290266e-04
6.664154670966401838e-04
7.276677829328896197e-04
7.027109313047665397e-04
1.942846439425221497e-03
5.850558184939381144e-04
1.592036212916310249e-03
3.388871506317343634e-04
7.455531364199955617e-04
4.609943860834707472e-04
7.740746492656127653e-04
4.071304053361150550e-04
5.295670778636506551e-03
3.973461228600676329e-04
1.847864103141517523e-03
3.172008390533018933e-04
5.936149273898229340e-04
9.679961351282028370e-04
1.906934368421254761e-03
5.497490993382851947e-04
7.693739196491757764e-04
4.740309051435901929e-04
2.448131202617876995e-04
6.456562554460885299e-04
5.977973714016865956e-04
1.131612640940448441e-03
7.610769071870696761e-04
5.303539123744005403e-04
5.298216804598066465e-04
3.114835522800027488e-04
5.042025808667507849e-04
3.186731831611459755e-03
6.477511283116867006e-04
6.234852852922536997e-04
6.113563324860061404e-04
3.293375466122167201e-04
4.739709839439506666e-04
3.254563089491011203e-04
8.011989177159056915e-04
1.546547988299825337e-03
5.983561415728811056e-04
6.146393129542885095e-04
4.157786977743878603e-04
4.927975241151105832e-04
2.410619843467163214e-04
3.763303862140524622e-04
4.042113404496887005e-04
1.533405995649753670e-03
1.257566107162789168e-03
3.193651465894913077e-04
2.285262704809827453e-04
4.504968160893697382e-04
1.904523977556909857e-04
6.727831450838669437e-04
1.721186595748820701e-03
3.264592544452730050e-03
1.709450727277744267e-03
4.316548008926528808e-04
6.720595459978128501e-04
6.445151983557576188e-04
1.336521409227175387e-03
2.194136190542785502e-04
2.965262197143511236e-04
3.040055510724129495e-04
2.360050915961248782e-04
1.234924005271757080e-03
7.083259815454061433e-04
7.974247090376715939e-04
4.098267126325488537e-04
1.462065626440488481e-03
1.076246905759182170e-03
1.789204404586198279e-03
1.423832721866362784e-03
8.313356272022490081e-04
8.896841264493161481e-04
2.880616302859254508e-03
1.533167864154784182e-03
3.756849229380857013e-04
1.999265368055903967e-03
4.895574558866456561e-04
6.340868591295978265e-04
1.052798098968362123e-03
5.251470580769529743e-04
7.385908483711210899e-04
3.080015409637503788e-04
9.681205657435681435e-04
2.127721722670589555e-03
2.178705774805847267e-04
4.857907648415198663e-04
3.637297942541290732e-04
6.763336632665045353e-04
1.187993656083587667e-03
2.305108523316229646e-04
1.094964699585847289e-03
4.756512785453279198e-04
5.017033300822164874e-04
5.216587155330958125e-04
4.095608587540222677e-04
3.611844731777029828e-04
8.005623017002272976e-04
2.496244174656584444e-04
5.703668217172063164e-04
7.877872278197169467e-04
5.792092659513119884e-04
3.014085078172323547e-04
6.014481353834420655e-04
5.947820729474144648e-04
7.460957175258888614e-04
3.376234734647303153e-04
5.168332410594574057e-04
8.971660921672990974e-04
3.617007594614048529e-04
3.021047761535483123e-04
3.064679903519106053e-04
4.449351743519392257e-04
6.514847931923665233e-04
2.372611046750824730e-03
1.903584411800027774e-04
7.786955018341867657e-04
3.343432142505800260e-04
3.913340417965753873e-04
2.818866329713987291e-04
3.172157449470480901e-04
7.326708215193365433e-04
3.574166954702857391e-04
3.228201168944203341e-04
5.186101936080882982e-04
3.558530749077152265e-04
4.046060668273197825e-04
5.106762210343195919e-04
2.484045378129980499e-04
7.300145793044261191e-04
1.261337890520934516e-03
5.571885637393887399e-04
5.487720581464156306e-04
4.604781064595259328e-04
1.653181418997136777e-03
8.251068110628949435e-04
8.190725252348445571e-04
6.877167694162117330e-04
2.665849029346045208e-04
2.861828210230624430e-03
5.572769315613377216e-04
2.793565187326276043e-03
2.168034636109351823e-04
5.916834400203333953e-04
6.460904261544217443e-04
1.659287914774258037e-03
6.366677623910622225e-04
2.053763632487405448e-03
4.778725881499619552e-04
5.820749694345416728e-04
7.859057549184924555e-04
5.627506659394591665e-04
3.063016770362790705e-04
1.347845862055981146e-03
8.985864888265048195e-04
5.935792862308445850e-04
4.216699777502223162e-04
1.184177778853346200e-03
2.531743540927962072e-04
2.209988190541369057e-04
6.451177654984638354e-04
5.184573305801710389e-04
7.276677829328896197e-04
4.707213881377901457e-04
5.819572742294310723e-04
8.479447209613409728e-04
4.229447462947949726e-04
4.416535631588827215e-04
8.009357927397155750e-04
7.149233408414210717e-04
8.983497310434587334e-04
1.094341292865766337e-03
5.463492481408134625e-04
5.399483713864267672e-04
1.914093911635003772e-03
8.445380423259416175e-04
4.963543059375760116e-04
7.654950617145861750e-04
2.412932493164930236e-04
8.238892823429175586e-04
3.761363090915685343e-04
5.064905168004099319e-04
1.012761120833564552e-03
8.098368032010452551e-04
2.205215901513777970e-04
5.017023353860022026e-04
4.162798795080095834e-04
6.575673345040185204e-04
1.708754684155358496e-03
3.169657396136313517e-04
3.403042280219871832e-04
5.669041441541459959e-04
4.725707218284376358e-04
3.424089492271037687e-03
4.454867897835245870e-04
3.085826961085793153e-04
3.950385341294796945e-04
1.261264158960075142e-03
6.345884929650763909e-03
4.151537791918112532e-04
6.010280367776695389e-04
1.450016094495690288e-03
6.565577899863903185e-04
7.648760064911686593e-04
6.822347980954705576e-04
3.228335899397969007e-04
1.050897948687757547e-03
4.480413360854800181e-04
6.873042131069682882e-04
3.813168452770311829e-04
8.534872148630781715e-04
6.699524113013720014e-04
9.092495668781135640e-04
3.395362154544143292e-04
2.705581440059927931e-04
7.246127497749683694e-04
4.323392552385585744e-03
3.029406524884336411e-04
1.145997854992770537e-03
9.207067438789774899e-04
2.155987594528124916e-03
4.125188912961841119e-04
7.825599152257854034e-04
3.372007029491662258e-04
5.349442101287973711e-04
3.053724535608987349e-04
3.439247385508103073e-04
6.784660148112498478e-04
5.526777311185883130e-04
6.325568071091722949e-04
6.065843590202655211e-04
2.901425481709557453e-04
3.109548136894556628e-04
5.326695299243192072e-04
4.748318619372610887e-04
3.323804766112003887e-04
2.211551462239884087e-04
2.633742179005799881e-04
1.327458704482758264e-03
2.041100282183672381e-03
1.995720308555070256e-03
6.031250723844884141e-04
2.360014114599517931e-03
6.085026165613824844e-04
6.092948285004388519e-04
3.089514603499053484e-04
8.249801713533769145e-04
6.423389229823007248e-04
1.141360421480092265e-03
6.211045989096924264e-03
3.419568161725744342e-04
4.788313080128814053e-04
5.743310651824327755e-04
4.175891936452756528e-04
3.853767629264415770e-04
2.071921681864661528e-03
5.132660523397405755e-04
6.582336456611903499e-04
3.615327157698452164e-04
1.340715644185158260e-03
6.040795193576912808e-04
5.248646790400718874e-04
4.751755477485940845e-04
1.511931205859760007e-03
2.283066569985955831e-03
1.920076463793448903e-03
1.422759392290481352e-04
2.011764297841728093e-04
9.656721201104698487e-04
7.236188271924040745e-04
3.386906923086315359e-04
5.051055786689799716e-04
1.740937069252300419e-03
7.743223283663021707e-04
1.235619440561072082e-03
2.165152444798348918e-04
4.549216904986281684e-04
3.421401629449203610e-04
3.334025467066176977e-04
1.160028847619292477e-03
5.308124037528847219e-04
1.096459929597746802e-03
2.461133034500408504e-03
1.031890847063336942e-03
3.379211334002338177e-04
5.976222458560102651e-04
3.454046923072491278e-04
6.301160569730222295e-03
3.172035547225218288e-04
4.208620848690107822e-04
4.835741474951851891e-04
1.557016544938782943e-03
8.919594786236808388e-04
1.912808406154937969e-04
7.699048239845326979e-04
4.258451887671997876e-04
8.050864506938479066e-04
1.996433065005060077e-03
3.383587489685733335e-03
4.116830605920290429e-04
4.391334861184650060e-04
2.853155973354324347e-04
2.316959488136799373e-04
5.191062739319497960e-04
5.760397696630742458e-04
4.490148666103149972e-04
1.075861434942738514e-03
1.155502762587084717e-03
5.960869665445566422e-04
5.402277450224098705e-04
4.361041603765000415e-04
2.975730652063093840e-03
1.863771613222384941e-03
2.478731652050039365e-04
1.692138709139301466e-03
7.467250372566158192e-04
3.201558408802466994e-04
1.521571656277025987e-03
7.008588504053734573e-04
6.254752518038573985e-04
5.632511163119670750e-04
4.851302023939255245e-04
5.406720107521265821e-04
3.166866682114267799e-03
5.427844239377560337e-04
6.451755659894389122e-04
1.256218647014782815e-03
3.667992601541991910e-04
4.622406967546671382e-04
2.889890734775749570e-04
3.109548136894556628e-04
9.619330061201460504e-04
7.726646382757435113e-04
2.920177507543113586e-04
7.236727878639501524e-04
5.196586843236845150e-04
1.063788508259197506e-03
2.317626252340665872e-03
2.198795276405618308e-04
3.282940798085968765e-04
2.669166297896074179e-04
4.106595935385435226e-04
2.535350031185711148e-03
3.035350885670873799e-04
1.076546044696581779e-03
7.375772147510352081e-04
5.013654507373196826e-04
2.096944884750429929e-03
4.800524745970799695e-04
3.758396224297159407e-04
4.810738746669372874e-04
6.134284606571115865e-04
3.169075410946591790e-03
4.333410048532455286e-04
1.018610820466130237e-03
6.413437082359088864e-04
2.452000746748017775e-03
5.812251847585987122e-04
6.027204790914354174e-04
5.213150531536654480e-04
5.900510211594601085e-04
2.635054516628423590e-04
4.041957006222863039e-04
4.537899651274057982e-04
4.836613034053527382e-04
5.432146495171936984e-04
1.955916302773487089e-04
5.711469997085205251e-04
4.512612512649659207e-04
1.779701052072571585e-03
4.476146697906003571e-04
1.139417463138220257e-03
8.051881065034307249e-04
2.642987433647656808e-04
1.798839186237508698e-03
2.087478568104349837e-03
1.210092725553102476e-03
2.211004818039016329e-04
9.532002645962244555e-04
2.229059332298133811e-04
6.598275073620140383e-04
7.453231197911501906e-04
1.813542931251433624e-03
3.239199232704751959e-04
2.509979894250255082e-04
6.015578821817461246e-04
7.693739196491757764e-04
6.530969151664780094e-04
3.937252205423752253e-03
8.048402471046631462e-04
7.609407299220212516e-04
7.960540982205853433e-04
1.947649906125835904e-03
1.044816384533499938e-03
3.253489899893122509e-04
3.990098344730217436e-04
5.812948920352945838e-04
3.824376763283323256e-04
4.274457591217915072e-04
1.002069430997602154e-03
8.975246254980184194e-04
2.236510464201096492e-04
6.277625657811682514e-04
7.903143562930732471e-04
2.419220899491383533e-04
1.257374977420984332e-03
6.287877977654844327e-04
7.368292701348744733e-04
4.609943860834707472e-04
3.786738710999949234e-04
5.373534020050080989e-02
1.632114660554220581e-04
3.963933302719621610e-04
3.001010180390113031e-04
6.335583237482470638e-04
6.466067600882260654e-04
6.949899299403077251e-04
2.928669132776828333e-04
1.929853373778936875e-03
3.334952832813135588e-04
4.967179703550326890e-04
3.721039408109839530e-04
2.513779264790402443e-04
4.203277720052693740e-03
1.546499910084347951e-03
2.788065339648568980e-03
3.227726181556896806e-02
8.142855048411832761e-04
2.110897359636307313e-03
2.429327792489467393e-04
5.678214796351501023e-04
2.177715218132341909e-02
4.164700082566364248e-04
2.725089579665425452e-03
5.277189362870086898e-04
4.373656654977066361e-04
5.572465090123069785e-04
9.858811756051218903e-04
7.130086576807755094e-04
2.762173748944162801e-04
4.845708088956505251e-04
1.211107876153658634e-03
1.357560884132280685e-03
8.539695308869704477e-04
6.425507129989108676e-04
7.065385815107537654e-04
4.668799500424764513e-04
4.259256717606392604e-04
1.015803628155546477e-03
5.039259132017305000e-04
4.151898773012767624e-04
2.267912265801648995e-04
5.022390093452152758e-04
3.125518161529801994e-03
4.170554254895548281e-04
9.903815897765303779e-04
6.907597848464928003e-04
2.272774630327579603e-03
6.730172137823897238e-04
1.027566037308375729e-03
4.008589985890864509e-04
9.396659713636612826e-04
4.504968160893697382e-04
2.092046905061266946e-04
9.348951449035751817e-04
3.110999610730281377e-04
2.873072081362097025e-04
8.895117592426722607e-04
4.047630789418660518e-04
4.110479621480660228e-04
3.979243273808066210e-04
5.123455020865061481e-04
4.579889684375442892e-04
3.455840927306052753e-04
7.994085219127585601e-03
7.226496689410137056e-04
4.167976545125090786e-04
8.940842953917844515e-04
8.385387094828610248e-04
4.635081806480247047e-04
2.094256102480393381e-04
1.299624139291890397e-03
3.631659122574077271e-04
3.470423704493403000e-04
1.776037101444513547e-04
8.063924789865675995e-04
1.832450376469429423e-03
5.974943540323787803e-04
5.475981313974660931e-04
3.510729758994130000e-04
1.592941642730764723e-03
3.831074767435926724e-04
6.488497045156857608e-04
5.598345939789345534e-04
4.802192078397071327e-04
9.475822842277402836e-04
1.244125264533812612e-03
9.337008324188960555e-04
9.642027365806088391e-04
2.160644892277483701e-04
3.559649029151327527e-04
3.846869699812628142e-04
4.076213022882033588e-04
2.612591249132894156e-04
1.331026925537297104e-03
5.787920778336218828e-04
2.796973658474568507e-04
9.532002645962244555e-04
3.180640280985347931e-04
7.314743729001687211e-04
3.934444056839590917e-04
3.182793502310994182e-04
4.065164388902852213e-04
2.325422979596835618e-04
5.816466919660920722e-04
3.004274791104157038e-04
2.481081650544957311e-03
7.561831943536994824e-04
5.407195879298983942e-04
1.025954451654687537e-03
4.147269938442236874e-04
2.399172262256716866e-04
3.929072158684543078e-04
3.835991101889688277e-04
5.260049915345551457e-04
2.253240223859217725e-03
1.294175136803084976e-03
5.133037487157319926e-04
1.129602642528325417e-03
6.767025624362316485e-04
1.285791579858155086e-03
8.998001188787083885e-04
5.209080968462739955e-04
6.627211453800353888e-04
8.885996482235351867e-04
1.007817617456968195e-03
8.630387302294126360e-04
8.551057966702552571e-04
4.772042511885543929e-04
1.284049363520623106e-03
2.968963621078329201e-04
8.446900254627214954e-04
2.832642024231619765e-04
6.684165753406706321e-04
1.923223848002122245e-03
6.475666759916044084e-04
5.851113873651088773e-04
7.550232785491639434e-04
1.069696100380860713e-03
1.276625098613244072e-03
2.203549384211043311e-04
1.872383960148787116e-04
3.685239514479162165e-04
3.226392330654894868e-04
6.092864517962651204e-04
1.327878931747078581e-03
9.315320217780545097e-04
1.109596818989137595e-03
9.337008324188960555e-04
5.546307893265523502e-03
9.789839522507776896e-04
5.389136829395690682e-04
4.266135630396261560e-04
6.085381237147006409e-04
1.402123023884296795e-03
8.661507571011330814e-04
3.395711987748660250e-04
7.120618446450937200e-04
2.723896014369981832e-04
6.131037383095576301e-04
2.395573128690878391e-04
8.918961262418697005e-04
5.271195414519851824e-04
2.631492842971733248e-04
1.997360151956443629e-03
8.496698100334377319e-04
4.266706501314762481e-04
5.342212779414038130e-04
4.393842237719376318e-04
2.144658840298294122e-02
8.400679329602700257e-04
1.591904046195544240e-03
2.661465982744028202e-04
7.909869611102080542e-04
1.857238649992305844e-03
7.579538666932306504e-04
4.620665580226743642e-04
3.045635345679401974e-04
8.888657052247521525e-04
6.711196975945697522e-04
9.629489427822800164e-04
2.034788816830886994e-04
5.333763120567166323e-04
7.673929462175429345e-03
5.746351260114554915e-04
6.965191794556145838e-04
2.866389546338504605e-04
3.228531432259540532e-04
4.333820290598299277e-03
3.477203165791434725e-04
5.247646502740348608e-04
3.197100479531365925e-04
5.596332530319300712e-04
4.636806093974152939e-04
1.494892592784653014e-03
2.485685469661075612e-04
7.147316241345156879e-04
4.571633807930259772e-04
3.612816831629622619e-04
1.430139539649402398e-03
6.212179884789477543e-04
7.666794544742065688e-04
6.496275874373092516e-04
4.644551870712238656e-04
8.919594786236808388e-04
6.259502350297459997e-04
4.849791031168423417e-04
7.759846434462824372e-04
2.985950347768191434e-04
1.771015161287268721e-04
2.678061128711986517e-04
1.182730260365230570e-03
1.082198736497806029e-03
9.223299612686648719e-04
1.419204257523105353e-03
6.930066462237695086e-04
7.399217572426513342e-04
8.165715150033307649e-04
2.747962971391774696e-04
1.192589958058262473e-03
5.867815595431090901e-04
9.319369401144212773e-04
1.978522847765001348e-03
1.556447065458654421e-03
1.978397265049865422e-04
2.161393027699716821e-03
3.554015586377158196e-04
5.682220980977807211e-04
3.106453217278837189e-04
3.334025467066176977e-04
6.390215742861577244e-04
1.449721357320600578e-03
3.096902718671040548e-03
3.863535431586235798e-04
1.189007226290858402e-03
3.448751534721152456e-04
1.327197296089632859e-03
7.063663019708210080e-04
3.334401204964508223e-04
2.565878206119685833e-04
3.432079858069191644e-04
6.451997787600233193e-04
7.358327853949627817e-04
7.898992185876907478e-04
4.453867903737773119e-04
6.391448859321901491e-04
2.306537949298055634e-04
5.789704862250652506e-04
4.024506109445204487e-04
2.762173748944162801e-04
1.018620223508685764e-03
4.951070720267479030e-04
1.303156785928355358e-03
2.890621521803398136e-04
4.014248609833229371e-04
4.990298547907121799e-04
1.355318375495836135e-03
9.632018905270605226e-04
4.274985179538398714e-04
7.210227294449141761e-04
3.633485164815088110e-04
1.269284383984290191e-03
2.936990481263818619e-04
6.047356737973472521e-04
5.346075920798194032e-04
3.864175137805897519e-04
3.252896423477107026e-04
3.076723189802033531e-04
1.000227679846572718e-03
4.725648092963478973e-04
1.834225118429993334e-04
3.389954424874610356e-04
4.884962024122174598e-04
1.801106260280709113e-03
6.101639555624514778e-04
9.833494027994024549e-04
2.274705829069157044e-04
7.894718700629398036e-04
2.259218500080531955e-04
1.093442148293019599e-03
1.184005896348742535e-03
3.490780885865003933e-04
8.950183472859498095e-04
1.180731809913349029e-03
2.718133819817312741e-04
6.445955656670720145e-03
4.772042511885543929e-04
9.187222987891372752e-04
5.710276519792561664e-04
3.756228736443480436e-04
2.513779264790402443e-04
9.066478437173665968e-04
1.789404942653603911e-03
2.616556787204923126e-04
2.824136282364075250e-04
3.026207271600577257e-04
8.551057966702552571e-04
6.419352407148842766e-04
5.021898379069851147e-04
6.075831952401297004e-04
3.595783288071288685e-04
4.421200282348638848e-04
3.041118701466558765e-04
3.725484801957896510e-04
6.982531795902590299e-04
3.902529908433015077e-04
5.985952577545143984e-04
4.119957536411537305e-04
2.061784533301281273e-03
1.167572673690831387e-03
5.646916844320302347e-04
3.803208226073580625e-04
6.772368038483862979e-04
4.201913442498173890e-04
6.699524113013720014e-04
4.274376978376824088e-04
6.132730888043388907e-04
4.926194048727531834e-04
1.866720840381198756e-03
5.011587251118969875e-04
3.335432748642605852e-04
1.094964699585847289e-03
8.299860383338536745e-04
8.980222627644085954e-04
3.794364650619803849e-03
9.394728192330432806e-04
4.046060668273197825e-04
1.682372230300714438e-04
2.693514798480355229e-04
9.754508607067358030e-04
1.138684294206947700e-03
2.971764137980680703e-03
1.686934498833733611e-03
7.784401069189032362e-04
3.053065278866468318e-03
8.821283421736146732e-04
3.843599996234324480e-04
4.920189788077689854e-04
3.925933860268840153e-04
1.131402481764585792e-03
3.031425822481178351e-04
9.841496882955771356e-04
7.042073019213661517e-04
9.238905936101954146e-04
3.195735407825127622e-04
6.471615288881051248e-04
2.837435493095859197e-04
3.869068372036691956e-04
8.454380608131844633e-04
1.522298756209823764e-03
5.077055831021940304e-04
6.292686972781325570e-03
6.258247257377948149e-04
3.467801720200400684e-04
3.579323446246609358e-04
6.432499705022327570e-04
2.329145571564182182e-03
6.077314275697315998e-04
1.359621523068650986e-03
3.759269715040674652e-04
5.425753915365544820e-04
1.082198736497806029e-03
3.563012832265323448e-04
2.814198986696723527e-04
4.405499988192580828e-04
1.940544175557375813e-04
3.267679064638814379e-04
5.238382376253575366e-04
2.785266277088558912e-04
9.187222987891372752e-04
4.775133322973769455e-04
3.165743786350640795e-04
2.186911663717517294e-03
1.053976626987617729e-03
1.290312394206738706e-03
3.901089978078236837e-04
3.697059363456836178e-04
3.033114558882601172e-03
5.986029871533668067e-04
3.830282151423704371e-04
2.933015770474896419e-04
2.360014114599517931e-03
1.427557437365846319e-03
8.558249467588340204e-04
7.269620476370110317e-04
1.050462737774132856e-03
3.455583227464643610e-04
4.355101568202159480e-04
7.238212394301604116e-04
2.088310440489469025e-03
1.231734466798911761e-03
6.937881477086751307e-04
7.066909951094751258e-04
9.771437285378751884e-04
3.294004035439951870e-04
1.045725054912065083e-03
3.712882021915030152e-04
8.843145353617402676e-04
2.374575356381577432e-04
7.509316422934468735e-04
1.010958781535646264e-03
4.012112275408368173e-04
8.969873314091133913e-04
4.241340937770649998e-04
3.248197507923850308e-04
6.010280367776695389e-04
7.783227735273022356e-04
1.671136497457354701e-04
5.055749450407774669e-04
4.322639463716202888e-04
2.447830471560341679e-04
6.866536224593177730e-04
1.287792538545835808e-03
1.129139607158675474e-03
9.292310337559981943e-04
1.682629806007956714e-03
9.174797999226279354e-04
6.423389229823007248e-04
2.129610151390447313e-04
1.193232671853608137e-03
6.707795991239302999e-04
5.986027601692120274e-04
5.349084642244025800e-04
9.674337631339881500e-04
1.009937622362793060e-03
1.238265944546682734e-03
3.990948555658836131e-04
8.420560789217214695e-04
6.185455541491716126e-04
3.450403761539451398e-04
1.397975847781071342e-03
2.552293212059069164e-04
2.671933401527469402e-04
1.857955241746520915e-03
3.767708876204760478e-04
6.221289630894297163e-04
5.469470504714146926e-04
4.207736809883340194e-04
3.869068372036691956e-04
4.556494771565810392e-04
4.823056857934449656e-04
1.375273561942262461e-03
3.792047346725621083e-04
2.539251292293671219e-04
7.410990416623582967e-04
2.398972496890162346e-03
2.635078726557156027e-04
3.429608160034866874e-04
7.017333493520930016e-04
4.803688165272184578e-04
2.919297115401480532e-04
2.889435389721823158e-04
3.208129948199474118e-04
8.659471543507281030e-04
3.380231534030919997e-04
2.645342371632092900e-04
4.525417558427955681e-04
9.684222739166975166e-04
5.046183009825709782e-04
8.655312437953503399e-04
8.504400370922185612e-04
1.610423404564267219e-03
1.236551811915468898e-03
3.545051499306048457e-04
2.036298157850283379e-03
4.076864961817372847e-04
3.286746280291438175e-04
6.185455541491716126e-04
5.173338714837631127e-04
5.813146331345477036e-04
7.188580399341187909e-04
7.011496775736212120e-04
4.721517796456333989e-04
3.120083686200803810e-04
2.865408040384488306e-02
5.613349481380992042e-04
4.800779336623495056e-04
1.280220710933500537e-03
5.184058451448914561e-04
7.593509410540677865e-04
2.803492214284083192e-04
2.413581660111534482e-04
9.972583865850042414e-04
4.153413037023837777e-04
1.045231923885246933e-03
2.223381532341299591e-04
8.592144788554214241e-04
2.699787063986179136e-03
4.857907648415198663e-04
5.894505956954622936e-04
8.103527485488543807e-04
1.624078893543276687e-04
3.675266933745938700e-04
6.630561944316804750e-04
1.291921166910858744e-03
4.406042955591520614e-04
3.556736766664309306e-04
7.248525942478756300e-04
6.949628401730295960e-04
8.142248017278860134e-04
1.687367943141849288e-03
1.635227691944460661e-03
2.920555191972148707e-03
2.629822649005168701e-04
1.408061092349107910e-03
1.792454208045739347e-04
1.845147889607166684e-03
6.743819178042020435e-04
5.443456778857415791e-04
1.420624781597792019e-03
1.108868562318386349e-03
1.071090710176646459e-03
3.386138315434509367e-04
3.554778010056541511e-04
8.987399144392060673e-04
4.133266193307117732e-03
2.437638091637849870e-03
6.182555841731541407e-04
5.804326467010174732e-04
3.924695436342351212e-04
7.605566104751613869e-03
4.395407049842658801e-04
3.197637348395934525e-04
4.091409282004935741e-04
7.602899604698562476e-04
2.698838565133579535e-03
3.486954347198197067e-04
4.313830409754180724e-04
9.006541129497221392e-04
7.778327089520274034e-04
3.172597560868196378e-04
4.406603620374800723e-04
7.271373096460065225e-04
3.818402972515772919e-04
4.039881644645557253e-04
1.764530236133457454e-03
