1.225504591221612772e-03
1.530249308700907954e-03
5.105327797755957213e-04
8.833098648875516417e-04
1.051120254934172086e-03
5.255822361929144261e-04
1.527344570746178107e-03
3.224415174815885299e-04
1.204072923255131459e-03
2.927877273002164448e-04
8.688884972393248621e-04
2.727175520234714334e-04
2.169847045714876142e-04
2.094154408467219231e-03
3.937190601660235873e-04
5.642587604170887705e-04
6.811554089263096093e-04
1.012332120660997588e-03
4.661831738879802464e-04
5.052047250851103176e-04
4.181093751768518406e-03
5.823321106622295421e-03
7.100741226301008355e-04
3.854382859251607638e-04
2.252668560121717713e-04
3.603822121817005066e-04
3.368370816397938707e-03
4.250639129445798981e-04
2.926587217093393743e-04
2.204338940143880411e-03
1.618249497898399366e-03
4.473568344919045506e-04
6.896814246099798118e-04
2.940728897448575832e-04
9.355802504401204483e-04
1.484153026786037138e-03
5.615050774177873620e-04
4.695298527410033491e-04
3.649881772139573852e-04
2.343353634402634000e-03
8.023001476029783825e-04
8.004456490781658873e-04
9.177731426928065553e-04
7.112447210394199932e-04
1.623203866287807476e-03
9.494096262696398968e-04
4.167872366350264778e-03
1.793950552732179789e-03
7.359394580740006219e-04
8.552588948110668391e-04
1.128227846769568835e-03
5.921233675265080969e-04
8.887945113830018505e-04
1.330192969820846033e-03
4.359247171434181209e-03
1.271031873320050982e-03
2.863621697547975875e-04
7.372189503648696879e-04
3.648952694968625519e-04
4.181255880152141965e-04
1.538049833595343243e-03
2.341276961417962431e-04
1.979138210386795357e-04
5.133054881332754782e-04
4.330385698881319208e-04
1.186327939820118037e-03
4.056712796496639664e-04
3.958011368251935776e-04
5.666664854688603821e-04
3.127257392273645681e-04
9.550044243313202640e-04
1.494468400093101109e-03
1.537726315477760779e-03
1.227091059074432878e-03
8.922611003044410641e-04
4.419755702055808274e-04
3.385887952066944022e-04
9.712019596632900107e-04
5.297706339401419629e-04
6.250236330263276956e-04
1.901330530723884448e-03
3.024155493685086894e-04
1.347968508379154481e-03
4.695643840218731175e-04
5.127780408927509661e-04
5.656068446098309324e-04
3.947457192007800420e-04
5.025183734649056773e-04
8.071303873095777258e-04
4.250639129445798981e-04
4.473568344919045506e-04
2.954389409933681591e-04
6.690381710789716817e-04
1.052625304161252349e-03
3.309509980364529007e-04
1.216052875956921599e-03
6.944574026099062380e-04
4.698719776312756447e-04
4.559948887340896156e-04
3.555129133551193730e-03
1.245578396300160609e-04
3.004959618885869174e-04
7.506834069027289950e-04
4.382341272501919568e-04
3.973194491390339431e-04
3.030126262293452539e-04
5.463452529327411048e-04
2.953796279683571836e-04
8.344781463105303571e-04
6.028161983264103581e-04
1.919605228247838174e-03
4.678480946576448244e-04
6.557655774720214754e-04
2.631788575124598909e-03
3.887323017572655824e-04
2.102940952849363405e-03
4.650248004638913766e-04
5.708731241433356472e-04
4.097689635422473707e-04
3.690829907512180059e-04
1.210169144691650026e-03
9.806136994157451259e-04
4.330865793363800910e-04
6.911873896486650124e-04
6.709101354782790252e-04
9.532412050540264555e-04
4.783664759301390831e-04
1.337745154528683028e-03
4.661772382447264837e-04
2.134137289476526009e-03
1.813938764161905051e-04
9.248864638145974952e-04
5.469364885551422986e-03
5.058016738545997827e-04
3.285266806910342374e-04
7.973892012331115732e-04
4.511816138024438648e-04
2.820607459441258624e-03
3.019146679734274080e-04
3.716552466042307204e-04
5.656732943218790869e-04
5.076468092843142025e-04
3.708490851948823604e-03
2.878521587778026000e-04
9.215233039926704929e-04
2.487858294765944635e-04
5.691957898889718828e-03
1.341616069833972275e-03
8.142021174934969008e-04
4.153514980179523995e-03
6.038506105919707158e-04
2.788307848212000055e-03
5.717698417149423736e-03
7.918558590113982006e-04
2.795453876996375087e-03
2.458604225479884848e-03
3.004910260212146494e-04
6.523023265627645719e-04
2.173258838876814762e-03
1.161771512658810830e-03
4.215652140337126756e-04
6.569487041491220121e-04
7.818799311936317246e-04
8.385350341352670487e-04
4.658400623480223328e-04
4.688382745340597237e-04
1.993856327272630017e-03
8.761592303834256053e-04
7.825262891617296851e-04
6.494559625192083876e-04
4.965327553039086596e-04
1.603752835557990808e-03
1.113796801756131334e-03
2.996048895788149674e-03
5.480367400239865433e-04
4.598746186061485465e-04
6.181949429548137028e-04
2.162851247052349421e-04
2.443951405022994940e-03
7.598208329313959741e-04
4.079144652852604051e-04
3.493983688685840653e-04
5.701270992836110886e-04
3.275200808861236808e-04
6.532177382863169459e-04
4.698719776312756447e-04
7.980921940283877865e-04
4.719954695439830235e-04
6.181170808564678473e-04
2.546913941062380732e-04
3.241590392682982841e-03
5.188776213512723539e-04
5.511031393607392559e-04
3.009712515932856766e-04
3.524736160030349425e-04
1.551315538474524677e-03
5.898473236545529255e-04
6.238527676707076447e-04
4.907961662463961473e-04
8.157500484445881451e-04
1.029555717526781187e-03
5.934981065927204648e-04
3.755835428104555723e-04
6.389606109375541758e-04
7.251568903268427622e-04
3.957318308024286124e-04
7.689632569595433818e-04
5.426120660660157646e-04
2.904692876334480519e-04
3.477197624399212253e-04
8.891668712881734904e-04
3.769724647895068446e-04
5.087979482949946813e-03
1.732317392666999755e-04
5.574132759322277886e-04
2.872453625391310317e-04
3.719083018590096891e-04
1.134003062244803243e-03
9.395090479021600419e-04
3.508856668475053282e-04
8.658965871892067680e-04
5.179359432849206264e-04
3.925813856702645784e-04
1.061587888252389514e-03
2.069539932910207595e-04
3.328151923373267609e-04
2.899022164431294549e-04
5.283384408398691078e-04
1.036801138732723615e-03
1.067233966487135012e-03
6.286611109081544904e-04
3.580648374599692705e-04
1.165498578536082160e-03
7.497478275627967627e-04
6.690381710789716817e-04
2.328621876188063846e-03
5.688775224885758101e-04
1.851477803261803454e-03
3.148808812273212136e-03
7.406608821281306055e-04
2.000890635048458062e-04
5.402538660330208830e-04
3.441755001813091895e-04
2.310021113402759561e-04
5.983482911031660521e-04
6.905273331186572491e-04
7.365028362166659969e-04
2.049123917053663826e-03
7.854912183402032629e-04
6.269873810446946775e-04
9.541427640042850211e-04
2.457395368947914126e-03
3.842690923571141608e-04
4.139989186529346500e-04
9.575355557907149102e-04
3.032528588836670984e-04
7.303896508158462184e-04
5.807257324818255540e-04
3.350151878378235595e-04
3.658050022966946526e-04
3.959231856920910004e-04
4.001234063611505709e-04
2.521097128321509589e-03
4.604062692675879457e-04
8.512361844030474174e-04
9.021340219725738994e-04
1.245439383005440392e-03
1.079607558967176370e-03
4.460939999196671395e-04
6.560996989625440335e-04
1.721507416158799203e-03
6.053419992671190460e-04
3.027127794439539443e-04
3.908841535621499549e-04
1.020852373550547960e-03
3.825048166523899000e-04
2.284653481916385474e-03
3.179284475350526730e-04
6.931487706839100120e-04
5.958163678369057803e-04
9.615089247241055811e-04
4.181397715801603212e-04
7.215896922951410466e-04
4.726318616091082199e-04
7.701648902620584570e-04
7.563607330515997569e-04
6.860293421262670960e-04
3.656218229857948030e-04
6.160277338870458631e-04
1.358086277125613792e-03
6.748548189373781026e-04
3.230813774507395198e-04
3.923846431966965601e-03
9.299539746624944491e-04
7.229250892303635710e-04
7.791290993235884359e-03
8.427573123802309168e-04
4.904126451036886413e-04
3.189432407362509467e-04
4.006617344945854510e-04
3.273318712459641951e-04
1.032735587321452660e-03
3.332114983188918795e-04
6.062101810809451125e-03
9.792664783567649103e-04
1.034395457824745582e-03
1.166237171740562616e-03
1.122737247409222837e-03
1.612798162620693527e-03
3.434945605738667462e-04
2.064321293337795932e-03
3.524860251240487827e-04
4.903753787850916512e-04
8.693178764004557725e-04
3.571474377807197574e-04
1.489720175777673817e-03
4.399124812079997023e-04
6.458280634648631228e-04
4.219495511480922476e-04
5.154391859974232154e-04
5.774733547787212718e-04
4.815665828119812964e-04
8.005902880375449912e-04
5.312875227287418810e-04
2.735812247463217137e-04
5.099275379139075071e-04
1.587270702969135593e-03
4.191997719286251153e-04
1.958731626761459912e-04
7.342901477408379741e-04
1.675343675781677723e-03
4.508933251852301509e-04
7.881552446157103018e-04
6.097649804656646560e-04
5.088125727701001003e-04
2.313351120897593155e-04
6.335539252209136879e-04
1.542853885593662051e-03
1.038767802130872043e-03
6.867838042662506581e-03
7.750286415827785293e-04
3.073403474386344710e-04
3.375310104833649429e-03
7.270755901616201894e-04
5.687865228231362910e-04
1.106923155046418954e-03
4.206358270904616984e-04
3.260372464790356364e-04
3.199534940996068147e-04
6.684039068402701164e-04
3.491990866256912819e-04
7.563208816625208728e-04
4.867163118785724943e-04
4.473568344919045506e-04
1.092447944352844917e-03
5.293462921181013928e-04
1.784272174119447968e-03
4.393225913778281834e-04
7.859018318133625296e-04
7.516612553485246991e-04
5.103991051320106581e-04
5.762897644473898408e-04
4.655317166748515023e-04
1.213268032548600519e-03
1.018340052495381480e-03
7.513952532746130588e-04
2.840197324352902210e-03
3.702077705258612159e-04
3.475325934696092255e-03
2.870548473497301699e-04
4.234006288936486293e-04
2.217017653062872823e-03
3.212858238216682026e-04
6.270852853076014279e-04
5.814180541036006100e-04
5.926237079213807169e-04
3.676225380981798497e-04
1.332886944014929301e-03
2.326359627265619720e-03
1.146736735902149961e-03
8.588079284804915527e-04
1.015296939586146033e-03
3.889146930318031930e-04
2.574448957579036803e-04
2.921268242950665313e-04
8.887548030014092446e-04
1.077712659997660024e-03
3.786165109028331909e-04
7.091344006371391772e-04
6.034238930623671802e-04
5.849306813893312418e-04
5.844053417386877759e-04
1.656368604584507751e-03
6.927071879331953529e-04
6.133062864057473029e-04
7.003619626666157325e-04
4.189451930189794292e-04
7.249859393444520878e-04
3.287798861419318234e-04
5.697327878190518429e-04
7.983139251302554277e-04
1.448937202674410903e-02
1.803708092852111637e-03
1.239120426055289161e-03
1.571397043792705341e-03
9.607535311286925219e-04
8.619257628706408292e-04
5.154324351656383542e-04
7.250018008639306935e-04
9.080012539246490712e-04
1.128056410526127092e-03
1.211235576093389098e-03
4.082842721931801821e-04
2.581867126565640623e-04
4.027497130920189078e-04
4.043551665890277968e-04
6.095697675990818624e-04
3.820192155764031480e-03
3.253459903740137517e-04
5.360590091246826431e-04
7.069964259594851237e-04
4.791194532262162869e-04
7.098819057352785417e-04
2.714429409059053748e-04
6.213190055707121370e-04
4.177710200950743628e-04
5.364704199383392479e-04
7.173546606274444756e-04
1.440294277208834395e-03
6.639390137500142570e-04
8.519200935458374601e-04
4.018140986937204177e-04
5.819043901589967486e-04
1.653607396555973035e-03
3.652687713339553932e-04
5.807896413030285429e-04
2.347261966338083997e-03
4.827656799036521133e-04
2.326359627265619720e-03
1.748905971519865241e-03
7.840183038659157607e-04
5.172395975755896642e-04
5.285551242597203488e-04
4.189451930189794292e-04
6.914655780026723571e-04
1.196093806313175802e-03
5.525927442764300623e-04
1.047677328726138437e-03
1.192194527017962627e-03
5.057818360074382586e-04
3.734938169328017575e-04
8.473910512805094258e-04
1.028572650241594676e-03
5.780227363555629806e-04
5.279870436066361715e-03
1.071204219866008075e-03
2.527822915681424663e-04
2.193724939296213053e-03
3.629107875167696031e-04
7.940520900666705453e-04
5.280424638569810886e-04
9.052402312635938596e-04
3.760589746301071126e-04
5.961666386465341730e-04
5.035388680603888585e-04
4.090939260831848233e-04
6.264064572442183242e-04
3.521902806283359454e-04
1.490944575600259203e-03
1.665601359918283605e-02
6.966539521662591270e-04
6.606876617266170494e-04
3.091979752173320065e-04
6.937198813195893324e-04
6.369827529411826224e-04
1.102588988262920549e-03
3.043043773601408894e-04
4.073517702642616856e-04
3.888462833098386799e-04
7.509352476230641898e-04
8.497441676413527729e-04
1.784272174119447968e-03
9.544298569149844112e-04
6.836494843564602537e-04
7.980921940283877865e-04
1.515411361263442050e-03
2.099195189752618338e-04
2.947762325040068901e-04
2.789104575387511657e-03
2.115385481679828410e-03
6.305291291211767568e-04
3.446487295266123757e-04
9.288629083816923740e-04
1.455879030367102697e-04
9.253650477761824660e-04
2.813227923047350101e-03
3.004959618885869174e-04
8.275630081820277732e-04
2.151639145304560976e-04
3.652327166319160835e-04
1.852521002486026344e-03
2.069539932910207595e-04
3.879639445526832054e-04
4.846701798065440906e-04
1.160994898154802312e-03
8.158389802130379528e-04
1.013248772023786059e-03
8.249410889502856560e-04
2.693907624052494410e-04
6.271790288364346034e-04
5.784244480398171781e-04
1.922517230221787487e-03
2.830179686835196731e-04
3.675380004240372061e-04
5.128589030008385338e-04
4.319007989314431191e-04
5.736731407829928154e-04
2.486292213648987580e-03
5.473286776236031999e-04
5.436427574049799852e-04
5.635817933162866420e-04
5.572958151823546391e-04
1.062201221729060273e-03
1.253825542848476318e-03
3.127546236503004500e-04
7.038166223046203899e-04
7.340674387403945235e-04
5.237326262509528485e-04
1.556962541531638818e-03
1.256618099614337323e-03
1.666537626941164184e-04
1.828288914274909648e-03
9.495121630136089171e-04
1.000803032558000329e-03
4.871989576627333953e-04
5.673259416373329202e-04
6.218680166972159057e-04
5.568474477239933676e-04
7.385408822694162568e-04
2.644242067285341676e-04
8.647967931184377113e-04
3.808417672253711062e-04
7.807496186896272687e-04
7.761138481675902397e-04
3.939642031828811215e-04
6.046871299794769625e-04
1.417004495152801059e-03
2.598882614768802113e-03
5.260887478730959937e-04
2.621767125968565548e-04
4.629744811952586094e-04
7.032214871016413248e-04
8.316919574551147202e-04
3.623671532002523381e-04
6.338992601383596891e-04
9.763494277734233997e-04
3.636130400695463576e-04
5.019102531258174500e-04
7.513421415940780461e-04
6.619760417562710678e-04
8.287872617680414793e-04
6.259209682173830832e-04
1.245303641050015059e-03
5.341600745003844807e-04
3.280783416485007079e-04
1.962352769424426189e-04
7.091108785545258879e-04
3.529363488274129016e-04
2.432559337279781297e-04
2.795453876996375087e-03
8.512328134099286575e-04
2.692103723743566757e-03
1.811856998319416319e-04
3.902951810868491049e-04
1.024954243716106770e-03
4.844226011641093016e-04
7.881780730201217973e-04
3.614985459182059593e-04
4.363935920475728401e-04
6.315973440974896689e-04
1.727693739004402141e-03
7.129405918347586244e-04
1.784272174119447968e-03
2.132103480555043397e-04
3.901733758847889043e-04
5.471645167633133961e-04
1.551622019484718857e-03
4.405267665817531029e-04
1.441898574834798085e-03
1.596282802356755771e-03
4.729379335914012236e-04
6.671054227191816838e-04
6.875114949614582376e-04
1.487238649734046398e-03
5.506725451551610197e-04
3.244707439801807814e-04
4.201946305913577045e-04
8.176706896457789026e-04
5.824665373868472776e-04
2.653447310025739965e-04
4.959866519619081978e-04
7.215896922951410466e-04
3.700592021981647891e-04
1.106993239371635704e-03
6.683998500424688906e-04
4.090054908839041545e-04
1.818996248041882197e-04
3.646533493680346040e-04
1.467359865827719744e-03
1.122978425739341521e-03
6.716522108247107836e-04
6.748183779837152799e-04
4.014932261849121623e-04
3.764683452139085400e-04
9.405654415168866137e-04
6.698287962661853912e-04
1.309088492545785326e-03
1.050211998064438500e-03
4.659865577979129415e-04
3.941663912984715913e-04
1.557094033279792520e-03
8.402324724465202749e-04
1.162757436057175334e-03
9.357392804059972433e-04
2.782703292721554981e-04
2.761016171400122753e-04
7.758007027344902742e-04
6.117719399656762523e-04
7.348657597954523762e-04
6.751865910979661838e-04
4.049332796327110911e-04
3.996613798755564609e-04
7.926665267873957447e-04
1.255425643765635318e-03
3.413697994719336326e-02
1.089007754038322793e-03
1.561138371595631761e-03
4.056337739125375407e-04
4.250639129445798981e-04
1.021362974325156414e-03
4.660601829455803631e-04
1.627492890149122642e-02
1.206595903595650320e-03
8.793536062777119891e-04
7.888158443734727280e-04
3.091127992774085316e-04
6.954883856977888855e-04
5.264113590949982694e-04
5.961188353951084231e-04
8.266815471651577010e-04
2.442004530591060461e-03
2.906033038721511381e-04
5.327339345877556793e-04
2.424659454688764249e-04
6.308412990887604177e-04
4.071255459832466670e-04
1.794278466567425056e-04
2.541739329290970467e-04
1.107548389057498323e-03
8.618626308252138116e-04
1.661456300004139543e-03
1.188348135842156846e-03
9.349000742654032994e-04
5.510636991802437233e-04
7.772766694364632162e-04
3.573673852638849040e-04
7.623672639632940538e-04
5.286237035125083234e-04
1.007756288994836151e-03
1.125675680246617525e-03
4.941751871830133563e-03
4.066381147740509593e-04
4.001234063611505709e-04
4.992576735197508430e-04
3.597390499538720182e-04
3.095164715696053278e-04
1.246478675891257758e-03
3.786165109028331909e-04
2.010185415733311328e-03
2.297434709570412680e-04
2.974885282515580512e-04
3.990126369476204820e-04
1.150024092888329115e-03
3.702077705258612159e-04
1.105641283316214545e-03
4.043551665890277968e-04
4.431724133027637250e-03
3.795253029989182963e-04
1.072667853471802150e-03
6.395799647856225019e-03
4.688491474692267407e-04
1.135360146578502346e-03
1.175792659149872644e-03
1.187894161890168040e-03
9.544298569149844112e-04
1.863876219104727188e-03
1.946242040901266469e-03
2.408190261091899126e-03
4.053523230116744735e-04
9.757496464405002352e-04
3.716613389088001306e-04
2.613075870238405177e-04
4.909266700363297542e-03
2.892817922837144593e-03
3.122850922012346394e-04
4.687816490600926018e-04
3.295451554893605263e-04
6.437663112984697922e-04
3.121404932800987643e-04
8.310185495001867718e-04
6.920572921580580997e-04
4.946364057602777118e-04
1.386374231992372691e-03
4.903879869600844118e-04
1.021916999163168969e-03
7.623788600372565514e-04
2.168012702837795156e-04
1.291249920690321681e-03
5.415148365232098525e-04
5.889176434610879059e-04
4.941751871830133563e-03
3.114321537773711494e-04
7.959686608906925203e-04
1.948536416389797703e-03
9.330217085257617397e-04
7.518404813678456877e-04
9.903347939402597222e-04
1.765758286185359566e-03
3.312456004975523763e-04
2.935844345556584386e-04
4.673937868000148724e-04
5.138737230449782513e-04
9.251019213183827011e-04
3.789724083533818600e-04
4.466337552172356903e-04
4.645362064154860346e-04
8.208219560709620983e-04
8.376204649523345206e-04
4.159587689774944374e-04
8.861436916505124059e-04
2.542548222234735874e-04
7.629010841549536959e-04
4.634262792916980225e-04
5.606803735197812182e-04
5.572321444593934022e-04
7.479915164642740588e-04
3.124659470604115906e-04
5.469362737000900811e-04
4.861439050109261960e-04
2.699401763855430875e-04
2.942056697978177610e-04
4.731912798140503243e-04
3.219672833055918330e-03
7.251568903268427622e-04
2.534000166377638891e-03
4.705441694018590087e-04
3.622181920911455417e-04
9.806007789928661809e-04
3.382269831271385741e-04
6.220521555509788900e-04
2.097541219321198756e-04
3.321342913539938164e-04
6.155022921581231911e-04
1.074765568650410926e-03
7.200272129150791589e-04
1.995799308626737805e-03
5.354426435386474073e-04
4.440188361391489836e-04
4.359272859129088157e-03
3.603356611730358476e-04
2.746794433619008532e-04
6.500912100861187424e-04
9.882006551633517981e-04
6.072846902423193914e-04
5.087652007726141358e-04
1.768934281348471702e-04
3.482667463340739854e-04
3.263985484915600359e-03
6.417425476092622396e-04
1.748905971519865241e-03
2.414869514557078250e-04
7.699623177233260677e-04
9.288629083816923740e-04
1.784272174119447968e-03
9.332149480069346992e-04
5.736731407829928154e-04
4.936176586194618255e-04
8.922611003044410641e-04
5.378820705892727603e-04
3.252796112299117777e-04
1.346781581893220477e-03
6.670715292680555811e-04
6.813147552723595492e-04
4.564142194668722855e-04
7.304180244316740627e-04
5.511031393607392559e-04
5.243046424408408278e-04
3.729516990023204037e-03
1.373793859759661574e-03
7.497925498622349475e-04
2.308797988229346898e-03
5.943356783854042555e-04
6.687500917535552395e-04
3.994337051975051906e-04
9.299539746624944491e-04
2.349623942111900223e-04
7.393833132866570656e-04
1.321450048833157625e-03
6.068408696413086015e-04
4.788657978202869167e-04
3.186819186046626912e-03
4.974837717030497226e-04
1.230053310351874674e-03
6.034569148416480105e-04
1.571356897463753151e-03
5.172395975755896642e-04
8.059440639875309386e-04
1.061587888252389514e-03
1.522822484882703931e-03
8.129876535991256009e-04
1.504047955317658640e-03
3.009712515932856766e-04
5.625286882951353699e-04
4.954732358506171034e-04
5.585529390091807699e-04
9.867061347438902622e-04
5.241134608775204883e-04
2.263495575994247441e-03
1.428738751308320171e-03
8.366500156222337389e-04
4.347072175234110102e-04
7.592926542310802877e-04
8.147831479959799679e-04
5.736731407829928154e-04
4.622238762671364840e-04
1.714487234568652315e-04
3.050515361774069748e-04
9.614040575908631894e-04
5.551216942991164631e-04
6.132020467029179831e-04
1.052192304944162557e-03
8.100111833000163538e-04
1.825079722642082743e-03
1.403059158691540064e-03
2.173382482915942222e-03
1.035787918355248220e-03
6.268079310967456614e-04
9.040462388226886596e-04
3.854272300789446468e-04
2.951601341694182375e-03
4.457558244095119471e-04
2.941396414478685732e-04
3.426158373291077414e-04
6.654826625523968531e-04
1.296064373659111015e-03
1.062486962752823933e-03
4.611560982023751604e-04
1.062201221729060273e-03
4.211280971869694068e-04
3.039649499201400981e-04
9.470097005977461168e-04
4.265646753459808433e-04
4.612768583988117142e-04
1.957620885539497393e-03
3.375352566830988480e-04
5.503749333300653190e-04
2.693907624052494410e-04
8.855490722384059188e-04
4.188919517137160934e-04
5.743029455156509894e-03
6.053613216944021347e-04
1.844447114385458063e-03
8.243210169726379599e-04
4.118551188496439729e-04
5.074351955901147248e-04
1.304136673261125463e-03
1.933980434790931848e-03
6.151675041815200069e-04
2.951099491359506573e-04
9.532957787670143625e-04
5.087652007726141358e-04
6.806464925882718502e-04
2.739193145341805658e-04
6.270852853076014279e-04
6.231436130052166221e-04
3.298770827329245824e-04
5.415148365232098525e-04
7.656990180232039166e-04
4.101085853005346127e-04
6.549161526229635997e-04
7.387391877901363898e-04
7.700914679818080194e-04
7.302149142338534155e-04
1.130548491937738041e-03
6.570666270228138657e-04
7.788357827869821183e-04
1.343712832005984235e-03
5.522126421444197280e-04
9.757276973806631093e-04
4.660314862896991527e-04
7.158432035849063898e-04
8.870890153487490494e-04
1.018126318390636612e-03
1.153261361831491028e-03
5.018043972999413271e-04
2.994134943456974621e-04
6.924077718566744137e-04
6.330114381936720498e-04
1.612522515470256454e-03
7.791363635042610229e-04
1.566772055621900011e-03
4.485538005069589240e-04
3.248004054502062125e-04
7.143340366898271289e-04
1.419503130425427530e-03
3.713871866075985008e-04
3.730678165948028181e-03
6.875932074953689920e-04
6.982813553432448781e-04
4.719917500187953354e-04
7.449822878219835437e-03
2.986279449795736351e-04
3.517228417601459120e-04
1.992604399417393941e-03
3.122902229843378154e-04
3.652737004288776016e-04
3.729837258572296448e-04
3.275275615827969041e-04
5.849747896762717879e-04
6.523573368177160809e-04
3.799692857845727309e-04
2.338118103105525560e-03
7.826724658166225694e-04
7.031131791666016956e-04
5.372723299430154972e-04
8.980678219457843359e-04
1.071162388631233817e-03
1.030874609284170625e-03
6.250236330263276956e-04
1.817210145786679262e-03
1.937073811933057122e-03
5.457374657303267233e-04
4.794193114860466169e-04
5.108638569769546412e-04
3.184304053732788073e-04
9.565291377514289865e-04
1.047677328726138437e-03
6.972665226229823139e-04
1.030348002223750638e-03
4.022883034747851182e-04
7.301418640733902191e-04
3.767429944945994156e-04
3.560059834945706182e-04
1.623203866287807476e-03
3.739185968003302853e-04
4.064386882818391976e-04
1.017812816402651529e-03
5.447091526638924786e-04
7.039826922479233955e-04
1.030874609284170625e-03
1.270890287461924704e-03
2.600242310355706417e-04
3.745748177254815342e-04
4.273457593636104395e-04
2.683926384059274616e-04
8.658372386813449227e-04
5.992895198060494691e-04
7.537761139358456226e-04
1.714289628134014554e-03
5.190182700835889538e-04
4.170872804465629584e-04
5.794429469126786926e-04
2.487428435227720695e-04
1.946242040901266469e-03
2.890552448063863147e-03
6.026070570338635385e-04
2.757052757618303125e-04
3.040320348628262545e-04
1.258603593571332776e-03
3.911822868856631302e-04
5.327339345877556793e-04
3.004959618885869174e-04
1.387628168017110983e-03
4.060586278635948767e-04
1.498503454653120695e-03
3.962570922176845089e-04
5.617394031966183553e-04
1.909513393139771441e-03
1.885801366613426349e-03
1.315681321773938626e-03
5.969802129740031183e-04
3.115013388589531456e-03
3.263968482904295557e-04
1.287321021496352783e-03
5.840392290180458027e-04
3.039649499201400981e-04
8.254200488720932162e-04
6.849020771738922051e-04
7.807443047895982818e-04
5.204176934042390986e-04
