7.541203287530960859e-04
3.134758226272914435e-04
9.071998246829157328e-04
2.030061906772751717e-04
4.483436529649568710e-04
6.548162976293644185e-04
1.590313714624429827e-03
2.607210706833719156e-04
5.092948918000135897e-04
4.003270475512938666e-04
3.515728281489334528e-03
3.095537767358065421e-04
8.150084485933122014e-03
4.785876024391163782e-04
4.246566108184817129e-04
1.588747334551743893e-03
1.297695691615159642e-03
4.056674702600954543e-03
2.389127200295412638e-03
3.504550362964811792e-04
7.618916375545885505e-04
5.353519250812625602e-04
6.476604075034848298e-04
1.112407875404792862e-03
1.153602389390595605e-03
3.014937548497255947e-04
7.616625362970893924e-04
3.794050976073920891e-04
9.172980545695134979e-04
1.203203498215509341e-03
2.808344623965746854e-04
5.129887741428810133e-04
2.563528805990702812e-04
3.896280920370939196e-04
4.054530811109669647e-04
3.679478206715229593e-04
5.628711840399489149e-04
7.388978801585956071e-04
1.729485557504613011e-03
3.177429855402135470e-04
1.110350666466176049e-03
1.041611858295109693e-03
7.342163383036218703e-04
7.342260219073081483e-04
4.263317550234009589e-04
1.145839618870761120e-03
2.221885029358019537e-04
2.030563791977550367e-03
6.141007493200219573e-04
3.868037648805867272e-04
8.139701724422464778e-04
5.725514644709201947e-04
6.199104784971801304e-04
3.765233004228027642e-04
3.945441859168909138e-04
4.284063408324860858e-04
2.961883112532217276e-03
1.544309037483583081e-03
6.780683044674690185e-04
1.526028315870518563e-03
5.669807928051403536e-04
4.212425075072623467e-04
3.391109789540832135e-04
1.457447349586572533e-04
7.200709864317156707e-04
1.360034273109952604e-03
1.036744548031637032e-03
4.056674702600954543e-03
6.699516739839264049e-04
4.917462209402636338e-04
3.959262145980731694e-03
4.900738279253393382e-04
2.837833417466592003e-04
4.070500586333352213e-04
1.701040870674189881e-03
4.994182089091874291e-04
3.969717769698517698e-04
9.100434387760001536e-04
3.044276910159252492e-03
7.378027233050460333e-04
3.698507150702745497e-04
3.160350192569015126e-04
6.691044502731570941e-03
1.357402564985911745e-03
8.457125469664379452e-04
5.284812485115302806e-04
9.762346606823306535e-04
5.400627169161454884e-04
3.551763955646449118e-04
6.947359963035691947e-04
1.747907483279230369e-03
7.108880253483329309e-04
7.298729029300973434e-04
2.762951137671113152e-04
1.246299572344101991e-03
3.492874031135575542e-04
5.001537933108546503e-04
6.987573130685327321e-04
3.454207978887533143e-04
1.225469927265364833e-03
5.928440234908165284e-04
1.270179822253956732e-03
1.602447878336874052e-03
1.419935148722325895e-03
4.764033541690244834e-04
5.194865623257692751e-04
3.655600073554276445e-04
1.449427435895792862e-03
1.673398441961128705e-03
5.354638688822749596e-04
9.686559136931533788e-04
2.552130520940692170e-03
3.399209942792059632e-04
4.109039972931125191e-04
4.414785588525355683e-04
2.913251182690261305e-04
3.016580523295017387e-04
3.166337654293556697e-04
2.423056403663754587e-03
6.554328313756868900e-04
2.787304310314270587e-04
4.349285483540697326e-04
2.562912648077116367e-03
3.500891890871277255e-04
4.095977326834705778e-04
3.936773155009525580e-04
4.544336296875935892e-04
2.358768023310698443e-04
4.234568140247499564e-04
4.660869168209499382e-04
4.727942444440767561e-04
3.545686935531247998e-04
6.500886574749370700e-04
1.344807071704867902e-03
4.054468066810966572e-04
8.773574568954336465e-04
1.308355580481086137e-03
3.612419230396851730e-03
1.288778721659033285e-03
4.241800300288762712e-04
2.467288862483443378e-03
4.379304390004362126e-04
5.295822863885841928e-04
2.417924224697534999e-03
4.303830313115599012e-04
3.448389914831754351e-04
5.744933665387658411e-04
4.443656217660596507e-04
7.239623963383659674e-04
7.020266390395795168e-04
3.508792726946655268e-04
3.913351122127804423e-04
9.970899929889489276e-04
1.439371546086105859e-03
1.041770126325308960e-03
2.636525303363570398e-04
5.099071303399121307e-04
5.357941777183510218e-04
2.363916927963001340e-03
1.153086881750786750e-03
1.618390434414628985e-03
1.049975820540747194e-03
7.432142652071952512e-04
4.132798285894450068e-04
4.475146362779468191e-04
2.795883588388356467e-04
1.248758600622940475e-03
4.148079423095662609e-04
3.057993043255964952e-03
7.829402399168012509e-04
1.235203770092737014e-03
5.665023323155618734e-04
6.091753918512736454e-04
2.990055888577442780e-04
3.213700921907321206e-03
7.380233300230425088e-04
3.676682836412617137e-04
8.576055455779336327e-04
1.240243805254650318e-03
9.541630580124189302e-04
4.446026224775929589e-04
9.239065353250453059e-04
6.419971448519194669e-04
4.782485418333636234e-04
4.480704015532139227e-04
3.335666761607521016e-04
2.555382344508571441e-04
3.342863912210225822e-04
1.045924961102958663e-03
1.951171764641727565e-03
7.387811600034913453e-04
1.209087556413591599e-03
6.974157146817025477e-04
3.058906606902815780e-04
6.724337499555976816e-04
7.306942681717949317e-04
6.073156255511446113e-04
3.912250422945997164e-04
1.711374384814183004e-03
2.088724570750300890e-03
2.845087928448525360e-04
4.019302789864876075e-04
6.230786641237006946e-04
8.521098670062104063e-04
2.089906158635519966e-03
1.673398441961128705e-03
3.443313537154374946e-04
4.058980534241992777e-04
8.170327794545411467e-04
3.253378628708033246e-04
6.724337499555976816e-04
5.984939125851924903e-04
4.928691846348048954e-04
5.338928249405172676e-04
9.983128929158299313e-04
7.758257091368359016e-04
9.871384422369048998e-04
2.598204147817860282e-04
3.285570296731288005e-04
2.220549485187429343e-03
1.228249477873537450e-03
4.487112193489520002e-04
2.309950947495281357e-04
2.640530657495585628e-04
7.400381425724576832e-04
6.598959189787853563e-03
7.162538927483635444e-04
1.010148040843042699e-03
5.256919680956646194e-04
2.451071549626395590e-04
7.082755015928390591e-04
3.244514922669041747e-04
4.215700120634473724e-04
1.302279511453122846e-03
2.119883674516950789e-04
5.260122519615213809e-04
3.477316745086474984e-04
2.329742039803235404e-04
9.490182834236499327e-04
1.396061687943650270e-03
7.328194813406432384e-04
1.003747156244012015e-03
1.251048322812114977e-03
1.989136527119436063e-03
5.160709741369580396e-04
2.167278173532876458e-04
7.836977711392391355e-04
6.890646636748212371e-04
5.156486447588585608e-04
2.067341342667103018e-04
5.758132854100719844e-04
8.252884442498068397e-04
6.618162315240226851e-04
4.015810031295731280e-04
7.241834258388912642e-04
6.884364867808670865e-04
8.364164218188612897e-04
2.288876077688511458e-03
7.651276917353690664e-04
5.500717124931367137e-04
2.086441716722568036e-04
2.350770562896019149e-03
9.118536725115735687e-04
3.452153160055449269e-04
3.443929028041590730e-04
6.277814774547504310e-04
3.782157729349501984e-04
7.005784596146334480e-04
4.073385564358644891e-04
7.341977337474248164e-04
5.020338000168568342e-04
4.257164037239963739e-04
7.968024789915369643e-04
1.977006873758268386e-04
1.263029539968333215e-03
3.298446690195087731e-04
6.733470472108367237e-04
3.869855365501875897e-04
2.926517212436795267e-04
1.579224536095127224e-03
1.280861119326334513e-03
1.805603616265598907e-03
4.620274226276066846e-04
1.019455556209530314e-03
3.134248036116294702e-04
1.027963650853953642e-03
4.684786586908959720e-04
1.008748977918294803e-03
5.631044881996935970e-04
2.920521260390544663e-04
2.455214107899050856e-04
7.395738723977994967e-04
4.543357964772387560e-04
5.743714414801223776e-04
5.171780443224513902e-04
1.004206763470663535e-03
6.448435416950375459e-04
3.744287884610557229e-04
8.726248873983929533e-04
5.775207105128578452e-04
2.686235734382531057e-04
2.115512779613082806e-03
2.679243208870777109e-04
7.432142652071952512e-04
4.131614665508877098e-04
1.076918131231136477e-03
2.647944270025498546e-04
5.193108503368182522e-04
4.440856336388915066e-04
7.216599858029580736e-04
4.371806446877370719e-04
5.429027855278952810e-04
1.072767551174718574e-03
6.039371610714281422e-04
2.440438933066742429e-03
3.000370975980084652e-04
6.277814774547504310e-04
7.522015181095501393e-04
8.699475809115830892e-04
7.946799565048994407e-04
5.245937434750041735e-04
1.561698968837508736e-03
2.684532036153015801e-04
4.253187418742829218e-04
3.900051109170079634e-04
4.116691187948907753e-03
6.782318112019377135e-04
3.905783212657601834e-04
1.081694628172708526e-03
7.286765360655245855e-04
9.707352920635169483e-04
7.584713310677275227e-04
8.983928022378843319e-04
5.385082546569169067e-04
3.706288733572970888e-04
4.872343373553490774e-04
2.310926637153388899e-04
1.233843467065535212e-03
5.291485900097125375e-04
6.937382338791685862e-04
2.480948162946784176e-04
4.606291650641366185e-04
5.815147922986355425e-04
4.669430513476789755e-04
1.665138766257344557e-04
6.889469248710328002e-04
2.999746237860977517e-04
2.739013039664932032e-04
2.530380258031745102e-04
7.775769774139456615e-04
4.502577573640944219e-04
1.901746965200432603e-04
6.574511892674348183e-04
3.487166535957826174e-03
7.457534204199987686e-04
3.491702486406552362e-03
5.733615931167321484e-04
7.564160155784108381e-04
1.200913680968160487e-02
2.723420845095672529e-03
3.191348989434124902e-04
3.086435724607031823e-04
1.147737389841009970e-03
3.540077876616454754e-04
5.119689774313364045e-04
3.334728071528671352e-04
1.825653936116895370e-03
1.212476341132006199e-03
1.856248098389637379e-03
5.635126125196822811e-04
1.669273477097543636e-04
9.170955501086137593e-03
7.462144614724477466e-04
1.941319148907771908e-03
1.608297217535410760e-03
2.911240120610804056e-04
1.066312380596827524e-03
1.219650054403707959e-03
3.892474021094799994e-04
1.471325979905347076e-03
6.978477083525439677e-04
1.041462957809599589e-03
6.296865139622859946e-04
8.444813872563297673e-04
2.762030823566049187e-04
4.313894680593703549e-04
3.634193331650111209e-04
1.996797975577816690e-04
2.548640831834467213e-04
1.658127424421634247e-03
5.765502361098056444e-04
5.982089933757923526e-04
5.770195443307060646e-04
3.944347619466817860e-04
6.240544746573404222e-04
1.898156924176911883e-04
3.048204844976415764e-04
3.684000205148567505e-04
2.064413752696116558e-03
3.313007395936492659e-04
5.472160032368515422e-04
2.156458882464756528e-04
2.887515601462454715e-03
3.307615703999110604e-04
4.831821606810233062e-04
4.822821649528183873e-04
8.128113397106928248e-03
1.625081182729893508e-03
4.535979745214526035e-04
2.432864667850688782e-04
3.742749280683915205e-04
4.818952509420706509e-04
1.741896051648127988e-03
2.910149845570334784e-04
3.680848695915099871e-04
5.782980045744604784e-04
7.478727293416421052e-04
4.801313078633385697e-04
1.789598525078850725e-03
4.662913731749626363e-04
9.369058301316900888e-04
3.854451236621129866e-04
2.418967925603783726e-04
3.961186317112862991e-04
4.341425613949144880e-04
4.218341867877589257e-04
8.654672849157468923e-04
4.230969246445569687e-04
6.343110948529582030e-04
1.869380426101800892e-03
3.272921042273440641e-04
2.040998052131885916e-04
9.801879342792262344e-04
1.935663704928156873e-03
2.559147899204884929e-03
5.357846020546769240e-04
8.399660186948763093e-04
4.026483142722961459e-04
4.722019834757425227e-04
3.866123050664100583e-04
1.612225612027127879e-03
1.741896051648127988e-03
7.535785852317682934e-04
3.094867887183400264e-04
4.483436529649568710e-04
7.687019437833130008e-04
6.661564651894217020e-04
5.833662976989163924e-04
3.552427480433773747e-04
2.287610520872583218e-04
4.646053662471159016e-04
6.343945635019269079e-04
1.068940184997351417e-03
3.651021194582578628e-04
5.887929090663992886e-04
3.731188235913476012e-04
9.154831362073722343e-04
5.000343224609438012e-04
7.208373227995806820e-04
2.503119491573373850e-04
1.462916993996860818e-03
3.015640402658950983e-04
2.549533958216572264e-04
4.436818308151689095e-04
6.721062742664588334e-04
5.142052661643664807e-04
6.215149468834837163e-04
1.026374679201054593e-03
5.615353613305931009e-04
6.831206385865418867e-04
9.824392096505836676e-04
2.305743335865477266e-04
6.736481174715270789e-04
3.137018589335093845e-03
5.632258066720236553e-04
5.822714846069917786e-04
2.048879530219720971e-03
4.019245873579867473e-04
1.111865946004276726e-03
4.546703745376789833e-04
8.537635081461349834e-04
7.116249033774150849e-04
8.196424174022010024e-04
5.930698137741479987e-04
3.965615766029226621e-04
4.420057730697654640e-04
4.367524540930594278e-04
6.996407169889890844e-04
4.130479615422221916e-04
5.741310367257197646e-04
1.168713562174811304e-03
3.713151053020944553e-04
3.123621533030962395e-04
1.666364995400189831e-03
4.073895460700654937e-04
4.896975339922916663e-04
5.315961384078121861e-04
5.934325252458142776e-03
8.313249156669807538e-04
5.966020034678886329e-04
7.961323751550901124e-04
1.138168332634467662e-03
1.989608521490979546e-04
2.316431878240114185e-03
6.582739246914827988e-04
3.230448830206053990e-04
1.420119072156768910e-03
3.228241072581259220e-04
2.702866258691435735e-04
1.228737428017421130e-03
4.277206945044845525e-04
1.244712254008724676e-03
4.164596837598369904e-04
3.534427373348816631e-04
8.375079212417430767e-04
4.054530811109669647e-04
9.554219233559586681e-04
6.615445926798340509e-04
5.891544087040517666e-04
4.395647877363150153e-04
6.442899941916240512e-03
6.476604075034848298e-04
3.063785205268980058e-03
7.748761083760818437e-04
1.712325056601046659e-04
9.099028351095373801e-04
8.305403441454756262e-04
4.941125117631678691e-04
3.554374359300683617e-04
1.026374679201054593e-03
5.149886219340355994e-04
6.673778582087272048e-04
4.796816580582608544e-04
6.344380826373334720e-04
7.596686413021408587e-04
5.774821726895275386e-04
7.815972748234202919e-04
2.783063037587486517e-04
3.674403792714572500e-04
2.356220603327284795e-04
1.052843152315858415e-03
7.932087952332934943e-04
4.348425332794802079e-04
2.608576979073993357e-03
8.141889381002464414e-04
3.663783213674083735e-04
6.288576129860129959e-04
5.497214353607307331e-04
1.488222304014375180e-04
7.487840225610812098e-04
5.117556147717493720e-04
2.611048493034191635e-04
3.381459469312920953e-04
4.510100940629404621e-03
5.439695212606451575e-04
1.425106987141091077e-03
6.753391517988143562e-04
3.331919577623644688e-04
5.289833164914486225e-04
4.016373262927345209e-04
4.216803700712755051e-03
3.668828355956249890e-04
4.533253999105259463e-04
3.463114744118747732e-04
2.102939358740740794e-04
6.106122665138707202e-04
4.764373449777468549e-04
1.829293947876423467e-03
2.848464431033313196e-04
3.214167898248284109e-04
3.386295539352524443e-04
4.159310523829455554e-04
4.398433276075051804e-04
1.668519340936101217e-03
9.099028351095373801e-04
1.339481009807337456e-03
2.440438933066742429e-03
2.629766433393660764e-03
3.504273059736758098e-04
5.736199134857441172e-04
1.483909686831144962e-04
9.411744809644436447e-04
9.143602778407760147e-04
9.297418440751625086e-04
5.102291694030546693e-03
4.215392871660876388e-04
7.978672552986955510e-04
1.642680316195975314e-03
2.280844338041747559e-03
9.887154467959242965e-04
1.852054625561000032e-03
3.160350192569015126e-04
3.658693015143406791e-04
7.104158400710078140e-04
8.109885386711589020e-04
6.580273342004538169e-04
9.707352920635169483e-04
8.931521543586231357e-04
6.931833916336189744e-04
3.869855365501875897e-04
4.635663393773944052e-04
1.145193986510949832e-03
4.408315400666077354e-04
3.324984434991839111e-04
2.873752510396150508e-03
3.298446690195087731e-04
4.531908395047292587e-04
7.758257091368359016e-04
1.084706253867911020e-03
8.601414777254922251e-04
1.843495480015396688e-03
8.118407124372447031e-04
1.934941407294380323e-04
9.356690356301493056e-04
1.257298081791013208e-03
7.093104759708804361e-04
1.164947525595520610e-03
4.205016466398980857e-04
3.266127006253953156e-04
7.194566751321978051e-04
1.714067353669285372e-03
4.387843415233617342e-04
2.202056149589079709e-04
3.204097941448063452e-02
6.839706297073344524e-04
5.292111759824717852e-04
5.963895540980334187e-04
2.316017189071467326e-03
6.733681387753934471e-04
2.665033526677519551e-04
2.307427721237270506e-04
3.514311134653604063e-02
2.306501022058950287e-04
4.309458438426671980e-04
1.123381886866938297e-03
3.616833204480002337e-04
1.101827567774198852e-03
2.503119491573373850e-04
2.153414720148292920e-04
6.950116903298559322e-04
2.186672795351442711e-04
1.102515082921562938e-03
3.220786258482970709e-04
4.636762759401657336e-04
1.087602728545912197e-03
2.958548570540297054e-04
5.186840765329385657e-04
2.614150431468693003e-04
3.878917826854797043e-04
1.241898573711653492e-02
9.105636637346284324e-04
3.297767531408542555e-04
1.897341754013779887e-04
7.323188375136157821e-04
5.438829875560291212e-04
9.777565636675765708e-04
5.224285705329361276e-04
5.372171807744016226e-04
1.114764877297888057e-03
7.546880956140323117e-04
1.666364995400189831e-03
5.400044905994881876e-04
8.500268618879599104e-04
3.936773155009525580e-04
5.264957169571078113e-04
3.946493181620192546e-04
3.077732809515617749e-04
3.698800109474602803e-04
7.384863881211424334e-04
5.255350957642297054e-04
4.727942444440767561e-04
1.586072113131507854e-03
4.027109132742232207e-03
4.417219840037326165e-04
2.312224525968720711e-03
4.160919203935786238e-04
3.963526903362048562e-03
3.078777360512873775e-04
3.334390207633705053e-04
2.189675124406705508e-04
6.854863087333469551e-04
7.097290847731055081e-04
9.337418671435994150e-04
6.443798067074672569e-04
8.870110372991538324e-04
1.086681815344193352e-03
3.936773155009525580e-04
4.948400380913020027e-04
7.174954269979993103e-04
9.210312791612285284e-04
2.037619766143581364e-03
3.065589903636431598e-04
1.416974279242269163e-03
1.849946241370869137e-03
4.588708202074015118e-04
1.089308458515722122e-03
1.005854953605251224e-03
2.701857560670290143e-04
4.903026766309605397e-04
4.154704731934625813e-04
1.429355856261857634e-03
1.329226265755594372e-03
3.159898987279395350e-04
5.366998724145552110e-03
1.162315860305001853e-03
1.408004374122331015e-03
1.036727434796180488e-03
1.238653236361433180e-03
4.490009183410808777e-04
2.620679834146330892e-04
3.394315675695753869e-04
3.913351122127804423e-04
2.917051782882158556e-04
6.914589448377771825e-04
5.366998724145552110e-03
5.088006676507607481e-04
6.435621572593242445e-04
2.589344079211448532e-03
5.138464459921305606e-03
1.059616927665802018e-03
8.480696575381425472e-04
3.846149396714179072e-04
6.073081758930622479e-04
6.472231440826914633e-04
6.072415879338967804e-04
3.560383856480592041e-03
5.251453671229598273e-04
4.535979745214526035e-04
1.084706253867911020e-03
1.019285035148615988e-03
1.439444279470172491e-03
5.679675802261890949e-04
6.439206755979321730e-04
1.771650350639816004e-04
4.117865674180048660e-04
6.866958322009784552e-04
6.644427326908521145e-04
5.914310733969326385e-04
9.795302445455259140e-04
1.433297159436204733e-03
2.742667686554914764e-03
4.128792486343984994e-04
5.399137477746326257e-04
2.359876872768002735e-03
6.087850767330065926e-04
1.406126059014250248e-03
2.911868340852201897e-04
1.193543737072751392e-03
7.577789177215684107e-04
1.027249459561100156e-03
2.005064934140109428e-03
2.503915537322827186e-04
2.855413368226431231e-04
3.879602472901820033e-04
7.466718494091997360e-04
6.187841319262679142e-04
5.255350957642297054e-04
1.120700948564307912e-03
5.767244154516045721e-04
3.485530995665791381e-04
6.007281435213331902e-04
3.773245184997870046e-04
7.655478920028632771e-04
3.638819111559386571e-04
3.651534509091504095e-04
5.019919423172307816e-04
3.970559794433666336e-04
7.233322097449642685e-04
1.429741878593072208e-03
5.001940049404985603e-04
1.743840911244539868e-03
1.316456198230145543e-03
1.353566557933301396e-03
3.886571401589407576e-04
6.859847800781638995e-04
7.059403382265800513e-04
6.000636029070006549e-04
1.302795264930956768e-03
1.263029539968333215e-03
1.181172071547818966e-03
4.349947090716652781e-04
3.254397917448593027e-04
5.797028406822750694e-04
6.499653031352114465e-04
3.968766773484601980e-04
1.530778007761578706e-03
1.290520659970724416e-03
3.730195039725846804e-04
2.914061546714936794e-04
2.321349854430361428e-04
1.058862143176130931e-03
4.972003008384580369e-04
6.388104918526002788e-04
1.314516040895758516e-03
6.174714388621027703e-04
3.373631503888867571e-04
5.382114572600720653e-04
6.527389170589324111e-04
3.285922021437012470e-04
5.492130688033515810e-04
3.485937964895380759e-04
3.965732373460302529e-04
1.801946844004822428e-03
1.031073356806947242e-03
5.653239247430757964e-04
3.269623054683002089e-04
8.008769233269686554e-04
8.429741851645124358e-04
1.196036583861742305e-03
5.645753699733533802e-04
4.036306705338430596e-04
4.216803700712755051e-03
3.929385695771774804e-04
1.942945780927156721e-04
2.068578906692463250e-04
1.267030025486949292e-03
4.203031783902168414e-04
1.171642247246257188e-03
2.096428431436112266e-04
5.714794190073373527e-04
1.560107754333108160e-03
1.682633053080298405e-03
3.242502924038974214e-04
3.561408768485297815e-04
1.158432638574897425e-03
2.655945459468649376e-04
1.356151755063351788e-03
8.264186737262304997e-04
1.455568989991446426e-03
2.688036011770144414e-04
7.875608923593320184e-04
8.106798493200211269e-04
1.152637043488691573e-03
4.855362964816336310e-04
1.021394006616738095e-03
5.043415316010714869e-04
4.938046923861780452e-04
3.834065568482256602e-04
4.822294747925403332e-04
7.880272745657725250e-04
4.036306705338430596e-04
1.922433587900491828e-03
1.603865964184662775e-03
4.678964941083897091e-04
1.530778007761578706e-03
6.354515898876053268e-04
2.962210536304308748e-04
1.167566797969066782e-03
1.188730465825713328e-03
3.612464861393301432e-04
8.854977600680914284e-04
2.219295034371229585e-04
1.349689091565794063e-03
9.514555131421807959e-04
9.211461874646245185e-04
2.951670231541211865e-04
2.856644461402445202e-04
6.010496933571344950e-04
1.362712384516035847e-03
5.206243268117523781e-04
5.887783903268640172e-04
3.963526903362048562e-03
3.301530124166027072e-04
4.447154907046909516e-04
5.518744038390760529e-04
3.654060261229587540e-04
3.068229329921357603e-03
9.892234617976580682e-04
3.567728378539233858e-04
3.421259717185631257e-04
4.168013578012441005e-04
1.110063916343755541e-03
1.927061627691046587e-03
4.236155331245769983e-04
3.859177474292674022e-04
5.243956052310033179e-04
4.032851396856422565e-04
4.753421801211600291e-04
6.985143102465932955e-04
2.638384933438374792e-04
7.741865145137991370e-04
2.969209675071467149e-04
3.137018589335093845e-03
8.895006323712540937e-04
6.236808959637246989e-04
5.426027101230304671e-04
5.507890450874980675e-04
2.218263278155809958e-04
4.107108991527544037e-03
9.254224870185421030e-04
1.931657273138271194e-02
3.128810982374174293e-04
1.764031868264180061e-03
5.890214728517480019e-04
6.073309103698647802e-04
3.028293005803210603e-04
5.345705569044475244e-04
3.169916993892453634e-03
2.194142114331113045e-04
2.576629474114503176e-04
3.041829322984889610e-04
1.318125549187685631e-03
4.015810031295731280e-04
4.887977367996652195e-03
4.688017793699237679e-04
3.785507138251051036e-04
4.106748804372493435e-04
5.495339120183041380e-04
1.930931116807305678e-03
2.799072243634016387e-04
4.193918206261433752e-03
2.817502986933879397e-04
9.386314037175602426e-04
3.512132190007373174e-04
5.664768945649929386e-04
3.844868881911966615e-04
1.019455556209530314e-03
4.016258677032734001e-04
2.240513985885815606e-04
5.352639010635771742e-04
1.228249477873537450e-03
5.480718504047170413e-04
6.170321271912872305e-04
5.117387472073351481e-04
1.479338151411407030e-03
4.341425613949144880e-04
6.443798067074672569e-04
9.947995683566004856e-04
3.942597185710837600e-04
3.880222681275673148e-04
7.850816781798210849e-04
9.131654182891766952e-04
5.016008103248222657e-04
4.651288626201022301e-04
1.996797975577816690e-04
6.213193911525360935e-03
3.078528058580624156e-04
1.220945622523162332e-03
3.289566329113488585e-04
8.620961774542734105e-04
8.645856938635805957e-04
3.364364865319806265e-04
5.176096364360048465e-04
9.515162441772780219e-04
4.438111787976636424e-04
2.047705013045640285e-04
2.906389545055536620e-04
8.193821056881188565e-04
7.107236009476652384e-04
4.353461022171315983e-04
2.238243234583170058e-04
4.146173680685405895e-04
6.258729949901997974e-04
4.731133003905332976e-04
1.172691729172425142e-03
9.980482025766612524e-04
1.299333684481447388e-03
1.468513223289392901e-03
1.544031539705247470e-03
2.924495223740029588e-04
4.058071174146293423e-04
3.779166070815239992e-04
6.768603227026371216e-04
4.859529404273432566e-04
1.019455556209530314e-03
2.488312686937082098e-04
6.448435416950375459e-04
2.873412426954711271e-03
4.108996434081324881e-04
3.402146663554312615e-04
6.909073277857575657e-04
5.106842919558753470e-04
4.970740556403801256e-04
2.961510444241600200e-04
5.828743061740990303e-04
5.201354219027317380e-04
5.222422049677435344e-04
1.088053349773988486e-03
1.554895286156678580e-03
3.728576316685628615e-03
5.230471268443328972e-04
7.990652146233985422e-04
1.666235210499404651e-03
1.045355703054086285e-03
8.190850379208482060e-04
7.017823113685056017e-04
7.829402399168012509e-04
7.962501597500495345e-04
5.552331463079524356e-04
5.346132934261608365e-04
4.669774514281012649e-04
1.488625650658028689e-03
5.752451091020125253e-04
3.571589434298560995e-04
3.491702486406552362e-03
5.400562139068979667e-04
7.429592027601001182e-04
6.679830370314467341e-04
7.302071929582398509e-04
2.527565404956033288e-04
