3.340530939634267071e-03
1.089776261822713449e-03
9.999004555595652956e-04
6.951604651711752389e-04
1.142489245477142741e-03
3.842290875200569402e-04
1.917002996125292556e-04
1.200523425112106539e-03
7.612924194147176931e-04
1.690179215442278804e-03
9.962712327088792553e-04
3.366272589099637141e-04
3.288472288043465131e-04
4.861138900514809622e-04
5.436088600791207743e-04
8.674849464429852533e-04
3.817049310632614992e-04
8.901650654303866397e-04
1.584890213867887849e-03
3.130309986489450088e-04
1.156745093945990999e-03
1.085147234791592483e-03
5.286971407426846068e-04
2.906119013420286018e-04
5.636384714068076729e-04
3.688472359010450097e-04
2.073062373509567703e-04
4.082537416062668166e-04
3.856675318946160445e-04
3.380305243725465381e-04
4.085783554740872762e-04
2.615224976686473211e-03
5.985281034281913310e-04
5.556908283078938054e-04
3.031345040953533927e-04
4.475283732015991698e-04
1.068240552426002760e-03
8.107005937098314338e-04
2.372079407229444692e-04
8.435947863211191392e-04
1.765781026623325356e-04
3.786923917239087833e-03
7.045721907789488344e-04
1.078206576965883880e-03
3.221548668497615196e-04
7.658290715962290428e-04
3.785909867676915297e-04
3.695741176369493446e-04
3.570873217988815599e-04
4.460857120626694977e-04
2.008508170807900371e-03
2.539636819475701336e-03
1.211174895924237551e-03
3.444731434360793457e-04
3.288472288043465131e-04
4.324600078919099613e-04
3.301081376262035398e-03
3.785605474555363693e-04
3.060927647564677841e-03
5.531929374991391771e-04
4.253123278934903100e-04
4.293749871689883711e-04
2.366848889439656430e-03
1.812640118665461916e-03
2.427840294038092876e-04
5.281761768257805731e-04
7.463468046061756851e-04
1.159820530357594855e-03
1.525592425034509635e-03
7.518460009154966529e-04
5.505136007967460993e-04
1.603503218360178510e-03
1.157484286081510334e-03
7.550854766482300662e-04
4.040903502792348324e-04
4.315212185701941473e-04
8.183463872689877806e-04
1.216460872105846894e-03
4.915961377218304278e-04
1.825016499227617847e-03
2.504477923858753566e-03
1.678060337604189494e-03
6.804658136062695937e-04
5.788485067363150979e-04
2.153185870566773190e-04
5.794119227728894038e-04
7.657271420733834490e-04
1.088336215157507557e-03
1.184946736029334792e-03
3.890782155981379253e-04
4.232879123736900005e-04
9.110802167416103209e-04
2.195949019560440932e-03
2.008508170807900371e-03
6.473730161057148760e-04
7.988340160850331559e-04
5.412936874614576429e-04
4.553536287833760904e-04
7.141064917230127273e-04
4.617725253695530337e-03
6.819783388491607208e-04
5.521104999574649383e-04
1.482218802428705070e-03
3.604587273165799793e-04
4.003881042440466114e-04
5.261122179738280270e-04
2.713479915126050003e-04
9.583264273164713914e-04
5.100310338444507706e-04
9.506995952963168519e-04
2.677757668418988789e-03
4.230865520932680017e-04
2.785119637649477887e-04
4.203003421061031280e-04
5.428149868708781293e-03
1.212365223480213906e-03
4.570565639563060347e-04
6.878199526276407207e-04
1.070401261522578888e-03
1.480794839393774877e-03
4.062710964764935017e-04
7.208003657331856634e-04
6.064302790909566502e-04
8.676539677182061551e-04
1.710045174840816402e-03
8.339768161988931391e-04
3.660462925681084913e-04
1.268358017435728888e-03
3.241456326286020319e-04
8.985191454267917781e-04
2.280939424510270742e-03
7.231483525846672551e-04
8.461579465769709365e-04
5.307641098767382172e-04
3.298518330001814027e-04
9.901504063595460269e-04
4.325317733932138335e-04
1.084418995491185115e-03
7.347502885806545415e-04
5.718991855801881059e-04
4.399196598030557549e-03
4.994707681584759692e-04
3.981310246328540522e-04
3.959450430314250804e-04
3.147792890849428898e-04
2.170427265674682287e-03
5.815372312710301306e-04
3.180419432258018526e-04
1.681040338991548339e-03
9.054137260741469727e-04
8.953580586186180587e-04
5.976248430222541597e-04
1.451370075671041919e-03
3.290185856605387042e-03
2.096327030553254793e-04
4.088088017607741250e-04
1.526899874370272765e-03
7.036396162356951117e-04
9.672765001221394349e-04
6.377452980959018043e-04
6.544112037510334398e-04
5.749201006338260653e-04
6.152391343170429683e-03
1.205933877015792849e-03
1.921888319258265943e-03
1.050750460631073250e-03
1.069396162011858591e-03
5.410504035749670159e-04
7.956675350483323646e-04
7.795919230585176933e-04
3.195685298906455769e-04
4.512015962170115579e-04
5.573947152641695177e-04
6.202603991769384392e-04
4.443571962213259050e-04
5.919363728666811536e-04
4.692280334970866428e-04
4.274341181369410128e-04
8.910174865441825715e-04
8.692701167360821759e-04
4.607245730734507564e-04
6.977781035363198438e-04
2.581292204150833179e-03
6.030493046707887392e-04
1.358593318169219440e-03
6.799069497997882764e-04
9.848915705111395240e-04
4.731194547999376001e-04
4.312530691205366997e-04
4.887362286035142967e-04
5.505117242454494759e-04
1.134706018909274186e-03
2.055314019721741960e-03
2.113132720686634707e-03
7.042327100029523211e-04
5.028410772454402610e-04
4.024038360163406658e-03
1.755415640497644042e-03
3.534061082659867357e-04
3.699637156505399763e-03
3.850818615410601812e-04
9.613898631956678239e-04
2.668582505285514890e-04
1.133323310329185842e-03
1.032271879680333104e-03
3.939255388084904395e-04
1.079825338884570765e-03
8.081948798791496746e-03
1.003132348791268115e-03
7.315067925644751353e-04
2.392484187217390685e-04
6.015129450523138679e-04
3.483963903643271832e-04
4.089566926344183318e-04
3.365480839230338122e-03
4.695805711839166658e-04
2.019953411900523731e-04
3.796243929302197838e-04
4.673945914467111506e-04
5.024417932974345339e-04
4.013016351135694415e-04
6.691646478642693718e-04
9.868297818668016891e-03
3.736758533880701330e-04
1.205933877015792849e-03
6.060149642181710070e-04
3.404965844186233861e-04
8.408321521571412863e-04
1.291870878971083936e-03
4.158556327837464308e-04
2.196602254664003617e-03
4.822221921452410484e-04
2.897607526238668921e-04
1.491780260078816398e-03
5.567237189171224095e-04
8.999205088509904405e-04
8.339768161988931391e-04
2.020364826142579014e-03
3.054196794868557492e-04
1.725326013841208461e-03
5.335550034323335291e-04
2.540788389937990305e-03
1.584368600287014168e-03
1.234277329970744725e-03
7.656167847700116663e-04
1.404723103775711848e-03
1.835541794359630803e-03
3.643351239897718737e-04
3.968940734477384089e-04
1.465374835242510112e-03
6.280110860700401348e-04
4.827677668412347660e-04
1.553147769635482463e-03
1.062292072527335537e-03
3.393722553822049693e-04
7.646119401886903580e-04
4.213041694764781023e-04
1.469889645471158558e-03
4.164631884180652215e-04
6.493857488453305161e-04
4.510230606555609722e-04
5.224857566020061402e-04
7.387919510043398745e-04
3.520963310670081024e-04
5.946410724169719697e-04
1.368980169443090528e-03
3.598500180911912432e-04
1.284667079745879792e-03
2.466586486092855524e-04
7.200313708279384431e-04
6.048074687263724518e-04
5.127416068048307098e-04
7.078674269044922703e-04
7.472276845554589155e-04
1.201130677652661972e-03
9.188212891943559665e-04
3.847684966755029849e-04
1.184008024619815367e-03
1.471620379714427959e-03
2.138546055337732456e-04
1.208785181270118688e-03
1.553147769635482463e-03
4.888097442621064685e-04
6.741791994305517278e-04
3.453094914302456964e-04
1.138038313212965617e-03
4.751702775874756487e-04
1.035314713943996656e-03
4.915209009754177094e-04
8.556649174089017880e-04
1.742821507883330311e-03
8.697383563859466867e-04
4.679838245069367327e-04
5.083701853600242722e-04
7.754203914563380200e-04
1.130492327393440351e-03
4.139438002357638340e-04
6.667798910273832176e-04
5.031387288532696012e-04
1.080740882493113914e-03
1.269655119932576416e-03
2.878354805044204545e-03
3.187558300800706992e-04
2.674532440874758873e-04
1.454577260126484889e-03
6.377487383850858694e-04
2.215169453890246040e-04
4.946043272600759684e-04
4.251284055147144044e-04
9.826138740739391152e-04
2.434535446134275722e-04
3.277627111292633283e-04
1.350852368515773495e-03
3.878627184616984403e-04
3.786923917239087833e-03
2.395158172859085594e-04
4.669493221165691267e-04
6.755435856749462779e-04
1.054939218165080366e-03
5.915585324305116296e-04
5.806175266251974035e-04
4.671335433591107989e-04
2.124482193540518321e-04
9.609972260997752969e-04
2.525826026596002315e-04
3.547652031692559915e-04
4.822616261186357754e-04
6.322000912016626211e-04
2.931636948691546053e-04
1.651203989127555862e-03
4.708431460276548981e-04
6.321471539430208782e-04
8.904817428729740062e-04
2.525005562672135101e-04
8.040233546444675028e-04
7.832682434577814372e-04
1.215831471271670242e-03
2.561145372084567499e-04
8.158672907190181543e-04
1.593588239533997837e-03
6.326917547672411156e-04
5.585179755410418475e-04
5.927590851948082336e-03
7.293361234888763762e-04
1.714654919113098915e-03
1.690179215442278804e-03
1.217522101066987857e-03
1.713358388089774621e-03
2.379597657664802614e-03
1.107271352700092389e-03
4.188742087839377988e-04
2.052857712003735105e-04
2.966781378402664712e-04
6.994086061639093188e-04
7.624167910056013240e-04
1.122157633162434521e-03
6.804305855590398302e-04
7.386161998256075487e-04
6.467442972785265431e-04
1.865068947387758845e-03
1.251339486481153288e-03
4.428435544835360193e-04
4.821262259982542209e-04
4.914190260358876306e-04
3.370777846753114063e-04
3.746196507452631487e-04
6.928522407306182598e-04
4.608541949816326896e-04
3.556617020715317789e-04
5.472161385282956056e-04
9.880562153704221945e-04
1.762944629922568113e-03
9.804037062877072727e-04
1.802036923792458461e-03
3.458757201262495297e-04
4.026400253631903965e-04
5.635214500884206225e-04
1.099567773204268269e-03
6.385120333422712605e-04
2.035372760567248206e-03
3.025677131542841127e-04
5.308880744825485772e-04
1.562273479655427229e-03
6.725076690965075057e-04
9.689722996333788915e-04
5.929986159471874229e-04
1.787042629657335357e-03
4.535724406274563129e-03
2.225126513141178596e-04
2.579751129526971967e-03
8.972668183661437020e-04
2.403249524355071613e-03
3.404582834273910119e-04
3.415887268910580699e-04
8.725304859035365110e-03
4.155207103589494575e-04
5.646374714536229892e-04
7.257582078280221116e-04
7.364601323642343527e-04
3.289063881842755883e-04
6.376140992747270000e-04
4.408930601920948338e-04
4.179013686892179072e-03
1.196598149127277039e-03
3.150502429306590831e-04
3.141561658234107266e-04
4.880382022708001986e-04
3.082221686466829675e-04
5.543535790972582613e-04
6.014586178450720064e-04
2.911907745294334640e-04
1.323919515875664676e-03
6.107001319325666960e-04
7.449099856798862152e-04
2.333491739865636730e-04
1.171718417675345243e-03
5.200230427350429263e-04
7.636784054806851092e-04
2.489994153397426420e-03
7.770246742343598235e-04
6.652694620709866330e-04
2.935880488479991677e-04
4.437772631166009524e-04
7.786535384062719589e-04
5.282669100388807330e-04
1.979131476709950453e-03
8.053761370695453926e-04
9.470098872091635162e-04
2.751717544452174629e-03
3.749974581430465183e-04
1.144210671831186058e-03
1.684618823270060120e-03
2.729389201404489908e-04
6.520320616130579521e-04
8.888164555930456665e-04
1.562273479655427229e-03
4.076494706497299091e-04
6.766206831928787448e-04
2.870196087668588198e-04
3.545092623909089011e-03
4.810946124642934726e-04
3.075917675353283883e-04
4.642164418557578084e-04
3.938061665004322196e-04
3.558921099554498155e-04
2.408946584740784735e-04
1.283214791929344770e-03
1.205588513888977220e-03
6.390520116397398242e-04
4.143995251785896096e-04
8.211837609813948296e-04
8.365426823660293641e-04
3.941314860889912541e-04
1.080649761209179173e-03
2.581774051202269209e-03
2.457424829472324096e-04
6.481998492630533472e-04
2.398381380857161503e-04
9.809797834475024979e-04
1.251974392395763984e-03
3.788695312088976967e-03
1.174611223051172252e-03
1.018660733739806552e-03
3.987489637520854452e-04
4.997002186404033656e-04
7.734342518596011356e-04
4.765825595826599656e-04
4.188637453756146418e-04
4.363960978896253072e-04
3.629299746596288917e-04
3.074653774312055771e-04
7.547756582457909461e-04
4.176538611982260479e-04
3.698968240833609960e-04
4.184225651697494330e-04
1.089349527804175889e-03
1.212365223480213906e-03
1.943855291913312074e-03
5.617395767848756220e-04
5.756656818111104438e-04
1.048646526709333567e-03
3.031963598398863921e-04
1.344473335800440081e-03
3.695518193558596626e-04
8.051143466774802375e-04
1.704451359176619926e-03
4.396341379185483801e-04
1.286647073880776634e-02
6.502359226656656424e-04
6.985598750350640110e-04
1.447240923153305346e-03
2.922495768506814932e-04
8.697383563859466867e-04
5.023580383680132516e-04
9.929978030207874725e-04
4.437073415532220106e-04
8.910932209595858345e-04
5.210009055090817579e-04
1.584890213867887849e-03
1.082440252380762954e-02
3.333034600837054173e-04
6.977781035363198438e-04
4.170812541961666929e-04
2.564009312740075062e-04
1.461003227639245776e-03
7.376257301990158353e-04
8.607364779084729616e-04
3.734002306250702469e-03
3.427562076275181475e-04
7.401288553617680135e-04
3.022928891628457403e-04
3.178408783828759899e-04
5.718991855801881059e-04
3.363902150536541777e-03
4.246506065886164081e-04
3.827397326687602386e-04
5.591824255224935166e-04
5.700490291071690302e-04
9.147958513541902016e-04
1.504101406809667859e-03
2.275386795349593650e-04
9.508171140407384011e-04
5.818040818893200879e-04
1.153760691578991542e-03
1.277846322097790080e-03
6.011241599782519724e-04
2.607542958108572859e-04
4.216615321901382232e-03
3.699637156505399763e-03
4.304783019246186419e-04
9.216954618421992944e-04
2.564058091957793079e-04
2.967547202743802716e-04
2.147906209108099099e-03
5.048359030632560383e-04
6.027772524049432789e-04
3.032391764840755783e-04
7.250171055701968995e-04
6.385828117626280971e-04
7.377562498187779710e-04
2.378866550279027194e-04
6.748643220710041522e-04
3.286777334317598619e-04
2.403801489692490665e-03
4.692867776906617253e-04
6.475994522214775003e-04
1.593583145423179337e-03
2.362757550068212385e-03
3.353783716042512222e-04
6.211763057640568454e-04
5.626999109506892853e-04
1.061860009460765045e-03
1.852883316572118610e-03
8.675802998574477483e-04
5.159502200611229073e-04
3.560220881078130927e-04
5.465334018202684446e-04
5.123784803766238613e-04
5.617395767848756220e-04
4.893315682583772785e-04
5.271721424657641345e-04
2.435149358622693341e-02
5.376531653345480513e-04
1.412097209924891234e-03
6.903567951121623511e-04
3.993305633241142302e-04
9.847971291844152646e-04
3.293831926360061462e-04
2.847208034152185472e-04
2.155702924798572149e-03
8.513162608031179992e-04
2.851376795607925545e-03
1.122519677226157305e-03
1.266730674680901624e-03
3.654267496522439480e-04
9.372431689309398050e-04
8.986164381931741052e-04
4.299410351938960650e-04
3.082654004896861230e-04
7.419190913939569193e-04
4.324210437558360844e-04
2.125844473887252787e-03
5.091072775282299602e-04
4.304141065716836530e-03
6.798848013572120989e-04
9.523440800768198915e-04
7.905273559309093818e-04
7.645402263000895295e-04
1.182862123812129839e-03
9.438013751942961761e-04
8.984086743582705677e-04
5.598882337458818389e-04
8.822023989449542282e-04
5.442113358612427456e-04
8.136153756965726564e-04
5.355219921376539989e-04
4.718736621485928868e-04
3.611279674116595561e-04
3.920320109142037888e-04
7.716834655094078265e-04
8.708050441271911538e-04
5.760719723869163695e-04
6.445470722549389913e-04
9.944446593346874686e-04
4.231016693368992200e-04
1.454577260126484889e-03
1.354571469878377687e-03
6.713626853967599641e-04
3.537775414006137371e-04
3.171068236043275289e-04
8.414490447447282948e-04
3.545959212719324689e-04
6.748643220710041522e-04
4.345324384827110842e-04
3.826062865885961864e-04
2.828872439168640326e-04
3.033307344100174847e-04
2.289360338561528851e-04
2.796285380444693026e-04
2.112747580369250377e-03
1.099575440986017873e-03
2.677934251784515308e-04
6.011321031965664082e-04
8.959602576474750852e-04
1.446744561367895336e-03
4.086769113088996688e-04
3.991957395987279396e-04
2.872853727494000019e-04
4.848706939276801130e-04
7.517006672058177243e-04
2.055314019721741960e-03
2.190465477734060374e-04
3.760695158372128768e-04
1.067548147441604259e-03
2.726146154869071598e-03
5.689825316590517391e-04
4.492289657105086060e-04
1.117643489716262312e-03
6.888297747724643526e-04
7.091972824673395100e-04
3.930439591854034513e-04
9.323687671092906280e-04
2.841724304297711928e-03
4.432682058806732667e-04
5.409771148020921976e-04
1.187401505167594209e-03
3.936232254048093013e-04
9.206178671586884819e-04
9.434958824615495045e-04
2.657304688959723996e-03
7.577924988271316116e-03
3.892904964586418100e-04
4.499574673105377208e-04
5.313120719928852162e-04
1.690179215442278804e-03
3.906815792247103321e-04
4.325358590725519349e-03
1.625849404375870203e-03
1.390461739898133601e-03
7.021583114515699735e-04
2.989688376310957658e-04
2.771335298436071307e-04
3.120612674036787144e-04
1.035314713943996656e-03
3.483963903643271832e-04
4.897629713809280912e-04
1.665557041364587121e-03
8.102022086865849322e-04
1.155335687167658885e-03
4.247803085410873552e-04
6.237823824662398027e-04
2.796074303876492067e-04
2.114739375996673495e-03
6.436417216269004057e-04
3.167618016518017831e-04
5.031928933487663435e-04
7.958947283081397152e-04
3.369893344838714223e-04
1.085051089452971577e-03
6.109938542782327852e-04
7.098453225582059120e-04
1.461504651776673836e-03
2.986442223336273480e-04
1.314179880932954143e-03
1.148434412213769455e-03
4.256677325945318205e-04
4.567840970320072216e-04
5.770073143820955925e-04
1.090837486537148777e-03
1.010055464206581098e-03
5.517245260678783512e-04
3.771864788538905710e-04
7.739919173754977472e-04
3.652555241459020134e-04
5.855828539221601819e-03
7.361151423845172306e-04
6.300944754000107955e-04
4.444733466383348690e-04
7.200815394565537745e-04
9.555490759463934700e-04
2.037412052369682106e-03
3.626878025933548866e-04
9.677807582361086730e-04
7.226199169967061900e-04
9.371727599435837608e-04
3.372655472643283680e-04
7.524561665441582186e-04
1.234115550658370719e-03
4.440035480448355850e-04
2.558442351949569062e-03
1.593270851845918386e-03
3.082617093136194456e-04
1.052854945191388468e-03
7.468302144055447272e-04
4.253970401002213678e-04
1.116653466700018695e-03
1.379584054717019432e-03
2.220339583983421076e-03
5.192531587573825762e-04
4.556943736615241716e-04
8.313231888476889202e-04
8.412866915404069784e-04
1.613591461306240976e-03
1.130727230108471764e-03
9.859569539685968977e-04
1.013352625231381341e-03
1.780710586405970133e-04
1.359382250620344698e-03
4.186191200917665123e-04
5.714345304202441897e-04
3.537969872554698925e-04
2.891348206984156667e-04
3.145362175638397452e-04
3.727460554158254914e-04
7.004313360629814281e-04
5.263265777353657617e-04
2.352302388715199911e-03
5.708375009416113630e-03
3.615607318334609389e-04
1.049099606497949904e-03
5.110884185312707670e-04
9.575711487780047245e-04
7.997016417092385823e-04
1.215472782142487055e-03
2.418606720959468948e-04
5.526474622356377557e-04
9.658871246120620058e-04
3.272880775890587820e-04
2.034497355778063443e-04
6.742865098997078126e-04
3.738561272359650837e-04
3.713007947655612775e-04
4.096660008540723048e-03
1.843073588879641967e-04
4.260262477600104550e-04
6.270958306969941958e-04
7.888019771458321290e-04
3.450407459737210710e-04
6.153254689853950151e-04
8.819664333063390298e-04
7.720064601096972984e-04
3.389679940095106404e-03
5.044464949316940184e-04
5.621282023363859907e-04
4.356561514192133539e-04
3.629685283733847297e-04
9.819803483725843881e-04
1.032198521114806918e-03
6.070638039103079227e-04
4.231169097474428171e-04
8.017020807657749843e-04
8.490093008270488883e-04
3.972194202721816185e-04
2.468006241687616988e-03
1.951532925508562112e-03
3.595883629161348476e-04
1.165377881919989070e-03
3.890993471395917669e-04
1.071260603060925510e-03
9.922356281012963998e-04
1.966431834985577897e-03
1.361093550937349846e-03
6.415843901511962370e-04
2.769677208328330618e-03
4.523286977781396817e-04
5.379151702781270229e-04
1.471620379714427959e-03
1.265974739734359276e-03
2.323145551259635201e-04
8.038737630649043196e-04
4.063241653780468227e-04
7.067570829705861540e-04
4.593841246292011292e-04
2.263950461697309107e-03
1.272705936206249304e-03
5.851858606632172376e-04
5.733944293980597177e-04
4.334259461118236830e-04
1.337673623682452415e-03
3.855996588252653717e-04
3.512018836156660835e-04
4.722008560007358823e-04
5.639761520676197766e-04
4.001576706384628920e-04
1.166951986293656178e-03
2.858170650579271491e-04
2.141725431763156888e-04
1.492492513736007288e-03
5.957940183874910417e-04
9.159174684265841216e-04
4.807213060425642097e-04
2.909132507742866018e-03
4.231997683323064944e-04
2.973149081472210723e-04
1.621012149531231164e-03
5.475803139537774571e-04
1.261204182234010361e-03
6.155309146161074430e-04
8.042029322410631630e-04
7.077666252149627819e-04
5.018950990251877129e-04
2.467866837671951860e-04
3.564424304695555635e-04
8.282000341479275060e-04
3.335757803791758480e-04
1.507783047493580202e-03
9.860790482077411330e-04
9.058515928365096443e-04
5.985281034281913310e-04
9.917888617931149096e-04
1.943127507354721391e-04
3.949681458255847790e-04
3.326991307274279001e-04
2.576699589384019674e-04
3.495893223634606085e-04
1.016140183507709474e-03
1.542876292873456923e-03
4.565404871552196093e-04
4.187470341722765205e-04
5.009256742453046000e-04
7.620828114586204738e-03
9.930572539125974256e-04
8.461579465769709365e-04
1.086735352594869882e-03
2.378866550279027194e-04
4.356586430216496074e-04
2.774869356396173978e-03
9.287418222114616389e-04
4.095132935363091586e-04
4.023784090569593143e-04
6.746179188991628922e-04
1.830612113725376517e-04
2.172955387353371019e-04
7.170676892932702998e-04
9.546543006014925753e-04
4.535870292896548167e-03
1.619724264566759679e-03
9.003742135530951388e-04
1.163193341873013705e-03
7.747064067392489496e-04
6.878344390248999993e-04
4.799977782755083492e-04
6.714172529997644752e-04
9.321526866500360947e-04
1.056615576602645736e-03
5.310291325592877932e-04
5.523534459416443989e-04
9.350166522163897223e-04
1.240717404505876616e-03
1.610123455958182865e-03
4.369333765376706984e-04
6.096509786699796842e-04
4.932969897930541059e-04
5.932973867773575459e-04
1.621012149531231164e-03
6.329051471054337498e-04
1.474804594192299445e-03
4.377472166093619526e-04
1.140144079576604257e-03
1.403457546690251544e-03
5.009606472565586270e-04
6.205932968129354620e-04
3.627378229122308912e-04
4.509401585235831380e-04
2.998211497828597548e-04
6.158057681060214719e-04
5.901823460845452129e-04
4.665598166772116592e-04
2.694178650568656978e-04
5.290039578264472834e-04
2.830571035236099670e-03
1.146870120983023216e-03
5.468027004543101009e-04
1.607976767575955380e-03
5.348743071257728004e-04
1.576792538502169759e-03
4.523285345139900862e-04
9.043738873560020278e-04
1.579368609238810056e-03
6.059732756047749979e-04
1.462837607243938328e-03
7.154626349552606129e-04
8.072722918035675748e-04
1.104162874103338217e-03
4.421480467922310150e-04
1.034261121266126992e-03
2.577278594501817253e-03
1.865285416509490418e-04
3.150284810549044273e-04
2.717689531163286769e-04
4.328427003741621738e-03
1.056161157842944566e-03
2.439371685898267944e-03
1.440668927380014128e-03
8.511080372600907887e-04
8.245519656446035316e-04
1.294036530279563677e-03
7.199047666612946135e-04
3.567666731330291943e-04
6.482893853760231121e-04
1.574462765193584274e-03
4.208375433307081389e-04
3.436696252028109688e-04
3.336019257533491349e-04
1.238005464632751466e-03
8.677035404617177480e-04
2.912455182464339203e-03
7.828666354322457843e-04
3.062549310808816098e-04
5.012625093110715472e-04
5.431098958980305194e-04
8.785969329840459660e-04
5.721363778682537213e-04
2.440447605648707937e-03
4.133737991472898748e-04
6.439660788271992647e-04
7.997003374125270401e-04
4.414233817884291914e-04
5.162913744374500067e-04
1.969720479417546894e-04
6.002710711731953615e-04
6.842603217477580052e-04
1.109827057227327557e-03
2.435701461277831330e-04
6.102402323834096734e-04
8.714675820071471303e-04
2.135066187920546229e-04
2.839085916644288016e-04
4.068913825896441471e-04
5.043963365887259125e-03
5.781302616303666186e-04
1.570469711850912753e-03
3.631231619347462919e-04
4.564723146878891125e-04
7.213839351216614487e-04
4.311578107475915584e-04
5.809478671966369348e-04
5.477179468853602415e-04
1.711051684592436234e-03
8.496663748121413996e-04
4.369333765376706984e-04
3.553346185092009515e-04
4.667721187769605529e-04
3.292158497877637553e-04
5.605254309872675532e-04
3.417644918545424356e-04
5.920248183483547066e-04
9.829990461063483655e-04
3.364098284191086182e-04
1.067548147441604259e-03
1.225257783361969038e-03
9.018364866091247833e-04
2.589290717202579611e-04
4.146269765158935080e-04
3.541286010917740062e-04
2.813722222301113770e-04
9.492548195172090470e-04
8.690638331101055306e-04
6.698322040916779990e-04
3.775020365271618207e-04
3.226783152085710123e-04
3.643350288019357448e-04
1.130396933674477234e-03
9.292555277761225347e-04
1.954495104857764502e-03
9.316875837541197490e-04
2.168107545844704786e-03
9.332453673321121834e-04
5.316071865020881001e-04
5.114269122744538338e-04
2.228620193389432565e-04
2.434715140825766035e-03
1.732244682813478039e-03
1.869856840291634920e-03
5.567748624011864935e-04
1.613407688118358814e-03
1.014246077019763945e-03
5.170841624499033671e-04
4.341526551711820500e-04
5.988218029687021951e-04
