4.765726539303051187e-04
2.115006592032042318e-03
4.133082328583317184e-04
8.981151689346119618e-04
2.627061409953021054e-04
2.272960696652504161e-04
4.645585512758439368e-04
1.088750929250988531e-03
6.824117281550131286e-04
2.893304677826995350e-04
6.789498792657044967e-04
3.075552607175137594e-04
1.933011943936083861e-04
1.599586907993009294e-04
3.101571435178093229e-04
2.730141287546937272e-04
1.829038965026417291e-04
4.010816524325817195e-04
1.335687288158647341e-04
4.703684008357489040e-04
7.215293506914717894e-04
2.906386752746855794e-04
3.371065858802783683e-04
5.374243690994653976e-04
1.684415765085761976e-04
1.313686197069830830e-03
3.617232018548433362e-03
1.883037920820191584e-04
4.938675650480504973e-04
3.137609852377213271e-04
5.622378990240220475e-04
5.082417516104745844e-04
1.245649163685713353e-03
3.911075140508956760e-04
4.462031360582637734e-04
3.198689530252850528e-04
4.030036386314329237e-04
5.225727464616032603e-04
2.265723551599714992e-04
1.501406106121236633e-03
3.712766930083504402e-04
4.582733493739549321e-04
8.888142165280289372e-04
7.703870729080592372e-04
4.449546945919363857e-04
5.043698311627179244e-04
1.749830762814013523e-03
2.005812326493057408e-04
4.594019315950041704e-03
8.716178226039854576e-04
6.283680599162911381e-04
2.193125006206238031e-04
2.279576275108003607e-04
7.649250607295015724e-04
2.307325404425301235e-04
9.337174043011514006e-04
7.745107448463898168e-04
4.181671263652273602e-04
5.317226611221420466e-04
2.247384623839472108e-03
7.421810652500243112e-04
4.455147494016540579e-04
3.103315189215764738e-03
4.482861494480493646e-04
4.570912805007121401e-04
8.093633024074944546e-04
4.770626514280192684e-04
1.293364938891025879e-03
6.312603779217359221e-04
1.926544435119853863e-03
9.666745022304729703e-04
2.000037680640889218e-03
3.499911134380065641e-04
2.646647731650338532e-04
1.460586466006499656e-04
5.547819203650974614e-04
1.297342087281023060e-03
2.248443974506526073e-04
3.919776579257576075e-04
4.027940473253293577e-04
4.721617560795788497e-04
1.657018779415894141e-03
4.969436854439000057e-04
4.450073194551366906e-04
3.647878554228934245e-04
9.032657230872671384e-04
7.772147127120659351e-04
3.619182267211958808e-04
6.510058394715910988e-03
8.921331756236080277e-04
6.994345642906861981e-04
4.246263879252180950e-04
1.627051152222377516e-04
2.011907760094354381e-04
1.024251672122157304e-03
2.612176381580712031e-04
1.766167644137001894e-03
5.746721720272545591e-04
8.836178420524932239e-04
4.257501472981567664e-04
2.320348821957731063e-04
6.928257004499805641e-04
5.745571441751776099e-04
3.091998461328537970e-04
3.657720630577216358e-04
2.293551186928043529e-04
2.390583925376497650e-04
4.165110736003305256e-04
9.936225094554825693e-04
1.109747437529430341e-03
5.306870652288173985e-03
4.116391014844757645e-04
6.747177151022046900e-04
4.042036250380093114e-04
5.063074272554471704e-04
4.558113205369700984e-04
6.632906371192451387e-04
6.227075833209125277e-04
6.038563033322543339e-04
1.427552962689927079e-04
3.075092033241406454e-04
6.340099745201091888e-04
6.916435882611541219e-04
3.738299937021013998e-04
1.873623890729090354e-04
2.409447638694633043e-04
1.292150505008028173e-03
1.147838835340357199e-03
2.560276140567515528e-04
3.730925627358030496e-04
2.314014768446969773e-04
2.046524192006728637e-04
3.103315189215764738e-03
5.746721720272545591e-04
6.570602183749515860e-04
3.060645329475598789e-04
2.984549623634769663e-04
3.011243753714406353e-04
3.588572925542992233e-04
2.879768379040867810e-04
6.340099745201091888e-04
2.168063152739083989e-03
2.471625173835224074e-04
2.392656773777881182e-04
1.445690091825686287e-03
2.709391828615430623e-04
4.415308416283472378e-04
1.265916969833113517e-03
2.613472426530784472e-04
5.289656952175003776e-04
5.723212259528910389e-04
3.717146015593839428e-04
9.197811808283718566e-04
2.646107248031059640e-04
2.804477320228607510e-04
8.939885099515283446e-04
3.469790798336778352e-04
1.409041498949648128e-04
1.292130007027121998e-03
5.118476685658778511e-04
6.197380588495156415e-04
1.362180295965960452e-03
1.095745333091223406e-03
2.213651333904173698e-04
4.835682137671438812e-04
4.416109393887972679e-04
3.555659825082185701e-04
4.737694491461717761e-04
5.572194035004647767e-04
2.075198704797304281e-04
4.711966536792025159e-04
1.415227272248408301e-03
3.984611441991312247e-04
5.864648008680154335e-04
2.051287073579342217e-04
5.111265519499964350e-04
1.739807338710796397e-04
3.543797038245360227e-04
2.167590802484548431e-04
5.438641167090921746e-04
3.038764182119159060e-04
4.954825430990968333e-04
4.038926070001989531e-04
3.995110434323904058e-04
2.451215672738035604e-04
1.536995528378027785e-04
3.984727419811625215e-04
5.711421702508045171e-04
3.148111198123427373e-04
3.340329686319956875e-04
4.863019892882332741e-04
5.548023996868267855e-04
1.324617096129406023e-03
2.390573900000724991e-03
6.406156130294875023e-04
8.143288360479246975e-04
2.054580769838603100e-04
7.458579045203360706e-04
5.715125064795991859e-04
4.832188448825937310e-04
4.456909937969495152e-04
7.706517928054922809e-04
1.021580527459200029e-03
1.037517294182174017e-03
1.104481642157595150e-03
2.444503578849419024e-04
6.177896119487372249e-04
5.099886164495263637e-04
7.822919844313851049e-04
4.077212571091717299e-04
2.473613687416255369e-04
5.026539837440161928e-04
4.310129806440002342e-04
4.116391014844757645e-04
3.643978419432350479e-04
7.373910842027856958e-04
7.787482028738074939e-04
5.018640362119700321e-04
4.831061416323902428e-04
2.067594118418597591e-04
2.499598988934675914e-04
5.174285384756094862e-04
3.545467361250718313e-04
2.560834366770504164e-04
5.895758299083099941e-04
8.737644806919662305e-04
4.696998581295333780e-04
6.009519403760738444e-04
3.398880080422006901e-04
3.059854228914976907e-04
3.678331264256968700e-04
1.877902502276954599e-04
6.154398096410645469e-04
7.821838057955194908e-04
4.348032513429678594e-04
4.207263103985321370e-04
4.566523176571130071e-04
1.025246205028525464e-03
1.137862381197633256e-03
3.342271735159383630e-04
3.915591788867756008e-04
3.442407831439365249e-04
3.651363251428835460e-04
4.190236599012819234e-04
5.374243690994653976e-04
3.828656918381412744e-04
6.257746093040098640e-04
7.766784056325262047e-04
2.461950719065500470e-04
1.292171795481255247e-03
1.714734813931463554e-03
1.021580527459200029e-03
1.834895795018096076e-04
1.005476818362342675e-03
1.321217810876072849e-03
3.278003943339347537e-04
5.417427538981199348e-04
3.377085094169884503e-04
8.169119795837410805e-04
4.457666791955512556e-04
7.184666566958618217e-04
1.962498573864568461e-04
1.003631397461514493e-03
5.115356001937277535e-04
3.059585970509521354e-04
5.748856717152794503e-04
5.746800722831117269e-04
2.269040515317715745e-04
1.983299354999857364e-04
4.349943607601612899e-04
7.004800206303551328e-04
1.347114433625519990e-03
2.663161513801974968e-04
3.213995016974281662e-04
1.351904086751937412e-04
5.313589466326299263e-04
3.878600265436215385e-04
1.032065399712862180e-03
6.800154931367323637e-04
2.292276521020683404e-04
3.990433810215868616e-04
4.396000090697892507e-04
1.022642196061422778e-03
1.690450206458191660e-04
6.424285614308040916e-04
4.190236599012819234e-04
1.246469188106944512e-04
3.608060752470275932e-03
2.658736251194363247e-04
7.562942461427959442e-04
7.870809632043160092e-04
3.608553808890203971e-04
7.994547550373694387e-04
3.764276147407976335e-04
1.789014057378841005e-01
4.630420934255322194e-04
5.686631215556499450e-04
3.779313166639255745e-04
7.467799925917722710e-04
7.342899416232254129e-04
6.391714773969695137e-04
9.955935203103880027e-04
2.429927084208336667e-04
3.499849985219665696e-04
1.771820869386915229e-03
1.675069353823817418e-03
2.764737277561363400e-04
9.587111632474238287e-04
7.666109725273410284e-04
2.391261290614966385e-04
7.218285988622803913e-04
1.081473982064195920e-03
4.141532417141098317e-04
2.391261290614966385e-04
6.962807131080641027e-04
4.216488688465525915e-04
2.910842600373555740e-04
2.369638194268659619e-04
2.986850659659408031e-04
2.716628168169308677e-04
3.639007610259231153e-04
4.277361296925870316e-04
2.930551269075794079e-04
4.321175163295507124e-04
1.105301614195453985e-03
5.746721720272545591e-04
4.846537035081377410e-04
8.040579807084736888e-04
1.185295110964159574e-03
6.891073756389751127e-04
2.385236634679804043e-04
4.764273396964602216e-04
2.751683882611793432e-04
2.707565503950876140e-04
3.878689452362803409e-04
1.551734422442815735e-04
8.846924372994841327e-04
5.210852880945786997e-04
1.667284185603011689e-03
2.472747630926530496e-04
1.009558918296656624e-03
3.646354289195711737e-04
3.542359157172375508e-04
9.618483394139028643e-04
4.104079635362577281e-04
6.473509449243242120e-04
9.685745833647388262e-04
8.017270486430327610e-04
7.095404177875032012e-04
3.014912109047356557e-04
1.123255273648213768e-03
4.067380789445059017e-04
3.629317460316662785e-04
7.319017041297300793e-04
5.844051878761702141e-04
3.903420805592802321e-04
2.457688707389658975e-04
4.814818975738491421e-04
6.952191752364605005e-04
6.254110700588563733e-04
8.060878370344269628e-03
3.805975779697811268e-04
1.013164017861239172e-03
1.823294877841347182e-03
1.996452396456034790e-03
1.355107284924024784e-04
2.935347528152450636e-04
4.033411998870328015e-04
4.544818508022972271e-04
7.431526252640063314e-04
2.955286461697923493e-03
1.484796714171030506e-03
4.385097889915793852e-04
1.855649278995959595e-04
3.611754168081092019e-03
4.557178341109622806e-04
5.925643320214385142e-04
7.563257389244155450e-04
7.108207533819856224e-04
1.608691114943639334e-04
7.249337225613796320e-04
2.700502694174107760e-04
6.706102174645239052e-04
1.783566440477027783e-03
3.820298960312239200e-04
8.841088064524890841e-04
1.051028660392928785e-03
6.318093080087229052e-04
4.212661648148442826e-04
4.774503898143284716e-04
4.016798606616583164e-04
4.200406195475309503e-04
3.543876442352101078e-04
4.660271902138331712e-04
3.654493137609569984e-04
7.537548595832557373e-04
3.255613232748935985e-04
8.791887002348163513e-04
7.812437403543016695e-04
1.179010051971962842e-03
2.202975270643783292e-04
2.159772825121022901e-04
3.463300399554227588e-04
4.492684237123785061e-04
1.242011943111348462e-03
6.235474331340907801e-04
1.114385124212937533e-03
4.076485435916089926e-04
9.123537503941927173e-04
4.799992876305291998e-04
3.479626739606058025e-04
4.948873561129300044e-04
3.015244705114608018e-04
1.509443659345302384e-03
2.989751537558279267e-03
7.146018030620852933e-04
5.081503135123404021e-04
4.498054575363411023e-02
2.712910683724399272e-04
1.921098659481860007e-04
1.179356227318796547e-04
7.180364574757623717e-04
1.396922080177142580e-03
8.716761703278031251e-04
5.061494662365569660e-04
5.745763303867331556e-03
7.699924627157961766e-04
7.736527353154594531e-04
2.481799015213790433e-04
7.700178555802106393e-04
2.719475838842871961e-04
2.629185128453473039e-04
3.650893692243539724e-04
2.498682011069105167e-04
5.518377444905564521e-04
3.028566293121951305e-04
6.613909800652757699e-04
4.346561320249568380e-04
3.949010013881523078e-04
7.339841847467773635e-04
3.126084413103800302e-04
1.559982928510279202e-03
1.152478382140298321e-03
1.210406183660067692e-02
7.588507814703321711e-04
7.938104038035100974e-04
1.027360262031193783e-03
6.305622661785342765e-04
5.028107251645858424e-04
1.232566634733641342e-03
6.589085772853309078e-04
6.340099745201091888e-04
2.286973387898327316e-04
1.758873509307666832e-04
6.110833088962986260e-04
1.580436216134067625e-04
3.402617128232285717e-04
1.802696744262357806e-03
6.735636728050434100e-04
2.260233831803144377e-04
3.268622343698408925e-04
1.288276679197575660e-03
7.949181090116555319e-04
4.865649361467142778e-04
3.599289037261919986e-04
2.864380893904570295e-04
2.731075860212375849e-04
3.059436668140611969e-04
1.265984431480789195e-03
6.295368829611462397e-04
3.625504405136509506e-04
5.718433777910433965e-04
4.377476427708882679e-04
2.202317129830319749e-03
1.990077164163989566e-04
3.485675512808276131e-04
1.209551306172095496e-04
7.329337080264935111e-04
1.473262684674694683e-03
3.525976773739490449e-04
6.706402931572398194e-04
3.343516963778173198e-04
3.584892100232623204e-04
1.870251455593670287e-04
6.162525122780570727e-04
5.332324758436362156e-04
3.720084760478626490e-04
3.861010171005008337e-04
4.731183674665223778e-03
1.664422065884990209e-03
1.207615236044725423e-03
4.001471163440669786e-04
2.350504229362408736e-04
4.728758362340570857e-04
2.177386765671163041e-04
6.818779067141037594e-04
4.593560504897890103e-04
5.781048793362283640e-04
1.553439935893424165e-03
6.627129470256325899e-04
2.320779752876482431e-04
8.349057940839776535e-04
5.720888038201602833e-04
2.326783669397172424e-04
9.598182720699409897e-04
5.586399215777787053e-04
3.575437522599422065e-04
7.182202366999931474e-04
5.472999507850565947e-04
1.544965709017859538e-03
4.218730103396055461e-04
6.735999077766030053e-04
6.456234961147832695e-04
9.148387615214907892e-04
3.310738151150158823e-04
2.638032963096650181e-04
2.085793181052267536e-04
6.442213709242861292e-04
2.031712128369403294e-04
7.006538562418805410e-04
1.627051152222377516e-04
3.196012726155309305e-04
1.607471967228232910e-04
7.989339575723867701e-04
5.109343134550141125e-04
2.409149249229419407e-03
3.721331835138882451e-04
2.485582973652467314e-03
5.113840712552587819e-03
3.339058297420271029e-04
4.155718962570481199e-04
1.949894882620312154e-04
5.437639156852346186e-04
4.058834080756753594e-04
5.433428512486534242e-04
5.011063989403000346e-04
5.366259159344462281e-04
4.330787889746715545e-04
2.052731953908740648e-04
2.448906714226143874e-04
5.435924801049576028e-04
2.768659684796173030e-04
1.996452396456034790e-03
4.004027403795290129e-04
3.917379983670863969e-04
3.931470683944882018e-04
1.292171795481255247e-03
2.652328186762218775e-04
2.969195235098118701e-04
2.150411604344816617e-04
3.487611173931707631e-04
3.984611441991312247e-04
7.959941078465015410e-04
3.463300399554227588e-04
3.155254339979938864e-04
3.366635626509425594e-04
3.448920707545882411e-03
3.637783683480169498e-04
6.686039601797269961e-04
1.905596641197843696e-04
1.426485151795827116e-03
5.798559043149149406e-04
7.436228651547789701e-04
3.028566293121951305e-04
3.819892215288082688e-04
4.774098477897077762e-04
8.856284832988520683e-04
2.933098346805657194e-04
5.811562313584147299e-04
3.177762837908184018e-04
9.836304087069952084e-04
9.126961623037287835e-04
1.201307498705913353e-03
2.464121369282647861e-04
5.158238425575006544e-04
7.443302233055634634e-04
5.625456344781052699e-04
7.472025899275706396e-04
3.416683528727588949e-04
8.317866323152430744e-04
3.996675016196262419e-04
8.509323836089333461e-04
3.051834192023078441e-04
2.990018703272223112e-04
1.922360573061273259e-04
5.564186535583943993e-04
5.919222447728485171e-04
4.162213318734048813e-04
4.064538702274767554e-04
1.228127668659845673e-03
2.703758726223373979e-04
4.699144675727693352e-04
5.034737261509639530e-04
3.618495082052041595e-03
1.074912941470667401e-03
4.029299483168948502e-04
3.016166788963154060e-04
1.157345536802756921e-03
3.464114250826510187e-04
1.183588702571437400e-03
4.849396806025276646e-04
3.358230565096601374e-04
5.126391414475315938e-04
1.859001365846547113e-04
2.710036426789095144e-04
1.009207036096838005e-03
1.089317256084060227e-03
3.518955146795111049e-04
2.651323159489414431e-04
3.063907459291624310e-04
9.476955251529401488e-04
6.175482102085454389e-04
3.984340646672511824e-04
4.746120421943230295e-04
4.634605299729249858e-04
2.796488571124481444e-04
9.894223089725209634e-04
2.572106931784307374e-04
3.590505442684673986e-04
2.271894781000542934e-04
2.706729922067910256e-04
3.879329397096714714e-04
6.141740318073391977e-04
3.030770309441540981e-04
2.921813250319850778e-04
6.555731609182407615e-04
1.106305269765070010e-03
1.877546217289931501e-04
2.049760049290839123e-04
6.842692818992926907e-04
1.760346293968718760e-04
4.734192658206565988e-04
4.546064576700396473e-04
4.322015410649717479e-04
1.928541822768598728e-04
4.981863289383413719e-04
3.845303272644281286e-04
7.165218723861789410e-04
3.526241206144704009e-04
2.830601669118465577e-04
1.756281647625159879e-04
1.209551306172095496e-04
6.032931478829012088e-04
4.524924227103543808e-04
8.017270486430327610e-04
3.627074230509994869e-04
3.437627240725000979e-04
5.438012316709744031e-04
7.290073580665552963e-04
2.883689512307285722e-04
6.283680599162911381e-04
5.817033128000032765e-04
7.706517928054922809e-04
6.694638925050757283e-04
5.783293881713181530e-04
5.022196102399313243e-04
3.092445511512204427e-04
9.345115517712021449e-04
1.076294012458072760e-03
2.472927378547085152e-04
2.571569106601889971e-04
4.989715999585829943e-04
2.097542621306644082e-04
1.135506543362448020e-03
2.999668568800989746e-04
3.188909412357222341e-03
3.178318986692169773e-04
3.219576585761147521e-04
2.707325758904831781e-04
3.301809236146539556e-03
3.153775802883241057e-04
2.962395618039831706e-04
4.567143246069061248e-04
7.071447041308542543e-04
5.874304724213261306e-04
2.608599242843624298e-04
3.589440820738053640e-04
2.438988171184649199e-04
4.908774321234556396e-04
9.090988306773060230e-04
1.459886280018969900e-03
4.168641957168305176e-04
2.040707607344163137e-04
5.629561747951705069e-04
4.286430403030865336e-04
4.418594293512657619e-04
5.628332479047095608e-04
5.526291316923927872e-04
3.149344203042735396e-04
1.075885910141086360e-03
1.134150462328989114e-03
3.699109427567282482e-04
7.738806183251147530e-04
6.853601577204037785e-04
2.994836076752133364e-04
3.860751673073045047e-04
2.235669216873293437e-04
4.917876565807361095e-04
4.882021391304389125e-04
2.772891029547175129e-04
2.973185337660625739e-04
2.127261352415018040e-04
1.511403799420140413e-04
3.321575733347333385e-04
7.331155169660509173e-04
4.360771713120245629e-04
3.912898182398350053e-04
2.627719878890974795e-04
3.265214990988400288e-04
2.014383772150899008e-03
5.025514384294379978e-04
9.573672785660628870e-04
5.922870147709970775e-04
3.471237435365582408e-04
4.838477572016358966e-04
6.072604674421865035e-04
3.572792074968942928e-04
8.264922898798942458e-04
3.169824581596832557e-04
5.194098128143928052e-04
6.943914020022946658e-04
1.559982928510279202e-03
2.207390926736603736e-04
4.616970916105896734e-04
6.366952840000287368e-04
1.563751850710085219e-03
2.658736251194363247e-04
3.637412273853316458e-04
2.607932762053982831e-04
2.012314915890778331e-04
2.312868764445537675e-04
1.933481134713583465e-04
1.773614971311238651e-03
1.334955402304576237e-03
6.104454821093187626e-04
6.499554070370098038e-04
2.157503092679499939e-04
6.989903931502196559e-04
4.938456857386443882e-04
7.248866959723341240e-04
4.813226887735100800e-04
3.477879359085064110e-04
5.061623766350295843e-04
3.860912871206568131e-04
5.709455236993603560e-04
3.003726144635573774e-04
1.044845572981893895e-03
8.109858604186040562e-04
2.588672866581733650e-03
3.211696965543424181e-04
7.924700455177987116e-04
7.738806183251147530e-04
3.676418381435300970e-04
5.059780585562695604e-04
8.047423084671635968e-04
2.842329218863069154e-04
2.954309620515488941e-04
8.706953869756860849e-04
8.901698901065265793e-04
1.946593257520005634e-04
2.325994111803321061e-04
7.724850109521646862e-04
9.283199890099990467e-04
6.415766684947370353e-04
5.950696477330267437e-03
3.342765426547565752e-04
2.913211121539857791e-03
3.267195068359337912e-04
1.247133459054653760e-03
4.986775515688574240e-04
5.807616541770896194e-04
1.995178226096708859e-04
5.879241592829988769e-04
3.640188915607550971e-04
5.061494662365569660e-04
2.323018145224996027e-04
9.321445742807269071e-04
2.627399181499825358e-04
9.438910906033115078e-04
2.796488571124481444e-04
2.893119117231205523e-04
2.753501054802464970e-04
2.195953053080701943e-04
1.485446024383451063e-03
4.411832397358648886e-04
3.941728748930991362e-04
5.284257292674071063e-04
4.137875245995126347e-04
4.533884975920416706e-04
2.461288321551154579e-04
3.935178160133599853e-04
3.509856459917957017e-04
1.206577571785432280e-03
9.472328037116558219e-04
3.254884499801578152e-04
3.251865811660728262e-04
1.763740469086697677e-04
2.438988171184649199e-04
8.188782421578502928e-04
1.117958687976426321e-03
1.214296053295215371e-03
3.137067053865556657e-04
8.950249001615879704e-04
7.589161269252726969e-04
6.923110848225241462e-04
5.503540072193643983e-04
7.472025899275706396e-04
3.221871333214959381e-03
5.924694456324545305e-04
2.748364532212425816e-04
3.699109427567282482e-04
5.761164601580136876e-04
1.761792647437382007e-03
4.901239125606760829e-04
1.778541436489945119e-03
2.733918290736736447e-04
1.607233120942758425e-03
1.371558411289677381e-03
2.491048221584899348e-04
1.359665886602908738e-04
8.240681964580698219e-04
3.247941405802643291e-04
5.857083919884298849e-04
1.094453621482964056e-03
6.409486733278267796e-04
3.740200760664320434e-04
3.379031706359441429e-04
6.755584285998729715e-04
1.802101029634098903e-04
5.532433224644021062e-04
3.098047787346899632e-04
3.247941405802643291e-04
1.789387454901869296e-04
1.473262684674694683e-03
2.669443026332048597e-03
2.787805747573457861e-04
1.482324875335100768e-03
3.844374573913396527e-04
3.672595950128631874e-04
3.548212721621821241e-04
2.555513938895981503e-04
6.644921227052816249e-04
8.986288430233751231e-04
1.768596952383314999e-04
2.625374998867072477e-04
5.438641167090921746e-04
6.992725307565455075e-04
4.572798165619759649e-04
1.980053343059464364e-04
2.421334750947946000e-03
1.065248971972858729e-03
9.137035440429521578e-04
7.959941078465015410e-04
4.256881512764201228e-04
1.468187563689890259e-03
7.856630422686538846e-04
2.970736594932058775e-03
5.103770359997246951e-04
3.515405291396519203e-04
1.276672266891790532e-03
3.106643905133860519e-04
1.031736010534655291e-03
2.571709385761607809e-04
1.694825735646787854e-04
4.906818083824588186e-03
3.842798465548643606e-04
7.304335153826662904e-04
3.809929002724246161e-04
1.065485679944574299e-03
3.382097577263816534e-04
6.504287796483931416e-04
5.870494122233219612e-04
1.857028863447644210e-04
1.557077949301368660e-03
9.923471070403756724e-04
2.895997252697495071e-04
9.721102546993673791e-04
4.554699189709651469e-04
3.802243417315426645e-04
7.782286479357435277e-04
4.063322235064545265e-04
2.811568715635182048e-04
3.845765666893462991e-04
3.541732038245532085e-04
7.061568462381758804e-04
3.032007096632331777e-04
2.328714391347614049e-04
4.110493990409379620e-04
4.002695358504990359e-04
8.317866323152430744e-04
6.550112999287838970e-04
5.732705205566750953e-04
4.768486344386262403e-04
4.904985661012442426e-04
2.037526656749579152e-04
3.508641833319258059e-04
4.334868892063246373e-04
1.034837224922306948e-03
2.660986507172262362e-04
6.579478095206692289e-04
2.702049269870972345e-04
2.377291799740970134e-04
4.842927173243764295e-04
5.963312428812577153e-04
4.011883997031065181e-04
2.658179923788935636e-03
3.468222180760318143e-03
4.847484725440792393e-04
7.538625478332188932e-04
7.032712738652284511e-04
1.858160727002978194e-04
3.644578269772476373e-04
5.972510432536323700e-04
2.012274376933557377e-03
8.472059033681572605e-04
4.261459790672505110e-04
7.081602621456013378e-04
5.457030785622393179e-04
3.752773964990146973e-04
1.917404101413511968e-04
1.180859931129593383e-03
3.991203484249367843e-04
2.055960099350538932e-04
1.858160727002978194e-04
1.019593187370467511e-03
5.267157066254772894e-04
1.766167644137001894e-03
5.119442699930895884e-04
3.373027516511523344e-04
3.880119425947144217e-04
5.042388029578969560e-04
9.535473128002353764e-04
4.810927167017643095e-04
2.935212326728336204e-04
3.805943572359309903e-04
2.253702361513906978e-04
1.355045457353909336e-03
8.270564303181637128e-03
9.733280945787070376e-04
5.924107561172555327e-04
1.755431766347370387e-04
4.787489986012037125e-04
3.272113234423754710e-04
2.055241084504999701e-04
2.220964354879742964e-03
2.463593735120531863e-04
2.441736007338196797e-03
1.967237534453985994e-03
6.980801763093755219e-02
7.233828155224556172e-04
2.940032276788520464e-04
8.253236512996219671e-04
1.572687315322736801e-04
8.129604085926992211e-04
2.311018957424894273e-04
5.842007933742082324e-04
2.391814705155437487e-04
2.068776241291783843e-04
8.094821241704783015e-04
6.374450333841751373e-04
2.185296180271911043e-04
1.098942657417573609e-03
3.406724459848568267e-04
7.454537183586182293e-04
1.259037234544569924e-03
2.053731985460533372e-04
3.928566059452295606e-04
1.138574171371261419e-03
9.139276189514297481e-04
1.179321026172406792e-03
7.223741491088591770e-04
3.227292773720518738e-04
3.328771616111020825e-04
4.499861388195273092e-04
7.199257128884493928e-04
4.198460055867423097e-04
4.309064233397751791e-04
6.499554070370098038e-04
5.911708143069844927e-04
9.523686984711086283e-04
3.992098265725352768e-04
1.549414659181995706e-03
4.491777264960508144e-03
4.723988050970470936e-04
3.909830215336861504e-04
5.721370052301911861e-04
8.707150019689843161e-04
3.546593678379798094e-04
4.308398443924297020e-04
8.779471809960426049e-04
2.434999518595941121e-03
7.821239701413936710e-04
4.490005908674859787e-04
4.363988626006698262e-04
1.364501536912680934e-03
9.091812346955661581e-04
8.248216160566606506e-04
2.406557196739633731e-04
5.204812152384221844e-04
3.277147070100390556e-04
