1.543324191533300286e-03
5.028932931214240764e-04
4.806797241437003767e-04
1.612685246452686587e-03
6.447309940067798154e-04
5.336039868118960935e-04
5.050545771575985212e-04
6.073885126883625139e-04
6.826922950948802150e-04
2.218787883640832657e-03
5.662347499570189987e-04
4.558010183152845464e-04
3.090482783338662355e-04
3.598214774738210837e-04
8.135511292932485561e-04
1.539982634470254182e-03
5.195170082633119571e-04
5.165663790588684821e-04
1.326068777732718846e-03
9.282080821420950201e-04
2.055082538058868469e-03
1.070747589701261278e-03
1.286350629791314709e-03
3.382128128487100604e-04
5.413716005470207678e-04
2.712244178722372778e-04
4.019072913308675919e-04
4.036834309931436847e-04
3.131184497520872988e-03
4.965872664348632611e-04
6.474815722758981004e-04
4.922657344391515076e-04
3.226212218098180036e-04
3.067076114422330837e-04
6.578461129594951814e-04
1.324812346858525273e-03
3.167889673147349615e-04
1.100157502946467504e-03
2.025255037091637598e-03
2.868301815337499089e-03
4.515149266148567038e-04
6.678776660184079480e-04
6.937193782784683129e-04
9.662751433113066701e-04
2.397795478324975965e-04
6.960958948270354763e-04
1.821512302525389896e-03
9.961702108215524879e-04
7.532344726867062695e-04
1.565265770632105692e-04
7.020905975355371583e-04
5.168297271901593336e-04
1.691655069573692969e-03
3.194584031904840193e-03
5.550901539162553374e-04
6.793562742102919431e-04
3.119017263168780141e-04
1.098630701537837550e-03
1.512788840207968891e-03
3.819992081536938253e-04
9.967420140029122251e-04
3.116992177500868132e-04
2.384758306246433871e-03
4.973253187259108572e-04
6.754547770165994199e-04
8.811086701977415090e-04
9.124185723020581925e-04
2.859485217566183862e-04
7.692035074639216744e-04
5.810864198088727499e-04
4.696957175236028247e-04
2.912462423256451691e-04
4.478530477171841634e-04
6.671982084914543842e-04
4.408775283949831507e-04
7.985188250197738230e-03
3.261565285415443790e-04
1.924683084470728755e-03
2.343254978263219906e-03
6.949200437205723226e-04
2.101416184045602591e-04
2.665859358253635115e-03
3.640063092514064899e-04
7.166174097224055394e-04
1.470453767009850419e-03
6.060738356308815978e-04
3.725305989423732225e-04
7.169777772562850940e-04
2.912947837943071741e-04
6.478984320583544218e-04
1.684231302479263651e-03
5.236942510265641228e-04
9.306645976092646922e-04
1.964598777343763269e-03
1.003251520143375129e-03
5.205878357028919604e-04
9.984385938739902787e-04
1.312185497232057612e-03
3.438874717630324165e-04
1.998577389779347766e-03
1.188877288266674929e-03
3.776697998998666860e-04
5.890117596132794656e-04
6.466334384122087451e-04
5.306566143060163299e-04
5.313585973731633529e-03
1.783822555132165508e-03
2.146272671668400002e-03
4.657644121281551380e-04
8.430660170654827703e-04
2.892619750808253488e-04
1.150727269415573878e-03
1.060907215388231812e-03
7.897442347904245086e-04
4.956180224033804446e-04
1.065196856712202289e-03
3.609697042529413295e-04
5.969178988813182056e-04
9.119514435245991381e-04
1.104228702872016082e-03
9.025903756656965650e-04
1.060428767329922887e-03
1.987029383987356200e-03
2.158068969538898350e-03
5.604404776830774950e-04
5.189182810406582419e-04
7.607516619589194768e-04
6.963173465304456225e-04
1.905295723956772344e-03
1.363155265034691685e-03
6.995767734047080456e-04
3.855164886210435665e-03
6.164717287254334582e-04
3.506444567729451504e-04
4.871850209495489151e-03
1.863505842822135760e-03
2.186252982108466837e-04
1.002945389120578693e-02
5.722372513336182681e-04
1.126136390467180962e-03
4.362291784215235196e-03
1.369033424395903805e-03
1.617627501077448368e-03
5.569889667389191831e-04
6.370599377213244591e-04
4.549273946228667848e-03
4.759159420158137559e-04
7.303936311995090809e-04
7.926628562461735406e-04
4.328336372183134149e-04
4.687702092800890533e-04
4.733797305188714236e-04
8.608922385237872390e-04
6.418480423288884257e-04
9.975078247519968567e-04
8.743320269217012136e-04
2.845491436558110856e-04
1.326068777732718846e-03
1.166417036567642031e-03
3.535056214550911071e-04
4.759429108138448633e-03
7.293612003060621950e-04
1.553381278728259169e-03
1.284813394722101459e-03
6.843776510007704454e-04
7.848458383902234001e-04
1.751545619914716316e-03
5.961432850313158659e-04
4.021256811170688633e-04
4.756557999333053607e-03
4.227345117113000912e-04
6.094759846273845646e-04
6.603305447016498755e-04
5.921151407979924515e-04
2.599554308758446884e-04
4.215971908788268053e-04
1.213732021813329273e-03
2.590210663357965688e-04
6.157941061020947085e-03
7.189378875346698946e-04
8.125886227689934314e-04
2.488952420169263644e-04
7.361703309922870394e-04
1.437848630709979937e-03
6.966312170704847071e-04
2.671282402089537530e-03
3.199254457863106270e-04
8.471183042479334905e-04
5.638411034446741974e-04
1.979276801119601078e-03
8.651301445570095706e-04
4.362291784215235196e-03
4.968178036836056518e-04
1.787198447216060016e-03
3.431117687370122214e-03
3.072117492759075374e-04
5.969909261267546466e-04
8.139111600649150515e-04
3.614472912922883966e-04
6.511712481324720110e-04
3.049563130708877893e-04
1.229925544947680716e-03
7.556085156174630665e-04
5.359464049226766958e-04
1.163005363671228273e-03
2.437711342703473576e-04
2.888164482110509640e-04
1.099243870920661292e-03
9.168453274520544120e-04
1.447342392780439800e-03
1.304840159872010415e-03
3.612402637240772212e-04
4.309514607774703253e-04
2.618335513962309190e-04
5.140989736665127008e-04
1.962203336254361198e-03
7.182427148345693711e-04
1.501837688616330414e-03
3.594578917440134679e-04
7.773748622005813855e-04
6.338074422072046766e-04
5.953582781757546082e-04
3.646867121153037072e-04
9.168453274520544120e-04
8.310019510263166658e-04
3.196815493650974577e-04
1.023982525199825140e-03
3.815894310948753413e-04
5.653604673382734347e-04
5.722372513336182681e-04
5.821447189770402727e-04
1.237958322141525418e-03
3.758939011901210364e-04
2.967120284973573125e-03
7.390724606177420967e-04
9.924379479965758644e-04
4.762596980166152469e-04
9.462534392324242847e-04
3.184544604611347406e-04
2.655475902685818261e-04
2.826749277753127718e-03
4.931182213718857382e-04
4.952343298967875089e-04
8.894087848263177104e-04
2.395837535776440628e-03
4.089905093039269664e-04
2.849568466832071070e-04
1.068534161358319174e-03
1.941954883937212347e-03
1.944593049292609810e-03
4.605426050901981986e-04
1.380722455084882347e-03
5.456838690099171264e-04
6.590717214609611825e-04
4.899737169951390347e-04
5.761412330731708557e-04
8.649863360708700145e-04
4.387393184523926586e-04
4.432673962828285021e-04
1.347783180228894710e-03
2.771004172814481780e-04
7.880238314808128046e-04
7.900460932558687165e-04
5.245730512455788188e-04
6.206257897825963928e-04
2.267940292763664034e-04
5.249708046721873181e-04
4.003459013597362288e-04
8.377781183948119267e-04
5.783970092707450047e-04
1.769696378050488773e-03
4.411198031589490319e-04
2.056562867194093504e-03
4.506629814115861699e-04
1.126188890831136911e-03
5.476086371837561627e-04
1.561248919772117300e-03
1.939996844246562237e-03
3.699501417108412918e-03
4.404111052480492441e-04
5.720102828276120996e-04
2.805254385084152147e-03
6.575999248269694640e-03
1.659284529312901905e-03
5.715670887321022166e-04
1.059540389076973855e-03
4.188727759218768094e-04
4.361668105182839295e-04
1.466787955928623797e-03
8.615053454285530972e-04
4.040473281293921904e-04
2.726903231005444405e-04
4.098239343150579072e-04
1.971898891547135737e-03
6.461596645641048010e-04
3.133763293820771446e-04
4.586440156875860180e-04
6.800036285755439247e-04
5.627997854338441606e-04
1.194792535833368204e-03
1.108436132419781273e-03
8.144576384886532093e-04
4.247019439465877632e-04
8.960908515752503056e-04
7.131175207624098483e-04
4.219379116699116506e-04
9.197783228753877776e-04
4.345615760962995462e-04
1.518077576207444877e-03
4.864138509057802911e-04
6.706676795791494724e-04
2.856416861340518518e-03
1.063979162218235425e-03
3.817814920024779120e-04
4.422331127643637570e-04
8.348669103712633719e-04
8.757008516808889890e-04
6.961482378510829624e-04
4.638332111956045456e-04
1.093786705661582790e-03
6.598934389301498683e-04
4.465453118123447851e-04
1.823798058694619108e-04
1.706013545424643315e-03
4.928261379958108783e-04
5.045311017270707890e-04
6.446855277766979806e-04
8.216505781067573932e-04
6.908817743503842300e-04
5.853926499945646912e-04
3.229924820370946208e-04
4.517852348536279309e-04
1.788053582788861826e-03
2.612211861848484748e-04
4.181590330151116735e-04
3.846258866098440656e-04
1.424218252706525292e-03
1.678008293654239527e-03
8.896140048810334544e-04
3.344291295811949692e-04
1.179331826700070855e-03
7.116940919605947583e-04
7.053336584845686747e-04
9.119514435245991381e-04
5.552760551723657546e-04
4.094714046564446475e-04
2.984123010297052474e-04
4.086441528274271451e-04
4.941232807905810657e-04
5.289193142702017496e-04
2.096961079511183333e-04
1.853239878119811255e-03
1.383899833363779310e-03
7.390724606177420967e-04
1.988694583496909696e-03
5.972806979376491356e-04
1.505747223397745169e-03
1.466722523450081405e-03
1.097118822725124797e-03
1.005644868263800683e-03
7.755700215461385199e-04
5.667785229347927856e-04
5.010615603719039551e-04
4.195266753744403276e-04
4.248386786336536404e-04
1.206297621077127066e-03
1.418870252631303707e-03
3.493543871687451057e-04
1.209296958018922334e-03
4.292984040587847984e-04
1.684672688197668029e-03
4.402802184105923796e-04
4.605967797472165759e-04
1.501159239425342139e-03
3.310061303425977804e-04
6.331788781606602877e-03
4.345887179668642044e-04
1.813933790943127178e-03
5.055553067989709739e-04
3.633332541265664418e-04
4.050488791302354354e-04
1.455938418546997345e-03
6.555451561607062404e-03
6.900573506503937006e-04
6.632741570055376325e-04
8.041158068082054173e-04
7.106608516296822504e-04
9.016150970218250694e-04
1.723168862045876054e-03
2.434152086448936254e-04
3.569794414125256163e-04
1.196581240912154972e-03
8.024108314295255251e-04
7.030230268618701444e-04
4.478212115441774599e-04
7.233096843542109917e-04
8.646579072833132694e-04
2.245326381761846111e-04
3.547897712731743901e-04
7.240973229408502118e-04
5.828846195367890426e-04
2.253091049329109734e-04
6.151223697673314020e-04
2.484778262134425372e-04
4.182746316919460933e-04
5.186524034982385994e-04
4.122102134157792832e-04
1.022009939083622435e-03
6.429504833542934276e-03
1.738972986916973145e-03
6.505414529397871622e-04
1.051590225340629870e-03
2.290725974483506008e-03
6.442565200725547218e-03
7.996325405105242411e-04
3.697020994227324248e-03
5.389836892508453707e-03
5.514787571580780914e-04
1.924683084470728755e-03
2.495603246285257371e-04
2.547702236267538624e-04
7.251655403971259736e-04
6.510373110307816772e-04
1.274761326086281581e-03
7.762342782098684410e-04
3.386501590812937730e-03
1.144988066590038166e-03
6.461526293262205740e-04
7.300494130482945449e-04
1.798658332262059734e-03
3.166501207090499322e-04
4.640360354055841994e-04
5.972577352339142418e-04
2.475204946517239207e-04
1.282104498797422909e-03
1.500668716795593724e-03
6.935261388579307693e-04
1.249265929602289948e-03
6.757793921008054330e-04
9.736443114374955477e-04
2.826749277753127718e-03
8.022498403444967841e-04
4.321421848697656518e-04
7.031276772191513138e-04
8.361454340635697535e-04
5.274864891713511826e-04
5.441831050798047248e-04
1.222602125871567660e-03
6.414486354192946299e-04
2.618335513962309190e-04
3.716340151436273729e-04
2.638397937845496258e-04
1.013724522447370007e-03
5.383336423635515624e-04
5.850406210441096893e-04
3.118688134283555732e-04
6.592139705842169116e-04
9.933110302652696511e-04
8.866823850909556163e-04
1.552466603109167276e-04
5.707596809420211956e-04
2.699893593354607394e-04
5.569889667389191831e-04
6.777506167956062018e-04
8.608915495060910422e-04
5.841763175134653341e-04
1.925290087647510851e-03
6.856229671180019908e-04
1.963313561549469256e-04
6.754547770165994199e-04
2.252853959091955188e-04
5.667785229347927856e-04
3.813244643238697146e-04
7.412973125575077898e-04
5.512195690382757371e-04
9.052565920179015064e-04
7.250461314387207168e-04
3.843375492208587368e-04
3.843611175318552352e-04
7.585015797445102863e-04
4.140722546746620526e-03
4.535173472296076579e-04
2.651327935038896660e-04
2.805035975579811373e-03
2.516169756216165058e-04
7.620798775523032103e-04
2.435336752513492080e-04
1.789026817975685000e-03
4.170946697050394321e-04
8.634551060271340728e-04
3.174355633963117261e-04
3.018565290315686927e-04
2.341212769984712342e-03
4.294886533431937332e-04
9.486530519955654450e-04
9.930583315132736517e-04
1.046467054224154173e-03
2.937844327058603509e-04
2.525875730247225878e-04
1.167871897465154289e-03
1.075949206120872196e-03
4.914365738170747367e-04
1.720592064581215764e-03
3.507650146211713595e-04
8.710564900725318617e-04
4.232722139003890281e-04
3.581767894118756922e-04
5.519976168545797117e-04
2.421895223367439426e-03
2.546429234289112643e-04
8.503574092328463306e-04
8.660427433845942517e-04
6.436685758924816153e-04
3.979678015197735054e-04
3.871980787060829939e-04
7.412893663577798439e-04
1.048883160241561360e-03
9.622450649068836062e-04
4.782853366348046188e-04
6.371165786134650464e-04
7.898981001640267363e-04
5.963620832332465959e-04
4.699150008392595458e-04
2.138338164698889553e-03
3.769407242410082902e-04
6.817086002365322977e-04
1.235539720985496690e-03
7.440955601473800418e-04
7.279312992993205913e-04
3.017347369383651030e-04
4.063119621262629034e-04
3.609338379655904392e-04
7.315846499259281467e-04
3.685225787238990231e-04
5.590720446171631303e-03
1.269456866559701353e-03
8.035798369960053941e-04
5.972806979376491356e-04
4.494110025692498096e-04
4.329112807482946371e-04
7.385316880399076618e-04
1.029491295585240745e-03
1.555133558779891057e-03
1.488704557799793099e-03
2.631359212062560869e-04
2.573123528455970250e-04
2.255016537807977230e-04
3.093746060996228659e-04
1.326669014849143121e-03
5.653360935193923673e-04
4.163477462961899024e-04
6.252967230295212488e-04
3.194488165521364078e-04
3.301670361032313784e-04
4.097723251838180573e-04
8.233379829718400411e-04
6.015267754113811684e-04
1.592983039454320309e-03
4.478226116580375426e-04
2.702052461686874096e-04
4.329655259013583763e-04
4.473551373815164568e-04
1.002907588158213036e-03
1.521815702350505159e-03
6.329724924623814260e-03
8.205120318361679458e-04
1.124093934617546820e-03
5.267150594620329277e-04
5.515151496637696934e-04
5.281341146092722498e-04
5.892743901159793254e-04
3.798875874662909760e-04
6.756533107490411000e-04
8.247276972618538659e-04
2.735511015562937264e-04
7.777430727081781391e-04
2.339050175775600308e-04
5.036892438921135176e-04
4.812661524197986754e-04
7.646940149643294792e-04
4.841645732056920398e-04
3.348402065805853060e-04
9.240764766290900578e-04
1.148197120353663123e-03
8.651833163577827982e-04
6.106382391316055123e-04
3.772077980192770790e-04
1.308616422241430698e-03
3.526379818212114548e-04
5.843609024290972922e-04
8.058326012010415653e-04
1.621658422580009502e-04
3.066765351901161040e-04
6.305237094944127858e-04
9.287069482918291303e-04
8.239632751856112080e-04
3.468255066149726162e-04
7.940526633759292276e-04
1.206786526994665628e-03
3.942500823515715405e-04
7.320713724071404357e-04
5.553597612104070515e-04
6.598934389301498683e-04
4.414182225144265429e-04
2.699893593354607394e-04
2.561592268563925561e-03
1.527766532987849448e-03
6.436737534295421592e-04
2.146272671668400002e-03
4.766002310056560482e-04
4.765249713895016934e-04
1.434512016895808520e-03
6.752140159119571260e-04
5.809691461839146644e-04
1.255354258116925161e-03
4.741330970929165606e-04
3.037059214283825757e-04
2.439197026437550219e-04
1.398547634753166896e-03
5.323351895623929008e-04
7.030230268618701444e-04
1.886505061801074150e-03
1.061236451035528928e-03
7.227637580390793882e-04
2.790082034316779930e-04
7.589485051671189227e-04
3.459766213072274638e-04
6.090472733035332724e-04
2.578121063827988960e-04
5.305167553505821861e-04
2.524913063496003426e-04
2.580678644430446601e-04
3.006606463314862379e-03
5.448891078398048014e-04
1.205798850176115601e-03
4.739681038978152232e-04
5.693479912479299790e-04
1.293586392159476114e-03
1.079277965234710533e-03
3.235147364798689586e-04
9.788236012973551992e-04
4.400848893654345250e-04
4.657291772781609680e-04
1.578819575640701741e-03
3.388705920592166077e-04
8.208974286905804411e-04
1.953675203623112932e-03
7.887835162747214735e-04
9.935214497453505843e-04
1.134387121087843901e-03
5.683255722080587718e-04
5.617741192471518855e-04
2.683126974531533791e-04
1.180030029665723968e-03
5.492084130838485170e-04
4.073751100758717255e-04
2.802023422537399874e-03
5.220030126790333293e-04
6.102928065033756027e-04
3.250612837798423139e-04
6.182894509462403664e-04
7.224877941437102746e-04
1.163682547388551237e-03
1.899195775751653026e-03
9.769715507669163215e-04
4.838580144278198749e-04
1.379985350694254691e-03
3.515458364446282782e-04
8.316092672558700761e-04
5.358362090957569145e-04
1.966305407911590579e-03
2.300708909052040941e-03
8.163248000029234980e-04
3.833859238376724401e-03
3.170666888416499157e-04
4.164890325520407915e-04
9.131422238087764497e-04
4.088435188603660106e-04
1.155875581583640189e-03
4.714876084290348796e-03
1.170216278123141235e-03
1.527766532987849448e-03
1.863505842822135760e-03
5.994844790088832941e-04
1.427968821562688702e-03
1.881236157791785170e-03
7.067285803196113759e-04
1.853095457078677557e-03
3.937929756972578105e-04
3.770183257017805560e-04
4.774584930563967582e-04
2.118341844526480796e-04
3.301670361032313784e-04
3.023624188043222524e-04
3.455418741875017829e-04
1.801326293665489941e-03
1.139642332592819994e-03
5.825024777928387333e-03
6.092685213561164223e-04
2.640005955942859332e-04
7.583485544456613093e-04
3.403015638167685483e-04
4.960410411995576710e-04
1.472018700585228353e-03
6.918411794835168131e-04
2.416080056131987704e-04
5.760667287241083697e-04
3.776499549194218858e-04
2.837268499664276963e-03
7.580960387463849936e-04
7.563403650052688337e-04
1.382246986184372181e-03
5.873264452932470394e-04
6.166091424562551845e-04
4.008545373752825315e-04
1.059469969950656201e-03
2.076373531410177862e-03
1.059680196191399625e-03
1.701291314808474819e-03
4.214864690620534092e-04
3.905014269322837090e-04
6.544061045171763354e-04
4.365226083210636127e-04
2.266796644752794732e-03
1.414805129190845404e-03
3.318021084009621082e-04
1.411747466773535277e-03
5.097219676861750948e-04
4.462616051610020056e-03
8.262430963587836337e-04
1.038923772335341488e-03
6.302935751423948416e-04
9.912117260445217279e-03
2.792375684314787497e-04
1.981013836444067873e-03
3.092013651408646977e-04
4.892768979926228300e-04
8.599120096027082797e-04
1.521330879247218860e-03
7.251655403971259736e-04
3.977581760497590356e-04
2.437461785808756314e-03
1.967022283719978195e-03
6.603566638456712145e-04
3.705247984154593486e-04
1.076613601486967357e-03
3.672910532803157647e-03
8.745402708485042545e-04
7.984865353840483451e-04
5.081630199418974781e-04
3.257905096985216258e-04
1.772198041077829942e-03
1.796243260870527755e-03
1.074458735947947038e-03
6.757004357470132319e-04
2.398792509624764928e-04
5.120801881887284898e-03
3.908736601850906463e-04
4.826021562699821959e-04
3.671186478667758102e-03
1.282140213007345892e-03
4.826521069033751221e-04
9.118036855842566674e-04
1.645186579530619328e-03
1.000447527256354040e-03
1.819681636520567233e-03
9.495450544564697053e-04
3.187510590369796188e-03
4.422718401603145774e-04
1.169617976821179248e-03
5.553597612104070515e-04
8.519270426725346042e-04
3.855164886210435665e-03
4.040806051553773271e-04
2.285138089038238731e-04
2.370805435547199570e-03
6.138827440138266240e-04
4.442440608082362649e-04
1.603281357236677977e-03
8.899786388043459369e-04
3.823481553189073861e-04
8.082558544131129797e-04
7.522272094422534231e-04
3.713594601131284039e-04
3.667425734380683308e-04
4.544100741438823125e-04
3.634309702520719179e-04
4.487732345280677233e-04
5.223356958242250268e-04
5.583519306520954347e-04
6.995767734047080456e-04
2.599554308758446884e-04
5.841763175134653341e-04
6.644936486643240187e-04
1.046956681452935025e-03
7.928079543996685357e-04
5.984862431088737054e-04
9.456198057907445409e-04
1.778389604556046945e-03
3.266785650919140768e-04
7.548119465535734580e-04
7.676149916337478936e-04
4.919994444186314700e-04
5.497315174127444031e-04
7.226387862110795861e-04
3.267801195888214694e-04
6.447309940067798154e-04
5.865452150785778343e-04
4.723409369244396913e-04
6.869224551788179981e-04
1.743950582828406167e-03
9.788236012973551992e-04
8.334768881864177380e-04
5.179230560478087497e-03
1.779612500145606865e-03
6.772606394183022186e-04
6.229650290726796574e-04
3.515743003746982101e-04
5.371781667386587135e-04
6.157941061020947085e-03
3.318911600573327958e-04
3.649966439974747863e-04
3.498202660678319731e-04
8.190161415505052512e-04
6.349839716987251172e-03
4.263478822645039995e-03
3.441104966349122418e-04
5.243287082027643480e-04
4.660991254306970084e-04
2.053366657813850745e-03
6.401808391035368299e-04
4.020541994261426968e-04
5.016219323200113954e-04
5.648738011426332689e-04
1.075926066016787792e-03
1.217903607833457393e-03
9.321017707605838958e-04
9.294641593930506960e-04
2.369336479204760173e-03
1.045781275064026645e-03
1.069496211890558560e-03
7.851024275709389197e-04
6.952339842171841684e-04
5.502847531008937722e-04
5.881768950759657527e-04
8.297468695780252758e-04
4.282827820682032650e-04
1.015287157103782374e-03
8.780046072306789797e-04
5.462220862928868605e-04
2.706855793219802540e-04
4.577080283717604287e-04
8.880688910305242073e-04
4.410333012846948553e-04
3.339725010873056347e-04
5.499755765565907378e-04
4.508606927950079154e-04
5.814899050031003755e-04
3.326240379295563655e-04
1.085958737236348941e-03
6.091592975345519684e-04
6.870000869265050587e-04
7.478676281966964174e-04
2.106425839138495112e-03
1.152391187180451700e-03
5.347820074581571695e-04
5.029807212923019131e-04
2.443667399191554006e-03
8.726269428742538690e-04
8.802301723280244296e-04
9.296181048323940701e-04
5.433540510510727816e-04
8.835185184959501881e-04
1.554550643184986420e-03
5.234117505855001053e-04
4.454867982275825941e-04
1.476811664724792320e-03
4.812661524197986754e-04
3.903925967488866187e-04
5.941077577501066619e-04
4.111494497325896870e-04
3.257905096985216258e-04
9.008805626777623013e-04
2.170660845637707032e-03
5.569889667389191831e-04
5.372047915873544776e-04
1.433244777080998908e-03
3.797493397481486836e-03
1.280360591538328438e-03
4.031741230758754046e-04
1.286350629791314709e-03
2.755692481292794697e-04
1.833186974637320173e-03
3.539119109630242460e-04
7.377793063162405322e-04
2.416080056131987704e-04
8.352253867123301135e-04
5.558662083162452423e-04
5.042375055386908150e-04
1.096114133177638001e-03
4.706687554456931303e-04
4.129347827767121024e-04
1.742775519260546463e-03
3.086466302569887497e-03
1.054085368792660867e-03
4.282982143139168986e-04
1.167119622468137463e-03
5.869539430287205178e-04
3.916545989149917257e-04
8.276250647778142077e-04
1.111977879011783171e-03
4.186345812370834509e-04
4.440324875691595459e-04
7.345212069660596570e-04
5.466922933960104928e-04
1.934516579844601644e-03
6.257877058226154598e-04
3.900094667244158146e-04
2.277862734741152324e-03
3.973064763364471137e-04
4.634477436677918671e-04
1.101614368358938946e-03
5.342433588035704062e-04
8.287347573505096958e-04
2.780055950565860426e-04
8.827744799791811987e-04
1.277713154038758727e-03
1.568079531451848025e-03
4.010293192323288974e-04
3.849489903073885304e-04
6.056659469523642016e-04
2.245128325835175562e-03
6.831775921662907019e-04
2.782698096989710650e-03
3.459766213072274638e-04
6.027890554927737383e-04
5.385105053933839005e-04
8.763212080351452096e-04
2.400378592447528422e-03
1.006149453328151946e-03
6.171157908091864756e-04
1.697130557185223560e-03
1.897515595742365821e-03
7.174559252296883096e-04
8.465052549638139509e-04
3.828318169664919959e-04
4.282827820682032650e-04
4.334752565481846663e-04
9.161621785129492020e-04
5.904284092875994100e-04
3.149797919372366076e-04
1.082200222097036250e-03
2.697704878325139820e-04
5.498990532425957313e-04
5.797798714040592553e-04
2.686711933891900816e-04
2.023305085818556670e-03
9.264767412793995958e-04
1.232531579543804257e-03
1.563258245715870923e-03
6.612430566527721524e-04
4.557205541994180267e-04
4.791130708227832173e-04
6.370933050454822893e-04
1.004740482282148522e-03
1.044047129158925079e-03
8.217533749233515246e-04
3.224551979594901378e-04
2.132532594967193485e-03
5.080035379406613438e-04
1.534684705262770845e-03
8.113225790737017048e-04
8.649697734363554803e-04
3.216343471780335589e-04
2.356506765820461753e-04
6.681812716072867966e-04
4.585185690776004625e-04
5.879755860576712720e-04
2.042633144720317135e-04
1.109454192613746086e-03
2.686614017490302105e-04
3.571171831327734887e-04
3.301670361032313784e-04
5.950669708142062577e-04
5.135807689502468187e-04
8.106610244231044447e-04
3.539301538193493149e-04
2.706634758751287249e-04
3.451687480077092929e-04
7.536959586201691114e-04
2.889668856099273362e-04
5.417994106243413134e-04
5.006595359585622315e-04
1.213732998523099410e-03
5.847390600876217542e-04
1.444175742129491340e-03
1.146435159600786482e-03
5.898466996503797227e-04
6.440414037125730649e-04
2.218125256060355689e-03
