6.490786236073044484e-04
8.019813494302759516e-04
6.387764341177017179e-04
1.521606528842936673e-03
3.530723952608156246e-04
4.849873798026472691e-04
2.789573170323348251e-04
8.900718214451714154e-04
3.875234195094088424e-04
5.665730849509753022e-04
5.483222799478900235e-04
3.843677847721904705e-04
2.914692922352704173e-04
5.151892786815452782e-04
3.235281154638815649e-03
8.542394717901428871e-04
8.786911725717976929e-04
9.546962900243787485e-04
2.072576449429336105e-04
5.987098997357598578e-04
6.202942384403191053e-04
3.595147710026765607e-03
1.799863897136388252e-03
1.383938018281069288e-03
7.662991248192543414e-04
4.810487423567780794e-04
4.079361127423391923e-04
2.745806129549387760e-04
5.214600074864736380e-04
6.822116029521805387e-04
1.016544643303509072e-03
2.549905868333695626e-03
7.681566457966811957e-04
1.389529526453557639e-03
5.852306275438806356e-04
2.474842121778083812e-03
9.079190730264016362e-04
4.911351538372112947e-03
9.315625601609626820e-04
4.642902888566809399e-04
9.546409457611691220e-04
4.647385403656222784e-04
1.109793342431375767e-03
8.064820714446846624e-04
1.753328091968908362e-03
2.815361730871593447e-03
1.135545801075747143e-03
1.161654724039960394e-03
1.013333515162298613e-03
7.499410115360932152e-04
1.354838703701320495e-04
1.956579903175767639e-04
2.668442177657950019e-04
9.728167830831221550e-04
1.658116005277435884e-03
4.528639551780879553e-04
2.052944325006431613e-03
3.445947490811335895e-04
4.077486237956584516e-04
2.359297092881036846e-03
6.542511360864944033e-04
6.039439368315416105e-04
3.400363459069455515e-04
8.559787968451301049e-04
9.117908559168248252e-04
6.310329845562852530e-04
6.089306841390439585e-04
2.961954844517828214e-03
9.074199400510656564e-04
1.101804680822441023e-03
6.756239316369852012e-04
4.602855893369150997e-04
1.159706032498664281e-03
7.233511220423123524e-04
7.289093755554864728e-04
1.743384989541242082e-03
7.801423393166998996e-04
1.071270925332693967e-03
4.886034448783247146e-04
5.193510864038107912e-04
1.030448997627996920e-03
2.567016642948807890e-04
1.038834290616920267e-03
7.801797735871861565e-04
7.569399102599951848e-04
1.134465286077602662e-03
1.043236535757453495e-03
1.034099814693598303e-03
1.445261985571287978e-03
1.038509107064961023e-03
3.776372386814629434e-04
1.475616311222059966e-03
1.106653587212749106e-03
3.377472992652845950e-04
7.859288951932413402e-04
1.138796915549009948e-03
9.014373740792695636e-04
5.881012987500038470e-04
7.054125871976903075e-04
5.186781584510963836e-04
6.445489560893827904e-04
4.303867849037687661e-04
4.355863615668278694e-04
2.146901288017522696e-04
1.343390422751569073e-03
7.515824272509660396e-04
6.930041335590414247e-04
3.895313795195041832e-04
1.278620208210047788e-03
5.268939475217560009e-04
1.956579903175767639e-04
5.575013757344028610e-04
2.771893160997469146e-04
8.317568334842871322e-04
2.155111315978462444e-04
7.110940755034989664e-04
4.451923060160531171e-04
6.516386182278075543e-04
2.949730102347815786e-03
4.295449971561809423e-04
8.933372216130630941e-04
2.031718537510684031e-03
4.477907275421699491e-04
7.191024012163361968e-04
5.548766675692979981e-03
1.285646688599291617e-03
9.901712010293558987e-04
6.157750601061637991e-04
1.230884165071989946e-03
7.013258114841371951e-04
6.879500952710930961e-04
4.769744480921986178e-04
4.506476119888093847e-04
1.038834290616920267e-03
2.980811209014325907e-04
8.710205878405109878e-04
6.059430026110182357e-04
6.437374392955078680e-04
1.737468121224711734e-03
1.113004704489079823e-03
1.060487197734212616e-03
8.554080940246309561e-04
5.728245130705162920e-04
8.551748368679813750e-04
5.054095677378335916e-04
1.041329481759775645e-03
1.072391488007120187e-03
3.783075692983829392e-04
2.879708760442369043e-04
1.639867208760493631e-03
3.815178257300946515e-04
9.329469152303172417e-04
1.216800464879621603e-02
6.258757629307549423e-04
3.148027376102899440e-04
6.669995885245929255e-04
7.673692604068534746e-04
2.961954844517828214e-03
8.388967726881175905e-04
1.248699471702856929e-03
5.357298433378932054e-04
8.351669958614540978e-04
4.493827248647093951e-04
1.205892044544782217e-03
1.761641813974034430e-03
3.929824447721332395e-04
1.654735354228564076e-03
3.415195757103502063e-03
1.397006698939086845e-03
3.009513628658020074e-04
5.311543483906013517e-04
6.922998781922921679e-04
4.004194702954538962e-04
3.521441956113632974e-04
7.000355665555709058e-04
1.259022176838032331e-03
5.996821810858930617e-04
6.368626072787789963e-04
9.613470347786085782e-04
9.677118018347102878e-04
8.482284226041380149e-04
7.659754091236266977e-04
4.434177214032157424e-04
5.350076629745166438e-04
3.197545828702198648e-04
4.109141708502745370e-04
3.445947490811335895e-04
4.648043751850565561e-04
8.743130559452823043e-04
2.815577429030039673e-04
9.618204702579580658e-04
1.804141006771980483e-04
1.956841416133670453e-03
1.348826923971788855e-03
7.630083630781897162e-04
5.191127282908066356e-04
5.229804804381963171e-04
4.241439449509699922e-04
5.577533649872263395e-04
1.125387657405616101e-03
4.565304508669567468e-04
4.592159500164261633e-04
5.441163478044272733e-04
7.019018257439586708e-04
6.257694228918066204e-04
4.327444765210312818e-04
1.085185715631894901e-03
4.451508642772879264e-04
4.835144765025975173e-04
2.972183846947341022e-04
3.618147433760485047e-04
5.702783546276700205e-04
4.863064969067939667e-04
2.989250056776147522e-04
7.080509161842632199e-04
8.779248448244253477e-04
4.687387374191141179e-04
5.430353053888954673e-04
3.132102600077146283e-03
3.990143895014285590e-04
4.769744480921986178e-04
3.648536011604799011e-04
8.240072788823837391e-04
1.652929907581347129e-03
4.494962865363024101e-04
1.284890358370097824e-03
4.862570765321277250e-04
2.057227209334900123e-03
2.419357692233854349e-04
4.404302448634410025e-04
3.742853026932353028e-04
7.814577658899554561e-04
5.522992870615643169e-04
4.189101774538499939e-04
3.393047238111678542e-03
3.733346651147418879e-04
6.129021688643608839e-04
8.872607296616050751e-04
1.209787442843196720e-03
3.985679702291647581e-04
3.628472894354669307e-04
5.688793506195582344e-04
2.488212886791799344e-04
1.192935185227393105e-03
8.326184779310109862e-04
4.290750715131434506e-04
8.516078783976561463e-04
8.214123559062638672e-04
8.682892012933109659e-04
6.833013346196142260e-04
1.475616311222059966e-03
2.580244008538148037e-04
6.489400382499063659e-04
1.535396783798971760e-03
5.171715630184246055e-04
2.976842172536937046e-04
6.611269812175133266e-04
6.626215958223919235e-04
7.016955253524346332e-04
2.536255738178755381e-04
2.682998066541711401e-04
3.098730861018663112e-04
7.402784934130579456e-04
1.543812485279548734e-04
8.924085259579010634e-04
9.717098933031983023e-04
4.285561009236640872e-04
4.027154422951722168e-04
9.358650427293634761e-04
1.096257720511066612e-03
3.734806532004109514e-04
1.389710292420234024e-03
6.470170529394017253e-04
1.503004589435159811e-03
3.811333107459792123e-04
4.793187203269379162e-04
2.715655694862119645e-04
1.017691316944203993e-03
2.772150033080475993e-03
1.669309791614310675e-03
5.903655554131881280e-04
7.494697442604328005e-04
8.380113926691876896e-04
2.797729360257676548e-04
4.026026196373511459e-04
1.242298510523941451e-03
5.374988179259927463e-04
5.641648776046629061e-04
3.255157065743397981e-04
4.431087839718985755e-04
1.814959072349254729e-03
2.667454776032989589e-04
2.643794450968443344e-04
3.700858253965919270e-04
4.424172834272814439e-04
3.955263184437494994e-04
3.191756039091439307e-04
4.081483958357674260e-04
1.255222781458915655e-03
3.630696715761933761e-03
2.267629872595286944e-04
7.494697442604328005e-04
4.100277546477292174e-04
9.452680137868854551e-04
1.136408054334274486e-03
6.792141882305817620e-04
2.937352235090100443e-03
9.337621491200180732e-04
1.312158069183615768e-03
9.199075713262395461e-04
3.321675972249227477e-04
3.954601375048966139e-04
6.612263615707635652e-04
5.531625473288682635e-04
5.500604841033376055e-04
9.290937252470792733e-04
1.636341521459765700e-03
2.688002438182239291e-03
3.937663063721844416e-04
4.054015011684703341e-04
4.084668317086449611e-03
1.142673613414599580e-03
4.575158140052367774e-04
9.117908559168248252e-04
2.557281977608356904e-03
5.072071456751746929e-04
9.249142854528912385e-04
5.995240109012885945e-04
3.497842279841004674e-04
6.321098846451072249e-04
3.722198541684239477e-04
4.384038384955164249e-04
3.748740141269316963e-04
5.457301400012963847e-04
2.501734199326893890e-04
7.978959721252642558e-04
1.272154917290498934e-03
2.403116755119603302e-04
3.107734151965131902e-03
8.134175144040027734e-04
5.021995732437511267e-04
1.643261331683745384e-03
4.417472793087727631e-04
4.223796859082996295e-04
5.089415024822840309e-04
7.163347933366172142e-04
9.457150561535625612e-04
7.744065454277292929e-04
1.114770807378538979e-03
3.483782041769418916e-04
1.046137944443247068e-03
8.522157904193287557e-04
1.496634770154120324e-03
8.248161170559810363e-04
2.836591301520695308e-04
2.344892730250643705e-03
1.289018786263589240e-03
4.185149462753487534e-04
2.759993382738131743e-04
4.390941999637331338e-04
1.456374687139834695e-03
3.370427233775212571e-04
4.438607777701473003e-04
6.548649226006367403e-04
3.374975430574342242e-04
9.914990443890597718e-04
5.001545734105493444e-04
6.660502883115080848e-04
1.465459849232024448e-03
1.327706818808077659e-03
4.868308221003488415e-04
4.415303601442072449e-04
8.425847715605825228e-04
1.834453443467533036e-04
1.081757374028807957e-03
8.901038765834073680e-04
1.072351340070196645e-03
6.202157255071793357e-03
7.711014104354573786e-04
1.940421946547559199e-03
5.392050354107729045e-04
4.252631397792398294e-04
9.299115450893129416e-04
1.477959281023261129e-03
3.008304476669545363e-04
8.401864426503356928e-04
5.562767172971103515e-04
9.377069037085907725e-04
1.024703564993893756e-03
8.470137232934232862e-04
5.044433368036058737e-04
1.186694855035056286e-03
4.854127018009748713e-04
5.913399535712884165e-04
1.425079636369040899e-03
9.578153188760861166e-04
2.539309652315104721e-04
2.268046734869398097e-03
1.836453371293655370e-03
4.790280351542304331e-04
9.047957162786036088e-04
4.301882550549412194e-04
6.277441474557193596e-04
1.599526695259287845e-03
6.922406006144531370e-04
3.470324365072850097e-04
5.532292730855239461e-04
1.495753227153212529e-03
1.035386686039084384e-03
1.278235958687554651e-03
7.278888279787062076e-04
9.280139298226983222e-04
7.886981890574327981e-04
1.125018049079922183e-03
4.065225450659723733e-04
1.039646828689431285e-03
3.140870383783239054e-04
6.211155625950348950e-04
8.783840832313115571e-04
4.614936536511791304e-04
1.175770675980117612e-03
8.429563663507832171e-04
1.511534783672550822e-03
1.357253109604222505e-03
1.340542235374031369e-03
5.784523263778212779e-04
5.926540007356509822e-04
3.547266121900746532e-04
9.697890186878970224e-04
1.457631201763666135e-03
3.855937118548269761e-04
7.947232403227804482e-04
8.358561768366363186e-04
5.866743607581806266e-04
3.828481697067748148e-04
5.186864729369707007e-04
7.189588097121108476e-04
8.250966696566155219e-04
8.855548049207750917e-04
3.594521830145741581e-04
7.620553798314231306e-04
3.812815243965130539e-04
5.626429819639568956e-04
8.057997165809510989e-04
4.024506065983013935e-03
1.311580728362343002e-03
3.993943257838571039e-04
5.945063025965747127e-04
6.667666991380141435e-04
5.692320637052286202e-04
4.587836637980255406e-04
4.211100877535199844e-04
8.224996327134062720e-04
2.243329902297325207e-02
2.861535060977976586e-04
1.059267861836753677e-03
1.842528583296218578e-03
1.579835741922312785e-03
1.688844210520151767e-03
7.720277795180746552e-04
5.102112212615555163e-03
7.427322731255551211e-04
6.555459080960875833e-04
5.207856940804577763e-04
5.916405800329174692e-04
1.909282261114522358e-03
5.613247625423855528e-04
5.526555148184986903e-04
3.398871747382516259e-04
5.196102349422489176e-04
4.368617901285238377e-04
2.186000584709817899e-03
1.168239542554936911e-03
1.209651443298672899e-03
4.025721376895933091e-04
1.517029385832171151e-03
2.228406116120829202e-04
5.568226418481954723e-04
4.126117385205574362e-04
6.116746386164915962e-04
1.182030309508807185e-03
4.595237826885778878e-04
1.389478292173057430e-03
4.766965295395956355e-04
5.128537602489323475e-04
5.475462025603653913e-04
7.926998801692697241e-04
2.980742378385540115e-03
1.248252375911911450e-03
8.330307150299161474e-04
6.312158705366730958e-04
2.379996075321895639e-04
4.438607777701473003e-04
1.228432640359796661e-03
3.843849021135304538e-04
1.367745542543650052e-03
6.813154734264029438e-04
9.149824611394500326e-04
6.325674606376150777e-04
2.064035960751981098e-03
8.578744198877912095e-04
1.228574030154333746e-03
7.676676741153621447e-04
6.355433670542871621e-04
1.033371069482474404e-03
1.102882716869353933e-03
3.614130693647773129e-04
2.850268509365897645e-04
6.105415761245864409e-04
1.568159855447406881e-03
7.993798387952678539e-04
1.149049982340603687e-03
5.093126150445957028e-04
7.351686022666637519e-04
2.330489642913293174e-03
1.888392359717325230e-04
2.890135438638721430e-04
4.657825863550935823e-04
6.556969159582948800e-04
5.453636156306277370e-04
4.587618477578475043e-04
7.246447413025980649e-04
7.241978232792753651e-04
1.037922602821832315e-03
7.287219094279523152e-04
2.986274192696507755e-04
3.701002922961868177e-04
2.972624962618020117e-04
1.099865077611756432e-03
5.156194069882197480e-04
1.712008760028031068e-03
5.538556307627145363e-04
6.616461021192185724e-04
3.171898195312160035e-04
5.633205241051840234e-04
3.655646213961395393e-04
6.057844172432650569e-04
1.692586900242266414e-03
4.620439762832005302e-04
1.207623256079203532e-03
4.907038905288556210e-04
5.224124031436554877e-04
3.311229335659832129e-03
4.581454383640472900e-04
7.295052871938872453e-04
8.946701863035733419e-04
5.638537335570026950e-04
4.516287859806292476e-04
4.804101210758551961e-04
8.915796770328780936e-04
4.669689519590476201e-04
3.061119774703707818e-04
3.197545828702198648e-04
5.747634773508666787e-04
1.304578593004598148e-03
3.811083440496782979e-04
7.861132889993720273e-04
8.287002645540412485e-04
9.841913986187720339e-04
2.038770803346576406e-03
9.468030148338860402e-04
3.235155365178321910e-04
8.521976660527109905e-04
4.163900913777505704e-04
2.102033590950831297e-04
5.607401586082298500e-04
8.144754765323683043e-04
1.908216531370172161e-03
6.483361338780788781e-04
7.833615420387129557e-04
7.922715699189662860e-04
6.339193200396686352e-04
1.247296350340821626e-03
6.500764286610397980e-04
1.086390342206397996e-03
6.694369121687319653e-04
7.134907196077119613e-04
3.741872394501715511e-04
9.065800265916030892e-04
3.104930326412974986e-04
2.739220519147941976e-04
2.229355397298575471e-04
4.104186015090998665e-04
5.412776699871140211e-04
3.023170213143205063e-04
1.029166217556226918e-03
3.019968254501549654e-04
6.483564358780039352e-04
3.074776225248532918e-04
4.334361141404991782e-04
6.159671698896863369e-04
1.745479860770879788e-04
4.205599317730093724e-04
6.023012685924205136e-04
5.689032079637192140e-04
6.214965611012026377e-04
5.450108128003666730e-02
1.044331320159886355e-03
3.107338957861431193e-04
1.759307869079815431e-04
6.172535034589644127e-04
2.439291957589177448e-04
3.094461398505229314e-04
7.324932542924450334e-04
1.794287106948446722e-03
4.025110243615950259e-04
1.311603568735027333e-03
1.896722887595507501e-03
5.752325498126494886e-03
4.531966522477175901e-04
2.477449271461200689e-04
3.560449781301477002e-04
1.175905240878063682e-03
5.470671402019489397e-04
6.153084029889012126e-04
1.144586360087656695e-03
7.149950440217100588e-04
9.586878709309068795e-04
1.326579504871402970e-03
7.502694964850425540e-04
1.199617363690534113e-03
7.352031903031828542e-04
2.104939669713374283e-03
3.312119512370113438e-04
1.682984320852106384e-03
1.337429474848420138e-03
4.270013250550489989e-04
4.637278770285190770e-04
5.758194035327483242e-04
7.928085378747870169e-04
1.064542772033413463e-03
1.514670420325627898e-03
7.847881224984297162e-04
5.562458779605979108e-04
3.491141306994850128e-04
2.815361730871593447e-03
8.625776667720187882e-04
8.449416706978707088e-04
1.079458423518584939e-03
7.555249192847528520e-04
1.000715260244849870e-03
5.404212854686995908e-04
2.014960786281523065e-03
2.221977034465000278e-02
1.044194144776770892e-03
4.912569469142740158e-04
2.475438591703699003e-03
2.180090444680477749e-03
8.168017181753545013e-04
3.060010879386943850e-04
5.229804804381963171e-04
3.811333107459792123e-04
6.949561804518443768e-04
9.831678386735974353e-04
1.311758863108161872e-03
6.512202733480743078e-04
6.438554804814854713e-04
1.334770325197657311e-03
5.480055403094985945e-04
3.772269782240462912e-04
3.224023770967099855e-04
2.295158129049446798e-04
1.341551318950786427e-03
3.453370572594246634e-04
9.767238383693371481e-04
8.903331737804962747e-04
2.454630072756115548e-03
2.610022914300592087e-04
3.658584152085983987e-04
1.598290737610242890e-03
8.019673758139516826e-04
5.152990917208841301e-04
4.487859515068164194e-04
1.358901654989248852e-03
1.314697888732563541e-03
1.603909809782297358e-03
1.103301431008649018e-03
9.977661742530392723e-04
1.052640166651062610e-03
6.507795265287727145e-04
4.845400575431672721e-04
8.846031691882270953e-04
1.126355568473468060e-03
1.260514691814936406e-03
1.108017480015104691e-03
1.868556132384676305e-03
5.771351214267969989e-04
8.644556581529798996e-04
5.637045232961253403e-04
5.775845244264196264e-04
1.630824342029376728e-03
2.269428827840997125e-03
4.362543373296830815e-04
9.730666961859166112e-04
2.135590195291010070e-03
6.080306484326760070e-04
6.074319408580168946e-04
1.582554118487980400e-03
2.999457861527239492e-04
7.338115158619452948e-04
1.643462693018232258e-03
6.579172415789371351e-04
2.043562195171191344e-03
7.900360094407289429e-04
5.451620130380203932e-04
4.514373872833877675e-04
5.396195642647170620e-04
2.918508299478201240e-04
7.862764783432288828e-04
3.364548949918297425e-03
2.499629363813881755e-04
4.692621080916406398e-04
9.914990443890597718e-04
1.890710611455643532e-04
3.536553563688472207e-04
7.719299843418994146e-04
5.471535849276540396e-04
1.751513748809815267e-03
9.370627031612783434e-04
1.109689927080897802e-03
1.610417727174301514e-03
5.470428271767967558e-04
4.211100877535199844e-04
3.775949030428999288e-04
7.110319857878716777e-04
5.891741322714999941e-04
5.275466927925484203e-04
4.687705735318691046e-04
4.498991866598860308e-04
8.112642213262045597e-04
4.958506483865690899e-04
6.081679911996625562e-04
1.170313303183978439e-03
2.929181866050158665e-04
5.881191730198664577e-04
9.464309798319635618e-04
3.873598086232390493e-04
1.111308295292257747e-03
1.182358583832934578e-03
1.231853509569153784e-03
1.090376225624073566e-03
3.818986430645531947e-04
1.340669679097653824e-03
5.399254148424414501e-04
4.176926325081981050e-04
7.672543760519420645e-04
4.849873798026472691e-04
6.593297932968210850e-04
7.514681696523378956e-04
4.500355855460741895e-04
2.858416747980257501e-03
2.672408177572492007e-04
9.311716176904206825e-04
9.377069037085907725e-04
1.103884058420277368e-03
5.909690867224342463e-04
6.791841107783775679e-04
4.242011649900393985e-04
2.887635460805828115e-04
1.755786268731428235e-03
4.111336915008931086e-04
1.192933553907852065e-03
3.008304476669545363e-04
3.874652316594917514e-04
1.256411324125163804e-03
7.378216858112030159e-04
2.186154900330423111e-03
3.040244066687674694e-04
1.652785228129960817e-03
8.124546777593050564e-04
4.238545650985269301e-04
4.958506483865690899e-04
8.307911486646506801e-04
9.763702878500598193e-04
1.916255841850494218e-03
2.176524803737637528e-04
9.122998982798234506e-04
4.346897824511035684e-04
1.228432640359796661e-03
1.071270925332693967e-03
4.557610929065328926e-04
2.105295237751255398e-03
3.628741789468102868e-03
5.856632396574919242e-04
1.013296287056253886e-03
1.964189272554464107e-03
6.480699031484994871e-04
2.443722890711349897e-03
1.280166577623900650e-03
1.271475739254614981e-03
2.951742765049325469e-04
8.899647649934583696e-04
1.256293539548726784e-03
2.636729758305955879e-04
3.444149433132468775e-04
1.176687110056807029e-03
4.877575049339956154e-04
4.087176947618729344e-04
1.067456692576358073e-03
1.992631429793605569e-03
8.827276427690476570e-04
8.386848298624055955e-04
8.309489723029720495e-04
3.696895137860759981e-04
6.489400382499063659e-04
2.226415644020249707e-03
3.851791782196233916e-04
4.690590187750717983e-04
4.163558744614824264e-04
9.934010252450750037e-04
3.469562221071721621e-04
8.948105906184322059e-04
2.035131930793784849e-03
1.144883064119242219e-03
4.771277230440875892e-04
7.579717866914997826e-04
9.930808388442888702e-04
8.905325179414686626e-04
6.465570691001947196e-04
6.744961686770185481e-04
1.131589908085843402e-03
2.107568390719919728e-03
4.697966582433697768e-04
4.567487606489698481e-04
5.915560059891892056e-04
1.958678935394599606e-03
1.029013051389085758e-03
2.781265274059047153e-04
4.314625233805607029e-04
3.992519968854235917e-04
3.786290395014025385e-04
3.486323991350728986e-04
6.268529397099508122e-04
9.438747249587193947e-04
5.607401586082298500e-04
2.964549609965466074e-03
6.322780979103087735e-04
7.233130078394957134e-04
5.984202478863618344e-04
4.058948051549853410e-04
6.462952308068994900e-04
7.851698438415219980e-04
3.953152665204167715e-04
2.054610706294130069e-03
8.561931722051480294e-04
4.697966582433697768e-04
8.649657234174829099e-04
7.053549226342611424e-04
3.184745221944757171e-04
5.256864897447213747e-04
9.431938705570812233e-04
6.712644546482893692e-04
2.702838319800182588e-04
2.139338598429426416e-03
4.021763294941849403e-04
5.367590088124360665e-04
3.860353256697901395e-04
6.426060757587532136e-04
6.414032874733382366e-04
3.695221142198171042e-03
6.553811192312340630e-04
8.182473230523256954e-04
5.903655554131881280e-04
6.160269862444920936e-04
2.654508248353586695e-03
3.873827518468960732e-04
3.882045362005715318e-04
4.012365696003455874e-04
1.005127011939803503e-03
3.688309101360287751e-04
2.875471273024090418e-03
1.400672710304026909e-03
1.830900663488764252e-03
7.424629747325909137e-04
1.444359873317253027e-03
8.013115115760954766e-04
4.213688288059885562e-04
2.003767842943704469e-03
3.842530588514263181e-04
5.666998107844798543e-04
5.219908626970599019e-04
7.499500202419473200e-04
6.709076367166960696e-04
1.228432640359796661e-03
2.915676639750701925e-04
7.996477839900991954e-04
7.819726489439811530e-04
1.420149677716636173e-03
3.744916875577180789e-04
2.039918045762200934e-04
2.288811701016452323e-03
1.001531704191628786e-03
1.750268484963898169e-03
7.602130571744463100e-04
4.780552069927263611e-04
3.176038877734072658e-04
7.310848890004616879e-04
2.063800807599754615e-03
1.343267424380908438e-03
5.777856627390589835e-04
2.051731660488909873e-03
2.582081028922359692e-04
8.900718214451714154e-04
4.515675930965923411e-04
2.550488883280204247e-04
7.739980050237308057e-04
7.793362392572868820e-04
2.388256667065676573e-04
1.774320229766989960e-03
1.918281625613833070e-04
3.759084740921460137e-04
2.877412648175826254e-04
4.509968393678837409e-04
2.546822850217617790e-04
6.153145094683540577e-04
1.135580946920119755e-03
6.040770425646423050e-04
5.252852946074265715e-04
1.475332997882638922e-03
1.618882588404945734e-03
2.960895788810645555e-03
9.448395728790434092e-04
2.815361730871593447e-03
9.289779204071525048e-03
5.733852759955076301e-04
1.172766721226146730e-03
6.607644028991677956e-04
3.656535002133579483e-04
3.698512870386177890e-04
6.010575746983427359e-04
3.328747053424791782e-04
4.901322479812933799e-04
7.329115678130294952e-04
4.878079588034575685e-04
2.940088409029443443e-04
7.197729838920702804e-04
7.696126914082640057e-04
1.070238834645290430e-03
2.590431161425438581e-04
5.509299639256365995e-04
8.241463452838057721e-04
3.623378682104155726e-04
6.714662350388227261e-04
6.218800382216936075e-04
2.592876226794302882e-04
5.278769758712929935e-04
2.745868646567718578e-04
3.426865481854705735e-04
1.137275955229094700e-03
7.615783325321132330e-04
4.648827139775111856e-04
6.861518973001372659e-04
6.287278665461999618e-04
4.209580787220138561e-04
1.001532725911734876e-03
1.182987211616867620e-03
3.077371057079948593e-04
1.175927133432659458e-03
2.206118863859035380e-04
5.082856408803172700e-04
4.421044796483347976e-04
5.066406071372830900e-04
4.446842290518600934e-04
1.111308295292257747e-03
3.027573029565882169e-04
4.087914769222913448e-03
4.477907275421699491e-04
1.278493875577948156e-03
3.920785567103714556e-04
4.595234196958873489e-04
1.814959072349254729e-03
6.149226477034227482e-04
1.360029328651140386e-03
2.502957627534928417e-04
5.902390977753326417e-04
7.030030612691326756e-04
5.058937345159007825e-04
5.045599437760002947e-04
3.254832194906989999e-04
3.443990380918544392e-04
7.169079486036821760e-04
3.196621834331118701e-04
7.363300646496361143e-04
7.089438270893081394e-04
1.461230670764448103e-03
1.011156785017652696e-03
7.275148233354055641e-04
2.330681741886383789e-04
5.551143396792622767e-03
3.213160974200962258e-04
8.908776037834877136e-04
6.900135509243814818e-04
8.000381832444617997e-04
1.766542337296945868e-03
8.315348943846778479e-04
1.017073766755509411e-03
1.387134567229099348e-03
5.841978370527027087e-04
2.065466000788801655e-04
3.213160974200962258e-04
