8.399245802539388956e-04
1.177521290508995932e-03
8.714271150651869014e-04
1.320542890197724199e-03
9.719020339190530787e-04
6.636420357237092418e-04
2.870416434628651086e-04
2.858826373414433456e-04
4.087400175971387458e-04
2.710568026960569091e-04
1.268112252005706942e-03
9.974467643893416766e-04
3.683794189017193608e-04
7.307257914301283500e-04
4.822758173784036221e-04
8.486404547519076861e-04
1.345957396542027352e-03
6.292491200388769697e-04
1.296226281565536226e-03
5.671064382697957275e-04
2.709017109525875869e-04
5.150075903205853260e-04
5.259627977593269582e-04
3.399330237947506203e-04
1.371388826908302109e-03
1.184804637455935715e-03
7.965614600379670226e-04
2.151405924630680837e-04
8.908571103448492505e-04
1.024462016549720434e-03
1.453485633259126060e-02
4.316124408010039342e-04
2.530622263627293773e-03
1.355892748525355882e-03
6.553816753572159169e-04
6.210770166245080208e-04
3.011343421845037618e-04
1.473282612539753532e-03
1.795584302401711119e-03
8.852378198723915301e-04
9.177934435964490425e-04
4.583784836707072803e-04
3.308884949195716276e-04
6.246081972640269656e-04
2.213661255504150295e-04
4.373089360302347887e-04
3.646477714971891118e-04
4.873875609794348215e-04
5.550082099155637279e-04
3.681450822993583612e-04
5.195310302091940297e-04
5.725090365568007893e-04
4.553838317126452750e-04
7.702962064983220891e-04
5.236439374785492856e-04
8.443096129618066475e-04
4.252290667315155540e-04
7.755156123572546972e-04
9.627946182601248432e-04
6.480013311434602461e-04
1.173807353976062673e-03
3.876705661186139081e-04
4.040014941476984239e-04
2.797425301526474555e-04
9.086641318701691892e-04
1.346477106587925555e-03
1.934733455149524085e-03
7.418435584514424842e-04
2.319929852620695597e-04
1.143062602372550522e-03
9.067221762660038513e-04
4.482396724966640033e-04
1.587093261756634304e-03
5.015597092915785420e-04
3.242408869062561073e-03
2.945397495116555599e-04
1.378215102909837245e-03
3.083423132432023422e-04
4.965642685555112824e-04
3.063850633895724013e-03
2.829672580180023472e-03
4.642033096837795431e-04
8.343711344957214018e-04
6.369090856926407649e-04
4.188785607423349024e-03
2.111462088932362924e-03
8.731492452874397040e-04
8.548723472840454984e-04
5.029944414706082143e-04
5.747999292979279673e-04
3.026289561873965039e-04
8.960897844204597723e-04
1.153790280122567527e-03
1.504723230387958622e-03
1.006497712472562579e-03
5.169011712899550422e-04
2.068486665168462000e-03
5.888790849471637213e-04
1.321806276996400882e-03
1.347771673833047731e-03
4.236451234626519404e-04
2.806809603215184353e-03
6.788888775940154661e-04
2.581579746737706904e-04
6.623677523076317410e-04
1.487111201204177559e-04
8.167043479798992553e-04
8.000322301110686547e-04
1.326698607199004037e-03
3.914378492257327173e-04
9.116942801738164414e-04
4.907347405488351934e-04
9.723809911238569335e-04
8.847717931173247619e-04
7.702962064983220891e-04
1.671839329087157098e-03
4.246835433270066545e-03
3.600910061617917175e-04
3.711939231358678997e-04
5.124164007791661693e-04
1.095532232146454810e-03
2.107224551398783827e-03
4.335520936088619638e-03
3.444248536454701964e-04
2.198497468553895114e-03
1.006560935613249512e-03
3.032021519086853991e-03
7.566301218581950819e-04
8.343317753188721512e-04
6.556904376239233246e-04
7.736409438235539518e-04
4.601459888681854360e-04
4.618822674695131111e-04
1.481869042127594840e-03
6.059112097195069446e-04
3.362366003447026181e-04
1.459237437515052346e-03
6.367484911561147173e-04
5.136291747545703367e-04
6.960352345030916543e-04
3.323672328447398790e-04
1.293048345958652768e-03
4.078214380187048654e-03
1.053529742215538259e-03
2.751142525479258888e-03
2.093770784818709159e-03
3.933657884253740668e-03
1.113972414462734281e-03
3.152500207930669131e-04
4.087400175971387458e-04
2.135216724121625619e-04
5.838185244867524770e-04
2.294225897222609140e-03
6.426802658124295201e-03
1.489902081316084488e-03
4.870267045591208932e-04
3.605702685193318225e-04
4.129663311216409194e-04
2.649743711456644009e-04
3.211888433148546093e-04
3.130846403125838113e-04
3.382015851782433692e-04
4.815717773552246304e-03
3.136792992029148073e-04
2.108189886776848463e-04
9.392716565031174799e-04
1.196843273101070790e-03
2.094623253139868435e-04
1.369904786302490914e-03
1.658461672654116398e-03
6.610449809408922711e-04
5.308957930283465278e-04
2.328925257894942516e-04
5.541830053193993024e-04
2.524769386911116702e-04
4.429748968687446942e-04
1.070579106834241212e-03
6.598983157714154342e-04
6.450576933022396722e-03
5.320035471574996152e-04
3.672615285816175691e-04
4.514501917771712876e-04
1.290078135540733643e-03
3.831455524991165444e-04
1.704383374129276240e-03
3.031929229478380356e-03
8.486404547519076861e-04
4.360308834028896966e-04
1.660267082133059895e-03
3.197147820858721608e-04
2.857581068348147985e-03
7.989209687171499544e-04
2.101871879875272090e-04
2.669721120264923354e-04
8.149333868290060002e-04
5.613952965572399341e-04
9.115796240121145852e-04
6.475254644625728180e-04
1.057068500346451320e-03
2.672172211192147214e-04
3.488244249260702944e-03
3.948661879668189864e-04
5.150075903205853260e-04
9.339011525326013519e-04
9.225867748687818564e-04
4.063261805129572690e-04
4.036892821130065568e-04
1.055991347478554224e-03
2.818983316354195284e-04
1.025230376414146835e-03
1.234468030641874955e-03
3.418813911212257813e-04
1.969310411862321749e-04
1.767233809072762561e-03
2.636973612008957648e-04
5.679522332148920997e-04
4.844717894159813044e-04
4.409270707140924340e-04
3.372556251790672158e-04
4.441614486548623852e-04
1.977841702189794739e-03
1.167612134579971463e-03
2.519566024465480416e-03
1.371388826908302109e-03
5.575711992496867149e-04
1.251328567108774773e-03
4.037122910898712554e-04
3.574702853265788560e-04
2.534703773729479487e-03
4.829936365971919279e-04
7.758894502186429497e-04
7.186935296511682593e-04
2.288341676191530663e-04
9.953529467158980792e-04
3.219494271228301907e-04
3.551132678603983583e-04
1.640717280057049686e-03
1.011007443201379207e-03
8.640379079155464633e-04
4.381992428210372136e-04
1.734863316735083048e-04
4.038300960237116476e-04
4.743358740685260991e-03
1.218925788413796315e-03
7.162218839444844075e-04
4.371024453580383477e-04
4.904554751730141014e-04
1.672254369635250331e-03
1.469450855625726486e-03
8.128200208291830103e-04
2.973448814838006160e-04
3.225377888011336422e-04
1.496047849440803853e-03
6.508818583851690067e-04
7.623698574560719031e-04
7.327386467725524296e-04
1.681782488311656077e-04
5.678406163575234079e-04
4.864829405062053545e-04
1.101015778845596850e-03
3.079497783671392586e-04
7.331364718671258942e-04
7.051243590601889233e-04
1.446343240132736503e-03
2.197942553033721015e-04
4.031022413930592592e-04
9.354557763939162470e-04
2.878572673309621847e-03
2.409246370387420420e-04
1.343359607116448176e-03
5.637998308674104907e-04
1.379748789267055444e-03
7.958097486516061726e-04
5.161857777993318370e-04
7.960826550178781930e-04
3.627421346053981074e-04
3.862925505442585047e-04
1.287357041467516961e-03
8.476507538811411382e-04
3.346548384906518955e-04
1.024470310132182503e-03
3.420693765029143157e-04
7.566301218581950819e-04
4.630693397453241938e-04
3.876677320508537601e-04
3.186328981094407528e-03
2.946446126785073677e-04
5.527539160781930238e-04
2.386590795346143340e-04
8.557483351589007751e-04
3.570082583647839615e-04
1.788762374855362844e-03
4.659096624010662093e-04
6.415435274177411608e-04
3.441932721478964657e-04
1.004689024651941745e-03
5.343668571662652531e-04
2.749812582252925477e-03
4.900578535002966026e-04
6.640155585006570112e-03
8.039203916918163115e-04
3.689948929798562982e-03
3.732654249084486290e-03
1.014086224858799963e-03
4.921038150361586004e-04
1.164686120199407132e-03
6.963079425875840075e-04
1.793645102105811615e-03
1.207697186950260158e-03
1.030757866684329539e-03
2.818879543896839614e-04
4.152486381948379112e-04
3.650638871966867195e-04
3.708874241847506673e-04
4.462550764185909671e-04
4.670085383816778742e-03
9.323943946866558802e-04
1.267981022846181817e-03
9.085281660158210171e-04
8.250097165748981887e-04
2.727482747302639949e-04
2.637787417484519881e-04
8.049826534851738363e-04
3.026318710500299392e-04
4.615307585175366847e-04
6.650466641417360474e-04
3.627244425408254693e-04
8.577342377568647307e-04
2.094866542527947829e-04
7.053519100511758053e-04
4.517815645746842612e-04
5.926336239593602701e-04
7.869975476673438759e-04
8.792789656854594878e-04
1.565145322193598832e-03
5.635254751868989942e-04
2.359066948082827410e-04
3.301246974483850144e-04
4.333640852106285853e-04
1.413084545648016135e-03
9.455994546663978309e-04
1.289921792601388464e-03
8.847717931173247619e-04
6.395890075402569167e-04
5.023823394870577169e-04
2.158875254973313066e-03
4.710631421175852504e-04
3.274471891341628697e-03
3.856327807901134552e-04
4.859091186952615451e-04
2.510994247550370402e-04
4.431627488286842649e-04
1.253847076099615316e-03
3.650638871966867195e-04
4.091020735050677017e-04
3.267874355370029883e-04
2.787163078247630542e-04
6.564520876356496823e-04
7.492514811187890545e-04
9.021947945498084770e-04
6.678343596190482612e-04
3.243724834455554156e-04
3.167697222099868145e-03
3.765930279000074361e-04
4.861006530839404407e-04
1.519720827136078608e-03
3.739306301328224058e-04
5.268042741498544764e-04
7.649207134759433528e-04
1.171957157804473211e-03
8.908242642478698091e-04
1.084183586400169806e-03
5.984617665065608072e-04
2.824304955612818614e-04
2.004144851554270045e-03
3.193987270109712069e-03
5.922066439946489097e-04
1.114118787434099792e-03
4.331375414632534625e-04
1.045812887068138259e-03
4.886321462259775273e-04
3.926067091446022402e-04
2.942093027065834608e-04
6.641285714395804909e-04
3.065049561336061863e-04
1.754597812090914147e-03
2.776867061772894120e-04
8.842775466091752851e-04
4.984433440349387732e-04
8.132115180686450484e-04
1.400754273872013324e-03
5.085664776491376996e-04
7.537724021609689068e-04
9.246262641826517815e-04
4.208704992967891899e-04
1.628812885125818278e-04
1.965935655547479833e-03
4.031109940822821835e-04
7.995006391725625059e-04
2.280838063355619509e-04
2.403558071065909371e-04
7.863737086366211042e-04
5.719750949900612386e-04
1.280141775967498421e-03
3.073029381571746330e-04
4.432626377880630165e-04
7.161201432821374512e-04
5.976944727899914699e-04
5.909881427315985406e-04
7.031453998976971683e-04
6.395136578084044008e-04
1.978616993905938769e-03
1.073383715851449101e-03
5.661405403009187216e-04
1.393136817367724399e-03
9.409452572524868883e-04
1.989435529890758452e-04
4.369562929672116971e-04
4.901490052876682517e-04
2.140179646315192963e-04
3.414913768810059775e-04
1.037176801000651337e-03
2.600564340665725317e-03
3.920729174374963655e-03
6.809868021026645223e-04
1.230178150993568734e-03
1.068857591749982228e-03
1.768291009103865625e-03
2.985979196804429132e-04
3.139639700953769695e-04
4.577244006600020938e-04
2.870347062432549931e-02
4.363223708563701911e-04
6.305209275541014255e-04
5.828924922635984841e-04
1.760050028008211401e-03
3.874773240824499533e-04
3.389983387979272358e-04
2.348641298838952715e-04
1.018757157249640301e-03
4.512749889089087436e-04
3.939686584816239024e-04
1.061821051934868417e-03
1.068744134424287400e-03
2.152036963851486492e-04
4.693612890073012257e-04
8.624957836417304060e-04
2.008738836028461667e-03
2.826752233806145969e-04
3.890091912053189409e-04
1.196988519798193379e-03
4.012107396734772963e-04
6.322315522455748162e-04
4.519993541912018875e-04
2.533727735814448375e-03
4.148848270922889385e-04
5.068918334000582565e-04
5.750503540303998498e-04
3.647054523020794151e-04
4.713083731412791950e-04
3.432771034022421858e-04
1.063105458318891255e-03
7.849582578709577568e-04
4.344807728974132803e-04
3.991783868114114390e-04
4.511493089091665569e-04
6.682113816116940028e-04
1.740710923784038978e-03
4.670085383816778742e-03
4.397165187278203441e-04
5.485390802005919502e-04
4.793814882442625890e-04
6.376660861663832223e-04
7.703167418055847883e-04
4.583579406124086027e-04
2.186187727810500749e-04
3.526457796322215294e-04
5.745976258991649169e-03
2.284829935165362514e-04
7.799296610511188528e-04
3.668675111944894041e-04
6.310581509061926947e-04
4.069238772866784763e-04
3.975493516083988886e-04
5.138279775221253230e-04
6.322575435312720749e-04
5.071049402351087126e-04
3.602394640773406748e-04
4.422463265039552004e-04
6.220022497697504267e-04
5.312307203015517428e-04
4.277980225170028151e-04
6.805642818232576947e-04
3.261952173784848853e-04
1.060782874928486563e-03
4.382288703298114541e-04
8.441130026081595248e-04
6.957138753404660571e-04
4.050428440292760382e-04
1.469950710729696916e-03
3.005595735849965499e-04
8.673496225683969066e-04
5.472657043003867957e-04
5.572536581207913290e-04
3.715551774717063601e-04
5.854831331227320539e-04
3.798470528316689413e-03
8.818595781744415114e-04
3.882672616398336334e-04
7.577971204812212948e-04
3.079497783671392586e-04
1.803853056433703641e-03
6.191272486542649537e-04
9.165490070767127063e-04
1.173807353976062673e-03
4.305445844827701695e-04
8.836117350285178354e-04
1.153056894308028416e-03
1.243687507465731376e-03
3.208585730723279646e-04
7.051243590601889233e-04
2.242406352685769218e-03
9.855766697474612099e-04
3.975493516083988886e-04
6.006978600862483957e-04
3.336327925779869583e-04
3.390199920462672652e-04
7.031453998976971683e-04
2.501441531998127490e-03
6.067961687202784666e-04
6.191979191342006491e-04
2.342157604859710642e-04
6.210942154761530743e-04
1.065823905263605211e-03
1.189480975578569456e-03
8.418262546564667581e-04
4.921115530995172956e-04
3.786610310408822385e-04
1.070964654076710099e-03
6.309840784737717669e-04
2.168930201562094501e-04
1.384116012481573926e-02
3.255680192866017590e-04
7.725396998165734355e-04
2.630269899697183691e-04
4.829936365971919279e-04
9.450428180456454334e-04
7.105702576145945821e-04
5.106031978654389757e-04
5.434670305129406503e-04
2.009058197174186464e-03
9.376719248043516438e-04
6.089040701987700381e-04
3.644976390893564988e-04
1.707970231942213760e-03
6.592430477143917944e-04
7.754935165886065645e-04
6.059112097195069446e-04
6.433696540042150138e-04
6.164723812768443684e-04
2.232305046933389433e-03
2.688974568600128036e-04
2.916412382813788761e-04
4.429770194730695302e-04
4.370913822906559660e-04
5.268824218860406437e-04
2.691053523202049176e-04
3.522264283472887627e-04
3.243639838927612476e-04
2.877928242500329362e-03
6.504138482212422356e-04
6.775588263571189970e-04
3.985464176431859876e-04
5.396462623447575340e-04
2.581975381644966306e-04
4.351915965960197392e-04
5.427287530650935993e-04
3.518219256580550807e-04
1.103308894179181763e-03
2.991356083391682802e-04
8.260620401495089547e-04
2.046906953197259217e-03
2.242806112953247850e-04
8.624396536425763720e-04
2.920283880758405633e-04
5.202601915458461698e-04
1.330116353331052461e-03
7.486359648654404651e-04
2.208717633812627235e-04
4.123155873926232689e-04
1.686232114035201820e-03
4.761811573325916707e-04
8.488569624613090479e-04
3.140495679522303861e-04
1.010100704661782804e-03
5.254543718266192591e-04
1.977687687118576121e-03
9.985833980413558880e-04
5.370084859583223623e-04
2.320774888410672017e-04
8.295446982047973480e-04
1.081303224686115455e-03
4.711591395673448432e-04
6.602980441794303228e-04
9.409431243852779767e-04
2.334878634043760937e-04
2.389311457552494293e-04
7.791218099352226461e-04
2.233382205330708447e-04
3.720594699349063605e-04
2.857581068348147985e-03
4.856551649272228505e-04
7.447878411805890610e-04
9.895797293887167220e-04
4.200351830645336106e-04
3.395471742158563612e-04
3.213056845750981343e-04
3.420052530170255060e-04
3.013998932855421753e-03
3.641291791343557148e-04
3.187024651650039266e-04
2.741304002264929852e-04
3.498700860148897733e-04
5.709404405336826992e-04
4.676629910224291411e-04
3.360617573429567598e-04
3.202869879790101997e-03
2.104714827344584486e-03
2.238947014047626156e-03
5.926725673656174122e-04
6.668699414386549534e-04
4.067661837554191668e-04
7.344333499326668752e-04
9.646374953098676248e-04
6.407476114730513341e-04
6.849969589481602443e-04
7.762327464866226965e-04
2.870485643005773503e-03
5.961282129467334028e-04
1.023046572676648662e-02
3.545726333638919247e-04
9.723809911238569335e-04
2.568007156028537827e-04
3.370175882750126896e-04
3.375239512801098390e-03
4.036469620209348825e-04
5.599871795453300639e-04
5.988519352300836597e-04
1.232589250307724498e-03
1.225468912934210607e-03
6.658327279610605628e-04
1.169821581959320502e-03
5.057052927420959288e-04
4.134793457561272505e-04
9.001471435930665952e-04
1.052203453081785667e-03
3.804132130400227074e-04
1.322021217184799922e-03
4.535217489966112303e-04
2.876733391215426506e-04
4.478348164544580594e-04
4.528965259216753995e-04
3.593710934578050109e-04
2.456769566272832151e-03
2.053376761489711551e-03
6.612355710742270042e-04
2.633831366610356870e-04
1.679776172900957019e-04
1.087939635043934329e-03
1.067223076054286957e-03
1.903332136050742487e-03
2.043232298230557298e-03
1.161849847790364125e-03
3.699180297844553429e-04
7.161201432821374512e-04
5.519787026389209568e-04
6.814067456378241228e-04
1.566209907435201464e-03
4.695522570853200798e-04
8.132574475644875969e-04
1.877423562810520870e-03
6.500121736501132197e-04
8.294266553323257013e-04
4.278354318454517043e-04
7.449035056123665295e-04
3.708158195841001646e-04
1.104425260637318393e-03
2.160155017331589914e-04
7.758374700813116913e-04
5.257504297978649000e-04
1.986219531394021673e-03
2.708833879588507833e-03
3.446415052972886801e-04
9.310679781965661150e-04
5.939964726118005618e-04
4.308681706287954306e-04
1.991385798003689200e-04
5.275837566136844453e-04
1.226023836658877509e-03
1.977346199639583725e-04
4.199243574376744698e-04
8.433578518270999635e-03
5.374481886232275463e-04
7.859695482270025006e-04
1.063276045421101060e-03
3.440487961120787226e-04
9.495795234325910905e-04
9.260677961265708453e-04
2.944009607530842401e-04
4.014471874718800138e-04
3.841782317071176789e-04
2.694040364415958865e-04
6.859738472284297598e-04
3.653219879657539060e-04
5.087075456733896727e-04
4.286178910543956937e-04
2.912659295302313478e-04
6.144172954611834287e-04
2.376874159251393171e-04
4.848317717856545574e-04
2.625430274529856416e-04
1.558062112399463033e-03
4.847019042096287547e-04
7.876283085418221523e-04
4.450968692938084541e-04
1.458633272069514465e-03
3.812979720356811180e-04
3.653219879657539060e-04
1.110953673063841884e-03
2.250416608177762204e-04
2.242806112953247850e-04
4.662380153929639257e-04
4.822053077532628511e-04
7.483831319371616643e-03
1.109650208861986953e-03
3.069941974138115735e-03
1.251231582856740087e-03
6.779338149109183972e-04
5.010715606894968529e-04
1.661100115275328118e-03
1.148423536939435167e-03
4.645278392417890798e-04
4.958555545868934596e-04
1.823743018134866504e-03
2.247725140581793065e-03
5.213517635993070252e-04
3.585091778288089677e-03
5.761701814254421416e-04
2.868171716979513500e-04
5.441744388617808167e-04
1.511297777568213364e-03
1.435550756299599617e-03
9.740262865048428687e-04
2.405749646381215962e-04
1.333862694514431971e-03
1.912082615270962278e-03
2.624268376985167388e-04
7.678919841468314494e-04
1.174845319044117830e-03
3.871000230023805217e-04
3.492926627748111235e-03
5.893076844847930243e-04
7.989290725103460151e-04
3.465601462352681759e-03
5.102281405727765581e-04
7.000890180127491546e-04
4.572338059534782929e-03
6.718913966202885680e-04
1.189480975578569456e-03
8.557804338868564521e-04
1.638712643818651183e-04
5.229577625099615310e-04
1.976523541399611281e-04
5.114324492160789723e-04
1.227287611295451190e-03
3.933303386655682488e-04
1.073611906955729191e-03
3.933657884253740668e-03
5.280353078892995001e-04
3.095237969996507627e-04
1.336927176607216388e-03
5.937144153422873249e-04
5.153662721087152922e-04
5.811572524055362565e-04
2.319958334883439558e-03
6.860809915257131417e-04
2.612150492288538208e-04
7.368931963321770449e-04
6.966992472982989773e-04
6.776649478632990487e-04
1.118615747494081276e-03
1.092278943267943917e-03
3.466531833556040724e-04
1.278415551957216671e-03
4.486631346534682499e-04
3.229670510242663140e-04
6.229773968071992225e-04
1.924438619026698548e-04
3.661313284828742647e-04
4.766321807957730680e-03
3.841990011037925120e-04
1.558062112399463033e-03
6.377792733282475071e-04
2.307421487335166671e-04
6.842611453039600805e-04
7.159970653853184796e-04
2.089419977599127429e-03
8.162883017669058175e-04
4.876405453669815145e-04
1.399718855348262153e-03
1.143845484221824417e-03
7.863200782649513434e-04
4.154810249794154971e-04
6.496590019847938617e-04
3.498479856009134646e-04
2.379633182307287678e-03
4.647475748903542349e-04
9.881022767423126938e-04
8.618782271289158851e-04
1.185469856131143385e-03
1.073383715851449101e-03
5.304962393066205107e-04
6.321294596377877292e-04
3.052288033702305818e-04
1.435200281716756017e-03
4.125163549402020456e-04
5.709230569720166043e-04
3.914769949570963436e-04
4.196160953670834679e-04
3.722664320698026281e-04
2.214393033057939462e-03
3.511133001995313686e-04
2.991875216745099909e-03
2.581579746737706904e-04
3.007397778018196504e-04
6.040515089485326040e-04
2.486307006716090133e-04
7.494088388762030041e-04
8.866526357370230638e-04
6.076938302835017524e-04
3.963126399286418140e-03
2.956352039805806202e-04
6.011876679193472062e-04
3.906723026258074999e-04
8.644311097488440506e-04
7.544388799297263755e-04
1.389393055405694407e-03
3.228077663286788869e-04
1.151825108511607236e-03
5.951774427352509236e-04
3.038438882244713342e-04
7.536305625980648480e-04
2.752717630895569305e-04
4.067661837554191668e-04
4.335520936088619638e-03
1.487251206340779296e-03
8.944819188839037843e-04
2.214969361524407588e-04
6.828654384088820618e-04
1.427833049934331289e-03
4.794256425094922365e-04
9.990937431769591516e-04
1.357523906612489095e-03
3.169384063361589546e-04
1.481286998630211788e-03
3.453197370480903306e-04
2.331557934653564774e-03
2.950558928410878818e-03
5.143566812067252442e-04
4.277704792557487749e-03
2.932154938726544598e-04
4.318120244798314160e-04
5.389786919338837405e-04
1.479483232028834701e-03
1.185351922451161966e-03
5.774251840230447495e-04
4.173288736282018034e-04
2.837270723269798463e-03
2.793916280082396858e-04
2.935785483394821242e-04
2.091446831972558506e-04
1.963890670370768373e-04
1.347838236425337498e-03
2.583110126914550382e-04
7.938658221826476371e-04
1.479844399453362439e-03
3.800370535058193570e-04
3.257854042371275891e-04
2.256603318078948851e-03
3.597849239412644084e-04
1.857083626362472780e-03
8.564785290988376947e-04
3.940285018938254795e-04
4.503781501403986793e-04
2.398335814061962074e-03
1.394923636637500049e-03
1.132810803078151875e-03
3.835400703516886442e-04
1.397001074218240857e-03
5.879122761436329217e-04
3.587755141955327031e-04
9.920614930085398363e-04
8.379292094817111184e-04
5.955796761673964315e-04
5.365757058638810899e-04
5.549289080168226442e-04
1.051346430314588527e-03
3.619849311387224235e-04
2.543833258090816198e-03
2.879448248204446851e-04
9.225660568816532398e-04
7.344333499326668752e-04
3.928807041965202886e-04
9.704594819184228244e-04
5.394438549485565219e-04
5.707130850994027128e-04
7.450243491839492367e-03
1.231627775053550748e-03
1.036435807766828299e-03
1.303259075949851848e-03
4.247622805198401279e-04
1.120472928323245927e-03
1.260493502045217581e-03
3.045488448348750979e-04
3.708226935460554193e-04
4.060409057182916347e-04
5.854831331227320539e-04
3.142840359539980405e-04
2.986794773968616708e-04
5.011184296282707260e-04
1.032517670844304743e-03
3.858037932845729515e-04
9.579572948423601114e-04
7.796297546568003740e-04
9.726425448745740785e-04
8.426667080648901935e-04
3.980274962621531323e-04
9.533406621079153730e-04
1.054106386770259233e-03
5.752978527035443887e-04
1.439763182014509304e-03
1.150573791472387633e-03
1.304866371075488274e-03
1.244932926715713959e-03
4.809245842318348721e-04
8.335265227577855337e-04
5.849613752825575785e-04
3.539486016749908968e-04
5.012251941600679057e-04
1.691733272842229664e-03
5.029192128803962542e-04
3.114387637805154322e-04
4.240499220702126284e-04
3.257148549511564798e-04
5.997744802180826054e-04
7.483831319371616643e-03
9.524111136958460450e-04
3.576799147122999519e-04
1.226849948648060188e-03
4.398029870375269493e-04
5.485599491377167762e-04
1.568896971671311083e-04
3.273842815155086124e-04
5.661769900264559388e-04
1.429072687954273174e-03
1.406412661129563535e-03
5.350105047675006269e-04
4.524085863978398003e-04
1.256534553374097536e-03
3.659143734600207821e-04
3.225377888011336422e-04
3.278851812869887123e-04
6.267881769348247322e-04
9.324034868785780871e-04
1.268034981818547602e-03
3.163677810316369498e-04
1.811631870048599317e-03
4.332177562462962263e-04
1.809718980815660497e-04
3.218504650299831523e-04
2.293107784272219987e-04
5.058111825092303842e-04
6.112506098972494886e-04
9.763678446975837880e-03
1.006474092383431241e-03
1.465239053789267002e-03
1.241871928796671595e-03
5.717444255789074078e-04
6.364412255304416127e-04
2.602640123138071603e-04
4.195710647106090890e-04
4.656961351444905773e-04
3.398518770796138616e-04
5.194399145443972556e-04
2.823784936618925728e-04
6.155177091709457043e-04
5.615208676288263459e-04
3.917019545043048554e-04
8.552019562644795885e-04
6.001502355446136855e-04
