2.679596979588763639e-04
1.055739841447679746e-03
7.780863104409696876e-04
7.637011031117235714e-04
3.216750423918229070e-04
5.173207112593595017e-04
6.666324941262031806e-04
5.917577587163634373e-04
8.075776512333125799e-04
1.182024915319879405e-03
5.584306516562626476e-04
1.078333087100757925e-03
4.446628296993520484e-04
1.195680602263078781e-03
2.610394804760609211e-04
4.793315614281412227e-04
5.496754869003591271e-04
1.392669710112131665e-03
1.388016049273864232e-03
5.729258919826992445e-04
3.740537271401987523e-04
8.951193188423179920e-04
6.078781010105927494e-04
5.277402758782688639e-04
9.217605626177099998e-04
4.223745382609376577e-04
5.401637818121801790e-04
5.746113023481140385e-04
9.089149780940569516e-04
3.825198069817869508e-04
3.736265388193242315e-04
5.179659322244402255e-04
3.385385600702515052e-04
2.421218235729239235e-04
2.393096306762435108e-04
9.197386191176180892e-04
4.013102961217562305e-04
8.646765067643134850e-03
6.298208004284825117e-04
3.842926363158285868e-04
3.590293427829972881e-03
4.295004812916631306e-04
5.209928724147627884e-04
7.694867662628586099e-04
7.078837147746770263e-04
2.717613469083989550e-04
1.440261370100905623e-03
2.856891515489876012e-04
2.233458450325558487e-04
2.159793637188642311e-04
1.089567675086229809e-03
7.672265209769739934e-04
1.111131935405262373e-03
3.693978269592580570e-04
4.546750338494536013e-04
3.619387339401490154e-04
3.667055434348348857e-04
2.147342310436106509e-03
8.947274634105600345e-04
3.951535961375297239e-04
2.857701497787877034e-04
3.620673928956323574e-04
3.770464746358012241e-04
6.756115518819951881e-04
1.178424074428431698e-03
1.511887383060582990e-03
4.318793064245103619e-04
3.855275132329125326e-04
6.640835722503593943e-04
6.609563387388491234e-04
3.974064155826975914e-04
3.187734765223863235e-03
2.560903578383249939e-04
2.153871876375836015e-04
5.329284609663859432e-04
3.006352437185233874e-04
3.442485909298159999e-04
5.267478868487257939e-04
3.598367574948942182e-04
7.866553500720135147e-04
3.903492587991253177e-04
1.242298730964658347e-03
3.885668478609533407e-04
3.596241800807879123e-04
9.181705186429216323e-04
2.190000919543838315e-03
6.707735989260169051e-04
9.685663262242326550e-04
1.010286570214797685e-03
6.715171645054668131e-04
5.416394449216073784e-04
5.129023745415821865e-04
3.996016795562727696e-04
7.801414935979724286e-04
3.347747972450004078e-04
6.795415971376816185e-04
5.345938373755325032e-04
1.153388621881878658e-03
1.646409860907653046e-03
6.579502754156950524e-04
7.721186402870418341e-04
2.188734057560602023e-03
2.757778180946244759e-03
2.181849014048908332e-03
7.049247853981951582e-04
6.232103466462407017e-04
5.438768641142502011e-04
5.389565311643261135e-04
9.976300793061853179e-04
1.399521154981789263e-03
5.509336827393380249e-04
2.239385908322857888e-03
3.921964524457509870e-04
1.502814762118407114e-03
1.100026536289589818e-03
8.566505471992232491e-04
1.154134676018812129e-03
2.649619550986075968e-04
5.577110903130206394e-04
6.348066529391146887e-04
6.924329483341321295e-04
5.886936952553134409e-04
1.082684613776315136e-03
1.851049806724682075e-04
5.792243824384045491e-04
9.258073611140496409e-04
5.281308021456718529e-04
8.600799963688941048e-04
7.607737650959932492e-04
1.291970151573130056e-03
7.352526252652480387e-04
3.818218460878309000e-03
3.231900340570960655e-04
2.877151965160301174e-03
3.973495746240543057e-04
6.039737761505459051e-04
5.179027266072359567e-03
1.518883003999728452e-03
1.764205089980283667e-03
1.408313837487660831e-03
4.073788708565836275e-03
2.880795530366474602e-04
5.254531313938766261e-04
7.124487954166390958e-04
1.655465891719834102e-03
9.328407951792312648e-04
3.180572532566752417e-04
4.262617861202958026e-04
6.971504732104123747e-04
3.832322576022293217e-04
8.658705863334946982e-04
4.940857830995279421e-04
5.081451954247353077e-04
1.140065527933232506e-03
5.097718289930468520e-04
4.207308390704548456e-04
9.911856717606246699e-04
1.674588821076211436e-03
1.055025825275722343e-03
2.394533311502943136e-03
1.028229944062221488e-03
4.777621241070681662e-04
4.403709842226261289e-04
3.003791806113759850e-04
2.313040230450105327e-03
1.123044056834201316e-03
2.355232660339926204e-04
4.969552788155573268e-04
1.395183049660064616e-03
1.303500998534592222e-03
2.006885475186749677e-03
4.571870424835052784e-04
4.877769042926840149e-04
1.039425019094986948e-03
3.073364513433276234e-03
2.147342310436106509e-03
1.205442269758913920e-03
6.683757083862125600e-04
2.187986659320502545e-04
2.851454047994181015e-04
3.028857939238423290e-04
6.248572780545911089e-04
4.397716046457650851e-04
4.614301913322068488e-03
4.159903487722931437e-04
6.244785654097215720e-04
3.133283390157260827e-03
5.128508181579460390e-04
1.541878092221536829e-03
4.174952267330527293e-04
1.681078626229853910e-03
3.824784496182235182e-04
4.935909138318379146e-04
8.090792192703548944e-04
3.299470640246600622e-04
6.646150295114233806e-04
3.915879986741602854e-04
4.273301484148181039e-04
1.187587607555885090e-03
3.807453941417957943e-04
1.158388082853562982e-03
2.898529698047704549e-04
3.441191066398467907e-04
1.424910611213629774e-03
3.194667440014199548e-03
2.355232660339926204e-04
6.495470503898772684e-04
2.129852537057953452e-03
1.561595144204343819e-03
4.271242237032541887e-04
3.751068345499391880e-04
7.193129473518334281e-04
9.458676273207106524e-04
4.225619955506526235e-03
4.031736906635323306e-04
7.554230931883830838e-04
7.615773676419563100e-04
6.179943646778146039e-04
5.968735883154026225e-04
1.644912410970900650e-03
3.884929590041220925e-04
7.541204848557896828e-04
8.406167801479338605e-04
1.852996575893774926e-03
1.473400235100675183e-03
5.600426039803004137e-04
5.161364505156798219e-04
7.934567056412734952e-04
7.399951550706343039e-04
7.319715256324865272e-04
4.535960526470981190e-04
6.640276638194724575e-04
1.183083445026487370e-03
7.193923531566482526e-04
3.840427399279332894e-04
6.177307826110781932e-04
8.020832428644093402e-04
1.530981976498214372e-03
3.022567119540334104e-03
3.583000482689691524e-04
9.147753151693651568e-04
3.947851403106542446e-04
7.349058815907842050e-04
6.125092572135348813e-04
8.606579041114864386e-04
3.903338071512312468e-04
7.085205413085943291e-04
3.478262144706467814e-04
1.404560533662511110e-03
5.800603058186245197e-04
6.840526964763792711e-04
6.406457309517994301e-04
4.401674893716865547e-04
7.165063223318319076e-04
4.204912897738872276e-04
1.349101731611217258e-03
3.493446154569434603e-04
4.274047103241152717e-04
7.692377862708381321e-04
3.425364530491478948e-04
1.221242789554186992e-03
1.080705552675967221e-03
7.496852768693552851e-04
1.385340225947803315e-03
4.799528565850363915e-03
3.662990890981806537e-04
5.326868022752143496e-04
3.839015877142433974e-04
9.179884376972371855e-04
5.200602212638807302e-04
6.844261900537575855e-04
5.358381906873311206e-04
1.743345138292789424e-03
9.870838413138442562e-04
3.069921764182202738e-04
1.914029818725052198e-03
5.323731132997757505e-04
1.283078180887218828e-03
4.840195730655850320e-04
4.095626803418514115e-04
3.377534473962623884e-04
6.902007967845785004e-04
4.546750338494536013e-04
5.890896299112989001e-04
9.575511303677159249e-04
5.939766255986391559e-04
1.881688872527105755e-03
6.314188459465800568e-04
3.441524030345937302e-04
1.098148963898859781e-03
3.495745163530176460e-04
1.301167822717752857e-03
6.363414027782888149e-04
9.381120847233218431e-04
2.927076836507553248e-04
5.354826296202984913e-04
6.844696117965883746e-04
5.453032612489069680e-04
9.234964268713502207e-04
3.261964102698898874e-03
1.181368659075231154e-03
1.398092137024245767e-03
2.293987748762878025e-03
3.620673928956323574e-04
3.580171946975029907e-04
3.950984567715651557e-04
3.763530486275947959e-04
6.416349332499678409e-04
3.560418886316782535e-04
4.275379025530439900e-04
2.975672815764342531e-04
5.624419000964863899e-04
3.889658423170244119e-04
2.962124245247121663e-04
1.261407663317217322e-03
1.175646113226922656e-03
8.140797422011490604e-04
3.504881101613994076e-04
4.088880593309969329e-03
4.657438579319196420e-04
8.425568884303799924e-04
5.841041353256596442e-04
3.677042675632212010e-04
8.198005157973067532e-04
3.231694985086644651e-04
5.683209647526386507e-04
4.908979864696158589e-04
6.971412518743697485e-04
4.010627225819445724e-04
1.089607096172297588e-03
4.367884341025763881e-04
7.199257122599977835e-04
6.697484250556665119e-04
3.923807786666229955e-04
7.460231417966131434e-04
5.557844914702215382e-04
5.483142571096806007e-04
3.312281953199360408e-04
3.287500564787478887e-04
7.050003288326172832e-04
1.108541259648113987e-03
4.536815802343110602e-04
1.569353293877688137e-03
1.796717649019611684e-03
1.052472464298876949e-03
3.027361307797781843e-04
6.484214416454205836e-04
5.453733610476670622e-04
9.452688385372760502e-04
7.156460729279114433e-04
4.232980111855256080e-04
8.967860695164909818e-04
1.252817962058209826e-03
3.503347183507599105e-02
4.958360116841986805e-04
5.781645046298488017e-04
5.990187955250064278e-04
1.174695450382508537e-03
6.629778168735488706e-04
1.242298730964658347e-03
3.601521387832633952e-04
1.062652498133828324e-03
8.684843406115331068e-04
8.776578965711747272e-04
4.102970989902827732e-04
6.504559379239062715e-04
4.531369585982809737e-04
3.584586396440600248e-04
2.601717691145774211e-03
1.133861765210148614e-03
3.091894947679875959e-03
1.229950502796247399e-03
6.653291100737115243e-04
7.755891650143314402e-04
4.561179370322567699e-04
8.513551328615987131e-04
4.066471572950332248e-04
2.152754900232062719e-03
3.352478971607825652e-04
3.355787614301678910e-04
1.223041357104223811e-03
2.792309926373337178e-03
8.033630624780155717e-04
1.571953370123852639e-03
1.565812088569592392e-03
3.282150575857145994e-04
2.512906013344962802e-03
6.965755453231519279e-04
3.372404469229040025e-04
4.903409739940592588e-04
1.083948192654144750e-03
9.360673183702677112e-04
5.171366286987788725e-04
4.696611559575873001e-04
6.827982308915194224e-04
4.833987534700163687e-04
4.682323166249790689e-04
4.645211586588889985e-04
9.208877672048817716e-04
1.745821711364326650e-03
3.231900340570960655e-04
5.023822584529602075e-04
4.609535160342838290e-04
5.333079702058276216e-03
1.605124566556180967e-03
8.785497280643659104e-04
7.112470274503915986e-04
1.795124588436319358e-03
2.599706245495308349e-03
2.348774635163787105e-03
1.432526959886850281e-03
2.679596979588763639e-04
1.452411251752412777e-03
2.031449987188451052e-03
8.332797330104080432e-04
7.045709536769181013e-04
4.628337535745425616e-04
7.603212034135237640e-04
3.536989677698246736e-04
1.388211398661171004e-03
1.368752216563014039e-03
5.194517332407278844e-04
2.669001030823118202e-04
4.513371188092297126e-04
1.851049806724682075e-04
5.496554758833707092e-04
4.948990161829004307e-04
3.495031355074829245e-04
6.839682955537072350e-04
4.865157802965297822e-04
4.228490194783581521e-04
1.521123954200944263e-03
5.208279815537745312e-04
9.583908266487851674e-04
2.446273536682264712e-03
5.118211600582105864e-04
9.780442197549477079e-04
4.799781695730063981e-04
4.541301051310573603e-04
4.372108647240867114e-04
2.762644938205540465e-03
1.032149816108213995e-03
8.752191628046411846e-04
3.338825115287543852e-04
6.366259849394173900e-04
1.802047100989887657e-03
8.064561133099833494e-04
4.273939451533339943e-04
1.971454198370621667e-03
4.631176453975166031e-04
6.317997622587695049e-04
3.966310356924324532e-04
8.498590337156631917e-04
3.301153400318302409e-04
2.612311434518790713e-03
9.752265282453554882e-04
5.655175363543558670e-04
1.250399343914463442e-03
9.828872791809086396e-04
8.412371644167147226e-04
1.367875531033151213e-03
2.293987748762878025e-03
5.695588292213550575e-04
9.944220220303721155e-04
4.523230143534141541e-04
1.162339077343498223e-03
1.440261370100905623e-03
9.847477471364557942e-04
1.448154578344649623e-03
7.592990722812637200e-04
6.621859870637456565e-04
1.266809822748532748e-03
1.879751608906227774e-03
4.090300415025305302e-04
9.547641246557623650e-04
6.573205310277347802e-04
8.342384484003785182e-04
1.047082057485526499e-03
6.356523059407919113e-04
1.450698207313883123e-03
1.426836319496768138e-03
3.550851864089538579e-04
2.916187199487217316e-04
5.697524603404093219e-04
7.406443398585189778e-04
7.391771908119076570e-04
8.600799963688941048e-04
2.018725354980881789e-03
1.590203665779366636e-03
9.758950197191158327e-04
4.228952518018145429e-04
1.156399589623275780e-03
1.080705552675967221e-03
2.754595472026989309e-04
5.281308021456718529e-04
8.635160621807035563e-04
3.939487534081491577e-04
3.277397477667822650e-04
2.316389174350753585e-04
7.640407599880938427e-04
3.982117670468906384e-03
4.431257885002624214e-04
6.831635127560185036e-04
3.324893694233638014e-04
5.254531313938766261e-04
2.583394621971648805e-04
9.686374752157543913e-04
8.418424410047872482e-04
3.533766576979184516e-04
1.031770806319427455e-03
2.709470305592751147e-04
1.032606215478592800e-03
6.246403152382138790e-04
7.996764276022157126e-04
9.804614823898591403e-04
3.020966870776234901e-04
6.185921687216757933e-04
1.054720535263557312e-03
6.150653111091445571e-04
3.512415152043147780e-04
7.307565213455029501e-04
3.326867718062495594e-04
1.055739841447679746e-03
1.959465902861298389e-03
1.362648518235206642e-03
3.502597995090757604e-04
2.473266301436372722e-04
3.456433112451276772e-04
1.342800824027443182e-03
6.108752144097300777e-04
8.043271185027042573e-04
1.472547434203276464e-03
5.289158327679881677e-04
2.720893434465553105e-04
1.801681353967117625e-03
2.295710994560131964e-04
9.379151867284384785e-04
4.275431604288711628e-03
5.055705172098983900e-04
3.205727324084008882e-04
9.615137022681422875e-04
1.555514806413556836e-03
1.079913757205792479e-03
2.549905359618128559e-03
1.217839528963962333e-03
4.035415375063688319e-04
7.882271777811125993e-04
7.768237313444041441e-04
8.007480356021534932e-04
9.565654354559585508e-04
3.231900340570960655e-04
5.607245889708910129e-04
2.711619934264111352e-04
5.057836923078998020e-04
1.556294450602308454e-03
6.535320629551151506e-04
9.977501394373626369e-04
9.352521792750774455e-04
3.455573909902699171e-04
1.057455305994194506e-03
9.662665538250782673e-04
8.244080255605200618e-04
6.511581279095335394e-04
5.360343287802830665e-04
3.725286266311231926e-04
2.576537567774131910e-04
1.286053005678490123e-03
1.768560170589820665e-03
2.832913933790688166e-04
1.302432969306812618e-03
5.250948377884608227e-04
3.192113146882943203e-04
7.022499053266707857e-04
6.451077361931153824e-04
7.086929498390063002e-04
4.204912897738872276e-04
1.040287595955797064e-03
1.543758476347753018e-03
2.468379927542797055e-03
2.325326462103627888e-03
8.805626870518017254e-04
4.300710285642878939e-04
9.590165126349050467e-04
6.479445467132854443e-04
2.500139539962259114e-03
1.520828177239447838e-03
1.757877110685449875e-03
4.383034055253795199e-04
2.005581734348264259e-03
4.174952267330527293e-04
7.631616418761398525e-04
5.581442260346240703e-04
1.492948181474450936e-03
5.168596664618178545e-04
9.060373811859499370e-04
1.284263482915085639e-03
5.796394334933215563e-03
6.285609774301109285e-04
3.964575717300705834e-04
3.052492457077639267e-04
9.361790471694121304e-04
6.733228117961440485e-04
6.790347886429373226e-04
3.959236331010357996e-04
6.993783543097336361e-04
2.736962333624488614e-04
4.137111565409258215e-04
2.163263576833597665e-04
7.140391955731767654e-04
5.411435857910699542e-04
6.840379380568515667e-04
3.918821851517571798e-04
5.114082717550789232e-04
1.106379336484034429e-03
8.651403394439257950e-04
9.093028189865561602e-04
5.399875426552097407e-04
2.895299742537022804e-03
1.219724250114876665e-03
9.310906298859534863e-04
6.638618736616678237e-04
9.828597781381381154e-04
4.235301106000717228e-04
1.741949716879553564e-03
8.479947021297559468e-04
9.146387244798092134e-04
4.249099130970635700e-04
4.764308984319968934e-04
6.414786076190954599e-04
6.556577406578373898e-04
6.739303963162100947e-04
5.329311172247853771e-04
3.140352741315706854e-04
9.239837047186905952e-04
3.381288657451816926e-04
3.307128569091281694e-04
6.451077361931153824e-04
3.630939077301411494e-04
1.407744174385555744e-03
1.940127406206126285e-03
6.700591891212905439e-04
8.956504629999738690e-03
3.570895583410667361e-04
1.063700791751525342e-03
4.640208960298476421e-04
7.445448038512476972e-04
5.917577587163634373e-04
9.151287684280742449e-03
1.089964146155092493e-03
3.841952104616145973e-04
8.080133883268883358e-04
8.603676266776094476e-04
3.383058613457886471e-04
3.872222124046357638e-04
4.689092091717005258e-03
8.233291737281263171e-04
3.147982629302404365e-04
1.272632420982868677e-03
4.183414235580401748e-04
4.118092022451762951e-04
2.360271889529275591e-04
7.797285813196918594e-04
6.144327713629597681e-04
4.509724127752182533e-04
5.394168514287743001e-04
3.205226996230928086e-04
1.217193078738245185e-03
6.879769101736437839e-04
6.185398457712617095e-04
6.441055378490540993e-04
1.361178420440435936e-03
3.914485800117637935e-04
4.324284774852495280e-04
1.286680778553655341e-02
6.984804384025899678e-04
4.771317955157406798e-04
1.522385511110247672e-03
8.210173807885174204e-04
5.268010457394657359e-04
7.104936595606087951e-04
6.779602846948152694e-04
9.039632645548462695e-04
1.618351248114991954e-03
3.899805709904526768e-04
5.411435857910699542e-04
4.725377695387101315e-04
7.429669937343473746e-04
5.434392696232047838e-04
1.049239073196994243e-03
4.200086296025129333e-03
1.056573775913690824e-03
3.693978269592580570e-04
6.039737761505459051e-04
4.185701250678798254e-04
3.665893231554886523e-04
9.156481791518529924e-04
3.938937958662436538e-04
4.908979864696158589e-04
1.102515618134190627e-03
1.272349689350065188e-03
8.179527191535115264e-04
2.203751610683558730e-03
4.560458577976690252e-04
8.067641015935712997e-04
5.875888056992437580e-04
1.492040344831958376e-03
3.640268029157619134e-04
2.279355028353192026e-03
6.920597118071324105e-04
4.050637365759270363e-04
4.673744570524492742e-04
1.996041614152097281e-03
2.897096185505191549e-04
5.748940318745784451e-04
4.250202637495523292e-04
9.111631404911103805e-04
2.529314488828266014e-04
5.038445072361790941e-04
4.150810505756096511e-04
1.649205032778058204e-03
6.646253330350946871e-04
4.149550646947740610e-04
6.062220645410158803e-04
5.364152191373166298e-04
5.536312103165580726e-04
6.559431497717045645e-04
3.487200218936378445e-04
3.558097437127104561e-04
6.581917401555922257e-04
1.108730910367981132e-03
5.930508502497700268e-04
1.674339690231922131e-03
1.385340225947803315e-03
4.799704757314953493e-04
3.733392785269853682e-04
5.946951271701091980e-04
4.093479592119327656e-04
1.251077564381539728e-03
3.387368316163610242e-04
2.355026454361976076e-04
6.795056026016597136e-04
8.967333520059502482e-04
9.763835658875772957e-04
8.632989796227171202e-04
5.464732322284146775e-04
5.079517569100691025e-04
3.221722855735031769e-04
2.118131205305213462e-03
2.138093936767578637e-03
5.916473316392964780e-04
2.466235931712859207e-04
1.095336579175474863e-03
5.391128619796285281e-04
3.432925334469904438e-04
6.648032675616318650e-04
3.001103460543802720e-04
5.337336924550520594e-04
1.395997880657016878e-03
3.877041901237109371e-04
6.682131457918671523e-04
3.850913920970689547e-04
1.217353143301079781e-03
3.195582552806989292e-04
4.496734489503032462e-04
4.331266805241481416e-04
4.773352854083562466e-04
3.953963260423474244e-04
9.000029709011847599e-04
7.596890798529074050e-04
1.125304512828044327e-02
3.301756456061463317e-04
1.992770086223825488e-04
8.179527191535115264e-04
4.214284059981234171e-04
1.879751608906227774e-03
3.341215604606157918e-04
1.515567969060120559e-03
1.208963905069597358e-03
4.749899463858795368e-04
6.118185282915836317e-04
1.742664209499199778e-03
7.743691372733733447e-04
1.271636336126960067e-03
1.612603295242571923e-03
6.191599445288993066e-04
7.318279367609053891e-04
1.128811952183404570e-02
1.244426825257244568e-03
7.765779349396811394e-03
1.570446513199827117e-03
1.357506988935091230e-03
7.933245769209522910e-04
6.790347886429373226e-04
3.463431604854319730e-03
4.383034055253795199e-04
6.598461583624493044e-04
1.225112499225786133e-03
1.614665462023999508e-03
7.619618169710574464e-04
9.647065797122171028e-04
5.066784221550201320e-04
5.952494405645844403e-04
4.181738673575320251e-04
7.454271429146010555e-04
4.948990161829004307e-04
7.322070171014191491e-04
3.656645756756926363e-04
3.601073701410283144e-04
9.047616563627573511e-04
3.041526646290306011e-04
4.392430818598468318e-04
9.636543705567286256e-04
1.995703689458708588e-03
1.648220851198137736e-03
3.077464963092391668e-04
1.239171813994545662e-03
3.164558412451549951e-03
9.992504393403515636e-04
1.192108393046637221e-03
5.812996031760829388e-04
1.013256391215945629e-03
7.502542038392140660e-04
6.078620854427657389e-04
3.847548918197397569e-04
5.395845434114618410e-04
1.310221355976018279e-03
5.988806572654897407e-04
3.345571863361448939e-04
1.057379383857540807e-03
2.179535510463854586e-03
4.865274984778137127e-04
3.027911547437935253e-04
6.001671649249692726e-04
4.661353007156027531e-03
1.429596395337332957e-03
2.696609148100034825e-03
1.908150473798757990e-03
6.709842780449640177e-04
9.902786478390803761e-04
1.397285597613262325e-03
8.694092173263866198e-04
5.263668492419313434e-04
5.686590249292756624e-04
3.839015877142433974e-04
3.582850779251995125e-04
1.334197247867833971e-03
8.370767526400226454e-04
9.901989758313723810e-04
4.128294339358386787e-04
3.018080550571170494e-04
3.609266039737211215e-03
1.521123954200944263e-03
4.181738673575320251e-04
4.099999571433185497e-03
7.461978656416408178e-04
7.408400817630594187e-04
3.665893231554886523e-04
4.455282830081858797e-03
5.339806198402293619e-04
4.969489859243341303e-04
5.859175215136387324e-04
6.692752342153197647e-04
6.974116342420637023e-04
4.267644766565147096e-04
6.549432725896747439e-04
4.757885603912728203e-04
5.951156894834775920e-04
9.752265282453554882e-04
6.929436527603907801e-04
1.440860633984435450e-03
5.845901218626116478e-04
5.197180075897934451e-04
8.714472400196580319e-04
3.770464746358012241e-04
1.026334187466254816e-03
8.355686697584556932e-04
9.894335615825721776e-04
5.699224222683827454e-04
3.527616735287370073e-04
3.589217327651601829e-04
1.479845609786336691e-03
9.139906383793616838e-04
2.675827441830449377e-03
5.653207958759941384e-04
1.440261370100905623e-03
5.865879680160250445e-04
6.873182245404785718e-04
2.618295592175138436e-03
4.059142026931540398e-04
5.617605853558494192e-04
1.258282677888211817e-03
5.194517332407278844e-04
1.929992505450481548e-03
7.067937987013751594e-04
8.841103481581963006e-04
6.460737700910905521e-04
5.939766255986391559e-04
3.609042020234203441e-04
5.602390152514749155e-04
6.185434741774811784e-04
9.414830750735793093e-04
8.740834343698280834e-04
1.654157422577546589e-03
5.378228940776887037e-04
5.931367127544055935e-04
9.620578395719904833e-04
5.983319580562737605e-04
9.950409579304847051e-04
7.824547440769761674e-04
2.187986659320502545e-04
5.546814382151443040e-04
9.304907461037118703e-04
2.508595483548694649e-04
1.618497450054676460e-03
7.418234560093411433e-04
9.438924677347676874e-04
3.254659439981132281e-04
8.891387398582249616e-04
5.288785671676560348e-04
4.581874935194663566e-03
8.478155520580570644e-04
5.009363423033948333e-04
5.557562192343670771e-03
3.013038036792820527e-03
8.150584148458004134e-04
7.685666587610109511e-04
5.603183101271009452e-04
6.675015218008838918e-04
4.142974276039668776e-04
7.152931138056405676e-04
2.875244921571111739e-04
4.777621241070681662e-04
4.417205168492532755e-04
1.304260510681641951e-03
3.169981066373961007e-04
2.007154526134039690e-03
1.438655127257240391e-03
3.953616585359580218e-04
1.366850849476947951e-03
5.285092115632961021e-04
6.268722928427941741e-04
4.606692376467661203e-04
5.071552653125913600e-04
4.947484259572869532e-04
1.843211614359655795e-03
1.041165566508903953e-03
2.524673483726704265e-04
3.960512255007241252e-04
8.132632685509012934e-04
6.871232996340059622e-04
3.586356126639060420e-04
5.846286859537587607e-04
2.667886558157267106e-04
8.407784191158788629e-04
5.286012549982550043e-04
7.873695527617256091e-04
1.552787114566555812e-03
7.498375311453251476e-04
4.470241811812324735e-04
9.718841966744437740e-04
4.946044893434260736e-04
6.638095619043730879e-04
8.407784191158788629e-04
3.936985022847854843e-04
8.991189035713481343e-04
5.624419000964863899e-04
5.609285855090047042e-04
1.052314869794815757e-03
5.151851580650978297e-04
5.201788738937349835e-04
8.542517217336859352e-04
3.443966805537041712e-04
2.809009855094254742e-04
7.367426965569043610e-04
6.820169461100203216e-04
6.984926579423287587e-04
5.663881873920734557e-04
3.153127582693156564e-04
9.244406196154187662e-04
4.526314679228910236e-04
3.699035592519047538e-04
1.221514048677115006e-03
6.357342994896238511e-04
3.140352741315706854e-04
1.356214123487373222e-03
3.511704874914628742e-04
6.122414042253895112e-04
8.729746295025853607e-04
1.210834151354726754e-03
5.394336250260311182e-04
3.086761060334998214e-04
1.364015389205180994e-03
2.754595472026989309e-04
1.829156175698076498e-03
6.638156147979090878e-04
6.715365570645810168e-04
4.398556609252666735e-04
1.907744759269914148e-03
2.112471246873865848e-03
7.440744862020278079e-04
