4.003444868062672407e-04
2.332708836446019559e-04
8.181133551269843297e-04
1.521716489130851217e-04
3.334721331930166422e-04
8.216200326247812512e-04
5.098559734409354198e-04
1.697015345662941264e-03
2.204304475096214840e-04
5.923099941056135390e-04
2.166773463416046732e-04
3.009860699689182405e-04
2.561774820433045888e-04
2.246454664266057954e-04
1.297906928193797577e-03
5.074703511372213958e-04
8.174891854458864225e-04
2.455376195026529431e-04
2.528438032384926811e-03
1.131955366781671468e-03
3.638354759373173502e-04
3.069313242305250246e-03
1.185514138491112167e-03
1.797421127923698870e-04
6.490621221632236022e-04
2.730908847807627369e-04
2.227596462516921879e-04
2.734842891749107415e-04
2.686135952543359053e-04
4.226013038254225126e-03
3.151002966766128168e-04
8.809087924780806787e-04
6.083856854658154260e-04
1.166950249363501568e-03
6.781255535943601486e-04
1.925049241364028990e-04
6.578193043673291086e-04
2.786881220732488878e-04
2.644816143440855902e-04
9.528727494383175097e-04
2.854672083589399338e-04
8.042210920733160228e-04
7.751400626274637705e-04
1.807303734536286571e-04
2.222099440964677049e-03
4.990663285006248636e-04
3.244872415637112934e-04
8.860712902628581225e-04
1.789549624211462175e-04
4.091385488957586234e-04
9.011018655763652126e-04
8.088064867365742441e-04
2.350014282718856560e-04
4.589668539761354083e-04
3.080769130679523646e-04
2.299553263231596863e-04
2.751854314380136265e-04
9.776091142998392849e-04
2.441515654585379720e-04
3.121915607231258286e-04
3.433228319677655307e-04
4.569710317085786603e-04
4.331298208476549311e-03
3.615112531490250868e-04
5.685485735700002976e-04
7.014755440045170130e-04
6.472900348230651310e-04
6.668321071447935950e-04
5.815382086376745616e-04
2.826157456445692589e-04
2.961608057633947650e-04
5.546902028614471942e-04
6.019150503900086392e-04
1.503367859122900236e-03
1.747950432736091603e-03
3.318228953161585682e-04
4.462440118170442967e-04
5.731894231301382309e-04
4.751709903619367385e-04
3.781688113533579953e-04
2.213977205981010137e-04
8.720688408366155438e-04
5.006942160009780502e-04
8.405383818522225254e-04
1.046162410280155773e-03
3.000186918782197414e-04
5.430718077756624450e-04
2.322625834076703249e-04
5.881354751798848531e-04
6.031337162572282789e-04
8.094772550994662518e-04
5.519075948848455124e-04
2.589154169012438571e-04
5.035665333185452468e-04
2.166773463416046732e-04
3.251997462335831039e-03
4.277122132974454753e-04
8.110696456148062819e-04
2.426544936558430081e-04
3.713521346344265776e-04
2.420254834706307321e-04
3.490553739698400919e-04
2.801470168386806367e-04
3.944219972936150917e-04
8.124827064966317096e-04
4.838216568181147640e-04
4.457801186191451097e-04
4.435995204117488839e-04
6.291259653810211266e-03
1.263447756832279147e-03
5.650803827425216266e-04
2.116060435882859657e-03
7.700440123624000596e-04
5.418020744595483098e-04
3.799066734430630926e-04
5.825024610294693081e-04
1.734640693453956279e-04
1.239167949133019361e-03
6.933799623482780200e-03
4.096055030017844360e-04
6.742115600622618395e-04
3.623521186483014567e-03
5.321637486297588725e-04
2.298468028020915358e-04
1.779960539129608009e-04
4.589215907373892823e-04
4.892347440693036332e-04
3.404282206902644443e-04
4.666327438708149297e-03
1.171733579486146240e-03
4.912167711736543886e-04
4.625305836213494410e-04
9.490286738377040404e-04
3.205853915771870923e-04
1.046627844624431220e-03
8.216200326247812512e-04
5.062950926051318183e-04
6.731707105514806713e-04
3.938269986026336962e-04
9.089828637456243057e-04
1.173039877825732529e-03
2.297827902240091836e-04
1.436885920138389252e-03
1.808874169599822279e-03
9.370193040752586603e-04
2.855823196645122450e-04
7.089447323651033297e-04
1.624618099946335966e-04
1.820168499884528565e-03
3.219025955941642067e-04
3.352077193090290466e-03
8.041322510517540838e-04
6.110746336407900901e-04
6.081400428209299226e-04
7.403959648756195354e-04
6.042682526966972620e-04
4.600884289703858414e-04
5.324422544832126125e-03
5.307859986221275710e-04
1.283702877641255361e-04
8.265498593192584275e-04
6.189809123320085373e-04
2.775299846755581511e-04
3.215072570699132291e-03
3.367191174904692573e-04
6.374212409012045780e-04
8.484813910238957679e-04
1.976113048562215275e-04
1.090314163919736288e-03
6.567483944068053595e-04
2.180246150909655048e-04
4.762074229196557604e-04
2.809866067044773977e-04
7.601114122386922389e-04
6.884664876199114540e-04
1.652571705429811818e-03
1.541525516985548525e-03
4.331298208476549311e-03
5.150287579130518201e-04
2.298396275546707652e-04
7.845729273347323146e-04
7.687376631259905564e-04
3.180242700643555118e-03
5.039890413388315978e-04
2.698123634714129316e-04
3.145698166964090172e-04
1.120267155674844637e-03
6.225545517042035785e-04
3.777565340678750816e-04
2.309574604346663644e-04
6.526050934847438213e-04
5.824484547970088140e-04
2.381153889826939619e-04
1.003823412263186087e-03
4.740922055409270658e-04
1.936776667107254282e-03
7.016600315085687583e-04
1.281719217252087588e-03
2.959381164767327030e-04
8.987695004551143072e-04
1.352804730410766577e-03
3.645260227545983351e-04
2.588804319798117455e-04
1.104033585164406655e-03
1.109047734765617648e-03
4.658712234864415100e-04
5.905826742659595584e-04
1.113140353339178972e-03
4.574053876515651201e-04
8.449052741558669153e-04
2.837336697976774883e-04
5.023871273110965333e-04
4.705770662657363513e-04
7.284127040325706366e-04
6.339763004853347103e-04
3.211408165104042431e-04
4.354563273975727835e-04
9.315620633059734559e-04
2.255124674204577590e-04
8.204249997161401024e-04
2.321605548834108391e-04
1.216380418008576516e-03
4.069932001482924958e-04
1.077189190224531320e-03
4.826773515291638917e-04
3.752777292934361122e-04
2.624356042473775471e-04
2.892070218610771687e-04
2.204203855843234888e-03
4.994255796423640106e-04
3.582864288408468172e-04
6.286897895826266958e-04
1.988287890131247343e-04
4.940754821409779280e-04
7.138839607046716402e-04
8.645454621517899112e-04
1.321401903296002276e-03
2.684772883699285064e-04
7.790146368101685814e-04
6.142296541301910844e-04
1.217143130330971016e-03
5.556327051992428819e-04
3.580752717530986105e-04
1.541525516985548525e-03
5.337470847626661760e-04
1.057175693821053516e-02
4.625923462391352413e-04
8.298686470984470822e-04
1.793619867533884776e-03
9.669660667283282510e-04
7.266103796593660494e-04
1.633905436343657336e-03
2.996194852872475535e-04
7.028404571937839568e-04
6.510767664123443942e-04
8.216200326247812512e-04
1.781032031292846182e-04
1.529377968383427216e-03
5.324422544832126125e-03
1.815404590172650396e-03
1.618629621556951805e-04
1.162763274522035780e-03
1.618809561864145133e-04
8.216200326247812512e-04
6.106900746040175125e-04
2.101545528541119527e-03
5.738743200533338125e-04
9.990837734038505134e-04
3.122760559603650343e-03
4.023142198975643204e-04
8.445660412973846108e-04
4.814985557675952217e-03
1.326832803720958505e-03
2.015705261936203969e-04
6.680459227700944174e-04
3.198512457804746079e-03
2.101545528541119527e-03
5.788677567762334211e-04
6.864156918679662454e-04
4.821257453804349692e-04
3.850147810383463946e-04
9.551113960695860067e-04
3.585270217305716383e-04
3.510609458213879964e-04
8.216200326247812512e-04
4.792118614449641933e-04
8.666240013441611940e-04
9.084689936936245127e-04
2.696307748179716315e-03
2.349101980763047739e-03
1.820223824500412759e-03
1.727144315240681984e-03
1.227622069723421742e-03
1.017907460586914281e-03
3.044046710206472529e-03
2.175343386789448552e-04
1.209859187006494686e-03
4.283586590581648615e-04
2.970259070180642489e-04
2.910070085923919625e-04
4.544219069882313102e-04
5.027664953642093726e-04
1.704559060222334737e-03
5.406647606896448997e-04
6.918034292094435433e-04
8.560463674660471296e-04
9.403681822614503097e-04
1.614114700295366661e-03
5.686376551612617059e-04
7.583698904822885499e-04
5.945533261771791768e-04
2.752831773870046349e-04
5.730699972086155400e-04
6.546974431936380219e-04
4.790574585463312947e-04
3.778811806921330728e-04
3.198512457804746079e-03
9.103796464036531576e-04
7.555852674001822073e-04
1.496636457715914677e-04
1.090675015074799850e-03
1.612776586215262215e-04
2.716444338553677322e-04
1.148267170601029955e-03
2.691209538062683346e-03
5.584005698821382447e-04
7.782915016948717011e-04
4.964850256784005553e-04
7.040427180348742811e-04
4.216527925052318570e-04
1.906290875283828644e-04
1.499164836323260306e-03
2.222548895761578165e-03
3.656724606809862968e-04
3.780948004895603141e-04
2.270104634260225289e-04
2.735774208018219356e-04
1.157703417595420644e-03
3.763733322428211960e-04
2.315041458317783352e-03
5.787072677180281127e-04
2.144692087981168484e-03
3.160303239113590196e-04
9.926119159995661426e-04
4.135957714541893212e-04
5.161773226070252287e-04
1.353265668316632484e-03
5.688057174032840491e-04
6.767081973034294942e-04
3.710963348905408753e-04
2.257039338379260177e-04
8.598623256311088573e-04
3.228117329814417062e-04
4.826149626593261390e-04
1.399200344083288954e-03
4.798252300820036011e-04
1.976113048562215275e-04
2.863515776956691438e-04
5.024571878484271250e-04
1.832735145440535099e-03
3.071562884748542453e-04
4.622102771473823087e-04
2.297827902240091836e-04
3.109594574486956517e-04
3.560433614936458417e-04
3.431700229101289357e-03
1.605158000788362406e-03
3.122235820964424269e-04
3.332968639155495737e-04
5.329236543289797047e-04
1.021042556919481885e-03
7.923894744411822018e-04
7.242552012384767665e-04
7.984470241297355166e-04
3.851521178341551273e-04
6.361498864326263275e-04
1.520500341969743688e-03
7.887745141908863826e-04
2.739483659696146257e-04
3.168804986024823423e-04
4.917578872904532217e-03
2.622863117063999137e-03
7.257106481620059085e-04
1.973672405455242397e-03
9.740375678755356292e-04
2.528031240598584270e-04
1.142370097899227978e-03
2.647391051811580549e-04
5.351633195500096751e-04
3.831468516967116993e-04
2.321605548834108391e-04
5.712046041294302533e-04
3.318088319599756344e-04
6.778858016451559968e-04
3.228947116152146193e-04
2.253626503412288419e-04
1.117830537150361729e-03
4.900459458271587149e-04
5.491635543139659036e-04
6.681371796418240569e-04
1.733735807194212867e-03
9.629810258697200096e-04
8.483952829036136732e-04
4.785937851040603531e-04
7.612021360917425785e-04
1.960160242932133898e-03
1.850452156279280358e-03
1.672892297357789259e-03
1.599996709126970320e-04
3.926290453300116333e-04
3.072735044940928741e-04
2.078072254881250635e-04
4.808336549923472071e-04
7.067468849059942507e-04
2.634694021167554288e-04
7.284896648785946964e-04
9.973178432808862612e-04
4.717475083029238486e-04
7.613823968281645217e-04
2.701802897478169040e-04
4.781576710067614896e-04
4.163019035280957091e-04
1.560796108676120765e-03
3.305350726727228393e-04
1.264600884824520523e-02
5.579822110240946270e-04
5.638084051166256366e-04
5.828858151918766758e-04
3.103926803417343411e-03
8.327734321540534047e-04
2.551904743426939496e-04
2.425446864064074624e-04
6.781274932554659258e-04
3.450178389719328674e-04
4.712790397555505348e-04
7.570539277022531694e-04
1.930352672040427410e-03
4.527652263560811696e-04
3.080523238689154755e-04
2.856530870366750922e-04
2.521330663511871109e-04
2.144692087981168484e-03
2.235319288020938956e-04
7.206962274473971246e-04
3.494286875729266974e-04
5.998842436562740492e-04
2.554026943191846171e-04
3.547507342790591359e-04
6.454069459575954111e-04
2.149774821519579489e-03
1.217143130330971016e-03
2.088231491173636340e-03
7.787827452287312624e-04
1.802802074536719729e-04
4.751709903619367385e-04
2.322625834076703249e-04
1.016574192337403723e-03
5.344770933772158977e-04
7.025612985342339929e-04
1.990241548863074580e-03
8.123961181536490340e-04
3.284816230119480627e-04
9.508591018486950300e-04
4.036540666668662902e-04
6.803639535982216723e-04
3.009860699689182405e-04
1.987857871374585543e-04
9.100611941628301144e-04
4.917162582793734808e-04
5.705015398335790480e-04
2.160511161194578352e-04
7.091450197759437959e-04
7.600695190588832237e-03
7.058126588805347648e-04
5.008708389830237272e-04
4.209593844602809321e-04
6.361498864326263275e-04
6.721316322438953324e-04
1.101961655845134320e-03
2.028293352866866988e-04
6.766814885616104875e-04
2.686267662505499349e-04
3.105434365055413865e-04
2.139954821441350172e-03
3.824377772398512669e-04
1.146261640693059134e-03
2.322625834076703249e-04
2.696307748179716315e-03
2.832811135018963315e-04
3.173356095600468304e-04
5.843662937879042776e-04
3.417698150527021016e-04
3.517766033101394100e-04
3.547788733803558135e-04
2.647235305752305805e-04
2.281236873912701499e-04
1.613362745727218170e-03
1.605223527156746446e-03
7.669971224764791018e-04
4.666327438708149297e-03
4.268116693305971086e-04
5.121435034525044635e-04
6.553464998823549208e-04
4.632935778465971073e-04
1.540069274148019637e-03
5.675181467680886051e-04
1.465971186091852806e-03
3.070416477196780537e-04
4.081049612013424861e-04
1.688503879036812576e-03
5.384004818902137900e-04
1.460474940893771983e-03
3.555367895604325435e-04
7.865637452199113850e-04
3.513625497531999687e-04
6.665859596785622329e-04
4.541346292459917102e-04
5.173830408716319825e-04
5.114680800308076675e-04
2.309367927519909234e-04
3.440307854264864338e-04
1.495844521782465405e-03
2.726313717534355565e-04
2.607340393798734165e-03
4.004380083041591491e-04
2.569958690061785824e-04
1.085978590562817862e-03
1.784981988102387501e-04
5.638096871765375375e-04
9.976464759072559141e-04
6.453049353211123091e-04
4.671557850284222815e-04
2.703298598273769747e-04
2.673635930370276640e-03
5.486550415453388899e-04
4.307134893597594689e-04
8.212379709879937288e-04
3.866207020714220680e-03
3.280082502539678519e-04
2.177920967636087866e-03
2.014962612136817714e-04
2.084201062445051236e-03
8.491634061651233455e-04
7.423748036867081849e-04
2.999870683705781736e-04
2.204304475096214840e-04
3.997550932454485366e-04
1.268477903600904663e-03
4.839743077930984882e-04
2.655967714750083301e-04
9.353205126842377383e-04
2.305893767993388768e-03
3.643146682381324399e-04
4.117625950316644362e-04
3.198512457804746079e-03
8.800150639754525037e-03
6.099530297978097201e-04
1.456395537440538989e-03
2.252860252975769919e-04
7.964276641992971755e-04
1.997319033835719387e-03
4.808639799713581241e-04
7.941581880148258169e-04
9.031122103143069541e-04
3.348389268926521578e-04
2.140745499120900368e-04
8.630126146166082826e-04
3.501980990365311701e-04
1.856743610476003191e-03
3.076370496289453581e-04
7.079148845128062318e-04
1.092403879412219949e-03
2.895375944140906243e-04
6.192456540447552425e-04
2.506424745113573858e-03
2.526310201080632324e-04
2.799371797571683111e-04
1.069200927545289892e-03
3.505901506408748989e-04
1.370978521296891848e-03
1.821278300290852473e-03
6.699785622090051549e-04
4.097672835598523112e-04
2.877440472408688112e-04
5.338137268918612165e-04
2.350820826917148409e-04
3.694554830757229027e-04
2.533220701526400862e-03
1.776261836371362474e-03
2.871434810615888507e-04
1.452161592995389599e-04
3.267147209156544599e-04
4.907052862836387480e-04
3.192607937589267268e-04
3.903103424030822822e-04
4.370247037487840153e-04
9.556827765611080770e-04
9.586371154103183771e-04
1.203007669500614097e-03
1.119979231506883222e-03
3.493750083538626539e-04
1.869648970181912685e-03
1.700956501445819932e-02
3.062737561715540022e-04
1.101904103577960783e-03
4.687802951577640822e-04
7.565589620702398285e-04
6.876303495120472892e-04
3.151368685042460461e-04
2.877648713054422160e-04
1.200802951342088603e-03
5.627458893320341424e-04
4.438583982091440900e-04
3.282408395930436228e-04
7.506414812164163494e-04
3.594109934763701293e-04
1.283998385128924582e-03
3.326857822109244409e-04
2.386498861613160240e-04
3.350631431241965930e-03
3.999662918919685752e-04
2.464166548473265450e-04
3.876988539708013681e-04
1.062374661952416536e-03
6.618882316819432862e-04
3.093086800961828645e-03
2.869768624007856968e-04
5.236219046611626524e-04
4.183716327742195338e-04
8.830444483434112630e-04
2.840395283609932855e-04
8.108017625318717295e-04
1.110723257224187572e-03
5.907371972738373160e-03
2.613119930483541247e-04
3.719916629400571895e-04
3.143774434064058464e-04
6.507652647915763413e-04
6.092642877822851844e-04
4.087706879484686770e-04
3.186465750897411937e-04
5.511702480987158573e-04
4.461230383530959110e-04
9.391838876659668912e-04
5.040122626502209881e-04
4.041037517843160641e-04
7.226358056583331337e-04
3.198512457804746079e-03
5.445533175659749564e-04
6.054892894335605225e-04
2.257962593033273769e-04
5.110370227696729023e-03
1.294619521450231410e-03
1.943121219784984339e-04
1.807102162835197033e-03
3.271064844750175261e-04
4.680566839011070300e-04
4.143154117699951694e-04
8.473555747436966939e-04
4.019489834325230869e-04
2.995612891410551204e-04
4.133771891947281177e-04
2.622493950596609721e-04
2.645212198053861698e-04
4.004836588765108398e-04
6.604483627342828261e-04
5.822919179377345844e-04
2.318306897025070284e-04
7.606696378297456759e-04
3.645271988228656842e-04
2.381698167241835199e-03
3.452876555739682152e-04
2.840395283609932855e-04
8.210057484297076172e-04
6.514310847325534976e-04
7.593371048331778485e-04
1.931346243831875281e-03
1.806827304533641142e-03
2.594315351106148528e-04
1.378260751155245285e-03
3.971273854102850610e-04
6.014307289334996269e-04
1.927094755192059351e-04
4.055809432069091181e-04
3.082393308024096901e-04
2.960393212117086014e-04
1.608175735316642960e-03
9.697493992244628431e-04
3.874353535580488247e-04
6.956940936319750681e-04
6.771699177598430918e-04
1.198319779215582239e-03
1.164187403538081110e-03
8.576955675662251448e-04
5.126159428957209304e-04
7.386559302007558942e-04
6.286055160590078806e-04
6.566414412613185174e-04
2.089413664375718591e-04
4.990270416432558784e-04
1.045572110180621218e-02
4.272060065553095337e-04
1.786996290128673370e-03
5.006942160009780502e-04
6.376729469142484443e-04
3.430889453777127103e-04
3.997550932454485366e-04
1.377505991596929573e-03
3.453079665082125940e-04
5.475528669384751961e-04
5.291192264027458217e-04
4.820378157745319032e-04
9.328108749966071336e-04
2.373731885039394871e-04
5.848463891044227043e-04
2.432372227135593348e-04
1.409661436349962443e-03
2.999870683705781736e-04
8.533040184077885729e-04
6.849694449937810889e-04
3.228720885718614690e-04
9.328108749966071336e-04
2.439970580407499479e-03
3.694260039772617049e-02
2.141227179920789526e-04
6.520936060411287047e-04
4.941520608911137468e-04
3.313167255482195512e-04
1.183994470627988248e-03
3.614250528433907584e-04
3.147534942857221343e-04
3.694260039772617049e-02
1.315486846819354481e-03
2.222099440964677049e-03
1.101904103577960783e-03
2.886190324261974109e-04
1.776999479319009423e-03
2.107015345052975185e-03
2.080258030778190357e-04
7.961135132838810958e-04
3.329032969552393230e-04
3.222114582392718676e-04
4.334574865819779371e-04
5.506670288754562980e-04
6.539327415784352421e-04
4.878842954136090870e-03
3.516323766181919793e-04
4.485712047336479344e-04
1.917380182879166721e-04
1.675663205064197589e-03
3.293536996074287408e-04
4.953546059116001234e-04
6.872804336769407869e-04
3.246026303453509012e-04
6.523327807005122004e-04
4.020496534046805398e-04
9.462642882224970220e-04
1.441177165707318826e-03
1.506276175417620503e-03
1.389098300189555140e-03
3.464167833019448977e-04
4.886292179581121437e-04
3.278815353042385176e-04
5.166383883902727790e-04
4.216577657188913205e-04
7.081069866018459150e-04
3.811139234768790951e-04
1.047948563403087140e-03
3.579124040040763933e-04
6.032263425081929240e-04
5.477177848949457781e-04
4.853691031751682051e-04
6.980309595225062461e-04
5.667463303282374446e-04
2.993628102793547460e-03
4.252812601729683028e-04
7.962792794217334698e-04
2.367553715873294072e-04
1.018533525829245015e-03
6.611503654443515350e-04
1.580730893480287069e-04
2.854672083589399338e-04
4.829790304277485624e-04
3.759104654769377264e-04
5.130577753280436606e-04
2.726147056579226275e-04
2.973690055217653987e-03
5.035665333185452468e-04
8.261781934863540039e-04
2.961509164169571465e-04
1.486545798731887195e-03
5.863328207860482415e-04
7.196157667694381456e-04
4.356144266806456973e-04
3.625960599180023860e-03
1.669101611756500800e-03
3.892906975806615104e-04
2.383752090331273219e-04
5.619158715753260879e-04
2.760071545971430726e-04
5.215502384924085126e-04
5.119110932633992670e-04
4.508306011844754029e-04
3.454210303152306844e-04
1.319147526346830385e-03
2.218924283320531038e-04
8.125698026483418532e-04
3.352596725502275557e-04
4.039471915517243387e-04
4.507818724712066424e-04
3.979082257934912575e-04
4.208355417077731396e-04
3.233835270780029375e-04
1.026074514356345359e-03
8.323480183629551523e-04
4.971766867784978934e-04
1.106898823195768536e-03
1.682933461515924390e-04
7.186791854711722287e-04
4.279525188642783096e-04
2.940429142241740134e-04
3.459655514857842840e-04
5.211438181293015634e-04
6.715373666651391600e-04
9.072502273740028341e-04
5.766763462738629152e-04
9.186829017771693060e-04
5.375615798906900307e-04
3.584056574385158537e-04
2.315674315278786572e-04
1.201880922564649463e-03
6.189809123320085373e-04
2.466367547393154801e-03
2.140745499120900368e-04
4.535168808731174922e-03
1.639892578070763782e-03
5.859920333647008909e-04
2.322625834076703249e-04
1.632246580015182975e-03
9.764435608708646333e-04
4.162521209296081090e-04
3.903103424030822822e-04
4.267351661830349162e-04
2.445755534398896965e-04
4.870683187595312006e-04
6.098428067566142924e-04
3.291672002352331265e-04
1.681033685412787687e-03
2.515416468541332821e-04
3.410414932899717938e-04
8.880301715770990388e-04
3.267978284069199746e-04
7.664395368743637032e-04
4.068089846065827742e-04
2.079979257757734023e-03
3.568723235087479422e-04
2.214553939658202124e-04
5.514699229539850095e-04
2.833113602382727092e-04
1.704560141800245303e-03
6.216540260794787675e-04
1.196114495480069808e-03
1.652571705429811818e-03
5.211438181293015634e-04
1.843782890255395851e-03
1.444937364430957287e-03
7.984470241297355166e-04
3.932657896509664242e-04
4.866958099134642991e-04
5.334092687638253109e-04
3.412953689004177317e-04
8.593293645861281452e-04
1.412544629802643583e-03
4.404161416833626938e-04
2.322625834076703249e-04
5.236219046611626524e-04
5.335965687078658530e-04
2.227205487363960121e-04
5.469887214026678424e-04
2.674175349428781798e-04
2.439970580407499479e-03
8.658978122759701393e-04
2.386475443523197650e-03
2.993628102793547460e-03
1.384900019062676674e-03
1.776261836371362474e-03
5.489171432349830137e-04
4.875474499957509070e-04
6.009502378219104372e-04
2.639121637455291700e-04
1.442244250647206844e-03
6.756010273967847767e-04
5.822898045531655666e-04
1.185102858336811293e-03
2.834379619016514848e-03
5.839443780502118816e-04
9.963859731424370980e-04
2.151896656205203062e-04
1.663192656629282600e-03
1.897649526069789298e-04
3.226826102111638936e-03
6.453049353211123091e-04
8.596512241856230953e-04
4.468869005038361209e-04
8.172710433465178378e-04
3.234657826141662290e-04
4.254759329293707204e-04
5.523975253148928665e-04
1.452719314022457011e-03
1.031001176300061495e-03
5.334233676617086868e-04
4.103203697134462607e-04
1.506784941179737606e-03
6.175666094355072161e-04
3.221253911024370945e-04
7.657829623457510122e-03
6.160762576198370449e-04
5.084698930909148720e-03
7.845076313624379594e-04
2.597303502564516178e-04
4.866761348543779606e-03
5.368284081249516306e-04
5.712046041294302533e-04
3.972457091529346261e-04
6.410196368172098010e-04
3.764678096046362196e-04
1.276702501540229596e-04
3.998995083947460617e-04
4.919452485933518840e-04
3.970515978618591310e-04
3.644291720398829264e-04
1.924562520220387271e-03
1.591528485212877946e-03
6.121478009911723210e-04
8.557577782053621971e-04
2.207890216639799529e-04
8.216200326247812512e-04
1.299207581391234340e-03
4.278238680638243537e-04
7.097519098856300583e-04
5.596437259730367535e-04
1.208977916029420037e-03
2.740617053358633689e-04
5.731894231301382309e-04
2.861942987871354187e-04
1.742731200728631384e-03
6.347414028561632234e-04
5.506638869820340001e-04
1.412555878394592323e-03
5.900607918203674106e-04
3.999662918919685752e-04
5.746017998427279620e-04
3.955260507612014969e-04
8.114499602762393878e-04
1.098219048646352893e-03
1.757322124109460411e-04
1.386006896213990997e-03
2.777219783587445839e-03
2.551567922978550170e-03
4.735347871046652552e-04
9.273188279159763365e-04
7.362237664944188678e-04
3.825733562960452559e-03
6.881949298537616338e-04
4.479444353759486509e-04
4.917162582793734808e-04
7.865637452199113850e-04
3.237431299765445897e-04
9.485630365646510785e-04
4.406631740049570282e-04
1.848459899108879792e-03
8.557577782053621971e-04
1.041094895227708374e-03
3.601362044151330366e-04
2.710840377605171474e-04
5.421635457198895449e-04
7.564794062608047338e-04
7.025344445729831289e-04
5.287241722794255904e-04
2.586077094841098944e-03
2.463627180808776072e-04
8.467967723538227451e-04
4.627044114645748486e-04
2.100390903348054719e-04
5.930237315117949624e-03
2.801345623970256222e-04
6.315613586626551241e-04
8.172710433465178378e-04
1.433158095232089273e-03
6.858716725237255177e-04
1.444444156818828237e-04
1.488737575290847688e-03
3.776855890428124649e-04
1.410976453321177021e-03
3.042503441638474818e-04
1.586616304923221333e-03
2.072151835362236356e-03
4.666327438708149297e-03
7.253011929355160066e-04
1.028161679155129580e-03
