4.056471347934409769e-04
5.360765696784855049e-04
8.239052468781084444e-04
2.920491181347017367e-04
5.312098084329115863e-04
4.077547915589569707e-04
3.445046439881114067e-04
6.252512022207223257e-04
3.617266548752116288e-03
5.158739586340378453e-04
5.819357317394411797e-04
1.856468948447087802e-03
5.555299261522399961e-04
3.174736391070727935e-04
1.739128666193690649e-03
4.891207905123245514e-04
8.079507650360042608e-04
7.061531496055514171e-04
1.054686344482218567e-03
2.506558092774018379e-03
4.965027753006385873e-04
3.333040063382521133e-04
4.755324474389175412e-04
1.308674552400789469e-02
7.180053321453993675e-04
2.239441577433094396e-03
1.896305766872286632e-03
7.901132722151582403e-04
9.217988789496798976e-04
5.597526019534638034e-04
4.595685572052711151e-04
2.517274170644472845e-03
1.021057247899306896e-03
1.383523642607273818e-03
1.594651332904446729e-03
1.252123582613622662e-03
8.230855699410991825e-04
5.843404247697529330e-04
4.488553166214590971e-04
6.826882657251726397e-04
3.784903172346071169e-04
3.701672612649338089e-04
7.103968919259521153e-04
4.560397862705175957e-04
3.250292716114847220e-04
3.459683660749830357e-04
7.085166809329100646e-04
2.609606115208238557e-04
3.438767241928828117e-04
5.389048849285843924e-04
1.172824349399461232e-03
8.388705251267015864e-04
3.962709239287857455e-04
2.159563808029055319e-03
6.117226578440620836e-04
1.693075469949777275e-03
8.787300811854401907e-04
8.866118015014537879e-04
3.420916164820949072e-04
4.808471440600551846e-04
3.810894179554847661e-04
1.730867980196155445e-03
6.320461878396670379e-04
5.148193377266407260e-04
4.518971559336259157e-04
5.148947447285048915e-04
9.236930615368677856e-04
1.642790626546044306e-03
2.849438101583801194e-04
9.297719173923135738e-03
5.730400760311307479e-04
8.054614145694266852e-04
2.098738165433327468e-04
1.329554860058209482e-03
6.174766737322261992e-04
5.461874657249448902e-04
1.586102163134501175e-03
7.738095683169972806e-04
2.833358825662628667e-04
8.532989672302199093e-04
8.944206911499255315e-04
4.998601380471577723e-04
2.169887727222915685e-03
1.989506736678630164e-02
2.107979775136924975e-03
4.754099576983040034e-04
6.175000572369781712e-04
1.648375386165165917e-03
1.153892017743135198e-03
9.766856641528513447e-04
1.697884831536476593e-03
3.156656360994385515e-04
2.864895331700846484e-04
2.888005512044325472e-04
1.134566998158196552e-03
4.775278185919856972e-04
7.383700139806467387e-04
2.281082458001461657e-04
3.750796581262149341e-04
1.185586899128206109e-03
5.978217956103003055e-04
1.039353944998447571e-03
2.364912118492687552e-04
4.040929309024294614e-04
4.555349248860067089e-04
8.294921689316641549e-04
4.832905230543200060e-04
7.121675499862087973e-04
9.569378130678555996e-04
1.600293969355302164e-04
5.178802829787762302e-04
2.224725510301068588e-04
8.065444124000594904e-04
3.960020835732912530e-04
2.890894240818236093e-04
3.453635099493638301e-04
5.765435670372612200e-04
3.396413609261895528e-04
8.838211083378646332e-04
6.547551941064305020e-04
6.448473815809487378e-04
4.807101788515477994e-04
1.776244113440174095e-03
1.355266335521631681e-03
9.515151309548601282e-04
4.576535489386858251e-04
6.011318354158017236e-04
5.538679698819892706e-04
5.496485897154944475e-04
4.544845700062240322e-04
3.697760924123425809e-04
3.820024959482709852e-03
1.690591841323962018e-04
4.172526099640674370e-04
1.308674552400789469e-02
5.629286167868830437e-04
2.273077725107118963e-03
6.423211967386861440e-03
2.190277030490620901e-03
1.191491793135702115e-03
1.762980310148921231e-04
3.822461022994813173e-04
7.765829497942793036e-04
1.414592374301868686e-03
4.726890045795818177e-04
2.923794365965190836e-03
8.880092492865317806e-04
4.565562874731336740e-04
6.795001220468914558e-04
4.159422871225540680e-04
6.065564776948630067e-04
1.082908338198541702e-03
8.521186543521251265e-04
6.421936650649168708e-04
6.646079402406482534e-04
2.764645090311404550e-04
7.290656326608215042e-04
1.067204333198323299e-03
6.489965610440772900e-04
3.674298660206337945e-04
4.868177875542821086e-04
1.379775126880328478e-03
8.042299404712305701e-04
5.438309271970829216e-04
2.879374848324221391e-04
9.441714836221066056e-04
4.798250499613949060e-04
8.902354622453318182e-04
3.467637209668548992e-03
7.592220221783119649e-04
3.393793734065693414e-04
6.258957221039136752e-04
5.197990323365733484e-04
3.753726514262645036e-04
6.381608271417497620e-04
1.861037457032575424e-04
2.339738088335092069e-04
1.060813265186538821e-03
4.885860390539954442e-04
3.587915996260840974e-04
5.395819456905645095e-04
4.100705885303749967e-04
5.407313688553871218e-04
5.792182830387747599e-04
2.879270455961700109e-04
1.145121690581369246e-03
3.714526566571257904e-04
6.300509951627861075e-04
3.490616636773981513e-04
1.008698950500284096e-03
4.758761349297121199e-04
2.635849245226170212e-04
1.548656315066946362e-04
2.517690685531814095e-04
5.673102240983254147e-04
2.319512900418826441e-03
6.221049078643474525e-04
1.820501165710231972e-03
4.433089683938373467e-04
5.404114254766903113e-04
2.622595237097437412e-04
3.576822044417994357e-04
8.521186543521251265e-04
2.635849245226170212e-04
9.447463945910836549e-04
8.638447816144610930e-04
1.183864821880678715e-03
3.316005567526654919e-04
8.129193694091724686e-04
8.261211627842040585e-04
2.669518452074576189e-03
1.130416274223091256e-03
2.588466440272920214e-04
4.186639905397773710e-04
2.553216246872050659e-03
6.472066469449731753e-04
3.642792693433312889e-04
1.076992899120316968e-03
2.590392483924282871e-04
3.687358257007386031e-04
7.791720628987184195e-04
2.958549351340102832e-04
9.592178010960353751e-04
6.152722440130344288e-04
7.028096186502177370e-04
2.879900388965046278e-04
2.778045485111252854e-04
2.989875522627363715e-04
5.413693235060100528e-04
2.337486360335660346e-02
1.065390474746897437e-03
4.733376786733800795e-04
4.868707859497042770e-04
4.110224372842795695e-04
4.604353387242810782e-04
1.594182857312405723e-03
1.368837784628455095e-02
1.896305766872286632e-03
1.866007928076242632e-03
5.632527854688584466e-04
6.515894417216259310e-03
6.252513432202075252e-04
9.410606709969309433e-04
1.877055230347950327e-04
1.306720399644180960e-03
4.900493536043006764e-04
3.005635528688766584e-04
1.866007928076242632e-03
5.282384012695193415e-04
3.013220950761144883e-04
6.504000439047293329e-04
6.581749501999300004e-04
3.172669469487796111e-04
1.894595886725698730e-03
3.644451963570846426e-04
1.118310976052716912e-03
2.614164613035051526e-04
3.374004002840433943e-04
4.942838186551911468e-04
8.230554343255759922e-03
6.592044136806566104e-04
2.432284836672045500e-04
1.329784939302318739e-03
1.770703207655203570e-03
3.373166293006870211e-04
7.061531496055514171e-04
3.716292179858570149e-04
4.698700271290226602e-04
5.864159831725083202e-04
2.823980284145985844e-04
9.756050658840360141e-04
5.776504192869492092e-04
3.823972139449751035e-04
3.967452021842199708e-03
1.041538749152045359e-03
4.402186432167282310e-04
1.236047758597361244e-03
2.582942429072468383e-04
3.895837407293531126e-04
1.566724943668714592e-03
6.129209392019585893e-04
1.425500843658213069e-03
8.839102009861166511e-04
3.029315055153872444e-04
7.999135068357465187e-04
4.727169464096788593e-03
3.850275028309547965e-04
5.119349980262750347e-04
3.214304907188416912e-04
5.613163216173536977e-04
5.489703301231857024e-04
2.218837413772742448e-04
4.040328126716178497e-04
3.585906737064787817e-04
2.869619304316066715e-04
2.902043808194759581e-04
2.558339134528224033e-04
3.044199027592961373e-04
8.337961172834893820e-04
5.062782507847487417e-04
7.486317887529031967e-04
3.704026257916833743e-03
4.420608280478182262e-04
9.665317577033277806e-04
2.785328380421416591e-04
6.751276655636803160e-04
6.756041004961569740e-04
4.545776757430430729e-04
7.256732381856950470e-04
9.434781400149749647e-04
2.961735260310035308e-04
1.015653683169970506e-03
2.294906211891073033e-03
1.066481829980353091e-03
9.753745693303352525e-04
2.273318336480688393e-04
1.105309725119496414e-03
2.969020401074131429e-04
1.183431939867260604e-03
3.938737660731864284e-04
3.771401402258593369e-04
2.577070098378612972e-04
6.156810071230745668e-04
4.275865350247144009e-03
2.717098210350561553e-04
3.365288024424484812e-04
1.079229408534616635e-03
6.736347027987150526e-04
1.159202937334789015e-03
5.388767392087306669e-04
5.269451483344656049e-04
5.626163829711660052e-04
3.890669368645023499e-04
6.809360863469424412e-04
5.566194371965615647e-04
4.561497855443838131e-04
3.085654380306959276e-04
8.384209560645396967e-04
4.924012750323794162e-04
8.099611267881091925e-04
7.071094554897566255e-04
1.041524621444508318e-03
4.753784633542501386e-04
6.326059301339995037e-04
7.942288794501723131e-04
9.535796081144468994e-04
1.139263091328608472e-03
2.697648963102631256e-04
5.686037256096337835e-04
9.018899793214792820e-04
1.661856455357837992e-03
4.701861917661739995e-04
6.602302662707761928e-04
9.857942070250714714e-04
9.476384881753151636e-04
4.711279802538789405e-04
1.179791863330005054e-03
1.143897914119375303e-03
3.044225173383283654e-04
5.158582989987946970e-04
1.205458368126242127e-03
4.311974679657597015e-04
3.974704235373796753e-04
7.651626608959624177e-04
2.686951566580566999e-04
2.333911394060853971e-03
2.879270455961700109e-04
4.961269872172722854e-04
2.645517009297125685e-04
7.670275270697869989e-04
4.068694503938346651e-04
1.661856455357837992e-03
5.073025150082762077e-04
7.144385403784894251e-04
1.369016639677378584e-03
4.924012750323794162e-04
3.154845759486101485e-03
3.968774850466122656e-04
3.290141129727699510e-04
7.935924991370264976e-04
6.730681884417142463e-04
2.906467781768877641e-04
6.409059188747309602e-04
2.244017614802759923e-04
4.023327441772637939e-04
6.526992101190701124e-04
7.473354979951840572e-04
1.019539642912603876e-03
1.728742216110513074e-03
6.952781853021827978e-04
2.714974643991492284e-04
3.488572179204562545e-04
7.397831913496857046e-04
5.863064163247173020e-04
3.199721088080998647e-04
2.597822038640840159e-03
2.255326122373531653e-03
5.314539039733466802e-04
7.855227733896484165e-04
7.924951448097040984e-04
1.712724025737441254e-04
4.812202020421400481e-04
5.961501553821928331e-04
6.074081440587702010e-03
5.634617771804833987e-04
4.690506183161204622e-04
4.899436584451886262e-04
5.312274604645715300e-04
3.081113157457183809e-04
7.323309856862347854e-04
3.314276814913456925e-04
1.841671359110114495e-03
2.691151438156121761e-03
4.800669865510276326e-04
2.880450063972349664e-03
4.742498840712165622e-04
1.941204185469105328e-03
4.158350319031965344e-04
1.419745166359914160e-03
4.097723194543796492e-04
1.425500843658213069e-03
7.646567232758185286e-04
1.510633045113335534e-03
6.900069609071945867e-04
5.096680708371497445e-04
5.499332961645607117e-04
1.298951465226935546e-03
5.284510391075900905e-04
8.866118015014537879e-04
6.822040251990902672e-04
5.907721386142580260e-04
9.375732755875100912e-04
2.262732774460860397e-03
4.158350319031965344e-04
3.416803978861994331e-04
3.787060990016752142e-04
1.306720399644180960e-03
1.035860491273581921e-03
1.410707679192006432e-03
3.261855588399809047e-04
2.874564080187194583e-04
3.694885164933734713e-04
2.294325911463882233e-04
2.317402186038032997e-04
6.470304704597729627e-04
9.208380177212829865e-04
4.158350319031965344e-04
4.418651291801643398e-04
4.345405643758380905e-03
5.798203844777551769e-04
7.240417918454398333e-04
5.152422761724502085e-04
2.029823684688071041e-03
4.206314710707912937e-04
7.551140974516057933e-04
2.262732774460860397e-03
1.921602931735730410e-04
1.356124781216208261e-03
5.402797617442945495e-04
3.476979503973415568e-04
9.404064924391107236e-04
8.962553573298239233e-04
8.534191594312125987e-04
1.888704563981753552e-04
5.477048655963071824e-04
7.238284832260529584e-04
9.447463945910836549e-04
3.495210519836083256e-04
3.651422344902426585e-03
1.896305766872286632e-03
4.746153125892289240e-04
6.119710794809667294e-04
5.045460779536780488e-04
2.621973460846140861e-03
5.033993418869147978e-04
2.219019405238044156e-04
3.334391111203540651e-04
3.664475437163319371e-04
1.228877091498129133e-03
1.631004305150382310e-03
4.713223565639591698e-04
6.970427224313998976e-04
2.834696377451135065e-04
4.718080194099513952e-04
2.249737157210234331e-03
3.180955123311081031e-04
7.321593939521200793e-04
3.697118380860838741e-04
2.979383490667756262e-04
5.073411071558319710e-04
1.638700465298376747e-03
1.968951393481437138e-03
3.321873081268222980e-04
6.309948650972419535e-04
4.076592512810902767e-04
5.609736399735387735e-04
4.447036011960015249e-04
3.630251645673198422e-04
4.691858805803324488e-04
3.769099043554346475e-04
4.396510376183123021e-03
5.900171244985448005e-04
2.525906387885464921e-04
3.927191689636558162e-04
6.444701162753882582e-04
3.942556632103444837e-04
1.634077621727688919e-03
1.254378669414711600e-03
1.137088754767827739e-03
1.016100737351207685e-03
1.074649836560867674e-03
2.901287375930248959e-03
6.206658803083917823e-04
5.630867284441614046e-04
1.690415985582081459e-03
2.960103935392035916e-04
3.998284652277125494e-04
4.577885325464153203e-04
2.159486633193793796e-03
1.302228251741904992e-03
1.030270982942103810e-03
6.173806730156531372e-04
2.704038314051745301e-04
2.370907661911240776e-04
6.045014297410290218e-04
5.355604598371579636e-04
3.365458342262881439e-04
5.231443138013642516e-04
4.597867873509241016e-04
5.307836988884211517e-04
1.418578382598529881e-03
3.296806393921465541e-03
2.920027886327103243e-04
1.687256137762875368e-03
7.169508695135111583e-04
6.775765740651977682e-04
8.266712630696443700e-04
2.684651527222610759e-03
1.023028449951281574e-03
4.726890045795818177e-04
4.013040527082299843e-04
9.083097152726987570e-04
3.344016416644913017e-04
3.551522931498459412e-04
7.271656848388549990e-04
4.723079150798539490e-04
9.702420091360938574e-04
5.087941820166150611e-03
3.131661324282007056e-04
7.837952343459890113e-04
3.133773705141332765e-03
5.433620606034875395e-04
9.203924347514134919e-04
3.321873081268222980e-04
3.144504736216270787e-04
9.003474547876020185e-04
1.366910898390752936e-02
9.514658155624148824e-04
3.416528859733440203e-04
2.383380125976301486e-03
3.909296458428730345e-04
4.490817295272028537e-04
4.955527759849617407e-04
9.236088428384935751e-04
4.692037106011084056e-04
1.092541327575616847e-03
2.593568244883102275e-04
2.757336042245737062e-04
6.689065362154243124e-04
2.517819552581584031e-04
1.005901783846660123e-03
1.675424994017597410e-03
6.857888208401632024e-04
9.035515750780455640e-04
1.598657350133591030e-03
4.066443563875030099e-04
6.340551945427858656e-04
5.413660128407937972e-04
3.337416989739930805e-04
7.027395874701112622e-04
2.644903665554689583e-04
3.036504240783611131e-04
1.896305766872286632e-03
1.139431793738468176e-03
6.820750891907912316e-04
6.155278762730382247e-04
2.768244960048246196e-04
1.188257473139528063e-03
2.497760561100997498e-04
1.290409682530091213e-03
9.697575761289340757e-04
7.185049228232887226e-04
3.718184364205228179e-04
4.754536443238206733e-03
7.795919286574809351e-04
3.142592935059541339e-04
1.289620690090265967e-03
3.729780281622731243e-04
1.376101324250288312e-03
7.064481826533826900e-04
1.323423632528902740e-03
2.788727389229931014e-04
1.930957279990571491e-04
4.029867731254578068e-03
4.277395555309610820e-04
4.747100058366083642e-04
2.410958690116330881e-04
3.681255374647162499e-04
2.776398227771234399e-04
4.115057268896394607e-04
1.155327376488502747e-03
2.593687013012559465e-04
3.367454130252492579e-04
5.280434244088291111e-04
2.550778639906802966e-03
9.588057837234823444e-04
4.406906017998736980e-04
1.051550376424448090e-03
8.469340090440985111e-04
7.999135068357465187e-04
5.533977486872429128e-04
4.272540344058075343e-04
5.402587681802534063e-04
5.133962586040068631e-04
5.409233003570400322e-04
2.305313345655456755e-03
6.005791346331578774e-04
5.027330363123228311e-04
4.593442161430012684e-04
1.075498781846777894e-03
1.636042636249231076e-04
2.660489229175795026e-04
4.339490651679852001e-04
2.706250995876058807e-04
5.010232398238302458e-04
2.798271906423845990e-04
3.540315824411531271e-04
2.096872835941226997e-04
1.022283407192450897e-03
3.582281200430777863e-04
5.489703301231857024e-04
3.777320705462947526e-04
3.325760511741325943e-04
7.576391074081618472e-04
2.967403067965141729e-04
8.568924843567342397e-04
7.394004668454733867e-04
4.506553321999176944e-04
2.480916367655086282e-04
4.089499004675856727e-04
4.957031760879890324e-04
7.955449360851565713e-04
1.925202278777506386e-04
1.249592074419618578e-03
7.595743426853386040e-04
4.335485497529222390e-04
7.046566900753890948e-04
1.613493903675642044e-03
7.419382402669966571e-04
3.256004413657128576e-04
4.630392634525115928e-04
3.142149925310388538e-04
2.879270455961700109e-04
1.383523642607273818e-03
7.145488853361487563e-04
3.286994032511080747e-04
2.330503303667347172e-03
6.684760924843846132e-04
9.800413093030032035e-04
7.104028230462838562e-04
3.888022936738390941e-04
1.661856455357837992e-03
1.409394161907932168e-03
3.501289707966126464e-04
2.075552861157566574e-04
2.115851382307248007e-04
1.996672097952705959e-03
8.473863762952794356e-04
1.144100164249974407e-03
4.769002279445988426e-04
2.761946242844707492e-04
7.545985667371711775e-04
3.798620163621261345e-04
3.056559954519057470e-04
1.373335575309636352e-03
7.613117966770927610e-04
9.484923218764056271e-04
4.595772713987133118e-04
2.834373897572991467e-03
4.201424802072694330e-04
4.656839570448833318e-04
4.276426033570631465e-04
5.743729332879513386e-04
4.446734262168376239e-04
4.505850641301808578e-04
5.961501553821928331e-04
8.418466463872798997e-04
5.153606018399168502e-04
3.205948587421120124e-03
7.175490976775243234e-04
3.715506028424575449e-04
2.908253813132819833e-04
5.483830174825353281e-04
4.868707859497042770e-04
4.763104455868806780e-04
7.587003964672748733e-04
3.449466731747279839e-04
1.086468378783918450e-03
4.838152134926807977e-04
9.223168050006754501e-04
2.649881615830313700e-04
2.193388892075676892e-03
9.638308196302047912e-04
1.736511355468869661e-03
4.343725051785019844e-04
3.175146687385535971e-04
7.112060781659621271e-04
1.697153245943820070e-03
2.292170198597886024e-04
3.484151983587961622e-04
3.260345837422784759e-04
5.449860747494234643e-04
7.379027345398751292e-04
3.509052465900843322e-04
8.327892883636016721e-04
9.605235311596846143e-04
1.585082614356677104e-03
3.464843523137497733e-04
3.780684259071735828e-04
3.787807413580356725e-04
2.859299147313592139e-04
5.529434682874361396e-04
6.299398385851562180e-04
7.708341608271994036e-04
3.096981387268455104e-04
3.881704269054683516e-04
9.128989113725155275e-04
7.846627346033421217e-04
2.462073755893534241e-04
1.954701271982626186e-03
5.449232087616292944e-04
2.365086604305547194e-04
4.414773730540909433e-04
3.131946152515368209e-04
1.176971279506599686e-03
5.163507033944684859e-04
5.776840949910500402e-04
2.502085737720208519e-03
6.845459737493944305e-04
5.277960255261734870e-04
3.397244331703024316e-04
2.396955243710279480e-03
2.457497068922812229e-04
3.677127975989924599e-04
5.400056224600688175e-04
1.937815751436419449e-03
1.950870178554602041e-03
1.736511355468869661e-03
5.159669098513093924e-04
3.726329448126520171e-04
1.411672876911618940e-03
1.005825307569329502e-03
1.148662896672485991e-03
4.499057586606653326e-04
5.919546899186718496e-03
1.102237928114712523e-03
1.896305766872286632e-03
4.643924959856940795e-04
4.333010996516830954e-04
2.937860096731585236e-04
3.358275283341608398e-04
4.390811230933132857e-04
2.879270455961700109e-04
2.422964054374353326e-04
9.191311204534699042e-04
3.537719312172619502e-04
6.435683399230224169e-04
7.159547115827187298e-04
1.039799566716438205e-03
9.741555331459346781e-03
3.378087014993130105e-03
6.794373548440861554e-04
3.718827125256392676e-04
2.831878136865918576e-04
4.527399861957667770e-04
2.745552276914439791e-03
3.802093038152197860e-04
5.501396111979651223e-04
3.833902578879180519e-04
3.347961073853892178e-03
3.820024959482709852e-03
3.553866355350457753e-04
1.005663674414623929e-03
6.212956291922086495e-04
8.837746377051346148e-04
5.108479046856070644e-04
1.256280477979013384e-03
1.152266479306534881e-03
3.053409035664414765e-04
1.084211190896430246e-03
3.030562372262814858e-04
9.898172457680346533e-04
5.471986534378108467e-04
4.678150814948986175e-04
1.721145033411768674e-03
1.052547745773048165e-03
4.248798510649920489e-04
2.871928227848821345e-04
4.828708132106272451e-04
5.412729163601241516e-04
2.557247145014484376e-04
3.059702933439393895e-04
6.131209206479277781e-04
1.660098475619601038e-03
7.633781917253375324e-04
7.943585562475139784e-04
1.996501793935662357e-03
3.944838348549807171e-04
4.714050891673781155e-04
6.507135884031362482e-04
1.002036543795341425e-03
5.383590602101208248e-04
6.259155144361695528e-04
5.087941820166150611e-03
4.488802688181754274e-04
5.576693795090344446e-04
3.833902578879180519e-04
1.235972305171816965e-03
4.740858777102652656e-04
2.362512250552182885e-04
7.429356738591916601e-04
2.859592029704671116e-04
3.490814279421028919e-03
1.651221967658610167e-03
8.418466463872798997e-04
1.947015688255856244e-03
3.496139468626589461e-04
7.486112829663939608e-04
5.047275844437634123e-04
7.693956368768210038e-04
4.055039474353253808e-04
2.032664281428217101e-03
6.650365071216737898e-04
4.759634124336317718e-04
3.657846360431725777e-04
3.707509878659120506e-04
3.604587440636152157e-04
3.946493360995613855e-04
1.009094392697433258e-03
2.993632205012717825e-04
2.472943718066054767e-04
2.295818296642081809e-04
4.897057918799446481e-04
8.216624542065915221e-04
4.902958859440827112e-04
1.120988432797417542e-03
1.542166568312220397e-03
7.511804365886636057e-04
4.158350319031965344e-04
9.035515750780455640e-04
1.777522963213000592e-04
3.858388894012663409e-04
8.472246877896287900e-04
2.598930944599161640e-03
1.094992158752997220e-03
8.526442500295809733e-04
7.202949306558418998e-04
1.018783304896999460e-03
9.794794905992007007e-04
2.014831993406355462e-04
2.564623593013579898e-03
8.493261883270339461e-04
3.035495527132885661e-04
1.253583175685712677e-03
2.337486360335660346e-02
5.804175811256185018e-04
3.959673073342954899e-04
1.023480699370266783e-03
1.095900459014839505e-03
4.543236684833691034e-04
3.936946168150443418e-04
1.134383491281523151e-03
1.021057247899306896e-03
4.468601329761791546e-04
3.688439761667223170e-04
7.164427751993581242e-04
1.856286668077096642e-03
1.693338074878597424e-03
7.270894911060212917e-04
6.585038696132602606e-04
3.208959659330780129e-04
2.797374889766823412e-04
4.760770447554320099e-03
7.581573219613624900e-04
5.667405471189787417e-04
6.022428173805020532e-04
2.650803432948147789e-04
1.389813771491105318e-03
4.217724938256267120e-04
1.008698950500284096e-03
1.323423632528902740e-03
6.471420088728001372e-04
8.189042695668784407e-04
2.303769801502287390e-04
1.926703953450998479e-04
1.064667819524994568e-03
2.896613461724246324e-04
1.971834650309493321e-03
4.996044405170243976e-04
6.268562631360633571e-04
5.369541816794445692e-04
6.109993793653183299e-04
7.631259597150225364e-04
4.740179613099459511e-04
4.955987863645687106e-04
9.184929657729413565e-04
3.276890292897623874e-04
6.411985330793784328e-04
1.289075300693178893e-03
2.422687282919829465e-04
1.028008302535168752e-03
7.600164977812421925e-04
3.716484052302869651e-04
4.334508454868406875e-04
8.058164942492658609e-04
1.263698746675339995e-03
4.880596005802956164e-04
5.134112997066591971e-04
3.990123222856686597e-04
6.109677970590739280e-04
8.911675171683688945e-04
6.344165322994013397e-04
1.978433573378952860e-04
2.582497545621448634e-04
1.392856087103097997e-03
9.263055219545354626e-04
5.400056224600688175e-04
4.427568503882919979e-04
4.054480560237357111e-04
7.701646931505324624e-04
5.813844936467047874e-04
2.440421278780890101e-04
5.520841725914615167e-04
1.573469060553506303e-03
8.413892188893973886e-04
7.469039294578430892e-04
2.855201565996510430e-04
1.988490820813395860e-03
9.338462798523079972e-04
6.688702807855419642e-04
2.801756257649674789e-04
2.614875057391762361e-03
2.906467781768877641e-04
1.271454883188325845e-03
2.627468144145409142e-04
1.121237414275095970e-03
1.859159864184365275e-04
3.141787761672138065e-04
3.412566600511406784e-03
6.009359183359474664e-04
1.899105555923783948e-04
6.590176768538759215e-04
1.368837784628455095e-02
6.570121429828632920e-04
2.756011572464229066e-04
9.947653148712934205e-04
1.770670573578516402e-04
3.428640839942743881e-04
1.031524238720575234e-03
6.780102750025800021e-04
4.059750996255623995e-03
3.992324898527465434e-04
4.432497594072876482e-04
3.540632410173873645e-04
2.224725510301068588e-04
3.430767189249520608e-04
1.197992678948067409e-03
5.929861016818609469e-04
2.909179924407897795e-04
1.155365066883869965e-03
3.066409357620620809e-04
3.547009145464970203e-04
5.760819366638918367e-04
5.054835953280253057e-04
4.829734742705370535e-04
5.588623850014495884e-04
5.913104563520413899e-04
8.854416218454139696e-04
5.829162886938096897e-04
4.387500731974657876e-04
1.015653683169970506e-03
2.598930944599161640e-03
1.061167707221747324e-03
6.372395805465895903e-04
6.042693789469183842e-04
7.938880191789097346e-04
1.280305725887867421e-03
1.716546810878301571e-04
8.436212785815215857e-04
4.453336437718556076e-04
