6.363896342349101504e-04
1.181049152801754093e-03
3.740616717992623465e-04
8.937398611003290107e-04
1.868157746149749689e-03
7.463081430608019175e-04
3.764939934113770191e-04
9.454018083132836132e-04
1.945238753787945215e-03
1.317644009711129664e-03
7.585919090487017397e-04
1.079267648077265320e-03
7.375845199272878594e-04
6.153787063760188508e-04
5.395860224242407348e-04
2.857386769557085653e-04
2.326194033308830698e-03
7.486455765689176492e-04
1.027892129781356537e-03
1.460921681174956726e-03
5.814751904416266869e-04
2.494273788178922387e-04
1.799722711234117735e-03
9.930357674620415853e-04
2.428439190191769136e-03
3.134138293947360122e-04
4.386918878573242871e-04
6.573204434024266206e-04
1.028004937553935860e-03
4.216573667122394372e-04
1.245802880425082946e-03
5.685893633637031539e-04
5.437787691474193358e-04
1.092513523922751138e-03
7.172238637296525932e-04
4.802699426635383389e-04
2.014451545096015582e-04
1.161680590441774037e-03
1.593988578424852896e-03
3.225418017996623150e-03
3.382179395101443014e-04
1.429421682980298565e-03
1.241829529182134160e-03
9.890387070961683194e-04
3.548891399786656452e-04
1.388221425831378001e-03
2.498985831112192531e-03
1.051926558937625687e-03
1.084353818529913476e-03
5.161908739287576244e-04
9.222294037444208128e-04
2.114512052492909845e-04
1.400685401733942157e-03
7.570659401592719565e-04
3.196371221399697446e-04
1.439094396912007955e-03
2.428439190191769136e-03
1.350697342296974064e-03
3.686672005933040513e-04
2.217276014327330296e-04
3.546533030025582323e-04
1.101651292619916078e-03
1.040000456787678121e-03
3.977973524505235459e-04
4.327802082580433653e-04
8.555501585388594014e-04
6.435817203342090054e-04
3.462809125657853875e-04
6.039777853881720402e-04
2.618363344694270268e-04
7.030834964133741288e-04
4.960075209093533274e-04
2.207655723873031548e-04
3.384307882556358100e-04
1.488705220846310530e-03
5.360149158864219556e-04
1.178344082647768626e-03
2.720312172298569304e-04
8.587390925592112371e-04
4.102726739211659882e-04
5.114421585844799393e-04
3.398166656160582022e-04
1.171462826900937330e-03
1.264407215862298249e-03
1.146873433504135226e-03
4.942016968675455417e-04
3.948950906165381780e-04
4.917195095351026409e-04
5.316014734140721938e-04
5.625981697990590190e-04
3.003505559199391608e-04
3.356383208686139876e-04
4.296068971736611208e-04
5.460050261477854489e-04
9.979141221952390894e-04
2.756911085193101832e-04
2.003699617685151353e-04
5.316014734140721938e-04
2.930376346302304810e-04
7.477298448903195276e-04
1.545162292367203679e-03
4.248891149254414683e-04
7.977202260199909439e-04
4.277527195857382114e-04
1.017581947987986112e-03
3.890130727434628483e-04
4.141826804615305192e-04
7.000677800510137633e-04
4.102376232844131046e-04
2.047606724728249627e-03
6.839028613758582403e-04
5.276641145824450489e-04
3.503126777546322320e-04
1.536423144678768183e-04
6.926223172349591645e-04
1.446014923211244672e-03
2.843861852088315316e-04
8.986702805087392427e-04
5.524394991375577296e-04
4.146330754704442650e-04
1.435159232083081790e-03
7.917458094539595384e-04
1.456258383970345741e-03
4.859410984892644750e-04
1.510878068671188748e-03
5.472257100561365344e-04
5.641508720311197564e-04
1.592532273622092884e-03
6.062672401393901043e-04
2.915939635712637684e-03
2.647305821221574654e-03
6.910469598086421347e-04
3.711269440351260018e-04
3.641535158715021266e-04
4.332836059067659683e-04
2.091612205883038988e-03
6.843635286869691019e-04
5.033576450952216650e-04
3.006041718926866051e-04
2.747926573160086594e-03
7.097909182458995297e-04
1.080906450174321182e-03
4.795003938552373779e-03
1.745066671656744306e-04
7.637465482675575906e-04
5.492420266201058837e-04
7.830095300845478544e-04
2.742472185009120576e-04
2.985265807868998228e-04
5.419440361863086565e-04
9.324708772822813468e-04
3.013346433222498537e-04
4.221487261936052605e-04
1.317750604034377982e-03
7.516499487570101968e-04
1.110372722151420572e-03
8.395080531507587368e-04
3.469930349986836146e-04
2.696189307971594068e-04
7.031104057850879946e-04
3.582728430423167570e-04
2.683799812886888177e-03
5.646545980170905371e-04
7.648076877687075975e-04
7.211272990478858561e-04
3.255991071309194082e-04
1.553278829888451095e-03
5.841969975747818289e-04
9.509692671260916138e-04
6.410920234712312593e-04
5.571634762245873847e-04
7.723636935189162091e-04
5.378091914095600636e-04
9.900393913061386001e-04
1.133232299295087488e-03
7.706593955482133598e-04
3.564337216897351204e-04
9.311352872018734302e-04
3.926328160929383080e-04
4.361595045480288276e-04
2.275991033948292252e-04
6.566003179719542360e-04
2.740109344856503609e-04
1.612625483176765434e-03
1.033677683231704275e-03
4.805549557145666838e-04
4.275586327008984292e-04
2.330118821016085630e-04
3.646673167393404817e-04
8.087758204034749395e-04
4.162672380226273825e-04
7.374077047468493478e-04
4.898928207724749604e-04
5.719333447949292082e-04
9.314189086144022967e-04
3.347778337738221543e-03
1.722736645541543283e-03
4.106746716239259402e-04
5.108639101905973348e-04
8.207177262968144617e-04
3.065035332561088827e-04
3.978428083529434237e-04
4.038082335932206878e-04
1.439094396912007955e-03
3.999917732530636162e-04
4.164087146711347191e-04
1.253828151816819983e-03
8.035901387777463160e-04
7.678619172827952930e-04
4.442449850158547409e-04
8.234261924641830864e-04
2.802112978773554225e-04
3.997275494672000956e-04
2.611769257953451030e-03
4.748057223740626042e-04
2.666443063197755517e-04
3.371812008767076114e-04
7.142653811232915588e-03
9.313433282641880254e-04
9.359277523173156754e-04
8.934307458156408701e-04
4.744393338551339159e-04
4.579883906264730015e-04
2.899039179111541418e-04
1.299082175362909104e-03
2.368004420184754988e-03
6.164597617691628057e-04
5.705004074412980833e-04
6.080154510295924164e-04
1.327627883506246739e-03
3.472939771342765784e-04
6.232602905970163320e-04
7.116999654111700506e-04
5.063318943594097201e-04
4.472916405906765297e-04
6.956919059191850633e-04
4.385209859801230368e-04
9.467365270678379388e-04
4.789185119899874591e-04
6.653438246398273330e-04
4.476729884185285898e-04
7.251788983972912812e-04
8.456570305489304051e-03
9.477388567526940158e-04
2.411992496375846631e-03
3.561952673631684570e-04
2.871724553830734615e-04
5.497138421536715194e-04
1.783686200298966905e-03
5.261139839033549849e-04
2.474542922952975045e-03
5.760141736335217498e-04
5.063318943594097201e-04
1.463644397106213203e-03
8.172937230587954240e-04
2.831116676661916552e-04
4.718452782668755043e-04
3.698652055426013361e-03
2.611769257953451030e-03
8.370344924156065090e-04
3.188519331104261532e-04
3.249444800564728862e-03
3.724686237886597629e-04
1.116703176738225323e-03
2.496149153270182811e-04
2.096826783618276915e-04
1.812720963570062585e-04
1.054414464761167965e-03
2.561563979377575124e-04
7.676007902244252933e-04
1.070118550925693197e-03
6.461222193394736179e-04
9.593593082179993148e-04
3.064834357072676553e-04
3.141126823596298093e-04
6.049855004622641278e-04
5.493808065154918985e-04
1.861138831351187573e-03
1.996793493916798373e-04
3.223367179231068124e-04
3.047599070770110920e-03
7.887062493563584990e-04
4.728108506458151747e-04
2.039025771168643565e-03
5.010054457019773918e-04
4.347534950679832070e-04
3.284293856016699885e-04
6.991329399833548118e-04
1.733847189563796900e-03
5.715051614560120096e-04
4.342421035107918372e-04
7.516144723404861831e-03
3.394644086235320255e-04
9.421659546051296607e-04
7.247970044592362635e-04
6.387900068034911213e-04
1.784091929859701843e-03
1.704758243188911511e-03
3.311153639714909573e-04
2.109875323196867911e-03
3.832190700702517569e-04
4.330897861322238794e-04
1.250862183636288621e-03
5.612643497627004766e-04
1.253535725960680525e-03
5.354928357480899168e-04
3.384652689257679182e-04
4.239351633953290181e-04
7.588211232591151722e-04
4.907549309835072295e-04
3.884251036922529944e-04
7.061750843038470732e-04
5.963148235044907512e-04
5.733656044666230736e-04
3.455115454229555584e-04
4.891503237186756083e-04
6.754042751181695654e-04
8.916559150709904309e-04
6.542034262406364389e-04
5.390377766223063095e-04
1.748060128389669187e-03
8.081857279737496421e-04
2.143758791769817193e-03
7.484131686951334562e-04
3.346086708336994272e-04
1.962452199980387231e-03
4.959874268417589121e-04
4.834525461292544959e-04
1.427396035432444135e-03
2.598421169142147292e-04
2.511535553057534301e-03
5.640602077972853637e-04
4.322675678991458000e-04
2.851882409634177301e-03
6.215284253489529887e-04
3.637280701169605347e-04
1.861138831351187573e-03
1.750890539691440581e-03
5.471385319469395866e-04
7.067226937221577493e-04
7.451462879834341076e-04
4.332296084365017922e-04
4.948713658704626418e-04
3.172007569021567945e-04
9.562554148833826793e-04
2.704973880398000761e-04
5.120662760420679332e-04
2.607042401334687767e-04
3.655920101523513232e-04
1.932434897708223747e-04
4.116610120445996532e-04
3.969315124338417336e-03
6.437456624565387727e-04
5.607563889657366093e-04
5.620309954083010711e-04
4.709297785014397763e-04
6.823432340877903530e-04
6.397126637415322939e-04
1.952968465225707155e-03
1.056872229406468581e-03
9.123264903895534879e-04
2.629032730038105710e-04
5.150291836866268541e-04
6.905537804814949714e-04
8.624601829792544758e-04
3.545338280767669622e-04
3.689651879596326828e-04
7.988451932889859041e-04
2.211265974776928465e-03
3.235883865861880621e-04
2.866025796823679756e-04
2.864141479427622879e-04
1.108889337546508378e-03
3.938846274809680082e-04
5.243377459074143737e-03
2.755432078459040630e-04
9.554277315691901131e-04
1.177034409223986274e-03
9.379184512940509991e-04
5.610061636202117417e-04
3.646861375405992690e-04
9.824119713423120140e-04
2.555746712899980384e-04
2.239243277268132093e-04
5.699786698258448112e-04
2.259758255588956903e-04
4.438960964749670600e-04
2.517370030438883621e-04
5.446809388271930388e-04
1.127018442236557734e-03
3.177360990246199876e-04
6.280965190335026718e-04
5.852537882703032950e-04
5.003361633640855937e-04
4.456761748218207499e-04
3.405557349161679958e-04
2.071662342281981994e-04
4.596015674041091232e-04
7.894788539994685057e-04
3.616362295614438879e-04
7.680829446306231901e-04
7.977202260199909439e-04
5.046390336934286668e-04
1.513031939160638332e-03
2.154513073858299458e-04
8.448991360467868758e-04
3.689740678424126177e-04
3.503815529502285519e-04
4.610061358804940011e-04
7.702007325817659391e-04
3.439337760168106406e-04
4.034970776839956323e-04
9.289338699802890398e-04
6.337263598709371240e-04
5.031363631684093556e-04
9.226165948722484834e-04
8.936055987163240297e-04
1.439494934126364515e-03
6.569163182151819711e-04
3.360324290304043428e-03
2.751225424787729344e-04
3.073415649142304928e-03
8.809821111619370662e-04
4.082338924779769715e-04
1.308759039351516888e-03
6.259694884224091625e-04
4.124041305938092082e-04
5.430079202797625246e-04
2.624210699599457877e-03
5.600508514814945583e-04
1.226556573232414184e-03
1.291576835088698505e-03
2.290192295335996575e-04
3.523097317844202012e-04
2.370921967158376290e-04
3.911807182045414985e-04
2.600429583012671148e-03
6.269312697388921976e-04
3.266158175296429299e-04
3.078640461767305492e-04
5.505657393439033044e-04
7.749364314692695418e-04
2.834478784698648592e-03
1.808483019694658066e-03
8.293471247501851438e-04
6.525766710621629585e-04
3.892942678150666629e-04
3.894621094710040720e-04
2.569211487791297653e-04
6.708289969164733585e-04
9.283615528152431781e-04
3.908872258666761380e-04
9.686582703213579169e-04
7.719761763925480930e-04
1.840832091725255575e-03
4.196241958946675182e-04
5.004512807232843093e-04
2.805382169587078249e-04
1.494675622353921433e-03
1.828873798350449291e-03
1.237487457679214194e-03
7.477388374154800201e-04
6.678038734281470986e-04
3.236303633657157397e-03
4.327381703358748567e-04
9.870569701433584871e-04
3.405071358049649140e-04
7.608278479149311376e-04
9.679863449286844630e-04
9.082701200704744807e-04
6.453693321175063688e-04
2.109875323196867911e-03
3.090913237830104389e-04
5.640927081196386427e-04
3.602997108940997860e-04
5.335265607097894585e-04
6.708289969164733585e-04
6.740160068304994288e-04
1.943452372782758682e-04
2.681414225169639681e-04
1.622730795284600507e-03
2.505918551496934482e-04
2.366193231068916113e-03
5.894332109275542998e-03
1.041470852627204803e-03
9.585145782468366352e-04
8.058954357133491300e-04
1.169858134182314531e-03
1.169093384844744569e-03
2.935971944924994047e-04
6.223476463450927729e-04
7.097909182458995297e-04
3.215370772529640032e-04
5.828782436214240310e-04
2.425705422031485068e-03
3.188519331104261532e-04
1.270430255652488455e-03
3.938151944640123263e-04
4.224891547325326270e-04
4.132322425029465738e-04
7.827578367760681249e-03
4.289339045697656574e-04
7.376435734934650226e-04
5.684943245190875009e-04
6.428612999275481804e-04
7.672236890746246540e-04
3.190254417662320642e-04
5.434195715165848805e-04
4.072826911452587218e-04
5.381690101408359746e-03
4.093010203180916001e-04
9.092023043594159391e-04
7.265662618397985368e-04
6.045861129548108165e-04
2.050313524115640867e-03
1.439494934126364515e-03
1.224307039177380523e-03
1.148290432865865275e-03
1.429180101461821097e-03
8.476444097720838228e-04
5.947846158287504103e-04
3.015928049523287999e-04
5.512628919912414575e-04
5.305219368293876640e-04
7.594122691370298276e-04
5.412032508905999370e-04
6.437138172361401645e-04
1.446741484983681773e-03
1.948913721415483592e-03
2.699549413569213253e-04
1.207552731111584225e-03
7.627854579734702186e-04
6.900277050256493645e-04
6.449917151784087142e-04
2.607014248606752968e-04
1.100320941643040569e-03
3.642314975207647286e-04
4.316524443937594011e-04
4.367385172659499540e-04
3.731307825973739171e-03
5.244124595692531291e-04
1.563900886220418677e-03
2.090067791632161439e-03
1.609202138494640350e-03
7.817732291370933437e-04
5.475453530725078385e-04
2.567853349429856727e-03
4.374839334529188688e-04
1.164932179781422205e-03
1.131949558996812313e-03
3.879977959597420787e-04
7.880406274511691980e-04
6.806359222248876744e-04
5.811432720788879593e-04
5.329903358304840860e-04
2.660291830103863968e-04
3.102322953245884268e-04
6.773956060024395424e-04
2.825130225456314015e-04
1.929733268776770091e-04
3.822412340316267755e-04
1.234766111657161804e-03
4.293006507331292463e-04
6.006490147305370772e-04
5.299504872416783800e-04
3.951421507222070326e-04
3.994467155197632007e-04
5.891459431635114952e-04
7.979229524286148793e-04
5.120500963570758608e-04
3.502858764089033876e-04
5.893579467280253906e-04
7.889267506506009381e-04
6.811279349840543848e-04
1.000060492451085217e-03
8.638549067968929454e-04
3.804737789422685300e-04
8.640923046806218847e-04
4.899666336073610134e-04
4.891469765776930434e-04
7.129095364026161868e-03
7.701965359653857980e-04
3.027478467593665290e-03
3.578332279725072573e-03
1.557554774506739615e-03
5.053859259988863076e-04
2.856209459831096013e-04
9.177745832820241329e-04
7.162056743757646811e-04
9.043920024205511290e-04
1.367508145488608492e-03
5.613051490364331583e-04
7.193714028584446366e-04
3.219949753762547874e-04
7.781583763637077086e-04
1.945238753787945215e-03
7.340071522817016338e-04
3.815565765292498138e-04
4.793136698290220384e-04
2.830999918510233426e-03
6.623370783797927121e-04
2.091612205883038988e-03
2.094258219641164948e-03
1.242734716432750911e-03
5.918629738485937453e-04
1.195512593594668131e-03
6.633775088059479371e-04
1.305919189221568105e-03
9.335227786097742000e-04
5.478753984913217225e-04
5.114421585844799393e-04
2.040554075907582607e-04
2.527423928173365203e-04
5.247583951928260068e-04
1.182881093339571959e-03
5.645210627640990511e-04
2.789267559972736588e-04
9.379184512940509991e-04
2.473328800273113734e-03
3.672070109478044403e-04
3.152846471491327698e-04
5.793821507187721289e-04
3.261104999208461544e-04
3.203312988619402206e-04
9.336720906225262758e-04
9.536349696401048327e-04
8.333588912528370205e-04
3.107153500180326496e-03
4.395500038430892901e-04
3.221531706759029798e-04
3.007021255205781659e-04
8.163848204947620531e-04
3.675042069294741495e-04
4.106746716239259402e-04
4.908987829957779441e-04
3.532497809182875330e-04
2.816041665513812709e-04
4.299150712476739996e-04
4.514228346558405791e-04
7.579579879248498579e-04
2.425705422031485068e-03
1.171462826900937330e-03
5.262553063244905516e-03
9.705960740781581064e-04
4.734252329985356956e-04
5.070893500596756467e-04
2.847013556401608182e-04
1.703290055535075335e-03
2.976845489123478581e-04
4.275586327008984292e-04
3.255120344274988527e-04
5.685798602702707557e-04
4.711763565734641314e-04
9.397374937339501594e-04
4.952831126060356151e-04
2.481163219081337695e-04
4.754518107343377897e-04
6.742982138491532707e-04
3.396572112888357020e-04
3.074111082667930692e-03
6.103562052895938591e-04
5.720493366084988167e-04
9.910830012089331519e-04
1.345010879381307572e-03
3.152874717804784316e-04
2.881888394505666617e-04
6.904402635251516342e-04
1.360646875620840886e-03
1.498881092421370988e-03
2.684417246773407838e-03
2.082972655656733759e-04
4.833583551379038151e-04
5.276255576188734839e-04
1.490739949863954675e-03
1.534951859031043675e-03
2.091612205883038988e-03
3.679499235578811696e-04
8.948348800143634141e-04
7.741382010033451061e-04
4.628217241159426963e-04
5.389642336639602089e-04
5.472960586799856340e-04
7.803625593900805285e-04
2.747436314019642231e-04
2.890833968761637521e-04
3.221433568827159204e-04
8.365696980772048801e-04
6.416525174137656298e-04
9.735324020502105500e-04
1.014756349680642419e-03
3.563727149246563499e-04
5.476674587068652974e-04
1.959380048278540690e-02
3.633017541979685627e-03
4.085215882879473961e-04
1.125700165831403825e-03
5.877581922100625017e-04
6.420773018810695251e-04
2.802577845471813543e-04
1.125482379565344348e-03
5.225631926380675842e-04
7.333221833179083896e-04
4.703836092140306754e-04
2.866025796823679756e-04
1.259746702110348766e-03
1.101651292619916078e-03
3.223006109760546620e-04
7.429163289352578702e-04
2.747027117918049541e-04
9.836438091097381674e-04
9.706799886894990938e-04
2.729016637624930844e-04
5.101187961813995718e-03
6.584211247871671075e-04
8.265991238905412907e-04
6.947429291313125073e-04
7.811430916994564983e-04
2.569211487791297653e-04
7.078636514384273803e-04
2.027117047193449770e-04
3.763907789878563961e-03
4.478931047634927376e-04
6.179486338583592463e-04
3.079569996959010021e-04
4.743606244816746557e-04
7.817732291370933437e-04
3.626137281522341118e-04
3.950510341432021504e-04
2.685218889603295175e-03
1.180452687596082956e-03
3.829904056547604784e-04
9.025504942731959503e-04
1.654109310415258780e-03
7.264728723290663284e-04
3.923268089918285212e-04
5.302088977821616585e-04
8.443787407129268790e-04
5.379441863365422771e-04
7.001260296634560700e-04
4.462795741294180532e-04
5.706027410705136801e-04
1.846112683599276591e-03
5.929273654430026108e-04
8.994897808170983222e-04
3.371812008767076114e-04
9.509692671260916138e-04
3.195712246237278689e-04
1.210154096964039623e-03
8.949564006118896102e-04
3.047037484350590178e-04
3.979173255327050321e-04
1.092014368944860432e-03
5.904114064712783980e-04
2.684752022974619379e-04
2.358908927713013887e-03
1.685755684813579911e-03
3.997275494672000956e-04
6.516957843100164424e-04
1.855799185862870224e-03
8.018370240827873193e-04
7.026776078770765504e-04
5.988684262750883745e-04
8.860354290877373159e-04
1.939874391184227061e-04
4.875958141887905078e-04
5.185454812361566402e-04
9.796690903056204727e-04
1.783686200298966905e-03
2.830999918510233426e-03
8.005586862594043802e-04
4.728217683970369219e-04
4.493627824154278823e-04
5.191073250871455595e-04
7.401405025479313544e-04
4.571561828036170907e-04
3.977973524505235459e-04
7.774926248429091464e-04
8.545061793440181458e-04
4.349937330726000740e-04
4.455269813164244039e-04
3.058208945022564953e-04
6.731380513663441124e-04
8.299811186404738904e-04
7.854285759777247323e-04
5.029087698018461184e-04
7.553324234343144648e-04
5.697170535101063818e-03
5.276641145824450489e-04
7.149766937460749977e-04
6.049855004622641278e-04
3.382179395101443014e-04
2.635075563826620986e-03
1.919604608287889345e-03
1.767268740011199895e-03
4.635042429657590022e-04
8.101239468272076159e-04
4.434646914137188351e-04
1.600194915206689826e-03
2.644507752126737886e-04
9.650542668096905724e-04
5.709487671780611459e-04
1.827780297093318683e-04
2.882130004317869304e-04
6.814519560154692814e-04
2.209242400940756874e-03
7.893951920671591878e-04
9.017097830342719672e-04
7.165705262004672376e-04
2.856209459831096013e-04
7.031934855512834938e-04
3.249940349855548710e-04
3.056805015627306527e-04
1.230093069704903987e-03
8.612053687049164028e-04
1.147230212982125160e-03
3.587053202910688455e-03
3.054481062966429221e-04
2.240006028040694881e-04
6.610658722552171249e-04
2.062890454812253021e-04
9.302437700438687075e-04
4.218689492160253816e-04
4.428730819003167556e-04
5.557583619778240719e-04
2.467232969956449119e-03
7.399514238713901125e-04
2.196307005774918077e-04
3.260014472216396834e-04
3.795525792422921123e-04
6.385419643570723440e-04
2.780074997250877905e-04
7.061365185640353570e-04
9.302437700438687075e-04
5.746304946014872813e-04
3.168251953995212221e-03
5.638580307286784801e-04
9.198117515949181177e-04
3.284293856016699885e-04
5.103790960310763611e-04
5.628172692845559866e-04
4.604622986558231865e-04
6.527099951170447709e-04
7.480253867708043297e-04
2.594173243838743758e-04
5.778724869003595485e-04
4.512149055135336422e-04
9.268037717834261453e-04
1.634869997650326015e-03
9.780880090604273259e-04
7.234890577105994400e-04
4.708863939638778008e-04
6.436369313570202083e-04
5.330289938572295395e-04
7.225951609941724503e-04
1.221854126435978957e-03
6.471974816720967028e-04
2.678027519162901179e-04
1.686434195462824422e-03
4.130874553532949169e-04
5.063411203896389006e-04
3.500993323273780019e-04
5.033357712915147511e-04
5.926062177339120338e-04
5.430890067740030882e-04
1.660104963802626604e-03
2.858612116558251291e-04
8.934686062281075539e-04
1.403647094024789311e-03
4.970861770299867975e-04
1.270235612403553633e-03
2.966914044078204052e-04
8.084747508939186568e-04
5.623780983841275474e-04
3.977973524505235459e-04
1.157387133697460827e-03
2.091612205883038988e-03
6.584211247871671075e-04
6.799925411167126671e-04
3.962508339422368903e-04
9.994696164587707574e-04
6.103953257321287828e-04
3.345150008069398741e-04
3.455674935222759095e-04
7.463081430608019175e-04
3.803485797242993523e-04
1.547428640880810224e-03
1.079753870361657014e-03
1.350752085303605311e-03
2.108826296507238581e-04
4.480439927261017550e-04
5.493133851482011505e-04
3.490034479244569308e-04
1.046184269260043865e-03
4.881765965995061218e-04
5.947402135816109081e-04
5.421969920227707844e-04
4.827631032920067151e-04
2.555242284685511813e-04
5.914014140500481248e-04
7.375845199272878594e-04
4.430948541042598076e-04
4.180688197662474608e-04
2.406633585804298443e-04
7.128052625472424677e-04
3.834543679026040301e-04
7.384597138175566164e-04
2.830999918510233426e-03
5.142626852922655648e-04
1.331822399649638944e-02
5.446342528926721932e-04
7.777926632416028163e-02
4.118225481899202172e-04
1.045572825003700810e-03
2.068568651050988307e-04
5.302014372383830878e-04
1.420012820810925749e-03
5.424300786122692505e-04
4.938999811412661143e-04
7.050664212606706218e-04
7.422538481545470392e-04
9.570972245596528431e-04
5.089824909295128080e-04
5.439212973726676673e-04
3.318232424492181159e-04
4.083601431293675975e-04
1.011279755735293266e-03
8.061386113553889194e-04
2.994875152558655086e-04
3.893471323250842237e-04
3.382314139613567649e-04
1.902520544655287335e-04
1.154089408238033725e-03
1.373685610774803487e-03
5.640927081196386427e-04
5.089652081612099522e-04
1.335174837753487194e-03
1.528112281618018546e-04
6.372261796744501912e-04
2.979429176968218960e-04
2.741712318564214820e-03
6.483617873049690164e-04
4.197618312823456340e-04
3.550709254333191209e-03
7.460456126416006211e-04
5.418286513349508757e-04
2.747436314019642231e-04
5.599598775217849017e-04
1.280233170900149263e-03
2.506479077187125331e-04
1.764921373567374108e-04
7.678695524504699360e-04
3.067127733346944047e-04
1.116063849977304290e-03
6.971306374618893879e-04
5.053192600238105934e-04
3.008175682875612045e-04
2.707998351924169691e-04
4.541573641692930375e-04
1.451759362028598671e-03
2.208907095797600834e-04
3.761767499593391892e-04
3.215370772529640032e-04
5.959107404958755060e-04
2.629032730038105710e-04
5.494601927240528498e-04
2.958193570182847355e-04
3.745544788104031970e-04
7.936195534320827872e-04
6.610967690568845959e-04
3.804167263834797442e-04
2.768727385582411501e-04
3.423221619950841152e-04
3.245263594746729263e-03
4.694263172255810370e-04
6.832623491586556743e-04
6.505601904928050207e-04
7.886103595844299674e-04
8.673193167224503173e-04
4.656104411109846354e-04
2.366383822140737548e-03
3.402182359346386212e-04
3.432507524155198851e-04
6.715727664073085478e-04
2.045120723054277140e-04
2.516702736439431791e-04
1.792092454575337996e-03
7.272692367758479574e-04
1.605511886928393797e-03
4.601281722399330060e-03
1.065492415693304780e-03
4.833583551379038151e-04
2.511535553057534301e-03
4.148494200901831921e-04
1.247953753876194756e-03
1.407468589288111841e-03
4.875544020565347270e-04
1.068656052251687862e-03
6.601674736960314255e-04
4.388228839152946009e-03
1.168992480882368205e-03
