1.187729703606936818e-03
6.287214628726039067e-04
2.430628140728670035e-04
1.524852757834235188e-03
8.990173507412577624e-04
8.108349173831731933e-04
1.310275884430504162e-03
5.755562316770741890e-04
1.405794259002257933e-03
9.675529542842100251e-04
9.482424077368468551e-04
7.883441867669838902e-04
1.068727657998747721e-03
1.518601709339250164e-03
1.151093799634874760e-03
1.518785650918845660e-03
6.182403543303779080e-04
8.786680922218512331e-04
1.528006799426392210e-03
8.124881467310891836e-04
9.070417236057154182e-04
6.731941629954780147e-04
5.810853436912432821e-04
1.175526106161444307e-03
6.830661344430229804e-04
4.900792740598640309e-04
8.203180903913281051e-04
1.362583100612275349e-03
1.210418629682905858e-03
6.253144727876981755e-04
9.409863663951311330e-04
6.979092337034169995e-04
6.702153353716725371e-04
1.025269944406777050e-03
5.428027935754436376e-04
1.417827512358310919e-03
1.250724378071147672e-03
9.468631742474419325e-04
9.909391967175627380e-04
6.884766534497227574e-04
7.119082844622100009e-04
8.544078429331723257e-04
1.936395414371518261e-03
7.602498005928280938e-04
8.516326856186285559e-04
4.322001211052579179e-04
7.534156087610308517e-04
6.730329752547202461e-04
7.553343340079599370e-04
6.277355348405727967e-04
4.735262331882200281e-04
7.942350610145022761e-04
7.791279345353628420e-04
1.049128788666350842e-03
8.645965357026151078e-04
1.038371938132154381e-03
5.822219848857157964e-04
7.699713448239053687e-04
1.034331380856786742e-03
5.417024150850097922e-04
8.775692153333782171e-04
8.586234061175303202e-04
4.855941138372624243e-04
1.817190447434070908e-03
1.040756652296858124e-03
1.295068818858800775e-03
1.905611616699188875e-04
1.142437578759756536e-03
1.343887837050690686e-03
1.107611262067379615e-03
1.085373838305726422e-03
5.691571285647619577e-04
7.728590137189209454e-04
1.250724378071147672e-03
1.393862194736531857e-03
9.325435360326120478e-04
6.824939378632561855e-04
6.050805839433969196e-04
1.492726542458314371e-03
6.245460873771024272e-04
1.338762239495635414e-03
1.472976909392263939e-03
1.724390690294577699e-03
1.793611704965416198e-03
7.678873912856656273e-04
1.007357366808060879e-03
7.509929783859451997e-04
5.710632223554504760e-04
4.521832197152047335e-04
4.732420554257678368e-04
1.117078432486829200e-03
2.510327008637576029e-03
6.410446091310986532e-04
7.039068297977707717e-04
2.550784612451584190e-03
7.973018286967138322e-04
9.313755878014916365e-04
3.448031217796761042e-04
6.302486402665676566e-04
5.523438267928470298e-04
7.098805951212840398e-04
1.220395681340485320e-03
6.718260698192992557e-04
2.738684845896223637e-03
1.050155852948379343e-03
1.815470894333919005e-03
2.700335259285451071e-04
7.131065951483835097e-04
2.167810470609919139e-03
9.250136250809415719e-04
1.076051045923316976e-03
1.010984128697268482e-03
7.485979675064880542e-04
1.353404369338211816e-03
7.090190269510697084e-04
3.886088841877549985e-04
5.243293024610950429e-04
7.779613649005556004e-04
8.820447736620514291e-04
1.301761353718764369e-03
8.961553755958833216e-04
1.147486793796917166e-03
4.141893764612803092e-04
2.439176235991928621e-03
4.212411748142150768e-03
1.245648692459242748e-03
8.119821405612077936e-04
2.589599436590768033e-03
1.199177895989989072e-03
6.628980381580073340e-04
8.098586317170404373e-04
1.692400690012149352e-03
5.430316616240569993e-04
7.838587552552973370e-04
8.021334064347067578e-04
6.516450023544541554e-04
9.085520769854096628e-04
8.789777500351231721e-04
8.269466596894051603e-04
1.721619994986847224e-03
6.850359818138567402e-04
9.610511709259186939e-04
1.106034656865660486e-03
7.992230333769894876e-04
8.363830236001151396e-04
8.412668437234262133e-04
5.061766356678392212e-04
6.355126815483888754e-04
6.954539368793936829e-04
1.479708333856625006e-03
7.028945095452665721e-04
1.067257944872293095e-03
6.901326767828219353e-04
7.072665905252968621e-04
2.284370618945642546e-03
7.449090956872260255e-04
4.558426948178645162e-04
7.368066391835194871e-04
1.229932941977370225e-03
8.720668060904716162e-04
9.827943647037959678e-04
5.769173722331968814e-04
3.081779472145893331e-03
5.870174333177016063e-04
6.564759501217128654e-04
1.373263735545273128e-03
1.025872521921388208e-03
6.146199561425516947e-04
4.363786065553077863e-04
4.552147309737166782e-03
8.678402369716627096e-04
6.099441657443779256e-04
6.460266532216041519e-04
4.702195298145561242e-04
6.874232309730139842e-04
5.541415437042355703e-04
8.995064980522716287e-04
5.978094498413607030e-04
2.043152103763015877e-03
8.576527471606997183e-04
7.812449386803017306e-04
7.506868649134055193e-04
1.181157171362753151e-03
1.301343729203994657e-03
6.142706471746591174e-04
1.097546553784622134e-03
8.120687405894199675e-04
8.631498016833613098e-04
4.867866284595813160e-04
1.079736742919093842e-03
9.935240278774945533e-04
4.047481717326683638e-04
1.129116940665652463e-03
7.572929259569917589e-04
1.354870978101877692e-03
7.579653306700897099e-04
8.624911562911298383e-04
5.244680476367697937e-04
6.734033494966316577e-04
1.011650693048664687e-03
1.012087959302736262e-03
5.640085793068226301e-04
3.864731808947657714e-04
1.934634675623048573e-03
5.307378316692052756e-04
1.247956599784196853e-03
9.525111446049647906e-04
8.650487895053300246e-04
1.076243949342433823e-03
5.530605133686698066e-04
1.741104416422244823e-03
1.468993589586550189e-03
1.088627746599532195e-03
1.230261660123305699e-03
9.016001497607358363e-04
2.982008785581415316e-04
7.665395932875555861e-04
6.195243466316020971e-04
1.373263735545273128e-03
1.340696247085683022e-03
3.102520053397407585e-04
1.459318905114474502e-03
1.084618158511082816e-03
3.468731412004671011e-04
7.419491465581349796e-04
5.839654349431383463e-04
3.097448406587327216e-03
2.541508119277060933e-03
5.253893935905106817e-04
5.349244483495276328e-04
6.869609388388029465e-04
4.054703707207651269e-04
8.346142690253758852e-04
8.468012116159264954e-04
1.230552867365830409e-03
6.736020983804958404e-04
1.028961697615419103e-03
8.448297000759037809e-04
4.715069634053945316e-04
2.675315420555341578e-03
7.213220096233904531e-04
6.274556361043548067e-04
1.236857099650914534e-03
3.742264436973098143e-04
1.414129350294463221e-03
8.315474971133693209e-04
1.189459751742632469e-03
7.778394540070628516e-04
8.094872875586281782e-04
5.619490064873760215e-04
1.495061257181352606e-03
1.583937067348765125e-03
9.942029066554998289e-04
1.524794373231814701e-03
1.649259015629217463e-03
1.668072027465179264e-03
6.290194052631970000e-04
1.227331641332265414e-03
5.872894071361446297e-04
4.476113484363557714e-04
1.063193495005911298e-03
4.616407654736136182e-04
1.583816381861935128e-03
2.060061852844893415e-03
1.214065318408608140e-03
1.115244438564991008e-03
4.997859801217601058e-04
5.079688670689736125e-04
1.586507864162720136e-03
3.423937816567882591e-04
8.048103218154167501e-04
7.605123085538624452e-04
8.583085365467466032e-04
1.191971188155394479e-03
8.995064980522716287e-04
5.223664153262974619e-04
1.218170513163112237e-03
1.303209664602956053e-03
8.809190990103498049e-04
7.328233453961871969e-04
8.916033013246934223e-04
5.159360122260977805e-04
8.161765935129869668e-04
5.877093664703688693e-04
1.351033401355038579e-03
3.197690553787004963e-03
5.826275044991043343e-04
6.330550736632348978e-04
7.069740605863472161e-04
1.376746248597221457e-03
5.045028066865089216e-04
5.814786389587821161e-04
1.022862162042366754e-03
1.293075927769038761e-03
7.894509254517301407e-04
1.111950037140182210e-03
1.127242363966815108e-03
5.008006382127827821e-04
4.300423339959958996e-04
5.205181851182979482e-04
7.206499440047298187e-04
5.248389071380724687e-04
8.122610074759436865e-04
7.758581611674121364e-04
6.336760325927262702e-04
1.075045095119925558e-03
2.851786572662497535e-03
1.104464076525379663e-03
1.468454966729479567e-03
7.108944773304531591e-04
4.823136672812946201e-04
1.069029794436534772e-03
1.560256647088444993e-03
1.209812521616463344e-03
1.502384054215450326e-03
5.577163477879556455e-04
8.482652891084516535e-04
8.624911562911298383e-04
1.150302592668745643e-03
8.504691232455011173e-04
1.264651100412418063e-03
1.307470742828085097e-03
8.823760008624638917e-04
1.768734446155812486e-03
1.324453180751859185e-03
8.079394889323795320e-04
9.100486813333098649e-04
1.810475717234718424e-03
1.863485170062622633e-03
2.769696942015946461e-03
1.867473063369394070e-03
1.406242386967736105e-03
4.606913001896276562e-04
8.630354353753670041e-04
7.497955780618077715e-04
1.310081611171681456e-03
1.253263267670595878e-03
1.088675038069760554e-03
9.070298441198590324e-04
7.573283962593214003e-04
1.128762184849952570e-03
1.027175256919513405e-03
9.929754804542869229e-04
1.167573709444797488e-03
1.185484732218866155e-03
4.832546815301981807e-04
1.110426563349338177e-03
1.070383074691381390e-03
1.111380141064567282e-03
3.783081293557123909e-04
6.011244149423221198e-04
1.306121041176462128e-03
6.441848632642874304e-04
1.301761353718764369e-03
1.245583076453482410e-03
6.707408609546531295e-04
1.809635531713848708e-03
1.069067600679208998e-03
5.087424800656849743e-04
5.266788567026025637e-04
1.008059966730273042e-03
2.224454577103615171e-03
1.436140473535796975e-03
9.052915650821330125e-04
5.137870391993106054e-04
5.846303363475377577e-04
5.176472741888755828e-04
1.142803566589323814e-03
5.600136517803931593e-04
1.023858638290526223e-03
1.556229883280547130e-03
4.303879321414414111e-04
4.124810896516901753e-04
1.016221928215252151e-03
4.739950094624121950e-04
2.793045061948314610e-03
5.197930035823571234e-04
2.552930685300036358e-04
5.973287277596353757e-04
6.794137053652969009e-04
1.168244679073313563e-03
8.862966838320776196e-04
5.593012947112636435e-04
2.610837836469740228e-03
7.612114143767515807e-04
8.373663430007662230e-04
1.686880563453242374e-03
9.663998743712528660e-04
7.974345733928580107e-04
6.889379656401887217e-04
5.942167105536239188e-04
1.270858661238503549e-03
8.259932178290923469e-04
1.814979309652490049e-03
1.743804466340789609e-03
5.660236676763486961e-04
1.578795026658112591e-03
6.119221742344636492e-04
7.717379781504976523e-04
8.867529800245879407e-04
9.404535924998569602e-04
1.237483399931619665e-03
1.125600393765140757e-03
3.614765538786283527e-04
1.738574086561127082e-03
1.388261966641435741e-03
1.496239478202938521e-03
6.151723418615536983e-04
6.160907868268496786e-04
1.224425900873765249e-03
5.501111080976397181e-04
5.571251670251937006e-04
4.710808673990548950e-04
9.812485529002471733e-04
1.245958097641933736e-03
6.855578760865807184e-04
2.076818264569051803e-03
1.466180017255697392e-03
6.228437814525116271e-04
1.239276740402864112e-03
9.280578709517468480e-04
8.037781184956728020e-04
8.543563570553188141e-04
3.052260452209239238e-04
8.624911562911298383e-04
5.822929173458953056e-04
1.399103659626826533e-03
9.954850017813818459e-04
1.264336021244765297e-03
6.178259661660983129e-04
1.064545440139286203e-03
3.102520053397407585e-04
6.474587970748346905e-04
1.936059951451748074e-03
4.648851549846198697e-04
9.375819614974432352e-04
1.126099766668975247e-03
2.212592663642052974e-03
1.939341422148305920e-03
7.552096672332804126e-04
8.479091602230560574e-04
5.769173722331968814e-04
1.171245567092009648e-03
1.663752470789622894e-03
5.770974163242204805e-04
2.355844664427795936e-03
1.051013951205081228e-03
1.212232989547885843e-03
1.633266119390108448e-03
5.786240484263785976e-04
1.270207436718344841e-03
4.893200373618954895e-04
4.909385549142810919e-04
3.651315344058970146e-04
4.878507225950630627e-04
3.774428783071239390e-04
1.335428963366364595e-03
6.527764459791514894e-04
7.630532145725933907e-04
1.818779243299123004e-03
6.850359818138567402e-04
1.790616714510079440e-03
2.242687675490981445e-03
6.106396584500738221e-04
1.095656219980620065e-03
6.997753096797188540e-04
4.684860020807151033e-04
4.393699178915888548e-04
8.186421400947794863e-04
5.217863217552687989e-04
4.697283871926331389e-04
1.199199026124478850e-03
5.481352862555659592e-04
1.030189590657580503e-03
9.895785405569605935e-04
2.586603085470744450e-03
6.329993840591121787e-04
1.804438145063099993e-03
1.453364802753369812e-03
8.857167279162440334e-04
9.861550380564328491e-04
1.722171184336562062e-03
1.668548847588038550e-03
1.110426563349338177e-03
5.790282389702526436e-04
1.624967702994794486e-03
6.473331449680315474e-04
8.613133623412569861e-04
6.069552619484994095e-04
9.364408148686748957e-04
6.254292958444017565e-04
1.076720711700991737e-03
6.981868221488989274e-04
9.574697966741279979e-04
4.791134181231451890e-04
2.000447551761856940e-03
6.168205616497045209e-04
9.553024613920676686e-04
7.379883156721227418e-04
2.344777787631036493e-03
6.885264084012445319e-04
4.440118090841399783e-04
6.011856378171828155e-04
5.687762904382177506e-04
8.287814543917314952e-04
1.127832607297244881e-03
8.645965357026151078e-04
1.127242363966815108e-03
7.215087723143306974e-04
5.881533548273259462e-04
6.985804088569725527e-04
7.726208848802299748e-04
1.003030247092287193e-03
7.721602795490894230e-04
2.041734695676201885e-03
1.144657306283960964e-03
1.070395530809736904e-03
1.399657872890524299e-03
1.731363202746409808e-03
1.265893561173050009e-03
7.795702461774166054e-04
8.543563570553188141e-04
1.190146790577374398e-03
9.256275527657575842e-04
2.221676729053720725e-03
2.265852143281355154e-03
1.184833135294894582e-03
5.351014259872770946e-04
6.494114702313689459e-04
6.255083309189005602e-04
6.244161684171486417e-04
5.613374695661586030e-04
8.390451950296447378e-04
5.052329234018503078e-04
9.905371996316199301e-04
8.337152524233883534e-04
3.747476045990585166e-04
7.474075956677233255e-04
1.480878331996969555e-03
5.118770639092383532e-04
5.169333204407524024e-04
7.463353003385282333e-04
1.115244438564991008e-03
6.216615216784300785e-04
1.985047518677753291e-03
1.566190359852727334e-03
7.033710200268371206e-04
5.468746425801794238e-04
1.502653310828789635e-03
4.950799288559760156e-04
6.961342640479098931e-04
9.192878544438022473e-04
7.342069417643329104e-04
9.219484432151852727e-04
9.329513412434876831e-04
7.387249891303536431e-04
1.993903649329089190e-03
2.109405477997094557e-03
1.839787670139640674e-03
1.369455545071929974e-03
1.256366064261688932e-03
1.297180353507933637e-03
2.544518798520925985e-03
1.623337644620476226e-03
1.234434450459787492e-03
1.794188093692062735e-03
9.010098466431766063e-04
5.197971404847249923e-04
4.655399719075689136e-04
4.264058103151378864e-04
1.299489930114452931e-03
2.065376773546530494e-03
2.658423709079646598e-03
5.988807908028884359e-04
4.315639145473823654e-04
9.073365481404983921e-04
1.548852518608985268e-03
1.443679333879361888e-03
7.982906813099046543e-04
7.324195213664739688e-04
1.059856325554696128e-03
5.481352862555659592e-04
6.542595653172666569e-04
1.200224092397669763e-03
4.455593382643875233e-04
5.028922501269709024e-04
9.346181798950982909e-04
4.932633351799579772e-04
6.317792287302856444e-04
1.862726523040621109e-03
6.885264084012445319e-04
4.207494832399195353e-04
6.267681090860508343e-04
6.365851021099079360e-04
9.730498769267929273e-04
6.540525846779374859e-04
7.040023847490050213e-04
7.620578791856235127e-04
6.547638928338987653e-04
2.734210173384592647e-03
5.756126373402249523e-04
3.660606768980474083e-04
2.001313761194377719e-03
1.225179377994791569e-03
6.798213559354774303e-04
1.696416162092622597e-03
1.077496980903007526e-03
5.520629973798085992e-04
7.393813954795196847e-04
1.192373700533736749e-03
6.999097001035694881e-04
1.364932439366102436e-03
1.137425559155034191e-03
3.075618974009572230e-03
1.550153258464776569e-03
4.196390334974328261e-04
1.177815167488606993e-03
2.838895256816045560e-03
8.428150978514022335e-04
3.214703324848082098e-04
6.211331774784853085e-04
3.823662505712320352e-04
1.541874979875495783e-03
3.075618974009572230e-03
1.610094393542416168e-03
6.459120462428054885e-04
4.822306102598987085e-04
9.016485190802581715e-04
4.042392615629228272e-04
9.543895114536854333e-04
4.990274781926949460e-04
5.892749362355783043e-04
7.720791830528487632e-04
6.143602654849091146e-04
7.557264450558729817e-04
3.265792672775439959e-03
4.283127864194964467e-04
1.073713874691997880e-03
6.850123552853434970e-04
3.564833757861040524e-04
6.018197820703694760e-04
6.408792712943279461e-04
8.586234061175303202e-04
1.461572526456098942e-03
5.227493997471548441e-04
8.343409599276485839e-04
3.801334720220782715e-04
1.658374980199482348e-03
9.598693134627634717e-04
1.102783510732273939e-03
8.427420333395424469e-04
3.717571577972802999e-04
1.676947900262904835e-03
9.491871981983397840e-04
1.066866632688319352e-03
8.155201659180157884e-04
3.648705807676289482e-03
5.369061592832278552e-04
2.203864357060643462e-03
1.464506424367932255e-03
1.008059966730273042e-03
1.510984557384480956e-03
6.422878097105213548e-04
6.271675413863137981e-04
6.522053635152048022e-04
1.972301329426889935e-03
9.669167813379882974e-04
5.215723486824998516e-04
9.033724917161405120e-04
5.449168479693214948e-04
4.722505933732029627e-04
9.533255876922483657e-04
1.115878789231545404e-03
2.410393001733611342e-03
4.329625444596450724e-04
9.687552777227768138e-04
5.074711042728695344e-04
1.145238380912602053e-03
1.471929500663880655e-03
4.460238731458224986e-04
1.116835967190206230e-03
7.602779048264680494e-04
1.004659277835599773e-03
1.033638390536097953e-03
7.334565547829923924e-04
8.917900253388009882e-04
5.369639377467472262e-04
5.832486161763195728e-04
5.963725389858515712e-04
1.412851720445984028e-03
1.106034656865660486e-03
8.134364175866327625e-04
1.911584234420067151e-03
6.688456011373260582e-04
7.453961023516867540e-04
1.142719819704697722e-03
5.392047440001051725e-04
1.860677067346220214e-03
7.285219877433937903e-04
6.032973500487233322e-04
1.904518855945069172e-03
1.476229349272885913e-03
6.392362681571282877e-04
5.796280314173831274e-04
9.844894254132459301e-04
7.148666095358032152e-04
2.036563527354857614e-03
7.156164163981510676e-04
4.195387717642710956e-04
3.434894770603175097e-04
1.034091720691748904e-03
1.049577841186094627e-03
1.027054812041606601e-03
1.891605955562493044e-03
6.501618329089826811e-04
1.302646671128516878e-03
6.914305824074573701e-04
2.991046386784087857e-04
1.438641900659499290e-03
2.012418863312926548e-03
4.214931715212060360e-04
1.004899191890495751e-03
8.846966719840648839e-04
1.030055055892781712e-03
6.374954969236481389e-04
4.996504549952560190e-04
1.743804466340789609e-03
6.388314092007931193e-04
9.245320788474323172e-04
8.776214397430828545e-04
3.823706061918733228e-04
6.606745625014481815e-04
8.812349577282226282e-04
6.459608647568005659e-04
8.316952904458071874e-04
6.945182636315548261e-04
8.882522526349090515e-04
1.611748226782115092e-03
3.636001746996055865e-04
1.314591297879759424e-03
6.126958831581442869e-04
1.157616442875207194e-03
5.951517322852229461e-04
1.461626596641321359e-03
1.308861148475421333e-03
6.242582730335800509e-04
9.206558855136716532e-04
1.059087157146880150e-03
3.077505369805696826e-04
1.309747371638238190e-03
8.806375614568176481e-04
8.945024164833501219e-04
4.141893764612803092e-04
5.592444865055615048e-04
1.582209176678838879e-03
4.959968128786911836e-04
3.874329324146241890e-04
6.568204275149652858e-04
1.006351891277081816e-03
2.133678061831804831e-03
8.961553755958833216e-04
1.073248323777047444e-03
1.682578870583084033e-03
8.466715732799342782e-04
1.091784040751889650e-03
1.503616483744675113e-03
2.887089243267341727e-04
1.290186352370761933e-03
1.017011608397132109e-03
1.433259862960344338e-03
3.717571577972802999e-04
9.001310213935248420e-04
5.229934320470824892e-04
8.751125793448398353e-04
1.066827834133800019e-03
9.740582419816024842e-04
7.862004039175139389e-04
9.776610252339227019e-04
1.053292343585719715e-03
1.017011608397132109e-03
6.188351330488914368e-04
7.740920010088701668e-04
6.192182144992908806e-04
5.251762391234319127e-04
9.640077474432863155e-04
7.855818294172882540e-04
7.029792961064082251e-04
8.556618615431141588e-04
9.748639982248544136e-04
7.404619612495720029e-04
7.117190956262528815e-04
1.023221749357018651e-03
9.877667840105244183e-04
6.000980342601862404e-04
5.858678319865845592e-04
1.557361786855176664e-03
9.211037844775748530e-04
9.941853807874094940e-04
7.747361090397581699e-04
3.028725909883924839e-04
1.091365960501148409e-03
1.147486793796917166e-03
1.104123990626085542e-03
8.884344685462961747e-04
4.663412405866039154e-04
1.752848749769286580e-03
4.665199753325369398e-04
1.310149014753171377e-03
1.655411990165724882e-03
6.191685728351808927e-04
1.138022084810333488e-03
7.782956817050408612e-04
1.303415269736597033e-03
1.438462123601701300e-03
1.233231469633798427e-03
1.412977293659358705e-03
7.426169443443903168e-04
9.177282348747897896e-04
1.212618118333452137e-03
1.071182160611183374e-03
1.481745553797171990e-03
5.571681811652749771e-04
1.215381578602929644e-03
2.110654560952998464e-03
4.117407372645011431e-04
7.064900566841883153e-04
2.811714506817390344e-04
1.550892439203829885e-03
1.167693069073062620e-03
8.893185576940725078e-04
5.007902337663149885e-04
9.722206660676915467e-04
6.645900592699573823e-04
4.063486729613984189e-04
9.241632234496552443e-04
8.167926760484315327e-04
1.970367122342546462e-03
1.574193119216473705e-03
4.300321589845604395e-04
7.068559280734576511e-04
1.601678964277394304e-03
4.739950094624121950e-04
1.300164558549036804e-03
8.021334064347067578e-04
5.814292716195009316e-04
1.002162782231558842e-03
6.981586245696587336e-04
6.817511694558981783e-04
9.926299074463488300e-04
1.212612127661744088e-03
5.781130756823308443e-04
1.047150257601467882e-03
6.689406883924457238e-04
7.805847537623070934e-04
4.811778626060110391e-04
7.791821063698342814e-04
5.705870675305582977e-04
7.268224052597080766e-04
1.397630653927272541e-03
6.190577238987179931e-04
9.193066242512593512e-04
2.049618814236839424e-03
9.604363029019467477e-04
7.796801771166795474e-04
3.956419669126297312e-04
3.847928902092233512e-04
5.074351575218090556e-04
7.245597427073630038e-04
7.544231394525802853e-04
1.518348641700440491e-03
6.500492024605206620e-04
1.465144152275894189e-03
1.111380141064567282e-03
1.540443365740531674e-03
8.221844058560748769e-04
6.068539669072948702e-04
7.123253446219249448e-04
1.338816726637108391e-03
6.803828363422637733e-04
1.496210186751055146e-03
1.534151641586394563e-03
4.826242209544605853e-04
9.554631576181217166e-04
9.026205707359932166e-04
7.545609286571215105e-04
1.109511741718750095e-03
6.320270022965702268e-04
6.549462005277339582e-04
3.584529165430021280e-04
8.629460473852617990e-04
5.269493915782844182e-04
1.023459698538205145e-03
1.295075344186109650e-03
6.010165043723822995e-04
6.333419100503081623e-04
8.824240081240183105e-04
4.022449172657298496e-04
7.866307965025165798e-04
4.910181841957336106e-04
6.413172253167258611e-04
5.165343475830196833e-04
8.617372786769466513e-04
5.290776982490855889e-04
3.786900685093147739e-03
4.258843889626984930e-04
8.985823447321110045e-04
1.429684079405080894e-03
8.361880726025598936e-04
1.315775836397943457e-03
6.752847580638612034e-04
1.129988698088865099e-03
1.052779905907481406e-03
1.135225580538201402e-03
1.357376882397115861e-03
8.876761052297733575e-04
1.446487526048179616e-03
6.556144811879774858e-04
9.702267541741258503e-04
7.096856615853053578e-04
6.537291250411126926e-04
1.799133386509071345e-03
1.541035241748449879e-03
1.178093705437601411e-03
1.156100478796560525e-03
1.269133381850476999e-03
6.436463552276336549e-04
1.060186925968786527e-03
7.131063001190708975e-04
1.762892879089427616e-03
5.661704060047536430e-04
5.442546831708507116e-04
8.187948930776736299e-04
1.329871277745181503e-03
3.869609067241754465e-04
9.170639762252566366e-04
1.060531180094722963e-03
5.122484696886570868e-04
5.341110500727633010e-04
6.339599388004203435e-04
1.014777999408986468e-03
1.612856688470686028e-03
1.147654252923506046e-03
3.614765538786283527e-04
1.411967340919738486e-03
5.493810790509152725e-04
4.591146755932406891e-04
3.389083385432566271e-03
6.871760234973602619e-04
5.393944308608532951e-04
6.715810438841537770e-04
2.415491059604967308e-03
1.179982314587902812e-03
3.271192261923022574e-04
4.595529176068318344e-04
4.130257154538937445e-04
6.568204275149652858e-04
1.023858638290526223e-03
4.632631836493817257e-04
4.478528881041321128e-04
9.123106648017956970e-04
1.786371383417223891e-03
4.529618490516567697e-04
5.807884459536657561e-04
8.209492044081782803e-04
9.139143447949252957e-04
8.057037889857944024e-04
1.142803566589323814e-03
5.027612690552400081e-04
4.074089016213467015e-04
2.757012476481643295e-03
6.386924636587783125e-04
1.047132453871407352e-03
1.139062727108195849e-03
1.179797004949324811e-03
8.397842260327938223e-04
9.613384827258934957e-04
1.202649580703014399e-03
1.296386112136883829e-03
1.155299795876718518e-03
7.146146751230055948e-04
8.097704444081401916e-04
9.309492932636190439e-04
8.762236898120868761e-04
1.030905222742171425e-03
1.243004093896473523e-03
9.576511560607338987e-04
1.024791713349892767e-03
2.520923607387203901e-03
8.834943201250158732e-04
6.760068287398139078e-04
1.229220820352918244e-03
1.061098545678513996e-03
1.078230837664724160e-03
2.908614182765334455e-03
1.229778575703937811e-03
8.188754492420625454e-04
4.623890652614332550e-04
1.099957034818810526e-03
6.084916491370064755e-04
6.416027252891290085e-04
