1.940379807940631658e-04
1.626605991946202629e-03
1.186393080764988010e-03
1.101012524156053584e-03
2.930136883366836671e-04
2.590080257487723881e-04
1.505089434014465679e-03
3.165142092273069197e-04
4.626956023320524000e-04
8.791378363086231520e-04
3.295756835922320025e-03
3.932381821895481345e-04
7.140346943634996420e-04
5.835674752081899692e-04
7.509225112032512188e-03
3.131416651517965051e-04
4.857741970270722438e-04
3.431482063684378973e-04
1.442404900665762452e-03
5.062724251484270908e-04
1.939321851752886681e-03
1.453431677153607963e-03
1.676392148807002275e-04
4.072836530269155660e-04
5.592783300339313575e-04
2.901201250244320987e-04
5.775492298310305186e-04
1.341366867575799482e-03
8.711075864740129961e-04
2.138866492019068834e-03
3.825406673969432183e-04
3.207798522799418109e-04
5.328761145026029815e-03
3.896254529543590221e-04
6.142023131525304897e-04
6.301147840796978480e-04
2.832363067189255096e-04
2.344118310848855840e-03
1.017525746887187020e-02
3.081712875213793055e-04
2.667936709972292745e-04
8.391310197079586940e-04
9.812617383926820498e-04
5.107293695677358114e-04
5.691840654323907650e-04
1.038851686275587931e-03
5.670580224141645500e-04
3.143692698800887070e-04
1.284030467277481489e-03
2.846448337392961021e-04
1.435936873370818228e-03
2.993791698859797493e-04
4.975832998579685432e-04
7.706834862868020388e-04
3.379764116384826093e-04
2.277563657704886023e-03
3.576811232379426301e-04
8.665664672710016603e-04
7.194293291153474419e-04
6.384114109434506790e-04
5.797281165363377120e-04
2.072701571145869242e-04
5.256190104169650981e-04
3.672705206159763806e-04
8.326426211290999507e-04
1.163351089835314937e-03
2.816863097669851878e-04
3.001848367349149033e-03
4.153107723752094238e-04
3.938497358163273458e-04
3.201542331532829873e-04
4.818932223034796090e-04
6.689533891786201203e-04
2.370814834161828592e-04
7.040955140926366713e-03
6.222717483502498027e-04
5.501487352178284366e-04
1.713828272627036862e-04
9.748431045297562469e-04
1.366166915613295724e-03
1.028080644937092889e-03
1.093622810687196667e-03
4.305707552226756274e-03
1.379481863235659930e-03
1.760814655051705455e-03
1.785962154489843974e-03
2.628161340307504784e-03
2.914705390005927475e-04
2.814636153447573792e-04
2.087831961057941570e-04
4.854160437832023400e-04
4.184815260446509344e-04
5.451499416413728210e-04
4.451194871417860619e-04
7.663379562426455779e-04
2.674277595202353736e-04
1.447647590492985060e-02
4.261055935715906372e-03
2.079805215191853161e-03
5.863974653862527586e-04
6.993038965480282776e-04
3.990085888464587477e-03
7.350014100300759651e-04
1.016931060856442930e-03
2.844471892216789166e-04
2.388594064612110327e-03
4.986349682908302987e-04
3.470512821218202306e-04
1.799835872402347258e-03
5.394161616689390057e-04
4.146887888610248677e-04
3.600746237027693851e-04
7.628261491054764238e-04
2.793633912454779496e-03
8.125710238310594096e-04
3.051903152059563850e-04
6.608018370699147168e-04
3.541742436212545861e-04
5.133947181578541732e-04
5.100189629050467079e-04
1.251953391932574162e-03
7.444225121018158229e-04
9.309876533043359584e-04
4.975818413982498797e-04
1.762169316244832412e-04
4.112127803009348612e-04
2.752678608124225828e-04
2.099583790711082466e-03
8.541509554088634864e-04
3.941378560165110091e-04
5.495214918343920875e-04
5.097223962965389838e-04
5.787009611965522821e-04
2.824194257562647782e-04
5.842034619591139101e-04
5.314643682011807460e-04
2.644499226020643849e-03
4.432633055202580739e-04
5.557598493874342646e-04
1.808036313968144134e-04
3.884474954528523995e-04
2.650269691004444438e-04
7.041492895931840109e-04
7.705364748860021006e-04
9.850084463973766361e-04
4.284686511806347960e-04
2.497276573322683695e-03
3.192271247428953192e-04
1.189012503873492551e-03
4.372155317280826468e-04
5.581047108190147817e-04
3.088570097346844678e-04
1.831337850536166175e-03
5.162219539664466119e-04
8.953647485708105371e-04
1.029104746966857812e-03
3.659894425314904514e-04
3.835236988095814701e-04
3.988094250172657083e-04
3.853638635231454077e-04
6.099955180121651756e-04
2.698671318603554489e-04
3.972055242611783905e-04
3.301448666486143414e-03
4.047353349847127458e-04
3.006131939617397121e-04
2.179732608047699628e-03
3.858199795051255282e-04
4.352905885896802109e-04
4.789374616434726611e-04
1.103530503687207313e-03
1.279028710995814937e-03
3.577065828793973162e-04
1.284909317152731038e-03
5.353811008856762532e-04
2.175404215783787137e-04
8.257358364404217971e-03
5.416556698948046030e-04
3.828053248185407762e-04
3.135489753692634112e-04
5.281735424142089798e-04
4.258265410892249922e-04
1.369195336617839206e-03
4.398936725778933472e-04
7.723486382606866655e-04
4.220717275671305576e-04
1.464156732715608117e-03
3.588674794656999956e-03
2.692403984488278773e-04
8.196509425570730825e-04
3.581712553102823658e-04
5.527361112680575540e-04
8.905991074339152276e-04
2.280861423605091347e-04
1.835420851518191178e-03
2.103187641599366098e-04
7.868690584841626532e-04
1.123904063141219906e-03
9.176671601989711078e-04
5.862939753571559274e-04
6.378156596207242707e-04
3.196245469303004780e-03
4.409382371929433859e-04
2.300153768081255375e-03
5.930267476814929687e-04
1.272307080075259222e-02
9.587545446998633689e-04
1.102091655368338079e-03
1.873591897515224439e-03
1.123592317577099030e-03
5.297729906293160681e-04
5.020060920806899063e-04
3.418543080543651625e-04
5.417165261633708232e-04
3.704446435668558323e-04
4.309808997655691499e-04
4.531895154269320386e-04
6.230113525476021433e-04
5.966288897921309068e-04
2.822014295759202361e-04
4.726923898720664682e-04
5.541490641539165369e-04
3.003116714299039632e-04
4.906228563053063050e-04
2.716092975133389104e-04
8.278419999485155415e-04
4.073599781462006880e-04
3.863619124650211805e-04
2.279951179134116616e-04
2.597139842919501170e-03
2.888185796677546452e-04
3.154244210794610341e-04
4.892677041543687551e-04
7.673362875796017066e-04
4.467919553718912294e-04
3.108911229122437937e-04
4.575364089661193025e-04
4.951296202967366868e-04
5.741931344568841807e-04
7.300425149069632649e-03
4.188789996457344860e-04
3.196245469303004780e-03
3.070898177193488471e-03
3.504431125201372833e-03
3.615066217244084922e-04
5.107293695677358114e-04
1.741219140103539460e-03
9.516023467184692164e-04
8.114660497690952571e-04
6.940574021737185755e-04
5.395523129536102924e-04
6.341738720996661655e-04
4.124147956929613882e-04
4.833458640575515703e-04
3.486677230898283983e-04
2.501208913455767614e-03
5.052274710186626782e-04
5.235085489676590941e-04
8.891913965522895997e-04
3.849259396969995669e-04
2.013789079178161193e-03
1.174517622365754558e-03
4.504432241567630536e-04
2.451698197589288666e-04
1.012097423861904946e-02
7.001361181157450151e-04
2.200689895810003626e-04
1.047489529548006979e-03
1.928540190020236597e-03
2.635168585766264502e-04
2.230405193229002814e-04
4.462516127079777179e-04
8.281138043327948171e-04
6.736264482679252524e-04
8.913359262408277871e-04
9.594812488995819186e-04
7.341261098948852551e-03
5.149711822550014821e-04
5.020190094218825779e-04
1.557206145751941547e-03
1.214701775403234348e-03
6.689533891786201203e-04
3.273287764752639628e-04
8.467808966835412140e-04
3.743323451609919172e-04
4.281611732495788905e-04
6.998049295379490508e-04
1.982377783204554607e-03
4.938881609698240029e-04
7.442726215861880440e-04
6.066596160852942782e-04
2.388692836958047992e-03
9.088046589771933779e-04
1.360238379891607263e-03
3.584619225274547323e-04
2.478035590047688187e-03
4.490445851677471630e-04
2.073211812260411209e-04
5.233671858210917549e-04
9.387923758536018560e-04
5.075080374061170969e-04
4.104048237771947428e-04
6.502452545959771461e-04
1.598244601861321273e-04
2.900272805129630572e-04
9.075796291871314784e-04
4.182464933165621268e-04
1.408762760359632280e-03
1.521343501295102521e-03
9.379206550892032253e-04
7.148679909037515198e-04
7.088698413180535189e-04
4.783949680815673816e-03
3.630697215132112216e-03
4.943667038479557111e-04
3.885492128174845784e-04
7.365002719463013738e-04
6.001810876592425818e-04
2.344118310848855840e-03
2.477437975697857988e-04
3.204837084147932314e-04
5.361702920032598808e-04
5.451499416413728210e-04
3.252869695648960774e-04
1.163108169679963159e-03
2.344555317911751189e-04
1.447647590492985060e-02
1.415319020925289882e-03
2.112759629282142098e-03
3.163359836661930953e-04
9.349690860947490727e-04
1.441364551744864523e-03
2.486115404654898895e-04
1.518804839237158184e-03
8.929865833875320945e-04
1.751559366450700485e-03
6.065406072809862706e-04
3.157592422114420972e-03
2.773469716390282360e-03
1.133904142631241051e-03
2.556277881867952064e-04
6.058368306724633279e-04
3.762408990440020760e-04
5.248086953010054449e-04
3.411520558286828143e-03
2.234248809699949869e-04
4.443975927903771363e-04
9.935950671817314270e-04
6.662352655130301211e-04
8.125524423591484659e-04
1.626429386415345017e-03
8.839527004524872682e-04
1.628048314743136714e-03
2.282295839753205498e-03
2.780730500581949077e-03
6.175404764938849031e-04
8.940935781750676027e-04
1.495693784725390333e-03
2.696866967083336500e-04
1.946905362415536026e-03
5.666440926781514398e-04
6.466459470935873120e-04
2.809749545501606725e-04
7.684664677129670815e-04
6.321767411887498338e-04
8.940935781750676027e-04
1.285525541619789635e-03
3.948434304939357742e-04
2.869269919937532105e-04
4.686010523301187215e-04
5.191339684745726376e-04
9.555696985283349725e-04
4.446063579893890600e-04
2.996843145176752900e-04
2.306880977536353435e-04
2.914820518296130556e-04
3.774094085336860923e-04
2.319687541551213126e-03
3.966422381574881981e-04
6.093850673626329895e-04
4.526009323061630399e-04
9.859450924852785573e-04
6.776462868722154999e-04
3.112476556007272538e-04
8.903471494879349347e-04
7.633312137620834603e-04
4.789374616434726611e-04
1.334450737168158376e-03
3.130524635735459481e-04
5.541752666617247780e-04
1.284935201624474782e-03
1.675670711424524740e-04
7.088698413180535189e-04
6.631518609106887199e-04
2.057274148745549076e-04
4.689657901494104805e-04
2.211881574002850636e-03
2.161399905470791057e-04
9.869011100655208143e-04
3.481040516785186283e-04
2.033518555383210993e-03
5.428760456808155461e-04
5.422006127004297318e-04
3.848620236412664914e-04
7.359817866558734977e-04
9.258873098599696263e-04
2.219862791948341884e-04
5.475509485088858553e-04
1.839298343429137186e-03
7.882569121653176542e-04
3.599973751711741591e-04
6.771740131574096287e-04
3.873006361345400451e-04
3.536264931047470900e-04
3.683549631692172792e-04
6.029247654217220059e-04
6.056850879884838074e-04
2.700844697236067047e-03
6.289574444761084548e-04
2.274900727337254933e-03
6.096172511134322547e-04
7.481263016344610059e-04
5.542623043692906492e-04
9.180187989651857235e-04
1.880187480544122250e-03
5.271406987564148695e-04
1.708596583154329673e-04
8.666909902569271693e-04
3.563354075334443784e-04
3.242295889590137629e-04
1.026490248844823131e-03
5.034425499507514919e-04
7.839429486268152669e-04
2.856417359955196709e-03
5.632788685835693910e-04
6.890615161441151137e-04
1.395985991746433869e-03
3.707265153209738685e-04
1.989655700416312085e-03
2.667788436855679166e-03
1.378907600788644057e-03
4.979589304594543358e-04
1.785962154489843974e-03
5.962648517724281928e-04
6.649824403383218464e-04
3.133690130182682949e-04
4.447240269639994668e-04
3.290595028552832191e-04
1.396661741715028585e-03
3.450827325865161630e-04
3.192830593612246614e-04
3.813226993688791262e-04
1.060582249493479063e-03
4.015688012906137101e-04
2.682684664540429804e-04
7.973233313428591384e-04
1.719310159087144435e-03
2.929727183522836493e-04
4.263087529748115423e-04
7.796319100185997858e-04
3.742939231900620917e-04
3.476897664993928582e-04
1.493431184999236775e-03
2.016430639106239330e-03
7.166481437162000329e-04
6.312281931533779032e-04
1.030701240509559070e-03
3.730946928627769475e-04
5.250743768528985450e-04
3.662149321748008513e-04
8.558286702462936796e-04
7.252984079733032323e-04
3.632885299236130968e-04
8.953647485708105371e-04
5.492163694960749531e-04
6.082254415763709531e-04
5.432234971889492040e-04
2.393046389949156263e-04
5.104388001216048163e-04
1.286730493379093692e-03
6.649421358961222269e-04
1.484261796671695801e-03
1.019753619066708899e-03
3.314854336067065452e-04
2.730886757040580258e-04
2.800371939056285489e-04
1.346685327764147013e-03
6.342836507605408578e-04
3.506965809274239002e-04
8.193090973718878409e-04
5.347264451832210328e-04
1.119943582233444163e-03
3.503557757379599275e-04
3.640814019887810612e-03
4.451556694950546938e-04
2.954557357467071802e-04
5.530962091983690140e-04
4.534865834775317676e-04
4.626956023320524000e-04
7.633518661267862894e-04
1.886035410370196907e-03
1.310599668205851293e-03
9.355592031701961400e-04
2.293412360646973971e-04
8.046457808932373258e-04
1.964528929197352578e-04
2.300497071117527429e-04
1.485981434281928278e-03
2.842683392563269255e-04
6.682596454300732515e-04
3.619192142303391860e-04
4.357489599521413939e-04
2.919779122077685368e-04
5.723324117193528873e-04
7.270518033111616650e-04
4.074928645240175539e-04
7.992089756302301782e-04
1.797705186996462505e-03
4.402669574794204860e-04
2.549793872428125362e-04
5.646596819649884027e-04
1.399460501997847744e-03
1.796578786302965077e-03
5.478667303658139864e-04
2.231959155240392366e-04
4.944951491016297664e-04
2.388322125610428757e-03
9.400427073419781584e-04
1.035973716421901549e-03
5.442486433357903450e-04
4.506524144372447299e-04
6.540648944437676320e-04
4.678534018079811771e-03
3.408533023941210933e-04
1.881509090358892420e-03
1.012097423861904946e-02
1.387755059234491292e-03
4.398612176464397660e-04
8.334816250985519794e-04
3.820311319141661294e-04
2.601909415095340601e-04
9.215165096114335012e-04
3.026903550672228362e-03
1.600772023615369840e-04
1.057501752977912197e-03
9.836205161725696845e-04
5.077111684062962779e-04
9.291241259736509207e-04
2.358777493368822628e-03
2.925177880927834202e-04
2.005186991450067879e-04
4.138778777873259478e-04
7.365778023910973370e-04
1.037118556931137994e-03
2.849001289992790184e-04
4.263087529748115423e-04
2.383539444230252304e-04
2.920670512358969481e-04
1.642915426001635660e-03
1.276628583614062380e-03
1.157328674546516736e-03
4.114689415089652037e-04
2.357030071530469837e-04
2.480466732888246800e-04
2.604246086146499821e-03
1.805284695798038208e-03
5.245802314602454695e-04
3.631998029603563305e-04
4.438240580602998385e-04
2.995487634022096779e-04
4.901950741740719597e-04
1.025038186654348695e-03
3.386245557062070592e-04
8.699886945212757013e-04
6.096684567336409840e-04
9.365282700590337860e-04
2.856417359955196709e-03
8.290876077480321829e-04
4.828530258294672474e-04
1.215580653058145064e-03
6.212546867143614940e-04
4.665690949584174970e-04
1.592426488215098641e-03
5.528816343440508870e-04
6.751428130282525726e-04
3.638296209730646109e-04
1.636397874722363545e-04
4.766778641532751454e-04
5.555889958543374502e-04
6.642206419720593676e-04
5.050068085881677859e-04
1.142697288904105310e-03
1.739646231789326739e-03
4.356942954036376200e-04
3.689456879333417741e-04
3.354116312511653034e-04
4.575364089661193025e-04
6.207696776899668256e-04
6.381426796555178093e-04
3.179691731950472569e-04
4.714341648623938236e-04
2.067249125729591025e-04
2.900594379261445754e-04
4.469581161208917232e-04
1.147634951635657669e-03
5.418213431687847860e-04
2.423422469054073794e-04
7.477931901533805235e-04
6.040622685478093607e-04
7.621495137107598544e-04
1.416317749273986659e-03
6.231242116946439846e-04
5.087889622662709324e-04
4.870429250792480437e-04
3.470323588964978009e-04
2.068129989038091808e-04
1.040711643347740035e-03
7.395580970008212981e-04
1.299705460022983639e-03
8.926308898679727625e-04
2.264864459243384699e-04
2.427080214466070850e-04
1.097381874780845989e-03
7.109137490075350058e-04
8.610334066412967877e-04
1.425975686001993824e-03
2.890051116574006776e-03
7.754166502049080530e-04
2.835873797008680447e-04
3.412272925511020409e-04
1.102134435423144211e-03
1.938516191469250114e-04
8.501263933457946145e-04
2.646977054558345807e-04
7.301151264740759345e-04
2.351414408376346704e-04
1.536087521982210926e-03
5.002675000985594466e-04
7.910504244047937084e-04
3.719835623879185621e-04
8.541336396256282628e-04
7.625513136117771564e-04
4.735608216712413406e-04
1.659290447327939561e-04
8.599761734653910659e-04
6.097304083629540798e-04
3.638006772091306848e-04
2.135198411242551341e-03
3.510207147173699006e-03
4.125967053587725752e-04
1.117431740496275302e-03
3.605872678158898378e-03
5.110595856940114250e-04
2.406283592143951277e-04
1.003703512756645190e-03
2.818905199539223382e-04
5.693985037066126575e-03
2.183919529960980793e-03
4.059205714649943473e-04
6.547420630470802928e-04
3.214983277804256629e-04
3.264875790075318519e-03
3.408614803754649990e-03
1.837160599229139895e-04
1.953726846174140552e-03
1.292066241510757491e-03
1.379138430503288422e-03
1.509684757607894457e-03
4.599147197071205210e-04
2.578236239270714596e-03
3.741045825650834620e-04
3.837662911189317072e-04
3.626591972761532973e-04
7.949791971491575876e-04
3.110682900543875178e-03
5.172671207392950466e-04
2.609245475533841958e-04
6.433092996064712545e-04
7.641763355567085959e-04
6.048798311473207881e-04
5.762435507252397634e-04
2.105652477287569288e-04
3.241510012539706759e-04
6.424651512351607294e-04
5.634903011834397745e-04
3.682321687391065302e-04
4.089691605294654467e-04
4.057684252920101299e-03
2.604258638965949407e-04
2.721076662133074722e-03
1.117407377002367207e-03
3.725510489806927567e-04
4.316553972919706162e-04
3.936915298432179067e-04
1.867554901330873655e-03
1.855839917216063487e-03
5.864127139774053237e-04
1.003049963918666455e-03
6.713736027572788333e-04
1.537468398720819333e-03
2.171916319085419463e-04
1.811810218313907928e-04
3.264875790075318519e-03
7.354690367450845024e-04
2.650075097142234578e-04
1.741219140103539460e-03
4.357393126905274795e-04
7.178998464948298849e-04
4.991256989299551472e-04
3.294363003955759353e-04
6.364110619944109365e-04
3.610387312392571830e-04
7.255658078055024583e-04
8.868062560288337334e-04
5.550873726389015132e-04
1.976756885938767366e-04
2.912219688529816023e-04
8.137061091628037743e-04
6.009118176829159313e-04
2.455998500767711187e-04
5.608927081647952602e-04
6.759708514209960108e-04
3.274068607113841392e-04
6.452060242272002720e-04
7.303854503610538503e-04
1.553222368447098071e-04
5.328103437428248837e-04
8.392982930129609404e-04
2.925246212076205608e-04
3.164357063648671532e-04
6.247619569140314567e-04
3.787595035291688780e-04
1.963171012952090889e-04
2.120425887976783250e-03
5.667592775145112753e-04
2.087648451920479445e-03
4.885792901802252794e-04
7.414561177782447686e-04
4.048721374189834417e-04
2.336505246064955201e-04
4.221895974337833320e-04
7.415667278677115590e-04
5.201423858319207966e-04
6.598094027846391086e-04
7.068160720874832031e-04
3.247030411110354993e-04
5.487362003413375671e-04
1.743118221039048708e-03
9.516023467184692164e-04
3.935797026878195192e-04
4.651763977356769466e-04
4.532102385985582889e-04
4.391255499395302288e-04
1.316214817994121235e-03
6.078051607131275923e-04
7.359817866558734977e-04
4.331500011575316290e-04
4.930514994372649749e-04
3.868141229991625316e-04
7.934580333327919625e-04
5.478782108734824279e-04
2.763917347610144186e-04
4.380475871385349504e-04
7.593210728418458124e-04
4.200891046782959343e-04
5.401202463073853481e-04
9.242483303222369211e-04
1.798466314179836961e-03
4.207204146990451473e-04
1.720317883873485540e-03
4.361440196536220089e-04
1.022385622372670548e-03
5.594453168049668031e-04
5.372377433251239801e-04
7.193614026341305307e-04
2.646977054558345807e-04
1.296382257755612647e-03
1.412153859802272758e-03
3.889133292585128781e-04
1.944034559398885153e-03
7.408481048427655513e-04
4.665690949584174970e-04
2.552820595812965612e-04
5.161527928507164773e-04
6.241138697802387511e-04
1.316975845931261414e-03
6.999647964009908041e-04
7.662759291167789205e-04
8.334816250985519794e-04
4.549516061509837781e-04
2.018532750155288980e-04
2.442567939785337313e-03
7.024193764475512164e-04
7.909212620370441749e-04
9.127983754602293515e-04
3.638296209730646109e-04
3.075288930158399871e-04
4.459456986636168695e-04
5.090812451231957296e-03
2.162555234716796542e-04
6.066035681862971037e-04
5.643585861106064933e-04
3.858790810546765086e-03
3.619079075511073829e-03
6.652970020968765157e-04
3.903729483051819344e-04
9.873187713194152889e-04
3.650589348723238961e-04
1.252807988554934622e-03
2.688420332237153980e-03
2.521059532510048508e-04
3.875454149292478952e-03
4.784665792550567179e-04
1.374537041955093374e-03
3.920447114491046282e-04
4.973419503580256678e-04
5.608591996874608262e-04
1.241445231714847271e-03
6.331864355475101593e-04
3.074187360832888885e-04
1.110941371220508815e-03
2.302560882840326171e-04
2.210986070584583551e-04
2.323582380101884247e-03
4.996286152803887121e-04
4.670211095251362745e-04
6.364287802005562595e-04
7.924531103125969853e-04
5.843155500405484461e-04
4.038743816588546802e-03
4.882528581206014868e-04
4.984072751711811702e-04
4.658711012891358504e-04
6.002015542969958576e-04
2.108029940634051965e-03
5.429176687886114790e-04
4.335022090645503914e-04
1.374776197395297453e-03
1.215580653058145064e-03
2.152230984011976704e-03
7.046869173290459983e-04
6.269386096069355218e-04
3.457411465012354547e-04
1.219973012992681593e-04
9.131023200345592377e-04
9.371486210523026364e-04
3.216457962394130682e-04
1.014257761710937776e-03
6.468284866528957238e-04
4.986370627335699832e-04
6.955023424496711284e-04
3.620072959096267903e-04
3.898019008991001158e-04
3.751383042589959940e-04
4.125895847734111074e-04
7.688572210232791750e-04
5.047009680135456939e-04
4.325074748883403139e-03
1.953726846174140552e-03
2.983492455464119026e-03
4.473033602374022690e-04
3.106162319055303105e-04
6.692318859348741307e-04
3.229289101964428425e-04
2.053469617714460786e-03
2.133151992622876866e-04
8.095654867016904973e-04
1.665028871911436534e-03
3.240486098440152618e-03
3.620125297735453883e-04
1.283677115169147434e-03
5.078795404875337781e-04
4.060680199024770294e-03
1.017562047219059459e-03
3.434252665016148428e-04
7.198162471477839762e-04
3.184509013227333697e-04
1.430651058260418423e-03
4.718474393913729605e-04
8.094588504467668160e-04
3.562424910887256697e-04
9.712768685923810468e-04
1.784405051375468959e-03
1.028805197550489246e-03
5.268773239755327386e-04
7.652285833714583037e-04
3.123417169990914868e-03
2.612797585139916374e-04
4.355730252395906624e-04
4.484699923659072815e-04
2.336497867010293246e-04
1.108670248797145614e-03
4.790844412794801970e-04
1.723058585441345598e-04
3.793710588050776527e-04
3.023490959165298607e-04
8.108599328518888713e-04
2.352812607286178942e-04
1.913299330849745853e-04
3.583522358182074504e-04
1.023730874905422238e-03
7.744842826278116503e-04
4.830293269096594226e-03
8.840650291585075990e-04
4.772768449873476186e-04
3.084220341943607582e-04
1.372685372564424414e-03
1.772187438233607760e-03
3.405306350036909268e-04
2.278219965998157931e-03
1.968711091235133864e-04
4.039640767540809388e-04
3.422894232505365223e-04
2.210054283641507667e-04
7.983553548471891172e-04
3.293432703255036887e-04
2.477437975697857988e-04
5.158700741979038761e-04
1.686685596741211183e-03
6.022980378946831857e-04
9.220470958714657717e-04
2.776450632773187766e-03
2.212076503557933952e-03
9.385922979180319611e-04
5.428999106405991764e-04
9.217791103122555986e-04
6.029456760742142119e-04
9.465584939013112469e-04
7.683605601570691083e-04
4.612879187867951840e-04
3.631766230715990289e-04
4.499410003331244588e-04
4.843208488506563214e-04
9.973105637409718227e-04
1.784405051375468959e-03
1.303320892074556541e-03
5.428999106405991764e-04
2.478035590047688187e-03
1.080227037402622242e-03
1.349505731525809738e-03
6.999821220104987442e-04
5.010563277070315905e-04
1.214654010677453837e-03
5.796198149022004824e-04
8.327624102468509423e-04
3.380522797329041395e-04
5.417977976235024062e-04
5.103343675859728194e-04
6.232427594100056062e-03
2.018342833497015990e-03
3.843215010803839680e-04
5.908407914398276567e-04
2.991047040438484092e-04
2.162910611679078087e-04
4.284686511806347960e-04
1.484392306469317765e-03
3.952945449156214960e-04
3.544431392768406246e-04
3.183650988716826835e-04
6.201836617809541007e-04
5.935788107031404574e-04
5.244707033270885974e-04
1.423831433078776802e-03
3.823545733836533340e-04
1.129601793031128005e-03
2.090885247959784008e-03
5.482992280349016471e-04
4.631784325930853388e-04
1.251703139630723277e-03
1.261062264588856978e-03
8.498088381218661452e-04
2.057274148745549076e-04
2.800517475333955553e-04
9.217791103122555986e-04
4.225892834586555437e-03
6.060014002630216209e-04
3.808274690885078153e-04
1.152451291026558404e-03
3.895943597889336800e-03
9.265574804231175741e-04
3.425487949472434224e-04
6.542343260874110451e-04
5.122578598733831205e-04
1.114047343018218601e-03
3.202424705609554774e-04
3.526066221118997254e-03
3.451901856115306959e-04
1.085280000569021925e-03
8.125063617545962794e-04
5.020686880316213054e-04
1.016552129045720891e-02
5.457360650058850141e-04
3.683549631692172792e-04
2.188465266787288394e-04
8.226110072132121259e-04
1.886035410370196907e-03
8.080686814854246263e-04
4.808695502285146401e-04
3.574139119069593426e-04
4.723973007717979268e-04
