7.691353047580507191e-04
4.738778395224079072e-04
5.208386122699083061e-04
3.961596658924927705e-04
1.397603126893975011e-03
8.897333916565518903e-04
6.542041602225414244e-04
7.397509724812353612e-04
7.757185139041993622e-04
3.197638480643572186e-04
3.402586535400959765e-04
3.182395727547786637e-04
7.108678992953900095e-04
4.913753338826669067e-04
3.087274243259793154e-04
2.180502753855285882e-03
5.846367158773183937e-04
1.391389013940744213e-03
4.963888178216688436e-04
7.296808043796736750e-04
5.535031948959016120e-04
2.386062690111030108e-04
6.256126309325109889e-04
1.007996020710684839e-03
4.717628760148580118e-04
9.835442672132303169e-04
1.552667390525708062e-02
9.623876345930723044e-04
4.257423540840458336e-04
3.241576402506501247e-04
7.168120904026883131e-04
6.116331558059887605e-04
2.661531977211056398e-04
5.887133116739163164e-04
6.049638339242335155e-04
7.904493302704169522e-04
5.077753537826789568e-04
2.816721384812093543e-03
7.546453345608499126e-04
6.758368698647824980e-04
6.959731250960665477e-04
5.523443271236390178e-04
7.021612034983425003e-04
4.143089490107841328e-04
5.370636392103260047e-04
9.221140031107749038e-04
7.054307395246244266e-04
1.249067141107792090e-03
3.600775666140275497e-04
4.946331302254055109e-04
9.546340524031146114e-04
3.483895935911836945e-04
8.689618993240102443e-04
3.595074084339793582e-04
3.989267669368271106e-04
6.792324511940574759e-04
8.879336866269273371e-04
3.439306473800791725e-04
4.173221841525863278e-04
4.347072822990383635e-04
4.055161924096854862e-04
1.317586161166044200e-03
6.143494102035289501e-04
3.615690526400826212e-04
1.945055542663625845e-03
7.492304631776049205e-04
3.588878144151653061e-03
1.843720181194539651e-04
4.459633613895891652e-04
6.015401833177453327e-04
7.207966887814487621e-04
4.419624338706867818e-04
3.971110337189345590e-04
3.535472922799612555e-04
3.787512561386463181e-03
4.930733733949051786e-04
1.113327156327108486e-03
3.205732217772031944e-03
8.478908013894854946e-04
6.091944463485694013e-04
9.782866607308392682e-04
3.821930822527342645e-04
8.072451828639255538e-04
2.459118477312182555e-03
1.078954827802401954e-03
1.015252735684890302e-03
3.155261106826271812e-04
6.795791844377465762e-04
5.306895296177053644e-04
2.593581652952476019e-04
5.129785624163525105e-04
9.399563158622519735e-04
9.910412612649860051e-04
7.591527453820119979e-04
1.743199312263751279e-03
5.300215358600233323e-04
1.163014603112813138e-03
1.045102790872612418e-03
1.218094357138690877e-03
9.213427572678642083e-04
5.822093709568820557e-04
3.914626229098002114e-04
5.636180146589834421e-04
3.221104717909674766e-04
1.016129201426244988e-03
1.159538206544323199e-03
1.465719249671716771e-03
3.752422142379273351e-04
1.979538673617268281e-04
8.783916007567609202e-04
4.872413401259084145e-04
5.254683248884580056e-04
1.743199312263751279e-03
4.194807109349089945e-04
5.702189299827260761e-04
7.462170306154244492e-04
2.421427993130322801e-04
1.094403489404441104e-03
5.679194134191586701e-04
9.589512524220206646e-04
3.430301923895846513e-04
2.163857833533645793e-04
8.803290448493455989e-04
4.063617803777323724e-04
2.841749459695774578e-04
8.240608161361740987e-04
6.238037332151337129e-04
2.990469966941601164e-04
3.144518820501791953e-04
3.473086271074345057e-03
1.116884639319269462e-03
2.694927213289574543e-03
1.550650104076559859e-03
8.811605992785802918e-04
3.229463007823976943e-04
4.318389917847621534e-04
4.105648924671307775e-04
5.506313721793418096e-04
1.318270082633934796e-02
6.020404123208403149e-04
6.372147913594625396e-04
9.685764184208598814e-04
6.331838429685225124e-04
4.462035704697303162e-04
1.054135059169116319e-03
4.226386360311041690e-04
2.857939651398727046e-04
5.420964861499286309e-04
8.511232637090774319e-04
3.163308633632769176e-03
5.679241996426406683e-04
2.552001426440481265e-04
4.754571639077574143e-04
4.911290503655309529e-04
9.303310176181694632e-04
5.641676870159729410e-04
6.476169893420919213e-04
4.858054223448558264e-04
1.192181438185511370e-03
9.079945038426707853e-04
5.316875665188467879e-04
2.694927213289574543e-03
8.467205423613463969e-04
6.276006267423308530e-04
1.564500909783956423e-03
1.727520417348816281e-03
8.532132601190297412e-04
1.214571322041174987e-03
5.134741223623937468e-04
1.007177409513139704e-03
4.126912589840176318e-04
6.679011323353330545e-04
5.556287996801292581e-04
6.082758864281541042e-04
3.337904407944468290e-04
1.348112875967136118e-03
2.466785993247307303e-03
1.377833549814804761e-03
2.962932484974364314e-04
5.015315075472871233e-04
5.083496089308924253e-04
9.359550885185331402e-04
9.274562752433994752e-04
1.257459420278671290e-03
1.255067160528560398e-03
1.171979815597222647e-03
4.076407410129817901e-04
2.831889923136623652e-04
7.162979255106711020e-04
3.242035656100328354e-04
3.977973173792944219e-04
1.584556705919498189e-03
3.231989758585317608e-03
2.731757770618912454e-04
8.174571790080603856e-04
5.293552784764049297e-04
1.508042733184271345e-03
1.892320742679684639e-04
3.068773509248312907e-04
5.470880646671684748e-04
9.798361484336325609e-04
1.362763822534826400e-03
8.655440465814069097e-04
3.455234210343984588e-04
6.036769294761360708e-04
4.304593334930549554e-04
1.388605582546338212e-03
5.781651213540146784e-04
7.992696073522918528e-04
2.996969510495217648e-03
3.560615766726349558e-04
4.270380973704466392e-04
4.489179077313501130e-04
1.931998115668636436e-03
3.974301790575366419e-04
7.586821335194018044e-04
1.302583571083875237e-03
2.087526038083117365e-04
1.012046544540780258e-03
5.694786668790572911e-04
8.630613643879298056e-04
1.079435042744245326e-03
5.463945818554863864e-04
8.568485435288166873e-04
6.877841026728910090e-04
4.742775715975228396e-04
7.082956911353564724e-04
3.977902946517336471e-04
1.300300101629398583e-03
6.234754301292575861e-04
5.066324957954258974e-04
5.123821096623091230e-03
6.989205793525931449e-04
4.629039472141500749e-04
1.218993259911665787e-03
2.591623170426985822e-04
5.885698159058873899e-04
5.197799720480978823e-04
3.852718036097276628e-04
9.547517644071908593e-04
7.959554751209395448e-04
1.044125378581704962e-03
2.114566165259108496e-03
4.035799400942868603e-04
1.351198130038363610e-03
1.418355455435322534e-03
1.082766849878884913e-03
2.984548393605197000e-04
4.271605028219280253e-04
4.337438758620794756e-04
4.999214504903934288e-04
3.958677882465703882e-04
8.085019566164030518e-04
5.592953128890500820e-04
9.514186637020847093e-04
4.076228843939113354e-03
6.131637307095579763e-04
2.605927953757690733e-04
8.403316308029464866e-04
5.169771276353048390e-04
1.348239233721172398e-03
4.823144442635716946e-04
3.597451134570068296e-04
3.259465048143708223e-03
7.708920113459015585e-04
5.083259713806404304e-04
9.905169956175594124e-04
1.177972698632306523e-03
4.301471666921004712e-04
3.903331922388481902e-04
3.322388825551459346e-04
6.297928339805296044e-04
3.156967773120023294e-04
7.012205997028349291e-04
6.502916249054354475e-04
6.587311168332093047e-04
4.473227839920454344e-04
1.157235899134333558e-03
4.195679720572809981e-04
2.660168819710538026e-04
2.064457513551656181e-04
6.574119994930448588e-04
3.872272625398032360e-04
5.152796904030834419e-04
2.700842688299961471e-03
3.519961154563514385e-04
8.180406706853415953e-04
5.174518900735964677e-04
3.208301745637471137e-04
6.596611801903737695e-04
5.692978826644953892e-04
1.918574404265448196e-04
8.025359673784687254e-04
8.091571179844722541e-04
9.809795680109714699e-04
8.190000945514248074e-04
5.339003711009942480e-04
2.740218272915083539e-04
1.541288578854561539e-03
5.172840381654036880e-04
1.823319799978425195e-03
6.448070166614291348e-04
1.360079359515533378e-03
1.060021013285774791e-03
1.115112558044693489e-03
4.179109962180950120e-04
6.521786816930832779e-04
6.957351829241662173e-04
1.112291834927057023e-03
4.096528395250220787e-04
6.073825756008321411e-04
1.041785259859025507e-03
3.502081718771549970e-04
5.067537954422633587e-04
2.392033519031799968e-04
2.000994011545108482e-03
1.674299489756582264e-03
3.144684847466202703e-04
3.918780646538524396e-04
1.374509308231202168e-03
7.342087206545748349e-04
6.521799775874656405e-04
2.359990888868540148e-03
1.201347139139425854e-03
4.981867116594565882e-04
1.415176882519569553e-03
1.055450298285287841e-03
1.761177860707607455e-03
5.252490466633150156e-04
3.711518506901764075e-04
1.122249126356021859e-03
6.206994266344963412e-04
9.963018853387361345e-04
1.759114296095384833e-02
1.230075824742058246e-03
1.596199505788134434e-03
1.042231561075201290e-03
4.683234039041457336e-04
5.151104053390537100e-04
6.079472761151181407e-04
1.402193875659283294e-03
5.637502032747086040e-04
1.271797057634582295e-03
1.058943698849249644e-03
1.759500969373681799e-03
4.759920318899334081e-04
3.232717435561032740e-04
1.006436071882827691e-03
6.579309504009903673e-04
2.340611875668393953e-03
4.330832284443422871e-04
6.555401525252013738e-04
5.671725437796510923e-04
4.165719725924698518e-04
1.570826441611599279e-03
1.053653256683959993e-03
9.800706698571285194e-04
1.952759500320594671e-04
5.990421138821001900e-04
8.797556893199940655e-04
6.872050732696551858e-04
1.114188997534994608e-03
1.029186716431200249e-03
1.021066172226183779e-03
2.787076610508945791e-03
4.400239913375699201e-04
6.246515916044667431e-04
4.396653705682761508e-04
3.936904247529166294e-04
1.937410675671769923e-04
5.913893834553347580e-04
3.766283093584532962e-04
6.732082463422297191e-04
1.743199312263751279e-03
1.536250934390658669e-03
7.254097568390051971e-04
4.271551847921140912e-04
1.847721045643458066e-03
3.294412679402885331e-04
3.663508024358377618e-04
5.088221321894867075e-04
1.023562775031519644e-03
8.960034453366087694e-04
6.920741009888176651e-04
7.908154060232495779e-04
3.664011376310724773e-03
1.617373500174183829e-03
4.726995277224172332e-04
2.680178776740866796e-04
2.458514378714349129e-04
2.745441192106056806e-04
1.338134310573882088e-03
3.144902327295193102e-04
6.343119143196399978e-04
4.873508468970446815e-04
8.674091718085664808e-04
2.812724076665639177e-04
5.944444271901956145e-04
5.263172706481572018e-04
1.997133942574177458e-03
1.920273595616650737e-03
4.301119800918775586e-04
7.510676771065112785e-04
6.638739798611397553e-04
9.073002643640310904e-04
1.252227504491623244e-03
4.816769823755060300e-04
3.559147490981197782e-04
5.955633240983025743e-04
2.404944523213607915e-04
4.405464633708370062e-03
1.318270082633934796e-02
6.476169893420919213e-04
4.185322876524368604e-04
3.213111153261689304e-04
1.013764168684824470e-03
5.076748852083603179e-03
5.333500382191189854e-04
1.844683211272834036e-03
5.452685438200406600e-04
3.609107235909124879e-04
1.127257413172883058e-03
5.532479334972850975e-04
3.633919085151900716e-04
6.153749404724381204e-04
9.332380269797557488e-04
4.368463647662660862e-04
8.834690997653025808e-04
1.159025817624047836e-03
4.749454034924128218e-04
1.596788111351091569e-03
1.006954216597327973e-03
4.603647525803636949e-04
7.745873729079784517e-04
7.057554036282519911e-04
2.493613053130796955e-04
1.406022376444473077e-03
3.667875484773071206e-03
3.741969130167599727e-03
5.727288738755996998e-04
1.317639598044734184e-03
5.090955270629206417e-04
4.802436072111020268e-04
3.784810158313368488e-03
4.073134447846755296e-04
7.053842776558066387e-04
5.150406080597760622e-04
7.720946302678876553e-04
7.322740995829638260e-04
6.033860279071391912e-04
3.403510078825757444e-04
7.298248692246999325e-04
2.136025375405062668e-04
1.241642466467919896e-03
6.101131476335630533e-04
2.389680642298678149e-03
5.771125526976797915e-04
2.855874423422977886e-04
8.862665964643018065e-04
2.848188774569413145e-03
4.829950441631822322e-04
5.431213426068139376e-04
5.496638516429486936e-04
4.397644110956103929e-04
8.638978000453999100e-04
4.171811813350061876e-03
4.284976808835811390e-04
4.002997320683378724e-04
2.736816955957458906e-04
8.817416376380950074e-04
5.421948940209739710e-04
3.565046843795272036e-03
8.368789218097154661e-04
1.252480368729758792e-03
4.360778621815666932e-04
4.226386360311041690e-04
7.581566721062599256e-04
3.330368748796987848e-04
1.287494626182847683e-03
1.009426025436964067e-03
3.945393466959225249e-04
3.717607574807779767e-04
2.296181804059798347e-03
7.082089629032440031e-04
4.743389862437542371e-04
1.017274098857021180e-03
3.471564597592123580e-04
8.278100794076942914e-04
3.294384291626257242e-04
8.628937635801479976e-04
5.013883885536285804e-04
5.471986226117875806e-04
1.743199312263751279e-03
3.095082134239235589e-04
4.394746875394486330e-04
2.787147597934073366e-04
4.769702310067651580e-04
4.225127712958312901e-04
3.760185063286662134e-04
7.525028880995193259e-04
4.223093101456039671e-04
1.141818279507886627e-03
5.586099651460112387e-04
6.479723646333185707e-04
7.257475585614851527e-04
5.785543496694536608e-04
5.298323477210053556e-04
1.488031256930982468e-03
3.849387334497975121e-04
7.233571276502060452e-04
1.717190493254415126e-03
4.740733363092296910e-04
5.885698159058873899e-04
3.613283501647042060e-04
3.924068160777110874e-04
6.377356043777148180e-04
2.219793421945186543e-03
5.961214887222334932e-04
6.852929878303860639e-04
7.611228083665957022e-04
1.658458612750388431e-03
5.021726080621500589e-04
1.498989865594132663e-03
2.849960762060663611e-03
3.921237321077027213e-04
3.459015580216385751e-04
3.788605132663552680e-04
3.173438088675371730e-04
3.439306473800791725e-04
8.959264652513707549e-04
7.621477235822612939e-04
3.779369542836896073e-04
1.536250934390658669e-03
3.141427173606820347e-04
1.322138253206009157e-03
5.282536269286720746e-04
7.888173883033973910e-04
4.636259737137610496e-04
3.335265700055452102e-04
4.693386590500527294e-04
4.232257294590016129e-04
1.117010819878582004e-03
1.040499420770353090e-03
3.694466916108673170e-04
5.712514968967221697e-04
5.442200468143460097e-04
2.779748344506434627e-04
4.220533951703710142e-04
3.398204367262718005e-04
7.707709658751001102e-04
8.831440978125966587e-04
5.401860901593550333e-04
6.946889172741648822e-04
3.743542771620448619e-04
4.426817480044805656e-04
1.093665000026225725e-03
1.394738744365891592e-03
5.771125526976797915e-04
6.860180030493208229e-04
1.872819480570807067e-03
7.511771115731645607e-04
2.902552587143989219e-04
2.850839689051624221e-04
8.900391139447559954e-04
7.611467895917781168e-04
1.543618788807328123e-03
4.783299039692171829e-04
9.602894950308026121e-04
7.603365655083894848e-04
3.115651554967323821e-04
7.067802718688922592e-04
3.375777517092579745e-04
4.321478492373214374e-04
6.536392464064002964e-04
9.209812878015424418e-04
9.478240216754232807e-04
7.401511640370311189e-04
1.379585138184878700e-03
1.048070723786667440e-03
1.039638749846916827e-03
4.501671125313025422e-04
2.391147484223512566e-03
3.381767378557528790e-04
6.092634740778770774e-04
8.000439686102505570e-04
2.952200616121177065e-04
3.775320823892409135e-04
5.908722055632001325e-04
1.420999093833384469e-03
2.423799855009677127e-03
1.255067160528560398e-03
3.872388851990872971e-04
4.657506665026155406e-04
4.633307749792119046e-04
5.769121977185168171e-03
3.710798988160355586e-04
3.688474525863488242e-04
1.126961641683284091e-03
2.957261367178274964e-04
7.277693134392273361e-04
4.156230707548314116e-04
1.142976476117513445e-03
2.441262565226055934e-04
5.675939992073717084e-03
4.896735779112705925e-03
6.244340339474854394e-04
4.558519326113615196e-04
5.696856795437453894e-04
6.969935747080711983e-04
4.269473495952450090e-04
3.693086923040771793e-04
3.126453918613284789e-03
3.097227344372953362e-04
2.324853221887107201e-03
3.146811580389658435e-04
6.231220579532858756e-04
1.366515996910416635e-03
3.513998395689131582e-04
3.960678363813591369e-04
3.064770670154214104e-04
9.359550885185331402e-04
6.768505442494137650e-04
3.375638823578325036e-04
1.033809409736586573e-03
8.297977274721371737e-04
4.018933369007432065e-04
1.058881140583643700e-03
1.056897059396190008e-03
3.123264979710663452e-03
6.914117233234542579e-04
2.760822461333085356e-04
1.611893909025104632e-03
3.135239006140613143e-04
5.446934870172503778e-04
4.521575909379976061e-04
2.223160025038837823e-04
3.575180617498118895e-04
5.953322521654762830e-04
3.738545594962758983e-03
1.812681513262886200e-03
2.427472619000020475e-03
5.399349048179733108e-04
1.453307472355276674e-03
3.297405024424951859e-03
8.589330802229769649e-03
5.156595966165456813e-04
3.816136359770295507e-04
6.777935230523082734e-04
4.872678399458436676e-04
4.212786100664124003e-04
5.013033035574219641e-04
5.760149891866541555e-04
8.421889179095428703e-04
3.399150528352104777e-04
5.980995719619148360e-04
4.585465984153056407e-04
1.057713948065219702e-03
5.770066462388453391e-04
1.412885198852339552e-03
1.897498497707337433e-03
2.210478840291538270e-03
9.844238461578442081e-04
1.049881125792630340e-03
2.749573008039507375e-03
6.694940540677709554e-04
5.576082520072370152e-03
2.232653563623073368e-03
7.960041711151268464e-04
4.059289785520128107e-04
2.354485618420838701e-04
1.477608350144333062e-03
1.643506734614171504e-04
3.716846943263154646e-04
9.265227471838150810e-04
1.462985057497242190e-02
9.243351460046005325e-04
4.217376032108255185e-04
1.277294949796655603e-03
7.617113741850991236e-04
1.882157028621810405e-03
5.430129298403727194e-04
3.849899778117188789e-04
6.278582329083248065e-04
2.493613053130796955e-04
3.625122525740521150e-04
1.777547071253470336e-03
7.302593374450122837e-04
1.235389252348919470e-03
8.989610473215922702e-04
1.959134133814164572e-03
3.572090286601456964e-04
5.394584904265361169e-04
6.004149806289326178e-04
3.206626296714990649e-04
2.966997115161452503e-04
5.639970909795567885e-04
4.602767999115368793e-04
4.226199681235255743e-04
9.030474177510530720e-03
6.625520911751138541e-04
3.287220512316434812e-04
1.431906847217724946e-03
5.012728625558688332e-04
4.175528709375024724e-04
1.239879363821537938e-03
2.322895371865218474e-03
1.020527427879990142e-03
4.726903983142212895e-04
1.923395691741060969e-03
3.992952530876331309e-04
3.020308829207630705e-03
3.922040787784949046e-04
3.854729787851405957e-04
7.541933052991854625e-04
6.870486450767345410e-04
8.767395450959733190e-04
1.349095194636467125e-03
8.276888821474644858e-04
1.172680693271278222e-03
5.968264498094347703e-04
7.523844447749548610e-04
1.571610253478164651e-03
2.227659545549176036e-03
4.235793785793869602e-04
1.602622683054822500e-03
4.566419250058915795e-04
1.938419544185145604e-04
7.781369219344207513e-04
7.169371771860360903e-04
1.016338321351749991e-03
5.161094033455547112e-04
4.538189983222987276e-04
8.024578373874110583e-04
3.030534899964826387e-04
1.459238076998819284e-03
1.067022183927449379e-03
5.252490466633150156e-04
1.432975317632722168e-03
8.950221956765170737e-04
2.545357256744766334e-04
2.004840508390888336e-03
5.322190523680416603e-04
1.565468690425186838e-03
4.523724767855590435e-04
1.893317897083001897e-03
1.933130726588093862e-03
1.656091413100722193e-03
4.257423540840458336e-04
5.961214887222334932e-04
3.368022083044547180e-04
1.593714897791112485e-03
4.067021792239360360e-04
4.295914270331703815e-04
8.129871366620208253e-04
2.840728239230569645e-04
7.226557132230575437e-04
5.594675104091722997e-04
2.564101786151438706e-03
1.474850011558925030e-03
1.401238218818789440e-03
1.317639598044734184e-03
1.551947473895492861e-03
3.315493358392251834e-04
1.113603777592902296e-03
5.952342613271684527e-03
4.978241215906460898e-04
2.958257773050203114e-04
1.489222456169988400e-03
5.681006567847135145e-04
4.210033940695865999e-03
6.448883211396944093e-04
7.395846288954558388e-04
2.229939240869284489e-04
2.186803027949420306e-03
1.727075370891498944e-03
1.136700044199287279e-03
1.629224789412405750e-03
6.289648505511634402e-04
1.839364527681807337e-03
3.473086271074345057e-03
1.431906847217724946e-03
3.862637291770644032e-04
2.493008803614921252e-03
2.887638733570052998e-04
6.981584070843931513e-04
5.392758729399825361e-04
1.996909966168817965e-03
4.815879963070994929e-04
5.334727526165163134e-04
1.033987817928081268e-03
2.627462213251074898e-03
3.405914520302115531e-04
5.740904115336915381e-04
5.483446091508556051e-04
5.922346282408648974e-04
2.232653563623073368e-03
2.420396733074028570e-03
5.953125861488543563e-04
1.798130073546580932e-03
2.824701954233689452e-04
4.445769874280696148e-04
1.047982837972781262e-03
6.028160518758606456e-04
5.576082520072370152e-03
3.997073489516796314e-04
1.394743396924781826e-03
5.740386069979099655e-04
1.009114508756664376e-03
9.345566012355859637e-04
6.757885005649993644e-04
2.362579598197888319e-04
5.332094640763802807e-04
1.679495212947245157e-03
5.714584234348742435e-04
4.186506446373464987e-04
8.437023335701259417e-04
6.430027585074261877e-04
6.455742483201089375e-04
3.170447040594266946e-04
2.229280774852175195e-03
2.532254972980240056e-03
6.210701524182184966e-04
1.310909782904914151e-03
8.062031397856032509e-04
4.031420764960908713e-04
2.620335935646115277e-04
2.533279472811680259e-03
1.012336977994655277e-03
1.159025817624047836e-03
8.516153682383756753e-04
4.885273733222800924e-04
3.457061481444924280e-04
5.629422122768023423e-04
3.243575343873529755e-03
5.327930113949957795e-04
2.428907840829431315e-04
2.979114680366837242e-04
7.814410378160436058e-04
8.589330802229769649e-03
2.825102616253173616e-04
3.453873407557371631e-04
1.059394857348394279e-03
3.232678228469889714e-04
1.087871264176665589e-03
6.101230882262949351e-04
6.245555264401739509e-04
1.594939799914747800e-03
4.547763488981509277e-04
3.156967773120023294e-04
2.368746453346595260e-04
1.332149632164229304e-03
9.063854982732346332e-04
2.745441192106056806e-04
2.567082595476478501e-03
2.872102434767623454e-03
1.146420649836542857e-03
2.493613053130796955e-04
8.193567531384488836e-04
6.925039867576408955e-04
5.652655830905633713e-04
4.639958198493365099e-04
5.900382928367368246e-04
9.276904311425631690e-04
8.491792243933841185e-04
2.779435895880642046e-03
2.219414205976462731e-03
1.971059854223234568e-04
7.558565733229260890e-04
7.491606608078537656e-04
2.549195792436179044e-04
2.598135999989298404e-04
6.435970256302946373e-04
4.181103971842473717e-04
8.608305504593676862e-04
2.756571202560832560e-04
4.203326729422273192e-04
5.779838334519217481e-04
3.414899041603410490e-04
1.905541715171540549e-04
1.449396566299189330e-03
2.280053657516276436e-04
4.887713278443255125e-04
3.462781780348444562e-04
7.227837685533972014e-04
1.184768519691459026e-03
4.965174756782845525e-04
2.985271673911858020e-04
1.491995349291407079e-03
1.576945660962234116e-03
1.392770314194344359e-03
2.576128985225504707e-04
7.609250006082204747e-04
6.322722110852942298e-04
3.320855025359658870e-04
9.622892361335258883e-04
9.815404499774161521e-04
5.220733774904650617e-04
2.824701954233689452e-04
4.368463647662660862e-04
2.838005502448744718e-04
7.483126919854951641e-04
9.205165622597385718e-04
8.383259321637825858e-04
4.716982603159590513e-04
9.391036150590669884e-04
5.309156752053685807e-04
8.271348715831409321e-04
4.287486695959359987e-04
7.222799169820067530e-04
4.151125129383458567e-04
8.988092164798767558e-04
5.373729192948249874e-04
1.494010218334241788e-03
7.243218065406316917e-04
3.042219126170694530e-04
5.610772736125776853e-04
7.586334588938422902e-04
6.671114367155436820e-04
1.617508173150976553e-03
5.262622811136038548e-04
3.203368994245671636e-04
6.231431679065938412e-04
4.030762134440718666e-04
1.147056245886822002e-03
3.489941744207401527e-04
2.618158667608524656e-03
9.473809407909650421e-04
4.340310558536112653e-04
2.801024830518254369e-04
7.645293043645199271e-04
6.348132555979672928e-04
6.133335625465136890e-04
6.567911854735508995e-04
2.516466004416249781e-04
1.453408845170421930e-03
3.298469643496042963e-03
4.108956382900221709e-04
1.391389013940744213e-03
5.668279973850769799e-04
1.447433039966210602e-03
3.298038547248160297e-04
5.443235496638274603e-04
8.170207542808602180e-04
7.186237016557238053e-04
3.104578747935603299e-04
5.321499472791736034e-04
7.076771224095087251e-04
2.781792901447880588e-04
4.322465795015786763e-04
4.921019286998819676e-04
8.141039372382046294e-04
4.556772079052573356e-04
9.014831776938375240e-04
1.121373592351330257e-03
9.353040273440550549e-04
1.299373852450987120e-03
3.390383720298344042e-04
1.351971358798652453e-03
1.022877943807717687e-03
6.267122696433822474e-04
3.694406794183167052e-04
2.647354062578934747e-04
1.125693833154799151e-03
9.717558155152573570e-04
3.867409158088471605e-04
1.068183093309948853e-03
1.546365961169347955e-03
1.850407629585972859e-03
5.294807280340422650e-04
3.349388091633475999e-03
8.120582002525732548e-04
5.654292419457953179e-04
9.531408143307344618e-04
3.829001118516393702e-04
1.077903283704276282e-03
1.718551862682605059e-03
2.535261503704167594e-04
8.557311683887676478e-04
3.242035656100328354e-04
5.183386561295442747e-04
3.448314656499359607e-04
9.702843761528093898e-04
1.041305161550604456e-03
4.221853234780732094e-04
8.248286695210474331e-04
8.942716722787927243e-04
1.270096890779198956e-03
1.279951090822795991e-03
2.725466529788661573e-04
4.123892340497244645e-04
6.120698834438828518e-04
2.633272339247402500e-04
1.328166083681770479e-03
1.727520417348816281e-03
6.082758864281541042e-04
3.904837700383057518e-04
6.261605085974852620e-04
5.592072483254805545e-04
1.636543485463218955e-03
3.610202838418078417e-04
