4.947132174789278022e-04
1.079322729852903121e-03
6.299223423687078105e-04
7.294040277060046028e-04
1.448374471660144854e-03
4.416505769952330340e-04
8.032150240530196942e-04
1.155769910465861625e-03
1.047372134866617630e-03
3.122915951897874522e-04
2.841208146914206726e-04
3.939890091441855427e-04
6.069277460876864759e-04
5.457811674950270283e-04
1.007549337813536420e-03
2.032202467182308344e-03
8.130880286080315305e-04
3.767757206450347862e-04
6.886816333984967535e-04
5.920553924598704514e-04
7.496264994339860111e-04
1.154261879926570802e-03
4.492332905761005075e-04
5.917612876894713138e-04
6.339773607413327254e-04
3.184488566629442336e-04
4.148865580521370511e-04
5.014231367193490311e-04
7.071355864989556416e-04
1.197550670171151129e-03
3.921576714417910215e-04
2.540787957907132168e-03
3.357882117974725225e-04
2.872535128156604965e-03
5.937168520679352978e-04
4.016905449712245718e-04
4.181950941048843159e-04
4.364359447498422054e-04
7.417512508350378739e-04
5.689370949708180171e-03
6.527142075198961091e-04
4.653011192721199542e-04
8.571201503991064240e-04
6.521058534268676325e-04
5.687178265918145775e-04
4.131631721155607103e-04
4.942726703038140008e-04
5.598258672365993881e-04
3.667218257229504924e-04
3.613952456290828608e-04
2.528308642874938991e-03
2.422533888575115386e-04
3.305077693918195814e-04
1.565679726570071194e-03
9.739409811694275682e-04
6.135326570736049107e-04
8.637399495659583938e-04
2.896494709614481217e-03
1.181176655143424681e-03
2.806903074103083611e-04
5.566770964170145598e-04
7.489901811168891152e-04
4.177058677999802446e-04
7.305576093769406776e-04
3.408564519565602884e-04
9.776106887651242125e-04
3.616163677316378260e-04
1.042137127425736250e-03
5.710997324368664082e-04
8.521714992694787161e-04
6.390026121340084721e-04
1.147900214096188136e-03
4.959444977428323093e-04
1.070585643882528441e-03
9.087108124880444735e-04
1.726487309338988743e-03
1.786722513367954186e-03
5.944294327587187768e-04
4.031402155492170257e-03
4.478128717892866629e-04
1.483035150335090249e-03
3.601924468041203505e-04
1.148412342423369304e-03
1.353054092777934226e-03
8.952287418946715388e-04
6.064149667180597676e-04
2.762082281812252801e-04
4.577741233144349826e-04
1.212543317281414420e-03
7.110990164375512743e-04
6.603632750183596137e-04
1.534131214350783860e-03
4.791332628046626567e-04
4.729535577006609582e-04
1.281904543896653353e-03
6.688030364532911642e-04
1.322805900858026011e-03
9.258534334277012008e-04
8.383650714058563666e-04
2.578976802843340604e-03
2.186610198634695787e-04
4.536220025341560326e-04
1.011905758493360360e-03
1.431742835009873482e-03
1.383393127399247307e-03
5.940764170062234114e-04
1.213433541214963126e-03
9.169680387854182296e-04
1.038911583381010167e-03
7.368426950592618044e-04
5.415489099615959688e-04
4.443945526571702184e-04
2.335305701657469407e-04
7.456115546714403705e-04
5.422245391028610983e-04
3.785256059203939900e-04
1.524900691611160526e-03
8.772234665086348906e-04
5.935367552888485849e-04
5.737365066580990850e-04
3.840232566030458788e-04
1.357936157610499213e-03
9.323564581491661360e-04
2.004253618202455050e-03
4.770380966041082803e-04
9.776106887651242125e-04
1.031872683624758015e-03
2.335305701657469407e-04
6.614150770266217843e-04
7.654199411289286251e-04
1.734193174495134680e-03
1.742816908271009081e-03
5.964427382201291025e-04
1.348728932803603450e-03
2.545165021065531104e-03
7.612315892777885831e-04
6.123417985186619707e-04
4.640106102038187865e-04
2.681733832648231126e-03
1.197573684234679503e-03
7.590331173316439617e-04
4.318188248416425707e-04
4.999819036203926323e-04
5.522046166690658961e-04
2.379612643188861896e-04
3.810069238700792660e-04
6.791545350875796694e-04
3.864916457974548834e-04
5.945410290688833395e-04
6.401168878917187777e-03
3.224135819357995883e-04
7.412027018694702539e-04
7.976380428045421736e-04
5.102313599724259867e-04
7.432140493180328013e-04
1.224666542265460305e-03
1.005848613992272331e-03
9.412178150964387469e-04
8.114127824325636888e-04
8.668066480103136162e-04
3.867315921588308347e-04
7.303672304502599986e-04
6.039938357229852157e-04
6.566325890210438377e-04
6.957284299988233901e-04
3.660114773650718586e-04
6.370128889467064530e-04
1.189307494415176242e-03
1.443896872093698757e-03
3.440787555321397754e-04
6.694086308198909235e-04
1.551931461253940958e-03
3.947634533360936684e-04
5.384772104320386440e-04
7.771645094034500875e-04
4.041029084530880252e-04
4.180203987918658078e-04
1.879295749897360094e-04
6.446640748263448607e-04
5.154351467923679346e-04
9.780120323012472892e-04
1.357455958057838608e-03
9.278815392799958511e-04
5.621293711070001354e-04
4.224768079425663368e-03
4.955096096025308344e-03
1.415461987527451325e-03
9.657582265949762271e-04
1.404485560452331050e-03
1.481915437420964999e-03
1.791482106812144473e-03
9.704584604704097383e-04
5.073754030791608827e-04
3.770330960262460707e-04
8.400424174618108253e-04
1.916236546598327995e-03
6.046204961845339388e-04
3.949545877511094873e-04
2.184960637686437840e-04
4.386055728944373536e-04
5.716616497241273648e-04
4.889899905115504966e-04
4.853136533644869370e-04
1.844055663926406734e-03
6.756708868309665864e-04
1.096261659133486357e-03
4.891177373648839541e-04
6.575699511052035930e-04
1.182177733477703888e-03
7.161398787928221175e-04
5.034048070818956120e-04
5.004613973922736065e-04
6.266496591795563814e-04
1.464738753320424637e-03
6.807699403479356001e-04
4.905077301567693001e-04
2.475973263553234160e-04
1.569773774420769701e-03
8.403121675342599059e-03
2.685605701067200150e-03
7.702590422100877732e-04
5.339948979297585259e-04
1.591689907266634731e-03
2.455721059819508624e-04
1.190703242802421168e-03
1.217908875485927429e-03
1.013897797883907964e-03
7.604834947794166054e-04
1.116728655933492192e-03
6.570922370997130894e-04
1.458285272754837299e-03
9.411367213046918341e-04
5.394468803377056856e-04
8.212144386853253855e-04
2.478556797695383087e-03
6.722776787351329719e-04
1.414104098377820659e-03
4.233359117307092115e-04
4.442250599766248728e-04
1.119949402459146379e-03
4.149393218914918880e-04
5.079963791387227291e-04
3.660447833650297932e-04
1.355952425499268961e-03
7.994593029893103759e-04
1.041753646226177034e-03
3.220866362277402702e-04
3.351348339108109085e-04
3.974552921189243278e-04
3.663714145391077856e-04
1.753777796465447181e-03
3.685887105912631200e-04
4.827348966763953149e-04
9.130186838155573796e-04
1.104556070802311524e-03
6.013393231172785899e-04
3.422873333910012050e-04
3.975818814319988822e-04
2.063368236587028934e-03
3.686371725761551903e-04
9.878988604885557013e-04
3.953807688613264655e-04
9.313374512634639514e-04
2.078480274446605099e-04
5.954995266891034483e-04
7.403584548045881843e-04
3.308411104306605705e-03
3.264950659558540024e-04
4.071973835158887900e-04
8.548779404022753461e-04
5.741777110457726508e-04
1.081510931726364184e-03
3.341796847480910061e-04
4.959444977428323093e-04
4.052401074123568032e-04
4.553967280705981157e-04
2.596325312481747964e-03
6.018910782945709279e-04
5.278625971514821612e-04
1.521087646878340350e-03
4.974385061499240600e-04
5.887655622872380295e-04
1.671074420644764937e-03
3.765145296385568013e-04
1.191928849470477551e-03
3.985133153124580259e-04
1.178286974892361243e-03
4.349515459035360699e-04
7.372703802198757057e-04
6.825049334986295346e-04
2.660010298059752639e-03
6.954180172419560744e-04
7.472206089329647529e-04
6.837250520622360772e-04
1.181176655143424681e-03
5.012659474509964345e-04
7.847657489399702474e-04
8.940769923773898408e-04
7.627423409927625193e-04
7.252078229020210041e-04
5.948926900293760546e-04
6.602653139727751282e-04
6.599869229385900210e-04
5.944294327587187768e-04
1.535760290868467279e-03
1.222985590623919781e-03
8.735558887429121979e-04
2.412411433659437509e-03
7.711345471273422722e-04
3.008681302677848200e-04
1.849131953692945314e-03
9.567091827569199807e-04
6.144905308318879744e-04
7.691478786108861022e-03
7.397420504479621526e-04
1.013496411959606850e-03
1.043317613287333663e-03
1.845938114040995923e-03
5.246861000796503071e-04
1.074332345652330217e-03
5.877118663039928269e-04
9.230397501638154621e-04
5.683201798266634139e-04
4.895149859470916860e-04
1.104372394962573880e-03
4.391969481424338019e-04
6.691241923777375457e-04
4.530119437232021408e-04
5.523507210802981824e-04
1.343172510751560952e-03
1.214115305183140030e-03
9.906802560472154073e-04
2.858654303461207738e-04
9.910033979175615973e-04
1.492613552092905303e-03
8.124079588251916775e-04
3.829943981683496361e-04
4.772281137300437258e-04
1.112028458217357652e-03
7.456115546714403705e-04
4.898551583024379763e-04
5.707843135190391421e-04
6.142858921563056507e-04
1.171209622660682875e-03
1.363403442103995567e-03
6.830391653311820984e-04
6.645674499722430822e-03
4.461257643400770752e-03
7.421638451006696766e-04
9.449547733178121495e-04
5.408984753154194537e-04
1.238445006274022878e-03
1.069426882709374835e-03
6.466525918165757277e-04
8.911839351414485794e-04
9.432024729621916277e-04
8.024634046710589280e-04
3.558493053668691482e-04
2.283286304860694129e-04
7.115394585152872266e-04
9.157427574920548553e-04
1.221324299920265683e-03
9.313374512634639514e-04
8.934533634830969188e-04
5.346090270312969231e-04
5.251511901678046403e-04
5.830073869313208293e-04
7.762807018107982385e-04
5.842744046603398200e-04
4.106450222879869496e-04
6.441158850252340969e-04
1.382985412926073746e-03
7.808034034704022146e-04
2.132937496536958799e-03
9.869052760866018747e-04
4.304455343319965664e-04
6.070371276423364203e-04
6.518591359057666424e-04
1.295192359968710353e-03
5.647266202535363442e-04
1.367312363457080055e-03
6.161034048645376267e-04
1.143936275206543663e-03
1.290722313185622408e-03
3.032014941939399069e-04
7.571872718136351708e-04
5.017765492091065798e-04
6.152196049930800130e-04
2.243732134308114561e-03
5.733547984344325964e-04
7.133409781196167927e-04
1.168138151658766047e-03
6.571966948248604903e-04
1.728011655942736109e-03
1.174408052789541017e-03
6.778600963499779820e-04
1.728141963130244924e-03
5.647266202535363442e-04
8.510215286874445000e-04
3.581331461485201604e-04
4.217777151033592561e-03
2.365071802382458493e-03
7.662656070712099482e-04
4.817632714979490187e-03
4.162588542971060635e-04
1.000581407098127948e-03
1.731941131570335218e-02
9.035481915914734836e-04
2.480706153258847076e-03
1.254178443739632385e-03
8.539502231265750721e-04
6.316445531114484599e-04
3.474631220919043527e-04
1.602245515141406066e-03
6.915586513218678535e-04
5.335432495518342049e-04
3.537026664930038086e-04
1.134875120357047278e-03
2.794948452706738531e-04
4.528880708546487318e-04
5.633444706420105176e-04
2.870974395114554343e-04
1.134353565421567477e-03
3.347213203232648300e-04
8.109441829227374702e-04
5.180412647229426862e-04
4.374142323940278599e-04
7.475012660912481273e-04
1.020485563968636126e-03
7.672538822223885346e-04
3.549038047263168875e-04
5.304195754733355070e-04
2.259894908753033033e-03
3.310733481775601349e-03
5.890561942026848775e-04
2.593002225793323125e-04
2.311720557467260035e-04
7.599820679476089946e-04
3.246659370112463402e-04
2.427491649837367448e-04
1.811665886314682951e-03
1.627923259021623248e-03
4.200193632451279242e-04
5.160344095484586903e-04
4.611934116663950786e-04
2.609538457562950858e-03
2.712541819521704142e-04
4.147271167309033607e-04
4.671097818462623119e-03
4.315496712158314353e-04
1.182059620222153861e-03
4.898546333006400817e-04
2.073917696183806016e-04
3.901295876892023882e-04
7.586595527632366198e-04
5.422245391028610983e-04
2.825652414633683836e-03
1.184380299421402671e-03
1.727700386523990531e-03
1.315800952766932840e-03
5.974302139419135869e-04
7.446752588833726195e-04
2.931692811915173613e-04
3.716186118699748176e-04
6.412798781141531386e-04
6.085497936344868002e-04
1.526450635515579340e-03
8.318370345572293498e-04
5.204896919680628833e-04
9.394708757214573474e-04
8.873674020489840742e-04
1.625272261978574556e-03
5.188241803526321121e-04
4.219417506125422868e-04
9.824528760422330913e-04
1.496630387135498017e-03
8.977904944759970219e-04
3.092329016148943942e-04
1.094216440362344098e-03
3.519203114331763177e-04
4.652528696256959273e-04
2.511431775953763433e-04
5.989416374816391693e-04
5.627188547686071607e-04
5.850304641588240616e-03
3.209411033089841860e-04
3.390165287464257473e-04
1.588946703236688868e-03
1.502474029904704968e-03
1.916531345587425611e-03
1.648105368288798407e-04
7.921718193568350269e-04
3.016088533073102255e-03
2.572280740249613699e-04
1.515884255531037414e-03
4.911089254183837165e-04
1.655812389118433217e-03
3.675428801064411209e-04
1.133269831317859936e-03
1.935042667278196772e-03
5.435641031943761825e-04
4.808960228115540490e-03
6.688030364532911642e-04
6.431132268770523627e-04
4.218977033868995773e-04
6.204816755145351349e-04
2.870713353949984120e-04
2.215783296243988790e-03
8.341257663851644371e-04
4.614937908263478696e-04
6.784779178502645721e-04
7.905188666839470853e-04
8.039602493626407187e-04
5.762428680324918357e-04
5.273913229216778886e-04
8.033587941617691174e-04
6.055598605937234343e-04
2.280883765473462707e-04
7.480591633027206585e-04
1.698140244610622015e-03
8.075824875199874272e-04
2.182493752433688899e-03
5.157650358016010019e-04
1.696171080300152819e-03
7.151816978693714038e-04
3.165895145294293040e-04
8.583327311016950879e-04
9.420763140791162549e-04
1.157576148759255569e-03
1.250323542441562170e-03
1.184342685578158383e-03
5.330060159593117113e-04
6.377969566320947645e-04
5.593507763001978605e-04
1.143828084687685629e-03
1.432877957414311829e-03
2.781471481410269166e-04
6.081746121770870801e-04
5.073970864097862620e-04
3.908093317485755421e-04
5.990987988555823273e-04
1.279664563529796630e-03
1.220794635930243233e-03
8.747747298406460727e-04
4.360420087649473559e-04
5.521349755052955971e-04
5.504110693571467611e-04
9.221757319837638710e-04
5.409402819389973844e-04
6.193789186548840069e-04
2.365852954166402025e-03
2.744319529639899051e-03
1.047480382690437655e-03
5.404511965646925349e-04
4.905077301567693001e-04
5.479733702885949184e-04
1.419086119916615008e-03
5.647266202535363442e-04
3.234333306551570413e-04
2.080532685882350869e-03
3.669657867161683061e-04
1.871147015421845963e-03
6.111385173868127572e-04
1.522607556354429797e-03
1.272931303911938950e-03
9.368866072119988366e-04
1.073540015326580931e-03
1.049243956108474344e-03
1.102675250995563535e-03
1.414104098377820659e-03
2.536269574305942930e-03
3.422248874922907257e-04
1.070493014476466302e-03
2.883327478214794135e-04
4.714252481205479049e-04
1.465056024466370723e-03
9.376710635302850380e-04
8.047120909187322488e-04
9.504573686698468589e-04
7.847704266460435365e-04
7.508761401225518385e-04
5.227511107457024405e-04
1.971871616313731340e-02
3.025120012495720128e-04
5.679642326915432379e-04
9.642311872130386553e-04
1.033272898875879772e-03
4.479005014563630779e-04
1.326778477780051878e-03
2.544091058820969640e-04
2.012552419981226796e-03
1.148412342423369304e-03
1.353054092777934226e-03
6.472580087585462450e-04
2.677354209704313221e-04
9.243806170630612749e-04
3.127092968414420964e-04
1.882959927827381570e-03
1.133855771070324146e-03
1.542496111465763728e-04
7.229271309906962076e-04
3.487241966648397043e-04
3.390449940636644337e-04
6.061159679318981050e-04
3.763732430366023953e-04
1.073540015326580931e-03
3.209259795482709548e-04
1.581745161002563564e-03
9.871078457348448753e-04
3.819030253692484831e-04
7.252591640617288456e-04
7.752703749551101420e-04
4.283012584847671373e-04
4.350602549390502022e-04
4.755976687501205138e-04
1.690723328208308066e-03
1.057123770015795140e-03
3.092435883467089240e-04
2.714758548352249842e-04
1.295258958379761054e-03
1.107001342211977324e-03
5.102907110433387320e-04
4.318188248416425707e-04
1.235652804733769266e-03
2.669323069296406100e-04
4.535481851223808190e-04
1.456885255047332640e-03
1.019200293823537820e-03
5.504251745716694059e-04
5.784428084837888980e-04
1.104995002312468251e-03
4.754834945629802644e-04
3.953807688613264655e-04
6.987123774586903764e-04
7.672159509667311620e-04
9.659967887576239925e-04
1.095051755568534919e-03
3.249099479099010874e-04
1.576223080576797482e-03
7.443887877615877483e-04
2.627341060079334788e-04
6.897024160566944586e-04
5.982626556670865006e-04
4.931788214490799137e-04
2.117857026061062929e-03
5.661365037517439476e-04
6.927466524583614574e-03
5.683960548957110075e-04
1.133068034149501899e-02
4.950995332316124407e-04
2.931498885467276046e-04
1.019986683154753106e-03
4.273683366260989220e-04
5.528415303739440782e-04
6.925140587591494326e-04
4.808960228115540490e-03
7.333971995657501000e-04
1.104972783786826096e-03
1.246172664461262306e-03
3.358491000703546611e-04
7.608924036158761731e-04
2.508269062486701614e-03
1.492758054060158972e-03
1.037205663038141563e-03
3.308411104306605705e-03
3.569464239105985936e-04
1.264751513736705243e-03
8.581963661606797737e-04
2.682525317576456400e-04
9.991899268756195950e-04
2.437287397340173571e-03
4.273706364968866056e-04
5.692805249646959789e-04
9.345109176747581729e-04
7.746506782669383522e-03
1.522607556354429797e-03
1.268722246944679237e-03
4.671097818462623119e-03
8.209701880824153870e-04
1.075500350481639654e-03
4.947585269474935425e-04
1.138303391827579295e-03
6.026990770570819040e-04
2.284610191463700703e-04
5.284666204901297681e-04
2.150180502923651309e-03
1.504606762881265667e-03
5.854794555269542339e-04
4.735553399928714370e-04
3.795596495338346118e-04
2.581719684247760997e-03
6.447633094695188246e-04
9.888350947812947662e-04
7.345215838084864952e-04
8.650904412560043912e-04
4.751636823567155282e-04
2.588257271396885925e-04
4.617346583888314580e-04
8.575292922916003154e-04
5.647266677545098763e-04
1.046703922229951867e-03
1.013897797883907964e-03
4.366126210935016754e-04
3.472451292360304465e-04
1.114361806997302877e-03
2.184960637686437840e-04
5.875768679190567466e-04
5.022444815569971840e-04
5.376464325019532191e-04
9.528343353585522939e-04
7.083903501421747340e-04
5.149602096615193362e-04
4.808960228115540490e-03
6.574666162207204977e-04
1.143936275206543663e-03
5.199439195550640712e-04
9.078617356540142009e-04
1.078264587920379049e-03
2.431394949442620794e-03
5.918568578482516149e-04
1.990118610943183118e-03
1.526548736449463662e-03
1.350663483769235602e-03
2.066366829940251542e-03
5.765744023682265731e-04
6.248891374199747051e-04
3.960349741962784667e-04
6.312452019379544274e-04
4.400078279266524377e-04
6.450617927352376383e-04
3.649467156659874623e-04
7.522450512170312208e-03
5.612283623553346356e-04
2.084452706851309348e-03
6.181750397646958725e-04
1.149391742219579892e-03
4.612727138817867851e-04
9.614134334108192159e-04
1.523563750747099817e-03
9.414125196767132069e-04
5.517403609504603840e-04
4.215840172938100684e-04
6.009825101226056289e-04
4.182817059047168979e-04
5.433611514051579598e-04
1.848391297072068777e-03
1.026590818571107566e-03
5.662060092177211837e-04
8.661327968396155931e-04
5.351217561518695816e-04
6.622378151492298902e-04
1.673312116937878801e-03
7.448089299656744698e-04
6.193263283017195900e-04
4.100298110988673922e-04
1.060573896231521707e-03
3.385516054579498129e-04
6.081746121770870801e-04
4.117377880681449939e-04
1.002565217518400610e-03
1.125905267712047370e-03
2.499092843450499289e-04
4.390753477067440192e-04
2.579658795189586676e-04
8.745785077464463290e-04
7.682229599345819556e-04
5.373126162938929480e-04
2.812456807627518752e-03
3.811529706584091174e-04
1.063922920391912556e-03
7.231697097341163814e-04
4.613494724982259332e-04
1.209405818404160182e-03
4.492041352039838906e-04
6.046204961845339388e-04
1.022942925039449545e-03
2.433970370436903518e-03
1.090490715608994320e-03
7.285263144889147927e-04
1.633094449288701811e-03
5.005630714383371097e-04
6.916673664811385982e-04
3.533972459137583555e-04
2.155993178615770323e-03
5.117936521424823471e-04
1.057123770015795140e-03
3.439838933745485629e-04
1.558104838995006975e-03
1.829762428776491494e-03
7.364445166970061971e-04
5.186892176514896254e-04
1.148155421595478242e-03
3.524541451822599692e-04
8.147721441949905405e-04
3.574969599854409198e-04
1.501521848794480250e-03
6.316822798681118135e-04
4.817642269710940774e-04
1.628690983783813656e-03
5.327217101804871367e-03
1.337705196810607539e-03
3.195656450318880987e-04
6.548189790894209114e-04
1.557208340891903494e-03
2.999770103874048487e-04
4.788843649115446708e-04
2.701933112279538427e-04
3.285726322743421062e-04
7.985661526489976200e-04
9.364385379635688147e-04
4.764712273028941301e-04
1.601785636696029767e-03
1.799442130130939933e-03
4.543421921020709530e-04
8.959169309221971496e-04
7.012615575109398727e-04
6.829356855165501748e-04
1.090003910219890324e-03
2.960951080447619022e-04
2.711924510275500670e-04
4.170946808647117395e-04
2.511431775953763433e-04
3.778719582060846831e-04
4.395625127660265290e-04
6.083977094037357290e-04
6.903471641207117133e-04
3.901911552203292844e-04
4.109006543280500565e-03
1.091411795707983258e-03
8.554546682259029549e-04
5.693062857563935915e-04
1.481386823450534006e-03
3.547515556688465941e-04
4.671097818462623119e-03
5.717524659173379379e-04
3.492292285927772483e-04
3.808296884889234338e-04
1.039627874797587233e-03
5.509146293697946744e-04
8.746728364279532158e-04
4.290676462662708487e-04
4.008492338760017868e-04
9.839501385332438330e-04
5.157650358016010019e-04
2.577377807473298674e-04
5.919051674908362964e-04
2.738256317510323265e-03
9.808103036809904390e-04
8.282221746790243777e-04
1.065866054774754559e-03
5.007255783077301957e-04
4.465821692871552043e-04
5.176343039188400705e-04
1.435966135698183051e-03
9.498187181065044418e-04
1.081431957349515303e-03
4.149485315993987769e-04
1.413723201134008296e-03
2.246166101958201825e-03
5.600026866137482618e-04
1.548496727048739906e-03
5.668876597733927885e-04
7.289059643235657306e-04
2.498749468118615247e-04
3.288342874669483739e-04
6.767502593628525352e-04
5.387856242082273827e-04
3.844241230450274726e-04
6.254418549443625016e-04
5.961909831228357675e-04
1.589344720996288844e-03
2.754223765437337950e-04
3.340610060911788025e-04
3.972813247929594341e-04
2.519154618088578811e-04
8.449339324591848130e-04
1.966882410989821695e-03
4.800829228724571131e-04
4.898665438847396971e-04
5.575280479763305421e-04
5.245817847412144854e-04
7.639295533763337939e-04
4.295796830951050319e-04
3.878490192000241181e-04
1.649695178125683542e-03
1.176313641451597579e-03
9.752889693914397777e-04
1.201782430240749691e-03
2.162952871454051386e-04
1.215920021306228808e-03
6.078757747735086042e-04
2.217111796302038919e-04
4.318188248416425707e-04
6.983034301589769594e-04
4.322037834914977360e-04
2.650537783613548734e-03
7.985661526489976200e-04
7.488965482174886378e-04
1.628092641461802333e-03
2.485842995643550504e-03
3.715017386990733116e-04
1.604243308288069323e-03
6.490930592186366140e-04
6.126057464293612528e-04
6.838231318553638282e-04
9.632880608320969250e-04
8.295702857622445567e-04
4.716029240157632659e-04
6.178230380945678481e-04
8.694317667275412026e-04
1.522363173520365712e-03
4.826585651039343628e-04
9.505141170871011505e-04
3.638615988620022427e-04
9.807598664555122574e-04
5.034019518253966038e-04
5.317554168563650395e-04
1.916531345587425611e-03
9.533805783090279267e-04
2.069231643542497438e-03
2.980772591262083370e-04
3.280926533953253013e-04
7.551009700587647377e-04
4.865874499804217612e-04
8.387037100231847743e-04
1.100824838598484304e-03
3.435796762502709486e-04
9.591067010676117754e-04
4.276628994978518396e-04
4.973684020424553025e-04
5.263398473595239276e-04
7.133409781196167927e-04
3.353029041707051541e-04
9.910033979175615973e-04
2.659632152522343595e-04
4.035496930035046875e-04
6.913573676273869484e-04
1.560498244610857834e-03
1.318379951354107420e-03
1.295258958379761054e-03
5.885275324951727777e-04
3.671270738361997652e-04
2.701933112279538427e-04
8.403764738381882963e-04
1.187315862223344573e-03
1.662606058083925756e-03
7.322370073224264680e-04
6.590352207927968956e-04
3.040232713530827981e-04
3.955207852403254615e-04
1.113805518682343433e-03
7.905188666839470853e-04
5.974302139419135869e-04
2.785518582269704848e-04
3.830266159533652053e-04
5.014431297971708038e-04
4.263755823593046558e-04
3.542736195120258814e-04
2.895948885406588076e-04
4.556259208064740137e-04
2.803240228837076270e-03
4.704997710131930515e-04
6.871007685446480114e-04
6.354151904984970366e-04
1.190422820893790234e-03
4.945088570597731435e-04
4.061577491796683156e-04
4.815643369149325568e-04
3.281082416024529657e-04
9.788037566951335137e-04
6.312530541404603665e-04
6.941380295191805711e-04
6.423051489244130819e-04
7.211012061216848582e-04
4.190783447918374708e-04
1.686268730107214205e-04
5.015033999395587241e-04
3.645710695662501160e-04
5.267229518997191802e-04
7.457761283114111616e-04
3.758429460573394941e-04
1.011194608736789039e-03
7.718087842090754110e-04
8.808654892531482929e-04
1.354280056311138285e-03
1.599470642516577024e-03
1.449692647444069532e-03
4.980127409733363332e-04
1.443107590644161949e-03
3.704166739059878565e-04
4.011565645561286858e-04
6.377969566320947645e-04
7.166100129795457269e-04
1.009348725920306694e-03
4.218977033868995773e-04
4.423682193866780988e-04
4.719028138029333084e-04
4.171619473855386027e-04
5.820291620373072581e-04
5.522417347253924785e-04
