6.745990116577299132e-04
8.733485355022876147e-04
3.927107064543222865e-04
3.391024642855957564e-03
8.016623850883861698e-04
4.830676583899456999e-04
9.051346018917672594e-04
2.019588527817318339e-04
1.538295147287104458e-03
3.928845482909953165e-04
8.285451132397183595e-04
5.446553436192350713e-04
2.363768645099659758e-04
1.091771414659189207e-03
2.987954675529551482e-04
4.853122889699179317e-04
8.126281917382199458e-04
1.851619758099401600e-04
1.489100030892485764e-03
1.688892355753611246e-03
5.363534948118643805e-04
1.075049022194374173e-03
5.256015573713066586e-04
5.999185745167110720e-04
3.009581545840676799e-03
9.731032793701453005e-04
7.444436560968527294e-03
4.336438824087735953e-04
1.099908551634984789e-03
6.479688789349485455e-04
3.529684108140352956e-04
8.994155786561427307e-04
5.375848545792614357e-04
3.160432104224641307e-04
2.693360736269305184e-04
7.576232492896485147e-04
2.455479413925330204e-03
2.998986595490178795e-04
8.063577146610629177e-04
7.208516292483967700e-04
1.117063058132180013e-03
7.999404977312991709e-04
2.751364830088684054e-03
3.986588250725381539e-04
8.547477072187079604e-04
1.768303667793395925e-04
3.025168822387216006e-04
1.686555790992926495e-03
7.799747988811491775e-04
2.012709026397385096e-04
2.973818071242984311e-04
1.102299303919424076e-03
1.158827350555955652e-03
2.363768645099659758e-04
2.278307559100461923e-03
2.078875448020865789e-04
3.299207486800580930e-04
6.902551721238858609e-04
4.359276360129881139e-04
6.099421014283592374e-04
8.090984702943531141e-04
4.142149983647305019e-04
3.826563820177964013e-04
4.316233652817141214e-04
3.127095271889838643e-04
3.642232614515121861e-04
2.711604185642661454e-04
1.081512796640462550e-03
1.066095324644263488e-03
1.245933863066948054e-03
8.179142423226644192e-04
2.683829439745034429e-04
5.654212081904006620e-04
1.042797907626111025e-03
1.555481270428796811e-03
5.688578172521110152e-04
7.784336250571473499e-04
3.836418402916112443e-04
1.228949332037688807e-03
5.525411130669257570e-04
7.400727949298668710e-04
8.333660838543105291e-04
3.834193769616970693e-04
3.583239441827692595e-04
9.585668605204301917e-04
6.691390975654327479e-04
3.626744656312278067e-04
1.979040622605993290e-03
6.917310683848263472e-04
1.864214461292993113e-04
4.670663553346538106e-03
3.551023705249177031e-04
6.842713349787823106e-04
5.018091701565206885e-04
1.888758775056518461e-03
6.135116020563794294e-04
9.914945679344970564e-04
5.355485010709352348e-04
3.926210663897766046e-04
3.674848290988294748e-04
4.802218567204006986e-04
1.239558664132248958e-03
7.689260510197962065e-04
9.459767115746988602e-04
2.596140736782866307e-03
8.760599474685543467e-03
4.274524404940033468e-04
1.006196154186828453e-03
7.356217360842999542e-04
3.583605612233469340e-04
9.675233591696427845e-04
5.560852434016243760e-04
1.403710262298208614e-03
2.357268292826123195e-03
3.338163627137034906e-04
3.029860206977938908e-04
4.039532507852149415e-04
7.290015319770040692e-04
3.789037334592063131e-03
1.129781361272024940e-03
8.470555656252688314e-04
3.623406109158010236e-04
5.748729224790826309e-04
1.173642080379539961e-03
7.906485090261746417e-04
1.750959339423322197e-03
2.719046060395599574e-04
5.966531053321542889e-04
3.305486284043512944e-04
8.104183886140628370e-04
4.061563749176588952e-04
5.588157452959987941e-04
4.802218567204006986e-04
4.400966987933395001e-04
6.010589405869672282e-03
2.438728178353279281e-04
4.095944057993073468e-04
3.182670704747422603e-04
2.262128112256561437e-04
7.931180649813511290e-04
3.558200112321780752e-04
9.468634817526307796e-04
4.866420737646755409e-04
7.562785494134424604e-04
5.146131857764789722e-04
3.528015373669166695e-04
5.085004193737564793e-04
8.349964844252439093e-04
6.921116479941238821e-04
7.828192991618186094e-04
5.935507610333432037e-04
5.709503734665228713e-04
5.829995981561105324e-04
1.249709301206778809e-03
1.856762462783853422e-03
3.309345491308872595e-04
9.112085499796118140e-04
7.488926711507972898e-04
9.825314317752171719e-04
1.092993515708844555e-03
4.802218567204006986e-04
2.737589633530883586e-04
3.583239441827692595e-04
1.366929313082042297e-03
2.930911440865312701e-04
2.437574488711568687e-04
4.141462680305419905e-04
1.646270443895050299e-03
2.499122363889645843e-04
4.173041627096344092e-04
7.254116733279571084e-04
4.645395718802997672e-04
1.229667782364364526e-03
4.309587342819621138e-04
5.953002976481289047e-04
6.308385949709690785e-04
1.444571760122562512e-03
2.267888471217218479e-04
4.878288814832410468e-04
3.621924204507722929e-04
2.725998569889591231e-04
1.126558251019568789e-03
1.526331472692025407e-03
6.410539682004165853e-04
4.680246304650763486e-04
1.445868335705496281e-03
1.869261830607998008e-04
1.017994987370415610e-03
7.148357152981248044e-04
9.151192057073666590e-04
5.096098760142704067e-04
4.966542865507626294e-04
5.792771750316592005e-04
3.498429418373175570e-04
1.119409230793856494e-03
1.122242623664235998e-03
4.686051840224355041e-04
1.183957333048410920e-03
4.654937722563835529e-04
6.383761666270440461e-04
1.097612627931121359e-03
7.979412788368286632e-04
9.201346937718732528e-04
1.255521625902075288e-03
5.289290825517367449e-04
3.983554449227397405e-04
6.416494544544881426e-04
8.897421453857640898e-04
5.685891303556817478e-04
6.639563013956118614e-04
6.843870928323822489e-04
3.949536307383862957e-04
1.073717386391433029e-03
3.601895543034909822e-04
1.821826092540891097e-03
9.850990684135455758e-04
9.847744813714690536e-04
4.392333121271941275e-04
2.418389388262992892e-03
7.264379157936485133e-04
6.165042395732846367e-04
1.953836762674314789e-03
2.428228498399794899e-04
3.294142069420482287e-04
4.792992620584819361e-04
4.086936225358020545e-04
2.067080677109493694e-03
3.595147550534556996e-04
1.514114349389126786e-03
7.439247999996551454e-04
1.184083530830866079e-03
5.805409431235161819e-04
4.944908460126018696e-04
9.311791070559721295e-04
3.310482422555309761e-04
3.649480718667709195e-04
8.597440092930817802e-04
4.042860257398644616e-04
1.404976992223057244e-03
5.851786960240275845e-04
2.428532994113487015e-03
4.610769904032262917e-03
4.054466481844165213e-04
8.209772483073091457e-04
4.023530313679597042e-03
1.123399744239507447e-03
5.197275447387717700e-04
4.819963002456606883e-04
4.071037134703844114e-04
1.512834772272755954e-03
8.675259241417278364e-04
2.890232117671070653e-04
2.483424707184749697e-04
9.378802778870278271e-04
3.424539953238816322e-04
2.982431091804377049e-04
2.230032861750241542e-04
6.531408429688000941e-04
2.433086253955052348e-04
5.041115744082911264e-04
6.975884848501492496e-04
1.453791729206409082e-03
6.395108323971606746e-04
1.037556039568817865e-03
3.764736341633590313e-04
3.934909747722513352e-04
6.001701383518296892e-04
5.999825377167722698e-03
1.932319222727387799e-03
2.332635732585874779e-03
1.082164558147890145e-03
1.486983383143056442e-03
9.988036250945901695e-04
8.323355927327208892e-04
2.293113599060733689e-04
1.069035674853983323e-03
3.039101183492916389e-04
1.870776516582152481e-04
8.587878856691418287e-04
8.175925558093924492e-04
6.706494267834615941e-04
8.128926576970958500e-04
2.092136176980446277e-04
4.792660160807776619e-04
6.786226416045302613e-03
1.906679620808174878e-04
5.307942591759841821e-04
8.317234759066323858e-04
2.375942312042553933e-03
2.794718815832178795e-04
5.342336245176977074e-04
4.935044094757101447e-04
5.031851728173447049e-04
1.320010031757253661e-03
5.077487353797291479e-04
1.079677231075202616e-03
1.536623708193035880e-03
3.666534583600696137e-04
4.092466669473479807e-04
1.120655884701014402e-03
4.922593867537253904e-04
4.796062306639816103e-04
8.092470272775100296e-04
5.615279023886448522e-04
4.811308482604160336e-04
4.778587796885908762e-04
1.977609634981554768e-04
1.651452001091282748e-04
9.799090933692751471e-04
7.828010657948741759e-04
1.007031842204870976e-03
3.089290102050194970e-04
9.244783072475946158e-04
2.902810795121377619e-03
9.585668605204301917e-04
3.009682311613050862e-04
5.492753900970461390e-04
2.375168881930258896e-04
9.567236461786178103e-04
2.912036900505940548e-04
3.306238054545856736e-04
9.075147600287599781e-04
1.050768518050470895e-03
5.251836080115961786e-03
1.215050540086298238e-03
2.640958954853780678e-04
2.503526866493627667e-04
5.054405688178965515e-04
2.237091636036176551e-04
2.236430236032056068e-03
9.887492352535062669e-04
1.260384549254195538e-03
4.613153306419913902e-04
1.907072416004247000e-04
6.779911685701648467e-04
8.845283443239849996e-04
9.421670654110192054e-04
8.431310632442117359e-04
1.054726396908019226e-03
5.234545028320811144e-04
9.703328168375194643e-04
5.426438751034323065e-04
5.448165347180000716e-04
4.855052603283270996e-04
4.581350731738067258e-04
5.443955062304818310e-04
1.042508656946845511e-02
3.229755771277858806e-03
5.421450462273510020e-04
3.820743660647280514e-04
4.778148372601786847e-04
5.965592420912898099e-04
1.732150355478201788e-03
7.684523843554737525e-04
8.552080668414201907e-04
2.602741293473966478e-03
1.151487198698267992e-03
9.719090275989612782e-04
6.760669169026607998e-04
3.180644753505384548e-04
8.144603300524126243e-04
5.858850069845988450e-04
5.805409431235161819e-04
5.656859842752686189e-04
2.313002277283110735e-04
2.625514191395153323e-04
2.968427659421041904e-04
1.126689047072118068e-03
1.785438540713483405e-04
8.841047096511522180e-04
7.926132546846923442e-04
5.096098760142704067e-04
1.885341409762132658e-03
2.137206867258337304e-04
3.624460598402500975e-04
4.976246916633290463e-04
2.661439918174285770e-04
6.614399079312911246e-04
2.816082528274686282e-04
1.071557201756048391e-03
3.921968537213765620e-04
7.562785494134424604e-04
8.289284680529068056e-04
2.742122187843278091e-04
8.084834506314115578e-04
5.278965706726869780e-04
5.089718291230949316e-04
5.822246938614733785e-04
5.479667992341157728e-03
1.699734453463526765e-03
5.276264257062691790e-04
2.283371050223366883e-03
5.171825302827959010e-04
3.415059626481196584e-03
4.395852737492783320e-04
1.133271291870392586e-03
4.357829850815950808e-04
1.797188814807887305e-03
1.856762462783853422e-03
8.498007099878570822e-04
2.678749721401996425e-04
1.058505764902873195e-03
4.620721054854230042e-03
7.372706741830828891e-04
3.144067150328972967e-04
3.052990572680453190e-03
5.516529822427852867e-04
3.063525329400711671e-04
9.570782475363696440e-04
3.676149396817213178e-04
8.569926693343717788e-04
1.525281395373951536e-03
6.474112880568047264e-04
7.109419421631130252e-04
3.074441050341401101e-04
9.172239624875584002e-04
7.670395821263224084e-03
6.747046616314577748e-04
9.842727712356031701e-04
3.136296767030920013e-04
4.281444164027263695e-03
8.139430321929654391e-04
4.356847542613004830e-04
1.024727224826316218e-03
2.821068175110908447e-04
1.723283589181518664e-04
1.343994678069300843e-03
2.387353881560264502e-03
2.855717322255759208e-03
2.248131555730120777e-04
6.497699943917674067e-04
1.243537802189274930e-03
4.257672814486861525e-04
1.067373259289182506e-03
1.045003224950128698e-03
1.076500039915326886e-03
9.514528036427405541e-04
4.260973793682600692e-04
5.081383627224050556e-03
2.975048451433992720e-03
3.629208133097607675e-04
2.051159833462472097e-03
4.116894841729790751e-04
2.642173440772302168e-04
3.787354983983487401e-04
2.172129185198516156e-04
4.494236737769442304e-03
7.248383195632831719e-04
7.547888907833720301e-04
7.826100891007888027e-04
7.161088921195353854e-04
3.279314776156212080e-04
5.913568613757363849e-04
1.212053249454825982e-03
3.433652851429506471e-03
2.159464499417579873e-04
6.486705800947199351e-04
6.501920809542038014e-04
3.732117670732587275e-04
2.685449929497474449e-04
5.875973989262656431e-04
7.069885352035524574e-04
1.069271711072362560e-03
2.693764857335906012e-04
1.129781361272024940e-03
4.287341164132954041e-04
1.098298051111286583e-03
3.927113761863087354e-04
2.750342754821174336e-04
1.787646880164515430e-03
5.410576345317046933e-04
1.549549489777244477e-03
5.073439876913406589e-04
3.928251443049646241e-02
7.897994004786618345e-04
3.126208958255297489e-04
2.801031852059017468e-04
6.041712508818023386e-04
5.455426495213704877e-04
3.520381928957428829e-04
4.648177095131718665e-04
4.645395718802997672e-04
7.212779953150170228e-04
3.394435115724756609e-04
3.718225309094289575e-03
4.454470511240335201e-04
7.389207171716304654e-04
4.503891185187970853e-04
3.489950492204951620e-03
3.863004358665031121e-04
6.594290086228444137e-04
2.021938009900287059e-04
5.105913811989480763e-04
8.362143838353627455e-04
1.607320191866109995e-03
1.589363223773798206e-03
5.482274884336293518e-04
6.224836504131121048e-04
3.025062578520011647e-04
4.099354119574165280e-04
5.676224951275695265e-04
3.432423303459412531e-03
1.191669975293108228e-03
5.873768628403807637e-04
1.075047526995558935e-03
6.928175180179225881e-04
5.063437813642521906e-04
2.175270785550663345e-04
2.466413930610091140e-04
1.769584313805901664e-03
4.068739603199734230e-04
6.647638973041177998e-04
5.315181059732422553e-04
4.018269823186347849e-04
4.711597637295561252e-04
8.254470022834335197e-04
8.118589151032980884e-04
5.615279023886448522e-04
3.024204539158657995e-04
1.085088262825739365e-03
1.174763836290068988e-03
6.267974630303584224e-04
1.021307615179695540e-03
1.199292160597595792e-03
3.193899692977121910e-03
3.443217614015380360e-04
1.565864972977488870e-03
2.161265602384173680e-03
2.923274903872687645e-04
7.008813885522538348e-04
5.935507610333432037e-04
6.330339586292504928e-04
4.830083047027152561e-04
1.132178566494316261e-03
1.664971885373293676e-03
8.577667867430059613e-04
1.827721141996899515e-04
8.239863944987459209e-04
5.972910214224919382e-04
5.058603988496635949e-04
3.263983384321531120e-04
8.895403456007180444e-04
6.009047031723221055e-04
1.343994678069300843e-03
2.119957684821753075e-04
5.785950277755525818e-04
4.774128147383711451e-04
7.471821648493709054e-04
5.915500942587694497e-04
4.661417766031262025e-03
3.973439314309232554e-04
1.661177766123556965e-03
2.424912587172604308e-04
3.084300872884254566e-04
9.708002898862133027e-04
2.871488356304024753e-04
3.106582146215852128e-04
7.416593151359917192e-04
5.077213686904115744e-04
5.156063087795768277e-04
4.985316136682163687e-04
4.539825862100920970e-04
1.458954239362685208e-03
4.733692597436598630e-04
6.928175180179225881e-04
2.969087558720502509e-04
6.758293482312080318e-03
1.245954786356600133e-03
6.727825319068828211e-04
2.189285303502616718e-03
5.669262517419813591e-04
7.456800658909944592e-04
4.316081561749467730e-04
9.783948019849054035e-04
9.468634817526307796e-04
1.324743671626816416e-03
1.945325793494885169e-03
2.944744335188930113e-04
1.054982467726908952e-03
5.643106289274647368e-04
3.255950846461938379e-03
9.315399687205498484e-04
2.653474361954564261e-03
3.356123053420262381e-04
5.790205739752243060e-04
1.582562446805697506e-03
3.772128594345869530e-04
6.676910329246330596e-04
5.830211835960594441e-04
9.510489260940902141e-04
5.850344260112708659e-04
5.184601842001845037e-04
3.755692030751991485e-04
3.855380718356394816e-04
4.316814092024622278e-04
4.781006965994203002e-03
7.635632401707212902e-04
5.728953691151802844e-04
7.859514070320713615e-04
1.531314962410605185e-03
4.378063436900827979e-04
2.765174259724219904e-04
2.778212365940847459e-04
3.742687859256020795e-04
2.283274579322987273e-04
5.431207636249209096e-04
1.042797907626111025e-03
1.328205375249533974e-03
3.014998934827105553e-04
6.410755869978482886e-04
6.392977285073766450e-04
6.817008749283075741e-04
9.468634817526307796e-04
1.146639072780657014e-03
1.145193313024661392e-03
7.412131579615101979e-04
8.760599474685543467e-03
5.256802925680733327e-04
3.108918241829732032e-03
3.970570316235723352e-04
4.407429580211095891e-04
4.369666274683325588e-04
4.909637386652736636e-04
6.135116020563794294e-04
2.463691404504112555e-04
2.359266161842778816e-03
3.517421618287547096e-04
7.920353549140633775e-04
4.317419049700304168e-04
3.208247419501257308e-04
5.676224951275695265e-04
8.682893083103043232e-04
2.556728758692771450e-04
8.877879051910934297e-04
3.187917240738883220e-04
2.944280571584093932e-03
1.559690001343686742e-03
9.088963384473616822e-04
4.765376224862141806e-04
2.443116383301721802e-04
8.007884722041794896e-04
3.904047466045781401e-04
3.771007072913842113e-04
3.448748035873884228e-04
3.922768648393828300e-04
5.244314904830212412e-03
1.216430599351962490e-03
1.761319905487149793e-03
6.491411592574583469e-04
4.092110299817706834e-04
4.693114037352116917e-04
4.358545333611528829e-04
7.759125172112444485e-04
7.115165108250946085e-04
2.392933854317867888e-04
3.742687859256020795e-04
3.184674901273597172e-04
3.732721688185030272e-04
6.753163318920619258e-04
3.517540809230144038e-04
7.569670715461823815e-04
4.537179305134630145e-04
1.403710262298208614e-03
3.735770458947891537e-04
3.312887918409000362e-04
4.939417722018837279e-04
2.022580897923386854e-04
1.341112746914631046e-03
1.229578832257224343e-03
3.995002754336586352e-04
4.862722627408529413e-04
6.504908977872018820e-04
2.677667830138809584e-03
4.457830277601208596e-04
5.387194631697767326e-04
3.621832025185183651e-04
5.042776092212418373e-04
2.867146827693628909e-04
3.347744707382021385e-04
8.500402516536037035e-04
3.120320435062822460e-04
3.387729401121811787e-04
4.313111780221201889e-04
1.652566034344504515e-03
3.174785108168610851e-04
6.924620274943751831e-04
3.070900395237702589e-04
5.709935098470138911e-04
1.552577920577053036e-03
1.099908551634984789e-03
8.838481881528758872e-04
4.165693841206459243e-04
1.859632649570473046e-04
7.142778382298647834e-04
7.870385233554433963e-04
5.458677991125543503e-04
1.292901722601629954e-03
8.288583805803183269e-03
2.031229345013435474e-04
1.517114498714421502e-03
1.724658177160740078e-04
8.698538212992621820e-04
3.953787521185631710e-04
2.690888349480518422e-04
4.275934174312533923e-04
9.023699080370995926e-04
1.461764463768429854e-03
4.167094873875843092e-04
7.177486715789087356e-04
6.976892107645334649e-04
6.565997184840040692e-04
5.715631333891304459e-04
8.949709521888743295e-04
3.141683589668099763e-04
6.056402631699755665e-04
2.307004435032103742e-03
2.705512987209828511e-04
5.329401953635939850e-04
5.714203042814942077e-04
7.382512969745915008e-04
5.566365133173657199e-04
4.200198950467188067e-04
5.770483769807896110e-04
5.017883442867701821e-04
2.432872694202319638e-04
4.576212910377944112e-04
1.743629856360961105e-03
6.444210982987422492e-04
1.042016182243574824e-03
4.887101322387379194e-04
1.428230226336257413e-03
2.655222796604036367e-04
4.065171812547719991e-04
6.364534426711493213e-03
3.042255282442231932e-04
1.980311568027947819e-03
5.054533493761248194e-04
2.854588749852683335e-03
2.497175197999415824e-03
4.662201594698704059e-04
4.188189989832556020e-04
4.534241630135289595e-04
1.545049972250700954e-04
5.186572593414872550e-04
2.836895667487266716e-04
1.067429840496891217e-03
6.739029042744455657e-04
4.959600824891420784e-04
6.580132551544408057e-04
5.996639540001873952e-04
6.258975610034941354e-04
1.139652573775347226e-03
6.348400864599227852e-04
3.729988377991497531e-04
2.592337576839244344e-04
5.870544656260367989e-04
5.886988960639336858e-04
1.579933256570044669e-03
1.737047453853096841e-03
3.174705405569948173e-04
9.178945916054854571e-04
2.221961845035150577e-04
1.191082550944129069e-03
5.493319049325942616e-04
7.495293550364615738e-04
5.156691669176138035e-04
4.799434790227402928e-04
3.715240562357927990e-04
2.124499695787258446e-04
6.767416895835638799e-04
3.071644171823053725e-04
2.688378890760951493e-04
2.508333621472745188e-04
1.258353327452032058e-02
2.555546943632779240e-03
1.207082667352902920e-03
3.885116492078362739e-04
5.158469835074509704e-04
4.593726657713982902e-04
8.654270450047125149e-04
6.068349515914025702e-04
7.518471565786050484e-04
6.994727194465306984e-04
1.031122893593692733e-03
2.740408938346623443e-04
3.705660450423783176e-04
2.277786717841150034e-04
9.051346018917672594e-04
5.963941816023170424e-04
1.993707355336431664e-03
2.587443575453609278e-04
1.567296834398400774e-03
5.887933859043541522e-04
1.094919240525030419e-03
2.164594564181672128e-04
1.389216947301574832e-03
1.289029634343300673e-03
5.494011541117151771e-04
2.347633549275894745e-03
2.406518475961345383e-04
4.390743197815499994e-04
4.358226479466981293e-04
3.633586123957018433e-04
2.270042338011981525e-04
7.254703565091764330e-04
3.227032385903329595e-04
5.125806764508961675e-04
6.942119223164741962e-04
8.498626928084184384e-04
1.423421404263696972e-03
6.647638973041177998e-04
4.042091263097239567e-04
8.072832867983125316e-04
5.394332498777298056e-04
1.267546443635607020e-03
1.155600793312272761e-03
9.209833261305513854e-04
9.035037725737145829e-04
6.554358013023908703e-04
6.264703560973228745e-03
1.055010650870229346e-03
2.568692018124547243e-04
6.732239420508540203e-04
4.024572777226740131e-04
3.432627093426839234e-04
4.716987335764944670e-04
3.216172339988737899e-03
5.516529822427852867e-04
1.035939680790155847e-03
8.375688032970695024e-04
6.804802605930312205e-04
7.987967783254180595e-04
2.855534239406944748e-04
7.772220883580420675e-04
2.240710279443292269e-04
1.529381591171437554e-03
5.382761225149070407e-04
6.906505204279469491e-04
2.595367630118758286e-03
1.664106364830225107e-04
3.583780837040180718e-04
7.825289530822521168e-04
5.334505148433858973e-04
4.058743879585876972e-04
1.714472551781406028e-03
6.054869072179781733e-04
3.217390823253156494e-04
3.447230542029596249e-04
6.373031756613563173e-04
3.800948564525237928e-04
5.027347570764048373e-04
4.127080352046998309e-03
9.504410821299810958e-04
2.310836408007605272e-03
1.370718503761094191e-03
5.105764449454082074e-04
4.910927083870054609e-04
2.989013738070816595e-04
9.660173441941902975e-04
3.537445996825716870e-04
5.076901291737546864e-04
4.917923144660625752e-04
9.026168452211307891e-04
9.636439848000017761e-04
9.973696002903722178e-04
7.099496651990978196e-04
5.246932650015051275e-04
4.370891290327964807e-03
6.087246827593375056e-04
1.303365994030339500e-03
4.591990172888868807e-04
5.365537570902218379e-04
9.123810164075723270e-04
5.584485476997019067e-04
7.763591985685506115e-04
2.392950193494032562e-04
1.067373259289182506e-03
2.299470962242462866e-03
2.120309635054745245e-03
3.122596012980955772e-04
2.855750167922651043e-04
1.023617225243952066e-03
1.422680279256344346e-03
8.895403456007180444e-04
3.613773015874704032e-04
1.887094111260018798e-04
7.650778905360241210e-04
1.092993515708844555e-03
2.671038468009464010e-04
4.022323949276536566e-04
3.901989907344928380e-04
2.554465540447260416e-03
5.206610860556049785e-04
8.996111435468472908e-04
2.236406564088030437e-03
5.626500805895105848e-04
7.202109650574551637e-04
7.846930103023976510e-04
8.845283443239849996e-04
5.505928660120850988e-04
4.425334662589261079e-04
4.645431182065339038e-04
7.869494342346513866e-04
4.944908460126018696e-04
5.814434152521984677e-04
3.008847772224298761e-04
3.872619353041549875e-03
2.865377287051979198e-04
3.260817493244505083e-04
3.225637428776603147e-04
3.225340902016368759e-04
6.313048337163421238e-04
4.475455691819781186e-04
2.971283544373226095e-04
6.258644161400184506e-04
1.144512144492684401e-03
1.786274053798825984e-04
2.542094159907224999e-03
2.229696137850189846e-04
3.659405322194573987e-04
1.762889222698337975e-03
1.801756862851615956e-03
3.557776821543737786e-04
6.560912743594523970e-04
2.910561768290012975e-04
3.754810058361891627e-04
1.641356092936710476e-03
3.636940554802462291e-04
1.766511981020561783e-03
3.809724376118891467e-04
3.681056142720932878e-04
3.220205029993859682e-04
1.559254813110632254e-04
6.952736084973532493e-04
5.932318010966006758e-04
1.087852621531183554e-03
1.358446960447103492e-03
9.733957115184737512e-04
9.390124388284796586e-04
3.464693131415684676e-04
1.411922134650923574e-03
1.618849552177570707e-03
5.349373530723216825e-04
7.288832296149307414e-04
2.503026313415010950e-04
1.252482636581110599e-03
4.973266019782019614e-04
1.546711104516029821e-03
4.060559137145873369e-04
7.474858898245307802e-04
4.102406557090861245e-04
7.745224717925529778e-04
7.518471565786050484e-04
9.031555565508724405e-04
2.837170706871406105e-04
7.191547125991344918e-04
1.408406200998590235e-03
8.545907975977631334e-04
2.203481561234556848e-03
6.381476356586352535e-04
2.672572364339092545e-03
1.138265515943150249e-03
2.070625381467629820e-04
3.573361955309534437e-04
9.197237649658983544e-04
9.803373426045497267e-04
2.579215230354642090e-04
3.457361787062534337e-04
8.702526563599488835e-04
3.363655567626589078e-04
4.898662227126282217e-04
6.195044194314422653e-04
4.491071915778603683e-04
1.003748582976805989e-03
1.143563246898968936e-03
1.571072621359271724e-03
1.416357962128312817e-03
1.120649448244432278e-03
7.723218991343830169e-04
2.561908492155357269e-04
9.480031293781556465e-04
6.068918121469312225e-04
2.478373208765822957e-04
1.297079585036028330e-03
6.010589405869672282e-03
4.000338124135613882e-04
7.707252831226507487e-04
8.774394183836421376e-03
2.817626425176849615e-04
3.699940076709333958e-04
3.850136367040675727e-03
2.624362873875842658e-03
6.976975980269892012e-04
3.391140741048192814e-03
6.076424314215462001e-04
8.367921070010369850e-04
1.398387882710681960e-03
1.499788397084092333e-03
5.479558549024993045e-04
6.813572899483135705e-04
