1.556046154787838311e-03
5.077745078970357425e-04
7.829942443176265325e-04
3.736213515945123378e-03
7.141247314046428058e-04
2.768227889674635452e-04
2.121512723568289363e-03
2.552506937182008823e-04
2.113947829382796951e-03
9.100554174767672404e-04
2.824056936433372712e-04
1.285477337261375008e-03
1.103823255284002791e-03
4.011169807851318477e-04
4.977684289923371350e-03
3.312115130985318536e-04
7.206378976110324776e-04
6.939830746578510949e-04
2.741667612823797499e-04
2.943687719807755671e-04
6.394334288264715265e-04
3.650991354509610168e-04
8.243971450873525258e-03
4.197833175597690783e-04
4.563348386192761529e-04
2.398186862897914648e-03
1.105956222006010924e-02
2.995595624700692961e-04
2.896938836470386715e-04
4.709674026995991228e-04
2.558879257220700700e-04
6.232354960415640308e-04
6.490661409076546942e-04
5.445220012134007739e-04
9.023434165870002511e-04
2.548913969091258828e-04
4.761712972398842955e-04
4.323083078326764046e-04
7.265145593512142624e-04
5.829804176811329312e-04
1.060784313777652027e-03
2.331202895318426377e-04
8.032061766113618136e-04
3.303314639766580978e-04
2.033143139953101902e-03
8.082504775156329870e-04
7.173519384762361457e-04
2.572729239163124471e-04
7.362274128483796117e-04
3.244129432679910023e-04
3.897982662149038105e-04
3.136934410167806914e-04
1.426811520852377122e-03
3.555530739450381240e-04
2.937392478169344005e-04
5.383072599022944776e-04
2.604364052648725620e-04
3.383800477079458796e-04
7.583909831906722769e-04
4.943669585600438295e-04
3.400876520715791717e-04
6.121365259645649738e-04
3.751741233408024522e-04
5.317140651181538960e-04
3.615296668375632232e-04
6.841432843105600247e-04
5.139010771941536146e-04
3.008591147392008884e-04
6.211728228437945337e-04
8.339597871535141390e-04
5.403916344671222697e-04
5.710425019718166646e-04
8.364720358830260395e-04
5.569611299713228981e-04
2.802053271748573067e-04
2.224494100464677250e-04
1.326671922620250568e-03
2.044109314686185647e-03
4.378611345192486059e-04
2.084343100828796053e-03
2.281190611720491316e-04
5.019726336674762901e-04
1.212981397509230305e-03
9.750655185882655404e-04
3.603518287651946207e-04
3.089585675903734293e-04
3.597145048728189179e-04
1.032627359830450963e-03
6.533194665472208569e-04
3.568379980191720103e-04
6.635497506008740300e-04
1.985135431839511484e-03
3.926068460737914189e-04
8.013603595008202650e-04
6.959673455788529953e-04
5.326901641627857387e-04
5.429960121262269058e-04
6.509230852746277201e-04
2.642707788510320621e-03
6.366979897243365367e-04
7.223664427751954166e-04
5.868040885141683404e-04
7.689047090737670918e-04
1.556471317838017216e-03
2.046101784990465248e-04
3.857063100346747281e-04
6.181499429340923729e-04
5.420584056595787294e-04
5.048995835721166881e-04
7.336868676164003773e-04
3.523990249680381470e-04
6.291403072401459060e-04
2.758303892888996391e-04
2.863236798316795605e-04
3.405585029574474741e-04
3.934435917793491504e-04
9.330066593604223859e-04
3.497754096127998844e-03
5.864572252731830009e-04
4.109734948806395300e-04
3.847660479835940221e-03
2.609218039981720796e-04
2.943327772128668867e-04
4.745436011365346068e-04
8.999974973040672120e-04
2.567885777694856107e-04
6.268949727268399589e-04
3.779474525967432374e-04
2.687409587343383434e-04
8.133302500318056105e-04
5.127699426259252824e-04
4.482215451890873468e-04
5.516300657894026823e-04
3.459895613198454194e-04
5.031190590932559017e-04
3.483291101730228638e-04
7.342912242798368700e-04
2.740147291922886540e-03
3.887099397064429709e-04
2.809311092218080277e-04
3.866982990500197632e-04
1.602149079117683086e-03
7.380756402495054682e-04
2.789282897406261956e-04
4.806047341704353104e-04
1.151541176068746671e-03
6.476590734903922390e-04
1.616043233958999693e-03
3.247076009855711298e-04
4.398041543345389834e-04
9.740060951985790800e-04
3.510724444045098982e-04
4.583487224077830314e-04
2.872797014404976628e-03
6.095715346820242912e-04
6.129075970451331595e-04
8.697880859452023720e-04
3.458555187948488246e-04
9.004913342597592029e-04
7.652828075949863777e-04
3.753276232155010220e-04
1.163618223763829024e-03
8.120931824611874947e-04
2.265756693738016966e-03
1.105956222006010924e-02
2.417649235062950888e-04
7.152677845484494345e-04
6.213718524284073856e-04
4.647059776774606268e-04
1.217628053318487759e-03
5.441969844424398304e-04
6.193954954698554800e-04
1.141934320698072530e-03
1.572159248632867823e-03
1.479350966977263605e-03
1.324326870901664606e-03
3.895099975237442300e-04
7.409896851609600347e-04
3.898310894142064959e-04
1.663565442268120443e-04
2.966037585609859143e-03
9.470357595116677936e-04
5.198709369008538495e-04
2.311748395636588620e-04
4.568501901428924979e-04
9.248238548437928306e-04
5.076289165911231907e-04
3.656701093677754296e-04
2.540433485091086910e-04
3.914090569678337224e-04
6.578122747481056918e-04
7.118279837044191915e-04
8.620863469560988059e-04
7.142928594423949076e-04
1.520138316292411404e-02
1.393473650064043501e-03
5.520657586614604977e-04
3.395540413188606545e-04
3.800026860480342980e-04
8.533447135287454410e-04
7.744519895316780622e-04
8.899033625752030907e-04
2.910249334764447126e-04
3.239100736997531545e-03
2.405607657366793739e-04
2.650455954380898441e-03
2.008389117340629148e-03
2.415755288183626601e-03
1.334157141101184000e-03
4.980535681680970262e-04
9.865062164498873687e-04
6.873663356249879982e-04
1.128395377135990975e-03
4.444658648522421839e-04
4.229841273283578193e-04
7.469070291136846581e-04
3.571410955815300511e-04
3.416106185019534332e-04
1.232736076463149082e-03
4.626571750303168449e-04
3.494518321394711252e-04
1.749655718971184913e-04
1.212981397509230305e-03
4.872883472682816228e-04
2.842013615087690855e-04
2.518747840714557866e-03
1.222199482248168033e-03
4.839439811390817449e-03
2.352738044429151219e-04
5.301204657447702515e-04
3.803599496209806707e-03
3.834300528091223975e-04
1.298791593330296664e-03
4.179058808043372266e-04
5.863513355553545909e-04
1.383138612742715410e-03
4.411984353451852618e-04
1.511650632159845320e-03
2.101275215104050128e-04
5.626603495523473369e-04
1.451024252814753267e-03
5.790784558583392640e-04
1.277679794653784713e-03
1.507193467311214452e-03
2.732509692186116737e-04
3.494518321394711252e-04
5.934804738514001376e-04
1.868633944035603565e-03
2.394542072145205004e-04
2.373395038253761527e-04
5.331087633814834796e-04
5.693910720979485258e-04
1.476922038188771243e-03
1.437703881991421549e-03
2.500530512904901108e-04
1.420311822991052316e-03
7.237111467577110558e-04
3.029591198692501027e-04
1.003482817948732819e-03
2.764573194433660782e-03
2.263000460365864066e-04
3.548221896422725820e-03
2.705152131999512721e-04
3.508821272114066164e-04
2.852117877127800989e-04
3.148908140920468287e-04
1.089298805501071705e-03
6.745712026438096132e-04
2.386721959291156561e-02
5.521741529008337068e-04
1.407026647644760761e-03
2.964468568320804531e-04
2.710047267122224989e-04
5.122228233406391591e-04
6.464352715996090140e-04
1.012642458103368403e-03
4.604541793669163999e-04
2.237361542957530709e-03
5.936472050399078937e-04
1.857673533856107710e-04
5.922712136901220293e-04
5.425313708782270690e-04
7.611914100246004646e-04
2.761443884237705336e-03
3.320156440124000068e-04
2.674040129253994150e-03
4.977684289923371350e-03
3.110635378040269385e-04
4.765409738009428382e-04
3.551193225888284654e-04
2.444667902521118906e-04
1.121518211354595234e-03
7.991416630944131027e-04
4.694174427129467822e-04
5.538545925207328906e-04
7.955753362454766374e-04
4.984874256705040937e-04
5.896304717798562340e-04
6.165021166437160624e-04
3.361555942258497151e-04
4.487401126230451025e-04
6.671437273269424130e-04
4.331681466950404436e-04
5.880626104532660431e-04
6.499788741003959848e-03
3.574020105327532087e-04
1.185898684931410967e-03
5.270814493145580979e-04
4.168994311500496706e-04
7.111514638522142698e-04
3.234012973617028230e-04
5.227055310300539586e-04
1.159805561724291294e-03
4.038531650342774468e-04
2.366291813988496799e-03
3.846520326688772362e-04
4.003479390001820877e-04
9.599030683945816798e-04
2.167029398426147981e-03
1.555864517869289020e-03
6.425994392267017673e-04
2.857581000231613003e-03
2.508424360816836462e-03
1.056241859291531457e-03
4.246635924460464683e-04
5.525425095057550197e-04
7.693858696116367491e-04
7.474803012821860677e-04
1.638166024673800474e-03
8.892735261201992680e-04
1.054031269977733507e-03
2.237507402416497872e-04
3.793834730168453746e-04
2.396515509345061457e-03
1.526471171997879211e-03
9.993515715176720486e-04
7.237111467577110558e-04
4.298582201072966881e-03
4.401822070707989924e-04
3.069284985141594634e-04
9.430557064883705615e-04
1.120479503465732826e-03
2.325286335357065824e-04
3.110375121147724740e-04
9.692203052245005343e-04
1.476187223545096991e-04
3.912409285162566676e-04
3.717709227344262479e-04
6.429072637261275952e-04
2.362623620282603928e-04
6.228011317036459028e-04
4.821202201401382135e-04
4.228588909895976628e-04
1.403882857866411548e-03
1.882439191951662972e-03
2.396515509345061457e-03
2.483375676001163806e-04
4.060638153785817292e-04
3.392408989825036031e-04
4.921194858140778318e-04
5.427414286891015915e-04
3.065545860714035992e-04
6.497929509715558985e-04
4.399863297351039250e-04
6.400425079871640069e-04
1.964664577048559624e-03
9.193032879495534196e-04
7.844592701511263417e-04
2.200495600409063028e-04
1.104917601364060293e-03
2.404776556601883144e-04
2.553742334968171486e-04
1.564801424251538193e-03
7.792438031549306842e-04
2.914758685217388730e-04
5.085643067557069682e-04
5.800187193460999008e-04
5.293598304330209307e-04
3.860377262437362004e-04
5.072001574775589564e-04
4.611382486201240968e-04
4.954592676436659791e-04
9.802698816898983668e-04
2.779025377302110091e-04
4.937765490139016389e-04
4.016749484478605360e-04
4.005309978071626485e-04
4.272823456246021461e-04
1.951913528478996891e-03
2.354232386702778679e-03
3.567915475744620410e-03
3.523402886502619816e-04
3.103364887112992389e-03
1.876635385254260438e-04
2.627325549411912574e-04
4.587360877756681971e-04
1.123232412269791055e-03
9.656710899644634820e-04
1.207171102599562031e-03
9.149576171111162108e-04
5.675639772318858941e-04
3.587002276416851156e-04
1.347882275256983339e-03
3.719408552766665667e-04
5.358186767375312191e-04
6.320363404486475630e-04
8.058864095009031460e-04
5.031519217954929851e-04
7.191109718484820250e-04
3.595909643482950841e-04
9.164256991265235007e-04
4.758686692499467527e-04
7.379262499964155727e-04
7.167634446476457786e-04
2.738840932184175101e-03
7.014796484374698129e-04
3.659470652313632100e-04
6.355371549296620192e-04
7.003629639109849392e-04
5.484379277101501630e-04
6.358062414054104633e-04
3.737743367458090833e-03
4.376616586109203545e-03
3.865480356907600393e-04
1.497442106014362957e-03
5.256253273791219090e-04
7.799124414686885469e-04
3.526953253784894889e-04
6.970723022912677248e-04
1.512784395976829541e-03
3.676124211129559380e-04
1.336737457589731032e-02
4.976511839049881309e-04
7.551291659973284045e-04
3.429040140706101237e-04
3.421293421177782701e-04
5.220949495718564407e-04
8.378987668397194430e-04
4.524942296506278953e-04
3.135635665481341372e-03
2.421178530585719687e-04
3.270394608547583779e-04
2.335385133580463791e-04
2.831184753526273866e-04
3.354078034586744522e-04
3.110645296249646007e-04
2.763653201676100762e-04
8.927200546032683631e-04
5.361894979962071638e-04
4.114365603913078978e-04
3.235166384454072567e-04
5.121484289142258896e-04
1.955665040614828923e-04
2.926262900099956595e-03
3.626790188676554051e-04
4.388533169310396883e-04
9.758020562457207607e-04
4.311061176890222126e-04
4.363991318387167224e-04
2.340256933578590659e-04
6.981393476700736844e-04
5.262532871687084814e-04
2.686370259480386495e-04
8.063347955710441781e-04
8.057401686039428667e-04
3.076681559649609263e-04
3.812183685751539125e-04
2.399759612564037587e-04
3.195693832759914730e-04
3.297975956176104088e-04
1.273245943876758759e-03
2.752431398392784535e-03
1.607926300117035580e-03
7.865948158022796231e-04
2.999668386120844864e-04
5.542129545385739414e-04
1.153119995087094948e-03
6.647412616265671419e-04
2.829758384812265421e-04
1.173528391025828975e-03
2.146421080102105857e-03
5.870569996967757442e-04
3.074373633944254766e-04
5.349784578696617542e-04
1.595956707526676507e-03
2.666245257829412581e-03
1.169574861494803927e-03
3.035658562019698898e-04
3.107214315198663572e-04
9.356870104758032098e-04
2.320066483541483298e-03
2.190609992509205944e-04
3.342241359056782489e-04
1.398404729077352754e-03
5.132341974732816496e-04
6.284805632042000196e-04
3.675867521396048712e-04
2.072904874015809792e-03
1.030168650265979443e-03
1.985294906884430260e-04
5.932660258531898771e-04
2.699586856088516396e-04
6.841401300976060473e-04
5.335669204544703139e-04
3.206908023865387165e-04
7.516252859671810477e-04
4.763576659822550273e-04
3.156025611780039733e-04
8.576652750261598004e-04
7.199701368747689042e-04
2.786698237254144278e-04
1.693865906912306232e-03
5.318473759484411119e-04
1.322196305708661819e-03
1.287589123538981570e-03
1.882439191951662972e-03
2.761443884237705336e-03
6.965555471873136496e-04
4.743748965696163006e-04
2.686909993248139030e-04
1.200944611191674758e-03
7.380756402495054682e-04
6.194597624409245700e-04
7.995783342543378658e-04
9.124765780643666205e-04
4.197530433720856311e-04
9.074050588142666251e-04
2.967749385503886620e-03
5.824796727428420157e-04
8.427334281643236811e-04
4.027027906044094215e-04
2.712115776568566365e-04
2.214696397501673009e-04
6.885746950607521833e-04
4.681035699048157633e-04
5.495114083308643782e-04
2.896938836470386715e-04
3.478745193330339577e-04
2.584202303073513188e-03
2.361582907802618325e-03
7.136291751364093024e-04
4.319432729374954208e-04
3.819347285882333169e-04
1.076362161984880782e-03
1.668430348157990111e-03
8.454186090373794205e-03
7.111614463440771262e-04
1.838524401160884043e-03
8.403176184837391968e-04
4.962543743456849935e-04
2.758326106496603383e-04
3.186994897419749258e-04
1.408394161113418926e-03
7.274564207920667953e-04
3.826446790116628865e-04
9.086962213447107506e-04
2.919416978551729971e-04
1.404966509918894550e-03
1.128491881321761576e-03
2.324208290592100104e-04
3.684518331715404943e-04
4.740741095258051477e-04
3.686244580751988796e-04
2.374579970942780095e-03
4.888348473866260943e-04
1.313509027084473150e-03
1.138420728806139150e-03
3.704227597590415127e-04
4.938279314519936200e-04
1.483215394817976457e-03
8.813356465350038289e-04
5.683788802402432424e-04
6.460442227713433880e-04
1.322752648526676327e-03
1.595956707526676507e-03
2.041528983925823548e-03
6.796521605889559690e-04
5.855884583433207131e-04
7.197616622670835896e-04
4.210160205556863532e-04
4.445154887483558962e-04
2.109790578556106945e-03
4.743150078185034415e-04
6.350265075574256825e-04
4.621007228905035986e-04
3.080186236806481599e-04
2.233877641744387284e-04
7.699389361034984954e-04
2.045815609197718782e-04
5.863623312710180982e-04
1.028947538972176676e-03
1.384949670731942329e-03
1.711403092405495594e-03
5.542427516424660791e-04
5.306891527323704663e-04
7.730354573308416410e-04
6.166204431184911343e-04
3.640318833787882622e-04
4.321961637953682534e-04
3.497754096127998844e-03
1.743775193051552317e-03
6.122760378521343270e-04
1.739989572547312891e-03
8.242960721994446347e-04
1.144008172546142265e-03
2.361140384916834425e-04
4.774016521351101463e-04
2.277516328043588389e-02
3.224152758441549676e-04
2.902034486132176456e-04
3.393904827393565875e-04
7.561105450789816756e-04
2.727853437584071544e-04
3.308491281003833584e-04
4.817773908106957274e-04
1.584776285231065092e-03
5.821563601705487820e-04
2.322452979623811781e-04
5.893334584233399145e-04
3.110375121147724740e-04
2.986068562582943047e-03
1.779488380119582317e-04
1.006695333034843352e-03
3.214005477486795901e-04
1.735127661751281964e-03
2.009058556529614637e-04
4.441408249569634586e-04
6.777247731768509852e-04
3.982184239582170992e-04
2.977580936637877897e-04
3.847660479835940221e-03
7.795909627628906050e-04
6.643654193689113282e-04
1.120611022616032184e-03
5.929761314805017747e-04
2.468727956876726822e-04
2.968651058676362699e-04
9.533968989307067994e-04
3.119589219038682785e-04
3.800037712668200094e-03
2.547984654757211006e-04
1.162878654022433435e-03
3.928425117704435320e-04
6.419912357403889745e-04
8.309370776940540066e-04
1.273642866992864614e-03
4.689389385874212328e-04
3.326746288639750881e-04
8.370893733413504101e-04
1.289610816668058067e-02
3.971765820094272587e-04
8.485300080111435155e-04
3.873043540329716575e-04
7.101332908315202697e-04
3.584704604195777908e-04
5.746710733421549547e-04
4.357780220283545645e-04
6.935335353390797899e-04
6.246964400266564934e-04
2.635490663008741540e-03
5.413535557169096152e-04
8.406927380741188380e-04
5.401391453038729105e-04
3.640718095119342018e-04
3.682381179568862363e-04
5.433843415751646918e-04
6.067660058033647443e-04
1.558194466458946281e-03
1.711403092405495594e-03
7.699672971138129185e-04
3.868174694824704982e-04
4.822051052100865013e-04
3.763291563459093716e-04
5.580034253544783685e-04
9.498215309633730938e-04
2.802738437492380578e-04
7.779611328093869425e-04
7.083665185315257554e-04
7.983647465353736414e-03
2.721195416794104909e-03
5.441969844424398304e-04
6.262184094839331984e-04
4.350214269022337861e-04
3.621460920658301505e-04
5.990274489305063991e-04
5.218353595934563643e-04
7.480118302678185043e-04
2.285079232194025482e-03
5.400061802213142106e-04
5.536179379722755423e-04
2.444667902521118906e-04
5.839824904619114613e-04
4.783169632810431102e-03
5.245391097408642640e-04
4.521898588535196921e-04
4.899425987821434897e-04
3.816790069057632902e-04
3.048311825017012335e-04
1.759931697438724347e-03
2.564098323726875716e-04
5.211667897365704002e-04
9.489260912629880534e-04
9.506082723433111276e-04
1.300167557473786177e-03
1.026720079610201524e-03
2.276554625703227589e-03
6.721339889533945421e-04
7.525636029297995497e-04
3.042686912457229957e-04
2.618579090960585203e-04
3.498673575335451043e-04
8.937026952207039387e-04
1.150938640437569951e-03
5.132441607903129701e-04
4.563348386192761529e-04
4.116687822023642573e-04
2.896757152043281415e-04
5.243177776666312333e-04
3.092668496004429392e-04
9.246374619701662944e-04
6.274123934596374189e-04
5.730537999205843240e-04
2.812168670215327987e-03
2.456694722136116464e-04
6.166133471950728355e-04
9.494204546097572556e-04
8.527204703081988062e-04
6.545590541388209005e-04
4.197530433720856311e-04
3.472514210062249175e-04
3.617595998045503372e-04
2.613263212053776232e-03
4.054223142952895101e-04
2.399983551170453363e-04
2.277202436630002805e-04
6.024832930820228551e-04
3.402088888350168110e-04
6.270730776347930354e-04
2.396610487103598098e-04
3.544729139236643851e-04
4.954480353167386867e-04
1.081158689499926370e-03
2.235168628396455364e-04
5.485648661993622116e-04
9.769564718591556597e-04
2.130943183017317227e-04
2.551073635138738100e-03
7.516231517853381875e-04
5.323269779563645021e-04
5.566353749386156223e-04
3.681194670361666072e-04
8.643045825656205106e-04
3.615133577872365169e-04
9.815348017957843327e-04
5.226081660732235677e-04
6.592370049931945688e-04
3.602266065601738361e-04
2.288806265286310226e-04
6.490395260902735546e-03
3.689084335972149216e-04
4.025844339493869425e-04
1.153966347316172760e-03
1.219104227904407737e-03
1.106844548393269654e-03
2.788634396603994125e-04
2.829311744968799475e-03
4.894686549839134164e-04
7.983647465353736414e-03
3.497754096127998844e-03
7.330240874850874055e-04
3.957623928559466904e-04
3.208492252010842387e-04
1.028188277086390700e-03
5.853204621072720035e-04
2.340256933578590659e-04
2.643920482690297904e-04
3.428257661808293373e-04
9.775708763781168660e-04
4.925052552156204081e-04
5.365409295396756555e-04
2.490377064299882041e-04
2.286310568675661414e-03
7.709238001859826514e-04
8.566634241995829246e-04
2.003740199914949398e-04
6.297484983774005078e-04
4.855654682284016657e-04
4.012550116371763499e-04
2.181765386400190496e-03
1.350597432903465067e-03
4.653866201663760770e-04
2.375265966122147934e-04
9.809877691337532193e-04
3.763291563459093716e-04
2.561718971823395133e-04
8.456386639730878929e-04
6.385423219794000372e-04
2.687745380230501554e-04
2.917554721264944083e-04
3.312803344723932899e-04
3.299805216625183125e-04
5.132441607903129701e-04
4.016382072285221085e-04
2.405440348663519723e-04
4.197833175597690783e-04
2.497238608996973767e-04
2.557056923374293085e-03
3.131924150988332420e-04
8.793560858961985485e-04
2.351773827734824837e-03
6.214903127712624901e-04
5.064315501810090448e-04
3.403263944905732990e-04
3.922652611700016266e-04
8.296124257796030606e-04
4.028097899619323061e-04
2.844175337135924973e-04
5.145855993097263239e-04
2.273241099591788547e-04
7.400053828658678754e-04
6.226136601906244418e-04
7.454329579342461147e-04
9.942932927982982370e-04
5.358436683778934357e-04
1.164726396222112237e-03
3.839825404764394797e-04
9.278890657490345729e-04
5.108034114685284068e-04
5.069948359727399030e-04
7.167634446476457786e-04
5.770655958642811802e-04
2.761443884237705336e-03
5.739787670568908227e-04
1.114132225275109647e-03
1.461958871876158474e-03
3.895099975237442300e-04
3.064760895388384454e-04
5.083933779303195224e-04
7.236776848426452026e-04
2.420438131980108282e-03
2.317417861718739280e-04
6.797883922942176901e-04
1.457586223362370564e-03
5.144598176088223222e-04
4.710946241492068999e-04
1.594472735057717483e-04
1.183032422296808727e-03
5.436359019676053304e-03
4.697005060093876897e-04
8.917348995814950536e-04
5.091782776941663775e-04
4.777075871751527503e-04
4.698370481729258479e-04
5.046623836804041939e-04
1.285361535595063148e-03
2.643798423912261351e-04
6.066919633123298841e-04
1.567795184674431971e-04
9.536662360958322697e-04
7.805308010118860345e-04
1.673818769894416976e-03
3.858548904634692190e-04
1.132791654478136362e-03
1.730571177492771975e-03
5.953058052311793356e-04
7.199701368747689042e-04
2.260860056609349811e-04
2.460726724925791048e-04
2.382098913419919157e-03
2.369162894336151971e-04
2.129413952396800886e-04
1.653442071685182018e-04
4.581330022140753851e-04
1.437136484677240932e-03
3.143975359133465396e-03
3.542337132801813061e-04
2.977987184049509222e-04
9.779527162557522229e-04
6.834902102061489590e-04
1.656253407575700946e-03
3.737743367458090833e-03
7.799892950393041069e-04
2.587998810191306179e-03
3.128887353740022960e-04
6.603265201091741872e-04
1.013471908312810546e-03
2.693403780899169251e-04
1.218822116213008665e-03
2.323577513842543449e-03
9.155214441033460897e-04
3.033856771531413224e-04
6.241700292774898925e-04
4.504129275300111537e-04
1.526471171997879211e-03
1.437072873386584368e-03
1.457538017289301477e-03
8.394633599912604705e-04
3.375647532978340998e-04
3.836291606234287516e-04
4.018958407382175295e-04
6.819305103736349270e-04
5.374772158615804185e-04
6.358939162039272926e-04
1.756059148414918728e-03
6.352608108040122678e-04
1.450567522491743927e-03
4.903704818556147175e-04
2.310372042075159969e-03
3.706762149825340667e-04
3.024227361796205725e-04
1.147944402313455904e-03
1.183438212334006045e-03
4.209760288421137992e-04
2.662223325484191811e-04
1.089298805501071705e-03
8.252326684085774721e-04
3.695619919355558509e-04
1.105011889323882042e-03
6.348977711237072498e-04
2.793549443839649050e-04
2.551073635138738100e-03
6.997885807495698692e-04
1.658215515026239314e-03
2.955147240755730221e-04
1.005668952997623234e-03
1.306055655927218550e-03
5.831271857828608995e-04
1.179269602366476077e-03
1.830525009113699326e-03
4.437984935791321780e-04
1.242050601506270108e-03
2.731849940778249743e-03
1.038902572805527370e-03
4.517651700750047205e-04
4.750161696131732260e-03
3.873133908627229621e-04
3.289839222728347941e-04
5.404265864468733686e-04
7.199701368747689042e-04
2.865645339115307664e-04
1.114696181686621783e-03
7.468968689403205621e-04
3.029796049311874861e-03
4.760453189027118821e-04
5.870489005022394612e-04
7.943404379425890276e-04
1.153119995087094948e-03
2.781566060227691289e-04
7.249116697800060466e-04
3.151985632864862889e-04
2.812168670215327987e-03
3.244205626859016848e-04
1.514100447711137255e-03
1.245602506828177034e-03
9.636359970292446590e-04
2.643329913963997509e-04
1.805510136482328665e-03
1.905092649547079691e-04
3.571410955815300511e-04
1.974597202756211371e-03
7.808204312709865827e-04
2.485704496909923403e-03
1.118019152250637489e-03
2.817323133946598112e-04
1.245602506828177034e-03
3.500426919093021583e-04
1.055069390446851992e-03
3.834300528091223975e-04
4.101895565567168986e-03
5.103189436190553457e-04
9.365910286794284795e-04
2.254462279139316471e-04
6.358972764629628339e-04
6.259118587358952638e-04
2.508356311744115437e-04
4.822389146355604995e-04
3.564983235156234304e-04
4.070596809187020451e-04
2.118037523977617340e-04
7.474803012821860677e-04
3.807512019665343990e-04
5.968853311891067536e-04
2.686370259480386495e-04
6.024440371059317650e-04
4.391951377674635872e-04
3.490333783454066356e-03
8.156732405061153978e-04
5.870489005022394612e-04
8.461934821145540835e-04
3.809685126524440710e-04
1.009620581912540642e-03
1.287135301962192462e-03
2.613263212053776232e-03
4.591395184417799459e-03
4.400711256403469170e-04
3.069591421280164277e-04
4.346116407167049554e-04
2.462326258697943959e-04
3.215195420287482561e-04
2.042887246726640866e-04
