2.026926114829153639e-03
1.028382808932019887e-03
3.733323234870262108e-04
1.100870973939615475e-03
1.118291958073953712e-03
7.577356425018085331e-04
1.926760025021126248e-03
4.334325816935617878e-04
4.287706023073296923e-04
2.672397443806027052e-03
9.761006829045954306e-04
4.406390444383013940e-04
1.125359430203325909e-03
2.559588339154489334e-04
1.503861828480704179e-03
1.891775410178031785e-03
1.152432764679717225e-03
4.331290449435792195e-04
1.160056517833073318e-03
1.296613604968231822e-03
2.858537355380425036e-04
1.954278707041384473e-03
5.276739333046932823e-04
8.420371364181248588e-04
9.819360611658136100e-04
1.285650416214721486e-03
1.013858428690660304e-03
3.300329719760354249e-04
2.843536371674765966e-04
1.588296466718245323e-03
3.292899895163452434e-04
6.358767282068191265e-04
7.266030253075387614e-04
4.203971284645919172e-04
5.515085166727252530e-04
4.892105002384477923e-04
1.104036782766199378e-03
4.850627265979702931e-04
3.525152311012751723e-03
3.890524856865323618e-04
3.456222948474419994e-04
4.554438550490637078e-04
1.221493321842786724e-03
8.362376549299717831e-04
2.669118872824514759e-03
9.388042149930521212e-04
1.354075763750528906e-03
7.364670504782947023e-04
1.117686699462650890e-03
1.926760025021126248e-03
6.802563629103221959e-04
2.455533286615557871e-03
4.857950925629935857e-04
5.722995016113065995e-04
4.995651322121197162e-04
3.618636344912358385e-04
5.002169496251235954e-04
7.997485321936594494e-04
4.603853474635081653e-04
6.208986443032913196e-04
9.094584684982018547e-04
1.114954894856853146e-03
1.267552287923946319e-03
2.550114803327251968e-03
8.432162705997313552e-04
5.048464901531600144e-04
3.997932369027355055e-04
7.120076045411701231e-04
7.352065564000028614e-04
8.065352115066100119e-04
1.110107352239095247e-03
1.347972253382343118e-03
5.406704108860929843e-04
2.576579508893440257e-03
1.467209478680107839e-03
2.948880102857118300e-04
1.293707903923396480e-03
2.039033829123168117e-03
1.346732467476673698e-03
5.252331425702792085e-04
8.094761097098103009e-04
7.001924476054012915e-04
8.520882893733305050e-04
5.915542385357408506e-04
8.738171156288760885e-04
1.455305853923076183e-03
2.117866794528620346e-03
4.244308427326705943e-04
7.059471856374008054e-04
9.539797133207940155e-04
7.649080708824894555e-04
4.825272708454533886e-04
6.442546749395025368e-04
1.867064603548742761e-03
1.339233905232675714e-03
2.833512112318295560e-03
6.270840626543605157e-04
2.051996786866014562e-03
3.490743798965606059e-04
7.716682613497148581e-04
7.440783044985918278e-04
1.262068590014985957e-03
1.186868001217183900e-03
2.569776182811762000e-03
1.267552287923946319e-03
8.282955842635062252e-04
6.358787460300368861e-04
5.697647903141711502e-04
1.817553288595649512e-03
1.121904255500299260e-03
1.061615099837517938e-03
1.164476713816037321e-03
1.155373809726875081e-03
7.887402849110919118e-04
9.557614993921304718e-04
1.595483284121282028e-03
1.089442596518609609e-03
7.846480985097398480e-04
2.488647965366810226e-04
6.161808991705509768e-04
3.869125597640513201e-03
9.635700731096286673e-04
8.520882893733305050e-04
9.526344180592182659e-04
9.335908938904350718e-04
1.451632852115868327e-03
1.897330350299105501e-03
1.332365496914023019e-03
3.519957443339678544e-04
8.840797205102359640e-04
1.030740006915428775e-03
4.039653800172040101e-04
7.138574697930152868e-04
3.966410217320245858e-04
6.597026392078328980e-04
7.052846302467026237e-04
4.835464986675798937e-04
2.068952033792805564e-03
4.589033274119606420e-04
2.104883590287576732e-03
1.803790067896561414e-03
6.643735191076331845e-04
6.313687935775416692e-04
1.590330563084358479e-03
1.183373918314466070e-03
1.195040046413696315e-03
1.466608950877949400e-03
2.542755716409956807e-03
3.836506520401525310e-04
2.060247059550145924e-03
4.236945280646937104e-04
6.561063487855571270e-04
1.195040046413696315e-03
4.362738748489328688e-04
4.547396721577711852e-04
6.865636384148105517e-04
1.134746091587303125e-03
2.043380834123884949e-04
1.085130132156542125e-03
1.259357701374192676e-03
5.817744177944548113e-04
5.680084715524878671e-04
4.598260241341406884e-04
9.419876249752305629e-04
6.482773179005718069e-04
1.139379527078370142e-03
9.198232250896746067e-04
1.257198069752005340e-03
7.058296992651860594e-04
7.593809823419586831e-04
5.862889454341661984e-04
1.060189920291279607e-03
3.418920932278051946e-04
1.018102144854926778e-03
8.457288052897470130e-04
4.451714736760082041e-04
9.629478132887865985e-04
1.685572256191143151e-03
4.245709612394971610e-04
4.786671912278857972e-04
5.339478206748826542e-04
8.565231146811832629e-04
6.320221287569232965e-04
1.319585951380326805e-03
6.003744623983476745e-04
8.880251301874208169e-04
9.944740759127135808e-04
1.173683108569822421e-03
5.137048174039503257e-04
1.889530552325211768e-03
8.047688555617959734e-04
2.224421324369370203e-03
5.089883906708935705e-04
1.157275440950431477e-03
7.576735274470926696e-04
1.256180204521437083e-03
3.147424075218411047e-04
1.421637107044394950e-03
2.231737858340788658e-04
1.363075282754670423e-03
5.855560288131940070e-04
1.053662799530879135e-03
6.481189391431419877e-04
9.221852513982085192e-04
7.733984626251451258e-04
8.619699957380883102e-04
8.666747599738538164e-04
1.133954799379684793e-03
5.657581048023228257e-04
4.570402886318816076e-04
8.288727255619074592e-04
1.438030780107833881e-03
5.558818026401001486e-04
1.440722474075370506e-03
5.645585576287823941e-04
1.618228658388035915e-03
1.131793300762286465e-03
7.956454865869697080e-04
9.416944504861919423e-04
2.370770652689154802e-03
1.330834935628903487e-03
1.305264744015353223e-03
3.983107483726186331e-03
7.462608105351832425e-04
1.451632852115868327e-03
6.175116983679438277e-04
5.282362072270478746e-04
9.103676211913731137e-04
1.588181924894913402e-03
3.013519809707704842e-04
1.199852763241192419e-03
3.043066806883239130e-04
2.961108154037847312e-04
2.505811727446231765e-04
5.147145191666427193e-04
3.443695432004170156e-04
9.382900301245842949e-04
7.011165115233995932e-04
5.372145864076567504e-04
1.112687211022886022e-03
1.804833155778108123e-03
9.608443361263981769e-04
1.044007203509506347e-03
6.498355694948837339e-04
5.750476584129350383e-04
4.406550216026558909e-04
9.175366021253847544e-04
5.658227374776919833e-04
1.346661139771387038e-03
4.277440853430732959e-04
6.884483425936995362e-04
9.999076849623660893e-04
3.209399643419305614e-03
9.403522366926642595e-04
3.701435424152812255e-04
1.470046928260246473e-03
6.340806076793243685e-04
1.252935827106972698e-03
1.951497688656778692e-03
7.588093905963473043e-04
7.552373666961867274e-04
1.015758585066105007e-03
6.726499793671384840e-04
1.550298430290371126e-03
4.383488135678914664e-04
2.787034599539327771e-03
3.594198727190590133e-03
2.815517068292151142e-04
2.171471427603853706e-03
9.403793210435742967e-04
3.486209060351877238e-03
3.499131164298525574e-04
5.934289403268279157e-04
5.653156901355826242e-04
2.055078832331058572e-04
7.967117389472823472e-04
2.518745095245484970e-04
1.058073348730755080e-03
1.040352823381859686e-03
4.898270482183591807e-04
8.757449881172175207e-04
8.970252422760136750e-04
3.935297260472792025e-04
1.144922823594817169e-03
4.124207820176056046e-04
3.549015363596112077e-04
2.955059357969564153e-04
9.533799474970546320e-04
6.333751694872048017e-04
9.433766743167515271e-04
1.561387365018180196e-03
4.760171900546091689e-04
1.557855900356373792e-03
3.067123688981929718e-04
1.129570634167317497e-03
6.600912106777324408e-04
1.611439473795677271e-03
7.048864042829729301e-04
5.446431717648679907e-04
6.579910404252298098e-04
1.773475371556049868e-03
3.701269290890235705e-04
3.955117859805097093e-04
3.811857118979454094e-04
4.630861621163360120e-04
5.998945658655004121e-04
4.874441529150889203e-04
1.135602212789907752e-03
1.201787689410079756e-03
7.961319887975260067e-04
8.707495892551106150e-04
1.467209478680107839e-03
2.095886021978654503e-03
4.970330141878585937e-04
1.179305978097773631e-03
6.143240689964425336e-04
4.230667300695691350e-04
5.521132399080038757e-03
8.129439800836486775e-04
2.017034581248089171e-03
3.711715721032828258e-04
4.643868253808785076e-04
6.659930716998358792e-04
2.725900879873133079e-04
7.139065009363060451e-04
6.438406118751937570e-04
8.061232016439984346e-04
1.200408720762923334e-03
1.838700898888631250e-03
1.123498029801885904e-03
6.384417768062097516e-04
2.941141940842796230e-04
6.533675502895519571e-04
1.294545611182784531e-03
7.849009423911143058e-04
5.324548927777840142e-04
2.985787257938452878e-03
6.757699012157730159e-04
7.261944911009772605e-04
8.261713731549288333e-04
2.576579508893440257e-03
7.197308288784624170e-04
3.844535244602458892e-04
8.413890186453115358e-04
8.811467723454506932e-04
7.474934115783389088e-04
6.129491367803376013e-04
2.114547585514230891e-03
1.117686699462650890e-03
1.318903665151048999e-03
3.847739039755182304e-04
4.637775019835107637e-04
6.579690016578535437e-04
1.057463604633056753e-03
6.955503497532228773e-04
1.018551205301323169e-03
3.728671157298219180e-04
1.135219964638688401e-03
1.021529167900418148e-03
5.005208935535606371e-04
3.299340430625376285e-04
2.085559230772361140e-03
2.103904162537857062e-03
8.088521753957412120e-04
1.124457858771466196e-03
1.813117469861469768e-03
5.296242879649269925e-04
6.066955552545668035e-04
2.240331947945427803e-03
7.064471464548432826e-04
1.144725427329511486e-03
7.475516355855128759e-04
6.338946994195190183e-04
6.668713930300529261e-04
8.457288052897470130e-04
5.879414551511861911e-04
7.598378556984760213e-04
9.445257410936917179e-04
1.213754327922347311e-03
7.648685629131024523e-04
1.068093340079481280e-03
1.352434956913929620e-03
2.263549804284416093e-03
2.941479866904948533e-04
8.329238128505758645e-04
6.608603786959417773e-04
7.479852436495413540e-04
4.689726847707769287e-04
5.571249791916203526e-04
9.652887444686492893e-04
1.121278126329015466e-03
6.920518561591076446e-04
3.936117311046264744e-04
3.367327180707818863e-04
1.190768574071356676e-03
7.634534492101269785e-04
2.683787242490091787e-03
4.161827637454175270e-03
1.081425677092793516e-03
6.152804689216768291e-04
7.841619847122984800e-04
4.439988889275108918e-04
5.246755341343560487e-04
6.958237875694470859e-04
1.323829072108972547e-03
1.044254804188049805e-03
5.237497526726258342e-04
6.310851100960888005e-04
1.189891484690982658e-03
6.024863368990379144e-04
6.251566253692057229e-04
1.836540018679645291e-03
3.181841960986125017e-04
2.772224355612523151e-03
1.167728520822050890e-03
8.601329989347065432e-04
3.452259517138187581e-04
4.369790624984470559e-04
6.189313352103235563e-04
5.218147430603056703e-04
5.855560288131940070e-04
5.429882547222156502e-04
1.315797705180829806e-03
6.358767282068191265e-04
7.337854667305638472e-04
1.238025051046169481e-03
5.349656735585906148e-04
1.196089810676436143e-03
3.887074510178843527e-04
2.571144258533176888e-04
7.707104223820474952e-04
1.408533875333286330e-03
1.296442903136791561e-03
1.894858301518968346e-03
6.650763159759784686e-04
1.897840197216294975e-03
4.160579898044748236e-04
7.809952674482658307e-04
9.269188235600685482e-04
6.405410398717368853e-04
1.845965163181487395e-03
5.549079059621881815e-04
7.477992025100473061e-04
4.512688871948485688e-04
5.964772488472676500e-04
6.404866748685240268e-04
7.508325481750114565e-04
1.951858369074773239e-03
5.364303255430716462e-03
3.113024452181672140e-03
1.015579750243941802e-03
6.701162686104999511e-04
1.200408720762923334e-03
6.232274277481048008e-04
5.548947651763882919e-04
1.151765871940444233e-03
1.196171065501267167e-03
3.905315990800044138e-04
3.653362631666366082e-04
4.381848749897288291e-04
9.046637384120987139e-04
6.154686849893543921e-04
2.972489773689451732e-04
2.263549804284416093e-03
5.653527908075787946e-04
9.139322446332599423e-04
4.217030518550597944e-04
1.212000454642185631e-03
6.040164858702077536e-04
1.690788950984054668e-03
1.593192087054461515e-03
6.842082371031626845e-04
5.661420265055665691e-04
1.562006758597052260e-03
4.979921909048429848e-04
6.275821117894753642e-04
4.649950051630199165e-04
5.872631255081852027e-04
4.317262986943611893e-04
9.558370797989873676e-04
4.395680596484245360e-04
3.551738352807622232e-04
7.245826464125350265e-04
5.190112839938833093e-04
9.896731159105256938e-04
1.003760024336048176e-03
2.775426001140106022e-04
2.326384759056311646e-03
1.339233905232675714e-03
5.267902236849844513e-04
6.010809995922540604e-04
2.942613739722239907e-04
1.671974805382172094e-03
1.485095812231750469e-03
5.216038238238455537e-04
1.717746896947303353e-03
8.413177600898294646e-04
3.204544847802011896e-03
8.453806693473179829e-04
1.023350420713949483e-03
5.034205278488735258e-04
5.855817791059047400e-04
3.051457100190692589e-03
5.811868504720030726e-04
7.803633871973632112e-04
5.309506810440273563e-04
3.707392983775880746e-04
1.046530328742219587e-03
8.384176699088655149e-04
9.518993813625318060e-04
6.686190123272592930e-04
5.847667035113122665e-04
1.237069816596400237e-03
6.318564725644767836e-04
9.056473840031336372e-04
1.009188854004769084e-03
7.240024478141705768e-04
4.684632546305952179e-04
2.278239310734885784e-03
7.421420239477030840e-04
4.396446933237096360e-04
3.836672853511194402e-04
5.103523086179698794e-04
4.596583100119850458e-04
7.521740865069451469e-04
1.446790276350868720e-03
4.225914634860519401e-04
5.678428360876819868e-04
7.358052641885216112e-04
4.934730306247458185e-04
3.774960534103158349e-04
1.171942389511691383e-03
1.773475371556049868e-03
5.915542385357408506e-04
8.184654610592913227e-04
4.777581731747941249e-03
1.629589835284028657e-03
3.191598453024467575e-04
7.534725428990321928e-04
1.435902597003970100e-03
2.185026340518508858e-03
4.696198926484137408e-04
4.504136576952342511e-04
4.725292968149567971e-04
4.558232811461421772e-04
5.185704505157954494e-04
1.125750471036563284e-03
1.922304119253181445e-03
2.125486721263890625e-04
9.323774939871955171e-04
5.388959936757964407e-04
2.078956705034499825e-03
5.909677013317156521e-04
4.655425040451683380e-04
1.242022093196080588e-03
7.288363682116841919e-04
4.548645973457061302e-04
1.535782948143011662e-03
1.670655815119881588e-03
8.793823017211704592e-04
3.633425387694698525e-04
4.646075681478951231e-04
8.527741309312214220e-04
7.036131624608155935e-04
8.871427387926028845e-04
7.667789824410531753e-04
6.485162414553442400e-04
3.362440037433906629e-04
4.271163151794966917e-03
4.974425288531170728e-04
4.396582922429946127e-04
5.680084715524878671e-04
1.120149683679491680e-03
1.109609187501837090e-03
4.509928354085850771e-04
5.662342269039129629e-04
5.382256939958541967e-04
1.007806688860674428e-03
6.118800904559065215e-04
4.171811540622876423e-04
4.391046458052149173e-03
5.934289403268279157e-04
8.494905872400050498e-04
1.026891866373855515e-03
4.467883782133248542e-04
1.593106681418752970e-03
4.172852152284500121e-04
1.711155637515295556e-03
4.283157034358446428e-04
8.031098214111223729e-04
9.371970832685670282e-04
5.507879902867568499e-04
5.852358315624616066e-04
9.429265456969063543e-04
2.945635401358711073e-04
7.352703781022450419e-04
5.643279559310376619e-04
6.027270993994914092e-04
1.014250909697017328e-03
5.758784236614033136e-04
6.418675338971468504e-03
5.311363723815773746e-04
2.606395790945885676e-03
6.355078240419218287e-04
1.883052621026863258e-03
9.369198502933561573e-04
3.800607616384642012e-04
7.352703781022450419e-04
1.902081649905044839e-03
2.029654124851191545e-03
4.175834388557112279e-04
8.038258207965384662e-04
5.526887494722061570e-04
6.368294029161804520e-04
4.654446145943717307e-04
1.791654729752381950e-03
8.295393217291816132e-04
6.644035916956897740e-04
1.001658017731593426e-03
4.380371567663211775e-04
6.144433529356623565e-04
1.485439025020137728e-03
4.437049770459579258e-04
5.010995515675747839e-04
8.093194826840489475e-04
7.428476259559758932e-04
4.684790520048188523e-04
1.195763604797111558e-03
7.959613434630049764e-04
1.478874377485380224e-03
2.342573429198139406e-03
2.075342947894805602e-03
7.379338563144822918e-04
5.396774851585920720e-03
9.582840899194746461e-04
1.196171065501267167e-03
1.022945841135450718e-03
8.249950238077064825e-04
8.718515888298859848e-04
5.457495824652503977e-04
1.590330563084358479e-03
1.010284759338603245e-03
9.105665215141879772e-04
6.115169902745881247e-04
4.057060435910241633e-04
4.622269106847423951e-04
1.641471327501883284e-03
1.469394826566963047e-03
1.486985812086468297e-03
2.248401228025569479e-03
3.599755155348884962e-04
1.734524994302114693e-03
1.044547736645605462e-03
8.468956219621833230e-04
7.333218398806184979e-04
2.209527490833258345e-03
2.734301873305210878e-03
1.284370342406873861e-03
5.637685705162375242e-04
2.815004965898097581e-04
6.157442503007139580e-04
8.370191707600819001e-04
6.853383453673606495e-04
1.027795375255299891e-03
5.892386297891521020e-04
1.077591059027391837e-03
1.105528974461939462e-03
2.011808602212731417e-03
2.821538400214970168e-04
9.826408738016227575e-04
2.143663961932082244e-03
6.711018840509953972e-04
6.547516455423336382e-04
7.869870035991647543e-04
5.412954299072646408e-04
8.290064278224610218e-04
5.321266152346943064e-04
8.291648267837049401e-04
1.490198641226537449e-03
5.091377704958014935e-04
6.065598611047732115e-04
4.091093059050889143e-04
3.599393677241618031e-03
3.160542616686032010e-04
7.510031424567188175e-04
3.848156561176027234e-03
6.854366779260504623e-04
4.522509598031066911e-04
1.427092129855219273e-03
6.118800904559065215e-04
1.003956252027938308e-03
1.065115482794731869e-03
1.021589391931603105e-03
5.359119393428322768e-04
1.253681284125029473e-03
3.348785234527292508e-03
2.651572323304742396e-03
8.719112998948549964e-04
8.338173959569664768e-04
7.209238338367232428e-04
7.506495151410776242e-04
3.326301731244058618e-04
2.451737038562032314e-03
2.844574528984237377e-04
9.926052941391125088e-04
8.441398667778773814e-04
3.597303323247360890e-04
1.083941718473883410e-03
2.512543092202469729e-04
3.879406441685052422e-04
7.707154811441418313e-04
2.868503882053702759e-03
1.107745703505550079e-03
1.535782948143011662e-03
8.967840347185773763e-04
1.265679860272290276e-03
5.600895670632535014e-04
5.178471803118331633e-04
8.663901402410036827e-04
8.669774424480744925e-04
6.244308854993219082e-04
5.988140420013542478e-04
1.136761751277538682e-03
9.771161040564419441e-04
2.683787242490091787e-03
1.915186460069112726e-03
9.427901157676886121e-04
4.105247984165198032e-04
8.883106562339634481e-04
1.462890874397675470e-03
7.258966346453782055e-04
6.366492439357658833e-04
4.673918652131440208e-04
6.693745606651904136e-04
7.113249407583816181e-04
7.208974898151468500e-04
1.396422038861223945e-03
4.899317660716562880e-04
6.089752989267184372e-04
3.592938970315985277e-04
4.437380362943113055e-04
6.481189391431419877e-04
7.128381093241170684e-04
9.679783699811257951e-04
1.788288396910011659e-03
2.274855137415090264e-03
3.053530950755357735e-03
8.096554252954177517e-04
9.494153791204432667e-04
1.527645951849151583e-03
6.255894698356080988e-04
7.024827030350817977e-04
2.263549804284416093e-03
3.825796820265424717e-04
1.733784186755581418e-03
4.812324115332918765e-04
6.646023191673027528e-04
7.047004910509006240e-04
1.032844491650411565e-03
1.282029606428141061e-03
4.295484964597416177e-04
1.057805502302717202e-03
6.956491105244716347e-04
2.096969736414551044e-03
1.165951861141225742e-03
8.413177600898294646e-04
1.270432504331799137e-03
3.224490902628299681e-04
3.636084583734991698e-04
9.539651987130242034e-04
8.194976720100959847e-04
7.987855405331380958e-04
6.524301907097283500e-04
5.879225674328432795e-04
1.816422786861567051e-03
2.542976751257574448e-04
1.724283901110496616e-03
5.175686625092196192e-04
6.555419163655027293e-04
2.313134079974959491e-03
5.913274868768775717e-04
6.915437341753282547e-04
4.267548323817271306e-04
1.552143478814656946e-03
4.757716257559453741e-04
5.442484831217635557e-03
3.635791089869001760e-04
1.533268772305242502e-03
8.716393870197442764e-04
2.340414884452048192e-04
3.592275330635903339e-04
1.022623201961770940e-03
5.179060246250244024e-04
6.343964338455956951e-04
7.141941676576032136e-04
6.336243535998444497e-04
2.705582350275121078e-04
3.543434267878804462e-04
3.228705960631515857e-03
9.643542756282263550e-04
1.118663619951566638e-03
9.035952436349524745e-04
1.232815436521554099e-03
6.558798707969558644e-04
1.695790233327809085e-03
5.658657626125188468e-04
4.399288524686206163e-04
1.246813070015728069e-03
1.463647203618596154e-03
1.253842176562427460e-03
1.812930156709814753e-03
3.391873970828896984e-04
1.584496503698213038e-03
9.339704066837150286e-04
6.939057009206193744e-04
1.938647756767468292e-03
1.426540152611264567e-03
5.932444630631054797e-04
6.641238892277742840e-04
3.483595927221436270e-04
1.216088009757708682e-03
3.674394594604050556e-03
5.906591700820900109e-04
1.733784186755581418e-03
5.009491509798445026e-04
1.400476572355819965e-03
9.065526201601736790e-04
7.937635505012275664e-04
7.546798753855232540e-04
1.303109092513958294e-03
1.061274109119733720e-03
1.754751240145005422e-04
5.171928173996160694e-04
1.157046063090885280e-03
9.728959127747255830e-04
8.572706778687564982e-04
1.088225496083366833e-03
3.447962045305479582e-04
8.891995415190437129e-04
9.767592463155016363e-04
3.804144250324974046e-04
6.936174169853894650e-04
5.451541533195421261e-04
4.904005832207938105e-04
4.835046512542452452e-04
8.726813121060059044e-04
3.669697325050684587e-04
6.455655057207260010e-04
1.302507506324820452e-03
1.229822211631956090e-03
8.309607492576682238e-04
4.730442578278219105e-04
6.802563629103221959e-04
1.578783582514160658e-03
6.687947915392723937e-04
8.573775014326705463e-04
7.190611047502089466e-04
5.129558016883250431e-04
1.009470033203391584e-03
3.623592992794999121e-03
5.089883906708935705e-04
6.244760212512025146e-04
3.416240353703337853e-04
1.442783432294377811e-03
6.632767938316432932e-04
3.836506520401525310e-04
1.038690711197889091e-03
8.249950238077064825e-04
8.631401714047650352e-04
6.093462157948940829e-04
4.335836252522538609e-04
2.768543142461148501e-04
9.105665215141879772e-04
4.368974355014850820e-04
8.670842308973093640e-04
9.863587875675559891e-04
1.740045539282959828e-03
5.375812386736978157e-03
1.183164751819618500e-03
6.842263528612292948e-04
6.543756813553264435e-04
8.521140865884528322e-04
9.498334458326857356e-04
1.257431111883896288e-03
6.936174169853894650e-04
1.393710345730589818e-03
2.488647965366810226e-04
7.113249407583816181e-04
1.784270845417245885e-03
5.110916580906853289e-04
5.246755341343560487e-04
1.044033887242152344e-03
4.766827242389208704e-04
9.193655586003519594e-04
9.473293494366560527e-04
4.197406158479423475e-04
9.025811165358776922e-04
8.663823646815353632e-04
6.333751694872048017e-04
9.209979470087145074e-04
1.248841368082969153e-03
6.199518653037866187e-04
1.383704905498069461e-03
4.650403409862329624e-04
1.194212729615409807e-03
3.242363170551963020e-03
1.006750121976416647e-03
2.463851745275613334e-03
1.272956170383106930e-03
4.736283156726718937e-04
5.906874290097654341e-04
1.062142187504665734e-03
1.996388431359893967e-03
7.789587591337277265e-04
3.217973576512431710e-04
9.915513573054500051e-04
4.003363901844048567e-04
8.670842308973093640e-04
2.766089905524248254e-04
6.282467337436986685e-04
7.967787614007810137e-04
8.766435955854443279e-04
4.639684495228815243e-04
1.004567414670481159e-03
9.819360611658136100e-04
4.235332648266111328e-04
2.955355567044817573e-04
5.570375417443466752e-04
5.492117763274444652e-04
1.021977418331071474e-03
6.514751792255961621e-04
1.099646640569635660e-03
1.326775665937955043e-03
7.519666102389952573e-04
1.270415815120330824e-03
4.451714736760082041e-04
1.282544729835516503e-03
8.563035532842127066e-04
1.121825016092282360e-03
2.469041585970177272e-04
4.899905101914415464e-04
6.970735156660025052e-04
1.751825616035994826e-03
8.560037336383478088e-04
6.307602669985430243e-04
1.433208240111392192e-03
1.059930342259803775e-03
8.877629435228603753e-04
8.519266788248804501e-04
5.579736529059727956e-04
9.479660310611793010e-04
1.009323768255304113e-03
6.955546905765812998e-04
2.050833238854138461e-03
7.143350778021278829e-04
1.405197839724575638e-03
1.038614341207201369e-03
7.608977418974115225e-04
8.985088135444670469e-04
6.519142203735788345e-04
7.541866321290581964e-04
4.872396052250328930e-04
5.819605301680450633e-04
7.782472460911777409e-04
1.275474237461400335e-03
6.450932935114453036e-04
5.909257635144038933e-04
9.358792591264126310e-04
1.178988188362032740e-03
1.480495486394768937e-03
4.131350106085344715e-04
1.326478361489287798e-03
2.831242780986094679e-03
6.013251598248149426e-04
4.213144915479367382e-04
3.435628571837943241e-04
3.829459391161753822e-04
9.526344180592182659e-04
5.853578250525240216e-04
5.803394783288274216e-04
5.270260608629276453e-04
8.107004069804388518e-04
3.339539855333326286e-04
6.734095716811501486e-04
6.094819841841774477e-04
5.947921132185075063e-04
1.961161666903119861e-03
6.523430357068187935e-04
1.123158544462323719e-03
1.513244773291419357e-03
9.690261988083310194e-04
4.925066226901266518e-04
6.046076267049509080e-04
5.860931228892128989e-04
5.367091019623168591e-04
1.816422786861567051e-03
1.170128489912463342e-03
9.464154849633062052e-04
7.754996001812322105e-04
2.726816626272273261e-04
