1.079499920514889830e-03
3.340799021463151551e-04
4.715281359346046395e-04
2.179009248638271844e-03
4.550659325994579397e-04
3.044532614767270370e-04
7.301185327267268590e-04
4.130237211240381343e-04
6.898596350474377279e-04
1.120415737571873408e-03
5.715878605790057632e-04
4.007792786139385941e-04
7.103501734538434113e-04
2.363270737130733403e-04
7.410882991777613307e-04
3.258128056425742226e-04
3.819071259788715009e-04
3.244075283611371494e-04
1.362803953165692096e-03
7.706450530978475487e-04
1.281270951299467520e-03
4.169336320511061425e-04
6.154331432496910545e-04
9.271335848932442045e-04
2.969232026873075739e-04
4.887133622423179505e-04
3.544866601596560469e-04
5.599338483010978581e-04
4.713247740399786672e-04
4.839871414481009340e-03
1.049839826620487014e-03
1.534188912721704554e-03
1.044500959215844847e-03
3.844424062503251313e-04
5.216735926517283156e-04
3.430642084212534755e-03
3.802199165426019050e-04
4.950706830554157381e-04
5.655423972696511361e-04
4.777558893527970906e-04
6.480251534192017033e-04
8.313647316901007786e-04
1.050082276337277638e-03
4.825176933881072006e-04
7.886907317216218646e-04
3.943586615146266400e-04
7.558516701201032717e-04
4.092792761537017085e-04
8.294244596215869306e-04
5.326539217459111625e-04
1.746069786720256698e-03
3.193180825758343755e-04
5.196400799687946395e-04
4.862101743262486897e-04
6.934301804466753765e-04
1.212429411469246373e-03
1.095296093108702982e-03
9.883764094705876566e-04
1.374532063666458748e-03
4.301414471388957314e-03
2.483575048078385909e-04
1.078755029710822379e-03
7.143620609948789224e-04
2.724357585743993840e-03
2.524413096793348601e-04
2.098935355044036016e-04
1.665023709738186800e-04
8.590941460230342927e-04
1.071228452264226744e-03
1.144299695857532934e-03
5.248514397895807362e-04
3.828151911962969674e-04
2.047239183725338614e-04
8.129737292937666907e-04
8.927842055833377704e-04
5.813380618830762828e-04
9.741603291572978373e-04
5.182139356323301914e-04
7.396544268294527125e-04
6.625019925590185012e-04
6.235438403048253458e-04
4.922088380779346883e-04
9.669556387860900673e-03
9.177884627412814930e-04
1.459914796857262123e-03
4.701620098779267531e-04
4.421930829735540931e-04
4.428766821361180780e-04
1.685655624567183007e-03
8.382405989902058218e-04
4.172584553833150363e-04
4.822887526281393776e-04
2.112179149595899089e-03
7.259014640740278374e-04
1.346462022885232864e-03
8.661272685967564460e-04
3.242412648141731004e-04
8.645320499250563808e-04
5.443788918241644148e-04
2.170669600513637151e-03
4.324587770463752547e-04
1.457105713220235247e-03
6.434472712878912476e-04
4.093965887107876064e-04
8.600211616160089714e-04
9.260586474552066384e-04
4.055345889952306640e-04
5.178572466293343991e-04
6.899679265068435659e-04
3.071150370901788587e-04
2.373174851832156437e-04
1.283356347689065726e-03
4.172222366952892071e-04
7.769692142946495921e-04
6.300147349479295845e-04
2.011641312345047606e-03
3.358978803474484088e-04
5.427877871951344683e-04
2.079907685682068992e-04
4.533576101098534699e-04
7.676292829175993199e-04
3.559134418443983820e-04
5.134605851841680295e-04
4.282301093120699596e-04
1.879863278115960230e-03
6.016821015231634418e-04
9.568476454348598913e-04
5.521353812014966229e-04
2.944571380701353791e-04
2.797411884966600299e-04
9.100254589841526211e-04
1.239865776312753598e-03
2.530981406571372453e-04
3.366300789963554228e-03
4.775280011888344712e-04
6.045251337574297909e-04
3.319491865514969092e-03
3.390962780807704811e-04
5.735052427760585665e-04
3.527234264198297756e-04
8.741340334842601133e-04
2.040679002536337997e-03
4.990873366042498449e-04
2.777440773844353557e-04
2.915522945184050962e-04
3.518015436340769385e-04
1.781019737641082118e-03
2.869280293697885984e-04
8.065778408520197932e-04
4.982740963505299242e-04
1.021356673059881440e-03
3.783418473881824929e-04
1.116502906180777237e-03
3.607330795845395833e-03
1.695238386488305072e-03
1.600983815533489315e-03
9.757706333621301480e-04
4.301414471388957314e-03
7.147919062479184994e-04
2.969233974931274867e-04
8.001183917095183902e-04
5.747174988626932131e-04
6.773446063366658516e-04
9.319869273317374315e-04
5.113608374316560125e-04
3.769163723023615008e-04
1.032829133980740213e-03
2.337872750824325843e-04
5.558751918666921844e-04
2.698946219106770298e-03
4.641887294131475392e-04
3.905190268776673451e-03
2.803099150704292772e-04
1.446082947711349294e-03
4.929917774742442966e-04
5.617658983682037067e-04
1.540511148043858690e-03
3.239152996542621777e-03
5.695618275849732111e-04
3.742850961432313142e-04
4.512917581397615134e-04
4.362464266951766932e-04
5.721863949569454093e-03
2.467825502923256197e-04
1.798939412396471189e-03
3.579665174690651913e-04
1.668443974809246050e-03
5.234230290664530945e-04
1.294948609250498118e-03
9.981989559512930051e-04
3.355797217453003185e-04
3.045340095477051508e-04
6.162535398268390290e-04
1.859036744858283234e-03
6.922374629261764025e-04
1.141169106839581273e-03
2.685671601332008536e-04
3.271353563446486039e-04
5.057713157021297146e-04
7.204959200552068588e-04
1.245705653653593221e-03
1.065520985577571734e-03
5.518347455140159338e-04
7.774562842930085593e-04
9.328887970828064324e-04
2.018143867732860846e-03
4.301414471388957314e-03
8.293839255261092544e-04
2.919942599057516073e-04
8.263161233663678020e-04
2.812773893722057806e-04
1.197033915015467817e-03
4.382265569931837823e-04
1.818019384005876938e-03
4.928477916764377638e-04
2.955901543589796259e-04
6.495120489688806925e-04
7.926017203168456496e-04
6.851311421463581169e-04
5.492689563212972172e-04
6.275928241340574974e-04
1.349999592186252022e-03
1.231367816253802752e-03
3.805539184097230551e-04
2.350245021718167892e-04
5.814321429328893733e-04
3.397137845246038686e-04
4.468493697204210303e-04
4.067159493678893000e-04
4.819385011958224265e-04
3.629269531461472016e-04
6.657472937805659083e-04
1.775097871304191777e-03
1.182173906512354669e-03
6.828307326208105273e-04
3.821068804559459475e-04
3.430642084212534755e-03
8.843142504414102083e-04
1.689168800463448569e-03
9.198495564900066720e-04
8.012737087914871157e-04
7.601596023745250952e-04
4.444305994502130452e-04
9.346847526910547453e-04
4.103795820281694708e-04
6.839008792550352973e-04
4.973378538993381047e-04
8.447733439707134006e-04
1.709285568086623157e-04
3.193042749165428905e-04
3.897493746962503707e-04
9.573774059243346513e-04
3.844424062503251313e-04
2.157808349449127938e-04
6.127713553574302410e-04
4.430676147422424132e-04
5.198680406026383750e-04
5.152082230738830055e-04
5.271018116736066704e-04
6.176129348994641817e-04
6.950286847861621153e-04
7.345936938023644829e-04
2.504906881932133221e-04
4.331022337361862097e-04
1.129983709695137496e-03
3.803990573627059088e-04
3.390092593549571837e-03
1.908513574443654131e-04
7.691971876500798295e-04
4.505168155584207451e-04
2.295131653977249258e-03
8.004089413118145851e-04
4.041875533870682908e-04
5.784167627906898783e-04
4.187587124684685855e-04
4.821513794379834192e-04
5.343216810422228699e-04
3.721516243045823718e-03
7.008547544332695408e-04
2.822847266743046561e-04
2.915267784732008139e-03
2.670484232035792585e-04
7.317095294873260380e-04
3.601611795383570644e-04
6.571874708476958425e-04
1.124236289848771966e-03
3.203307449206509519e-04
7.171518944526556784e-04
3.190126969277038349e-04
4.704062557560916339e-04
2.097674516843445213e-04
3.116755741888484589e-04
6.277785203306697785e-04
6.657472937805659083e-04
5.281557774428736292e-04
2.357657099160319423e-04
9.637907333189790673e-04
1.560213078541960226e-03
7.755532774150852675e-04
8.435614425224793227e-04
8.577127956126126334e-04
1.769482699109335699e-03
5.240269874198482791e-04
7.183378685507925843e-04
1.675153407682910406e-03
4.688220776258880630e-04
5.421655381235127068e-04
1.215553326890976603e-03
4.612105142829104037e-04
1.192219351418218097e-03
1.303348445767639561e-03
4.325143349790224931e-04
6.071082324342537851e-04
4.424281854238178743e-04
4.652693989234819015e-04
6.727698067142637859e-04
2.230792312824898468e-03
3.450662918905226498e-04
2.972587993013012589e-04
5.555933195506334091e-04
1.517237132803535369e-03
1.441001525262593317e-03
3.160595118424850531e-04
3.316704974594908645e-04
4.433607675012116839e-04
8.386717365717182579e-04
1.629772750089176353e-03
1.116502906180777237e-03
1.937756348223632552e-03
4.685266806508134687e-04
5.201200940219409498e-04
1.800058307790594603e-04
3.033858933907050931e-04
5.979175254547261726e-04
7.101518610132094176e-04
4.429905282142798098e-04
6.431885828646454872e-04
1.519674109420393474e-03
5.765679556775429046e-04
1.404665064097084665e-03
1.120220192719587581e-03
4.911330574935559657e-04
4.039061612187623985e-04
6.434472712878912476e-04
2.694067263295735551e-04
1.026200181731865132e-03
1.346462022885232864e-03
1.689035251571379802e-03
7.200926794358250690e-04
2.243476905599808141e-03
3.678579928883501222e-04
9.800525218849227838e-04
3.001852260414989218e-03
3.295754991797872151e-04
9.884245487258404902e-04
8.815937040035153830e-04
7.163374830876901266e-04
6.315311995168254328e-04
8.946903212496089058e-04
9.975725393599761247e-04
7.826211444113352666e-04
1.032894274886045479e-03
3.827166690844283916e-04
2.265631633456645366e-02
6.462225185275234434e-04
1.032403230081360094e-03
3.965867080594852713e-04
1.078030212610878126e-03
5.842178507817947803e-04
2.076052343640030870e-04
7.023419182448805125e-04
4.548741642290571340e-04
9.189509550482690683e-04
1.078755029710822379e-03
3.678539170981356228e-04
2.286473378196905780e-04
4.157813667532470167e-04
3.965907476086061485e-04
5.417155814539314574e-04
7.545121951809716883e-04
6.136518077004163123e-04
6.049774496042754999e-04
1.444768239271501404e-03
5.556555814508568145e-04
4.446137632641775084e-04
8.308733388499932315e-03
5.131332075923225990e-04
1.617071436896952083e-03
5.339008678934279361e-04
1.038055139259458966e-03
1.148097505886561424e-03
6.246738360413944943e-04
4.746187478529832640e-04
4.908094023723315628e-04
1.065282485554883054e-03
7.179519907514489646e-04
3.491090480142781624e-04
3.098050501352350131e-04
4.805867151728753710e-04
5.287146445774931671e-04
4.817741353862260191e-04
5.559592767650313244e-04
1.224350637523447579e-03
5.776720428065803235e-04
9.694073534753695418e-03
3.013064526562213622e-04
4.624577148484481162e-04
3.450662918905226498e-04
2.890879258642784118e-04
5.848280651779847730e-04
1.022475852050301745e-03
5.084824436960511335e-04
8.120718284381123111e-04
1.838820549688418605e-03
4.114566327053971744e-04
5.623294415994789649e-04
1.157904499883904634e-03
1.437309621402456947e-03
1.238941415366071096e-03
2.836606378186005929e-04
4.247995256613064851e-04
3.519927691656620167e-04
4.698308126641514873e-04
3.556184901237033780e-04
1.666134630594257385e-02
5.661608588011972712e-04
5.978216046912938984e-04
4.808947268625955512e-04
3.184093097033529902e-04
3.194013130734797657e-04
2.970836079949606533e-04
1.671936413433403133e-03
5.173985978740068895e-04
5.030220765355236830e-04
3.412033156383748912e-03
8.486593784147605530e-04
2.534863976431274857e-03
5.706028858912343084e-04
5.474373820990567239e-04
1.061978622943187366e-03
3.768631307560144279e-04
7.313482465051828483e-04
1.586347250169292287e-03
8.108954192674217324e-04
4.824653043841984658e-04
8.903931047084933520e-04
1.830448005427425364e-03
4.832512385577930115e-04
3.375142238950800148e-04
4.251064997151118114e-04
1.283714876793707986e-03
4.143336532247929825e-03
6.449957513438401039e-04
7.345936938023644829e-04
1.578978596263591865e-03
9.570879250684771354e-04
3.961261933311224955e-04
3.491090480142781624e-04
1.536814838636356385e-03
9.971318348401341479e-04
8.550304608696911559e-04
5.304365326552430617e-04
6.504146252949364725e-04
9.962411590491639535e-04
6.659201802628071437e-04
1.529907926178215557e-03
3.558164356333180572e-04
8.587003754239846531e-04
1.379688849013831686e-03
1.265325421833086777e-03
5.720541483638107204e-04
3.896214231109926284e-04
7.985917121021376443e-04
6.305441655960424387e-04
4.301574130213657739e-04
5.229686600619437532e-04
6.432018612523760946e-04
1.259705200522116342e-03
4.980502041557087131e-04
7.626796069501685579e-04
4.087268011424153636e-04
4.359187382874924843e-04
8.974698305854396417e-04
7.070347696120511108e-04
3.515793165086322130e-04
7.705516217717267319e-04
1.723862061233700669e-03
3.649590281679048441e-04
3.812331226549686746e-04
6.792519376074030325e-04
5.867745594273455698e-04
1.224199561443093439e-03
4.785391179381283866e-04
3.116815181964069674e-04
5.200043805450093671e-04
5.660905791376721679e-04
5.425310418454903569e-04
3.593778359109733324e-04
4.578610515403230613e-04
7.003034322957312147e-04
7.411477269811074173e-04
4.680039465710278163e-04
9.570033532965295086e-04
1.207257005803530825e-03
5.693918118961713163e-04
5.102269448384433954e-04
1.753602383751459801e-03
7.836628290177284541e-04
1.083637857972816849e-03
2.216457380010423105e-03
1.261857552914231019e-03
6.774439525021398907e-04
3.421398371240197845e-03
5.009093482163409728e-04
1.230807369698964145e-03
1.004579771629856818e-03
1.597311307590681571e-03
1.228354789279361781e-03
5.813653388021611593e-04
7.526544291929058864e-04
3.937211197793210986e-04
8.423507827484922814e-04
1.424701493184525559e-03
2.984620324070264333e-04
4.137527354282123930e-04
1.006661841599145466e-03
1.263784121496464366e-03
8.767238190979105257e-04
1.560213078541960226e-03
5.052663386970196327e-04
8.299794949454678602e-04
1.055757585592933786e-03
5.005773775158508165e-04
4.649298398532680332e-04
3.495246810936638725e-04
2.171365920958763323e-04
2.128679505847549198e-04
6.065370977377363988e-04
5.750941968915509756e-04
7.262343507697659618e-04
2.579536129214934546e-04
5.902890465243809453e-04
3.318545605072578198e-04
7.163374830876901266e-04
7.974515301074184843e-04
3.652990432215041483e-04
9.789596065799387875e-04
1.560271644066822455e-03
2.380708580294694284e-03
1.149313210115048304e-03
4.016851215219183723e-03
1.181871226178191113e-03
7.722761040867854318e-04
1.444280006564623454e-03
4.941548949167919426e-04
1.991801502636026625e-03
4.834486252260369963e-04
7.985423102710343009e-04
6.648012924117800313e-04
3.475503537475323158e-04
1.686879007137997728e-03
8.974698305854396417e-04
1.040295668459818856e-03
7.693106727724182249e-04
3.054029860900578895e-04
2.054690041950119669e-04
1.204822003428541446e-03
8.001132709102721629e-04
8.028244121645615374e-04
3.742850961432313142e-04
3.506691020347038872e-04
5.227136978427111965e-04
2.481955386977072555e-04
4.759430384822956311e-04
1.920081178825666429e-03
7.469961523024124233e-04
3.754023812459529597e-02
2.189869596490414999e-04
5.917057641527858486e-04
3.656364943052077890e-04
1.082250924880129176e-03
5.222107260048433229e-04
6.767142304231533491e-04
4.179113873172673197e-04
5.933042370190567353e-04
2.112179149595899089e-03
7.327817813976387085e-04
9.093784115844518161e-04
9.183538075990108941e-04
1.289494105128232261e-03
3.640972534318314227e-04
6.451308105658819366e-04
8.561062434831540275e-04
3.258128056425742226e-04
1.059290935422007489e-03
7.008945769515985587e-04
1.404008015230892061e-03
3.090626059587829643e-04
6.225852172509187960e-04
9.328134629152073616e-04
6.035000937351579602e-04
2.536987607954054166e-04
6.011885655063888998e-04
4.117125870301824439e-04
5.007328289220972384e-04
1.251097748630850947e-03
2.112179149595899089e-03
2.740866550215194917e-04
8.008989085160169493e-04
5.377188513763740945e-04
8.672870197157085638e-04
2.630524301811959509e-03
1.814450913556554410e-03
3.706582150366197507e-04
1.815404272405038476e-03
6.424083261563881585e-04
8.886408629417255666e-04
2.404940389242293233e-04
3.742850961432313142e-04
9.902586261759346083e-04
6.184645337582531923e-04
7.272812871343728967e-04
7.472070305297886074e-04
4.657179041025425468e-04
9.788244976488404223e-04
1.259705200522116342e-03
1.200668193902198339e-03
8.730264174682289850e-04
2.967232582897598447e-04
7.242687983739612596e-04
5.572427815233105871e-04
3.329473943418739834e-04
6.321959099451268443e-04
5.170860623094828117e-04
5.427242006536846025e-04
4.495776140626842141e-04
9.347832026484964108e-04
3.916188590325795976e-04
4.458817963621131576e-04
1.818199943210783640e-02
8.062756258728614187e-04
5.883800772829437175e-04
4.136613776663970255e-04
1.248634957424530050e-03
7.101518610132094176e-04
6.316802909524757859e-04
3.995823156248043385e-04
9.910829418894602071e-04
4.615714639679666153e-04
2.278198125887359994e-04
5.956098424541862550e-04
3.800794295406023779e-04
7.007391597264794663e-04
3.818504997013703276e-04
8.564838853708524845e-04
5.941815783938781976e-04
5.234617174155618748e-04
4.681344265080829075e-04
1.113309429619322366e-03
3.914865310794202126e-04
4.804198707571551781e-04
8.726793385266080156e-04
8.767238190979105257e-04
3.722819461419055133e-04
4.054031055804422105e-04
2.270438503270004232e-04
5.864663381745542289e-04
5.235070471387521986e-04
1.852113096174460389e-03
5.452463808107424134e-04
8.677056917438011026e-04
4.690656817810526843e-04
3.786531849546991881e-04
1.254592610786469482e-03
9.278596766533267481e-04
1.597123372878581733e-03
6.772186637837032891e-04
4.191903841701097137e-03
4.257395464060524139e-04
5.411207439976038367e-04
9.611360330666113196e-04
5.453933054870574448e-04
7.493950898986145165e-04
8.234864111321925362e-04
4.943391665627587007e-04
2.934045386101062072e-04
1.572032788328963640e-03
4.443966678208498408e-04
5.841813920873228103e-04
4.386340755301873853e-04
3.666168581579885735e-04
5.748528605818203690e-04
3.778060487150686621e-04
1.314933899569255141e-03
8.060215550655106713e-04
1.667088684483363815e-03
6.233893342109207833e-04
3.167173690110164017e-04
3.619387472576439629e-04
2.288500571392737331e-04
1.546107236678322030e-03
6.318772248655084647e-04
8.938323966217482514e-04
9.714966108893605514e-04
5.141943521162729239e-04
3.812331226549686746e-04
5.061730649472032757e-04
3.803731232865489235e-04
7.706908216358381242e-04
7.846386205863749774e-04
1.571468459786973595e-03
4.049418743711834462e-04
9.475650087503067250e-04
1.127347370148733176e-03
6.719974019138806728e-04
5.081927133822978712e-04
4.720249188064967933e-04
6.508594961978862161e-04
8.279581161284197636e-04
5.492046427567601110e-04
3.494983411867999567e-04
2.145559241600038160e-03
8.726793385266080156e-04
6.529446164209935961e-04
3.183163066682206228e-04
6.855557507045550699e-04
4.019923838406854692e-04
9.213434630236008293e-04
2.271299698418267887e-04
1.295197401719126815e-03
7.096286676834345991e-04
7.500749611534790603e-04
8.630167746391944564e-04
4.009137220160103221e-04
3.267840886697138719e-04
4.690997585581813318e-04
5.134756209555238699e-04
1.072267488814172094e-03
5.580421693444052736e-04
9.198495564900066720e-04
3.811183834270974241e-04
3.580100241238442214e-04
2.053721031260134235e-04
2.112179149595899089e-03
4.969433993416986139e-04
4.343418592106170774e-04
5.708705687501746838e-04
5.298946074391585898e-04
1.026873318031458135e-03
3.613912721713824602e-04
2.436390130497126209e-03
4.751258770579413170e-04
1.439095772316931155e-03
3.504780464766521584e-04
4.073513603986747946e-04
8.645320499250563808e-04
3.988500145454841931e-04
2.382628179036358571e-03
9.301787095850654399e-04
5.413423952107409729e-04
4.169336320511061425e-04
1.414093730004942293e-03
3.600768409908132028e-04
2.388674557276621523e-04
5.556835527200284716e-03
2.030524306945369860e-03
1.213850390920443410e-03
5.553107542247539890e-04
4.208417167048490379e-04
3.766482649521125394e-04
1.826440913476655567e-03
7.968745330399562912e-04
1.021356673059881440e-03
6.676585875850248085e-04
6.934301804466753765e-04
6.162919363223203894e-04
7.339710882045812632e-04
1.137921439162537787e-03
8.564846011670296981e-04
4.261127822446620869e-04
4.798008917222325201e-04
1.745927130546105375e-03
1.241739723408452883e-03
5.849130216180643826e-04
7.486829244558744533e-04
1.859036744858283234e-03
2.720858052103327989e-04
3.593778359109733324e-04
6.174145958694371742e-04
6.087526319464036826e-04
4.518997853123263081e-04
9.625023671611637310e-04
1.244717526091560292e-03
6.762202113500185956e-04
3.876401010477970033e-02
2.366947603306953707e-04
5.587069077343316710e-04
1.173130584440409139e-03
4.866818912661150941e-04
1.090545728908292938e-03
4.621825996763440103e-04
7.067688511636445372e-04
5.490340424904833561e-04
6.951956029835995891e-04
3.477602544811571935e-04
6.143671234658872483e-04
1.537826863891637863e-03
1.343081297272750779e-03
7.393399177720362016e-04
1.072224742359785500e-03
2.139715896508771666e-03
3.634074112965376253e-04
6.078600233528818004e-04
5.446407373185766258e-04
1.025623990938376090e-03
6.442827595276789596e-04
1.067794993859368016e-03
7.255619530056391401e-04
7.699894020050995682e-04
6.278816509608573220e-04
7.345936938023644829e-04
5.975307948383882291e-04
2.210242886200902441e-03
6.901656143747280292e-04
2.849820695175086962e-04
1.296285877283953484e-03
4.302281472654148706e-04
4.470525450669720008e-04
5.092345628710915435e-04
2.641429249442727367e-04
1.298675963881295529e-03
1.457942468861174326e-03
2.895092673063962355e-03
9.463606150210732799e-04
1.545515335140397115e-03
6.143671234658872483e-04
2.956571958336666711e-04
5.205162707220024887e-04
6.646027841301513578e-04
3.744911703477089371e-04
1.343367707388367759e-03
3.400290431020614639e-04
3.455852790001703303e-04
6.224718184279193862e-04
6.230382142116329359e-04
3.914354309222300640e-04
5.446692633441229964e-04
5.248959681144466224e-04
9.216546403366475794e-04
9.819479665305332842e-04
9.223302333458458608e-04
4.422303919537222991e-04
1.078895700064924070e-03
2.306194027409202800e-04
1.296080202786001334e-03
3.832030143220788794e-04
2.119658845872991835e-04
9.572750517667391688e-04
7.848319222766678453e-04
1.486709018970304398e-03
1.601249273770870458e-03
6.562850087132746178e-04
3.987361117785328396e-04
1.104338216305876920e-03
9.208115897004573057e-04
3.910052811936481605e-04
6.039868477036022332e-04
1.146755372044889858e-03
4.964471028653604477e-04
1.058900855388989664e-03
4.395717757976280531e-04
3.996112591987978618e-04
1.262369027850354783e-03
1.585032802220865582e-03
2.486624071172759522e-04
5.601331924822879060e-04
5.281557774428736292e-04
4.845519206146696239e-04
8.450018731546622437e-04
3.011086362052355927e-04
1.413060306027977969e-03
1.050750694339929337e-03
9.429003274443169833e-04
1.970226333956639087e-03
4.312912797477770795e-03
6.834814242045456198e-04
4.804329021827046658e-04
2.230512306427141723e-04
3.714354332861863187e-04
9.433647779927027341e-04
5.974915835325817545e-04
1.352119459204760088e-03
2.176556734403010691e-03
1.066366302611670329e-03
2.047239183725338614e-04
5.001576088804084294e-04
1.839838407882017982e-03
2.355906922583207806e-03
5.886461647556746673e-04
2.247992688769716915e-03
3.061643542542450704e-04
6.694146574619198788e-04
1.072931492752946794e-03
4.332278896856390214e-04
3.382880551632500097e-04
7.783921384395845952e-04
7.469961523024124233e-04
3.726543318218307954e-04
3.644704360166310967e-04
6.011123683415338153e-04
2.530981406571372453e-04
7.266108589865178042e-04
7.181001056231958984e-04
2.112179149595899089e-03
1.300801963251937933e-03
1.938807458496672777e-03
5.748254002906028016e-04
7.566283223396700047e-04
4.227942757899529861e-04
2.056218479863898465e-03
7.294783719108628760e-04
5.977893941431206394e-04
4.875263136056484019e-04
4.477107967119405420e-04
8.380291702235470727e-04
8.726793385266080156e-04
4.762040426022675081e-04
9.581867797225898566e-04
1.233509864897238718e-03
6.453271576745982143e-04
1.345386852020646808e-03
3.964862605847482629e-04
7.230315594420642445e-04
1.364060672964414285e-03
1.021363122828486489e-03
2.453919465822436007e-04
1.122197724655820935e-03
3.228604177981337720e-04
4.019747301580980296e-04
9.986332432053738814e-04
1.110035125731100546e-03
3.339761623701896021e-04
4.481417248689623708e-04
1.250019201272380056e-03
1.821963073007731382e-03
1.230807369698964145e-03
4.967093553854503608e-04
3.901905735378506787e-04
3.462216231838746391e-04
4.938416258384588191e-04
4.407812811485242277e-04
5.747174988626932131e-04
4.059092221558223087e-04
9.411447241944108063e-04
5.068221457164517971e-04
1.629956628823211063e-03
1.609641915800640814e-03
3.392054694355236860e-04
1.052896402755788786e-03
2.307917949623445350e-04
1.250504908789351654e-03
1.296080202786001334e-03
2.298288793644099551e-03
1.315047384461605091e-03
9.268333841946456691e-04
6.175373820564378441e-04
4.089950773321934341e-04
8.515056910237052846e-04
6.430725343127962224e-04
7.496746196437037305e-04
6.610720815988490586e-04
3.290096897977865518e-04
2.558056616828612343e-04
3.726628869019533584e-04
6.209220017719591957e-04
2.159987915927979226e-03
3.564772878126930126e-04
7.362210372552220302e-04
1.021780054361274941e-03
1.014485862748056239e-03
6.162356469396158354e-04
3.839348982252228796e-04
4.936186419243043235e-04
8.353740824341339020e-04
3.786531849546991881e-04
8.149918232638242357e-04
5.556835527200284716e-03
3.516576569016601947e-04
6.333374860944349788e-04
5.902939549304280073e-04
1.768926532656551120e-04
3.185729022572355977e-04
3.491090480142781624e-04
1.111132599567351631e-03
2.209611261806435577e-04
5.451708964683285932e-04
3.483860644018350558e-04
1.176511394115283037e-03
8.011328253015362853e-04
5.070125325882273619e-04
