9.894198208078980577e-04
4.024771381018826745e-04
5.992169375671638426e-04
8.162085472269289344e-04
2.964834326514394691e-04
1.390180284150910675e-03
3.513260672735535393e-04
5.413454762242390136e-04
5.883886435788268816e-03
9.615874470669490744e-04
3.485092384695824639e-03
3.579256811016180706e-04
4.378842736861521213e-04
5.528772664850721942e-04
1.595200088779944077e-03
6.897345255163297864e-04
6.824511971179670657e-04
5.333686558034034372e-04
1.776318339616361113e-03
9.357239648353949139e-04
2.234752249507499194e-04
2.690261445610357314e-04
1.031080624777788507e-03
1.376423238502972679e-03
2.850757982173872385e-04
2.608240623370268116e-04
2.948967787112591072e-04
3.010591284676493928e-04
3.042357945466986477e-04
5.910941731523509804e-04
7.785083929097050097e-04
2.643936428982709432e-04
1.008416998368829491e-03
1.850593338688329755e-03
3.100312524741538340e-04
1.186600220506566893e-03
8.661790098812249773e-04
8.068431002091387434e-04
2.427397817628277395e-04
2.722884906221785506e-04
2.916851239824829411e-04
9.476499422657102883e-04
1.059965758473418356e-03
2.801910945475436128e-03
5.856690595048433604e-04
1.442709594300656132e-03
2.458905470830248432e-03
4.151692996229371471e-04
8.082022778273977503e-04
1.224090731540116838e-03
3.478759105644038652e-04
3.109198001003308739e-04
4.835928144031109493e-04
3.400546332094094471e-04
5.263325136901567244e-04
4.056442529166894169e-04
2.338216240626777350e-03
1.072691293834139494e-03
4.421394216763609056e-04
3.449243948364924626e-03
9.894198208078980577e-04
4.191286995031746790e-04
9.694450668616595322e-04
5.596892680586328410e-04
5.141086011743852208e-04
7.104077760512418540e-04
4.262585919051052217e-04
7.408134605069865986e-04
1.105814508980068611e-02
4.236575190193758982e-04
1.056872321407265319e-03
3.415043267598686901e-04
4.914167602788550079e-04
7.692487372387083865e-04
3.936786100289230541e-04
7.186941104806960712e-04
5.184340374621838714e-04
3.471602514359270410e-04
4.496932029873324335e-04
1.095484743348310508e-03
9.437280921759652261e-04
7.203343117462418770e-04
8.485206025803895174e-04
5.259763563298270207e-04
1.040014972122525619e-03
3.008071469512981302e-04
4.224186210186402462e-04
7.280042993723266024e-04
9.435261946748662665e-04
3.126718739999365397e-04
3.967092276851475635e-04
3.299905328009356984e-04
3.095488593330389566e-04
1.452352970004928230e-03
4.787791948093868613e-04
5.748620864226092891e-04
7.982822606168564223e-04
2.583615786046375602e-03
3.890059101382984871e-04
9.000668826422256229e-04
4.850596996108347378e-04
1.403488900123417036e-03
4.021333396434826029e-04
3.543658410110430194e-04
6.184345751443632959e-04
1.110835948243146885e-03
3.320585481659848754e-03
7.439464647262005511e-04
1.345222325188415993e-03
4.257784086858515740e-04
3.392078778096427978e-04
5.652449185247201621e-04
8.406852297832111002e-04
2.015812714939990528e-03
1.235415292914130141e-03
1.574757461829563504e-03
3.771263505884827477e-03
2.244974179204247636e-04
4.849446997841230203e-04
8.289557749423387412e-03
2.198033533089025025e-04
8.932636944773261669e-04
6.723449388614608641e-04
8.873752040389466886e-04
5.779274305343049282e-04
2.002444527759284550e-03
6.538538682223507060e-04
9.961406843865090125e-04
5.427374200157164931e-04
3.324999933854053905e-04
5.998931254182887076e-04
1.921128072374773737e-03
5.349803060661597253e-04
4.366964106803431205e-04
6.306122347138091652e-04
1.232356732763910520e-03
4.826007010868433320e-04
4.118369532587679341e-04
1.106683626803766458e-03
1.939394135070599771e-03
9.197962456651654706e-04
4.836750443046285760e-04
6.918634189626382634e-04
2.376409335392363196e-04
6.664531678043239407e-04
5.563110730009589904e-04
6.753627808747804081e-04
1.234105930632417797e-03
9.778543171468242166e-04
5.845117064004686251e-04
9.010076208514858917e-04
1.000484896665618326e-03
1.155571303327511054e-02
6.099408255271763536e-04
2.117136899014331389e-04
4.427979471659502543e-04
6.693281724217863340e-04
4.840950019148658142e-04
5.090473830390748440e-04
7.354691970690025978e-04
7.493175861666861483e-04
1.149424433872508903e-03
5.602150564978288514e-04
1.608172149329386907e-03
6.969915897097248405e-04
4.159426706752136446e-04
3.548447636764520382e-04
2.481765276278116630e-03
7.777236237154341392e-04
4.404415725056656165e-04
3.868130233926894354e-04
3.571043906921311144e-04
4.424089750260579764e-04
4.976337422810001585e-04
9.701555202447692452e-04
1.521406068013949828e-03
7.545897935289368500e-04
6.489760594018159330e-04
2.547364743300918415e-04
2.822477739199658834e-04
5.437811135168162981e-04
1.955175167578976272e-03
1.077551595807023669e-03
5.421075822161037843e-04
6.964480949730294515e-04
3.799065214377681855e-04
3.098336141775003341e-04
4.880127077247848255e-04
5.765722586322971329e-04
4.524366153904401202e-04
1.546729553912351693e-03
4.990461601891889483e-03
3.566635752004330300e-04
2.483452602522980002e-03
1.005394022753045491e-03
5.942812640737510366e-04
6.538538682223507060e-04
5.367164200665389693e-04
5.989725023080175789e-04
3.640011441857191098e-04
6.471120045279404485e-04
5.567416547323946309e-04
4.491392819849471490e-04
2.389082999756729606e-04
5.359719884971125663e-03
3.064143095944602815e-04
6.894119066224094336e-04
2.036879989174051383e-03
1.036384851045366777e-03
1.832535667361412813e-03
5.970101201813871180e-04
2.853536088731180114e-04
2.350806160854507004e-04
3.539059465699526900e-04
2.125964548751651314e-04
5.475241130905002598e-04
1.217788526403941083e-03
7.408134605069865986e-04
4.812216392912363147e-04
5.357030297973592453e-04
1.132156584027970998e-03
1.626830826320623804e-04
7.537752814416910641e-04
1.334406380891928895e-03
1.266989409492079400e-03
4.024173260283488152e-04
3.476554135918026155e-03
3.906446245924894865e-04
5.781292476860448856e-04
5.914711705840349507e-04
7.258245966631751613e-04
5.181725210591183904e-04
3.747696235984799857e-04
2.646798458500993043e-04
3.417981663328744854e-04
4.638298491329604181e-04
9.961153612828023939e-04
4.038157109886001566e-04
3.970053332652445817e-04
8.006408249540248288e-04
6.598356629284057471e-04
5.521485476158357339e-04
6.108636773856193939e-04
5.585445881226662468e-04
7.501740193553968873e-04
1.151977732013653244e-03
5.248893348058580139e-04
3.702306252235104266e-04
3.779580420375466474e-03
4.661775096822985557e-04
3.908657024809690170e-04
6.798074356947394472e-04
5.781037101337010336e-04
5.452132586287783455e-04
1.521406068013949828e-03
4.970292163350929207e-04
6.435244206249390950e-04
6.378938728513068026e-04
2.216364894742663117e-04
1.088392202028553484e-03
7.492508835092692417e-04
9.170706579833978831e-04
3.252814602763872266e-04
1.269618961563834551e-03
4.804223496022656911e-04
3.530246932797434685e-04
5.032637290542396093e-04
6.330298001547126838e-04
4.822308028074988057e-04
5.681609585799777184e-04
2.496950833329375833e-04
4.258713085483232380e-03
5.168839554665122151e-04
9.947992547891285845e-04
3.292721281539221271e-04
5.360798962063445571e-04
1.487633838183207661e-03
8.219882114455283545e-04
2.668624176134327692e-03
8.738864792110040370e-04
2.461531273494079689e-04
1.672141886975815747e-03
1.018437711507961781e-03
4.017751193237254284e-04
1.313829230325977123e-03
4.992713693085028574e-04
1.716718825568984376e-03
5.222176889721390561e-04
4.062208933195936419e-04
9.843197613913635784e-04
2.701281868441601655e-04
1.134178838098991475e-03
5.966259964769710751e-04
1.240831497549791697e-03
5.477750290645910314e-04
4.639309245654309817e-04
1.817306438622242780e-03
7.749876724851793982e-04
3.795570540487117257e-04
4.760083851032480512e-04
1.025149040119937476e-03
1.188596341565007711e-03
3.026138113400534888e-04
4.534929358531517561e-04
1.682619595038252610e-03
7.309514100407052493e-04
1.801796917067190456e-03
1.608898367998177169e-03
8.288643142530604342e-04
6.520880425311338831e-04
1.616207919252093646e-03
3.661278173748308508e-04
6.645690178999129425e-04
1.047920103897086825e-03
3.238584515962134426e-04
8.300054116086247671e-04
7.300201073873298840e-04
2.508604926528305249e-03
5.942812640737510366e-04
1.848171135653797672e-03
2.291250012012249369e-04
5.849370226280412597e-04
8.995992685525747677e-04
4.306253655769863445e-04
9.501262305477701413e-04
5.015192841405543677e-04
2.956851872688778804e-03
9.607896827805019295e-04
2.778851869860886272e-04
6.875704033899063088e-04
1.386335471459230638e-03
5.210111634465631851e-04
3.763868815041302536e-04
1.066385346736072569e-03
6.045377950648702118e-04
1.410255311439095665e-03
1.120560839692143987e-03
7.532720956713623598e-04
7.009990311814138977e-04
9.372447066010092037e-04
7.418482579765494408e-04
3.011881298243359369e-04
9.011465569762081235e-04
3.894236316274630213e-04
4.059815455233361137e-04
3.316066657965506623e-03
6.258534757171597832e-04
1.119766254884584696e-03
1.353426144783906673e-03
1.113789180997758243e-03
1.795136045777855375e-03
1.463278851321456837e-03
9.488938208180020244e-04
5.270100028417816712e-04
6.282258473842945116e-04
1.165875473368353007e-03
7.265770641734407105e-04
1.099861756583313732e-03
5.930795891111033695e-04
1.613511571136119283e-03
6.500022592652634481e-04
1.077551595807023669e-03
5.934776682790438886e-04
3.972848564797014782e-04
1.069887951780372883e-03
8.164478552360990467e-04
5.453605424883298074e-04
1.791448834999726869e-03
9.716201689495044223e-04
4.324726646085173300e-03
3.472373244931965287e-03
8.592541423730906897e-04
5.029295837920606414e-04
1.158291615645262946e-03
7.078477094619442175e-04
7.467930202510278956e-04
7.399974663071516882e-04
2.688459335231178351e-04
5.191481696750501439e-04
8.699484847806954581e-04
1.163577318473881222e-03
4.548339433097287510e-04
2.557005675119084984e-03
6.001391532156161602e-04
8.753717841207856679e-04
2.165986202210691287e-03
1.952788222354377322e-03
3.185857505115410166e-04
6.715142232405532218e-04
2.618088385708979807e-04
8.508371471401824293e-04
7.583273225395557654e-04
6.430209217358370767e-04
1.904991891893405894e-03
7.115025897816000013e-04
5.269783037292671011e-04
3.044864233209522105e-04
3.920809425296557771e-04
1.333190394332371600e-03
7.827504964534034776e-04
8.819794068988908494e-04
3.331821350842885995e-04
5.440863578450011841e-04
1.147572175452860272e-03
9.639516148305167943e-04
6.897861278272081949e-04
8.844529646846540803e-04
3.525130295527851773e-04
1.452254722691210522e-03
8.662675575283684077e-04
6.095572442444865523e-04
5.248115217073366472e-04
3.870173493809761609e-04
3.658144831426098000e-04
5.936300578224290754e-03
5.644026587400311455e-04
3.096654589877781069e-04
9.594593843607724477e-04
4.116265700139310813e-04
1.878881419681394885e-03
4.514972229427638363e-04
1.726670229622966719e-03
3.918972538065734605e-04
4.605761637098194396e-04
1.389358591663501221e-03
3.783008909368888598e-04
3.779580420375466474e-03
3.038084472696677839e-04
4.461179120135177101e-04
4.725469380266847136e-04
3.320585481659848754e-03
8.437699878470421950e-04
4.007288126173375042e-03
5.960010260821890088e-04
3.598509120907234155e-04
3.037663357199489838e-04
4.678571230116578970e-04
2.319882010587917965e-04
4.235079592346216340e-04
4.439222812442603257e-04
6.085138834166327945e-04
4.618736620901882448e-04
1.366319772832623588e-03
4.838112495978678798e-04
1.019879138293416010e-03
4.065120233444046837e-04
2.056418854781849755e-04
1.085722296084679029e-03
4.263972470016061975e-04
1.147572175452860272e-03
4.072418309868636025e-04
2.338080186436924252e-03
5.137875663363450406e-04
5.326925281258220206e-04
7.698645000077382165e-04
5.259763563298270207e-04
9.337802444298732001e-04
5.304503996468950232e-04
2.630217684337094060e-04
9.663217475682838809e-04
3.097089567681357136e-03
3.841128589874183430e-03
1.145444815368145200e-03
4.828577422444000049e-04
7.237571009033022095e-04
7.467215745656249990e-04
4.046809023134109273e-04
1.388136721020853366e-03
8.781480589674625680e-04
9.639516148305167943e-04
1.721635329290605531e-04
2.982440648946216039e-04
5.934102758535469806e-03
5.259763563298270207e-04
1.624647415560354470e-03
7.158427567319549387e-04
4.387473751230227246e-04
2.244453564920454477e-04
7.829578035908965486e-04
5.688921015818204164e-04
1.248097961329763068e-03
5.887995885305921922e-04
7.483454121950662520e-04
8.462286947583623617e-04
6.855791166947937647e-04
1.095223783190841160e-03
4.402548936469768428e-04
1.580980702779545121e-03
2.924151875134401845e-04
4.459865291154344047e-04
1.349945931140380476e-03
2.495809433011552270e-03
8.111739892899684067e-04
6.524537408736978900e-04
1.231233701519359944e-03
7.242207494852214182e-04
8.354075697721948445e-04
3.681320894190981212e-04
4.392067834863315132e-04
3.799065214377681855e-04
6.409268518161845328e-04
2.461531273494079689e-04
9.580073265983465435e-04
5.658438144130652084e-04
6.539272886060480249e-04
4.517542696178125173e-04
7.978888767378166389e-04
1.156131729946247022e-03
4.723532698900358932e-04
7.156336590116167858e-04
6.733302415991671919e-04
1.339816197059703375e-03
7.094198870101601790e-04
1.240831497549791697e-03
7.979436737797698928e-04
6.999290094676213075e-04
3.514241723813072826e-04
3.828745373280860584e-04
2.583615786046375602e-03
1.828618200307776179e-03
1.292117244556501964e-03
6.961567554353675479e-04
4.616284470547437073e-04
3.859970447241956580e-04
4.316636688587163957e-04
3.884895736474771222e-04
2.297085897162739587e-04
3.323649128993050100e-04
6.851401481979132405e-04
8.927642646694264501e-04
1.023667644169811266e-03
2.324565204642501520e-03
1.204863525906698860e-03
2.084789868039742602e-03
4.692929845855354489e-04
1.502734123828343774e-03
7.234201692436807111e-04
7.373489655368528108e-04
1.024283729518017791e-03
3.416576124746594076e-04
1.783186843685407967e-03
1.049368262391096440e-03
3.985743846609087447e-03
1.368898661194966736e-03
1.592316670665462489e-03
3.249645920997126011e-03
5.585016726450153009e-04
3.519228331186112719e-04
3.902694339662211398e-04
4.719690236193686481e-04
9.471808220175565026e-04
1.076663845644194916e-03
4.733651105838241669e-04
2.530479240341722627e-04
3.645577573535129109e-04
7.844631830660260974e-04
1.083450285591164124e-03
3.772598110414834990e-04
2.748204792530539644e-04
3.037546929754144026e-04
3.966278155848390673e-04
2.326506406364175703e-03
5.321207263385473261e-04
2.377440450087127323e-04
5.019101971601508871e-04
8.510341073225783119e-04
5.500478597058818019e-04
1.186722098300526220e-03
7.372964981794211331e-04
5.946428395254618878e-04
1.277301396049510028e-03
3.235436390001393547e-03
1.014551741283001383e-03
4.801470535236642832e-04
5.304371728155950899e-04
7.944862680527238529e-04
2.402997692797816652e-04
5.191481696750501439e-04
2.686478953539256191e-03
7.811940025119122567e-04
2.082236670028394371e-04
4.174418196106402111e-04
4.182885808704335170e-04
2.654944173962405255e-04
7.707184576841896902e-04
1.741741920219289867e-03
7.245975980658854454e-04
1.546686569371630163e-03
3.998355651179218823e-04
1.330482531257483987e-03
2.207181218369601273e-04
6.102432339366537992e-04
1.549738983080721803e-03
7.675079904655467741e-04
2.801349122895854262e-04
7.198629102751766739e-04
5.350441853750366461e-04
7.693529101284267814e-04
6.350039796597578079e-04
9.885203946060575758e-04
2.630855338141391275e-03
1.099395545399683071e-03
5.220433526168766995e-04
1.717099418160114533e-03
1.011926414570801097e-03
1.098536135370575860e-03
2.558179664410018591e-04
5.187781746797604692e-04
1.122843718654690766e-03
4.669922932707696521e-04
3.851115141920616433e-04
3.965784002872575742e-04
6.120252323308747900e-04
6.573946943888008551e-04
9.151727757139130380e-04
3.514241723813072826e-04
5.008256600764423878e-04
7.948450262086829803e-04
6.193544001741002570e-04
8.420058048073043172e-03
7.164414058058902546e-04
4.479745970716440969e-04
5.424590554903145102e-04
1.248423934196065581e-03
3.805788245491352017e-04
4.330078800362633816e-04
1.144310391131895047e-03
4.280604744699253897e-04
1.091548711077529668e-03
8.128511581835702604e-04
1.726670229622966719e-03
2.646203200332610385e-04
3.896154494700461456e-04
1.969224984930336916e-02
1.602329071933917149e-03
4.192915978281162425e-04
8.047577762944569052e-04
5.690820940624551419e-04
5.757766325918858407e-04
1.946833641772295924e-03
3.669871157192902580e-04
1.061832212925021548e-03
5.775882127803074525e-04
9.591245746931463707e-04
1.660443615484159243e-03
9.695385015705368804e-04
1.246851872105183201e-03
5.258528004771339734e-03
3.308372148676265163e-04
2.660237476482283725e-04
6.730564938334948231e-04
8.197581014981079536e-04
3.842923321977998667e-04
7.291476604183912830e-04
5.661817125427912826e-04
9.570818799358732235e-04
6.833265662284941557e-04
1.924182261342472324e-04
4.698136837946752025e-04
9.137977307023579339e-04
3.584887852256919910e-04
1.085344870933150924e-03
9.570818799358732235e-04
8.368798500551251482e-04
5.088623276357129473e-04
6.006534830276902574e-04
7.499662383701716055e-04
1.130031298711454751e-03
3.681320894190981212e-04
1.223269077827538387e-03
1.317484998815455100e-03
1.808937105535871970e-03
5.527570058132327824e-04
1.733947143619527084e-03
9.993285092272611182e-04
7.698606055469664434e-04
4.076378991192601922e-04
1.640826252277607835e-03
1.992901068001861568e-03
6.372485030429559045e-04
3.015359247906769448e-04
1.127286943209551391e-03
1.545013484694323551e-03
3.476478085590339905e-04
1.751876726328488757e-03
3.961857715529233464e-04
2.713827945394804036e-04
1.600387822672347986e-03
5.302056969900296665e-04
4.201427139321796812e-04
2.107246891050009938e-03
4.230370119231143195e-04
5.226244436096934287e-04
7.463095016838783725e-04
8.041793751428175530e-04
5.200640119110082988e-04
6.688661958430162317e-04
1.900740170447011478e-03
5.563110730009589904e-04
5.156561652378212259e-04
8.821522012156617337e-04
6.515830672656439679e-04
9.449364614656356222e-04
3.029101192964008676e-04
3.276149872985917289e-04
9.231195527920838320e-04
1.499268622417655608e-03
3.656647970376015284e-04
4.817609733416783834e-04
8.289557749423387412e-03
6.754132815126350463e-03
1.077551595807023669e-03
6.429511561078057229e-04
1.503335199834953230e-03
6.645391747156909317e-04
3.854433635595721662e-04
9.359933009143574321e-04
7.007737989240092179e-04
1.322823639105517738e-03
7.720987054025251622e-04
1.506545143199927370e-03
3.107568946344028320e-04
4.866555550355928204e-03
2.500210828064582070e-04
4.025656688244472333e-04
3.870173493809761609e-04
2.802874410625240636e-04
8.697487648416109924e-04
3.986595054470835940e-04
1.548979686789826856e-03
4.013918957285877846e-04
2.721952321225541206e-04
4.894235205640675530e-04
3.820548109089063195e-04
4.172012740938845442e-04
3.136315582229206016e-03
4.663927071349838584e-04
7.434333920014243174e-04
3.068421349073921565e-04
2.881764949735789020e-04
5.222033396288254439e-04
1.175748771921450051e-03
3.876779865232838620e-04
2.571322626347127827e-03
5.781037101337010336e-04
3.153375496957836898e-04
1.030288197560639586e-03
2.111580130862487133e-03
3.334710157000241319e-04
5.205716346102184878e-04
2.895688811953360444e-03
1.317484998815455100e-03
3.667801510290460217e-04
1.341114228387468681e-03
5.467855024180117525e-04
1.096986026360024721e-03
8.413863154397783128e-04
1.194539106541800660e-03
3.776976442035342931e-04
8.447714476574179907e-04
2.895688811953360444e-03
1.068908285306811520e-03
1.329108015287901873e-03
1.945125185085333584e-03
1.142594830154275432e-03
8.895200243683335038e-04
4.599491117332438835e-04
1.171212359981341428e-03
7.676928983967117818e-04
5.533361250380382755e-04
5.819933883054004709e-04
3.901863382029697471e-04
6.901496617751763608e-04
4.096341012804579533e-04
1.248423934196065581e-03
4.249642602302289730e-04
1.818260460933699991e-03
6.443307918705873643e-04
1.677629237965558425e-03
2.628960321701086407e-03
2.452396968143157898e-04
6.956036489828956769e-04
5.068216603833783709e-04
5.177984273310991953e-03
6.953194002309801003e-04
6.547213717550482218e-04
9.435471283610966922e-04
5.123749164550134511e-04
5.776317896348608615e-04
1.763096767546369582e-03
8.716879019482294327e-04
1.216979446832135723e-03
9.142651014936450200e-04
2.878157379287779464e-04
3.562890174337685436e-04
1.238870380970379147e-03
1.309870584425256975e-03
1.005785371783908706e-03
1.014966687830073022e-03
4.958975295369585793e-04
4.951898006271177087e-04
7.636596766196287892e-04
1.672866175441129356e-03
2.437517871640329081e-04
5.930795891111033695e-04
4.007288126173375042e-03
4.212873649844569440e-04
9.557121353909637943e-04
9.579478926024948557e-04
2.766248937624254944e-03
4.548565576981255382e-04
4.866555550355928204e-03
7.053582499877555445e-04
5.209894172090953103e-04
3.697647875978006364e-04
5.791192571528512145e-04
1.484582538365614591e-03
9.252585695793378879e-04
9.000668826422256229e-04
6.026408434984329831e-04
5.730713417945698359e-04
6.385041415467409328e-04
1.794244839348026373e-03
7.738850835127154956e-04
2.760880085462688420e-03
4.725375127401322864e-04
4.869605394004664447e-04
6.405432636499612748e-04
2.010150378955664636e-03
3.831933019711581366e-04
2.408347878858314113e-04
1.728162819683042679e-03
2.756667108002029709e-04
6.622080242332217251e-04
6.349683689687578595e-04
9.896816062177722292e-04
1.608898367998177169e-03
5.138792254364613456e-04
8.901669011628722582e-04
4.179917134842647147e-04
1.045607196864461845e-03
8.586648765171678516e-04
6.290377675486483796e-04
2.108317465116521430e-03
3.718646344661601273e-03
1.346559649228525751e-03
8.381914177182188050e-04
8.079230615356945049e-04
1.001109167096626493e-03
8.143716943302519709e-04
5.023491970459996589e-04
3.619456890201113840e-04
5.445902453077625625e-03
1.245682335513223450e-03
5.482535305243220209e-04
4.603691460004549134e-04
6.670232073449127103e-04
3.181155456005930787e-04
8.489572331330793665e-04
7.726701737105539031e-04
7.407084718772442801e-04
2.737765703014280331e-04
5.562902253854730633e-04
6.120252323308747900e-04
4.097022477162237425e-04
7.516814306337575233e-04
6.725912114151809873e-04
8.308829733269434753e-04
4.755437634529370290e-04
7.317259280376627950e-04
5.177223007807167134e-04
1.603449098078372744e-03
5.322238205570696285e-04
9.912592250849133584e-04
4.024144418753776778e-03
5.648955151308768024e-04
3.307015149539781445e-04
1.513548942808910129e-04
9.085854570323048532e-04
4.264436142654589451e-03
2.082236670028394371e-04
5.318527055997346493e-04
8.921926396324861763e-04
2.108317465116521430e-03
1.275860183026658688e-03
7.681286404880417014e-04
5.487898909809547530e-04
4.907638582426055275e-04
5.018632740907543952e-04
7.765642890519075048e-04
3.610075940309311233e-03
3.945469426706240280e-04
7.548513441882679070e-04
1.044132497866505100e-03
1.086985857216588459e-03
9.293100363188122473e-04
1.343921934059942765e-03
5.613456865145535248e-04
3.058072362857014079e-04
9.290249486302044196e-04
4.943690846767341942e-04
3.075271815762184013e-04
2.964262535141567404e-04
5.695376109041022129e-04
4.704999161116973352e-04
9.346814891971740123e-04
2.338216240626777350e-03
6.093317288245307401e-04
1.228553458070489159e-03
8.128511581835702604e-04
3.247597539086322527e-03
8.428621374602382824e-04
5.855082264867979497e-04
1.069492671375692249e-03
4.243602596498779154e-04
5.487898909809547530e-04
8.049487892010829485e-04
2.183524336818616022e-03
1.236455670173117975e-03
4.833623918897484470e-04
3.540977387781500327e-04
5.267898641686779692e-04
2.131687015492800025e-04
4.122664404459230598e-04
1.645024204861683962e-03
9.028896168610629162e-04
1.842160272373537429e-04
9.097679644464274707e-04
7.045995427335242272e-04
1.052742546617525072e-03
1.246231507020376626e-03
5.569356405225332806e-04
8.125955227850334113e-04
3.365844977985241507e-04
6.486535179301368328e-04
9.377968784802732981e-04
4.707646208962183720e-03
4.329640634398883086e-04
8.487349692135304734e-04
7.605995641966650138e-04
8.463195621653071430e-04
2.089270453578373054e-03
1.170727612463689235e-03
6.501499933608298303e-04
3.304602942380115908e-04
1.945113769428295000e-03
1.679548604469381558e-03
4.114096088338045024e-04
1.946833641772295924e-03
1.319939374432959689e-03
6.102432339366537992e-04
4.645977583737520588e-04
3.253779338503648769e-03
6.390701691046952451e-04
1.545013484694323551e-03
4.152794234010900192e-04
8.768366390802132069e-04
1.154568066134340539e-03
3.363959044076942099e-04
1.535201825098049652e-04
1.433269701059696226e-03
8.855779369525340269e-04
1.022320561899215481e-03
5.806767345315925815e-04
4.907093639064161574e-04
3.484172910622578001e-04
1.499221244295245075e-03
2.486578661892341639e-04
5.892515404664625455e-04
1.121076736693494115e-03
4.234368014237573433e-04
9.526965080803237451e-04
5.699200338548775788e-04
5.253141829582389779e-04
1.903465547746440670e-04
7.427274017200107643e-04
2.755254492561799349e-04
1.471579531861989766e-03
4.656786714405312358e-04
1.288689414960290719e-03
5.775278089524413716e-04
7.845163628366234529e-04
6.949744936466104635e-04
4.528929241753160140e-04
7.662968624096435592e-04
2.885061944359352940e-04
3.447738750537139379e-04
1.311202319420104543e-03
9.530728564079161665e-04
4.474188068713974868e-04
6.718568715796211649e-04
3.935956149006851132e-04
3.870764996167788620e-04
3.014146070776966093e-04
1.358026484199771448e-03
9.866885423266624159e-04
9.189965652776993727e-04
8.515212585144207478e-04
2.520985030853950906e-04
5.299908581980729977e-03
