8.766234510737604688e-04
1.038060427890520696e-03
5.759216739940086795e-04
7.151670833269830685e-04
1.160060630714144841e-03
2.611496334442883044e-04
6.317999011841047164e-04
8.176671663094136179e-04
4.657150928875229863e-04
8.524724766732693845e-04
6.536286028351513287e-04
7.258588524715153768e-04
5.938811358409004735e-04
7.682881887757871033e-04
1.077812783740466664e-03
7.269579196978780480e-04
2.211718561058006582e-03
6.009102177654920178e-04
5.267308069311493887e-04
7.972765685087550205e-04
4.751628836739735153e-04
3.437443988263516256e-03
6.430404341947924211e-04
5.685153880056840201e-04
6.105075783921861841e-04
8.179091009465121274e-04
8.075371016754213276e-04
7.379676315127195766e-04
5.111431296839298631e-04
1.393172061962342839e-03
5.838206673319557309e-04
2.998831357151523179e-03
3.420999722530487460e-04
6.410759933863313751e-04
1.892556386026890674e-03
1.446843532723867363e-03
9.029198651168244974e-04
3.726823048966760427e-04
6.535302276388677565e-04
7.705849563111514091e-04
3.771983515055684971e-04
1.492581349026504732e-03
3.790675012694093575e-04
3.763020480331396569e-04
5.928232995172130326e-04
7.004446588269715385e-04
6.416610833226326152e-04
5.889251445076033832e-04
3.787631395542595384e-04
2.726429412254967842e-03
3.691369126730856503e-04
1.980037385446334602e-03
3.851846199893340728e-04
8.381955038392335930e-04
3.603874754031275536e-04
5.093033822594131548e-04
2.950235874057648686e-04
6.576251981816847196e-04
5.057391884106440241e-04
8.393288166049835825e-04
4.282739210465100676e-04
6.898594459724297990e-04
4.348714476302502807e-04
7.417959992093620157e-04
7.046967392446668813e-04
3.875872780170630397e-04
8.112682755384139971e-04
7.852448654584707772e-04
7.309382430599427110e-04
5.212526978311413312e-04
6.083907440378800210e-04
4.728277120382217238e-04
1.145058046302605210e-03
9.468551769313923077e-04
3.418261453417987530e-04
1.354732040992890057e-03
2.935223591595733923e-04
8.918371802730282009e-04
5.982993332018130906e-04
1.303059761621576428e-03
1.454257631167725972e-03
2.089984250362812105e-03
3.297278061441251775e-04
1.552168772747427282e-03
4.101581061864166869e-04
6.954988772004345923e-04
3.662528006202078420e-04
1.908297337681880926e-03
7.787162672431081119e-04
4.996857094823640641e-04
3.819494762802365753e-04
4.173734451820738933e-04
1.176208481825758963e-03
1.132275585462546143e-03
7.875487945424451859e-04
4.577687866529196151e-04
3.290287700471223480e-04
3.202105554077315508e-04
5.062534608055547581e-04
3.632075729192353218e-04
1.051786150748897173e-03
7.950709214326466979e-04
5.206772138257562436e-04
6.161056031336621924e-04
3.429297307907822273e-04
2.600717561345485939e-04
1.074448627764216678e-03
3.036734543306378537e-04
2.615145677270128144e-03
9.965051648677535241e-04
6.699036419922187310e-04
4.979574193818746492e-04
3.722932759619051665e-03
5.156220185510959663e-04
9.777696766506297019e-04
1.517217450059378612e-03
1.112459392882943730e-03
1.997217609025743815e-03
3.238402803142719898e-03
5.452393034715061594e-04
5.012349555840735996e-04
9.887142430762367856e-04
2.713179679294244143e-04
2.004128794079660357e-04
2.614477101331206480e-04
4.148066941267997522e-04
1.004426321100138552e-03
1.702103575274328340e-03
6.016689599941557566e-04
5.502644302273524031e-04
1.568488095850099169e-03
7.619290170039871423e-04
2.757126713565005629e-04
3.062257885095301391e-03
7.522658989632180016e-04
2.483094128820720618e-04
7.695343916057491252e-04
6.142026291479588812e-04
5.149390296600134427e-04
5.689298379711496371e-04
5.099473772778033605e-04
3.904162833987870058e-04
3.437721505077822367e-03
4.762873637138756834e-04
2.459744580442929651e-03
4.699170028858322867e-04
7.339664789212870270e-04
1.543054036703264643e-03
7.922784909851838175e-04
9.727749150443747248e-04
4.262916181967207310e-04
1.619552296242341436e-03
1.069618080482012375e-03
6.061719532298536330e-04
6.496091421360940124e-04
3.440902084267336838e-04
3.759259264747168670e-04
5.854586617603770374e-04
3.479501229155299957e-04
3.550685796941569850e-04
1.027410096428958003e-03
1.047362442935898062e-03
5.604097905982909295e-04
6.403065390926216630e-04
7.446526921763385425e-04
4.380600882675039082e-03
1.052183019571040472e-03
5.000146817942719866e-04
4.230822126559278325e-04
3.971383506397427776e-04
4.585884774363413376e-04
2.291535255517719756e-03
1.662440907846957821e-03
3.646756070166606921e-04
4.907221651537758446e-03
2.066750317533193760e-03
1.459005857161289410e-03
1.832242669280337950e-03
2.822664436241333432e-04
1.922642394636536354e-03
4.117528424197308538e-04
2.633762313316080649e-04
2.210017059747597379e-03
5.478290935060606444e-04
1.018466832641456640e-03
4.649460761151648878e-04
5.066488278676762724e-04
3.046062695872921774e-03
7.369899534999659009e-04
1.347761095374560517e-03
5.198169290842051711e-04
6.067371807416113358e-04
3.090397333653538436e-04
1.157310559909296294e-02
3.867961909563870024e-04
4.513549379089158882e-03
4.150352975342583121e-04
4.313013925508083564e-04
1.746084155097212811e-03
1.017827422645800530e-03
5.999962426185937196e-04
5.094792752413424865e-04
2.667026864676067801e-04
1.220768318770432907e-03
9.648779321205739213e-04
5.730093658419349763e-03
3.842085594334328788e-04
6.535446773641205662e-04
1.213681606820190542e-03
3.929910644787393834e-04
4.955213050764940841e-04
2.879686413203130899e-04
4.481416791288547600e-04
8.918068543240277330e-04
1.149169887054456163e-03
1.309968205967204343e-03
2.696888874270484283e-04
1.170038773597564894e-03
1.649426490547141596e-03
3.646628744106283492e-04
6.206726240193523141e-04
7.785299487278565019e-04
2.016752988727696198e-03
6.049859128979356805e-04
8.004782186361182996e-04
6.688465156279002535e-04
6.322093136469825224e-04
1.197881933991971903e-03
8.097847462038118733e-04
1.255835928207478828e-03
4.134562752430693644e-04
1.494899032892741970e-03
1.169669833616736538e-03
3.961555415245272913e-04
3.193401406146262138e-04
5.730093658419349763e-03
1.145058046302605210e-03
5.894615850883512488e-04
4.300607093098744119e-04
4.163027702370419663e-04
1.533990916863181781e-03
1.492114892028638786e-03
7.647389095121621396e-04
6.813080324527578642e-04
2.754237832590661762e-04
9.703873787746802046e-04
8.138066612918790381e-04
7.702534770683894987e-04
6.350110464104721407e-04
5.392174123063147792e-04
8.326935086893942281e-04
3.869474927155744023e-04
3.812631400791877904e-04
4.517173256918416858e-04
2.996642806017780830e-04
1.279615111648519212e-03
4.092523959163319228e-04
4.379907607257315120e-04
6.758787861796427448e-04
3.329314832451042119e-04
5.399274923936909750e-04
7.851892925776105155e-04
3.207632801703645068e-03
5.401005190172693303e-04
3.720598630227039700e-04
4.465812663657171746e-04
4.276917257397195226e-04
3.150808292695194530e-04
3.352029616101673010e-04
3.705228509525318285e-04
7.008491057963941312e-04
1.894659083974468798e-04
7.227719063938334515e-04
1.431325809524743899e-03
5.458230874814588938e-04
2.925887690516767092e-04
5.521326632371298133e-04
1.051215218601983829e-03
2.977580325338709602e-04
3.756476532613002551e-04
1.895590705068135823e-04
2.624039962109051926e-04
6.558262248325142383e-04
1.220768318770432907e-03
3.515231745669103675e-04
7.193162176833268855e-04
5.456628095021517607e-04
1.433367500027047390e-03
1.747217928540617787e-03
4.665472004664005770e-04
1.552506416987476658e-04
9.035256012934893581e-04
7.535851391882379506e-04
4.298609025739067889e-04
1.160098672302556106e-03
7.009295637275808752e-04
2.518397148901058385e-04
1.727486374227221125e-03
1.032434641297659767e-03
5.827613734663574484e-04
4.119699856021490883e-04
3.344800630433072378e-04
8.884924550442648049e-04
5.116117233426042705e-04
6.274904172344666735e-04
4.081588053026421613e-04
3.913706733320415111e-03
2.186051993966846546e-04
9.778815367161687935e-04
1.145058046302605210e-03
2.726903619945496987e-04
8.983547340504347738e-04
5.467174459548123071e-04
6.213890438090741760e-04
2.469354754772419363e-04
5.882043489029434779e-04
3.153852384953949751e-03
3.699195530438184436e-04
7.495417878012088694e-04
8.734539640707094949e-04
5.985341452226749896e-04
5.980289931567511893e-04
1.282881775160905555e-03
3.041436564164263601e-04
1.098231814282750463e-03
7.996419053206542957e-04
9.503810962683033672e-03
3.765909089472446172e-04
9.743803483469781670e-04
4.957797443100455748e-04
7.137851366178748743e-04
4.221051754077481525e-04
4.587557323511154417e-04
1.139580674991772175e-03
1.000249041711577698e-03
4.957446048424942343e-04
3.871152518783268939e-04
5.298506437100926119e-04
6.184017256621055772e-04
8.782743584876620416e-04
5.555131273330563089e-04
6.243115779135318148e-04
1.660282978135005838e-03
3.990278730010080044e-03
8.657149203730004272e-04
9.089761684095933785e-04
8.865823249262572495e-04
8.996586079520766050e-04
2.861048364095149579e-03
2.333040577153869548e-04
3.837907140544028015e-04
3.512890411088719664e-04
4.313529839972178809e-04
7.087913526495382170e-04
3.953035579850804017e-04
2.305823185203263888e-04
4.009921847631282171e-04
2.966490507767301308e-03
1.080603205627760554e-03
1.798043295665542217e-03
5.317363140319718599e-04
6.132500569490006081e-04
7.262286472752893431e-04
1.165501617132354761e-03
9.311775945450912655e-04
5.849001085053141770e-04
5.408358939966142944e-04
1.051138803513396083e-03
2.145917684560965863e-03
1.546228607223631589e-03
3.227956870441257083e-04
2.009900112822811651e-03
1.916753676847882636e-03
1.831545992285360178e-03
1.006469506995901061e-03
1.122218208978148068e-03
3.816414539844335428e-04
6.080834858031766970e-04
1.045450044043235490e-03
3.568651439594028654e-03
1.085462385219724971e-03
4.547007201697914167e-04
4.876267537457397699e-04
5.231864062711030511e-04
1.685736634460244070e-03
2.918118070242831769e-04
2.691886521030319580e-04
6.032113876422934631e-04
2.333057786729537562e-04
4.768382376858209398e-04
4.279985686523199114e-04
3.167421145331622621e-04
4.685300779831900434e-04
1.505342736587600384e-03
5.070064865427016936e-04
7.699327002925171991e-04
4.297923675219978280e-04
2.124994026964946610e-03
1.877610783692941748e-03
1.322544157884184175e-03
2.828384850289057239e-03
7.284128152907849750e-04
2.709097301528919284e-04
1.546576809493825297e-03
2.579517776291011645e-04
1.072110017120310411e-03
4.405908006848298342e-04
3.340667423495731394e-04
4.166263027925722301e-04
7.892490681886686925e-04
3.875450932348238229e-04
1.334711118276394031e-03
4.944058522927614928e-04
8.267031202749401024e-04
1.865891897027445543e-03
5.011713602042338614e-04
3.063669402084409155e-04
1.282160190454639326e-03
1.680034707652902594e-03
8.558006885604926796e-04
3.045944183493431686e-04
6.225911216519729218e-04
3.664049581803917170e-04
8.590131448790422992e-04
4.398935521442525853e-04
4.523350045429337901e-04
2.812260259513415335e-04
4.317893975933739369e-04
5.231224475286464079e-04
3.860135885817856782e-04
1.007100698567951888e-03
1.174546158124099805e-03
5.465853193734077509e-04
3.468460946656777956e-04
2.164471188514934625e-04
3.870097674359615752e-04
4.171480893933426611e-04
8.269195638471221656e-04
8.699706100580551459e-04
4.607493282829326739e-04
3.061009953507271464e-04
6.910855088174610661e-04
3.295602369279640193e-04
5.216782426336087630e-04
1.138129219267902323e-03
9.178438471060651992e-04
6.014600413212498661e-04
2.507032705871789805e-04
3.236519019487802524e-04
3.423803620299853477e-04
9.379850421018272452e-04
3.637634099389787791e-04
1.693958428124472037e-03
3.578747695022845877e-04
6.390654054220488729e-04
2.664887952236517942e-04
8.102976578565816799e-04
8.853053660959925731e-04
8.546258100691172784e-04
1.912352690338433095e-03
5.805779756255340096e-04
4.189514044478976143e-03
1.648262946723187640e-03
7.284128152907849750e-04
7.210381675731732370e-04
7.163983229560628605e-04
7.011943995582938221e-04
5.604230515354126536e-04
4.580173873361377893e-04
3.518401182733475155e-04
8.106936562858642207e-04
9.327759798739861498e-04
4.297619606846605328e-04
4.001252193059882814e-04
1.203402239159546668e-03
3.660364532036557324e-04
1.103223392067656733e-03
6.543335739974482030e-04
5.927055046680039041e-04
8.342595555029477415e-04
6.392074662080906135e-04
7.990943959735895058e-04
9.510205419106462516e-04
2.861048364095149579e-03
7.013752091564060204e-04
6.345306629829154318e-04
5.623126939610558622e-04
2.219176489753086560e-04
5.228097404781901700e-03
1.692249777535375331e-03
7.281494302156624491e-04
1.453223528539957909e-03
3.226115526848875176e-03
2.897370977095121199e-03
1.057335628540397206e-03
4.432865257569788440e-04
2.979873871155086398e-04
1.978430845032788145e-04
7.400426466181794652e-04
8.455985258239861633e-04
1.766213118673379701e-03
1.427714776709180329e-03
6.535261591447310073e-04
3.671589574979436952e-04
2.647282078356865201e-03
5.237598947000687497e-04
2.200495206531280588e-03
8.019778310750049800e-04
6.626703711237675373e-04
8.796637785263165853e-04
2.459411482511716560e-04
1.093321107667213649e-03
1.158038718726683326e-03
1.649466180658576463e-03
1.172607986856642835e-03
3.386762612785166660e-04
4.966875853555769403e-04
1.044972473106585724e-03
9.797598712421792810e-04
3.177439448532352970e-03
9.131190300366404892e-04
4.209984442190803128e-04
5.421130594375890652e-04
1.657224919586584725e-03
3.013916271781801330e-04
5.061052756279134715e-03
4.284737074871253237e-04
3.680817397535667544e-04
3.896668873817943943e-04
3.362205338454617902e-04
4.178614073155625746e-04
2.942176323124786816e-04
3.174866539158480269e-04
8.125810978867771799e-04
6.530981325990170127e-04
4.792096136896524528e-04
4.331417633268237928e-04
1.813061887813351624e-03
7.998409681266326933e-04
1.134690886569174892e-03
5.805661051501987942e-04
6.065214565466132881e-04
6.956751039159296632e-04
3.987139448643758433e-04
4.956878054455680698e-04
1.385167638957865432e-03
2.544107722478542040e-04
5.908091226704411617e-04
3.858268425805133107e-04
1.665634748437656940e-03
1.688519944881721998e-03
6.936949687627646860e-04
2.885304356883229343e-04
3.671027284997397094e-04
9.100354001077060918e-04
2.415910952113668134e-03
6.658436929043275035e-04
5.947459334743044040e-04
6.087129372606802768e-04
3.567533742878298600e-04
5.403970172295645327e-04
4.189514044478976143e-03
7.682881887757871033e-04
3.859178409085631039e-04
4.479453695557365387e-04
6.412139283322013279e-04
8.083632994171168450e-04
1.160098672302556106e-03
5.198550260897643032e-04
2.195482073656984928e-03
1.644637932383381448e-03
7.226108926612353437e-04
8.316424766274012337e-04
6.700556321136282804e-04
6.305623615084973840e-04
1.895285150664148283e-03
1.350367168637662098e-03
6.848682262417207138e-04
4.127217637110109434e-04
2.665603981549887380e-04
2.570291469942033035e-04
1.628230570391785061e-03
7.461477857166793921e-04
1.058645227073807225e-03
2.696917667915521566e-03
8.472702497794554850e-04
5.514381438100772513e-04
3.551745540290807894e-04
6.306397846673174540e-04
6.766404673577122632e-04
2.567909337560094840e-04
2.940425435110781047e-04
2.253090575336524643e-03
6.469033168764399058e-04
2.135399467689902766e-04
2.362980864304052141e-03
9.512384202196186257e-04
4.517856257065098915e-04
4.508777296343040655e-04
8.419591209961772502e-04
8.568401585921035226e-04
2.966811396780752864e-04
3.143940862152559430e-03
1.752089538582260464e-03
5.175294863429107930e-04
3.537617708014599485e-04
4.120509638372107952e-04
4.788096095401865701e-04
5.015864760782230052e-04
6.740424978724595360e-04
5.766685825811166104e-04
5.756584540509944448e-04
7.409360982693258182e-04
7.643087083379243411e-04
4.811342420748282596e-04
8.194296055942445556e-04
1.618902076188934907e-03
1.323253801854390541e-03
3.387514763185319627e-04
3.351200389675580791e-04
9.341920209822724818e-04
1.011899097317608964e-03
3.483445074531083679e-02
1.638529544178299107e-03
1.266510883655741016e-03
2.104544697821573388e-03
1.187024538064393236e-03
1.769477486352352691e-03
5.841551502587915678e-04
4.945497480465239730e-04
5.924016597086938099e-04
9.887142430762367856e-04
4.007482395309468681e-04
6.635369704735344853e-04
1.123945431183464043e-03
3.671177086528786167e-03
5.434150824537936847e-04
5.061052756279134715e-03
5.412359888432500578e-04
4.621295573002822906e-04
8.615408740579069387e-04
3.467845245897795939e-04
1.360988313323596710e-03
4.506638881022679601e-04
6.889908474988217738e-04
5.325727575668790566e-04
1.177178814991144528e-03
2.759066590247315665e-04
7.760227613157824611e-04
6.879690701242353835e-04
6.190371053104917884e-04
5.073760117582091275e-04
3.859111762932871097e-04
3.255941316656798482e-03
3.480003161277871442e-04
3.906542922366911083e-04
1.845402361963381253e-03
8.724473573945371865e-04
9.311775945450912655e-04
4.926513303037356262e-04
2.074826097125297055e-03
1.052642927729222772e-03
2.949544293051733828e-04
3.192469085507690959e-04
1.279185785820970318e-03
9.215365805560403424e-04
4.880810034538765802e-04
7.735033741649976341e-04
4.336305324999422057e-04
6.220313695256396826e-04
5.932256036589834362e-04
2.448611926169865036e-03
3.755275260167650962e-04
3.865810543750598923e-04
2.286337668387338742e-04
2.960340411256320663e-04
3.628435736861835821e-04
1.332658235952813514e-03
8.249678350652909142e-04
4.340213533525299995e-04
1.174546158124099805e-03
1.095206382238851509e-03
5.191758047326497415e-04
1.493059602308290405e-03
3.303578248147511637e-02
5.542395686463845277e-04
1.238175428672743999e-03
3.128831198400979885e-04
8.998606233440540475e-04
3.200303985987206098e-04
1.509586260217420789e-03
5.401499573732273206e-04
4.025159531620027672e-04
2.985333408967962205e-04
2.632516268160374332e-04
3.087656463844779681e-04
5.969801832708662498e-04
1.989258226645160960e-04
7.499965288399174481e-04
6.127081506604653343e-04
4.188188436686851525e-04
5.860428090406757592e-04
1.428199065774053960e-03
8.973118762951778340e-04
6.639819698099026432e-04
2.539435234668211121e-03
7.081764410588825900e-04
4.785872604506952893e-04
7.228550755627847655e-04
7.726237018248639093e-04
6.894384836466450938e-04
5.257438737995964381e-04
4.113595641340930397e-04
7.233801794137134080e-04
3.365648873371057280e-04
5.959396582747429573e-04
1.906954619309444423e-03
7.086070573180714999e-04
5.203303235910733057e-03
3.822917534206851501e-04
2.037249267332624011e-03
5.272436282684827506e-04
1.894659083974468798e-04
6.380236083471733499e-04
3.263704564767142642e-04
7.193786078489981415e-04
2.713179679294244143e-04
3.397900960660552548e-04
8.834557462087020384e-04
2.912257337934170791e-04
6.855302864437032339e-04
3.074371729695322833e-04
3.184405831263837348e-04
4.298609025739067889e-04
3.753884818801855937e-04
3.015278603447287291e-04
3.457478029670996936e-04
3.393993456514963515e-04
4.681959731223562138e-04
2.458627400511659115e-03
6.096313916040299293e-04
4.670405167870765118e-04
3.790254770683030043e-04
4.204066593789134083e-04
6.319628929612960706e-04
5.409304418065578228e-04
4.975693591121347834e-04
1.482398785996719755e-03
2.522893889087120885e-04
4.059581925463059851e-04
3.808022635864100947e-04
1.986174503523243772e-03
7.080179184338375757e-04
4.317143429610089105e-04
1.530635326779466142e-03
1.387096881078501596e-03
3.863796468540893437e-04
3.196336347794511107e-04
2.683674703538760603e-04
6.043785688302133257e-04
7.272054881203093369e-04
4.196199710371157146e-04
1.105843354885394743e-03
8.406639128316783669e-04
9.977646799038783661e-04
5.408850664025585371e-04
3.217085253164135550e-04
3.153852384953949751e-03
4.486103353944699578e-04
8.045489475846037556e-04
4.941928886348959885e-04
4.666293066144629664e-04
5.890762125513290858e-04
2.165326359175026767e-04
1.439076894136574096e-03
1.219855367329278264e-03
1.239237347062441090e-03
5.455493568162183811e-04
5.784897776981113779e-04
6.338249648854600050e-04
1.127901661533626653e-03
6.922650219509874281e-04
9.640620046180210399e-04
1.177178814991144528e-03
2.420410289258674314e-03
7.452276204718057476e-03
6.676300480831781755e-04
3.076413476991986338e-04
5.389945652687659280e-04
1.377586542129848697e-03
1.913840226644099524e-03
4.151902709850603061e-04
2.807816795798687452e-04
5.326528090337639141e-04
4.136180738298738920e-04
6.597322106097023176e-04
5.715579185285652635e-04
3.742182836688927382e-04
1.011860627482209915e-03
8.603980083528833377e-04
5.556187400612194651e-04
2.090333812284123852e-03
2.173149926488458956e-03
2.900719226137163636e-04
6.131399523541318205e-04
3.301009446118051177e-04
2.253090575336524643e-03
1.917034370842333373e-03
3.919280320286403657e-04
5.787149167985625522e-04
4.538003405868125222e-04
2.002319740410841813e-03
7.267174111955389780e-04
2.788755722446146384e-04
4.760123165279901204e-04
1.042034240896927682e-03
8.951031455816366557e-04
4.759802848949687610e-04
1.076708527662131659e-03
5.513599606927929893e-03
1.116886683853953377e-03
2.799757946506274339e-04
9.304349773976690417e-04
6.269895903943951531e-04
4.592335030359321084e-04
3.522627227806924438e-04
3.649962492963408460e-03
3.441485764906215827e-04
9.303550500914757864e-04
4.563406310062113782e-04
5.231224475286464079e-04
3.346355217923487600e-04
8.470179208519254587e-04
3.759259264747168670e-04
1.071154687441062134e-03
1.044972473106585724e-03
2.179507158750341664e-03
1.529542510365138443e-03
8.125821824230273745e-04
7.267506598431820123e-04
4.591877728940777924e-04
4.328529663450123195e-04
5.409326111933040202e-04
2.670834696092772367e-03
8.684913273514793548e-04
1.205079002309125333e-02
2.023814987423837222e-03
7.054667134056264279e-04
3.696780062506852655e-04
6.734353042993868011e-04
6.453667911382208805e-04
5.439559085186514154e-04
4.793668821833108355e-04
3.340030582600678113e-04
5.898223775768604484e-04
3.796069510791292407e-04
7.345881603669563624e-04
1.037704406145513025e-03
3.208551656560463248e-04
7.275191740637035939e-04
1.480657087011232010e-03
1.098224014715451155e-03
1.831545992285360178e-03
4.127596183416164179e-04
3.442187190591673284e-04
7.326555398308128887e-04
2.524808351226878224e-04
1.987153976285874375e-03
7.495417878012088694e-04
8.851553615153796893e-04
2.991695324246963533e-04
3.294483965309959531e-04
1.518099000270430564e-03
7.585510777043369922e-04
5.402271265185603884e-04
5.829460695895769245e-04
5.089697296481270321e-04
9.466545802791489573e-04
4.518208011366418018e-04
9.293270867757923636e-04
5.698034858971334207e-04
9.685473559427334534e-04
4.092523959163319228e-04
1.602153034972323038e-03
4.761880731857408354e-04
9.131012916494608053e-04
3.172134287928485589e-04
2.901234487563869092e-04
5.659439426816479778e-04
4.332944365417797507e-04
1.856015933963281852e-03
7.877633453951146626e-04
5.105453758793408346e-04
1.023472253058387710e-03
8.066834777785703839e-04
5.676933975834049743e-04
5.091451282980222898e-04
6.337988718080949865e-04
3.221710369090039590e-04
1.547234644050947752e-03
1.476503731864198254e-03
2.301779724198363929e-03
6.212867883297971397e-04
6.277400998271468781e-04
4.193065537999604662e-04
2.805622785807433141e-04
8.028119991635639064e-04
4.130967142193977116e-04
4.521771800423611781e-04
7.028048876041911169e-04
6.696490800289888867e-04
6.055353552615543684e-04
4.186036961831901201e-04
2.602983362793115331e-04
1.458178613516622566e-03
7.723591803238193760e-04
5.161049483036288504e-04
4.282762274169827320e-03
6.145079603840082443e-04
8.091167966713356955e-04
6.612897845742825124e-04
1.548422810533910425e-03
2.176899287408502531e-04
9.850202083262877238e-04
7.121526790941907874e-04
9.411240476961498696e-04
1.093592409194273736e-03
1.424126010362953935e-03
4.785872604506952893e-04
2.179507158750341664e-03
4.286181339699172673e-04
6.758787861796427448e-04
2.580598573824241623e-04
8.232181104195618587e-04
7.450678222340103435e-04
1.859402854215054122e-04
7.309382430599427110e-04
4.820492740351877900e-04
1.282053803170560237e-03
4.309658506455421828e-04
5.488473058454535489e-04
7.093161852965516314e-04
7.910206898753160791e-04
6.390622166902096410e-04
2.706531494666672183e-04
1.272277302537857657e-03
3.019995462008520778e-04
7.096948672302709656e-04
7.148055875165920149e-04
4.212245410018636326e-04
2.620042153778353927e-04
4.709392006856080227e-04
2.538464091866830265e-04
5.312815401023448202e-03
8.086736505637317791e-04
5.487101082864130359e-04
8.444067408181417681e-04
4.166708833212953364e-03
4.496836996338695941e-04
2.828677043284787574e-03
5.617157451808150147e-04
4.279920980860169879e-04
4.526687627145677020e-04
5.348432675786380817e-04
1.490481133457766854e-03
1.044140880528606451e-03
8.027828919810172997e-04
1.482199605659611672e-03
9.333481165737687272e-04
4.318622251633388539e-04
9.510439919296456756e-04
5.755981751263253071e-04
9.318862974257311133e-04
4.514462259259732833e-04
6.943620779128767970e-04
1.635665556643308718e-04
8.528515201216108847e-04
7.497400075545044814e-04
6.617026420000266147e-04
6.520573487316496178e-04
5.790133057176350935e-04
1.240003913436345815e-03
3.706706755915054551e-04
9.273826965811083657e-04
6.645227407627342115e-04
1.335365475414581867e-03
2.600717561345485939e-04
1.823602551213868292e-03
2.063566378563038957e-04
5.095137488436585899e-04
8.567502597841681168e-04
4.039930598399651832e-04
5.438484544217703828e-04
2.066750317533193760e-03
6.997476954687484752e-04
9.219021430368259246e-04
7.748757404127820398e-04
2.220768982112856561e-04
1.794528649904447411e-03
2.970893469288190072e-04
