2.239116346506205002e-04
5.002942348419767886e-04
1.588765926410707816e-04
3.836414580442187600e-04
8.568119782770808367e-04
1.040361472825816107e-03
3.895054738214399990e-03
4.432770374344285002e-04
1.966610441393201486e-04
1.003594295209134929e-03
9.087666763811974493e-04
5.824594861237261407e-04
8.155416355298942578e-04
3.831598083406811701e-04
6.767566656648954211e-04
1.104242499279652198e-03
6.766893496583815254e-04
5.995042312788276305e-04
8.039155956989507690e-04
1.365629198581046070e-03
6.698279569982881331e-04
3.545198229909090628e-04
1.340946092118376924e-03
4.010700600912182499e-04
1.543926619486566797e-03
3.500910655446531666e-04
6.836897393070712030e-03
4.228096740503962383e-04
4.598972420730295546e-04
6.371364574335244965e-04
2.811321274003075526e-04
1.971154542176143092e-03
6.636932355301870725e-04
1.858244422687948714e-04
7.553782080862866087e-04
4.188856214959488927e-03
5.580357783368746806e-04
4.575592058343089762e-04
7.034746237758065547e-04
6.697669463596527765e-04
5.460470534124522209e-04
5.928296896932207325e-04
5.553340469756839690e-04
4.593682358228986812e-04
5.498126736216254942e-04
9.486924084043056029e-04
3.010150922935632715e-04
5.743650319070441393e-04
3.269479466396609316e-04
2.854031016319511101e-04
8.706034360331946437e-04
1.059689002557658239e-03
2.915356977675286456e-04
8.227972046768462213e-04
3.251674657961950302e-04
4.057636786475600347e-04
3.803707661637420337e-04
8.831944451412643586e-04
1.234159464665086003e-03
1.103138144385348114e-03
2.156035143230515712e-03
4.053859704559164960e-04
1.240573989617702044e-03
2.825100305930628906e-04
1.108631321855940667e-03
6.738273395765275939e-04
3.650921724159943171e-04
1.127752999280047909e-03
4.391439158676791344e-04
1.366551769155734033e-03
4.738897330803873171e-04
5.797850150879461711e-04
6.775449659859947293e-04
7.627036106424137964e-04
4.757380745478957608e-04
2.929696030879789907e-03
4.159792703838129644e-04
3.009854716371229699e-02
8.928163181458126981e-04
5.073961073263128950e-04
7.046476373233582363e-04
1.982485212873871881e-04
3.688035072708281117e-04
3.329240291472785164e-04
9.904129065482147280e-04
6.573062415242723411e-04
4.213993852306878798e-04
1.104242499279652198e-03
4.592997707010708689e-04
2.900990173688398292e-03
2.750957954262465109e-04
2.434431758672899490e-04
3.164331212738741598e-04
1.040361472825816107e-03
2.071584889569904730e-03
4.609461564738177907e-04
6.564982489363672220e-04
1.030608834761173294e-03
1.421928194164353036e-03
4.545626189031164621e-04
5.740820827681900442e-04
2.387560131321591402e-04
1.369321431139624819e-03
2.837951105801892002e-04
1.257641434638896369e-03
1.036312169914703355e-03
2.602369118592948931e-04
3.743388257629604986e-04
3.709902970037693673e-04
1.977433149339243891e-03
2.855861504955329189e-04
3.255912186081998138e-04
1.335140203627009419e-03
7.048985627719321634e-04
1.864202130568237562e-03
2.921004323115340088e-04
5.621489415594255320e-04
4.836006787060795559e-04
3.237090577882469934e-04
6.850216582772153569e-04
7.699926270429883297e-04
1.756931900025146575e-04
5.845688572993285774e-04
1.973632105007140690e-04
5.527100977369737728e-04
7.782622446695179868e-04
5.917680679171992116e-04
2.578899114491320019e-03
5.605491881827339654e-04
3.195409208529879311e-04
6.090804740905798528e-04
7.079224386216980336e-04
9.873552199269961926e-04
5.499058185054826308e-04
1.199774613509558066e-03
3.564929096702914332e-04
1.104242499279652198e-03
4.325774263667464493e-04
3.042246265766468155e-04
1.498741469337955485e-03
3.049574686467361462e-03
1.446686510249225880e-03
1.543024472971246848e-03
5.095063282630780260e-04
1.864202130568237562e-03
3.398419406458105525e-04
3.063695926048482974e-04
5.784512805069695488e-04
1.474556487679493924e-03
2.518830126888989013e-03
2.989717628205058528e-04
1.002605327040726911e-03
3.483694067028751109e-04
3.668144876575742900e-04
2.655911661755758755e-04
3.484925709964328041e-04
3.944321317670960482e-04
6.332511504468919632e-04
3.801632071311723338e-04
1.722274768079674933e-03
9.681836131895029274e-04
1.627404935179467115e-03
1.134383267437448365e-03
5.365329034948868080e-04
6.726579381167374031e-04
6.046164479248801156e-04
2.644863289863477957e-04
2.377091118892218132e-03
1.147482892458164677e-03
9.316054886879281864e-04
3.392980049797830007e-04
5.322125794388361114e-04
2.785771948031913860e-04
6.480912947138937506e-04
1.664922567767194257e-03
1.244569550089552308e-03
3.287322157410439900e-04
6.761689508920472802e-04
6.568068748439320108e-04
2.143288916388907169e-03
4.324197942179878497e-03
5.664892688460068616e-04
1.526022028814192927e-04
2.395089763372151338e-04
6.812996293429141644e-04
1.017431813308737696e-03
7.418806637897123156e-04
9.782951820247311279e-04
3.992273928259777922e-04
9.780095279905017501e-04
5.483730455026471174e-04
4.775470120742313042e-04
3.823948426893338795e-04
9.335502687987724162e-04
9.623369358056540470e-04
1.781673065199556151e-03
3.509395946905207678e-03
2.933512323231838204e-04
2.119795676617145885e-04
4.644448401734820563e-04
4.619912534634905139e-04
2.374807217300572114e-03
4.118429543995916729e-03
8.634516670277933483e-04
3.542565655164141921e-04
9.845684831113394632e-04
3.798223712191895938e-04
2.300651745555923116e-04
5.382787131738257661e-04
4.739593413373904070e-04
4.354441474212362973e-04
3.922851811587823407e-04
4.891755884218817541e-04
6.432043961360415889e-04
3.124521516457267473e-04
6.087934181040879694e-04
7.712205748580424399e-04
6.117880958756186874e-04
8.068840220537719030e-04
4.253141734005960067e-04
4.266377340801142965e-04
7.233945751845869505e-04
5.410580639018357230e-03
1.354610587475074679e-03
3.843762401805447988e-04
3.141241432272290032e-04
2.300852643755597643e-04
2.059751404881700505e-03
4.418405422661619169e-04
2.243445547533829256e-04
1.975157927279917736e-03
1.082925659609685221e-03
7.918378184717992209e-04
8.043391399376503869e-04
3.009854716371229699e-02
3.316687103715206366e-04
1.111821516091754435e-03
4.656254109961112560e-03
2.025501870707369784e-03
2.730813485522736827e-04
1.150956049513950519e-03
8.427305211255726840e-04
3.513066026145151600e-04
6.077126108369664556e-04
1.362472353505302710e-03
4.468951212243080944e-04
3.202285947215201701e-04
1.116643479377640077e-03
1.157740829394870476e-03
1.276729928378864337e-03
2.201648936358133939e-04
3.587341120309683082e-04
3.366537631736362291e-04
4.775470120742313042e-04
2.312792998393255206e-04
5.088757482632932276e-04
7.405414143777448418e-04
2.908615341042415257e-04
3.960098541972276631e-04
2.039749260855724163e-03
3.707165788880242060e-04
2.287587303297413006e-03
5.249671080051203538e-04
9.203163032322100824e-04
1.784652721941137584e-03
5.038231905047872152e-04
1.180530324562567091e-03
4.833325000889715896e-04
5.839022524310496631e-04
1.901540749355272886e-04
6.437739054423183890e-04
8.319798984502075126e-04
6.181500357124990750e-04
9.792781757730901863e-04
1.787999504529164943e-03
6.935352442485763838e-03
6.693292148609548487e-04
7.056564251507940538e-04
3.750352368173490592e-04
1.543926619486566797e-03
1.150956049513950519e-03
4.039171839642711733e-04
2.171915953772220122e-04
3.202285947215201701e-04
6.330753031023062536e-04
3.311967560918839992e-04
2.862732185057348020e-04
4.276272735586287427e-04
1.412498032029180619e-03
7.154921671432575405e-04
1.702300442057452182e-03
6.009096001324993079e-04
2.092647260959694226e-04
8.573929915310163699e-04
7.546969550700000952e-04
7.642419304699347472e-04
1.735666312459467446e-03
3.632660912871275437e-04
2.765185301229228492e-03
2.943050716407691315e-04
2.245429481420658721e-03
1.395455496320361201e-03
3.259717780831113284e-04
6.335569786794984079e-04
3.653905911964987620e-04
6.950869066029480205e-04
1.924422469000461420e-04
2.010697718746393223e-03
3.733266112632286694e-04
1.141046286942482306e-03
3.629857100858625493e-03
4.834477472820797165e-04
3.058265544573516496e-04
4.035779607585431050e-04
4.846493301668351977e-04
1.808192668600881606e-03
6.928209480185456345e-04
2.400694504196048882e-04
1.162570206047218490e-03
2.631815176593724800e-04
2.179072295359886448e-04
2.641188937930846097e-04
4.999388889756109077e-04
3.140060703092428318e-04
6.230755098958892443e-04
3.921923029171433834e-04
1.020579834199241776e-03
7.445809110396041115e-04
2.860273436579197797e-04
3.880905130180654266e-04
6.509175403954842089e-04
9.072945128939589703e-04
3.661485594913848132e-04
2.832055535134177953e-04
2.165265290753879725e-04
1.362472353505302710e-03
2.494027703921057517e-03
1.817733393990287206e-03
2.933919821120884504e-03
3.090596236554989172e-04
6.497499823116581518e-04
2.058347643631146511e-03
4.029860469376234187e-04
6.488000628189087614e-04
4.363136085754427203e-04
8.894692887846251646e-04
3.848522927902150136e-04
7.647917151218830596e-04
4.809893024209038292e-04
4.742464245965708467e-04
2.325516383565525390e-03
8.501416013448371027e-04
1.192739123103760644e-03
1.991821670748481019e-03
7.305350468442280793e-04
1.631804498511373611e-03
2.634650146401071487e-03
2.218932935058588567e-04
4.575592058343089762e-04
3.623217129699336098e-04
7.455066568723574521e-04
5.923050642321812075e-04
1.787629242952967854e-03
6.403535767619905703e-04
2.394629460432995231e-03
5.121307338293493551e-04
4.654211232416931516e-04
4.721871736920392102e-04
3.004932847396746395e-04
4.772094508407315866e-04
5.291607669520802769e-04
2.681684505832951739e-04
3.345939272444231269e-03
4.429354512233201423e-04
1.474485531444601639e-03
3.610982738170640059e-03
5.274940581701370980e-04
6.079850684215035031e-04
5.457428959113248303e-04
4.445726460213993646e-04
3.660563728346488623e-04
2.130269848337209789e-04
3.558647282424634095e-04
7.500552982741809762e-04
5.867060417242357098e-04
2.814027824375557596e-03
3.063629458794496540e-04
2.604622036380541063e-04
8.466119069420743274e-04
8.092675094544774265e-04
2.150156943090476066e-04
1.702300442057452182e-03
3.231294663034838519e-04
4.871564814625638641e-04
4.045102900934086196e-04
2.556316782663308829e-04
6.061962457458508957e-04
5.856015201091234598e-04
4.331256242527870741e-04
7.907061984862826009e-04
9.089975398447776430e-04
2.030581643352873632e-03
5.395554613597777077e-03
2.907887816814396236e-04
3.418778472396270134e-04
7.384660792883117157e-04
8.722058201625450041e-04
6.587849275590771129e-04
1.770663012605489797e-03
6.783003858972523658e-04
1.195284744861407596e-03
2.105051696349634837e-04
4.882528025381814183e-04
5.865463727597902297e-04
1.792747667134090509e-03
4.215321326153395696e-04
7.708172832120832639e-04
3.763986146549299912e-04
2.719655717572918262e-03
7.221885142272881563e-04
3.134290532329036508e-04
2.931249662952495122e-04
2.504931069658393374e-03
1.988483619159641075e-04
4.499389214953062634e-04
2.537768348514930598e-03
4.791626232076024849e-04
6.226796173776420707e-04
5.070270616802140598e-04
9.976153761334632247e-04
4.832553381507469670e-04
2.451286619905081263e-03
5.258905256264123987e-04
6.600298392702607297e-04
5.481600459822859144e-04
1.852962002863878504e-03
4.923548719274313751e-04
2.878786618509322250e-04
2.407279627248886528e-03
9.206612072149562669e-04
6.878662897961461929e-03
9.785175976198725711e-04
8.794115537757490799e-04
2.948340925904872553e-04
1.934175737914484996e-04
3.038318019481754131e-04
3.596412670738661772e-04
6.171190641705509919e-04
1.332562766312834178e-03
1.517446673170696255e-03
3.636365198332170258e-04
9.089975398447776430e-04
2.148056960046278608e-04
5.116255153943184046e-04
4.437031774951334358e-04
1.627179032732291840e-04
4.157539054385937186e-04
2.018800261099763620e-03
1.942409059745791406e-04
8.258375500554804944e-04
2.059118928942663379e-04
3.337612428311313283e-03
1.139504357027154319e-03
1.795623013829700666e-04
3.412357714379738068e-03
3.194475428254841534e-04
5.879401656071647124e-04
1.561023304267625993e-03
5.471653885628681435e-04
1.794748471517329286e-04
1.002168241481927883e-03
2.737291072104341147e-04
1.068234132707665106e-03
3.576946387060661527e-04
4.236771253431584490e-04
1.747681199220635275e-03
1.558607790180542140e-03
3.287067633688797253e-04
4.768534323175576848e-04
3.033019106497171621e-04
3.686332228935810260e-04
6.859864276473487139e-04
1.901097188883679127e-03
2.347808848374977856e-04
9.515120014299548483e-04
7.034746237758065547e-04
3.282005808590154092e-04
9.159447242232144097e-04
5.570050822134522571e-04
1.397404934181639474e-03
3.553129110288474023e-03
1.134935823242146872e-03
3.360322929053133909e-04
1.771975883823492326e-03
7.301155512416274704e-04
2.863094809907125362e-04
6.600298392702607297e-04
2.928154011717640833e-03
4.721303131965210939e-04
5.214293504138678556e-04
9.177435934604749341e-04
2.534137570641093948e-04
3.940651055166744313e-03
2.482220986539181878e-04
6.046164479248801156e-04
1.283388590780223026e-03
7.284428941532485567e-04
7.236642531796146994e-04
1.141921958598041825e-03
5.877936809828605705e-04
3.859633499527235015e-04
2.395182331761147891e-04
5.678359792083893277e-04
1.752070026015207832e-04
5.835426944643719045e-04
2.845675145556862771e-03
6.818172766544210867e-04
1.178925996544639716e-03
1.324358765503860259e-03
7.618787031673014166e-04
8.677889584271407993e-04
2.295405113948132975e-04
5.889667454074343569e-04
9.417857627594335189e-04
4.176766450932755813e-04
3.541974586603346986e-04
5.051014275444144644e-04
2.928154011717640833e-03
3.551818872925198260e-04
1.363280837575974857e-03
1.496753170829699100e-03
3.127036224310358078e-04
3.239030819848903991e-03
6.471785674724821885e-04
2.198558517233992215e-04
7.753209151991416470e-04
7.208208913648060222e-04
5.258905256264123987e-04
4.712207423679152466e-04
3.843702541403705127e-04
3.323978314266715518e-04
3.636445622997447769e-03
3.329820218706844672e-04
3.181009801611904184e-04
3.871380298229255205e-04
3.960098541972276631e-04
1.354454160766023268e-03
3.135159842805662275e-04
4.555706454422474229e-04
3.250607022963073801e-04
1.195284744861407596e-03
8.914551666921881378e-04
5.159556758185777654e-04
1.191294141192596103e-03
5.339987931562834283e-04
2.217658827528876542e-03
6.671620611269763173e-04
2.229087564398647432e-03
4.430193341962601920e-04
1.104242499279652198e-03
5.658992404273535063e-04
5.099630963938942734e-04
6.207218961885472772e-04
5.238869499510499968e-04
1.389464232262426283e-03
2.644053015345304721e-04
3.210357832553032320e-04
3.519025572660493522e-04
3.842959778678587280e-04
3.873499294198046758e-04
1.090286735499545155e-03
6.476185003980263789e-04
3.653944930571177089e-04
6.258234547629650934e-04
1.417266304784473192e-03
2.915020735027715930e-04
1.750366567209392897e-03
2.393195331360236809e-04
3.646098045913253195e-04
1.718239703090354694e-03
1.976520192306224224e-04
8.134416609860410001e-04
3.031341114681696436e-04
4.427481935867109974e-03
2.581656163916287976e-04
4.074578161274082879e-04
8.354551296770856145e-04
5.396523164954337591e-04
9.501992444704453937e-04
7.808546735678876518e-04
2.051903456436804038e-03
4.619912534634905139e-04
4.752137664630129497e-04
7.301155512416274704e-04
5.183114331602428409e-04
3.039055541244339853e-03
3.952674954177568217e-04
3.372024608392423513e-04
1.982155791894894045e-04
5.303430924518524490e-04
5.177695521252498800e-04
1.585478062690358955e-03
4.003042262969588004e-04
1.977738437388174876e-03
2.507271770491080378e-03
3.152597656919010763e-04
5.573398422874274250e-04
1.669586639675786762e-03
3.562234139629590394e-04
3.019988874233716486e-04
3.410971114653787062e-04
8.683343858777480603e-04
1.554953964190807251e-03
8.106475907956975802e-04
1.018418637148869139e-03
3.274525162704250056e-04
2.951808548519097757e-04
4.437021190342494456e-04
4.565543925213357132e-04
1.297482455427009882e-03
3.241448377992979329e-04
1.301449608366859372e-03
4.676051010610222415e-04
6.026902313283318338e-03
5.094935301074447797e-04
5.561229387282438322e-04
4.147281974698846865e-04
6.244943396848249336e-04
4.703472033964903255e-04
5.549228686188194606e-04
7.270774760847326362e-04
5.171526580939589911e-04
6.894511771094603402e-04
7.277740206734823912e-04
3.589180012849270342e-04
5.385913061198734217e-04
8.648489075789591272e-04
7.283970380481886086e-04
6.408402622345596390e-04
8.690622106270219898e-04
1.064109846546736722e-03
2.369743723079482250e-03
5.333192820162473580e-04
2.154844165922013539e-04
2.840377625433422224e-04
1.208911556399361927e-03
5.755837484665508440e-04
1.372883445265613315e-03
3.852411065527639334e-04
3.402772937482977079e-04
9.232348531430879584e-04
6.847475578418871396e-04
3.387516273203462595e-04
1.855204897221939214e-04
2.190654034909145231e-03
8.070577475570511142e-04
4.770112375193166646e-04
9.178714754307154208e-04
2.844522634003796881e-03
5.043047727780130369e-04
7.265175838708492215e-04
1.395455496320361201e-03
9.801398849097360793e-04
5.447060962844381578e-04
8.363117433909705899e-04
5.283565989491397505e-04
5.768567203604130786e-04
2.263477730426191820e-04
3.525621336519558797e-04
4.014287180298548182e-04
3.167974442067530961e-04
1.211663631910270614e-03
5.375276873229634014e-04
1.737643420758873630e-04
4.422392002569831208e-04
3.629181277319948459e-04
9.158348111228190036e-04
8.242964108772814951e-04
1.199532121222654209e-03
7.910512175186207090e-04
5.354452058196191135e-04
4.092722757162050966e-04
3.235945792227009092e-04
2.374078376078209759e-03
4.413138413993513776e-04
2.806621320541010972e-04
2.697545062870070347e-04
2.278808857600969628e-03
5.889680712936301143e-04
1.180131109569580034e-03
9.172852115143337141e-04
4.720202503645859666e-04
2.423628067580332977e-03
6.807945588125639044e-04
3.197715611985375091e-04
7.942477792560662369e-04
7.700039805604468653e-04
3.717864671720702693e-04
3.494162360616332027e-04
9.717933564960450164e-04
3.634255474448066744e-04
8.609954585625500525e-04
3.140060703092428318e-04
7.194430876915960124e-04
3.819469588913789295e-04
1.649047969588169358e-03
6.400992132912439181e-04
7.284917760854253644e-04
2.358643036370595882e-03
7.090130790969649630e-04
6.620084527289236617e-03
5.891979996848146009e-04
1.993281897099517135e-04
2.933175216073100489e-04
5.927049114651995352e-04
3.445862988561136544e-04
6.501701371593076109e-03
2.237033532002184310e-03
2.729619974359273680e-04
3.243822870074890220e-04
3.815806709180649898e-04
4.153393410540821948e-04
3.168302245901222030e-04
1.764845524687172961e-03
3.042347558243221439e-04
4.430099198475149569e-04
2.680978116131761528e-04
5.552761369405065156e-04
4.431055652042764550e-04
5.528777583312604292e-04
2.501152581960001432e-03
7.895268706935222591e-03
3.981755425888004025e-04
2.002848229259682200e-03
2.961384207101978427e-03
1.312126792515380842e-03
6.738273395765275939e-04
3.300222271751429202e-04
3.960098541972276631e-04
4.166382013809974264e-04
3.119873347303209958e-04
3.367226926271122594e-04
3.215433338802843491e-04
3.536750383219759274e-04
4.796629501525929463e-04
1.012713463012053982e-03
5.485056871430554759e-04
2.982825632838049363e-04
8.459349718620488541e-04
3.183056448245690211e-04
1.048128324624723103e-03
4.123884890372944072e-04
5.316931476594977677e-04
1.307858834960820820e-03
2.428457342060015914e-03
5.702934477164070624e-04
4.893930170609085348e-04
3.923507942723407924e-04
3.079412435429188920e-03
2.824856407225046374e-04
1.135550098566545695e-03
1.893783869853143953e-03
7.108549617413041297e-04
2.416983470124864971e-04
5.115990256836739974e-04
5.977635968898129286e-04
1.087799762797833549e-03
6.566789766023722712e-04
5.598364948785777579e-04
5.374988510342412025e-04
3.135498869287444671e-04
4.904877220924166309e-04
3.375088887099835693e-04
3.597019282978821710e-04
1.608704169032431361e-03
1.722274768079674933e-03
3.077528116848720426e-04
4.010950904968241942e-04
4.964654983067863210e-04
2.575435689475544850e-03
9.260604592489765554e-04
6.791613685381206597e-04
1.084912352799350006e-03
7.594606423311821633e-04
3.989157914672100333e-04
7.337092312283802252e-04
2.278132342207298509e-03
1.833417462051684099e-02
3.445272992020913965e-04
5.437854258041985994e-03
1.250303223746698604e-03
8.754661834099141922e-04
3.240294670709565044e-03
3.733199781576363721e-04
2.752993724417738815e-04
3.200099729546915369e-04
1.287622581937707426e-03
1.860424862894550146e-03
1.722274768079674933e-03
4.869825935910322375e-04
4.303400681638197794e-04
2.273204052233981432e-04
3.319432986370151445e-04
5.586888763864124438e-04
6.289471674368107617e-04
6.395018365112514367e-04
8.900988965915178006e-04
4.350756995540571424e-04
3.604507793317731127e-04
6.226446657092839189e-04
3.582255010125848737e-04
5.997458244250686299e-04
4.429354512233201423e-04
1.733182313612307993e-03
3.679170772649057309e-04
3.042347558243221439e-04
1.232353929926736577e-03
3.320849155668104775e-04
1.597162939441776602e-03
5.303621047529411730e-04
3.261871803378182185e-04
1.562487711765448654e-03
1.365541551737557181e-03
1.057813632742310916e-03
9.377711592105569599e-04
4.808760146232076826e-04
7.785074632091549575e-04
1.087258893650305249e-03
9.489725148898039368e-04
2.270848855687573973e-03
1.049345877470673084e-03
3.063428537150057816e-04
1.417873398539365839e-03
3.404978753595678067e-04
1.259001851262234357e-03
7.468495464515788156e-04
5.457428959113248303e-04
1.597162939441776602e-03
2.378285480297885179e-03
3.192429158783062645e-04
4.993736300430309891e-04
2.685923265110679720e-04
6.335019911567162359e-04
3.368707111067664262e-04
3.014860080773652806e-04
7.528240745823981846e-03
4.933067675573346361e-04
4.147434578984237371e-04
5.780876681590364774e-04
6.167303807089722810e-04
1.039767545291883514e-03
1.251127975402037016e-03
4.651223075078367362e-04
4.247338106195443089e-04
1.116643479377640077e-03
8.460272586365060474e-04
2.982825632838049363e-04
5.075417558805283332e-04
2.319974877713106877e-03
6.627466415685050009e-04
5.887344941339295659e-04
5.502676591604688380e-04
8.147580550949433181e-04
2.918804413623801871e-04
2.597164684948415590e-03
1.933870968748907016e-04
6.521186460391230561e-04
6.122865923989714290e-04
4.233414623979558466e-04
6.583237093230134580e-04
3.361800732095885616e-04
5.078747696807250347e-04
4.005346732037399571e-04
7.678413626094095223e-04
1.370390271676444555e-03
2.355380049534374666e-03
2.659799715967189632e-03
3.923359910057795576e-04
3.132692672819226945e-04
5.644258571239695824e-04
6.564078288250361831e-04
2.578073075201921249e-04
2.550863485184683881e-04
7.713195276050297802e-04
6.188281343003038202e-04
3.051731682787587122e-04
1.362432525718562009e-03
2.096795232227602259e-04
1.532728114160767231e-04
1.170111391778952533e-03
1.844900757561680716e-03
7.194441233333742939e-04
3.234484652622218129e-04
2.991959948412047337e-04
7.389379905961005390e-04
3.837228874663362282e-04
3.433942500490726061e-04
3.528725597295802362e-04
8.568774526651477992e-04
5.070919170840360859e-04
4.218433644532202406e-04
3.192376177685258350e-04
6.054322156055874605e-04
1.949638740575811678e-03
5.046881879553952698e-04
7.295438032734634023e-04
4.349645839399306755e-04
7.021588114545419422e-04
3.240529525821382443e-04
1.008282500744228649e-02
5.439916552198937119e-04
3.181065507104497022e-04
1.405550587129808298e-03
5.008442181964112066e-04
1.207155904291166461e-02
3.157435109173885855e-04
2.572738561021044486e-03
1.185524754013950535e-03
4.628228439612273415e-04
2.697853999047949134e-04
2.076537089036174203e-04
7.177643053372133796e-04
3.557356347284570041e-04
1.455667159200537417e-03
4.162812154889550839e-04
4.541333533140329347e-04
6.995402986689320483e-04
5.476843148942469588e-04
6.260649295008501643e-04
3.584799472996076609e-04
4.738897330803873171e-04
2.891379372514976242e-04
4.492428639552651639e-04
4.360661089971666344e-04
1.058051513613267108e-03
4.151881148890270942e-04
5.922084470903866233e-04
7.212230126901312838e-04
4.129718805274506361e-04
3.414883511468965339e-04
1.772290656474021398e-04
3.960964782361243910e-04
2.121578342305360321e-04
6.361924854086969039e-04
2.782581271531595611e-04
3.012079277204135703e-04
1.461316401936434920e-03
2.519358224769643081e-04
8.541858998469879739e-04
5.688334948149248536e-04
4.658124709059217514e-04
1.409614930421408978e-03
1.152563056627381932e-03
3.493748943492746032e-04
5.309163560283937074e-04
4.467215409797891984e-04
2.669494652331902374e-04
4.648853636755424855e-04
3.774835952790499749e-04
9.561771264446412193e-04
3.833025829010529707e-04
1.120558899394589417e-03
2.677820932570950177e-04
3.539162697151220643e-03
4.165391065280849145e-04
4.662365934762995978e-04
1.176770695755903788e-03
1.974889329469217171e-03
3.761654550225509161e-04
1.770551197466706597e-03
4.787159104226803327e-04
4.173484908940423236e-04
7.761502243395819326e-04
6.814531313154675559e-04
3.434511531068572591e-04
1.531549211367554640e-03
7.748866365791420678e-04
7.054940187226462411e-04
2.404306385673161853e-04
1.079366097733228851e-03
5.024541126410835782e-04
4.467727137466750986e-03
1.220944483185948132e-03
1.192479133140372403e-03
1.493031686162612972e-03
1.053942279683333554e-03
6.414217548601493062e-04
5.058034192362975690e-04
2.199314123685050981e-04
6.727905446730589756e-04
3.860854279395347613e-04
4.378856253195613328e-03
3.589180012849270342e-04
1.800474619181597095e-03
1.786616535461752397e-03
5.828703673218682156e-04
4.723109174711461302e-04
6.113061614081147840e-04
1.570145694728382248e-03
1.925151216906451079e-03
