2.660266132031587592e-04
6.718321306289201655e-03
2.027848136871208962e-02
4.620297754035230511e-04
3.397649671578240917e-04
2.182066600755210473e-04
5.266357011968838837e-04
1.109992650599549331e-02
6.294191760617815672e-04
6.584060777482925566e-04
2.390685865997902761e-04
5.642743363435922177e-04
3.250042989013848544e-03
1.430233882244526505e-03
1.154053488779522652e-03
7.849554539826951276e-04
3.029629806871203686e-04
8.004537389927448340e-04
8.659819325506662880e-04
4.446309187807492933e-04
4.239854799649288449e-04
4.729536123086463552e-04
8.199662141617491962e-04
3.290154736392729776e-04
4.392821399882043372e-04
4.872891774356008423e-04
4.297649031062393825e-04
2.478630429740169994e-04
7.434971584994167978e-04
1.009599121716149442e-03
2.789391340295077279e-04
8.758184109386195002e-04
4.388557452328865080e-04
3.212552998087752991e-04
5.856118873121124446e-04
1.012498542017979458e-03
9.180306299203938591e-04
5.440803932765770571e-04
5.736708432935066137e-04
4.344055772026221909e-04
7.104654643775852900e-04
8.240527703957974256e-04
3.585216547218983679e-03
1.310837491204260453e-03
1.512171303091265715e-03
1.860051515067824698e-03
1.094792162781306477e-03
4.717603612545361014e-04
1.165940998294867853e-03
3.592876609706412475e-04
2.080301902184451823e-03
5.609971236775597664e-04
4.368892182560454363e-04
8.890323707472397611e-04
1.937274537399319169e-03
4.745626526353832232e-04
6.512565883355786196e-04
9.983081672736815026e-04
3.160400805936104153e-04
2.723990056935294071e-04
1.508335146215264693e-03
2.363667462210485015e-03
1.548961721714985258e-03
1.261570622981950151e-03
5.998438720742177129e-04
2.712862986043317222e-04
9.215880252370058307e-04
3.818938754657083480e-04
5.963575587986155030e-04
1.247084507723104311e-03
3.109769726738984821e-04
4.563424160050190501e-04
1.169175667649355018e-03
5.943052749641511076e-04
3.236938194759486393e-04
3.570852256844915355e-04
8.093410829472743630e-04
9.461042297306213739e-04
9.110500662636910945e-04
4.661970002160513611e-04
7.708016378290805624e-04
7.111411004973504455e-04
8.384447362295456823e-04
1.273129858847812327e-03
8.686134648295448226e-04
3.264665247654982821e-03
1.190325893215432931e-03
6.580631800863118207e-04
8.934397628185446541e-04
5.731777337253682412e-04
4.283245653340227057e-04
3.897946951026630934e-04
6.134580016629547069e-04
1.280761320160123291e-03
5.221800452488330191e-04
5.876103280887003469e-03
1.508014892387342853e-03
4.142842251870367757e-04
1.089702696240526722e-03
6.710402575322286416e-04
7.838150414250943552e-04
6.170099976438253673e-04
4.795460433068850074e-04
1.264697088215121145e-03
8.555928775755249072e-04
2.071493383095808320e-03
1.241293204724797528e-03
4.798244184125160659e-04
9.532123645869105145e-04
7.731245482530718811e-04
2.789562377971271131e-04
1.388834108823321914e-03
5.444629737620952691e-04
3.392760093426684122e-04
1.696290551134345447e-03
3.630581620382687408e-03
3.449141904034505862e-04
5.861676783516005457e-04
1.439797212545702431e-03
4.178430722071353569e-03
5.332514910998470891e-04
3.119793759097157248e-04
2.620778478100411080e-03
1.568528169974761069e-03
1.313166653628916559e-03
3.861725203317162465e-04
2.997372561859241525e-04
2.840075468152786242e-04
6.278445830327608656e-04
8.077308252707314116e-04
5.417895466815271814e-04
2.662757562339044984e-04
2.175433065232335267e-04
4.082739990570880472e-04
3.656900025399819547e-04
3.159613893494496732e-04
4.342423126083122227e-04
2.718899392227118504e-04
2.816520797691243229e-04
1.078386780959324307e-03
5.156270042560218061e-04
2.842230682614254353e-04
1.609189659174485414e-03
3.168199758673011690e-04
1.292338759520371156e-03
8.896183110445189668e-03
8.211064246320443115e-04
1.052729704548382604e-03
4.056401903746705896e-04
2.420138393392691099e-04
3.870699759205060812e-03
1.167183184271270574e-03
1.628054172744201411e-03
1.953931100119526715e-03
7.368519214581152783e-04
1.139488711551172500e-03
8.407117621989180839e-04
3.855627285134816833e-04
4.919091542493578707e-04
4.330409459042242927e-04
1.549012184280209583e-03
1.249910419348095221e-03
9.682982168789608943e-04
3.978017113256000748e-04
3.033173652551274637e-04
6.075496880380238870e-04
3.697511871980279437e-04
2.742128705065737491e-04
1.527291093796354863e-03
2.145189382723656189e-03
1.819182582903131713e-03
1.026682568199160147e-03
6.718321306289201655e-03
6.696775367758190300e-04
1.124883309834794455e-03
2.169746551443373344e-03
5.976047007210362689e-04
1.550402692722436474e-03
4.120501093204083712e-04
5.021347502213379613e-04
9.012135353724288903e-04
4.167750503581736112e-04
1.077228909893648660e-03
8.782899714004737107e-04
4.990571681215737534e-04
8.239320256565196452e-04
3.467063269134407731e-03
5.266357011968838837e-04
3.219050775299519022e-04
1.506021904151805908e-03
4.646867754891438910e-04
1.492314791089555635e-03
4.880922340871985472e-04
5.532576565443419287e-04
6.676518876001016076e-04
1.165940998294867853e-03
1.655872717635178135e-03
1.469299189023718635e-03
6.108660293388318979e-03
8.638706010156747090e-04
8.044844741693167166e-04
1.292229290212233142e-03
2.696152103652284509e-04
2.871401665957811346e-04
4.783182284389864061e-04
1.012498542017979458e-03
2.990235943196619924e-04
8.701500835454405126e-04
8.372628757707226187e-04
1.251195803944783009e-03
5.277398238138363180e-04
4.576688345243040408e-04
6.657443425904060368e-04
1.975050710765710886e-04
1.056071813634797997e-03
9.262842550794536363e-04
2.013121871208515146e-03
1.603295972597594717e-03
3.714757179664776284e-04
4.502289103455281265e-03
9.750249978571532512e-04
6.727993481760853687e-04
7.197340478550513874e-04
5.294425920794300572e-04
9.243146493647910788e-04
1.300028691333529867e-03
1.292338759520371156e-03
1.995617423944857829e-03
6.432499254317167528e-04
5.605878682042015433e-04
5.160710342618819594e-04
2.017551866675716243e-03
3.384491862743106445e-04
7.414253158354553201e-04
2.711432745739436622e-04
6.996108398060931887e-04
1.761703437324367355e-03
6.966046771839598138e-04
6.796031281317661344e-04
2.562334888710733681e-04
1.038254227158402071e-03
6.496210007372198213e-04
2.017551866675716243e-03
1.119331757981235822e-03
8.415499148000629877e-04
3.080584850286218639e-04
6.599317494281941926e-04
7.693464255660334384e-04
1.236073246003761925e-03
6.113655942300931902e-04
3.127435428487773499e-03
5.942542402870479691e-04
5.078211551831485464e-04
4.615430142656833839e-04
9.481990674980909310e-04
1.271082729429374959e-03
2.653838927527068115e-03
1.411451478385567469e-03
3.812956997877279554e-04
8.743526493407049105e-04
3.459378233819487684e-04
6.558167972815422565e-04
2.531738753593924308e-04
1.106036006457641841e-03
5.839578261541847424e-04
7.414253158354553201e-04
5.665261558752924132e-04
4.386606902087583702e-04
3.000070422841181854e-04
7.369481814669898373e-04
1.400023027039410664e-03
1.363322401436697397e-03
3.748618717731991897e-04
1.063197436804543157e-03
5.221947975650309678e-04
4.382342418521045519e-04
4.242870212731036927e-04
9.557918604810296346e-04
3.535850102876300790e-04
6.484742517766647419e-04
2.556814459603871156e-04
5.238283916661602788e-04
4.417015298352478512e-04
3.205303633756576573e-04
4.147420541024112524e-04
2.503193458960521842e-03
4.561898322917900856e-04
1.555964983904108102e-03
7.909302626458300164e-04
4.613548753294476252e-04
2.785855527175718827e-04
2.871247921096702332e-03
2.835730286035959631e-04
5.418041196827308534e-04
4.428319175011057192e-04
6.409066055749829604e-04
3.721993244902841759e-04
3.055991129341836918e-04
6.459350692870584462e-04
5.742095826645589665e-04
2.742568234287668608e-04
1.156905358909356618e-03
1.040605053258147243e-03
1.356121389243271141e-03
3.764085320012147337e-04
4.442187748873901694e-04
8.356675156131838835e-04
4.154853314117634808e-04
4.509654046437921635e-04
5.159981716799034090e-04
3.017249024092025743e-03
1.214543777943215925e-03
4.129899981860580605e-04
2.654153410276641461e-03
2.705788338057790840e-04
6.631389927379347914e-04
1.220104389524228694e-03
3.148974645548605804e-04
5.753215651541795234e-03
4.756686622733327457e-04
5.671483545651169163e-04
3.061839061275695899e-04
4.194484620008906146e-04
3.801083363153212819e-04
4.324624812572212427e-04
1.516763958859203374e-03
1.067867152290677369e-03
6.087942076379087783e-04
5.206487174504098115e-04
1.549934897860108735e-03
4.761161355746107893e-04
4.942090100625483534e-04
1.462322994054325240e-03
9.038058423195659144e-04
5.422361097117581012e-04
2.576220233401924574e-04
8.968645427061216167e-04
1.510479144290549245e-03
3.505159644095287401e-03
3.023815865476901419e-04
1.888362869832202993e-03
9.733587678401274318e-04
8.011054513508156444e-04
1.198711037473610677e-03
4.032497120030943422e-04
4.449821916281357392e-04
5.887260197445633256e-04
7.280137906675944503e-04
5.910124752082582950e-04
2.743728856588539757e-04
1.899659112689442786e-03
2.620778478100411080e-03
7.733564779280656127e-04
4.025253817746780459e-04
6.536926259178781930e-03
5.540838873335314409e-04
1.277523841645317485e-03
4.342836622425255092e-04
2.978417846887514457e-04
4.529039290604780694e-04
4.253178491340713595e-04
1.860051515067824698e-03
4.723603448022592921e-04
5.642006195967989423e-04
4.631529171338122949e-04
7.096955306787113569e-04
3.854556957413444074e-04
6.025003183345779443e-04
8.528486188664067061e-04
4.444150044841065333e-04
3.683428599199304741e-04
5.844859506520649201e-04
5.416777344514182597e-04
3.132519152655817624e-04
4.792899069484567501e-04
3.285479325397646982e-04
4.985456907330076612e-04
4.401851151248322488e-04
4.977521341221768231e-03
4.204802515896764324e-04
3.613992424354213343e-04
1.012780437040841901e-03
1.121645990041793663e-03
3.230563091184721438e-04
5.912853029376192050e-04
2.467631278542112630e-04
8.077308252707314116e-04
4.760268075859259203e-04
4.553782855941700472e-04
4.858378133980130378e-04
4.954372694800337129e-04
3.910521150810054034e-04
2.299250993175967002e-04
5.816307634041210321e-04
6.944056957295239490e-04
3.862263047563867235e-04
4.201189978959878253e-04
4.918739491150978058e-04
6.575732367664844031e-04
4.258265931823466380e-04
1.414429628461217562e-03
2.103196588595694205e-03
3.719197522329948432e-03
3.450122326748929040e-03
5.536575578116377429e-04
1.081398754688458986e-03
1.022582893580520087e-03
1.175062314769848362e-03
9.723821841819648608e-04
9.711431769447248724e-04
4.585923974197780384e-04
1.132811977114388810e-03
5.570464067512028751e-04
5.448099120644811716e-04
8.065701984870911811e-04
9.375132003636196375e-04
3.148145261596700445e-04
4.021473329936270814e-04
1.089952473707163924e-03
4.727108529831295421e-04
1.121289665352005619e-03
1.322221054544336655e-03
7.507723255185584253e-04
1.506021904151805908e-03
5.764529520789855041e-04
1.924385289055444538e-03
3.981725161112269662e-04
9.220996761365249242e-04
1.672306798086094313e-03
9.405806937653618874e-04
1.315802906626670253e-03
4.283102579086834477e-04
2.907580819447785014e-04
5.128485290816948983e-04
5.808325884296741118e-04
5.759799017030606434e-04
4.154137093066264568e-04
4.462883143972105893e-03
9.995211282480466908e-04
5.545674081831015274e-04
7.069841688407415376e-04
1.968817849299667958e-04
6.572972244695984454e-04
6.660598337377154638e-04
3.466338985949460110e-04
4.541989426269739849e-04
5.070487910121566693e-04
5.085351549189996755e-04
3.861123086189680335e-04
5.907103995113758459e-04
1.400023027039410664e-03
5.795508508983065327e-04
6.118995965816222691e-04
4.979609534558550495e-04
1.647404052676401968e-03
2.222753452744229532e-04
3.363703232678645779e-04
3.063604186353231719e-04
5.291750251769976408e-04
6.002671632534480094e-04
5.455256676303216245e-04
4.029091056580432016e-04
4.428679290295325574e-04
5.460392983124331403e-04
4.633033898426705370e-03
5.764698465778355296e-04
4.409635810689217436e-03
7.182409374406609941e-04
7.545955480237294183e-04
9.524799431052044995e-04
5.895394861548164172e-04
7.887262305417990947e-04
7.507736410981011906e-04
6.963773411098184282e-04
3.131638258857943609e-04
3.900264280105040691e-04
4.855520947487153185e-04
4.258593619494462209e-04
4.235228416378141445e-04
4.226144880926165927e-04
6.542755677243143435e-04
3.171008241144546939e-03
6.625582826858852740e-04
2.967235847406572463e-04
1.826972037511263901e-03
8.307592941707637362e-04
4.497044876894059923e-04
4.874408939419908071e-04
2.336114146960866032e-03
5.317701275510953226e-04
3.234550973201776860e-04
2.812504673055116482e-04
5.180132708251898588e-04
5.779769906303704966e-04
3.890137089495753256e-04
8.567627194201026539e-04
8.211410121496927686e-04
6.130384349758484118e-04
3.730909031764261387e-04
3.644426991769861963e-04
1.339898951291572816e-03
6.794252646542065302e-04
3.146179581786248225e-04
5.094425110029685965e-04
3.436839875455526125e-04
2.720669080091562609e-04
6.674670177705626208e-04
2.685971690233879706e-03
3.624600874457563067e-04
1.088152276048227896e-03
4.960741517938643125e-02
1.657740442263746887e-03
6.386742772030240892e-04
1.402175249066681855e-03
1.191363263643370344e-03
6.979960025395866947e-04
1.275046643261045507e-03
1.027340809539362479e-03
4.812193808431405677e-04
1.814074863178976151e-03
3.881368658580793257e-04
3.203694506502487074e-04
6.454050352194217171e-04
1.605048235099071265e-03
3.326632684284520696e-04
2.699437558313279566e-03
2.664846824693482244e-04
1.936667587485067527e-03
4.507502290570805734e-04
2.710036067808167478e-04
4.460394588837488330e-04
5.740428215133755322e-04
3.896114161724613411e-04
3.285534106403178480e-04
3.320539479268461353e-04
3.103430412128407368e-04
4.602830297121745314e-04
3.582772522577604146e-04
6.024477114202141754e-04
1.575341544345391313e-04
5.668251951691873113e-04
4.877659941775590465e-04
9.806910691012209538e-04
7.284106216485870724e-04
7.042784090246102108e-04
1.250856215722465341e-03
6.071182033693500301e-04
2.270157842752960268e-04
5.246899279021087232e-04
4.204825843854124198e-04
6.162831176971386238e-04
2.553986163818267605e-04
3.985817759153612375e-03
4.358624797295807354e-04
2.038586066076924965e-03
3.049474681117409045e-04
1.904419940592368772e-04
3.922342682828185807e-04
8.829446921562614323e-04
5.085069310823857108e-04
9.128460516214499882e-04
3.179126937534066657e-04
7.490311857998443058e-04
1.619850810318587339e-03
9.110500662636910945e-04
1.158218498631944900e-03
8.126677228225853049e-04
2.751548037742677401e-04
2.496128518617642014e-04
2.435067106471657298e-04
2.398331252783257508e-03
8.516089704583888970e-04
2.871401665957811346e-04
6.054736917970505615e-04
3.209138978527917708e-04
6.493560390777579783e-04
8.203536055529905748e-04
6.379198882183307294e-04
5.567543009138748887e-04
4.493827079463825753e-04
2.222753452744229532e-04
5.247938766381072271e-04
3.693349142622070363e-04
5.406848157692130744e-04
7.614065639789019445e-04
7.077205439988126920e-04
1.635597828699091472e-03
1.389172925164547986e-03
4.169012723307424415e-04
8.787865395922228985e-04
5.403646573716716292e-04
2.719882888422701689e-04
2.291795180056115317e-04
4.211688663537470735e-04
1.078289777072853400e-03
4.025253817746780459e-04
5.888953924378055376e-04
5.209388408705791992e-04
1.954349513956587982e-03
3.388568697896254789e-04
8.998793800967815450e-04
7.572746749830843458e-04
3.501279493395004477e-04
1.114062159268818485e-03
4.200585964884308689e-04
1.184722679114058640e-03
4.239072201752987885e-04
6.651032733487978119e-04
9.591198365869920946e-04
2.343292627326362372e-04
4.101667669531533326e-04
4.334627468399783337e-04
4.194484620008906146e-04
1.370921318515854956e-03
4.585270704371725023e-04
4.464658501085099016e-04
2.915062153758524307e-04
9.442848037161750887e-04
1.037192668854558910e-03
7.609735835192479696e-03
6.283419304168549879e-03
4.729153472512437860e-04
8.152613517881278837e-04
7.174712325944971724e-04
3.745546406542677874e-04
3.453440673762476262e-04
3.469843113062895542e-04
3.554339105413696219e-04
3.725935582924586520e-04
5.101659523903671238e-04
1.014337923390594160e-03
6.525691515889128422e-04
6.171631712754445647e-04
6.525580256803392796e-04
2.505889636749630096e-04
7.066741218579965841e-04
1.139978425079522188e-03
1.419437767480181793e-03
4.750608266540883571e-04
4.259706331983023468e-04
5.491925585639340340e-04
6.353717496718723490e-04
5.142594420245369651e-04
5.365016142750342592e-04
4.401490291714998276e-04
5.656925398111336363e-04
5.342078209769199944e-04
1.180702978781846641e-03
7.774951151129998704e-04
3.289907192750295443e-04
5.282491609451487593e-04
1.418461765937242434e-03
7.029889403604275321e-04
4.056400367533938116e-04
4.139834871355011370e-04
3.781549170707308358e-04
4.480917374407501373e-04
1.215123243561354706e-03
2.594539485781550275e-04
3.921960197025723478e-04
5.023364290366372003e-04
1.592186648046675125e-03
1.400023027039410664e-03
3.134134051603249026e-04
8.635566368860838260e-04
1.330215487062689052e-03
4.378365929136693205e-04
5.818906303841303671e-04
3.802306955676615840e-04
3.863624329138294709e-04
7.217267375754750965e-04
7.419338294908236434e-04
3.612719400049712454e-04
1.015513476825429190e-03
5.908720708140253151e-04
1.322480578298413506e-03
6.208669971157782658e-04
3.303927099348766099e-04
3.719909083661485159e-04
1.050506240034137844e-03
4.238717358177978949e-04
4.324624812572212427e-04
1.556099174440869759e-04
4.401490291714998276e-04
5.235065105698810499e-04
3.505284934741351058e-04
4.717666675989393285e-04
2.235241117796078780e-04
6.276202290383328533e-04
1.327125704716210263e-03
2.485830211549025655e-04
5.928921083460300927e-04
1.013929886815087295e-03
4.679462425463504173e-04
4.907323505664360321e-04
6.788673053748149437e-04
4.041992602642278097e-04
8.846280050335301667e-04
1.429600448188648792e-03
1.083595375576887430e-03
5.029285062006082652e-04
6.395768626838162999e-04
4.009503952941107733e-04
1.370628941053297608e-03
1.139978425079522188e-03
4.801329516436671652e-04
7.514829399939100063e-04
8.019543779834880553e-04
2.183669285632130314e-04
6.058203339620518192e-03
2.110507142250936906e-03
7.312918306760106749e-03
5.232486618066970385e-04
2.045942334162755656e-04
4.542729415070635322e-04
8.385720822732284797e-04
1.598948374683882004e-03
3.995297763792324719e-04
3.984959577512905060e-04
2.580739328328597246e-04
1.782607642479016241e-03
6.115701838802387004e-04
2.749599362590453462e-03
7.179575050494380051e-04
3.975260558486618380e-04
4.849531531347928137e-04
4.154935626268861214e-04
6.921932597863174764e-04
9.215880252370058307e-04
8.163635458103359098e-04
4.414529206893046901e-04
1.011154549523730559e-03
1.229460036410454874e-03
1.594404591693038536e-03
1.127406276566833305e-03
5.924174785210742497e-04
3.167907727235679200e-04
5.683324619094156163e-04
5.078700282444301682e-03
8.483261743955227904e-03
4.402508521784565931e-04
1.807821389830766663e-03
5.691375238473420735e-04
5.191000110273951730e-03
4.401490291714998276e-04
4.965190072098725179e-04
2.598705487087524160e-04
4.462883143972105893e-03
4.801564953355021365e-04
9.938473247054545410e-04
1.424594837225263240e-03
1.255212196891046343e-03
1.371603123445862792e-03
6.668625801964016102e-04
1.753687504690414761e-03
3.569619640154197775e-04
5.780038222987014633e-04
9.364934673915351364e-04
8.687258106363048146e-04
3.729741537852260735e-04
6.972832739794902843e-04
4.098379833976877442e-04
4.809822842660182464e-04
5.077652414448641845e-04
8.634987161525389419e-04
7.230130565944833292e-04
9.171596780067328616e-04
9.114291146460388147e-04
5.973544759432247459e-04
3.178296299912398352e-04
3.387331758481992535e-04
5.226935554869901373e-04
4.047818284806380964e-04
4.107654904042116529e-04
8.195400065763767082e-04
1.935836142921081244e-03
3.789315365719951633e-04
3.407374868327774607e-03
2.712079872399428249e-04
4.126523627619343754e-04
6.838353112364920243e-04
5.023364290366372003e-04
2.433013166087599549e-04
5.530394905131803818e-04
7.105391540968829809e-04
3.398656301968860623e-04
1.162220372803734547e-03
3.270771611290915681e-04
3.347282446310297999e-04
7.199354785383593270e-04
4.585774710591564683e-04
8.739965825473706247e-04
7.724251013618589883e-04
3.248120387934998318e-04
7.206362529465029122e-04
4.600080845336137559e-04
3.619883318994599462e-04
3.730909031764261387e-04
1.178398087942579640e-03
8.704773140361096511e-04
2.649700260613661786e-03
4.758312786233759631e-04
3.649982479956632346e-04
1.743782969052647082e-03
3.284174078109901741e-04
3.717310351020069493e-04
2.019039557751735455e-04
4.932465307451484871e-04
3.224516924052223165e-04
2.430939915112866143e-03
4.839988861815794222e-04
3.255215638482742259e-04
1.019655872207830220e-03
5.193538103117579727e-04
3.250849984601336434e-04
6.299569129321522763e-04
6.727946253343852897e-04
7.860395461551627485e-04
9.016050587757127970e-04
4.432541335825518347e-04
7.614925463708692357e-04
7.586135397301892484e-04
2.895972767765917703e-04
4.458005103894847930e-04
5.512978888236575413e-04
6.572692247108568404e-04
2.445192579598268472e-04
4.290384152491192801e-03
4.681328442702681813e-04
6.628638384966090320e-04
5.843655484555175398e-04
2.641359653504598659e-04
3.533633880329514038e-04
4.026231918197645428e-03
5.026502197524404135e-04
9.516831368703526596e-04
1.465210753937612855e-03
7.153786538071050475e-04
9.231417883986442648e-04
6.427229310054126052e-04
5.988918386218901888e-04
2.520554618797255994e-04
6.995281319908600156e-04
5.163851568662081301e-04
3.563301458596105482e-04
3.934731133131319676e-04
9.233042099903240743e-04
3.656900025399819547e-04
8.905391081379668760e-04
3.849879694469207354e-04
1.013929886815087295e-03
4.571604530737934558e-04
6.327270182196803507e-04
1.333100505657636029e-03
3.086367065751772967e-03
1.277940425876202338e-03
3.645048854849934129e-04
6.034503054939367381e-04
3.217179446970393013e-04
4.959700733447435644e-04
6.543720386348061448e-04
3.654262689588266941e-04
6.528384159354976186e-04
3.688214695794978155e-04
4.118294783408646431e-04
3.884498979108107750e-04
5.313769787557397206e-04
7.412935698981311470e-04
1.229243490070912109e-03
4.047431568928197511e-04
5.302922290561995966e-04
3.388008559053902317e-04
1.306448470012871272e-03
4.107684629678778963e-04
4.555814912157393499e-04
4.388089917339527764e-04
3.660452829526762730e-04
3.596669703699830107e-04
7.794493656315449898e-04
3.875742225180974941e-04
6.626112163324761458e-04
4.890610274992266901e-04
5.206099589456750394e-04
6.904303716169922934e-04
1.443066827073567412e-03
1.687612289197080355e-03
4.166035690126630329e-04
1.936154053773861709e-03
5.256556460803532603e-04
3.175796348316141599e-04
1.666250130798049779e-04
3.332097938527138719e-04
8.729695394516118765e-04
6.753334480239644652e-04
6.611495566320613887e-04
5.757258305351978201e-04
7.295849487106636578e-04
3.596545635444945940e-04
3.918267454971713533e-03
9.588280050565479561e-04
2.981172508795482882e-04
8.795883604601589497e-04
3.150435661013309451e-04
2.707386950232391789e-04
6.767785323508387083e-04
1.792372563781980278e-03
2.299737724903770468e-04
1.047889935329787345e-03
2.909593642412519913e-04
3.479228984590181963e-04
3.370738702731067423e-04
1.145453670998626073e-03
9.349537544471643331e-04
5.688038422577290512e-04
6.752322230863345640e-04
6.426810029105677101e-04
4.468251788532298392e-04
2.815942643477915147e-04
3.278777090257108291e-04
6.783719636463809944e-04
6.381484150101408934e-04
9.360114276751296250e-04
6.567534212784776433e-04
8.053947583310839837e-04
4.703586199078605974e-04
3.967233849311468290e-04
3.670276469587856107e-04
4.616682928011667068e-04
4.526893049637878809e-04
3.656812069559286452e-03
1.909257721470217423e-04
1.034529600922543674e-03
4.529866217556722868e-04
3.657862047852200290e-04
2.664756084156329912e-04
1.627215594800634308e-03
3.659392363247688466e-03
4.920051968599767822e-04
1.486270254383336049e-03
6.182305956974089300e-04
3.518336720118290899e-03
5.464726550377109167e-04
7.875729335055136129e-04
3.330208354099174653e-04
6.345325704019269715e-03
4.284899114447597774e-04
5.520495524655582263e-03
8.442966862562787137e-04
5.644366213042850125e-04
8.662163234615823364e-04
3.910489983471495388e-04
3.931816074003574297e-04
2.809098824597451409e-03
7.608276294999973205e-04
7.180995629926727013e-04
7.021180652301552095e-04
1.918972745016350170e-03
6.021849782178700624e-04
5.552816567280805795e-04
6.765851401268270808e-04
8.286521294136981082e-04
4.784001990705035985e-04
4.506332639681785669e-04
7.166272138727689499e-04
5.226272471681531412e-04
2.845432278608185303e-03
2.216221251143921946e-04
7.466824187347106739e-04
1.085004406904576746e-03
6.931249286874136863e-04
8.229728496240118181e-04
1.580671337598205974e-03
3.653065653212018266e-04
8.668120897451174868e-04
8.558946755084687703e-04
2.331864238120541413e-03
2.881459474707669501e-04
1.651295787572400848e-03
2.687221891585460463e-03
5.634007309822627093e-04
1.736040178977846541e-03
7.084623920602043778e-04
9.719270357860036432e-04
9.747366465272523347e-04
3.500125492610725738e-04
1.433923873549026225e-03
4.154137093066264568e-04
4.250889717517676017e-04
5.355247726178024225e-04
4.957135974280116320e-04
8.955520987610396909e-04
9.694985657885230815e-04
1.121645990041793663e-03
6.708054839191853348e-04
1.751980652035351046e-03
9.289219125217960601e-04
3.975642244969789939e-04
1.237213463163973131e-03
4.019882562517170985e-04
1.606116723795117471e-03
