1.660857379078728652e-03
6.343197857379478466e-04
3.000600321687258397e-03
1.440363626148351544e-03
1.265330729150711871e-03
5.441826302554135476e-04
7.939357942102445069e-04
1.134307350436213665e-03
6.059168190697701963e-04
7.139859129591355795e-04
5.022452982573085128e-04
9.635832587387672347e-04
1.802641229112732051e-03
2.669696995631341309e-03
5.456634590709591405e-04
1.019598820300731019e-03
4.593431674893196917e-04
1.640293043761583899e-03
7.284147024077691377e-04
4.568011458345358597e-04
8.612888089552362238e-04
5.737887952193634379e-04
3.551534296608755965e-04
1.481684006660332481e-03
7.581137790139241524e-04
3.324900266556006425e-03
9.557272223430742560e-04
1.063149193474653394e-03
1.235967953869181049e-03
2.575943629630790674e-04
1.132907076240777201e-03
3.965835408061672580e-04
9.736369389655132522e-04
4.550596776960863228e-04
4.088101765964532921e-04
4.360599768920638583e-04
4.670830606368322254e-04
3.975692960330106740e-04
6.478484238264349071e-04
1.784090612060340890e-03
9.288892608397649516e-04
5.722086975782606118e-04
5.456226707396080082e-04
4.480109487026142311e-04
8.380398260635703615e-04
1.589181947869556773e-03
7.339841525884472197e-04
1.459314277769289741e-03
1.431234257096758965e-02
6.471675740720272529e-04
7.784798469374544115e-04
8.307585200091331017e-04
1.201425947852443124e-03
9.015771354565339877e-04
3.762844415631016255e-04
1.430782980912988223e-03
7.144824304136260804e-04
1.082793183628842897e-03
1.007020456177984890e-03
4.370236583687670895e-04
2.666895887294133314e-04
1.206442414715078095e-03
6.061577549998279192e-04
2.538173004083350750e-03
3.738216047874920434e-04
2.893259635826189139e-04
1.201228230167425848e-03
7.144525407515215460e-04
7.102123746038429501e-04
4.053402893301453645e-04
2.545708848140935997e-04
9.541119809017392824e-04
1.274699931176098916e-03
3.361774370504442330e-04
4.337402172460567062e-04
8.239024022922158703e-04
8.439929053040193642e-04
2.253598453528401189e-04
7.444346788136644395e-04
3.541084089586543811e-04
5.892610638439419552e-04
8.854257608381806664e-04
6.472300830291967400e-04
8.227124081400455976e-04
5.749773237116608373e-04
1.303499531268072350e-03
1.972934082136798637e-03
1.646986757723243981e-04
6.336175697178609428e-04
9.594346540088793908e-04
8.234219536810233287e-04
8.284347065187165409e-04
4.386121902044587992e-04
4.587975410710056455e-04
7.277470685818105290e-04
4.313012811485498446e-04
5.364569978767325673e-04
9.339599770124330270e-04
5.848720621159479716e-04
3.446332524822348317e-04
4.864332035689097585e-04
2.980593134450750577e-04
7.154397419893707751e-04
9.307154957254171320e-04
1.132915068557652357e-03
8.462030348130378851e-04
5.503231124969568686e-04
8.485563500888209819e-04
5.447439590355165895e-03
1.271550008749171507e-03
2.733636524826732429e-04
9.878217374133804133e-04
8.760060541622621605e-04
4.179070956000708508e-04
1.550643563049552715e-03
3.660483370651851733e-04
8.110223799504188936e-04
4.306010469280758114e-04
6.852173261551097651e-04
3.977679605880435039e-04
2.638864130763258174e-04
4.993147981168645326e-04
1.044029656876784007e-03
4.077127767229147236e-03
1.089368515450385563e-03
2.560188328423166509e-04
3.607510678907742494e-04
3.507419255077419049e-04
7.674727266880082164e-04
7.153776550622320020e-04
3.355921815008173137e-04
1.083417862888724379e-03
9.945173200697106364e-04
3.563172012298814286e-04
8.086580667071667766e-04
6.365592500677049077e-04
7.661361561334158188e-04
9.309607621196749764e-04
3.791821144820487215e-04
1.242892862996877517e-03
8.188235313452195494e-04
2.645371895325116657e-04
7.091954998904734459e-04
5.393010054699344177e-03
2.874613236922198695e-03
3.918024077370842358e-04
1.880240619513154788e-03
1.440363626148351544e-03
2.663264057419120713e-04
8.833478621590953482e-04
1.198489603487223583e-03
6.231695861983780563e-04
6.929589429022402561e-04
4.069446925367564694e-04
7.087730623106055887e-03
8.178568403638724000e-04
7.713025457170344639e-04
6.950130367157494405e-04
2.761341470222277079e-04
7.351774057132371473e-04
2.881623761154161658e-03
4.270828098070445162e-04
1.014107249400616030e-03
7.882792701641677495e-04
2.095294953817586694e-03
2.286654146706165389e-03
9.028343008248155069e-04
5.491623605303636588e-04
1.208276179738242834e-03
1.081373355737347405e-03
1.035342690793477835e-03
3.083104273210589166e-04
6.290293416546792905e-04
1.222422598044051699e-03
1.033585713409943159e-03
5.111103582943133305e-04
5.972373428038330913e-04
5.495063389215816161e-04
1.926521284482732830e-04
6.058662551385397875e-04
6.356275769471470037e-04
8.865822625325736053e-04
6.878912849308364569e-04
2.333357273900981636e-03
9.772308009664038182e-04
4.094590216358913589e-04
8.860860848053167538e-04
1.440221996274887884e-03
2.193511494465590853e-04
1.120863085767644009e-03
5.536460903032820822e-04
3.270770355352250981e-04
1.553048256691449145e-03
1.153283559266330034e-03
5.113118720235854727e-04
3.734255077513152056e-04
1.967812234286971974e-03
8.601268704088597993e-04
3.775344362884634807e-04
4.442736318370241275e-04
1.422286157771846622e-03
4.377379172352914636e-04
2.662809924715729259e-03
8.975051197388529949e-04
1.093545876553434241e-03
5.262602699374794527e-04
2.541107538794854133e-04
1.644021740172239973e-03
7.277470685818105290e-04
3.823626045920908243e-04
3.057082391318640172e-04
1.205980525220884956e-03
7.240274981737743936e-04
3.807755967769572503e-04
4.823809160080393577e-04
7.191185347187302674e-04
1.737063413703220397e-03
2.713677057020122407e-04
9.629352159864934969e-04
4.608359986988742386e-04
3.087571531328930289e-04
3.831155394784266735e-04
1.170280215796862255e-03
4.512672629728755051e-04
4.247931563275437615e-04
4.197089055598489772e-04
7.659796659081287342e-04
7.325144182879065637e-04
4.984993048539615315e-04
6.617668796346321079e-04
1.495342596468604091e-03
5.711046018267226928e-04
4.051158153897982698e-04
1.003137048304425212e-03
5.859454187468708794e-04
3.172262395257056272e-04
3.208030653623419447e-03
5.357652064015169758e-04
6.378940869848542848e-04
4.814479075889094360e-04
5.980808802416567654e-04
8.019544468994821689e-04
3.147496838483423921e-04
1.105322865972914849e-03
5.196425965130166066e-03
7.561441940014895042e-04
6.731947873345849043e-04
3.702147651313120983e-04
9.266938869724794308e-04
1.108115649513054246e-03
5.285538460698720057e-04
4.726091391064104466e-04
8.383335566150217858e-04
8.894897286375304463e-04
6.142725135392066186e-04
6.963423827046044115e-04
6.446168376770009889e-04
8.464541840320809803e-04
4.231217747438566776e-04
9.319468901536603206e-04
1.022749396279595824e-03
4.906029284385417895e-04
1.471432029881292701e-03
2.798829374802374974e-03
3.583855704852027162e-04
1.656882789246687466e-03
1.971267872617944120e-03
8.626020315425140085e-04
8.693954608637744635e-04
1.282459319573131962e-03
1.393674311427696259e-03
4.134344092149800569e-04
1.750677853064832061e-03
3.141502959066190190e-03
5.170292374281405291e-04
3.605565212040792397e-04
2.412434799247601509e-04
8.497339871317866620e-04
4.493165701090176718e-04
5.464490005158782054e-04
4.147548079332718596e-04
1.232406220150407362e-03
2.171678125971608381e-03
5.129715866874108706e-04
4.021069917382030096e-04
4.881855819027724704e-04
6.046092853346686372e-04
6.921564168279984190e-04
9.767485631433955699e-04
8.191628960771292879e-04
7.630884959622924847e-04
1.240062559082838727e-03
8.744205281989357549e-04
8.436891616935596975e-04
3.996429659422953543e-04
5.838252295577778988e-04
1.395453263512484027e-03
6.772345226998419338e-04
1.298420935508891273e-03
3.816314437652157474e-03
2.645371895325116657e-04
1.021847587550687129e-03
5.711046018267226928e-04
2.145141097306729663e-03
7.698436715973416312e-04
7.074555464636807928e-04
3.650347792528876693e-04
3.027580250732704766e-04
9.009897074786918847e-04
1.002665274304703324e-03
2.717074679294548874e-03
1.554129786773694602e-03
9.779919420098591096e-04
3.805242190809705730e-04
1.130361093205302066e-03
7.602539925034698318e-04
7.600179442929530602e-04
8.590429415383108239e-04
6.664419509339276687e-04
6.421062121014740063e-04
5.326252671161990637e-04
8.231752005859686167e-04
5.469258095337891507e-04
2.910478095620672927e-04
1.077865462333599906e-03
3.714614135705541186e-04
3.388890074962068759e-04
8.964811859453418854e-04
9.683751788574680589e-04
7.689975984801564884e-04
2.872016382829863101e-04
1.854767364882385595e-03
2.681462314922032045e-04
1.135227642576246924e-03
8.022247742041173010e-04
9.031508411154993239e-04
5.537292133086809233e-04
6.114209830702645133e-04
1.382005926560771637e-03
1.230125079712449197e-03
8.446778025500985927e-04
2.806460437158764146e-04
4.043849701127487958e-04
4.480862611830228469e-04
8.605661712916128385e-04
1.333796185745717575e-03
2.130249673659418471e-03
3.253159016600525142e-04
3.675241633444903183e-04
1.437660633717969920e-03
7.585219774251327580e-04
1.590314723178697705e-03
6.735214973241571753e-04
4.765388417660000944e-04
3.293395303964242625e-04
1.452291339131329007e-03
3.440283009467181956e-03
2.315350349643773009e-03
2.794249997348450740e-03
3.157247597230249158e-04
1.182280693492962671e-03
5.633951886297254011e-04
7.987946874793289131e-04
6.621159598451744916e-04
1.215642640387092814e-03
9.325786483863264965e-04
6.471643858458643594e-04
3.048035674305468604e-04
6.026302729894172537e-04
1.148354799758433391e-03
5.294905280534544520e-04
5.781391709622660203e-04
4.984588885390794618e-04
7.729252198597559879e-04
1.249041261786746140e-03
7.703526462631027924e-04
3.747159505390575867e-04
3.220374802590509049e-04
7.174840771069199196e-04
4.589574897489156471e-04
8.890923835001301621e-04
1.364958670041183011e-03
3.039324543285319659e-04
1.812472356080128792e-03
1.209128196710866849e-03
1.116729830269238893e-03
8.853529015622180589e-04
1.195898251457458948e-03
9.848979309731488180e-04
8.173795805862730905e-04
4.155495066813341253e-04
1.340158550297691677e-03
6.057646505794061663e-04
9.649753112264497458e-04
3.262897586271762212e-04
8.590429415383108239e-04
4.592213512731295076e-04
5.570780340979326157e-04
5.167618083292415624e-04
6.945947341793210546e-04
5.097116530742725436e-04
2.662809924715729259e-03
1.124409382214793494e-03
7.579857301019027370e-04
3.563172012298814286e-04
3.962979351403179279e-03
2.270123005308075570e-04
1.723797340043174827e-03
3.976619712031506703e-04
1.491707619105331773e-03
1.321180646734267409e-03
9.074874518363526283e-04
6.681660020509309168e-04
3.998055411307622001e-04
5.470057301914614794e-04
1.399202582733569730e-03
7.597620212904161339e-04
1.511676925683074890e-03
1.034792653471762903e-03
1.123384663847254352e-03
2.751408550252820739e-04
9.146146851800206938e-04
8.938755061323308462e-04
5.455770891403679363e-04
2.232278566388320768e-04
2.672794361800069217e-04
4.294689630359321028e-04
1.827222086612001950e-03
1.562786175377990378e-03
2.736492950340435235e-04
8.697488177149987352e-04
1.577875004063017568e-03
3.133329189753709400e-04
1.481783452590044407e-03
2.604887662981377437e-03
6.036368469195588487e-04
1.269745612249849201e-03
5.563688455319695369e-04
4.640778229935746792e-04
2.425220010170202150e-04
7.013333594235823159e-04
8.831075830707020178e-04
2.599468913628221432e-04
8.530469627514884398e-04
7.788987932090895390e-04
1.450607216111596308e-03
4.115825229452829605e-04
5.021379228302070468e-04
5.287873781667765029e-04
6.282753084262966258e-04
9.369462082532307654e-04
2.190901760748654266e-04
1.878855382200945393e-03
5.633681226975386161e-04
1.540696209993187805e-03
3.762844415631016255e-04
8.499876283144582609e-04
8.919302477035181585e-04
9.504131278076797997e-04
1.214595789432996141e-03
4.246638409129428857e-04
4.186054472115160151e-03
1.700059276494172251e-03
3.126867149689216939e-04
3.269496618768027042e-03
2.801555883616492753e-03
3.392549819562926334e-04
2.862031365110035753e-04
9.257603717360579241e-04
9.898092858535991693e-04
6.682105534192236702e-04
1.956244973683929269e-03
9.932970509586298673e-04
4.132211801596073048e-04
8.659702362829638754e-04
4.687268365353700929e-04
4.585245264203954775e-04
6.085375915880780360e-04
9.494378652923435519e-04
2.040241278689091970e-04
2.224071625619748814e-04
2.269646285859672902e-03
1.380206098754076238e-03
6.971773643611661265e-04
4.984588885390794618e-04
1.704955308084345547e-03
3.111833029115062405e-03
5.222322136322653848e-04
5.114565166258795313e-04
6.698945786804826356e-04
3.298125840663663089e-04
3.877445827852335708e-04
2.076431902740391230e-03
1.096476764834301452e-03
4.627429512976970107e-04
4.136993550579576556e-04
7.339249041557016455e-04
7.494102709468607008e-04
7.842519408730545122e-04
3.631582436156352957e-04
5.478232158581603558e-04
2.392514016943391667e-03
1.250703550587585217e-03
3.104835473373646071e-03
8.142683455087219380e-04
5.204880295848005869e-04
1.037189041580886080e-03
4.059043636141698372e-03
7.322222325380796501e-04
3.296416376875296091e-04
8.784790352839689327e-04
3.974961258902883778e-04
3.947606846242942354e-04
1.304257288565761419e-03
6.593717244604484044e-04
1.012412225907708199e-03
1.359559410596770544e-03
1.151215424733119689e-03
5.284022795916179516e-04
1.904577983468825220e-03
4.259510061191924889e-04
2.023857412981026546e-03
4.037839068887838024e-04
1.265727143628804291e-03
1.100751813745223188e-03
1.002961354963520513e-03
8.936430196974999877e-04
5.456634590709591405e-04
2.499762144915224234e-04
9.827378462149338658e-04
6.356275769471470037e-04
1.068653004411686865e-03
8.149598531110310113e-04
2.964099165644200600e-03
2.541107538794854133e-04
1.031094112664096996e-03
7.321746759326783595e-04
1.013093345281360644e-03
8.929259209677107645e-04
2.465695478524355510e-03
2.717074679294548874e-03
5.212150698671772593e-04
2.237905150801013435e-04
6.799511817542574056e-04
4.817477778138403344e-04
6.422068626095487698e-04
6.814881163513661008e-04
6.525603690032058665e-04
1.599265742095916723e-03
5.092798888759103365e-04
4.972161770436641032e-04
3.498025681864208960e-04
6.830293606620171064e-04
3.002174721971169946e-04
6.325404823422211891e-04
2.127798146692787447e-03
2.464751260063298855e-03
8.448049687971714980e-04
4.357245428914020445e-04
9.205361558097575761e-04
4.386121902044587992e-04
5.694914449752741699e-04
6.708623174333289054e-04
1.818227101173599614e-03
7.073078395915410486e-04
2.297255204028980993e-03
6.963109159499242034e-04
1.870389299701725322e-03
7.143835763184152665e-04
8.527837758277351417e-04
6.104196106877749373e-04
7.163505706634982649e-04
5.488101267612429399e-04
2.014379152302775595e-03
4.566255180673546945e-04
1.254258317850424648e-03
2.201598441251123670e-03
5.747628326023254469e-04
5.490855780865730148e-04
4.696586966591819704e-04
3.610315483100233545e-04
4.883527655489852638e-04
3.381131459662572764e-04
2.456856964217575458e-03
1.478716156528569548e-03
4.268229124678793451e-04
5.620156789373685841e-04
3.323955607862155107e-04
1.243525891406470872e-03
1.238869010904200584e-03
9.425433530460224345e-04
1.941644093963821064e-03
1.363036294908267490e-03
3.631036397420534770e-04
1.078989449843301097e-03
8.816859857515678281e-04
1.195506353751741701e-03
5.328517646938835031e-04
3.564345283629709793e-04
9.833593170801035489e-04
8.501979819202582292e-04
8.332685636301608457e-04
7.000992215511604808e-04
1.049114179183692486e-03
2.642422187634223003e-03
3.977679605880435039e-04
2.643185711124446482e-04
4.341440984496011419e-04
8.503926741812220785e-04
4.253663563983379721e-04
3.336398690304989787e-04
6.385596003453651321e-04
9.109029195909557931e-04
2.222138480750884652e-03
2.757319012644477308e-03
2.385395666575266128e-03
5.187426766559678987e-04
6.814881163513661008e-04
1.800980250125670378e-03
1.007020456177984890e-03
7.341327160019378312e-04
6.322576667849095144e-04
2.882382942521336867e-04
6.423995094104334187e-04
2.736458388646640250e-04
4.121172755702443426e-04
4.925066396309614545e-04
1.134785258364503320e-03
3.124104049109748329e-03
4.466707280282112614e-04
2.704943335211245931e-03
3.619682315242080204e-03
2.375002071118692667e-04
1.219003176076881561e-03
3.441095279954203834e-04
2.973209201705024306e-03
5.641197614294880076e-04
7.116224736920330517e-04
5.629872371235176889e-04
5.741068263265732561e-04
2.762318793064346984e-03
5.430399111185607412e-04
6.975126098195639449e-04
7.320561758280206806e-04
1.273709014506663921e-03
6.586023657018996377e-04
2.178408361432607101e-03
9.349752842151000214e-04
1.637561271473172335e-03
6.511839623381233087e-04
5.183651745287532267e-04
3.942553412855836006e-04
7.409362735233670236e-04
7.158346197917293775e-04
5.611753180481013304e-04
1.630254155231226562e-03
7.775018588112240624e-04
2.442105707114065622e-03
5.753992752857062156e-04
8.449702961039711043e-04
3.115803599567814447e-04
6.127410763661058019e-04
5.654344109161298657e-04
3.713621963131978209e-04
1.293618354681673856e-03
1.010696071651455115e-03
5.197548547598865526e-04
1.032725972997841331e-03
4.757247630616816725e-04
8.258480845550888539e-04
3.641151152721632130e-04
8.301038818664495519e-04
1.290974377608434392e-03
5.367836104946504790e-04
3.195231809561224789e-04
1.692563291248987177e-03
1.126864828119350861e-03
2.200838563282689689e-03
3.120833816381255073e-04
7.542785220597923593e-04
6.805506407186137250e-04
8.789140316086358016e-04
5.586651784492100174e-04
3.565871159008420117e-03
2.397099497836972792e-04
6.367451389820453578e-04
7.440375081629140019e-04
1.020418213405994198e-03
3.709361328336321559e-04
1.111723819437812752e-03
4.227508912141149334e-04
7.080408959931657874e-04
6.718393752298241301e-04
1.472253484570826580e-03
9.131931620391780515e-04
4.042046065153255606e-04
3.915367884171887941e-04
7.247083573308599029e-04
1.148759615146073250e-03
2.752247251429483120e-04
4.155495066813341253e-04
2.233546763181242477e-03
3.125289874632834319e-03
3.535227445395589061e-04
8.646325013201248966e-04
7.205606912899199194e-04
2.396054671407490261e-03
7.276934872603685149e-04
5.166567588485816232e-04
4.171268575171408225e-04
6.486181228715567904e-04
4.938783545859702900e-04
4.537936699136385296e-03
4.747871125713304646e-04
8.217017730297936995e-04
1.071347448111112724e-03
5.640630028099299790e-04
1.960610558072048860e-03
7.197291909786827447e-04
9.892648301646183705e-04
2.142183011792809112e-03
4.083876281484568249e-04
1.426912797268503619e-03
1.224422532676124531e-03
4.984588885390794618e-04
4.831593028207018773e-04
5.462426242433762562e-03
1.206980807698661284e-03
3.679165204879003711e-04
5.044334729716178035e-04
5.086213833782806271e-04
6.048679823877220951e-04
1.596218611816499966e-03
6.394250761644860656e-04
4.105442308985123240e-04
9.205399783781062365e-04
3.516266129825025501e-04
3.506934127699918636e-04
2.316113749370043247e-04
3.139145754031560476e-04
2.963109693822744712e-04
3.410535785436052915e-04
3.270770355352250981e-04
4.853291063088734352e-04
8.616811142571033366e-04
9.122514116370624261e-04
1.441623807712741475e-03
3.513802249741051413e-04
2.150932376226361627e-03
1.474567245507059322e-03
4.347287621112778965e-04
1.209103797741623845e-03
9.986706778057246377e-04
1.787149859785928897e-03
3.919446523671966942e-04
5.114815222115135515e-04
7.760599195794841247e-04
4.564962979122112047e-04
4.530905694311123571e-04
9.406314047462411209e-04
4.655828959678485536e-04
1.062701194937892097e-03
1.553048256691449145e-03
4.009143239049303741e-04
2.505080533078133959e-03
2.946348931500288471e-03
5.148037748226209779e-04
7.533303380525220366e-04
8.863454700895774790e-04
2.788419494730263472e-04
6.347424171193352845e-03
8.943504657472059124e-04
4.663286059486921676e-04
4.057603174830706674e-04
3.591550519369252461e-04
5.640144175219632353e-04
2.810557857767798508e-04
1.184118568360605387e-03
6.281003651625802209e-04
6.007421729580753001e-04
3.551534296608755965e-04
8.353142179577186920e-04
7.805933218358956059e-04
3.831155394784266735e-04
1.799100838288025675e-03
5.112844268775328669e-04
4.534954231030018470e-04
1.589323177491453734e-03
2.839123079705994771e-04
3.804101836762976128e-04
3.906013086396137811e-04
2.466797448771078849e-04
8.245348641727975880e-04
1.205670804697191309e-03
2.431144243354326807e-03
3.530819111968940775e-04
7.339249041557016455e-04
1.263409928162154659e-02
1.061273130127555813e-03
1.824142491302565856e-03
3.017243678938352335e-03
7.841512886816174232e-04
6.354965551818920382e-04
1.070357767600528141e-03
2.400843856443902016e-04
2.385298359255565073e-03
9.659463149837790473e-04
5.015404809523635191e-04
6.014002732627339283e-04
4.528175112001562599e-04
1.870194832243047851e-03
2.496394122152095166e-03
5.191745377087174634e-04
7.704527195551849963e-04
1.098530446096151461e-03
6.168458722402880064e-04
8.880460038535868033e-04
5.455770891403679363e-04
2.077544861131599800e-03
8.431411087777886939e-04
5.689207247457074524e-04
5.241465529555846062e-04
3.000600321687258397e-03
5.844239504283165994e-04
3.998055411307622001e-04
7.646695867571612435e-04
5.337496980043276518e-04
5.486227094483996786e-04
9.667239629178973892e-04
7.347445885264896519e-04
2.961627434108966318e-04
5.123814184089533303e-04
4.782185072101657213e-04
6.410072180854010536e-04
3.619682315242080204e-03
5.043086640513507694e-04
5.784993673305428331e-04
4.043680066113349079e-04
5.360382393813248412e-04
1.649586002623222797e-03
6.125353822479215641e-04
3.840112125262470553e-04
8.846944578624898895e-04
4.645099825486357628e-04
2.297255204028980993e-03
8.776292850873935753e-04
9.309607621196749764e-04
4.595513457321258625e-04
3.508473393183038119e-04
1.012544254714220406e-03
4.554621345812762557e-04
8.917994851569038860e-04
1.850786063924588160e-03
1.256937534281563941e-03
3.619682315242080204e-03
1.413140278602609745e-03
1.653273434620363596e-03
9.006690825186338453e-04
5.932549533025056887e-03
4.307527123113137862e-04
1.286905774693290717e-03
6.497153295311620513e-04
9.545138808184881751e-04
7.267079830672149195e-04
4.099605174453713392e-04
4.465356262515106844e-04
9.257603717360579241e-04
7.837234864381992412e-04
1.226996683040324767e-03
7.143684508615176640e-04
2.999640398826964325e-04
3.521433162785907937e-04
5.491894014583458992e-04
3.488487229268232405e-04
3.289335036288593660e-03
3.692745826217951575e-04
1.040080448775302594e-03
3.269053820587963311e-04
9.880180120637729532e-04
4.432366962668160765e-04
5.919387133176107858e-04
3.531084770995707145e-04
5.689207247457074524e-04
2.024218559981044220e-04
2.548550073000869359e-03
5.464536171014029850e-04
5.966065843777960042e-04
9.972448064344556669e-04
2.443705500604969813e-03
1.089959906854579214e-03
8.735441092855986611e-04
1.595264752967033659e-03
8.689821595061201403e-04
1.540936502450298293e-03
5.682517400936964828e-04
5.633681226975386161e-04
9.243055568816413263e-04
6.254979158255621202e-04
4.264935184018233782e-04
2.363147527190374159e-03
3.847991249886492182e-04
1.286732432319474774e-03
1.189131844260842398e-03
1.429878792446133331e-03
6.135640116762517988e-04
4.835202927820512944e-04
5.316479244694121559e-04
2.491151939461564140e-03
7.892367835471504655e-04
9.479400331178591300e-04
7.187456766764083920e-04
5.349577737070195351e-04
3.693063547847079777e-04
3.796525119550175128e-04
1.498756674249409303e-03
9.340075168254168177e-04
1.166107939609479409e-03
1.491354229334983369e-03
6.688387671583800572e-04
1.860088734792726206e-03
4.270828098070445162e-04
4.271147533840441456e-04
1.656656245887711291e-03
3.535227445395589061e-04
4.115825229452829605e-04
3.606489074407222620e-04
5.290801183116232171e-04
6.418939955778063273e-04
4.558582208866951771e-04
9.227851319757379234e-04
9.680174294639300528e-03
1.338596509002035456e-03
5.940030326915039750e-04
5.809987191277187412e-04
1.755270115492651864e-03
6.843555261263436530e-04
7.280772590838078357e-04
4.932320458612770393e-04
1.364414979469888000e-03
1.788445168199905228e-03
3.159130920163554413e-04
1.066540032840647021e-03
7.314770290570872654e-04
6.770701555268812981e-04
6.593340444356141777e-04
1.055850798354682164e-03
8.590429415383108239e-04
1.458023332172766638e-03
5.142741425089008417e-03
4.781117978546598119e-04
1.368498523587836175e-03
3.584594350963039746e-04
1.276719936989964945e-03
1.292190621750764290e-03
7.000606555731796882e-04
9.921469464736630724e-04
9.188160313783655430e-04
1.166107939609479409e-03
1.085436392668455213e-03
5.195442538945150429e-04
1.418199924756916204e-03
4.454663741717903333e-04
1.276719936989964945e-03
1.755270115492651864e-03
4.060157281440018753e-04
5.693556758734998665e-04
8.165452259787292283e-04
4.344402060902460730e-04
1.606325795485349060e-03
9.387705094202115387e-04
8.681548314010983534e-04
3.715855247631970489e-04
5.859919764352452751e-04
7.760838574151528776e-04
7.736021268820957291e-04
3.896950708455191367e-04
7.704924661708846718e-04
8.825006276060719679e-04
2.732068605407741773e-04
5.240538170739860715e-04
1.124409382214793494e-03
6.900065937390548361e-04
8.383335566150217858e-04
1.528196745450096728e-03
2.946348931500288471e-03
1.298723086492254439e-03
7.956233614313734052e-04
3.807755967769572503e-04
5.206238571839255170e-04
5.122180512848724474e-04
2.750709584838575842e-04
2.352592402640957064e-04
1.284407037208103999e-03
7.193098908136231779e-04
1.479221430011603113e-03
1.170142793396585943e-03
1.224693030663108993e-03
6.511839623381233087e-04
1.926521284482732830e-04
4.118384899076745777e-04
