9.000913987352425222e-04
3.472720411892055072e-04
7.690786189841155619e-04
8.192296599281004331e-04
4.222797920270266597e-03
8.418318842222521914e-04
6.448816076871803421e-04
9.137521939345013677e-04
3.247258772796319062e-04
4.535757597653047131e-04
1.192126635534459644e-03
6.125487616491209200e-04
1.360031028209940287e-03
9.319646467993200189e-04
3.596960057856860103e-04
6.944382856724964220e-04
9.221746445708631527e-04
3.478099385856225022e-04
7.675182620899386387e-04
7.755381898055211136e-04
2.123702456973154944e-04
3.644714969472684927e-04
1.235122975336855073e-03
6.568831335019910704e-04
7.013462298250691760e-04
2.881259092835233913e-04
1.140682986037207464e-03
1.756931199320269261e-03
3.295213131197990693e-04
7.237905981634277326e-04
6.089302363062712485e-04
1.552232929001413301e-03
4.153222220163795973e-04
3.592435466950535689e-04
9.276271982265209054e-04
5.663085249603517319e-04
7.628425803135635997e-04
9.099512510713384048e-04
5.874516561745204372e-04
1.146305990036075931e-03
1.079143271774751648e-03
1.224786896250503994e-03
7.842247635105104898e-04
2.937298988287423418e-02
3.149263935235372021e-03
8.185781773784341336e-04
9.581601650273507270e-04
8.549110202085925857e-04
6.677204408254295556e-04
1.824588794370804630e-03
2.405032318042445768e-03
1.049206057993337356e-03
1.195126493044799563e-03
1.771084719483158407e-03
6.416793415171088977e-04
1.083742591291264167e-03
3.305661953731436268e-04
3.701844813104527209e-04
1.223748616246978557e-03
2.119816384508732641e-03
5.442408742334574161e-04
1.149635125504688436e-03
6.234077722655807785e-04
4.880626062769284450e-04
4.481719430552156538e-04
2.028997126446110359e-03
9.718795331767960451e-04
4.936551930602461370e-04
4.381844216444350697e-04
1.446132409318721859e-03
1.088625158595884655e-03
1.964107540006567332e-03
8.051484869574744487e-04
8.576172946564282430e-04
3.229414190482431915e-04
7.222684658124756997e-04
8.239830527576603569e-04
5.798634274073934548e-04
7.398032724538730794e-04
7.522790061868286221e-04
7.137751360021083813e-04
4.692908305001953898e-04
1.898579656223188484e-03
6.505538073328073810e-04
3.727503938960808044e-03
6.169700396001647240e-04
5.097125489796754680e-04
8.370565731401659456e-04
2.120728513720371907e-03
1.293364824936836695e-03
9.709808425195327409e-04
3.576198245299144979e-04
4.048384246688408123e-04
1.771279997530448820e-03
9.669641178462353272e-04
3.122236103158278599e-04
2.920240884157709015e-04
1.143101621658109421e-03
7.174951232826812242e-04
3.520659839049124977e-04
1.461462210456641658e-03
7.417448970055655474e-04
4.198887270224351356e-04
9.311218237075913166e-04
4.470873074844545483e-04
1.017012597840669845e-03
1.350976080260078141e-03
1.813941222987362637e-03
9.765952259608856600e-04
4.769550699876961837e-04
2.817584409558193388e-04
5.765885511491250937e-04
4.850066935758349596e-04
6.337998874517505356e-04
3.812686100872769582e-04
5.677609498269450133e-04
1.777568868715245667e-04
4.417002064818154809e-04
3.693006022686011252e-04
6.897980366831742236e-04
6.880813221752445996e-04
5.653727007763650718e-04
2.956979871122858297e-04
5.701190603528367767e-04
6.367152291495140797e-04
1.386445582389945119e-03
6.726118686474041571e-04
5.481741870577614383e-04
4.307258591847335253e-04
5.452494976517336615e-04
2.540221378407233558e-03
4.719514773723053900e-04
4.466280092230472056e-04
5.680502897605958995e-04
5.946079990833117758e-04
5.534059999476740113e-04
9.649429258616043894e-04
4.238655212507292606e-04
8.710370921062673445e-04
8.292960000165106472e-04
7.811092945134977825e-04
4.827562283551601772e-04
4.217474368444944829e-04
2.543287385985562934e-03
6.517183922501963234e-04
2.094057686227096711e-03
9.925558424271924574e-04
4.752038740847664236e-04
9.652792755708280775e-04
8.934635780151184556e-04
6.556204388128287260e-04
1.154646994881934922e-03
6.774513406707927121e-04
3.616004192198736663e-04
9.949991349708930694e-04
3.040676096061599182e-04
5.062817412720911538e-04
4.024282831067110106e-04
5.095717404418286228e-04
2.734429900703657409e-04
9.733573874392813935e-04
4.842718107581240878e-04
6.271429665937967770e-04
1.072068504614822173e-03
4.597181459934339951e-04
1.430911938359058630e-03
4.402670760564293207e-04
9.612648332944264936e-04
1.227767198702877554e-03
1.283328065273534003e-03
9.729294294276733066e-04
4.379737425132224321e-04
1.479375672021279123e-03
4.422565248528079022e-03
8.225742153021846793e-04
1.926515091898710764e-04
6.898474806216470245e-03
1.357210434046023486e-03
3.386243835376771382e-04
3.133028478009002981e-03
3.262719269611182634e-04
3.489491506778844314e-04
2.249612974584684882e-03
3.137422791873433750e-04
1.601595091307129537e-03
3.438663388604996820e-04
8.167833269633848229e-04
9.978590054954010382e-04
5.519205962657127091e-04
2.357753854896148368e-04
4.016843136063147162e-04
3.829143721286123081e-04
6.438000726407735325e-04
4.245670603667562877e-04
4.175022271292764750e-04
8.365879035159107073e-04
4.635743133486590491e-04
6.834927943952661018e-04
8.364310564170233985e-04
4.297695863278581030e-04
2.036749815971340867e-03
1.064422438075069257e-03
2.241217448284955698e-04
5.322733125125569476e-04
3.322792518271412742e-04
3.596929881948791137e-04
3.852600624789073638e-04
4.381203184812945185e-04
3.450565213014603842e-04
7.284759903306481290e-04
4.169119835865538887e-03
6.639643983839691116e-04
3.149263935235372021e-03
5.172504941050278578e-04
2.886406966727205988e-04
8.418504558073980088e-04
1.035956421823504498e-03
2.325617005786460921e-04
1.841657895002779153e-03
3.964839920832275398e-03
4.867753921769793686e-04
4.724616492445551192e-04
1.667260969137529178e-03
5.973659564619845756e-04
2.102254804259900012e-03
2.379062281737291847e-03
1.171928136137567614e-03
9.312862540994497340e-04
7.321568511929778386e-04
3.527558372965053563e-04
5.016441237786308828e-04
2.736814697765206032e-03
9.591973491320174164e-04
3.451404779322820183e-03
2.817584409558193388e-04
1.323393009142575117e-03
3.296839074815152097e-03
5.232315876984045683e-04
4.849660195626253690e-04
3.841817301136609222e-04
9.269717097165825533e-04
5.913295737430155838e-04
1.565900494508978965e-03
4.277721450943048264e-04
6.946218230940605495e-04
1.882967444426744685e-03
8.835096454193649669e-04
1.683791276322710393e-03
1.666854982804222068e-03
1.231215660067222582e-03
8.275569503611184853e-04
2.458238365474507713e-04
2.776438365003818182e-04
1.125665354311248178e-03
6.900668141258434847e-04
4.454141166220713629e-04
2.728123275686501997e-04
7.124712667628906428e-04
3.625291872404759973e-04
9.644053059709097346e-04
1.381190751491587296e-03
3.950359655027192935e-04
3.055061809370850697e-04
7.264534683781621611e-04
4.985459414005848511e-04
1.520995395122673758e-03
5.657733611721713725e-04
7.565848624307507618e-04
2.978733600201449749e-04
6.139884715754641070e-04
5.851363046157893964e-04
6.754994692668455205e-04
2.550677781982059727e-03
4.491529303502851179e-04
8.294769797111247248e-04
2.697554228022477430e-04
3.079068681951162658e-04
4.743455952731579547e-04
3.010546313636731398e-03
1.537626802611107403e-03
4.410190853842943211e-04
1.010552377126349528e-03
1.338822217299436620e-03
1.879848033537310451e-03
4.096570924767696889e-04
5.920627143845499669e-04
3.159697136313844375e-04
5.482394393606379937e-04
3.977434805371208811e-04
1.358278215347592929e-03
1.764726782775924039e-03
8.693157995225635594e-04
4.939526906327195007e-04
8.500214436887949723e-04
1.126656855336702692e-03
1.307702268646417174e-03
3.658183787775420056e-04
5.082425923603682257e-04
4.083814447558386899e-04
2.920240884157709015e-04
4.259697513986937544e-04
6.873875272357612585e-04
1.120450717424969307e-03
2.626390388181924253e-03
5.099818663612282633e-04
9.703120284754573194e-04
3.247881143032413593e-04
7.031618385437233892e-04
2.638436288857013150e-04
1.445912553206988400e-03
3.809924390863165958e-04
4.325742177177196350e-04
5.708656883288886147e-04
5.652249623142965211e-04
2.958955762030861247e-03
2.142262915023589696e-03
2.141220128593794136e-03
2.548946086991037054e-03
3.894883521523253753e-04
2.392189542782622311e-04
9.748510288519572761e-04
4.126905201137180527e-04
2.647409347844424145e-03
5.760482366787488765e-04
5.464495308090452225e-04
6.673291374577245989e-04
3.056130917769066474e-04
3.726000174793017553e-04
8.137134503935340799e-04
2.490151808667958461e-03
3.413034518478158313e-04
3.194077624549060824e-04
3.661897483421967499e-04
2.334071689900599818e-03
1.032712723995864862e-03
5.006018053154531440e-04
5.104455659395632210e-04
9.246782646376927942e-04
1.447285155662925453e-03
9.485561876700814368e-04
5.052783032314203974e-04
1.359884427858337524e-03
8.056211073416345674e-04
3.659163397244353079e-04
1.187246054126729882e-03
1.410369115438533374e-03
9.103870797106836067e-04
6.012426841485816326e-04
1.929975572920629131e-03
1.231215660067222582e-03
2.766064545418576558e-03
1.988591898462629926e-04
4.004720332723765231e-04
5.669643689395310404e-04
1.939323761440187120e-03
1.436096152323516201e-03
8.771647668194879456e-04
2.859660786195383081e-03
8.334149072975901261e-04
1.244309204394397541e-03
1.866646748750838637e-04
3.964504982545531903e-04
5.025213944910921588e-04
8.265651561945138370e-04
2.078789884631273340e-03
2.322283127065082975e-04
8.775232867750154715e-04
5.512878306199986943e-04
4.545217813711542425e-04
2.714492325959414181e-04
7.252324860013383738e-04
3.921376215353772321e-04
2.718246689059406113e-04
1.093196636669380682e-03
3.983248378628095453e-04
7.803042618935093766e-04
8.292960000165106472e-04
4.562158141161767573e-04
5.881513390751721016e-04
5.651917183770975442e-04
4.408727224438407292e-04
7.487723215673955206e-04
3.413034518478158313e-04
1.898967474941291476e-04
4.625813559095166968e-04
7.345714642043897147e-04
4.682558381582719491e-04
5.920627143845499669e-04
5.290626254093345202e-04
1.126293998338146959e-03
7.095304797513429188e-04
3.013707960719712786e-04
4.401092987226999480e-04
7.338001779389902038e-04
7.176404295064930548e-04
1.081336912865192091e-03
2.338295266958958629e-03
1.723846063382277524e-03
7.425861521332139531e-04
6.901064172919005877e-04
6.814142890464198066e-04
1.329500276892626402e-03
3.209689473125606780e-03
6.875038269807749909e-04
2.827291883538947197e-04
5.917148837907694296e-04
3.190899089865257459e-04
4.195881782492436344e-04
1.206449588494586892e-03
3.168832200544599597e-04
9.428869796043956326e-04
1.096431236528626037e-03
2.626390388181924253e-03
1.098700612036758928e-03
1.110577751947100034e-03
1.577021228602243320e-03
3.841817301136609222e-04
2.957731057217499195e-04
2.018437404937574453e-03
4.185225148388156246e-04
5.176875090448332687e-04
7.754771757913481688e-04
6.710424557725882394e-04
3.679416695578360992e-03
4.825474226960325811e-04
1.293112165448198668e-03
3.431491969271710258e-04
1.181243120341404816e-03
8.371908717389601236e-04
1.025200437550150825e-03
8.067499785279843866e-04
7.173314924133577901e-04
5.021741078874452681e-04
7.496181981521038472e-04
4.332897489359242957e-04
1.441689845777436706e-03
1.010758810711373523e-03
3.678128034269004427e-04
5.975618141318329466e-04
9.246782646376927942e-04
2.792892914594662644e-04
5.921400253006879827e-04
6.917368148596320055e-04
4.188320576963556726e-04
3.676115834150177407e-04
6.991233711863283941e-03
4.996659651986793847e-04
1.402742220028523838e-03
3.189893201353206963e-04
2.980594135442601292e-04
7.139820016090112596e-04
1.002703704679088923e-03
9.006146515454660105e-04
2.649155520177996965e-04
1.118437945050861906e-03
9.521723893384968166e-04
5.435428525334057900e-04
5.943710202481503838e-04
7.462256604244254252e-04
3.984081400518279343e-04
7.651755044906067248e-04
2.136841928433985509e-03
1.479375672021279123e-03
4.793041873457253629e-04
4.548384789281545437e-03
3.739195143133440384e-04
3.907879219307471550e-04
6.882407599228184758e-04
3.421490076874016389e-04
3.742318933450771551e-04
3.064192212593293751e-04
6.650333766766039576e-04
8.452853005707064351e-04
8.109073427100756300e-04
4.264472828085643730e-04
9.473054659389554526e-04
3.133028478009002981e-03
2.338821914047003114e-04
5.268666044300803885e-04
3.070775358107486353e-04
1.184061646149860755e-03
1.752571889750342924e-03
3.574983246631720365e-04
2.356805829301616810e-04
4.432194373480719419e-04
9.932550116307538313e-04
1.519522955873633214e-03
2.042445777588937621e-03
5.998368653586405065e-04
5.178642890213023750e-04
3.084164109221112756e-04
6.579251365669053133e-04
3.995444851929172512e-04
8.482394734424176293e-04
9.806231835068021131e-04
8.265651561945138370e-04
6.180045774011224801e-04
5.828975961801015696e-04
4.801633986298426532e-04
3.591069972610097614e-04
4.184750667858451586e-04
9.163960505637500044e-04
1.047173567052582391e-03
4.191588444982367900e-04
2.897229783541058071e-04
2.223272620194019500e-03
7.810402926824738410e-04
1.320196452291790218e-03
1.038247676635053714e-03
4.074345635769380768e-04
5.436797885215808581e-04
3.204401343873147681e-04
2.626390388181924253e-03
6.116394989715807180e-04
3.188842900120496694e-03
4.465687604836498462e-04
8.734228827800988044e-04
8.589145482641610775e-04
9.832748896587693074e-04
5.526254311422804620e-04
6.971988170923034333e-04
5.948107698695978465e-04
7.716592486337896153e-04
1.137379963673573009e-03
8.959442837664761093e-04
5.728645532821018517e-04
5.968669828615547719e-04
1.135775660558259459e-03
9.226741275869367390e-04
1.088843398505754149e-03
3.157888672711568062e-03
8.218444164669878090e-04
4.461072459830944651e-04
9.441865878564655078e-04
7.846054347561484676e-04
2.925277713952850397e-03
6.318663090850829651e-04
1.095567400554467614e-03
1.890167081203514938e-03
5.179381444976489945e-04
5.588321393381521195e-03
5.627036223668299567e-04
8.556714411745352860e-04
4.274606656230383532e-04
4.206756166355093843e-04
1.078973524687179336e-03
7.892998759817726126e-04
1.164188229146447071e-03
6.684790356102762645e-04
8.742950780335172331e-04
8.915946108942566237e-04
7.961172234066335191e-04
5.665217425715906490e-04
3.737040573077662106e-04
7.500132418036121844e-04
4.166662626020207474e-04
6.420197894952748945e-04
7.409035249259930851e-04
8.383402083795793523e-04
7.046415239138581433e-04
1.386801137503755350e-03
6.975427251719277123e-04
1.050464956938914696e-03
3.335375724912839407e-04
1.876915468128588895e-03
2.928149791277939447e-04
1.298531107981843640e-03
6.802081202111454712e-04
5.675012024246105886e-04
6.658132038913249558e-04
1.624603782842943753e-03
1.406867261347092852e-03
6.956800718356584683e-04
9.505625886238816893e-04
1.118167696127577012e-03
1.734230817357073750e-03
7.411096929216434530e-04
6.171686891233467897e-04
5.966265628848196499e-04
7.292153322512295302e-04
3.617831143218467097e-04
1.509918174892731875e-03
3.994825372721074949e-04
4.402595037308560462e-04
6.484222762712903024e-04
4.870262614787580747e-04
5.524000132123833189e-04
4.378458686745136347e-04
5.016683843241762520e-04
1.266048055432993352e-03
2.183245274041337256e-03
4.919599590911720791e-03
2.626390388181924253e-03
4.126424808038622297e-04
5.422582744933020010e-04
1.638494790903979132e-03
1.200666336784540983e-03
3.955618561909336381e-04
3.274164616294000405e-04
4.275922298207261653e-04
1.480609588457005698e-03
4.880626062769284450e-04
2.829383752318309197e-03
6.223310461502628123e-04
1.646997506602335039e-03
4.933462188981912154e-04
1.022160826551951921e-03
1.586706742129211393e-03
5.673565825272715172e-04
9.349536960777970508e-04
5.783359237192077680e-03
7.111345887229089495e-04
6.580675896099831513e-04
5.930833522176470404e-03
1.087500768240264081e-03
6.454338272329260924e-04
3.586253711430175805e-04
1.319382987470736493e-03
2.663162669916455919e-04
1.546723456334673672e-03
5.859504871504422853e-04
6.662426466234565433e-04
4.775274470435589605e-04
5.552623390507523691e-04
4.851264279129920446e-04
4.827678554579875906e-04
7.377277263453664276e-04
9.872838821834441746e-04
6.183852193800487909e-04
1.931050964522528434e-04
1.175905588087744827e-03
4.525552299156337791e-04
1.174284242282178960e-03
4.322031476951508503e-04
9.073529462160229023e-04
2.716362707034918078e-04
1.102626937656821541e-03
5.051811533503676151e-04
1.005254159168848154e-03
1.857062802553633611e-03
1.292016031262437081e-03
1.209244208821475246e-03
9.365716687925431305e-04
6.021271682080972347e-04
1.135290489520730762e-03
1.992711918701552207e-03
4.778131685996752915e-04
7.297692134686881594e-04
1.291670361941849509e-03
2.716125590106345630e-04
6.187254921694626108e-04
1.714703783368491533e-03
4.095208274223277253e-04
1.409527496001118044e-03
6.936242403936708966e-04
8.370565731401659456e-04
9.519990437120526717e-04
1.400872431186413235e-03
4.176974077726027836e-03
7.615928420226179265e-04
2.405032318042445768e-03
6.040136710239925886e-04
1.868960009958220252e-03
1.823079936139647590e-03
4.680800231023375386e-04
9.872838821834441746e-04
1.189897994525271254e-03
7.692363256396105107e-04
1.409697903247694208e-03
8.653522391961024915e-04
5.275473249135719141e-04
9.789380056295982936e-04
3.734557700485901816e-04
4.680526856217661724e-04
9.457033094334386112e-04
2.897229783541058071e-04
1.370082279459939462e-03
6.019182779537415179e-04
4.672295383760552662e-04
1.291670361941849509e-03
2.074479595935498652e-04
4.758234480015167988e-04
3.847752400888337031e-04
4.172144446269977162e-04
3.870015880323082746e-04
7.534538834343329147e-04
5.203378437157470636e-04
1.702147883509920814e-03
1.890493770372275121e-03
2.413009150953531606e-03
2.674868060441030386e-04
4.332897489359242957e-04
1.433078870546408354e-03
2.051492384785742198e-04
8.181620096002538509e-04
1.355210552286141871e-03
3.505641892586067654e-04
8.043210526344307621e-04
6.782753512344003900e-04
4.929935846092121151e-04
5.753316852283038921e-04
1.089973663510328001e-03
2.602739260487594783e-03
2.655387536179542327e-04
5.972287998616301581e-04
1.395802392565658823e-03
3.289917763702206025e-04
5.103902194537194084e-04
1.329562048780662080e-03
6.782661134682198062e-04
4.320017463640433769e-04
1.932334350853588114e-03
1.331882658356298241e-03
8.684639463472559667e-04
5.908847554783593038e-04
8.209970221677323444e-04
2.854458491068972634e-04
1.227397695232187872e-03
1.653832077117430108e-03
9.450636781905100451e-04
3.627345033826326424e-04
3.781144331285372462e-04
3.297852468191148708e-04
9.325005143175153950e-04
4.480907459959757142e-04
3.485267073286550557e-04
1.244997916221918287e-03
6.197976928076541839e-04
1.157276476259008193e-03
1.052434567883516348e-03
8.083202768359162372e-04
4.230832066209730315e-04
3.942950665590499570e-04
7.785369593497921265e-04
1.597311998409255574e-03
3.931873898615613136e-03
7.620727314775258259e-04
4.040294764958153833e-04
6.678001510948116531e-04
4.009503057503003101e-04
2.675631298493376755e-04
7.097444682067377032e-04
7.479503117060023109e-04
9.256982688336096426e-04
5.300711389833204180e-04
1.031681785447373595e-03
4.594200179039312020e-04
1.182019008410421096e-03
2.850419315397670198e-04
1.525305710274091949e-03
4.035248851655325541e-04
3.479925781672386790e-04
6.348982890867170808e-04
1.300756519627347795e-03
1.536506549565489887e-03
2.293029169685676402e-04
3.121828697256257066e-04
4.288578103895511907e-04
9.419263749329092033e-04
8.823628743856226425e-04
1.081956539098483105e-03
7.253704614676777934e-04
2.891022174864975726e-04
8.703279092223693272e-04
7.058948296864874699e-04
5.020247718123951397e-04
2.686465875030364433e-04
5.146532031790105157e-04
2.716900206779801139e-03
2.830340026882226245e-03
1.330336279759563060e-03
4.410190853842943211e-04
2.404190288934187345e-04
9.071139698842595753e-04
5.843938499641626377e-04
9.375446804781676366e-04
6.606819593499513527e-04
5.150568086481297500e-04
2.983178971189596150e-04
8.354468485535138014e-04
1.905081686896685240e-03
1.352832240800754329e-03
1.967891759946480135e-03
7.786546558924518305e-04
7.894014325614902208e-04
1.945230819270474644e-03
1.427079678777195193e-03
2.252308191353804667e-04
4.220555042326882742e-04
4.659865729094927892e-04
1.491574587356080507e-03
4.692204853550070633e-04
3.205409860139317620e-04
3.826090468635443584e-04
7.950225842084426278e-04
4.667218772863732860e-04
8.823214176987082338e-04
4.073447043288639172e-04
4.917812720905567368e-04
9.300414277653648457e-04
6.940853105567093562e-04
3.020197014273839995e-04
4.594782862171039803e-04
6.287296274300497190e-04
5.819020359235243817e-04
3.072727875260983840e-03
4.864214474697051800e-04
1.358278215347592929e-03
4.476249777911305971e-04
3.628537220060927744e-04
7.815620248246231199e-04
3.921331954163617163e-04
3.349327669757507300e-04
2.008852244174091743e-03
5.166997715748162124e-04
4.249797632025159133e-04
6.817516054021048296e-04
4.924249096533267174e-04
3.933666627837749939e-04
4.253043459918136424e-04
6.880813221752445996e-04
4.622412185678786479e-04
7.851373421185594897e-04
7.609509111638339826e-04
2.086754528496749962e-03
4.023545427789334563e-04
8.078449850574185003e-04
2.300789935405237667e-04
3.298514501495838241e-04
8.675975724353272292e-04
6.837781355024357809e-04
9.872469756027032247e-04
1.056608434172277887e-03
2.008852244174091743e-03
8.761561143069278605e-04
3.159697136313844375e-04
3.434530445382982539e-04
8.102733867452382912e-04
4.340060521803906259e-03
1.058364474605899292e-03
2.946118326117283851e-04
6.154350049430883703e-04
2.746223325641699697e-04
1.762495122394731710e-03
6.593785864612258969e-04
3.008477501175287755e-04
1.223982871278019111e-03
5.117335473055307582e-04
4.770267372905394082e-04
1.473181253058897461e-03
1.322228669186996776e-03
4.778215316921386314e-04
6.785139369875980249e-04
5.452707410572669175e-04
4.719896937781010190e-04
5.602823100941091905e-04
7.205552514336301031e-04
3.980216721220377978e-04
9.481908780898339311e-04
1.154592123336009232e-03
4.889966401668151795e-04
3.797613979338220684e-04
2.829383752318309197e-03
1.340496025275947399e-03
4.709043959382845624e-04
5.965138602208018299e-04
2.029800562923677731e-03
3.053677886333290700e-04
5.105722980444665380e-04
2.208937795540669592e-03
4.541314555775173133e-04
4.410190853842943211e-04
4.217122130945040958e-04
2.848180712258093178e-04
7.712577899765059959e-04
5.053398641155417564e-04
1.260293549341305521e-03
7.335352621397831906e-04
3.596929881948791137e-04
8.102733867452382912e-04
6.790288757849809176e-04
4.324177621581996064e-04
1.307141967247665371e-03
1.058364474605899292e-03
9.196492651233284868e-04
1.625390902484845097e-03
1.692163022909178461e-03
1.172013856632764684e-03
1.952766065045487970e-03
1.031396819745344917e-03
3.920132272948936565e-04
1.969074674875758921e-03
6.521740965231716649e-04
1.206598038565584669e-03
6.217332328080613134e-04
6.429634194245797876e-04
5.909866015910717136e-04
2.937298988287423418e-02
7.857748626048917471e-04
1.036040959020218064e-03
8.398101835825355372e-04
5.546596955540700593e-04
1.318505042785737824e-03
3.551470994806101575e-04
7.812730930186601291e-04
9.733573874392813935e-04
3.318926845771324216e-04
2.816819085205091383e-04
3.959620672145625574e-04
4.756009262682777501e-04
1.102718761218258493e-03
9.763975756449104785e-04
4.415282258575982540e-04
7.724757459739716196e-04
3.846288987425139274e-04
6.639643983839691116e-04
8.198954373122641559e-04
4.654490626741530261e-04
3.196008020287465466e-03
4.073964871511937609e-04
1.421958204582306033e-03
8.225742153021846793e-04
2.307348484935933558e-04
6.753857597769185976e-04
4.870262614787580747e-04
7.098220373792062110e-04
9.190218533908755530e-04
6.861426305930444069e-04
8.007091557933753052e-04
5.245099346165947715e-04
5.193182836554480382e-04
6.796706714984925013e-04
1.167085543962437808e-03
2.989684694770246265e-04
3.483912055341842687e-03
4.208044369570532683e-04
5.150498469865132144e-04
1.119426165296038547e-03
6.778126126700254658e-04
2.598089727260770310e-04
4.021661264048220189e-04
6.213576998239924917e-04
7.459497645268090308e-04
2.995224625809913980e-04
8.814199415937511422e-04
7.690926496794508365e-04
2.697554228022477430e-04
1.006884008737855482e-02
6.626973168715932696e-04
3.677117065994020399e-04
2.626390388181924253e-03
1.324544878685951239e-03
4.549763951272497694e-04
2.999688070930842717e-04
3.562254355469800455e-04
5.794915853071637511e-04
1.129219053944861481e-03
3.121039363137037299e-03
5.016683843241762520e-04
1.690772588828890269e-03
1.352832240800754329e-03
1.169039659347728081e-03
1.605817155888204090e-03
5.940930534554237545e-04
1.078973524687179336e-03
3.761698554528105135e-04
6.716817454786162649e-04
4.252891010298812655e-04
5.666938361107538239e-04
2.119816384508732641e-03
8.846091323833597678e-04
9.139821470930285449e-04
2.712757474081829994e-04
5.918528391640539166e-04
8.390008418822785278e-04
1.025525123342830962e-03
1.457704824180901249e-03
1.281184487697539787e-03
2.421213989825515410e-04
6.368479396632136229e-04
8.138392564589291920e-04
4.169119835865538887e-03
2.843816664443791749e-04
2.019322692400151581e-03
6.688615450807638150e-04
3.545575752032787526e-04
5.395801971627889240e-04
2.733744472777308379e-03
1.690772588828890269e-03
4.396067276533451224e-04
4.431785823033587614e-04
1.402613133154375150e-03
9.932707040016372415e-04
8.318455886284670427e-04
7.202998569522563177e-04
6.094389935649088558e-04
4.838527624858931652e-04
6.340009145496274499e-04
3.475546519728878138e-04
8.637685445698220716e-04
