9.236187747061359041e-04
7.451758135573196499e-04
9.072561096425301374e-04
1.599635201056198459e-03
1.482453238413481344e-03
5.446535246987090463e-04
4.190566637632801329e-04
5.326963321484111348e-04
3.323620903020366277e-04
4.484034114553932444e-04
1.152812676962636793e-03
9.275057142623746326e-04
1.119243742168311417e-03
9.733834496836728679e-04
3.327089144403781555e-03
1.208126870641516252e-03
1.299285767448028804e-03
8.777492287673323767e-04
7.829473094131091581e-04
8.016880215085083524e-04
1.054680823557425061e-03
1.997630618931369069e-03
7.074618758564267139e-04
3.590236729224826912e-04
4.524079235455329574e-04
1.032643268803407673e-03
1.283741090317693347e-03
5.596744706237554833e-04
6.944464100799357595e-04
3.806301378538079786e-04
5.486605612504786775e-04
1.106940452753685938e-03
2.955538527774777616e-03
1.033223158105784972e-03
1.434850704795689576e-03
7.258346030250112900e-04
5.428734884530682803e-04
4.852246966875262742e-04
1.408983619897682385e-03
2.181264069606720160e-03
1.382827242913875964e-03
3.068236046108533668e-04
1.506880940348242354e-03
1.476421549780412065e-03
1.040455573789049286e-03
4.723926303287059782e-04
8.222570867441561949e-04
9.969974986806932112e-04
8.609274149013728533e-04
9.427474521772791997e-04
8.006642127651581158e-04
4.890651986008175481e-04
1.814102499632658325e-03
1.521624357019914784e-03
1.296546682848076677e-03
1.592437863537110023e-03
2.706031439986709085e-04
3.916214777646920492e-04
8.897429043862250956e-04
7.829473094131091581e-04
1.148605642907093039e-03
7.318240752076382452e-04
5.982845982434156686e-04
2.322341926295340680e-03
3.941489978795463902e-04
1.132979734539361731e-03
4.433698185207969752e-04
4.741505678340556060e-04
2.895373019827146891e-04
7.798015476969752261e-04
8.602957340924905329e-04
8.881278395936797933e-04
4.469093441719842606e-04
8.607968053895260563e-04
5.553588775152199300e-04
6.192555337605032233e-04
1.053058196503175439e-03
4.457929252217882662e-04
6.542659849036731694e-04
3.962663474496503128e-04
7.313918652134105379e-04
1.104373191105308518e-03
1.182316202868329436e-03
4.161496422457484890e-04
7.635869778019907603e-04
5.067250165155515922e-04
5.059369105786232614e-04
1.057726424237902339e-03
1.254888178229725476e-03
1.949893513631719257e-03
1.084322822716934052e-03
1.731305932042876512e-03
9.854689376607584771e-04
7.796442516538458923e-04
3.372041692539132045e-04
5.370307051903699383e-04
6.017906068156804369e-04
1.383264752627398272e-03
4.535040881373253734e-04
3.733702423614059939e-04
3.710785889187496068e-03
4.117394911795399623e-04
8.516436336858625904e-04
3.775558279526858079e-04
1.002854300381537207e-03
2.914454046898161919e-03
3.193147874942823617e-04
7.513337139763131547e-04
2.290976484565985984e-03
1.172479224232304525e-03
9.725221709871178805e-04
1.075779860327146127e-03
7.703542577700476070e-04
6.496408864572751456e-04
6.123590101622046651e-04
4.802357131424316895e-04
8.226269809375967969e-04
5.121760136820199642e-04
1.341604539893741406e-03
5.694641384068689681e-04
1.121754147004554777e-03
8.918644620925293047e-04
5.433144728012970649e-04
3.430538468773013691e-04
9.767267737460063118e-04
3.973375789007523614e-04
1.534101397449479966e-03
7.182604452533373172e-04
1.257654029319562163e-03
2.233582416292334387e-03
5.617935400026777661e-04
6.793904987486072862e-04
1.227522050742381856e-03
7.125750366016233303e-04
4.065727141971854511e-04
5.075003029715719058e-04
1.025863429702909228e-03
1.041063571800120331e-03
9.650131793398806449e-04
9.276033482083514102e-04
1.629008361862321289e-03
1.849775826665018023e-03
8.720394713775370642e-04
3.655014004492385029e-04
1.901370245773215410e-04
1.106212356261854516e-03
9.428285425709827640e-04
9.151675821862170291e-04
6.390348523261868635e-04
8.927289358320528775e-04
4.231133768417087541e-03
1.217025234350747193e-03
3.579542610155065805e-04
9.225978860540598112e-04
9.412101593915162033e-04
7.016484842283524309e-04
5.109699277858826324e-04
6.399588695787699266e-04
2.426876566927797362e-03
8.097891502102281484e-04
1.346724613760538151e-03
7.053562130523565463e-04
9.102596325131215912e-04
6.509816951324904353e-04
5.920177327456923764e-04
1.271061429899038439e-03
1.356845801465184119e-03
1.157165149785233625e-03
1.088930672879900126e-03
4.829623859585522564e-04
1.374267281899140079e-03
1.173966209951242618e-03
1.222118771110495238e-03
8.559846441814257132e-04
7.162550078269661318e-04
5.955227044270572888e-04
1.248935592886399760e-03
1.244973744052671819e-03
3.496069966377292944e-04
6.630768214105407874e-04
9.927611161963032210e-04
2.702136563542019421e-04
4.385983741894651164e-04
1.283646522088534780e-03
3.973375789007523614e-04
8.975204079640313306e-04
6.747466301151774232e-04
1.141943837234458275e-03
8.031883843931066818e-04
1.467082548496764479e-03
1.669542232937254976e-03
5.139439344106826136e-04
1.102769908769250361e-03
4.373748888786710030e-04
6.398218862345027638e-03
1.078719955862264676e-03
9.030514739733008040e-04
8.901493566359186234e-04
1.402609016781382464e-03
5.358722691973367936e-04
3.171129200764487136e-04
9.448061504982668097e-04
8.075669011227549869e-04
1.022335553159681772e-03
5.708686643665331246e-04
8.021160542165002832e-04
1.011546614823846668e-03
6.494998190612140312e-04
1.081932748703136890e-03
1.308512084961195370e-03
5.717332606545144072e-04
1.011009773273268330e-03
4.385983741894651164e-04
4.718818493774612184e-04
1.416273728221439758e-03
1.052602826084844982e-03
1.195549232255119828e-03
4.652943910945426501e-04
5.669952775368943335e-04
4.056728250773005773e-04
2.606762451102522947e-04
7.399558337431302391e-04
7.582805238267696776e-04
1.359940826481622527e-03
6.529985274315762899e-04
3.415460967285535243e-04
4.692421254527317847e-04
5.123761144453977540e-04
3.496069966377292944e-04
8.794839047789452559e-04
6.825991497101147358e-04
5.479284649304096448e-04
1.266508076635874903e-03
1.154610988816964431e-03
6.033166423259336613e-04
6.231872275193195551e-04
4.487164663647287815e-04
5.599449973069100606e-04
4.840131209456498599e-04
8.777737293799349081e-04
3.954983963662016743e-04
3.018784955245799179e-03
1.261114774714012588e-03
1.128494432653551508e-03
7.166282144565454823e-04
4.309087556559258281e-04
1.435410324886182655e-03
5.456145171329866445e-04
1.023057544595889828e-03
5.377053755656468082e-04
1.251669897054681364e-03
6.575517586701750024e-04
4.856014020212406912e-03
9.047528732994145409e-04
1.590042518637777534e-03
1.015496356880648361e-03
1.656993288228922768e-03
4.038639502723496521e-04
4.910344608105455394e-04
7.422541437092352928e-04
4.820790166515218533e-04
7.713322531774755193e-04
1.987588710093683708e-03
9.399436152077520878e-04
5.044365330257103005e-04
1.423227757059877894e-03
6.949120579529153652e-04
8.643091692828295701e-04
6.663080902203642785e-04
3.079413187647206829e-03
1.221292060387550553e-03
5.582804313375958234e-04
4.831679838800275839e-04
7.090647977367061467e-04
8.236942710234235708e-04
8.438574513171602336e-04
1.026932339102991929e-03
7.200420184870139507e-04
5.394799904911680780e-04
1.331430858141576879e-03
9.776568520152883243e-04
8.695362579481302669e-04
1.261584073320239693e-03
8.133443608028489936e-04
8.815999647215765501e-04
9.644979104021482322e-04
6.971717707372781549e-04
1.271061429899038439e-03
5.671640255338203851e-04
4.762884744467326108e-04
9.710144489829291474e-04
5.152203557854463959e-04
6.857598161534368035e-04
4.051949337432021129e-04
7.622575961181749134e-04
6.196242035977708468e-04
7.568932932775494001e-04
8.951670351469920772e-04
2.164385332927511521e-03
7.130257691566759025e-04
1.284720635317400080e-03
4.917988483522701569e-04
1.599635201056198459e-03
1.685594132030292193e-03
6.172715807214880068e-04
9.106506073379715170e-04
1.195249292906459078e-03
2.611854631570413414e-03
1.006474277850125977e-03
9.268480523586467967e-04
9.453852182186736836e-04
9.500235125887708347e-04
5.324684492197781548e-04
7.033159676039386346e-04
6.240058110029196191e-04
5.196392228423861621e-04
1.407176701510077024e-03
4.416528558320967661e-04
3.446986013847679921e-04
3.658289708540100947e-04
3.720891208590391746e-04
4.405467285098324222e-04
9.351600651604128570e-04
6.486952309680617560e-04
4.524069945470907649e-04
1.324670473470391163e-03
4.937664618249623617e-04
1.052303160934220036e-03
1.531686157000635134e-03
1.225420909243971632e-03
9.665407411225741168e-04
2.084047623937924226e-03
3.183739365840630676e-04
1.457165668225865116e-03
2.148063540195401400e-03
2.380929795512231120e-03
1.128948312921568492e-03
5.372524546995047180e-04
1.368415404040459506e-03
1.211414212597143516e-03
1.044585340278318545e-03
5.273121966538207731e-04
1.886615448805426757e-03
7.821464346650445739e-04
5.917514496145047593e-04
2.498850440532624320e-04
2.048205750638382606e-03
1.708196208922336395e-03
4.549546907370650745e-04
4.689034177850308609e-04
8.974966105746266798e-04
1.399665973100934708e-03
1.052602826084844982e-03
3.178545581076507617e-04
1.427896243412374571e-03
1.817050985795004179e-03
9.479515773507856064e-04
4.809590706041808224e-03
9.885026943812942612e-04
9.895896439556944608e-04
1.269218582777869274e-03
2.837249270548289522e-03
1.165700103377136912e-03
4.531830814489678648e-04
1.043854955968923038e-03
3.475204493146112129e-04
1.393007977517758938e-03
1.056364517690441037e-03
8.765608774264098185e-04
1.159159878704031947e-03
6.511402676171642451e-04
6.762803984435041254e-04
7.019670261681796664e-04
4.618545388552777677e-04
1.470503620052935169e-03
6.575603103213907216e-04
4.166045922743462099e-04
4.412904393393455010e-04
5.250837826395262937e-04
9.740579978034099532e-04
1.184906967072144046e-03
5.655846322037114170e-04
6.876485272084530143e-04
1.262407339366188258e-03
6.550595366430670514e-04
4.721293146172359694e-04
9.565097224621971900e-04
6.423309759340243338e-04
1.283840632689380338e-03
1.582879835269790977e-03
4.680648637657285082e-04
2.688453854363955387e-03
1.022941970362088726e-03
1.252486661108188296e-03
8.474829141202300199e-04
9.977755806669795675e-04
6.225142700674449799e-04
2.133911281627623620e-03
6.027258669768071047e-04
4.231337472148284391e-04
6.199098399203541642e-04
7.209830193119090786e-04
1.184401090331388276e-03
4.235407238909330639e-04
1.058110091931932246e-03
6.636582752718887465e-04
4.032283553733529737e-04
6.932821296258829787e-04
1.042678978872191861e-03
7.788609521314081470e-04
8.070253648296321679e-04
1.695671822252935168e-03
9.143425181733002291e-04
1.125743308693628831e-03
1.035623550219030983e-03
4.763226855063963823e-03
7.410294346941297952e-04
4.793007323632205731e-04
1.306449153361339145e-03
8.524407619435812444e-04
4.716849521765687577e-04
1.345163710650563050e-03
1.102769908769250361e-03
9.332986306031084084e-04
6.961336591853243107e-04
9.029225415176847644e-04
8.726739036301243112e-04
7.385982530475017132e-04
5.714332158447309662e-04
1.393834707653926605e-03
2.739360476386300887e-04
2.922162929623451743e-04
3.731870414436308926e-04
7.310110953652901528e-04
8.438574513171602336e-04
3.553174409600069663e-04
4.490665991044312934e-04
7.455440004883486221e-04
8.456601272429029861e-04
2.080801660339846350e-03
1.184906967072144046e-03
9.024390914711248341e-04
7.758677033815537024e-04
6.767785147300762203e-04
5.043999676278681241e-04
7.766036104935107294e-04
5.182044699928926683e-04
9.487568222873284324e-04
5.719737041675817006e-04
5.736571584044404841e-04
1.717178383054776840e-04
1.062915885621078856e-03
1.709378953721415323e-03
6.200160680380474533e-04
1.188206375140723418e-03
8.456601272429029861e-04
9.020152607094308666e-04
1.051015989886809002e-03
7.475320699576099882e-04
5.964079456360915372e-04
5.667381280996552397e-04
1.357768642914037194e-03
6.043620142462500112e-04
7.046326999020350495e-04
1.136929435264608275e-03
7.718846212260791753e-04
2.826390240883267131e-03
6.690739034793761206e-04
9.459006125790690202e-04
1.163937348041076949e-03
4.406149823329234263e-04
8.225863295995684919e-04
5.339788656487467512e-04
1.398971788076361269e-03
4.796695155721793550e-04
2.697276590274474018e-04
7.442174741458261510e-04
3.098759202641257916e-04
6.558224722629179236e-04
2.501825882330356837e-03
6.844913970031593674e-04
8.039548362924946266e-04
4.223423979800130699e-04
3.557878410546345613e-04
7.090647977367061467e-04
7.887265397634156145e-04
1.991862645279882972e-03
2.493142544218216773e-03
6.831725844454286959e-04
8.122410892806071090e-04
7.258827860321508943e-04
5.821726785348420785e-04
1.013829843795217888e-03
1.174755885447048998e-03
7.462394661194549864e-04
1.050576082119513343e-03
1.191816042841906511e-03
5.586925848184221607e-04
1.498392589465320605e-03
8.767453046699381046e-04
1.011148993702508424e-03
4.276379388940918934e-04
1.820980471012019139e-03
3.015458384214198158e-03
4.832273197431234441e-04
8.289068379106218770e-04
5.955920077098697833e-04
1.455947579653247463e-03
1.506002728535377850e-03
7.738896248249123398e-04
9.489979331213002070e-04
1.216249646667366116e-03
4.564975201548367276e-04
6.595444768408169128e-04
6.407711209628421138e-04
1.279031177977447368e-03
1.034277270278679542e-03
2.517206352705813038e-03
7.568932932775494001e-04
1.123183935425998417e-03
2.553136407362877926e-03
3.469362794957756447e-04
3.409877669800601445e-04
8.046835084224836319e-04
3.053744927620457607e-03
1.493999739738511743e-03
1.007282670837971513e-03
7.104447192088041282e-04
1.631621957970548356e-03
3.185196930843354384e-04
8.448782825487416437e-04
1.666886041530579125e-03
7.801242766879296076e-04
1.112197628525516888e-03
4.729624490614023780e-04
1.104252101403516888e-03
5.547986593847680425e-04
6.363158848961661439e-04
7.059911643707188558e-04
1.010349167122570786e-03
8.519914564535303230e-04
1.037401300296623584e-03
9.027843782135559682e-04
8.679283334052751916e-04
6.112398020216993451e-04
5.822076865701935515e-04
7.266486214937515221e-04
5.154455047867469164e-04
1.393489318192491812e-03
5.187756347310880757e-04
7.095108680297508357e-04
3.351692617018885829e-04
5.004284907618952337e-04
6.225685520173792828e-04
5.288873001666621193e-03
1.264171257331993953e-03
6.628907947353812006e-04
6.605437285213913061e-04
9.052376687015533654e-04
1.764912731634471965e-03
6.558122564542656760e-04
2.355133366445015097e-03
5.518791673170299339e-04
3.666511994570180238e-04
8.048288841940913702e-04
7.054710929966195691e-04
8.149933418156724138e-04
4.506714330410525426e-04
3.496069966377292944e-04
9.762435129243880868e-04
6.273368676907447065e-04
8.857312569530680427e-04
4.727331407884397462e-04
2.166532865713007884e-03
1.248031011060169847e-03
8.024986061967140415e-04
7.430132765493608271e-04
5.928668115373029058e-04
8.612237486824056128e-04
5.185279724116176629e-04
6.434532939883521024e-04
6.992919890753538422e-04
3.277406610818887726e-03
7.080579982882349551e-04
7.112948049043666928e-04
1.377893457059770716e-03
5.694364667901988209e-04
6.789319400844330641e-04
5.205756931417232806e-04
1.318096397264900818e-03
1.514858977537845812e-03
1.110880451567077421e-03
8.943026566818227741e-04
8.243995622782192842e-04
5.538031297049716539e-04
1.084268832681777690e-03
5.854278655387495228e-04
1.776085010851061099e-03
7.928525250760667508e-04
4.279688605871462292e-04
5.920860901702865164e-04
5.964509172662596894e-04
6.776874911624925293e-03
5.880194134365955691e-04
1.239850065676492696e-03
5.843891879631041113e-04
1.412337776439983109e-03
7.842306013919284622e-04
1.103258927273558475e-03
7.568828474061817463e-04
6.470606053708929288e-04
6.486952309680617560e-04
2.968255549705761860e-04
4.347594795294716348e-04
1.159967753355803767e-03
2.826390240883267131e-03
4.951913221827689308e-04
5.879177624644927767e-04
1.122147087788623147e-03
1.902210309793336915e-03
1.027130410447347998e-03
7.568575718272294419e-04
3.838633782803605073e-04
6.662145317128329849e-04
3.681918999700181314e-04
3.345450194862651977e-04
1.052602826084844982e-03
9.240181824040193809e-04
4.318887605300145713e-04
9.052376687015533654e-04
1.219914322585689825e-03
8.030876367977963148e-04
8.604222407482518559e-04
4.564975201548367276e-04
3.183739365840630676e-04
7.375690172295039414e-04
3.006371029229221777e-03
6.065454540551172904e-04
7.855042861695515086e-04
4.304926384019872911e-03
5.313835409757271776e-04
3.046509351669333715e-04
4.804571498070354810e-04
6.168457129139957211e-04
4.913711541562107953e-04
4.032283553733529737e-04
1.086171310234638468e-03
5.652840001397294728e-04
4.271951027604880581e-04
6.675490438673804599e-04
2.102364770957882399e-03
8.863705597691685575e-04
3.181134511149540079e-04
8.942109703060629198e-04
5.557377107404774808e-04
1.232318239832609543e-03
1.466196377434097337e-03
1.085124376363647307e-03
2.189873108022657826e-03
1.107498602916616318e-03
1.312771838271371925e-03
6.199098399203541642e-04
9.364046065257113300e-04
3.834653777514620979e-04
3.468434681391096707e-04
5.812797552462586285e-04
1.027777317193748164e-03
5.655450589313389554e-04
1.061682909884268614e-03
2.581391656993622745e-04
1.115937875301919275e-03
1.883685593113570370e-03
1.183668104101694195e-03
9.293907740769451111e-04
1.058344674292325009e-03
7.066037033953737230e-04
1.261315635436003777e-03
6.719906220195776859e-04
5.213275191489816478e-04
1.993035399793778584e-03
7.318240752076382452e-04
1.144467103803311356e-03
5.784374742776048246e-04
7.899454558682330414e-04
7.801242766879296076e-04
5.117158043693060144e-04
6.465690921892726503e-04
6.450170046580283112e-04
6.334852813703248636e-04
8.218946652718455217e-04
1.068632818552862343e-03
7.432463056799645546e-04
5.136559599245743048e-04
7.423681131424144687e-04
8.256616918598747240e-04
9.579624912197726768e-04
1.157937319114367468e-03
6.231356325848318774e-04
6.518420497688611490e-04
1.205705486503612410e-03
4.471783003427972432e-04
7.416779962838419317e-04
9.865890741795405039e-04
4.192649825869009797e-04
8.559846441814257132e-04
7.984964610929732578e-04
5.816731864878734283e-04
8.715848407511545774e-04
2.097557750520804686e-03
8.282937101662103630e-04
1.303997486942173531e-03
1.174651012200075883e-03
3.887910634339880817e-04
9.914554310852625660e-04
1.283840632689380338e-03
7.801242766879296076e-04
1.354614543886253604e-03
6.967220549425548340e-04
1.219861535188560388e-03
4.729700997800964776e-04
3.775367261994712017e-04
2.937975346818862913e-03
1.075779860327146127e-03
5.867566484433321423e-04
4.745173118488780302e-04
6.893619979057196345e-04
2.388135193231099088e-03
1.582879835269790977e-03
1.053232188380590724e-03
1.681687299674599657e-03
8.042109674994464162e-04
5.554022323130322885e-04
4.883435944117394713e-04
4.890651986008175481e-04
6.671034462614492885e-04
1.609445956951105526e-03
7.826839079704727342e-04
3.180769373344306491e-04
1.145921830291228615e-03
1.336591068995034116e-03
7.642694143946802835e-04
6.914568446358185499e-04
1.990274994609160866e-03
4.859778714831635218e-03
6.855268409653672177e-04
9.840977909109300311e-04
1.197679558566861488e-03
9.936598783636119148e-04
7.175700158361272797e-04
3.837536478169005158e-04
1.138845334123429320e-03
1.267393559744829819e-03
1.964563110143762933e-03
2.677605574676125699e-04
4.412904393393455010e-04
1.463528354211296760e-03
6.319184780082311723e-04
1.062959419970623638e-03
1.095450771727529519e-03
6.719683554998137241e-04
9.144657148513999105e-04
1.401680540190676028e-03
9.610046016077864860e-04
1.486208410080670089e-03
4.205467015094070367e-04
5.329940256818942873e-04
2.487556416415116940e-03
6.921915825981154622e-04
1.271725889033856974e-03
1.356187044849274919e-03
3.645756384604369833e-04
1.725200722038352586e-03
5.534248731664109799e-04
1.361319927573448546e-03
1.477271731212552366e-03
1.629362891198043398e-03
9.145580708193826874e-04
1.572582394246166198e-03
1.893552716108374591e-03
4.868338282879753633e-04
1.105703181358077408e-03
9.780125055106141628e-04
1.685211884353248878e-03
5.833772299686535443e-04
2.432909346532225305e-04
7.354745170391403016e-04
8.229082099867129300e-04
6.378099533871003099e-04
5.588749097368756781e-04
9.320381255353257831e-04
2.473942304887251755e-04
1.669542232937254976e-03
9.027538303180743413e-04
3.032009421567480149e-04
2.090394092364772274e-03
7.396967664430156896e-04
6.971717707372781549e-04
6.322506423218549922e-04
1.470503620052935169e-03
1.046934061658393901e-03
1.436444045443926662e-03
7.659626691253351325e-04
3.968699076679253561e-04
1.194987509986106082e-03
1.277365617796407489e-03
1.836205831005783759e-03
7.953130533674339191e-04
1.495909383156891759e-03
1.682760535473498817e-03
1.066508472326515872e-03
2.266213173162027247e-03
5.479284649304096448e-04
7.360893018145655197e-04
1.153971570141349443e-03
4.507687370618278493e-04
1.999166663037574634e-03
2.590761670244496641e-03
7.616255724195792253e-04
2.398815316617324694e-03
8.724613513593327358e-04
5.654194468477796460e-04
3.570074621569857012e-04
4.262340221629150024e-04
1.415134534931143401e-03
1.354944624752067858e-03
1.426722529139965844e-03
1.211426928096128851e-03
4.234646978588562510e-03
1.296434360082691700e-03
4.165120751936741625e-03
5.160463297342151234e-04
1.841472471407003524e-03
5.035858498537238229e-04
2.502643435662695514e-04
5.865046806465584912e-04
8.063835732222466137e-04
7.077526205342575191e-04
1.267935443866896779e-03
3.468434681391096707e-04
1.670220153873626552e-03
2.335427998910440204e-03
1.066966317076762987e-03
3.330728998381086059e-04
5.228964464422140510e-04
6.017906068156804369e-04
9.348831773127919045e-04
6.825396903066084436e-04
1.121311469068944112e-03
5.435345483357820846e-04
6.513356265897031483e-04
1.852016268381694855e-03
1.295747914739189864e-03
1.056610961256143188e-03
1.377041138958181622e-03
1.039646295993541933e-03
7.906773311517684881e-04
1.417330182361278487e-03
4.106116196092543286e-04
1.234829740609733701e-03
5.685943164235163607e-04
4.361753278780042243e-04
1.150493203710113927e-03
7.352063502875142396e-04
8.717707067990685017e-04
8.583098325744850741e-04
4.364253082476284820e-04
1.044169832447501296e-03
6.237204477033398125e-04
8.263078283120724437e-04
5.207137284614425481e-04
1.976643939922095167e-03
7.512411479591381454e-04
1.102769908769250361e-03
9.919433359649441374e-04
6.107388526396444282e-04
1.028062864092763864e-03
5.882380983294391427e-04
3.779043824472103270e-04
7.897661457394052585e-04
9.748692665452687737e-04
9.008671376260808531e-04
1.075779860327146127e-03
1.784135003570798449e-03
2.837249270548289522e-03
4.635812046869860212e-04
9.620919293170199183e-04
9.151675821862170291e-04
2.548713507420192971e-04
2.573164739012107766e-03
5.185213881273748352e-04
1.263323721894873963e-03
8.498808963399941043e-04
7.468618513350710466e-04
2.434905791678884136e-03
5.339788656487467512e-04
1.001192953336858165e-03
6.455066284516231077e-04
6.849956645079418194e-04
1.489605949123856514e-03
1.037633512004660285e-03
3.237533020724512288e-04
9.793433215219806212e-04
5.957647324011525669e-04
6.368180584413219185e-04
1.484310754559807618e-03
7.517907973617976927e-04
4.289091746709152602e-04
2.887925954822440360e-04
2.600216141561458982e-03
9.267581765743495084e-04
1.099814804566019016e-03
4.016756240154138779e-04
4.586847578285305075e-04
4.438273337139438395e-04
1.037087598698653926e-03
5.409699688432235065e-04
8.656033802971705446e-04
6.384210666089288949e-04
4.893155967934199532e-04
9.907637985823499610e-04
5.585879428681428654e-04
2.502010114756307146e-03
7.011334972833099593e-04
8.458907238606023929e-04
6.831805130322683890e-04
1.195133977573513374e-03
5.224601557002328533e-04
8.555232028388573247e-04
6.083715366766480207e-04
5.608737773065138954e-04
7.143387202995294576e-04
1.093574413766422318e-03
2.250089335102023371e-04
1.352325797350510629e-03
1.261118764562022074e-03
7.934566629541023146e-04
6.269961929016662104e-04
1.016072733618634833e-03
8.222570867441561949e-04
7.481943857880725890e-04
1.010085574812404031e-03
1.067455954212468512e-03
3.833229835631856092e-04
1.829340797228766989e-03
3.684183389074215283e-03
9.926336789872973031e-04
8.063835732222466137e-04
8.963658173023246554e-04
5.964261017431314420e-04
7.632981502124137245e-04
1.006032706563413483e-03
1.622494491155422039e-03
7.713322531774755193e-04
6.824138253091423028e-04
1.003814192088255683e-03
5.677632294560374954e-04
1.153671966895720817e-03
1.226167388033521559e-03
2.108054443191511966e-03
1.817050985795004179e-03
1.151695248981708620e-03
1.067901883387758783e-03
5.430915891715993281e-03
4.618554563065807388e-04
3.501055482204066920e-03
3.505926908696227885e-04
4.103890235793294515e-04
4.373194323940671441e-04
1.175569616878318398e-03
9.890044218449204651e-04
3.869405936804399377e-04
4.559068868649121379e-04
1.273705248058885258e-03
4.577537412990504437e-04
7.333817767362598014e-04
4.576721817587725560e-03
3.496909880883619930e-04
3.836433162576961646e-04
2.835604457651910650e-04
6.494998190612140312e-04
2.478833054364780204e-03
6.603005358460803473e-04
6.524933588554637657e-04
3.599921147497977766e-04
1.551184370174564769e-03
7.347050694428906674e-04
4.885589453143960367e-04
8.583098325744850741e-04
1.051073048389474527e-03
2.710447246090437468e-03
2.855981604856571788e-04
3.755997739437155454e-04
7.088404377204680223e-04
1.057750198775521963e-03
7.087212138211529963e-04
1.543841683875503759e-03
1.539949485302311016e-03
6.407700806173443221e-04
3.116196431565047918e-04
2.171689899937549913e-03
