8.134701190549480316e-04
2.722527987506342733e-04
7.176806391131126386e-04
5.608648980134744565e-04
8.106201458182723477e-04
1.404115353325950796e-03
1.029350155380858844e-03
1.008551971586243209e-03
1.329065102141693691e-03
5.343736668618120694e-04
3.047977838597047272e-04
3.379457524235919639e-03
2.043315067396314199e-03
8.965079666925612322e-04
5.093942995290472175e-04
9.682634425505988376e-04
2.022659023463601290e-03
1.666884776057323209e-03
5.431857994923486917e-04
4.735352629803580562e-04
1.569319050508878556e-03
2.593958623485906941e-04
2.388395786690799931e-03
3.494788080551983461e-04
4.739999343475666152e-04
1.519768554995985267e-03
1.318346112446091472e-03
8.322475328143049810e-04
2.691952233424473387e-03
2.278744662261016508e-03
2.593958623485906941e-04
3.342345422734135495e-04
3.157738305639461651e-04
4.208812722721695567e-04
1.557893858923235569e-03
6.443670949113545652e-04
6.767236478142128146e-04
1.675833414151630795e-03
3.845120590754840277e-04
7.942469757594329679e-04
6.552331652283751098e-04
9.912002295043628036e-04
3.496378906727911576e-03
6.794726639575130768e-04
7.550123078258625655e-04
2.523371385008650125e-04
7.424726532972695690e-04
5.410162608907361642e-04
9.400118698866511378e-04
7.236868205451922002e-04
1.172291660826860465e-03
3.702076197823512020e-04
5.490633252934702451e-04
7.657571206433309852e-04
9.268024273143439648e-04
3.459468159049210699e-04
1.773601209145490073e-03
3.251148695244534073e-04
1.265174669859443291e-03
4.393223862487220452e-03
7.557572487381140035e-04
5.543365152854041892e-04
4.021351050698503604e-04
1.185789760819004612e-03
3.845314882409453083e-04
9.982274901242050788e-04
5.557090526527909153e-04
2.827907471888379230e-04
1.160974531892018657e-03
8.319921396452600220e-04
7.593308849397290353e-04
5.326157529254952347e-04
6.528020062601093626e-04
4.768537989244970438e-04
6.210065490792176504e-04
5.942421221013561867e-04
2.005391731409804606e-04
1.020045448648627603e-03
5.744254602323738482e-04
3.767450017690858531e-04
2.393580016503713893e-04
5.744781684467593734e-04
5.868833836076822524e-04
4.740986965639546282e-04
2.416396728707791500e-03
4.358709939672307737e-04
8.765619934460849296e-04
7.446736151317109257e-04
5.093942995290472175e-04
4.996606729497375709e-04
9.581547607794169098e-04
2.793931807157422429e-04
1.530498925071001066e-03
1.325619291272895663e-03
7.641357141625598065e-04
4.618949237771874145e-04
3.646904989547084214e-04
3.264817646504970480e-04
2.994158105892975939e-04
8.132056308340969864e-04
5.212075280179840307e-04
8.067351135081389166e-04
1.436857461706239798e-03
3.615410097108558932e-03
2.539172205811018098e-03
1.565489244997255109e-03
9.335567533791376028e-04
7.238337095789457382e-04
1.115764284476459959e-03
7.662908308291345319e-04
4.702134581882202536e-04
1.058780784880763515e-03
3.741298919684810185e-03
8.780716192223723959e-04
6.964902510002129316e-04
1.010770974871828690e-03
9.526429375727277519e-04
6.760914094522826011e-04
1.444437450707032698e-03
3.279310536753850475e-04
5.797706100723647648e-04
6.209944100969166415e-04
7.076394583485626959e-04
7.273320928620067346e-04
6.417881168628888477e-04
4.457395299314399393e-04
7.914064680659729486e-04
6.204102603271546400e-04
6.742218581397280272e-04
6.522247086429438807e-04
1.187594298701029772e-03
4.149995134999044243e-04
3.778523040469449834e-04
6.038184981283048784e-04
2.075406036310214076e-03
4.043216737244026762e-04
2.745037342810513568e-03
5.092200564280782542e-04
3.228959002496200941e-04
3.563237957246800187e-04
4.376821094652988604e-04
9.936735708567551346e-04
1.349956397680298010e-03
2.025832812627792294e-03
1.427719725240486409e-03
6.687883125639464263e-04
6.767236478142128146e-04
7.914064680659729486e-04
2.005858867811064015e-03
1.553840797377092865e-03
4.966412052101213878e-04
1.357497004270644212e-03
1.176643854883158407e-03
5.553052151755761114e-04
7.499068247156258143e-04
4.797665295646623179e-04
4.859293546271684127e-04
5.812909291718332651e-04
2.203694602064978133e-03
4.770333687866932658e-04
7.482912843194696557e-04
4.146548440258745593e-04
7.561860543244088495e-04
6.761350043558828592e-04
3.976789799729789007e-04
6.308178404624881132e-04
3.889961339107624299e-04
5.250081868970422070e-04
9.188512397087776097e-04
1.186993238642848223e-03
3.443164089662617902e-04
3.988377550546079518e-04
1.290918935421447606e-03
1.498138729133043209e-03
9.382937605721518998e-04
5.501159870871974618e-04
2.048914360396177840e-04
1.141827397230981821e-03
2.907432717196046200e-03
9.289895570929961564e-04
8.663698828410694268e-04
3.972495799563713565e-04
1.873436500720574186e-03
1.021888292874623084e-03
1.353644178666678225e-03
2.134629713436866742e-04
3.805036061681026636e-04
3.553131824760543452e-04
1.630051182163720722e-03
5.322557220889947505e-04
7.176247933465483260e-04
4.405230513749230437e-04
1.190096393445167801e-03
2.404651488068731101e-03
1.192743305580002940e-03
6.336077015192984963e-04
8.678828153813652330e-04
1.543439923647000863e-03
7.506054328897334999e-04
3.070595570762583645e-03
4.139010997246383820e-03
2.005529268636733770e-03
8.496967375245363880e-04
2.364281863224411851e-03
5.201766157299529333e-04
2.557123242423808580e-03
3.784190832883695382e-04
1.402245020034258421e-03
5.151589593468261985e-04
6.704692027042257266e-04
4.164313563711400474e-04
7.451798466786192527e-04
6.800176972107815042e-04
8.451067774818972044e-04
1.047562396333343460e-03
2.095413442722398201e-03
1.475716607865965426e-03
3.841217200256905637e-04
5.716633189955886568e-04
7.009172432961050620e-04
4.094925574310036612e-04
6.140029997763197774e-04
1.179432776884829911e-03
1.041704026681561975e-03
1.036700500062265459e-03
1.135972911525104162e-03
1.028880215558700476e-03
2.874205327254494022e-04
6.133340463454928660e-04
4.500316763260785711e-04
1.210957798044023578e-03
4.334301677144424339e-04
4.037578685156077707e-04
2.262259237398939454e-03
5.557818979790504765e-04
5.874787747339520151e-04
8.346722349658010007e-04
5.704459469702061799e-04
1.482334604473237172e-03
1.467170442729941095e-03
3.693380525307786975e-04
9.907785650463589791e-04
3.543909687068306797e-04
5.907390117762059429e-04
4.261205650725871305e-04
7.657571206433309852e-04
1.165611130044629786e-03
4.829571183284737056e-04
3.148616260995040599e-03
1.564980522213906336e-03
3.978205004008799218e-04
1.363751632772354765e-03
6.485912702431057908e-04
4.650432687665757262e-04
4.812543636442986709e-04
5.310782291168149706e-04
5.198742625669664635e-04
7.112034445335838669e-04
1.334037709257869823e-03
1.817324655047834704e-03
3.397858713537004567e-04
1.566320276088907113e-03
5.373253561839174937e-04
1.059076153197315668e-03
3.265893136965324680e-03
3.975131010727534116e-04
4.994749100162043957e-04
1.498099220342198612e-03
6.032495744923093393e-04
4.411541289743821977e-04
5.790519133746713839e-04
2.702264759416188366e-04
3.176693102394386012e-04
2.528636354605601731e-03
6.134745271493828762e-04
3.251267226309892985e-04
3.756680147734720054e-04
1.001890137278404862e-03
8.433618700920202885e-04
7.153342190561780148e-04
8.276179710155166921e-04
1.290807242424679441e-03
3.864189845859107120e-04
7.549480837941994127e-04
9.017540156014041200e-04
1.008595398820551388e-03
2.978969250259221047e-03
4.711339563175038006e-04
7.497350908877581117e-04
5.470927887926087035e-04
1.007011797161095528e-03
2.243865993908653132e-03
7.210665346690255497e-04
1.140153942017598995e-03
5.871054242489961604e-04
6.136366325524847615e-04
1.287088940528667135e-03
1.365900581042455006e-03
6.977448987171907613e-04
9.255729981686520568e-04
3.875568170073300737e-03
6.115281220856294379e-04
1.944503297437078426e-03
4.050077750875181277e-04
4.566481495385324180e-04
4.334497223939776209e-04
5.106801189927563048e-04
1.484303629180743715e-03
7.916570353491751656e-04
4.901640520400378249e-04
1.625226287567373791e-03
3.849863500708269035e-04
2.751579847307265890e-04
4.550763195820380839e-04
3.741298919684810185e-03
1.651920211774252729e-03
7.620788498486481778e-04
5.093631090168369889e-04
4.844157545072779207e-04
1.046476444197954637e-03
7.991059743805905766e-04
6.498877226882789375e-04
1.168404937205618508e-03
2.333737771350163654e-03
1.358559970468658628e-03
5.678215884883714608e-04
7.750574935426077184e-04
3.880849682919475653e-04
4.713219106591111200e-03
3.660003641560055404e-04
4.117043164354968789e-04
7.637216875793457560e-04
9.231571893680712163e-04
1.441395786386073276e-03
9.072097624983400423e-04
9.624406828492034589e-04
2.655095634543524607e-03
6.777422655655581003e-04
5.677712799919786132e-04
6.084810773278648320e-04
7.818900207302659569e-04
3.719051979442896598e-04
4.293115482003635047e-04
7.582482783930654313e-04
9.820533674574118133e-04
6.060386814463149989e-04
1.110764043199610968e-03
7.597669945789626341e-04
9.196210100904764380e-04
2.696119581405798473e-04
4.094964394927498889e-04
7.821684397142916398e-04
1.028588139780760519e-03
5.407808537679069947e-04
1.151440097746557045e-03
7.828867569291437113e-04
7.493258328468033625e-04
5.315571346122703253e-04
6.020974586409067256e-04
6.108939545536911297e-04
4.052195108315992541e-04
1.461245262514777182e-03
4.788049232572663661e-04
2.075094972914820631e-04
3.094855994669181310e-03
3.606500428363001109e-04
5.840802354975291972e-04
2.811915349946403028e-04
1.371813647028311727e-03
5.509007517010706392e-04
1.367081448878462854e-03
6.508279307988912863e-04
5.901451588788342783e-04
1.174990230223748374e-03
5.634546277597842759e-04
7.515947833710268609e-04
9.947687104350502393e-04
9.860602447571355407e-04
2.616308695858428519e-03
7.930634356479340612e-04
6.693508275658184787e-04
3.027087369000538921e-04
6.308140954249199682e-04
4.750712310540580264e-04
4.300069129309095554e-04
7.684276970913898408e-04
3.459820474635304970e-04
2.452927069502694110e-03
3.941909195926119572e-04
3.032113034178006579e-04
4.112382606593231954e-04
5.960238213192234564e-04
6.136137773413413016e-04
5.730717125247701722e-04
5.670954365826270287e-04
4.035290872286880501e-04
3.689877859738035473e-04
5.159028911325709956e-04
6.667129219073428606e-04
1.273667221420998101e-03
9.510056881409915562e-04
6.825049712871264756e-04
4.998964030498447356e-03
1.373619134109826728e-03
5.196552790370685682e-04
7.356215799847468572e-04
5.517235551103414314e-04
1.300080454190932809e-03
2.464687710409027305e-03
9.379260812322699932e-04
7.111687519886980688e-04
4.819738272400747418e-04
2.981108510900719300e-04
4.509813937565533884e-04
2.199554088481178813e-04
1.145966927937109095e-03
1.684069597716803196e-03
5.646012559650872035e-04
7.178690017277251619e-04
4.218718442340047394e-04
2.845734850433625585e-04
9.414966011342019861e-04
4.488621897409603156e-04
5.664124968430734892e-04
7.810269508333318690e-04
4.395041585487716716e-04
4.340846683120021471e-04
4.368154466645176670e-04
1.049523310785919041e-03
7.637760098619476032e-04
3.597891699598029119e-04
1.739568583596931561e-03
8.951067790096267759e-04
1.870281988255901272e-03
7.670580953058805246e-04
1.411999202535561175e-03
1.327200519600042847e-03
1.073014664146692458e-03
4.012709364801445825e-04
1.999633197554102210e-03
7.366567769603295452e-04
8.671026730861449566e-03
5.455851116483213543e-04
1.611942956480534421e-03
8.998119793128106763e-04
3.434571408797296231e-04
2.732985390342172489e-03
1.054331864203495372e-03
8.854458702716743899e-04
1.384655603723010430e-03
5.827664872932441370e-04
7.651032260942059078e-04
3.577440126059097604e-04
1.487445763400366576e-03
6.266305178902980113e-04
6.092794674689947475e-03
1.064462531619731487e-03
8.215770592447788805e-04
3.487806861706486961e-03
3.116358312665724103e-03
9.510056881409915562e-04
3.662120801156448953e-04
6.306981228372217970e-04
8.321372426286773949e-04
7.189856376246462266e-04
5.999451781102522986e-04
4.981083844981124215e-04
7.036285479602213391e-04
9.469260993974281749e-04
1.256053250880501517e-03
7.491756834086646562e-04
4.884771590752224691e-04
3.137783525441957847e-04
4.827169850887510810e-04
4.835954309472955022e-04
5.557332349467586493e-04
6.576070818560426088e-04
1.345149494161683706e-03
6.462118289070621809e-04
7.848509688423598767e-04
1.321826431825562408e-03
1.966381275144571741e-03
5.092200564280782542e-04
1.493532924108519847e-03
4.343955335767931726e-04
3.244561285818586870e-04
8.751081630712899623e-04
5.195967582221139910e-04
1.249309390796764620e-03
6.597144738127864701e-04
5.331748237529461464e-04
1.056329950994351792e-03
4.414407476016212091e-04
5.093631090168369889e-04
1.040054523971980062e-03
1.446672135223187440e-03
7.764151968219753022e-04
7.952061085256133168e-04
9.273880049156063522e-04
1.863167211909552614e-03
2.744338630207071236e-04
4.427104461215528725e-03
1.517085118671460293e-03
3.091388536720432890e-03
1.666159495993516614e-03
5.679678196318906297e-04
2.085791385267475075e-03
5.924014303425103201e-04
1.436052895252818004e-03
3.703153806404556997e-04
6.031383334856057999e-04
8.364913701832458982e-04
6.384065659030593301e-04
1.215795988353771204e-03
4.318868587164870557e-04
2.204109277795703861e-04
2.012521855482564642e-04
5.144555885722921747e-04
9.438234159244928648e-04
3.860234291001690124e-04
3.750353641721974060e-04
2.437986834482944610e-03
7.346941732879124854e-04
9.638994095003342987e-04
3.297215119650016390e-04
8.462126680600114397e-04
1.017522203699507870e-03
1.014205272949177594e-03
1.602540649342776118e-03
2.369101392298688790e-04
1.008104454142386575e-03
4.808687654775170572e-04
1.111819948371758947e-03
6.990444751580235068e-04
6.875458837780373160e-04
1.415076595756585695e-03
2.515607835949300558e-04
6.251949669272454432e-04
2.991265652080889723e-04
5.638371193072846217e-04
1.472573185313573755e-03
4.611310475627457750e-04
6.239901250918397126e-04
5.639552286846267809e-04
5.657345948175732629e-04
1.293897833065836816e-03
8.465399121883827654e-04
3.452002546309536259e-04
9.508979148750812101e-04
2.847689457576000238e-04
8.849246444770273411e-04
5.212075280179840307e-04
9.359932569809845419e-04
5.799812384432176740e-04
1.021438025060068550e-03
1.663548042748455320e-03
7.295871964527739359e-04
8.707681916600188646e-04
6.982316893098484620e-04
3.788957847987548693e-04
6.650012347584046898e-04
3.691636974528631930e-04
2.095413442722398201e-03
2.575176859019775977e-04
8.118758268536965025e-04
6.008111139253520397e-04
8.745447731304420392e-04
7.638568260103647482e-04
6.493565600433640278e-04
1.077445611520381433e-03
5.893236716385500014e-04
2.147731184649080260e-03
7.202647307591097730e-04
9.294505870265476651e-04
6.179457572287481906e-04
7.870262964611936165e-04
5.641792689220297662e-04
4.526210568178899133e-04
9.839056151629682872e-04
3.141765935458578035e-04
6.542047539919824831e-04
4.599565046382778056e-04
3.955837228063879005e-04
4.415256069942171627e-04
4.714192787501797792e-04
3.276178959842431697e-04
4.191061187206358970e-04
5.350966002784126848e-04
4.604044245906792712e-04
3.265893136965324680e-03
1.332449464773907601e-03
5.276073899399229402e-04
4.155104092979012469e-04
1.200578995171567871e-03
7.000024137516883170e-04
5.057109061589424052e-04
2.780869467903953045e-03
3.991000696814856765e-04
1.198024755097317146e-03
1.193705951136649459e-03
4.429698410211018074e-04
5.273396094440100561e-04
8.784987773688828242e-04
1.777052066230643251e-03
1.565265106774225892e-04
6.371863181813135256e-04
2.453676719852878382e-03
6.732454964460294093e-04
1.765818261922578189e-03
1.496038462374933578e-03
6.347352418299043956e-04
1.040061689123054521e-03
5.733956114296153610e-04
8.872367689785900201e-04
6.274932050840625972e-04
9.334705435842150130e-04
2.492021795471941002e-03
2.977119899499422071e-04
2.901070335893946722e-04
2.834307476968341228e-04
5.536937727293084503e-04
1.312822229347624606e-03
1.518825729055525275e-03
8.273920109352507881e-04
1.978907032835121142e-03
9.547084689851928789e-04
2.485319277448401216e-04
1.035718737522972523e-03
3.939102095744975414e-04
4.464234046626962466e-04
6.100048711495207211e-04
3.843500458064219604e-04
3.302451520805144321e-03
3.241769129105923574e-04
8.941833595014969313e-04
1.258990221617512515e-03
1.498138729133043209e-03
8.491450444101578858e-04
4.513866562269688875e-04
7.280931940420423860e-04
6.951325516831891472e-04
1.336973862441138451e-03
3.594187355895066987e-04
4.770333687866932658e-04
1.362292783108099174e-03
5.873581877669545011e-04
1.379872149927742833e-03
5.160760516228613372e-04
9.431967232935015762e-04
2.472105265046625321e-03
1.870281988255901272e-03
1.243040298348643477e-03
3.755328649499264969e-04
5.727661065341408276e-04
1.868653787756080270e-03
4.451036873805370086e-04
1.045465967891745030e-03
1.609569178480857628e-03
1.384646668291110612e-03
2.547844950566566496e-03
5.743148229745115947e-04
4.960718057244993279e-04
4.358872236236777174e-04
4.493998189174356109e-04
5.172030705509227848e-04
6.998565176955043061e-04
3.590237970582947267e-04
3.308699772796583685e-04
8.340470047264070697e-04
1.374974245055590131e-03
1.052734333551007609e-03
2.954866783241572297e-04
4.474997139426979491e-04
7.109155173534215024e-04
1.956174387012319087e-03
8.024697672379772426e-04
6.601302175867695488e-04
6.956616361801453265e-04
7.393478773823356290e-04
3.333819405586317371e-04
3.574674908442411047e-04
5.878269670133402314e-04
1.028840749321304274e-03
3.625524456387121106e-04
2.156793935750892465e-04
6.394044655019798370e-04
6.258836071613958513e-04
1.581475983109236969e-03
2.365558631485574579e-03
3.261591331039274434e-03
8.213120311597991736e-04
1.802746564170426558e-03
4.786788121033938776e-04
2.542365733601637326e-03
5.546999935845545529e-04
8.490251552106588837e-04
8.817621581001494190e-04
1.503735087238195585e-03
6.953606903388946745e-04
4.202935715261924975e-04
5.897115662373207364e-04
2.515607835949300558e-04
1.319117624741059308e-03
6.514242543414332795e-04
3.265893136965324680e-03
3.566927896782538646e-04
3.970472137429784847e-04
5.788149124367016930e-04
3.643793395566546738e-03
4.595033420708152989e-04
1.937416786696841316e-04
1.151321441092289935e-03
1.736763180478603688e-04
7.275848921851521241e-04
2.580495395354204160e-03
2.831051288214355820e-03
5.419382812105994580e-04
3.961377941998827984e-04
7.930634356479340612e-04
1.713527969441366655e-03
5.758191623963591476e-04
7.176247933465483260e-04
1.454172067146203414e-03
5.808910793027652472e-04
1.244732546054622656e-03
2.859597499073588301e-04
8.500034508393853119e-03
4.786432749332325434e-04
5.639552286846267809e-04
7.624082270321722596e-04
1.438055100649520334e-03
6.156128457734610059e-04
4.988894478069315916e-04
5.983406011014425407e-04
7.345041686752520156e-04
4.650751493446280966e-04
2.414233864444876362e-03
4.137966360179350621e-03
1.421076493598447989e-03
6.075150254725219731e-04
7.565923031491800710e-04
5.907390117762059429e-04
8.977844104394721182e-04
5.813898005180522096e-04
4.513866562269688875e-04
1.297990018990259620e-03
2.694420747763645162e-04
4.920243939902573882e-04
4.913910690659798082e-04
4.247359143533355370e-04
5.035720949018502495e-04
6.200021162074608946e-04
9.747647882868639866e-04
8.605779114185827059e-04
2.522784276660971288e-04
5.797396988197158667e-04
2.124968583021956316e-03
1.160287703689643094e-03
1.727773341946571258e-03
9.176935122236140260e-04
3.812528710116390635e-04
2.023706631188983357e-04
2.324162658519613248e-03
1.458775659247110289e-03
3.619429980908634228e-03
1.024050255278151139e-03
7.053211523936351104e-04
8.906687474295658892e-04
7.036068806033991862e-04
2.515431631351503026e-03
8.264827151029968027e-04
3.516570904726484272e-04
3.025940110670246263e-04
3.330199925027841051e-04
5.976286912493947515e-04
8.699219008066430992e-04
5.002986055005397220e-04
2.569415598270995051e-03
6.717956483914334139e-04
8.405107479178441270e-04
8.671026730861449566e-03
6.990444751580235068e-04
6.998194019297588600e-04
8.165987772680368025e-04
1.579671285559371662e-03
6.935712706037547130e-04
1.252756668452610156e-03
1.424938873485401356e-03
9.335567533791376028e-04
3.908135686283130015e-04
5.715152160399174881e-04
1.630828351365227894e-03
8.780716192223723959e-04
4.872397519055110407e-04
5.648294676611334336e-04
3.878179582457363418e-03
9.891296603859421610e-04
6.282193181718612098e-04
3.589956365408909344e-04
5.406198877477988787e-04
1.858742081787646567e-03
3.027412449216517875e-04
6.508365737615246340e-04
1.128039834135183836e-03
3.684305623571827878e-04
9.142557876184568850e-04
1.631909788621490991e-03
8.099620464936723102e-04
5.224729685461704113e-04
2.027484131552897018e-03
9.679745703177472646e-04
3.115079821338572873e-03
3.724579253306301821e-04
4.395650134349363743e-04
3.913935696158450227e-04
5.310641401138184794e-04
9.591769701589831576e-04
5.328531299552498107e-04
1.447707988425852134e-03
8.111025986832477936e-04
1.040061689123054521e-03
5.754597345585351536e-04
6.474628889914102329e-04
7.063324982418018195e-04
8.070593057107092964e-04
1.152044109566335676e-03
3.122802939061080133e-04
3.909576418265630791e-04
4.171952178302142404e-04
8.971314083844017864e-03
2.104406177293024138e-04
8.223634302445227348e-04
7.177722625601124168e-04
3.845165157147838143e-04
1.189940442048712096e-03
4.422001805927475854e-04
3.486369869037972782e-04
1.026317830950171416e-03
9.323386380590171921e-04
1.510810802591847166e-03
2.809378247902782032e-03
8.033608074198654841e-04
6.475605320306302912e-03
7.718396040296214263e-04
5.111187039137561356e-04
8.765619934460849296e-04
7.353320259268836864e-04
3.500977052875622452e-04
6.610709661450718620e-04
7.299838129316316452e-04
4.589142122877829378e-04
7.162575689287399312e-04
1.547145799711670570e-03
2.871124348731714476e-04
6.088066832240829254e-04
8.979159734060811063e-04
3.780754400970881817e-04
6.054801870390437955e-04
1.193705951136649459e-03
6.941398755758180963e-04
3.389017481017703778e-03
5.609507608442288211e-04
8.118758268536965025e-04
4.588464069335100592e-04
7.085067737936432243e-04
3.300610938982838794e-03
5.074363249376233559e-04
3.603883018174489691e-04
7.859889399452327013e-04
1.482334604473237172e-03
5.006643084924503918e-04
5.934364156783010534e-04
5.496578948347676441e-04
1.276118200679806887e-03
4.129754954457475207e-04
7.435318257644410586e-04
1.056856287771680515e-03
5.483849517606299026e-04
6.884362439582548086e-04
2.293999921929768329e-03
8.700034462528866922e-04
1.762499942383235737e-03
2.760783682629624645e-04
5.407054161123099134e-04
8.699884946997276129e-04
2.732590205131333813e-03
9.994468282134788897e-04
1.785034497463303690e-04
4.385567633939510741e-04
1.740821647596908642e-03
3.754663369390719933e-04
6.419411876581566315e-04
4.437692969086635074e-04
7.201980505357099670e-04
2.003183823363588641e-03
8.739442865579286242e-04
2.203694602064978133e-03
2.443249723082666861e-03
1.262008398447689783e-03
1.034945568457176302e-03
4.879050250978984350e-04
1.600658217786639446e-03
5.455851116483213543e-04
6.323080136763613041e-04
9.330856529509090006e-04
6.935712706037547130e-04
7.063324982418018195e-04
4.887495860927209244e-04
7.059702977339250710e-04
1.927178984016103287e-03
2.139584613016274391e-03
8.264827151029968027e-04
6.552331652283751098e-04
7.481025592203548657e-04
7.508961396143458292e-04
9.150763337451923085e-04
3.808086738255414831e-04
8.058341901352881120e-04
7.180409302539681252e-04
3.511859730976527559e-04
4.810209057264080708e-04
8.676983951130128091e-04
3.122779430761085662e-03
3.386694640866599361e-04
7.290450408497826463e-04
3.909695365976060578e-03
1.297990018990259620e-03
5.258929508109597226e-04
8.416912887678531510e-04
5.061255084397161749e-03
5.831630959492372030e-04
2.044853086769317439e-04
5.448911589789414865e-04
4.968753022891317980e-04
5.275691763413555566e-04
1.060263973782517169e-03
7.477707624710043348e-04
5.003584209109481406e-04
3.517459512255652083e-04
8.243513168823235178e-04
8.856130553938678165e-04
4.376821094652988604e-04
1.215785643239551293e-03
5.121529596975487372e-04
4.318202916358320972e-04
8.022432281743126789e-04
1.002520763242470327e-03
7.973756635546397440e-04
9.332742171114932761e-04
5.213234308122558468e-04
7.145678268744854855e-04
5.177443503121626281e-04
6.456317835050932961e-04
2.318892508977338923e-04
1.172099749979705740e-03
7.458486545620058531e-04
1.484176976724945743e-03
3.519586012087050331e-04
7.356215799847468572e-04
4.895149277767879559e-03
9.663762841851554616e-04
5.849323552410621825e-04
3.265893136965324680e-03
8.678828153813652330e-04
1.432143683182428035e-03
1.052792193544555477e-03
2.215028186314457477e-04
5.976286912493947515e-04
5.277686929875953330e-04
2.874272446331056947e-03
2.144396349205172393e-03
6.232599792187424725e-04
9.906971350186455881e-04
6.421283295389747237e-04
1.309031548042982303e-03
2.736439017861672877e-04
5.303291141870352179e-04
7.267114429542561758e-04
1.395607149548684731e-03
6.810539592218247317e-04
6.612957322282891817e-04
3.942556727488480428e-04
2.543560345222524444e-03
6.141620214564112116e-04
6.857591935079472741e-04
1.688466071111072555e-03
4.730088240009406361e-04
9.612884567788893735e-04
9.939071898541573889e-04
2.124968583021956316e-03
1.701500995785233672e-03
8.940443978452677779e-04
8.307548104807370567e-04
6.398128807710391297e-04
2.410627318453921475e-03
1.091093384075592738e-03
4.284636454002461255e-04
2.455526745152330657e-04
6.943022880562467643e-04
4.687127035828898467e-04
