2.974240287670540774e-04
6.715958873319539902e-04
4.984122350117991358e-04
2.709496223017197414e-04
2.960949227446823683e-04
8.399866453958210188e-04
6.589315692837000114e-04
4.347036378581022628e-04
3.580920202406715652e-04
2.013002615580938501e-03
4.695578531951685448e-04
1.521147490180660422e-02
5.505869862268295218e-04
3.306625540659905295e-04
3.322150635581218358e-04
1.482777497469273034e-03
4.189209098376520850e-04
1.776968470354146012e-04
3.863389745593316855e-04
3.861659386711641800e-04
2.505595451805690084e-04
1.043567574414344884e-03
1.910400653830886817e-03
4.397293664947442521e-04
8.555471706219669806e-04
1.723088137805321848e-03
3.936484522473697846e-04
2.305529728090172851e-04
1.381834694090332922e-03
7.459174694737673913e-04
5.404368749213227154e-04
1.303372511540763865e-03
4.087929759786134635e-04
3.334928024092545583e-04
5.078232888031242306e-04
2.418366526631429247e-04
1.225960257855054046e-03
2.735975067533753086e-04
5.199339667369721422e-04
1.193231982989054630e-03
5.107075998679213961e-04
6.015701304652284120e-04
4.196711325851029857e-04
8.807864182084024175e-04
3.911189064455439278e-04
3.991183003206986036e-04
3.251155555457234717e-04
6.489261303968582150e-04
1.274985798404763382e-04
2.747891147519694838e-04
9.181483548060864535e-04
6.125869667114562525e-04
5.214320697506324119e-04
8.810047105914659959e-04
5.545026350095155765e-04
3.629240328100651948e-04
4.834289170766442188e-04
4.542067216290389896e-04
3.644574011103040938e-04
1.119878585605867550e-03
9.930266303535143294e-04
1.034150659795503996e-03
2.964026381673143750e-04
5.922041486103899821e-04
5.236824933527277348e-04
3.400805367653898228e-04
7.277827823056807989e-04
3.791125223964566301e-04
3.561855297393675172e-04
1.707400158820702877e-03
4.574917922016197075e-04
2.668433520014205310e-04
7.335107860578486292e-04
3.237767879206262167e-04
1.460672335993714070e-03
8.406321546558642981e-04
4.433939927905870327e-04
6.700548245667629649e-04
5.880142348549409264e-04
1.138993447517947216e-03
1.178501557894338350e-03
2.604151754255368094e-03
4.476241683608996394e-04
2.054292075138279268e-04
1.833149851346743166e-03
3.169075357496692336e-03
3.009265673788264015e-04
2.530395099942769942e-04
2.019689384111652229e-04
5.439908985348412048e-04
1.835385246416940596e-03
4.150025808798938633e-04
1.178825901002972416e-03
3.202070593704700531e-04
1.801289378676919871e-03
4.667157595181911580e-04
7.919606556699549348e-04
3.166528440372185383e-03
5.693894394464513479e-04
1.926376701160598972e-04
2.123869355940681569e-04
1.595185286233629296e-03
2.587479296010581666e-03
2.599476118016391993e-04
2.249596338566678356e-04
1.163557738714503156e-03
2.284707046409538618e-04
1.548336517295755802e-04
1.060958923945575947e-03
6.540750849096562932e-04
2.182805727799204214e-04
3.497799616662249913e-04
2.198250746529585662e-03
5.235822745965792828e-04
5.118842534225132197e-04
3.900922196419455597e-03
3.573079312108209775e-03
2.920356802186208013e-04
6.506701076615983674e-03
2.710382760699446580e-04
4.929015069024011465e-04
2.732322650513798671e-04
2.687402856871613788e-04
1.584058031087829960e-03
2.325181329106737851e-04
3.449677242096221277e-04
8.646584240388406357e-04
3.399894790673849837e-03
7.171625115678488755e-04
4.796281916679268737e-04
4.176670892761745989e-04
2.990630586777012810e-04
4.883423047966066900e-04
5.270778114475329007e-04
1.822550407698259197e-04
4.266750835930810284e-04
8.783032700202142874e-04
2.436631070911099341e-04
1.615700601036221089e-03
9.827893835089025580e-04
1.752460269696427960e-04
2.627742305927494460e-04
8.391099644238062157e-04
4.642611174335352191e-04
1.392135139305502266e-04
2.999333409613853764e-04
8.491580898226939100e-04
1.248859538591193729e-03
4.417424964617263435e-04
8.098020872239284750e-04
1.229472814211531430e-03
8.355693161876363850e-04
7.417798759597693742e-04
2.088103502125542162e-04
1.630768790349717201e-04
3.111351967024171398e-04
4.422252606939753878e-04
1.711140874169786788e-03
4.257559636307857269e-04
2.013596793873985956e-03
4.402458736186338388e-04
2.898179211244646201e-04
1.907284934424283585e-03
4.624631775314424890e-04
7.497914267549757360e-04
1.646159830946549319e-03
9.961684097656289469e-04
1.245966706296820553e-03
6.704431809355598879e-04
1.888451624813643941e-04
1.579482557686573787e-04
8.014682558418708596e-04
1.010790009874016010e-03
5.774980018117575236e-04
5.734376581200066169e-04
3.607763611986114288e-04
5.102266973784272668e-04
3.427750870156340886e-04
1.929070029680976116e-04
1.270426423166052935e-04
4.240959414149285812e-04
4.869028132221403927e-04
2.574617236898450365e-04
1.552114003114851747e-03
2.985168743015125079e-04
2.495443172518255399e-04
6.758324155566459686e-04
8.391099644238062157e-04
4.038087767305354337e-04
4.462107198696181241e-04
3.361957598353795817e-04
1.787218723182232771e-03
2.837310648505264902e-04
1.713818158777571368e-04
7.169159162100028748e-04
3.220209454912640679e-04
5.685739816841193627e-04
3.339147945368628858e-04
1.926790102280806331e-04
7.787640714296154097e-04
3.381298984705549010e-04
1.734837278381720757e-04
6.766941954467459554e-04
3.957424818347820682e-04
1.787218723182232771e-03
2.042194222063640260e-03
5.377197336036207550e-04
1.002343185581754982e-03
2.945971308038503912e-03
3.470785069195335979e-04
1.577014070513834310e-04
2.183689685138292017e-04
5.096669665268408573e-04
4.591821928289968385e-04
8.657810504465905188e-04
3.507407031264133139e-04
4.406724444123273849e-04
5.122595352063000033e-04
8.667236622862236001e-04
2.273366534023747287e-03
4.685106603803473554e-04
8.104172654611793139e-04
7.138641467515386904e-04
5.410888885114382594e-04
3.905301909324798855e-04
4.313163696812873202e-04
4.187253192140360635e-04
6.471217414351247352e-04
5.582427026321409727e-04
6.175326419293556551e-04
3.636932329610142404e-03
9.834355993901258090e-04
1.958241510668894266e-04
3.235458317601028460e-03
6.712715208328823334e-04
2.368035433137756181e-04
5.602640747436340128e-04
4.135166691242673901e-04
3.626341216692243082e-04
4.476939030682801335e-04
5.894490068491297979e-04
4.485373517668336438e-04
2.726616747592792642e-04
1.068636482095204881e-03
7.465682700808118528e-04
3.791494895295444080e-04
8.099949186353182836e-04
3.607771871862593908e-04
2.738559688798912874e-04
9.685987215767649042e-04
3.117185411038037447e-04
6.151604534867334204e-04
5.949471520216082681e-04
9.750258194690670632e-04
1.838719691105179376e-04
2.165817210705175641e-04
2.365634352002488495e-03
2.357219666233947321e-04
9.052059207072202804e-04
2.310781993186266660e-04
7.120005106345185693e-04
5.577863617765761468e-04
9.117807650479519115e-04
3.854842145568126489e-04
3.573079312108209775e-03
7.826196780284987121e-04
1.909330677772576117e-04
9.016268356253226163e-04
2.795173795540972046e-04
3.802337264899928958e-04
2.008003244881946168e-04
6.348571503164748267e-04
4.353009212528861612e-04
3.061365257292775872e-04
3.000849722541414489e-04
2.347378060870874104e-03
3.054137528349835191e-04
8.561440035276204506e-04
1.040665884633538811e-03
5.231994497633146073e-04
2.604151754255368094e-03
2.201936589035910583e-03
2.604472141801090438e-03
3.448444307598481679e-04
5.663073562827921660e-04
7.913398334016941800e-04
2.497601833133489507e-04
1.517278883333974702e-03
6.506701076615983674e-03
2.255248781001245074e-03
1.178501557894338350e-03
1.302916340975837726e-03
5.783581781748950391e-04
4.580794227342746853e-04
2.857739107128214160e-04
7.627984712543899731e-04
2.287925933807242638e-04
2.992967996181738143e-04
1.102850367691406239e-03
6.919853834507840333e-04
1.727399100604013306e-03
4.258666501568532728e-04
3.199367665553416577e-04
6.004119651563392035e-04
3.300545248534329399e-04
3.881549926893593000e-04
4.216098732396934812e-04
5.954497604261527752e-04
2.984511556929377962e-04
4.927477162586362544e-04
4.293303641256715204e-04
7.962005277933927039e-04
3.841713116690638127e-04
2.502064547705004421e-04
3.420076013400206593e-04
9.164038999585656653e-04
4.324988836315856182e-04
7.814193561130593907e-04
2.792357395730036065e-04
4.254052011366622949e-04
4.377233903139161127e-04
4.942976484122788266e-04
1.175680589453500244e-03
5.972056150107467147e-04
4.197776317450784803e-04
5.111454940279181423e-04
4.854528650412512358e-04
2.965113217019669394e-04
1.887980552477381646e-04
2.829609418568287092e-04
4.408312522748508927e-04
6.327895663517416839e-04
5.631330498401783749e-04
3.406720638903951788e-04
2.905555365539820838e-04
6.904551769170818708e-04
2.844456173962845737e-04
2.488398806486471094e-03
3.410893995556442534e-04
7.337283421960228260e-04
2.341604799406010306e-03
4.929410795328832045e-04
4.280254352577891842e-04
6.904551769170818708e-04
1.034150659795503996e-03
4.572520787678452251e-04
2.143714981311820554e-03
1.613054460988269092e-03
8.099342148337316432e-04
1.033982724142233503e-03
3.145992605228693242e-04
3.137818897520602336e-04
1.383616153918983951e-03
1.595626518596104536e-04
1.081305087343618953e-03
3.779254210762094204e-04
1.178037372495696665e-03
1.413270672525290339e-03
2.982133532088676164e-04
5.218347230432039685e-04
1.313541067465850715e-04
6.058523147378272033e-04
4.425228241791481602e-03
3.126065632347887189e-04
8.142280150232560337e-04
7.713923891448265817e-04
3.869211121272141747e-04
1.124882625168985599e-03
6.369381156979960846e-04
2.819527649538068679e-04
1.686876662010430763e-03
4.346283823983328339e-04
7.892736278587633020e-04
3.538278627126877724e-04
3.319466109206691516e-04
5.339031737271334420e-04
1.633430336883486553e-03
1.050805529651920121e-03
2.707450312934686003e-04
1.547698371878855096e-03
3.365425634424862485e-03
9.733902772388744115e-04
4.842510588780380744e-04
4.884889365440209675e-04
4.515532725575972513e-04
1.171937842785246604e-03
3.097825188447572882e-04
3.410036017582378991e-04
3.656228879990025809e-04
1.367534848007258275e-03
4.295520438835587164e-04
8.714421825223653273e-04
1.058281780192097885e-03
2.385783453411136209e-04
5.908241692560136033e-04
3.685372297471666025e-04
2.636793898490757721e-04
4.160497919957724996e-04
1.049824982245384838e-03
4.274782813829258732e-04
5.631330498401783749e-04
3.517133403606391667e-04
2.779487814820655041e-04
3.574049989688982826e-03
6.817414147219931064e-04
1.521147490180660422e-02
4.174070774809722235e-04
6.685394672697698645e-04
7.626788597343915664e-04
4.507620206906838719e-04
2.168865324660845535e-04
5.389107072195234785e-04
1.320237376225911195e-04
9.285191008590064137e-04
2.027197392780895596e-04
1.717139312975684987e-03
6.982364661910088390e-04
1.222800958352020153e-03
6.545295998589368766e-04
4.073489644022546463e-04
3.719311820513892500e-04
4.983551403187348435e-04
4.840374242118691784e-04
5.535939875313180148e-04
2.597260451507193177e-04
4.564524200181798363e-04
2.681020972652362728e-04
3.436936519881106399e-04
3.160403940324950714e-04
8.343232615974040993e-04
2.417479604610223750e-04
1.332642172962085394e-03
7.317072677078478122e-04
3.747572195753771170e-04
4.501773440240886860e-04
5.361164084584677881e-04
6.016445264140337030e-04
5.439123053611952252e-04
2.389322022865577255e-04
3.209353660762864205e-04
2.774820096802391514e-04
2.730647992472025462e-04
2.866956893103190076e-04
1.929651868714283994e-04
7.591628457357593859e-04
5.214520823870155523e-04
6.925392010817180534e-04
8.391334014124538854e-04
8.087739251177132735e-04
4.678545869476980422e-04
1.767793803712701351e-04
2.502561755781895444e-04
4.751867935526826584e-04
6.238447835900651477e-04
9.347522835894597759e-02
6.492620439960537131e-04
3.034878366909529203e-04
3.580090248724013464e-04
1.507903137779982193e-03
4.136083439600234286e-04
2.574935388128100824e-03
8.205247254532834844e-04
4.624227391717399146e-04
3.594498246517532631e-04
5.795529205021058509e-04
3.580420373771944233e-04
1.677310769963995122e-03
3.540516683740436944e-04
8.259425132094292462e-04
9.016268356253226163e-04
9.391142199090977754e-04
5.312065136901835934e-04
2.433552225539538285e-03
3.252319079425918143e-04
4.977548328058061878e-04
4.632529430997873272e-04
2.257684500688005632e-03
1.779165593849272144e-03
8.408722966501871576e-04
2.088306345450686888e-04
4.852858373947137511e-04
3.902061302037484829e-04
6.239597396127623046e-04
4.848341063829634330e-04
2.127786461559621253e-03
3.230396431661035003e-04
4.225236132246902067e-03
2.604472141801090438e-03
2.149312055989895673e-04
1.845533831301196233e-04
2.593919700188426856e-04
6.953995061769488537e-04
1.778205025345209697e-04
3.526183884866201696e-04
3.196189051710717518e-04
3.725856078441110750e-04
6.129658774925520739e-04
2.916927339475567271e-04
1.039924776505682033e-03
3.160403940324950714e-04
4.834933848965858902e-04
3.381298984705549010e-04
2.848866441502213181e-04
5.309078563323748603e-04
4.653191811511496446e-04
2.353076726106322861e-04
2.229374678123005181e-04
5.155183808614767623e-04
1.444400635083510501e-04
5.437614872695069974e-04
4.666831044098434730e-04
3.249363263870747097e-04
9.805839922938583419e-04
1.274713847237226140e-03
5.301731304785653378e-04
1.280736842394055374e-04
2.055006970205009061e-03
2.589787025909391356e-04
5.742185578966605471e-04
6.073539252666259420e-04
2.968907825025969647e-04
2.456454309495248716e-03
3.636458941975938188e-03
4.485030652569728382e-04
8.280333263913276396e-04
4.609371775279814325e-04
1.869350498748569445e-03
8.109136839833945738e-04
8.006268028309736044e-04
6.976166438856809624e-04
3.127726019931663143e-04
1.940944185193544151e-04
8.025273699543797757e-04
1.326605465488300264e-03
2.074143630901377120e-04
7.248311478637282056e-04
3.342607475280827975e-04
8.525425286024433625e-04
3.032932367632986347e-04
2.777110578807075354e-04
7.836456758960199482e-04
3.399894790673849837e-03
1.175844134071737544e-03
3.832522530823877249e-04
3.736800644200951129e-04
1.659835250614834137e-03
5.360146939195033688e-04
2.550353245905526514e-04
2.743113708288362138e-03
6.506701076615983674e-03
2.590387408371980205e-04
4.983551403187348435e-04
3.380660397281481109e-04
1.103059699187105549e-03
1.216238193793493967e-03
6.837153553352242393e-04
6.559609882762053659e-04
9.225339698321561102e-04
6.760272529273958757e-04
4.507620206906838719e-04
1.734586092077461579e-04
9.373844268337612430e-04
7.244364067631332274e-04
5.784083303753550934e-04
3.140165025490973582e-04
2.884235290165344085e-04
9.347522835894597759e-02
2.532434220407869222e-04
4.898185500405127487e-04
4.658572169782211657e-04
2.503994462214832110e-04
1.443852793474835776e-03
5.905256724548246273e-04
1.537013047447885732e-03
7.551422864820080258e-04
2.413842647537944408e-04
1.555059161621985238e-03
8.109100997306197857e-04
7.274100665196574613e-04
3.769146982640165437e-04
8.416061607544168908e-04
1.094218795765407011e-03
4.903973451835149646e-04
6.535786051794596416e-04
3.303041938692000048e-04
1.889835371595259962e-04
6.593691666229559200e-04
2.666764717471147668e-04
3.393559220554349942e-04
1.050249909658337432e-03
5.223569508410878023e-04
5.716418747276948023e-04
6.560748197011548061e-04
1.802341827975283985e-04
6.229911361569237744e-04
3.580498105026527723e-04
7.760695749969199770e-04
1.106198026363150021e-03
6.901270758197255127e-04
3.277726320764818581e-04
1.212460111278720670e-03
7.670238651860236592e-04
1.631448719356508792e-03
2.678344800539889082e-04
5.094882956385351352e-04
3.641740306323651205e-04
1.369898462751111120e-03
2.927503682321827430e-04
3.506239313441392820e-04
1.382335782722381645e-03
6.462877831506604791e-04
2.521572949411092740e-04
3.380849071037089846e-04
1.063421257666463194e-03
6.478251848597879441e-04
2.629618237115430171e-04
5.198788498624903713e-04
4.181275808890897220e-04
3.007723803642880665e-04
3.759467493594410305e-04
1.957365033465550670e-04
1.082274588262955532e-03
4.686764254112112051e-04
8.460694239590391737e-04
4.243035738974964264e-04
8.328083682551392589e-04
4.029198475904882562e-04
3.573079312108209775e-03
4.509068930793508649e-04
4.090431903977777240e-04
2.341604799406010306e-03
6.200451116183694445e-04
3.325193506755984556e-04
1.918302153206441832e-02
5.078232888031242306e-04
4.425228241791481602e-03
2.364637558782087820e-04
4.119930247649627965e-04
3.110584995246204140e-04
4.522657380244738171e-04
9.919570088621773932e-04
6.493791905216556937e-04
6.333654272306432154e-04
2.210550157749349102e-03
1.471912554357612249e-03
3.779254210762094204e-04
2.772012455642570571e-04
3.480998335763375016e-04
7.921070560684430849e-04
2.543148752068033025e-04
8.486326169920710297e-04
8.447657393450356406e-04
3.249363263870747097e-04
2.824653712519813327e-04
2.282534801526328345e-04
6.884904203982309193e-04
5.332180386211584798e-04
6.972476104415147339e-04
4.109312262438960810e-04
4.501773440240886860e-04
3.269390182201099859e-04
1.346215450264373094e-03
1.178915359364515140e-03
2.566543069889125751e-04
2.353943611483288155e-04
3.721253625841456562e-04
4.855636857753134884e-04
4.486095062076304331e-04
3.309236603024175638e-04
1.786712494482895364e-03
3.411309308176263544e-04
5.109907961990220893e-04
8.710951690421729534e-04
6.129658774925520739e-04
3.659142579827169019e-04
1.927486158973913417e-03
9.071807619911140307e-04
3.120620977237527501e-04
3.193435952480131335e-04
3.836074625962845224e-04
5.486183117184159023e-04
3.833491135301087135e-04
3.864854236096525609e-04
2.526310236223374989e-04
3.204430208736665188e-04
4.730423962979390332e-04
4.695346307366437080e-04
7.247082674372760068e-04
3.406590908731242846e-04
3.573079312108209775e-03
3.414310184690401580e-04
9.607604564708213842e-04
8.144326126195739098e-04
1.940475466601049943e-04
2.300069810504268698e-04
3.618496754771042883e-04
2.803823365395746638e-04
5.757205391481405718e-04
3.861659386711641800e-04
3.448244162752968703e-04
1.212770750792476751e-03
2.020918659278448911e-04
2.815406624839969052e-04
3.034515206338963384e-04
5.365929034067732327e-04
4.660232532201076766e-04
2.134346098437610133e-03
6.447318142629594176e-04
1.685074472336922234e-04
5.777920927418785622e-04
6.374334379958369401e-04
1.246632843712609665e-03
3.564973164307864116e-04
6.272084461275721431e-04
2.481168918600296157e-04
8.058003062558931123e-04
2.366916065105068576e-04
3.485695258543745467e-04
1.500182725432177080e-03
6.693865592557701055e-03
2.433728628597315279e-04
3.945414281562882445e-04
2.606564205328753474e-04
5.467942904230647981e-04
5.377142129859778215e-04
5.885264477351899838e-04
5.850151250928000866e-04
4.690772463774464749e-04
4.222582147881005625e-04
5.528278944457693878e-04
2.821983442820207716e-03
2.853765910130562355e-03
3.955460240116608073e-04
4.983551403187348435e-04
9.359764718642180938e-04
4.964077191301906507e-04
3.021588043214987977e-04
4.690233703667070824e-04
2.841000863275912011e-04
3.105272054328159443e-04
2.730647992472025462e-04
1.378144955518313978e-03
6.622901651482347718e-04
7.471998788645332727e-04
4.267013228265410861e-04
4.631198279710860809e-03
4.185370837607282467e-04
1.107130776150747412e-02
9.487100300494932369e-04
3.526931575975822885e-04
1.257897260736737547e-03
5.441346053183290354e-04
5.431517213518708862e-04
9.687232808609928846e-04
5.273202380413188201e-04
6.983108783683572704e-04
6.416701808067347109e-04
6.972476104415147339e-04
4.070229401077369853e-04
5.253479334893400906e-04
2.668433520014205310e-04
1.767997487726371978e-03
4.712749239001083699e-04
8.230169593855695591e-04
2.002596355150455636e-03
6.233304433509079170e-04
2.930299652776997745e-04
1.009823041496368161e-03
6.777585184475369475e-04
4.602267127479301150e-04
3.141341670137896640e-04
3.725322310389648324e-04
1.229472814211531430e-03
2.676763283904559990e-04
2.400574859205626397e-04
3.964531231609624471e-04
4.276882371658211773e-04
2.259970707159472561e-04
4.435380939551451449e-04
1.324374495081797514e-03
4.636667855491627215e-04
2.493431488119786507e-04
5.877512752058358398e-04
8.268274068397978840e-04
2.874626821848484800e-04
3.636458941975938188e-03
1.740715259408919359e-03
3.469944806841135441e-04
1.194257016980816060e-03
8.918453585981147951e-04
3.145992605228693242e-04
2.986572568772067043e-03
4.663436342094139661e-04
2.660256573484590277e-03
4.086273304994611890e-04
3.058940636334460828e-04
5.125390202699710383e-04
2.321562371283399312e-04
4.003083061680570427e-04
1.592367096687807631e-04
1.178501557894338350e-03
6.336486165314919854e-04
2.874803001317344665e-04
9.230586732329823128e-04
3.943622035458169638e-04
3.982375290557364105e-04
4.945237498153747966e-04
1.727407814010141279e-04
9.488954086176411892e-04
3.573079312108209775e-03
2.326794084429547639e-03
7.118749700506006453e-04
7.172657087770029343e-04
1.088528899350966377e-03
1.845533831301196233e-04
2.285396711307322753e-04
9.902974444647497359e-04
3.166848153738395922e-04
4.088473789344882229e-04
9.225339698321561102e-04
1.665888346615831332e-04
6.438032884917958571e-04
4.167880169182782151e-04
1.763847906495797128e-04
5.991700536470925169e-04
5.060820309061673117e-04
1.088412860112829891e-03
2.793287098071693870e-04
2.894201377430470341e-04
4.407240503255496940e-04
5.525634835997068851e-04
2.746615072195445146e-04
2.141576907515062734e-03
1.717139312975684987e-03
2.235440193767523724e-04
2.630020909979785483e-04
1.552313587285743734e-03
2.381906700892215726e-04
2.111506339114249892e-04
5.484661344527740588e-04
1.006370457788064755e-03
2.092612666798250066e-04
5.924301275276516515e-04
3.712293789344237082e-04
1.076029972836647875e-03
1.077364688909661665e-03
2.236484196226094302e-04
3.906418103045134860e-04
3.580090248724013464e-04
1.206314037699512075e-04
7.422533393037040669e-04
2.963354010846480256e-04
2.123682650472549468e-04
6.828936294111894638e-04
1.426681295770372560e-03
2.450869220724659087e-03
7.560951225556074035e-04
3.365602164125245819e-04
4.924906692979471928e-04
4.206060513323032265e-04
2.259303905906091185e-04
3.558597925573926354e-04
8.554863634563647512e-04
3.216530274815065232e-04
3.174634634172147918e-04
3.391534249136659088e-04
4.664268534119160418e-04
4.817238331925344794e-04
2.010262801265684355e-04
7.272697763999523644e-04
2.133689896116716016e-04
5.169837652568309329e-04
2.870728718629311131e-04
8.975430134123438220e-04
2.280823316304073285e-04
2.344973396988709626e-04
1.670120550616426783e-03
1.103059699187105549e-03
3.686857237722233590e-04
2.826204212205448547e-04
3.418432409445231954e-03
3.078013524988379153e-04
4.059125192312294361e-04
6.763560320676089040e-04
6.364649751209494784e-04
1.220614771732231795e-03
1.842376417251194865e-04
6.768475317464901081e-04
4.902454805260155098e-04
1.536358630242439004e-03
2.683741788877549994e-03
3.372322507621133033e-04
3.520840233114240383e-04
5.163610435765627260e-04
3.703736761753975335e-04
4.795589600880765233e-04
4.340530944322660428e-04
2.729905891670434672e-04
3.301482928022664255e-04
6.046868534254248428e-04
9.854969759373888305e-04
1.767793803712701351e-04
2.784653965864347918e-03
9.919570088621773932e-04
3.376057174365259769e-04
6.354560428874227347e-04
4.823523335502801889e-04
6.397086490913341840e-04
4.161035169499786705e-04
5.428754640548760779e-04
2.910650531325577805e-04
2.661237102949387512e-04
2.813290427636170590e-04
3.205249859793476291e-04
3.620827033143554381e-04
7.061156461118484832e-04
2.024474379082597517e-04
2.670819647276865302e-04
3.775913068484805274e-04
5.954497604261527752e-04
6.240901613734097485e-04
7.602021628157605180e-04
7.183703383249299967e-04
4.517423578523376460e-04
1.104084181005737927e-03
2.669544118721696902e-04
1.531863379310282680e-03
5.593186777175967236e-04
8.456300498969383534e-04
9.307617628058682769e-04
5.039552650151114680e-04
2.197690574284425922e-04
2.589545446670962433e-04
5.381910575843402208e-04
5.007394714801568277e-04
3.546825248187120247e-04
2.019663809663829355e-04
8.200566360655190453e-04
4.315688809553875900e-04
2.940661834442968620e-04
5.136338505788020465e-04
4.786305519221139854e-04
7.856567784933414338e-04
2.721467231098992356e-04
5.086754543592196184e-04
9.579821352796020996e-04
4.901436097327496006e-04
6.894419857373197333e-04
4.400098781269702218e-04
4.616421192606925310e-04
2.740327703917891616e-04
2.709778360949290131e-04
1.016059405353824654e-03
6.158062131575732902e-04
2.678344800539889082e-04
7.440651812845366702e-04
6.502155463148196575e-04
5.565171996848601978e-04
6.025546104871518701e-04
2.475254992281137765e-04
8.058353040990758618e-04
3.779423686313765980e-04
4.828277073019559542e-04
4.505079334471034577e-03
5.578241224240823234e-04
1.240916482665346387e-03
8.123146041635086797e-04
3.510255579298601704e-04
4.545634143050203630e-04
1.075229948636602243e-03
4.599905774480542902e-04
1.253854615497104448e-03
9.805839922938583419e-04
3.580498105026527723e-04
8.760968396687093818e-04
4.913917745091202346e-04
3.099706990733017576e-04
6.575906119638145813e-04
1.063167102066175235e-03
2.888983018259649350e-04
4.134547205495168109e-04
1.764380256284592686e-04
2.932824976681486771e-04
6.468381283911225519e-04
6.165819761852936757e-04
2.748959111390048373e-04
3.903165577421136511e-04
5.515539213314000436e-04
4.371698237947388064e-04
2.340890288384807718e-04
3.075853183773390631e-04
2.389788878350392260e-04
1.842376417251194865e-04
5.645608823944284422e-04
2.250943851046484628e-03
1.081305087343618953e-03
9.152233422412415012e-03
5.192063128304036466e-04
6.070904908201503816e-04
8.625862619986959974e-04
