7.965766102288325783e+03
7.869165674905739252e+03
7.831425040599198837e+03
8.076471443854515201e+03
6.812583492525973270e+03
7.844530788808733632e+03
8.033537221003395643e+03
7.372279593383076644e+03
7.962738108091316462e+03
7.673433009174877952e+03
7.846354492090421445e+03
7.953245705923677633e+03
7.991024668722177921e+03
7.790022440657274274e+03
8.085802463553014604e+03
7.708544283758568781e+03
7.512042515535410530e+03
8.007437400315537161e+03
8.077592926861409978e+03
8.090602760178813696e+03
7.698017477397938819e+03
7.972106532018025064e+03
7.920375265262799076e+03
7.656703539672698753e+03
7.970564406309380502e+03
7.920522590634935113e+03
7.976717794335550934e+03
8.118867123762175652e+03
8.079738566011274088e+03
7.621546305767622471e+03
7.800922447512018152e+03
7.614480621686457198e+03
7.548828247777735669e+03
8.031961628764410307e+03
7.611283770449870644e+03
7.886585130357114394e+03
6.800066721264743137e+03
8.040988346568230554e+03
8.029029774046263810e+03
7.911830813100042178e+03
7.970564406309380502e+03
7.779030752495700654e+03
8.061723030200585526e+03
8.075803878800170423e+03
7.701530713835032657e+03
8.042842656877192894e+03
7.810740080186924388e+03
7.776506441870353228e+03
7.950756733706177329e+03
7.632763294211873472e+03
7.053347647119215253e+03
7.833116461513636750e+03
7.925252929229261099e+03
7.704111111837932185e+03
7.863904977860073814e+03
7.220416691105976497e+03
7.671025235789907128e+03
8.059159328604670009e+03
7.875706744582709689e+03
7.960697316431961553e+03
7.984753779186477914e+03
7.730787223140494461e+03
7.789059366770930865e+03
7.581259358602482280e+03
8.060336660930554899e+03
8.033291691088633343e+03
8.063764301617366982e+03
8.101338265037540623e+03
7.528730590333732835e+03
7.579818384080272153e+03
8.088974772434799888e+03
8.115417843207716032e+03
7.730205418824431945e+03
7.968903394812079569e+03
7.354640750529275465e+03
7.454154064936460600e+03
7.379394453371581221e+03
7.284203341317586819e+03
7.188145618832786568e+03
8.103867416601871810e+03
7.892803233126895066e+03
8.070864173539030162e+03
7.566572169580656919e+03
7.817383544486538085e+03
7.872128572344749955e+03
8.118929140729000210e+03
7.319049150665597153e+03
7.762336464054246790e+03
8.049607689876797849e+03
7.770964508660450520e+03
7.646764862679428916e+03
7.532585358869164338e+03
7.948174568927967812e+03
7.561648729770662612e+03
7.868545184765146587e+03
8.029868588494911819e+03
8.050963730860904434e+03
7.876929318664705534e+03
7.792235774871646754e+03
7.941437223326000094e+03
7.891487749624480784e+03
7.666120294265409029e+03
8.089164521295573650e+03
7.802849597712477589e+03
7.989132551115048045e+03
7.775469505728416152e+03
7.956943987894374914e+03
7.915431143904794226e+03
8.102894774566276283e+03
7.259214143915269233e+03
7.318264139457689453e+03
7.295304579365764766e+03
8.000040503835344680e+03
7.630171599857037108e+03
7.958972047744822703e+03
7.900965711570584972e+03
7.951030876704265211e+03
7.907810957614451581e+03
7.941437223326000094e+03
7.340332103529890446e+03
7.833313422545866160e+03
7.812987771974823772e+03
7.744978849627955242e+03
7.877884198206499605e+03
7.626920716605037342e+03
7.805618258743430488e+03
8.065322509406606514e+03
8.116771373871670221e+03
7.925813440564566918e+03
7.518178654863691918e+03
7.604149389957005042e+03
7.860622582972005148e+03
7.922127367821909502e+03
7.806970263794411039e+03
7.572273221405344884e+03
7.451463191648224893e+03
8.085710193246639392e+03
8.112398554461100503e+03
7.844358740643541751e+03
7.789960974635088860e+03
7.628106696514584655e+03
7.929670665248551813e+03
7.702927863724231429e+03
8.017023560678367176e+03
8.040394061859783505e+03
8.119522859295411763e+03
8.024915559050263255e+03
8.096783034530525583e+03
7.403819615071341104e+03
8.120283232559795579e+03
7.252012619941039702e+03
7.234305655723110249e+03
7.649677900865718584e+03
8.070288091585267466e+03
8.016424721909384971e+03
8.031406886644019323e+03
8.122759915990680383e+03
7.568122348840600353e+03
7.834874396689030618e+03
7.621793712308350223e+03
7.909917439805423783e+03
6.810454623792758866e+03
8.015510777021767353e+03
7.765186128275611736e+03
7.742031382888413646e+03
7.631085746788816323e+03
7.258435041334007110e+03
7.999570656445887835e+03
7.945755572006180955e+03
7.732264038389983398e+03
8.017918120914647261e+03
7.807260383371440184e+03
8.049622943542283792e+03
7.552695008191107263e+03
7.792320911420693847e+03
7.873736809022046145e+03
8.033461144055945624e+03
7.853349455972203032e+03
7.822928532285111032e+03
7.699630443958377327e+03
8.092244844162857589e+03
7.477458964569636009e+03
8.039680498916237411e+03
7.432192767437682051e+03
8.089467459441977553e+03
7.808647938759610042e+03
7.551455246372051079e+03
7.816834237099556049e+03
7.587981617882234787e+03
7.675823913775426263e+03
7.674043411063446911e+03
8.029473968343557317e+03
8.087976138710203486e+03
7.781091092018091331e+03
7.556348045828601244e+03
7.343887615128840480e+03
7.860782675628272045e+03
7.837339992791463374e+03
8.023226985192754000e+03
7.971566507125437056e+03
7.976640650351548175e+03
8.063488622186387147e+03
7.851651825531178474e+03
7.904759554895397741e+03
7.418183028124334669e+03
7.596091889965508017e+03
7.655321584363409784e+03
7.629937596527679489e+03
8.017238515991759414e+03
7.785961835049642104e+03
7.812987771974823772e+03
7.384889183782020154e+03
7.135021854819773580e+03
8.087976138710203486e+03
7.583017468713799644e+03
7.106523257686286343e+03
7.927460003045056510e+03
7.980602889274261543e+03
7.786465267230389145e+03
8.079108382472924859e+03
7.897911951853601749e+03
7.924565856377271302e+03
7.969475149880515346e+03
7.679819529781576421e+03
7.453241818794514074e+03
7.486416079871185502e+03
8.035887874413609097e+03
7.915871120159576094e+03
7.945620053229235054e+03
8.013978359413122234e+03
7.758177393624982869e+03
7.911946314439603157e+03
7.292817148714368159e+03
8.090546456864104584e+03
7.642281497467132795e+03
7.556242850673112116e+03
7.810246307527679164e+03
7.501950992130721716e+03
8.075301642875727339e+03
7.918979293643685196e+03
7.951388678828340744e+03
8.032605262313548337e+03
7.900400988153081926e+03
8.017580186684404907e+03
7.921870561757370524e+03
7.827639903640854754e+03
7.969008731344933040e+03
7.673047275119753976e+03
7.783189692483342697e+03
8.089240291373899709e+03
7.463868191445109915e+03
7.331255303500436639e+03
7.724814123625727007e+03
7.737716156051734288e+03
7.939324497870069536e+03
7.835468670052789093e+03
7.649644634807477814e+03
8.037844330859383263e+03
7.926444074862898560e+03
7.808371660151747164e+03
7.681749478481287042e+03
7.861728834635479870e+03
7.975838152644746515e+03
7.849549124699637105e+03
7.909245758418452169e+03
8.085802463553014604e+03
6.770586713654925916e+03
7.725628975747902587e+03
8.006916969513054028e+03
7.254032543280179198e+03
8.076651911277112049e+03
7.968358576284160335e+03
7.588512305689604545e+03
7.759385572251101621e+03
7.572806560753796475e+03
7.997160468176873110e+03
7.115253349174762661e+03
7.121376586300173585e+03
7.946895267997398150e+03
7.809132172157940659e+03
7.625532895419993110e+03
7.989640920988832477e+03
7.907756114076964877e+03
7.790129120061771573e+03
7.855903106892639698e+03
7.220137997040226765e+03
7.885341382940559015e+03
7.888923711084887145e+03
7.547223221836709854e+03
7.630142778672014174e+03
8.106570661856295374e+03
8.109831401286998698e+03
7.994114875152006789e+03
7.897448481603852997e+03
7.757575659148075829e+03
8.013978359413122234e+03
7.762622778153486252e+03
7.472754668229099480e+03
7.892256887245079270e+03
7.634751280717227019e+03
7.900192341516198212e+03
7.560581645661625771e+03
8.019016512424607754e+03
8.130306241105766276e+03
7.991476512261132484e+03
8.048925889307634861e+03
7.516025180179954077e+03
7.900051508047721654e+03
7.860972920383826022e+03
7.743515578327725962e+03
8.117803505711265643e+03
7.817944358414870294e+03
7.912304401503158260e+03
8.034844351412970354e+03
7.900965711570584972e+03
7.984245520734570164e+03
8.107049009095615475e+03
8.119418604226089883e+03
7.746538243975152909e+03
7.554964956950522719e+03
7.927142487329435426e+03
8.108629252496079062e+03
7.728287405185034913e+03
8.085035449066951514e+03
7.288437050102967987e+03
7.036619961463504296e+03
7.987889040785873476e+03
8.088552476587736237e+03
7.939560002968728440e+03
8.058104228807556865e+03
7.628106696514584655e+03
7.912304401503158260e+03
7.941603418628700638e+03
7.937920807446748768e+03
7.880319275751349778e+03
8.108326477277437334e+03
6.887250490419281050e+03
7.530882790212741384e+03
8.079994234824254818e+03
7.944327935502418768e+03
7.853197947859896885e+03
7.876627408197499790e+03
7.678657824918184815e+03
7.719251416423541741e+03
7.576226070841524233e+03
7.820268405657838230e+03
7.381090362707932400e+03
7.931231333564426677e+03
7.836571706751087731e+03
8.110762587698902280e+03
7.988368031060150315e+03
7.799765928863816953e+03
7.943099607727959665e+03
8.072996263442929376e+03
7.631138209324278250e+03
7.693848540313390913e+03
7.471669786571943405e+03
8.126648410527081069e+03
8.106503994769206656e+03
7.240710481480528870e+03
7.578942857861335142e+03
8.061535493816750204e+03
7.761595036490110942e+03
7.665082723859431098e+03
7.769635880715068197e+03
7.865289826839163652e+03
8.048887249277811861e+03
7.522659828263411327e+03
7.499744313210201653e+03
7.888199949802685296e+03
7.943147626964299889e+03
7.954734055168112718e+03
7.566372104214134197e+03
7.859235558691236292e+03
7.395641388652412388e+03
8.045946472435401120e+03
7.774200295588554582e+03
7.963791054528688619e+03
8.120424844902845507e+03
8.124436483742031669e+03
7.897911951853601749e+03
7.766711871859750318e+03
8.044961616233382301e+03
6.861666420950912652e+03
7.745390615657768649e+03
7.929916151200146487e+03
7.105255872075142179e+03
7.915287277128411915e+03
7.882597192140038715e+03
7.972781475412462896e+03
7.895906430056276804e+03
7.773305474028345998e+03
7.747591194443895802e+03
7.947253569643685296e+03
7.582568443720375399e+03
7.804665534843372370e+03
7.975838072201024261e+03
7.126127227482340459e+03
7.353891610218167443e+03
8.097103385422604333e+03
8.057000864461910169e+03
8.069538259543025561e+03
7.852149985765921883e+03
8.071851355944882016e+03
7.224093220731916517e+03
8.108215160990426739e+03
8.021178588425234011e+03
7.807154727985176578e+03
8.041678686504014877e+03
7.839725307218734997e+03
8.106238473732436432e+03
8.067039643950469326e+03
7.677491586014715722e+03
8.029774741080717831e+03
8.125779350265613175e+03
8.033657829203655638e+03
7.957327814295951612e+03
7.819423102162792929e+03
7.719641937793635407e+03
7.678005271309870295e+03
7.595417296853493099e+03
7.776670796963322573e+03
7.735337184024874659e+03
8.031569695573042736e+03
6.884070943584185443e+03
8.124687446269849715e+03
8.094206473969926265e+03
7.886301948772039395e+03
8.122865105285265599e+03
8.118862067011058571e+03
7.854240900088530907e+03
7.979530674154517328e+03
7.517164492663990131e+03
8.099852234135764775e+03
8.002396354874511417e+03
8.005311537860976387e+03
7.407857250816910891e+03
8.043244781541904558e+03
8.104016048604217758e+03
7.485960723519662679e+03
6.711272589025222260e+03
7.434906914111450533e+03
8.010476184680877850e+03
7.863452147850589427e+03
8.073987680728853775e+03
8.080948101992782540e+03
8.076342023198434617e+03
7.197430673655813735e+03
7.897869866125529370e+03
7.908533463757016762e+03
7.721624723011047536e+03
8.091769609092077189e+03
7.775150301938338998e+03
7.826310299793202830e+03
7.984760810503150424e+03
7.877797065632352314e+03
8.014388419793839603e+03
8.051115998158791626e+03
7.973008194564620680e+03
7.899014508319109154e+03
8.040374601966441332e+03
7.841915030866830421e+03
7.358400351685376336e+03
8.056589245511198897e+03
7.539129354952702670e+03
7.141652802397178675e+03
7.433545056384036798e+03
8.064302657650737274e+03
8.110981144638122714e+03
7.464038679509962094e+03
7.851737059588967895e+03
7.791171148446858751e+03
8.072713283578933442e+03
7.903081850940670847e+03
7.587124980787408276e+03
8.053034454671234016e+03
7.332117341004975970e+03
8.018487727945510414e+03
7.957094122847707695e+03
7.430355014488515735e+03
7.961259431856579795e+03
7.852149985765921883e+03
7.987438077986603275e+03
7.797971977361085010e+03
7.738389407779448447e+03
7.105255872075142179e+03
8.104089231423963611e+03
7.882106717418563676e+03
7.922902175979534150e+03
7.534404911143489699e+03
8.002459734389391087e+03
7.989984516292586704e+03
8.038327698538669210e+03
7.851794483474714070e+03
7.544625709788695531e+03
7.899210415189808373e+03
7.635453998486033925e+03
7.720967950095347987e+03
7.941692576292436570e+03
7.078523208760276248e+03
7.868935040854919862e+03
7.380402513336513948e+03
7.579601168497538310e+03
7.898534517165962825e+03
8.098221868645960967e+03
8.084454526405607794e+03
7.396513988767439514e+03
7.670583804844445694e+03
8.007308993188805289e+03
7.848293136631973539e+03
8.051973178164607816e+03
7.959625004182893463e+03
8.048936999660396395e+03
8.049739657239237204e+03
8.023195251476330668e+03
7.500002436228032821e+03
7.895235867967345257e+03
7.989707892590002302e+03
7.760226999281034296e+03
7.324588014646822558e+03
7.852149985765921883e+03
8.104089231423963611e+03
7.374549399114599510e+03
7.608426658665377545e+03
7.241565421320236965e+03
7.784627468481276082e+03
7.978614989915531623e+03
7.938459683527795278e+03
7.893200601781920341e+03
7.528937384970153289e+03
7.938053738969685583e+03
7.924983525661613385e+03
7.439541848027818560e+03
8.071173763841534310e+03
7.953950340180945204e+03
7.730451939233781559e+03
7.221677862264776195e+03
8.083190588129793468e+03
7.133769572690294808e+03
7.654987009376463902e+03
7.545941335206421172e+03
7.012850298681793902e+03
7.725364207090027776e+03
7.923390134356370254e+03
7.667453305253056897e+03
7.791250070212498031e+03
8.050275625055640376e+03
6.913737062067071747e+03
7.728940736324811951e+03
7.491528776488164112e+03
7.319603949670061411e+03
6.918474727674869428e+03
7.234305655723110249e+03
7.900281171079373962e+03
8.113981019622366148e+03
7.752427661711904875e+03
8.013485932219711685e+03
7.701514568550071999e+03
7.781290339902718188e+03
7.646284253789259310e+03
7.198374725474091974e+03
7.724576861423496666e+03
8.020460740956669724e+03
7.825439889703347035e+03
7.856166273157161413e+03
8.000020871392487606e+03
7.539770260424797016e+03
7.315742281509530585e+03
7.719749399478941086e+03
8.065481835623739244e+03
7.295432635218136056e+03
8.044760456089928994e+03
7.789103179247043954e+03
7.480207549903832842e+03
6.916619905966118495e+03
7.529005270431311146e+03
8.033492300020001494e+03
7.799793135144716871e+03
7.708544283758568781e+03
8.068165018640103881e+03
7.974897125731887172e+03
7.636288942951618083e+03
8.084011984728452262e+03
7.761182262569011073e+03
7.282706561166917709e+03
8.100533605158464525e+03
7.867621052220323691e+03
7.834175604504656803e+03
7.793405967377426350e+03
7.668745365412604770e+03
8.071833760929719574e+03
7.614480621686457198e+03
7.749293644969548041e+03
7.750158240948507228e+03
7.377005097091845528e+03
8.076427444276881033e+03
7.872329395431130251e+03
8.088336033114309430e+03
7.620047122455912358e+03
7.216545828699443518e+03
8.103773766769936628e+03
7.856515596099261529e+03
7.755247547247031434e+03
8.116401569321903480e+03
7.875107629591288060e+03
7.906330606284146597e+03
8.017706075554492600e+03
7.680347443696862683e+03
7.930744727439607232e+03
8.096630249639985777e+03
7.926223635127245871e+03
7.700346806508686313e+03
7.292236263340879304e+03
7.612924302912992061e+03
7.485477402333510327e+03
7.704040238256549856e+03
7.967624521919849940e+03
7.968684767424320853e+03
7.970276812504213922e+03
7.632585373272957440e+03
7.901462732360966584e+03
7.942280458200936664e+03
7.772580202571199152e+03
7.774506238967960599e+03
7.896411739909870448e+03
7.598439397705849842e+03
7.870861043252596573e+03
7.857095962039105871e+03
7.247029855597660571e+03
7.497463523343960333e+03
7.499463705599088826e+03
7.672272016806866304e+03
8.058124239274753563e+03
7.177708217990752019e+03
7.677491586014715722e+03
7.827855348583838349e+03
8.002479157001283056e+03
7.215681458283861502e+03
7.998936575910920510e+03
7.173971595303724825e+03
8.018955179537114418e+03
7.579415308873802132e+03
8.091561142289860072e+03
7.962131971236789468e+03
7.384458903415636087e+03
8.062038869416781381e+03
8.004627121649565197e+03
7.820231364580528862e+03
7.891099517601093794e+03
7.655321584363409784e+03
7.878879208550857584e+03
7.289670900247554528e+03
7.159090786470960666e+03
8.031048173647664044e+03
8.067039643950469326e+03
7.662189494273970922e+03
7.626063252332161937e+03
7.406872932921995016e+03
7.779141333946607119e+03
7.517079590889782594e+03
8.025054778450801678e+03
7.979545026948635496e+03
7.894459919083317800e+03
7.746757618666877534e+03
7.617293266493985357e+03
7.703891574585004491e+03
8.083520230104662915e+03
8.009577206156762259e+03
7.066023006484650068e+03
7.825238054359117086e+03
8.091036532910113237e+03
7.187684709926825235e+03
6.778920827588268367e+03
7.071624805733250469e+03
8.019446814206076851e+03
8.009256312927316685e+03
7.601110658086143303e+03
8.089992187866819222e+03
7.857009172966184451e+03
7.782117809060234322e+03
8.068162628162539477e+03
7.720858351025945012e+03
7.189749089862499204e+03
7.812007704297628152e+03
7.786341821615737899e+03
7.776961003991768848e+03
7.314763299149195518e+03
7.654180309762041361e+03
8.122764380053592504e+03
8.008911112019770371e+03
7.877007218823993753e+03
7.969717905785937546e+03
8.020193875662315804e+03
8.040374601966441332e+03
7.599625464624874439e+03
7.789535691681830940e+03
6.923756667187289167e+03
8.059336432385865010e+03
7.589119911172021602e+03
7.511988030117516246e+03
8.116887889337825982e+03
7.979442109614279616e+03
7.795805344265274471e+03
7.929670665248551813e+03
8.124462105420025182e+03
8.073056902487540356e+03
7.361799946456700127e+03
7.198650401221129869e+03
7.904338980528547836e+03
7.854997679925891134e+03
7.892046308362146192e+03
8.046967688648270268e+03
8.071339964219734611e+03
7.859235558691236292e+03
8.019023018995810162e+03
7.899439485574283026e+03
8.017245155050288304e+03
7.983665044671409305e+03
7.922902175979534150e+03
8.080441909005818161e+03
7.947253569643685296e+03
7.793315928680305660e+03
7.468200287365054464e+03
7.960110877023481407e+03
7.478693306642511743e+03
7.743927547976045389e+03
8.107485883955621830e+03
7.930032129817511304e+03
7.197430673655813735e+03
7.315883548683515983e+03
8.115959055406392508e+03
7.838147334076239531e+03
7.621933096247046706e+03
7.699650625329521972e+03
7.523356115294669507e+03
7.468200287365054464e+03
7.928097114775039699e+03
7.638894803666735243e+03
7.635747930074274336e+03
7.900965711570584972e+03
7.609589055606287729e+03
7.684124059233154185e+03
6.742835370564303958e+03
7.860694816711214116e+03
8.072959049959809818e+03
7.565731949100994825e+03
5.729060424307383983e+03
7.961332406856710804e+03
8.015165352338785851e+03
6.678020532180576993e+03
7.943340675798830489e+03
7.783137742069560773e+03
7.843883852689536070e+03
8.088126249298025868e+03
8.124825575948154437e+03
7.642010399902339486e+03
7.834426815172610077e+03
7.902321282115388385e+03
8.064980545155685832e+03
7.971908422335804062e+03
6.771759537541111058e+03
8.010554196301536649e+03
7.666857743534068504e+03
7.802458924311604278e+03
7.785197228077163345e+03
7.763452609968282559e+03
7.583701857432444740e+03
8.108267738176034982e+03
7.607190254771396212e+03
7.752512534300012703e+03
8.080717543238580220e+03
7.730787223140494461e+03
8.110046721343339414e+03
7.909984117051708381e+03
7.880314282882895895e+03
8.068221294281529481e+03
8.058321041626284568e+03
8.082343305122130914e+03
8.047226442891131228e+03
8.000545205540878669e+03
7.772584804078711386e+03
7.941972264807333886e+03
8.008987485027205366e+03
7.682789827065382269e+03
7.211820374629800426e+03
7.554816855062210379e+03
8.113231950937432885e+03
7.375037925052424725e+03
7.957665552053391366e+03
8.127615203515593748e+03
7.930795848727086195e+03
7.540472743494338829e+03
8.038508102271003736e+03
7.923532466988814122e+03
7.365459875190974344e+03
7.401866590135820843e+03
7.679597371125514655e+03
8.076500924678829506e+03
8.014924377172047571e+03
7.629188780670609049e+03
5.671873294842902396e+03
7.687700237740606099e+03
7.651624257583133840e+03
7.521695373725416175e+03
7.621599769945238222e+03
7.816136259219383646e+03
7.480347547845809459e+03
8.060842012645121031e+03
8.021164642804054893e+03
8.122680810138094785e+03
8.057334248897919679e+03
7.347827884610750516e+03
7.935897706839607054e+03
7.895633240586988904e+03
7.900965711570584972e+03
8.110459893095365260e+03
7.710662590554889903e+03
7.468737216607712980e+03
7.539641182723924430e+03
8.125651175228811553e+03
7.852149985765921883e+03
7.960516408214366493e+03
7.845895482037069087e+03
7.906459687796316757e+03
8.084834013436080568e+03
7.711543578368497947e+03
7.953071067207140914e+03
7.159390370733577583e+03
7.639440257137583103e+03
8.042842656877192894e+03
7.969845103800036668e+03
7.966893439817262333e+03
7.348046486681882925e+03
7.766435516579464093e+03
7.211860925706869239e+03
7.845086091316466081e+03
7.776344215545017505e+03
7.709628752531998543e+03
7.923867072394135903e+03
8.066429857626793819e+03
7.896375578508404942e+03
7.256806086070124366e+03
7.989132551115048045e+03
7.664285891490833819e+03
7.609504983053784599e+03
7.561648729770662612e+03
7.762367175213217706e+03
7.680955536722693978e+03
7.675181966923833897e+03
6.726234288397506134e+03
7.493595290821517665e+03
8.002720946668565375e+03
8.079432346079531271e+03
7.954236817412723212e+03
7.809199446495406846e+03
8.047572924281061205e+03
6.829156710848159491e+03
7.900730800376225488e+03
7.518350894982923819e+03
7.995942361561479629e+03
7.655635685923489291e+03
8.107207687675224406e+03
7.462552097513887929e+03
7.079304618820930955e+03
7.719217726869316721e+03
8.023703482211795745e+03
7.966980940092490528e+03
7.881061512933067206e+03
7.770182063542684773e+03
7.894924475287365567e+03
7.921456197838373555e+03
7.934224500208694735e+03
7.903946936313311198e+03
7.953245705923677633e+03
7.364779798975611811e+03
7.995107262944109607e+03
8.034538402422786021e+03
8.000301315377245373e+03
7.942080857652449595e+03
7.961579098631425950e+03
7.103721488099148701e+03
8.078168428819490146e+03
7.826920717386688921e+03
8.092319728727017718e+03
7.975165216411565780e+03
7.925517603669397431e+03
8.059284821222840037e+03
7.730283711382851834e+03
8.115285785151558230e+03
7.660828187922075813e+03
6.849996441188857716e+03
7.603083443369221641e+03
7.792321871918126817e+03
7.817825574779835733e+03
6.756380373480576964e+03
7.458711034353869763e+03
7.968898246533903148e+03
8.093440795313510534e+03
7.183158145087896628e+03
7.889808889092932986e+03
7.581745316099704723e+03
7.936116693910805225e+03
8.070751585981653079e+03
7.847914964026776033e+03
7.738389407779448447e+03
8.055615404538809344e+03
7.806193269382171820e+03
8.043178250622049745e+03
7.600916251995749917e+03
7.895704904524782251e+03
7.855715178451021529e+03
7.989132551115048045e+03
7.950969977845874382e+03
8.018566936724162588e+03
7.534027391106998948e+03
7.934247208083533224e+03
7.957518640044172571e+03
8.063929845916186423e+03
8.107049009095615475e+03
8.068165018640103881e+03
8.033446748393442249e+03
7.532585358869164338e+03
8.085035449066951514e+03
7.612410956373591034e+03
7.930114492314406561e+03
7.740954880418594257e+03
7.679092941905189036e+03
7.580275794022283662e+03
7.926648201859297842e+03
8.032415622323544085e+03
7.879104039871710484e+03
7.108318027507155421e+03
7.628754158780477155e+03
7.878299941812014367e+03
8.058361370244359932e+03
7.921887772176547514e+03
7.855042087807949429e+03
7.144632938243399622e+03
7.173971595303724825e+03
8.086462015477402019e+03
7.548228735663264160e+03
7.930424924801580346e+03
7.540306595950764859e+03
8.047767922458388057e+03
7.369378258835427005e+03
7.901412328667211113e+03
7.752023753099794703e+03
7.471197797733041625e+03
8.069115953515314686e+03
7.744466869472459621e+03
7.948790126524460902e+03
7.738255560075960602e+03
7.908929934710006819e+03
7.757833734772162643e+03
6.706845153784204740e+03
7.880161748501124748e+03
7.677359129968222987e+03
7.607839880315372284e+03
7.907672611516638426e+03
7.959502206087469858e+03
7.231045067926259435e+03
8.084513912460051870e+03
8.009073968564746792e+03
7.602104439286083107e+03
7.979702323162560788e+03
7.943241516328209400e+03
8.070403461089264965e+03
7.664589175705817979e+03
8.038013327183820365e+03
8.044146187487649513e+03
8.101208321136769882e+03
7.284477927591809930e+03
7.703509553048564158e+03
7.922387739460298690e+03
7.690598460217821412e+03
8.060357600159744834e+03
7.918006739111473507e+03
7.769232979321350285e+03
7.315742281509530585e+03
7.902002499212208932e+03
7.824154008205287028e+03
7.978268151612923248e+03
8.071173763841534310e+03
7.345600873928955480e+03
7.663268593367474750e+03
7.460213400988528520e+03
7.885481782601197665e+03
8.087803311132975978e+03
7.979998022318784933e+03
7.964299060258628742e+03
8.042166320598505990e+03
7.679581377956967117e+03
8.055484764282266042e+03
8.009073968564746792e+03
7.968920479617183446e+03
7.397724603533875779e+03
7.894822817685924747e+03
8.091725018732706303e+03
8.100528230888303369e+03
7.689983969456026898e+03
