9.063919546431990966e+03
8.831089249723103421e+03
9.107219644837296073e+03
9.087702023810566970e+03
8.570309255716849293e+03
8.626907253232366202e+03
8.391561512395404861e+03
9.152336216221905488e+03
8.720936827440862544e+03
8.159516660094275721e+03
8.749429519442968740e+03
8.886171329095024703e+03
9.152134560677865011e+03
9.168124388180545793e+03
9.190445126533166331e+03
8.953110730190172035e+03
9.022411933260376827e+03
8.624633652220541990e+03
7.898071299567182905e+03
7.574802019910846866e+03
8.514253734012545465e+03
8.823478097939305371e+03
8.025283623810397330e+03
9.133985852769128542e+03
9.001109765253604564e+03
7.480688197401599609e+03
8.974110872335713793e+03
8.330954779943122048e+03
7.907987930378138117e+03
8.637774443447924568e+03
8.162679827692723848e+03
9.100752157229857403e+03
8.597694929634742948e+03
8.951736356694713322e+03
8.868804453102813568e+03
7.678626423357424756e+03
8.895087808425074400e+03
8.835536214423982528e+03
8.620010240255553072e+03
8.521125305893339828e+03
9.074152751151601478e+03
8.720823538725468097e+03
9.129913632683112155e+03
8.961022150578262881e+03
8.480964495995953257e+03
9.021954403324751183e+03
9.157591296352467907e+03
8.567981206390602892e+03
9.068420414086293022e+03
8.508219824555448213e+03
9.129987442572859436e+03
9.159905123736953101e+03
8.087872396519275753e+03
8.258330205562981064e+03
8.278311627635317564e+03
8.915425357137224637e+03
9.128592443571091280e+03
9.023240688020934613e+03
9.081159641749167349e+03
9.147911886357587719e+03
8.878495894973817485e+03
9.007652406283516029e+03
9.191972294502236764e+03
8.894112617926988605e+03
8.990770013692070279e+03
9.081571849036452477e+03
7.910005968580363515e+03
8.819820933295646682e+03
8.363681777251204039e+03
8.777137299611920753e+03
9.000501766986544681e+03
7.248816604883786567e+03
9.022263070738183160e+03
7.320538247760518061e+03
8.933631045375459507e+03
8.335968234483210836e+03
9.087054072135670140e+03
8.770038089980349469e+03
8.668632764527097606e+03
8.614904216315384474e+03
9.092009115772008954e+03
9.133818483358889353e+03
9.073703553816139902e+03
8.839145085430824111e+03
8.681812652320388224e+03
8.323012050308647304e+03
9.054577748190611601e+03
8.733185778109149396e+03
9.196205922044624458e+03
7.323955752988365930e+03
9.048438284308958828e+03
9.198222613552714392e+03
8.144170735041318039e+03
7.617019841804240968e+03
8.707937392104053288e+03
8.347027619101632808e+03
8.877229512760684884e+03
8.988952038166644343e+03
9.101248519330751151e+03
9.019307171300912159e+03
9.032987953868705517e+03
9.139809275809457176e+03
7.885892502504138974e+03
8.618947065383481458e+03
9.039324376119822773e+03
8.797393434780560710e+03
7.843235876984468632e+03
9.032891103969821415e+03
8.729487328944949695e+03
9.188277746518535423e+03
9.162405069088328673e+03
8.705663955430347414e+03
9.161008432605014605e+03
8.440076568862134081e+03
8.040481402650151722e+03
9.197299886928467458e+03
8.653059195868292591e+03
8.848375089194012617e+03
8.993879727159523100e+03
8.790658327394774460e+03
8.309283900490208907e+03
8.742092024386140110e+03
9.076963015227165670e+03
8.948602225293780066e+03
9.197411139201620244e+03
8.930315762610709498e+03
8.875851835258083156e+03
8.380559735175222158e+03
8.946819081445471966e+03
9.199402259483144007e+03
8.671279531768966990e+03
8.286780398619746848e+03
8.278164184959623526e+03
8.762007830481277779e+03
7.269044929747800779e+03
9.168686669109458308e+03
8.617276928203016723e+03
8.810141426956195573e+03
8.646698171841813746e+03
9.196644734556957701e+03
8.428569759946167324e+03
8.972808368141821120e+03
8.125698546039827306e+03
7.582331354530448152e+03
8.815989576485895668e+03
9.023380868232856301e+03
8.986457788462226745e+03
7.757733716922584790e+03
9.181677778826826398e+03
9.176734300203890598e+03
7.885494530967362152e+03
9.192688937573979274e+03
8.371868634515787562e+03
8.866899512345764379e+03
8.567263814299194564e+03
9.157442179894407673e+03
8.950615337040446320e+03
9.137705338955001935e+03
9.002342706625249775e+03
8.962940383393899538e+03
9.018310036969303837e+03
8.280904464232105965e+03
8.611949004786318255e+03
8.635531237185492500e+03
8.989758411035310928e+03
9.171227620828178260e+03
8.380171320091794769e+03
9.199237420057721465e+03
9.011588589558767126e+03
8.840054288923878630e+03
8.715389016760984305e+03
8.895540456838438331e+03
8.722477159374257099e+03
7.894639806550049798e+03
7.867130484279294251e+03
8.934700983396116499e+03
8.883562510342602764e+03
8.883973328668600516e+03
8.477549277180500212e+03
8.650958364139662081e+03
9.070811135126190493e+03
8.854732535645143798e+03
9.186631960452330532e+03
9.167690230880172749e+03
8.763766350849376977e+03
9.008642312026757281e+03
8.668690025869358578e+03
9.117574386443444382e+03
8.419243996771487218e+03
8.968201498449221617e+03
8.935225356856766666e+03
8.929484024247300113e+03
8.860402444136629128e+03
9.053351853734566248e+03
8.465032019791320636e+03
8.141206902845080549e+03
8.832517858253248050e+03
8.667876704708194666e+03
8.801589544005892094e+03
8.965656091714441573e+03
8.159315900909007723e+03
9.173469926054272946e+03
8.252307287128667667e+03
9.195973736282341633e+03
9.165793110421655001e+03
8.885163478817399664e+03
9.046096151703592113e+03
8.730190862561925314e+03
8.835653108951388276e+03
8.880419604463088035e+03
8.991259560188485921e+03
9.114704231555959268e+03
8.705511645944996417e+03
8.075120639708695307e+03
8.804781016324495795e+03
8.245320219089922830e+03
9.024307977833590485e+03
9.159105813696296536e+03
8.961356975914026407e+03
8.330016969331587461e+03
8.844176936445855972e+03
8.632535732725602429e+03
8.761839749814482275e+03
9.165882963424417539e+03
9.115558908137176331e+03
8.923554444339577458e+03
8.599437865443262126e+03
8.196911715165486385e+03
8.915174329599156408e+03
8.685769388663982681e+03
8.952834683381848663e+03
8.627685464895448604e+03
8.383971898706739012e+03
8.705630216556171945e+03
8.741998136630199951e+03
8.442922166238939099e+03
8.469043203951336181e+03
9.175232840231610680e+03
8.925985797051074769e+03
8.801467674739575159e+03
8.985285790111318420e+03
8.837074441596072575e+03
9.001024052482551269e+03
9.121087199470013729e+03
8.016471317619102592e+03
8.256268091538160661e+03
8.630105950984350784e+03
8.490008171339404726e+03
9.159105813696296536e+03
8.962544421406153560e+03
8.768748430604873647e+03
9.058487834853338427e+03
9.147205477550802243e+03
9.134065184137127289e+03
8.620010240255553072e+03
8.441767311633368081e+03
8.854865101756186050e+03
8.670080102442698262e+03
8.969213195489879581e+03
8.595700529408342845e+03
8.652880226754019532e+03
8.571929588625973338e+03
9.176658863340031530e+03
9.062384506539419817e+03
9.155183498347247223e+03
8.662392219850562469e+03
8.548403996775514315e+03
9.003838945518848050e+03
9.074870224806471015e+03
8.160659957500314704e+03
8.884849383391871015e+03
9.033586874811646339e+03
9.119405467575208604e+03
9.120237031104970811e+03
8.065210477941127465e+03
8.594267957273597858e+03
9.065239410802478233e+03
8.509567188452772825e+03
8.968517191985360114e+03
9.175675302874471527e+03
8.112176181364254262e+03
9.065829319598939037e+03
9.074152751151601478e+03
8.605275176653394738e+03
9.167545326387838941e+03
8.973018401661785902e+03
8.336078303030802999e+03
7.939308603138895705e+03
7.312981073884522630e+03
8.731737148931388219e+03
9.044433080698505364e+03
8.999679072090882983e+03
9.157303572132121189e+03
8.923260754838585854e+03
7.843235876984468632e+03
8.637031870639455519e+03
9.139438914052821929e+03
8.568661738135135238e+03
8.990373244173149942e+03
8.677412841918239792e+03
8.296534768906383761e+03
8.872263051134317720e+03
8.376822223787152325e+03
8.708718997458621743e+03
8.611949004786318255e+03
8.636577962377377844e+03
8.916810701094478645e+03
9.041712245537977651e+03
8.541568273052149380e+03
9.012512240826525158e+03
9.035336856041511055e+03
9.173459302549956192e+03
8.183775127131075351e+03
8.460823390933803239e+03
9.070689346625302278e+03
8.831592823661176226e+03
8.675722917592695012e+03
8.774208590886933962e+03
8.644243749802568345e+03
8.831200346845409513e+03
8.119888230787735665e+03
9.112110654882384551e+03
8.876092702234720491e+03
8.365100394936740486e+03
9.061015388714113215e+03
8.235106235705228755e+03
8.953057215885495680e+03
9.037098928769555641e+03
8.959995261507152463e+03
8.990038608798524365e+03
8.608819931041420205e+03
8.933521008866096963e+03
8.570010047855874291e+03
8.421612159257325402e+03
9.078824727782846821e+03
9.033032477739692695e+03
9.087292509248296483e+03
8.886285995467582325e+03
8.802708033799204713e+03
7.666607013256233586e+03
8.622834087963205093e+03
8.845478962596653218e+03
8.678468854698148789e+03
9.025812823366351950e+03
9.145877396126476015e+03
7.582331354530448152e+03
9.040771148997533601e+03
8.340206058518286227e+03
7.978037584962737128e+03
8.990038608798524365e+03
8.360183948749463525e+03
8.529953384726853983e+03
8.477824959093482903e+03
9.162359524782505105e+03
8.898243481118977797e+03
9.007766107022887809e+03
7.972324336782129649e+03
8.843505648299100358e+03
9.203838140843648944e+03
8.933190246529233264e+03
8.732091028286766232e+03
8.878205013675509690e+03
9.174788646881548630e+03
8.749530258162067184e+03
9.182332558953890839e+03
7.582331354530448152e+03
8.432969646242165254e+03
9.167637367176937914e+03
8.902142540278890010e+03
7.788708403823455228e+03
8.559979390006023095e+03
8.946902231045964072e+03
9.071056645048753126e+03
8.847469374855292699e+03
9.166061264329688129e+03
8.721252764048333120e+03
9.189455807720984012e+03
9.058868002446155515e+03
8.833543470861686728e+03
9.007766107022887809e+03
8.826269214452884626e+03
9.179474384516244754e+03
9.146152612531761406e+03
8.982490893512940602e+03
9.174183040747069754e+03
8.797969438946747687e+03
8.786878628826398199e+03
8.698441379282461639e+03
8.195970082207124506e+03
9.065749162102280025e+03
8.808195858348919501e+03
7.683939085532827448e+03
8.524480149740713387e+03
8.796866681654017157e+03
8.993738160339569731e+03
9.136185553975652510e+03
8.856284819227987100e+03
9.185481881367548340e+03
9.090799686042391841e+03
8.774208590886933962e+03
8.458764430428303967e+03
8.609931221383874799e+03
9.108794324294152830e+03
8.742868403372598550e+03
9.118739120130914671e+03
8.534518759759483146e+03
8.776719150633643949e+03
8.898795496216724132e+03
7.888123264367982301e+03
8.859579315795635921e+03
8.927809016979630542e+03
8.881017237844540432e+03
8.533893839630049115e+03
8.880852711067416749e+03
8.648540837911539711e+03
8.051463801606372726e+03
8.923817360824301431e+03
9.025688125926655630e+03
8.484015230589957355e+03
7.801941058901099495e+03
8.110077992438049478e+03
7.859897618260380113e+03
9.132686116495880924e+03
9.162294647357764916e+03
9.005052019426053448e+03
9.050776003896791735e+03
8.443802931358313799e+03
8.580993254984157829e+03
9.017748440937783016e+03
8.583592582151122770e+03
9.037968978909346333e+03
9.194381833030562120e+03
8.553907517515985091e+03
8.474841479323393287e+03
9.079650234068416466e+03
7.879160602844925961e+03
8.384287245129899020e+03
9.102021826681451785e+03
9.039976539674584274e+03
9.185168011514824684e+03
8.783081978671918478e+03
9.116084339500874194e+03
8.930932141097859130e+03
8.762918509145836651e+03
8.107349859491113421e+03
8.473342176860547625e+03
9.161949002538742207e+03
9.108023522147199401e+03
9.002253329261773615e+03
9.098583745338004519e+03
8.684478617161203147e+03
8.646926278269476825e+03
9.113472892068584770e+03
8.954811729640776321e+03
8.985320737327368988e+03
9.025711186633418038e+03
8.855417049797826621e+03
8.605966076537066328e+03
8.760829965197166530e+03
9.105427040407901586e+03
8.993694917734577757e+03
8.305495342551490467e+03
8.555726991575038483e+03
7.269044929747800779e+03
8.776719150633643949e+03
9.168232654107985582e+03
9.007481565129723094e+03
8.512930895078274261e+03
8.998613652185582396e+03
7.984012761326041073e+03
9.017128013951540197e+03
9.029046936230144638e+03
8.997790093372423144e+03
8.960738469745279872e+03
9.143154503164481866e+03
8.892689086484942891e+03
8.713941961691181859e+03
8.927904557893067249e+03
8.981856672036406962e+03
8.329561668522601394e+03
8.730840859845982777e+03
8.283391999579695039e+03
7.763327230990571479e+03
8.945477097452789167e+03
9.078368908345622913e+03
8.931996594660487972e+03
8.314361916958936490e+03
8.795103197508424273e+03
8.791988350527040893e+03
9.085106043984427743e+03
9.079735219878333737e+03
8.205035510908866854e+03
8.618947065383481458e+03
8.957122859503055224e+03
8.353477668026604078e+03
9.019714136699383744e+03
8.670413256052506767e+03
8.447897373259502274e+03
8.826726518539398967e+03
8.900659227606785862e+03
8.932576464428200779e+03
8.054908544378371516e+03
8.093989325905344231e+03
8.795969079241280269e+03
8.745925865463857917e+03
9.006095037139160922e+03
8.091470610688988927e+03
9.180121365005576081e+03
8.740442237312370708e+03
9.027649045635978837e+03
8.145864971302089543e+03
8.284051985800073453e+03
8.892169439731333114e+03
9.029535054178155406e+03
8.993738160339569731e+03
9.108842183664684853e+03
8.646436558040360978e+03
8.196978433510919785e+03
9.120581561859740759e+03
8.513139681550845125e+03
8.352767593320832020e+03
8.692440291200402498e+03
9.121367055705517487e+03
9.066315475091842018e+03
9.138113512185384025e+03
9.058531914898259856e+03
8.573267072378603189e+03
8.667224393117949148e+03
9.147259426366967091e+03
7.793847814860679136e+03
8.745410835964039507e+03
8.873891226789552093e+03
7.698227440248669154e+03
7.443271355346138989e+03
8.897481409486577832e+03
8.392618154832622167e+03
9.201145450878326301e+03
9.069578102782150381e+03
8.841465546209594322e+03
8.361761759457236622e+03
8.193612851982506982e+03
7.117737396235908818e+03
9.003847297608208464e+03
9.189703912606582890e+03
8.969213195489879581e+03
9.089289393126029609e+03
8.893673160063526666e+03
8.438613372532168796e+03
8.955875716440777978e+03
8.446978209250341024e+03
8.947027348174491635e+03
8.448095071915107837e+03
7.642203839592695658e+03
9.148730332056289626e+03
8.742567198830278357e+03
8.919773962793093233e+03
8.908969161376868215e+03
8.103249814374778907e+03
8.117620561485320650e+03
8.631570713253968279e+03
8.620554903277505218e+03
9.137977792452220456e+03
8.755001767620606188e+03
8.865228265462899799e+03
7.787046979655024188e+03
8.956076285073624604e+03
8.391561512395404861e+03
9.076117275175021859e+03
9.104269390323495827e+03
8.321916053318591366e+03
8.080302152970040879e+03
8.399404629722936079e+03
9.103282900015048654e+03
8.882738187501976427e+03
8.507153560135715452e+03
8.298609642019588136e+03
8.634435586401226828e+03
8.684654696713263547e+03
8.818218200749444804e+03
8.724013053332464551e+03
7.417144983937108918e+03
8.772873790937950616e+03
8.713210136096780843e+03
8.567332533527382111e+03
9.190494528111430554e+03
8.645806210438162452e+03
8.493184715335901274e+03
8.932758547484110750e+03
8.767435663514310363e+03
8.767914381839635098e+03
8.505161665211355285e+03
7.724478723704844015e+03
8.737580305397008487e+03
9.107802254962163715e+03
7.952061245397491803e+03
7.371872023242352043e+03
9.191475531722797314e+03
8.438308860787066806e+03
8.557270593530474798e+03
8.594776508542390729e+03
8.517621974594951098e+03
9.145332761092999135e+03
9.143998391434388395e+03
7.786101154605022202e+03
9.164235924102966237e+03
8.342766725294704884e+03
9.159105813696296536e+03
8.477563636434013461e+03
9.068720294588007164e+03
9.111663562355821341e+03
8.532216966264313669e+03
8.520752204354672358e+03
8.541588890079321573e+03
7.616969700805520915e+03
8.323206779137537524e+03
8.566291262342801929e+03
8.705859731789219950e+03
8.222158395111622667e+03
7.113204697806314471e+03
8.926540588276686321e+03
8.104446037168840121e+03
8.880637034039962600e+03
9.091217522465178263e+03
8.826075419024773510e+03
7.695999089325430759e+03
8.544609016759661245e+03
9.093602576156547002e+03
7.879538889892665793e+03
8.350975972973303215e+03
8.242412240668352752e+03
8.712711612372688251e+03
8.661722694556750866e+03
8.781034634200599612e+03
9.186148987619006220e+03
9.121167224309825542e+03
9.141551037904817349e+03
7.955317557859198132e+03
9.071084526896178431e+03
9.116410678470308994e+03
9.160672970814648579e+03
9.169867357023769728e+03
8.324257492121252653e+03
9.025345943839538450e+03
8.906140662322130083e+03
8.400436980648857570e+03
9.098114860583053087e+03
7.999439155265650697e+03
9.197922535404821247e+03
9.173673380899002950e+03
8.889934842480457519e+03
8.986773726127794362e+03
9.019511817603759482e+03
9.053637055935698299e+03
8.464053991705819499e+03
8.077731945477436966e+03
8.849084830213418172e+03
9.114255916485610214e+03
8.116047639943454669e+03
7.568006702641778247e+03
9.094544559178233612e+03
9.001024052482551269e+03
8.965031370101347420e+03
9.065379640223727620e+03
8.618947065383481458e+03
8.520800121826487157e+03
8.688614687544813933e+03
8.675408432734013331e+03
9.068828065653193335e+03
9.068455270859492884e+03
7.867897515159378599e+03
9.026889447967339947e+03
8.875361238158679043e+03
9.191973691070123095e+03
8.660921509756197338e+03
6.557951516223187355e+03
9.101106387898573303e+03
8.256521607610056890e+03
8.908348281960521490e+03
8.099675389892970998e+03
8.797287175379404289e+03
8.329730654384613445e+03
8.985536937179562301e+03
9.151574682239823233e+03
8.666032210736177149e+03
8.898457762474510673e+03
8.623822951383899635e+03
8.027208846135331441e+03
6.863223123602439955e+03
8.313574545504554408e+03
8.665461511556608457e+03
8.918085154981827145e+03
7.757916962340012105e+03
8.697794928032401003e+03
8.827870365123479132e+03
8.509537608488717524e+03
8.404668841279011758e+03
9.155050969223910215e+03
8.950497154818445779e+03
8.476314075070777108e+03
9.185348260369653872e+03
8.617550977840521227e+03
9.091852256963331456e+03
9.096969762419572362e+03
7.996558746905650878e+03
9.193383353387987881e+03
8.266854293624704951e+03
8.509435399511803553e+03
9.072152256967994617e+03
8.152238094380020812e+03
8.676039686355063168e+03
8.266017739351462296e+03
8.371055348060961478e+03
8.982710093581725232e+03
9.198176459680660628e+03
8.710005513682021046e+03
8.774248756920220330e+03
7.113318443624102656e+03
8.899384228002112650e+03
7.884327934439686942e+03
8.387815286840352201e+03
9.057461621591512085e+03
8.876400094347412960e+03
8.797969438946747687e+03
8.800240080152121664e+03
9.190833687883750827e+03
8.326109476687212009e+03
8.682861923612703322e+03
9.057958096763806680e+03
8.164878415670236791e+03
9.047575962735423673e+03
8.570579334036940054e+03
8.705595156764826243e+03
8.076332600961506614e+03
8.821858048734105978e+03
8.389442158243158701e+03
7.734402846770981341e+03
8.566501508855031716e+03
8.618947065383481458e+03
8.892913500664250023e+03
8.343662963229049637e+03
8.758009402284678799e+03
8.083147319072358187e+03
8.944308909355297146e+03
8.593538585433889239e+03
8.625925574267654156e+03
8.763941799899719626e+03
8.623847397294095572e+03
8.820849736760090309e+03
8.313487052494756426e+03
9.059146923819909716e+03
9.064095854887058522e+03
9.140910044818145252e+03
9.081694994855310142e+03
9.057711800363194925e+03
8.268077456058501411e+03
8.010288862935389261e+03
8.962262160726892034e+03
8.885560988854453171e+03
8.983293566738997470e+03
8.405153043420723407e+03
9.050337841611953991e+03
9.203234103431739641e+03
9.146477224514103000e+03
7.992208067754963849e+03
8.312749546056256804e+03
8.618947065383481458e+03
8.276942003822277911e+03
9.065749162102280025e+03
9.083424550442410691e+03
7.987698041626741542e+03
8.762618133748346736e+03
8.681263002390685870e+03
8.412580115165885218e+03
8.943256842651777333e+03
8.718910061412807408e+03
9.137652025816782043e+03
7.750145091490145205e+03
8.903932368150266484e+03
9.091911653719038441e+03
8.890208415728327964e+03
9.175366384085666141e+03
8.751276798609635080e+03
9.179074883990495437e+03
8.015001342503721389e+03
8.080864880121496753e+03
8.641672935682003299e+03
8.640860943666819367e+03
9.141220584531687564e+03
8.206331201764505749e+03
9.171785273160377983e+03
8.876260178157022892e+03
8.803643543853613664e+03
8.640933142263942500e+03
8.027006388340909325e+03
8.937582200325658050e+03
9.194786330165305117e+03
8.443489926485366595e+03
8.513781320741863965e+03
8.880561076665182554e+03
9.033142602146152058e+03
8.879354399514240868e+03
9.041697252733018104e+03
8.887173850880279133e+03
9.057461621591512085e+03
9.151569877050522337e+03
9.055087092103276518e+03
9.134390257152323102e+03
8.504616386194900770e+03
9.047168017679387049e+03
9.130243908852733512e+03
8.802671519554987754e+03
9.098365782239436157e+03
8.803867433946830715e+03
8.142732211065876982e+03
8.937582200325658050e+03
8.619017037121197063e+03
8.983710823875513597e+03
8.061500355364231837e+03
8.557123268966272008e+03
8.648931357550261964e+03
8.593306935060791147e+03
8.839244483779621078e+03
8.908342626816523989e+03
9.030310408004053897e+03
8.173031423928022377e+03
9.073166205348608855e+03
8.636325621809713994e+03
8.916810701094478645e+03
8.303019987751966255e+03
9.107960258340863220e+03
7.404130974880546091e+03
9.125197763321433740e+03
8.461036279033325627e+03
9.049004519351841736e+03
8.945756518711305034e+03
8.926682231617120124e+03
7.582331354530448152e+03
8.332134723937138915e+03
9.158981012287313206e+03
7.554295020081854091e+03
8.982887585896343808e+03
8.324257492121252653e+03
8.673658959745554967e+03
8.707458949147865496e+03
8.973081995844058838e+03
8.985309806330837091e+03
9.071664266308427614e+03
8.853392006943737215e+03
8.237809696810862079e+03
9.153546057005241892e+03
7.425776476931795514e+03
9.169311261448696314e+03
9.122430672794600468e+03
8.564645882887725747e+03
8.236547137058461885e+03
8.445043752246550866e+03
9.086427414274028706e+03
8.957444927533440932e+03
9.130475317172244104e+03
8.521982724729492475e+03
9.088516938752261922e+03
9.152229067942585971e+03
8.931571509730172693e+03
9.089118873058923782e+03
8.075208768596040500e+03
7.924859864096637466e+03
8.653671990431004815e+03
8.696148524251626441e+03
8.517052322805553558e+03
9.149829810331108092e+03
8.887173850880279133e+03
9.078991057243327305e+03
8.755499475826052731e+03
8.955803823607460799e+03
9.195942673758330784e+03
9.113023016693094178e+03
8.880620291701814494e+03
9.197214820363346007e+03
8.561241814347005857e+03
9.015564481728630199e+03
8.701070967354502500e+03
8.562386498617710458e+03
8.236547137058461885e+03
9.076181263655502335e+03
8.930984855580758449e+03
8.021056713807360211e+03
8.768400487101149338e+03
8.947883813469890811e+03
8.649910699853451661e+03
7.926314164640469244e+03
8.762569326071865362e+03
8.309612057855763851e+03
9.121777916666373130e+03
7.647939533164453678e+03
9.155113538542376773e+03
8.587984116214292953e+03
7.758451612863777882e+03
8.556111895461910535e+03
9.195369126100300491e+03
8.312652195068600122e+03
9.042140628380204362e+03
9.026236117826494592e+03
8.883237937580242942e+03
9.064211769122885016e+03
8.642305899968836457e+03
9.144394006836184417e+03
8.477482866001939328e+03
9.179172900471061439e+03
8.540395182507207210e+03
8.243818262830323874e+03
8.176119401044944425e+03
8.919585182086204441e+03
8.556892418637256924e+03
9.190823931626211561e+03
8.679914629859409615e+03
9.120700492118794500e+03
9.152634704170706755e+03
9.024852642840662156e+03
8.909039941932518559e+03
8.492580409951473484e+03
8.692440291200402498e+03
8.113342447238287605e+03
9.168185687312201480e+03
7.471511929694693208e+03
8.301493187405059871e+03
8.930417636502392270e+03
9.177052955520575779e+03
8.975289032797527398e+03
8.595855731076404481e+03
9.154875301080715872e+03
9.116550000485976852e+03
9.024754327494432800e+03
7.618292416322568897e+03
9.136233428875581012e+03
8.497640565540063108e+03
7.668453878433735554e+03
8.820839356178699745e+03
8.950082784586920752e+03
8.950147550258536285e+03
8.624271169596291656e+03
8.570929370171887058e+03
9.097838166517331047e+03
8.441666272051368651e+03
9.193581416636769063e+03
7.587342268481038445e+03
9.144356918368826882e+03
8.447897373259502274e+03
8.949598219656178117e+03
8.951031947100635080e+03
8.737131491302690847e+03
8.922430356110118737e+03
8.752545496006217945e+03
8.247225652384126079e+03
8.677954180985278072e+03
8.864979070697247153e+03
8.943467895847945329e+03
8.825552208637396689e+03
7.605438300579504357e+03
9.086408478798746728e+03
8.080538280030496026e+03
8.709653065271862943e+03
8.728916700779658640e+03
9.056675462687802792e+03
8.809453697983884922e+03
8.832753923103678972e+03
9.144025973464858907e+03
8.712437573969036748e+03
8.932607924092912072e+03
8.917673047879985461e+03
8.075091092414312698e+03
9.081184726455448981e+03
8.698500834868069433e+03
9.136883523672182491e+03
9.150576090134909464e+03
8.855783210787842108e+03
8.513781320741863965e+03
8.876665659864047484e+03
9.115709964411757028e+03
8.151567494705307581e+03
8.793667028390738778e+03
8.900215671855450637e+03
9.127795954487597555e+03
8.435793958070755252e+03
8.641170947421600431e+03
8.606505146948222318e+03
8.977650570232624887e+03
8.332757554405799965e+03
8.400931836589476006e+03
8.992039150979600890e+03
8.796171328686550623e+03
9.154139121406735285e+03
9.158222729274286394e+03
8.615946717160470143e+03
9.188637329698114627e+03
8.984525994478077337e+03
8.759453593028993055e+03
8.526192566173487648e+03
9.100277991078815830e+03
7.592806458415581801e+03
8.716064080736048709e+03
