7.263278177505878557e+04
3.001751320995853748e+05
3.438323455886251759e+05
3.636288471758265950e+04
5.652868582852465624e+04
1.822967148662170803e+05
3.482691178817363107e+04
1.105840846814563847e+05
4.799267227876232937e+04
5.818183073718326341e+04
3.448509606579731189e+04
1.848380877500371425e+05
4.076628011221354973e+04
7.549627010304028227e+04
4.200287394820118789e+04
2.604410400047398434e+04
1.807536473929549902e+04
2.786357121583398548e+05
1.031045755308297812e+05
1.253585656863555923e+05
2.993675760246649588e+04
4.743166273831762373e+04
6.255725090374422143e+04
1.114898404857677087e+05
3.561839212969713117e+04
2.725442635996566969e+04
1.414295835116592934e+05
1.797225172302585561e+05
9.608892027228369261e+04
6.557182428310372052e+04
4.292041882704089221e+04
5.512553719648881815e+04
2.566140522930824227e+04
4.825640423365937750e+04
4.415256839999082877e+04
3.515403722750292945e+04
2.535355282805177558e+05
7.591685766386223258e+04
4.504805411968156841e+04
3.061801206323999941e+04
3.525285496117125731e+05
2.093508324811639031e+05
4.018427320428224630e+04
4.778217607423183654e+04
1.551845594551006216e+05
2.732773984242844017e+04
3.356839876189193456e+04
4.701901199641053972e+04
3.408867247103338013e+04
3.045617728958344014e+04
2.388774299533872691e+05
4.039233097873025690e+04
5.953779170836704725e+04
6.598416896033051307e+04
4.359390035260675359e+04
5.789182433127881086e+04
2.953097162635893619e+04
5.216352798160070233e+04
1.131604480453084252e+05
1.837181967940387403e+04
3.937472566749720136e+04
4.394374510736524826e+04
8.511108827311347704e+04
8.301823359319931478e+04
9.284885662609609426e+04
1.053392704292192066e+05
4.959609011707222089e+04
2.745740320484135300e+05
3.594129310319302022e+04
5.806323559523466974e+04
9.602406453033222351e+04
4.037008428035715042e+04
4.991629489006994118e+04
4.825276991929700307e+04
4.430967696066127246e+04
2.826795490744988201e+05
4.345654066450228129e+04
1.651593962783360621e+05
8.738957652320916532e+04
4.141528076035399135e+04
9.778188742538646329e+04
1.393990102204106515e+05
3.963213250140777382e+04
4.505873594910568499e+04
4.352275291292563634e+04
8.007418803509524150e+04
1.734368844674555003e+05
4.593917154521679913e+04
5.514435851001911942e+04
4.757843417631811462e+05
2.602836143899083618e+04
1.546807965539366705e+05
4.353405223678346374e+04
1.741348034569484589e+05
6.677938262957523693e+04
4.493502898407641624e+04
6.559215676954522496e+04
4.917941847114354459e+04
1.246147808835339383e+05
3.926313337883698114e+04
1.932737810244276188e+05
2.195097660876766022e+05
3.776859193039163074e+04
1.621845173556697846e+05
1.069553894895767880e+05
5.240604783843277255e+04
4.324123729733785149e+04
1.680849156962623238e+05
6.601170449394625030e+04
2.177472908391460951e+05
5.402192363917626062e+04
9.520602503207663540e+04
5.309441081005759770e+04
3.270551173567028309e+04
3.295122553101120866e+04
5.089106193876318866e+04
5.836281909161953081e+04
7.818361175922545954e+04
4.290532102763508738e+04
2.913035151671090716e+04
6.338179507922906487e+04
1.928211084927152842e+05
7.979816518081717368e+04
4.553668525859954389e+04
4.694150783592126390e+04
1.641505181769869523e+05
1.322281501802490384e+05
1.185558493259060051e+05
5.085747815619767061e+04
9.925776689357576834e+04
1.677584452080348856e+05
1.411851428067319794e+05
3.250755147110065809e+04
5.332391775924139802e+04
3.453498219602771132e+04
3.109769401519226376e+05
6.300311313380690990e+04
7.743539645314074005e+04
5.236355827735364437e+04
5.400155065452316921e+04
3.374744326742693083e+05
2.355430338382882182e+05
1.897673474989866081e+05
3.042654285319527480e+04
3.313023456145044474e+04
6.275165859669020574e+04
4.844677871289926406e+04
3.826618418332454894e+04
9.373483826037922699e+04
7.431586010805694968e+04
7.757718649976918823e+04
3.450521489547175588e+04
9.838981323499805876e+04
4.533747622513216629e+04
3.557467996923429018e+04
9.100031352189488825e+04
8.429435188731431845e+04
4.842430969847219967e+04
5.302520296817729832e+04
4.694678982351637387e+04
3.677141428731681663e+04
5.508568669258917362e+04
1.812026244063053746e+05
2.509557653086629944e+04
5.867177306601629243e+04
4.259188745643550646e+04
2.192259982695057988e+05
2.464361872233269969e+05
5.198319791172194527e+04
1.222989262224748236e+05
1.656864685130923754e+05
3.748508306418556458e+04
5.173455644370049413e+04
3.707315718492223095e+04
4.661438410180006758e+04
4.691365850287345820e+05
2.680759510975928424e+04
6.601902466475624533e+04
2.169684212625753134e+05
6.055567694833122659e+05
4.598027745680835505e+04
3.174892231141336379e+05
8.738763502246874850e+04
1.908400181617184717e+05
2.564161015850496915e+04
7.052162001481076004e+04
4.125460711804535094e+04
6.577660674102259509e+04
5.448022666216907237e+04
3.104179928397779440e+04
5.876099888309642847e+04
2.126225265712191467e+05
2.509438210442296986e+05
5.910889297318506578e+04
3.311732580841874005e+04
1.441442713759600301e+05
7.889552289140319044e+04
3.799483371168459416e+04
2.464124800958928972e+04
4.174181515929293528e+04
2.975911934919641863e+04
4.731531132648578205e+04
4.280673266351006896e+04
3.082775601837052382e+05
9.276556304745467787e+04
2.500868046318500637e+04
2.182876252388054854e+05
4.403415437183890026e+04
3.580876199174157955e+04
3.217490470810541956e+04
5.117777046893865918e+04
3.679436036481111660e+04
3.264310353120830259e+05
4.183016713608002465e+04
4.104751818777477456e+04
4.418236712264524976e+04
2.746250706959039671e+05
3.142855458332779745e+04
3.209590964850903401e+04
6.371019865065628255e+04
2.969856453587923897e+04
3.656582368242698722e+05
3.910897276103564946e+04
5.140341134135719767e+04
8.213704351617544307e+04
8.755360067623257055e+04
5.264565520564564213e+04
5.502416126224133041e+04
3.469935143473316566e+05
9.216766823414794635e+04
9.055204248070475296e+04
9.321618800414548605e+04
3.438890972679566767e+04
6.035377281530541950e+04
4.110733722135699645e+04
3.919913093494063651e+04
3.622537367029114102e+04
2.945954487812260631e+05
1.072148508206959668e+05
5.032967010021765600e+04
4.519271178841088840e+04
1.186610964901870320e+05
6.130920899837334582e+04
4.229442454902858299e+04
2.870166455777481315e+04
1.713184230520090205e+05
1.368194651024595951e+05
4.068731597843364580e+04
4.511518988527840702e+04
7.049029478910146281e+04
3.654539045253508084e+04
4.156437246429278457e+04
9.439108326312674035e+04
1.148361663468880579e+05
6.083439826317343250e+04
4.010943004399618803e+04
5.971779148848108016e+05
4.221954210111394059e+04
1.056197461129634175e+05
2.676538474382077402e+04
4.770271362967572350e+04
1.295802181184635410e+05
6.025923198627106467e+04
2.450901993035849955e+04
8.350295640292676399e+04
9.414174308720229601e+04
3.883109966747433646e+04
4.515742490834255295e+04
4.329020378199868719e+04
2.901500152240868920e+04
2.502439402229536063e+04
4.206792872734893172e+04
5.729444857506098924e+04
2.983932213596971123e+05
4.365244296209578170e+04
2.864510508188350650e+04
1.154787147215911391e+05
4.545482047731987404e+04
6.278031562550558010e+04
3.868371182942470477e+04
3.029660866787406849e+04
3.213824836913478066e+04
1.308315847231353837e+05
7.677339044480555458e+04
4.570348811062408640e+04
4.983289417046117887e+04
3.550854881876410946e+04
7.798857172645977698e+04
2.507413121636463256e+04
4.984096064711362123e+04
4.235464551048209250e+04
1.496078104796132538e+05
8.084792420514702098e+04
3.492562098087085178e+04
4.450625764096084458e+04
4.757631543185214105e+04
4.163685045836690115e+05
2.719957042968533642e+04
6.507686750115615723e+04
8.997321426920407976e+04
1.376672040527304634e+05
4.110100027048883203e+04
1.479799441615433025e+05
3.635813365113212058e+04
2.775854015898208308e+04
3.001562714098633296e+04
4.150858919671166223e+05
9.243301319603571028e+04
5.399198588985849346e+04
1.381821882285983011e+05
2.390858394867718162e+05
3.429017706096815527e+04
1.254826831220824242e+05
5.876350327415142237e+04
3.425439520194471697e+04
1.405534705823807162e+05
3.053307218096508877e+05
3.748251536063085223e+04
3.663904644849772012e+04
6.559987191017650184e+04
1.812928587399551761e+05
1.485446977599010570e+05
4.504072365142498165e+04
2.348672221292868489e+05
5.698284206841536798e+04
4.510295244704918878e+04
3.234113272825441527e+04
3.714684795454862615e+04
8.221834808005808736e+04
1.075257097222662123e+05
2.497597154797053663e+05
1.910277885653600679e+05
6.980670902864662639e+04
2.267338341515933862e+05
4.391076537367962737e+04
7.423522601289834711e+04
6.403206278789488715e+04
4.006954014911552076e+04
4.689653513806671981e+04
5.858862696898452850e+04
6.578401768488108064e+04
3.825307484904817829e+04
4.203492287126395968e+04
5.139186992797850689e+04
3.191903985871226178e+04
2.397247513040587946e+05
3.679112385426376713e+05
4.527702667683106120e+04
4.137764961225683510e+04
2.574869550212714967e+04
2.656990352309319424e+05
7.914383491483682883e+04
1.003565399594771443e+05
1.674029235232060892e+05
4.774286749456055259e+04
7.023288843477614864e+04
1.929164511194215738e+05
7.797848478697647806e+04
4.621381243177281431e+04
4.256486491342236695e+04
6.902297039358285838e+04
2.267316182466978353e+04
9.512117520086397417e+04
4.014844566040165228e+04
5.299207008051887533e+04
4.948251442126539769e+04
1.107022031250175060e+05
2.753925480126401817e+04
4.089375542719261284e+04
5.740911687643069308e+05
9.650225877540110378e+04
4.653629806577373529e+04
6.863016921065360657e+04
2.714021295177339925e+04
3.195526134832956814e+04
2.665409913463627890e+04
2.827067032837843290e+05
7.472907639994338388e+04
6.962101300133949553e+04
4.914528038988790649e+04
4.868509338416928949e+04
2.373943542748934124e+04
2.720284443661322439e+04
1.327367551167045021e+05
4.862871409181583294e+04
4.351399817460657505e+04
5.218785424360698380e+04
4.654001298038176901e+04
8.873020494246053568e+04
6.946024970337744162e+04
5.769289155203002883e+04
3.890834203805007564e+04
8.456117355655787105e+04
4.879715323461762164e+05
4.505951749597843445e+04
4.597246359692151600e+04
8.015973287050359068e+04
2.498202975900674937e+04
3.365162532191546634e+05
4.969184964571457385e+04
1.063053359726459603e+05
4.255510618863988202e+04
4.314681800814488815e+04
5.175584779012255603e+04
3.455773995680164808e+04
3.774432545945104357e+04
4.290159133018941793e+04
3.291893775085380912e+04
4.232696283894000226e+04
6.437405758756549767e+04
5.007346424023222062e+04
8.385504123183540651e+04
2.535300078756514267e+04
3.660228444290433254e+04
2.483508092096793116e+05
3.331739383410560549e+04
7.659964404435813776e+04
5.197874719511749572e+04
7.130269165351288393e+04
6.754910564797784900e+04
4.599862850164350675e+04
5.927382327841289225e+04
2.654660414331089851e+04
6.208054040194430854e+04
6.442406960664394137e+04
1.180984928723082994e+05
2.772783569701464730e+05
4.727469251480056846e+04
2.922108687972764164e+04
2.770369712349636029e+04
2.131132189595693490e+05
1.578277543751244666e+05
4.088289537311337335e+04
5.676260342116354150e+04
4.092330524406024051e+04
5.184291625749159721e+04
3.427157960287909373e+04
5.507448910737608821e+04
1.014795772119901376e+05
4.171132478163548512e+04
9.690286492042330792e+04
1.393901101849537517e+05
4.515867551829590229e+04
5.860048196428541269e+04
1.026933682937718404e+05
5.138529664298090211e+04
2.507058637004283955e+05
7.944821735626790905e+04
1.556766923263236531e+05
4.131000210991534404e+05
5.497486940718656115e+04
6.185798564436554443e+04
2.369706445621104795e+05
3.983133315290293831e+04
2.189551530043305247e+05
2.202011759006243956e+05
2.198897829242459848e+05
1.211448725955661357e+05
4.772507209993491415e+04
2.688859757640633325e+04
1.705299661650935595e+05
9.134375050797352742e+04
5.841341563554803724e+04
8.784347205447658780e+04
4.723719710411452252e+04
2.318574301721790107e+05
2.861804653209024109e+05
5.881506386614527582e+04
1.699010466345787281e+05
2.340499049621982849e+05
2.948095680060535669e+05
4.063800290188388317e+04
6.279318397874324000e+04
6.561591100320225814e+04
1.699297968942970037e+05
4.253645402669681353e+05
1.381571370748867921e+05
6.823639742139197187e+04
8.107134024529327871e+04
4.084266658814958646e+04
4.145554291936184745e+05
3.009208900482098761e+04
3.317192212132629356e+04
2.493495002718317846e+04
2.623681770301921642e+04
2.940445362399754595e+04
9.351871542563104595e+04
3.437750325174273166e+04
3.646356675966976036e+04
4.783521909328193578e+04
3.894124694627229474e+04
4.438499403300193080e+04
3.817763656780049205e+05
4.091045740173036029e+04
1.675152843272312894e+05
1.695229428527506825e+05
5.126271536063856183e+04
3.443186657172850391e+04
4.162495897134663392e+04
2.890397896350879455e+04
5.907552804782603926e+04
8.275801167614819133e+04
3.503530853126043803e+04
4.165279967493876757e+04
3.087923778755404783e+04
1.043111108952138893e+05
7.594526531343616080e+04
3.174158239356317426e+04
4.487632933681593277e+05
1.562036377321608888e+05
2.960991934824023701e+04
4.645842297922915895e+04
3.261358337999915238e+05
5.286534827496358048e+04
3.675916109924535849e+05
4.881511095353680139e+04
2.875202841736800474e+04
2.648975016519778874e+05
3.300183831418078626e+04
4.416726732384799834e+04
1.934513397374160413e+05
5.520952095394750359e+04
4.658606650061292748e+04
3.658658692935766885e+04
1.200129058046589489e+05
1.032751149222784879e+05
3.437039595937891863e+04
1.621466229570790892e+05
8.196470861141756177e+04
3.512239185583367362e+04
4.170738888120194315e+04
6.040156388095756120e+04
3.432139749769790797e+05
9.558891270308988169e+04
2.576156048295269647e+04
2.966981490298865538e+04
4.243983661297264916e+04
7.344635585033628740e+04
8.127947175505082123e+04
1.365284064014517935e+05
1.124176883190778317e+05
3.739182329185087292e+04
4.614516987257570145e+04
5.689535643671150319e+04
1.395727297349700821e+05
1.410785837625020358e+05
4.188005890976026421e+04
6.384512017946375272e+04
6.847864215929998318e+04
3.949143806468225375e+04
4.601793312426112971e+04
3.528952811507995648e+04
4.299522523647725029e+04
3.954066126188711496e+04
4.009800872063611314e+04
4.495463732578713098e+04
5.501498238558321027e+05
6.169959703279984387e+04
9.849836839737498667e+04
3.533644242335502058e+05
4.603267062569468399e+05
4.368648990656476235e+04
1.003634135797063354e+05
4.561612269086523156e+04
4.895117717533785617e+04
8.637618533528123226e+04
3.966288764956011437e+04
8.158432498982717516e+04
2.918941800386572722e+05
5.628047190770074667e+04
9.004484270452473720e+04
4.028623650650426862e+04
1.297290097750618006e+05
4.919455447056245612e+04
4.256414033959987864e+04
2.920610732406171155e+04
4.759311574197879236e+04
1.183450813066076371e+05
1.413013875471135252e+05
3.328625083042834012e+04
8.777019061164460436e+04
4.883965860114481620e+04
1.090784213486812077e+05
4.081679142919240257e+04
3.365876273750296241e+04
3.059063429024579091e+04
3.832287752713100053e+04
5.395839276784151298e+04
3.699282771050354932e+05
1.652200854696289753e+05
2.481413612200015996e+04
4.896619303212665545e+04
3.884661816821196408e+04
4.606240335899493948e+04
3.547595144862476736e+05
1.349736200473540812e+05
9.714891705191672372e+04
5.979542894664683990e+04
6.475798467450234602e+04
5.983714173500578909e+04
9.101344417196439463e+04
4.477187684797887050e+04
5.400423445520813111e+05
8.393449457811954198e+04
2.842944207469194953e+04
4.775575499373489583e+04
1.175536667747309257e+05
3.084863503447025869e+04
5.669909630116676271e+04
4.198148728336917702e+04
3.342416757677673013e+05
1.227271890447289479e+05
4.654415445765555341e+04
5.335405651499061059e+04
2.301673832859746180e+05
1.526217009472920909e+05
2.829101789267138811e+05
3.722109067451715237e+04
5.613115263918870187e+04
5.538933900426602486e+04
3.338442977551799268e+05
3.371033345184605423e+04
6.003882121228473261e+04
5.730991167796049558e+04
2.707658986615059257e+04
5.272753985764090612e+04
2.555644142750791434e+04
2.797932992554607335e+04
3.508801355986800045e+05
4.800978027174380259e+04
5.085412075870244007e+04
3.172343711916984830e+04
8.213253708257677499e+04
3.156318365097513015e+04
9.915533815040141053e+04
4.020730811258763424e+04
3.269996848321847938e+04
4.568662833566785557e+05
4.149070890322276391e+05
3.341225020881711971e+05
1.136274314867882349e+05
1.505411892347720568e+05
4.472545459174310963e+04
1.897112601807148312e+05
4.689608226325488649e+05
6.785030609282583464e+04
1.105277884412213316e+05
1.046352590327330981e+05
2.846393739651220676e+04
5.958284441085460276e+04
6.596879495546601538e+04
2.647874417432360133e+04
4.294862326809982187e+04
5.192430689229235286e+05
2.572488763082910154e+05
6.049725136248886702e+04
4.234977727100699849e+04
3.381489893346744793e+04
3.298608000548284326e+04
7.125898086609353777e+04
4.266172282805185387e+04
5.041225427329294034e+05
4.162803104499584151e+04
6.222352604329216410e+04
4.947558233564955299e+04
5.384195713852008339e+04
3.864044570874103374e+04
8.766637490320767392e+04
6.139588218866373063e+04
4.614146180484874640e+04
2.893445610228551232e+04
7.331142635536383023e+04
8.713512094713984698e+04
1.279629032593208103e+05
6.652439046375711914e+05
4.377115716800702648e+04
8.506237418769416399e+04
4.258651642443431774e+04
3.532961099508209736e+04
3.904530141261903191e+04
2.645373565655855928e+05
7.404868916755600367e+04
4.283408356921987433e+04
3.567028494415286696e+04
1.619241491125251632e+05
3.930128446385813877e+05
4.201001588013146829e+04
3.921593218785792124e+04
2.712076161614526427e+04
5.563459562576439930e+04
7.549330883705856104e+04
3.530219846885648440e+04
1.337430624502909486e+05
4.181266243582162133e+04
1.914401130483039306e+05
2.646442064416882931e+04
3.103390344796567661e+04
8.252164856968628010e+04
7.087228823277042829e+04
3.875601091328563052e+04
6.653657523198987474e+04
2.283305011925447034e+05
2.089859289321866818e+05
6.182505229682329082e+04
5.175309554204296001e+04
6.562853695379127748e+04
2.399365467755772625e+04
4.500545319172317249e+04
1.404982465288942622e+05
5.542817927980766399e+04
4.218991564947916777e+04
4.607996115461245063e+04
1.290324670951848821e+05
1.835724547229190648e+05
1.086491957618737652e+05
4.999634258596840664e+04
9.651993236210053146e+04
2.882364834608751335e+04
3.290789690667379909e+04
6.628632719958847156e+04
9.186645104927706416e+04
2.336135874662880087e+05
4.173550733209392638e+04
4.393973531075281790e+04
1.824497208976374532e+05
1.495748818284557783e+05
3.978425410578351875e+04
2.443039518061816852e+04
4.827045506607803691e+04
4.800759303140301199e+04
4.651256598539749393e+04
5.457839246054175601e+04
5.684110863243043423e+04
5.246486663490839419e+04
2.884837931109836209e+05
6.742669136615731986e+04
5.502039486185718852e+04
4.424725755652057705e+04
4.542152882363635581e+04
3.837113024550515547e+04
1.083798215009246778e+05
1.944553795782082598e+05
4.522094013608421665e+04
1.699425860390608432e+05
2.499192435522988671e+04
3.878638645112952508e+04
6.013368732791915681e+04
4.321891776698770700e+05
6.489300770969863515e+04
3.023582710136694950e+05
5.337176780445202166e+04
1.077004048990839947e+05
5.184796623768161226e+04
3.991358668110582221e+04
1.196614778709358361e+05
5.905854877514297550e+04
8.242739443580119405e+04
1.008733086168259615e+05
4.466133223357608658e+05
1.191971498729133164e+05
3.515671594706657925e+04
1.101350641243419377e+05
2.907916772992581245e+05
7.350742938712285832e+04
6.894653775029297685e+04
4.568063542049707030e+04
3.531799784365661617e+04
5.038154110874212347e+04
1.709067368615586311e+05
2.759404249743189212e+04
5.343926249509364425e+04
4.117434542943736596e+04
9.186817400645170710e+04
6.196185517836945655e+04
2.701333828857441040e+04
8.067142629157278861e+04
5.820591298338022898e+04
3.377209286253864993e+05
1.229272690659322252e+05
2.722122288684442901e+04
6.329709585616044933e+04
9.445936948200507322e+04
5.516655269684991072e+04
3.265022931353775130e+04
4.373663594979190384e+04
4.210567638285135035e+04
5.139314181974888197e+04
5.415541656539503019e+05
3.124306883615044644e+05
2.518497681439613370e+04
9.843277626024914207e+04
2.641417427650460158e+05
1.350152489178699616e+05
2.941758736916609341e+05
6.658034907937925891e+04
4.274368229699017684e+04
2.782367469303427060e+04
3.230636381319678549e+04
9.367014420385716949e+04
2.694553456065215869e+05
6.044709937032392481e+05
6.950253069596044952e+04
3.082628537773730350e+05
1.419765608389361878e+05
3.955735447567473166e+05
5.167564630751119694e+04
1.127510252542424132e+05
1.333334902865989425e+05
7.571570127410221903e+04
3.891232793111756473e+04
3.568011152314771898e+05
4.618681649544191168e+04
4.211775267606340640e+04
4.158415544793933514e+05
3.798590106395712064e+04
2.362392964651268267e+05
4.482273754614139034e+04
5.044685142300208099e+04
4.750366636508150987e+04
2.629736317253029847e+04
5.031701211135157791e+04
4.732972507785976632e+04
4.862927965379884699e+04
9.917106536768813385e+04
4.310448018690328172e+04
2.894011388400303549e+05
2.895926380807131063e+05
4.982840782086310355e+04
3.824601847695176548e+04
3.356532616076960403e+04
1.664222441779918445e+05
3.018219353886984391e+04
3.965435411986557301e+04
3.208444634321104604e+04
3.678342870497293188e+04
6.560142660158022773e+04
1.778491964709445019e+05
2.893928227992315442e+04
4.345143037592449400e+04
4.615354326074583514e+04
4.377827776584553794e+04
5.419955759111473162e+04
6.754168430505730794e+04
4.007820579162027570e+04
1.261347470406148495e+05
1.147818982660833281e+05
3.237610050613748899e+04
3.016996340752042597e+05
2.784323957744499203e+05
4.497723505416352418e+04
5.055342541348151281e+04
2.688643511752119957e+04
4.461830328563254443e+04
1.281314588314641587e+05
3.735412251666039811e+04
5.698606350138467678e+04
4.694182743261379073e+04
3.033482730226426793e+04
4.649063049194467021e+04
3.483013167854907806e+04
2.522945549371525995e+05
5.613220134255375888e+04
2.258360004193417844e+05
1.106885044935404730e+05
4.907492824291469151e+04
5.747472637840774405e+04
4.715616112151757261e+04
5.985448496879818413e+04
4.242412771837917535e+04
4.285589536867251445e+04
2.171139789160665823e+05
2.472714215101416921e+05
2.655519857545807827e+04
3.988877594616262650e+04
2.486626517303651781e+04
6.686901070646359585e+04
2.747320893608952611e+04
9.911438994182643364e+04
4.090977389140961168e+04
2.932586199653223957e+04
3.332856595987775654e+04
1.957176154828993604e+05
6.214782366263726726e+04
5.122913676024309825e+04
2.216430324957497942e+05
8.445147848001700186e+04
2.570419473246108464e+04
5.151107766888557671e+04
4.558272434650905780e+04
4.018727670616235991e+04
3.087442777132149786e+04
4.139892511028545414e+04
2.518651454281800761e+04
4.265390791526684188e+04
5.680837929460286978e+04
3.497238327205740643e+04
1.134229584304635791e+05
1.214923904886236414e+05
2.843775971870826106e+04
8.282432033655486885e+04
3.201159471953510729e+04
4.401685138966114027e+04
2.515661969506705063e+05
4.764504034088896879e+04
6.784957721029891400e+04
9.559541647983547591e+04
6.589454215158436273e+04
3.401000873485450575e+04
1.299825072104810970e+05
7.030205072819739871e+04
1.385425259025773266e+05
4.225580189255655569e+04
5.181099952895088354e+05
6.310770274559214158e+04
3.249932036049278686e+05
4.475198224504520767e+05
1.912821358780218288e+05
5.185884230006748112e+04
5.007994697955567972e+04
3.889338524656582013e+04
4.843136036120327481e+04
2.307622989084596629e+05
4.935766047462586721e+04
7.313731758829178580e+04
1.184169587125253456e+05
6.614617088153593068e+04
3.791797010065466020e+04
4.424980705840532755e+04
6.632709083760733483e+04
3.384236574338874198e+04
1.876173258727806679e+05
3.971284644222436327e+04
2.806259253771702060e+05
2.465698965585429323e+04
1.091886086715813726e+05
6.756070500549585267e+04
1.149671639249706204e+05
3.764048409395939962e+04
3.224513880355185029e+04
1.872822169115674624e+05
3.321614469087455072e+05
2.957111415859581393e+04
5.391974111415539664e+04
4.116777595184533857e+04
4.237231858623047447e+04
3.949865224547527614e+05
3.615081809565584263e+04
6.277616719697135704e+04
2.867523838949765195e+05
5.340222339082420804e+05
4.170717983732144785e+04
4.759604347165790386e+04
1.444995202532926633e+05
9.683356310646382917e+04
4.843435647615179187e+04
5.355004921276947425e+04
1.792550474511118664e+05
9.778844501438597217e+04
5.466589399122605391e+04
2.788827995800237841e+04
1.846449666313345660e+05
4.010511003302193421e+04
4.242177349455674994e+04
6.638763607268704800e+04
2.425717606425574195e+04
6.069460274338292220e+04
5.109017968111767550e+04
4.417839512334203755e+04
2.126361771216609632e+05
6.822366084485981264e+04
3.711784222750470508e+04
3.909002477416841430e+04
5.483851109949557576e+04
8.042421974426205270e+04
6.752767737477083574e+04
2.587239539481266911e+04
5.404512665263137023e+04
2.762468394651724957e+05
4.215823872959308210e+04
4.333100366168633627e+04
5.899220056963129900e+04
5.721318023452928173e+04
3.154762597436607030e+04
2.700743338822936130e+04
2.569214604389400338e+05
3.359383198209743568e+04
1.107840952443021088e+05
2.976705426189905265e+05
3.875464357484728098e+05
4.061509885434648459e+04
6.497269077112160448e+04
2.839761112628721748e+05
2.150789257411666040e+05
4.401869498127150000e+05
4.449593462490278762e+04
2.696962169339445245e+04
6.381558306797347032e+05
2.560835407600953113e+04
1.219794698251258960e+05
5.833803650318518339e+04
