7.407206875064000997e+03
7.609442073587676532e+03
7.609464728543947786e+03
7.059833511851826188e+03
7.533717272459611195e+03
7.401313582625964045e+03
7.449879593765219397e+03
7.434153754544407093e+03
6.215071247318865062e+03
7.601507077771650074e+03
7.398511567376271159e+03
7.218478001898501134e+03
7.405710664567382082e+03
7.480710682598328276e+03
7.372347877672254981e+03
7.588691271167868763e+03
7.568985139155061916e+03
7.601197284312685952e+03
7.317242351664091984e+03
7.341921796312365586e+03
7.376070978573137836e+03
7.202206814076565934e+03
7.213269259731975581e+03
7.433512520069982202e+03
7.478176040419106357e+03
7.263130974928329124e+03
7.368895683803029897e+03
7.475661673728233836e+03
7.373577164413580249e+03
7.592166919119451450e+03
7.178052119434778433e+03
7.078542913249874800e+03
7.535243248778810084e+03
7.261536001198681333e+03
7.361690972478461845e+03
7.459960136566345682e+03
7.144059832312976141e+03
7.611513030353989961e+03
7.508410597013602455e+03
7.309367776125087403e+03
7.370302311631883640e+03
7.469352239388843373e+03
6.851044092347084188e+03
7.594060904219700205e+03
7.266170704327409112e+03
7.531578552354251769e+03
7.114377724009310441e+03
7.225391792372020973e+03
6.598307955708583904e+03
7.263240359740866552e+03
7.433366633612991791e+03
7.094518467054851499e+03
6.927400834484041297e+03
7.511508628449787466e+03
7.597509244659078831e+03
7.270497841226155288e+03
7.418582005441063302e+03
7.567074002611963806e+03
7.586644438685179921e+03
7.540658538270467034e+03
7.638091426492097526e+03
7.562699451480685639e+03
7.338985738366662190e+03
7.519009456687265811e+03
6.456595061379783147e+03
7.375723924685136808e+03
7.485788661590902848e+03
7.475749806288435138e+03
7.088212747382056477e+03
7.268412252366215398e+03
7.147826374417863917e+03
7.234638076738247037e+03
7.524552479853630757e+03
6.914814737318375592e+03
7.630793132805175446e+03
7.334348638069097433e+03
7.272164983983303500e+03
7.269099353298250207e+03
7.516668483006660608e+03
7.635382231194094857e+03
7.599445773385656139e+03
7.096436877416464995e+03
7.363783044109615730e+03
6.729683735128221088e+03
7.382707937425019736e+03
7.558972413207829959e+03
7.523188017234808285e+03
7.298699989679034843e+03
7.338441374992225974e+03
7.413914004853405459e+03
7.296440174538326573e+03
7.397358850463398994e+03
7.121374024124820608e+03
7.526973841872303638e+03
7.355884985445669372e+03
7.282155269005208538e+03
7.472969910543992228e+03
6.867916411979689656e+03
7.507243739393023134e+03
7.614555787665716707e+03
7.483335365038773489e+03
7.341871192330858321e+03
7.182312539497876060e+03
7.345927067469367103e+03
7.617850063739380857e+03
7.315313354929590787e+03
7.595609548626174728e+03
6.868029483306441762e+03
7.558251330402474196e+03
7.573366002393906456e+03
7.513834284869164549e+03
7.560128637519328549e+03
7.314498741785579114e+03
7.572195003576452109e+03
7.487400955924730624e+03
7.278268140695921829e+03
7.470005181124515730e+03
6.827800977932391106e+03
7.415767522327560073e+03
7.530468462351012931e+03
7.607194179814674499e+03
7.177442616508165884e+03
7.326648939176062413e+03
6.700278844944822595e+03
7.061179419325553681e+03
7.064326548290257051e+03
7.392981680421847159e+03
7.074167011539051600e+03
7.185418347960327083e+03
7.630770281552901906e+03
7.592826111039743409e+03
7.456285432858838249e+03
7.586813280668058724e+03
7.398829034424264137e+03
7.267869928621815234e+03
7.503412287768760507e+03
7.449311631205097001e+03
7.432272846780691907e+03
7.264683261774227503e+03
7.292559024194140875e+03
7.502876492813634286e+03
7.591118171429088761e+03
7.467296059852755207e+03
7.268209279024460557e+03
7.247434320128775653e+03
7.621697333071671892e+03
7.604598161678781253e+03
7.202277075385134594e+03
7.572966832898024222e+03
7.450923711897581597e+03
7.547667060093021973e+03
7.326161264063955059e+03
7.078542913249874800e+03
6.884600596250706076e+03
7.488595588950498495e+03
7.006571160186962516e+03
7.175821928273431695e+03
6.770202121155645727e+03
7.594385730125641203e+03
7.409270299402893215e+03
7.113763187343018217e+03
7.367919154449405141e+03
7.528974990961060939e+03
7.537748809922662986e+03
7.096127139766410437e+03
7.400480289131684003e+03
7.609114724314367777e+03
7.446762698786907094e+03
7.541760957411793242e+03
7.459483419177708129e+03
7.546248226058679393e+03
7.171941065419194274e+03
7.504461377691208327e+03
7.272399476750792019e+03
7.267143732530218585e+03
7.619282040128615336e+03
7.535667673579673647e+03
7.306179469934115332e+03
7.362673691972996494e+03
7.618695173598393012e+03
7.552095940529930886e+03
7.465503094554966083e+03
7.271340219182713554e+03
7.537470174848838724e+03
7.337682203080341424e+03
7.540681478550779502e+03
7.224046150076012964e+03
6.936733712941736485e+03
7.410471173249227832e+03
6.841401852527557821e+03
7.579986786881259832e+03
7.304908846342399556e+03
7.350053233731878208e+03
7.066286273046587667e+03
7.555340892713223184e+03
7.549017775143112885e+03
7.280321674218643238e+03
7.578403981990600187e+03
7.048259836378307227e+03
7.598521056021777440e+03
7.503647927030010578e+03
7.365401403793938698e+03
6.974603843225206219e+03
7.586917707036175671e+03
7.474398865423519055e+03
7.496796232384831455e+03
7.280555676459151073e+03
7.418582005441063302e+03
7.612616702473029363e+03
7.574146950143573122e+03
7.305601082158730605e+03
7.596904011028091190e+03
7.281945426517037049e+03
7.581533491121707812e+03
6.513577681030565145e+03
6.784454873992148350e+03
7.415722961868765196e+03
7.322092854529542819e+03
7.096825357578278272e+03
6.706000216173944864e+03
7.498912645692753358e+03
7.421140949147249557e+03
7.153813257752817663e+03
7.559074085459759772e+03
6.442219825719324945e+03
7.632542671334776969e+03
7.378550233273383128e+03
6.825498825807723733e+03
7.332719198652436717e+03
7.531748953319485736e+03
7.612143952593361064e+03
7.607439770269580549e+03
7.346312877281192414e+03
7.548947647655904802e+03
7.613113568478305751e+03
6.803463965082317372e+03
7.192854989064298934e+03
6.915771161271863093e+03
7.630906124594728681e+03
7.568797017936357406e+03
7.077601625755864006e+03
7.209382003473549958e+03
7.254737370686170834e+03
7.400714248063819468e+03
7.622795730524938335e+03
7.440386260913706792e+03
7.595885152306718737e+03
7.263706091222793475e+03
7.543357006897305837e+03
7.480840716800371410e+03
7.481144307250470774e+03
7.515403650937538259e+03
7.274008973363972473e+03
6.725669578147855646e+03
7.583869698054238143e+03
7.576783522445262861e+03
7.360105083995337736e+03
7.289806835099644559e+03
7.424969233918316604e+03
7.066286273046587667e+03
7.532905651909521112e+03
7.210661901909872540e+03
7.460136819275685411e+03
7.480660019295093662e+03
7.453451270173201010e+03
7.448146036083544459e+03
7.077338383380131745e+03
7.418866328053368306e+03
7.509692744106242571e+03
7.390879999481918276e+03
6.916539614511317268e+03
7.497363487569475183e+03
7.267040058248378955e+03
7.045480469825943146e+03
7.142177048331899641e+03
7.250514763133320230e+03
7.282023523128855231e+03
7.475284243976672769e+03
7.237498387226221894e+03
7.382697657483777220e+03
7.562071841842469439e+03
6.763968405229674318e+03
7.202563485900693195e+03
7.632276612725825544e+03
6.955462672635694616e+03
7.604864673721039253e+03
7.289806835099644559e+03
7.502268137677905543e+03
7.464399481229034791e+03
7.193330193446853627e+03
7.539510514668474570e+03
7.026069487406819462e+03
7.348969687864562729e+03
7.491640895091933089e+03
7.126996197344142274e+03
7.164565474454569085e+03
7.060928131854248932e+03
7.486830693351356786e+03
7.187787421554608954e+03
7.505645844689000114e+03
7.389247849457655320e+03
7.494287142278974898e+03
7.600028440549403058e+03
7.449708950045342135e+03
7.129331882362990655e+03
7.582320143557464689e+03
6.999158461368020653e+03
7.391423917925571004e+03
7.493035946752768723e+03
7.100736952609015134e+03
7.410929636261095766e+03
7.559826148897021085e+03
7.590523223183234222e+03
7.035117859102829243e+03
7.261090550784657353e+03
7.377687244603806903e+03
7.435081430706653919e+03
7.102432823484517940e+03
7.297482110373311116e+03
7.488074651201022789e+03
7.589782131866564669e+03
7.442346697767000478e+03
7.516712843783419885e+03
7.531724703685621535e+03
7.156663306630478473e+03
7.428622329761657966e+03
7.563543762952290308e+03
7.590684815137983605e+03
7.530817171340288041e+03
7.520551439115833091e+03
7.001131502080534119e+03
7.387319107887577957e+03
7.407973432222094743e+03
7.372030409236248488e+03
7.546133029724259359e+03
7.624482995463326006e+03
7.298852666246609260e+03
7.635537192750794929e+03
7.498426362885451454e+03
7.478225415432068075e+03
7.528258661067700814e+03
7.428432643385533993e+03
7.457221491497046372e+03
7.620997034205680393e+03
7.568140609811765898e+03
7.370742175140446307e+03
7.575922651099041104e+03
7.574013204507798037e+03
7.506678967362437106e+03
7.553449433231793591e+03
7.042807808253735857e+03
7.247434320128775653e+03
7.440274033841462369e+03
7.557426175559322473e+03
7.081625981867289738e+03
7.575870720875118423e+03
7.168186190206879473e+03
7.505075845735995244e+03
7.590143629203497767e+03
7.487409501695170547e+03
6.999333286592394870e+03
6.586746147704316172e+03
7.396379312775418839e+03
6.916051908958036620e+03
7.109135305816600521e+03
6.185713016529616652e+03
7.299561562883960505e+03
7.078912670863268431e+03
7.531835413166425496e+03
7.012964904171969465e+03
7.584331758243908553e+03
7.559931219540233542e+03
7.348919499303838165e+03
7.617255549085699386e+03
7.247434320128775653e+03
7.427899153496855433e+03
7.449879593765219397e+03
7.556714527773498958e+03
7.209246258913604834e+03
7.467519121366305626e+03
7.261367136480790577e+03
7.330278697314452074e+03
7.529927866590864141e+03
7.250596955259601600e+03
7.149959588032033935e+03
7.631123325986361124e+03
7.366244995217191899e+03
6.782297545443631861e+03
6.754637189766740448e+03
7.357391379182941819e+03
7.487425602152092324e+03
7.168686204021866615e+03
7.040382059394456519e+03
7.417579526266908942e+03
7.401379974334962753e+03
7.631659557266271804e+03
7.392459464639674479e+03
7.387063627523317336e+03
7.540392142752216387e+03
6.939119551193196457e+03
7.583639275684540735e+03
7.541627094657804264e+03
7.015172683432218037e+03
7.459585467253453317e+03
7.395104144557524705e+03
7.440895387506610859e+03
7.337851777338274587e+03
7.510040258585593620e+03
7.450318188194396498e+03
6.937311086535352842e+03
7.390357509611068963e+03
7.490800381967481371e+03
7.542574390012503500e+03
7.613141725012883398e+03
7.606267207384198628e+03
7.599216944734394019e+03
7.634690047560108724e+03
7.199499281041493305e+03
7.484178179009496489e+03
7.462396103112461788e+03
7.632933305036631282e+03
7.323594956703040225e+03
7.348129356547963653e+03
7.472474076977418008e+03
7.516018086789683366e+03
7.093231228574424676e+03
7.550314421907702126e+03
7.619463215278002281e+03
7.634310966484188612e+03
7.181312842258115779e+03
7.334592132484076501e+03
7.440197280836123355e+03
7.529691293398130256e+03
7.519697839851221943e+03
7.502982461559831791e+03
7.271979707603938550e+03
7.355644391951041143e+03
7.585158336857200993e+03
7.408539874477312878e+03
7.157262275048595257e+03
7.479821857947453282e+03
7.373500461718802399e+03
7.608459830953133860e+03
7.421750332877843903e+03
7.416961259569125104e+03
7.370532399871974121e+03
7.244719249874960042e+03
7.506960476773112532e+03
7.337960153236858787e+03
7.520018859432976569e+03
7.585251293145443924e+03
6.977172409004628207e+03
7.515523063971337251e+03
7.152493220021954585e+03
7.205776398846091070e+03
7.563447994805412236e+03
7.585897335749603371e+03
7.544635644039574800e+03
7.611315728965446397e+03
7.342091834867585931e+03
7.276339704046016777e+03
7.572944792201084965e+03
7.075018395231775685e+03
7.597319025098695420e+03
6.456595061379783147e+03
7.293098546426600478e+03
7.226530972678019680e+03
7.206715238910113840e+03
7.618667988293816961e+03
7.491235779485886269e+03
7.387521839183073098e+03
7.548655883348209500e+03
6.961605152898040615e+03
7.279418869312610695e+03
7.518156673946932642e+03
7.522970982464528788e+03
7.540765846782278459e+03
7.521411815706745983e+03
7.600904552489633716e+03
7.362987362640305037e+03
7.417296225831272750e+03
7.189817117562723070e+03
7.607923123536102139e+03
6.975593854682353594e+03
7.538825307282608264e+03
7.557035156204123268e+03
7.185763174620527934e+03
7.341798759185602648e+03
7.634106393403218135e+03
7.630793132805175446e+03
7.205395071072563042e+03
7.391045395289364023e+03
7.411488933689501209e+03
7.601969959930251207e+03
7.616002879951563955e+03
7.330847292206159182e+03
7.510977569422409033e+03
7.043696838124538772e+03
7.494984725377077666e+03
7.484668288657243465e+03
7.603024348090632884e+03
7.152616934842795672e+03
7.540084838819438119e+03
7.264777466715376249e+03
7.201816004057121063e+03
7.610717642970219458e+03
7.450318188194396498e+03
7.550399448239926642e+03
7.391915202390425293e+03
7.053146418312844617e+03
7.346884008256019115e+03
7.600750128139350636e+03
7.595183446139870284e+03
7.216614024568756577e+03
7.483574848824304354e+03
7.279435240631798479e+03
7.512532873760836083e+03
7.566720831797025312e+03
7.174464192017504502e+03
7.532687373721211770e+03
7.441548089986783452e+03
7.226408466119522927e+03
7.634719747241862933e+03
7.374851783958276428e+03
6.887890975393252120e+03
7.519224050886567056e+03
7.302528284222098591e+03
7.421481808291518064e+03
7.625810406027672798e+03
6.769179665891320838e+03
7.624589687981177121e+03
7.483075719296224634e+03
7.250016544537526897e+03
7.324239514219156263e+03
6.802177463570076725e+03
7.502982461559831791e+03
7.519117639397269159e+03
7.192269648598857202e+03
7.214685136172345665e+03
7.584294814661644523e+03
7.409190229767484198e+03
7.429538430679616795e+03
7.472956533660977584e+03
7.347714537324840421e+03
7.049914094337245842e+03
7.338387812727352866e+03
7.326995641678835455e+03
7.503765469169089556e+03
7.498002610825665215e+03
7.465587975793290752e+03
7.009842146223663804e+03
7.604340868917534863e+03
7.152791761825360481e+03
7.638020013312465380e+03
7.548265758123034175e+03
7.455700764757927573e+03
7.360800534152538603e+03
7.375723924685136808e+03
7.575233003820440899e+03
7.553651549107517894e+03
7.372829498252991471e+03
7.120055955433959753e+03
7.441651079335193572e+03
7.571175647775051402e+03
7.335002607892835840e+03
7.637874575491277028e+03
7.443754354612619863e+03
7.155924011272356438e+03
7.350759049018226506e+03
7.555341453200049727e+03
7.629956466323246786e+03
7.461407941576211670e+03
7.309671674018539306e+03
7.533278736491374730e+03
7.159476459528004852e+03
7.614143958535893034e+03
7.452894750589342948e+03
7.179569462993761590e+03
7.256852231359662255e+03
7.279573797192992060e+03
7.578583913467527964e+03
7.200994774897584648e+03
7.380888925124934758e+03
7.324628165476504364e+03
7.472769234648107158e+03
7.635240196553839269e+03
7.206275181518116369e+03
7.406876860260810645e+03
7.613113568478305751e+03
7.564423675933108825e+03
7.542744860006646377e+03
7.271531009587013614e+03
7.456145419888971446e+03
7.443075932968285088e+03
7.365636442302904470e+03
7.565356567468918911e+03
7.637604231257893844e+03
7.350489403503399444e+03
7.618465630110707934e+03
7.614577683024034741e+03
7.292963463205685912e+03
7.256199623403323130e+03
7.118481425975774073e+03
7.406449222321937668e+03
7.588249189193826169e+03
6.762736083594274533e+03
7.291740162024572783e+03
7.216614024568756577e+03
6.890133350457903362e+03
7.363374387159543403e+03
7.182312539497876060e+03
7.486040088240719342e+03
7.465982026776021485e+03
6.954714647986140335e+03
7.239135483800264410e+03
7.289367091291165707e+03
7.595670351661226050e+03
7.526747775698205260e+03
7.525794685882632621e+03
7.432039187703391690e+03
7.256589916267979788e+03
7.490926205048590418e+03
7.261199048463295185e+03
7.573730693099635573e+03
7.534654207705005319e+03
7.235259880426622658e+03
7.000260199524668678e+03
7.139777374660340683e+03
7.575902848304068357e+03
7.226940120774114803e+03
7.471486226292138781e+03
7.635304480221109770e+03
7.295580641907021345e+03
7.482353965897967100e+03
7.290600160463928660e+03
7.198776882185549766e+03
7.378300146522125942e+03
7.218478001898501134e+03
7.582414965311429114e+03
7.306813138107392660e+03
7.415486206232979384e+03
7.396719226176885059e+03
7.633548604232275466e+03
7.156644700209428265e+03
7.233440061029278695e+03
7.383724258057588486e+03
6.920328374514634561e+03
7.531578552354251769e+03
7.239407949872592326e+03
7.449608314479148248e+03
7.331782142012307304e+03
7.511169146688315777e+03
6.564154809749006745e+03
7.099643618395906742e+03
6.722235246353540788e+03
7.226715281892953499e+03
7.314901574183372759e+03
6.930876997900278184e+03
7.603789419920037290e+03
7.537597882656594265e+03
7.620927990024783867e+03
7.634645784654850104e+03
7.257778016805363222e+03
7.212989769328360126e+03
7.538218014675952872e+03
7.413398171526245278e+03
7.217916119054375486e+03
6.934453284999271091e+03
6.612442693364200750e+03
7.599749788825748510e+03
6.678571830528207101e+03
7.117184785295205074e+03
7.226999091626254085e+03
7.545094640451578925e+03
6.815326726511958441e+03
7.219168529133624361e+03
7.333894007808790775e+03
7.558077046610153047e+03
7.348856653230328448e+03
7.400916643936242508e+03
7.171941065419194274e+03
7.586625900784119949e+03
7.634411480109302829e+03
7.634324627853218772e+03
7.436919986238454840e+03
7.531544246781384572e+03
7.405067041624420199e+03
7.542540392782723757e+03
7.359422079223253604e+03
7.465278800692327422e+03
7.506437648748064930e+03
7.626422444187039218e+03
7.507695084876648252e+03
7.284638326376472833e+03
7.470538912531628739e+03
7.582414965311429114e+03
7.521832958351069465e+03
7.196063986441362431e+03
7.626763098466769407e+03
7.365511193461648872e+03
7.233988045083235193e+03
7.262798539401916059e+03
7.434466718159040283e+03
7.478367998957961390e+03
7.573236431690993413e+03
7.295767882179816297e+03
7.587647433618823925e+03
7.260805617709204853e+03
7.507714892679843615e+03
7.239007684403495659e+03
7.618085923183739396e+03
6.908667397376371810e+03
7.009795258679572726e+03
7.159547148072102573e+03
7.116051934472387074e+03
7.534999683677027861e+03
7.237767291562828177e+03
7.620979384334310453e+03
6.514461426261932502e+03
7.033787125039782040e+03
7.359502538062464737e+03
7.559876190556127767e+03
7.095991629893219397e+03
7.132411878345523292e+03
7.257772430157801864e+03
7.497144820396621981e+03
7.005835337725067802e+03
7.392886512228995343e+03
7.624482995463326006e+03
7.396711563540147836e+03
7.468686353891805993e+03
7.250968372582057782e+03
7.403133742992218686e+03
7.564575415835173771e+03
7.388474761169141857e+03
7.548265758123034175e+03
7.324189405107380480e+03
7.278794531475883559e+03
7.362673691972996494e+03
7.528891885716377146e+03
6.957872832738471516e+03
7.354909379245495074e+03
7.553667383508754028e+03
7.546675788061575076e+03
7.596213509011906353e+03
7.610903858828836746e+03
7.046501868705609013e+03
7.445832686652627672e+03
7.317334886868701687e+03
7.592509808772178076e+03
7.608235041778229061e+03
7.437830165600742475e+03
7.575113600027594657e+03
6.769985268889210602e+03
7.331168857654929525e+03
6.312115267138380659e+03
7.561399641305784826e+03
7.409263340696636988e+03
7.400273548194661089e+03
7.453068637349557321e+03
7.458799254809408922e+03
7.494691382502356646e+03
7.367738096387272890e+03
7.228668764151407231e+03
7.421183267743012948e+03
7.549196747840244825e+03
7.593637831246485803e+03
7.627335042343375790e+03
7.373793170967056540e+03
7.596977670984786528e+03
7.091961764647934615e+03
7.580715136297934805e+03
7.264683261774227503e+03
7.517059456314475938e+03
7.570271945594410681e+03
7.600667063393198987e+03
7.600893003948548539e+03
7.492629896836113403e+03
7.015648843387008128e+03
7.602515130842824874e+03
7.341871192330858321e+03
7.444595947270451688e+03
7.480221921767490130e+03
7.558613370583512733e+03
6.884664657306098889e+03
7.569216244129769620e+03
7.388443686722406710e+03
7.586919447215627770e+03
7.562595473652034343e+03
6.929800186253224638e+03
7.407973432222094743e+03
7.629751313518327152e+03
7.367310338180244798e+03
7.319887679164457950e+03
6.764115362113759147e+03
7.341921796312365586e+03
7.516668483006660608e+03
7.179623860386660454e+03
7.495682700847115484e+03
7.371450437075907757e+03
7.441111008768721149e+03
7.613319015681428937e+03
7.503487345725478008e+03
7.505684917588790995e+03
7.289692463109040546e+03
7.149042518976581050e+03
7.455860148495037720e+03
7.584198308533475029e+03
7.251029274651453306e+03
7.430706510088622963e+03
7.543634886610338981e+03
6.955462672635694616e+03
7.603051380995658292e+03
7.617715759319836252e+03
7.479525993562236181e+03
7.432220036935867029e+03
7.349159285765514142e+03
7.305748107990320932e+03
7.359749941958711133e+03
7.090921652046621602e+03
7.566629779995699209e+03
7.551047337087586129e+03
7.482256066409909181e+03
7.569316461833026551e+03
7.563567703671931667e+03
7.393605898206677921e+03
7.613128055327892980e+03
7.554818044117410864e+03
7.516478343157254130e+03
7.478280131567888930e+03
6.979622323856852745e+03
7.617352020576498944e+03
7.485570909812271566e+03
7.600558769036543708e+03
7.222593587374586605e+03
7.554889106976755102e+03
7.156458408566752951e+03
7.609221915187117702e+03
7.581854802106050556e+03
7.465784673951637160e+03
7.492380203096634432e+03
7.236440551161449548e+03
7.578707397596184819e+03
7.594305309383309577e+03
7.029537242288758534e+03
7.302561682042686698e+03
7.294239167991048816e+03
7.293083578149633468e+03
7.386234186259425769e+03
7.491744715952010665e+03
7.515523144151246015e+03
7.444589662874459464e+03
7.636641216265154071e+03
7.349143455526956132e+03
7.559879674541598433e+03
7.415864676802717440e+03
7.168907664680571543e+03
7.117342256894244201e+03
6.992674620353073806e+03
7.538339524118274312e+03
7.606077133386883361e+03
7.597727650866960175e+03
7.454700682087444875e+03
7.088747130572673086e+03
7.355798540743258854e+03
7.361205331427949204e+03
7.582414965311429114e+03
7.558961107213097421e+03
7.559330437000463462e+03
7.630684256176677081e+03
7.139146340111683458e+03
7.570652027106352762e+03
7.226339722678839280e+03
7.528882255822656589e+03
6.867916411979689656e+03
7.554818044117410864e+03
7.514834259082558674e+03
7.602801897227097470e+03
7.432162031278911854e+03
7.460752469238432241e+03
7.616938267025281675e+03
7.540133864599570188e+03
6.646844891445653047e+03
7.509935643670838544e+03
7.328751143782250438e+03
7.354013988747791700e+03
7.568300598141820956e+03
6.807040587119018710e+03
7.599753997401385277e+03
7.408690910361674469e+03
7.626908180799424372e+03
7.606077133386883361e+03
7.278875664009857246e+03
7.108848708631411682e+03
7.629291451514593064e+03
7.462693880093082953e+03
7.609221915187117702e+03
7.370972738074213339e+03
6.895415509412747269e+03
7.635056739370050309e+03
7.402430581799564607e+03
7.424180396159908014e+03
6.487594774543895255e+03
7.032485718975262898e+03
7.279684764693143734e+03
7.369601853051852231e+03
7.323088818535179598e+03
6.992674620353073806e+03
7.558033965022513257e+03
7.527130088282823635e+03
7.607810150270985105e+03
7.508296702852053386e+03
7.590395410827404703e+03
7.401379974334962753e+03
7.134493662567357205e+03
7.505431547450285507e+03
7.080411681096526081e+03
6.905863615270811351e+03
7.404105541163696216e+03
7.006179897925095247e+03
7.573981819636436740e+03
7.615488140080948142e+03
6.763356626697056527e+03
7.553702020072190862e+03
7.503412287768760507e+03
7.544012993099844607e+03
7.450122247922279712e+03
7.411230350488594013e+03
7.161495919313881132e+03
7.461704129375497359e+03
7.163476575764259906e+03
7.358026972459663739e+03
7.541030642948405330e+03
7.560766148936113495e+03
7.438878065374248763e+03
7.453313870751489048e+03
7.185493447393107090e+03
7.626022398173949114e+03
7.532649281222925310e+03
7.491163405655771385e+03
7.609273991452442715e+03
7.559164948848607310e+03
7.619282040128615336e+03
7.521543180815724554e+03
7.429746670298052777e+03
7.346312877281192414e+03
7.547457757698939531e+03
7.431229165365569315e+03
7.420902986057426460e+03
7.373201801677074400e+03
7.524471229037151716e+03
7.440197280836123355e+03
7.589116436672224154e+03
7.417744756316486018e+03
7.187147258667533606e+03
6.877749300565057638e+03
7.568614248662986938e+03
7.397992817578971881e+03
7.514719277583817529e+03
7.198522550608056918e+03
6.763968405229674318e+03
7.582934777067112009e+03
6.802177463570076725e+03
6.858656974679984160e+03
7.045201278835562334e+03
7.221282399467554569e+03
6.738353047640175646e+03
7.507595337992179338e+03
7.125301742272483352e+03
7.203105460841336026e+03
7.523356857200715240e+03
7.546140180955196229e+03
7.406471334949519587e+03
7.163826375397310585e+03
7.235576161642631632e+03
7.103208107322405340e+03
6.956711029253292509e+03
7.283314892191780018e+03
7.257596673251829998e+03
7.523497936405018663e+03
7.552095940529930886e+03
7.375355086366884279e+03
7.592736484658224072e+03
6.812750816007288449e+03
7.575707074239840949e+03
7.406876860260810645e+03
7.287185724300624315e+03
7.307362530565855195e+03
7.472499443552062075e+03
7.539001870117443104e+03
7.517886530438085174e+03
7.518840785812857575e+03
7.540557108330306619e+03
7.306179469934115332e+03
6.961605152898040615e+03
7.475858156103082365e+03
7.502081126997818501e+03
7.269531581376438226e+03
7.532930739286238349e+03
7.352528804064824726e+03
