1.142370881907823969e+04
1.136314014634811247e+04
1.082655157822525507e+04
1.179612067037597808e+04
1.095754452657216461e+04
1.022967565845466015e+04
1.178000819603621312e+04
1.178396246703449287e+04
1.099180533852538792e+04
1.058296176985230704e+04
1.187699462826870513e+04
1.061479984872406385e+04
1.120214878560046236e+04
1.106233844479638719e+04
1.150608761045352549e+04
1.186187294624151036e+04
1.095012619058249038e+04
1.187270591596029772e+04
1.159531037780422776e+04
1.105374258724388346e+04
1.154361170759436209e+04
1.123284984762149179e+04
1.097367949180694814e+04
1.192269748887693277e+04
1.044931060576076015e+04
1.172021326458775184e+04
1.132820073914746899e+04
1.185755615065248094e+04
1.162976272286837411e+04
1.148406280083600541e+04
1.009267843579554392e+04
1.065332544065667935e+04
1.015033961812095367e+04
1.094259580305191776e+04
1.178697163937526057e+04
1.179661955665728601e+04
1.008141437293435411e+04
1.158006100696438807e+04
1.130028258426167486e+04
1.190389867724896067e+04
1.135941323437394567e+04
1.121742786712671113e+04
1.184588164548574059e+04
1.170395932383001491e+04
1.188602928395059280e+04
1.167431671693553108e+04
1.123453948562327241e+04
1.181032178549901982e+04
9.945138443589092276e+03
1.065938744330708505e+04
1.169092052621406765e+04
1.044946381451401976e+04
1.137312708549886884e+04
9.253308260349567718e+03
9.767196509674269691e+03
1.171989801869919938e+04
1.135139181505092347e+04
1.132522595784573605e+04
1.118647276696003246e+04
1.099962691264952082e+04
1.083689014735141245e+04
1.144387282190387305e+04
1.182555164069133571e+04
9.738475986840341648e+03
1.159963547696078604e+04
1.166820004670198614e+04
1.160521594038017975e+04
1.093098573893279172e+04
1.076553663501878327e+04
1.180217251082279472e+04
1.143484480515713221e+04
1.168700799894374359e+04
1.185164505103491501e+04
1.138087918425579483e+04
8.579886284907252048e+03
1.153555841445792612e+04
9.602315590778645856e+03
1.171059154842761200e+04
1.158948781782328660e+04
9.346198803633333227e+03
1.142793302900827075e+04
1.138787856068103065e+04
1.073912372149554358e+04
1.160326907534919701e+04
1.151877861683971423e+04
1.182362826399362893e+04
1.118428096516339792e+04
1.089674346213553508e+04
1.148376587592648502e+04
9.824822652378747080e+03
1.171377790379244652e+04
1.186073581748939614e+04
1.126133061433830699e+04
1.007759745393637786e+04
1.123510295037842479e+04
1.130038763972490415e+04
1.157826819468723261e+04
1.117197614110025825e+04
1.086533445885514629e+04
1.109634739418852951e+04
1.170404419871557911e+04
1.191375990414739863e+04
9.814726041451885976e+03
1.120459753339150120e+04
1.077670031438138722e+04
1.033006697015409009e+04
1.161625490217626066e+04
1.058666014317494592e+04
1.190968006070712363e+04
1.097485285071243925e+04
1.045243537139281216e+04
1.155390359280516350e+04
1.129983312493596168e+04
1.187536397700286034e+04
1.155022199097823977e+04
1.030657324490190513e+04
1.179351566783913040e+04
1.184386743780427969e+04
1.172653093442983663e+04
1.150518780393563429e+04
1.126533088853797744e+04
1.070972669409552509e+04
1.123635595630302851e+04
1.054311163151181609e+04
1.187993357915755769e+04
1.188217298758520701e+04
1.039060375718567593e+04
1.070154524576750191e+04
1.000935412211972653e+04
1.101039416767215516e+04
1.152836809622341752e+04
1.158935079439827678e+04
1.147590396707142099e+04
1.185445273662647742e+04
1.099956569996244070e+04
1.177567734593270143e+04
1.134744456608768633e+04
1.165481758455071031e+04
1.184310556802344945e+04
8.726606679718130181e+03
9.597828091146720908e+03
9.369161360670772410e+03
1.149908327771491167e+04
1.097356339809332167e+04
1.132820073914746899e+04
1.171926001686743984e+04
1.175731346332296016e+04
1.130237204441579888e+04
1.061045254183713769e+04
1.034107404149507056e+04
8.956090758844902666e+03
1.145046170583120329e+04
1.029657346757957202e+04
1.182464972025585666e+04
1.188934229200801929e+04
1.074004916865131599e+04
1.169418589141567827e+04
1.159149581289028174e+04
1.176195411549087294e+04
1.165378171574808403e+04
1.058926494911730333e+04
1.178953985834318701e+04
1.135562900207754683e+04
1.070627287058294860e+04
1.129678545576206125e+04
1.149422463808676730e+04
1.186079659708676809e+04
1.057764555401941470e+04
1.080867191639819794e+04
1.035110062257712525e+04
9.004865828239282564e+03
1.173448687553148011e+04
1.187153374162976979e+04
9.974332515678444906e+03
1.075329798536531598e+04
1.187336386957904506e+04
1.080052769518397326e+04
8.699603467464094138e+03
1.175661740578188619e+04
1.174578926005209178e+04
1.136045534424404832e+04
1.131643122402700101e+04
1.178946640679149459e+04
1.107828070775773085e+04
1.183354375081113903e+04
1.123961794513345558e+04
1.163865832635792322e+04
9.916989387977911974e+03
1.150189932975893498e+04
1.149378996919090059e+04
8.916042125426316488e+03
1.181867511314161311e+04
1.184538197972520720e+04
1.168274934336830847e+04
1.190110115562560713e+04
1.160453582390484189e+04
1.134574651506621740e+04
1.118450869656766736e+04
1.166279706983238975e+04
9.950229801229470468e+03
1.046691163628126924e+04
1.165736899642344906e+04
1.135976196514656112e+04
1.166583293769529337e+04
1.183898224529562867e+04
1.018791054366369644e+04
1.161353092430308971e+04
1.178396002243604926e+04
1.138158512983016772e+04
1.014111119202143527e+04
9.139458504894246289e+03
1.085515707569741608e+04
1.168879913444651902e+04
1.119218891831983092e+04
9.955909914952220788e+03
1.190781244336901182e+04
1.087822944048670797e+04
1.114133970025138478e+04
1.037293799372796639e+04
1.052501168789474468e+04
1.152170504952377269e+04
1.067639249389189536e+04
1.080940633207803330e+04
8.521932539453278878e+03
1.162391440288428385e+04
1.172991013544690213e+04
1.137311979909594811e+04
1.166647704644511577e+04
9.045182533717445040e+03
9.463020485822469709e+03
1.125177091519483656e+04
1.127927026454836596e+04
1.173794345715386953e+04
1.190285830329814416e+04
1.103405714671832175e+04
1.080519914487362075e+04
1.177509352478894471e+04
1.155573363192942998e+04
9.910677327769997646e+03
9.215108248725096928e+03
1.062030133554932218e+04
1.152737822435113412e+04
1.162279541682728086e+04
1.120387777563458076e+04
1.105055105889653714e+04
1.024549596841026505e+04
1.089945150496682982e+04
1.089229307923344095e+04
1.122607601836827962e+04
1.135088855031853018e+04
1.107320561812858796e+04
1.140810903433083877e+04
1.155312600269599716e+04
1.180077574547386939e+04
1.137056623770699662e+04
9.514896904830764470e+03
1.015526536623897300e+04
1.088712701777706025e+04
1.128698288144034632e+04
1.049161959712077078e+04
1.186149275855369342e+04
1.073794518769096248e+04
9.012899728825424972e+03
1.169990547002596031e+04
1.175745024670143175e+04
9.471647603451036048e+03
1.089280248551561817e+04
9.914600056446539384e+03
1.151926308751952456e+04
1.180190190388028714e+04
1.088790158927967786e+04
1.159903785118577071e+04
1.061479984872406385e+04
1.170125476822773089e+04
1.106472316359569231e+04
1.154199744232726880e+04
1.165499575136639214e+04
1.042163301152205713e+04
9.814286940817088180e+03
1.186597604978519303e+04
1.093281792981646140e+04
1.166810576269713420e+04
1.156745587363836239e+04
1.056244895660887778e+04
1.126305223958122588e+04
1.052008421942016321e+04
1.126752459622406241e+04
1.087532196389254932e+04
1.054752600189716213e+04
1.178867827100084469e+04
1.130759917511657659e+04
1.168370692717529346e+04
1.152789311493071000e+04
1.122768595756009927e+04
1.002052047608176872e+04
1.115798944664642841e+04
1.050422331162424598e+04
1.041416060065722559e+04
1.125279886442432871e+04
1.153480742035484036e+04
1.137928790465808925e+04
1.159903785118577071e+04
1.015622848776201863e+04
1.110027987829924132e+04
1.054592555970511239e+04
1.164319833819088308e+04
1.032029286351206974e+04
1.140000616559627633e+04
1.002458270491666008e+04
1.167435702561863218e+04
1.112923184112416857e+04
1.010223388005886409e+04
1.105706460410261752e+04
1.050904465500530205e+04
1.190225585354826217e+04
1.044841306299330245e+04
1.102916098562554180e+04
9.793576497192412717e+03
1.056412127806190438e+04
1.121902618522371995e+04
1.183619079646659156e+04
1.191066710954597693e+04
1.159938035881807446e+04
1.133688950247129469e+04
1.047457055250284611e+04
1.097222049497126682e+04
1.104564958592273433e+04
9.525353807227154903e+03
1.089551701558148307e+04
1.021794110080593055e+04
1.154361170759436209e+04
1.095094787676484339e+04
1.154288076090566028e+04
1.184976522946273326e+04
1.108105045786070696e+04
1.179788633908002339e+04
1.142204146177735674e+04
1.136842663669230024e+04
1.143412355710876000e+04
1.137367895340803443e+04
1.168428956812163597e+04
1.167755751109738594e+04
1.078369251468608491e+04
1.087904714519766276e+04
1.044411833544968431e+04
1.180698696437946273e+04
1.101697094786139132e+04
1.148228642771265004e+04
9.278312128363111697e+03
1.183009270014594222e+04
1.046075182254756510e+04
1.182798194514071656e+04
1.044337976893187806e+04
1.105497849738298282e+04
1.175286665802029893e+04
1.184809911903995271e+04
1.151342850969276333e+04
1.159299584653026250e+04
1.166824903742036258e+04
1.074754957000664035e+04
1.159753642657108503e+04
1.077738515481390277e+04
1.122848210098867639e+04
9.880964517101565434e+03
1.126889463881497795e+04
1.157438741487047446e+04
1.181631860055055222e+04
1.069907935885777988e+04
1.163269494637769458e+04
1.166674654696099788e+04
1.164998214183845266e+04
1.187490082934237762e+04
1.180324316090004868e+04
1.148444566461573595e+04
1.157388096582677463e+04
9.259037874354275118e+03
1.072431451392901727e+04
1.083790837453354834e+04
9.741619511423261429e+03
1.053342269868171570e+04
1.187409502828350742e+04
1.112727355852554319e+04
1.171848293609713801e+04
1.115630682552953476e+04
9.882604486418862507e+03
1.108143282527157498e+04
1.186564769044394416e+04
1.151749825711767880e+04
1.019358978306744029e+04
1.114397987953686425e+04
1.136893711982624154e+04
1.163494099993798409e+04
9.295111653013645991e+03
1.091342405478286310e+04
1.155593582846431855e+04
9.772275127617776889e+03
1.097411728860081348e+04
1.159531037780422776e+04
1.140432955552599742e+04
1.191551590208937705e+04
1.104822592022244316e+04
1.171266167397287427e+04
1.099556730030350263e+04
9.446248054195741133e+03
1.124767855552435503e+04
1.120415303772029074e+04
1.175539375870816366e+04
1.006259753376108347e+04
1.138413872413260106e+04
9.678165933591226349e+03
1.109375186690887494e+04
1.076580257383625030e+04
1.092855748094216870e+04
1.181430012713479664e+04
1.162593850454677704e+04
1.190953291796796475e+04
1.047988215923605821e+04
1.119387741076370912e+04
9.872973613976137131e+03
1.181807770820982842e+04
1.163319279363234091e+04
1.162438992108167804e+04
1.154103800505569779e+04
1.192269748887693277e+04
9.744413835543447931e+03
1.169149788722306403e+04
1.164857558467887429e+04
1.147836439297815923e+04
1.144602072318219871e+04
9.844623181493065204e+03
1.023593547896989003e+04
1.185138412879373573e+04
1.081347962300580002e+04
1.191964327053771194e+04
1.184037388663273305e+04
1.110422212868591851e+04
1.178421071308715909e+04
1.113044784491009341e+04
1.132532452566804932e+04
1.100237580445538515e+04
9.369161360670772410e+03
1.143838498428530511e+04
1.175348745214082737e+04
1.109960163479115909e+04
1.166278324387012071e+04
1.150281809440480720e+04
1.144197017060130565e+04
9.215108248725096928e+03
1.093459445878965926e+04
1.122360037705473587e+04
1.048241163760739255e+04
1.062570551081984377e+04
1.188165229650627589e+04
1.171895945661089172e+04
1.158863578327009964e+04
1.083686800566514648e+04
9.292678501673579376e+03
1.047398793733599814e+04
1.036309419462570804e+04
1.154448338247096763e+04
1.178536507929194522e+04
1.167755751109738594e+04
1.181006699872138415e+04
1.081109890321772036e+04
1.175256842549938301e+04
1.175414106055366028e+04
1.184629537181258274e+04
1.012473115388276528e+04
1.182953146062740598e+04
1.080733567977599159e+04
1.145069395838073433e+04
1.088475458230894947e+04
9.103851440248781728e+03
1.120794091263337396e+04
1.138039013011470888e+04
1.182190003107696612e+04
1.057774938239273979e+04
1.031189521617158789e+04
1.150080722747391519e+04
1.099332824229824655e+04
9.989062328406851520e+03
1.161380924813326783e+04
9.973675090145610739e+03
1.004458008803482153e+04
1.094259580305191776e+04
1.125424786656847573e+04
9.413953984306110215e+03
1.094626470163654085e+04
1.025828915069317009e+04
1.029147660224057836e+04
1.099079614385577042e+04
1.068332245088441050e+04
9.670935568313154363e+03
1.171562664262960607e+04
1.069987305212107276e+04
1.098927840825671228e+04
1.019358978306744029e+04
1.101816644946227825e+04
1.093451288476968512e+04
1.131516806638438720e+04
1.080940633207803330e+04
1.111418048650244236e+04
1.173020227409538529e+04
1.182711337850116979e+04
1.107406716453871559e+04
9.882018192215880845e+03
1.034980590977890461e+04
1.173409758392723779e+04
1.189294676959793651e+04
1.073883517243867573e+04
1.094598835783103641e+04
1.189666634431089551e+04
1.132877463413411897e+04
1.129606560825644192e+04
1.047055663668767374e+04
1.151498024609899221e+04
1.091631900512075663e+04
1.107060141981594643e+04
1.168379697136708273e+04
1.000822687812081313e+04
1.062030133554932218e+04
1.164342908348221135e+04
1.191586704577334967e+04
1.143838498428530511e+04
1.178149170443027288e+04
1.157516606469770340e+04
1.131855275190249813e+04
1.184019157243938753e+04
1.131346677763443040e+04
1.055564201226948717e+04
1.039659363797183323e+04
1.192463337142750606e+04
1.048845920090720392e+04
1.169000234754513622e+04
1.171379797115590191e+04
1.116943272059710580e+04
1.175828698469883238e+04
1.106787506666778063e+04
1.054972377384441643e+04
1.159221537590788466e+04
1.168428956812163597e+04
1.112334998383426137e+04
1.147873184727944317e+04
1.144780995347705903e+04
9.881850933697673099e+03
1.056230556547346350e+04
1.146003028088809151e+04
1.125718962412963447e+04
1.187086055943313841e+04
9.955930007034501614e+03
1.133772832260153700e+04
1.183934903124463381e+04
1.171162447151519518e+04
1.138474726229081898e+04
1.133045654532793924e+04
1.181676906238715674e+04
1.109542251831377143e+04
9.927357587703922036e+03
1.158194122191232600e+04
1.086170262770649060e+04
1.159317556977932691e+04
1.186513707787974636e+04
1.089278336973196565e+04
8.523124729419922005e+03
1.051091380333159577e+04
9.912857186751905829e+03
1.100431762649661505e+04
1.118648527075284983e+04
1.113073745677118859e+04
1.189567555441880722e+04
1.182873684452218731e+04
9.092912212878803984e+03
1.142883160320673414e+04
1.192457498485725228e+04
1.136274561298322806e+04
1.168169299772662089e+04
1.154007023510319777e+04
8.736413933127867494e+03
1.182925784507568278e+04
1.144986953482494937e+04
1.103916195792312283e+04
1.184558662571535024e+04
1.027775439860270853e+04
1.148401908013690991e+04
1.094437508753321345e+04
1.170023621461502989e+04
1.158812385109143361e+04
1.165804237175704839e+04
1.038224087234979015e+04
8.889988831380722331e+03
1.125051282752940642e+04
1.170170932453250498e+04
9.365218912475706020e+03
1.176204178757699628e+04
1.119215199940240745e+04
1.006369899791978605e+04
1.181158031032241524e+04
1.108901963988366151e+04
1.068110602638669297e+04
1.159727779548073158e+04
1.188355595100710343e+04
1.190460450937842688e+04
1.078961066425861281e+04
1.136846955849026199e+04
1.163870670723050171e+04
1.191611563384891451e+04
1.117712770648678998e+04
1.088906376061197807e+04
1.041351615350176507e+04
1.126899041225364454e+04
1.143426267035062665e+04
1.129891347486089944e+04
1.157846480020506897e+04
1.146146776553379095e+04
1.157388096582677463e+04
1.127199082148851085e+04
1.109634739418852951e+04
1.026937969881104800e+04
1.145213989927341208e+04
1.131750915444731254e+04
1.084446025345134331e+04
1.064390644228652127e+04
1.136156703108008514e+04
1.102424553240165369e+04
1.175678728440626946e+04
1.157546468703749997e+04
1.170666151592985261e+04
1.135830891454741140e+04
1.179311351419005041e+04
1.179152989185779916e+04
1.120394589456931681e+04
1.095503100424571676e+04
1.186130143982484879e+04
1.099026736308622822e+04
9.737897910498524652e+03
1.156880983368303714e+04
1.172444991886651769e+04
1.188551518776144803e+04
1.133202775789772386e+04
1.166082416787918919e+04
1.101018278038925200e+04
1.035558546562116499e+04
1.002875605750915201e+04
1.179113890024459761e+04
1.172434696087030716e+04
9.960954484649939332e+03
1.189211443087024963e+04
9.661129827471619137e+03
1.103596521675476470e+04
1.153614690485350729e+04
1.114957649901507466e+04
1.016012242650102780e+04
1.096361155463450996e+04
9.538540400712117844e+03
1.160345254852778817e+04
1.144322555610583368e+04
9.865374777540928335e+03
1.097222049497126682e+04
1.192725542153989227e+04
1.173339312122937736e+04
1.188975578059558029e+04
1.139355037463134067e+04
9.689836450259412231e+03
1.062191537724301270e+04
1.051086455983222913e+04
9.610366913046731497e+03
1.027736829089474304e+04
1.098760743738840210e+04
1.033538447964413535e+04
1.168023037117178683e+04
1.171624859420779649e+04
1.167755751109738594e+04
1.025096995759106539e+04
8.974075281515117240e+03
1.071891259831325078e+04
1.169986921955292382e+04
9.333271820152236614e+03
1.130023513073739377e+04
9.265564312783450077e+03
1.138503720860094472e+04
1.038881117536901002e+04
1.189897934960415660e+04
1.144507180484763740e+04
8.537032437322259284e+03
1.136930469880275632e+04
9.372205277643402951e+03
1.103213386081475255e+04
1.177153886437121764e+04
1.111660006964086278e+04
1.120353494850619245e+04
1.153636297950123480e+04
1.151665003433398851e+04
1.128912671580295137e+04
1.002579711205729109e+04
1.173648353724649678e+04
1.172968626444200891e+04
1.118042730877582653e+04
1.145691646802984178e+04
1.029932302809770226e+04
8.576291810329264990e+03
1.180694657028030633e+04
1.182329066353907547e+04
1.191258782795017396e+04
1.052817967844526902e+04
1.109474682974726420e+04
1.045013117071154738e+04
1.156208013788102835e+04
1.110572491209651344e+04
1.182507910852611531e+04
9.078409594917517097e+03
1.004784905148568396e+04
1.102605135722994783e+04
9.581142469737103966e+03
1.106472316359569231e+04
1.085440854109001157e+04
1.188217298758520701e+04
1.013153002998611009e+04
1.051416328092040931e+04
1.176222340076741784e+04
1.065101418237670259e+04
1.124548941312716852e+04
1.174545040264881573e+04
1.092310558315833987e+04
9.898734575121812668e+03
1.169345351830421714e+04
1.079793439963754099e+04
1.169864383201364762e+04
1.182196949648318696e+04
1.164538432543695671e+04
1.177719148119447709e+04
1.187370689924180078e+04
1.075670865654761838e+04
1.043394489419969614e+04
1.114087876239587058e+04
1.010432160122130153e+04
1.185880474632544428e+04
1.083581139681290369e+04
1.087572207665750466e+04
1.125403894048874281e+04
1.151857378378510657e+04
9.824384203209030602e+03
1.167755751109738594e+04
1.115625029326170261e+04
1.154564371206915348e+04
1.079153177212064475e+04
1.104179685663626697e+04
1.087169179678345608e+04
1.171445583431194063e+04
1.128052978793995135e+04
1.173339312122937736e+04
9.819272752873699574e+03
1.008002046307728415e+04
9.986824155622123726e+03
1.120662563861902163e+04
1.163589935091539155e+04
1.172284860047076654e+04
1.189442045711018909e+04
1.143417757008503759e+04
1.123715991092035983e+04
1.166160324017674247e+04
1.129730238936217756e+04
1.147227160800092315e+04
1.154189383053498386e+04
1.167398230981685992e+04
1.181235723239988147e+04
1.189839159385473613e+04
1.183841195819940913e+04
1.056578828292872277e+04
1.111308227305368200e+04
1.063039035261808749e+04
1.087233438048460084e+04
1.180058991542562035e+04
1.156865920707864643e+04
1.118963000383089093e+04
1.163696527971849537e+04
1.006036134489299729e+04
1.168508395488860697e+04
1.112318926595826997e+04
1.034781960856207479e+04
1.183792188503537182e+04
1.079636105962073452e+04
1.100337786874471931e+04
1.138007124267040854e+04
8.986923272527172230e+03
1.038380748200617018e+04
1.161316043212614022e+04
1.175539375870816366e+04
1.133699905531323384e+04
1.113959238788143557e+04
1.055987480516936557e+04
1.178591000065987100e+04
1.117932719792385979e+04
1.116175980193567739e+04
1.162012814843159504e+04
9.342096249082478607e+03
1.147671482859034768e+04
1.140669942718496168e+04
1.176542159241893023e+04
1.055148163603436296e+04
1.182403991364513422e+04
9.340559842654831300e+03
1.164510877017407802e+04
1.160453582390484189e+04
1.113246383435090502e+04
1.106671102411681204e+04
1.027972152366661612e+04
1.109935138222452588e+04
1.045693830771256762e+04
1.030520314388589395e+04
8.008282421146656816e+03
1.163610491056817227e+04
1.192134808357986913e+04
1.051043136583720661e+04
1.185325730442257554e+04
9.985381027062541762e+03
1.051086455983222913e+04
1.128857926716694055e+04
7.693908985577075327e+03
1.097380711489310124e+04
1.063209767999647738e+04
9.276641927069222220e+03
1.135231362602089030e+04
1.169348755299232107e+04
1.161144598080282594e+04
1.152266326725558065e+04
1.173336372407322415e+04
1.118892198983285016e+04
1.113516883337214313e+04
1.113952134747264790e+04
1.188133260369389245e+04
1.056886927954037310e+04
1.146089449617218634e+04
1.134545451632468394e+04
1.055902844423822899e+04
1.089278336973196565e+04
1.123748581090603693e+04
1.184057970773927082e+04
1.088671014077726068e+04
1.164565236815458229e+04
1.072792855900918221e+04
1.141425952591306304e+04
1.131283796458757206e+04
1.135606244938338750e+04
1.127390626524137042e+04
1.112721053261984707e+04
1.152690983597094419e+04
1.132052311142992221e+04
9.209613688082983572e+03
1.168314284113156282e+04
1.101655594335931892e+04
1.142578192205237428e+04
1.173769189321855811e+04
1.174808447750703999e+04
1.078805720247078716e+04
1.072233054891568463e+04
1.177292678935696495e+04
1.026741215311514679e+04
1.125658603897393550e+04
9.750251333474941930e+03
1.111441569704216818e+04
1.133151298308933474e+04
9.408232745785408042e+03
1.152905772447447453e+04
1.187108169389276009e+04
1.136107895033206842e+04
1.032608188069035714e+04
1.017654328565180185e+04
1.037926044700406055e+04
1.117394940443597079e+04
1.143092341907045193e+04
1.176490179103912124e+04
1.041031486997544744e+04
1.134279966680408870e+04
1.118055967206426430e+04
1.077417945386722931e+04
1.187874264543324171e+04
1.110336613399995986e+04
1.172906579647461876e+04
1.068974916717965061e+04
1.102804362405038410e+04
1.139734098108856779e+04
1.165378171574808403e+04
1.072211997037354377e+04
1.131814229215043815e+04
1.166462305327612194e+04
1.158408341760206531e+04
1.027615788329505085e+04
1.092615798632130463e+04
1.081081923600200571e+04
1.107995855178979400e+04
1.067079354695213806e+04
1.003939257372413886e+04
1.094598835783103641e+04
1.191215959447065688e+04
1.180326037016119335e+04
1.157546468703749997e+04
1.184832789714936371e+04
9.483292658422942623e+03
1.022014751474169680e+04
1.126248135224441285e+04
1.141425952591306304e+04
1.100749708754921448e+04
1.079080904355557323e+04
1.081198628852891488e+04
1.187993357915755769e+04
1.168023037117178683e+04
1.157594621653798094e+04
1.022226577594743139e+04
1.177415426259127344e+04
1.062908684317574443e+04
1.167755751109738594e+04
1.015854131282716844e+04
1.120277289343087978e+04
1.156458845777392344e+04
1.109523967213883952e+04
1.025674311062766355e+04
1.116270374778987753e+04
1.140224763084012375e+04
1.069283211093088903e+04
1.129505155740750524e+04
1.123999855942691647e+04
8.973683740311947986e+03
1.118405785279529482e+04
1.172163074921743100e+04
1.149215668540241677e+04
9.905180747598133166e+03
1.107957894835912157e+04
1.040789563424859443e+04
1.166123076388681511e+04
1.111436438895998617e+04
1.082944730598589376e+04
1.175888525431965172e+04
1.116011634601087644e+04
1.121370179859089694e+04
1.172584935261161081e+04
9.963251553119924210e+03
1.164207812816275691e+04
1.119774448459975793e+04
1.164252010638007050e+04
1.112305911943919637e+04
1.167755751109738594e+04
9.722011412979536544e+03
9.567404888610910348e+03
1.165499575136639214e+04
1.086625024370531901e+04
1.109652909705342972e+04
9.838191566596484336e+03
1.107099904831823733e+04
1.108468181848596214e+04
9.117387958380773853e+03
1.037214073106674005e+04
1.163284967340922594e+04
9.514896904830764470e+03
1.084493750221441223e+04
1.167988397755080587e+04
1.113044034498442852e+04
9.169349388011964038e+03
1.189287598750015241e+04
1.104273138156353889e+04
1.152607334873073341e+04
1.078698103430443007e+04
1.046977004525051598e+04
9.864959633287282486e+03
1.190396750215637803e+04
1.097956168248064569e+04
1.189250730269805354e+04
1.079808940455164156e+04
1.141020059916136961e+04
1.153584356456759269e+04
1.183910721236526661e+04
1.089942775552302919e+04
1.159903785118577071e+04
9.974357338601341326e+03
1.091351672076632167e+04
1.169109782107294996e+04
1.147903185366887919e+04
1.131050560514843528e+04
1.160838767803199335e+04
1.095392480428249473e+04
1.189757579318342323e+04
9.279755515471737453e+03
1.101972965642933923e+04
1.155351266023704738e+04
1.102990696406686402e+04
1.186705606301337866e+04
1.063137928223542622e+04
1.189140695174381835e+04
1.144895069747813977e+04
1.143457266502220773e+04
1.140737486797618294e+04
1.105947101017515888e+04
1.187920612993324903e+04
1.168399595944500470e+04
1.125347180255282728e+04
1.086559724807926250e+04
1.040120729933986695e+04
1.189051928196382141e+04
1.100928283807946900e+04
8.343112169367417664e+03
1.178930910315009896e+04
