1.288775994697125316e+04
1.500707336808551372e+04
1.416834986466664122e+04
1.093489182794086810e+04
1.561157773247553087e+04
1.327061209448541194e+04
1.273477247312455984e+04
1.537978283324962467e+04
1.575083577517183039e+04
1.603905338850903718e+04
1.580388723291173665e+04
9.690304126152246681e+03
1.429411364619890082e+04
1.593078182123240913e+04
1.588119792296793275e+04
1.188092585235095066e+04
1.418330565979542553e+04
1.482202584981347536e+04
1.375008208705817015e+04
1.387463153746855642e+04
1.208196708513953308e+04
1.498207205994254400e+04
1.506448377697232354e+04
1.520838803085847758e+04
1.473088420112830863e+04
1.494582467421423098e+04
1.432951743052760321e+04
1.134627564650543718e+04
1.575099412632480198e+04
1.500902018508116817e+04
1.440244175588162216e+04
1.567898480847955398e+04
1.306433326099516125e+04
1.468982046093335885e+04
1.475096802492079405e+04
1.601097272968900506e+04
1.503502605751634474e+04
1.094717108679400189e+04
1.435334501023693883e+04
1.523805879241908406e+04
1.384170375638601945e+04
1.537775793786404392e+04
1.576321221922167751e+04
1.554679877846348245e+04
1.553237518617171008e+04
1.476993940572279098e+04
1.533632165923702814e+04
1.465276576029331773e+04
1.360444047108594532e+04
1.413204083903978244e+04
1.484997884655576490e+04
1.501833448050692459e+04
1.564074008562384734e+04
1.440353309207456186e+04
1.542854802818677672e+04
1.448386127553792903e+04
1.499752993396350212e+04
1.535757051367996792e+04
1.520557863436657499e+04
1.391938682202691598e+04
1.459153483066509943e+04
1.373486419351130826e+04
1.602628587026425157e+04
1.443703221717309862e+04
1.364147913503225573e+04
1.374937656709805742e+04
1.369898021894605154e+04
1.496074454937672635e+04
1.477320466344649321e+04
1.273477247312455984e+04
1.512105461613779335e+04
1.612516485164792357e+04
1.157621964317932543e+04
1.505018336381612244e+04
1.554455543798508734e+04
1.435628920214505342e+04
1.445573041565584936e+04
1.593532366766271298e+04
1.489728136323285071e+04
1.496898222463438287e+04
1.308401398514125503e+04
1.592324087033682554e+04
1.608597712007713199e+04
1.086242648072279371e+04
1.318442982300293443e+04
1.291324056854171067e+04
1.529774870445131091e+04
1.598849411735574176e+04
1.420740320911544950e+04
1.166456317075170773e+04
1.527674514221781101e+04
1.202954448614996727e+04
1.425638890562054257e+04
1.489334746207850003e+04
1.131982051502342074e+04
1.393556648425088861e+04
1.346221908095724393e+04
1.573554669379594270e+04
1.329030949594807680e+04
1.156530507678741196e+04
1.382144930270194163e+04
1.322925660723932015e+04
1.565304539830354770e+04
1.330475199760971373e+04
1.125831347484485195e+04
1.596884302187275534e+04
1.353635679536190946e+04
1.606472200264257845e+04
1.445191829027039057e+04
1.539159347497031195e+04
1.486958806015747177e+04
1.555043772340256328e+04
1.609789039827188390e+04
1.320799899258440200e+04
1.546310573430421573e+04
1.520705015905036635e+04
1.506877959213141730e+04
1.450380529712184580e+04
1.598759947775365799e+04
1.510234028694868539e+04
1.441499459652718178e+04
1.452528219066816746e+04
1.569394188864291937e+04
1.402111359252359034e+04
1.291979367574384378e+04
1.547831919344324160e+04
1.552401710632630420e+04
1.586901671181386519e+04
1.181993737369514201e+04
1.488098639801127865e+04
1.180498152539075818e+04
1.390608322913313532e+04
1.521599530189971483e+04
1.445856154989512288e+04
1.471759286889428404e+04
1.489103751100988484e+04
1.421301627590688440e+04
1.360232290496727364e+04
1.233514268505716973e+04
1.581644086378899556e+04
1.464333701249525984e+04
1.380258448494526601e+04
1.450506480170245050e+04
1.333307437068674881e+04
1.374764475043690982e+04
1.546268386898898461e+04
1.422433333195210071e+04
1.564115662635749686e+04
1.447927820393711227e+04
1.485220568815070692e+04
1.417598576299141496e+04
1.485156105503224171e+04
1.281315421842467367e+04
1.436177556792392716e+04
1.557264017600519583e+04
1.095968161404566854e+04
1.313165763854830220e+04
1.290738411723315403e+04
1.433624226701237421e+04
1.493591589948155524e+04
1.617004738224075663e+04
1.476870479448943661e+04
1.493410604054453506e+04
1.378504125255882172e+04
1.565965675596038091e+04
1.491922253064340111e+04
1.536578976556888119e+04
1.473303985583890426e+04
1.419465982752308446e+04
1.581836998713704088e+04
1.615956842452817727e+04
1.150181252427753680e+04
1.322841499437630227e+04
1.552129635512917412e+04
1.520028169873258230e+04
1.439712305958078286e+04
1.085103965752305885e+04
1.337663135913090991e+04
1.364040667732258953e+04
1.193108040429309585e+04
1.379276474648666408e+04
1.495008337330665381e+04
1.557167672126999059e+04
1.512465306480923755e+04
1.550314741701638013e+04
1.423781570651756192e+04
1.566139363749932636e+04
1.510600780419047987e+04
1.434644604034327494e+04
1.154118632855118085e+04
1.353610573768290851e+04
1.566121324741638455e+04
1.418141465971294565e+04
1.182158901339002477e+04
1.393631892963897917e+04
1.571971662877683593e+04
1.519485755609262196e+04
1.196757983502141542e+04
1.409838518426964765e+04
1.297476832751011898e+04
1.198560344727685515e+04
1.600719591349953043e+04
1.530100730736441255e+04
1.533520613313402464e+04
1.449240878754860751e+04
1.304101941721286494e+04
1.550415476036407199e+04
1.359236805790668404e+04
1.252397323193533521e+04
1.563233222393610231e+04
1.133229294673258482e+04
1.364556305090412934e+04
1.606243872594220738e+04
1.582576880026682920e+04
1.495999084099640459e+04
1.606468355237326978e+04
1.432886244056275245e+04
1.226584337724152283e+04
1.467458714344475447e+04
1.569188119312457275e+04
1.315687696809293084e+04
1.093861168119825379e+04
1.605402533325638433e+04
1.495267679031763691e+04
1.340226837584426903e+04
1.512048316013119256e+04
1.543721049505784140e+04
1.540342080713355426e+04
1.502762779588319427e+04
1.153949986724381961e+04
1.298426721643316705e+04
1.510160099126625755e+04
1.530625028806714727e+04
1.603619817401560067e+04
1.582629362293562008e+04
1.578602374573907218e+04
1.560105460348643646e+04
1.427193946649106874e+04
1.179029556373098967e+04
1.301451937087869373e+04
1.610382322661156286e+04
1.602831727786658303e+04
1.591984957307036893e+04
1.587746547269323673e+04
1.151962047031317707e+04
1.440207400251228319e+04
1.472827063162386912e+04
1.434338626695267521e+04
1.283951299384284721e+04
1.430395239438894896e+04
1.455203375981190402e+04
1.510988097129922608e+04
1.313614478589316241e+04
1.578216173540989621e+04
1.418401562854253461e+04
1.460952721578764249e+04
1.562354583600707156e+04
1.474660268560061741e+04
1.525412637365481169e+04
1.603037612543444811e+04
1.318841421090979929e+04
1.585985016460374209e+04
1.556664967011622139e+04
1.505823604177686684e+04
1.456479712132150962e+04
1.555043772340256328e+04
1.379884328014676976e+04
1.398471157181055605e+04
1.277341960156229470e+04
1.484338929574185204e+04
1.377177955411895891e+04
1.554000135657424835e+04
1.590832793355655122e+04
1.539028053751073276e+04
1.286386547875763426e+04
1.275380866940366104e+04
1.150727533734757708e+04
1.433624148543622687e+04
1.551210173449876675e+04
1.382047436392267264e+04
1.473888515429235304e+04
1.499131679964209252e+04
1.394486801542403009e+04
1.285342352973104425e+04
1.538404147761005152e+04
1.541222021267794480e+04
1.555570324637585145e+04
9.908404541955247623e+03
1.531554937454969331e+04
1.129073294483894642e+04
1.557752223537193458e+04
1.418664007474179562e+04
1.421919967545470718e+04
1.351738266125308655e+04
1.303093709584990938e+04
1.560800261141519150e+04
1.400266309561446360e+04
1.533157095464127815e+04
1.344613096156630672e+04
1.311713590417944215e+04
1.231937879729370252e+04
1.557266780979887153e+04
1.335055062265311972e+04
1.505596245120968888e+04
1.563716954101826195e+04
1.611056842989141296e+04
1.248833141131856610e+04
1.282865057932488889e+04
1.537547164034990419e+04
1.469803922850291019e+04
1.450262946916506735e+04
1.512904488565723113e+04
1.575346644111195928e+04
1.384035860449604479e+04
1.565967063347548174e+04
1.443973841997276031e+04
1.461953912533680887e+04
1.559899859998608008e+04
1.259229771311663353e+04
1.587235871486417818e+04
1.481453738643253382e+04
1.610724161881004147e+04
1.441989251125631927e+04
1.589419035377061118e+04
1.449494513178417037e+04
1.165285245981573098e+04
1.444496533552336768e+04
1.328617538831006823e+04
1.556007506275088417e+04
1.587235871486417818e+04
1.483856684662982843e+04
1.593384713723834102e+04
1.403965008595386826e+04
1.516222056012226676e+04
1.277567328098091457e+04
1.419465982752308446e+04
1.286210751368013189e+04
1.279628541114962718e+04
1.494969889225019506e+04
1.614796152679227816e+04
1.406663367373444635e+04
1.138625236795129968e+04
1.449625199205215176e+04
1.481738622088942975e+04
1.594889718060905943e+04
1.472994353825305370e+04
1.446821673832031229e+04
1.517412489803015342e+04
1.393909621345430241e+04
1.356853227809297096e+04
1.606820547005136359e+04
1.039164091983035905e+04
1.321378168328896572e+04
1.531334309829952326e+04
1.334457999280597141e+04
1.471361685399833914e+04
1.479298686333267688e+04
1.563775618373184261e+04
1.317866019848873839e+04
1.367574268795369608e+04
1.438820624713650977e+04
1.018075063310590122e+04
1.447185227222424874e+04
1.261056693552803154e+04
1.077009396083777392e+04
1.461227894049414681e+04
1.397866094631638407e+04
1.594105093061854495e+04
1.572428314415206842e+04
1.600307344698011002e+04
1.313782884722037852e+04
1.540036043194790545e+04
1.433856520620853735e+04
1.522872400263166492e+04
1.454853125200337308e+04
1.595855448470850934e+04
1.334981538101059959e+04
1.377378520335441863e+04
1.389414521434049857e+04
1.526527987475461850e+04
1.557485372310870480e+04
1.433518541251271199e+04
1.322841499437630227e+04
1.464368314077122704e+04
1.475557821682566646e+04
1.337414227989314895e+04
1.309512421100157371e+04
1.554158475938069932e+04
1.335198530842712717e+04
1.510387679337601730e+04
1.184089956467901357e+04
1.468360953038935259e+04
1.492965984185059824e+04
1.557132341177250419e+04
1.466317908212230213e+04
1.347232296600681366e+04
1.352731232790333524e+04
1.432367583251585529e+04
1.520212147753595309e+04
1.380920811704349035e+04
1.577411429935819979e+04
1.214672465511619521e+04
1.535658617305156076e+04
1.319917639730160772e+04
1.553237518617171008e+04
1.471937678127661093e+04
1.073942283341722396e+04
1.365188876062872987e+04
1.424411106374091651e+04
1.357738354105380495e+04
1.531064763608373141e+04
1.465295021965922206e+04
1.345918167121958322e+04
1.235521993463169565e+04
1.155961995949586344e+04
1.314584512585896664e+04
1.291265757634156762e+04
1.586935168125585369e+04
1.486696702528097740e+04
1.564717256812340565e+04
1.567132256762308498e+04
1.579687781419495514e+04
1.490211779067182579e+04
1.345438887247039202e+04
1.452509901038588941e+04
1.528668864631611723e+04
1.467994709435501500e+04
1.329072528930160297e+04
1.546848966552360434e+04
1.616337482995457685e+04
1.616504617943062476e+04
1.598270019175261950e+04
1.345026744168722144e+04
1.032093349087503520e+04
1.436469136502934998e+04
1.522192402571080675e+04
1.586936294767732397e+04
1.511350310197461295e+04
1.197533719639274568e+04
1.583288229004440836e+04
1.313782884722037852e+04
1.543669346942979610e+04
1.283274556657191351e+04
1.563676178099971366e+04
1.165670904842690288e+04
1.254573123791232138e+04
1.606725586400057728e+04
1.153281554908508042e+04
1.606178271780086288e+04
1.603189419709908907e+04
1.362336494363259044e+04
1.602121862281268113e+04
1.446622139092774887e+04
1.296232099318643850e+04
1.606866807968324065e+04
1.548654509477937972e+04
1.574871766394360384e+04
1.229101998517908396e+04
1.544980926053342046e+04
1.417961111181509841e+04
1.398177354024169654e+04
1.555551646353142314e+04
1.423986015778522051e+04
1.507855235599227490e+04
1.258285655960774966e+04
1.526369822459735951e+04
1.572148400426578701e+04
1.366632074667701090e+04
1.421272286294013975e+04
1.443445940492125374e+04
1.343852166626984763e+04
1.223518296077782907e+04
1.569295181981470523e+04
1.380836062836733618e+04
1.283544610876667502e+04
1.605100145297686140e+04
1.121673790565287163e+04
1.501588373918353318e+04
1.281993692900009228e+04
1.366710897158284570e+04
1.481453738643253382e+04
1.196433783650802798e+04
1.442218970597139196e+04
1.488563747893445543e+04
1.505016343050228534e+04
1.501507798441656450e+04
1.524172717612808628e+04
1.301458027100194158e+04
1.464689263821684290e+04
1.608060540734567621e+04
1.588589466471078777e+04
1.519485755609262196e+04
1.434231912112626742e+04
1.553613756635407844e+04
1.451965300437062251e+04
1.478790215156756494e+04
1.562615996126009122e+04
1.579609926161429757e+04
1.266103850113595399e+04
1.416470582435676624e+04
1.468976217242373968e+04
1.332897597888815108e+04
1.009919314245274472e+04
1.387506482373422659e+04
1.315502465369076526e+04
1.602097977375183473e+04
1.526305888938676071e+04
1.540441175169455164e+04
1.543694774668714672e+04
1.524048230192484334e+04
1.483856684662982843e+04
1.207160109724044378e+04
1.511023938702292435e+04
1.549218256615995415e+04
1.437576255823749852e+04
1.397557148353355478e+04
1.458753988871179172e+04
1.520615946748149508e+04
1.592109455779416021e+04
1.581983533901592455e+04
1.092975298041153656e+04
1.511216733614805707e+04
1.565562632215244776e+04
1.141890772120304246e+04
1.601478499370574536e+04
1.288087788714637827e+04
1.393418319369070014e+04
1.561368947576874052e+04
1.472627652930093063e+04
1.376864974071156030e+04
1.552869780762346636e+04
1.259166092075998313e+04
1.459557598603975202e+04
1.511289319136484846e+04
1.400033063306294935e+04
1.324132510264666416e+04
1.369041184868236087e+04
1.193432601696236088e+04
1.370986955386156114e+04
1.569910200064268611e+04
1.317583639418276289e+04
1.378440370706006070e+04
1.310312516761990264e+04
1.327941303920772043e+04
1.509200143330881838e+04
1.581689273901918205e+04
1.352347366721464277e+04
1.470454301465940807e+04
1.046612223004825319e+04
1.458753988871179172e+04
1.613926321295598245e+04
1.380258448494526601e+04
1.470502298668432195e+04
1.522422401526227623e+04
1.292338316264950845e+04
1.413081518619156122e+04
1.486504366489368294e+04
1.511342269645840679e+04
1.468209140047123401e+04
1.511209080959882522e+04
1.511503230711494325e+04
1.614182406830797481e+04
1.610870730829144668e+04
1.555567949777384274e+04
1.546675033290210922e+04
1.328143268656625332e+04
1.544228631044729627e+04
1.575333729541638058e+04
1.278494836236192714e+04
1.440920348176083462e+04
1.469736315681394990e+04
1.428299550327680299e+04
1.543709153854784381e+04
1.350220018866065948e+04
1.613962003874692527e+04
1.458651424985620361e+04
1.361930468954026583e+04
1.187674686922220098e+04
1.425349385425199216e+04
1.477320466344649321e+04
1.576096321478365098e+04
1.192845564720016046e+04
1.596877222790473388e+04
1.454408481995310103e+04
1.140302541708410354e+04
1.588189437300104328e+04
1.531770461282245924e+04
1.453396849746488078e+04
1.427720143695626939e+04
1.365235613563003426e+04
1.360734081437357781e+04
1.454437542150849185e+04
1.495800824799197289e+04
1.569339519700314304e+04
1.269073537237504206e+04
1.461753596797099271e+04
1.561457944655761457e+04
1.528205943801504691e+04
1.416729910322079922e+04
1.540141280195986474e+04
1.574077517158166665e+04
1.364315465422390844e+04
1.550773357419973581e+04
1.599669251162868386e+04
1.479014703587416989e+04
1.413778583683512989e+04
1.595387382754297141e+04
1.560502019068139634e+04
1.456410404256038601e+04
1.243559718660108774e+04
1.614605159854604062e+04
1.255058604844572619e+04
1.507185440668190131e+04
1.093861168119825379e+04
1.545240027043145528e+04
1.372527140260910528e+04
1.298081577446790834e+04
1.271924063568174824e+04
1.427612975329871915e+04
1.539805487873617312e+04
1.548345544603313829e+04
1.542890596251780153e+04
1.521599530189971483e+04
1.256960955521413780e+04
1.615030169955827660e+04
1.354820076347581926e+04
1.535260589827948570e+04
1.483253419290908278e+04
1.562563575403039795e+04
1.489466445587934322e+04
1.546349230935269225e+04
1.345194259637701543e+04
1.437021912901296673e+04
1.440207400251228319e+04
1.602856922760398447e+04
1.468167142204236370e+04
1.606368670266611662e+04
1.546361500864194022e+04
1.578860098121462579e+04
1.589937698483837994e+04
1.603614818930089314e+04
1.427343111184436930e+04
1.462441259351618100e+04
1.581866462564463291e+04
1.274095386184146992e+04
1.546022600351046458e+04
1.614290314707493781e+04
1.506295868956390950e+04
1.514208281045616422e+04
1.586393533555434260e+04
1.440372337955798866e+04
1.521815436002578099e+04
1.428879586368704440e+04
1.550037009375774142e+04
1.553199583078904470e+04
1.545945209411422002e+04
1.200454833461906674e+04
1.395545857606633945e+04
1.586687060260395083e+04
1.502701023062991408e+04
1.554483776302345723e+04
1.383169620061309251e+04
1.389948628047088278e+04
1.493139894660287609e+04
1.310298290715097392e+04
1.505592238267527500e+04
1.467458714344475447e+04
1.602840983971286005e+04
1.606478597967833593e+04
1.313165763854830220e+04
1.616646095414425145e+04
1.422997365617691685e+04
1.588568702511410629e+04
1.347658166396055822e+04
1.270214919424332038e+04
1.499752993396350212e+04
1.477397149160125446e+04
1.536388842585857310e+04
1.360034690902268994e+04
1.440474834142203690e+04
9.510674609179084655e+03
1.332838791931478045e+04
1.265291466575445702e+04
1.546747178001991597e+04
1.245463582091721219e+04
1.404083206736631837e+04
1.598644286196112989e+04
1.516976088096276362e+04
1.605702641676763051e+04
1.334058326310601842e+04
1.433369722299226851e+04
1.552473490998271154e+04
1.323183166498882565e+04
1.608090099991307216e+04
1.571968094480287982e+04
1.600469575511585208e+04
1.455875066723305645e+04
1.421433077993712686e+04
1.495021467407238742e+04
1.070509719604480233e+04
1.563630204674815286e+04
1.394377508410325026e+04
1.565965675596038091e+04
1.555938114942947504e+04
1.551533793605379833e+04
1.582849860281545625e+04
1.520532213550630331e+04
1.486920468909118790e+04
1.427586039275466283e+04
1.599757573870246779e+04
1.563631965431808931e+04
1.437426170391913547e+04
1.487871672134784603e+04
1.323627468452884204e+04
1.471622034343834639e+04
1.599821536780677343e+04
1.479381508168729488e+04
1.298506696321307936e+04
1.612692289348616760e+04
1.209312736299905009e+04
1.188919018166072419e+04
1.436208639712254808e+04
1.481994689065552484e+04
1.517251611706707627e+04
1.512209602688085579e+04
1.597333308845611828e+04
1.305919441009323054e+04
1.465810363186198083e+04
1.282485144652537929e+04
1.383484293788795003e+04
1.474755698698148626e+04
1.344045998340628830e+04
1.228593621149717183e+04
1.137446754578970285e+04
1.281684074605902606e+04
1.595855448470850934e+04
1.491871337997957562e+04
1.410881474066016563e+04
1.254238929123357957e+04
1.484338929574185204e+04
1.134146033316292414e+04
1.394773653001232560e+04
1.552153223256106867e+04
1.487504073712570425e+04
1.496590053165575591e+04
1.532859215702026995e+04
1.448928968779009483e+04
1.279737988304332248e+04
1.447357568138245915e+04
1.370749943756842367e+04
1.587449596874535564e+04
1.470869740886084764e+04
1.451287742797386090e+04
1.413878733078596633e+04
1.447310886449568170e+04
1.484125545525511916e+04
1.611924895371573439e+04
1.575417715662729461e+04
1.393418319369070014e+04
1.172998098363795725e+04
1.545817829775341670e+04
1.177849876082969422e+04
1.304436661053876742e+04
1.196047461992749959e+04
1.578187486061568779e+04
1.390516111133723098e+04
1.495267679031763691e+04
1.324132510264666416e+04
1.444545022024193349e+04
1.567423093845288167e+04
1.568449125182450189e+04
1.563982039615829126e+04
1.613307004116004464e+04
1.371872631280307905e+04
1.515334171559351125e+04
1.363836048764625230e+04
1.542655166357306007e+04
1.427002537618095448e+04
1.610435707540045405e+04
1.616112012208898886e+04
1.196433783650802798e+04
1.601246774707746954e+04
1.467764640228577809e+04
1.514129567183198560e+04
1.415262597659828680e+04
1.480891976486519343e+04
1.209276831819253130e+04
1.540063950336462585e+04
1.574423931826100124e+04
1.404338105636609544e+04
1.410119603830935012e+04
1.418491361646008409e+04
1.551847085760159462e+04
1.542760424572044940e+04
1.610912478384375027e+04
1.451287742797386090e+04
1.422997365617691685e+04
1.594521196109782613e+04
1.385336332616870641e+04
1.402234031091154611e+04
1.292023756699481964e+04
1.566991470791247411e+04
1.410301014900217888e+04
1.480120052241674239e+04
1.548845311464257065e+04
1.417811939594456999e+04
1.138803325344923906e+04
1.372545034406822379e+04
1.421636208782149879e+04
1.581202192997262136e+04
1.254838098647576408e+04
1.575425649328732652e+04
1.476032389161639549e+04
1.467764640228577809e+04
1.209276831819253130e+04
1.542655166357306007e+04
1.545417496238583044e+04
1.515634756128295703e+04
1.368390337606236790e+04
1.494726697673041417e+04
1.603189275729614383e+04
1.358783019895204234e+04
1.142214748699820302e+04
1.421413542946594316e+04
1.410172278542597815e+04
1.571912549335226140e+04
1.261706561569193400e+04
1.318605979436813323e+04
1.503449318158534697e+04
1.426647000029819901e+04
1.097145317246488412e+04
1.422590018357341069e+04
1.339731285733679033e+04
1.581227944238359123e+04
1.511102058733599188e+04
1.527379208406036742e+04
1.399955335244551679e+04
1.336767398071226853e+04
1.590067150054629019e+04
1.210623244862500542e+04
1.601364677138231491e+04
1.228140893912905995e+04
1.483948787153125704e+04
1.574149261515649960e+04
1.260220303307242466e+04
1.346084276712774772e+04
1.513487534299987965e+04
1.328459957263557226e+04
1.251552940505521838e+04
1.601412540823026939e+04
1.570859997891827879e+04
1.558192688063519017e+04
1.415262597659828680e+04
1.376912944885345132e+04
1.514696135662854795e+04
1.234187531205038249e+04
1.578473606840739376e+04
1.434172092880967830e+04
1.588978852975321570e+04
1.603064716880420929e+04
1.397483300493756178e+04
1.602057166091689396e+04
1.528050856170636325e+04
1.487515179258079661e+04
1.323837687158763038e+04
1.617318885018610672e+04
1.553019938809050655e+04
1.557438563273276122e+04
1.591240817001551841e+04
1.585039530967178507e+04
1.275696168891129673e+04
1.461045715107432807e+04
1.608482231136142946e+04
1.515334171559351125e+04
1.283134990884408762e+04
1.451185271524267046e+04
1.216558963088146811e+04
1.384593230891845087e+04
1.407282232216227021e+04
1.329420029902212082e+04
1.482202573504334214e+04
1.179899033985943970e+04
1.535799104365339190e+04
1.567334686416777549e+04
1.501865933429459255e+04
1.500104110062363907e+04
1.213813659669199478e+04
1.393868003502820102e+04
1.616480661427768973e+04
1.464812026741332920e+04
1.261811312603325496e+04
1.418141465971294565e+04
1.136589891978726155e+04
1.583966471652751534e+04
1.615651336231760433e+04
1.268483732641105962e+04
1.506792631920533131e+04
1.582207807849990604e+04
1.351189264445353183e+04
1.010076212159117495e+04
1.238878921445864580e+04
1.556664967011622139e+04
1.576440315836347509e+04
1.499494375095850592e+04
1.610649974864737305e+04
1.358162820040115184e+04
1.483267962203654679e+04
1.409501284638465586e+04
1.539477537658023721e+04
1.395883703523199438e+04
1.390193026940803065e+04
1.570575013747331650e+04
1.555939876880215161e+04
1.530326366316276471e+04
1.464884469121338770e+04
1.432230990768898482e+04
1.554653493783304657e+04
1.181993737369514201e+04
1.290911885772220558e+04
1.570414540911839504e+04
1.495213227605139218e+04
1.305668143831622547e+04
1.463543470728819739e+04
1.584875078663690147e+04
1.495023546813758912e+04
1.563716954101826195e+04
1.446419901611891146e+04
1.556749551466349112e+04
1.499437489862857183e+04
1.348837878076912784e+04
1.501046440913871629e+04
1.370437133983874082e+04
1.479863572585966176e+04
1.508432271328906063e+04
1.435821295990615545e+04
1.415867690412714728e+04
1.511069565933656122e+04
1.581087128433178077e+04
1.486330323828923065e+04
1.432787755847754124e+04
1.600062547556320715e+04
1.563463911902308973e+04
1.498051325469238145e+04
1.450492136645034407e+04
1.577047357625976474e+04
1.450723976430864423e+04
1.434428060657513561e+04
1.214763418230252682e+04
1.559554338521576392e+04
1.606354641032242580e+04
1.566410139035381508e+04
1.408820145841349949e+04
1.553914738124848554e+04
1.384429542337000930e+04
1.425508652633408929e+04
1.598140117462367925e+04
1.311236443619820056e+04
1.548227786830632067e+04
1.559842651436924098e+04
1.263081916795834695e+04
1.130487314582138788e+04
1.617095119852744028e+04
1.526957915264013718e+04
1.234187531205038249e+04
1.542118253511749208e+04
1.458809103806371786e+04
1.585516124173221760e+04
1.595263614497657545e+04
1.518706535383979826e+04
1.196507500361620987e+04
1.599397175479152065e+04
1.610455092754608813e+04
1.567696497791533693e+04
1.461953912533680887e+04
1.258285655960774966e+04
1.374291959086479437e+04
1.218844563183930950e+04
1.536271601990320778e+04
1.460141260568412508e+04
1.587235871486417818e+04
1.184089956467901357e+04
1.417547890031827774e+04
1.573803844916234630e+04
1.526464217213400116e+04
1.609037338938658831e+04
1.554426707280658957e+04
1.275380866940366104e+04
1.322841499437630227e+04
1.597333308845611828e+04
1.461981276841647923e+04
1.009069002519113565e+04
1.416696765569277341e+04
1.343868673716025296e+04
1.564080651351160122e+04
1.517412489803015342e+04
1.575275960750919330e+04
1.337163939679168834e+04
1.426240904550212508e+04
1.400300858146565952e+04
1.522238180547719094e+04
