1.030561462503907569e+04
9.715153021893911500e+03
9.722689993397489161e+03
1.053151019929713948e+04
1.027674932761305536e+04
8.965751772371382685e+03
1.030060126221952487e+04
1.053150853420684143e+04
9.942703390949678578e+03
9.413687120393085934e+03
1.011091132340558397e+04
1.029388179903759737e+04
1.049604564043068240e+04
7.222903986273201554e+03
9.540741364155393967e+03
1.039342395460353509e+04
9.685312586394742539e+03
9.789928866279427893e+03
1.021552502768842714e+04
9.344410362470209293e+03
1.018782416671382452e+04
1.016156473413818458e+04
1.049367804670064834e+04
1.009629648699232712e+04
8.044500755652133194e+03
1.064180504288139127e+04
1.059982867543845350e+04
1.060867503187932743e+04
9.499438751554214832e+03
1.061761473144201227e+04
1.030582910559512311e+04
1.058807560532489879e+04
1.024899466820383896e+04
1.032216086951582292e+04
9.165372066513957179e+03
9.944627355301323405e+03
8.903962448345020675e+03
1.006951302519639466e+04
9.738691723635265589e+03
8.632327176725037134e+03
9.654488139052311453e+03
1.025746981470283208e+04
1.064371444641083690e+04
9.454338638027558773e+03
1.031994188966207730e+04
9.223816262532862311e+03
9.928520057351364812e+03
9.021627988845393702e+03
1.058613470119052909e+04
9.343473716745345882e+03
1.039770712535331404e+04
1.021163017931377544e+04
1.051351097800006028e+04
1.058681690126284957e+04
1.053580893229349931e+04
1.000217495407352362e+04
9.968549962560240601e+03
1.060973649875663978e+04
1.001085315898921726e+04
1.043382727530067677e+04
9.654488139052311453e+03
1.048949756498896750e+04
1.045038224920516041e+04
1.042729871063113933e+04
1.047585665482876720e+04
9.524332327599473501e+03
1.057894036781135947e+04
7.655321307627793431e+03
1.052408259770656150e+04
8.370540184313827922e+03
1.056218044464726518e+04
9.322779047574464130e+03
9.802245912196682184e+03
9.030640133976394281e+03
1.033596610385808708e+04
1.015072870252725079e+04
9.262580114572028833e+03
1.051294584661656700e+04
1.049359562109597027e+04
9.624099487266350479e+03
9.972643451634026860e+03
1.009544400010209210e+04
9.920768766832235997e+03
9.552231153132564941e+03
1.047513755574636525e+04
1.053206751266355423e+04
1.031913730420873253e+04
1.001599186026292591e+04
1.025019504541664355e+04
9.546309115575324540e+03
1.025038281778157034e+04
9.978625467405167001e+03
9.735065952844233834e+03
8.280131122316081019e+03
1.020672388750763639e+04
9.378249004386525485e+03
9.240517876652889754e+03
1.059186324069054899e+04
1.062821786877476916e+04
9.409526284713916539e+03
1.047170078333848869e+04
9.038525969047836043e+03
9.932959679833016708e+03
9.633499130386977413e+03
9.864547047823076355e+03
1.020086526710987891e+04
1.024253994039837926e+04
1.006612001286070881e+04
1.059082417040441578e+04
1.049588770987843964e+04
9.969513293046247782e+03
1.016117273179430777e+04
9.600016605045926553e+03
1.046632326149219443e+04
1.046868588272732813e+04
1.003219954582717764e+04
1.012312122923591232e+04
9.241630703212704248e+03
1.061878701843357521e+04
1.041894081279305465e+04
9.825900828392050244e+03
9.831072598083985213e+03
1.032155367114802175e+04
9.664982833652229601e+03
9.926628208667647414e+03
1.053360096502238412e+04
9.021418401494996942e+03
9.638648687173248618e+03
9.580813468542059127e+03
9.285237280506971729e+03
8.798779231651122245e+03
1.007722784054672229e+04
9.113197352186412900e+03
1.054786619567534581e+04
1.059910524686770077e+04
9.793471701819871669e+03
1.033412726617645239e+04
1.063662617508383300e+04
1.046881091185233527e+04
1.056148616876777851e+04
1.056841466559779656e+04
1.035154638000263367e+04
9.743867482647496217e+03
8.882335576101402694e+03
1.012210332232724795e+04
1.052300475037239630e+04
9.525929293712042636e+03
1.033732476443965425e+04
1.041882639807275336e+04
1.038984612961238236e+04
9.210986546021165850e+03
1.016897377615014921e+04
1.014888430804198288e+04
1.056688484030711334e+04
1.033165525482788144e+04
9.849943451808216196e+03
1.038398296525686601e+04
1.063162182984092033e+04
1.039172627313369958e+04
1.010911583192619946e+04
9.457789694762424915e+03
8.978398054707015035e+03
1.010271423543979108e+04
1.035363521048316034e+04
1.015867393491431721e+04
1.048395539604451915e+04
9.247903164645642391e+03
9.552231153132564941e+03
1.030834522766573718e+04
9.809848610985560299e+03
8.771922028580785991e+03
1.056482853083646478e+04
1.048902359665175027e+04
9.199252301312000782e+03
9.845839313456184755e+03
1.054534363899913842e+04
9.756981715168985829e+03
1.019435921124713059e+04
1.022991139761779050e+04
9.803084377507148020e+03
1.009339271166354956e+04
9.464131628606901359e+03
8.600319131043292145e+03
9.947095156866071193e+03
1.035586752222400719e+04
9.344787642728733772e+03
1.019654292311110657e+04
1.061441950693760737e+04
9.823265744545886264e+03
9.281142563772591529e+03
1.025869703775120433e+04
1.024189849091747237e+04
1.050083031659426342e+04
9.767739005108263882e+03
1.048959994877105419e+04
1.058447236320143929e+04
1.056164706359795309e+04
8.838988038293717182e+03
8.965751772371382685e+03
1.050741479255662307e+04
1.025746981470283208e+04
9.181808215810400725e+03
9.448387476159454309e+03
9.927208171735597716e+03
1.041671440642841844e+04
1.056575322338387923e+04
1.061143042385162335e+04
1.035452827272617651e+04
9.439175907851709781e+03
9.335801701559063076e+03
9.732579920070200387e+03
9.215326154466327353e+03
1.025684558484636364e+04
9.723633970380002211e+03
9.950220870473191098e+03
9.707090236344785808e+03
9.235432024768420888e+03
1.013083699694882307e+04
1.031956808782305961e+04
1.042121092007131119e+04
1.028220702439708839e+04
9.691232196141780150e+03
9.816054167096230231e+03
1.021679446398235814e+04
1.010975957192780334e+04
9.281113102628996785e+03
1.047368514867679914e+04
9.665596879014732622e+03
9.024109517273853271e+03
1.020408700311831126e+04
1.015365924515192819e+04
9.486684995534358677e+03
1.012248973867582754e+04
1.024597254113473173e+04
9.920432099353576632e+03
9.508015718575663414e+03
9.787133453318612737e+03
9.703672292669463786e+03
9.823794949496979825e+03
9.931452773472241461e+03
1.051570487287715150e+04
7.426079167801823132e+03
1.059513253777382124e+04
1.022748437556690988e+04
1.047921497923170136e+04
9.912465909870334144e+03
1.030341805808537174e+04
8.963197558264044346e+03
8.348019544758049960e+03
1.059872898812437052e+04
9.784470263341125246e+03
1.047331389233456866e+04
1.051548721190543256e+04
1.001281641141758519e+04
1.054261568605032517e+04
7.217963068728048711e+03
9.021097483502873729e+03
9.542993229153500579e+03
1.059082417040441578e+04
9.015677226628959033e+03
1.004179469021398108e+04
9.408524160635728549e+03
1.048395539604451915e+04
1.027700485522345480e+04
1.011873468675348340e+04
1.016481514709975272e+04
1.040935847330286015e+04
1.007727296075266349e+04
9.024109517273853271e+03
1.046939360420047524e+04
9.990063967999478336e+03
1.060685427354464446e+04
9.720987150239183393e+03
1.028638360324839414e+04
1.025468721572828508e+04
8.910221720637591716e+03
1.056778611024843485e+04
1.026777996674724091e+04
1.056367677164923953e+04
9.961376997876423047e+03
9.965000280100743112e+03
1.040182778163580224e+04
1.006057495796559124e+04
9.602691204241840751e+03
1.022749510233749788e+04
1.005058343751791472e+04
8.670479732674137267e+03
1.027700485522345480e+04
9.873921285454463941e+03
9.609223088304379417e+03
1.047921497923170136e+04
9.618900388500351255e+03
1.060388772812034222e+04
1.043166618013598236e+04
9.571804558603131227e+03
1.062907282952978858e+04
1.023261967668819125e+04
1.062821786877476916e+04
1.060602059539149923e+04
9.745330356824902992e+03
9.102962849608416946e+03
1.025409485547565055e+04
9.492331443021907035e+03
1.061887349186893334e+04
9.776416766480913793e+03
1.011300749969469325e+04
1.048506605636305903e+04
1.001706321489465699e+04
1.041408235028960189e+04
9.795610707587262368e+03
1.031027717416616724e+04
1.037056500152553963e+04
9.928520057351364812e+03
8.909446854314121083e+03
1.021241003825694133e+04
1.040511036898065140e+04
9.958332888990917127e+03
9.303344414187475195e+03
1.020428398788203776e+04
1.058067606752565553e+04
1.015889633813427645e+04
9.215594157178347814e+03
1.006271357615332636e+04
9.309989499505696585e+03
1.004749078308780736e+04
1.020318705804976526e+04
1.051294584661656700e+04
9.997448503045126927e+03
9.036964615798959130e+03
1.027374213321327261e+04
1.020556063319793793e+04
8.909446854314121083e+03
1.050353259890354093e+04
1.041897102661904319e+04
1.000289475903267157e+04
9.579779647105277036e+03
9.481389108531180682e+03
8.626320764513809991e+03
1.041809250519996931e+04
1.055201930792755229e+04
1.000754247550157015e+04
1.065026783531267210e+04
8.780113092868778040e+03
1.041536484679401474e+04
9.782759850513202764e+03
1.051090502700013531e+04
1.052476686592834267e+04
8.880537165600449953e+03
1.054346549238463922e+04
1.037855926473374348e+04
1.056902795789278389e+04
1.034450875133260342e+04
9.821275171471814247e+03
1.053290088623455267e+04
8.680967242314336545e+03
1.036673172426407109e+04
9.673620783529970140e+03
1.058228648298867847e+04
9.729139225617249394e+03
1.029813000307750190e+04
9.668703213724540547e+03
1.020381040935630153e+04
9.626617102395513939e+03
1.044599915132507704e+04
1.055188987563799856e+04
8.653807822926421068e+03
9.021418401494996942e+03
1.042520713967080519e+04
1.065132823932923930e+04
1.016929155658227864e+04
9.742638143260288416e+03
9.734069040294607476e+03
9.671169421958715247e+03
7.653920412468712129e+03
9.831714232510603324e+03
8.564509077500024432e+03
9.932004471734480830e+03
1.026577662366524964e+04
1.048560548778437806e+04
9.293913658830169879e+03
8.325074689477145512e+03
9.703959022604700294e+03
9.656317882241357438e+03
1.033260419929751879e+04
1.046222964306640642e+04
1.039802607580242693e+04
9.209812697101424419e+03
1.043907004647356916e+04
9.772415661591545359e+03
8.780860738022787700e+03
8.604470923243314246e+03
9.046973289963851130e+03
9.604380647397318171e+03
9.756310609374668275e+03
1.033583166139021523e+04
9.462927197885477653e+03
1.058238573996353443e+04
1.045792041468663047e+04
1.049789623517892687e+04
9.994620431686789743e+03
8.972442533952475060e+03
9.625920766836046823e+03
1.007888974255393441e+04
1.047510795641969889e+04
1.021614972310804842e+04
1.030515570090359324e+04
9.370582579070989595e+03
1.063856820769665319e+04
8.726308469649444305e+03
9.851733034213781139e+03
1.004274380787693735e+04
1.023105270088645921e+04
1.007634500596002363e+04
8.601835377153991431e+03
9.664366584498053271e+03
1.050013810851071503e+04
1.025152531206246204e+04
8.809292810458071472e+03
9.029827025492451867e+03
9.514339884745382733e+03
1.022518213344103788e+04
9.418796849352889694e+03
1.043569740410399208e+04
1.022650060151537582e+04
9.391731015958288481e+03
1.013199087765717923e+04
9.107058085599004698e+03
1.039193587208773897e+04
9.499438751554214832e+03
9.567140128125691263e+03
9.873935171113618708e+03
8.855356056279098993e+03
9.842807719383459698e+03
1.026205696455225916e+04
1.018244561162957689e+04
1.055202174404429388e+04
8.941099375128407701e+03
8.432705111717999898e+03
1.009920124129899159e+04
1.061530035795018739e+04
1.038025779423839413e+04
1.017578058500809493e+04
1.061735762276869536e+04
8.596375978382431640e+03
1.062272971322745070e+04
1.039978532275922771e+04
9.107058085599004698e+03
1.025524387680360633e+04
1.024884214359679027e+04
1.053556843020348970e+04
1.058469146490232379e+04
9.932640220824572680e+03
8.958589601218322059e+03
8.324867960027835579e+03
8.545808719688398924e+03
9.769888782069287117e+03
9.312392185098264235e+03
9.483139614353849538e+03
9.867937894639824663e+03
9.192621388010287774e+03
1.039972419388333401e+04
8.052269946787095250e+03
8.777718000659006066e+03
1.064032672745247328e+04
8.866565618859392998e+03
9.011114276200303721e+03
9.986385627802510498e+03
8.566972468367503097e+03
1.036236755151826583e+04
8.893369730755619457e+03
9.989396093038165418e+03
9.691232196141780150e+03
8.794838780374853741e+03
9.302333453531948180e+03
8.976132466058723367e+03
1.043140710673133799e+04
9.869940118340142362e+03
1.055315107132821686e+04
1.063500942493201728e+04
9.703812888580570871e+03
8.289044143934566819e+03
9.625463512701502623e+03
9.889832148404620966e+03
1.011993607460993371e+04
1.014801096041767960e+04
1.047951675220843754e+04
9.040824621397649025e+03
1.025019504541664355e+04
8.965751772371382685e+03
1.042035888801897272e+04
1.063495208139703391e+04
1.011568351287838232e+04
1.019290147307812185e+04
1.009630341895090714e+04
1.030692694793969713e+04
1.014383530314874224e+04
8.847724979506387172e+03
1.050974505122726623e+04
1.059805363606000537e+04
1.059723154831260035e+04
1.057823734520384460e+04
1.042517128470982789e+04
1.057997442497899465e+04
9.199252301312000782e+03
1.039776035382064947e+04
8.438260867035507545e+03
1.005250947987519612e+04
1.054657920671380816e+04
9.689817803308136718e+03
9.699294623186593526e+03
1.042460344631125190e+04
1.017465072797234097e+04
1.028426463574473382e+04
8.792518782270464726e+03
9.535931449139337929e+03
1.046510984429146447e+04
1.049430286293797872e+04
1.006883007053123220e+04
9.785377265741091833e+03
8.802437116067896568e+03
1.040727422910499263e+04
1.048812786283749665e+04
1.012458376058313661e+04
1.051420804620961826e+04
9.296515807377887540e+03
8.704079182379991835e+03
1.060400917794893394e+04
1.009733207599477828e+04
9.766456254596687359e+03
1.049774742957959279e+04
9.913838624967236683e+03
1.024978749584652542e+04
1.031617745374731385e+04
9.602691204241840751e+03
1.009179083367493331e+04
9.941356036753233639e+03
9.988626017033746393e+03
1.042314062097116766e+04
8.802919591064937777e+03
1.029228771388584028e+04
1.011091132340558397e+04
1.023852797422097501e+04
1.006230201528209545e+04
1.048395539604451915e+04
1.038510770660883099e+04
9.081046521408294211e+03
1.046222964306640642e+04
9.443821051159553463e+03
1.014894340408885728e+04
1.039167485973249859e+04
1.029617489291131278e+04
9.215326154466327353e+03
1.012288493871415994e+04
1.001875048718958351e+04
1.056417174570351017e+04
1.038202809960454033e+04
1.060868127321412612e+04
9.649121184882609668e+03
1.063814750270470540e+04
9.847542514203878454e+03
9.443130749004900281e+03
1.028955827020553988e+04
1.002488998905170774e+04
7.639814889246356870e+03
9.971054763056243246e+03
1.040735399983968819e+04
9.199252301312000782e+03
9.938943688536586706e+03
1.035249569499744757e+04
8.686650929863662896e+03
9.367948702275078176e+03
1.014735606862109125e+04
1.003059015802129034e+04
1.063763014092414960e+04
1.001847454387123253e+04
9.366852542940096100e+03
1.016823048825184742e+04
8.965751772371382685e+03
1.018535097457133088e+04
1.044477691114615118e+04
9.024225735363914282e+03
1.021155893155693775e+04
1.055686774302496451e+04
9.165183495234101429e+03
1.010414139693528523e+04
1.015382008525137644e+04
1.015451662512492476e+04
1.035856827696848268e+04
1.061463562136302062e+04
9.498184838395889528e+03
9.865907997624326526e+03
1.019805479904183630e+04
9.772752596748819997e+03
1.052538598362945959e+04
9.830111278212560137e+03
1.054534363899913842e+04
9.824097642018579791e+03
9.719829720376976184e+03
8.966501526983654912e+03
1.057304028167229808e+04
1.062268205876162756e+04
1.007262854316605080e+04
1.029260709543939083e+04
8.390111533523826438e+03
1.041565229946627005e+04
1.008714748324268839e+04
9.775790049259585430e+03
9.835826536253862287e+03
1.023573546890569742e+04
1.050013810851071503e+04
1.041253189114459019e+04
1.000911332781691090e+04
1.057270456359304808e+04
8.574307825785457680e+03
1.045496432420585916e+04
9.409933971046830266e+03
1.044482325921489610e+04
1.013484262201817910e+04
9.482151844061705560e+03
1.058583705112633470e+04
1.032702147613116176e+04
9.999984700135280946e+03
9.533714203449686465e+03
1.040990824661637453e+04
9.852251200283808430e+03
9.782426465485130393e+03
1.064784053520702946e+04
9.819058035801692313e+03
1.026420158274929236e+04
1.060448619712993968e+04
1.043761503312017703e+04
9.063226535187855916e+03
1.028329715352774656e+04
1.001308391262479381e+04
1.035473315310930047e+04
1.036715731873658297e+04
9.260141387424362620e+03
9.141776002645277913e+03
1.028986249727271934e+04
9.902741134854732081e+03
8.858850767753563559e+03
9.111610051340619975e+03
9.949148872555513663e+03
1.034111195811204198e+04
9.220466732212951683e+03
9.464816091613634853e+03
8.487265880128408753e+03
1.045618897124698560e+04
9.288956756874500570e+03
8.283879367684316094e+03
1.059622290129914290e+04
1.064475865024679479e+04
1.012690791256103694e+04
1.047697957505824161e+04
1.014162215918029869e+04
1.022450589889587718e+04
1.059723116675041274e+04
1.036046750528967641e+04
1.065028432253956998e+04
1.024799951144155602e+04
9.290496275214782145e+03
1.046610317477273566e+04
1.003562475696364163e+04
9.048491045753915387e+03
9.683135117320369318e+03
1.042640189005159118e+04
9.932061577911492350e+03
1.055533543583022220e+04
1.047676004553037274e+04
9.424739825454569655e+03
1.064442813236932489e+04
1.055273831075702947e+04
1.062684158627933357e+04
1.056651495123837958e+04
9.195716574502914227e+03
1.054760390848541829e+04
9.947991531703337387e+03
1.038537038652363481e+04
1.030537892417512376e+04
1.046049865099089948e+04
8.690593720718725308e+03
1.003653596739171917e+04
1.052204440743040323e+04
1.041746916933212924e+04
9.835758277588523924e+03
9.134846551437285598e+03
1.057982444116037004e+04
9.555087621240418230e+03
9.888977390299165563e+03
9.672395232156572092e+03
1.053763654927648167e+04
1.027929921733472474e+04
1.016851818135606663e+04
9.940869100165644340e+03
8.650125785928350524e+03
1.036100061135345095e+04
1.001380003835450225e+04
1.019457434209580970e+04
9.026948338698919542e+03
1.058643878508074158e+04
1.047365872369699719e+04
1.051912338423959227e+04
1.056166668105561985e+04
1.036373768730163647e+04
1.028304301577577462e+04
9.756981715168985829e+03
9.620484586769620364e+03
1.054770618152086899e+04
1.053706946935057204e+04
1.027567806945602570e+04
9.433370888909732457e+03
9.560674131913263409e+03
9.574763834804605722e+03
1.062746009944485922e+04
1.040819039812726623e+04
1.041677676616023746e+04
1.030210816853927827e+04
9.984604353287029880e+03
8.650315845753199028e+03
1.062049726669149823e+04
9.284096679937463705e+03
1.037672383196104784e+04
1.016248952631842258e+04
1.001684051573533543e+04
1.049384110505327408e+04
1.031602848263136184e+04
1.059503200563499922e+04
1.018837894405217412e+04
1.033639642797306806e+04
1.021521932365627981e+04
1.052564135911218182e+04
9.821669349686239002e+03
9.825488713530094174e+03
1.019290147307812185e+04
8.623891056890553955e+03
1.010745700936580943e+04
7.188265544812436019e+03
1.063514729367171094e+04
1.045161016334608212e+04
1.064451683300301374e+04
9.697582704116561217e+03
1.015581840572145848e+04
1.046832596970938539e+04
1.002723624438949992e+04
1.059674931202990774e+04
1.009179083367493331e+04
1.022326773012673220e+04
1.022151307013976111e+04
9.361198919119618949e+03
9.700981607078660090e+03
9.063182015877851882e+03
9.783056161187505495e+03
1.006497316290477647e+04
1.048623162142576984e+04
1.001613121398864314e+04
1.012793801992889712e+04
1.051281065119447339e+04
8.012367047920578443e+03
9.692708954070280015e+03
1.034715636222464673e+04
9.001033808461043009e+03
9.563130136707666679e+03
8.966553400259890623e+03
9.446816273796790483e+03
1.022712035340482180e+04
1.000370789370807870e+04
9.167155321422636916e+03
1.026867128596140537e+04
1.064575989560550261e+04
9.443736873714795365e+03
1.058821219058332099e+04
1.050609036237351756e+04
1.028682801483636467e+04
9.943150325797274490e+03
1.058502323419052482e+04
9.720298074364623972e+03
9.285630763131246567e+03
1.013991189864181069e+04
1.035063885421771556e+04
9.978270507857985649e+03
1.048990522193739889e+04
1.045118200160969900e+04
9.607599342193807388e+03
1.014439566283660133e+04
1.030197071176243298e+04
9.748608209512372923e+03
1.005596599962599066e+04
1.027947018471518095e+04
1.061971920923994549e+04
1.031110017066383261e+04
8.869124420830872623e+03
1.063495208139703391e+04
1.039972419388333401e+04
9.720987150239183393e+03
8.905049274186594630e+03
1.024350834717096404e+04
9.446816273796790483e+03
1.035326354318730955e+04
1.057453277560771676e+04
1.060645256636335398e+04
1.038785134698989532e+04
1.013333735642575994e+04
1.064725250732212226e+04
1.043286407000088366e+04
9.893438799798625041e+03
1.000959467936815781e+04
9.654734609817596720e+03
9.787248856557964245e+03
1.014791706094965048e+04
9.256566758048549673e+03
1.050813236601544668e+04
1.010745700936580943e+04
1.060474441462927280e+04
8.512701236678769419e+03
1.058439555069736889e+04
8.738855033484069281e+03
9.975145999019230658e+03
1.057254751000485703e+04
8.991467678083132341e+03
9.537480523559901485e+03
1.004274380787693735e+04
1.035013378032830224e+04
9.463371054269344313e+03
9.940392596283923922e+03
9.824097642018579791e+03
1.032137711610906990e+04
8.687504138581916777e+03
9.924098893206848516e+03
1.028126218609522039e+04
9.666994577372111962e+03
1.052147390106401872e+04
9.756149027262876189e+03
9.367192002787334786e+03
1.014894340408885728e+04
1.015589189173069099e+04
1.043045227203403374e+04
9.640849510398023995e+03
1.039784457716138604e+04
9.827395581906697771e+03
9.335257984981697518e+03
1.046138873436483846e+04
1.016781226787397645e+04
9.774130277051624944e+03
1.021111950307281768e+04
1.059911203805067271e+04
8.203383383408394366e+03
1.044382890237597894e+04
9.021418401494996942e+03
1.021223282300391475e+04
8.935631864920669614e+03
1.036216957183176237e+04
1.054536240407317746e+04
9.974766444493077870e+03
9.032882579444683870e+03
1.041082457252289532e+04
1.055718778127885707e+04
9.554613131555575819e+03
8.947321948010689084e+03
9.786821326029499687e+03
1.001966770395199819e+04
9.983295385983772576e+03
1.049715402028318385e+04
1.047532151368313316e+04
9.820825850362714846e+03
1.053573925430822601e+04
1.050186438747470856e+04
9.461397839696044684e+03
9.266279164675621359e+03
1.061190429911685351e+04
9.202262391148704410e+03
1.055486665727234504e+04
1.020556063319793793e+04
1.025770465428200259e+04
9.688079219501421903e+03
1.042638979986327831e+04
1.001875048718958351e+04
9.526747903869001675e+03
1.059268216575319457e+04
8.584753611441406974e+03
1.017911862215626024e+04
1.048997247897570924e+04
1.059052693355475822e+04
9.752314908415473838e+03
1.003248063730789363e+04
1.060942660955742213e+04
1.044996233968772140e+04
1.033498326007518335e+04
1.024272215534291354e+04
1.034985395144041468e+04
9.654734609817596720e+03
1.033452008456558542e+04
9.427005573637912676e+03
9.360640272652784915e+03
1.059623430186207952e+04
1.062614136864818829e+04
9.377292843426996114e+03
1.007716726858770198e+04
1.046331718546652337e+04
7.232564926573264529e+03
1.037142267111369256e+04
9.774581112277903230e+03
1.047133005779531959e+04
1.037971040069866285e+04
9.215594157178347814e+03
1.053179342212651136e+04
9.677654997106768860e+03
1.005877257938230468e+04
1.022865085558390456e+04
9.626593512600891700e+03
1.008475533128656571e+04
1.056681325825042586e+04
1.048838112010318400e+04
9.215594157178347814e+03
1.045604042096795638e+04
1.027640960850764895e+04
1.062367854043919215e+04
8.686204257121848059e+03
1.033969072728657738e+04
9.315735597096154379e+03
9.607742306008254673e+03
9.503638955170554254e+03
9.415371686181233599e+03
8.762026601222294630e+03
1.060315788968377456e+04
8.574981197773162421e+03
9.481389108531180682e+03
7.331014338469923132e+03
1.063859066695342335e+04
1.034995945775874316e+04
1.036294946047861959e+04
7.639814889246356870e+03
8.974980998260627530e+03
1.017019228223921164e+04
1.032507582550646475e+04
1.061186733990566790e+04
1.016673749044967735e+04
1.013646022454541708e+04
1.043546487556957618e+04
1.043212454825131863e+04
1.054138993947642302e+04
1.058782490620240060e+04
1.044432629704381179e+04
1.038718387741107108e+04
9.896452721650875901e+03
9.250853227142006290e+03
1.008974186211789493e+04
1.025613787285242324e+04
1.007888590731365184e+04
1.058716770306014041e+04
1.029542860162014404e+04
1.025328959727373876e+04
9.559139964950392823e+03
1.054890632847568850e+04
1.009292129545426360e+04
1.034674930116282667e+04
1.052207608436707051e+04
1.036865699926427442e+04
1.039272663710148845e+04
9.559903657956332609e+03
8.679063673763035695e+03
1.062640273116622120e+04
1.034511772222844957e+04
9.727554365109661376e+03
9.292131201953785421e+03
1.000891385305476433e+04
1.042986106257104984e+04
1.044418921885088639e+04
9.621927816012577750e+03
9.962927973153273342e+03
1.027567806945602570e+04
9.129298275464549079e+03
9.703242697512454470e+03
9.618907279430077324e+03
1.060657995551129170e+04
1.063514729367171094e+04
1.001758084238742958e+04
9.729659840917413021e+03
1.003717641945921969e+04
1.012492393151897704e+04
9.685795850138663809e+03
8.172904085391865010e+03
1.041941122584948243e+04
8.940533821696761152e+03
1.049916273865746916e+04
8.064993633938833227e+03
1.021780085146736747e+04
1.026007239197487797e+04
1.041773962205356111e+04
1.026800670409340455e+04
1.009525291825989916e+04
1.005289884999972492e+04
9.108255715538012737e+03
1.054297764000704046e+04
1.019547364069124524e+04
1.033639642797306806e+04
9.580813468542059127e+03
1.037236875467635400e+04
9.450530800474381977e+03
1.012369621554615696e+04
9.454563612052890676e+03
