4.300733633236594324e+04
4.015938819064132258e+04
3.262999264843324272e+04
3.375560293365380494e+04
4.301190080932787532e+04
5.158399668873366318e+04
5.060098795898795652e+04
3.933176389294519322e+04
3.937759547885629581e+04
4.986829326352334465e+04
3.640575259088107123e+04
2.604842833986185724e+04
4.043955709059906076e+04
2.783725601681029366e+04
3.727871483600252395e+04
2.831710590969370242e+04
3.920553475492661528e+04
3.461908475588440342e+04
5.060098795898795652e+04
2.919756028834379322e+04
2.770800321960933070e+04
2.644765613908124942e+04
4.375466648830648774e+04
4.864147075145874260e+04
3.294247503886977938e+04
5.402966376578644849e+04
3.255326136000472616e+04
3.531623696201725397e+04
4.021752758185926359e+04
2.877322995107518364e+04
2.940419909567229843e+04
3.254600102279106795e+04
4.138486727896433149e+04
3.933532132626322709e+04
4.272843786224472569e+04
4.263250941724335280e+04
2.699243391090398654e+04
3.051264020153111778e+04
2.734630406111290722e+04
4.269207012314916210e+04
3.260155953692695039e+04
3.657015253700588073e+04
5.090048365221018321e+04
3.347481975187703210e+04
2.824856231683884471e+04
3.098428698111748236e+04
3.585255106079110556e+04
5.073614553932452691e+04
4.065180421603399736e+04
4.947412210417987080e+04
4.059722093337764090e+04
3.140588488607204636e+04
4.678458041842884268e+04
3.521898429703118745e+04
5.417737050680606626e+04
4.367306917282137147e+04
5.422449207782493613e+04
4.396265186990085931e+04
2.839888547419268434e+04
4.765597870339156361e+04
2.669500272203673376e+04
2.593650488035892340e+04
2.378314230833886540e+04
5.461599974173906958e+04
3.510276397221561638e+04
4.077814118607106502e+04
4.418716450428629469e+04
4.354602562162585673e+04
4.841415038787921367e+04
5.428586127714446775e+04
4.194686058790548850e+04
5.279105944147745322e+04
3.817479328181702294e+04
2.762929925576555252e+04
4.306494177144170681e+04
2.732289129549768768e+04
3.193998250283530433e+04
2.784759774922592624e+04
2.651631079092336950e+04
4.395564963785991858e+04
4.304897364092614589e+04
2.731147586695868085e+04
3.229178400337485436e+04
4.209512577000830788e+04
3.758951003777817823e+04
4.464248480184118671e+04
4.352791331859770435e+04
2.827919559321473207e+04
3.052611508516469621e+04
4.012905490382457356e+04
3.182736311577168817e+04
4.892469270451046759e+04
3.443232980435616628e+04
2.464506747943817027e+04
3.871255931886516919e+04
4.377180648058536462e+04
3.453177817168449837e+04
4.212304680806562828e+04
5.482880199147485837e+04
4.010656244609961141e+04
4.115685859350964893e+04
2.808591062515329759e+04
4.347885217353912594e+04
4.687411674960338860e+04
3.723383856940639089e+04
3.206528038693601411e+04
4.836982998826460971e+04
4.774707300114785903e+04
5.393751132750997203e+04
4.042738075616523565e+04
3.580930204494688223e+04
3.303363720992823073e+04
3.183731900886072617e+04
5.267261981492176710e+04
3.242391333535080412e+04
4.272843786224472569e+04
4.022449340281803597e+04
4.704829126736025501e+04
4.774369368890440091e+04
4.663042874975212908e+04
2.747282903751804406e+04
2.885541589210016537e+04
3.163390460099981283e+04
4.545246743218706251e+04
3.716292909079866513e+04
4.308941797422544914e+04
4.388021159542829264e+04
4.643218026618167642e+04
4.820852838447582326e+04
4.544727065105627116e+04
4.558267254224530188e+04
2.907009886541163360e+04
3.785708791916017071e+04
2.709426583843844855e+04
2.532342332530919884e+04
4.504020676094846567e+04
3.964585637966996728e+04
2.753398354658997414e+04
4.810093229548934323e+04
2.822664334574774693e+04
4.098150414051779808e+04
3.973314969209994888e+04
4.239848891223120154e+04
2.575881658102964866e+04
4.386378499556919996e+04
4.911482308665689197e+04
4.430261720889888238e+04
3.196863315377603431e+04
3.174142589547066018e+04
3.832434603810659610e+04
3.759755968917472637e+04
4.170880243468513800e+04
4.327338642636111035e+04
4.385995939620977151e+04
4.291098429349913204e+04
3.437729567003723059e+04
3.479060392148989195e+04
4.039339136476337444e+04
4.729691885493568407e+04
5.503529560361990298e+04
3.640177696486996138e+04
2.972086936021241854e+04
4.182345326745789498e+04
2.915226976767860469e+04
2.598871222513243265e+04
3.371322959066415933e+04
4.919460467591710039e+04
3.492576535955518921e+04
4.055303823474125966e+04
4.527176292310097779e+04
2.611478635135120203e+04
4.110902390817146807e+04
3.162304322423060512e+04
3.198141243639000459e+04
4.025726124554327544e+04
2.982995611706855198e+04
2.742699448576579744e+04
3.925603810753136349e+04
3.241227873222995913e+04
5.013723854768664751e+04
3.942442921134056814e+04
4.541361442118266132e+04
3.030784400304249721e+04
2.797463577237653953e+04
4.927057769047898182e+04
4.244907189976349036e+04
4.635848717002844205e+04
5.467579409152516746e+04
3.438019726237785653e+04
5.276544666322326520e+04
2.602587665770793683e+04
4.120898187511846481e+04
4.206464918476424646e+04
4.259594498577482591e+04
5.317986631730163936e+04
4.791222483535982610e+04
4.592947763703326927e+04
3.604693431755683559e+04
2.730042059917840379e+04
4.019070154238502437e+04
4.160258563819837582e+04
4.115695216885118862e+04
4.409822081041156343e+04
3.936358995898441935e+04
3.850993287055313704e+04
4.639195973952837812e+04
5.335268946592295833e+04
3.738262535508943256e+04
3.882317186915553611e+04
3.435538853807749547e+04
2.893006008092198317e+04
4.725961652036593296e+04
4.950018463724886533e+04
4.393103962478327594e+04
2.671041646220678740e+04
3.319530665970592236e+04
3.502099215638871829e+04
2.978969440730631686e+04
3.551671491958886327e+04
3.282616420812993601e+04
4.566866127942196181e+04
2.337393422558525344e+04
3.765762703038724430e+04
2.959949816851927608e+04
5.291266030381940072e+04
4.704949273322918452e+04
2.718943627762384858e+04
4.216774335851224896e+04
3.019256855110995093e+04
4.986452550370662357e+04
2.621507624679806759e+04
4.035306661214397172e+04
4.732172051944873965e+04
3.746903657212874532e+04
3.787644224921787099e+04
3.828411314483545721e+04
4.788029532813716651e+04
2.609891439180320958e+04
4.307183150625145208e+04
2.977782922420873365e+04
4.102598380491026910e+04
3.767664375991429552e+04
4.136107297952836961e+04
3.691272887046616233e+04
4.007949139648354321e+04
3.171420710874070210e+04
2.829568176724961450e+04
4.738727258039144363e+04
4.558531737193437584e+04
3.158684257577538301e+04
4.964353843386314111e+04
3.447396087878240360e+04
2.940360125979621807e+04
4.154361039378576243e+04
5.336920745742604777e+04
4.774707300114785903e+04
4.003835400407952693e+04
4.750064512370262673e+04
4.840951220463700156e+04
2.874949089909602480e+04
2.801267057145234139e+04
4.993938313429987465e+04
4.645322104999219300e+04
4.102598380491026910e+04
2.644765613908124942e+04
2.815891106385322200e+04
4.637944638969465450e+04
3.985095068519520282e+04
2.880854317169839487e+04
5.075180615030489571e+04
4.722403786360363301e+04
2.824502310297748045e+04
4.462411763064908882e+04
3.993914531689923751e+04
3.290798303167777340e+04
5.137980990018697048e+04
4.270966543147221819e+04
4.265804232720570144e+04
4.796170732849468914e+04
3.498603245309094928e+04
4.807698339168989332e+04
4.075116553577980812e+04
3.256875952900064294e+04
3.231560072318251332e+04
4.199216969831545430e+04
5.420528031137227663e+04
3.762134528119566676e+04
2.514448400281090653e+04
3.275953176321375213e+04
4.310844779940157605e+04
2.482720673925620213e+04
4.553781127691376605e+04
3.935775163075259479e+04
3.515572480132347118e+04
3.579519247867728700e+04
4.181378950075761531e+04
4.042012329370423686e+04
4.917276407064728119e+04
4.124470154501173238e+04
3.351412345648351766e+04
4.545304716845543589e+04
4.495986765008137445e+04
5.070034655961606040e+04
4.059722093337764090e+04
4.773275794588745339e+04
4.583641901157341636e+04
4.569048718334302248e+04
2.375240421747192886e+04
2.822767406500196739e+04
4.160139985372788215e+04
3.222842308926873739e+04
3.822340320560793043e+04
2.548406859392008118e+04
5.293423427141586581e+04
2.742699448576579744e+04
3.544798585700508556e+04
3.863559016695531318e+04
4.999635087523284892e+04
3.225258007305606952e+04
3.730548494829465926e+04
3.975186754893997568e+04
5.285982671635165752e+04
2.885404855578626302e+04
3.202072966744614678e+04
4.465527133124579268e+04
4.231778109200363542e+04
3.317049959370099532e+04
3.067141786847950425e+04
2.681985568660943682e+04
3.369300386010797956e+04
2.957628282480008056e+04
4.185450726945926726e+04
2.309164968222780590e+04
4.194130578887378215e+04
4.431743137196135649e+04
4.799112001253225026e+04
4.039339136476337444e+04
3.916701335604707128e+04
3.706257018907876045e+04
4.212824839646304463e+04
3.314803069507986947e+04
4.339669106236999505e+04
5.215504539625081816e+04
5.326817982002650388e+04
4.422223422336701333e+04
3.686031126187111659e+04
4.435522722557019006e+04
2.984250720993573486e+04
2.758627705827626050e+04
4.948985192190553789e+04
3.875645129031616671e+04
2.951907582412440388e+04
3.344724870727140660e+04
3.077068445560800319e+04
4.816093592446205002e+04
3.687829134544635599e+04
4.863519985937375168e+04
3.930622882404251141e+04
3.324372066836108570e+04
3.755812417371310585e+04
2.052848340714403821e+04
3.623954915815791901e+04
2.636132168565391839e+04
4.750493727780674817e+04
3.255694681617292736e+04
3.831373313893180602e+04
2.929015372155347723e+04
5.371377087822230533e+04
5.518622538774694840e+04
3.643189295703853713e+04
4.436083605815214105e+04
3.106144752671742390e+04
4.299561501951000537e+04
3.822625260302669631e+04
3.851283051143621560e+04
3.073906020322702534e+04
2.915391375583150511e+04
2.222233414126447315e+04
5.206721685180657369e+04
3.590857117276946519e+04
3.290384303139350959e+04
5.076712509949838568e+04
4.672441666277353215e+04
2.905125343955441713e+04
4.375890821272008907e+04
5.026149999228125671e+04
2.491112547589201859e+04
2.732476715946639160e+04
4.054892005396245804e+04
3.717400350459728361e+04
2.808650507634472888e+04
4.885928641251006047e+04
3.439658802425843169e+04
5.053675100749411649e+04
4.338692701004984701e+04
4.962278102976737136e+04
5.296802172213270387e+04
3.280414817644158757e+04
4.938574570252855483e+04
3.817939330022397917e+04
2.620255248766778095e+04
4.408319072183099343e+04
4.059858082667451527e+04
2.799513607268167107e+04
4.916370111091380386e+04
5.087991400204579986e+04
4.140259996871673502e+04
2.698357950417608299e+04
4.833921330782701261e+04
3.589296156966093986e+04
4.874142914559331257e+04
2.762814115796544502e+04
3.205210357164384186e+04
3.546058810805802932e+04
2.816985316396616690e+04
3.510043870353700186e+04
5.220892931715221494e+04
3.785708791916017071e+04
5.017766778814664576e+04
3.773592763249282143e+04
3.963837635713267082e+04
3.350813752472287160e+04
2.972086936021241854e+04
2.401486957247541068e+04
4.911482308665689197e+04
3.183316010309977719e+04
4.522961093056410027e+04
2.866185569087255135e+04
3.203943212705491169e+04
5.502648682590522367e+04
3.451034191322038532e+04
2.661939893745190784e+04
2.416039382978235517e+04
2.137825411297820392e+04
2.689782443584796420e+04
3.261648684647651316e+04
3.419872533303525415e+04
2.656734203033466110e+04
3.411672064308970585e+04
4.707348747681493842e+04
4.880586670226058050e+04
5.118553677205886197e+04
5.064972815808957239e+04
3.896525859188646427e+04
4.186623884399251983e+04
5.313983026959814015e+04
5.417023919120265055e+04
2.698357950417608299e+04
4.296413527468963730e+04
4.561064420887235610e+04
2.575881658102964866e+04
3.003421453482335710e+04
3.871152343864933937e+04
3.172077585100770739e+04
2.457659609406438904e+04
3.859613787679286906e+04
2.971799327017180622e+04
4.001488652433662355e+04
4.650300361166635412e+04
2.759986171571406521e+04
5.246895962857521954e+04
3.277044196476475918e+04
3.254600102279106795e+04
4.006313966120216355e+04
2.885273485654619435e+04
2.817621149686116041e+04
3.539044078407249617e+04
4.949218091070031369e+04
3.580912950717409694e+04
4.420470994252439414e+04
2.995765108467748360e+04
5.188172556960443035e+04
4.010633192331570899e+04
2.870472827401374525e+04
2.687137579850035399e+04
5.103672458590062161e+04
3.232525533353317587e+04
3.661377167234652734e+04
5.216957504987472203e+04
4.621048210965543694e+04
3.337278265788936551e+04
4.744455789639728027e+04
2.701731237852005142e+04
5.101363930786332639e+04
3.794927138714056491e+04
5.269159090293358895e+04
4.810031707389447547e+04
3.619118305504316959e+04
2.783957625133616602e+04
4.065410717637266498e+04
5.228498798761196667e+04
3.338177402285246353e+04
3.544970316388596257e+04
2.778560644121778387e+04
2.494939791036244424e+04
3.781245909845965798e+04
4.482605185990491009e+04
4.330818215857556788e+04
4.574490754756901879e+04
3.371916693494585343e+04
4.745189615226569003e+04
4.321067231387508946e+04
3.955041776037141972e+04
4.722522902682654239e+04
4.734700245984302455e+04
3.994407852575580910e+04
5.223268208550701092e+04
4.255829856553667923e+04
2.323287630304578488e+04
4.434856568158675509e+04
4.899296047264246590e+04
3.767664375991429552e+04
4.136107297952836961e+04
3.370013988651214459e+04
4.684790377313566569e+04
3.494046952105266973e+04
3.108252177178046259e+04
3.101573006584772520e+04
3.682359687559658050e+04
3.069032188172143651e+04
4.100922022180006024e+04
3.918909357705670118e+04
3.983070773306845513e+04
3.842676715278912161e+04
4.650300361166635412e+04
4.533203531691923126e+04
3.342549662760987849e+04
3.747653272471606761e+04
3.595394435794248420e+04
4.650016449340972031e+04
3.665170468831830658e+04
3.331109426060939586e+04
4.185087713371406426e+04
5.183127331820713880e+04
3.189092480755909492e+04
3.829378856856332277e+04
2.646652911668327215e+04
5.209966833640824188e+04
4.207961842201639956e+04
4.262822578542437259e+04
2.743850791447981464e+04
2.463882641531778427e+04
4.320305842782685795e+04
2.555609772432991304e+04
2.644246840552506183e+04
4.549230655694297457e+04
3.092462278437444911e+04
4.543966913769331586e+04
3.117407457573263673e+04
5.408800343841355061e+04
2.737043719770222378e+04
3.200119223170785335e+04
4.222895646486790065e+04
4.391168053183920711e+04
4.434209839595809171e+04
4.553971166731860285e+04
3.543993211546438397e+04
3.793683251336925605e+04
3.791571693147526094e+04
3.518676226374878024e+04
3.301795755613803340e+04
3.563866959398064500e+04
3.140588488607204636e+04
5.343234387672673620e+04
2.836621105087100295e+04
4.623341328916653583e+04
2.410300255350352381e+04
5.374769891791371629e+04
2.626698405168322643e+04
2.663657900181970399e+04
3.729728663596654224e+04
3.202761778901987418e+04
3.649903648569018696e+04
2.603285371559733176e+04
3.246822335291061609e+04
4.176263685499014537e+04
3.722617166026924679e+04
4.900098136227850046e+04
2.868732870695217571e+04
2.809172500818345361e+04
4.094827202150336961e+04
4.536679930584396789e+04
4.436691008380470157e+04
4.247606838306254940e+04
2.664353930750255677e+04
4.411657567789556924e+04
3.907531943240955297e+04
2.684557951421222970e+04
3.759293477528386575e+04
4.012958432941755018e+04
3.609139584516544710e+04
4.227659308753800724e+04
2.671221173999542589e+04
5.025230828353685501e+04
3.081892767250192992e+04
2.788545785457162128e+04
2.921398045433978768e+04
4.507498082648395211e+04
2.521034606175776571e+04
4.531835042454722134e+04
4.100922022180006024e+04
3.544770394689482055e+04
4.950018463724886533e+04
4.396418341713509290e+04
2.513610183290184068e+04
5.093482681546243839e+04
3.359766283965524053e+04
3.366547180726304941e+04
3.657430506756235263e+04
5.193606361252772331e+04
3.257032231503336880e+04
3.269882804747118644e+04
4.934914633676421363e+04
5.417900939864027896e+04
5.210373047904630221e+04
4.007306269128571148e+04
4.182012621164630400e+04
5.296235202504605695e+04
3.046742257406946737e+04
4.436965387134283083e+04
2.892762038615261554e+04
4.723308000392603572e+04
3.791303934851002123e+04
3.585200039655085129e+04
4.356829773314148770e+04
4.391349658621057461e+04
4.335226404787332285e+04
2.776888870340746507e+04
2.343964794113458629e+04
3.354165538008169096e+04
3.933590098747605225e+04
4.075116553577980812e+04
3.748937022676730703e+04
2.970606202587912412e+04
4.191577415285883035e+04
4.635733655263825494e+04
4.683382123653216695e+04
3.570303773354589066e+04
4.534753829595587013e+04
2.283425999873448382e+04
2.708793747823545345e+04
4.352954962154707755e+04
3.185300104069326335e+04
2.779750207623068127e+04
4.997175106959555706e+04
4.235230820050596958e+04
5.206721685180657369e+04
2.628765036975567637e+04
3.292554488071223750e+04
2.578184202995558007e+04
4.490540406831975270e+04
2.766451563748826447e+04
4.093340759662094206e+04
4.703704484320935444e+04
3.400249231853333185e+04
3.064168564449027690e+04
4.059755357998618274e+04
4.106982742984480137e+04
3.717400350459728361e+04
2.747677611022185010e+04
3.903706584380340792e+04
2.629532983138889540e+04
3.981745054142791923e+04
5.082658303144197271e+04
4.840420096792835830e+04
3.869768807285378716e+04
4.302033920316623698e+04
4.701865126482678897e+04
4.745988655272260075e+04
3.051636734932769832e+04
3.457255885728630528e+04
2.738113476995265955e+04
3.974387983613710094e+04
4.490229445639205369e+04
3.644048137324840354e+04
5.487576541346927115e+04
3.775440328601904912e+04
4.923641235006200441e+04
4.551866375408329623e+04
3.151985907251928074e+04
4.151378050850597356e+04
5.095460808141174493e+04
3.169745326649613344e+04
3.384575572256895975e+04
3.009678076425416657e+04
4.100079833417059126e+04
3.212573372049417594e+04
4.543710625705317943e+04
3.516198085973651905e+04
4.904789777712390060e+04
3.807705912632411491e+04
4.406735103963980509e+04
3.457255885728630528e+04
3.545274921132484451e+04
2.140168260214233669e+04
2.775684878725443559e+04
3.636816205750228255e+04
2.984918453992835566e+04
3.852752903874297044e+04
2.839562383156436772e+04
4.707862151508557145e+04
4.469346845718869008e+04
5.075936981604172615e+04
5.076180850058668875e+04
2.538759308182543100e+04
5.116591604355187155e+04
2.966052893007241801e+04
3.705688914953316998e+04
4.527716735837879241e+04
2.752207885443510168e+04
5.305560932551263249e+04
4.716399047311429604e+04
2.758440338381831316e+04
2.634962083340630488e+04
5.418505541363511293e+04
4.107581529753852374e+04
3.201308051352190887e+04
4.121319883031127392e+04
4.067278327518055448e+04
4.714107329489877156e+04
3.041364882947084334e+04
3.107568890453120548e+04
3.960282702445075847e+04
3.793630601093883161e+04
4.929182309173121757e+04
5.403844921933379374e+04
4.785437806666593679e+04
4.322236707954188751e+04
3.668244504784792662e+04
4.169712631765723927e+04
3.014251493252022556e+04
3.792767556366822100e+04
3.671172287259694713e+04
2.973267396045082933e+04
2.705813843872826692e+04
4.405893012034139974e+04
3.031430941629227891e+04
2.866010123849385127e+04
3.739138836701007676e+04
2.596090626578398587e+04
3.276195944990909629e+04
2.737043719770222378e+04
4.270268751074545435e+04
5.206206369044281746e+04
3.937664669122522901e+04
3.288980432743005076e+04
4.049372462209292280e+04
3.806575832752518909e+04
3.453291822450763721e+04
4.151067481600283645e+04
4.674499690516215196e+04
4.190321245188346074e+04
4.231096525033265061e+04
2.137825411297820392e+04
5.513368167365859699e+04
3.087711880820447550e+04
4.074476241773110814e+04
2.949984474574854175e+04
4.628347473079654446e+04
3.530735275337811618e+04
4.773582190347525466e+04
3.713539823861273180e+04
2.802856794087637172e+04
2.729054192256870374e+04
5.306355220925578033e+04
5.149502708521322347e+04
4.372883714964841784e+04
2.602841735724102546e+04
4.840124738987471210e+04
2.631329244508627380e+04
2.597955780409093859e+04
4.355425192563623568e+04
4.723084362086569308e+04
4.042472696198779158e+04
4.323440413503689342e+04
4.155431045176721818e+04
1.452613915678609010e+04
5.078225457065352384e+04
4.628227075819877791e+04
2.380128924724504031e+04
2.737043719770222378e+04
5.462092216257362452e+04
3.337890295759156288e+04
4.981775297506563220e+04
3.471411430964739702e+04
2.784557183391151193e+04
3.579284069242406258e+04
3.548043504948676855e+04
3.117850408492127463e+04
4.032128951291761769e+04
3.729449028917976830e+04
2.373188847747908221e+04
4.482635022657494846e+04
5.038001807573561382e+04
4.206464918476424646e+04
5.141477151960141782e+04
5.299237186591966019e+04
4.550877947787517041e+04
4.271263308453200443e+04
4.974971832773124333e+04
3.726369902094842109e+04
2.513700608419149285e+04
5.189151591067320987e+04
3.704830281721097708e+04
3.410641753938791953e+04
2.954240735450964348e+04
5.293297615795554884e+04
5.158361295888536552e+04
3.757440487310036406e+04
5.231897477810117562e+04
4.427780436424639629e+04
4.316159688183135586e+04
5.058907682225742610e+04
2.690302504253684310e+04
3.677788445531979232e+04
3.833826500313267024e+04
5.481516782628669171e+04
4.632541646389177185e+04
5.504666119610618625e+04
4.291187392878148239e+04
4.742349987961100123e+04
2.904998937661387026e+04
2.802177926901374303e+04
3.349658072295388411e+04
4.331668500152022170e+04
5.361065794815924892e+04
3.955041776037141972e+04
3.496634506260208582e+04
3.783069024225628527e+04
3.094508572994633869e+04
3.254374503581526733e+04
3.632235858619690407e+04
2.358295607703938003e+04
4.995541023417424731e+04
4.299446776521197171e+04
3.974708173442135740e+04
4.566235770042950026e+04
2.192162994012643321e+04
4.862750318461711868e+04
3.240104613467787567e+04
4.228921670027509390e+04
3.615506870142753905e+04
2.544948537543908969e+04
2.997466273735948198e+04
4.009763408200223785e+04
2.623309715755886282e+04
2.707573008117573045e+04
3.528243992053352122e+04
3.829839800623222254e+04
4.814488847872574115e+04
5.510079925051479222e+04
4.345142203818049165e+04
4.537953716201077623e+04
2.677254291713264683e+04
4.430149303267560026e+04
4.390822488856898417e+04
5.065328662500205974e+04
3.873567508026167343e+04
4.534589708540723950e+04
4.838107837567895331e+04
4.096901410073903389e+04
2.806367844030580818e+04
3.353690033577851136e+04
2.439657344664551420e+04
5.500577789182795823e+04
2.359333233504040982e+04
2.951539313684855006e+04
3.099456757269402806e+04
4.617175995162550680e+04
4.154361039378576243e+04
4.270160717423571623e+04
4.362097667111056217e+04
4.129089096707241697e+04
3.628211304482798732e+04
4.471753585584410757e+04
3.985326631578100933e+04
4.124358190239450050e+04
2.932377768229191861e+04
2.866440749106300791e+04
3.562914199944295979e+04
3.965217185552719457e+04
2.818742324347463364e+04
4.450151718568577053e+04
3.131072804234454088e+04
3.852424834113272664e+04
4.079785638841155742e+04
3.530735275337811618e+04
2.725931739661960455e+04
4.764064496897615027e+04
4.741616347128027701e+04
4.422508059557713568e+04
3.596767861235181772e+04
3.726849678201029019e+04
3.234789355322203119e+04
4.413719775965341250e+04
4.077814118607106502e+04
2.754729013129671148e+04
4.004494949403928331e+04
4.418600763285660651e+04
2.910866120346036041e+04
5.225439596435910062e+04
3.081286151853129559e+04
4.061948598274613323e+04
4.184045993333137449e+04
2.617625498945168147e+04
3.047798617466586802e+04
5.133806408470433962e+04
4.516904180866658862e+04
3.934593603427078779e+04
2.592934546962603781e+04
3.228413059456818519e+04
4.278189286386492313e+04
2.753565222653668752e+04
3.673609827158351254e+04
4.597971715959432186e+04
4.799398111821436032e+04
5.299028046343653114e+04
4.187645424609796464e+04
3.108252177178046259e+04
4.389700517181733449e+04
4.391399767166389211e+04
4.980165747554081463e+04
3.962688952847899782e+04
5.353578937503550696e+04
3.425166600423886848e+04
3.064706159426312661e+04
4.172601202836204902e+04
4.061680421690057847e+04
3.870611828332272853e+04
4.788029532813716651e+04
2.531792974640504326e+04
2.874606918900416713e+04
5.376305876830079796e+04
4.369291550457623089e+04
2.983683269104094870e+04
3.121813076192711378e+04
4.141608865369705745e+04
3.989431857360693539e+04
3.890653251824459585e+04
2.860900841937752193e+04
2.893817459157083795e+04
4.353884241165002459e+04
4.823049319745237153e+04
3.401052986901636177e+04
2.927241353933194841e+04
3.374494027249151259e+04
2.795176776639107993e+04
4.845513323642033356e+04
3.151611192275666690e+04
3.299763978275124828e+04
4.913427120016197296e+04
4.394042666250689945e+04
3.600444691001235333e+04
5.274630095940553292e+04
4.579333079273589101e+04
4.621048210965543694e+04
4.720107773233461194e+04
2.898484556541548955e+04
5.034323412439067033e+04
3.794666600196703803e+04
2.732968394944047759e+04
5.470671239870746649e+04
2.776527832496579867e+04
2.921398045433978768e+04
4.445064087302137341e+04
3.240215657171243947e+04
3.573614574474358233e+04
4.866656354369658220e+04
4.093369253517201287e+04
3.952728424515461666e+04
4.720363451064687979e+04
4.172022022989788820e+04
4.612929552118770516e+04
5.088622282253495359e+04
3.939703682523592579e+04
3.364229445263209345e+04
4.816272649723950599e+04
3.496401402581521688e+04
2.546233906499299337e+04
2.666519722993621690e+04
3.307522864878756809e+04
3.136499914084736884e+04
2.449423684141599369e+04
3.031430941629227891e+04
3.263972352145285549e+04
5.444905098770973564e+04
2.349945443778211484e+04
4.813021616445797554e+04
2.828227781655245053e+04
3.568173856196499401e+04
3.919180524522680207e+04
4.155954113984025753e+04
2.904040377828750934e+04
4.917276407064728119e+04
4.634056693367338448e+04
2.885377721895193827e+04
2.708284904531292705e+04
4.389105558549377020e+04
4.057201913873959711e+04
4.658556646038356121e+04
