2.270692500800364360e+04
2.464645883989361027e+04
2.382430111266709355e+04
2.348335448140531662e+04
2.323045814455619620e+04
1.722290453774894195e+04
1.267615431887043815e+04
2.500594021073283875e+04
2.285796278640961827e+04
2.462977325045299222e+04
2.252417474748403038e+04
2.125240147353177599e+04
2.301009039037383627e+04
2.245088069554967660e+04
2.173717136852205294e+04
2.413610212147788843e+04
2.439122936839987233e+04
2.248682837747094527e+04
1.759991734595604066e+04
2.430118635160606937e+04
2.507976231009869662e+04
2.501043390000764703e+04
2.493244878138328204e+04
2.429550715906209371e+04
2.500132591046785092e+04
1.840391885052798170e+04
2.193661627379315178e+04
2.501712318290728945e+04
2.493483167514129673e+04
1.904614552168236332e+04
2.504792958557255042e+04
2.467387592277438307e+04
2.314690565625015006e+04
2.323449200742461835e+04
2.499296326195019356e+04
2.430568914508460148e+04
2.433955762888956087e+04
2.419713890084275045e+04
2.093742193319919170e+04
2.387854035266668143e+04
2.467943164383698968e+04
2.508338220024725888e+04
2.481186026018858320e+04
2.387241089860427746e+04
2.392561359095988882e+04
2.319168674819780063e+04
2.482518968378170757e+04
2.494891802501130951e+04
2.469397316134545690e+04
2.453332926850888180e+04
2.459217130409459787e+04
2.385892006618109372e+04
2.418327887357951477e+04
2.501996067844772915e+04
2.463839689177345281e+04
2.433423093977249664e+04
1.849276758565725322e+04
2.475283889020181959e+04
2.500666059283717186e+04
2.401901755228820912e+04
2.497301711416938633e+04
2.477786466376685712e+04
2.458899257727445365e+04
2.264664127405709587e+04
2.339764855487861496e+04
2.469254855424613197e+04
2.190062896697763790e+04
1.625969629535925924e+04
1.600924117365500206e+04
1.698996295036529045e+04
2.484261361144496914e+04
2.477972933642911084e+04
2.278080894806799915e+04
2.024717906795476301e+04
2.459630121774800500e+04
2.467763896177288552e+04
2.333903643417082276e+04
2.469959276569413851e+04
2.471510768539746641e+04
2.441320403833291493e+04
2.233735002866920695e+04
2.342868525884487826e+04
2.485499121684654529e+04
2.244729762605121505e+04
2.478521338181177634e+04
2.443684949317781502e+04
2.476693055632012693e+04
1.955598508242293974e+04
2.479865788470432017e+04
2.328976906678537853e+04
2.406302230490135844e+04
2.487359218599566157e+04
1.695019462444223973e+04
2.201322211860032985e+04
2.408238796516690491e+04
2.472303976910373240e+04
1.843260061729187873e+04
2.396181914838021476e+04
2.490255317955747887e+04
2.453035295039165430e+04
2.427056118985573994e+04
2.443566425515016817e+04
2.248941217948555277e+04
2.453422815747550703e+04
2.426185775846828619e+04
2.310436280905854073e+04
1.974559740351793880e+04
2.482785796536978887e+04
1.322066120045889329e+04
1.994740907556492311e+04
2.509493857551521796e+04
2.494367701593597303e+04
2.340653176068863468e+04
2.310346194489922345e+04
2.445127324434386537e+04
2.095684787998763204e+04
2.158095230768498004e+04
2.246992778328725399e+04
2.323549502486389974e+04
2.501755979284871137e+04
2.405194120467054017e+04
2.481534837912382864e+04
2.141602262788185908e+04
2.487967336923252515e+04
2.504270272698998815e+04
2.419898296414159267e+04
2.449147922127629863e+04
2.085343324273532926e+04
2.458066628201438289e+04
2.499153056786114030e+04
2.488675947951384296e+04
2.480397881680933642e+04
2.412838117180726113e+04
2.464974248369017732e+04
2.411041064732079394e+04
2.479301571814933777e+04
2.396178494100448734e+04
2.455789082086112103e+04
2.500920272394998028e+04
2.170600236171328288e+04
2.499552468424097606e+04
2.442055447906102927e+04
2.341862626011282191e+04
2.408124261499909335e+04
2.421800584170489310e+04
2.445659979403120087e+04
2.506843150158150456e+04
2.304239011908827524e+04
2.473584179603521625e+04
2.344502502568443742e+04
2.485583099618303095e+04
1.532958104248188465e+04
2.498077690804199665e+04
2.473125089584751549e+04
2.206242246299829276e+04
2.166096974234756635e+04
2.481267326052556746e+04
2.414847404102927248e+04
2.500151367828057846e+04
2.451560658887112368e+04
2.195347282203324721e+04
2.498076381475425296e+04
1.749742784107312036e+04
2.484273627735968330e+04
2.487432397875783499e+04
2.390699995233161826e+04
2.302665880698933324e+04
1.848467545518909174e+04
2.406531195945344371e+04
2.475424215157585058e+04
2.139389524960677954e+04
2.503665882921923912e+04
2.502191414220701336e+04
2.278284257871320006e+04
2.419120144697096111e+04
1.930266938019484223e+04
2.488650004147438085e+04
2.212238161502326329e+04
2.267482383670044874e+04
2.277903073929054881e+04
2.262404414562981401e+04
2.417977478246879036e+04
2.456574148663627057e+04
1.525764332002251467e+04
2.376858726527795807e+04
2.498859893823197490e+04
1.925237991766218693e+04
2.416500486949736660e+04
2.406183250899928680e+04
2.172638435206605573e+04
2.269933928412664682e+04
1.997804932888668554e+04
2.388969075182167217e+04
2.488721110279997811e+04
2.437906410157692153e+04
2.487906287575828173e+04
2.345058866534983099e+04
2.437949489536943292e+04
2.175381737236292975e+04
2.359159791475023667e+04
2.013315021934917604e+04
2.482142154166288310e+04
2.498289205558018875e+04
2.446688084714279466e+04
2.443742915722705220e+04
2.319404559987668108e+04
2.175003768890712672e+04
1.594667584074513070e+04
2.455976401278085541e+04
2.431379070253984173e+04
2.398866809734918206e+04
2.447803296932324884e+04
2.300643018874599511e+04
2.460728268485732042e+04
2.430758501657559100e+04
1.734405751300011980e+04
2.422585428020527979e+04
2.344261224843709715e+04
2.289401393613007531e+04
1.975318336768930749e+04
2.507030203069251002e+04
2.466475640069817746e+04
2.364284658702184606e+04
1.795674718315908831e+04
2.314392445213142855e+04
2.404767550982029206e+04
2.385344699561687230e+04
2.384061283315324545e+04
1.599254297807059993e+04
2.130590378535415948e+04
2.368496541409813290e+04
2.417154459206779211e+04
2.508200586961907902e+04
2.381124953708444082e+04
2.373339854855252634e+04
2.409953136144775999e+04
2.467263094481195003e+04
2.466888072171984095e+04
2.498349438752327114e+04
2.257415907385196260e+04
1.317139398746768347e+04
2.491629338276458293e+04
2.384139956997371337e+04
2.456501923515654198e+04
2.447997181050281506e+04
2.471377052241716956e+04
2.430405207342158246e+04
2.353243828374233271e+04
2.186107676206160977e+04
2.469886067123810790e+04
2.455456021974594114e+04
2.412817334716843106e+04
2.174151660070609796e+04
2.316264421720586324e+04
2.464494412754876976e+04
2.402137946538686083e+04
2.465476671379338950e+04
2.438455558586839470e+04
2.377220975568327776e+04
2.488468349917537853e+04
2.391643259705375385e+04
2.424183945970031345e+04
2.034673128758155144e+04
2.256483012531018539e+04
2.493089918886816304e+04
2.353243828374233271e+04
2.364283062299364610e+04
1.383728498221899827e+04
2.358509187285098596e+04
2.428201886946664308e+04
2.494202851304093201e+04
2.471839430562709822e+04
2.485983305866146839e+04
2.203866167961878091e+04
2.428172934067037932e+04
1.614864494739489965e+04
1.609643117290163173e+04
2.236824877620015104e+04
2.456157926250920718e+04
2.491161983036822130e+04
2.394135292626059527e+04
2.430612515884351160e+04
2.464044279406810165e+04
2.504745301070922142e+04
2.368404284565892158e+04
2.474188233868706448e+04
2.473511491235758876e+04
2.420764137396538717e+04
1.149484721128037381e+04
1.776586038339990773e+04
2.313548441822113818e+04
2.400211528427179292e+04
2.409652375124152968e+04
2.448902417276954293e+04
1.256172530752380771e+04
2.356156253186516551e+04
2.485222696602957876e+04
2.337410963147034272e+04
2.486905068490455596e+04
2.491304859403633600e+04
2.501847186291148682e+04
2.502588955171075941e+04
2.318078564147445650e+04
2.287325304424760543e+04
2.340948265337634075e+04
2.497435705746859094e+04
2.256114841812388840e+04
2.358794419998081503e+04
2.203377850971505541e+04
2.474356860149519707e+04
2.385633084280679032e+04
2.490835493995252546e+04
2.497350581955038797e+04
2.506901370801849771e+04
2.450820487682491512e+04
2.382798352355790485e+04
2.481931971478268679e+04
2.504381610780404299e+04
2.460866002673970797e+04
2.474143846111534367e+04
2.291452504065879111e+04
2.243536859888621257e+04
2.152159436185381492e+04
2.474935504577500615e+04
2.473306934348630602e+04
2.431253487336590115e+04
2.508128310430302008e+04
2.324584640263295296e+04
2.503303019603701978e+04
2.425606405934804934e+04
2.133796846323574573e+04
2.507938626345140074e+04
2.391699118928098324e+04
2.352844553598160564e+04
2.420470669698218262e+04
1.993565002334520614e+04
2.441320403833291493e+04
2.436940433284626488e+04
1.974622492302207684e+04
2.060937092701437359e+04
1.900975906862416741e+04
2.259869612220029740e+04
2.322879277323804854e+04
2.492344459091913086e+04
2.043521462487245662e+04
2.440301676270119424e+04
2.426198202513607248e+04
2.468703782532943660e+04
2.361589231491897226e+04
1.998065873120700417e+04
2.373762125014808043e+04
2.027274395031399035e+04
2.454764749945110452e+04
2.419485184819520146e+04
2.153747129666780529e+04
2.499190551252273144e+04
2.446559199872547833e+04
2.485050568540955283e+04
2.356293887913948129e+04
2.490554463061088245e+04
2.468454587661885307e+04
2.446946295298992118e+04
2.373170336168800713e+04
2.422525924825303082e+04
2.496463618290649538e+04
2.339633118677608945e+04
2.486240699421166210e+04
2.437911393506096283e+04
2.496686576567680459e+04
2.283795731854802580e+04
2.361254132876544463e+04
2.217628156491480695e+04
2.403879667622275520e+04
2.342021524021080040e+04
2.209997908781229125e+04
2.458896802535716415e+04
1.419351090251197274e+04
2.463134742142772666e+04
2.452551887813914072e+04
2.486978874016018381e+04
2.288485960324856569e+04
2.408124261499909335e+04
2.358404704722971655e+04
2.495051744140156734e+04
2.459952977475499574e+04
2.014496211390975805e+04
2.332915256884224436e+04
1.758255056676189270e+04
2.500617643109232449e+04
2.464876241783084697e+04
2.498045406580146664e+04
2.395716963002995180e+04
2.354546433149159202e+04
2.316040138729126556e+04
2.448354976708871982e+04
2.497552180179323841e+04
2.034015849390491712e+04
2.084182328563099145e+04
2.494913794415704979e+04
2.486107544322776084e+04
2.437590036221433547e+04
2.390913569301172902e+04
2.500525143511391070e+04
2.464395940504383907e+04
2.461839993603608673e+04
2.429357838719365827e+04
2.495024576959897240e+04
2.298208360656528021e+04
2.505430719958241025e+04
2.116668661749358580e+04
2.420263450839108191e+04
2.342675994331583934e+04
2.382144888673129753e+04
2.459149458140922434e+04
2.498628458328782290e+04
2.494426329593725677e+04
2.417127396977541139e+04
1.864052908582628879e+04
2.454294926922705781e+04
1.678762306733888181e+04
2.414237773681938052e+04
2.283298363227962182e+04
2.489824862684750406e+04
2.455389143547989806e+04
2.415377823347311278e+04
2.198112768365239754e+04
1.811634803832220496e+04
1.549825857244765211e+04
2.379747160651731974e+04
2.400589716098071585e+04
2.497820146534012383e+04
2.351939064590782073e+04
2.067477982757555947e+04
2.461058638879383943e+04
2.455461098303644394e+04
2.381124953708444082e+04
2.444342134149944468e+04
2.376676247345302545e+04
2.454294926922705781e+04
2.328061093624720525e+04
2.490129563244651945e+04
2.488877117076944705e+04
1.807383890876489386e+04
2.030213997187473433e+04
2.428857578768082021e+04
2.461313835101955556e+04
2.390286059892331832e+04
2.360325351652990503e+04
2.330523718219192961e+04
2.477173699906461843e+04
2.479741900754207745e+04
2.296906855003516830e+04
2.399213779790513217e+04
2.323623814320949532e+04
2.450212371047717170e+04
2.070992032634365751e+04
2.428043735375209872e+04
2.509397447498364636e+04
2.429472367890623718e+04
2.404977971360351512e+04
2.470690551873652294e+04
2.498321396937922327e+04
1.722165359888155581e+04
2.425132162630458333e+04
2.501703401826423215e+04
2.471087542428446977e+04
2.383916646631824551e+04
2.492968195935741096e+04
2.483507219628580424e+04
1.817114269612400676e+04
2.478823793447559001e+04
2.269933928412664682e+04
2.435700434375844634e+04
2.401204565847310732e+04
2.231103559700785263e+04
2.414234797552710370e+04
2.361597864117539939e+04
2.422754844449471420e+04
2.508949183557245124e+04
2.484424506245096563e+04
2.239116535566891253e+04
2.388579807082916159e+04
2.479512482946451200e+04
1.723658399584862127e+04
2.437732820963154518e+04
2.492541919995392527e+04
1.868946056842586404e+04
1.998299892804928459e+04
2.371399259762960719e+04
2.501977778259367187e+04
1.632190379945672794e+04
2.438497128725186485e+04
2.184380478863773533e+04
1.916756394746324440e+04
2.459630121774800500e+04
1.906857551816266641e+04
2.214830237038875566e+04
2.502083300979442720e+04
2.364370642067395966e+04
2.392037975695827117e+04
2.362983771727356361e+04
2.481335660420047861e+04
2.092322734728109208e+04
2.406736413753770466e+04
2.484491550050764272e+04
2.506465906052375067e+04
2.452456351229961365e+04
1.908662055190656611e+04
2.412782905773719540e+04
2.504793676864903682e+04
2.439050468906235983e+04
2.455754744980823671e+04
2.406843797653714864e+04
2.265523326280320180e+04
2.228430216663745887e+04
2.482926337060926744e+04
2.505429679836502328e+04
2.503235558409515215e+04
2.313193049430255633e+04
2.469026769279912696e+04
2.397010206606816064e+04
2.375507930231135106e+04
2.368078117891468719e+04
2.300957016219006618e+04
2.136056495916096173e+04
2.391463552838412215e+04
2.460560237021753710e+04
2.465571004895248188e+04
2.200196042372436204e+04
2.499293316620546102e+04
2.482455390795721905e+04
2.442599144213586260e+04
2.487359665300554479e+04
2.443529105293615430e+04
2.457049063270823535e+04
2.503554807174894449e+04
1.802566394045219204e+04
2.478485722483362042e+04
2.507156647302702549e+04
2.428810591728467625e+04
2.283215288868296921e+04
2.404801535007500934e+04
2.321303839756856905e+04
2.147998960488854209e+04
2.494475389978214662e+04
2.468900598499581611e+04
2.372862550214384100e+04
2.382076627425572951e+04
1.852301322978181270e+04
2.404984714708581305e+04
2.397724059295637198e+04
2.199838349224072590e+04
2.115371490242503569e+04
2.505492217160967994e+04
2.467927905859761449e+04
2.450712122356835971e+04
2.459585750580667809e+04
2.423682852474631727e+04
2.470537081524170935e+04
2.396087337264269445e+04
2.033803371997502836e+04
2.376135897070326610e+04
2.461861066631004724e+04
2.314289494133505650e+04
2.431350215252009366e+04
2.388010842248055997e+04
2.401772792862327333e+04
2.373236951994952324e+04
2.486552475846462039e+04
2.488149111380377144e+04
2.416105168859192418e+04
2.421012968848129458e+04
2.091611610007672061e+04
2.408330927359837005e+04
2.341862626011282191e+04
1.965738224677859034e+04
2.488582577673510241e+04
2.298080189674984285e+04
2.492971851284527656e+04
2.490604332315608553e+04
2.493510362809543221e+04
2.412838117180726113e+04
2.469863409257440071e+04
2.464026983849982935e+04
2.443452041908695537e+04
2.443858247860811389e+04
1.953810996149034327e+04
2.444210638229154938e+04
2.210773880402495706e+04
2.409089445405632796e+04
2.415554329217519626e+04
2.432484796847520192e+04
2.019691575387355624e+04
2.108572346643216588e+04
2.428251238860099693e+04
2.116668661749358580e+04
2.060861508959114144e+04
2.492760908405469672e+04
2.487999635130875686e+04
2.398186956031743466e+04
2.503911346493267774e+04
1.945028456507830560e+04
2.339304203832836356e+04
1.715600760254168563e+04
2.320443030039673613e+04
2.375063502068952221e+04
2.509136668110173923e+04
2.447510092306698061e+04
2.257589653976506088e+04
2.136509850227150309e+04
2.500460985222613090e+04
2.422254213352155784e+04
2.432104769534965453e+04
2.037645718645890884e+04
2.339633118677608945e+04
2.496929636613741604e+04
2.354137628622824195e+04
2.043766714511336613e+04
2.166952474258682196e+04
2.386464848226155300e+04
2.446560792099516766e+04
2.471940288853018501e+04
2.497110916587739121e+04
2.432217608104499959e+04
1.963921548266841273e+04
2.508976127906448528e+04
2.239233898582570691e+04
2.484779603459331702e+04
2.433024223539157538e+04
2.367364939025521744e+04
2.494534473993392385e+04
2.475308149426506861e+04
2.363330810688997735e+04
2.441411822256287269e+04
2.399781849065171627e+04
2.431207274935185706e+04
2.291851104653009679e+04
2.451591674908017740e+04
2.179031191180792302e+04
2.424985163334172103e+04
2.425260328788170591e+04
2.262673152789461892e+04
2.477230713414252386e+04
2.427884730356174259e+04
2.356880089461771422e+04
1.916364562067831866e+04
2.423740748702948986e+04
2.392358258197451869e+04
2.424366750954045710e+04
1.816703898868205579e+04
2.389200907568150433e+04
2.450713985845669231e+04
2.502747500682491227e+04
2.429589363504753783e+04
2.412883593430431938e+04
2.323449200742461835e+04
2.472104438293746352e+04
2.501087656002261792e+04
2.467238731395310970e+04
2.289291933127266384e+04
2.062999160632005442e+04
1.795777514426411653e+04
2.331949718007348929e+04
2.399780090403979921e+04
2.167245877221898627e+04
2.434641982331172039e+04
2.499064551859356288e+04
2.493490332674273668e+04
2.356483479262634137e+04
2.385963099307294397e+04
2.505808937279768725e+04
2.388969075182167217e+04
2.391007712296938917e+04
2.439121204929280066e+04
2.132606672739265196e+04
1.739798829097109410e+04
2.440184717835773699e+04
2.390409759143192787e+04
2.489742915155402443e+04
2.434540143859042291e+04
2.390367527233569854e+04
2.504942306794338219e+04
2.409730297040518781e+04
2.419682317946509284e+04
2.474908083624285791e+04
1.760585709365447838e+04
2.363866895470359304e+04
2.495153621796245716e+04
2.450270117038108583e+04
2.502713405355846044e+04
2.444151169058836967e+04
2.480952756537819369e+04
2.482604782921291189e+04
2.460267734005712919e+04
1.792987168894652132e+04
2.412082720372981566e+04
2.188717694290612781e+04
2.487927386066813779e+04
2.484039184204208505e+04
2.427937263759535927e+04
2.469995833219584893e+04
2.205912125582384760e+04
2.241119443717851027e+04
1.644133936649994575e+04
2.474230040511526749e+04
2.397277232858822390e+04
2.447082960235768405e+04
2.464987881999630190e+04
1.757439276684897050e+04
2.426109611868516367e+04
2.301944908854818641e+04
2.492953570577027858e+04
2.460531286550134246e+04
2.449399897234511081e+04
2.491161983036822130e+04
2.125968477642292419e+04
2.441191119241153865e+04
2.414922830802478347e+04
2.186401946127729025e+04
2.498062155907562919e+04
2.388010842248055997e+04
2.501432698984760646e+04
2.320965560356936476e+04
2.417103354194677013e+04
2.485352498573253979e+04
2.436548668771546363e+04
2.505717019999202603e+04
2.409089445405632796e+04
2.351628197938204539e+04
1.880636250840455978e+04
2.353295664456774830e+04
1.660887012016478548e+04
2.439130979976199887e+04
1.631545352961195022e+04
2.383649134926858824e+04
1.818950423609147401e+04
2.334234142420111675e+04
2.441995183188884403e+04
2.363337010493350681e+04
2.444059625652164686e+04
2.507025625964768551e+04
2.281736085706087033e+04
2.403879667622275520e+04
1.637028824742566576e+04
2.504018797868323236e+04
2.319451946998876520e+04
2.505668773003306706e+04
2.427129207975558529e+04
1.755235156305483542e+04
2.424107666895219154e+04
1.850491797941060213e+04
2.509296520787799454e+04
2.083938057313168247e+04
2.409699339607122965e+04
2.118662178773930646e+04
1.821869782405675505e+04
2.073203503040315263e+04
2.456124827208198258e+04
2.018979983540907415e+04
2.058021855070858510e+04
2.502581221206817281e+04
2.485459967421104375e+04
2.509098736691745216e+04
1.991418726036652515e+04
2.424408584858204267e+04
2.492696788037652004e+04
2.344315413634594734e+04
2.353147400745040795e+04
2.438278653503548412e+04
2.475257184299696382e+04
1.653366609790128859e+04
2.435262582091104559e+04
2.509043381177109768e+04
2.312012814865573455e+04
2.491758415405387495e+04
2.388586434066272705e+04
2.477097732659445683e+04
1.923504775737820819e+04
2.479942303572157107e+04
2.416263281674555037e+04
2.349635860647684603e+04
2.318801290629176583e+04
2.087270483248842356e+04
2.441777345647349284e+04
2.287770296610064543e+04
1.329880614323594818e+04
1.887746303900693965e+04
2.344982610520298476e+04
2.484467098769653967e+04
2.005798060459623593e+04
2.361254132876544463e+04
1.924029660419070569e+04
2.500045491464844963e+04
2.412807952352087159e+04
2.452972141181497864e+04
2.444342134149944468e+04
2.434979361153192440e+04
2.477859020702130147e+04
2.459370093400996120e+04
2.299342824567376374e+04
2.234644605554907321e+04
2.441566056568597196e+04
2.487432397875783499e+04
2.474694348738677945e+04
2.467035242270654999e+04
2.505444117970451771e+04
1.429637949021689019e+04
2.131639756206940729e+04
2.509096185405676079e+04
2.497542718823243194e+04
2.485263906019648857e+04
2.462928001634132306e+04
2.487003125915418423e+04
2.496418110086276283e+04
2.485458536908973838e+04
2.306039421723122723e+04
2.420902415093774835e+04
2.476083779592887731e+04
2.379676688965854919e+04
2.488616114233816916e+04
2.493607897981270071e+04
2.421437392285773967e+04
1.799647932462625249e+04
2.189326296487229411e+04
2.470987986305813320e+04
2.306092801103493912e+04
2.396566434998495242e+04
2.264901561598791886e+04
1.741087545232038246e+04
1.322066120045889329e+04
2.481765954454929670e+04
2.499898293408395693e+04
2.435104553754978406e+04
2.415118940037131324e+04
2.489844856477120993e+04
2.001053004296357540e+04
2.193361660194633077e+04
2.508156010765571409e+04
2.444805719492179560e+04
2.461839993603608673e+04
2.504790267265051079e+04
1.439259159475196975e+04
2.482142154166288310e+04
2.423383585694157227e+04
1.888985056442634959e+04
2.137219546267104306e+04
2.386677683800062368e+04
1.974559740351793880e+04
2.378372144051076248e+04
2.339650610424260594e+04
2.471202635516275041e+04
2.478850826588529162e+04
2.474694348738677945e+04
2.419560462435448426e+04
2.332018528903335027e+04
2.315329843546174379e+04
2.402466406075922714e+04
2.485868156428133443e+04
2.278774874485019973e+04
2.432493155046196625e+04
2.493634662144428876e+04
2.499035619870235678e+04
1.998009716824636416e+04
2.438709751633976703e+04
2.104170722214320267e+04
2.110643938432998402e+04
2.480836027387889044e+04
2.349968807575723986e+04
2.500814230339624919e+04
2.388764077597959113e+04
2.444048142437261049e+04
2.179896652544605968e+04
2.391737423204965671e+04
2.257001328532722255e+04
2.445132031754885975e+04
2.505640338694492311e+04
2.502314146680192061e+04
2.476310065212371410e+04
2.342353009287633904e+04
2.010739760638812731e+04
2.422254213352155784e+04
1.873360273596057232e+04
2.352786706798280647e+04
2.404158163821566268e+04
1.733986329883927829e+04
2.288485960324856569e+04
2.413191902079748616e+04
2.308589713343288895e+04
1.990465637798832540e+04
2.357030924188714198e+04
2.462075965280360106e+04
2.375927728336281143e+04
2.395954861167538184e+04
2.158095230768498004e+04
2.496052281112354467e+04
2.486794887870340608e+04
2.482462782554055229e+04
1.870922152468087370e+04
2.262997035719572887e+04
1.515668641044926517e+04
2.502747500682491227e+04
2.350910002331663782e+04
2.459622904605250005e+04
2.446254657900025632e+04
2.497651145210140021e+04
2.177073919071800265e+04
1.947184323450487500e+04
2.474357117701526295e+04
2.398474861762875662e+04
2.315290149722697242e+04
2.291452504065879111e+04
2.506823581802235640e+04
1.831863028248583578e+04
1.845093323711847552e+04
1.856841344841192767e+04
2.010836560293100047e+04
2.442641635158208373e+04
2.323879203465645332e+04
2.472010493215982569e+04
2.334834851806491497e+04
2.468874796859769776e+04
2.405141141448637791e+04
1.769349449592283054e+04
2.167739605320703777e+04
2.388163601222792931e+04
2.414225742749731580e+04
2.463927231978865166e+04
2.461187320872219425e+04
1.834226804632265339e+04
2.484694673409101233e+04
2.492936630706620053e+04
2.440952162830195448e+04
2.455596162582305260e+04
2.437697300802089376e+04
2.028188730746041983e+04
2.376396951612024714e+04
2.425327349230829714e+04
2.457314093232032974e+04
2.491327046837440139e+04
2.271579499607775506e+04
2.408557303653152849e+04
2.445702237370025250e+04
2.002568870958031766e+04
2.319719227725748715e+04
2.446688084714279466e+04
1.665610604340377176e+04
2.307614763270200638e+04
2.257725603327716817e+04
2.173157114108288079e+04
2.416836740252261370e+04
2.418917440159074249e+04
2.423901454379446295e+04
2.425911872329080506e+04
2.038821032362155893e+04
2.329066814131665888e+04
2.491916019583193702e+04
1.974081477921759506e+04
2.198902684136688913e+04
1.993601306727260089e+04
2.497552180179323841e+04
2.462325922724518750e+04
2.464267795167881559e+04
2.484018373460436487e+04
2.412817334716843106e+04
2.478040783478255617e+04
1.750884794225179576e+04
2.498102579907796462e+04
1.910842131600914581e+04
2.437960457499757104e+04
2.452876010087069881e+04
2.440050850532516415e+04
2.507025625964768551e+04
2.233551439516452956e+04
2.473671563519820847e+04
2.410268518372176914e+04
2.444967489192776702e+04
1.735655965796307646e+04
1.610028889963378424e+04
2.414852135924075992e+04
2.374323142986608218e+04
2.397724059295637198e+04
2.236520114559632202e+04
2.320102746488028060e+04
2.471301292042170098e+04
2.385314218373447511e+04
2.336630387667386822e+04
2.125191973970171239e+04
2.352227604913467439e+04
2.469043032434007546e+04
2.506969208499138040e+04
2.351939064590782073e+04
2.442435396230896004e+04
2.471031366800237083e+04
2.494848071685268224e+04
2.438941990023137623e+04
2.483476276861970109e+04
2.278571268246235559e+04
2.477506902286796685e+04
2.283795731854802580e+04
2.448803780060022473e+04
