1.870487745241850280e+04
1.903512209320160036e+04
1.488931381409432652e+04
1.923001830175890791e+04
1.513350619452949468e+04
1.788769821117765605e+04
1.950907949574718077e+04
1.849163582671115728e+04
1.906433772860802492e+04
1.455754845802287127e+04
1.590072339052664393e+04
1.608512704121234128e+04
1.991213630840076803e+04
1.102608664084459815e+04
1.566264563648823605e+04
1.614522934265510230e+04
1.847574376617146481e+04
1.650412405143973228e+04
1.922158234481509498e+04
1.643093053447362763e+04
2.029517227140691830e+04
1.265451011136116358e+04
1.675375291646429105e+04
1.552122397943421674e+04
1.502410633049119133e+04
1.633213443189961799e+04
1.603699332007714656e+04
1.514258887107813280e+04
1.901979418487716612e+04
1.764397719340348704e+04
1.421761988653968729e+04
1.997417448695349594e+04
1.600562186454878611e+04
1.906379376293513633e+04
1.402395793037429939e+04
2.001132286084444786e+04
1.823463190530536667e+04
1.651355321303145320e+04
1.361727636865052227e+04
2.018272282090941735e+04
1.868974086873629858e+04
1.997966989133571042e+04
1.759989953484974467e+04
1.709554480218880781e+04
1.827687840661126029e+04
2.012848430489712700e+04
1.981795202216335019e+04
1.551837511657425057e+04
1.856580273842090537e+04
2.023256942913882085e+04
1.717146187016786280e+04
1.769223929920685623e+04
1.955698610236521927e+04
1.701498733975994037e+04
1.386924580775360664e+04
1.697023008750377630e+04
2.027878389798823628e+04
1.984695691700734460e+04
1.608897218472084933e+04
1.548481275620974338e+04
1.807626804794248164e+04
1.787209160451294156e+04
1.680770754569249038e+04
1.755870021983081824e+04
1.842731094027256768e+04
1.608145632531442607e+04
1.708833689472400147e+04
1.983419804310984546e+04
1.723756211185024586e+04
1.878655808642346528e+04
1.949141336096802115e+04
2.021889183400048569e+04
1.653876777782287900e+04
1.716880447102526887e+04
1.986408763077206095e+04
1.979346825744233502e+04
1.460237440864623568e+04
1.935490773649630864e+04
1.997398359588976746e+04
1.331113806293932612e+04
1.654045624168741779e+04
1.709861041314968679e+04
1.865871100300789840e+04
1.863902084668868338e+04
1.730218710194316736e+04
1.880210426695547358e+04
1.333313929001591168e+04
1.710270773698956327e+04
1.798901150484913887e+04
1.993763994559067214e+04
1.696690711691398610e+04
2.016389300643512615e+04
1.954743523936836209e+04
1.912835627812953317e+04
1.964860466616833583e+04
1.992768956118197093e+04
1.469177266858334406e+04
1.773314482215968383e+04
1.950379405974286419e+04
1.470704603580288676e+04
1.458185428899194085e+04
1.922075572646903674e+04
1.794078211652988830e+04
1.576200160200851315e+04
2.001247519211768667e+04
1.712047312645064085e+04
1.976800550895451306e+04
1.741562305541004025e+04
1.996116472461618105e+04
1.583871470437429343e+04
1.888217388172374922e+04
1.338304906235913404e+04
1.800208072419563177e+04
1.979428841012784687e+04
1.704053943049387453e+04
2.005783036358307436e+04
1.899481105761549406e+04
1.889637935497432045e+04
1.265082972844659162e+04
1.743842719899116855e+04
1.386753226468812863e+04
1.996685336368297430e+04
1.971397417715458869e+04
1.993745837080879210e+04
1.688482893879993935e+04
1.618460702960653362e+04
1.584396484992295700e+04
1.447844916309328255e+04
1.852663756023109454e+04
1.890676283172200783e+04
1.704711749746865098e+04
1.771844609753534678e+04
1.873845200769610528e+04
1.592817080833508589e+04
1.359258303539118606e+04
1.911544800586186466e+04
1.667121971915486938e+04
1.995306525611652614e+04
1.959369621773088147e+04
1.589472658677180152e+04
1.473376029720792030e+04
1.784120297027895867e+04
1.540221691822217690e+04
1.895038666955652297e+04
1.736891731053563853e+04
1.578404938267171019e+04
1.366188783335375774e+04
2.018926855117259402e+04
1.390628586590539271e+04
1.842743034801169051e+04
1.953093285007133818e+04
1.673759810490819291e+04
2.028019160096236374e+04
1.902160599687226204e+04
1.782174236701447444e+04
1.983518893518500045e+04
2.015135157395618808e+04
1.939425866296866297e+04
1.885283473741840862e+04
1.899210237064887042e+04
2.021124455649700758e+04
1.911831127059261780e+04
1.874878757810468232e+04
1.743777417790977051e+04
1.610607812232118158e+04
1.735384637429342547e+04
1.271753454243363740e+04
1.828214529930032222e+04
1.881279713293910390e+04
1.660231496961042285e+04
1.853195744459937123e+04
1.723724974275994100e+04
1.892860290957690449e+04
1.833732885280177288e+04
1.989521886832754899e+04
1.825461575065790021e+04
1.611996017985189792e+04
1.613505142449838240e+04
2.020171841616463644e+04
1.625995343790516563e+04
1.591765379143883183e+04
1.876028272142764035e+04
1.901850958548351628e+04
1.790411729407299572e+04
1.892711578849137004e+04
1.875463277304178337e+04
1.501489164024231104e+04
1.805745037145147217e+04
1.992660723853322997e+04
1.678069591488978404e+04
1.810859733168288949e+04
1.654045624168741779e+04
1.934015094612762186e+04
1.592449263169515871e+04
1.994194022520102226e+04
1.971079157134695197e+04
1.959326053256816522e+04
1.971524256753502777e+04
1.671887676577540333e+04
2.026069790642874432e+04
1.776192520952997802e+04
1.932817433128556513e+04
1.712207274811109528e+04
1.707909922155652021e+04
1.901351952803613676e+04
1.656640412724409543e+04
1.598882107860682663e+04
1.833492631946706024e+04
1.090618013293818512e+04
1.768132125726613594e+04
1.999442620409955271e+04
1.977457312103932782e+04
1.805801901073902263e+04
2.016325829177848209e+04
1.384325704975102963e+04
1.877989381825963210e+04
1.894743445314953715e+04
1.898855557328766372e+04
1.910938441038907331e+04
2.018034138477736269e+04
1.963264600559241808e+04
1.595540188410081464e+04
1.665020228867360129e+04
1.568619372279226081e+04
1.864475857001344411e+04
2.015472208918276010e+04
1.744434411314884346e+04
1.968432877341998392e+04
1.924810674908785586e+04
1.675832380622303026e+04
1.999499688576351400e+04
1.880575197786233184e+04
1.926972737252556908e+04
1.783557164721011213e+04
1.836703391706345428e+04
1.605524936063485620e+04
2.017951539764076006e+04
1.812895235464440702e+04
1.817934569076602202e+04
1.322512605356765744e+04
1.883801679156871614e+04
1.787965221619514341e+04
1.877290542104499036e+04
2.016633493657737927e+04
2.015216075337684379e+04
1.544093140253796992e+04
1.759549223920827353e+04
1.769995156120596221e+04
1.996406545177099542e+04
2.007845073848110769e+04
1.891896695333147363e+04
1.776192520952997802e+04
1.822342981827907352e+04
1.878104251399444911e+04
1.810016328938144579e+04
1.721391368815387978e+04
1.875324606895491888e+04
1.836267957293692598e+04
1.554544051395664610e+04
1.990456314504401234e+04
1.670538415729657936e+04
1.783323624636565728e+04
1.917628586348755562e+04
1.902207468204460747e+04
1.514869729622428349e+04
2.026468546119831080e+04
2.005206873507169803e+04
1.546667784867688169e+04
1.331113806293932612e+04
1.859087825785385940e+04
1.458057091347042297e+04
1.929255302903196934e+04
1.786979331043127240e+04
1.692808184024008369e+04
1.767129963484743712e+04
1.752771169271622784e+04
1.804623991383858083e+04
1.702416447199656977e+04
1.499149572552207428e+04
2.019774761449345533e+04
1.615659227978950548e+04
1.928660923064322924e+04
1.963439965208793365e+04
1.920002299022432999e+04
2.025821996551847769e+04
1.950564562127292083e+04
1.859080069656642445e+04
1.361018116218619252e+04
1.992768956118197093e+04
1.958475638808545045e+04
1.510094549377508883e+04
1.998612824560965237e+04
1.200909727075834599e+04
1.798485749799328914e+04
1.629866013154212851e+04
1.744434411314884346e+04
1.587513750688316213e+04
1.931472206562820065e+04
1.487287002241799746e+04
1.824126311533065018e+04
1.439387160725654394e+04
1.666881877180479205e+04
2.007360185409810947e+04
1.752854313713906231e+04
1.569945595384217449e+04
1.754464895833769697e+04
1.814381632135915424e+04
2.001006813566516212e+04
1.693714676711802531e+04
1.932181271532273240e+04
1.629643591927442685e+04
1.906487515047512716e+04
1.784389771248299076e+04
1.699583672201439185e+04
1.575713248836230196e+04
2.000183806957341221e+04
1.853192873115039401e+04
1.752140109451804528e+04
1.897639373002096909e+04
2.002131520229115995e+04
1.810636045781280700e+04
1.699822575675545158e+04
2.015260477572451055e+04
1.976286241025263735e+04
1.959807761841327010e+04
1.932697059553908184e+04
1.725107070295738231e+04
1.758202817360369590e+04
1.434776035187818343e+04
1.576279685122521551e+04
1.807098441376077244e+04
1.924761388694977722e+04
1.485481157605732915e+04
1.918563165733897040e+04
1.801998878303981473e+04
1.721147036799280249e+04
1.823743668547732159e+04
1.680946564874507385e+04
1.893211233573354548e+04
1.499686012915342872e+04
1.458846311930104639e+04
1.896527874554506343e+04
1.517184884610863082e+04
1.838279769826106713e+04
1.566264563648823605e+04
2.017660078810782579e+04
2.007449327926463593e+04
1.661621227389060732e+04
1.671796650169856730e+04
1.884391479685644299e+04
1.923083276744764225e+04
1.767506113912051660e+04
1.938288280994512388e+04
1.991874775358712577e+04
2.016506788201769814e+04
2.016380339239548266e+04
2.022395155119149058e+04
1.471873756373774813e+04
1.995543562712117273e+04
1.469217034191482162e+04
2.026184404308701778e+04
1.950393306839872093e+04
1.405445649759996013e+04
1.638696690707904781e+04
1.868330910341358685e+04
1.586894472949299052e+04
1.612972375240412475e+04
1.893407542563285824e+04
2.028205213325141813e+04
1.918734938896007588e+04
1.450269744933081165e+04
1.829613193470547412e+04
1.330962360983007238e+04
1.968446533785005886e+04
1.547053491317179214e+04
1.971228439931150933e+04
1.881305641353628016e+04
1.808425067835234222e+04
1.935761756995731412e+04
1.646128448392296923e+04
1.319818776349325344e+04
1.876813384482252150e+04
1.269827124701831417e+04
1.998849189103279059e+04
1.780233946718407969e+04
1.960338499366200631e+04
1.865757903780335982e+04
1.863345244910071779e+04
1.815505420236772261e+04
1.714025258608598233e+04
2.013364023145273313e+04
1.961926522243418003e+04
1.952117093619449588e+04
1.807276935762124776e+04
1.796809796903965253e+04
1.953159179716740982e+04
1.938259225844679895e+04
1.673578157251266020e+04
1.271753454243363740e+04
1.663454975567218935e+04
1.610595202284117295e+04
1.705174521321574866e+04
1.713363167227954546e+04
1.558740586757077108e+04
1.824768848424423777e+04
1.635565031295271365e+04
1.678035839909196511e+04
1.796029239884275739e+04
2.013737961666541378e+04
1.921977864897984546e+04
2.023690486379068534e+04
1.964367329871124821e+04
1.612402163008018942e+04
1.934205852544246954e+04
1.910836473868045869e+04
1.856525080046134826e+04
1.269229995518600481e+04
2.023369332314571147e+04
1.718307045162103168e+04
1.762830181398298009e+04
1.944653244447955512e+04
1.534640149295207084e+04
2.019518731980554730e+04
1.758447741658652376e+04
1.871970670794891703e+04
1.925708990895967145e+04
1.675375291646429105e+04
1.896215273542087380e+04
1.915590557705442916e+04
1.574477263998926355e+04
1.907870230147867187e+04
1.799437729989499348e+04
1.567344012356301573e+04
1.939268343328741321e+04
1.897320564316433592e+04
1.994897738762714289e+04
1.704789373087704735e+04
1.404537931367855163e+04
1.626051501878377348e+04
1.796590488359984010e+04
1.386753226468812863e+04
1.332237211153733006e+04
1.983772337914750460e+04
1.993616343563043483e+04
1.315366338609213381e+04
1.828762726825191930e+04
1.985987636274085526e+04
1.486310053495267857e+04
1.885283473741840862e+04
1.710454729039459926e+04
1.359469576758330368e+04
1.424445742026202424e+04
1.384151402209600928e+04
1.828116053963643571e+04
1.620455751002640500e+04
1.993646230479522637e+04
1.384180036302337976e+04
2.000552868089506228e+04
1.835371768448218063e+04
2.018609037478856771e+04
1.523473517921310849e+04
1.988921191328112036e+04
1.994920736686262535e+04
1.968980887567401442e+04
2.007574227728874394e+04
1.671307448537458549e+04
1.855148253670701524e+04
1.737789345118904384e+04
1.373662799623787396e+04
1.676378878691876162e+04
1.551501906684892128e+04
1.215980287968361699e+04
1.953942678664228515e+04
1.775242979505024050e+04
1.985899102322331601e+04
1.968446533785005886e+04
1.965834744609084737e+04
1.697182835047194021e+04
1.911379306739648746e+04
1.779803858886905800e+04
1.896993787265816718e+04
1.959263255041520097e+04
1.937600157018483151e+04
1.752257518266684929e+04
1.744816085004033084e+04
1.997596374117673986e+04
1.925107786054350072e+04
1.967904758135992597e+04
2.009858552121833418e+04
1.998433171183025843e+04
1.354343308425289797e+04
1.844790073287826090e+04
2.025870193800470588e+04
2.031973755122323928e+04
2.020351043698329886e+04
1.928648876140695938e+04
1.743582393480305836e+04
1.796158304972840779e+04
1.683150938971267169e+04
1.835959452611712550e+04
1.874122543411264633e+04
1.467949118610415462e+04
2.021033929508043730e+04
1.782200521465243946e+04
1.583795651638832169e+04
2.004778981621188359e+04
1.432389682782727323e+04
1.366833272888623833e+04
2.013590834289071790e+04
1.504730781505829145e+04
1.992150880359894654e+04
2.014540377793495281e+04
1.387078371174064887e+04
1.746634018045022094e+04
1.943700389740179526e+04
1.876455310325761457e+04
1.490396886198175343e+04
1.732325760830652871e+04
1.906295934693355957e+04
2.024504510856753041e+04
1.825428015443014010e+04
1.580756626758623497e+04
2.032212452871688220e+04
1.790856361453288264e+04
1.571816814772128964e+04
1.407137578093882439e+04
1.650493500390902409e+04
1.925039011939816555e+04
1.906114558625745849e+04
1.509031122964716451e+04
2.028832084824757112e+04
1.946963575907766062e+04
1.600921090598773117e+04
1.896868836935859144e+04
1.730893505464248665e+04
1.996475996068759559e+04
1.840042230901818766e+04
1.749585454756916442e+04
1.580978136224365880e+04
1.800754086982797162e+04
1.902390999623262906e+04
1.998302996090149827e+04
1.969394932533127212e+04
1.852605774089678016e+04
1.830740615446928859e+04
2.021972027171625814e+04
1.430374109926085293e+04
1.559069765582635591e+04
1.807495993987363181e+04
1.835146970897333085e+04
1.870330919040405206e+04
1.867346062356098628e+04
1.828121328199624259e+04
1.336845874744619869e+04
1.488437486871467627e+04
1.819455579517235310e+04
1.599407540745445112e+04
2.014437429201018676e+04
1.107331833874406584e+04
1.746588049706629317e+04
1.592566761811912511e+04
1.454352782792791368e+04
1.956795607502825806e+04
1.908093137176645178e+04
1.951834864718895187e+04
1.392389201903389767e+04
1.751943622714995217e+04
1.719206274334358750e+04
1.807274439152993364e+04
1.980792436900182656e+04
1.523436585043982450e+04
1.962316037491493626e+04
1.918195317359732871e+04
2.028654307917578262e+04
2.026736807542705355e+04
1.692611103259606170e+04
1.771314279151029041e+04
1.741756691322736151e+04
1.543140358169742831e+04
1.807638586552185370e+04
1.610272092212183270e+04
1.843545693292432770e+04
1.750728339962327300e+04
1.513599847500161013e+04
2.027911848745075258e+04
2.024243271505686062e+04
1.578398185243325497e+04
1.698968138896532400e+04
1.834929488462785230e+04
1.543140358169742831e+04
2.014570145972525279e+04
1.798895414584005994e+04
1.561197215170066011e+04
2.004745528987056605e+04
1.395101422109965642e+04
1.864284665825928096e+04
1.972730045182530012e+04
1.462105151896192365e+04
1.972219094731695805e+04
1.857804913814390602e+04
1.575463220726006693e+04
1.781300237012205616e+04
1.958229235278264241e+04
1.985448196853809350e+04
1.900681025090391995e+04
1.718531467240165148e+04
1.787116694583863864e+04
1.497666990428573990e+04
1.835170820042438936e+04
1.538561448697949527e+04
1.909255828585290146e+04
1.763256338964960378e+04
1.828121328199624259e+04
1.629061872710570970e+04
1.899053530941915596e+04
1.526623455952935547e+04
1.712838442920250964e+04
1.782487409616654622e+04
1.927023137620026682e+04
1.848672434195028836e+04
1.711992177769525370e+04
1.691224822173123539e+04
1.662519130016476993e+04
1.897320564316433592e+04
1.343359896824547832e+04
1.171354928395367642e+04
1.900681025090391995e+04
1.522794672706061101e+04
1.714025258608598233e+04
1.656907848463638948e+04
1.413906384597414581e+04
1.421761988653968729e+04
1.932564016883555814e+04
1.424207087333285017e+04
1.914762536191374238e+04
1.642737438677223690e+04
1.567563023534482636e+04
1.965037388114607893e+04
1.513905574390196307e+04
1.808693293088407881e+04
1.733649554131300101e+04
1.884459636386508646e+04
1.545619466568596545e+04
1.713470188333281476e+04
1.780233946718407969e+04
1.522735061160396072e+04
1.882386742394734756e+04
1.996553432905236696e+04
1.804257220962484280e+04
1.904063721616765906e+04
1.665882901383229910e+04
1.926634094008326792e+04
1.581580306420112538e+04
1.502562198955301938e+04
1.955827186414819880e+04
1.706338900336952429e+04
1.860646052599523682e+04
1.980298847616170679e+04
2.000982251298878327e+04
1.624820669686901965e+04
1.469567423916343068e+04
1.997870315229469998e+04
1.383536238589630011e+04
1.322987662077340428e+04
1.646455074162821984e+04
2.001132286084444786e+04
2.012405486000013116e+04
1.641454588725165740e+04
1.938916581462512841e+04
1.857183851453664101e+04
1.505373492127833379e+04
1.761825357326137600e+04
2.031155473918081043e+04
1.984920979272999102e+04
2.025682120025357290e+04
1.611619683037073446e+04
1.914552156282681244e+04
1.954720027437727185e+04
1.983940456871826609e+04
1.971296304639804293e+04
1.452016472960134342e+04
1.973146225542706088e+04
1.773982124920812566e+04
1.499206561436752600e+04
1.835824648319045082e+04
1.765237399389609345e+04
1.715315308630032087e+04
2.030493098695300432e+04
1.906992534514958970e+04
1.923246833272200820e+04
1.816279584483964572e+04
1.997702201192606663e+04
1.912835627812953317e+04
1.943390022960704664e+04
1.251620329880073405e+04
1.599819322846685827e+04
1.867600675619956019e+04
1.822799833038701399e+04
1.700468312714124477e+04
2.024714338911325467e+04
1.544598312415994224e+04
1.761021126575277958e+04
1.618453817350927056e+04
1.921520674468589277e+04
1.374847242490057397e+04
1.559423801679679673e+04
1.728795274606159364e+04
1.821264216017585568e+04
1.927934072275194558e+04
2.024714338911325467e+04
1.634521972061433553e+04
1.911063897161065324e+04
1.722379894944496482e+04
1.887099507053109119e+04
1.696288321336359513e+04
1.250856670493344427e+04
1.871019913337035177e+04
1.924894381497347422e+04
1.440605727800003297e+04
1.831824109608197614e+04
1.893993510191511450e+04
1.701894188463179307e+04
1.669647065626581025e+04
2.030532042080485189e+04
1.604841475368853207e+04
1.570465053053189149e+04
2.018634864852140163e+04
1.587796388213932187e+04
1.954848683138914930e+04
1.312712022550213442e+04
1.658254836172515206e+04
1.640991648942256506e+04
1.986015829483875859e+04
1.849879082387763992e+04
1.781170205799832911e+04
1.319274454713196974e+04
1.324732299843695000e+04
1.816769754249896141e+04
1.808789451608623494e+04
1.740045671014063191e+04
1.214581078255904504e+04
1.691633803306118352e+04
1.949359633979845239e+04
2.019438209777278826e+04
1.412786948660426788e+04
1.654163223339482647e+04
1.853912244391237618e+04
1.806291319278641458e+04
1.990638282340340083e+04
1.417071235907596565e+04
1.848036963141349770e+04
2.010825206928869011e+04
1.877404479716173955e+04
1.818748184565038900e+04
1.661540926683847283e+04
1.811116809832979925e+04
1.315366338609213381e+04
2.022472435824933200e+04
1.437603636955713228e+04
1.755662116837914436e+04
1.641788027788993713e+04
1.522948801863644985e+04
1.943836465579206197e+04
1.907010900574483458e+04
1.499596158637434382e+04
1.942723152543497781e+04
1.536941837074059003e+04
1.446919415058341838e+04
2.021615010672367134e+04
1.517232692384577967e+04
1.928443594487646988e+04
1.856087784608680886e+04
2.027663341381055216e+04
2.013052033397560444e+04
1.791732974070007185e+04
1.456740060150676618e+04
1.910671139796912394e+04
1.543162819830617082e+04
1.836365438337327942e+04
2.021538623563540386e+04
1.507627925921509268e+04
1.918269484247864602e+04
1.753841299908754809e+04
1.179453153740094058e+04
1.892761893381406117e+04
1.460344733838900538e+04
1.737789345118904384e+04
1.417197364481894692e+04
2.019079285768932459e+04
1.921742158905143879e+04
1.916866857977336622e+04
1.807635434945140150e+04
1.844534226620366826e+04
2.004073761839473445e+04
1.893329060314107846e+04
1.968108532716235641e+04
1.775683856134410598e+04
1.945564332914573606e+04
1.688862939180283865e+04
1.532335069045025193e+04
1.884136063112134798e+04
1.917662143951856706e+04
1.448381935569857706e+04
1.777557880131812999e+04
1.982548998062879036e+04
2.024504510856753041e+04
1.836898314629176093e+04
1.745682332080065316e+04
1.911422745510516688e+04
1.492977750250218742e+04
1.430270351107807073e+04
1.812393399101700925e+04
1.883099422920423604e+04
1.265082972844659162e+04
1.992012902096465405e+04
2.019334291971056882e+04
1.909816663369298476e+04
1.522735061160396072e+04
1.264749312536868092e+04
1.777733817908551282e+04
1.786856764244754595e+04
1.297185747903967422e+04
1.375807329971849867e+04
1.998227102759336412e+04
1.772966133160838581e+04
1.513350619452949468e+04
1.854429143693856895e+04
1.862340152780664357e+04
1.965361217572430178e+04
1.547053491317179214e+04
1.300783947484076089e+04
1.880148110069567338e+04
1.964753879628017239e+04
1.974590501503219639e+04
1.987245448981582740e+04
1.456615549769222889e+04
1.476538739028668351e+04
1.323966410924975571e+04
2.007213997847444989e+04
1.733985768101513531e+04
2.003986254551648017e+04
1.785739622365194373e+04
1.974077910803855411e+04
1.496131436801676318e+04
1.933144453035480547e+04
1.914125360826368706e+04
1.702891484429679622e+04
2.009068700601022283e+04
2.002300582184080122e+04
1.732106299867495909e+04
1.668937055027219321e+04
1.722017765250630328e+04
1.702520642352895811e+04
1.542486256054561090e+04
1.951988679331268941e+04
1.588437491880605921e+04
1.630366792398584948e+04
1.946260507042460813e+04
1.894147397283695682e+04
1.914415414147979754e+04
2.001370216824348608e+04
1.720634321198636826e+04
1.575817094359687508e+04
1.768132125726613594e+04
1.986034115756250685e+04
1.986269292902398593e+04
1.685288045753968254e+04
1.461011465280053562e+04
1.798261303645916996e+04
1.939087182059825864e+04
2.007536038145647035e+04
1.794512546931204997e+04
1.495973596440372421e+04
1.916298702867083921e+04
1.632727348193201760e+04
1.342343462294913479e+04
1.921384981930442154e+04
1.964054423517829491e+04
1.624150876201803658e+04
1.264699691930443805e+04
1.739741985504856348e+04
1.033393272561888625e+04
1.200794685404186384e+04
1.988350587223008188e+04
1.411870137071883801e+04
1.383990012234745882e+04
1.693291503879039374e+04
1.961563355545616287e+04
1.304622939398725794e+04
1.973803985550344078e+04
1.805435345424726256e+04
1.458349942221907804e+04
1.244243393768485294e+04
1.703366641364061070e+04
1.972730045182530012e+04
1.746634018045022094e+04
1.973059828258233756e+04
1.463018048193136929e+04
1.582135257096684472e+04
1.811061910780995095e+04
1.528157586402258312e+04
1.832273929970628160e+04
1.948664301635686570e+04
1.932564016883555814e+04
1.812775467485003173e+04
1.951949221977338311e+04
1.663802672787094343e+04
1.706350822038218030e+04
1.409415933476128157e+04
1.980305068342271261e+04
1.824498196695417573e+04
1.771844609753534678e+04
1.537961259844317465e+04
1.886133556761848376e+04
1.601548066241449669e+04
1.883064691481549744e+04
1.712750886695468580e+04
1.683792619277875929e+04
1.982083108310934404e+04
1.825565156183049476e+04
1.770278659162203257e+04
1.786979331043127240e+04
1.707376823881408200e+04
1.973303854478554786e+04
1.513599847500161013e+04
1.837562350559699917e+04
1.854330958490733610e+04
1.923561066791065241e+04
1.738258916773515011e+04
1.879972891296262242e+04
1.948474440040086483e+04
1.822167738461757108e+04
1.891431754285619900e+04
1.410731724312264851e+04
1.964938267181357514e+04
2.004038299907428154e+04
1.711135114722175786e+04
1.669898618846994941e+04
1.957623412267474487e+04
1.801980619300255785e+04
1.348424459998462044e+04
1.580220614299226509e+04
1.947393579690315164e+04
1.570710407032396324e+04
1.731144015652104645e+04
1.290392093162705351e+04
1.934015094612762186e+04
1.466140545173511782e+04
1.641713505035840353e+04
1.997768985222981428e+04
1.782298942931905913e+04
1.506515282776887943e+04
1.727355648120969272e+04
1.951949221977338311e+04
1.457478882755161794e+04
1.550491511026444095e+04
1.963779058555936717e+04
1.994194022520102226e+04
2.017607465279403914e+04
1.924754851490668079e+04
1.875188299236405874e+04
2.011758274504774818e+04
1.863259490142613140e+04
1.659023714259496774e+04
1.777855510599001718e+04
1.797212490273819276e+04
1.852050345259626920e+04
1.752939723638806754e+04
1.317745428275708764e+04
1.734558258020366338e+04
1.852408106633291027e+04
1.886133556761848376e+04
1.509163954287226443e+04
1.346512726384324924e+04
1.711105414215022756e+04
1.632292494184378847e+04
1.991685789170446515e+04
1.277439112199567171e+04
1.100155750184514727e+04
2.016642054181515414e+04
1.730956431756421443e+04
1.560998075436423824e+04
1.748534186521021547e+04
1.467481913772345433e+04
1.911933784616784396e+04
1.595891712823823036e+04
1.225773530555273464e+04
1.935152459366909534e+04
1.736470470406399545e+04
1.599869824184239042e+04
1.891896695333147363e+04
1.670233727844527311e+04
1.796862497205568798e+04
1.304108339420038828e+04
1.701498733975994037e+04
1.983928432087702822e+04
1.744816085004033084e+04
1.858946422773381346e+04
1.961541334736516728e+04
1.811831305705026898e+04
