2.363732562618568045e+04
2.338084726722046253e+04
2.084104854015050660e+04
2.355317184063107561e+04
2.380698929206704270e+04
2.292934091558221553e+04
2.093540437232188560e+04
2.126802466792664563e+04
2.353309019641910709e+04
2.414028759040278601e+04
1.831838766791459057e+04
2.350386065429144946e+04
2.374490844795894009e+04
2.177619032099482502e+04
2.391071050286120226e+04
2.413344858399524674e+04
2.242538901995091510e+04
2.095074002581967943e+04
2.297158947211128543e+04
2.298922935927211074e+04
2.248510200460287888e+04
1.275107629565397656e+04
2.373513081112421060e+04
2.126734736803157648e+04
1.627541083934637390e+04
1.762760349854850210e+04
2.350452540862224123e+04
2.300128749443891866e+04
2.263642532170406412e+04
1.977633311875236177e+04
1.939241261102684803e+04
2.390544791322595847e+04
2.366652548097771432e+04
2.361012632898985612e+04
2.368528154459005600e+04
2.322208893144219837e+04
2.403624984333716930e+04
2.078690120559283605e+04
1.631280616175392242e+04
1.865914217485012705e+04
1.494611332468699948e+04
1.816248824085359956e+04
2.052530330411617615e+04
2.268582936522333330e+04
2.404441384328110144e+04
1.917857600322199869e+04
1.862679753734997939e+04
2.387371506891084573e+04
2.222085923590686434e+04
2.341877734431147474e+04
2.394424604718739283e+04
2.333460282491012913e+04
2.268085769793876534e+04
2.345540325308708998e+04
2.078516020927077261e+04
2.320654488151796977e+04
2.394213081375940237e+04
2.402601256809906045e+04
2.414705735381987688e+04
1.882763478524461971e+04
1.784782006173096306e+04
2.400461788202179014e+04
2.275184350671458014e+04
2.218265329876339092e+04
2.327827956965368867e+04
1.663909895861660334e+04
2.409848208580227583e+04
2.411604384431930521e+04
2.154472832848874532e+04
2.410246373243917697e+04
2.388390530326166481e+04
2.407165558609980144e+04
2.219280501100779657e+04
1.303654492636524265e+04
1.716728770562165664e+04
2.267544046151124348e+04
2.316762557395538170e+04
2.085509401402657386e+04
2.411105015178074973e+04
2.222532764940337438e+04
2.356629085938924254e+04
2.372051578592822625e+04
1.722317827228017995e+04
2.084639920488363714e+04
2.378813056824293380e+04
2.384422821279206619e+04
1.883001320689242493e+04
1.900264980148122049e+04
2.305306268198698672e+04
1.969471632176147250e+04
2.390544791322595847e+04
2.188084505885888575e+04
1.875761475167171375e+04
1.796795810039269418e+04
2.400314931240228907e+04
2.369162349468593675e+04
2.402826144836736785e+04
1.736311081584732165e+04
2.363753994153671374e+04
2.316710348931573753e+04
1.851437332001921823e+04
1.863424384877266857e+04
2.337801916648789120e+04
2.394452896089327260e+04
2.388651045920544857e+04
2.321958729664015118e+04
2.375904722829101956e+04
2.382950894935178803e+04
2.138614477667257597e+04
1.777134010997959558e+04
2.249886098180919362e+04
2.277318180317285078e+04
1.452930757825625551e+04
2.202353250258466869e+04
2.235858861749013158e+04
1.698917289480926411e+04
2.297619214702399040e+04
2.266542734283488608e+04
1.805889532825102287e+04
2.386120884930287866e+04
2.299041889006415659e+04
2.399363837975045317e+04
2.369622607444988171e+04
2.132920552812839014e+04
2.397267810664807257e+04
2.351079835463877680e+04
1.951107322646700777e+04
1.665966427885486701e+04
2.396145519841175701e+04
2.317841490107912250e+04
2.399674703513209170e+04
2.362337429980632442e+04
2.348400081461475929e+04
1.943153858426017541e+04
2.130853321651376609e+04
2.365946638860987878e+04
1.826867150436752490e+04
2.238653212292812168e+04
2.359556644649050213e+04
2.230675818315058132e+04
2.349993988841193641e+04
2.213923184634406061e+04
1.535497281304333592e+04
1.427407765855440084e+04
1.941277492403308133e+04
1.913322471604208840e+04
2.080033872758114740e+04
2.381626558931628824e+04
2.302674658997332881e+04
2.076862710388095729e+04
1.706532105686253999e+04
2.090350983530785743e+04
2.406472734184224828e+04
2.399066141994946884e+04
2.293663074384272477e+04
2.378969139648582495e+04
1.940890632445386291e+04
2.405853255158023239e+04
2.393447331008739638e+04
1.755903343096405661e+04
2.405665755710726080e+04
2.027721417242060124e+04
2.062821912130413693e+04
1.983078799882901149e+04
1.826458218078116624e+04
1.758412095285821852e+04
2.385572907506651973e+04
2.378095898266595032e+04
2.366918583904615298e+04
2.408379393823766804e+04
1.703377247796389929e+04
2.377226291044928803e+04
1.980743914077556474e+04
1.964000461282295146e+04
2.251144571152910794e+04
1.511925813247753649e+04
2.287631238943936842e+04
1.369429610401595892e+04
1.565476970751897170e+04
1.979525170454834733e+04
2.406300389880759030e+04
2.382986272676487715e+04
2.336190254658587219e+04
2.273502072176956426e+04
2.390398596572806855e+04
2.023039539304751816e+04
1.934985862006492243e+04
2.387129948809284542e+04
2.275388323633049004e+04
2.404218463833023998e+04
2.237587580875410640e+04
2.406884626145725997e+04
1.968834616398107028e+04
1.711966992244488574e+04
1.094416293990504346e+04
2.374913546882139781e+04
2.311924428382835322e+04
2.056161475035542753e+04
2.391602997208110901e+04
2.359649815412743192e+04
2.114805799493144150e+04
1.541990949647284651e+04
2.369590499943908799e+04
2.360037152993949712e+04
2.402021228600901668e+04
2.403202365142512645e+04
2.077172811673959222e+04
2.387864429389250654e+04
2.373669871566105576e+04
2.335002339110649336e+04
2.409839852171862731e+04
2.333645470786354417e+04
2.249125797585575128e+04
1.747449961830489337e+04
2.310349420432550323e+04
2.392891696202976891e+04
2.349602038511873980e+04
2.351079835463877680e+04
1.879488267036937395e+04
2.149870000145267477e+04
2.227457866290918173e+04
1.945828600398159324e+04
2.359781503693719424e+04
2.184172205462190323e+04
2.377226291044928803e+04
1.957916820775279848e+04
2.394251684641827887e+04
2.390724340452430624e+04
2.197650670786532282e+04
2.024862521654909142e+04
2.304986782891740222e+04
2.389883149636576127e+04
2.391029121693006164e+04
1.777058556293004222e+04
1.848390611836591415e+04
2.219294249456524267e+04
1.979587932714880662e+04
2.211793129570580277e+04
1.845773553796403939e+04
1.863254589178536844e+04
2.410829083263953362e+04
2.232921938170138310e+04
2.260780486672991174e+04
2.355571183808422575e+04
2.091809004125279171e+04
2.383631214204576099e+04
2.324098261312337854e+04
2.380810900753588430e+04
2.387661418961301024e+04
2.007756557341253938e+04
2.170124327237300895e+04
2.133337781348651333e+04
1.627073842219792277e+04
2.303172822946611996e+04
2.390482988526635017e+04
2.337520675663019938e+04
1.951653302736330079e+04
2.130703809713405644e+04
2.060557568465019722e+04
1.679120415456949559e+04
2.264198879379671416e+04
1.788385600451770370e+04
2.399414642898661259e+04
2.277318180317285078e+04
2.414334777680773550e+04
2.403678205120179700e+04
2.268710168115972192e+04
1.759047730537957250e+04
1.573412158117212311e+04
2.361132243117885810e+04
2.398804463824983031e+04
2.193136842091531435e+04
2.354665834584921322e+04
2.326809136122331256e+04
1.923476307948853355e+04
2.410412884691160434e+04
2.340394191128820967e+04
1.914778191595473254e+04
2.251853981499121801e+04
2.281822997204761850e+04
1.668257518507419445e+04
2.159647022942949843e+04
2.351435270020620374e+04
2.251365019255250081e+04
2.120683386472168786e+04
2.058887802952368293e+04
1.788966314866755420e+04
2.307322629086336019e+04
1.336905978279791088e+04
2.414028759040278601e+04
2.114086231471186329e+04
2.405665755710726080e+04
1.985251606350797374e+04
2.374452871943890204e+04
2.267384551624316373e+04
2.313283224863673968e+04
1.830981769882381195e+04
2.387998350883174135e+04
1.696473041685353019e+04
1.895111225316916898e+04
2.328545657558488892e+04
2.083807077890551591e+04
2.294577316678013813e+04
1.447970347471763307e+04
2.195005413659473925e+04
2.364177076834029867e+04
2.351966070798719011e+04
1.876901342443952308e+04
2.077062069908398553e+04
2.347791849849748178e+04
2.362948212902097293e+04
2.083990087857128310e+04
2.234049408947419579e+04
1.961767456381461307e+04
2.296894293845172069e+04
2.335002339110649336e+04
1.659624938651280536e+04
2.201183787735905207e+04
2.363509008335410908e+04
2.088383503053014647e+04
2.018946464883397130e+04
2.290913119167201876e+04
2.077493311865333817e+04
2.365202598263268374e+04
1.984988207146521745e+04
1.752637792964319669e+04
1.112793969391137580e+04
2.371418679857489042e+04
2.349583149404727010e+04
2.124648427951171470e+04
1.780408686969616247e+04
2.116505238404684860e+04
2.276203238009545748e+04
2.402827367775924358e+04
2.123191074434149778e+04
1.165861645905875048e+04
2.337463188742775674e+04
2.413358685949873325e+04
2.268794240746502328e+04
1.560837028829583141e+04
2.046857021336693288e+04
1.743345867651778099e+04
2.337520277235319008e+04
1.799266840718060848e+04
2.368154305726266102e+04
2.354867488462426263e+04
2.391306510218849871e+04
2.277910489262631017e+04
2.288944241383694316e+04
1.749649567141562875e+04
2.333242613852128852e+04
2.254790731565537862e+04
1.878600112407298730e+04
2.334098643327219179e+04
2.380035030609185196e+04
2.161941023191944259e+04
2.403929912411507394e+04
2.318930165342638793e+04
2.414506866233552137e+04
1.550851461751155148e+04
2.372139072602424130e+04
2.388409153441841772e+04
2.278658530922047430e+04
2.033180442339061483e+04
2.382399908529141976e+04
1.573951669421359475e+04
2.362308790620745640e+04
2.325502069452326032e+04
2.414476053560455694e+04
2.198622786925601758e+04
2.372547539217423764e+04
1.816248824085359956e+04
2.300645687775743136e+04
2.397118052634970081e+04
2.395724380011491303e+04
2.001122313349445540e+04
2.070312437820664491e+04
1.850814860005404989e+04
1.513750444040247930e+04
2.334729566059016361e+04
2.400058772361183946e+04
2.324740280517857900e+04
2.071610511872666029e+04
2.354252841153062036e+04
2.411331583973665693e+04
2.380016648467574851e+04
2.055234786561086003e+04
2.011713444128550327e+04
2.373542417255041073e+04
2.400340952401982213e+04
2.300229558983822790e+04
2.150837351869252598e+04
2.202353250258466869e+04
2.383263718687866276e+04
1.350822879102744628e+04
2.365744609941252565e+04
2.164693452890801927e+04
2.348317912808517940e+04
2.354613657711404448e+04
1.978356935668124788e+04
1.740583003854304116e+04
2.274046667770813656e+04
1.670017940950155753e+04
2.351435270020620374e+04
2.269774628002172540e+04
2.385211588044197924e+04
1.977215158598151174e+04
1.720883649018182768e+04
2.383478271700117330e+04
2.339840704826438014e+04
2.364391483268802403e+04
2.097813517010445139e+04
1.975583144040851403e+04
2.181755153883589082e+04
2.254190037868488434e+04
2.397715530518115702e+04
2.387428833697355731e+04
1.913577742756072985e+04
2.344738831821150598e+04
2.402037847600011082e+04
2.407166784709142667e+04
1.687733055518394394e+04
2.307771043641899450e+04
2.412595374758256003e+04
2.398433218791070976e+04
2.171415902883141462e+04
2.389531727022057748e+04
2.380128575818528043e+04
2.405336161028471543e+04
2.103783390699575830e+04
1.820988029550751526e+04
1.732114462811018893e+04
2.374489668009662273e+04
1.642881201273873012e+04
2.115119054955202955e+04
2.377307521828064637e+04
2.248659969696358166e+04
2.299005148361996544e+04
1.978468447681800171e+04
1.911269678574913996e+04
2.325601941343044018e+04
2.385721659716022259e+04
2.391181162908715851e+04
2.087548615159220572e+04
2.361483037721548317e+04
2.412877377121211612e+04
2.083922721127111436e+04
2.008437195666947082e+04
2.364400095154716109e+04
1.694398776714877749e+04
2.414103282603159096e+04
2.395624443321856234e+04
2.390589633249417602e+04
2.268621348179846245e+04
2.046467232515266369e+04
2.191959559601215733e+04
2.260452938156573509e+04
2.368092575687834687e+04
1.712021016740712366e+04
2.045638482431764714e+04
1.978932578866064432e+04
1.927518906474424875e+04
2.325957919973654134e+04
1.943644532800876914e+04
1.911644780496358362e+04
2.165756994617440796e+04
1.568209073929258193e+04
2.399036249937421962e+04
2.343293843272871891e+04
2.144728726567333069e+04
2.364391483268802403e+04
1.695137689769867575e+04
1.630271541193423036e+04
2.183428639366538118e+04
2.263367643021372351e+04
2.089895943523046662e+04
2.367040249919807684e+04
2.385847823084442643e+04
2.140542693286469876e+04
2.356834707747104403e+04
2.374668461534990274e+04
2.414436887105920687e+04
2.382924309623501904e+04
2.392540037450243835e+04
2.326781611991663522e+04
2.273743264986741269e+04
2.360368028808767122e+04
1.845288240918160591e+04
2.315500665597812986e+04
2.177630664386561693e+04
2.353282146671656665e+04
2.119747520764187357e+04
2.055444679654810170e+04
2.339825136855701567e+04
2.382274487934503122e+04
1.730603565844514378e+04
2.169634967267559114e+04
2.340002457541453623e+04
2.335412373960399418e+04
2.107958644800343609e+04
2.358663955522160177e+04
1.996660345333721853e+04
1.722317827228017995e+04
1.864008023044292349e+04
2.393387749459654879e+04
2.333957629393746902e+04
2.216627984063776239e+04
2.264635010054041413e+04
1.488832050785585488e+04
2.407280715610831248e+04
1.510078986119853471e+04
1.378491058446358329e+04
1.940592765557104576e+04
2.320820230136555256e+04
2.388635651985218283e+04
2.371538295630674111e+04
2.076180710470866688e+04
2.374233597984268272e+04
2.354668672239227453e+04
2.324528245849493760e+04
2.264181206658554584e+04
2.385645411019300082e+04
2.387309174384878133e+04
2.300540078072610777e+04
1.929721223612411995e+04
2.150351665882146335e+04
2.377688082482328900e+04
2.296894293845172069e+04
1.978895602560231782e+04
2.365495014733397693e+04
1.344390965479769875e+04
2.269216532347412431e+04
2.339820950167034971e+04
2.217635732219191050e+04
2.317093553305104433e+04
2.414785856704902835e+04
2.082384651918663440e+04
2.359099454111301384e+04
2.373845735929614602e+04
2.264561319553673457e+04
2.337015692659221531e+04
2.292673545009758527e+04
2.341669434681900748e+04
2.182148919160113292e+04
1.746649219314039146e+04
2.369243319672699727e+04
1.795845487031862285e+04
1.809859158980045322e+04
1.646900445226403463e+04
2.206279910702897905e+04
2.293092775046930910e+04
2.341735469564252708e+04
2.358901065538098192e+04
2.412595374758256003e+04
2.137636924153618020e+04
2.366918583904615298e+04
2.356992522975163956e+04
1.552622629197032074e+04
2.369587353161216015e+04
2.344049644047998299e+04
2.352437112795731082e+04
2.194734560881756624e+04
2.064076391751345000e+04
2.123050532130794454e+04
2.305300577363914999e+04
2.318930165342638793e+04
2.412440651381368662e+04
1.996982386734431930e+04
1.748425390139490264e+04
2.156607427215864664e+04
1.551050380617780502e+04
2.044025856193619620e+04
1.865248144837610744e+04
2.364816233491820458e+04
2.030415251440440625e+04
2.181931058096604465e+04
2.276413002892634904e+04
2.225376684451863548e+04
2.056993060046250321e+04
2.286082405557098537e+04
2.228827877209799772e+04
2.288332959993817713e+04
2.342586825859110468e+04
2.319957191472472186e+04
2.386023087826301344e+04
2.262959222381430300e+04
2.327674225295686847e+04
1.611179022720362082e+04
2.389019146935510435e+04
2.365632316874088792e+04
2.400508631946163587e+04
1.636629604809890407e+04
2.340516341544444731e+04
2.391519284713479283e+04
2.073544438505783910e+04
2.321459395035027410e+04
2.131276681964182353e+04
2.361368886285704502e+04
2.233589091950193688e+04
2.380140138291611947e+04
2.407894921330680882e+04
2.410653433323143690e+04
2.371059520771287498e+04
2.271792217452311161e+04
2.192276123874400218e+04
2.349583149404727010e+04
2.411729175542732992e+04
2.360144998999428572e+04
1.528281216103440238e+04
2.362751489224829857e+04
2.400804684515062399e+04
2.341106706468878110e+04
2.319321733191296880e+04
1.619094618217613606e+04
2.304807624108951859e+04
1.998197271376974095e+04
1.988861569344799500e+04
2.370208549671600485e+04
2.359072423340466412e+04
1.910570537873284775e+04
2.210915541029381711e+04
2.231628019810577098e+04
2.362115820044385327e+04
2.410037779495109862e+04
1.429493513029495807e+04
2.193464847447778448e+04
2.406278374459542101e+04
2.150782085821653163e+04
1.851667322589414107e+04
2.266299214579868203e+04
2.362203825991410849e+04
2.264010845525878904e+04
1.909205117600902304e+04
2.402491542239982300e+04
1.971038878662491697e+04
2.350312104365176492e+04
1.576110386361007477e+04
2.345302433057274175e+04
2.348819773136961157e+04
2.050390073692101578e+04
1.959560939224759204e+04
2.401839364130278409e+04
2.330885023602681758e+04
2.316087839916691519e+04
2.337061471430285746e+04
2.347400456092633976e+04
1.633923759331405745e+04
2.182075087627354515e+04
2.172756687761982175e+04
2.149730834480368503e+04
2.388127585893395371e+04
2.389866079709244514e+04
2.307207690103453933e+04
2.321614577346050646e+04
1.285833215975101484e+04
2.228939293764128888e+04
2.408976752317832870e+04
1.592198998933681287e+04
2.376591244194387400e+04
2.170118890058576653e+04
2.325739321774646669e+04
2.230405331786013994e+04
2.331426504272662714e+04
2.149708771735168193e+04
2.131762163197257905e+04
2.020528802696982893e+04
2.262829417110916256e+04
2.240595792766545856e+04
2.095837185977242552e+04
2.070309705236335867e+04
2.039504335544396963e+04
2.383551586486338783e+04
2.183077675244976854e+04
2.350464868880844733e+04
2.166423060583725965e+04
2.385074912865182341e+04
1.765396739951526979e+04
2.141303177178503756e+04
2.070309705236335867e+04
2.404291545980494266e+04
2.360841683925131656e+04
2.272610376431947952e+04
2.381279526467574760e+04
2.385629466403254628e+04
2.363408475274850935e+04
1.977284776603028877e+04
2.393243735103623840e+04
2.191467885848469450e+04
2.370330200704325398e+04
1.601139027843303666e+04
1.760467792605639261e+04
2.022214774189649324e+04
2.409556665928448274e+04
1.956933641832770809e+04
1.619094618217613606e+04
2.387864429389250654e+04
2.081336459413308330e+04
2.370795009383808792e+04
2.238204345153957911e+04
2.338116805085032684e+04
2.411079375834783787e+04
1.946222699593716607e+04
2.332817469117666042e+04
2.214451136518317071e+04
2.374759995419843472e+04
2.377776881777057861e+04
2.256280764861291391e+04
2.317841490107912250e+04
2.367246168540857616e+04
1.789905771034849749e+04
2.391076572263275739e+04
2.406267522267678578e+04
2.413233206584085565e+04
2.378670999935521104e+04
2.368528154459005600e+04
1.976446944644944233e+04
2.302112757489298747e+04
1.982508903077892319e+04
2.218236899995156273e+04
2.285757031812587229e+04
2.235039276885914296e+04
2.058862227960684686e+04
2.275810283217883989e+04
1.557057159327489717e+04
2.348136146340359119e+04
2.329291908118568972e+04
1.994479877987784857e+04
1.776634859516435608e+04
2.326193027215707116e+04
2.093270944061034243e+04
2.346449611300398101e+04
1.646971870979408050e+04
2.407062107390244273e+04
2.010913879894941783e+04
2.383631214204576099e+04
2.404159249245485262e+04
2.222618134639500931e+04
1.820975372495375632e+04
1.931191612725891900e+04
2.412564987769336585e+04
1.949327984572352580e+04
2.302090609030401538e+04
2.341694103078311673e+04
2.267544046151124348e+04
1.683248745960762608e+04
2.362835955310382269e+04
2.403448194599861017e+04
2.367396199927938869e+04
1.974154685164303373e+04
2.340617323343725002e+04
2.284930673571624720e+04
2.237233929186365276e+04
2.401723631110015413e+04
2.212461236207289767e+04
1.865366387700922496e+04
2.288435852180377697e+04
1.481601927845026876e+04
2.407405576803093209e+04
1.830266786040071747e+04
1.721747687706395300e+04
1.918551794008450815e+04
1.993718779094029742e+04
2.208447750629480288e+04
2.402931147472774319e+04
2.390752083133529959e+04
2.143189767814729566e+04
2.388593817598457099e+04
2.378265511259118648e+04
2.360178460215364976e+04
2.073893409958453049e+04
1.661640877891899800e+04
2.285588513764777599e+04
2.411800950057207956e+04
2.150483293878038603e+04
2.323813311282568611e+04
2.133171228138669176e+04
1.946506485402249382e+04
2.329411582329517114e+04
2.395080620827419989e+04
2.372163373713940018e+04
2.345417152486742634e+04
2.024346587702930628e+04
2.410325195649718808e+04
1.758939938928448100e+04
2.368528154459005600e+04
2.234709860835153813e+04
1.650710372309700688e+04
2.290368042583370698e+04
2.282899910205616106e+04
2.353946746228478878e+04
1.674334750906064073e+04
2.405744069149407005e+04
2.405144199850642326e+04
2.271617895908569335e+04
2.413549695741652977e+04
2.377721154091475910e+04
2.400598851062775793e+04
2.387229400598972643e+04
2.244923208010393864e+04
2.286909464506890799e+04
2.262577339097993536e+04
1.981055809713641793e+04
2.381270816142638796e+04
2.404787917857986031e+04
1.835220885801502300e+04
2.178408187106433616e+04
2.412821858926095592e+04
2.381734405009455077e+04
2.365174742948066341e+04
2.370703612592093123e+04
1.533089557258438435e+04
2.368480987854399064e+04
1.784782006173096306e+04
1.938262864203601930e+04
1.869400197867582028e+04
2.413469986679287831e+04
2.028454121636227137e+04
2.224639397400201779e+04
2.069867262126070273e+04
2.320726655156944616e+04
2.410284384435778338e+04
2.206757773926250593e+04
1.964619682812416431e+04
2.406592385040160298e+04
1.094416293990504346e+04
2.179474903803798225e+04
2.358848529853508808e+04
2.171363585253930432e+04
1.948058142726398364e+04
2.244358467676112195e+04
2.399703486475170939e+04
2.299670740171028592e+04
2.358532227793805214e+04
2.009454354665549909e+04
1.528207758204214770e+04
2.337442792447690226e+04
2.345220680722090037e+04
2.249481763124971258e+04
1.782339867829892319e+04
1.489685851060408459e+04
1.706532105686253999e+04
2.245321146018800937e+04
1.858465167574909719e+04
2.072216237788479339e+04
2.383551586486338783e+04
2.385211588044197924e+04
2.338231942242565856e+04
1.714186329815768477e+04
2.354770110856770043e+04
2.294606089066658024e+04
1.857277473332274531e+04
2.341412859809968722e+04
2.386895808394345659e+04
1.355248455134000687e+04
2.104075155387495397e+04
2.186807631513096567e+04
2.300482334388278105e+04
2.381563563529412932e+04
2.404218463833023998e+04
2.387563148269527301e+04
2.410777111226003399e+04
2.396527861104438489e+04
1.894144007908375715e+04
2.052777011163795760e+04
2.366058162654715852e+04
1.835220885801502300e+04
2.256610997415152815e+04
2.083140276612339949e+04
1.503393061407926871e+04
1.491283898462733487e+04
2.337128796144299849e+04
2.402561236308084335e+04
1.740987917811744046e+04
2.410965975820228778e+04
2.390589633249417602e+04
2.076207498050048889e+04
2.358714162850089633e+04
2.153716905383423727e+04
1.328752773698432065e+04
1.938327964580279513e+04
2.137040970665364148e+04
2.078070576135981901e+04
2.176353413170203203e+04
2.171230205724194093e+04
1.636629604809890407e+04
2.029255740314734430e+04
2.388112607043579919e+04
2.294099856115495277e+04
2.389155918343094163e+04
2.365687925937022374e+04
2.040671043207677940e+04
1.505005503203630178e+04
2.341088580686811474e+04
2.401225525644419395e+04
2.354126478232397494e+04
1.871494413554977655e+04
2.308760015716696216e+04
1.481389636362862439e+04
2.256280764861291391e+04
2.341671554203385676e+04
2.021943666512492200e+04
2.053444033877105176e+04
2.295893260215278133e+04
2.295969445941855520e+04
1.696993875529429351e+04
2.283753135125719564e+04
2.393753442795663432e+04
2.236874688125268949e+04
2.192308907153925975e+04
2.096762731987455481e+04
1.872089769532321952e+04
2.238557300364685943e+04
2.112456018663530267e+04
2.320056022289575048e+04
2.367593210842775807e+04
2.068602457506682185e+04
2.340491299417840492e+04
2.109382512092385878e+04
2.370418558780934836e+04
1.862794943270127624e+04
1.493209871337870936e+04
2.264181206658554584e+04
2.341694103078311673e+04
2.237615978597380308e+04
2.390978303523227441e+04
2.413144948760212355e+04
2.230359533549203843e+04
2.302648320007970324e+04
2.375287977058850811e+04
2.413921377924341141e+04
2.051428506545497657e+04
2.219015600404222641e+04
2.137364090399503766e+04
2.075721920405691344e+04
1.970903547072812944e+04
2.414049251228573848e+04
1.975068393953264967e+04
2.412711887810072221e+04
2.185387770349637140e+04
2.254845151790989621e+04
1.857112481595110148e+04
1.848390611836591415e+04
2.318104784261710665e+04
1.944781065029183810e+04
1.899523106358056248e+04
2.163127115643401339e+04
1.789658456761073467e+04
2.285005461440110230e+04
2.140156397548473615e+04
2.405481847486447805e+04
1.233450801414323905e+04
2.201700037085744407e+04
2.270813356072586976e+04
2.315312994165157579e+04
1.891590089741819247e+04
2.378452269183464523e+04
2.388952823223529413e+04
2.395753847050987315e+04
2.374887980384206458e+04
2.151288378519536127e+04
2.403750179100929381e+04
2.126857651783504480e+04
2.393416546050542092e+04
2.403209050764884523e+04
2.401358847889792378e+04
2.390888708043582301e+04
2.373971820337820463e+04
1.564634327985126583e+04
2.347470788157311472e+04
2.351951179234317169e+04
2.408844703816058245e+04
1.741947465023570476e+04
2.363388583350781118e+04
2.336487294672687858e+04
1.497163125077947916e+04
2.292537042396744437e+04
2.305306268198698672e+04
1.422563730848720297e+04
2.267608159254856946e+04
2.359093681384379306e+04
2.323755773571115060e+04
2.136287584579038958e+04
1.675707561587881355e+04
2.375913272390373459e+04
2.399074545774743456e+04
2.091466186213060428e+04
2.218265329876339092e+04
2.395787146255643893e+04
2.101045342787849586e+04
1.499418061981011670e+04
1.997827039403009985e+04
1.766823754012253630e+04
2.126930287171376767e+04
1.910387109989160672e+04
2.342770608066039131e+04
2.178993658897158093e+04
2.357734366076687002e+04
2.410678375883990520e+04
2.340465436550789673e+04
2.347315256138093537e+04
