7.647930945362072634e+03
7.608645888192389975e+03
7.782896049695938018e+03
7.368647032517286789e+03
7.059080689957975665e+03
7.539186846708251323e+03
7.848479795327490137e+03
7.792461053774349239e+03
7.821113743224926111e+03
7.861048980243442202e+03
7.805057161691275724e+03
7.779978267479811620e+03
6.656723204760420231e+03
5.668746924649015455e+03
7.306373014105463881e+03
7.785860624776765690e+03
7.688426134088269464e+03
7.437429850855818586e+03
7.457386519711189976e+03
7.523575829724599316e+03
7.650458498753352615e+03
7.731305731872282195e+03
7.690722874285650505e+03
7.485148570057537654e+03
7.607924405454206862e+03
7.666044152053563266e+03
7.821212518526254826e+03
7.553796458565197099e+03
7.464188438059265536e+03
7.853786339391520414e+03
7.657741358409962231e+03
7.732300905481906739e+03
7.393435950615968068e+03
7.198572808556118616e+03
7.485659862582135247e+03
6.353178079955906469e+03
7.835043090085091535e+03
7.801272885425545610e+03
7.136687067446879155e+03
7.205280244849938754e+03
7.846966114610363547e+03
7.805851851672226076e+03
7.292683321559396973e+03
7.604085603857393835e+03
7.549263004742913836e+03
7.735790114565463227e+03
7.588129533516510492e+03
7.468787109328964107e+03
7.758400575894813301e+03
7.438823290338118568e+03
7.252429671761126883e+03
7.267781880735461527e+03
6.993215803627866990e+03
7.777082450514461925e+03
7.429798632022761922e+03
7.731660167628985619e+03
7.008248381044846610e+03
7.485373288779217546e+03
7.630617611097774898e+03
7.701541093856529187e+03
7.732043705290063372e+03
7.830979967384133488e+03
7.810460725719922266e+03
7.771564776200213601e+03
7.785818897460629159e+03
7.509095436798805167e+03
6.720217936100902989e+03
7.239339988748091855e+03
7.427032800720982777e+03
7.636576818533259939e+03
7.074997345596664672e+03
7.840469423990414725e+03
7.455657947506478195e+03
7.294198677812530150e+03
7.534225280916725751e+03
7.609889924932649592e+03
7.727783831041328085e+03
7.845736862316834959e+03
7.662478446858745883e+03
7.500484001375061780e+03
7.687300275425806831e+03
7.789233789180982058e+03
7.077461464848624018e+03
7.756133294243767523e+03
7.731260931647122561e+03
7.692215992565667875e+03
7.225978991476358715e+03
7.658913213864792851e+03
7.792716612943559085e+03
7.720906614425326552e+03
7.476428850606876949e+03
7.708895179604955047e+03
7.611858791835211377e+03
7.628922896264082738e+03
7.811538958703496974e+03
7.621778178740909425e+03
7.517431413869203425e+03
7.638323984027516417e+03
6.568813436138577345e+03
7.737409071330814186e+03
7.619938918793932316e+03
7.803841514143198765e+03
7.596388345214407309e+03
7.121922397909266692e+03
6.965107573692255755e+03
7.822245274701379458e+03
7.118903403522484041e+03
7.488937457136669764e+03
7.579922445747091842e+03
7.745271870125285204e+03
7.169136736269967514e+03
7.750436849472795075e+03
7.593947221832213472e+03
7.512295936452827846e+03
7.714421304795028846e+03
6.929117648635165096e+03
7.805291028361682038e+03
7.479983831614859810e+03
7.762192869901851736e+03
6.773869835308705660e+03
7.263629414059640112e+03
7.614161218489865860e+03
7.765873093999845878e+03
7.798787168592758462e+03
7.794799263140574112e+03
7.587078620340915222e+03
7.856744567050971455e+03
7.751420433423139002e+03
7.860926495656673069e+03
7.821981189667876606e+03
7.751228579499251282e+03
7.821556917861585134e+03
7.212010528149903621e+03
7.806961677971050449e+03
7.849009940789602297e+03
7.396847219343524557e+03
7.853098021771228559e+03
7.581340992464403826e+03
7.806329682621368192e+03
7.452831856428036190e+03
7.509323831820205669e+03
7.760078299657123353e+03
7.781445986309759974e+03
7.367348995058397122e+03
7.856080498753117354e+03
7.812477165940024861e+03
7.559199932696037649e+03
7.606981858334070239e+03
7.693709279016435175e+03
7.705989607940402493e+03
7.688501086513562768e+03
7.760159205443291285e+03
7.451190782221641712e+03
7.510279657216755368e+03
7.746781036658807352e+03
6.330181746898540950e+03
7.182171559149433051e+03
7.477591014408042611e+03
7.844915845491926120e+03
7.510906122975307881e+03
7.710350519755622372e+03
7.622632846698439607e+03
7.709992969589427958e+03
7.716437795319824545e+03
6.940464998004300469e+03
7.752532644680769408e+03
7.775388573048925537e+03
7.818860349195676463e+03
7.852290107527540385e+03
7.684269884256125806e+03
7.511419584463737010e+03
7.841300673716599704e+03
7.607962871969507432e+03
7.590710937077093149e+03
7.757855171320068621e+03
7.465071844277545097e+03
7.658865009471516714e+03
7.649490400701065482e+03
7.834661922516941559e+03
7.718696092346400292e+03
7.792253377846380317e+03
7.537369150760821867e+03
7.757723991077306891e+03
7.767673013374482252e+03
7.722003226149789953e+03
7.826738813810857209e+03
7.770850391782943916e+03
7.290271464592671691e+03
7.333068812013954812e+03
7.713308045676360052e+03
7.657806264608434503e+03
7.822944422172509803e+03
7.537878864883448841e+03
7.819037641194985554e+03
7.369168345269665224e+03
7.524654526979482398e+03
7.753287820518787157e+03
7.650665767878351289e+03
7.551293597138006589e+03
7.744433448135401704e+03
7.452917949382504958e+03
7.762185934610390177e+03
7.819590577459119231e+03
7.136808285899021939e+03
6.353178079955906469e+03
7.778677813696636804e+03
7.469667021516725072e+03
7.533162153348912398e+03
7.745453533249788961e+03
7.560185970292043748e+03
7.611985849897318985e+03
7.831466326359588493e+03
7.371291872001739648e+03
6.893433067145238965e+03
7.434666901037560820e+03
7.666656727127139675e+03
7.789771990629335050e+03
7.344276060982294439e+03
7.550878850148978017e+03
7.800021401225309091e+03
7.677971684905806796e+03
7.748965084712302996e+03
7.802854697774575470e+03
7.304655962080034442e+03
7.574329563849057195e+03
7.622703779850386127e+03
7.163274242001523817e+03
7.753857039398326378e+03
6.887882897169215539e+03
7.451114037035158617e+03
7.755160162419388143e+03
7.695251992157089262e+03
7.804622734828769353e+03
7.770890112001643502e+03
7.331746983928625923e+03
7.651198026307565669e+03
7.796712707902623151e+03
7.454904595927609080e+03
7.609861369266329348e+03
7.384851746390843800e+03
7.780077315603753959e+03
7.607285042537965637e+03
7.452917949382504958e+03
7.779947311463991355e+03
7.518201031712245822e+03
7.815833401706102450e+03
7.606566159551752207e+03
7.783243739756899231e+03
7.708610708724310825e+03
7.778696251883310651e+03
7.542198826021705827e+03
7.517506846291070360e+03
7.856005016222287850e+03
7.566432112115458040e+03
7.849682197502846066e+03
7.593617775261200222e+03
7.404565723761481422e+03
7.406875125275540995e+03
7.829799934024739741e+03
7.854811953457905474e+03
7.489838287127109652e+03
7.472626043564730935e+03
7.631579098896006144e+03
7.158479433392372812e+03
7.342615238762871741e+03
7.471572248782584211e+03
7.678753088481690611e+03
7.644066020282910358e+03
7.791032921558420639e+03
7.556410905605918742e+03
7.539995608160954362e+03
7.627759541505060952e+03
7.701219104577683538e+03
7.682640124526507861e+03
7.634398977931527043e+03
7.852675957085220944e+03
7.652331455372304845e+03
7.650887502117820077e+03
7.826241565412459749e+03
7.452457458310436778e+03
7.807734249580831602e+03
7.429964157394446374e+03
7.853607051607046742e+03
7.790397991949639618e+03
7.760297842388419667e+03
7.720067278096722475e+03
7.582115132719051871e+03
7.810699790856609980e+03
7.664734459052171587e+03
7.590566301345538704e+03
7.856440952903518337e+03
7.818428924969128275e+03
7.631636509978282447e+03
7.830294676388302832e+03
7.646723774618352763e+03
7.473675999398686145e+03
7.668234221760862965e+03
7.656869132700967384e+03
7.174671228834788053e+03
7.857372747077980421e+03
7.128699959386967748e+03
7.272745527678122016e+03
7.341354241304477910e+03
7.836342628917907859e+03
7.799859964982022575e+03
7.657859209022538380e+03
7.419574513558715807e+03
7.301528754510750332e+03
7.670729643870701693e+03
7.706783564351262612e+03
7.852974432984750820e+03
7.815642505192865428e+03
7.396847219343524557e+03
7.845450776675941597e+03
7.846667791391781975e+03
7.528729744916765412e+03
7.556500953954943725e+03
7.472177202641609256e+03
7.372891577773538302e+03
7.850122202917006689e+03
7.770749732855553702e+03
7.801858616781259116e+03
7.349753701026913404e+03
7.574471701733840746e+03
7.550284750301545500e+03
7.797252077415262647e+03
7.757101122112991106e+03
7.057264786156652917e+03
7.849902438853558124e+03
7.687626020265007355e+03
7.629933395739082698e+03
7.775719502031233787e+03
7.522773299339306504e+03
7.545334709506193576e+03
7.755095418014862844e+03
7.749904559934617282e+03
7.576275446995317907e+03
7.124214766196311757e+03
6.155130855996632818e+03
7.311056401158586596e+03
7.811913566610086491e+03
6.918196780725552344e+03
7.295645324502714175e+03
7.845955134102363445e+03
7.859009512059588815e+03
7.663390641865553334e+03
7.624097553633714597e+03
7.622443220564705371e+03
7.775076102700547381e+03
7.815278526618591968e+03
7.846553582587043820e+03
7.811773005858374745e+03
7.738130004786868085e+03
7.544299047611596507e+03
7.134037808006267369e+03
7.815883253307956693e+03
7.465367492569966998e+03
7.820096578410414622e+03
7.436971785307942810e+03
7.767529132882112208e+03
6.990285355685687136e+03
7.842922371136861329e+03
7.713162995719889295e+03
7.796426088624427393e+03
7.720687393732446253e+03
7.142433274957278627e+03
7.799662723830419054e+03
7.659592604063029285e+03
7.632708420057200783e+03
7.614578631320789100e+03
7.508038149210678966e+03
7.196406021933235934e+03
7.800396035767395006e+03
7.384851746390843800e+03
7.818099453191233806e+03
7.859600573603018347e+03
7.532082269522859860e+03
7.144418309640049301e+03
7.160733945162343844e+03
7.823209802414725345e+03
7.075776430525349497e+03
7.253432934482375458e+03
7.465883209808942411e+03
7.554419555511767612e+03
7.462034197549792225e+03
7.666543727531226068e+03
7.088927699272331665e+03
7.643936068635631273e+03
7.740963017333620883e+03
7.603533639845951257e+03
7.626350342534957235e+03
7.070514998212448518e+03
6.652535708508132302e+03
7.296286966878088606e+03
7.721239264510721114e+03
6.798204563157307348e+03
7.029087665621432279e+03
7.845965748431472093e+03
7.650905126681999718e+03
7.563650393560385965e+03
7.787865444636635402e+03
7.847290202945956480e+03
7.767673013374482252e+03
7.663390641865553334e+03
7.683419194819266522e+03
7.805755676484004653e+03
7.690770557224162985e+03
6.912717558608005675e+03
7.633445336741606297e+03
7.652276864327583098e+03
7.741633190510847271e+03
7.714867333928261360e+03
7.833640833309171285e+03
7.752183521178549199e+03
7.601645124317004957e+03
7.797070243738988211e+03
7.489652263263760688e+03
7.734505566964380705e+03
7.687047864322432360e+03
7.572085373737720147e+03
7.836653451258269342e+03
7.645672787484366381e+03
7.785818897460629159e+03
7.272005834320998474e+03
7.842113030672337118e+03
7.547640488861841732e+03
7.767673013374482252e+03
7.854948589970013927e+03
7.289342185901733501e+03
7.305691511593628093e+03
7.705178679121537243e+03
7.736202815148247282e+03
7.150330553052244795e+03
6.981750011126738173e+03
7.503002734890505963e+03
6.989200609307361447e+03
7.724021045826874797e+03
7.641263971055146612e+03
7.500446091808748861e+03
7.800797044876580003e+03
7.413711480022215255e+03
7.480600826876416249e+03
7.780758908519010220e+03
7.575985446183688509e+03
7.767842334632553502e+03
7.613873616763316022e+03
7.832063983058105805e+03
7.833815723256055207e+03
7.639423597836388581e+03
7.797003697411906614e+03
7.652204463695511549e+03
7.161701493282112096e+03
7.740965131475449198e+03
7.746935490505454254e+03
7.705627859317264665e+03
7.839010410818937999e+03
7.633211075151437399e+03
7.626114232833862843e+03
7.401227368782058875e+03
7.298763064617163764e+03
7.421748248227889235e+03
7.295540581209181255e+03
7.849339974876267661e+03
7.414942457943977388e+03
7.774723534811841091e+03
7.462153940876318302e+03
7.695778980782996769e+03
7.746659849089677664e+03
7.617362758702347492e+03
7.697933595587619493e+03
7.621247340135339073e+03
7.616640665143412662e+03
7.758855438060329107e+03
7.827286904539512761e+03
7.760351723027064509e+03
7.701851696342574542e+03
7.460854176301465486e+03
7.467873255339459320e+03
7.751066365421651426e+03
7.666932559601124922e+03
7.838603580992556090e+03
7.854495294733851551e+03
7.603426944287480183e+03
7.668185105628628662e+03
7.688736792104584310e+03
7.827120206404727469e+03
7.559679552220051846e+03
7.720698865368851330e+03
7.706768452623782650e+03
7.422556888991490268e+03
7.575586724100619904e+03
7.771954916966074961e+03
7.188146656713014636e+03
7.554795095679615770e+03
7.685067801914838128e+03
7.738210635563065807e+03
7.327539241133061296e+03
7.793092762336053056e+03
7.852242253391100348e+03
7.477623222801690645e+03
7.856599154655111306e+03
7.117085466811171500e+03
7.799030673184708576e+03
7.501151862358734434e+03
7.502608420610579742e+03
6.937674714010530806e+03
6.568813436138577345e+03
7.685223543912904461e+03
7.750053884144075710e+03
7.536172462156900110e+03
7.746866446636056935e+03
7.689514765735701076e+03
7.604413122469402879e+03
7.738996423990553012e+03
7.825782025992414674e+03
7.608078839637721103e+03
7.829823643583021294e+03
7.845735969573979673e+03
7.374371598394161992e+03
7.608890126475127545e+03
7.659090196956612090e+03
7.813730159139682655e+03
7.790618780919993696e+03
7.778145470468632084e+03
7.838377304282666955e+03
7.827715907411975422e+03
7.694120492742557872e+03
7.837990894080572616e+03
7.423415056340591036e+03
7.476876522735894468e+03
7.807086345414268180e+03
7.853406325418909546e+03
7.833170753064619021e+03
7.846811096582361643e+03
7.539364292420794300e+03
7.659633102737760055e+03
7.393823857793388925e+03
7.788768948409879158e+03
7.523123874681654343e+03
7.674965253327871324e+03
7.517485631319723325e+03
7.324803313592054110e+03
7.803245591727101782e+03
7.730470404445635722e+03
7.221222630350943291e+03
7.690439920607321255e+03
7.288258039000842473e+03
7.685835801382697355e+03
7.668658228436155696e+03
7.185211735989174485e+03
7.657012533151327261e+03
7.490349137926706135e+03
7.349405516358425302e+03
6.976610103292421627e+03
7.446145029550034451e+03
7.413711480022215255e+03
6.822784703387545960e+03
7.239100934045609392e+03
7.851529923872957625e+03
7.299152627568141725e+03
7.776361324662764673e+03
7.683678911740080366e+03
7.757797877405386316e+03
7.792222019097658631e+03
7.641427860885536575e+03
7.356772676042402054e+03
7.188634753108683981e+03
7.554975833201908245e+03
7.740583440781232639e+03
7.825708239691136441e+03
7.561325998436863301e+03
7.352375153848439368e+03
7.544585968422278711e+03
7.527417811171024368e+03
7.822075976265276040e+03
7.662897329984125463e+03
7.602173367200924986e+03
7.581306048484791972e+03
7.477426913836976382e+03
7.771593068128895538e+03
6.348518362788767263e+03
7.665727082076190527e+03
7.660143725528992945e+03
7.488089032017182035e+03
7.408776172976524322e+03
7.638426364937381550e+03
7.753162252381789585e+03
7.491073877730305867e+03
7.318251483001469751e+03
7.828680973931033805e+03
7.343764048497815565e+03
7.373313677946312964e+03
7.807171525129675501e+03
7.781826643747949674e+03
7.169719241134211188e+03
7.676517939406835467e+03
6.964219864038879678e+03
7.591494345900705412e+03
7.749099650726676373e+03
7.286607012666489027e+03
7.732043705290063372e+03
7.805481552789968191e+03
7.422793772323765552e+03
7.697415417192218229e+03
7.690315470915724291e+03
6.709891019888202209e+03
7.782042694005567682e+03
7.662184868003520933e+03
6.861528848079387899e+03
7.749247896421045880e+03
7.371724576840677400e+03
7.643647744310565031e+03
7.785839135368230927e+03
7.056025664122535090e+03
7.431858060075490357e+03
7.796198927382763031e+03
7.697584160140439053e+03
7.443580630984853997e+03
7.696305920172206243e+03
7.615426077159646411e+03
7.318131905168095727e+03
7.488859933432836442e+03
7.275535656222516991e+03
7.616323273432975839e+03
7.828848980345672317e+03
7.136975729037529163e+03
7.760359464762350399e+03
7.330258464600901789e+03
7.591703914183995948e+03
7.622398990672156287e+03
7.376967522226055735e+03
7.704944390236929394e+03
7.189182440165262960e+03
7.568766446126448500e+03
7.607243895825858999e+03
7.657387504307018389e+03
7.576843918806297552e+03
7.850193819994503428e+03
7.742719282737085450e+03
7.844593097138552366e+03
7.742227809383884960e+03
7.422793772323765552e+03
7.353839781558078357e+03
7.841522535290108863e+03
7.280430204155727552e+03
7.791718119680826931e+03
7.833817314213401914e+03
7.644658435450306570e+03
7.842079290106707049e+03
7.605243508246274359e+03
7.237206925677990512e+03
7.854449304364432464e+03
7.669089389259017480e+03
7.753002634445072545e+03
7.432576219558965022e+03
7.825342689906610758e+03
7.764506991025076786e+03
7.699562503856097464e+03
7.254072216821547045e+03
7.827252891947521675e+03
7.492620595684288674e+03
7.804799623301651081e+03
7.499922463871345826e+03
7.750746935220317027e+03
7.332354889307514895e+03
7.547116131516942005e+03
7.187969534687630585e+03
7.520649901754624807e+03
7.463292869834030171e+03
6.963250173484108018e+03
7.705313567801496902e+03
6.758550706491458186e+03
7.361388889570032006e+03
7.482751846626053521e+03
7.777752191322178987e+03
7.658841860188464125e+03
7.572882838956275009e+03
7.244056803537823725e+03
7.858529626536364049e+03
7.836368101168908652e+03
7.825720139900544382e+03
7.258298522004006372e+03
7.731470508491211149e+03
7.679359062244141569e+03
6.857059491563913980e+03
7.566424576910001633e+03
7.560462605078442721e+03
7.794574552205478540e+03
6.705132758745092360e+03
7.094554361491580494e+03
7.591483951916879960e+03
7.839630177748422284e+03
7.459697786452033142e+03
7.861148367961035547e+03
7.682556713296386079e+03
7.068601582136107936e+03
7.563298548156617471e+03
7.223200258998461322e+03
7.787831057439698270e+03
7.596124306112900740e+03
6.595997652495112561e+03
7.376768632881610756e+03
7.730008341441433913e+03
7.176975128567988577e+03
7.835755784752065665e+03
7.669482461181248254e+03
7.778550409041429702e+03
7.667323212561494074e+03
7.817216758544946970e+03
7.850693097022714028e+03
7.750968979272749493e+03
7.677542342498773905e+03
7.363283240749573451e+03
7.794610700571843154e+03
7.530317890873022407e+03
7.542333231937320306e+03
7.658939767647064400e+03
7.608717569929090132e+03
7.162721468620144151e+03
7.543592220178532443e+03
7.750134575486194080e+03
7.846966114610363547e+03
7.851956026498275605e+03
7.693630927378477281e+03
7.798257082530202752e+03
7.534262325091084676e+03
7.722251064736892658e+03
7.744808889370960969e+03
7.624815974307671240e+03
7.278736700366041987e+03
7.574981343848172401e+03
7.665096891005937323e+03
7.298311835443136260e+03
7.324344546585245553e+03
7.318251483001469751e+03
7.443490000169953419e+03
7.382622022430072320e+03
7.408829707755401614e+03
7.592116619495196574e+03
6.827224655072131100e+03
7.791428222712102070e+03
7.380443108697010757e+03
7.837376960993182365e+03
7.735942301725473044e+03
7.737477408700773594e+03
7.010616135087610019e+03
7.376685438293182415e+03
7.552208745250266475e+03
7.658143237189710817e+03
7.556515291860654543e+03
7.314452032795603373e+03
7.477959024330971260e+03
7.706306170106303398e+03
7.837848214067540539e+03
7.656338474774122915e+03
7.484117040692198316e+03
7.271782962146887257e+03
7.588132541435128587e+03
7.683801504324246707e+03
7.662184868003520933e+03
7.840449547129586790e+03
7.845791652284118754e+03
7.849712369974175090e+03
7.341710502550204183e+03
7.769857344622459095e+03
7.763144101396361293e+03
7.671344333786955758e+03
7.793092762336053056e+03
7.779245457147511843e+03
7.490860875112194663e+03
7.012739696487919900e+03
7.697931869408163038e+03
7.710783681110064208e+03
7.704920873776516601e+03
7.687783424590524191e+03
6.947388961340167043e+03
7.213564207417327452e+03
7.663900184611741679e+03
7.790539652729839872e+03
7.574382832675521968e+03
7.731764739595913852e+03
7.584661489172141955e+03
7.455657947506478195e+03
7.330193634321400168e+03
7.097751829715567510e+03
7.825782025992414674e+03
7.854471939778084561e+03
7.788456553065521803e+03
7.831098258913146310e+03
7.733096620798532058e+03
7.572156709621782284e+03
7.732463905643407998e+03
7.707905696927724421e+03
7.597117842204843328e+03
7.661670717099594185e+03
7.727985771172052409e+03
7.723174525120472026e+03
7.743552627669267167e+03
7.191780933669073420e+03
7.809144846856912409e+03
7.527462403446324970e+03
7.755215887528513122e+03
7.690025152957405226e+03
7.772362435506855036e+03
7.663900184611741679e+03
7.844231305471095766e+03
7.293263874982158086e+03
7.649568229326141591e+03
7.688949969104452975e+03
7.711940731634068470e+03
7.544493871118515926e+03
6.344414994004274376e+03
7.797507871414611145e+03
7.733018179759562372e+03
7.776012541347503429e+03
7.781015608751384207e+03
7.843532002089244088e+03
7.743177002838299813e+03
7.592209430012688244e+03
7.647784283205471183e+03
7.625975772376080386e+03
7.635917573679304041e+03
7.771796299120149342e+03
7.714723102454573564e+03
7.582896666176608960e+03
7.625480819698321284e+03
7.686496240866902554e+03
7.856688228909135432e+03
7.291644967534144598e+03
7.536214486673519787e+03
7.453104040436372088e+03
7.717498037337792994e+03
7.671472260390573865e+03
6.635185126767219117e+03
6.938630729164749027e+03
7.584859487527248348e+03
7.594857165046720183e+03
7.780307125927252855e+03
7.705896753720857305e+03
7.852493474809937652e+03
7.549542521971814494e+03
7.834573361864237086e+03
7.849127250003669360e+03
7.349738209849358100e+03
7.103562451622652588e+03
7.080548900899775617e+03
7.720686004253597275e+03
7.262899379070681789e+03
7.539111432170064290e+03
7.578423005386222940e+03
7.544503871924025589e+03
7.626066188702341606e+03
7.778688486062683296e+03
7.194638583040131380e+03
7.625975772376080386e+03
7.776620140344377432e+03
7.259261743793747883e+03
7.171754867341866884e+03
7.705963351218055323e+03
7.471282737234201704e+03
7.393098388381942641e+03
7.040681221415477921e+03
7.307514520947466735e+03
7.358605581217090730e+03
7.810761557943782464e+03
7.368647032517286789e+03
7.296714529922846850e+03
7.571729885215526338e+03
7.773272288523601674e+03
7.106653905832056807e+03
6.674277388136891204e+03
7.859938602589521906e+03
7.564618044600016219e+03
7.802173105955607753e+03
7.828707197744497535e+03
7.530565614837339126e+03
7.445294960414948036e+03
7.667113647571144611e+03
7.707188981319661252e+03
6.920660078705090200e+03
7.724298924170772807e+03
7.607179471025430757e+03
7.171299295589014946e+03
7.385804571061267779e+03
7.042073841700232151e+03
7.624534930933641590e+03
7.547534428618109814e+03
7.113212921954077501e+03
7.453677840402549919e+03
7.150903403187081494e+03
7.674244049829083451e+03
7.471328268808496432e+03
7.676517939406835467e+03
7.733357134713323831e+03
7.529955402251680425e+03
7.827127412323907265e+03
6.924660026319637836e+03
6.039218309103938736e+03
7.753860220659511469e+03
7.217466592046457663e+03
7.845851386725663360e+03
7.838651189345036983e+03
7.842311191934498311e+03
7.787744504630282790e+03
7.690379191205552161e+03
7.451190782221641712e+03
7.587005796269497296e+03
7.409215728278762981e+03
7.603538915312450627e+03
7.207872586432500611e+03
7.725868876725703558e+03
7.383920961543639351e+03
7.814210659593525634e+03
7.550969983870018950e+03
6.932363826882738067e+03
7.654625901783109839e+03
6.996771033509949120e+03
7.774584914885588660e+03
7.243427838675755993e+03
7.652883641195643577e+03
7.241311111739059015e+03
7.409629891218750345e+03
7.375782224763726845e+03
7.400525296479926510e+03
7.514228152911980033e+03
7.535943222319870983e+03
7.503988772853018418e+03
7.536674539560956873e+03
7.819009464079416830e+03
7.695092234976598775e+03
7.758243797178884051e+03
7.733641236306838437e+03
7.836108052058285466e+03
7.807669751758846360e+03
7.611453394253618171e+03
7.651280633159373792e+03
7.662010110030143551e+03
7.608984667530036859e+03
7.298311835443136260e+03
6.976140364388217677e+03
7.322502228660619039e+03
7.639500297630511341e+03
7.401871588461472129e+03
7.694883611812654635e+03
7.461694473866302360e+03
7.807548073741730150e+03
7.817674133649923533e+03
7.788456553065521803e+03
7.168220893998806787e+03
7.660165643450340212e+03
7.437495479387654996e+03
7.357488307174802685e+03
6.962842777208651569e+03
7.229852317603455958e+03
7.638093364481885146e+03
7.564618044600016219e+03
7.741872700845106920e+03
7.697257972466915817e+03
7.544585968422278711e+03
7.592289751490926392e+03
7.847449096964983255e+03
6.180844281819545358e+03
7.850267192574397086e+03
7.750992530826789334e+03
7.840049877144719176e+03
7.521732029961145599e+03
7.318032372207338994e+03
6.702651159573372752e+03
7.447855982172906806e+03
7.778113628806403540e+03
7.731609654277543086e+03
7.582848665250537124e+03
7.589768650064105714e+03
7.792076228769446971e+03
7.811445630714584695e+03
7.591163800191159680e+03
7.565786948050492356e+03
7.766757153473543440e+03
7.434197242628564709e+03
7.734873615797498132e+03
7.844179624067491204e+03
7.453158918494204954e+03
6.979083651226788788e+03
7.442097739006030679e+03
7.632966242256917212e+03
7.570798527828159422e+03
7.573861978978555271e+03
7.554694010200183584e+03
7.485970702367460945e+03
7.376123994276762460e+03
7.808068680575222970e+03
7.647930945362072634e+03
7.430315040773585679e+03
7.595284771758222632e+03
7.531336301698431271e+03
7.422501938555053130e+03
7.256849310465962844e+03
7.663390641865553334e+03
7.722382099126891262e+03
7.378964862182501747e+03
