2.642016555140700802e+04
2.978490313155566400e+04
2.977645458224752292e+04
2.669670085977741837e+04
2.577859641656630629e+04
3.172362526118220558e+04
2.734481964645402331e+04
2.637708269843674498e+04
2.828501310386877594e+04
2.914956957253938162e+04
2.973863442620222850e+04
3.000996924285225396e+04
2.881434257270434318e+04
2.479539506290165446e+04
2.833673883083995315e+04
2.520120634644590609e+04
2.739339765588390947e+04
3.014482188757377662e+04
2.852147492354041606e+04
2.706761142595884303e+04
2.958237603520447010e+04
2.590220902853289226e+04
2.720288888267466609e+04
2.799517296095287020e+04
2.905044798372213700e+04
3.118711337076876589e+04
2.611624789489134855e+04
2.899615911522383976e+04
3.114110474543101009e+04
2.803271984545418309e+04
2.700822298599598071e+04
2.926610889777666307e+04
2.514167569378683402e+04
2.917356547129568935e+04
2.889314407552560442e+04
3.060898333680877840e+04
2.548844681121243048e+04
2.928742368928351425e+04
2.944361369964297774e+04
2.856537394875265818e+04
2.821488077792886179e+04
3.102135777848924045e+04
2.524942167166460422e+04
2.724077687319665347e+04
2.413165285504601343e+04
2.896833274107103352e+04
2.493862405920355013e+04
2.542812886300149694e+04
2.903164453149139808e+04
3.078527134574942829e+04
2.980004529750142683e+04
2.591382258283784176e+04
2.553016566659849923e+04
3.106669578225656369e+04
2.605919134101034069e+04
2.724607889778781100e+04
2.569690562333630078e+04
3.109696628788434464e+04
2.558717630861256839e+04
2.131557936892746511e+04
2.821644021208416234e+04
2.633264720356115868e+04
2.449022965005592414e+04
2.889381498649729838e+04
3.004499183567951695e+04
2.748904572840710898e+04
2.686537834770805785e+04
2.358182152641889115e+04
2.850738466266559408e+04
2.568552157688509760e+04
2.894185813732277165e+04
2.703218783356760105e+04
2.362335005773188823e+04
2.575429467684405608e+04
3.020639064931965913e+04
2.462495262589125559e+04
3.047694402688661285e+04
2.456368537695610212e+04
2.505535567352145881e+04
2.587549238012760179e+04
2.840655191712280794e+04
2.296904498179403163e+04
2.592636890231431244e+04
2.669090696818362267e+04
2.724731482386548669e+04
2.367672061401894098e+04
2.595583344894447873e+04
2.701066495732990006e+04
2.582329304654832231e+04
2.936926491504341902e+04
2.358692748035547993e+04
2.958237603520447010e+04
3.176327228836472932e+04
2.568894217861077777e+04
2.695058025176830415e+04
2.590229299576815174e+04
2.734549027497649513e+04
2.984449961428015376e+04
2.890791383039219727e+04
2.452287889430416908e+04
2.739780468536831177e+04
2.710513537033622197e+04
2.869348718306001683e+04
2.766271261536595557e+04
2.950244114384627755e+04
3.154576479986145569e+04
2.783125347696771496e+04
2.766556925992905599e+04
2.639774569629499092e+04
3.095776443465959164e+04
2.986498079502916517e+04
2.623569711466741865e+04
2.585858127805644472e+04
2.526522154897732253e+04
2.998056584581812785e+04
2.931151718114109099e+04
2.956176506230048835e+04
1.836185267984616803e+04
2.404714141863663099e+04
2.769094273571020312e+04
3.104300514842644407e+04
3.006880025076965467e+04
2.795515393189355382e+04
2.633018567943586822e+04
2.526086393898720416e+04
2.869527647553000133e+04
2.845261639755235228e+04
2.760662369378461881e+04
2.851290597276320477e+04
2.866527878604790021e+04
2.740538490730894773e+04
2.522541978379307329e+04
2.600655118715388380e+04
3.151261014755430369e+04
2.006910855520201221e+04
2.838390233805964817e+04
3.020426701903808498e+04
3.063541785660316964e+04
2.497071536339422892e+04
2.692871942128153023e+04
2.771758643745422887e+04
3.096639169064882299e+04
3.035468852506794065e+04
2.802257475881258142e+04
2.958490029471673188e+04
2.947123567576894129e+04
2.748234228812868605e+04
3.122197912654722677e+04
2.786712675673657213e+04
2.834004877899058192e+04
2.736555345160024444e+04
3.104287418137955683e+04
2.989767953250546270e+04
2.577127196118778011e+04
2.436662184204135701e+04
2.553781752794323984e+04
2.971789873642254315e+04
2.671229446075452142e+04
2.591219788155784045e+04
2.645721646294487437e+04
2.483466927655121617e+04
2.767581712449837869e+04
2.985663994715469380e+04
2.652886806187040202e+04
2.699788112664367145e+04
2.769447331200751796e+04
2.825739279580239963e+04
2.676767614083411536e+04
2.465324036175999572e+04
2.994046460214759281e+04
2.548786357263084574e+04
3.153485891891789652e+04
2.837340812241135427e+04
3.101119566340408710e+04
2.673318188259045928e+04
2.843908771205852099e+04
2.501326661548901757e+04
2.825880754282249109e+04
2.320480732624282246e+04
2.891261414119568872e+04
2.437572370053861960e+04
2.875124191925259220e+04
2.851188964956380005e+04
3.017587772749771102e+04
2.584311146700593963e+04
2.960936013897747762e+04
3.080428196988124910e+04
2.751983014069454293e+04
2.637830634862377337e+04
2.656313982259723343e+04
2.677109142120271281e+04
3.155096248926474073e+04
2.680050713237065065e+04
2.691495447619368497e+04
3.148947283353765670e+04
2.944367922672166605e+04
2.806698873863975678e+04
3.064626566125451791e+04
2.608237264838105693e+04
2.945807236956508132e+04
2.777615618749463829e+04
3.079910977856470345e+04
2.518001292491897038e+04
2.931247561212980509e+04
2.571916569338006593e+04
2.853619512600902817e+04
2.812169405558428116e+04
3.070285054694075006e+04
2.266939434910993077e+04
2.772310640954257906e+04
2.822783940649244687e+04
2.590330432239396760e+04
3.151268547199691966e+04
2.468558937196367333e+04
2.920821871947106411e+04
2.684867392449598992e+04
3.008329418980421178e+04
2.922950084851050269e+04
2.661349438089890464e+04
3.125698016628292316e+04
2.921379660860000149e+04
2.413055072268251752e+04
3.010794077266054228e+04
3.006692754274754043e+04
2.938443530834404737e+04
2.776338051560566964e+04
3.016829338499189907e+04
2.530200764793134658e+04
3.159313513247657102e+04
2.517916352021008788e+04
2.950564840608288068e+04
3.028368912839020777e+04
2.700297425614046006e+04
2.724731482386548669e+04
3.030811704095451569e+04
3.065684428092110466e+04
2.811567857638268470e+04
2.746976427374883133e+04
3.157101500991470311e+04
2.758607127717721596e+04
2.856755410488620328e+04
3.136808216346876725e+04
2.874822810661610129e+04
2.910080927817092015e+04
2.532814636481023626e+04
2.483169983631245850e+04
2.590590256119615879e+04
2.588888334820506134e+04
2.507546446737999213e+04
2.337984548793665454e+04
2.707362010571849169e+04
2.984261826048835792e+04
2.550236813294521926e+04
2.407280672628205139e+04
3.095394721274322728e+04
2.946619960514370177e+04
2.803401745531140477e+04
2.563732941016575569e+04
2.803655600691345899e+04
2.525723360591998789e+04
2.576181420177569089e+04
2.644611241734176656e+04
2.857538668491226417e+04
2.766446715781720195e+04
2.607857281970228723e+04
3.164494092229853050e+04
2.903290135432353782e+04
2.774396567763821804e+04
2.597553347432998635e+04
2.526634612041107175e+04
2.565605064978910741e+04
2.601549735129594774e+04
2.534784529237652168e+04
2.968835883371928503e+04
2.449016766292925604e+04
2.953136057476928909e+04
2.814616115755635838e+04
2.982531584346752788e+04
2.690142987674053802e+04
2.459205611404470983e+04
3.062796920768871496e+04
2.766914992404954319e+04
2.814888449445897641e+04
2.474950840795675322e+04
2.753919636610599264e+04
2.586628198531694579e+04
2.266939434910993077e+04
2.787035627413160910e+04
2.720159456267203132e+04
2.428588727245914924e+04
2.561085568149789106e+04
2.895056971914705719e+04
2.959851635467887536e+04
3.112006926922156708e+04
2.712286173557880829e+04
2.707167579769737858e+04
2.866648090453776967e+04
2.547475056106883494e+04
2.472641301959876728e+04
3.068286887317639412e+04
2.458558947215286389e+04
3.028688115000875405e+04
3.060132254895794540e+04
3.035015324105087348e+04
2.476862292242374679e+04
2.409363492552277967e+04
2.460835682751745480e+04
2.864639917706577035e+04
2.741358615699572329e+04
3.148100433434208753e+04
2.949673095369511429e+04
2.772330058019312128e+04
3.173394622245260689e+04
3.047484017541097273e+04
2.650578552689531352e+04
2.800701560603806502e+04
2.867766303156115464e+04
2.882422445619422433e+04
2.848971018758272839e+04
2.619212272798381309e+04
2.708481890850489799e+04
2.840898637581070579e+04
2.696632786890539501e+04
2.968579611308723179e+04
2.667247268123981485e+04
2.929740604710642219e+04
2.852969169281677750e+04
2.500265142220541020e+04
2.843240933647684869e+04
2.418273581139199814e+04
2.494000150142671191e+04
2.460975724561894458e+04
2.347684199504434582e+04
2.931247561212980509e+04
2.985869427176651152e+04
3.093497853155903067e+04
2.835210463561088545e+04
2.810078030997938185e+04
3.065377545978095804e+04
2.548919708863406049e+04
3.055832589759660550e+04
3.056186135768127861e+04
2.684450950791082141e+04
3.156985065054586448e+04
2.790475340153890647e+04
3.117648948466206639e+04
3.139378842785267989e+04
2.764920683352858396e+04
3.124983964631677372e+04
2.671035293975562672e+04
2.561085568149789106e+04
2.758905911569457385e+04
2.562799797122970267e+04
2.835922255210849107e+04
2.508139652409407427e+04
2.800987804674063955e+04
2.968468892489647988e+04
2.678262606160875293e+04
2.715496901847827030e+04
3.125504600151164777e+04
2.848437828754882503e+04
2.720349277007772253e+04
2.583375696744612651e+04
2.643879645083200376e+04
2.850277540530544502e+04
2.834470793926159968e+04
2.721375576704197010e+04
2.509661806393360894e+04
2.761483721169248747e+04
2.879741701458342868e+04
2.946798187519775092e+04
2.178825296797460032e+04
2.916501843362668660e+04
2.547680642937377706e+04
2.638976794182593949e+04
2.456021856697482144e+04
2.649450557963605752e+04
2.615838236284692539e+04
3.152431108982849037e+04
2.423320711300290714e+04
2.651640224385622787e+04
2.563732941016575569e+04
2.899026274765570997e+04
2.477020664797319114e+04
2.864675230341279530e+04
3.066502723449503173e+04
2.680962095906575996e+04
2.434925704350223168e+04
2.550144937707753706e+04
2.493442898901824810e+04
2.802423980427047354e+04
3.064131080057988947e+04
2.691245564061282494e+04
2.657376167269882353e+04
2.927598270905691243e+04
3.176240165882582369e+04
2.988038854249377982e+04
2.740025731257289590e+04
2.892594544800173026e+04
2.505126988528622678e+04
2.784625869071902707e+04
2.785398320761912328e+04
2.915126548069037744e+04
2.899026274765570997e+04
3.106706930312280019e+04
2.478516337005222522e+04
2.711912442235946583e+04
2.915821613345501828e+04
3.141198803106904234e+04
2.487062453529494087e+04
2.786190222895365150e+04
2.704473906857083421e+04
2.550931712701675497e+04
2.725819822212353392e+04
2.749557270573268761e+04
2.907666643934422245e+04
2.798880798718325968e+04
2.713216122301475843e+04
2.742953202330743807e+04
3.144296974140602106e+04
2.968655418469031065e+04
2.630927243536404785e+04
2.620678061568405974e+04
2.781472251085101743e+04
2.480377198348474485e+04
2.763023919810049483e+04
3.103614533278323506e+04
2.940919675125508002e+04
2.369506333023785555e+04
3.147074779531340027e+04
2.796575826981282080e+04
2.725819822212353392e+04
2.470925678497654735e+04
2.602471741116733756e+04
2.934811316728582096e+04
2.545027931855295537e+04
2.476245140175993583e+04
3.156822598061473400e+04
2.361059173463054321e+04
2.068818371849610048e+04
2.824871431422155001e+04
3.033028457908647397e+04
3.046816746745285127e+04
2.572156493338165819e+04
2.802257475881258142e+04
2.587750535554002272e+04
2.758562695066669403e+04
2.680753721115585358e+04
2.778634956430373859e+04
2.781968042776946095e+04
3.154101531645154682e+04
2.836597280195914209e+04
2.379085247889570746e+04
2.461342504972982715e+04
2.602237594628352963e+04
3.046907474539528630e+04
2.656944110111364353e+04
2.950322364590470170e+04
2.964359735677001299e+04
2.867549571761176776e+04
2.585858127805644472e+04
3.076113415893101774e+04
2.946759551206028118e+04
2.512462001509506445e+04
2.780071780409196435e+04
3.101962961256400013e+04
3.139818229776112275e+04
3.016829338499189907e+04
2.961937443800625260e+04
2.553928496366273976e+04
2.840655191712280794e+04
2.585696413317111001e+04
2.537951907407628460e+04
2.563563815338830682e+04
2.851610894638141326e+04
2.730163604421338096e+04
3.072844408884422228e+04
2.137516783481427410e+04
2.363082501380198300e+04
2.935758291568682398e+04
2.672352809886973409e+04
2.795747989124909873e+04
3.018315301493524385e+04
2.936571711369950935e+04
2.455590082405903377e+04
2.440480774326380561e+04
2.870025170908027940e+04
2.782698155251638673e+04
3.026659863032653811e+04
2.750962873948082051e+04
3.081034702758773346e+04
2.939099546421971536e+04
2.599374006995339005e+04
2.601549735129594774e+04
3.048910387440523482e+04
3.028657916664232835e+04
2.934648651793702084e+04
2.512912743342286922e+04
2.849939922174828098e+04
2.421728218402686616e+04
2.855736895824063686e+04
2.646141342444394832e+04
2.923446438076583581e+04
2.623356303285477770e+04
2.838751014086334180e+04
2.565041040040124790e+04
2.589079286158482864e+04
2.576560135416600315e+04
2.341089903113893524e+04
2.711861058593988491e+04
2.742519593914092547e+04
2.703218783356760105e+04
2.639500884122242132e+04
2.858299956882308834e+04
2.565750815770911868e+04
2.724192072059761267e+04
2.513331409391438501e+04
2.735047926596471007e+04
2.626368559905639268e+04
2.727678134954138659e+04
3.084778410978485044e+04
2.895082431238104982e+04
2.684715045871176335e+04
3.152870544767734100e+04
2.660558917674557597e+04
2.955236954900718047e+04
2.921634503850041801e+04
3.040135554582037003e+04
2.803074163231655984e+04
2.122453446017871465e+04
3.081648148592195139e+04
2.973280051472249397e+04
2.599083918709152567e+04
2.601026554965316609e+04
2.786329200249049609e+04
2.803790278849590686e+04
2.883805042345012771e+04
3.095951286108303248e+04
2.755546804048705962e+04
2.840527103506099593e+04
3.079657612012475511e+04
2.756244797491635109e+04
3.109412174248530209e+04
2.712485275649101095e+04
2.837695247036781075e+04
2.473475702079687471e+04
2.961812354592580232e+04
3.174556396080773993e+04
2.525254613356487971e+04
2.955762510984921391e+04
2.608336636728892336e+04
3.008627995163267406e+04
2.447487767744019948e+04
3.064114067679302389e+04
2.939181390333619129e+04
2.582837787263063365e+04
2.457320843577724008e+04
2.763027030506379378e+04
3.133136104926568805e+04
2.872820372815734663e+04
2.544619135022525006e+04
3.172356158280385716e+04
3.100649524541788924e+04
2.928003553270182601e+04
3.028749685948913611e+04
2.875187684353988880e+04
2.776907091376138851e+04
2.509661806393360894e+04
3.083579332297808287e+04
1.910174528660689248e+04
3.062920472954506113e+04
3.097024111873875881e+04
2.617771189947456878e+04
2.518037410635583728e+04
2.514985194548340951e+04
2.949317571499136830e+04
3.157115896936263016e+04
3.005858942519160701e+04
2.837720575790519797e+04
3.039916670734358195e+04
3.082851089191031497e+04
2.748929685127207267e+04
2.870009175721330394e+04
2.823920266913783780e+04
2.799126002360864732e+04
2.872260255452770434e+04
2.828215492561554493e+04
2.821305072378923069e+04
2.731312679334302811e+04
2.339637436150610665e+04
2.537951907407628460e+04
2.719363641902050585e+04
2.715372701091105409e+04
2.717782304336919697e+04
2.526329266501091843e+04
2.548844681121243048e+04
3.148348001929440943e+04
2.779214742864060099e+04
2.795173548525375736e+04
2.857447002338904713e+04
3.007541371768481986e+04
2.851286429609190964e+04
2.517112529287962388e+04
3.002466547700562296e+04
2.005609330818576200e+04
2.810523502227463177e+04
2.328005521303437126e+04
2.523208163916366175e+04
2.654783799653744427e+04
3.041448272232645104e+04
2.710293891159760096e+04
2.870545573367377801e+04
2.807291934829786624e+04
2.863349255151217221e+04
2.492028357362763199e+04
2.821514186296808111e+04
2.901041601368263218e+04
3.177324784585137240e+04
3.074539416857100150e+04
2.539421091172486922e+04
2.964540448217302401e+04
2.884287430643324478e+04
2.776216136889254267e+04
3.069247387021159011e+04
2.412920353889013859e+04
2.970636836263442092e+04
3.032101057652360760e+04
2.780335436863773793e+04
2.588133343393425093e+04
2.997551439241862681e+04
2.959423756548447273e+04
3.131722286083977815e+04
2.736114921176865391e+04
2.654177202032173955e+04
3.175801018602907789e+04
3.134159491854998123e+04
2.816045070120086893e+04
3.061792189277618672e+04
2.977946880118958507e+04
2.751983014069454293e+04
3.060004285379136854e+04
3.147464776120959141e+04
1.087809847201328012e+04
3.113886490685912577e+04
2.929502363580793462e+04
3.056836333813822057e+04
2.790635286070220172e+04
2.659633659026582609e+04
2.684564663527504672e+04
2.723533056797885729e+04
2.672926303836651641e+04
2.567742553951909213e+04
2.755709828614626167e+04
3.133361831521423301e+04
2.959783406399169326e+04
2.024429893809037458e+04
2.655687359683509931e+04
2.925802693101447221e+04
2.932065649189103715e+04
2.465324036175999572e+04
2.596781900622921967e+04
2.529196182538244466e+04
2.917356547129568935e+04
2.966352610102408653e+04
2.726991941950002729e+04
2.764719111653917935e+04
2.877033151343249119e+04
2.816016285009750572e+04
2.545998073183446468e+04
2.796676061267252226e+04
2.539992170916372561e+04
2.732297265513039019e+04
1.530471253081086797e+04
2.455324269054693650e+04
2.912506302822307043e+04
2.661349438089890464e+04
2.581159976033944986e+04
3.139266404022805000e+04
2.653244070451140942e+04
3.042379863914164889e+04
3.057060250835896295e+04
3.107514184735475283e+04
2.871921854860496387e+04
2.977202913255903695e+04
2.793986339004414913e+04
2.625763528706907528e+04
3.053525345270457547e+04
3.066883983547576645e+04
2.474414252111010865e+04
2.644679385830464889e+04
2.754238309740616023e+04
2.593009093710061279e+04
2.676909916908875311e+04
2.585492579270073111e+04
2.936136972903511560e+04
2.598934210425275887e+04
2.856191627833100574e+04
3.119218418752103025e+04
2.567854893106333475e+04
2.844038044355048623e+04
2.801196067112468154e+04
3.051739438389036513e+04
3.174410928752471955e+04
2.673841556605912410e+04
2.662687806808175810e+04
2.683724914621587232e+04
3.097036145829312591e+04
3.022010342250189933e+04
2.757236357753402990e+04
2.648391589844764167e+04
2.531400312103505712e+04
2.956622210792041005e+04
3.107712951210040046e+04
2.702581341524686650e+04
2.532814636481023626e+04
2.802096517747314647e+04
2.701030726351046542e+04
2.597722467970810249e+04
2.972821803444666511e+04
2.299287592398719426e+04
3.127486237800063464e+04
2.423845581519192638e+04
2.501158114762174228e+04
3.133413031760734521e+04
2.652172308785786663e+04
2.935938154512280380e+04
2.715986327432758480e+04
2.949842029989702860e+04
2.551306912486554938e+04
2.481650782016396261e+04
2.937585872157143240e+04
2.655102018155649785e+04
3.066038368720162543e+04
2.993521875929873931e+04
2.325391674601096747e+04
2.143679836503099432e+04
2.451179790713744660e+04
2.736554070628371846e+04
3.147888917790477717e+04
2.890223279589847516e+04
2.775656586769659771e+04
2.677972225113232707e+04
2.403903846153546328e+04
2.796127332486300293e+04
3.097015695902490188e+04
2.731798115618291558e+04
2.803674912379401940e+04
2.599652049975427508e+04
2.675727278646175182e+04
2.706660398362972046e+04
2.885394203320604356e+04
2.633018567943586822e+04
1.812349922311898627e+04
3.161224516040187154e+04
2.756389281548406871e+04
3.062167246640341909e+04
2.131576389526879211e+04
2.613703817309530132e+04
2.916984225239208172e+04
2.514946307630107185e+04
2.656447176352832321e+04
2.629821302000562719e+04
2.880645569836452341e+04
2.657080942287280777e+04
2.528133594311791239e+04
3.006408380299941564e+04
2.781929602102168064e+04
2.533732726008336249e+04
2.560850420470769677e+04
2.680665466438284420e+04
3.039872622037339170e+04
2.758279194043089956e+04
2.806706163241004469e+04
2.550931712701675497e+04
2.814888449445897641e+04
3.035507531038527668e+04
3.154551732187677408e+04
2.553635408724325680e+04
2.813724822225863318e+04
2.512813858845485811e+04
2.649486565109862568e+04
3.139801620274672314e+04
2.795833473381437943e+04
2.903997223293700154e+04
2.649450557963605752e+04
2.793990634774228602e+04
2.860271504071330128e+04
3.088947924502926980e+04
3.022262682316561040e+04
2.469269614077757433e+04
2.929281400316431245e+04
2.782203142824067982e+04
3.077822908513848597e+04
2.956474973325418250e+04
2.802022890783598996e+04
3.138393121802950191e+04
2.689359614808787592e+04
3.005392911007127987e+04
2.674435553116651135e+04
2.856408689720202892e+04
2.876689984075500979e+04
3.083602749771482922e+04
2.725384636063155631e+04
3.159514826183588957e+04
1.685182002905455738e+04
2.501069607235817602e+04
2.871591787731376462e+04
3.088891031673270481e+04
2.583645131826093711e+04
2.781180645917726360e+04
2.584731270338365721e+04
3.049225326421869977e+04
2.489693595950135204e+04
2.825386037491152820e+04
2.711829123503147275e+04
2.391757984916887290e+04
2.794262853222538979e+04
2.761096634469780838e+04
3.022753309538477333e+04
2.586940498723458222e+04
3.160034303678733340e+04
2.820120721751328529e+04
2.574092771233269741e+04
2.924355870254389447e+04
2.456021856697482144e+04
2.992224342552834423e+04
3.114494107276486830e+04
2.555258985534663225e+04
2.988504515535673272e+04
2.758295774279605394e+04
2.519855881675835190e+04
2.438054987772567256e+04
2.966866763368243119e+04
3.033782468828629499e+04
2.740460988517842270e+04
3.051412627523529954e+04
3.127393941993886983e+04
2.843222156155798439e+04
2.940215317633239101e+04
3.047738570135827467e+04
3.140292903723070776e+04
3.002638055935232842e+04
2.921794527882529655e+04
2.677990060563080988e+04
2.530386169474190683e+04
2.866648090453776967e+04
2.889759390228073607e+04
2.566540717989336554e+04
2.552323117738438305e+04
3.132449835114460438e+04
2.540344102387473686e+04
2.850398744114960573e+04
2.709104798187886263e+04
2.933607594539914135e+04
2.854301700811698538e+04
2.977884377674207644e+04
3.164068698344856602e+04
3.018492253142993650e+04
2.463393320676140866e+04
2.646571355033815780e+04
2.662722640748693811e+04
2.899583938561371906e+04
2.664971734969018871e+04
2.955025621417546063e+04
2.995034086092980579e+04
2.961812354592580232e+04
2.832440203982226740e+04
3.137837719990106416e+04
2.525426291902050434e+04
2.240165696982501686e+04
2.565459248556108651e+04
2.831985111979643989e+04
2.739677566586179091e+04
2.790608731018647813e+04
2.612681306278446573e+04
3.148980084827065002e+04
2.412920353889013859e+04
2.706783084187202985e+04
2.592526053943575243e+04
2.599350869208086442e+04
2.609784244617105287e+04
2.662114442305632110e+04
2.415584693390643952e+04
2.968865895324203302e+04
2.888876404640748660e+04
3.150244670060995122e+04
3.037503272095171997e+04
2.706817046203374412e+04
3.109028354965861217e+04
2.631662181806670924e+04
3.037089527503465069e+04
2.771591397743231209e+04
2.478503044122832216e+04
3.171745861651490486e+04
2.743217772739943393e+04
2.667400530106323640e+04
2.839219454811664764e+04
2.492276527026453550e+04
3.109956570786236261e+04
2.466136606446425867e+04
2.822186246945462699e+04
2.668314631363067019e+04
2.814576573629864288e+04
2.604790368706095251e+04
2.960567129398498219e+04
2.966761778479456552e+04
2.920298025497523486e+04
2.740114223772369587e+04
2.883970883999417856e+04
2.441679596459509412e+04
2.835881108833795224e+04
3.157805285830115463e+04
3.144933176659342280e+04
2.725900027637220046e+04
2.760408951986698958e+04
2.828501310386877594e+04
2.747177475001090716e+04
2.905681698421492911e+04
3.100341089146962622e+04
2.762816240754585306e+04
2.779421175362920985e+04
2.724607889778781100e+04
2.981370184977996905e+04
2.783376909923765925e+04
2.448161262986920337e+04
2.844976754688407527e+04
2.565071867534988996e+04
3.131948409651228212e+04
3.124550422265171073e+04
3.049120367544810870e+04
2.722714694884618075e+04
2.670227535005996469e+04
2.517882497508116285e+04
3.030811704095451569e+04
2.852897705585559743e+04
2.968833772862200931e+04
3.062167246640341909e+04
3.158997605101640511e+04
2.587749332863750897e+04
2.514790878851922025e+04
2.596508649055128626e+04
2.518713568443201439e+04
2.225010141202943487e+04
2.565859259024933272e+04
2.749492885380351800e+04
2.644172041352657106e+04
2.791767741340017528e+04
2.838436610403051964e+04
2.569613630675710374e+04
2.898281423685147456e+04
2.758841076698571123e+04
3.118444804669640507e+04
2.583357349126841655e+04
2.467475120371700541e+04
2.643726176144239071e+04
2.730375132431169914e+04
3.081450196263050748e+04
3.040003203371265408e+04
2.713976735988304426e+04
2.915558336671345751e+04
3.032697923940290275e+04
2.618572587166107405e+04
2.565798424371403962e+04
3.004675098673385946e+04
2.847012809678031044e+04
2.652977241582949137e+04
2.988475127501665702e+04
3.008235061881203728e+04
2.677821416077970935e+04
2.606799445819801986e+04
2.632578684253352912e+04
3.013471545369424348e+04
3.047945607697463493e+04
2.829742221579632314e+04
2.621040796778475124e+04
2.432731561032613899e+04
2.311069731280090127e+04
2.670376069037363050e+04
2.903036098442036382e+04
2.540395880474314617e+04
2.504074944987223353e+04
2.812710632848155728e+04
2.647357813725887536e+04
2.523603384836183250e+04
2.690142987674053802e+04
3.053677033446350833e+04
3.046036324126959516e+04
3.136532901158760797e+04
2.992514421160568963e+04
3.064197681737079256e+04
2.869151549806916228e+04
2.894516617427386518e+04
2.807751489359590778e+04
2.992004564537513215e+04
2.485941646214611683e+04
2.633012391785045475e+04
3.008339339931331779e+04
2.974715608897260972e+04
2.569445615658309907e+04
2.752404571946077340e+04
