1.822308230845288927e+04
2.258996662942602052e+04
2.161142387283773496e+04
2.221887743266501275e+04
2.117932933611329645e+04
2.144148641557974406e+04
1.131211990979952679e+04
1.982462370526906670e+04
2.241291643791412207e+04
1.943273618097951112e+04
2.234954800570895895e+04
1.743418636641676494e+04
2.188593244070560831e+04
2.126087332213160698e+04
1.811466495476326963e+04
2.220093013693702233e+04
2.035401487743871985e+04
2.071726379062420892e+04
2.086820111860664474e+04
2.108300866567699995e+04
1.596569232046662000e+04
1.271944252676359247e+04
2.229677573956562992e+04
1.882514436424256928e+04
2.144179005941386276e+04
2.036163113069205792e+04
1.999764218225635341e+04
1.960527083257364211e+04
1.620749767804073781e+04
1.711569818654142364e+04
2.256845343319196036e+04
2.146641375645774679e+04
2.152153610659289552e+04
1.811390199193676017e+04
2.209717287604976082e+04
2.013952932043735927e+04
1.991109208727134683e+04
2.019841317831940250e+04
2.264992198389361874e+04
2.167136080003322786e+04
2.255616730203259067e+04
1.812525010547916463e+04
2.141713478150347510e+04
2.066697017026924732e+04
2.132136605004682133e+04
1.342901696175138386e+04
1.652299083985387188e+04
2.214038128562566271e+04
2.205527327194537793e+04
2.151212672207596916e+04
1.621173304904880933e+04
1.816317645055532557e+04
1.825847892900876104e+04
1.721953592855059833e+04
2.166799284847881063e+04
2.120526419666334550e+04
2.263790488269431080e+04
1.901622005464023823e+04
1.240236434707325861e+04
1.646844838541861463e+04
1.951646489741508412e+04
1.762881984932001797e+04
1.731332328420430713e+04
2.222690729690737135e+04
2.018820264925851370e+04
1.865212781929883567e+04
1.387200697158747062e+04
2.224532797387403843e+04
1.981271448876288196e+04
2.148044403739050904e+04
2.039857312715715670e+04
2.060830741884787858e+04
1.394586908590621897e+04
2.163289973880170510e+04
1.564042636056692390e+04
2.073576789040602307e+04
1.986966889533311769e+04
2.197943285689397089e+04
1.746821253149117183e+04
1.809685457486201267e+04
2.068352229987390092e+04
1.730652789627695165e+04
2.024787685421220158e+04
2.230985268251886737e+04
2.012405803076684242e+04
2.005376222231853899e+04
2.220196090213057323e+04
2.205990808475498488e+04
2.139263280871495954e+04
1.930859415595402970e+04
2.191304365027277163e+04
1.745922620183979961e+04
2.048462539855011710e+04
1.808018510905579751e+04
1.894082920183236274e+04
2.224136597760735094e+04
1.838830185993060513e+04
1.311172691626398228e+04
2.261368239380501836e+04
2.063975515375193208e+04
1.936173118548589264e+04
2.051209542935244826e+04
2.220479458642951067e+04
1.957041642368469911e+04
2.202105587391807421e+04
2.219047582893438812e+04
2.160751449846469404e+04
1.893318407790866695e+04
1.914765355691852892e+04
1.833859595419160541e+04
2.055409640738367307e+04
1.825847892900876104e+04
2.064453531782679784e+04
1.843919606416665920e+04
2.191304365027277163e+04
2.208486358477012254e+04
2.259420497520583376e+04
2.216958210965294711e+04
2.096701516284512763e+04
2.219123063656004524e+04
1.938777180825672622e+04
1.743274032969319524e+04
1.721302701444134436e+04
2.126807926378378761e+04
2.114331787590086606e+04
1.612576727012720221e+04
1.388723413089719907e+04
1.812149169567969147e+04
2.246543121573632015e+04
2.119808298850311257e+04
1.991060478042704563e+04
1.439627467613428962e+04
1.548225723527842274e+04
2.041446103063553164e+04
1.962632161707865453e+04
1.871920539682256640e+04
2.219025075774874858e+04
2.178774851789245076e+04
1.552967721272772724e+04
1.839059453268484867e+04
1.868207000636760131e+04
1.321483529778621232e+04
1.682267820733299595e+04
2.129249441377523181e+04
2.010439083333689632e+04
2.115464371262096756e+04
2.216896340381397022e+04
1.987426711326920122e+04
1.955476170529646333e+04
2.209315567979212210e+04
1.499067152469385474e+04
2.257737886735343636e+04
1.535432230994714337e+04
2.241072705018787747e+04
1.884788745849890984e+04
2.091801087994801856e+04
2.177957290686747001e+04
1.638252714301680135e+04
1.815250550843626843e+04
2.153052232687040669e+04
1.831863769431891342e+04
1.764315853786413209e+04
1.911467512355421059e+04
1.889572745637673870e+04
1.902829812872934053e+04
1.895538951600792643e+04
2.238140310809254152e+04
2.240288775118037302e+04
2.187926475048577413e+04
2.105204016604034405e+04
1.549380107628180849e+04
2.156106819301919313e+04
1.574493616451028356e+04
1.510905351317882014e+04
1.993303511027616332e+04
2.131693933359052608e+04
9.851786745053421328e+03
2.056124046588890633e+04
1.898938994040044781e+04
1.383170629239302252e+04
2.085848611901080585e+04
2.129715937394649518e+04
2.060202768319272218e+04
2.191944039965963020e+04
1.907544395479890591e+04
1.851947496799489818e+04
1.864236889093671562e+04
1.336897607289239386e+04
2.114667916590521054e+04
2.175813308647363738e+04
1.736449816728259611e+04
2.171355497742982698e+04
9.851786745053421328e+03
2.173762675313923683e+04
2.234026444662298309e+04
1.807606552735953665e+04
1.739053747431113152e+04
2.087707103033908061e+04
1.493119018793300165e+04
2.244236992275672674e+04
1.790355153735069325e+04
2.028667945873977078e+04
1.570983421276023000e+04
1.234140429073903215e+04
2.143266017176163950e+04
2.115538320037246012e+04
2.032023521216498921e+04
2.089271374304818164e+04
2.155047044007492514e+04
2.248625492570717688e+04
2.242381145790280789e+04
2.194397226052084807e+04
1.435302090987632619e+04
2.268103592679723079e+04
2.191944039965963020e+04
2.123349616849877566e+04
1.909214541620844466e+04
2.233674520022091747e+04
2.038128523790132385e+04
2.008982436758024414e+04
1.958198456090270338e+04
1.434959625809021964e+04
2.165712669019425084e+04
2.210804543081343581e+04
2.015379328615637496e+04
1.371569037249035682e+04
2.177025927332169158e+04
1.840526732237018587e+04
2.020206844717324566e+04
2.219047582893438812e+04
2.217484966126846120e+04
1.503197585151942621e+04
1.908823312160938804e+04
2.216999307220887204e+04
1.673112160370268975e+04
1.989942434522812982e+04
2.216147304763199281e+04
1.720712218188722909e+04
2.206161899222467400e+04
2.235348099264941993e+04
2.028948242565472174e+04
2.254788332720888866e+04
1.850088420897727701e+04
2.205895401152429986e+04
2.065006734415541723e+04
2.011044088933019884e+04
2.124804367734716652e+04
1.392217335549332711e+04
1.983668172885228705e+04
1.538720975073896079e+04
2.039069584707716422e+04
2.201592440591577542e+04
2.058767851887170036e+04
2.093233754146059800e+04
2.108525396009309770e+04
2.063032073048864549e+04
2.242507990255993354e+04
1.894147492184212751e+04
1.635576937975516194e+04
1.711587673151323179e+04
1.349568288372944517e+04
1.988455052565751976e+04
2.252100913990349363e+04
1.954348356476562913e+04
1.653442606274475111e+04
2.189898517423437443e+04
1.923560402601129317e+04
2.159337825763035653e+04
2.270545786555359518e+04
1.895052292128454064e+04
1.905547371987703809e+04
1.985008946226449189e+04
2.244898393664440664e+04
2.273286101652451543e+04
2.129903540253539904e+04
1.854309985704255814e+04
1.905666640103471582e+04
2.053065963372500846e+04
2.226886609766488255e+04
1.987646538940353639e+04
2.200550418293267285e+04
1.875062961052671380e+04
2.183474035757506499e+04
1.764043734317138296e+04
1.692733530061117199e+04
2.240518528008489739e+04
2.243708644808499594e+04
1.895917011074291804e+04
1.993927570387055675e+04
1.488213225775122010e+04
2.226172629422828322e+04
2.132416178426181432e+04
1.807537083897117554e+04
1.623027235151415516e+04
2.244811666278117264e+04
2.084959215537853015e+04
2.207560943261293141e+04
2.204364666994344952e+04
1.913452298515802613e+04
2.176180201755473172e+04
2.142136344049686159e+04
2.150067572160530835e+04
2.262154546151626710e+04
1.734825871519586508e+04
1.406693588672373335e+04
1.591587074775325527e+04
2.242981904562262935e+04
1.680997199599774467e+04
1.940211733265779912e+04
2.204578438707211899e+04
2.224207002816090608e+04
2.087085826033336343e+04
1.694018436695477067e+04
1.601109220050566364e+04
2.113000136976318754e+04
2.127553846999853704e+04
1.957882292910246542e+04
1.821620684484696540e+04
9.886742105434950645e+03
2.257601285392496357e+04
2.059325501578421972e+04
2.192747345849673002e+04
1.690789034616577555e+04
1.566113552377993801e+04
1.993102630235230026e+04
2.227040921736048040e+04
1.140749711022137672e+04
2.137479620487460488e+04
1.735094774764909380e+04
2.173762675313923683e+04
2.221722433517840182e+04
1.804908444755632081e+04
2.083744984776439378e+04
2.096496859746256450e+04
1.791935776789864758e+04
1.870883917916862629e+04
2.216203487483918434e+04
2.090007014347000586e+04
2.024615166602726458e+04
2.147327157629729481e+04
1.621173304904880933e+04
1.525214538629906383e+04
2.041447180113103968e+04
1.615684959995383178e+04
1.775636699929043607e+04
1.658112212374469891e+04
1.725336015454018343e+04
2.168401422885199645e+04
2.140701999608340338e+04
2.131149550646672287e+04
2.132213481793073515e+04
1.092200941828485702e+04
1.824371212903654668e+04
2.098103414696113396e+04
2.034066643631346960e+04
1.991847160694690683e+04
2.040972331345855127e+04
1.694354048288894774e+04
1.410320828292952865e+04
1.964279787637950358e+04
1.723789589663065999e+04
1.802951015467627440e+04
2.182532449021450520e+04
1.932099069712830533e+04
1.985956085305897068e+04
2.226940199687487620e+04
2.245182904513035464e+04
2.256105979716611182e+04
2.166315340983330680e+04
1.518040237364374116e+04
2.192092568593714168e+04
1.833849313980426814e+04
2.252402282706380720e+04
2.241036023044358808e+04
1.867251992424876153e+04
2.244006660169073803e+04
1.924775719724641749e+04
2.226956350036089862e+04
1.872959757340473516e+04
2.192360698623131611e+04
1.845802350979911353e+04
2.179750393823831109e+04
1.926068897903155084e+04
2.217198414903552475e+04
1.657030451530594291e+04
2.136424336560833035e+04
1.953746068693172128e+04
1.806573248075300944e+04
2.199086802018219896e+04
1.168860154764553590e+04
2.237666579994899075e+04
1.667383528075704453e+04
1.774060800948871110e+04
1.539780288199215829e+04
1.926805910961644986e+04
2.058329186042516812e+04
2.010296695507681579e+04
2.034954531269250583e+04
2.251449901861554827e+04
1.645162814903677645e+04
2.260592439502198977e+04
1.743418636641676494e+04
2.145368256521972216e+04
2.081682743866968303e+04
2.035566461366471049e+04
1.771902390327975445e+04
2.175374679762027517e+04
2.253076202175060826e+04
2.035320855549244152e+04
1.319565167154614210e+04
1.365299294845224358e+04
2.216992899713883162e+04
2.116796890671760775e+04
2.205721988650904677e+04
1.957364379246975295e+04
2.258996662942602052e+04
2.165146677398947941e+04
1.540010596175218961e+04
2.168386992012267365e+04
1.991260995344668481e+04
1.946682198969192177e+04
1.645143034314062970e+04
2.262985729699623334e+04
2.066987551377640193e+04
2.070206666588095322e+04
2.016919717787615446e+04
1.945150323291611494e+04
1.822682160245870909e+04
1.593977787738540246e+04
2.007222975218680949e+04
2.066137210867623799e+04
2.097330145191400516e+04
1.933181709052478618e+04
2.051219612667435285e+04
1.675700429153890582e+04
1.600756422433647640e+04
2.169763879356468533e+04
1.773118452363913093e+04
2.073576789040602307e+04
2.254131069325800490e+04
2.174771600972290980e+04
1.699359969879552591e+04
1.727186665038685896e+04
2.132991380917023707e+04
2.035085848208592142e+04
2.008526491920927583e+04
1.974304712596084573e+04
1.842489476982126507e+04
1.699448820693044763e+04
1.471563977684663405e+04
2.263939228552651912e+04
2.244290597499993237e+04
2.147347231603357795e+04
2.084442837579920160e+04
2.087085826033336343e+04
1.849129088487819899e+04
2.178824731873516430e+04
2.251825630624626865e+04
1.997481033592092717e+04
2.064035767018366823e+04
1.494553536078784600e+04
1.744343871906310960e+04
2.218807604995919246e+04
2.262118557039423467e+04
2.168041896099467704e+04
1.740796385529988038e+04
1.626713787020591917e+04
1.664277717536508135e+04
2.064472440182763239e+04
2.132181403888330897e+04
2.224207002816090608e+04
1.836763553256106388e+04
1.849129088487819899e+04
1.554766020842246689e+04
2.161449657150360144e+04
2.217217403741250018e+04
1.944519277476243951e+04
1.803837914357730187e+04
2.025050534517773485e+04
1.734961304985666720e+04
1.975877538923926477e+04
1.632431030110146639e+04
2.063818565881860559e+04
1.679102300938052576e+04
2.003584357793426170e+04
1.466371476484481354e+04
1.757968060772359240e+04
2.270082096680490940e+04
2.035320855549244152e+04
1.699368739127140725e+04
1.867680495490959220e+04
2.213506169843602765e+04
2.239882339747140213e+04
1.626401327602364836e+04
1.600756422433647640e+04
1.956495012005208991e+04
2.034234428706821200e+04
2.000712587786384393e+04
1.941270601099156193e+04
1.662067257718656401e+04
1.779772073837585776e+04
1.183871338607136204e+04
2.244277379195000321e+04
1.534347944250652654e+04
1.947130260859818372e+04
2.184141465077163957e+04
1.719855225170648191e+04
1.985753754140266392e+04
1.603193045201876885e+04
2.251825630624626865e+04
2.096462774346685183e+04
2.076954738508414448e+04
2.250194862800070405e+04
2.052465220112160023e+04
1.358396051355516829e+04
1.396108415429187517e+04
2.229781471415673150e+04
2.236107908729209885e+04
2.033487306978084234e+04
2.149186137804793907e+04
1.710658667186602179e+04
2.181598124473306234e+04
2.091246654166923690e+04
2.189005444120385800e+04
2.200847605874246437e+04
1.830797488450697711e+04
1.310329223102034666e+04
2.086323075877351221e+04
2.168245485350850504e+04
2.249634427733492703e+04
2.218794444322464551e+04
2.269528616793259789e+04
1.707575456966622005e+04
2.154473897555378062e+04
1.673752607855166934e+04
2.020206844717324566e+04
2.050282134501405744e+04
2.184485004728831700e+04
2.211708824541448121e+04
1.942392430693851202e+04
2.016608587683989026e+04
1.440670028493497739e+04
1.920493895311446249e+04
2.240164185520651517e+04
2.243089183283234888e+04
2.158780716604923873e+04
2.067641466839313216e+04
2.241159656547754639e+04
1.947624665112000366e+04
2.036707313416956458e+04
2.190688382457568514e+04
2.129906546995453391e+04
2.227336979699619769e+04
1.937251154057375243e+04
1.632431030110146639e+04
2.008157051150362895e+04
2.093739919176671901e+04
1.943994446154159232e+04
2.165367733828844212e+04
2.113058188779931515e+04
1.495706901277905126e+04
2.201088036432276203e+04
1.940803220543231873e+04
2.263642046352755278e+04
1.791889174279806321e+04
1.777231886346905230e+04
2.240318522703228518e+04
2.265651167770466054e+04
2.230359314308738249e+04
1.453098184432187008e+04
1.929069494375147042e+04
1.799223026463311908e+04
2.066651014204822786e+04
2.270597653214608363e+04
2.159070655498109045e+04
2.226172552246738269e+04
2.127704921407360234e+04
2.002016803087757580e+04
1.782373614431783426e+04
1.863536436160049561e+04
1.741200612682262363e+04
1.973766325181883803e+04
1.961568740304406674e+04
1.080254441481527465e+04
1.945917645511985756e+04
1.630742227485465810e+04
2.255169679532016016e+04
2.069173527679286417e+04
1.746172038878188323e+04
2.239204382321457160e+04
1.909437013548762116e+04
1.729147230804801075e+04
2.234266254698042394e+04
1.833154213255590730e+04
1.572184990185170318e+04
1.437947373587527909e+04
1.920987476298044203e+04
2.106059410647889308e+04
1.991906213505577762e+04
2.153879853390085191e+04
2.039069584707716422e+04
1.899542924024085005e+04
1.973199115588421409e+04
1.249935712829531076e+04
1.859427088349890255e+04
2.016134959485476793e+04
1.797671963997790590e+04
1.826368488086544312e+04
2.218705179917016358e+04
2.188772206542117783e+04
2.243364686348563555e+04
1.388723413089719907e+04
1.875683820019289124e+04
1.484962605157055987e+04
1.814513660457260630e+04
2.072289188924330665e+04
2.204176574677175813e+04
1.325506392618395330e+04
1.903172169496382412e+04
1.540252012903143623e+04
1.997760760866152850e+04
2.050775636004727858e+04
1.468755712708530336e+04
2.245688813304101859e+04
1.615284755641984884e+04
1.977558567884166405e+04
2.033621949328146729e+04
1.958162189697364374e+04
1.895490923632431077e+04
2.015503327792355412e+04
1.935594900848351244e+04
1.630140042690887458e+04
2.100207937112128275e+04
1.872795329269525973e+04
1.522271017629346898e+04
2.004061835012496158e+04
1.697272948847396037e+04
2.213331694572238484e+04
1.334879619467498924e+04
2.197122367998418486e+04
1.868207000636760131e+04
1.942864836643419767e+04
2.105946708680452139e+04
1.427766112125662039e+04
1.959187172421800278e+04
1.833136581816556281e+04
2.268103592679723079e+04
2.262154546151626710e+04
2.177378624562585173e+04
1.596562227611117851e+04
2.009992249057652953e+04
1.632431030110146639e+04
2.249347401690612605e+04
2.232411678403297992e+04
2.157308176125684622e+04
2.211427579585665808e+04
2.178336201819006965e+04
2.101453183601811543e+04
1.989942434522812982e+04
2.050036978630775775e+04
1.737030572657269659e+04
1.579297278823912711e+04
1.897590006179755073e+04
1.856361989755944523e+04
1.872795329269525973e+04
2.216723807141898942e+04
2.185028581145676071e+04
2.141230767252301303e+04
1.717241692643040369e+04
1.526666301485769327e+04
2.149482977168077559e+04
2.241052260826180645e+04
2.097675064562106854e+04
2.122577420215217353e+04
2.202415983885149399e+04
2.170044281365050847e+04
2.034879653021230115e+04
1.819569942694365091e+04
1.938846203781738586e+04
2.225475707314819738e+04
2.248920228015680914e+04
1.990841280586661742e+04
1.447096949702335041e+04
1.386011072015757236e+04
2.091175847700261147e+04
1.961297286943013751e+04
1.863775868849304970e+04
1.854322184614471553e+04
2.245488715328392209e+04
2.143928785233878443e+04
2.219353730230209476e+04
2.255517738688263489e+04
1.854074618046077376e+04
2.271452901960413874e+04
1.864922287396046886e+04
1.933700614534983106e+04
1.972387945533734091e+04
2.222047968470538035e+04
1.634509246825719674e+04
1.634716092486487833e+04
1.741957156745006068e+04
1.331805026756916595e+04
1.475230664866367079e+04
1.906908333502173627e+04
1.878273511988834071e+04
1.399052721816704616e+04
2.098055049453499669e+04
2.163122893058083719e+04
2.234746337126754952e+04
2.242639039677565961e+04
1.687596299307414301e+04
2.129929444750549010e+04
2.242548884926197206e+04
1.996147012108217314e+04
2.190713052688513926e+04
2.254641706575098215e+04
1.645502831925056671e+04
2.076562101585922937e+04
1.605574404561496158e+04
1.945320212629427988e+04
2.120526419666334550e+04
2.244134052793088631e+04
2.093949248972610440e+04
1.541099585723474956e+04
2.204475801643962404e+04
2.052645690536828261e+04
1.632872915347995149e+04
1.973267813205315906e+04
1.981916417821398863e+04
1.885398180343382046e+04
2.161202103638408880e+04
2.258996662942602052e+04
1.813595473926041450e+04
2.113536760097902516e+04
2.263374497043064184e+04
1.867680020425641851e+04
2.213256094567900436e+04
1.469455059638138846e+04
2.187204212286716211e+04
1.568579069534518021e+04
2.077025714418464486e+04
2.273596025111185736e+04
2.212680181601112417e+04
1.732359090094259227e+04
2.206207783565252248e+04
1.968148346840067097e+04
2.087707103033908061e+04
2.268451485217815934e+04
2.187637452674128872e+04
1.914764794567466379e+04
2.271330449792534273e+04
2.198912451199076895e+04
1.722749089541015564e+04
2.147414768505725806e+04
2.218587623859525047e+04
1.416861165529194477e+04
2.265651167770466054e+04
1.758779700101535127e+04
2.079921397678104404e+04
1.806853555438104740e+04
2.232668167218825693e+04
2.243698653763474795e+04
1.769957140880727093e+04
2.068181947535842119e+04
1.960452827160432207e+04
1.581647656756081597e+04
2.161063557967507586e+04
2.039375954583816201e+04
2.033051261634592811e+04
1.941729963496208075e+04
2.055237180727327359e+04
2.108215582515233473e+04
1.971197854552928766e+04
2.186206295047458116e+04
2.093327816150979925e+04
1.585026810186681359e+04
2.126369332116056466e+04
2.237462087832792531e+04
2.112234110628350027e+04
2.069252591789789221e+04
2.199537336069902449e+04
2.220059130483710032e+04
2.267091691070944216e+04
1.941115396397768927e+04
1.656786140469689417e+04
1.708648282657163872e+04
2.232287329342140947e+04
2.069817336491364040e+04
2.070805611553684867e+04
2.263650240120413946e+04
2.091212857564582009e+04
2.005716997678370899e+04
1.902176536192920321e+04
1.936563302581199241e+04
1.657737736766790840e+04
1.388723413089719907e+04
2.212141260205806248e+04
2.222230901777179679e+04
2.271625791725227100e+04
2.192865435284440537e+04
2.243337860411406291e+04
2.111589960495759442e+04
1.263995617965178826e+04
1.778755285517046650e+04
2.056253733063082109e+04
2.177924800770415823e+04
1.814377137373608639e+04
1.735853818993671302e+04
1.162945549221615511e+04
1.771835756657986349e+04
2.183802219808725204e+04
2.193361545530132935e+04
2.158207835048970446e+04
2.178500642547834286e+04
2.145979622130539428e+04
1.944801201796770692e+04
1.442530871300456056e+04
2.248770561017606815e+04
2.000906342948288875e+04
1.776659931534704447e+04
2.063430936378309707e+04
1.779772073837585776e+04
2.100570075594534865e+04
1.854045992276252218e+04
1.952953133374245954e+04
2.018618498535863910e+04
1.572603056771072625e+04
1.478814233729874468e+04
1.383476709555737398e+04
1.703512175843557634e+04
2.190960071763275482e+04
2.083653364029787190e+04
2.211553418687945668e+04
1.991703689960420888e+04
2.220093013693702233e+04
1.355268886372578891e+04
2.008915954416681780e+04
2.054965735404817678e+04
2.234654266586660378e+04
1.276252349638052146e+04
1.572077614520271527e+04
1.629589206366383041e+04
2.266057944851087814e+04
2.212482587079750010e+04
2.068784897625370650e+04
2.124010866820603769e+04
2.060932288702729420e+04
1.905392223647624633e+04
1.476219851990988900e+04
1.949359667176932271e+04
2.085213513242322006e+04
1.758852065951777331e+04
2.243466456087755068e+04
2.076236156452741488e+04
1.849487634112953674e+04
2.025181994607909292e+04
2.063317891678690648e+04
2.247453286450636733e+04
1.588480567909156525e+04
2.191072872981775072e+04
1.600859666672808817e+04
2.152758490536021418e+04
1.420033320694563372e+04
2.135765065617685832e+04
2.272708482706593350e+04
1.812429040942801657e+04
1.820657684376720135e+04
1.602144241984851760e+04
2.021742859633358603e+04
1.460634189316860284e+04
1.344672848959620933e+04
2.010979927482250059e+04
2.096482409251371428e+04
1.251262903023862236e+04
1.399782135723204192e+04
1.562119049895594071e+04
1.912368381496702204e+04
1.850519574690877926e+04
1.632934474279727874e+04
2.253051550673828751e+04
2.061493286320428524e+04
2.153912296773048729e+04
2.088966116300873182e+04
1.596921363039900098e+04
2.043184117729719947e+04
2.267896539982023387e+04
2.035609242078726311e+04
2.226596631957378122e+04
1.417953313724486907e+04
2.131352169361458073e+04
2.192956516777463185e+04
2.121979046230382664e+04
2.189644941520200882e+04
2.182603594098963367e+04
1.973199115588421409e+04
2.262022318993738008e+04
2.162057501112053797e+04
2.193417567648839031e+04
1.718681457916560612e+04
1.977448363621289900e+04
2.160384801276873259e+04
1.731127257931286294e+04
1.630260999330808227e+04
2.193361545530132935e+04
2.165282705938741128e+04
2.061443384683628756e+04
2.138248799542637062e+04
2.252708791644475059e+04
1.921992524283300008e+04
2.220241135958532323e+04
1.639112909279258383e+04
1.572998748717163107e+04
1.912033496419370567e+04
2.268275469707954471e+04
1.554421062321378304e+04
1.976849889952890226e+04
2.166739985011568569e+04
1.934756990061088072e+04
2.200410152195560659e+04
1.755194524043670026e+04
2.112192670438417917e+04
1.912044889303181117e+04
2.074384081885498381e+04
2.068181947535842119e+04
1.495633659739273207e+04
2.220479458642951067e+04
2.253324181451911863e+04
2.256780997668681084e+04
2.256554236116375250e+04
1.639593285704147274e+04
1.373158924477884102e+04
1.657896716855648992e+04
2.082125501281971083e+04
2.257960519980623940e+04
1.510217338394058424e+04
1.889007621418291455e+04
1.903576490301860758e+04
2.135688398518578106e+04
1.332161052063689931e+04
2.173593924568483271e+04
1.953555658954681712e+04
2.007251515240906883e+04
1.807371380603853322e+04
2.199285290123710365e+04
2.246010036134490656e+04
1.821948403050219349e+04
1.819489749196207413e+04
1.212533644796306544e+04
1.743997954934679001e+04
2.253564287365090422e+04
2.243435776458146574e+04
2.209691789315838832e+04
1.806810645524476058e+04
2.011447230195709926e+04
1.978607566578000842e+04
2.078991199786473589e+04
2.195375549755135580e+04
2.270488819714778219e+04
2.077101725774462102e+04
1.911815671131449562e+04
2.170470807111839895e+04
2.069831383903359529e+04
2.207560549340564467e+04
1.510217338394058424e+04
2.225909497446181558e+04
2.011566654892522274e+04
1.827596012859261828e+04
1.959100600824062712e+04
1.845524458080533077e+04
2.264713468088462832e+04
2.177214396570052486e+04
2.039836523439204757e+04
1.679473569445782050e+04
2.215287727469187303e+04
2.177692666214682686e+04
2.199245927879276132e+04
2.252205068781484806e+04
1.718681457916560612e+04
1.698333873996350303e+04
1.782373614431783426e+04
2.217882680722673103e+04
2.206667560832091840e+04
2.097842159051829731e+04
1.351058487617571518e+04
2.204475801643962404e+04
1.839074552622068586e+04
2.097069299523231530e+04
2.220443141634454150e+04
1.666236841155276488e+04
2.113939302634872001e+04
2.163914655097753712e+04
1.786760361844011641e+04
2.236490946131623059e+04
2.110688040069484487e+04
1.624520573839993449e+04
1.894147492184212751e+04
2.206206284801585934e+04
2.183064201546800177e+04
1.906731171260053088e+04
2.054099191902692837e+04
