1.780572345220809802e+04
2.745253689661037424e+04
2.629402775515779649e+04
2.634494572760804658e+04
2.668636503188811912e+04
2.727169208855928082e+04
2.283267401898671233e+04
2.509978981478513742e+04
2.726798095161301899e+04
2.780438055867502044e+04
2.670929484225974738e+04
2.680840842945266559e+04
2.614786807974847397e+04
2.563328064583629384e+04
2.560325186032239435e+04
2.750461157298642865e+04
2.507464174326975262e+04
2.710630287684145515e+04
2.722665584126914109e+04
2.563457064025096406e+04
2.630231389004210359e+04
2.561588649263283878e+04
2.542396805373659663e+04
2.609886445934567746e+04
2.507883270618885581e+04
2.700431001624219789e+04
2.516849751100203866e+04
2.544544303415358809e+04
2.652217883802965662e+04
2.431473037116962223e+04
2.763272464581514578e+04
2.729264358379887562e+04
2.596417610083464024e+04
2.271635773289174540e+04
2.641005797995391185e+04
2.493678250378062876e+04
2.611982098687795951e+04
1.793763338690945238e+04
2.507210845966635316e+04
2.596516138272544049e+04
2.485934493114813449e+04
2.765087297339758516e+04
2.602696737114890493e+04
2.742508525456778807e+04
2.718070498258068983e+04
2.583597879923677829e+04
2.653739846472869249e+04
2.637467423952989338e+04
2.645403542819265203e+04
2.389192536165959609e+04
2.720845294081494649e+04
2.566736818665016108e+04
2.590108723788987845e+04
2.691607080994390708e+04
2.567338995698755753e+04
2.636964294386926485e+04
2.672191194865874422e+04
2.591504728579580842e+04
2.479452568525979950e+04
2.460744545463227041e+04
2.550997037288954380e+04
2.402007171776900213e+04
2.700229670837228332e+04
2.696635610181072843e+04
2.599064219302755737e+04
2.493678250378062876e+04
2.570256175090141187e+04
2.426166950735485079e+04
2.514792279340060122e+04
2.556339078844679534e+04
2.647224009614051465e+04
2.754645973207290081e+04
2.484504722102409869e+04
2.635643248910713737e+04
2.700106313929594398e+04
2.522590213598517221e+04
2.610951203645606438e+04
2.589440194353130937e+04
2.643264095621260640e+04
2.549556286590202944e+04
2.614720258457549426e+04
2.660371410982043380e+04
2.764538624768756563e+04
2.568709695542373811e+04
2.571430909666280422e+04
2.595466850212761710e+04
2.734892952781877830e+04
2.498079947043070570e+04
2.749750610912567936e+04
2.675889658688523195e+04
2.594949194391032506e+04
2.497942588841353427e+04
2.717069386459445377e+04
2.771733634701761912e+04
2.540357033044128184e+04
2.095104620417221668e+04
2.500998742883223167e+04
2.714831556557455042e+04
2.611928896814919062e+04
2.734715569793382747e+04
2.384212116234837595e+04
2.679820209944982344e+04
2.664984224145796543e+04
2.747179915465188606e+04
2.553547187349060550e+04
1.710950519867888215e+04
2.508494018205235261e+04
2.746919909764938348e+04
2.645275010228608880e+04
2.669611584532802226e+04
2.676363699326748610e+04
2.651804453443788952e+04
2.565827275281627226e+04
2.651863545616599367e+04
2.680481308064774930e+04
2.672503854885925102e+04
2.716049968509471000e+04
2.523511623052642972e+04
2.633031901969823957e+04
2.556922311985349370e+04
2.746593233418081945e+04
2.472900442806106730e+04
2.700135003110891194e+04
2.670895007781845197e+04
2.309691714250214864e+04
2.577159539083713389e+04
2.707047913351183888e+04
2.703212593439345437e+04
2.699585424564726782e+04
2.277507605426132068e+04
2.506177083671900618e+04
2.493217211164430046e+04
2.634797590966623829e+04
2.778157615789720512e+04
2.669261401328020293e+04
2.505898552999271487e+04
2.488889690031475766e+04
2.773585295278864578e+04
2.534876681419465967e+04
2.693549946157152226e+04
2.669797105382986410e+04
2.623528389283131037e+04
2.498189448628629179e+04
2.530443741263034099e+04
2.616600124390872224e+04
2.659120206234853686e+04
2.617652405169701524e+04
2.701683617688424420e+04
2.561782654376882783e+04
2.652525956202769885e+04
2.695778514353143328e+04
2.571053202946963211e+04
2.623192613126235665e+04
2.647521913079729347e+04
2.776319678156229929e+04
2.688689414759950887e+04
2.713270455566189048e+04
2.622022960546418471e+04
2.468230658120988301e+04
2.497114699383633706e+04
2.582856546092462304e+04
2.548087649755893653e+04
1.544105010253862201e+04
2.711676616710354574e+04
2.475664660689752418e+04
2.541092145336270551e+04
2.623055726000837967e+04
2.354998796775748633e+04
2.462374427955330611e+04
2.750587665276923872e+04
2.637328253432768179e+04
2.610846204756182851e+04
2.697652141774672782e+04
2.521297350030267262e+04
2.517038370914367988e+04
2.753353697259171531e+04
2.767645977066884006e+04
2.615357113065712474e+04
2.692635377797083856e+04
1.452141389852151042e+04
2.126005635406781948e+04
2.034290025512997090e+04
2.593728628015570939e+04
2.565295000296107173e+04
2.717295804304876947e+04
2.761397427202938707e+04
2.503435579847807821e+04
2.743700582829804262e+04
2.673121777523372293e+04
2.692805021807827143e+04
2.092997306515372475e+04
2.676862045519812455e+04
2.627962531266572842e+04
2.668636503188811912e+04
2.686687109574051283e+04
2.756553154739754245e+04
2.707290144010184304e+04
2.647521913079729347e+04
2.765385422395770001e+04
2.394325586019462207e+04
2.647123453230913219e+04
2.637897895803145002e+04
2.683807866359277250e+04
2.554595565075950071e+04
2.706832944901433075e+04
2.604889874915836845e+04
2.491523021188178245e+04
2.610541422956209499e+04
2.530079247440877589e+04
2.757413292175629613e+04
2.557794628257574004e+04
2.294160338258838965e+04
2.636042852784760180e+04
2.526341931503167143e+04
2.757287852304065746e+04
2.649430914964147087e+04
2.635276937516514954e+04
1.963288094986796568e+04
2.737735657805285155e+04
2.722158254148906417e+04
2.257712543468249351e+04
2.727378781641608657e+04
2.608411969876843432e+04
2.613894060008987071e+04
2.690912311474318994e+04
2.380569403092050925e+04
2.720987691615212316e+04
2.617262311676862009e+04
2.761199316281426582e+04
2.178050804437648912e+04
2.583142444868975144e+04
2.651123657948344407e+04
2.501729403598904173e+04
2.563720431783334789e+04
2.508633083525675465e+04
2.314163993617982487e+04
2.451291974204177313e+04
2.727266160306610254e+04
2.159919115296063683e+04
2.645806671567016019e+04
2.696670760674497433e+04
2.721975024252681760e+04
2.776104692545151192e+04
2.378566223448987148e+04
2.731006395862475256e+04
2.713718182339161285e+04
2.704869302289279585e+04
2.595126552020785311e+04
2.646531567144154906e+04
2.727131905199852190e+04
2.532542535471427982e+04
2.681970117758384367e+04
2.774348806394341227e+04
2.740953659142725883e+04
2.681913791294147813e+04
2.706976462633116171e+04
2.371263587978152282e+04
2.668830118799507181e+04
2.501078245599814545e+04
2.593906492892379174e+04
2.550156326037706094e+04
2.729111989102720327e+04
2.500117628397724911e+04
2.691839956455274660e+04
2.593447410649292578e+04
2.716654760076247476e+04
2.536449542266530625e+04
2.594771478175958327e+04
2.413236951461973513e+04
2.271158384336366362e+04
2.511413212234177627e+04
2.717745302533193535e+04
2.583523422242485685e+04
2.524546359325885351e+04
2.492714453588914330e+04
2.679307003616532165e+04
2.645590121358964825e+04
2.632893335030319213e+04
2.545941961601393996e+04
2.751150738886042745e+04
2.582144841674173949e+04
2.626980463804285682e+04
2.737705602864387765e+04
2.660402595617864426e+04
2.704018669699610473e+04
2.501042307198889466e+04
2.722368933094201930e+04
2.236199841188086430e+04
2.761371750092419825e+04
2.491037967695485349e+04
2.695778514353143328e+04
2.393293062755641586e+04
2.126005635406781948e+04
2.508804976610665108e+04
2.456032433006719657e+04
2.644870070691293949e+04
2.376423647675522079e+04
2.655927000845743169e+04
2.780251423353723658e+04
2.449816058640647680e+04
2.715395278569763832e+04
2.517547901273466778e+04
2.724005787719103319e+04
2.693648241348896772e+04
2.519471837553007572e+04
2.607815581127224868e+04
2.671819330710461873e+04
2.512582193557053688e+04
2.566717818138706571e+04
2.473266988314875198e+04
2.421019486888765823e+04
2.546737768692189275e+04
2.278452031201005957e+04
2.520843443706276594e+04
2.584387836727070680e+04
2.547523388387849263e+04
2.745839715790485207e+04
2.511386771187449631e+04
2.586641560450256657e+04
2.662898784380633151e+04
2.774348806394341227e+04
2.544103895197578095e+04
2.469792835052213923e+04
2.514250163125543622e+04
2.603737376412934827e+04
2.519390017957517557e+04
2.742903077885177481e+04
2.683867879279355839e+04
2.606338893887796803e+04
2.774873932165480073e+04
2.752412494336811142e+04
2.698782500697834621e+04
2.742825229203506387e+04
2.669696691071508758e+04
2.450022128922231786e+04
2.604919856331791016e+04
2.768246558804681990e+04
2.387201706842050771e+04
2.707637587219510169e+04
2.742311359204246764e+04
2.093924696122896421e+04
2.719123239632793775e+04
2.709562857921652176e+04
2.503135569093369486e+04
2.262292762726947694e+04
2.566229276687925085e+04
2.690454880274858442e+04
2.667736461812480047e+04
2.576772981477287249e+04
2.559868433989962068e+04
2.748702427859367162e+04
2.670750466066331137e+04
2.721218739697710043e+04
2.405536850634540679e+04
2.581859889460050181e+04
2.775694721743600894e+04
2.555868601423451764e+04
2.585298820606930531e+04
2.642666583879456084e+04
2.421839991816664406e+04
2.332838268081122806e+04
2.730780348796498583e+04
2.485293044354980520e+04
2.462754455489852262e+04
2.626367433546023676e+04
2.748552155682801458e+04
2.515193314851676041e+04
2.614230256865837146e+04
2.579273560893056856e+04
2.528413966429989887e+04
2.722276423563730350e+04
2.771080218474185676e+04
2.764014940010224018e+04
2.448934825578154778e+04
2.650759133736038348e+04
2.441613704702857649e+04
2.690560948712228856e+04
2.360229167039620734e+04
2.722986268907811973e+04
2.346021158498001023e+04
2.454307834597737019e+04
2.777384422791365796e+04
2.634140185005318926e+04
2.603523632291046306e+04
2.630916798987659058e+04
2.769733013978541203e+04
2.766098805510763486e+04
2.511425425757526682e+04
2.491559628265819993e+04
2.521301293101688861e+04
2.454307834597737019e+04
2.629499431895947055e+04
2.539487054726525457e+04
2.483415283429703413e+04
2.752811402516939415e+04
2.592585266107504867e+04
2.439289367331616086e+04
2.705381593233520107e+04
2.702179081742277413e+04
2.727131905199852190e+04
2.566245806560879282e+04
2.534677093925743247e+04
2.429272348710232473e+04
2.607399596955304878e+04
2.448934825578154778e+04
2.749934344412523205e+04
2.761984308709807374e+04
2.663009490036786156e+04
2.541614381609486009e+04
2.599194934624019152e+04
2.430243560317303491e+04
2.697865700832238508e+04
2.504049928474736225e+04
2.531762114493691115e+04
2.691862483771607367e+04
2.596985778617492906e+04
2.765956339738792667e+04
2.407706115706785204e+04
2.241841117375626345e+04
2.524622006978329591e+04
2.503242710570852796e+04
2.214532188385880363e+04
2.569811249601109739e+04
2.371998028148995218e+04
2.551582030355117968e+04
2.643761071925292345e+04
2.410245323302740144e+04
2.326815504072035037e+04
2.656318518610460160e+04
2.697050646006054012e+04
1.607050678264130329e+04
2.301391213139779211e+04
2.530970465549266373e+04
2.449496199108340079e+04
2.405536850634540679e+04
2.371998028148995218e+04
2.716750737555530213e+04
2.586157400898262131e+04
2.565084706753830687e+04
2.505011895323273347e+04
2.628755940321138405e+04
2.611789046111732750e+04
2.650509942257638977e+04
2.586227971151310339e+04
2.420988189632390640e+04
1.688726300139634259e+04
2.602764081790526689e+04
2.396038873628825968e+04
2.468788327540322280e+04
2.483584551185111195e+04
2.552489354403113612e+04
2.748939528411976426e+04
2.643070837945569656e+04
2.665116439800039734e+04
2.680496661515031519e+04
2.672212064562039450e+04
2.614073103361538961e+04
2.633582728657886764e+04
2.638014407938732984e+04
2.632585428169336956e+04
2.516005063909617456e+04
2.692447520337529932e+04
2.771733634701761912e+04
2.650922589770938794e+04
2.567000499851089990e+04
2.725550264048887766e+04
2.267660454438838497e+04
2.690894281073392267e+04
2.699619274984306321e+04
2.501758114370496332e+04
2.451788209397112951e+04
2.320674958544845140e+04
2.718010486115999083e+04
2.753443378270709945e+04
2.678164877649300615e+04
2.754679563715589757e+04
2.492704355986321025e+04
2.522351062757441832e+04
2.358301709520961958e+04
2.608696542437384778e+04
2.728030610552451617e+04
2.733625870109740208e+04
2.382663616605658899e+04
2.503111704508951152e+04
2.488983524165269409e+04
2.769810517289759446e+04
2.445759040941858257e+04
2.628057313937080107e+04
2.725868792640144238e+04
2.762521951553345207e+04
2.764159027128070738e+04
2.524862294241244672e+04
2.706966377775966976e+04
2.019098302379520828e+04
2.418936916939928051e+04
2.756057952309293250e+04
2.497641020903602839e+04
1.972905287198093356e+04
2.462404354809615324e+04
2.349600399985771946e+04
2.408647734644448428e+04
2.708296829456432897e+04
2.652543467851393507e+04
2.557882033754366057e+04
2.697120595947060792e+04
2.509928202971883002e+04
2.773435884256077770e+04
2.706411456668018945e+04
2.704205441912277456e+04
2.291969245346478056e+04
2.539533680753059161e+04
2.668310443263383786e+04
2.540246291238968115e+04
2.439998089593209443e+04
2.686585114962903026e+04
2.601800640365525396e+04
2.607399846215539219e+04
2.719123239632793775e+04
2.555214639103145964e+04
2.763538945785866235e+04
2.402860190752136623e+04
2.555918084082245332e+04
2.664149381278160945e+04
2.286547877631074880e+04
2.766013061121595820e+04
2.379057070502841816e+04
2.756057952309293250e+04
2.479848226173206422e+04
2.635980867478582877e+04
2.721170357389954734e+04
2.548747859856166542e+04
2.708622953409779439e+04
2.232052149181715504e+04
2.598497260240901232e+04
2.690579909880861669e+04
2.501078245599814545e+04
2.561816731269528827e+04
2.029377651567239809e+04
2.632847235546159936e+04
2.647730339345026005e+04
2.724948818450159160e+04
2.571953662207978050e+04
2.714207029097832856e+04
2.469116705934978381e+04
2.749878365934581234e+04
2.565762485695991199e+04
2.638448032020959363e+04
2.552720016471019335e+04
2.501611006118194928e+04
2.689681168106309269e+04
2.736308602767907360e+04
2.721164987860163092e+04
2.725242254612968827e+04
2.596570186909818949e+04
2.482345490082803008e+04
2.470306993441010854e+04
2.613575963484102613e+04
2.710498033879127615e+04
2.781650756127520071e+04
2.277808156574838358e+04
2.701716810081551012e+04
2.736321070826482173e+04
2.596970404136953948e+04
2.579249367597886885e+04
2.563424005868118547e+04
2.649430914964147087e+04
2.587089142920150698e+04
2.405678907467084355e+04
2.669491551969736975e+04
2.565979661010130076e+04
2.631361826856478001e+04
2.661024367172091297e+04
2.714086359445848939e+04
2.387201706842050771e+04
2.496732828412753952e+04
2.659152889351093836e+04
2.609018776910324596e+04
2.634272212071630202e+04
2.494082194075140069e+04
2.726273776891116722e+04
2.723489966333577831e+04
2.757401506010647790e+04
2.593804283227726773e+04
2.655490821742234039e+04
2.780625383572375358e+04
2.731242165552788356e+04
2.529723116842126547e+04
1.666742837606864850e+04
2.623989908362851929e+04
2.482591568883348737e+04
2.730780348796498583e+04
2.619630021346794092e+04
2.745757149315071729e+04
2.385795465692885045e+04
2.770860977572947013e+04
2.727090378897159098e+04
2.489257320463078213e+04
2.707325961299071787e+04
2.704479625112185386e+04
2.660232396267819422e+04
2.767295914976714994e+04
2.337815525781389078e+04
2.498773811303008551e+04
2.775527362684217587e+04
2.777142508480943070e+04
2.575835627992940863e+04
2.773435884256077770e+04
2.605088641526953870e+04
2.486473502307109811e+04
2.645528958734741900e+04
2.620606363079615039e+04
2.581761373729627667e+04
2.544703923653069069e+04
2.551604170471359976e+04
1.913288729555944519e+04
2.499256152354136066e+04
2.680188930162004181e+04
2.648461933843813313e+04
2.640537772607713850e+04
2.760388021773253058e+04
2.549652858668605768e+04
2.668636503188811912e+04
2.780977530950520304e+04
2.763275555773015367e+04
2.538466028066080980e+04
2.547767543542467683e+04
2.640295237308691139e+04
2.623654500273922167e+04
2.557142173510002249e+04
2.590401973815576275e+04
2.699274021120740508e+04
2.769767706749678473e+04
2.606157071493771218e+04
2.646775626444339287e+04
2.645439298811297340e+04
2.667742513820286695e+04
2.091956794130311027e+04
2.546954904352918675e+04
2.669894813667824565e+04
2.774493207245708618e+04
1.582619693252406250e+04
2.726437732227388915e+04
2.491108725088088249e+04
2.474156187920719822e+04
2.581407057781087133e+04
2.413236951461973513e+04
2.542377106654747331e+04
2.588073377313206583e+04
2.550719562950466570e+04
1.805937863950787141e+04
2.504051030764709139e+04
2.619283654266451776e+04
2.519776675013187560e+04
2.760115568556413928e+04
2.636629484429529839e+04
2.689619521483195786e+04
2.575494826416475553e+04
2.684793900131656846e+04
2.551323130117213441e+04
2.698698184458093237e+04
2.714207029097832856e+04
2.493999889111024459e+04
2.689655476169504254e+04
2.724661612975192838e+04
2.495472003638960450e+04
2.655570144707601867e+04
2.615219156712318363e+04
2.743597063227430044e+04
2.658336457782045181e+04
2.667441394104854407e+04
2.575150891867278551e+04
2.665973294253442509e+04
2.731217808984617295e+04
2.668067962073197850e+04
2.709562857921652176e+04
2.766149704444724193e+04
2.722295081878623751e+04
2.775917299029409332e+04
2.742222696712991456e+04
2.673402701032505865e+04
2.769911537905315345e+04
2.746070417205908234e+04
2.485577237255853834e+04
2.775322625954546675e+04
2.520993558320179000e+04
2.502598175900526257e+04
2.741630211443766893e+04
2.503093688832272164e+04
2.478481453067639450e+04
2.613587202061397693e+04
2.486857844379583548e+04
2.700958139742650746e+04
2.712991764592434629e+04
2.687019865952871623e+04
2.671795793516947015e+04
2.623939625911719486e+04
2.782275475226914568e+04
2.505106225672256551e+04
2.005026079346537881e+04
2.451690340011053922e+04
2.741507359816389362e+04
2.782072624559065662e+04
2.591736272513150470e+04
2.557877045478938089e+04
2.342913121922496430e+04
2.640075722453333583e+04
2.530353143898990675e+04
2.436504833973251880e+04
2.686339393266866682e+04
2.714831556557455042e+04
2.628662753125376184e+04
2.028008008704284293e+04
2.596205916973741114e+04
2.486429259509439726e+04
2.645862077273954492e+04
2.180899360058753518e+04
2.405536850634540679e+04
2.683887788242718671e+04
2.677503760218023672e+04
2.637307069661362766e+04
2.778815615865347718e+04
2.522043032887507434e+04
2.546646834832846071e+04
2.420380616418793215e+04
2.628555606565396738e+04
2.660319192349852892e+04
2.370511716364389576e+04
1.884919168411663850e+04
2.534495302672052640e+04
2.780586530830446645e+04
2.732366712273740268e+04
2.777059877689339919e+04
2.578814138936181917e+04
2.749624288249048186e+04
2.443502481656277087e+04
2.771558291363975877e+04
2.554638074033391968e+04
2.610632900318576139e+04
2.746824029972028438e+04
2.444922506182472353e+04
2.367807625532821476e+04
2.665486481553929116e+04
2.650246161292712350e+04
2.483415283429703413e+04
2.736022298567956022e+04
2.131285341054029050e+04
2.429784266874918831e+04
2.556016058646923921e+04
2.728869563452677176e+04
2.603539340709853423e+04
2.770295272534160176e+04
2.675434638051950969e+04
2.678986332381533794e+04
2.463547105946797456e+04
2.667909374097368345e+04
2.402283039623429067e+04
2.670233453605639443e+04
2.593906492892379174e+04
2.641242639757682628e+04
2.518277540050506650e+04
2.651974067574397486e+04
2.515604868740403253e+04
2.497238541237151367e+04
2.543980566385260317e+04
2.610787340981452144e+04
2.686389260063962138e+04
2.651207434499506053e+04
2.550361744427789745e+04
2.537750011245506903e+04
2.652041628799907630e+04
2.698116999479929655e+04
2.612384941961255390e+04
2.776883140570823889e+04
2.739919408293585730e+04
2.736713131243039243e+04
2.212211589199217633e+04
2.764424685651017353e+04
1.948657619290648654e+04
2.771081557683003848e+04
2.778941374412055302e+04
2.683030107444694295e+04
2.716897825160081993e+04
2.359826443494088744e+04
2.705104551270163211e+04
2.510623297618803190e+04
2.492792296121444815e+04
2.722530640807588497e+04
2.291270900175063434e+04
2.697449351027743251e+04
2.702783751010409105e+04
2.691463496290482726e+04
2.632593051852001008e+04
2.407102234274986404e+04
2.438553637321141287e+04
2.400688267289255600e+04
2.707239200930299558e+04
2.433843728225787345e+04
2.615153192487508204e+04
2.717575259982355419e+04
2.498152586056229484e+04
2.224619911285746639e+04
2.641456870254853129e+04
2.668083334665080474e+04
2.709454442410484262e+04
2.485481785902081174e+04
2.735914429291227498e+04
2.182729462143072305e+04
2.765956339738792667e+04
1.580453753688583311e+04
2.504676451556174288e+04
2.713755154834729183e+04
2.516849751100203866e+04
2.510623297618803190e+04
2.321914041786178132e+04
2.637384457253263827e+04
2.634223661520312453e+04
2.441397095185560829e+04
2.510282722561492119e+04
2.500685039452532510e+04
2.666802703067001858e+04
2.504561548151293027e+04
2.707095655153733969e+04
2.477753454374856665e+04
2.627648614937125240e+04
2.590706099654267746e+04
2.695764562793778168e+04
1.764711962323154876e+04
2.739784554444145760e+04
2.767956540300184861e+04
2.713896259693321554e+04
2.610469689923029364e+04
2.482744683861715748e+04
2.709343770152815705e+04
2.700758255448170530e+04
2.687933585534876329e+04
2.428114131138946323e+04
2.564248835525374307e+04
2.768359858379541402e+04
2.758142834946907533e+04
2.596648281608540128e+04
2.615494326562803326e+04
2.591108441157103516e+04
2.719778678130867775e+04
2.426166950735485079e+04
2.772758106101260637e+04
2.753766637822113989e+04
2.536432811696992576e+04
2.579111682807297620e+04
2.639080690708273323e+04
2.723885811413179545e+04
2.650728241108312068e+04
2.495466195950267866e+04
2.431904093735736387e+04
2.520252184606909577e+04
2.694183739996866643e+04
2.503245028610929148e+04
2.683938392086067324e+04
2.719461351479043878e+04
1.827911700708462376e+04
2.707072864306343035e+04
2.721098624352296247e+04
2.430093320711077831e+04
2.726817492823109205e+04
2.497940850994482753e+04
2.555469723303869978e+04
2.437214949864232767e+04
2.773929857675846142e+04
2.459089740230600728e+04
2.410253296719372156e+04
2.570041899784762063e+04
2.533874674860726736e+04
2.632010207745398657e+04
2.410623602210721583e+04
1.933376833243017245e+04
2.776880530862377054e+04
2.542118460496373882e+04
2.375522039684499032e+04
2.653692281885289776e+04
2.428755960946161213e+04
2.730083260556799360e+04
2.543980566385260317e+04
2.712116947069630260e+04
2.597421893364675634e+04
2.593059385246499733e+04
1.570030971172041973e+04
2.667347340112226084e+04
2.756949745846203950e+04
2.632296418037237163e+04
2.555056948355158238e+04
2.689040800387124182e+04
2.557368730636181135e+04
2.497238541237151367e+04
2.630215402424166678e+04
2.588504918678360264e+04
2.577153415556991968e+04
2.756553154739754245e+04
2.596283770862356687e+04
2.462618514647145639e+04
2.499174289028399653e+04
2.535157875008111296e+04
2.718174231619878992e+04
2.415157453751160938e+04
2.430093320711077831e+04
2.610787340981452144e+04
2.659649084509763634e+04
2.611065241268146929e+04
2.646842536202226620e+04
2.413236951461973513e+04
2.765543622728063929e+04
2.557788975970613683e+04
2.561191925910552163e+04
2.559158198492433439e+04
2.585696474643662805e+04
2.510748134908771317e+04
2.637809116325885043e+04
2.425752122765058448e+04
2.589293719617505849e+04
2.745871014031928644e+04
2.735071424250288328e+04
2.439634513134484951e+04
2.667713249571000415e+04
2.685133735623163739e+04
2.595356754810775601e+04
2.490711464457618058e+04
2.510484064950724132e+04
2.443610985694607007e+04
2.595329777539300267e+04
2.463516285850847999e+04
2.773730497550713335e+04
2.645020775263338874e+04
2.592281741327722921e+04
2.710062633851925784e+04
2.510261355199725585e+04
2.767065490170781413e+04
2.595291390738702103e+04
2.625737560542942811e+04
2.669381662631373911e+04
2.759678485814128362e+04
2.405620749743015404e+04
2.559095002276397645e+04
2.526341931503167143e+04
2.321631381317785417e+04
2.414413002188289465e+04
2.731042542695428710e+04
2.671343207426347362e+04
2.595697302419247717e+04
2.740930260125698987e+04
2.509881432954441334e+04
2.505081225676014947e+04
2.429432313287620491e+04
2.782072624559065662e+04
2.562053264374613718e+04
2.449670689333669361e+04
2.504051030764709139e+04
2.608770976736152079e+04
2.630749931777321763e+04
2.738647565622049297e+04
2.633556770511781360e+04
2.781944875439952739e+04
2.743995532030935283e+04
2.495661926367257911e+04
2.739417756592306250e+04
2.681144951753053101e+04
2.771026674272829405e+04
2.185273957992276701e+04
1.460504152262704520e+04
2.593347349155811389e+04
2.044508654624469636e+04
2.602478672040816309e+04
2.705850255426255171e+04
2.532120395070757513e+04
2.673405417140921054e+04
2.481709286500934468e+04
2.622460728060645852e+04
2.730720594691613587e+04
2.020017459163786043e+04
2.703428333188054967e+04
2.752713820248499542e+04
2.670478125953784911e+04
2.738488634222073597e+04
2.522525803956102754e+04
2.546560013127724960e+04
2.761136423427248519e+04
2.699448243213433307e+04
1.949542227709571671e+04
2.459042966455560963e+04
2.706514337125038583e+04
2.623989908362851929e+04
2.508951182188274106e+04
2.677680029681127053e+04
2.650997045358468313e+04
2.590455408649619130e+04
2.133739476964135247e+04
2.507210845966635316e+04
2.568029798025928540e+04
2.645328509716464760e+04
2.411173126409656106e+04
2.578085679024823912e+04
2.762362689638160009e+04
2.702783751010409105e+04
