1.187625315316033266e+04
1.258039646176063616e+04
1.255514434639184401e+04
9.742615567806005856e+03
1.240431191547914204e+04
1.075078034930503600e+04
1.149555536180413037e+04
1.231714645635039233e+04
1.175637913020983979e+04
1.129859391217410302e+04
1.207038794837677415e+04
1.075116018629750033e+04
1.084373885757062453e+04
1.154765151709585916e+04
1.269370482155208811e+04
1.162388266870762163e+04
1.254546153900383433e+04
1.263215938013079540e+04
1.153314101966765702e+04
1.093091923361542649e+04
1.198920805118053613e+04
1.174929118808948988e+04
1.160364142554833961e+04
1.090097668038199663e+04
1.130220796454348238e+04
1.258865972552465064e+04
1.208997965708667107e+04
1.105544924091380017e+04
1.256648935325468483e+04
1.240461534128162930e+04
1.152246182786030295e+04
1.229633533833741603e+04
1.141450894749805593e+04
1.200012862309036973e+04
1.190202540306318406e+04
1.263310158369299643e+04
1.162900851778853939e+04
1.258693228114828889e+04
1.259537156876662266e+04
1.213514831706293626e+04
1.075403391492530500e+04
1.258894669681160849e+04
1.192025537160132990e+04
1.183617538860154127e+04
1.138669523438981014e+04
9.615203857850414352e+03
1.214972886520531392e+04
1.230370148338370564e+04
1.232728370988045390e+04
1.198667060342911645e+04
1.183402985573186197e+04
1.217906762000862000e+04
9.580452479386400228e+03
1.111487622686047507e+04
1.143365504401138423e+04
1.201203830741144338e+04
1.252593953032139507e+04
1.256005475869931252e+04
1.199940787715287297e+04
1.215828679578130686e+04
1.251655117544857785e+04
1.129575542631002827e+04
1.110759035547610256e+04
1.217559619054970426e+04
9.953249426362448503e+03
1.047989092589264692e+04
1.229218133382867381e+04
1.231151800827363513e+04
1.140468346307694810e+04
1.149995762210861722e+04
1.029627358812840430e+04
1.261559464255887542e+04
1.174122771000239663e+04
1.262943923711591560e+04
1.253145499062411545e+04
1.213316646663291795e+04
9.314482422301927727e+03
1.241284976212272159e+04
1.198556632355321926e+04
1.178983259922140132e+04
1.220893361595245187e+04
1.041169983081784812e+04
1.127902654633693601e+04
1.172149726691528849e+04
1.228817346136882406e+04
1.034366303907275142e+04
1.052514753741383902e+04
1.238836578353230470e+04
1.097167110770722138e+04
1.209344575617330156e+04
1.200012862309036973e+04
1.096221056856251016e+04
1.132161933834784941e+04
1.161855105480121711e+04
1.111575859746873903e+04
1.246924507006504246e+04
1.246471767766557241e+04
1.177625509625656377e+04
1.234870227411250198e+04
1.163033382234370220e+04
1.125825307655647339e+04
8.555911254309692595e+03
1.142591522254026131e+04
1.230411947644565589e+04
1.173715885487051310e+04
1.114796173677943443e+04
1.194047116830761297e+04
1.180265932438299569e+04
1.058509122075729829e+04
1.220073998977920746e+04
1.242958061445329258e+04
1.192432433290200788e+04
1.265154747329188467e+04
1.186548619727605728e+04
1.257437429512229755e+04
1.057924169566191085e+04
1.210355746415820977e+04
8.957697867910948844e+03
1.001137297118026436e+04
1.221080025127901536e+04
9.555925208070701046e+03
1.166852616009418125e+04
1.193953855685431699e+04
1.160266995916662563e+04
1.161824235923646302e+04
1.267013493504296275e+04
1.142095831265277229e+04
1.035159547662768091e+04
1.080644313942163353e+04
1.110052935050927590e+04
9.798400630185195041e+03
1.010535617406076199e+04
1.242523250246802127e+04
1.236113711080077519e+04
1.163391781337410612e+04
1.227523354485343953e+04
1.184486904417145706e+04
1.209962069211020207e+04
1.253815252531724582e+04
1.259168383237970374e+04
1.173546151077404829e+04
1.187132622739500948e+04
1.226095445625433422e+04
1.223319630294990384e+04
1.191369996359537618e+04
1.204288989702520848e+04
1.149300335238048501e+04
1.179066164580593431e+04
9.166761191186826181e+03
1.237840474158853249e+04
1.241590064106827049e+04
1.205743639185281427e+04
1.145858144445822654e+04
1.188336281659415181e+04
1.168427736871388697e+04
1.269251806858811506e+04
1.148007409394626666e+04
1.222425131872183192e+04
1.088620222388179172e+04
1.122977097842690273e+04
1.139238649785417147e+04
1.174722641314058455e+04
1.184867213670928140e+04
1.227793584120150626e+04
1.223021616124851062e+04
1.247979521074939839e+04
1.208588997502169877e+04
1.230560174994240697e+04
1.268051193091288587e+04
1.266332965878221330e+04
1.116402935504945890e+04
1.210839792172026137e+04
1.054059953157599375e+04
1.175676812930631786e+04
1.198981145313777779e+04
1.255503415004816088e+04
1.261566139194562493e+04
1.251572117125531440e+04
1.151119497356068860e+04
1.191778594275792784e+04
1.148630129208631479e+04
1.135258090624161923e+04
1.267279885198310149e+04
1.170790081997064226e+04
1.088366715876520720e+04
1.109768225905832151e+04
1.135358534447262173e+04
1.257973275089886738e+04
1.202254244926462889e+04
1.098561737272464779e+04
1.022696192488841552e+04
1.234171196578651143e+04
1.048227881714175601e+04
1.087421524056400995e+04
1.190733902466302607e+04
1.244179068178089074e+04
1.259925108994925358e+04
1.238380709814873990e+04
1.247287753689266174e+04
1.255802957209813030e+04
1.261626502443936442e+04
1.254384954186768118e+04
1.200012862309036973e+04
1.168952361254195785e+04
1.246547281194461721e+04
1.143365504401138423e+04
1.122854514281321462e+04
1.168524181596458948e+04
1.253583748599692990e+04
1.008862699929499468e+04
1.081486766770038957e+04
1.207239199011658638e+04
1.240726270561461934e+04
1.034657377151926448e+04
1.264975245168012771e+04
1.140610446710075666e+04
1.229144897741762907e+04
1.244171157952340582e+04
1.096753636457917855e+04
1.225008624026948746e+04
1.119988428505343109e+04
8.387654351046057855e+03
1.198287228056884123e+04
1.249518252480988485e+04
1.168524181596458948e+04
8.944119556686604483e+03
1.245600853370114237e+04
1.097265547373997833e+04
1.199320147663211173e+04
1.255030763069707427e+04
1.221956774442871028e+04
1.013470161833424754e+04
1.125487995249218875e+04
1.227728495730436043e+04
1.172747658341457645e+04
1.163240210793923325e+04
1.257148670148949532e+04
1.215573257334605660e+04
1.202929856699505035e+04
1.211396602827389142e+04
9.717802202768831194e+03
1.095421037954747044e+04
1.206480536839863453e+04
1.242224426012885669e+04
1.265112426414353649e+04
1.162458892112127432e+04
1.073553032356739277e+04
1.151244254420929792e+04
1.078463915408674256e+04
1.229707026139394293e+04
1.242014892720991702e+04
1.089231535223326864e+04
1.163650245512971560e+04
1.260205043292301343e+04
1.029610748342595980e+04
1.254978079708897167e+04
1.254129229064194078e+04
1.139685735757551811e+04
1.076450604773123268e+04
1.267423542968037145e+04
1.244649091038625920e+04
1.219283306747298593e+04
1.034723748519707442e+04
1.209567183423977440e+04
1.049096334616897730e+04
1.153761307682782353e+04
1.177331094056366237e+04
1.123593256254235894e+04
1.227535099228188119e+04
1.232460798647225238e+04
1.037147308293835704e+04
1.126228253072512598e+04
1.232410432218693677e+04
1.100854942008755461e+04
1.159197365794276084e+04
1.147131645793947246e+04
1.168262746446009987e+04
1.241641480800244972e+04
1.227270341799834932e+04
1.212041561083610395e+04
1.152208471899106007e+04
1.107398513756794273e+04
1.203634261806056020e+04
1.090695483783784402e+04
1.130550637629074117e+04
1.187475702938576069e+04
1.179724155407572653e+04
1.134063204965631303e+04
1.257617466671475631e+04
1.261524037574172326e+04
1.152017824292853766e+04
1.255483062822926877e+04
1.240844286680030382e+04
1.116147604300977400e+04
1.266233068190022459e+04
1.188906265454061941e+04
1.214293028518108986e+04
1.263194476196009782e+04
1.190782000652738498e+04
1.230756970613314297e+04
1.054645096662268406e+04
1.244135940731741721e+04
1.081116967345133526e+04
1.080964440667075905e+04
1.158813318691619497e+04
1.195020451031220909e+04
1.222983326196924827e+04
1.083996631651200005e+04
1.232872497773510986e+04
1.255307969806918118e+04
1.195198083949285865e+04
1.197729861692185659e+04
1.142278886733365653e+04
1.175315360992944625e+04
1.139945761650074746e+04
1.207797732518574412e+04
9.789020402868176461e+03
1.178983259922140132e+04
1.058408713451607764e+04
1.043425443349033958e+04
1.180761832422242514e+04
9.539783620544501900e+03
1.208668200657029229e+04
1.268355342793383716e+04
1.225717606270901888e+04
1.264588903755148385e+04
1.195575365695661276e+04
1.258372092489432544e+04
1.217075463626961937e+04
1.116074085155388093e+04
1.101735616807492988e+04
1.211382048066105381e+04
1.049277448891697168e+04
1.176542320806584939e+04
1.165195041634614972e+04
1.061345901983426666e+04
1.118442605241501587e+04
1.266949947896097365e+04
1.257547065354524966e+04
1.162281683884247468e+04
1.134166680065425317e+04
1.262571813279686103e+04
1.063377555932262476e+04
1.156958633332964382e+04
1.169470607229066263e+04
1.240696063155258889e+04
1.206897263681582626e+04
1.099086087438709001e+04
1.187785577743633803e+04
1.125058142363679144e+04
1.195597621402908044e+04
1.218990757054714777e+04
1.072079828086653288e+04
9.659774170764452720e+03
1.222676024811027310e+04
1.206207687051196262e+04
1.201491955331688223e+04
1.253583748599692990e+04
1.266159605729500436e+04
1.252483386907654676e+04
1.172787519422339392e+04
1.055313250382303158e+04
1.102795289029001287e+04
1.102559653601379432e+04
1.205023116877636312e+04
1.181343439177071195e+04
1.172571810500387619e+04
1.037540249988227879e+04
1.170742034371174850e+04
1.269052706047952415e+04
1.205827025677966049e+04
1.226659155132779051e+04
1.268892132194159240e+04
1.249545844871224836e+04
1.098055580192857815e+04
1.164434638179726244e+04
1.202299957746447217e+04
1.108005910835047325e+04
9.651711174605577980e+03
1.267047567721881751e+04
1.267571863576596479e+04
1.257168774347779072e+04
9.673389955414098949e+03
1.205290252085770044e+04
1.205018819985399750e+04
1.232696189624949875e+04
1.249524091747850252e+04
1.153066715562993159e+04
1.100784227428772647e+04
1.210793756289088378e+04
1.025472178955351046e+04
1.211141497467300360e+04
1.179019042211798114e+04
1.058897830521368087e+04
1.099284765660277117e+04
1.175057579661777709e+04
1.184380539985893301e+04
1.159131344097000874e+04
1.192327940392611708e+04
1.200799883741365556e+04
1.163759007631762506e+04
1.260544271322707937e+04
1.176693769420741228e+04
1.245407060719675064e+04
1.261606044824736091e+04
1.234207117352193745e+04
9.120405640503522591e+03
1.230039963470531802e+04
1.159247029464634215e+04
1.213386067926225769e+04
1.186284216861550340e+04
1.243473061545204473e+04
1.168977310087119986e+04
1.235219404997229140e+04
1.218865778833530203e+04
1.198464185411565268e+04
1.197933309157674739e+04
1.222671627947496199e+04
1.147382590426082788e+04
1.112103540927898939e+04
1.143297097315451902e+04
1.253644890318289436e+04
1.118730383984067885e+04
1.089537463023524469e+04
1.082653512436909841e+04
9.627164973581806407e+03
1.228850830595663319e+04
1.149403816209811339e+04
1.053093594063132332e+04
1.090636284429966327e+04
1.250854158208779700e+04
1.146224212527528471e+04
1.239923770477376456e+04
1.262041497509620604e+04
1.216395004037793660e+04
1.261798721699271300e+04
1.173822528540937310e+04
1.071930469179385545e+04
9.493726547657101037e+03
1.257341277097430066e+04
1.231065688090076219e+04
1.129034003988819677e+04
1.267240490437920380e+04
1.067266459362889145e+04
1.162414471584931198e+04
1.245109577671741135e+04
1.087172866916090970e+04
1.264978168529485447e+04
1.180155943747435413e+04
9.140157541543025218e+03
1.265327423824469588e+04
1.197194598993315958e+04
1.265167646595862243e+04
1.126933721769145814e+04
1.146874945953303904e+04
1.219046302364397525e+04
9.909461611086011544e+03
1.269018895340913878e+04
1.159247029464634215e+04
1.263873456162494222e+04
9.556183321327484009e+03
1.264042532747434234e+04
1.241122387908069504e+04
1.077381100156930916e+04
9.159912421241318953e+03
1.243714790940350213e+04
1.230567311859619986e+04
1.177971992948484149e+04
1.253499609650519415e+04
1.259711351303145784e+04
1.211089882463102549e+04
1.237597014138555096e+04
1.165479182084766217e+04
1.097826478382740243e+04
1.205035422778351131e+04
1.242985843127048975e+04
1.072363530654338683e+04
1.248649914433675076e+04
1.082664536322176355e+04
1.200564147403273091e+04
1.187132622739500948e+04
1.213298897943403790e+04
1.254929491589381723e+04
1.087497459782554506e+04
1.166704951050531963e+04
1.183536322690870293e+04
1.247142421534598179e+04
1.265995105029825936e+04
1.050328821778453857e+04
1.139764570772129809e+04
1.249393719836516357e+04
1.111883584402279484e+04
1.232666461310956947e+04
1.093320368459578458e+04
1.247117059966288616e+04
1.199482490465340743e+04
1.269085033955342442e+04
1.248734559333730613e+04
1.186090064146190707e+04
1.024378653012392897e+04
1.129708194812743022e+04
1.218453729677711817e+04
1.104833288201401956e+04
1.257056480938700042e+04
1.191739885480337398e+04
1.233262293068071813e+04
1.221403776851641487e+04
1.257700247589233913e+04
1.225210442447870082e+04
1.155954428991631539e+04
1.182461771108444373e+04
1.099537993195698255e+04
1.223588168244855115e+04
1.181895294722115614e+04
1.266943059967581576e+04
1.068252068341290942e+04
1.223817440489907312e+04
1.214402441345867919e+04
1.245907904381689150e+04
1.150193777232503271e+04
1.268131022637023852e+04
1.243473061545204473e+04
1.257416515295893987e+04
1.078103831812638964e+04
1.175483900759365315e+04
1.117016135211421897e+04
1.248888036147824278e+04
1.119088406114022655e+04
1.153488496296692028e+04
1.182717021923605535e+04
1.256981951102260427e+04
1.198920805118053613e+04
1.195383002278322601e+04
1.218690029831392530e+04
1.125487995249218875e+04
1.125907905319462589e+04
1.224593736192094730e+04
1.263692071906650199e+04
1.158211035767916474e+04
1.259846501057836394e+04
1.137135389973883866e+04
1.212321048176518707e+04
1.019263787383933413e+04
1.199784344855977724e+04
1.129344109119565837e+04
1.208300757722540220e+04
1.220166503036676477e+04
9.832837655700312098e+03
1.113504507500966793e+04
1.122977097842690273e+04
1.106033258453523376e+04
8.357115635935602768e+03
1.254226427457996760e+04
1.173593034933370109e+04
1.078459275618385800e+04
1.079014073154771177e+04
1.140610446710075666e+04
1.204436091036778089e+04
1.215506498729583836e+04
1.180988016732451615e+04
1.221680768132807862e+04
1.088984927825076375e+04
1.210985854151087369e+04
1.197890017495009488e+04
1.231909689403162520e+04
1.229514450305587889e+04
1.170872616483246384e+04
1.221984539451058481e+04
1.213476010470936308e+04
9.372592128650527229e+03
1.247946103057604341e+04
1.210994183636617709e+04
1.148911475542730295e+04
1.158064900051877339e+04
1.190111919228121951e+04
1.026935786165756872e+04
1.265606624614565226e+04
1.159247029464634215e+04
1.249038410828701672e+04
1.241153681948942904e+04
1.226364384018545388e+04
1.009124263696362505e+04
1.264398292581526403e+04
9.469598856682181577e+03
1.236906159630170805e+04
1.217559619054970426e+04
8.995181883609699071e+03
1.255030864199084681e+04
1.176936923668822419e+04
1.251022581657890623e+04
1.246927685115424538e+04
1.053753809429919420e+04
1.262583503744435075e+04
1.221657522885382059e+04
1.136585585050383634e+04
1.146819364004510498e+04
1.167942152510394226e+04
1.224437283419169398e+04
1.265225713882992932e+04
1.261932158920607435e+04
1.234106519321716405e+04
1.114456542463221740e+04
1.216575354110431363e+04
1.259250526879142672e+04
1.175939181470636322e+04
1.085327083080291050e+04
1.207017179317790578e+04
1.120979302222209299e+04
1.133983931135515923e+04
1.214222656226949948e+04
1.223431078691525545e+04
1.107164699973940515e+04
1.231093425350090547e+04
1.193718688954585559e+04
1.091765327441685804e+04
1.156585825800622843e+04
1.233960139468518719e+04
1.246835438576165325e+04
1.194659747927828357e+04
1.238079903533861216e+04
1.201225418809478469e+04
1.213210446289007268e+04
1.163385742216488870e+04
1.112358148377326143e+04
1.230608570226719894e+04
1.242093502818220077e+04
1.156051423997449820e+04
1.252994098852342540e+04
1.056558407435535628e+04
1.094006638246969305e+04
1.245385856262878951e+04
1.234537033227177926e+04
1.146015022269974179e+04
1.110071381329837277e+04
1.137687541690076614e+04
1.160055380679597874e+04
1.070809122196284443e+04
1.132376588163078486e+04
1.256880938556472574e+04
1.242885445493195584e+04
1.267203700743103946e+04
1.251099596490771728e+04
1.267869945649573492e+04
1.256560496633637740e+04
1.000823169327649703e+04
1.266749093670379443e+04
1.269243733947161854e+04
1.191678974753524926e+04
1.153375536474110049e+04
1.159069692159256010e+04
1.169489839301347092e+04
1.221919751291715875e+04
1.267203700743103946e+04
1.232879488920966105e+04
1.244710151232468888e+04
1.194357520765953086e+04
1.150125996727431630e+04
1.267356066348876084e+04
1.193052247600511873e+04
1.191214749805663087e+04
1.256039691653227965e+04
9.288102818583149201e+03
1.087497459782554506e+04
1.156958633332964382e+04
1.066178777082113811e+04
1.262647477173610969e+04
1.232424124090890655e+04
9.864799141103891088e+03
1.224698868027250683e+04
1.071104152657306440e+04
1.243473061545204473e+04
1.138093610857049862e+04
1.248617530866648667e+04
9.113576871495522937e+03
1.217906762000862000e+04
1.238036372196104639e+04
1.261951101793372436e+04
1.232779942527338244e+04
1.034678650907239717e+04
8.762612644554363214e+03
1.211089882463102549e+04
1.238613459884189797e+04
1.236906159630170805e+04
1.219651160856659772e+04
1.246481571442252971e+04
1.172275484184930974e+04
1.191735828884099101e+04
1.161021213795881340e+04
1.269085033955342442e+04
1.212470183765077672e+04
1.212100581280643019e+04
1.263749692195604621e+04
1.149042415238361718e+04
1.175715989251558858e+04
1.173937965286021063e+04
1.147869048803388614e+04
1.249597008187564279e+04
1.190148153441278555e+04
1.232231044812338587e+04
1.221030400250560160e+04
1.232010176053586474e+04
1.188084696654993240e+04
1.172776868856534566e+04
1.216409277760782788e+04
1.134001820912305084e+04
1.124205144675223528e+04
1.262188119015932534e+04
1.197669058869169385e+04
1.202730837691152919e+04
1.265447591744012243e+04
1.211301882330151602e+04
1.218453729677711817e+04
1.136923554903712466e+04
1.167817844444085313e+04
1.255271356488569654e+04
9.409511455713331088e+03
1.208631636995537519e+04
1.122263868422034284e+04
1.242093502818220077e+04
1.187100232302255245e+04
1.203567552939258167e+04
1.222768235712483147e+04
1.263430126593489513e+04
1.212624185417462104e+04
1.185946214773960128e+04
1.160536399302800237e+04
1.236985431617256290e+04
1.206696507457062216e+04
1.155576165415145442e+04
1.120970327507986804e+04
1.245831322052769792e+04
1.068851151958709670e+04
1.011223999169594936e+04
1.187284889537243362e+04
1.243598387438519785e+04
1.257578168891490714e+04
1.229654866720508289e+04
1.214331421687724833e+04
1.162157924369556713e+04
1.132823730298203554e+04
1.144137555246881493e+04
1.200731132928798252e+04
1.080427356206706099e+04
1.192270979456252826e+04
1.212295930545490410e+04
1.144681334560968389e+04
1.241864210310642011e+04
1.260351431539400255e+04
1.172527062996853419e+04
1.193508935350630600e+04
9.795346880821685772e+03
1.201374608461531170e+04
1.179120349583250754e+04
1.222174996695232039e+04
1.206928525319603614e+04
1.214954503438120992e+04
9.611602078783398611e+03
1.246275672485988616e+04
1.250444464394119132e+04
1.256155068650501562e+04
9.727674496054478368e+03
1.162818372748666843e+04
1.087121563415916535e+04
1.167664745624835996e+04
1.162267300111174336e+04
1.256954572748774444e+04
1.260279899209426003e+04
1.194394959098831896e+04
8.598180248618384212e+03
1.147627657757994530e+04
1.218689145350867693e+04
1.165100254191565909e+04
1.227516378248758701e+04
1.266512263147675367e+04
1.259260506943629298e+04
1.226361017963235645e+04
9.243520886384627374e+03
1.189534878679122994e+04
1.199858380626057624e+04
1.061841629305378410e+04
1.029804540360931423e+04
1.229211403149061880e+04
1.132434923164585234e+04
1.165715689342643782e+04
1.242957665308221294e+04
1.231035153875397737e+04
1.181915824696695199e+04
1.224247004459912387e+04
1.109567346675460794e+04
1.092784744843739645e+04
1.140053191860374500e+04
1.256344364823776596e+04
1.212081460633184543e+04
1.229707026139394293e+04
1.045463319828114982e+04
1.019748603060030655e+04
1.165266472677291313e+04
1.179973899101953975e+04
1.102525195673571761e+04
1.172074199474659326e+04
1.236951326541193157e+04
1.191940139293011453e+04
1.249780671698166771e+04
1.155059838270476757e+04
1.019263787383933413e+04
1.193415837507464676e+04
1.238301533856400602e+04
1.241793159137621114e+04
1.174877507414833599e+04
1.251032903768879805e+04
1.248065892920758415e+04
1.094535257097357680e+04
1.154675632250625495e+04
1.207452485590867582e+04
1.251523306183504974e+04
1.244364720099279293e+04
1.162981873151573200e+04
1.167141321766281908e+04
1.246744253829728950e+04
1.185859706586158791e+04
1.183258790594341190e+04
1.224662703711080576e+04
1.029804540360931423e+04
1.210930942076399879e+04
1.144830516464599714e+04
1.177105138208911012e+04
1.244769716034167868e+04
1.241990372753332304e+04
1.159027723328724460e+04
1.240871504890338110e+04
1.265020501943300769e+04
1.255660763242638495e+04
9.647198073997076790e+03
1.155389728188142908e+04
1.220043272958756643e+04
1.242412184275114487e+04
1.130299319452016425e+04
1.249518252480988485e+04
1.200990448192551776e+04
1.096105240134892665e+04
1.084433475737044137e+04
1.172274043287493078e+04
1.220991959254882204e+04
1.140258253589636661e+04
1.206323357242774000e+04
1.103723042606797389e+04
1.185170405796605155e+04
1.032011623031216004e+04
1.156388276807701186e+04
9.767070027552323154e+03
1.176041535267214385e+04
1.253299264513609160e+04
1.105379335236720544e+04
1.234661839788740872e+04
1.119859961034666958e+04
1.194820456170012403e+04
1.196958910069701597e+04
1.176376640241062705e+04
1.236696471184072470e+04
1.228727210236439169e+04
1.227246586370918521e+04
1.229700040932226511e+04
1.269329490767220886e+04
1.263111499072194965e+04
1.192592032571782693e+04
1.123817179778802165e+04
1.122857052660257796e+04
1.204186038428736356e+04
1.259900865928022358e+04
1.249427421729964044e+04
1.174693630967473291e+04
1.183386009448771256e+04
1.188633602208909542e+04
1.268971897761174114e+04
1.243568618248121493e+04
1.241864210310642011e+04
1.132069186214965521e+04
1.268002021380302904e+04
1.184377239410422953e+04
1.015868002992278161e+04
1.054059953157599375e+04
1.255891700449234122e+04
1.207189547923710415e+04
1.236113711080077519e+04
1.011372553361430255e+04
1.202291989703945728e+04
1.175550698305729384e+04
1.143475959336984852e+04
1.032543719081614472e+04
1.189519676147442260e+04
1.250602586314287328e+04
1.169801084316386186e+04
1.234655021850470803e+04
1.247622727284888606e+04
1.069929160249131746e+04
1.206522510105553192e+04
1.112935206536764053e+04
1.135568339318633298e+04
1.262144071500189602e+04
1.250714526854172072e+04
9.968393958921969897e+03
1.076639285055961955e+04
1.024927230512169444e+04
1.242444878684086871e+04
1.087507449893254307e+04
1.245465347949035640e+04
1.108432816201987043e+04
1.040784008155302217e+04
1.094418193471472296e+04
1.232712057535923668e+04
1.086779314540299129e+04
1.182906027184289997e+04
1.117851080649809774e+04
1.265497563540535702e+04
1.230960699880900029e+04
9.883932418760268774e+03
1.186620849949801413e+04
1.216575354110431363e+04
1.207797732518574412e+04
1.262004187334391827e+04
1.248971580630211247e+04
1.238613459884189797e+04
1.218780781426125395e+04
1.222375393858746429e+04
1.186092828231463682e+04
1.207060942523491394e+04
1.167191279584981567e+04
1.237512544973392505e+04
1.092859921343706810e+04
1.073962574992263762e+04
1.067811330663605258e+04
1.163114160328615981e+04
1.232342454271603128e+04
1.267225083891396571e+04
1.099403010529693347e+04
1.244027277559903268e+04
1.207060942523491394e+04
1.185074598650838743e+04
1.241804420121083785e+04
1.248309934594206425e+04
1.188619904293777290e+04
1.224853444689039316e+04
1.223698700612529865e+04
1.218526290686265565e+04
1.233115408214401759e+04
9.963535088420387183e+03
1.160803611752807774e+04
1.231376266083715745e+04
1.215054322076756216e+04
1.118402807061070598e+04
1.211671445442282129e+04
1.137851302359960209e+04
1.194359445986538776e+04
1.259030975165118434e+04
1.143581743229932908e+04
1.219463302906485842e+04
1.034101639504519335e+04
1.017499301519147593e+04
1.237041131530989514e+04
1.045703551695275019e+04
1.243185254355618054e+04
1.268297035688913456e+04
1.230370148338370564e+04
1.086638728503652965e+04
1.252445572522915245e+04
1.150957628310568907e+04
1.151968382780336105e+04
1.268637834718177328e+04
1.030212797078013136e+04
1.238638055665179854e+04
1.010187728424588568e+04
1.107164699973940515e+04
9.365752293871346410e+03
1.253264512665821348e+04
9.937416183457280567e+03
1.231907924900383659e+04
1.122919547029853675e+04
1.218951243318804700e+04
1.068926934745838662e+04
1.263873456162494222e+04
1.034657377151926448e+04
1.176680164539482757e+04
1.143055400824193202e+04
9.950796723294417461e+03
1.137980629491193758e+04
1.249008077543840227e+04
1.224829637424504836e+04
1.162808823796163415e+04
1.227987995612645318e+04
1.220634519002385787e+04
1.177752543739574321e+04
1.205827025677966049e+04
1.022696192488841552e+04
1.198383673798756354e+04
1.137851302359960209e+04
1.033951586316828434e+04
1.218526290686265565e+04
1.251002550040367532e+04
1.181328006034927785e+04
1.264033973684051125e+04
