9.996821960399891395e+03
9.416590392277379578e+03
1.010621190666473012e+04
9.728773574529179314e+03
9.827851499038817565e+03
9.304367252393210947e+03
9.891593743393690602e+03
9.964855570894451375e+03
9.941978370769846151e+03
7.614014718993244969e+03
9.096589690489054192e+03
9.706329611802586442e+03
8.397180097497781389e+03
9.201235776673911460e+03
8.484154408794838673e+03
9.219770989284843381e+03
9.448590074883986745e+03
9.774832441134542023e+03
9.355510499832522328e+03
1.007329715316896181e+04
9.888604736342571414e+03
9.740525259535988880e+03
9.833238477483446331e+03
9.602638836133146469e+03
9.455556925558197690e+03
9.712722425241847304e+03
1.012144256126061373e+04
9.792780509273292409e+03
9.595088573787023051e+03
9.650448596940976131e+03
9.313638298410744028e+03
9.452986372485913307e+03
9.628287953036917315e+03
9.294603870441540494e+03
9.173876726859776682e+03
9.174264880413662468e+03
9.175222313624048184e+03
9.644529504370742870e+03
8.652147675787869957e+03
9.863501609449685930e+03
9.973711311198996555e+03
9.403839489918995241e+03
8.487756808586491388e+03
9.536331537665111682e+03
9.627545571610373372e+03
1.008134171539004274e+04
9.902244900456624237e+03
9.883634495678099483e+03
9.866678042751336761e+03
8.956516228516746196e+03
9.405393419865355099e+03
9.754874828539304872e+03
1.010866718241436683e+04
1.006123021714678725e+04
9.136485972095433681e+03
9.922261014639045243e+03
9.800611575314742367e+03
8.716109401015288313e+03
1.011126499480505845e+04
9.685368650519896619e+03
9.870442263618115248e+03
9.366110630106431927e+03
9.523496667707509914e+03
9.873690970693873169e+03
1.002403033031003906e+04
9.148975750108487773e+03
9.758615252649460672e+03
9.733609927307377802e+03
9.963218014349838995e+03
8.415329482234879833e+03
9.413439340624259785e+03
9.336599391645229844e+03
9.259314450315978320e+03
9.845767069139605155e+03
1.006196217160595188e+04
9.930876458834554796e+03
9.559007616310802405e+03
9.913803186283308605e+03
9.863844692084350754e+03
1.007994198646546283e+04
8.816705856878847044e+03
9.302537668783643312e+03
9.130071159180564791e+03
9.967604342132290185e+03
9.764627624808308610e+03
9.706773687846723988e+03
8.432912077775472426e+03
9.149699073051790037e+03
9.956825258971737640e+03
9.681088582691538249e+03
9.343430634577605815e+03
9.665103905461246541e+03
9.653091558724594506e+03
1.005939179774182776e+04
9.137227658401690860e+03
1.001769483859952561e+04
1.003306559812411797e+04
8.892421862525212418e+03
9.561080527801139397e+03
9.723969949381767947e+03
9.431656498939282756e+03
9.874259717955046654e+03
9.160094461819920980e+03
9.540450527681847234e+03
9.422346757051309396e+03
8.181889860082620544e+03
1.011594927096660467e+04
9.672549151483499372e+03
1.008198876743104302e+04
9.846853183748184165e+03
9.995850782965113467e+03
9.669467815491396323e+03
9.593300356186256977e+03
8.711395066874581971e+03
9.496991884578406825e+03
9.721418787404023533e+03
9.982592292382385494e+03
9.094660695249020137e+03
9.931740189137064590e+03
9.952898676959461227e+03
9.503462308266494802e+03
8.517119230900767434e+03
9.942837308450036289e+03
9.756050631605587114e+03
9.624309038770832558e+03
9.767659226896998007e+03
9.364975229897563622e+03
9.547792533638008535e+03
8.735445427514418043e+03
9.661011591602684348e+03
9.287096691847526017e+03
9.680133467300307530e+03
8.793210629901590437e+03
9.056269880251136783e+03
9.420685833262838059e+03
9.481504071324972756e+03
9.792780509273292409e+03
9.186543707678214560e+03
8.955156472290247621e+03
9.464488385327329524e+03
9.876176997069449499e+03
9.555959573864234699e+03
8.610216884672681772e+03
8.749327265552718018e+03
9.973465925998285456e+03
8.806398165994824012e+03
9.414202966677416043e+03
9.811785261741493741e+03
9.808704151812831697e+03
9.969995249820865865e+03
9.944046640096799820e+03
8.859379951973827701e+03
9.856050006936422506e+03
9.936768260360418935e+03
9.164495425890258048e+03
9.071897484878916657e+03
9.393656824516758206e+03
9.713420883039514592e+03
9.894316230591506610e+03
9.999968603171360883e+03
9.740555940188343811e+03
1.007796559478247582e+04
9.966670442549815562e+03
9.522557458907394903e+03
1.003704292347239971e+04
8.267232380654186272e+03
1.002760065634132116e+04
9.352646414539362013e+03
9.672890774530123963e+03
1.002287421784756953e+04
9.901695687863422791e+03
9.201432957631492172e+03
1.009868455680459010e+04
1.005637977636418509e+04
9.918998981134987844e+03
9.219224670926494582e+03
9.351373363638034789e+03
8.611394099677021586e+03
1.000691465822176906e+04
9.801874509861976549e+03
9.511041323850633489e+03
9.682036567388000549e+03
1.007466257034294904e+04
1.002592635884279298e+04
9.644288497066470882e+03
8.716978154550502950e+03
9.982521519567406358e+03
8.963852053707385494e+03
9.256823642292336444e+03
1.002099158113036538e+04
9.512303421026997967e+03
8.927866997209377587e+03
8.832994248697574221e+03
9.333414785167453374e+03
9.233583691944029852e+03
1.008280995750727561e+04
9.936327037664696036e+03
8.874555258020740439e+03
9.633638021791184656e+03
9.906821358900222549e+03
9.279344986712489117e+03
1.008959909236612839e+04
9.126053643038654627e+03
8.544383236352028689e+03
9.254847768489133159e+03
9.518584875061931598e+03
6.876474812274550459e+03
1.009950752799344991e+04
9.988467995158594931e+03
9.527918765162838099e+03
8.438533430270264944e+03
9.829433308415726060e+03
9.869656858424743405e+03
8.131611285688649332e+03
9.907532574862847468e+03
9.494332575868640561e+03
8.809339716364753258e+03
9.702437328575560969e+03
9.299897808701061876e+03
9.380831631028973788e+03
8.993792733957097880e+03
9.550953833449455487e+03
1.008172103113932462e+04
9.879631961382121517e+03
9.880817691591622861e+03
9.225871001935392997e+03
9.873347743725564214e+03
9.639907478658136824e+03
9.840920549039439720e+03
8.553978182421122256e+03
9.995850782965113467e+03
8.977466476972760574e+03
8.908504709001748779e+03
9.685198505626074621e+03
9.913550553140583361e+03
9.799052977620949605e+03
9.499153632420340728e+03
1.000436266420092579e+04
1.011615144917903308e+04
9.642571919225632882e+03
9.872691185646295708e+03
9.725233393887534476e+03
9.694122295838174978e+03
9.023634669595987361e+03
9.770614404645049945e+03
9.211818992849410279e+03
1.002603551168347985e+04
9.938798238832468996e+03
9.998741424905932945e+03
1.006574549946768821e+04
9.709680215848286025e+03
9.875133989663148895e+03
9.303064050961402245e+03
9.976469870250368331e+03
9.654194967450112017e+03
7.891050546484666484e+03
9.985030300881482617e+03
9.217548101517124451e+03
9.919127523203409510e+03
9.798452599529831787e+03
9.302537668783643312e+03
9.166460598124756871e+03
9.626643040492206637e+03
8.848606093917736871e+03
1.004132668385988291e+04
9.990786710640812089e+03
9.689063200926942955e+03
9.625191197976657349e+03
9.741292030670338136e+03
9.309242948307182814e+03
8.452869068000571133e+03
1.000110558660824972e+04
1.009868455680459010e+04
9.379370056702831789e+03
1.006808287259747522e+04
1.008812546256359565e+04
9.811058171796088573e+03
9.968013219640362877e+03
9.603578743641257461e+03
9.134012796623266695e+03
9.801976084066052863e+03
9.724123228354630555e+03
9.072502214260926849e+03
1.003586908608422164e+04
8.944168272211940348e+03
9.242102030822143206e+03
9.762332120984869107e+03
9.140616561798411567e+03
8.448583757708365738e+03
1.007967024160139772e+04
8.758947177114638180e+03
9.205641313988879119e+03
8.614264504500679323e+03
9.743999331911330955e+03
9.820829646570438854e+03
1.004201769138579766e+04
8.255714660441029991e+03
9.548554323987267708e+03
8.915332334627244563e+03
8.741512639728294744e+03
9.925689394379602163e+03
9.988884205034846673e+03
9.201384886880681734e+03
9.597903379802992276e+03
9.954304921781586017e+03
9.327560333387375067e+03
8.740243891993779471e+03
9.807688582271101041e+03
9.821393097279433277e+03
9.203039975066541956e+03
9.864066941604934982e+03
9.627291062871057875e+03
1.001952610639266823e+04
9.205769739746821870e+03
9.597269259841905296e+03
1.004291386260640684e+04
9.954981549087442545e+03
9.466180209529815329e+03
1.004087507555343109e+04
9.919174652625588351e+03
9.253557154773474394e+03
1.006854813358727006e+04
9.269609298318875517e+03
9.208437897351792344e+03
9.781286881454829199e+03
9.278198654924799484e+03
1.011909865142991111e+04
9.546194456751834878e+03
9.327603039142413763e+03
9.918912809471101355e+03
1.000669239765826933e+04
8.555687802897087749e+03
9.764332825791683717e+03
9.438190705727098248e+03
9.585303779814988957e+03
9.993118444831728993e+03
8.790243235783000273e+03
9.880817691591622861e+03
9.880309647298523487e+03
9.950450996831708835e+03
9.850592218631483775e+03
9.972919480549346190e+03
8.515586608704197715e+03
8.699821644165525868e+03
9.341238414310129883e+03
9.392510762936108222e+03
8.729004255233974618e+03
8.754431534262486821e+03
9.766417620529660780e+03
9.235079546194378054e+03
9.698532103666526382e+03
9.058683049713221408e+03
9.917628385368787349e+03
8.507588183656596811e+03
9.474343006518658513e+03
9.974465329938659124e+03
9.647766785508869361e+03
8.290630480649524543e+03
9.872114825014188682e+03
1.004087507555343109e+04
9.737966472621934372e+03
9.870442263618115248e+03
9.031765659745291487e+03
9.913910063232156972e+03
9.755026116170223759e+03
9.476306325163273868e+03
9.595244312196822648e+03
9.756119704067526982e+03
9.992596700340915049e+03
9.927787324516542867e+03
1.012149690707620721e+04
9.175801759778434644e+03
9.543057769674200244e+03
9.666838906766508444e+03
1.011833014568150611e+04
9.886632895295519120e+03
9.904815972684595181e+03
9.885042501287149207e+03
9.765742206891576643e+03
1.000725257049198080e+04
9.951558510096117971e+03
1.000866246492906976e+04
9.484280233509773097e+03
9.981265487568169192e+03
9.502040178089739129e+03
9.825153530908439279e+03
9.647766785508869361e+03
9.395782484384719282e+03
9.946032984443110763e+03
8.664236052713917161e+03
1.012077733831629666e+04
9.234734454943116361e+03
9.847329674681193865e+03
9.181680047763691618e+03
9.753424571472258322e+03
8.679865159876007965e+03
1.002941847177474483e+04
9.600284496732987463e+03
9.403938744011993549e+03
9.721753093259500019e+03
9.736496816750119251e+03
9.136164697029535091e+03
9.169858019160688855e+03
1.008799953294178522e+04
9.382716585248328556e+03
1.006842761797660933e+04
9.033176218204062025e+03
9.494607298774735682e+03
8.943176598455671410e+03
8.513561680322900429e+03
9.991630064283319371e+03
9.163142121654396760e+03
9.881089830314625942e+03
9.963620165932508826e+03
9.912096094987478864e+03
9.220199646064151239e+03
1.010670880565253537e+04
9.377438630721837399e+03
9.627571989057549217e+03
8.560561538422458398e+03
8.949305596296595468e+03
1.006472736550891568e+04
8.823641679436581398e+03
1.008198876743104302e+04
9.517893731718446361e+03
9.516229951765595615e+03
9.810780980233810624e+03
9.545276038884003356e+03
8.898306665375759621e+03
8.874782342922009775e+03
9.164007041361357551e+03
1.010216046694828583e+04
8.178102841556161366e+03
1.007577709326326294e+04
9.226815701072297088e+03
9.996634880723442620e+03
9.756771520608963328e+03
9.544506999847530096e+03
9.540607223329167027e+03
9.536331537665111682e+03
9.681142981409255299e+03
1.001041958831787088e+04
8.596097821871841006e+03
9.884121616886623087e+03
9.361936964778902620e+03
9.382684085671953653e+03
9.731185384797950974e+03
8.337326859007585881e+03
9.953438287136152212e+03
9.954106926796233893e+03
9.140316767178499504e+03
1.007997425014998225e+04
9.483103126429394251e+03
9.184834748219878747e+03
8.960348978075679042e+03
9.399194965309161489e+03
1.000441330984157685e+04
9.432067868687765440e+03
8.894597032282999862e+03
9.089572080966507201e+03
9.815534779739333317e+03
9.049228995626528558e+03
9.851004232968176439e+03
1.005697894369106143e+04
1.003665568750685088e+04
9.751538670569392707e+03
9.247699308421708338e+03
9.388882366443176579e+03
9.607819479573739955e+03
9.918369123077955010e+03
9.745792812047468033e+03
9.312444950030117980e+03
9.907590432756462178e+03
9.216693407438684517e+03
9.486353634253464406e+03
9.054989507402271556e+03
9.644215895160190485e+03
8.904266316196637490e+03
9.791016019283677451e+03
9.328408967388570090e+03
1.001598586995725600e+04
9.368364415748323154e+03
9.887463985287951800e+03
9.634843955474254471e+03
8.324132662657753826e+03
9.948254430118697201e+03
9.236960989305120165e+03
9.876912109133767444e+03
9.424248148926715658e+03
8.045116639393571859e+03
1.002202529372569552e+04
9.838156514800943114e+03
8.459379589238573317e+03
9.756326201902427783e+03
8.457737445794360610e+03
9.904936385112099742e+03
9.402710801469702346e+03
9.887630512728232134e+03
9.943873802073569095e+03
9.996201150174256327e+03
9.920368125046181376e+03
9.716507952248481160e+03
8.951213874843258964e+03
9.995502708879335842e+03
9.859049572649757465e+03
8.064749418094973407e+03
8.793378979833814810e+03
9.011576751940647227e+03
9.695553360396166681e+03
9.735369373148654631e+03
8.785526769421407153e+03
9.836036557740433636e+03
9.140316767178499504e+03
1.007317573247959808e+04
1.000534164868327935e+04
9.054458667047729250e+03
9.403028333096068309e+03
9.463572265741760930e+03
9.844858025619374530e+03
9.738954022151709069e+03
1.004935634592314454e+04
9.697608361033446272e+03
9.437099724624691589e+03
9.914051238056434158e+03
9.869415706640716962e+03
9.668594521637158323e+03
9.664613183399698755e+03
9.693290017668805376e+03
8.686390423098062456e+03
9.786765191059006611e+03
8.130305518915165521e+03
8.347153895524817926e+03
8.398613382594714494e+03
9.965897967358770984e+03
9.772626684507042228e+03
9.735267586915284483e+03
1.008896000288877985e+04
9.475202363101263472e+03
1.011267771988766435e+04
9.638377323757007616e+03
9.419550491157657234e+03
9.458494443724030134e+03
9.787501007696097076e+03
1.003249616073024663e+04
9.403481517314248777e+03
8.792486372951221711e+03
9.735769993580481241e+03
9.198841001550674264e+03
9.040277163215367182e+03
8.409346175414782920e+03
1.005929920883070918e+04
9.640224941339718498e+03
9.603853651138066198e+03
9.918801096880917612e+03
9.392510762936108222e+03
9.296554357244080165e+03
9.129069448918977287e+03
9.007801160708215320e+03
8.005621971289434441e+03
9.676477402972759592e+03
9.120575966830620018e+03
9.632194882296727883e+03
1.005132535104340423e+04
8.506577078073465600e+03
9.368304230521865975e+03
9.677726625678909841e+03
9.595006249145544643e+03
9.871667112675702811e+03
8.787040273360935316e+03
9.140828831295497366e+03
1.005391042184448088e+04
9.916165143399488443e+03
9.346446182478588526e+03
9.864570432681621241e+03
9.745778480469132774e+03
9.403572000227999524e+03
8.708765748363008242e+03
9.606241911052096839e+03
9.545248945965988241e+03
9.406940887407787159e+03
9.738276000487923739e+03
9.597250884087872691e+03
8.925785046943847192e+03
8.752462882157522472e+03
1.007007501754835539e+04
9.953279287962992385e+03
1.011370410694210659e+04
9.749181939800197142e+03
9.669634518270338958e+03
6.876474812274550459e+03
9.881034039832980852e+03
9.707854141003188488e+03
9.434631300444283625e+03
9.957722333389001506e+03
9.140408959172473260e+03
9.564015775451207446e+03
1.005587152014334788e+04
7.657633472108096612e+03
8.626268324398899495e+03
9.211818992849410279e+03
8.860638472614215061e+03
9.703730211386238807e+03
9.549531509482832917e+03
9.987377429811951515e+03
9.304367252393210947e+03
9.761487394184783625e+03
9.237342871656006537e+03
9.881912933362840704e+03
1.003948539087242170e+04
9.868689048833704874e+03
9.510156201094887365e+03
9.922336355433464632e+03
8.537286068836692721e+03
8.960348978075679042e+03
9.496560867523076013e+03
9.292442403285311229e+03
9.983495840563373349e+03
9.726471126395808824e+03
9.011712370050632671e+03
9.532736557635806093e+03
9.685940388075308874e+03
9.894749690649565309e+03
9.561204475771250145e+03
8.634555603891134524e+03
9.630508715984527953e+03
1.010114496040932499e+04
9.957589106234252540e+03
9.975853603725623543e+03
9.021607695351698567e+03
9.544883607323459728e+03
9.765146945233052975e+03
1.008685889538086303e+04
9.510509628210380470e+03
9.702798549406601524e+03
9.871057859813157847e+03
9.528993058589228895e+03
9.528867068947045482e+03
8.692389569627377568e+03
1.002593620857554197e+04
9.029838256472845387e+03
9.666544196453563927e+03
8.778410467292444082e+03
8.894651916983433694e+03
8.418890140015962970e+03
9.945260914681897702e+03
1.009977289641341849e+04
9.769087313469426590e+03
9.547084007050763830e+03
9.708796298366181873e+03
9.586673797223380461e+03
9.554997854400826327e+03
9.967638700860708923e+03
9.699899914565801737e+03
8.793378979833814810e+03
9.845022983731560089e+03
1.003942643529065390e+04
9.622349132788367569e+03
9.943951188751638256e+03
8.947212117666276754e+03
9.569455293372197048e+03
7.955385766796365715e+03
9.873690970693873169e+03
8.702542103302595933e+03
8.771414268330478080e+03
9.937013156348653865e+03
9.861110402223848723e+03
1.005584647382323237e+04
9.693122947715728515e+03
1.000481490291683622e+04
1.008036595822836534e+04
1.006251329539031394e+04
8.768758883664411769e+03
9.159395575267684762e+03
9.503977675891401304e+03
9.195462665467875922e+03
9.453680061848393962e+03
9.119754780805336850e+03
9.399739908929183002e+03
7.957377431203819469e+03
9.443037119889571841e+03
1.010683911687384352e+04
9.749526539780568783e+03
1.004842601222539815e+04
9.135893016647292825e+03
9.789018203003142844e+03
9.210822832316129279e+03
9.203039975066541956e+03
9.187850630739414555e+03
8.511625627945077213e+03
1.005263483815868312e+04
9.063921640363809274e+03
9.814168799545237562e+03
9.968446834545979073e+03
8.571922652943096182e+03
8.828090264885409852e+03
9.723819917775701470e+03
1.011270084531802058e+04
8.612673824345118192e+03
1.006555378198174185e+04
9.732038454298741271e+03
9.646232525148243440e+03
9.983818189835837984e+03
9.927010390849138275e+03
9.963879739532447275e+03
9.517611529575555323e+03
9.636870540473948495e+03
9.010308026724500451e+03
1.006403709488929599e+04
8.289368854261774686e+03
9.362400248977915908e+03
9.317634780974804016e+03
9.916429468134170747e+03
9.736020148261693976e+03
8.945009918208150339e+03
9.795227570032380754e+03
9.064147546820355274e+03
8.503194109588228457e+03
9.123201925931869482e+03
9.932868109554146940e+03
9.911843908190388902e+03
1.000484994152935178e+04
9.316972348185958253e+03
9.956775691867762362e+03
8.361647541550677488e+03
8.395489955558783549e+03
9.198501675599700320e+03
9.404187787610795567e+03
8.709517279341624089e+03
8.748291112466047707e+03
9.717574764221544683e+03
9.951494863039135453e+03
9.621899068052800430e+03
9.987353316026614266e+03
9.706351824252315055e+03
9.873690970693873169e+03
9.814837263520093984e+03
1.003310260541468961e+04
9.729564864046747971e+03
9.990464215883261204e+03
8.848780804878804702e+03
8.550066160145692265e+03
1.002668137403727269e+04
9.057101983823482442e+03
8.973364148213197041e+03
9.425769635039861896e+03
9.889000391114208469e+03
9.625422482320378549e+03
9.787034525293474871e+03
9.879511304271116387e+03
9.465996781098187057e+03
8.519119998746617057e+03
1.010671636098473755e+04
1.009755041456705658e+04
9.542841110870071134e+03
9.228102812006165550e+03
8.796514582787040126e+03
1.002274247956433828e+04
9.210428790501817275e+03
9.795856508265917000e+03
9.949098042421046557e+03
8.462388478848894010e+03
1.000390638430807303e+04
1.005375146218868031e+04
8.892732213869323459e+03
9.949098042421046557e+03
8.009597795325402330e+03
9.799298086760307342e+03
9.985872013375028473e+03
9.365797312068421888e+03
9.609863051629874462e+03
7.317675841206380937e+03
1.007952767832678364e+04
9.162111179536179407e+03
9.771575229386124192e+03
9.811461492763131901e+03
9.608104218650929397e+03
9.419867826683199382e+03
1.001316403715497836e+04
1.011365477988230123e+04
8.975744761815849415e+03
9.272363568323675281e+03
9.970890609047606631e+03
9.817841341470659245e+03
9.355643049079044431e+03
9.924718518568419313e+03
1.006343099729320238e+04
9.528867068947045482e+03
8.811969061513442284e+03
9.899055315731657174e+03
9.561572228432645716e+03
9.369280548443981388e+03
9.468039012959481624e+03
1.001181731357135686e+04
9.187165691420712392e+03
9.488335777331931240e+03
9.843160064562782281e+03
1.003083003284647020e+04
9.029955705619573564e+03
9.497971560144193063e+03
9.988262881321150417e+03
8.829386062497671446e+03
9.896210804078185902e+03
9.789364780453008279e+03
9.365297545742547300e+03
9.637773982867063751e+03
8.485434073762284243e+03
9.291631487328628282e+03
9.966102132969612285e+03
1.007618333179582623e+04
8.676913196637979127e+03
9.072520515962532954e+03
9.731920963101696543e+03
1.010126354182496834e+04
9.497955485461801800e+03
7.930651862811168030e+03
8.938737838295204710e+03
9.743421639393269288e+03
1.001832275641896558e+04
9.230043560498987063e+03
9.923875224165985856e+03
9.927175912926762976e+03
1.006251329539031394e+04
9.968375306506775814e+03
9.143438607805193897e+03
9.991807776473317062e+03
8.740592440892018203e+03
8.881447311639465624e+03
1.001435362299326516e+04
9.944392652953350989e+03
9.535913134193815495e+03
9.110778357528037304e+03
9.790793316164465068e+03
9.956462412847868109e+03
8.748788907547168492e+03
9.938388993798283991e+03
9.447977213349582598e+03
9.641593161188440718e+03
9.535722086661920912e+03
1.004501275818293288e+04
9.104427172838230035e+03
9.396677835173324638e+03
9.438190705727098248e+03
9.633137202715312014e+03
9.447977213349582598e+03
9.301515459916783584e+03
8.506577078073465600e+03
9.109524401703696640e+03
9.693048855666969757e+03
9.216341536277644991e+03
9.972454734665703654e+03
9.801548917550850092e+03
1.003592867333713912e+04
9.607465403016332857e+03
8.777584854315486155e+03
9.819245286787790974e+03
9.813169699298985506e+03
9.177700807837591128e+03
8.434017542752641020e+03
1.012222842940644114e+04
9.906831644488409438e+03
8.903187335345808606e+03
1.002592635884279298e+04
9.741607963030721294e+03
9.973465925998285456e+03
1.000737881116318022e+04
9.875875088294946181e+03
9.786814174489283687e+03
9.490359892408738233e+03
9.352643622679519467e+03
9.171959388128665523e+03
8.906899695277539649e+03
8.462388478848894010e+03
9.989515260210464476e+03
1.000336987228563521e+04
9.905972833907766471e+03
9.654241025216779235e+03
9.481861518104182323e+03
9.362962181021062861e+03
8.809250557284187380e+03
9.871855531173760028e+03
9.340311089104303392e+03
9.619568095096943580e+03
8.972272426715191614e+03
1.003260139986338254e+04
9.567364713828363165e+03
1.009528352292201089e+04
9.363653147392858955e+03
1.009513946938954359e+04
8.820911442259752221e+03
9.853856759715612498e+03
9.575587191316924873e+03
9.936985289540531085e+03
9.585728703998285710e+03
9.096448334012029591e+03
9.953131184433854287e+03
1.003624124027323160e+04
9.998047073476875084e+03
8.879346815137185331e+03
9.926738750201307994e+03
9.404313478924494120e+03
1.012077733831629666e+04
9.177439298193301511e+03
9.661011591602684348e+03
9.724461032977225841e+03
1.005169597596111998e+04
9.037574034180277522e+03
1.009055107117333500e+04
9.391525750106446139e+03
9.792522680979831421e+03
9.866530760156048927e+03
9.393030158439065417e+03
9.577748028380225151e+03
9.601650404779229575e+03
9.853803896024186542e+03
8.625593448387569879e+03
1.006213203233508830e+04
9.811663326693773342e+03
9.750402744513638027e+03
1.010988143137092266e+04
9.915156741321508889e+03
9.835825071626239151e+03
9.688192861356368667e+03
8.288875486961471324e+03
8.213649908440898798e+03
1.003434458414982328e+04
9.846909800634755811e+03
8.517728848006707267e+03
9.964199201825771524e+03
9.915365254906528207e+03
1.008069004459277494e+04
9.854922739565272423e+03
9.619712562051036002e+03
9.319836899584071944e+03
9.462115990709133257e+03
8.776426840398304194e+03
9.711523355471104878e+03
9.990150436561956667e+03
1.009871464995656788e+04
8.574508535048953490e+03
9.723819917775701470e+03
9.805155500890479743e+03
9.987673134399314222e+03
9.587300489844028561e+03
9.431444760131191288e+03
1.005658070116984709e+04
9.430809627701619320e+03
9.691383707943201443e+03
9.960582856417020594e+03
9.756771520608963328e+03
9.721461068879409140e+03
9.218969344326178543e+03
9.421384528581453196e+03
9.557297360533591927e+03
9.619712562051036002e+03
9.383978978179355181e+03
8.868955316396295530e+03
9.170732057453908055e+03
1.010661549474949970e+04
8.558907392902765423e+03
9.577846424322924577e+03
8.558607430895875950e+03
9.720990508876941021e+03
1.008506524241837178e+04
1.009969263846778631e+04
9.790905575749511627e+03
1.007258963871818924e+04
9.701489357205024135e+03
9.076838732173720928e+03
9.578692830403168045e+03
7.983862901987641635e+03
9.737966472621934372e+03
9.696198395563947997e+03
8.229356190427395632e+03
9.421456557996069023e+03
1.008041297740020673e+04
9.769945127564402355e+03
9.934691698653237836e+03
9.509804352128025130e+03
1.003058731221237576e+04
1.009254628273078561e+04
9.723438554154705344e+03
9.233583691944029852e+03
7.098503942191471651e+03
9.920411082924536458e+03
9.929639262111722928e+03
9.472842870100746950e+03
9.544526593923432301e+03
8.909299766899728638e+03
8.425013908226514104e+03
9.894322095561838069e+03
9.793796302902479511e+03
9.431656498939282756e+03
9.221499210684667560e+03
9.914432888903464118e+03
1.004086636062855905e+04
9.101945255327544146e+03
9.712722425241847304e+03
1.010046169616566840e+04
9.145374297447344361e+03
9.728972431551865157e+03
