1.688617964912283423e+04
1.783087868605613767e+04
1.434572063881031318e+04
1.586511378953048006e+04
1.471112016795021918e+04
1.438236850874484298e+04
1.165751414320996264e+04
1.773736579240847641e+04
1.153865222993560565e+04
1.555301550251033950e+04
1.438374586106204515e+04
1.600069763802126181e+04
1.663777108198497444e+04
1.061999154806193837e+04
1.760018611228922964e+04
1.550925905247042101e+04
1.313953759235194957e+04
1.804701164695961052e+04
1.383270584593268904e+04
1.794329702584541519e+04
1.257900958072478898e+04
1.638813215042507727e+04
1.549915104613504809e+04
1.723846801615141885e+04
1.409647844826467554e+04
1.439506366471950969e+04
1.655863619702548021e+04
1.780337047802398229e+04
1.226602433455867686e+04
1.760456108409387525e+04
1.357363363277747339e+04
1.447433901222877466e+04
1.680457785466633504e+04
1.554704246724070072e+04
1.619688968804723845e+04
1.629304576173471833e+04
1.495658163608661562e+04
1.239595199572495949e+04
1.547643712618780773e+04
1.724481761521929002e+04
1.702564833529778844e+04
1.653934824850705627e+04
1.405013993824897989e+04
1.798188983255712083e+04
1.634598034648336215e+04
1.306740700376876339e+04
1.758541832004711978e+04
1.681996906839740404e+04
1.266916238931960106e+04
1.402566673874950720e+04
1.607804176270306380e+04
1.740652298063535272e+04
1.669122143870328364e+04
1.739498057963883912e+04
1.353399354400302582e+04
1.424474368944811977e+04
1.560846670895259558e+04
1.534880183849441892e+04
1.348030065299740090e+04
1.495541329288011184e+04
1.505412891291015876e+04
1.427172388076356219e+04
1.756826985505975608e+04
1.472994452091516177e+04
1.711973437913979797e+04
1.754264183247794790e+04
1.466737693862148080e+04
8.446141052900715295e+03
1.741311076589277945e+04
1.614691054441962297e+04
1.421412801963856509e+04
1.050356355676739440e+04
1.467643003472480632e+04
1.622321147616215239e+04
1.670384855850222812e+04
1.438861335761205191e+04
1.431032247294887020e+04
1.499444094556474192e+04
1.701725548342093680e+04
1.598751276196377876e+04
1.488330245325737087e+04
1.728246160734134537e+04
1.425102277484908336e+04
1.661433801727524042e+04
1.804778634623198013e+04
1.579354039426314012e+04
1.684953829797832077e+04
1.677438827945744561e+04
1.786659779561624237e+04
1.711818795589279034e+04
1.700843398306934250e+04
1.775790064288053327e+04
1.602467675959414191e+04
1.781747554129076889e+04
1.662472299540560925e+04
1.111522890817388179e+04
1.330907165865904972e+04
1.764490271752103581e+04
1.671705383700531820e+04
1.625147392176627363e+04
1.471072706706418103e+04
1.591405291528903035e+04
1.804333909627547837e+04
1.422827508098444014e+04
1.787136942322583127e+04
1.655536594003438586e+04
1.445727030289447794e+04
1.327359859249372857e+04
1.729925522840649501e+04
1.541482183705757780e+04
1.514375375181353229e+04
1.793432789920560754e+04
1.540521111140637913e+04
1.507623147128786150e+04
1.581934657656270065e+04
1.607115215241623446e+04
1.797712500899598672e+04
1.792028473818126076e+04
1.642564590567344567e+04
1.533916046817541792e+04
1.592570089167455262e+04
1.671891306806946159e+04
1.795649665115257085e+04
1.764790723583442013e+04
1.506519301691079272e+04
1.513637036840820656e+04
1.799499597014061146e+04
1.655540860817513749e+04
1.737780525569123711e+04
1.257111536291748416e+04
1.712980552733613149e+04
1.723296084975169651e+04
1.234647392611642499e+04
1.490344235177089104e+04
1.646234288060409745e+04
1.352010914658978072e+04
1.457727748723325203e+04
1.669290661174101842e+04
1.488940886719688024e+04
1.286603330511260720e+04
1.658398974368734707e+04
1.619619885955699465e+04
1.580717058535756041e+04
1.752998298400171916e+04
1.723438350322485348e+04
1.623214419732073293e+04
1.783292981536285515e+04
1.567413798691844386e+04
1.742432816697957605e+04
1.765248013837246253e+04
1.715609291994630621e+04
1.599128201300671753e+04
1.692219093349890318e+04
1.700186560141007067e+04
1.613799373802031732e+04
1.718617758959231287e+04
1.632767417156040392e+04
1.222867988092197265e+04
1.591725098082186014e+04
1.564964139248504398e+04
1.370353023153543472e+04
1.619549042220070260e+04
1.524227272285161598e+04
1.799126030113271918e+04
1.430625820709451000e+04
1.397452984290229688e+04
1.609628568674555027e+04
1.584509737494464753e+04
1.503627259886042339e+04
1.279483714697103096e+04
1.521549158899399845e+04
1.545914013429011356e+04
1.615750651485872186e+04
1.715489041818052283e+04
1.321997332002644544e+04
1.794636175314550928e+04
1.548618523948690745e+04
1.588415256913284247e+04
1.585116667932226665e+04
1.639480828806209684e+04
1.466890552800175465e+04
1.711595602103691272e+04
1.754264183247794790e+04
1.666156032550278542e+04
1.505542232823673839e+04
1.677423801351083239e+04
1.799631690281319607e+04
1.505179065710592658e+04
1.647527883941133041e+04
1.591982389897626854e+04
1.566099274764194524e+04
1.778587154643689792e+04
1.380218136882827457e+04
1.578837904283148600e+04
1.660553526131482431e+04
1.629781349677682010e+04
1.366905290244766366e+04
1.616545829475518076e+04
1.396363247301214687e+04
1.356873165561339920e+04
1.665949135671714612e+04
1.756447447167269638e+04
1.533255042300196510e+04
1.465238770887977444e+04
1.768744744395037924e+04
1.228229105626890123e+04
1.645951078134767886e+04
1.662160011833941826e+04
1.718078610580488748e+04
1.802813006286853488e+04
1.710381526870097150e+04
9.122472805317040184e+03
1.651810549411594548e+04
1.655091001231552946e+04
1.801714277020870941e+04
1.763067832203520084e+04
1.279483714697103096e+04
1.536980309448181106e+04
1.089669775183548882e+04
1.275676529147929250e+04
1.750374053252036538e+04
1.688617964912283423e+04
1.763205163198430819e+04
1.561817992991041683e+04
1.647674617709493759e+04
1.692777759472944308e+04
1.731275696653338309e+04
1.496920835971990527e+04
1.655969269847341639e+04
1.414659545590789276e+04
1.772183173236939911e+04
1.760329072973755319e+04
1.629891503255839052e+04
1.625376803235852094e+04
1.423917462821578374e+04
1.601898206248038150e+04
1.692207974648940581e+04
1.607195662335391353e+04
1.735827758736394753e+04
1.315909071107023556e+04
1.764279095099758342e+04
1.327439011599372861e+04
1.666156032550278542e+04
1.703835648993519862e+04
1.383309309204919555e+04
1.750243973903018923e+04
1.793083493661288230e+04
1.773862136578345962e+04
1.804877425668352225e+04
1.650869884688103411e+04
1.751998055631593161e+04
1.050356355676739440e+04
1.121790281266831698e+04
1.264950374410037693e+04
1.493532788298903506e+04
1.761193754320644803e+04
1.614691054441962297e+04
1.166769604124635589e+04
1.743455609948878919e+04
1.604962122426588394e+04
1.443321566331398208e+04
1.537825836381412773e+04
1.656967487977988276e+04
1.447905042155744923e+04
1.725665651717626315e+04
1.480651823174888705e+04
1.619761928454406006e+04
1.678346200583227983e+04
1.631582150441246449e+04
1.614691054441962297e+04
1.730419454143747134e+04
1.427757840910287632e+04
1.311593081846705172e+04
1.601373378100262926e+04
1.758407437780301552e+04
1.583082021014174279e+04
1.650146304798493657e+04
1.715494099486620325e+04
1.643187683953748638e+04
1.773569370737682038e+04
1.357363363277747339e+04
1.692219093349890318e+04
9.943443495297984555e+03
1.368573967053916022e+04
1.643432203804069650e+04
1.327695302311398700e+04
1.195808364124685431e+04
1.559012294737402408e+04
1.756448861939072231e+04
1.768372743036063184e+04
1.604005893471596937e+04
1.344887591068257461e+04
1.783261745035282001e+04
1.588038953863623101e+04
1.517499253521500759e+04
1.170083992093183952e+04
1.774288082526173457e+04
1.529849663546196098e+04
1.479118103209476794e+04
1.573216784351755814e+04
1.617817864787241706e+04
1.202683601398806786e+04
1.365044121926769367e+04
1.740703784194170294e+04
1.548621065838578397e+04
1.764880642343038562e+04
1.680294748140023148e+04
1.761106622118594532e+04
1.554007293214267156e+04
1.333865967434357299e+04
1.675364653256638121e+04
1.768026046917260101e+04
1.600862141987889117e+04
1.617798496337984761e+04
1.495761919217785180e+04
1.486649894638712431e+04
1.289550000337058918e+04
1.705655132141945796e+04
1.522655137231353365e+04
1.011753299650695226e+04
1.754494073371688864e+04
1.565707294764096150e+04
1.781230431555578252e+04
1.586511378953048006e+04
1.802962270112984697e+04
1.770431341561984300e+04
1.220114424496431639e+04
1.458240049166867539e+04
1.229704877703156126e+04
1.330654563230527128e+04
1.786690984450186079e+04
1.752694165206257458e+04
1.596994424529598655e+04
1.476813957981015847e+04
1.732078971056384034e+04
1.792201886075008952e+04
1.641012209423210516e+04
1.140663416495176352e+04
1.750017645352578984e+04
1.596537263829446601e+04
1.734382107503829684e+04
1.706793898495656322e+04
1.767236908127948118e+04
1.755099705862511109e+04
1.505800099006816890e+04
1.515384141072756029e+04
1.681778551212574166e+04
1.618545597037415428e+04
1.575635959096273291e+04
1.687302094910563756e+04
1.725714378808495530e+04
1.570706524587270360e+04
1.616555697292114382e+04
1.706728547837756923e+04
1.734387227236606122e+04
1.745263003194229532e+04
1.515119822676002877e+04
1.776330314124242796e+04
1.381704426284484907e+04
1.164021213144342437e+04
1.552510405554524732e+04
1.512749234471090313e+04
1.750195673569630890e+04
1.379254947615054516e+04
1.756504757467555100e+04
1.768492843981848637e+04
1.537728368514138310e+04
1.240877551200671041e+04
1.751706162123280228e+04
1.588424649257541387e+04
1.621268939340864381e+04
1.684157904140642495e+04
1.617137486608005565e+04
1.700843398306934250e+04
1.668854601601652394e+04
1.706756306398778179e+04
1.536364115578872043e+04
1.710470617501443485e+04
1.615318522515591758e+04
1.729359684676642428e+04
1.554356117336643365e+04
1.493215214534809820e+04
1.437918912025590180e+04
1.642702652745864907e+04
1.636809749677759828e+04
1.728450880506673275e+04
1.660889546888153927e+04
1.532772009759513276e+04
1.420090240453479419e+04
1.589584468525050579e+04
1.621805507688856960e+04
1.297975856530928468e+04
1.671909223089748048e+04
1.556160732744428969e+04
1.789806959639440174e+04
1.801051631693209492e+04
1.660215222718598670e+04
1.759547677673597718e+04
1.561488441389591935e+04
1.287940814630430577e+04
1.764438000233105049e+04
1.560787667813716325e+04
1.698063239996388438e+04
1.572866641969033299e+04
1.692785070903796804e+04
1.550629131640572268e+04
1.756431613221981752e+04
1.644206392677822441e+04
1.786671522699244451e+04
1.761512877056415891e+04
1.456595631236694317e+04
1.415977270634598062e+04
1.081995994344704923e+04
1.485815226538006027e+04
1.494694205136649725e+04
1.617406076403425322e+04
1.527557139271688357e+04
1.658128400031102137e+04
1.511292320245170413e+04
1.589411376831456437e+04
1.744483769012774428e+04
1.426389698974630301e+04
1.524380697697796495e+04
1.575060860797065288e+04
1.684753158835187423e+04
1.708228449045386515e+04
1.588090189654323694e+04
1.647957854285134090e+04
1.634029075120028392e+04
1.690465655493130907e+04
1.523600095842679366e+04
1.311593081846705172e+04
1.739498057963883912e+04
1.554704246724070072e+04
1.560009630695285523e+04
1.452369170526228481e+04
1.789347916308048661e+04
1.628320629550293597e+04
1.556907443371611589e+04
1.605243419867339253e+04
1.565028819442294844e+04
1.692917835323447071e+04
1.758062246712365595e+04
1.642006707654267666e+04
1.771718611277991295e+04
1.717461978359808199e+04
1.125574464690247260e+04
1.753722846304643463e+04
1.482576341745642640e+04
1.749889134245329114e+04
1.529678262218900090e+04
1.764599170927823434e+04
1.537069037365101758e+04
1.701142506885670446e+04
1.695882470843303599e+04
1.600585973589145215e+04
1.660592332716995588e+04
1.773400019824792980e+04
1.746995754837023196e+04
1.599889987590701276e+04
1.679965486968710320e+04
1.796380376588580111e+04
1.770818021116275122e+04
1.568034111681519971e+04
1.701685687076434988e+04
1.698055494549845025e+04
1.179115740512879711e+04
1.769759495126207912e+04
1.307587792134687334e+04
1.376716544387040994e+04
1.726522101933802332e+04
1.288321711463191423e+04
1.597565026152649807e+04
1.523820214372705595e+04
1.654878361149472039e+04
1.366059716939923965e+04
1.649027109717109852e+04
1.796082293862428924e+04
1.800589381899408909e+04
1.503171383492031782e+04
1.599715365851148090e+04
1.346913274396798442e+04
1.593027821552370006e+04
1.773462629126085812e+04
1.695860243887551042e+04
1.515308126853024805e+04
1.670356133688135014e+04
1.232026662597252653e+04
1.703835648993519862e+04
1.610498398517900932e+04
1.615275814949120468e+04
1.415977270634598062e+04
1.648003711605944773e+04
1.732492564119385133e+04
1.566689414915642919e+04
1.506519301691079272e+04
1.434246254506588593e+04
1.586799431945123433e+04
1.680012092165849754e+04
1.551491820393992202e+04
1.535824547468239689e+04
1.692406197246025840e+04
1.688257379588192634e+04
1.655464145909593572e+04
1.730508198112528771e+04
1.797792825420415829e+04
1.498578984133170161e+04
1.673031095579016983e+04
1.669497299095239578e+04
1.321568541180030843e+04
1.744155660374530635e+04
1.437918912025590180e+04
1.710819987736923940e+04
1.779822670842709704e+04
1.713437115641861601e+04
1.387067829874977360e+04
1.659113025223125442e+04
1.682473986260674428e+04
1.750076172066893923e+04
1.641459627204268691e+04
1.793897114450388108e+04
1.720397557593371312e+04
1.617351085470904218e+04
1.782880379261997587e+04
1.720307018646933284e+04
1.611533041746819072e+04
1.761756903465423966e+04
1.605900739803874603e+04
1.644599656046812743e+04
1.734843683375399996e+04
1.568472491655236990e+04
1.721444628311802808e+04
1.604325117251283700e+04
1.458595679290347471e+04
1.756447447167269638e+04
1.790996192117824103e+04
1.749753056809026748e+04
1.557562002752101034e+04
1.532105062089541752e+04
1.537253560011770242e+04
1.594049457706750036e+04
1.638137529836929934e+04
1.443487169447823908e+04
1.288507914589801294e+04
1.747237136169623773e+04
1.781225464652393566e+04
1.672143914554350704e+04
1.701594126340201183e+04
1.723774023086283341e+04
1.620010881551175044e+04
1.546867012684083966e+04
1.783890664184471825e+04
1.579182193459689552e+04
1.426516334862964322e+04
1.459652053287564559e+04
1.723578048419635888e+04
1.296343911829863828e+04
1.703115597732264723e+04
1.785349646218300768e+04
1.325594416593792084e+04
1.528698474418927799e+04
1.800186914762841479e+04
1.770690349498353316e+04
1.766665513362056663e+04
1.476173333669107524e+04
1.686130069374683808e+04
1.356995141532854177e+04
1.642022714240026835e+04
1.527877360799893722e+04
1.638609835686248698e+04
1.779563875097307027e+04
1.726522101933802332e+04
1.730900522429910779e+04
1.496052117306664877e+04
1.682205652670187192e+04
1.764121059321685971e+04
1.194826960279306877e+04
1.700158096273643605e+04
1.699571724108157650e+04
1.712241597222575001e+04
9.943443495297984555e+03
1.723247061409029993e+04
1.691006831291542039e+04
1.629909543923826277e+04
1.308661201894990518e+04
1.750121486120550981e+04
1.659952272754629303e+04
1.574399064697347785e+04
1.393399749357037581e+04
9.319223039150721888e+03
1.532589238831565126e+04
1.396020685047520601e+04
1.738432271178186056e+04
1.408047318971764435e+04
1.781954740027883236e+04
1.757099002133569957e+04
1.770058990781710600e+04
1.498915838154847552e+04
1.681778551212574166e+04
1.685856813315057661e+04
1.462208037990094454e+04
1.741041333151883373e+04
1.709020900431542759e+04
1.709246899748686701e+04
1.650115411690945621e+04
1.474956348406857796e+04
1.784118297565041576e+04
1.751664874855980088e+04
1.370896634945531150e+04
1.591043352013710864e+04
1.705631582421805433e+04
1.370344792970056551e+04
1.678897773798087655e+04
1.770190465687012693e+04
1.591392088883076940e+04
1.621267246640373014e+04
1.530328594067570884e+04
1.756806402480242832e+04
1.540478575067333441e+04
9.959557756705262364e+03
1.739139812153734238e+04
1.487822805225261254e+04
1.736934052045709905e+04
1.475252467369835722e+04
1.351997417985156972e+04
1.578262398176514034e+04
1.518889119882609339e+04
1.779550568849596311e+04
1.737724411564782349e+04
1.745854126759459905e+04
1.414183577237646205e+04
1.417603263658229844e+04
9.205062765000679065e+03
1.715629398742732155e+04
1.511805893105118230e+04
1.770431341561984300e+04
1.389622235325977454e+04
1.628510311083663328e+04
1.608920930907415095e+04
1.195862391753387965e+04
1.522418231483917953e+04
1.754640085709001141e+04
1.735631092883845122e+04
1.494873780777680440e+04
1.799026741734212555e+04
1.700840517654085852e+04
1.359127626754839002e+04
1.439506366471950969e+04
1.392181521523886477e+04
1.476567974913471517e+04
1.788055832795380047e+04
1.713738804783631349e+04
1.249517571964860690e+04
9.458609392955338990e+03
1.414429482455933066e+04
1.543048824274568688e+04
1.419279570623545078e+04
1.505086016434156409e+04
1.760923304100992027e+04
1.534129828977192301e+04
1.487982053856535094e+04
1.261186102655955619e+04
1.702163256809469021e+04
1.610498398517900932e+04
1.439483380740804569e+04
1.255997037080820883e+04
1.800242978515588402e+04
1.747758745450709830e+04
1.119768569171626586e+04
1.455838277778702104e+04
1.554473670585068794e+04
1.142285288171796856e+04
1.511517700732409867e+04
1.729743192862846627e+04
1.082145551471450563e+04
1.605463425514725895e+04
1.678219313851731931e+04
1.579479020365199540e+04
1.766419175472902862e+04
1.511607085686472783e+04
1.459317578924569716e+04
1.774959874444950401e+04
1.525046301243537164e+04
1.409431751373340376e+04
1.313953759235194957e+04
1.673031095579016983e+04
1.501317263417644426e+04
1.524910553439277828e+04
1.521921304383211100e+04
1.790690657337932498e+04
1.561053226300123424e+04
1.670384855850222812e+04
1.678018711554889887e+04
1.697771067495874740e+04
1.437906888964602331e+04
1.523560018892915468e+04
1.381973144928765760e+04
1.587163757494686070e+04
1.281276601939027387e+04
1.730618078391924792e+04
1.684627470616360006e+04
1.595481684389019392e+04
1.780349453721789541e+04
1.782691018317959242e+04
1.753501778325238411e+04
1.432769090303723897e+04
1.371295419226427839e+04
1.445174810057815921e+04
1.484413261065988627e+04
1.539367370859937728e+04
1.414183577237646205e+04
1.604198432543362287e+04
1.343729249028507365e+04
1.373477928071175120e+04
1.786956153156314031e+04
1.659062264703711480e+04
1.157598749234896604e+04
1.574573355021865245e+04
1.765729360826897027e+04
1.792121846392420775e+04
1.506951109585672384e+04
1.771009590527554974e+04
1.764964301295519545e+04
1.437112608726918916e+04
1.786184712412255976e+04
1.611640695260744906e+04
1.740556488045192964e+04
1.697980963391616751e+04
1.792121846392420775e+04
1.430799891049203143e+04
1.432171090950648068e+04
1.428237745138974424e+04
1.701577655831062293e+04
1.223555456562427935e+04
1.755785403196160041e+04
1.714512037553957271e+04
1.707182542637111692e+04
1.727737650385806046e+04
1.591449390828629839e+04
1.561050629913426019e+04
1.564799100251652453e+04
1.647307090730299387e+04
1.432653933718737972e+04
1.706508563511338798e+04
1.420672928141244847e+04
1.505719005414012645e+04
1.791896459159802180e+04
1.532105062089541752e+04
1.690055143089441481e+04
1.572098322140452910e+04
1.646023232896394620e+04
1.783433229994073190e+04
1.618236226232332592e+04
1.707651739017917862e+04
1.718357272445070703e+04
1.695734952184992289e+04
1.593206160032275511e+04
1.738172512502901372e+04
1.638594530513940845e+04
1.398154793072317079e+04
1.764149359211920091e+04
1.489493947428934371e+04
1.619027351320176604e+04
1.560519003405222065e+04
1.372431289374405424e+04
1.638997526757323794e+04
1.740398701533757412e+04
1.780155596883117323e+04
1.209444609260987636e+04
1.694938601880948772e+04
1.433774418291206894e+04
1.599261813371725293e+04
1.770548897082838084e+04
1.691689049063067068e+04
1.761512877056415891e+04
1.795858594578379052e+04
1.684054801870271694e+04
1.770058990781710600e+04
1.357700592318727649e+04
1.192768831721735478e+04
1.792330977498840366e+04
1.281108826003668582e+04
1.755756753235905489e+04
1.766883733544533607e+04
1.703585878791949654e+04
1.509355107993035926e+04
1.554716480258913725e+04
1.715124025055526727e+04
1.534785937198594911e+04
1.737482772543309693e+04
1.684627470616360006e+04
1.588054890075109142e+04
1.726579602169369900e+04
1.745230758172280184e+04
1.703438844648766826e+04
1.759653235415481322e+04
1.543235650734794035e+04
1.536364115578872043e+04
1.685599480487401888e+04
1.684657241510487074e+04
1.602008196930415579e+04
1.554704246724070072e+04
1.147660410112200771e+04
1.691269586066062402e+04
1.766256970320961045e+04
1.770074232738307546e+04
1.448327265340388112e+04
1.781068930713304144e+04
1.676856818291372474e+04
1.787226962759727758e+04
9.766678722281350929e+03
1.618535661349255679e+04
1.370706056658460511e+04
1.617371526221779823e+04
1.327359859249372857e+04
1.797401239831861312e+04
1.793924375712091569e+04
1.642366437842281448e+04
1.585602761940969503e+04
1.741873544956273690e+04
1.714416962853458608e+04
1.312456519685023522e+04
1.075009639369704564e+04
1.714762344603606471e+04
1.699707880840649887e+04
1.659374749894873094e+04
1.370398723824479748e+04
1.490387355526139254e+04
1.527017947187150276e+04
1.778896647326719540e+04
1.646891573312142282e+04
1.629781349677682010e+04
1.140027806482559572e+04
1.583930513031129158e+04
1.614556815899055800e+04
1.614971429329569582e+04
1.754855951692559029e+04
1.630619053443000848e+04
1.158241212592700322e+04
1.478724929340132621e+04
1.427247099255614376e+04
1.793544222494030328e+04
1.688469407805992159e+04
1.629587931520994789e+04
1.699281493272551597e+04
1.703835648993519862e+04
1.730036581836393452e+04
1.721669772479629319e+04
1.425378179063145762e+04
1.222993047576483332e+04
1.598829427420955835e+04
1.627348159369203313e+04
1.509399134630130538e+04
1.610823427607742087e+04
1.755106914542958111e+04
1.804242987289328448e+04
1.587163757494686070e+04
1.702853081625901541e+04
1.583748431879156487e+04
1.283686483337298341e+04
1.334048374516182594e+04
1.648003711605944773e+04
1.778235259947835948e+04
1.271041081329864392e+04
1.652196910856611794e+04
1.617760703641864347e+04
1.593677489265865370e+04
1.737779236246096480e+04
1.644479340196344128e+04
1.786671522699244451e+04
1.785863070389461063e+04
1.601026644522181596e+04
1.404081699205370023e+04
1.569181304161049229e+04
1.733879219675635977e+04
1.591245660018326453e+04
1.484348205917610539e+04
1.187932223061200784e+04
1.543338274667596488e+04
1.703835648993519862e+04
1.508827620157999627e+04
1.711595602103691272e+04
1.749986587910084199e+04
1.756170352713121611e+04
1.347581671276166526e+04
1.416210989231158601e+04
1.275979639495797164e+04
1.412322428158173534e+04
1.583064348684870129e+04
1.458509587821404421e+04
1.774342838123617912e+04
1.562875932839647612e+04
1.504963596887809217e+04
1.613220980362817136e+04
1.476813957981015847e+04
1.454108986955522596e+04
1.661357230673689628e+04
1.568034111681519971e+04
1.352073543036344745e+04
1.796930240174385835e+04
1.547575019274428996e+04
1.409661228068648961e+04
1.765417929829522109e+04
1.781772511703326745e+04
1.788239779220168202e+04
1.438578023615194070e+04
1.485708312704032869e+04
1.497628883905989642e+04
1.369980363030031731e+04
1.634536312145817647e+04
1.754263844355897527e+04
1.793214395338026225e+04
1.774947876603115583e+04
1.767856955976451718e+04
1.690777795996164787e+04
1.531240341823000927e+04
1.797791664981560461e+04
1.500062596725505864e+04
1.352073543036344745e+04
1.683038291712087812e+04
1.657809603643297305e+04
1.736934052045709905e+04
1.616545829475518076e+04
1.768817271919609630e+04
1.712168599926349270e+04
1.522009225230353331e+04
1.577887266544471640e+04
1.564292005635706300e+04
1.637395390283761299e+04
1.308141100643278878e+04
1.658199814376955328e+04
1.403947342189600386e+04
1.635001073786326560e+04
1.793638944184855063e+04
1.756827548763959931e+04
1.782536434803395969e+04
1.437112608726918916e+04
1.577616644560248096e+04
1.694765538950905830e+04
1.589924750034290264e+04
1.427757840910287632e+04
1.752676699537445165e+04
1.713052429586031212e+04
1.652196910856611794e+04
1.370709340812117080e+04
1.675880678606515721e+04
1.750121486120550981e+04
1.650146304798493657e+04
1.506519301691079272e+04
1.802416032807719239e+04
1.642146111704540817e+04
1.609696036062637904e+04
1.778164307386851215e+04
1.594922054218207813e+04
1.338330743928782249e+04
1.733466251748213472e+04
1.654735521712675836e+04
1.658060052981876652e+04
1.046969985379735226e+04
1.788670753788019283e+04
1.622930457241212025e+04
1.724087457982368505e+04
1.678897773798087655e+04
1.679538540540291797e+04
1.456150679051429688e+04
1.542623265400942728e+04
1.502815482473097654e+04
1.571043066423111850e+04
1.693387189496907376e+04
1.426667693552027595e+04
1.584748309399031677e+04
1.793544222494030328e+04
1.565902917435254494e+04
1.425513582534892703e+04
1.725913319252227302e+04
1.458780250461769174e+04
1.455980923844955032e+04
1.546315320030897055e+04
1.165289224653097699e+04
1.709000449570549245e+04
1.688617964912283423e+04
1.462286415462042351e+04
1.465919618041663125e+04
1.536823931827829620e+04
1.661680318330993759e+04
1.380222669862911243e+04
1.701173709107324248e+04
1.696857448523388302e+04
1.777148129815389984e+04
1.505490165712913222e+04
1.310915029145306107e+04
1.599462783759004924e+04
1.799821882551680028e+04
1.476527095568643199e+04
1.548920625572708741e+04
1.782239800174509583e+04
1.457727748723325203e+04
1.505800099006816890e+04
1.750841144196877212e+04
1.607909849425112043e+04
