2.597492897937115413e+04
2.357312555882776360e+04
2.602959323036078058e+04
2.494619862898257270e+04
2.376960973406775156e+04
2.213767559082952357e+04
2.218787720167516454e+04
2.591481473186719450e+04
2.570039749576672330e+04
2.359017543258782825e+04
2.367444225032360555e+04
2.603827933629638574e+04
2.578219828720367514e+04
2.407469409665372223e+04
2.421612673618448753e+04
2.545025787319453957e+04
2.481203241381784756e+04
2.449956411618628044e+04
2.548457655687860824e+04
2.498177808647167330e+04
2.449315932377859281e+04
2.611290573204192333e+04
2.467736112736941141e+04
2.445703192420961204e+04
2.440546690554512315e+04
2.581733383068275361e+04
2.566630549628073277e+04
2.417934112967028341e+04
2.534089213901104085e+04
2.326350273381175793e+04
2.543357649057215167e+04
1.409222105205612024e+04
2.443612729112895977e+04
2.517144825908051280e+04
2.484605970571696525e+04
2.593993835390612003e+04
2.544000078213558299e+04
2.550177658473906195e+04
2.480262689472933926e+04
2.408796789259194338e+04
2.167124232348430814e+04
2.332592822985654129e+04
2.586536875456532289e+04
2.212894168037285272e+04
2.526765612550155129e+04
2.590894362862399430e+04
2.587560179521127793e+04
2.516352721977010515e+04
2.548379032618497877e+04
2.585219657248406293e+04
2.495284750829659606e+04
2.523435154238629548e+04
2.572176099561189403e+04
2.588594951088887319e+04
1.928290912647745427e+04
2.517365830211747380e+04
2.556958254197362839e+04
2.591711770856751900e+04
2.288496841523333569e+04
2.535011190407773393e+04
2.557953415912259879e+04
2.448090324202894044e+04
2.494906202007744287e+04
2.609420668308062886e+04
2.037495885108780567e+04
2.187923057377549412e+04
2.543059706017679127e+04
2.508358872078713466e+04
2.602283130395713670e+04
2.444182716574049118e+04
2.573989757548296257e+04
2.403170118786927196e+04
2.444698597276968212e+04
2.412747134245923371e+04
2.528648141388996737e+04
2.541917792025625386e+04
2.592605430848703691e+04
2.589344899424391042e+04
2.529948262074306695e+04
2.512125485719171411e+04
2.558092411051526869e+04
2.472677459982059736e+04
2.485726646410967805e+04
2.232797059665258712e+04
2.539034473713932675e+04
2.563381578611002624e+04
2.428965837799098517e+04
2.584295104196403554e+04
2.599533923769318426e+04
2.564319860844399955e+04
2.541341135924453556e+04
2.609385978373970647e+04
2.452931748617578342e+04
2.491241182609152747e+04
2.585380989262077856e+04
2.466168740682351927e+04
2.258089130356060195e+04
2.441404689633505768e+04
2.454890179789923423e+04
2.526476951935531906e+04
2.454650498702269397e+04
2.380140880856313743e+04
2.518677320941841026e+04
2.406904596201695313e+04
2.599557645100442824e+04
2.472470093370411632e+04
2.585015249608671729e+04
2.575981196795242795e+04
1.925107718802754607e+04
2.515059648841177477e+04
2.561175363684950935e+04
2.442286267510693870e+04
2.567514296236980590e+04
2.460594463890261613e+04
2.479741556591591507e+04
2.111774345962000007e+04
2.591676560479584441e+04
2.547545448514596501e+04
2.564971785931471823e+04
2.415388205262129486e+04
1.676697811129601541e+04
2.431915602497296277e+04
2.488537402185977407e+04
2.473669178997132985e+04
2.473725840262994097e+04
2.367019840835488867e+04
2.399814803177121939e+04
2.431871556267015694e+04
2.532514344180838089e+04
2.037495885108780567e+04
2.585933426356556811e+04
2.533071057776136149e+04
2.579389161380784208e+04
2.141400799016452947e+04
1.928953391131401440e+04
2.488221428911152907e+04
2.339729026862264072e+04
2.516625262565207959e+04
2.546427181457525148e+04
2.595094347391743213e+04
2.556832771013225647e+04
2.435014341766612415e+04
2.572320068780669681e+04
2.458109659690688204e+04
2.601855464677482814e+04
2.505296238293677743e+04
2.547352211226482541e+04
2.589553367532644188e+04
2.560499368556566333e+04
2.548182094245528424e+04
2.465969742415477231e+04
2.499794151424065058e+04
2.501859163522126255e+04
2.582341902180950274e+04
2.565633643976150051e+04
2.403628373430566717e+04
2.583106034217834167e+04
2.571328188319358742e+04
2.477764467683039402e+04
2.594191888380983801e+04
2.533347652556443063e+04
2.602136004929238334e+04
2.531411492797728715e+04
2.494493959927506512e+04
2.575276850473041122e+04
2.542298935386471567e+04
2.283001388372609654e+04
1.185976537857508993e+04
2.602053806689882913e+04
2.586597582499916098e+04
2.563150484316298389e+04
2.433376379226143763e+04
2.609768688678515900e+04
2.542534435816547921e+04
2.533160086031199899e+04
2.454657282658169424e+04
2.524710731338847836e+04
2.552843124468464157e+04
2.563650839793883642e+04
2.591637159924280786e+04
2.394015820869848903e+04
2.598452137039240915e+04
2.607584200634965964e+04
2.421086281666620198e+04
2.252899728331453662e+04
2.557430429891785025e+04
2.119598900346262235e+04
2.431674435323767830e+04
2.588735850088674124e+04
2.515728543799373438e+04
2.427810854148612634e+04
2.495304176770167032e+04
1.940448855564858968e+04
2.065345651472232203e+04
2.589090622151036951e+04
2.552986843758256509e+04
2.352589696579629890e+04
2.552570852888705485e+04
2.511428208719896429e+04
2.552967186125250737e+04
2.572712545722143477e+04
2.413625279776858952e+04
2.575022796945279697e+04
2.415173489237866306e+04
2.433967865979112685e+04
2.575757859327254482e+04
2.268955653209880984e+04
2.216897738505969755e+04
2.403846303722347875e+04
2.578209800269510015e+04
2.611226343812606501e+04
2.607679043818466744e+04
2.405496322039976803e+04
2.460139628524176806e+04
2.228066446542602353e+04
2.309466520728499745e+04
2.501622085365989915e+04
2.453125546893251521e+04
2.540564814751526501e+04
2.535282832476904150e+04
2.469457689483677677e+04
2.563237304668881552e+04
2.484912052709514683e+04
2.378942193847613089e+04
2.490857153021678459e+04
2.564124760175227493e+04
2.556876068492585182e+04
2.500363143005718666e+04
2.527120775141121339e+04
2.427538448445031099e+04
2.400615620837765164e+04
2.499301886298782483e+04
2.363293245715374360e+04
2.474003579425327189e+04
2.546770635427120578e+04
2.422560842283607781e+04
2.418517732848786909e+04
2.220371837743945434e+04
2.411537683300013305e+04
2.553837555624991001e+04
2.601754881760906937e+04
2.493713327954842680e+04
2.371484656912703213e+04
2.521823979312466690e+04
2.508598020910429113e+04
2.592063768010463900e+04
2.531384532723086159e+04
2.502730040148943954e+04
2.490174987197502924e+04
1.799045112798619812e+04
2.540737105640461596e+04
2.486121861644023738e+04
2.598484659549794742e+04
2.441690991528485392e+04
2.207134617976477602e+04
2.234764613988112978e+04
2.521750145539374353e+04
2.500500842336588175e+04
2.540608350723092735e+04
2.532034733163260171e+04
2.479774673709236959e+04
2.492639478184994732e+04
2.604615754949323309e+04
2.604440314024755571e+04
2.594324832476257143e+04
1.931528143929521684e+04
2.418628825193974990e+04
2.475220076383298874e+04
2.596212538757020593e+04
2.464707080361877161e+04
2.472351392617907914e+04
2.318920285962166963e+04
2.507563946128676616e+04
2.339729026862264072e+04
2.132486053460255062e+04
2.263768611482804044e+04
2.200246946670179386e+04
2.164764799782823684e+04
2.550866672482458307e+04
2.585847755741452784e+04
2.459589300401083892e+04
2.528147013003977554e+04
2.552096026988262383e+04
2.568120485388271481e+04
2.593621088710017648e+04
1.722655254456913826e+04
2.326182076470290849e+04
2.605271927351664272e+04
2.476551171028850877e+04
2.559703397813519041e+04
2.488718759300541569e+04
2.574823466593169724e+04
2.575226848944315134e+04
2.428851307475963404e+04
2.554936026631416462e+04
2.410452545526300310e+04
2.554460562203845620e+04
2.416546481530218807e+04
2.481650168025388848e+04
2.503791877959688645e+04
2.481319849829263694e+04
2.586454401292580951e+04
2.592525941794803657e+04
2.449275302324319637e+04
2.487070599480241799e+04
2.547284486143105823e+04
2.553030852841017258e+04
2.435796374064367410e+04
2.445703871095407521e+04
2.514490572844776398e+04
2.585618005633957364e+04
2.597789802806035732e+04
2.607995385525038000e+04
2.498712122052334598e+04
2.436525703462259844e+04
2.518924982181532323e+04
2.121324365241863052e+04
2.494619862898257270e+04
2.577671625120530371e+04
2.508791379908171439e+04
2.603637392204089701e+04
2.477945823202791507e+04
2.522076071320482151e+04
2.428553696265666804e+04
2.532628826440573175e+04
2.359037897806478941e+04
2.605064167921316402e+04
2.565467412150661403e+04
2.446026326665980741e+04
2.564807292543184303e+04
2.413778886340982717e+04
2.575022796945279697e+04
2.107989228819377968e+04
1.928953391131401440e+04
1.715996389704339163e+04
2.438229835087433457e+04
2.544096630483433910e+04
2.437395741184696453e+04
2.532305821588921390e+04
2.606216046888961137e+04
2.425831845330373471e+04
2.499301886298782483e+04
2.561534661661206337e+04
2.393969081273153643e+04
2.457081572729635445e+04
2.581854917817287424e+04
2.331326826744200298e+04
2.583928605311225692e+04
2.479530303938751604e+04
2.473867750670759415e+04
2.603595409969533648e+04
2.442625404679292114e+04
2.572938000220235335e+04
1.914178615404927405e+04
2.497992078285216121e+04
2.609865220869517361e+04
2.404091296058375156e+04
2.567415861189650605e+04
2.596517475420930350e+04
2.593493374515866162e+04
2.488883248272292622e+04
2.559292949122081336e+04
2.598973810977811081e+04
2.541414167023095069e+04
2.536174492315482712e+04
2.440295517045199813e+04
2.537116376506684901e+04
2.599530042226703881e+04
2.607021111795442266e+04
2.559515598617445721e+04
2.256024338730168893e+04
2.604633272179492997e+04
2.558218579096207759e+04
2.422201443210440630e+04
2.538980644378103898e+04
2.605739465989583550e+04
2.526080606752091262e+04
2.561737513656864394e+04
2.565635201199832954e+04
2.487499673996253114e+04
2.255321555685410203e+04
2.256924810881767189e+04
2.586649438688663940e+04
1.947911038842170092e+04
2.599007009007168017e+04
2.594307097025211260e+04
2.564651637158438825e+04
2.531130150810135456e+04
2.477344994062930709e+04
2.475090630328153929e+04
2.472493450097276946e+04
2.502197226577314723e+04
2.458809393310805535e+04
2.528989248148656407e+04
2.554695028863080370e+04
2.585861434534795626e+04
2.097393998209769052e+04
2.378571357574110152e+04
2.607442896946425026e+04
2.416147601093940102e+04
2.599230076461407589e+04
2.568138463918038542e+04
2.280368312448444340e+04
2.542653111541695398e+04
2.596920288990253175e+04
2.547896449325357025e+04
2.598814501010067761e+04
2.603108248148104030e+04
2.575009432281310364e+04
2.540164737789486026e+04
2.383835604835408958e+04
2.458397713469388327e+04
1.715545755088039004e+04
2.564440640382047786e+04
2.149110108392533584e+04
2.602109043653004846e+04
2.584459528254658653e+04
1.705817473115588655e+04
2.496653698044821067e+04
2.314567415240101400e+04
2.516733782791506383e+04
2.595800470774402493e+04
2.592719088670595374e+04
2.324303219304304366e+04
2.574312967532857510e+04
2.525597418520350766e+04
2.510501945217214961e+04
2.521175244847686918e+04
2.527557739434661198e+04
2.572833829116703419e+04
2.445305667532719963e+04
2.244690484096163709e+04
2.371813915241699578e+04
2.504245503596904018e+04
2.511187019559979672e+04
2.513957810091603096e+04
2.178138717938225091e+04
2.564488830955780941e+04
2.586704907557437400e+04
2.339736759415652341e+04
2.570623428673005037e+04
2.159181216925450644e+04
2.575132554748320399e+04
2.575409267859446481e+04
2.415482590762875770e+04
2.589575138552030330e+04
2.610162628524688262e+04
2.524308083457051907e+04
2.530557320573904508e+04
2.492077018952726939e+04
1.892003098070910346e+04
2.455480159463394375e+04
2.509493174325732252e+04
2.437845500184074626e+04
2.406182127092741575e+04
2.480102605839218450e+04
2.589204762644050061e+04
2.338688065467353954e+04
2.607039148991914408e+04
2.486798025709788999e+04
2.391408860253110834e+04
2.603464953283911746e+04
2.516718464939281694e+04
1.715996389704339163e+04
1.438152287429798525e+04
2.548239100055480958e+04
2.407374782714211688e+04
2.272380613166742842e+04
2.502349549850466792e+04
2.358759523873653234e+04
2.280274572154964699e+04
1.950333122777012613e+04
2.553670643371830738e+04
2.514971388294774079e+04
2.384328177805432642e+04
2.502187278070373577e+04
2.588643580559558177e+04
2.539170222300664318e+04
2.489209874848065374e+04
2.546303929887749837e+04
2.368080690360893641e+04
2.489209874848065374e+04
2.595767163708911175e+04
2.295583179442097025e+04
2.380926982977391162e+04
2.391512008444084495e+04
2.495305490436187756e+04
2.407469409665372223e+04
2.518404495304745069e+04
2.553599064669086511e+04
2.292310063622759844e+04
1.727613946748499438e+04
2.468893502148849075e+04
2.513957810091603096e+04
2.542444208479925874e+04
2.537773144957122713e+04
2.591156608562256952e+04
2.597960940950772419e+04
2.330278475952590088e+04
2.587390947534846418e+04
2.545020287523806110e+04
2.526199307576411229e+04
2.562095560171183388e+04
2.510564155723408476e+04
2.528422702408048281e+04
2.560144201239261383e+04
2.474390026667352504e+04
2.509605103734927980e+04
2.568619626851806242e+04
2.587334156866387275e+04
2.540757751929886581e+04
2.437784257699946465e+04
2.523111461355417123e+04
2.567163308792161843e+04
2.543368930692262074e+04
2.513598046867628727e+04
2.539975251798294994e+04
2.577523567860702315e+04
2.583821935559158374e+04
2.484127252888241492e+04
2.511647944826680032e+04
2.395672893024585574e+04
2.233617836204361083e+04
2.610186582067879135e+04
2.561076460024925473e+04
2.501611743946643765e+04
2.570795628514383134e+04
2.594307097025211260e+04
2.399942206317290038e+04
2.590958006953519725e+04
2.503309909970207082e+04
2.419886290448383079e+04
2.518225516436252656e+04
2.573932432561797032e+04
2.466423154886806515e+04
2.544308390081920879e+04
2.593117662438636034e+04
2.536017981201497241e+04
2.536047221508833536e+04
2.571727520909517625e+04
2.428690057794966924e+04
2.507155220376997386e+04
2.472677459982059736e+04
2.303515280984092897e+04
2.600090323562599588e+04
2.603859936072477285e+04
2.505630997676536936e+04
2.432513094883191661e+04
2.170917922150438608e+04
2.455249973453897474e+04
2.547761507971018727e+04
2.539362574957809557e+04
2.524730943368115550e+04
2.344175416858388780e+04
2.504800784601950727e+04
2.371028616923489244e+04
2.531000419579508161e+04
1.941286998454220884e+04
2.544430975922492507e+04
2.584886394967550950e+04
2.503843180013747769e+04
2.513266940550734944e+04
2.524591628252897499e+04
2.606878111980378162e+04
2.531936950789409821e+04
2.452715552526934334e+04
2.405729538791293453e+04
2.419988531627774137e+04
2.508753718660887534e+04
2.389479375118679309e+04
2.567998037684032170e+04
2.416610413872413483e+04
2.595919838366688055e+04
2.018346941931101901e+04
2.569888689013026669e+04
2.512911735322931781e+04
2.384320564268068119e+04
2.441369826733611262e+04
2.526527589433065441e+04
2.566204628722773487e+04
2.507268372009044106e+04
2.516906561811088977e+04
2.333317438234226574e+04
2.480151936749755259e+04
1.890667195501322203e+04
2.452197567780600366e+04
2.489337066772966500e+04
2.603310693782553426e+04
2.185655198977356849e+04
2.610860827883295860e+04
2.600245539949173690e+04
2.423988960282336484e+04
2.533303080703514570e+04
1.595262152560733011e+04
2.364710355392650672e+04
2.602343221297391938e+04
2.495956192545696467e+04
2.592400378088245998e+04
2.593318108639151615e+04
2.421437570852873614e+04
2.518717267584930232e+04
2.533261147918168717e+04
2.506428965911193154e+04
2.577380672080746808e+04
2.546617540703452687e+04
2.536242420203468282e+04
1.799045112798619812e+04
2.473826863440466695e+04
2.565553684996009542e+04
2.601220923671078344e+04
2.468829302935188025e+04
2.571570177000617332e+04
2.577073794920402725e+04
2.519674652418098776e+04
2.349470210991351269e+04
2.577132162632283871e+04
2.562440300408168696e+04
2.598638468956925499e+04
2.541091282234200480e+04
1.873965913419359276e+04
2.546889953212050750e+04
2.524125692921422888e+04
2.488715603223404469e+04
2.405907190509967768e+04
2.535499321560515455e+04
2.407374782714211688e+04
2.307316180812771927e+04
2.505074329212924204e+04
2.219524308123244555e+04
2.595893564414375578e+04
2.327604622923259740e+04
2.459017797156257802e+04
2.501949209884646916e+04
2.487110378744491754e+04
2.488002717799552920e+04
2.611319750078616926e+04
2.426553496915425785e+04
2.192558527785921615e+04
2.571257118043820810e+04
2.508972250110074674e+04
2.429021109952310508e+04
2.545129058638065544e+04
2.405783551265311326e+04
2.554335012262942473e+04
2.492435530252417811e+04
2.539203125358660327e+04
2.598814381831737774e+04
1.640799017311388161e+04
2.546641396606127455e+04
2.133337932253034160e+04
2.519305356621936517e+04
2.363293245715374360e+04
2.488078371304810571e+04
2.516718464939281694e+04
2.592008506525535631e+04
2.510919374347157282e+04
1.447397536584818408e+04
2.142301596366750164e+04
2.606277336944994022e+04
2.542643714734017703e+04
2.408658350481731031e+04
2.523435154238629548e+04
2.388008748004637164e+04
2.345705300686911505e+04
2.447859158305065648e+04
2.503422722578227695e+04
2.595060011424455297e+04
2.596815241222547047e+04
2.512919043723125287e+04
2.441165268435396138e+04
2.066896239814600267e+04
2.534332461993489778e+04
2.535837887094040707e+04
2.609825095753544156e+04
1.950906396775870962e+04
2.365814462840515625e+04
2.601840798976126462e+04
2.479741556591591507e+04
2.441583923314641288e+04
2.381767049393842535e+04
2.499510758762021578e+04
2.561878864051168057e+04
2.535096689345874256e+04
2.519286564052428730e+04
2.520493417251079518e+04
2.390767078439074612e+04
2.606689557173183130e+04
2.531998516950062913e+04
2.540630624367744895e+04
2.564135319822972087e+04
2.018181303157831280e+04
2.604056540737942123e+04
2.588888964396968368e+04
2.134092547498525528e+04
2.574177509466994525e+04
2.079799340627322090e+04
2.602334813816670066e+04
2.587560179521127793e+04
2.571050101145700319e+04
2.237648582534711386e+04
2.533616362136168027e+04
2.552781897447383017e+04
2.610497805666205386e+04
2.444222898840444032e+04
2.605447301256444553e+04
2.548703832229852560e+04
1.890107788593733130e+04
2.210228380822830513e+04
2.243101263548288989e+04
2.483471096344978287e+04
2.590192110036146914e+04
2.587516372747813148e+04
2.335613551995653688e+04
2.581733383068275361e+04
2.562148797671448483e+04
2.472864822433861991e+04
2.540661942234262824e+04
2.259744001961665344e+04
2.609211474026137876e+04
2.488846409315948040e+04
2.553666564614055824e+04
2.524747832107055365e+04
2.526080606752091262e+04
2.282390967207400536e+04
1.959163726607549688e+04
2.447333561446507520e+04
2.500538367799286061e+04
1.878796569394821563e+04
2.430064384403732402e+04
2.565492690705478162e+04
2.467485718671494396e+04
2.592187540280453686e+04
2.458350842494385142e+04
2.435092222564294207e+04
2.149110108392533584e+04
2.498994730672548030e+04
2.534827337694602465e+04
2.598446129622100852e+04
1.756489786196125351e+04
2.538910144828445846e+04
2.604037938565244258e+04
1.831451807457755058e+04
2.121324365241863052e+04
2.506819830166380052e+04
2.461681390727890175e+04
2.430029775475536735e+04
2.575559945717056326e+04
2.582485221002340768e+04
2.491698324472599779e+04
2.263934555377845027e+04
2.592681155860685976e+04
2.572028343102891449e+04
2.598717222482199577e+04
1.826310507528841845e+04
2.597507729776670021e+04
2.564700352154193388e+04
2.300177392011401389e+04
2.394881796183776169e+04
2.374383403212161284e+04
2.575338234767493486e+04
2.577669821299007162e+04
2.566735073668832410e+04
2.400908724461217571e+04
1.887012044223222983e+04
2.477511307617351486e+04
2.582026026876021933e+04
2.476678152769001463e+04
2.564440640382047786e+04
1.717315340280722012e+04
2.535061455963467597e+04
2.309943490972214931e+04
2.113879593387676869e+04
2.580848529657227846e+04
2.499393247032956424e+04
2.436274579155195897e+04
2.580775075911851309e+04
2.498906796613366168e+04
2.469901408524627186e+04
2.429371181677846107e+04
2.458809393310805535e+04
2.535692008376343438e+04
1.997543883617931715e+04
2.550558174759661415e+04
2.236528288776414411e+04
2.520276354381151759e+04
2.485561262138556049e+04
2.358186378535140466e+04
2.409676355226325541e+04
2.344857079396960035e+04
2.560994667228078106e+04
2.420537677424616413e+04
2.018181303157831280e+04
2.489077996627891116e+04
2.433858670686103869e+04
2.607878558249989510e+04
2.530663910965801915e+04
2.516987353869816434e+04
2.550696393870262546e+04
2.122464150497772425e+04
2.535859590815829142e+04
2.403170118786927196e+04
2.319305549194963532e+04
2.460490228671571094e+04
2.540615740426631601e+04
2.485260318605473003e+04
2.293323140464871540e+04
2.528871940001369148e+04
1.990338909504276671e+04
2.539170222300664318e+04
2.589583341797596222e+04
2.604056540737942123e+04
2.351631049948934378e+04
2.555425499944502371e+04
2.518190449559593253e+04
2.478368667245258257e+04
2.510208300337087712e+04
2.586726127677188560e+04
2.584500982430432850e+04
2.077764650178125885e+04
2.576992709344919422e+04
2.461588299844944413e+04
2.479538229646098989e+04
2.387236269709825501e+04
2.386706512969161849e+04
2.511038844925881131e+04
2.525012167332177341e+04
2.469435470117154910e+04
2.519405570178944618e+04
2.602949216126932151e+04
2.481852613505779300e+04
2.311537045852858137e+04
2.462061292712830254e+04
2.226688033768660898e+04
2.489850264349152349e+04
2.580334986799382386e+04
2.529555263296143676e+04
1.261825191624692525e+04
2.542548176479229005e+04
2.565280977379798423e+04
2.344675180291630022e+04
2.419166029725976477e+04
1.717749793918828072e+04
2.489745846785134199e+04
2.434492253011243884e+04
2.577316568403637575e+04
2.609551377678951394e+04
2.591458886629557310e+04
2.380926982977391162e+04
2.458679522145979354e+04
2.590162572613204247e+04
2.610870100220577660e+04
2.501821424761892195e+04
2.554857813225049904e+04
2.596048575337281363e+04
2.282689793117859881e+04
2.555283745432394426e+04
2.548347385611564096e+04
2.562874981872495482e+04
2.603889352194311505e+04
2.538174768784957269e+04
2.459017797156257802e+04
2.571873642818689768e+04
2.270991213154919387e+04
2.516021887454088574e+04
2.363982279245271639e+04
2.405496322039976803e+04
2.549450780232508987e+04
2.492659024689569560e+04
2.516365996058707242e+04
2.604570693888082315e+04
2.561651164692990278e+04
2.558756750437211304e+04
2.466789531096953579e+04
2.601732682840558482e+04
2.494691757470120501e+04
2.585398737013393838e+04
2.516668147791339288e+04
2.384984709839768038e+04
2.375849319762885716e+04
2.524647379863664537e+04
2.517045085412262051e+04
2.418392424251603734e+04
2.462061292712830254e+04
2.542333172392053530e+04
2.435092222564294207e+04
2.531148410124259681e+04
2.548411882261896608e+04
2.512973021824955867e+04
2.309466520728499745e+04
2.469716959406887327e+04
2.462541756321172215e+04
2.576691176061766600e+04
2.571750987399143560e+04
2.341370049153667787e+04
2.347266040811825223e+04
2.498083980935054205e+04
2.481407802711999102e+04
2.088576952001228346e+04
2.548148325857594318e+04
2.521919115302461432e+04
2.077297767932960051e+04
2.508661352914303279e+04
2.310606671903439201e+04
2.145695458399695781e+04
2.332108143357655717e+04
2.562526637856596426e+04
2.232801296593965526e+04
2.508507542472070054e+04
2.446349525824571174e+04
2.603530263336618373e+04
2.408926859945078468e+04
1.761739110908432485e+04
2.480712645151810284e+04
2.514718368850165643e+04
2.558443872120996093e+04
2.497998406139922736e+04
2.516906561811088977e+04
2.557290123636557473e+04
2.233617836204361083e+04
2.475096946757815385e+04
2.344739824282455811e+04
2.568951699532986095e+04
2.603508774864583393e+04
2.534813644467855192e+04
2.576524949013027799e+04
2.539034473713932675e+04
2.485783336245820101e+04
2.535947253371756233e+04
2.597029116228520434e+04
2.593073636983397591e+04
2.451926402859813970e+04
1.603960997811939160e+04
2.561974762315595581e+04
2.315991122631116741e+04
2.527206700877813637e+04
2.404444041586044114e+04
1.914178615404927405e+04
2.487727004218780348e+04
2.534384449633002805e+04
2.474404657496583968e+04
2.558570906969548741e+04
2.484549686636073602e+04
2.510750420778598345e+04
2.564875028091276545e+04
2.359230966337020436e+04
2.473729782455053646e+04
2.516062482689248282e+04
2.522987223457632354e+04
2.589696405952741770e+04
2.043008753067831276e+04
2.472633021150354762e+04
2.368726509231696036e+04
2.511722022883593309e+04
2.604498664089415979e+04
2.567877667481587559e+04
2.551336486599374621e+04
2.501159797423531563e+04
2.470545495214877883e+04
2.611229479119709140e+04
2.557900609880705451e+04
2.533345084237923584e+04
2.447858940095068101e+04
2.489589425115903941e+04
2.435405735133168128e+04
2.489005563562676252e+04
1.698894833988177197e+04
2.598213730647506600e+04
1.877026489510402462e+04
2.585959807145648301e+04
2.603775503957812543e+04
2.479787253953107574e+04
2.609400775228104612e+04
2.479180193971275366e+04
2.435930207948752650e+04
2.528709520059914212e+04
1.542055795688855687e+04
2.607148561691579744e+04
2.349216561961093976e+04
2.411153466756176203e+04
2.496211443791962665e+04
2.410300576946310684e+04
1.955043820592068369e+04
2.498817421003170966e+04
2.536510143007871739e+04
2.509935521697610602e+04
2.582974779329901503e+04
2.411607204840652412e+04
2.571670384649652988e+04
2.505294941803712936e+04
2.605680123946049935e+04
2.527155723194744496e+04
1.831451807457755058e+04
1.934102985772830652e+04
2.516718464939281694e+04
2.537260028976400645e+04
2.570005030393605557e+04
2.562663815863218770e+04
2.437480715125524512e+04
2.543462556907389080e+04
2.570352202682651114e+04
