1.223889493441632840e+04
1.290059565656543600e+04
1.149700250632414463e+04
1.285801397238768914e+04
1.231148172161009097e+04
1.348268437620516852e+04
1.182782178223456867e+04
1.268969673796024290e+04
1.307780479705891776e+04
1.284424774224945213e+04
1.339081443214511819e+04
1.200664055199744507e+04
1.314170571913130880e+04
1.252369558291501380e+04
1.307543056613119916e+04
1.226305304861775585e+04
1.359060513121800614e+04
1.257941968798846938e+04
1.344135798594221342e+04
1.354743716227651021e+04
1.055461358252126229e+04
1.354092485335380843e+04
1.313569790394036681e+04
1.294535601428852169e+04
1.318439008167351130e+04
1.196630831364722690e+04
1.337466745117355458e+04
1.210009275659947525e+04
1.356552405953237758e+04
1.086010272038518451e+04
1.269275303560978136e+04
1.267379430727532599e+04
1.324253168399999595e+04
1.286211437412782470e+04
1.277380057026173381e+04
1.120008300753247386e+04
1.017111523649363698e+04
1.199353357920016060e+04
1.160028775076706370e+04
1.082174059031541947e+04
1.280779677280791657e+04
1.226975996342210055e+04
1.345152462392131747e+04
1.298535315594481290e+04
9.125256458575717261e+03
1.196402471434596009e+04
1.322991013954809023e+04
1.258531384572630122e+04
1.341163823830283400e+04
1.047318862390644790e+04
1.154720034953327922e+04
1.357827307182903860e+04
1.346636895903582808e+04
1.330279199971638263e+04
1.004240738215936835e+04
1.309970652578317095e+04
1.314339948840012948e+04
1.325554375667020031e+04
1.242760795552111813e+04
1.279329983871050354e+04
1.295918445061458806e+04
1.142757787433148223e+04
1.218456906280372277e+04
1.295724747193008443e+04
1.195850890156220885e+04
1.047797499657486333e+04
1.314953024366438694e+04
1.354409141077252571e+04
1.329681573102197217e+04
1.314988500759156886e+04
1.153252779889755402e+04
1.251633769384573861e+04
1.177774138030655376e+04
1.182525286454831803e+04
1.283535383212529268e+04
1.315216614257176298e+04
1.246764464017512728e+04
1.309243022743634174e+04
1.232432220256684559e+04
1.194207110925826782e+04
1.189356499237794742e+04
1.257402030091947927e+04
1.263228068394720322e+04
1.112645494503531881e+04
1.081712510908128752e+04
1.248902078274647283e+04
1.205530223272329386e+04
1.187327085386500767e+04
1.286794317368907650e+04
1.289983651312343500e+04
1.238325768545216306e+04
1.351743848379805058e+04
1.319878897019916985e+04
1.203682313419396996e+04
1.350418635040071786e+04
1.350420976288655220e+04
1.252657106325003951e+04
1.283386151673430140e+04
1.350542146194808811e+04
1.280755663743988407e+04
1.324636154157968122e+04
1.255640699446130930e+04
1.344932601395866914e+04
1.331016875930246897e+04
1.211498734325186888e+04
1.281410416449380500e+04
1.183482960009695671e+04
1.125468287019792479e+04
1.320370393453969518e+04
1.110366296196333133e+04
1.323263102762941708e+04
1.287093106476336470e+04
1.289410842494771532e+04
1.270692732903197975e+04
1.314296138039039943e+04
1.272382246180221409e+04
1.299699581446170851e+04
1.147659570791917940e+04
1.354420591787842386e+04
1.190621586239825410e+04
1.030984500360339371e+04
1.137117953799310635e+04
1.326367734077745263e+04
1.158305876504801745e+04
1.210545277125842767e+04
1.305413393218785495e+04
7.855952232683700458e+03
1.252852745690841766e+04
1.202916122579980947e+04
1.275605371338428449e+04
1.251983265754197419e+04
1.324199855174185905e+04
1.304848050618294474e+04
1.262009518975458013e+04
1.097481807898159605e+04
9.166433844076635069e+03
1.327417038114330899e+04
1.340468130033791931e+04
1.348351500483402378e+04
1.208664313624224087e+04
1.142757787433148223e+04
1.281214963005159916e+04
1.303767234850436216e+04
1.140193014714011588e+04
1.354528953635440485e+04
1.283036367879000682e+04
1.131410627646530156e+04
1.311344289680192378e+04
1.282709358517411965e+04
1.119307215267679203e+04
1.115875213812544098e+04
1.108806878289488668e+04
1.273357551057077217e+04
1.218772173930825011e+04
1.189299122247952619e+04
1.171813783844718273e+04
1.105541008101605803e+04
1.270314052663214170e+04
1.285103739051978846e+04
1.307426050721094725e+04
1.318542016690865057e+04
1.212181266920790222e+04
1.230882455057119296e+04
1.317912125154445857e+04
1.274386510356749568e+04
1.334321416551931907e+04
1.229962265871931595e+04
1.290988209029411337e+04
1.321211786458987990e+04
1.262532823264486615e+04
1.281720901130730999e+04
1.339070021081448795e+04
1.317789467338539544e+04
1.274334705995384866e+04
1.284153381851470112e+04
1.111199744056367308e+04
1.020810834738802077e+04
1.243461681556459007e+04
1.112246972405273846e+04
1.313988464079294499e+04
1.146860511823646630e+04
1.342207942157995967e+04
1.164304540649219052e+04
1.319499973904623585e+04
1.358842091254626757e+04
1.336402296642167857e+04
1.311907320685112791e+04
1.237807691826171504e+04
1.176544178533383820e+04
1.111583324394566807e+04
1.268643920531134791e+04
1.322612241671689662e+04
9.775100584647974756e+03
1.212404287896758979e+04
1.174490536020741092e+04
1.038698128102261035e+04
1.219804554000694588e+04
1.276036461987989424e+04
1.109364972767719701e+04
1.343011977358674631e+04
1.262009518975458013e+04
1.323939506550057195e+04
1.237540577070760992e+04
1.268576050825400853e+04
1.299172684452421890e+04
1.333127243683791858e+04
1.237494051900171326e+04
1.304961868221686746e+04
1.356091072014788006e+04
1.227257897717758897e+04
1.087154358977051379e+04
1.347065460615704433e+04
1.321259089352742376e+04
1.307122673247907551e+04
1.257275113445105308e+04
1.252670848505874346e+04
1.147951394680813974e+04
1.197976678945065214e+04
1.347200358878748375e+04
1.310277641251482783e+04
1.306155257522660759e+04
1.226112012488303662e+04
1.199629464927557274e+04
1.223252940814879548e+04
1.311665792637896448e+04
1.285067623441015166e+04
1.316037218143712016e+04
1.311883714177140064e+04
1.352957277325812902e+04
1.320759844770740892e+04
1.283476266247897183e+04
1.347449958160749156e+04
1.302109563697492922e+04
1.334374480671797755e+04
1.351916149806343856e+04
1.307954328540875940e+04
1.308040101200375102e+04
1.339806473664686564e+04
1.322510298409967800e+04
1.359023066190455938e+04
1.319961787798513251e+04
1.122807472984220294e+04
1.178239833524298956e+04
1.270685259150390993e+04
1.182683195211197744e+04
1.274170844079075141e+04
1.285078712506689953e+04
1.116940147540761973e+04
1.227519300780327649e+04
1.246051183134636085e+04
1.340811442031161641e+04
1.331437888086318344e+04
1.237807691826171504e+04
1.024711662117183914e+04
1.270102631202328121e+04
1.245432451509972816e+04
1.293284447568121323e+04
1.284111487625141126e+04
1.350581586848658844e+04
1.319540427757766884e+04
1.308447576086971640e+04
1.004327190950674049e+04
1.273290664381695569e+04
1.244439739216347880e+04
1.147059163663121763e+04
1.182435587082923485e+04
1.357937742850901486e+04
1.332720580487924235e+04
1.300717020956004490e+04
1.353614750844858827e+04
1.268966525574629668e+04
1.242282932473489200e+04
1.194922781797517746e+04
1.072940434406903842e+04
1.180365103509518667e+04
1.051434810294441195e+04
1.187047995218741380e+04
1.279135343391499919e+04
1.304125235241036353e+04
1.196757662310252817e+04
1.082897391653555678e+04
1.137504368530450301e+04
1.198866878261675811e+04
1.150524849167617504e+04
1.174567528821308406e+04
1.187047995218741380e+04
1.304661294965172419e+04
1.156790707771701636e+04
1.349805118579538612e+04
1.199133888774471779e+04
1.305167747241542565e+04
1.313584603211688227e+04
1.085004903436208224e+04
1.105739143023694851e+04
1.123396590056599780e+04
1.250420086766840905e+04
1.304793049206793330e+04
1.313153509297950950e+04
1.357333190511941211e+04
1.145623512147397196e+04
1.309281156709338757e+04
1.336279969918109055e+04
1.282970120874468194e+04
1.332211895316327536e+04
1.292861246134748581e+04
1.282515949271395402e+04
1.275605371338428449e+04
1.090978517011046642e+04
1.353741045162589944e+04
1.337685893669503093e+04
1.237993128978412824e+04
1.018081549777038890e+04
1.170253895956465203e+04
1.242879745636068219e+04
1.350702594189436422e+04
1.138643359683390372e+04
1.341854513015047451e+04
1.323791021486003228e+04
1.306054753639211049e+04
1.288809563068783973e+04
1.216828908134383710e+04
1.257579299490258927e+04
1.287062689687381135e+04
1.216738118401277643e+04
1.213579248460935560e+04
1.334477962085013496e+04
1.346637952302656777e+04
1.085923740714129417e+04
1.320887515650283603e+04
1.316190544248478182e+04
1.270539506970973889e+04
1.333471981642924584e+04
1.262411068930128749e+04
1.241175924986527571e+04
1.313655793472197183e+04
1.156980854565460322e+04
1.324807253299544027e+04
1.155512027294628751e+04
1.316782151363807498e+04
1.256636909745529738e+04
1.340527336361568814e+04
1.097843383889710822e+04
1.208988147195094280e+04
1.311609304028571751e+04
1.077016790775096160e+04
1.159190385159520883e+04
1.245455578925658847e+04
1.076031689016909695e+04
1.067701701639278690e+04
1.251590416136998647e+04
1.357062226903333067e+04
1.336607785530732326e+04
1.208357876318157287e+04
1.342939415504373937e+04
1.287505319519619843e+04
1.356083446505312168e+04
1.137195295883337712e+04
1.152484324583076159e+04
1.205061588398759341e+04
1.274918618490526569e+04
1.354541211077213302e+04
1.249567571005216814e+04
1.335516245473224990e+04
1.172604303178437112e+04
1.175236844346438920e+04
1.359103223127284218e+04
1.136116656561076525e+04
1.146733996665806080e+04
1.343780924252856312e+04
1.003722477842379703e+04
1.030984500360339371e+04
1.231735346993574603e+04
1.282836954839644386e+04
1.235573965711339770e+04
1.239938128683169634e+04
1.105756228237339383e+04
1.236446109039107432e+04
1.272664426141600597e+04
1.214072259641929850e+04
1.335048505732436206e+04
1.112145945332860174e+04
1.316365916174611266e+04
1.254730488441198031e+04
1.100894183089887701e+04
1.260303711203375497e+04
1.350838969841340986e+04
1.011404224312718179e+04
1.149582936082168817e+04
1.325906516238064796e+04
1.304510439547189708e+04
1.299268354624039785e+04
1.127383693663312079e+04
1.331563807862076465e+04
1.304349094679424888e+04
1.189459301500317451e+04
1.257425727636269039e+04
1.009947051210262362e+04
1.212785895803488165e+04
1.290581404770213521e+04
1.128370249716360559e+04
1.334979238085268298e+04
1.313374828070846888e+04
1.234446423820912605e+04
1.312449475463790077e+04
1.358842622816220501e+04
1.244583780429433682e+04
1.235085742379518888e+04
1.295003914431115845e+04
1.344398909483567149e+04
1.100577456974589222e+04
1.075132545298501645e+04
1.113663714376427561e+04
1.280991100249746160e+04
1.224464034726925092e+04
1.274345923415596189e+04
1.157189703074720819e+04
1.232181119644445971e+04
1.297880712799284083e+04
1.206674188309512101e+04
1.303166775368984236e+04
1.304169462142145312e+04
1.349560831666060585e+04
1.186389438299433277e+04
1.228371858163331308e+04
1.201666461994655037e+04
1.355795075307644947e+04
1.335496522114357140e+04
1.337961524379434559e+04
1.216495330880797337e+04
1.253238986656194538e+04
1.304132741157922646e+04
1.344775104066413769e+04
1.339081443214511819e+04
1.340712594200372951e+04
1.227361326437247408e+04
1.186405583746256707e+04
1.308445216635078214e+04
1.287563380138778484e+04
1.174567528821308406e+04
1.234938825878594434e+04
1.279168549412518769e+04
1.169249541832587056e+04
1.095247348664234778e+04
1.304197825361665309e+04
1.271288742550230381e+04
1.130144651349297419e+04
1.214072259641929850e+04
1.291923158458547914e+04
1.168739813201749712e+04
1.025791340410776502e+04
1.266814985267817065e+04
1.263228068394720322e+04
1.328840881229294973e+04
1.285133974451095310e+04
1.341358303421118399e+04
1.253155859166676237e+04
1.301967993859648050e+04
1.197571121184993171e+04
1.163733775975368917e+04
1.289175169166727574e+04
1.184756613080124953e+04
1.288902247845547390e+04
1.251156211244688711e+04
1.234617322820593836e+04
1.225034344059408795e+04
1.356622719733832855e+04
1.319731010666066140e+04
1.189280790252712177e+04
1.355828608556625113e+04
1.338079802290113366e+04
1.068268606929348607e+04
1.329220048900790061e+04
1.330219350150733953e+04
1.281282200612473571e+04
1.202753806916959729e+04
1.334820091044819856e+04
1.353146118807822859e+04
1.339153251160624859e+04
1.346574265566302711e+04
1.325967682518632682e+04
1.258718782368105894e+04
1.144188950460607339e+04
1.341631553127801271e+04
1.275599454483229238e+04
1.317464777122125452e+04
1.111364562685106466e+04
1.253823614502854980e+04
1.352447282603459644e+04
1.344392443364015344e+04
1.347694593264504510e+04
1.343352458808998927e+04
1.341542193612178016e+04
1.248299360829343277e+04
1.103150580993961557e+04
1.355425178978791155e+04
1.237344078287028424e+04
1.128376372223279759e+04
1.285068163618662038e+04
1.265697194929163743e+04
1.119056974567567522e+04
1.239095557892928991e+04
1.214411472860897993e+04
1.205268210001501575e+04
1.349213322325991976e+04
1.330243160930970953e+04
1.269888291648477389e+04
1.304360039610139938e+04
1.308822509194364284e+04
1.259254893293168061e+04
1.123865060504675421e+04
1.200954082746350650e+04
1.319453223328982858e+04
1.186389438299433277e+04
1.267440581046163970e+04
1.356933227257077124e+04
1.179501674821815504e+04
9.914372790671910479e+03
1.219143165885496819e+04
1.189092347495305148e+04
1.331692637639733039e+04
1.261454904280228584e+04
1.236374541200026215e+04
1.340414129839654743e+04
1.068238900163367725e+04
1.312551664625162266e+04
1.253918854391053355e+04
1.330677013275042918e+04
1.080919461635193147e+04
1.274779868384090150e+04
1.355538320013308839e+04
1.193081552594600362e+04
1.260394857161514665e+04
1.246468178640105543e+04
1.182888472767508392e+04
1.277925548034819803e+04
1.240722187052240042e+04
1.195036202348167353e+04
1.213462133708502188e+04
8.904732410181917658e+03
1.281410416449380500e+04
1.348909339472293868e+04
1.220974965595819231e+04
1.337074674529646290e+04
1.208302270002946716e+04
1.141101978960224733e+04
1.304360039610139938e+04
1.359392707231670829e+04
1.260366206068796964e+04
1.014378251879976233e+04
1.304957881847161116e+04
1.259116754012551428e+04
1.289694101327841418e+04
1.263849756998506928e+04
1.255542027499640244e+04
1.225620299777278706e+04
1.104234279556672664e+04
9.914372790671910479e+03
1.275940091804757321e+04
1.298522009857598823e+04
1.328255599827978585e+04
1.308598190833717308e+04
1.088361151156629057e+04
1.198847463561925906e+04
1.357608267872468423e+04
1.298925911325978450e+04
1.254995855280171054e+04
1.318773019307449067e+04
1.347620792526749938e+04
1.336593605546765320e+04
1.264667969420746158e+04
1.315909621800632885e+04
1.348777743470215864e+04
1.286945929628210797e+04
1.331641102315451280e+04
1.114446070283716472e+04
1.153760314006202498e+04
1.322049503964044561e+04
1.265964901051315428e+04
1.321615089239374538e+04
1.318444249821333142e+04
1.252681678296878272e+04
1.220455164850246729e+04
1.268226271973716212e+04
1.337056706137970832e+04
1.255588332165543761e+04
1.333471981642924584e+04
1.345298693296598321e+04
1.307978822013350327e+04
1.351260402634744241e+04
1.123324490985644297e+04
1.251799493104462454e+04
1.260323216777058769e+04
1.141131237915735801e+04
1.192883947912080475e+04
1.113663714376427561e+04
1.279573030841330183e+04
1.087882246173613930e+04
1.039160006832561885e+04
1.195111246307304282e+04
1.138722049175388383e+04
1.191182169271403109e+04
1.189869683270962196e+04
1.281608963043303083e+04
1.311545950491887379e+04
1.294130843493559223e+04
1.351561230578091454e+04
1.009061585143500270e+04
1.343015391720450498e+04
1.321711998039905302e+04
1.199422818336175806e+04
1.267838994467066004e+04
1.225057523785384183e+04
1.111862742137182613e+04
1.098810578795332185e+04
1.216947372851411637e+04
9.611890778196857354e+03
1.272248660226279026e+04
1.348292820140158983e+04
1.313397887895673921e+04
1.329096747756500190e+04
1.281311640750546940e+04
1.086421914441899025e+04
1.344230678092944072e+04
1.254383154465707776e+04
1.122149766316782370e+04
1.114503956659392497e+04
1.325441141037628222e+04
1.002996559833572610e+04
1.218091030585868975e+04
1.226644069228177614e+04
1.292090502187292077e+04
1.070661487150496760e+04
1.338876733215215791e+04
1.243952101866065459e+04
1.182826698401932481e+04
1.325262168180246590e+04
1.325046969124203133e+04
1.223010060378715934e+04
1.298311176557314320e+04
1.163668747957726373e+04
1.019464089096522002e+04
1.040550385450745853e+04
1.112587296283078467e+04
1.322543551142863362e+04
1.301674493007479396e+04
1.310146532335822303e+04
1.292634456396537098e+04
1.256723016474391079e+04
1.095125719551887232e+04
1.283788366845987548e+04
1.269097873842096669e+04
1.268712963514442345e+04
1.282873245205911735e+04
1.215758717065345081e+04
1.311660725911435657e+04
1.358423807629037401e+04
1.224982658302302298e+04
1.316299651701381299e+04
1.272690829310885056e+04
1.213189553321121275e+04
1.138233393569901091e+04
1.254911957792836256e+04
1.319672229362267899e+04
1.127881668453104612e+04
1.122719159276383471e+04
1.289552521035465725e+04
1.119056974567567522e+04
1.179767293766293733e+04
1.271852353985525042e+04
1.326512802339897280e+04
1.329207906072989499e+04
1.257336230405168135e+04
1.222573242055745868e+04
1.277204426167018755e+04
1.317055112298628592e+04
1.355962667465677259e+04
1.357624358195336390e+04
1.308025115043708865e+04
1.301810256671058232e+04
1.297520280216028914e+04
1.112145945332860174e+04
1.081404706640300356e+04
1.248704555578244435e+04
1.294465779311459119e+04
1.129499382626078295e+04
1.265889070316606012e+04
1.198371910406037932e+04
1.298632403085608530e+04
1.240551573282011668e+04
1.354409141077252571e+04
1.309804784405868850e+04
1.182180732398340115e+04
1.244529879143954349e+04
1.339643038256369437e+04
1.178587007141489630e+04
1.222573242055745868e+04
1.334945041404608128e+04
1.257962738905841616e+04
1.300517383677874022e+04
1.314125060603442034e+04
1.237169194876762776e+04
1.014247795098774077e+04
9.711448937835950346e+03
1.134551590315760768e+04
1.280991100249746160e+04
1.139269249745685738e+04
1.145623512147397196e+04
1.240663999449692892e+04
1.097114612442448561e+04
1.201056618722110579e+04
1.284103289289587337e+04
1.332330835247592222e+04
1.257810840722322610e+04
1.195995761948322979e+04
1.100297717393861967e+04
1.228989508540389579e+04
1.264667969420746158e+04
1.290510941993876258e+04
1.346735026395323257e+04
1.332843508421343722e+04
1.356592521889315685e+04
1.311632384275367076e+04
1.169657838831840127e+04
1.197296140475460925e+04
1.253452374076892556e+04
1.125248982682987480e+04
1.247691269894299694e+04
1.022117579092572669e+04
1.278467750168392377e+04
1.349876345500978277e+04
1.293298434108506081e+04
1.070670009219063286e+04
1.245276920685748883e+04
1.253483297917372693e+04
1.302344532138175964e+04
1.275643175669515767e+04
1.275514906784901177e+04
1.254464870281099684e+04
1.220788644623877371e+04
1.233319403583890016e+04
1.327231983064750966e+04
1.286045809398968959e+04
1.215947800550568536e+04
1.207961902741175072e+04
1.298244581467413809e+04
1.240519447066721477e+04
1.283535383212529268e+04
1.339512427471887349e+04
1.215431547573401258e+04
1.131561906851481035e+04
1.260765311119057151e+04
1.335516245473224990e+04
1.238006122006949954e+04
1.232249275271802617e+04
1.260126249894386638e+04
1.252246253261857419e+04
1.314932133595403138e+04
1.335150301912657415e+04
1.323761511591227463e+04
1.106996984502391024e+04
1.306284574260621775e+04
1.180593723951900756e+04
1.347539035474812772e+04
1.284870796199874349e+04
1.345333742377675480e+04
1.194922781797517746e+04
1.059477985078666097e+04
1.315039126849201057e+04
1.352961010078926847e+04
1.195947191958179974e+04
1.325045403827666632e+04
1.273408328401115796e+04
1.307284324061058578e+04
1.317055112298628592e+04
1.219466748532158635e+04
1.316448743762729646e+04
1.227641358449240761e+04
1.072175902004595628e+04
1.154053300474142452e+04
1.314988500759156886e+04
1.358908764660899396e+04
1.270024481924773681e+04
1.279648309892945508e+04
1.339643038256369437e+04
1.311499528854335585e+04
1.322012656926287673e+04
1.355486382226239039e+04
1.349874329484382542e+04
1.080919461635193147e+04
1.203508371670189445e+04
1.279017102921099286e+04
1.218076286646557855e+04
1.222733661724046760e+04
1.250836461069658253e+04
1.208894104245062772e+04
1.319042957674050376e+04
1.189459301500317451e+04
1.261301747699724183e+04
1.255390815715597637e+04
1.357889973747767544e+04
1.316319619806597257e+04
1.197378400422429331e+04
1.245169710432923421e+04
1.351998001623071832e+04
1.358477094900570955e+04
1.180894283894398541e+04
1.127800441543621855e+04
1.293427655891070390e+04
1.338106870317486755e+04
1.022563081674354544e+04
1.308805297063263060e+04
1.257153716895426078e+04
1.334544091269342243e+04
1.300689147029096057e+04
1.250843961273418972e+04
1.306623368349333759e+04
1.342059847709867427e+04
1.130914332964573441e+04
1.305616918638267816e+04
1.293125241040105539e+04
1.228576984604084282e+04
1.216695874100341825e+04
1.307175791641393153e+04
9.733804026112977226e+03
1.345397419472911315e+04
1.209343814661049328e+04
1.347207712581955639e+04
1.003258760430220354e+04
1.276173646911281867e+04
9.838218151400635179e+03
1.096900912401135429e+04
1.274234300545266524e+04
1.323734500778093206e+04
1.277399014357625856e+04
1.236743887254220317e+04
1.316227078652178716e+04
1.244982964018583516e+04
1.319042957674050376e+04
1.217258301046216729e+04
1.333632094190153657e+04
1.347685312119199807e+04
1.275487003248335532e+04
1.169138821037927846e+04
1.226674443304651504e+04
1.015371729852219687e+04
1.288432569304128629e+04
1.343780924252856312e+04
1.254653547891239577e+04
1.223097600550231073e+04
1.346432226522637029e+04
1.238560894824109710e+04
1.241073912324609773e+04
1.331428703776106340e+04
1.337382052468774782e+04
1.290838061774133348e+04
1.061647388333169511e+04
1.276189744736493049e+04
1.201468352845133086e+04
1.292795485406826265e+04
1.315715412509260932e+04
1.311384036862453104e+04
1.323945946421697590e+04
1.279278324448320200e+04
1.307352310173871047e+04
1.267440581046163970e+04
1.320313179646691788e+04
1.274271057336386730e+04
1.197647391420892200e+04
1.215698663558413682e+04
1.278894602844946348e+04
1.349390842044598685e+04
1.275289191756899891e+04
1.354245666790776158e+04
1.323728952046798804e+04
1.253121435935147201e+04
1.055574582966830894e+04
1.264286868230118853e+04
1.282069059838916291e+04
1.286172720455276976e+04
1.225159762402621891e+04
1.289937790704341751e+04
1.318359818319041005e+04
1.235573965711339770e+04
1.204069315030944927e+04
1.289652323298391093e+04
1.030983707236316332e+04
1.302653376884964018e+04
1.344906499836023795e+04
1.289616517393549293e+04
1.085058738034753333e+04
1.145378647274707691e+04
1.344319015799081353e+04
1.352630240803195557e+04
1.334544091269342243e+04
1.281927116560060313e+04
1.341677991062949150e+04
1.128619702090443025e+04
1.353598176105813764e+04
1.261987934744604354e+04
1.247876432815601765e+04
1.168470042776507034e+04
1.110645782368494474e+04
1.042731800357140128e+04
1.290035124794840158e+04
1.281364013473227169e+04
1.169621547599677979e+04
1.324933489770514643e+04
1.349714403966645841e+04
1.231049170080171825e+04
1.046067323864195168e+04
1.330112830291703722e+04
1.126237942230790577e+04
1.339038874336633489e+04
1.267379430727532599e+04
1.224170616428406356e+04
1.351779830628673335e+04
1.102070929048436665e+04
1.107453217928913364e+04
1.207952307680542617e+04
1.238626995704025467e+04
1.348830144306327202e+04
1.277832531936953455e+04
1.291522290593646539e+04
1.177137992603597741e+04
1.296306919873366860e+04
1.247057862566035692e+04
1.244552899937870825e+04
1.311786069871955442e+04
1.113252651458121727e+04
1.337867451813200205e+04
1.304724814414681532e+04
1.190237016299712559e+04
1.152681365587010077e+04
1.326156225175616055e+04
1.339045134936710383e+04
1.306822471003919418e+04
1.266161203922116692e+04
1.318997410309371480e+04
1.266734363698148809e+04
1.323676196323775366e+04
1.295681085968159096e+04
1.340470655218524007e+04
1.212004610914304430e+04
1.105755845310991936e+04
1.343790724363656045e+04
1.323022243919381071e+04
1.344619159275617858e+04
1.347711430083628147e+04
1.338658325806391804e+04
1.122275850344521314e+04
1.324818191693952213e+04
1.013728330695574368e+04
1.330246709634586841e+04
1.260409776944284022e+04
1.225006060920826894e+04
1.262704014160486258e+04
1.235722787167926799e+04
1.272043449982359743e+04
1.280476071095598854e+04
1.311903646819495771e+04
1.297574608048938171e+04
1.204795788262347196e+04
1.205108382371793959e+04
1.264001021486047466e+04
1.239016889673456535e+04
1.074587506612218203e+04
1.229989315322932089e+04
1.334746711718287406e+04
1.207928926142072669e+04
1.199691707323178707e+04
1.313097965757500606e+04
1.086595204457204818e+04
1.162870220037783110e+04
1.327144299669844986e+04
1.101670400138938385e+04
1.325348631871255930e+04
1.228910018167273665e+04
1.285331271842534989e+04
1.232070425760495345e+04
1.317228327971656836e+04
1.333988536837965876e+04
1.341038011262616783e+04
1.264057984833155570e+04
1.265067637467120221e+04
1.340154313789958542e+04
1.329220118135408120e+04
1.328440296386259979e+04
1.283491915341481035e+04
1.171211362610428841e+04
1.335166784246407951e+04
1.295542156312030966e+04
1.278883185449816847e+04
1.155302759312475246e+04
1.294552329061735691e+04
1.264001021486047466e+04
1.290234969301821911e+04
1.292179127732171037e+04
1.271585046967588642e+04
1.177560150579144283e+04
1.052191011574840013e+04
