2.770372452117171269e+04
2.901513804887783772e+04
2.723090484940489841e+04
3.691109149156382773e+04
2.877601854042810737e+04
3.391119971619766875e+04
3.065373994001356914e+04
3.653169988214016485e+04
3.356026513290106959e+04
2.971421059273373612e+04
3.081974286374884105e+04
2.536981761732921586e+04
3.648290986421888374e+04
3.280277600613687537e+04
3.271108836598843482e+04
3.003520545617954485e+04
3.729672181762826222e+04
2.863273786205012948e+04
3.499049284570302552e+04
3.278457130399854213e+04
2.485903318575558660e+04
3.804107651485223323e+04
2.674276426666471161e+04
3.752398634699459217e+04
3.678559975400780968e+04
3.842931496557164064e+04
3.158994356007219540e+04
2.916488384330395638e+04
2.768337200679033413e+04
3.521472507136256172e+04
2.763451281299472612e+04
3.524500605748721864e+04
3.252646527641220018e+04
2.680373459507374355e+04
2.825513192049572172e+04
2.744220590938023452e+04
3.229817560576188407e+04
2.279692505967925899e+04
2.506365013317119519e+04
3.221406896633905126e+04
2.827327611975377658e+04
3.800205287169854273e+04
3.084768955831385392e+04
3.135141540712355345e+04
3.522162783061202208e+04
3.046480142052333758e+04
2.687507238654331013e+04
3.255045372617521934e+04
3.401024894408287946e+04
3.026914314147190453e+04
3.093856631956418641e+04
3.044122983458047020e+04
3.771825050377973821e+04
3.469887715355909313e+04
3.609792109621238342e+04
3.105049577806086381e+04
3.443311990034241899e+04
2.788401411599394851e+04
3.035217106458665512e+04
2.942308269287543953e+04
3.332512596483848756e+04
2.467609914563524217e+04
2.715207155396213057e+04
3.456009521968352055e+04
3.855595481777172245e+04
2.779408226627128170e+04
3.776990891199663747e+04
3.427652850251947530e+04
3.559251627798991103e+04
3.832256008343151916e+04
3.613938333299056103e+04
3.684043226359155233e+04
3.353144204341078876e+04
3.027756067713322409e+04
2.780381511285511806e+04
2.806001935947222228e+04
2.789919853218340722e+04
3.046163570232013444e+04
3.445529547384384205e+04
2.601194945925071443e+04
3.894394385591833270e+04
3.172857234090186103e+04
2.498531543174811304e+04
3.719467279665880051e+04
3.768476986754583777e+04
3.753872212725957797e+04
2.694663065082563116e+04
3.762296442656698491e+04
2.762701716603217210e+04
3.715688834043216048e+04
3.675363604226419557e+04
3.306367492387559469e+04
3.805454818056469958e+04
3.786869894331024261e+04
2.661932411444662648e+04
3.412893505141402420e+04
2.812478114593168721e+04
2.927684338152255441e+04
3.484122047797586129e+04
2.279071146728751046e+04
3.878440194053183222e+04
3.799654846731687576e+04
3.574196339006899507e+04
3.462037669979530619e+04
3.691222396647975256e+04
3.193752292359802232e+04
2.467374143726473994e+04
3.747687252236573840e+04
3.661859679769104696e+04
2.890018655101800323e+04
2.763349349871275626e+04
2.642415615010581678e+04
3.725319805939147773e+04
3.451913501283283404e+04
3.561168693588793394e+04
3.151490442519148201e+04
3.335556282848225965e+04
3.000704470749056418e+04
2.927736470363133049e+04
3.511147404766411637e+04
3.246544493765473453e+04
3.767799246395648515e+04
3.861345368247326405e+04
2.696899372036314162e+04
3.441027199598908919e+04
2.615175879025146423e+04
2.964959264837791852e+04
2.893915687787326533e+04
3.535481342254658375e+04
2.366611503666915814e+04
3.301138682219411567e+04
3.762422973958883085e+04
3.326980712946179119e+04
3.249347448720854300e+04
3.868745561470936809e+04
3.371933713055704720e+04
3.457743832966290938e+04
2.799445188415421944e+04
3.130451930582894784e+04
3.872543402013077866e+04
3.741914754398312652e+04
3.039855677348661993e+04
3.528448832630734250e+04
3.001240989906181858e+04
3.507511632577361888e+04
3.397023656149330782e+04
2.890106101095851773e+04
3.035784003230598682e+04
2.841249855228924207e+04
2.995809457747342094e+04
3.105891024573195682e+04
3.584123307866576215e+04
3.638748467387206620e+04
3.518009246964425256e+04
2.729951042235248315e+04
2.668236395572401671e+04
2.654351734634268723e+04
3.842179033391647681e+04
3.679186786637316254e+04
3.031564208296106881e+04
2.932956865672619460e+04
3.807232977714878507e+04
3.461025815609338315e+04
2.848630772919504307e+04
3.235825300137943850e+04
2.939119331416066780e+04
3.167836926318400583e+04
2.643975239634581521e+04
3.304932562566723936e+04
2.738791017435210961e+04
2.874793392274056532e+04
2.941592635158579287e+04
2.908524545994264918e+04
3.394306731318599486e+04
2.750453776443544484e+04
3.659121883036247164e+04
2.856177459248965897e+04
2.846413633953219323e+04
3.779548188988817856e+04
2.894658634505607188e+04
3.554320675111033779e+04
3.554831868634711282e+04
3.755128862840317015e+04
3.484122047797586129e+04
2.786516691048476787e+04
3.031397406568520091e+04
3.797196465756271937e+04
3.324906255800577492e+04
3.894824345894459111e+04
3.487054496240468143e+04
2.726043517626444009e+04
3.026698461767468689e+04
3.729210704570573580e+04
3.871514917899646389e+04
2.670709099072206664e+04
3.083251600276001409e+04
3.463762284043214459e+04
2.996250521934224162e+04
3.138884205712143739e+04
3.279179790550562029e+04
3.832013963724090718e+04
3.890842268790219532e+04
3.158660848525187612e+04
3.867222843981058395e+04
2.464522129148105887e+04
3.109955601063908398e+04
2.882847679105947464e+04
3.669268119067719090e+04
3.916555608939460217e+04
3.756772783825221268e+04
3.553126720407212269e+04
2.245174673663087015e+04
2.847969714077036042e+04
3.010521148359687140e+04
2.915686665510085732e+04
2.966395577450161363e+04
2.479564649301594545e+04
2.486082782442746975e+04
3.809327097886500997e+04
3.093795308532188210e+04
3.901792531262349075e+04
3.422778543083574914e+04
3.574196339006899507e+04
3.503727550306072226e+04
3.355485646514270047e+04
3.560186482407239964e+04
3.686901942233530281e+04
3.919074626491357049e+04
2.681334138090549459e+04
2.706425346293696566e+04
2.573480942272154061e+04
3.005694473243053653e+04
2.670709099072206664e+04
2.748261264356931497e+04
3.050121606433530906e+04
2.481626071009591396e+04
3.550814140764706826e+04
2.801112492299521909e+04
3.733858635529394815e+04
3.431539981369196903e+04
3.846438668226400478e+04
3.652082000573867117e+04
2.964959264837791852e+04
3.877190516832395224e+04
3.805023569028171914e+04
3.547679398177756229e+04
2.920432173529381544e+04
2.888183544659616018e+04
3.870708751208962349e+04
3.494706828534269880e+04
2.809839298535286071e+04
2.768952973643786027e+04
3.027802042538406022e+04
2.468119496492072358e+04
2.718235162165882866e+04
2.449328167560284419e+04
3.894265290252151317e+04
2.770843204988348225e+04
2.944360764521585224e+04
3.484326451193447429e+04
3.016472219336777925e+04
2.962185746949085296e+04
3.572512903000212100e+04
3.835301510518224677e+04
3.676724033710223739e+04
3.718631547080459859e+04
3.827113182599161519e+04
3.417361766791130503e+04
2.792876009647283718e+04
3.830426411145057500e+04
2.687979230114418897e+04
3.810597456638370932e+04
3.588220216257563152e+04
3.826638911290490068e+04
3.095753182184091929e+04
3.112756779105238456e+04
2.581906654645350500e+04
2.862645023689846494e+04
3.058164263085973289e+04
3.599308354025126027e+04
3.149762074388718247e+04
1.958939070632112998e+04
3.285436262545290083e+04
3.888656751538576646e+04
2.952979115127274054e+04
2.772631330752267604e+04
3.658913620039562375e+04
3.310721702131858910e+04
3.322561726654853555e+04
3.201217323233762363e+04
3.466473196471780830e+04
3.395126171020209586e+04
3.755128862840317015e+04
3.003258379136054646e+04
3.607148323129831988e+04
3.800702522460773616e+04
3.818741190867541445e+04
3.559962708454785025e+04
3.222596469957288718e+04
2.663099521982385340e+04
2.684361403885337131e+04
3.554320675111033779e+04
2.738404910064287469e+04
2.668653195602874257e+04
2.451463905786659961e+04
3.042204652648403862e+04
3.124359553131063876e+04
3.192942961615628155e+04
3.583968835049129120e+04
3.827693067017894646e+04
3.400310922917301650e+04
3.452965594246027467e+04
3.807232977714878507e+04
3.358735679710812110e+04
3.216559107307710656e+04
3.319762630059184448e+04
3.745176136906920874e+04
3.510753028007775720e+04
3.533403048061300069e+04
3.347737017792290135e+04
2.652470233440794982e+04
3.635911501101729664e+04
3.823878581243498047e+04
3.569930907800128625e+04
3.772475767098271172e+04
3.397575252522858500e+04
3.112460564699580573e+04
3.399571754093212803e+04
3.232449226030081263e+04
3.473237397842040082e+04
3.903244881102278305e+04
2.624264252248603225e+04
3.353144204341078876e+04
3.338457825307646999e+04
3.329280494025052758e+04
3.507424051477775356e+04
3.210880596800774219e+04
2.777353746547832270e+04
3.914117330479496741e+04
3.639006129108486493e+04
2.371831246421931792e+04
2.364467364912821722e+04
2.697137898031793884e+04
3.181135143056880770e+04
2.764207534718230454e+04
2.719871293348794279e+04
3.716160365752978396e+04
2.779306263588706497e+04
2.735952883951393596e+04
3.783126876522978273e+04
2.830477093390375376e+04
2.850691606088132176e+04
2.438282062113758002e+04
3.270825582639345157e+04
3.562915018730549491e+04
2.912480542951136886e+04
3.191050249117928979e+04
3.485472499636127031e+04
2.644367240423875410e+04
3.271886722207856656e+04
3.770577412443621142e+04
2.857070694462557731e+04
2.744788626440210282e+04
2.793381496489771962e+04
3.494078322736473638e+04
2.386889265065840300e+04
2.525435187913462141e+04
3.903092048136104859e+04
3.527605059618398082e+04
2.528914229783859264e+04
3.509396560748754564e+04
3.061996251085419499e+04
3.495755552826734493e+04
3.619755607184614928e+04
2.932017698128439952e+04
3.822405622600502102e+04
3.608122034289514704e+04
3.113851497792598457e+04
3.541964929205369845e+04
3.176803346611816960e+04
3.590311101805453654e+04
2.840208703324390808e+04
3.159788821275746523e+04
2.806843204842504201e+04
3.575985721331198147e+04
2.909316057070083480e+04
3.565044527902349364e+04
3.525584574793765205e+04
2.890447992292289564e+04
3.630843955973431730e+04
3.025809620905849079e+04
2.553640600896127580e+04
2.561032208014986463e+04
2.919524608915775752e+04
2.460280404785083374e+04
2.921670149734113147e+04
2.495138038004074042e+04
2.876186198213316675e+04
3.035931464612135824e+04
2.993069214471182204e+04
3.723597407810093137e+04
2.148481769153752975e+04
2.636425450424990049e+04
3.143549118447266665e+04
3.717019353112619137e+04
3.602942231639094098e+04
1.987142347227871142e+04
3.109968090735671649e+04
3.028964175679235268e+04
3.564650458100257674e+04
2.779575127281017558e+04
3.057758936782131059e+04
2.426353292621720902e+04
2.869327202115834734e+04
2.403774226646459647e+04
3.572512903000212100e+04
3.412267770702151756e+04
2.643625855603177115e+04
3.044576817063965427e+04
3.561254303613622324e+04
3.423295980953841354e+04
2.945991290937164740e+04
3.811866725369432243e+04
3.410861968144434650e+04
3.813295210145020246e+04
3.026914314147190453e+04
2.998229294215224218e+04
2.992215128706261748e+04
3.244886632206005379e+04
2.883296973774909202e+04
2.485903318575558660e+04
2.935717188037059168e+04
3.128734339966919288e+04
2.726207649579581630e+04
3.832102018602100725e+04
2.474212843284726841e+04
2.671594981485744211e+04
3.450751348868316563e+04
2.865459602540322157e+04
3.598509327798643062e+04
3.415964277460562153e+04
2.681858090164661189e+04
2.435629146274650338e+04
2.659619276695156077e+04
2.695578266707924558e+04
3.728172255349130137e+04
3.066219950195043202e+04
2.916943679547550346e+04
2.721078812490868222e+04
3.559251627798991103e+04
2.863849399871374044e+04
3.428333754361176398e+04
3.412399319731425203e+04
2.436972739284816635e+04
3.109393960138832335e+04
2.598352057341689942e+04
2.633134003237824072e+04
3.551505209787474450e+04
3.848645457401368913e+04
2.925449212220162735e+04
2.343351542656819220e+04
2.987817255651949745e+04
2.769653826846250740e+04
2.771826036784899770e+04
3.800205287169854273e+04
2.832356132840038117e+04
3.465238732904256904e+04
2.728112432193677887e+04
3.874040225847754482e+04
3.250398201409832109e+04
3.408202740845156222e+04
3.807638979933022347e+04
3.570393579158040666e+04
3.877397502834998159e+04
3.067220352904064930e+04
3.421974569498814526e+04
3.527151985196900205e+04
3.207651629589434015e+04
3.307433366688771639e+04
3.230852522841786413e+04
3.788915887889234000e+04
3.046036501337251320e+04
3.632588495181856706e+04
3.851543576240212860e+04
2.668653195602874257e+04
3.044576817063965427e+04
3.462622151299350662e+04
3.222642040323861875e+04
2.525713327249035501e+04
3.537683750255011546e+04
2.659954731630045717e+04
2.953659417342675442e+04
2.820837557417582866e+04
3.862308810658019502e+04
2.548222162947907782e+04
3.864448213671605481e+04
3.591096857841860037e+04
3.003520545617954485e+04
3.131556193046132103e+04
3.713768440309575089e+04
2.944862200794310411e+04
3.081189250570640797e+04
3.148651121981783581e+04
3.883120083449462982e+04
2.771971703989455273e+04
3.657488899814775505e+04
2.924215075883278769e+04
2.815302965717631378e+04
3.835544722736004042e+04
3.678800184192154120e+04
2.376988491001702641e+04
3.001260882655061505e+04
2.891116575871736859e+04
3.527143963670073572e+04
3.568297183352807042e+04
2.992705992485189927e+04
3.771629873115794908e+04
3.065810467534862255e+04
2.674076465096145694e+04
3.099381651557331497e+04
3.648433652703311236e+04
3.877797053212135506e+04
2.482761420199322311e+04
3.149903690174576332e+04
3.805023569028171914e+04
3.435114063925786468e+04
2.596755588290817468e+04
2.811424327930267100e+04
3.321764742907990876e+04
3.813087780639763514e+04
3.276024230089112825e+04
2.776055081767363299e+04
2.807913118374640544e+04
2.884549830691534225e+04
3.747791675005567231e+04
3.508519295401370618e+04
3.070648013022308442e+04
3.822576719327110914e+04
3.666064696367802389e+04
3.311946286419970420e+04
3.894985681455314625e+04
3.777556389189552283e+04
3.242802788757460075e+04
2.957573900145156222e+04
2.509372130334236499e+04
2.870059448169496318e+04
2.890331262861826690e+04
2.611061574539526919e+04
3.328026164377208625e+04
2.538768076103644853e+04
3.429757449125197309e+04
2.934948507625338243e+04
3.308501268438223633e+04
3.890394061795171729e+04
3.712432373727744562e+04
2.764207534718230454e+04
2.528914229783859264e+04
3.631518037887126411e+04
3.479103460937134514e+04
3.607148323129831988e+04
3.352042885370949080e+04
3.191840855697008010e+04
3.803108137326421274e+04
2.452883736404817319e+04
2.458394588199488862e+04
3.571132438042762078e+04
3.339914995503661339e+04
3.466584609055843612e+04
3.316518462575529702e+04
2.811229048384544876e+04
3.551975040302859998e+04
2.927334656728409755e+04
3.741430317962466506e+04
2.901033761504180438e+04
3.567631329369265586e+04
3.724481871043877618e+04
3.901682549919886515e+04
3.916436659541378322e+04
3.367677344576999894e+04
2.873248998535978171e+04
3.012279092819455764e+04
3.708487660678989778e+04
3.283939553906231595e+04
3.049574611004316102e+04
2.892577579249333940e+04
3.539649954826878820e+04
2.690296879890863784e+04
3.575330051978395204e+04
3.224470171089310315e+04
2.943302796136734833e+04
3.812263357509166235e+04
2.800243924960467848e+04
3.689658993697084225e+04
3.660843370726896683e+04
2.778712236604002101e+04
3.038822099014544438e+04
3.180869329885327534e+04
3.151651185087945487e+04
3.583993160408255790e+04
2.788109864009491866e+04
3.828722353066322103e+04
3.493937902559410577e+04
2.965494896271249308e+04
3.125134044959231323e+04
2.483928935965703567e+04
2.901033761504180438e+04
3.425207675549415580e+04
3.356504150478498195e+04
2.705175924292049604e+04
2.661404790789592516e+04
2.763310555445018326e+04
3.753955358482287556e+04
2.503750098403879383e+04
3.536157567848415056e+04
3.869898034280595311e+04
2.566989123138316791e+04
3.259514752945563669e+04
2.660852419109914990e+04
3.359910451518647460e+04
3.401214713060969370e+04
3.202097816562737353e+04
2.970941260429550312e+04
3.902506556702018133e+04
3.127762042506120633e+04
3.171106879172069239e+04
3.497751275895877188e+04
3.540163743988139322e+04
2.994050724397323211e+04
2.361299054597314534e+04
2.565637537629151848e+04
2.752363131260479349e+04
3.867767889965746144e+04
3.097757314731787483e+04
2.899851912284982973e+04
3.091625859764731285e+04
3.637800675890535786e+04
2.986662041349912761e+04
2.596976853075623512e+04
3.064257429233813673e+04
2.831907739918466541e+04
3.811952552201201615e+04
2.807536863153129889e+04
2.522502216499561473e+04
3.216938883117318619e+04
3.841936822443014535e+04
3.070776241130380004e+04
2.714182665632617864e+04
3.825412699939433514e+04
2.395499476114394201e+04
3.010190931944733165e+04
3.766081672890311165e+04
3.171035917990550661e+04
2.959816578928326999e+04
2.740014064270140807e+04
2.313374693585000568e+04
3.826693536418885196e+04
3.659121883036247164e+04
2.991408220181125580e+04
3.910894966565878713e+04
3.734112727555340098e+04
3.876423904358131404e+04
3.265565607631481544e+04
3.438922427429632080e+04
2.600535022672058403e+04
2.512188702317202115e+04
3.517251421927200863e+04
3.404462234961818467e+04
3.470940581990244391e+04
2.630499305571299192e+04
2.645165280327630171e+04
3.651140030142029718e+04
3.569930907800128625e+04
2.921670149734113147e+04
3.553156307261630718e+04
3.122743767315656805e+04
3.888170118594588712e+04
2.526190430143690173e+04
3.566683332198134303e+04
2.711054104613027448e+04
3.087060041887061379e+04
3.652424418474773847e+04
3.669383034831210534e+04
3.049574611004316102e+04
2.650240668696536522e+04
2.534364720700303951e+04
2.955594955494917303e+04
2.838253757540104561e+04
3.787166507965412166e+04
3.010526249340930372e+04
2.661835507199349377e+04
3.680570832601125585e+04
3.242802788757460075e+04
2.700951057376254175e+04
2.982232122807379346e+04
2.495387301871305317e+04
2.534012924643306178e+04
2.849842448785257875e+04
3.615087286771237268e+04
3.435960283490155416e+04
3.196061972686517402e+04
3.559462848930088512e+04
2.706881875109281100e+04
3.563564491552201071e+04
2.809311693395380280e+04
3.817918937609040586e+04
3.085225344678058536e+04
2.891116575871736859e+04
2.846941062501019405e+04
2.630582278761847556e+04
2.805648137416094687e+04
3.413419234746396251e+04
3.684043226359155233e+04
2.439631395184334542e+04
2.516950969504234672e+04
3.797660597846700693e+04
3.144530512750846901e+04
2.997534429255776922e+04
3.836462144509339123e+04
2.791673283415102196e+04
3.259364903246349422e+04
2.948729600027535707e+04
2.982232122807379346e+04
2.992705992485189927e+04
3.254167542080956264e+04
3.705940490177871106e+04
2.902709393232089860e+04
3.525023348609548702e+04
3.219450816730716542e+04
3.261101747595193956e+04
2.760733424812167505e+04
3.636397268344264739e+04
3.529061626039184921e+04
3.858582057552802871e+04
3.244854582367245166e+04
3.482766477080692857e+04
2.441811752145607898e+04
3.869564715742202679e+04
3.099983311959924322e+04
2.664280001056892434e+04
2.645045050356605861e+04
2.933752141072196173e+04
3.213142017110877350e+04
3.576945600267300324e+04
3.909321953413836309e+04
3.276779905743596828e+04
3.059796392466060934e+04
2.262603360588206851e+04
3.442729661349465459e+04
2.527358844243157000e+04
3.381126106173192966e+04
3.420049603873603337e+04
2.919027747818018179e+04
3.047196268007324397e+04
2.781303658825426464e+04
2.791350042179715092e+04
3.769585706595695228e+04
2.806216471747298056e+04
3.719364058855637268e+04
3.389825334940140601e+04
2.672284444379380875e+04
3.911938331933395966e+04
3.303700211164420762e+04
2.517048695189251885e+04
2.682601622384437724e+04
3.919501704663532291e+04
2.502763557442495221e+04
2.538768076103644853e+04
2.892209165880224100e+04
2.649220535466905858e+04
3.369937734037038172e+04
3.707553117123933043e+04
1.511425861727051961e+04
3.095981328802779899e+04
3.356921292107342015e+04
3.582683568224727060e+04
2.877601854042810737e+04
3.460171270485762943e+04
3.138278214343031141e+04
3.287242772398555826e+04
3.729672181762826222e+04
2.588111388661365709e+04
3.734230935003259219e+04
2.830627962907146866e+04
3.417067535581291304e+04
2.991216909760037379e+04
2.826119533986265014e+04
3.758859994125523372e+04
3.489813394691337453e+04
3.639931172049564339e+04
2.981456929248495726e+04
3.260162515164829529e+04
3.908754020889486128e+04
2.629760671366893075e+04
2.882114523173972702e+04
2.962252294012874336e+04
3.689844271597637271e+04
3.798371171059848712e+04
3.395010391378032364e+04
3.453429126502524741e+04
2.567508649989224796e+04
2.507202764519220727e+04
3.248879635328467339e+04
3.734230935003259219e+04
3.423550961561519944e+04
3.922461677290780062e+04
2.530578073415430845e+04
3.150257259027993496e+04
3.849641461763466941e+04
3.545948430058007943e+04
2.653723207663837093e+04
3.314034820426667284e+04
3.239452447332439624e+04
3.651090541580311401e+04
3.711757170122635580e+04
3.667640910005861952e+04
3.576945600267300324e+04
3.126358911387676926e+04
3.377840436928201962e+04
2.676063337673826754e+04
2.583570275271997889e+04
3.376812178640431375e+04
3.432785639054793864e+04
3.645290810349442472e+04
3.367267279749258887e+04
3.374042522948156693e+04
2.572322424649602908e+04
3.518386971322594036e+04
3.347313965042657219e+04
2.598631697688001441e+04
3.172692094265207561e+04
3.202173175330295271e+04
2.947695577346197388e+04
2.992182477336543161e+04
2.825513192049572172e+04
2.932017698128439952e+04
2.644659366691399191e+04
2.613988625326752663e+04
3.000072851740372425e+04
3.161709405346034328e+04
2.705926993198501077e+04
2.783002636014653763e+04
2.662273560743124108e+04
3.407919706118102476e+04
3.387983079163993534e+04
2.913948112469791522e+04
3.129399414961141883e+04
2.919524608915775752e+04
3.767201882221387496e+04
3.347466453254247608e+04
3.694603215093354083e+04
2.483288979232542624e+04
2.626955146476333175e+04
2.948729600027535707e+04
3.545007286584650137e+04
2.677866812065817430e+04
3.464542714205705852e+04
3.408999714351477451e+04
3.783565265498349618e+04
3.195823865085797297e+04
2.615080218117103868e+04
3.460343533236888470e+04
3.719699732060421957e+04
3.655345530507482908e+04
2.970941260429550312e+04
2.843311017135737347e+04
3.381873044003518589e+04
2.767457800253866662e+04
3.232935472229963852e+04
3.424945525315869600e+04
2.329738494041245940e+04
3.920965394495210057e+04
3.507668164338803035e+04
3.608158403272126452e+04
3.619014518952619983e+04
2.864405137865858342e+04
3.641385384636178060e+04
3.232450034171584412e+04
2.581951611366752331e+04
3.299372418178824591e+04
3.148401422432318213e+04
3.652424418474773847e+04
3.320181556861690478e+04
3.061476252177369315e+04
2.640955013445951772e+04
3.437526383380895277e+04
3.670860427817275922e+04
2.806906277533021785e+04
2.539622817082833353e+04
3.139753726784833270e+04
3.596546615835576085e+04
2.962531088286359955e+04
3.202841366506514169e+04
3.581003583159037225e+04
3.435051242760933383e+04
3.884564166103886964e+04
3.790303218365072826e+04
2.582231622480158330e+04
3.238366953936620121e+04
2.542779577039223659e+04
3.032714142583372450e+04
3.283307952589503839e+04
2.684819565596060056e+04
3.037791362352591750e+04
3.144951557049782423e+04
3.355229508758546581e+04
3.840518919751189242e+04
2.720345013298589765e+04
2.892701344005911960e+04
3.136820349591624836e+04
2.559790348746536620e+04
2.946133126604872086e+04
2.809935100692214473e+04
3.069604295812239434e+04
3.027882972846490156e+04
2.805108954570896458e+04
3.540163743988139322e+04
3.661859679769104696e+04
3.365762341627790011e+04
3.485125089476281573e+04
2.581210374593893357e+04
2.133874632702273811e+04
2.275070395904568068e+04
2.825277946993401929e+04
2.844031811754922091e+04
2.529607301207462297e+04
3.185002008804378420e+04
3.075367484049241102e+04
2.566989123138316791e+04
2.098300964438774827e+04
2.649701798158428574e+04
2.598747176960015349e+04
3.277163090373770683e+04
3.860269666064476769e+04
2.862642427376490741e+04
3.187290508982279425e+04
3.760781506294223800e+04
2.887183545157871777e+04
3.600663195969443041e+04
3.767680002174290712e+04
3.006778808397003741e+04
3.376884920127734949e+04
2.740336968173014975e+04
2.804422238808509064e+04
3.625953728036495158e+04
3.217349682860480971e+04
3.662809251017036149e+04
2.533945525006558819e+04
2.998146310473106132e+04
3.263466621158794442e+04
3.615327970786379592e+04
2.758483122504684070e+04
2.855231560597771022e+04
2.990705746608842674e+04
2.615175879025146423e+04
3.903515270844183397e+04
3.495488796228574211e+04
3.032112121356667922e+04
3.919314547716658853e+04
3.698436048560524068e+04
3.824676897267378808e+04
3.622065567017719150e+04
3.146071432537852525e+04
3.578727737418550532e+04
3.513686203389209550e+04
3.675281566223085247e+04
3.559251627798991103e+04
3.071154432094634103e+04
2.856452817162805513e+04
2.324096968005920644e+04
3.133486743607356766e+04
3.888611623566421622e+04
3.243901463597798283e+04
3.081428460987005019e+04
2.534364720700303951e+04
2.520463863723098621e+04
2.986913077990595775e+04
3.699708651370119333e+04
2.601501198413216844e+04
2.345030736862911726e+04
3.365153777309853467e+04
3.406352592866947089e+04
2.732529276929330808e+04
3.603294908907239733e+04
3.539981649385315541e+04
3.839572119743043731e+04
2.888967610355870420e+04
3.360668770340459014e+04
3.622406759148943820e+04
2.308414129904534275e+04
2.781529909857115490e+04
2.706881875109281100e+04
2.532157792508545026e+04
3.909321953413836309e+04
3.751000281510651257e+04
3.059266075734224796e+04
2.731322736578298282e+04
2.760044933814719479e+04
2.595138867512661091e+04
3.455381901518224186e+04
2.439440593044249545e+04
