8.163296837454312481e+03
8.246446744414201021e+03
8.018637772381674949e+03
8.330247509165963493e+03
8.144074004967587825e+03
7.792023698602561126e+03
8.173984767483314499e+03
7.957398799774789950e+03
8.066682771854027123e+03
8.265373388032541698e+03
8.077486911640336075e+03
8.023374298281754818e+03
8.414107114959972023e+03
7.505172384552471158e+03
8.007953718150112763e+03
7.743454669155957163e+03
7.802205074973051524e+03
8.280539139934920968e+03
8.324412681975569285e+03
8.412813128348625469e+03
6.793322084540279320e+03
8.214760120441560503e+03
7.593720062108450293e+03
8.141356143281799632e+03
8.442561651781317778e+03
7.977596644926986301e+03
8.080606322374998854e+03
8.040619604715544483e+03
8.130346709185094369e+03
7.478945276822969390e+03
8.210986459648869641e+03
8.446503272476171333e+03
8.331114471828259411e+03
8.062874164233535339e+03
8.284502026583148108e+03
8.345899374190677918e+03
8.337929362450458939e+03
8.312306493154308555e+03
7.900680063595147658e+03
8.381506025916534782e+03
8.379996667682502448e+03
7.933137215520289828e+03
8.385610296220889722e+03
7.567638960949861030e+03
8.384597668894273738e+03
8.414818775239520619e+03
8.323221701030970507e+03
8.110028478519137934e+03
8.335634039953365573e+03
7.684809244812922771e+03
7.932436644675393836e+03
7.267123217659606780e+03
7.461557979470790087e+03
7.922419613399169975e+03
8.159374512148321628e+03
8.282908790617366321e+03
7.948474894727529318e+03
8.118622832420761370e+03
7.665287252953130519e+03
8.298510009757279477e+03
8.138664353377940643e+03
8.311600461780901242e+03
8.111442865350240027e+03
8.344525561553738953e+03
8.214636988557615041e+03
8.332237110557978667e+03
8.422242240965708334e+03
8.101683510324374765e+03
7.713909888224896349e+03
8.273644313479198900e+03
8.244588533105412353e+03
8.328909238946202095e+03
7.984450613211422933e+03
8.197288669516572554e+03
8.298329203556926586e+03
8.093054867759369699e+03
7.327261972616049206e+03
8.398312199065903769e+03
7.804185815720758910e+03
7.903099868276184679e+03
8.407173197985939623e+03
8.317610421094479534e+03
8.262499519499669987e+03
7.700339284813905579e+03
8.155058015942035126e+03
8.322282168884783459e+03
7.724314970353849276e+03
7.875931438385572619e+03
8.046778786831719117e+03
7.847786319932536571e+03
7.243156747166207424e+03
7.906138217459292719e+03
8.182284124102085116e+03
8.073866490724691175e+03
8.409082836930618214e+03
7.703695229667839158e+03
7.343598660151359582e+03
8.240495806601129516e+03
8.262042950249306159e+03
8.412260381736650743e+03
8.249319855919555266e+03
7.541293988993445964e+03
8.257620306037479168e+03
8.414809590294806185e+03
8.443446238642869503e+03
7.560901565400433356e+03
8.379494323194810931e+03
7.393302638368344560e+03
7.719546427755805780e+03
7.523795911210027043e+03
8.379565899678840651e+03
8.442561651781317778e+03
8.244179023197833885e+03
8.085072151735686020e+03
7.615025094675725086e+03
8.344533138043616418e+03
8.301168844634772540e+03
8.004691263691796848e+03
7.926445165338234801e+03
8.387552046124947083e+03
8.006273379242351439e+03
8.333905569557233321e+03
8.407075681281046855e+03
8.260330923381599860e+03
7.960031849194574534e+03
8.169495777363963498e+03
8.040558578173493515e+03
8.224311115156873711e+03
8.258634671496985902e+03
8.149188228344761228e+03
7.321777457132167910e+03
8.258859236003232581e+03
7.861739937249875766e+03
8.406936418741506714e+03
7.946601441315133343e+03
7.657314066562202242e+03
8.189901105599541552e+03
8.284643830505452570e+03
8.119110561425908600e+03
7.542519775135814598e+03
8.404492634711969004e+03
8.418316388988017934e+03
8.380280827042926830e+03
6.911588582011327162e+03
7.802326705243382094e+03
8.076993644105843487e+03
7.894141829956912261e+03
7.724259507764179943e+03
8.253689272657209585e+03
8.421840358306326380e+03
8.423096897995763356e+03
7.950842730644275434e+03
8.401074400153693205e+03
7.999944992791101868e+03
8.217392665554765699e+03
7.852106082328351476e+03
8.230959523598623491e+03
7.706091447678101758e+03
7.218196074476943068e+03
7.964608841496656169e+03
8.123406936926880007e+03
7.693955923799206175e+03
7.337506465249029134e+03
8.079517915064068802e+03
7.447926237678310827e+03
7.612651363220211351e+03
8.220969741812046777e+03
8.357752060497892671e+03
7.053613846137726796e+03
8.142730898847768913e+03
7.176992580061289118e+03
8.323843371452254360e+03
8.252945071069192636e+03
7.687043450000843222e+03
8.435812943114513473e+03
8.249760182084230109e+03
8.297390544886909993e+03
8.243021770083631054e+03
8.094624446128691488e+03
8.354027760771467001e+03
8.446513766702704743e+03
8.440550135020381276e+03
8.282352478320235605e+03
8.252029677722261113e+03
8.009930677894139990e+03
8.291600649321051606e+03
8.344533138043616418e+03
8.217817048172655632e+03
8.289792278110293410e+03
8.321691338236141746e+03
8.001715405155112421e+03
8.040911634274239987e+03
8.448602847154706978e+03
8.302613700890906330e+03
7.931280415753172747e+03
7.883617906330370715e+03
7.557256602910045331e+03
8.358242000541198649e+03
7.308742820132373708e+03
8.080072170660736447e+03
8.407173197985939623e+03
7.353989892565652553e+03
7.866838696072292805e+03
8.297316638380052609e+03
7.161244045032113718e+03
8.241435405347785490e+03
8.254486961757002064e+03
8.027552490715896965e+03
8.291065178601611478e+03
8.277424787192254371e+03
7.992770439011243070e+03
7.735347294873601641e+03
7.849736041971149461e+03
7.283341298052801903e+03
8.324762570931645314e+03
8.171052996876647740e+03
8.128211435173596328e+03
7.326429770536738033e+03
8.439306056371817249e+03
8.049975165260002541e+03
8.043956727918777688e+03
8.425537569755593722e+03
8.241511529301245901e+03
8.403255710649822504e+03
8.116024874489977265e+03
8.181902012872819796e+03
8.173585278607603868e+03
8.331045098812805008e+03
8.298257213897748443e+03
8.266776708341149060e+03
8.001715405155112421e+03
7.859368164499449449e+03
8.137395889400902888e+03
8.394062659698063726e+03
8.127083921501696750e+03
8.226178264178864993e+03
8.441825911992791589e+03
8.389073592587832536e+03
7.615418854431664840e+03
8.337929362450458939e+03
8.242569343578274129e+03
8.441015192211500107e+03
6.904188358913828779e+03
8.257140379636452053e+03
8.310653741866572091e+03
8.399897699216639012e+03
7.961919371955288625e+03
8.274111252199141745e+03
7.186927312316448479e+03
8.187209867035419848e+03
8.330606693570964126e+03
8.433863253421088302e+03
8.399404809410720190e+03
8.150928601034740495e+03
7.937936773894274666e+03
8.083942829429591256e+03
8.338312521136629584e+03
8.238615312709644058e+03
8.095937948688563665e+03
8.114307380473498597e+03
7.594849414134223480e+03
8.142167494964695834e+03
8.375539370770729874e+03
8.210891852808848853e+03
8.244169062740586014e+03
8.330585145902894510e+03
8.380736067395393547e+03
8.096465479830443655e+03
8.234893952906577397e+03
7.948296931170314565e+03
8.293442403727600322e+03
8.447614867199126820e+03
8.434987425476510907e+03
8.444229813097132137e+03
7.739049780781393565e+03
7.628193443751468294e+03
8.425104412080647307e+03
8.104620123195815722e+03
8.372152312977141264e+03
8.440628401426296477e+03
7.858467113200254971e+03
8.186190778117897025e+03
7.979894079634284026e+03
8.369481893630858394e+03
8.021702756978323123e+03
8.260954822883155430e+03
8.128873419073804143e+03
8.145685934553146581e+03
7.405493581724676915e+03
7.963523097138154299e+03
7.794624847241316274e+03
8.007953718150112763e+03
7.702226879795107379e+03
8.023562664215438417e+03
8.119751323549502558e+03
8.411393411124296108e+03
8.234621998846037968e+03
7.143175576694087795e+03
8.180313024935841895e+03
8.373654045480343484e+03
8.166124998819908797e+03
8.322554163437374882e+03
7.864177970446577092e+03
8.338817947769090097e+03
8.323143992492476173e+03
8.359164641845711230e+03
8.093819114391178118e+03
8.245212070063624196e+03
8.024729217056435118e+03
8.279264415218320210e+03
7.343313363917863171e+03
8.286650970876395149e+03
7.655117920920395591e+03
7.954427272818255005e+03
7.982862197710927830e+03
8.158523901034563096e+03
7.852106082328351476e+03
7.751574610823508920e+03
8.189126797297845769e+03
8.384146870085853152e+03
8.213087308689551719e+03
7.415947492816492741e+03
8.119890013502154034e+03
8.362653832135905759e+03
8.074476051242843823e+03
8.089887793642888937e+03
7.964059945784916636e+03
7.910283387308207239e+03
8.201367978791706264e+03
8.214704506881795169e+03
8.207424260373187280e+03
8.424752398475282462e+03
7.739044765952297894e+03
8.403840276445031122e+03
7.770033855427152957e+03
8.381913589541185502e+03
8.106601903188100550e+03
8.094690270170309304e+03
8.351594954878421049e+03
8.245438855470409180e+03
6.901675398255065375e+03
8.387051637193206261e+03
7.724640212089511806e+03
8.359136148877707456e+03
8.102382614932227625e+03
7.583362518009642372e+03
8.240656876992828984e+03
8.343885352839244661e+03
8.032156553947013890e+03
8.383061295947916733e+03
8.382309242782872388e+03
8.374701603175171840e+03
7.996192610927177157e+03
8.209582633321748290e+03
8.167619690138834812e+03
8.418143207420438557e+03
7.918124287626772457e+03
7.870904938741342448e+03
7.240155482775691780e+03
8.346646320887077309e+03
7.926136240244555665e+03
8.055701676464203047e+03
8.123046762867226789e+03
7.185371182156078248e+03
8.223408816079623648e+03
8.324846114116475292e+03
8.157313356076752825e+03
8.223000482501702209e+03
8.275180938726138265e+03
8.357649820233644277e+03
7.818654399916335933e+03
7.490049820497851215e+03
7.575860439579460035e+03
8.041988602942023135e+03
8.330373847732415015e+03
8.257188716017735715e+03
8.349665230334569060e+03
8.372152312977141264e+03
8.217349430525924618e+03
8.269506548656503583e+03
8.457868468199076233e+03
7.669126093867501368e+03
8.214966075109323356e+03
8.337358913582796959e+03
8.409930276988477999e+03
7.990232657948859924e+03
8.126500170100125615e+03
7.387887179450619442e+03
8.405659339231906415e+03
8.317020876538876109e+03
8.391967957434419077e+03
7.792833267508671270e+03
7.737151486502511943e+03
7.970443445768431047e+03
8.435189015814767117e+03
8.423945812124709846e+03
7.587853208455841013e+03
7.913720336375615261e+03
8.131121430149701155e+03
8.110715958025333748e+03
8.102318773708980189e+03
8.045049541695916560e+03
8.303007307035237318e+03
8.442281001853252747e+03
8.106797111274913732e+03
7.861648859608427301e+03
7.788866210047337518e+03
8.456156214743681630e+03
7.340020367170376630e+03
8.148050067943931936e+03
8.432887476621808673e+03
8.237501636219567445e+03
8.450837647759159154e+03
8.376755321994418409e+03
8.138548425825486447e+03
8.244169062740586014e+03
8.069940880987905985e+03
8.292750912936779059e+03
8.048808296717774283e+03
7.778722498112987523e+03
8.233010561691509793e+03
8.402250137715414894e+03
8.081189230683232381e+03
8.435745844604069134e+03
7.940856203650172574e+03
8.318260834594791959e+03
7.907881209682911503e+03
8.427983043054766313e+03
8.027446287633020802e+03
7.867216771436436829e+03
8.355793411265316536e+03
8.010758067798118645e+03
7.850366632672878040e+03
8.070371383906764095e+03
7.689550694471765382e+03
8.291826896230535567e+03
7.700510024441293353e+03
8.062309748726604994e+03
8.025394159552122801e+03
8.353691400225072357e+03
7.933743223362147546e+03
8.380255103647617943e+03
8.140088035914510328e+03
8.286887131357911130e+03
8.159542009002409031e+03
8.373408853651886602e+03
7.672214876436259146e+03
8.079964296453124916e+03
8.071717094814168377e+03
7.996241989904401635e+03
8.212226198727799783e+03
8.095590945693769754e+03
8.060790428188139231e+03
8.197339102671143337e+03
8.079376076323917005e+03
8.235770291473294492e+03
7.705817360585842835e+03
8.200379233787713019e+03
8.404463774424033545e+03
8.396134161680243778e+03
7.403874338659679779e+03
7.728199900045945469e+03
8.379996667682502448e+03
8.180735929218762976e+03
7.795384432358141567e+03
8.131025197377626682e+03
8.258675265745503566e+03
7.991387455553332074e+03
8.015209309451504851e+03
8.317739047850507632e+03
7.874451681155223014e+03
8.127480458566633388e+03
7.594849414134223480e+03
8.163511297270149043e+03
7.965843804358841226e+03
8.119200127950820388e+03
7.832753736073012988e+03
8.277598264312420724e+03
8.142536271595309699e+03
8.393180691678016956e+03
8.323688656255611932e+03
8.321945564105224548e+03
7.143786502222345007e+03
8.449045788321516739e+03
7.986140052940223541e+03
8.062597425453282995e+03
7.898630034518993853e+03
7.871421750253688515e+03
8.435822987385628949e+03
7.825314346730368925e+03
8.286157408886148914e+03
7.154396121256508195e+03
7.815880624544435705e+03
7.884668021559624322e+03
7.763342032093692978e+03
7.702736921707362853e+03
8.408214819864600940e+03
8.220156678953793744e+03
8.028890245470762238e+03
8.223592921173636569e+03
7.529622794837315269e+03
8.310653741866572091e+03
8.282565096642238132e+03
8.252849688396294368e+03
8.316695704526602640e+03
7.996607340042642136e+03
7.466646595470182547e+03
8.331978314080179189e+03
8.333383874575480149e+03
7.860681143345669625e+03
7.913588524659665381e+03
8.403192446760062012e+03
8.442641704473790014e+03
8.229594567986268885e+03
8.277106091383946477e+03
8.176709579727379605e+03
7.654033583394511879e+03
7.367397927496727789e+03
7.939361423749312962e+03
7.465930496793444036e+03
8.414040893249333749e+03
7.017134556100043483e+03
8.431259196814629831e+03
8.450513361082932533e+03
7.948340565982843145e+03
7.907636937728571866e+03
8.315056740932996036e+03
7.790950021094873591e+03
7.673173739557048975e+03
7.692642223413988177e+03
8.059824705721561259e+03
7.914907675943553841e+03
7.046692093117060722e+03
8.031872863740407411e+03
5.808295357251554378e+03
7.844332487999861769e+03
8.318402964173399596e+03
8.014399845182455465e+03
8.354287132845851374e+03
7.827407653841413776e+03
8.195589132774532118e+03
8.448878031591964827e+03
8.342556566773106169e+03
7.513913853409439071e+03
8.326919183093277752e+03
8.230845345387368070e+03
8.363950418953518238e+03
6.982961099853728228e+03
7.893003543844255546e+03
8.444040494617645891e+03
8.105071268734659498e+03
8.057478568870254094e+03
8.161888787160482934e+03
8.320642282909630012e+03
8.122268516627016652e+03
7.687043450000843222e+03
7.522967036193748754e+03
8.325014547785944160e+03
7.880573909124988859e+03
7.363245928416989045e+03
7.240049473370279884e+03
8.235502457183989463e+03
7.977146698736873077e+03
8.224692858218581023e+03
8.042160545242611988e+03
8.390555670006615401e+03
7.201238914500592728e+03
7.690602512060965637e+03
7.724314970353849276e+03
7.951626853692900113e+03
8.394096223969547282e+03
7.139845591659692218e+03
8.313385532976062677e+03
8.313213729367573251e+03
8.167556023959016784e+03
8.174263844577465534e+03
8.409082836930618214e+03
7.978286244335504307e+03
8.202346491992517258e+03
8.245296008564877411e+03
8.242694614931086107e+03
7.813057362101997569e+03
7.977266309748940330e+03
8.346626512548053142e+03
7.622833867300411839e+03
8.387406845961097133e+03
8.199023539950607301e+03
8.111190595700147242e+03
8.117736559516086345e+03
8.441726036483651114e+03
7.321777457132167910e+03
8.384988323570543798e+03
8.213666983053526565e+03
8.092414757958224072e+03
7.951128816231843302e+03
8.116456068521034467e+03
8.177851567375136256e+03
8.020250434749850683e+03
8.090546149110719853e+03
8.163667749209080284e+03
7.395325303831481506e+03
8.313206670500927430e+03
7.826501617338884898e+03
7.181174557762828954e+03
7.948194872337065135e+03
8.323188755183949979e+03
8.009327544197220050e+03
8.452581233861641522e+03
7.477465565746317225e+03
8.014366999544196915e+03
7.847516212305351473e+03
7.510339855627336874e+03
7.728481009003663530e+03
8.096451506475163114e+03
8.400942422114330839e+03
8.326743540135026706e+03
8.443056700054665271e+03
7.681021377043222856e+03
7.823360828951685107e+03
7.539229283744685745e+03
8.090005683467852577e+03
8.441390913600400381e+03
8.421704652281538074e+03
8.132553163399692494e+03
8.130336405878024379e+03
8.233487951949928174e+03
7.983139842150026197e+03
8.426825156305283599e+03
8.428898534605261375e+03
7.769228118352964884e+03
8.287140813309861187e+03
6.815141774965972218e+03
8.237501636219567445e+03
8.041993914861875965e+03
7.753816566579582286e+03
7.043545088826667779e+03
8.426552221333942725e+03
8.272135859355334105e+03
8.048122848685701683e+03
8.342039960551894183e+03
7.291717786999626696e+03
8.059788482168878545e+03
8.101030901023163096e+03
7.970543647186557791e+03
8.120999830925965398e+03
7.671295850592454372e+03
7.878200705982089858e+03
8.262994353613523344e+03
7.861373954582013539e+03
7.870904938741342448e+03
7.735607179012515189e+03
8.119160087510935227e+03
7.933137215520289828e+03
8.199158655806395473e+03
8.142242979168605416e+03
8.163334796352304693e+03
8.139744442751933093e+03
7.948474894727529318e+03
8.273977317887289246e+03
8.391830441835882084e+03
8.275363858281381908e+03
8.324791548010183760e+03
8.428818146094072290e+03
8.243111004833892366e+03
7.299158395379268768e+03
8.290370329026882246e+03
6.319046951696971519e+03
8.268114141272702909e+03
8.097454434156807110e+03
8.425353491212892550e+03
8.059064777112096635e+03
7.787663041616186092e+03
8.078174575537508645e+03
8.379996667682502448e+03
7.596186866467545769e+03
8.060998190246735248e+03
8.324362195448742568e+03
7.870084157823917849e+03
8.004691263691796848e+03
7.912013895159541789e+03
7.003163202517454920e+03
8.425769736490427022e+03
8.178713026582117891e+03
8.445292377145884529e+03
6.703765083151438375e+03
8.355583246296768266e+03
8.410330316417797803e+03
8.446714865696620109e+03
7.838283033713423720e+03
7.998636717450856850e+03
7.531939383730055852e+03
7.988314263345702784e+03
8.119795603505466715e+03
8.245196907559880856e+03
8.267259061193042726e+03
7.893589000010167183e+03
7.879896875890500269e+03
8.099329744432603547e+03
7.047406313321133894e+03
8.456180886552605443e+03
8.391047902554766551e+03
7.521716210783628412e+03
8.379356862261405695e+03
8.135258632644350655e+03
8.234045501448184950e+03
8.426355822564688424e+03
8.052465939035468182e+03
7.876695201671365794e+03
7.534894970277494394e+03
7.770004771415811774e+03
8.132611813157845063e+03
8.121086423691986056e+03
8.291351740689411599e+03
7.973882347229975494e+03
8.411609028389608284e+03
7.994372727203724025e+03
7.935584927174439144e+03
7.777590049037678909e+03
8.412979214976297953e+03
8.321888137908459612e+03
7.614222728768900197e+03
8.042148817066011361e+03
7.809628466691128779e+03
8.347557781031096965e+03
8.286393366157135461e+03
8.170921128274558214e+03
6.795182807026423689e+03
8.034436144458568378e+03
8.026846618246927392e+03
8.376502009173907936e+03
7.387819889597612018e+03
8.182777687247526046e+03
8.338298757050128188e+03
8.385109043436392312e+03
8.120543595770215688e+03
8.199704555525408068e+03
7.668479051637102202e+03
8.354453674291986317e+03
7.843874225381830911e+03
8.288006549605943292e+03
7.668738641063808245e+03
7.828094512098588893e+03
7.763233069864521894e+03
8.393410485254225932e+03
8.401074400153693205e+03
8.099795009718484835e+03
7.519716564456203741e+03
7.926254944128029820e+03
7.963911316277983133e+03
8.332148049311701470e+03
7.594149901393971959e+03
7.810999363001481470e+03
8.017382568971351247e+03
7.866563535232085997e+03
8.258386043958602386e+03
8.380148049752353472e+03
7.434267405263715773e+03
8.417334012088533200e+03
7.977266309748940330e+03
7.627652969053844572e+03
8.135615916141448906e+03
8.367085085612856346e+03
7.713641238422092101e+03
7.847984799048314017e+03
8.430940653826142807e+03
8.050626099884257201e+03
7.719955106406467166e+03
8.444866312576250493e+03
8.157900058209255803e+03
8.038873478190199421e+03
8.233010561691509793e+03
8.396816536936818011e+03
8.421917655308843678e+03
8.102726990687487159e+03
7.877755436355877464e+03
7.586732696646553450e+03
8.427894737030863325e+03
7.729823543545452594e+03
8.260083337840818785e+03
8.146404652457033080e+03
8.254478612201201031e+03
8.190416526199494911e+03
8.178605060143572700e+03
8.230607619573369448e+03
7.933137215520289828e+03
8.273079600400214986e+03
7.914378849389320749e+03
7.908458475762416128e+03
7.832281184002340524e+03
8.446723251522180362e+03
7.907143466711338078e+03
8.213087308689551719e+03
7.959437434497100185e+03
8.436185122572111140e+03
7.987813891197519297e+03
8.317351547434054737e+03
8.279072489564028729e+03
8.342711159182403208e+03
8.380328070765846860e+03
8.384764725965816979e+03
8.410390078936656209e+03
8.248823007667662750e+03
8.033245820051831288e+03
8.212226198727799783e+03
8.003828551246610914e+03
7.331773823547620850e+03
7.625321664357241389e+03
7.825655693706275088e+03
8.247926378164014750e+03
7.818113709734008808e+03
7.705010982546711602e+03
8.074403330971665127e+03
8.132160191132763430e+03
8.259272538064607943e+03
7.907496805669043169e+03
8.256565817658345622e+03
7.693622473100522257e+03
8.329740139797584561e+03
8.096786478850654021e+03
8.433858572494513282e+03
8.161401479270909476e+03
7.701642979442261094e+03
8.159374512148321628e+03
7.842196724726893081e+03
7.827407653841413776e+03
8.097683955573172170e+03
8.059941828324155722e+03
8.369063700459650136e+03
8.292090876253991155e+03
8.277681092468625138e+03
8.367798440120317537e+03
8.450472970578035529e+03
8.096012704856906566e+03
8.291215171330488374e+03
8.458245938753731025e+03
8.144617437819554652e+03
8.166691614029451557e+03
8.068663130752433062e+03
8.450866344096673856e+03
8.426942920345083621e+03
8.374355752209916318e+03
8.156202932363654327e+03
8.279102859687367527e+03
8.057425612106368135e+03
8.129300599265603523e+03
8.340384068912193470e+03
8.171901409399443764e+03
8.181558533247851301e+03
7.287019403026071814e+03
8.414973252594594669e+03
7.772825402530183965e+03
7.437607025301203976e+03
8.130412808064009369e+03
7.959905541933346285e+03
7.962748176032614538e+03
8.293762923391697768e+03
7.714898281800756195e+03
7.765223970956091762e+03
8.153546739370931391e+03
8.390895347088937342e+03
8.365103587702858931e+03
7.833877411332910924e+03
8.074100858056077413e+03
7.841798205332547695e+03
7.862739734923332435e+03
7.590990806723006244e+03
7.933146576136487056e+03
7.870686070344220752e+03
8.077339435894173221e+03
8.220190601994325334e+03
8.253644914089156373e+03
7.880596487633370998e+03
8.421149208975028159e+03
8.409328924930483481e+03
7.830937218149842010e+03
8.227372420886058535e+03
7.633956527136657314e+03
8.260754535219215541e+03
8.427855467592664354e+03
7.696595073333547589e+03
7.864157228364180810e+03
8.330767255577593460e+03
7.642015095105732144e+03
7.987515555312486867e+03
7.937383645721241919e+03
8.347738950944580210e+03
8.197053913751478831e+03
8.006513453027579089e+03
8.312742374063542229e+03
8.302719997789849003e+03
7.589541956720824601e+03
7.710079781253010879e+03
8.437258988302783109e+03
8.112203439855509714e+03
8.434760539927483478e+03
7.892656245562487129e+03
8.353391097441735837e+03
7.666510310742351066e+03
7.386099533953419268e+03
8.107348490179932924e+03
8.071062174800100365e+03
8.155885478271762622e+03
7.995947186601412795e+03
7.381950715115308412e+03
7.371077927920068760e+03
8.154169869401934193e+03
8.405274489994346368e+03
8.440706606250860204e+03
8.021869583659636191e+03
8.289087615574802840e+03
7.911800399915385242e+03
7.897538092989276265e+03
7.811511585467207624e+03
7.729212447917296231e+03
7.163489003426499039e+03
8.430739801277592051e+03
8.211736485946628818e+03
8.417252277335537656e+03
8.236849153037959695e+03
7.950853016155309888e+03
7.507250429265523053e+03
8.398386125470369734e+03
8.233010561691509793e+03
8.260795240479761560e+03
7.573182245940562098e+03
8.037838498094301940e+03
8.139864032403831516e+03
8.376409469977541448e+03
7.900538637308562102e+03
7.963170936355018057e+03
7.468621924312606097e+03
8.399698627391895570e+03
7.708859397708571123e+03
7.861422275397159865e+03
8.335209970656214864e+03
7.649582900669423907e+03
8.337929362450458939e+03
8.074203838120934051e+03
8.199220469243540720e+03
8.418893428615705488e+03
8.398386125470369734e+03
8.111722091188899867e+03
8.130385306412297723e+03
7.836543765280731350e+03
8.054472480009189894e+03
7.760188763727177502e+03
8.415258903981241019e+03
8.417233503979048692e+03
7.787509845958113146e+03
7.338326838881623189e+03
8.042557783420625128e+03
7.883257203190487417e+03
8.431751343453044683e+03
8.082427475624192084e+03
7.688619568819511187e+03
7.796319509217870291e+03
7.243889346548801768e+03
7.954086799535118189e+03
7.701642979442261094e+03
8.155582006567682583e+03
8.078522191916741576e+03
8.038003604312443713e+03
7.913055352917164782e+03
8.341626275911477933e+03
8.394936855983587520e+03
8.289316541167165269e+03
8.077536134032776317e+03
8.448812915266451455e+03
8.448129400004756462e+03
7.092411642877073973e+03
8.207430232953374798e+03
8.164410194749122638e+03
7.954951707862382136e+03
7.736618509448227996e+03
8.086896143751204363e+03
7.913699344732409372e+03
8.329743138399000600e+03
8.414818775239520619e+03
8.355761024564910258e+03
7.985107209907368087e+03
8.447614867199126820e+03
8.323097808251290189e+03
8.249649067104764981e+03
8.264289178144303150e+03
7.642892016302433149e+03
7.999457704892923175e+03
8.188187386993678956e+03
8.100263631833138788e+03
8.138140814534659512e+03
8.025062473777048581e+03
8.289814204665603029e+03
7.935453335419326322e+03
8.184282254724495942e+03
8.275622755498428887e+03
8.105332804407241383e+03
8.189800512466183136e+03
8.351012202773898025e+03
8.144821854557695588e+03
8.317698995421375002e+03
8.252604427767564630e+03
