1.064797051123583515e+04
1.056230829632421592e+04
1.050389267237259082e+04
9.843619628205471599e+03
1.091756574560701301e+04
1.055262346745574541e+04
1.115530521586551549e+04
1.036045169944147892e+04
9.680282268176964863e+03
1.070339658087128555e+04
1.116082085070114226e+04
7.481680107071767452e+03
8.808318147926225720e+03
1.123136595304265211e+04
9.625467087435954454e+03
1.043491264216297168e+04
1.016092864207215462e+04
1.023210571035330395e+04
9.153427602783016482e+03
1.059592439526535964e+04
1.042213220402206025e+04
1.068403244083921891e+04
1.104193164562511447e+04
1.097827920491802797e+04
1.103550237017071777e+04
1.058421848478021275e+04
9.085731451956649835e+03
1.061082372323856544e+04
1.094206341431496185e+04
1.022548833840412044e+04
1.111470505789915114e+04
1.046387792492264634e+04
1.043491264216297168e+04
1.071964306295694951e+04
1.097470578825610937e+04
1.065784347049015560e+04
1.041735433464361267e+04
1.053525689073670219e+04
1.079996226608339930e+04
1.014392045786602648e+04
1.038293637539274278e+04
1.012873753295824645e+04
1.115197254904250076e+04
1.030457262849514154e+04
1.062370958034327487e+04
1.033317608919582926e+04
8.735314033156342703e+03
1.055554866529191713e+04
1.050438163642326072e+04
9.319239130141731948e+03
1.015839558790665797e+04
9.897058718769789266e+03
1.085583630813473246e+04
9.812493091177142560e+03
9.856774926627205787e+03
1.021245549634718009e+04
9.593589498192894098e+03
1.118417493069563716e+04
1.107213584929325225e+04
1.076030216411119909e+04
1.062687946341801944e+04
9.396991075404292133e+03
1.022449935872494825e+04
1.113917771136217016e+04
1.106478081029378518e+04
1.103762117039225996e+04
9.763972785419620777e+03
1.091210115558256075e+04
1.035021386106827049e+04
1.106868903205528477e+04
1.098909588649549369e+04
9.406333493067348172e+03
9.718999267559582222e+03
8.939496532650062363e+03
1.075723012828848368e+04
1.046281101553798908e+04
1.019510821497303368e+04
1.065524912500234859e+04
9.873029089921783452e+03
8.872866950058367365e+03
1.116628817171968512e+04
1.104579548932318903e+04
1.082835324865177972e+04
9.245222674601864128e+03
1.020133900177080795e+04
1.038707072025870730e+04
9.816504274608523701e+03
1.120805360980166733e+04
1.074889340463451481e+04
9.890014792671363466e+03
1.019896682460872034e+04
1.063137125040013416e+04
1.065704679792245588e+04
1.081478411755561683e+04
1.067667193218631110e+04
9.987724614147240572e+03
1.007452029762952952e+04
1.015857846145569420e+04
1.026868008462471698e+04
1.017901145024889047e+04
1.041997872163634020e+04
1.112928079312939735e+04
1.084108900375034864e+04
1.007057892010260548e+04
1.109607188422216132e+04
1.120401406261512602e+04
1.104754076534947308e+04
1.083726490266944893e+04
1.000445548765647982e+04
1.100316086705251655e+04
1.110462774185750459e+04
1.118037873456430498e+04
1.082258321965107461e+04
1.056210456289179638e+04
1.102680376335157052e+04
9.792199287457584433e+03
1.018896569685699069e+04
1.039810785225394284e+04
9.649173442701134263e+03
9.313381077584095692e+03
1.100265404177804157e+04
1.046677869646862200e+04
1.003023291222623811e+04
1.117477987446814404e+04
1.091458359585324615e+04
1.040532420870732130e+04
1.106742753601474578e+04
1.098048012920524343e+04
9.335878720569558936e+03
1.093246526820298459e+04
1.008261497511865309e+04
1.111778129927288319e+04
1.089576104014049270e+04
1.091237025111283401e+04
9.930234535871286425e+03
1.124414454360508716e+04
1.122647827014281211e+04
9.028273305789030928e+03
1.030489244636494550e+04
1.021273523183985526e+04
1.012404103685490190e+04
9.965905018548997759e+03
1.106576832352631027e+04
9.498902908736421523e+03
1.029117119161596747e+04
1.055639958442706484e+04
1.099784303604907836e+04
1.020565785123511523e+04
1.101688220747802006e+04
1.046352046223779325e+04
1.054643442270438572e+04
9.607575265809880875e+03
1.008016797373906957e+04
1.099521350507152056e+04
9.923566942835208465e+03
8.031577679303363766e+03
1.117916052244620914e+04
1.094668217219830331e+04
1.087700402280476919e+04
1.047618393741101863e+04
8.997275932590020602e+03
1.110377022515592398e+04
1.119999490005437110e+04
1.064447543282070183e+04
1.123986228097802086e+04
1.016596206327029540e+04
1.095894423918559551e+04
1.096411767780123046e+04
1.100248505888375803e+04
1.019489424770884034e+04
1.012756600162798350e+04
1.097087348679810020e+04
1.115404565869729413e+04
1.109840424465191973e+04
1.047513098857516525e+04
1.017948717317797491e+04
1.078581725736098633e+04
1.099888827588877211e+04
1.121584897511649069e+04
1.024508190575574008e+04
9.688293235849025223e+03
1.099086558812086878e+04
9.597714624463535074e+03
1.123471043046264094e+04
1.021876680760509953e+04
9.699500885748509972e+03
9.668729745018059475e+03
1.059412906499288147e+04
1.110322358981494108e+04
1.068302131423608989e+04
1.038246399898772506e+04
1.105462610685087384e+04
9.529760417258943562e+03
9.049928942056347296e+03
1.097868375446554273e+04
1.118738177418519990e+04
9.932118174768875178e+03
1.125449013231274148e+04
1.110005617937112402e+04
1.087943060131025959e+04
9.387267182446787047e+03
1.119015727166272700e+04
1.077225616365901442e+04
1.051532520623194432e+04
1.114581869676805582e+04
1.120935682392746094e+04
1.053507668479100539e+04
1.078209295151514380e+04
9.623259150698748272e+03
9.877630682598879503e+03
1.069677733171854015e+04
9.628658088767242589e+03
1.036608454499490108e+04
1.106196824321123131e+04
1.114987870898536130e+04
1.104912023754340044e+04
1.009862231293606055e+04
9.484734782329356676e+03
1.084355879461782024e+04
1.125040385917831190e+04
1.114469819849485066e+04
1.059542416024824706e+04
9.523308937506440998e+03
1.067299182510080573e+04
1.033632238840219361e+04
9.703325006532639236e+03
1.077434966733926922e+04
1.094483093188889143e+04
1.094430968737680087e+04
1.074165347360857777e+04
1.071479191175617598e+04
9.409933963457538994e+03
8.760921818227898257e+03
1.115871291246632973e+04
1.084073023257170644e+04
1.048321761040495403e+04
9.877630682598879503e+03
9.898008955215977039e+03
8.336163051407780586e+03
1.116292601207151529e+04
1.099763140337327786e+04
1.072247488082500422e+04
1.124529595987885114e+04
1.102261471194447404e+04
1.082666482096509571e+04
1.112529826373940159e+04
1.012685149007416112e+04
1.065784347049015560e+04
1.093681194793172108e+04
9.941551386888950219e+03
1.007955888593527015e+04
1.066163000556829866e+04
1.123833851737110308e+04
9.376382488332616049e+03
1.056403578588619712e+04
8.356471101827588427e+03
1.068627588051930434e+04
1.039624216071246337e+04
1.080379913870992823e+04
1.002974447905982379e+04
1.109687883631512341e+04
1.049511493272633925e+04
1.107633765539516753e+04
1.049334802541070530e+04
1.099991344174719598e+04
9.701461638771594153e+03
1.105463352267732262e+04
1.118574693730437139e+04
1.117631953899870314e+04
1.104270041715637126e+04
1.123198659544085604e+04
1.031494465878041228e+04
1.053065518989427255e+04
1.061751909373686613e+04
1.110377022515592398e+04
1.052528090228613473e+04
1.094650346259944308e+04
9.501507571771120638e+03
9.701461638771594153e+03
1.086833411771969986e+04
1.077069269586172413e+04
1.084476428786069664e+04
1.094666796720998536e+04
1.115616877078933067e+04
1.055525263447044199e+04
1.079417809781539108e+04
1.071325376740489082e+04
1.064415794189462031e+04
1.035021386106827049e+04
9.834827319176572928e+03
1.109420168618523530e+04
1.107737556346125712e+04
8.843206694403406800e+03
1.056558341807974284e+04
1.042161461114633676e+04
1.015550476543898549e+04
9.652426123839886714e+03
1.068656488684266878e+04
1.104609650231550040e+04
8.031577679303363766e+03
1.110377022515592398e+04
9.834881385314278305e+03
1.066163000556829866e+04
9.840318097501542070e+03
1.069183079888525572e+04
9.689920957263613673e+03
1.078093644288115684e+04
1.062645236372933687e+04
9.855514917216061804e+03
1.116256465482917338e+04
9.810317164217285608e+03
9.776642925034864675e+03
1.069210302429654803e+04
1.062084792212803586e+04
1.011990277403648361e+04
1.053143631390133305e+04
1.098237232625167962e+04
1.076162945499664056e+04
9.750077035116699335e+03
1.091702074977344091e+04
1.109366655742892181e+04
1.079482670459194924e+04
1.013592549193797277e+04
1.041320880819368358e+04
1.091174195422438061e+04
8.200345382854611671e+03
1.108809426643350525e+04
1.086958853152104712e+04
1.064154876312021406e+04
1.057156606112714871e+04
1.081594749257938020e+04
1.045872562045499217e+04
1.068582390510749428e+04
1.033610177480348284e+04
1.039250308436888190e+04
1.064766105108631746e+04
1.071600870714527628e+04
1.053230600716961271e+04
1.117689587564084468e+04
9.438359235394886127e+03
1.122210506085810630e+04
9.196047414272838068e+03
9.935561354928398941e+03
1.077146259676406407e+04
1.028926613949142302e+04
9.978066164017423944e+03
9.742312090761337458e+03
1.112198616284074524e+04
1.008583386250866897e+04
1.078355309966057939e+04
9.733914313647752351e+03
1.108731438177493692e+04
9.242466302165899833e+03
1.100354442218237455e+04
1.062581033906429366e+04
1.103387879508382321e+04
8.724847170919476412e+03
9.060756939210181372e+03
1.093777077102893236e+04
1.105599286757538539e+04
1.103708709583635573e+04
9.262241589828541692e+03
9.955456813521697768e+03
1.080704219123867551e+04
9.844372185222695407e+03
1.123699305049013128e+04
9.448288105065794298e+03
1.018582245379757296e+04
1.004113588399754190e+04
1.124691702376786998e+04
9.231403475499380875e+03
9.551092421361550805e+03
1.016028002921401094e+04
9.953254164855181443e+03
1.123936473044604099e+04
8.438048068004369270e+03
1.033725614169128312e+04
1.057598039829418849e+04
1.063659184233635096e+04
9.758617025473433387e+03
1.124093961995291102e+04
1.049706612427486834e+04
1.093324874197574536e+04
8.939496532650062363e+03
9.322055355389837132e+03
9.018725130097791407e+03
1.054147412601739597e+04
1.115506984051622567e+04
1.121715461084082381e+04
1.097812015114765745e+04
1.121983584368177253e+04
1.064121340171628435e+04
1.020345311257665526e+04
1.112743121588967188e+04
1.109848063774842558e+04
1.048301238107070094e+04
9.544089552870857005e+03
1.069122705699431754e+04
1.042677984328934144e+04
8.497690763636725023e+03
1.037594694082767455e+04
1.124529595987885114e+04
1.089371849680655032e+04
1.007110035817697462e+04
1.002866211122805180e+04
9.591920988939009476e+03
1.006983726766324980e+04
9.027508265320237115e+03
1.056050967473843411e+04
1.109972250546437499e+04
1.122813713685399489e+04
1.068117853872510932e+04
1.075592869711012645e+04
1.019994771095106262e+04
8.035045934353931443e+03
9.874425310877017182e+03
1.053641658167149581e+04
1.042897424245383445e+04
1.102063297152938321e+04
1.055153637723464635e+04
1.123070691751908271e+04
1.107744206359221243e+04
1.075586070622955231e+04
9.155090070537553402e+03
1.043096761900109050e+04
9.896679569918211200e+03
1.089248467516896744e+04
1.016765868710367067e+04
9.640048539214978518e+03
1.120470301232058046e+04
1.019011557343788445e+04
1.093688663445864222e+04
9.834515024393975182e+03
1.095894423918559551e+04
1.025995614815791669e+04
1.116082085070114226e+04
8.598113079592214490e+03
9.636637882157836430e+03
1.021876680760509953e+04
1.089365687216323204e+04
1.112928079312939735e+04
1.121098433453361758e+04
1.108297470942995096e+04
9.846085143326825346e+03
1.088788401867583161e+04
1.093147124652483399e+04
9.588480598017351440e+03
1.088228341355291923e+04
1.098320984385736665e+04
1.122023825324185964e+04
1.113725605743085725e+04
1.107593838472944481e+04
1.124529595987885114e+04
1.061296962716932649e+04
1.082048115708397199e+04
1.105775651957813898e+04
9.399510312884296582e+03
1.077272771460996773e+04
1.047541348302315237e+04
1.101741101718213940e+04
1.044387974306836259e+04
1.026264918881371887e+04
1.022449935872494825e+04
1.111256450566556668e+04
1.037032063726139677e+04
8.791163853688176459e+03
1.076030216411119909e+04
1.013991531304155251e+04
1.117440516531294634e+04
1.115049672826507049e+04
1.063873457044084353e+04
9.663559498212616745e+03
1.104064593059828258e+04
1.120680624539538621e+04
1.032894423768726847e+04
1.107509571864090685e+04
1.114322607590233747e+04
1.017220929764141692e+04
1.030405735631651987e+04
1.112683378304590224e+04
9.457693897507626389e+03
1.037765985040693886e+04
1.053613538919307393e+04
1.114967022071779502e+04
1.039092470198265073e+04
1.080106856346458517e+04
1.108104306350490333e+04
1.119092635951821649e+04
1.086729579292761628e+04
1.055494292918149586e+04
1.069706263534677419e+04
9.233015278752358427e+03
1.098657148531725397e+04
1.078641188296264045e+04
1.091692520002848687e+04
9.809898228310974446e+03
1.116535871958380631e+04
1.059419271419061079e+04
1.066262859289803237e+04
1.050572112645496600e+04
9.810317164217285608e+03
1.099530552879568495e+04
1.008617988352754219e+04
1.119185809350602722e+04
1.099421232360511567e+04
1.095387339647752378e+04
1.003867716459722578e+04
1.114202793863511397e+04
1.109208978232234767e+04
1.109695129950667979e+04
8.997275932590020602e+03
1.044024254184258643e+04
1.118606374742166008e+04
1.122118633770650558e+04
9.230716622538955562e+03
1.006394697444316625e+04
1.097550980864957819e+04
1.091119857448669791e+04
9.762171809301808025e+03
1.048348152764501356e+04
1.114091275619261796e+04
1.123681472352195306e+04
1.041626297873261501e+04
1.107542984072461513e+04
1.067501261510790209e+04
1.099790869429204758e+04
9.612059343971519411e+03
1.021031137426532223e+04
1.046848076298176602e+04
1.119300432309990902e+04
1.120843184682422361e+04
9.036122595927467046e+03
9.699500885748509972e+03
1.078923868895634041e+04
1.052069432814984611e+04
1.005895188164228784e+04
1.080928984626076999e+04
1.115957696861331351e+04
1.112461645736964601e+04
1.021266378065835488e+04
1.072595439033854564e+04
8.764333487375974073e+03
1.107031933083280455e+04
1.066796879793730841e+04
1.003780585011319636e+04
1.098155407118020048e+04
9.921633939124392782e+03
1.072177891794720927e+04
1.093122440882417504e+04
1.080312916714642779e+04
1.071243437789845120e+04
1.102032718573422244e+04
9.925639211613659427e+03
1.105519850889186273e+04
1.097790174648829088e+04
9.990925518495332653e+03
9.689100806462280161e+03
1.120183626755328805e+04
1.083955884155015701e+04
1.006394697444316625e+04
1.119070755277275748e+04
9.885738659605183784e+03
1.113146921884207768e+04
1.119578505192390003e+04
1.115844848003820152e+04
1.002974447905982379e+04
9.208698200915881898e+03
1.091337635474857962e+04
1.077692283444487839e+04
1.020202138186087905e+04
1.092182102598417805e+04
1.084552029061754729e+04
1.107619140756850175e+04
1.087998866427144458e+04
1.103961366544047451e+04
1.061532201771098698e+04
1.106003557147741958e+04
1.070248982706267270e+04
1.032292722420048267e+04
1.071640742613528710e+04
1.078509085897077239e+04
1.113882134731902261e+04
1.102334744583763495e+04
1.104650436494455425e+04
1.093412042639164065e+04
1.100369466813112558e+04
1.014611119462914212e+04
1.053997127787210593e+04
1.047815940077886080e+04
1.076293104604968903e+04
1.042905116626448762e+04
9.514804616466868538e+03
1.049348125026830348e+04
1.010371329043547121e+04
1.124000364782788529e+04
9.990454577273869290e+03
1.118417493069563716e+04
1.122118633770650558e+04
1.092448157874211392e+04
1.117642305450107233e+04
1.063873457044084353e+04
1.059359805096951641e+04
1.012089313949816278e+04
1.086734693216658161e+04
1.044205070260194225e+04
1.091332868311612765e+04
1.014382863052924586e+04
1.117541307171203516e+04
1.097995202987709854e+04
1.118149597266859018e+04
9.508343520694055769e+03
1.103708709583635573e+04
8.859969437225498041e+03
1.106842817783306600e+04
9.621492375871537661e+03
1.041330601358059721e+04
1.075866154127989284e+04
1.097385735642763029e+04
1.050881761168010053e+04
1.031876090762923377e+04
1.084847891898664966e+04
1.125391758482006117e+04
1.091706512852043124e+04
1.068244010261940639e+04
1.037614193569382041e+04
1.082337225611310714e+04
1.056856330771633293e+04
1.068298335895754281e+04
1.047252302306638012e+04
9.941446234197856029e+03
1.093479407851357973e+04
9.626645328319453256e+03
9.761874689247404604e+03
1.112010343055795238e+04
1.093839776248050111e+04
9.361969098588833731e+03
1.124189317049573947e+04
1.094301633348725954e+04
1.084909201628833762e+04
1.087988592936856912e+04
1.059542416024824706e+04
1.107035863602733298e+04
1.124529595987885114e+04
1.120264103862730371e+04
1.056133870734436641e+04
1.059369008238852985e+04
9.774275779901083297e+03
1.039907632853219911e+04
9.290162732947173936e+03
1.066533835215259205e+04
1.116521612466926308e+04
1.082635673084882546e+04
1.108599122415579404e+04
1.027190581110845778e+04
1.114523715069723403e+04
1.099245890233556020e+04
1.097385735642763029e+04
1.098087263259329848e+04
1.114362022218269703e+04
1.099574073450141805e+04
1.074822916041990720e+04
1.082129400930502197e+04
1.125004625795675020e+04
1.075672659871952965e+04
9.395738174455234912e+03
1.093440980934944309e+04
9.519391874628026926e+03
1.071716246368812608e+04
1.069960306631181811e+04
1.076682862457915689e+04
1.087127224443132218e+04
1.118984416683967356e+04
1.075306218372102921e+04
9.910110463115759558e+03
9.048260093386681547e+03
1.051112079305554835e+04
9.461460193561517372e+03
1.041452497955907529e+04
1.095809048536408409e+04
1.076682862457915689e+04
1.069914525168685213e+04
7.870681897321527686e+03
1.011459198196216494e+04
9.435392550196465891e+03
1.101623041947029196e+04
1.058084093932916949e+04
1.001269856245071969e+04
9.198165075160584820e+03
1.030438469796770551e+04
1.077205571619433795e+04
1.105056107170411451e+04
1.124510214885153437e+04
1.096576477616801640e+04
1.008400901849192633e+04
8.576638629561122798e+03
1.103961366544047451e+04
1.118373543216652979e+04
1.056603674110819156e+04
1.125272986047085033e+04
1.072637786043384403e+04
1.090187182899852814e+04
1.025995614815791669e+04
1.094544319516863106e+04
9.941349204761359942e+03
9.893768929018660856e+03
1.016737978288715203e+04
1.084454112698397148e+04
9.462102380524178443e+03
9.898474863140747402e+03
1.089676957063464397e+04
1.033021971701442453e+04
1.014829068286991424e+04
1.037828697024143912e+04
1.049524501742197208e+04
1.118219328778472482e+04
1.114523715069723403e+04
1.107038837380999212e+04
9.673235983154118003e+03
1.063911424426994745e+04
1.090344907470541875e+04
1.075177452167622687e+04
1.107542984072461513e+04
1.003135637750228852e+04
1.083635583298655183e+04
1.055580058164069487e+04
1.044006946080004309e+04
1.100337384744100200e+04
1.101642236535319535e+04
1.065791476169606540e+04
1.093341249330831124e+04
1.067741330654429839e+04
1.021942427686674273e+04
1.118513340200693710e+04
1.112200944905823781e+04
1.118220701188038947e+04
1.080934072565448150e+04
1.014501509659564363e+04
9.509695649630253683e+03
9.474442787387961289e+03
1.112582978048808036e+04
9.570323175763496693e+03
1.066212541941890231e+04
1.075581165908261937e+04
1.086163932602152636e+04
1.092778044858748763e+04
1.068403244083921891e+04
1.095249124751987983e+04
1.099421232360511567e+04
1.074392500222725721e+04
9.200653841301325883e+03
1.046727546190527937e+04
1.015548114955418350e+04
1.005283119471918326e+04
1.104943667704811196e+04
1.108072459403618268e+04
1.049413618266744743e+04
9.940767217097112734e+03
1.047460378615375339e+04
9.974424741260811061e+03
9.322980503287133615e+03
1.056427527409428876e+04
1.063794373165069919e+04
1.059848529210711422e+04
1.117743587457014655e+04
1.009555794700912338e+04
1.007645940160646205e+04
1.111844242896237847e+04
1.102309006535960179e+04
1.040915657046252272e+04
1.112417739771577180e+04
1.064416892782487048e+04
1.065936336479262536e+04
1.040532420870732130e+04
9.431172974406479625e+03
1.036150466789193706e+04
1.052222445738898386e+04
9.350150837636891083e+03
1.036571514853049666e+04
1.119482669561090734e+04
8.373434947864730930e+03
1.057554997290070241e+04
1.036639990104007120e+04
8.939496532650062363e+03
1.029234668782393055e+04
1.034388814953077599e+04
1.121741619630193964e+04
9.579611116562598909e+03
1.108264678559769163e+04
1.102434044265954799e+04
1.071398889115019665e+04
9.365851192489208188e+03
1.048631205306019183e+04
1.081903600250075579e+04
1.098975431102528819e+04
1.092849798392243611e+04
1.085424447192589651e+04
1.097581860722478632e+04
1.041783230045211531e+04
9.531962013354652299e+03
1.122162174616223092e+04
1.017297912323613491e+04
1.029067777219223535e+04
1.072165316979159434e+04
1.078237531442199543e+04
1.113779390866612448e+04
1.092928556727790783e+04
1.116534188331182304e+04
1.072448253512533120e+04
1.076114520126517527e+04
1.065583752990608809e+04
9.451819115584077736e+03
9.766768270109645528e+03
1.013505961695796941e+04
1.006453929342963238e+04
9.876458943057286888e+03
1.090074073997065716e+04
1.035586074670858579e+04
1.105994256115725329e+04
1.080673936271099228e+04
1.023253953905156231e+04
1.123903599085915630e+04
1.092161911898879043e+04
9.794139921365564078e+03
1.046853707949694035e+04
1.123497666853866394e+04
1.109613141569277832e+04
1.069504400041713598e+04
1.108687776074551039e+04
1.098164473241568703e+04
1.092861189125673263e+04
1.090237368036307453e+04
1.123217286691382469e+04
1.008225662372234365e+04
9.934179723095239751e+03
8.542508724963936402e+03
1.001602110883687601e+04
1.120441749041379444e+04
1.047857335790762227e+04
1.085489470421296573e+04
1.039897038476637317e+04
9.867980736024492217e+03
1.112173239202451441e+04
1.027731196746893329e+04
1.027749039571753019e+04
9.075045895923911303e+03
1.088697641278143783e+04
1.115427260376500271e+04
1.109080968797951937e+04
1.111863228547073231e+04
1.052355063710588001e+04
1.025461815181240308e+04
1.044024254184258643e+04
1.108300916743132257e+04
1.016235115681938987e+04
1.036608454499490108e+04
1.043096761900109050e+04
1.064414504154395763e+04
1.068294055747089988e+04
1.045359304746364433e+04
1.011382949779058254e+04
1.115895461873706699e+04
1.117485293736171661e+04
1.076294405822023327e+04
1.064207272703596755e+04
1.047420676477386223e+04
1.081062115139407433e+04
1.087152809394071664e+04
1.064393394557387001e+04
1.123635456033976152e+04
1.086696551034283038e+04
1.082789468260073954e+04
1.019896682460872034e+04
9.985083506020695495e+03
9.021464958552654934e+03
9.729629879516167421e+03
1.075312176122983874e+04
1.111384791588536064e+04
1.110311152725175634e+04
1.028341692596064786e+04
1.045295778665491707e+04
1.096011912939828471e+04
8.916960313211337052e+03
9.964718353641181238e+03
1.120906071105994852e+04
1.003657928299213927e+04
1.054147412601739597e+04
1.111702712227162374e+04
1.038569797710785861e+04
9.585018771113551338e+03
9.855412537460613748e+03
1.098664103907416757e+04
1.049348125026830348e+04
1.013817621150642844e+04
1.100287906175906028e+04
1.094360243410720250e+04
1.125341882486086433e+04
1.076030216411119909e+04
1.048649807227302881e+04
9.427219010196953604e+03
1.080379913870992823e+04
1.018959929699549321e+04
1.076009083442670089e+04
1.013920259416758017e+04
9.125039006112750940e+03
1.088197631926797294e+04
1.119936522166589202e+04
1.114898999955371619e+04
1.042206907138457973e+04
1.094992502495897497e+04
9.304951839312483571e+03
9.889349214948622830e+03
1.091869097888295073e+04
1.017980192144786633e+04
1.060675807710160007e+04
1.043680759286597095e+04
1.111748783161041865e+04
1.085499880515192490e+04
1.125104892907543035e+04
1.114609621414566209e+04
1.108902244794042963e+04
1.060022527163818086e+04
1.093122440882417504e+04
1.100965174031732022e+04
1.075438877418369884e+04
9.153185035081267415e+03
1.064796928945199397e+04
1.112741948999712986e+04
1.037013023815529596e+04
1.100316086705251655e+04
1.114487612234977678e+04
1.008322426466266552e+04
1.112737483151585184e+04
1.083459497542743338e+04
9.512091235248995872e+03
9.368993839764883887e+03
1.098399166187120500e+04
1.093891651337767325e+04
1.064242038439813768e+04
1.120147463683572641e+04
1.073102587496970591e+04
1.100857853804357364e+04
1.076913510713361575e+04
1.087093329361349424e+04
1.014829068286991424e+04
1.026649135007980294e+04
1.005283119471918326e+04
1.036911042493453533e+04
1.093839776248050111e+04
1.024920562541992695e+04
1.022485454399000446e+04
1.124334613784239627e+04
1.091346067270866661e+04
1.065704679792245588e+04
1.118987028915303927e+04
8.891896003245863540e+03
1.063486731272352881e+04
1.107744206359221243e+04
1.114814823669909310e+04
1.024725869341887119e+04
1.084823044210431726e+04
1.090669101287841659e+04
1.089984444687447649e+04
1.103641329369559026e+04
1.064249801086788102e+04
1.118955073792271833e+04
8.998277425553345893e+03
9.646687241359550171e+03
1.092367573944591641e+04
1.074520697150755041e+04
1.029291665743756130e+04
9.825580050184982611e+03
1.049511493272633925e+04
1.110247824536515691e+04
1.058446296513692141e+04
1.075858962901193081e+04
8.830464006002299357e+03
1.109933831899886354e+04
1.095435831969081119e+04
1.007629465007036197e+04
1.063566928117179850e+04
1.087093329361349424e+04
9.952916692772219903e+03
9.965436304966458920e+03
1.094027452302680467e+04
9.824487644005426773e+03
9.536381247844259633e+03
1.110411066841009597e+04
7.720969329735168685e+03
1.036622923425972112e+04
9.871909954041200763e+03
1.067676357918917165e+04
1.024650777161631049e+04
1.109442662315900452e+04
1.027749039571753019e+04
1.011687014636620916e+04
1.105256203352357443e+04
8.928056710356291660e+03
1.038900846336856193e+04
1.021679510709713213e+04
1.068142481531888006e+04
