8.611506103277142756e+03
9.198039574848426128e+03
9.272078954419554066e+03
9.194188867676803056e+03
9.576570817174266267e+03
9.069771730550792199e+03
8.948725453939679937e+03
9.056934511262817978e+03
8.754621096433831553e+03
9.440411733728964464e+03
9.126642813583441239e+03
8.254544684188773317e+03
9.427767059030553355e+03
8.934849544019743917e+03
9.053862639377941377e+03
9.261923177960405155e+03
9.180910587670045061e+03
9.365736785611796222e+03
8.784443400115305849e+03
8.706111574127316999e+03
8.433216578645144182e+03
8.986809127763299330e+03
9.374821214934887394e+03
8.973108509319878067e+03
8.679856814718616079e+03
9.257466939069856380e+03
9.640152167827607627e+03
8.973793332119290426e+03
9.537812150635760190e+03
9.497647641706793365e+03
8.907927825556740572e+03
9.553525499305014819e+03
9.526211221122439383e+03
9.468842120743700434e+03
9.227634942294760549e+03
9.055630070705126855e+03
9.132329978307647252e+03
9.050154612020227432e+03
8.814778692131401840e+03
9.118913210470291233e+03
9.628936844669755374e+03
9.356500366726782886e+03
9.082191219723043105e+03
8.140871686484480961e+03
9.588113788144333739e+03
9.420256844087800346e+03
9.588871915920017273e+03
9.170396642977648298e+03
9.456993020240910482e+03
9.559382917435068521e+03
9.349375587300606639e+03
9.492908349224509948e+03
9.472218765538691514e+03
9.064312733334907534e+03
9.641817668280376893e+03
9.237259184346336042e+03
9.304486247995913800e+03
9.187202869095952337e+03
9.169120982966418524e+03
8.759445622530616674e+03
9.502932573471445721e+03
9.018547604171102648e+03
9.636990209248337123e+03
9.456969178991923400e+03
9.312791561178029951e+03
8.630729597494910195e+03
8.005485875208725702e+03
9.336212465749671537e+03
9.512464729059960518e+03
9.526682878970161255e+03
9.577198320338095073e+03
9.513822584728492075e+03
9.176127471087474987e+03
8.045373611588414860e+03
9.451976981748641265e+03
9.270374255182858178e+03
8.203078346186161070e+03
8.856829272109775047e+03
9.644302565308076737e+03
9.229658912896007678e+03
9.355783979299214479e+03
9.062708609256646014e+03
8.899636499252201247e+03
9.149025896587747411e+03
9.587665418658354611e+03
9.284421001504619198e+03
9.549862279800076067e+03
9.412923953625788272e+03
9.208830230630494043e+03
9.132037055310822325e+03
9.025005284407203362e+03
9.168636161754540808e+03
9.524930169340872453e+03
8.699555420835804398e+03
9.535831533256439798e+03
8.641872107954517560e+03
8.963071133652785647e+03
8.912000617073408648e+03
9.122756990874051553e+03
9.517814102620237463e+03
9.183823440015155938e+03
8.104317591252155580e+03
8.822833841982683225e+03
8.820694226436698955e+03
9.423854649044071266e+03
9.133265342290527769e+03
8.760399528972204280e+03
9.471537379645276815e+03
7.885651763999335344e+03
9.440142565849982930e+03
8.156244696231060516e+03
9.534172357623634525e+03
9.558806042951944619e+03
9.307790785510645946e+03
9.018307945326196204e+03
9.274839601813917398e+03
9.590272503145088194e+03
9.035845602273813711e+03
8.945696721234837241e+03
8.339228243270415987e+03
9.597541286083862360e+03
9.444025292436439486e+03
9.459438467155432591e+03
9.501993124042899581e+03
8.852285135100864863e+03
8.769770795646241822e+03
8.981172504494599707e+03
8.710046879785222700e+03
9.506867732429949683e+03
8.895213221301066369e+03
8.752558708858119644e+03
8.968444926876993122e+03
8.702301190325288189e+03
8.730565745858884839e+03
9.307690732837289033e+03
9.093350451612055622e+03
9.369169868371422126e+03
8.997490839167914601e+03
9.609601860944658256e+03
7.875013943708303486e+03
9.607413106587315269e+03
9.459727624428465788e+03
9.022114842408835102e+03
9.001799861217050420e+03
9.009251731194064632e+03
8.588437106825937008e+03
9.402258429613337285e+03
8.886483203665673500e+03
9.562845022914465517e+03
9.106019968097101810e+03
8.906927508933953504e+03
9.383337415306225012e+03
9.356780966278201959e+03
9.591853771281326772e+03
8.423244585391319561e+03
9.624430871444807053e+03
8.412384533465812638e+03
9.411690015068334105e+03
9.574492967553112976e+03
9.508902119659789605e+03
8.786527317073452650e+03
8.752573706563023734e+03
9.391093617904127314e+03
9.196493573655774526e+03
9.208353304551254041e+03
9.538460546271671774e+03
9.322134530381155855e+03
9.490761792607851021e+03
9.410601824158176896e+03
9.437293165986715394e+03
9.607076578490894462e+03
9.493090412704859773e+03
8.832543855103132955e+03
8.850517662399599431e+03
9.460791933904447433e+03
9.001744903611537666e+03
9.539944776514297700e+03
8.851317741942804787e+03
9.009223972445215622e+03
8.873023649068454688e+03
8.723529337307933019e+03
9.248536950417075786e+03
9.427673757195701910e+03
8.984403506897886473e+03
8.889798320006517315e+03
9.158209218879783293e+03
9.187907475767897267e+03
9.083254844683997362e+03
9.120227863303969571e+03
9.540090912060528353e+03
8.740067561311263489e+03
9.612187787251317786e+03
9.626392723929609929e+03
9.386471926616522978e+03
9.398904863378902519e+03
9.110680082287606638e+03
9.367497138380353135e+03
9.020380695528732758e+03
9.405782256538972433e+03
9.208830230630494043e+03
8.954601663375999124e+03
8.978335793098391150e+03
8.724675055643052474e+03
9.332805501089567770e+03
9.542051544396526879e+03
8.995238635044357579e+03
9.120471117006345594e+03
9.635321082235273934e+03
8.873148822406787076e+03
8.341457318845301415e+03
9.341893496155205867e+03
7.748005612850329271e+03
9.399110776927607731e+03
8.473601717940309754e+03
9.430551652434913194e+03
8.580307559881213820e+03
9.555849054825028361e+03
9.225837130130754304e+03
8.482505118894543557e+03
9.306339388572978351e+03
8.200305779966281989e+03
9.212202397124447089e+03
9.499568042185224840e+03
8.302233979599113809e+03
9.476409750924343825e+03
8.920657080276561828e+03
8.911261837862090033e+03
9.466969088899468261e+03
9.519184190885047428e+03
8.888725529430936149e+03
8.253782800554050482e+03
9.244374703153578594e+03
9.288817110020539985e+03
9.131438124895106739e+03
8.656119193980683121e+03
9.526211221122439383e+03
9.492914953478986718e+03
9.211492961054511397e+03
9.472593019362457198e+03
9.463989650898753098e+03
9.142346141387552052e+03
9.211762174303416032e+03
9.128189231791622660e+03
9.181837904337553482e+03
9.475619146370299859e+03
9.151747363556720302e+03
9.604846619321344406e+03
8.869134288918015955e+03
9.610193901979306247e+03
8.849129658956466301e+03
8.718351914504370143e+03
9.468340946401989640e+03
9.584107105883857002e+03
9.295357227757784131e+03
8.561520643787585868e+03
9.592374358855779064e+03
9.129035931045773395e+03
8.564580955686547895e+03
9.502862223249354429e+03
8.909503670796733786e+03
9.198039574848426128e+03
9.501779458525430528e+03
9.616532347718826713e+03
9.424502939760310255e+03
9.398526587720989482e+03
8.935242938381266868e+03
8.441710604352832888e+03
8.864290314108919119e+03
9.358505800180893857e+03
9.644018186135981523e+03
9.370597460691578817e+03
7.770595499012026266e+03
9.013437478998155711e+03
9.251041547810124030e+03
9.553516427258149633e+03
8.934051806100296744e+03
9.587980690562104428e+03
9.513980957419980768e+03
8.559858053424675745e+03
9.156384773518413567e+03
8.805282552642060182e+03
9.530851851709543553e+03
9.584660367922373553e+03
9.182312867308912246e+03
8.298182231930859416e+03
9.208244312168229953e+03
8.743782029967205744e+03
9.437019116914976621e+03
9.377106141331110848e+03
9.050425846308575274e+03
9.022790553925602580e+03
9.482187563894753112e+03
8.292774560649546402e+03
8.878495957209721382e+03
9.124807474669214571e+03
9.129091354934380433e+03
8.906888105980309774e+03
9.149816577018198586e+03
9.612149519155107555e+03
8.292780639432428870e+03
9.511417556585605780e+03
9.521945924171053775e+03
9.028859922705783902e+03
8.677943575950504965e+03
8.540210561345060341e+03
8.989952690340758636e+03
9.201056234913994558e+03
9.319437803053806419e+03
8.766500875440462551e+03
9.373346629272251448e+03
8.524236738516028709e+03
9.498932803233063169e+03
8.805214040421025857e+03
9.119413709743566869e+03
9.130001370627927827e+03
8.070930955630557946e+03
8.612449400911227713e+03
9.241956358541112422e+03
9.484471976208746128e+03
8.954647160232099850e+03
8.525155669597517772e+03
9.606394164924422512e+03
8.274038405520519518e+03
9.153396814963623910e+03
8.739016611595319773e+03
9.168513525000773370e+03
8.959570072579888802e+03
9.536084270055089291e+03
8.123249582995029414e+03
9.591667748670191941e+03
9.265692338488814130e+03
8.373673998107517036e+03
8.509960184255329295e+03
9.460326253411330981e+03
9.442703770432750389e+03
9.282529733103441686e+03
9.425838063529266947e+03
9.251967779321885246e+03
9.401957747039545211e+03
8.982201310862146784e+03
9.389016493737693963e+03
8.554876592284348590e+03
9.268661528030832415e+03
9.005782566490688623e+03
9.182312867308912246e+03
9.427750988613152003e+03
8.953349309881567024e+03
8.799028820246858231e+03
9.264162012648899690e+03
8.823400031588387719e+03
9.395018992890763911e+03
8.173404633944444868e+03
9.624860469026378269e+03
8.934051806100296744e+03
9.622062820539602399e+03
8.599251137442208346e+03
9.490647261844627792e+03
9.468230086025629134e+03
9.055348462928915978e+03
9.116648767863349349e+03
7.640132293946733625e+03
9.312094716820456597e+03
9.184231011257244973e+03
7.779585759606263309e+03
9.516727317129048970e+03
9.457244146304710739e+03
9.284505197707869229e+03
9.634383895388316887e+03
9.323502454151912389e+03
9.626211727831339886e+03
9.584464776217329927e+03
9.340823185526342058e+03
8.964645158729017567e+03
8.720503799860676736e+03
9.289655425527867919e+03
9.494708044758415781e+03
9.058557629759336123e+03
9.300551868667345843e+03
9.101366696550338020e+03
8.868157650892124366e+03
8.957768109006681698e+03
7.960327841624139182e+03
9.439981534010130417e+03
8.406422784136919290e+03
8.677955030537737912e+03
9.562704462359226454e+03
9.579472498339100639e+03
8.858510812433705723e+03
9.163831009853420255e+03
8.661180906549860083e+03
9.198078765218881017e+03
8.907927825556740572e+03
9.499447725505633571e+03
9.397569592092704625e+03
9.605443334672749188e+03
8.591315668524001012e+03
9.147620881656077472e+03
9.058589123215238942e+03
9.471561329439760812e+03
9.106213915803047712e+03
8.420451701853124177e+03
9.053170352007244219e+03
8.838300953361709617e+03
8.344327499728904513e+03
9.135774636907483000e+03
8.540273534037321951e+03
9.315501375886145979e+03
9.543284071978090651e+03
8.464961758195517177e+03
8.254391077047665021e+03
8.558086664580059733e+03
8.730113902519740805e+03
8.965131587537076484e+03
9.175395044073004101e+03
8.083049644361947685e+03
7.990570036725517639e+03
9.639674005929691702e+03
9.035047907676884279e+03
9.054961059133574963e+03
9.303332170460538691e+03
9.592604495705552836e+03
7.861413754543131290e+03
9.301937543418616769e+03
9.482187563894753112e+03
8.392996819695792510e+03
9.376240478576051828e+03
7.121995601865372009e+03
8.566895025321882713e+03
9.618922245950287106e+03
9.597322693063257248e+03
9.232928650797177397e+03
9.565760890990810367e+03
9.130013301804287039e+03
8.640691235252226761e+03
9.535211204965842626e+03
9.529886951499916904e+03
8.674638820310932715e+03
9.326099526973386673e+03
9.506489217665464821e+03
9.433344587556595798e+03
9.009260038601552878e+03
8.712327234551223228e+03
8.478424311347724142e+03
9.146287329228502131e+03
9.096468337986520055e+03
9.576640703529144957e+03
9.600470448469910480e+03
9.440296724710598937e+03
8.525113270690602803e+03
9.515715021344010893e+03
8.458132927593505883e+03
9.366407838136623468e+03
8.269371188463512226e+03
8.229813240620795114e+03
8.416546017567095987e+03
8.281436967701960384e+03
9.337179589399998804e+03
8.935187547766134230e+03
9.380283371643492501e+03
9.468291143742202621e+03
8.616414172590266389e+03
9.090267841969769506e+03
9.227448834599947077e+03
9.280325925782653940e+03
9.597026119504616872e+03
9.173263361800889470e+03
9.436569628679437301e+03
9.520273316097751376e+03
9.128681924275701022e+03
9.396868646954342694e+03
9.546107515490870355e+03
9.561873786286654649e+03
8.622307177676757419e+03
8.488795129326528695e+03
9.312959889482530343e+03
9.501270584611564118e+03
9.269927729779643414e+03
7.636855871061867219e+03
9.036910663233880769e+03
9.395970860095347234e+03
9.370011363239407729e+03
9.449736728292979024e+03
9.352823702546633285e+03
9.583419199785563251e+03
8.805856910945041818e+03
8.131502023373135671e+03
9.555849054825028361e+03
9.182467499251430127e+03
9.597845136044483297e+03
9.445608392176909547e+03
8.838300953361709617e+03
9.048221788881892280e+03
9.430634741620840941e+03
9.590843580525397556e+03
8.238388218317550127e+03
9.567206929017520451e+03
9.621583597946571899e+03
9.532734494396765513e+03
8.646485527916513092e+03
9.509847053498971945e+03
9.519514965769420087e+03
9.299430416940274881e+03
8.937655639255079222e+03
8.555354145746903669e+03
7.353665821834110830e+03
9.437284491316726417e+03
9.420024212366573920e+03
8.261447679356951994e+03
9.363353858057962498e+03
8.375330455398481718e+03
9.317678758286579978e+03
8.385240146622489192e+03
7.895040367744623836e+03
9.558407668030889909e+03
8.802867128440582746e+03
8.063731649980710245e+03
8.391209899397248591e+03
8.519476521846165269e+03
9.033836809166561579e+03
9.034123636315787735e+03
9.604429344435720850e+03
9.265692338488814130e+03
9.370699379835758009e+03
8.950230833745354175e+03
9.390786827884998274e+03
8.803040605447768030e+03
8.398729212671434652e+03
8.522423143841608180e+03
9.568765479193280044e+03
9.461359673097613268e+03
8.728633348683888471e+03
9.485047173921258945e+03
8.618720798249298241e+03
9.074249590685938529e+03
9.535397864300368383e+03
9.624417486766466027e+03
9.192882934551518701e+03
9.036956667687354638e+03
9.094217066609480753e+03
8.674514133137396129e+03
9.181361222734587500e+03
9.454990153142365671e+03
8.368795110176288290e+03
9.368409851126740250e+03
9.600470448469910480e+03
9.337280736666190933e+03
9.008496847888513003e+03
9.422515574578224914e+03
9.599852680244395742e+03
8.213405900482979632e+03
9.487886657316621495e+03
8.639481499285804603e+03
9.509197631820105016e+03
8.363848265581556916e+03
9.057909825144608476e+03
9.227634942294760549e+03
9.194114982040600808e+03
9.558995284155989793e+03
9.597082902997079145e+03
9.220118365591624752e+03
9.076072406306655466e+03
8.964718808902682213e+03
9.375828379498540016e+03
8.392996819695792510e+03
8.742857037244015373e+03
9.478153402808024111e+03
9.584554197913148528e+03
8.195542998609083952e+03
9.608748499362221992e+03
8.614837288769045699e+03
9.317678758286579978e+03
9.629192427382800815e+03
8.965269108385042273e+03
8.894832312385215118e+03
9.602780872627507051e+03
9.024820276153728628e+03
8.809712319528623993e+03
9.422141796505657112e+03
8.167945780715152068e+03
9.350479886908353365e+03
9.118896940698174149e+03
9.349375587300606639e+03
9.591438979924709201e+03
9.509649423566981568e+03
8.877058416808389666e+03
9.447024851181564372e+03
8.923117486590852423e+03
9.177976940530206775e+03
8.481886570856131584e+03
8.644901444484978128e+03
8.118809472162860402e+03
9.641123381820350914e+03
9.472242354432088177e+03
8.919829655084780825e+03
8.796182467422255286e+03
9.402133293022678117e+03
8.569060229732032894e+03
8.793919323119207547e+03
9.082954323600675707e+03
8.901855014792658039e+03
8.467370747377597581e+03
7.559531403220358698e+03
8.932758976710023489e+03
9.334149344905994440e+03
9.408016021921093852e+03
9.119950366916364146e+03
9.001627363808065638e+03
8.098062992128141559e+03
9.620419517603424538e+03
9.252725576293400081e+03
9.129681497171935916e+03
9.057996294767159270e+03
9.395472543405769102e+03
9.330020423101026608e+03
9.318868096375264940e+03
8.687575187417496636e+03
9.077605758094076009e+03
8.683804887490125111e+03
8.453346181436545521e+03
9.611780161068396410e+03
8.316607080818077520e+03
8.976752899523076849e+03
9.556001942310804225e+03
9.637670064608930261e+03
9.113330463739499464e+03
8.623343679633146166e+03
9.619802883344937072e+03
9.165363501862950216e+03
9.216485271916586498e+03
7.989196983157728027e+03
8.373419710081061567e+03
9.269233409338761703e+03
9.370729441005001718e+03
9.490746301843311812e+03
8.510817492537862563e+03
9.231317597675060824e+03
9.329126243654018253e+03
9.518243645834811105e+03
9.203210607416511266e+03
8.966536768639665752e+03
8.763244616666843285e+03
8.974620288603880908e+03
9.489179210886260989e+03
8.418713607118199434e+03
9.046039904281085910e+03
7.652114776598441495e+03
9.469934807633631863e+03
9.626739001019450370e+03
9.204538304139656248e+03
8.939795433820234393e+03
9.188403419848009435e+03
9.576354037544275343e+03
8.584348631411141469e+03
9.423134215817251970e+03
8.298760631889859724e+03
9.604837987016486295e+03
9.626074129661417828e+03
9.478428881911959252e+03
9.604740406021453964e+03
9.334984269354790740e+03
9.615561831954375521e+03
9.421686879615095677e+03
9.522610906456724479e+03
8.693495362783138262e+03
7.789620174681130266e+03
9.357361853341428287e+03
8.734311485668515161e+03
9.205344313948755371e+03
9.199335226296974724e+03
9.361412619406133672e+03
8.973740760753506038e+03
8.843937288662840729e+03
8.985821914144613402e+03
7.525926435809104078e+03
9.286613249081736285e+03
9.034588796234311303e+03
9.449801254380719911e+03
9.480389998981887402e+03
9.624786490005770247e+03
9.385746467211243726e+03
9.145787646207376383e+03
9.456096444339624213e+03
9.495286424741867449e+03
9.343942976242104123e+03
8.031518229629301459e+03
9.627462286506830424e+03
8.614837288769045699e+03
9.351281878078305454e+03
7.980646213000975877e+03
8.396341897213798802e+03
9.460505567888414589e+03
9.269232703050300188e+03
9.513387944223948580e+03
9.324802241576142478e+03
9.223230670548764465e+03
9.588113788144333739e+03
9.467923810904321726e+03
9.473604709579300106e+03
9.409224257377958565e+03
9.274691684710265690e+03
9.281888446892102365e+03
9.352401152560007176e+03
9.442360343948963418e+03
8.969027964889077339e+03
9.639683268215036151e+03
9.129907633585669828e+03
9.175358344446238334e+03
9.065794190974633239e+03
8.971153304302632023e+03
9.590126981836892810e+03
8.344899614699143058e+03
9.262676364947521506e+03
8.979062246960143966e+03
9.508580561607985146e+03
8.773828442259331496e+03
9.542891877751180800e+03
8.036453845036455277e+03
9.401061669916760366e+03
9.409616228480928839e+03
9.101658420148585719e+03
9.383760342169034629e+03
9.582580708206469353e+03
9.424481365018426004e+03
7.552421920755232350e+03
7.386377710876468882e+03
8.319505960317641438e+03
9.507041284810853540e+03
7.742542498744942350e+03
9.616090959006560297e+03
9.641520532132260996e+03
9.624157898897308769e+03
9.466703817850848282e+03
9.248549722530020517e+03
9.061151448534308656e+03
8.299836424427216116e+03
8.366162597481663397e+03
8.845753839570290438e+03
8.901982682165795268e+03
9.603518897022426245e+03
9.360272464926110842e+03
9.340670782963243255e+03
8.501031220939235936e+03
8.389866049487067357e+03
9.034179807615726531e+03
9.299297440306610952e+03
9.050432566719733586e+03
9.643994857064275493e+03
8.864375373066401153e+03
9.177404694389217184e+03
8.207231996484262709e+03
8.728974864575309766e+03
9.623847201294418483e+03
9.578718397726110197e+03
8.835136242878934354e+03
9.523059276903864884e+03
8.592480081504636473e+03
9.548445776926586404e+03
8.994970306482564411e+03
9.471989400209749874e+03
9.594005249608810118e+03
9.532090427257857300e+03
9.139298041959193142e+03
8.894832312385215118e+03
8.874089810984329233e+03
7.634020749257968419e+03
9.603199772508036403e+03
9.606625761608604080e+03
9.364669568066070497e+03
9.569163824052469863e+03
8.623270081029844732e+03
8.135108704077227230e+03
9.639352511045617575e+03
8.592828440368532029e+03
8.866251451601761801e+03
8.623343679633146166e+03
9.115440907868462091e+03
9.617483837044150278e+03
9.298726648769797976e+03
9.503373754381944309e+03
9.229514761092312256e+03
9.409684635587367666e+03
9.466758308698652399e+03
8.964775218584592949e+03
9.113011601377764237e+03
9.338472263728868711e+03
9.461614215436218728e+03
9.023316484345876233e+03
9.261750035927259887e+03
8.455391560327323532e+03
9.138729974511854380e+03
9.103053084080198460e+03
9.606226203585494659e+03
9.039922959410630938e+03
9.564460716451512781e+03
9.212629735602293295e+03
9.351572960935060109e+03
9.425838063529266947e+03
8.410081287671589962e+03
9.453301316676877832e+03
9.598842203522417549e+03
9.443480821270357410e+03
9.420621839619099774e+03
9.515715046370178243e+03
8.681168706747124816e+03
9.559998723205892020e+03
8.774469750246460535e+03
9.382370456501084846e+03
8.697373833606387052e+03
9.607184250164977129e+03
9.614747780420468189e+03
9.624608738481965702e+03
8.404462789831673945e+03
9.562572592351099956e+03
9.170779700386985496e+03
9.324198215136762883e+03
9.120538308631617838e+03
9.295575671872949897e+03
9.260423702507736380e+03
8.873148822406787076e+03
8.365219012016323177e+03
9.310041914801178791e+03
9.385855411161186566e+03
9.433006589796683329e+03
9.545063253065341996e+03
9.319017885733916046e+03
9.249080289311281376e+03
9.507863836211812668e+03
8.620001363402278002e+03
8.881808624555082133e+03
9.391678812044803635e+03
9.192557498902720909e+03
8.531404535913488871e+03
9.391366783495115669e+03
9.538217871930897672e+03
9.386378336794286952e+03
8.415401306706538890e+03
9.392509583577497324e+03
9.069387402611515427e+03
9.020733245749470370e+03
8.418301403137451416e+03
8.363276495272722968e+03
9.128337984593996225e+03
9.294973475344611870e+03
9.583204264881253039e+03
8.711475028599958023e+03
9.588740955159739315e+03
9.246817432146059218e+03
8.819915059620843749e+03
8.317762490439536123e+03
8.950839609927763377e+03
9.439451636374091322e+03
8.804518761168423225e+03
9.252019045805065616e+03
9.535954952470332501e+03
9.388414283693349716e+03
8.766870137633515697e+03
9.628902045634305978e+03
9.209027739733137423e+03
8.780816776972780644e+03
8.985493160346775767e+03
9.532254369714748464e+03
9.032532181449354539e+03
9.282107177354169835e+03
8.909525559911009623e+03
9.050988432540967551e+03
9.540950788263944560e+03
9.351572960935060109e+03
9.496468299951304289e+03
9.578803502605245740e+03
8.974093350539696985e+03
9.562306291647299076e+03
9.504145465858715397e+03
9.388414283693349716e+03
8.899101617821583204e+03
8.994150444704573601e+03
9.544617061049397307e+03
8.755397287032576060e+03
7.982317042093280179e+03
8.307509095983248699e+03
8.540413077206201706e+03
9.414649707797952942e+03
9.340670782963243255e+03
9.145776566696091322e+03
9.130013301804287039e+03
9.619378638901853265e+03
9.188397113503391665e+03
8.948371981634969416e+03
9.595783736494591722e+03
8.900487613787077862e+03
9.580394509907275278e+03
9.228791992220303655e+03
9.289744367049988796e+03
9.214214556693557824e+03
9.469934807633631863e+03
8.784450213533571514e+03
9.510927099139902566e+03
9.308119133199310454e+03
8.608289623028249480e+03
9.397029149020283512e+03
9.527043197754512221e+03
9.270572897387353805e+03
7.181349080044625225e+03
9.414035235727802501e+03
9.299642094301510951e+03
9.210693885287415469e+03
8.470612383103103639e+03
8.774721061023963557e+03
8.837033024259311787e+03
9.272449663148969194e+03
9.267015183964367679e+03
9.186347833629444722e+03
9.243263731583358094e+03
8.545719184408571891e+03
9.638355821245620973e+03
9.469484467899997981e+03
8.691534431777574355e+03
8.728588420835230863e+03
9.395790576527071607e+03
9.173702733313000863e+03
8.340192010693528573e+03
9.420163549398803298e+03
8.257030993290100014e+03
8.828771269975259202e+03
9.012280230467757065e+03
9.012121480236102798e+03
9.405904856635190299e+03
8.877926800598397676e+03
8.936336722165759056e+03
9.491686747380434099e+03
8.408651161418860283e+03
8.902767314977103524e+03
9.575780325266176078e+03
9.184783280857942373e+03
8.524099574727846630e+03
9.527081513750365048e+03
9.462875842059169372e+03
9.472896989168673826e+03
9.448048387822564109e+03
9.025601522358923830e+03
9.310877267164647492e+03
9.619713757338107825e+03
9.252019045805065616e+03
9.123235392075988784e+03
8.594033365414157743e+03
8.696649658775406351e+03
8.984528251161327717e+03
9.068788713511041351e+03
9.513773700117899352e+03
9.303252975681321914e+03
9.481079835161843221e+03
9.267127695505896554e+03
9.352869806406775751e+03
9.567971182054960082e+03
9.492770155959660769e+03
9.351581982415729726e+03
9.422897461107588242e+03
8.975366714339135797e+03
7.680337464237274617e+03
9.449801254380719911e+03
9.434634426576625629e+03
9.103053084080198460e+03
9.576154019395702562e+03
8.547367104581298918e+03
9.619090811599180597e+03
9.006558192127629809e+03
8.049576428343699263e+03
8.253459305833159306e+03
9.568906145392895269e+03
9.367635035275205155e+03
9.416071251404315262e+03
9.404376309571649472e+03
9.343721785430720047e+03
9.346188641405082308e+03
8.367781840060786635e+03
9.284770265157680114e+03
8.871923731391103502e+03
8.178092104606348585e+03
9.262859602424592595e+03
9.175548811834019943e+03
9.284647145879993332e+03
8.974387391629774356e+03
9.498573555961171223e+03
8.869134288918015955e+03
8.641466692519908975e+03
8.516300735447832267e+03
8.314024615121992611e+03
8.387792130839206948e+03
9.223074101578142290e+03
9.239058776579258847e+03
8.330699106373478571e+03
8.713635827768965100e+03
9.282060476253664092e+03
9.296196607046796998e+03
9.393766516824554856e+03
9.164301051454875051e+03
8.728304335374939910e+03
9.157647099391047959e+03
9.548443935828563554e+03
9.403253778736978347e+03
8.664009260014190659e+03
