8.297080263211737474e+03
8.051849315377645325e+03
8.796513808412051731e+03
8.644639144367118206e+03
7.931521680073399693e+03
8.517927433461680266e+03
8.407535538828848075e+03
8.458121608001900313e+03
8.689022542534015884e+03
8.541343427546766179e+03
7.165150984192217948e+03
8.071847103294308909e+03
8.311861342480638996e+03
8.709155146043558489e+03
8.631641809398444821e+03
8.816096499142655375e+03
8.716472110349261129e+03
8.789043229297807557e+03
8.080579780733214648e+03
8.043118488748483287e+03
8.749026360102625404e+03
8.565164759327093634e+03
8.114888816492910337e+03
8.668106937644752179e+03
8.541059101072143676e+03
8.743688613688176702e+03
8.634973392765134122e+03
8.379712747775087337e+03
8.315328500428087864e+03
8.254877967003147205e+03
8.028820847513567060e+03
8.181638482724444657e+03
8.517167296009376514e+03
8.558727778739634232e+03
7.961139906166712535e+03
8.791002381891517871e+03
7.836638935504299297e+03
8.185524430999718788e+03
8.592091342402954979e+03
8.728109032516655134e+03
7.984580884033395705e+03
8.480160169121047147e+03
8.577084422394393187e+03
8.665809451691482536e+03
8.792331980702927467e+03
8.712634091201947740e+03
8.580382049435949739e+03
8.122134301333768235e+03
7.464343110862000685e+03
8.362467831369178384e+03
8.393910328966714587e+03
8.689022145244643980e+03
8.648387478496340918e+03
8.377089306869458596e+03
7.520278273834179345e+03
8.726519687776873980e+03
8.278265887120578554e+03
8.214426236600269476e+03
8.792897956733051615e+03
8.703708500794815336e+03
8.610948990952185341e+03
7.925294829727745309e+03
8.424666851902675262e+03
8.611565886903976207e+03
8.050761476310448415e+03
8.361024545745998694e+03
8.059997486419157212e+03
7.885350947783870652e+03
8.819187485794256645e+03
8.221467046299665526e+03
8.675588085786168449e+03
7.621841357741295724e+03
8.631514467324232101e+03
8.827106904437940102e+03
8.718222995192425515e+03
8.225773132989643273e+03
8.640347188548274062e+03
7.555190401492640376e+03
8.811654158101118810e+03
8.651785879294242477e+03
8.778553109287002371e+03
7.998699242967149985e+03
7.760982493011695624e+03
8.706549880039583513e+03
8.528681297237129911e+03
8.823640068955573952e+03
8.390176537543135055e+03
8.642369703495478461e+03
8.784925713520446152e+03
8.385160105438420942e+03
8.435037380556808785e+03
7.203734224441490369e+03
7.956884834885112468e+03
8.756605994064047991e+03
8.521963847035043727e+03
8.644171732937596971e+03
8.156965380005947736e+03
8.792219598014031362e+03
8.821202678509973339e+03
8.253899503296092007e+03
8.812985417150386638e+03
8.740867779002226598e+03
8.694761815728807051e+03
8.613416650012904938e+03
8.231456917302792135e+03
8.392783280003004620e+03
8.697655044500323129e+03
8.788041315002385090e+03
8.299892707849277940e+03
8.670709863637041053e+03
8.345449660211765149e+03
8.609348555550450328e+03
8.715557759878294746e+03
8.801088554875626869e+03
8.536545769104463034e+03
7.795570265631371512e+03
8.046599548610009151e+03
7.958978298653362799e+03
8.085379926420730044e+03
8.569827630808242247e+03
7.643034188665082183e+03
8.141250347738396158e+03
7.947025332034876556e+03
8.081765537914498054e+03
8.745162401011533802e+03
8.163781071554388291e+03
8.809677419374082092e+03
8.372426627282851769e+03
8.345679142034659890e+03
8.525327845814656030e+03
8.713486473198749081e+03
7.846793535325376070e+03
8.324676255360978757e+03
8.411716558868578431e+03
8.603472113526497196e+03
8.756780273182495876e+03
8.410542987797583919e+03
8.670251174204040581e+03
8.684400415648628041e+03
8.755829527583684467e+03
8.784962953878090048e+03
7.943093105593139626e+03
7.947439224371220917e+03
8.307734415196999180e+03
8.452694998586568545e+03
8.642369703495478461e+03
8.517929447034839541e+03
8.085109838618339381e+03
8.812758333260455402e+03
7.664112148844405056e+03
8.650360546882673589e+03
8.816046816021831546e+03
8.197013421569727143e+03
8.740433670034617535e+03
8.385524286981974001e+03
8.649850764732165771e+03
7.368052966137885960e+03
8.737554167499922187e+03
7.839444851980573731e+03
8.715865733217618981e+03
8.766346089737333386e+03
8.330857374821356643e+03
8.725779192333446190e+03
8.010091305203899537e+03
8.784281733225829157e+03
8.349919957001757211e+03
8.503964309634779056e+03
8.417135865889282286e+03
8.099421248815278886e+03
8.808989357130403732e+03
7.766096695744941826e+03
7.762284005564912150e+03
8.454346135710260569e+03
7.297939971173031154e+03
8.786376383320903187e+03
8.705893481803184841e+03
8.635127583050689282e+03
8.792449388592787727e+03
8.052580139092595346e+03
8.217661062996552573e+03
8.263659625619544386e+03
8.819196341354207107e+03
7.026163897553445167e+03
8.479541491366228001e+03
7.672635765779616122e+03
8.295885500395646886e+03
8.283484483492109575e+03
8.632793489031429999e+03
8.181098319470942442e+03
8.485589138119819836e+03
7.691216765603423482e+03
8.503772222423785934e+03
8.725575731931385235e+03
7.719953774576972137e+03
8.525737451864717514e+03
7.329553144844157941e+03
8.532381478097209765e+03
8.783205231309551891e+03
8.016544120474087322e+03
8.239077820779160902e+03
8.514519055446555285e+03
8.698496259603021826e+03
8.730838340578507996e+03
8.548401691714008848e+03
8.628450630418466972e+03
8.649646310091537089e+03
8.742181488124791940e+03
8.522284615879543708e+03
8.728331076998783828e+03
8.183954761390258682e+03
8.423725930030175732e+03
8.825180699085976812e+03
7.743153033700363267e+03
8.419375104857706901e+03
8.323150170009501380e+03
8.656888894720274038e+03
8.530389334733352371e+03
8.394448100788609736e+03
8.720326153031583090e+03
7.882686116186136132e+03
8.603037260999588398e+03
8.537342876246897504e+03
8.412491745318824542e+03
8.384092749122128225e+03
7.953039776581028491e+03
8.682510132110830455e+03
8.306964201911563578e+03
8.572139321669890705e+03
7.797465973329206463e+03
8.789525593169819331e+03
8.119950609119508044e+03
8.710530305691971080e+03
8.407406182927979899e+03
8.687434944118151179e+03
8.806083237536102388e+03
8.813913895403806237e+03
8.804934182553641222e+03
7.718692069783897750e+03
8.812591777746132720e+03
8.651562974270013001e+03
8.201822032156533169e+03
8.631309253172323224e+03
8.777231648469018182e+03
8.713376011773141727e+03
8.475397289327898761e+03
8.290132668715938053e+03
8.797289909766102937e+03
8.135730618460260303e+03
8.117126606259083019e+03
8.772205360399713754e+03
8.392080956034669725e+03
8.257331139614512722e+03
8.213979771251208149e+03
8.321328181950417274e+03
7.383704215232937713e+03
7.895440607322218966e+03
8.825882897142946604e+03
5.501745716580413500e+03
8.273963836079650719e+03
8.690991335491184145e+03
8.019966535224874860e+03
8.492732346594340925e+03
7.911093620761056627e+03
8.315483950557276330e+03
8.369003439380145210e+03
8.246619361843946535e+03
8.669475092920672978e+03
8.099659303549184187e+03
6.999795182253029452e+03
7.797465973329206463e+03
8.213462306282621284e+03
7.402125500639357597e+03
7.778626257607924344e+03
8.435078956078108604e+03
8.824524913855726481e+03
7.118302629112351497e+03
8.562258755392043895e+03
8.272101059208524021e+03
8.670878906201993232e+03
8.114888816492910337e+03
8.470438220733441995e+03
8.232802592775078665e+03
8.292152222442344282e+03
8.522920828381891624e+03
8.260097811973628268e+03
8.570459267250171251e+03
8.663763888457773646e+03
8.717067287019741343e+03
7.787668816603523737e+03
8.025512910071569422e+03
8.295636569641803362e+03
8.405637673336559601e+03
8.614249412386936456e+03
8.487837880190050782e+03
7.302181193504728981e+03
8.345448103041204376e+03
8.605709908005470425e+03
8.068587939987057325e+03
8.376714634189849676e+03
8.543481215805139072e+03
8.728242109274706308e+03
8.396495833298238722e+03
7.978751228687931871e+03
8.707221048221716046e+03
8.119759032868484610e+03
7.980819185355396257e+03
8.613361523626494090e+03
8.406294395360029739e+03
8.815955614093483746e+03
8.273636329250883136e+03
8.821454901015600626e+03
8.199038483969598019e+03
8.825805619728160309e+03
8.359748009935907248e+03
8.011715442641945629e+03
8.265893692370438657e+03
8.146866966348231472e+03
8.383711805112110596e+03
8.627983355428605137e+03
8.399961214844479400e+03
7.515897372285965503e+03
8.199038483969598019e+03
8.223570891175064389e+03
7.605620795553559219e+03
8.286003987731332018e+03
8.723636936981500185e+03
8.657933359620235933e+03
8.610556467625741789e+03
8.374970721310985027e+03
8.635956435842563224e+03
7.339634532221154586e+03
8.212783183660545546e+03
8.396495833298238722e+03
8.283502776371346044e+03
8.639135079452984428e+03
8.196920307622960536e+03
8.789634972247897167e+03
8.180335426527777599e+03
7.786054389896460634e+03
8.697413433183961388e+03
7.788635215121303190e+03
8.326417402041632158e+03
8.739503387583990843e+03
8.140618573997242493e+03
8.784614383512616769e+03
8.282010923353169346e+03
8.615876294503810641e+03
8.746169536732959386e+03
8.481754651591549191e+03
8.238114141965892486e+03
8.688960034534238730e+03
8.804248372581510921e+03
7.895001102108471059e+03
8.605106994985540950e+03
8.708607749823204358e+03
8.412643016455940597e+03
7.882913468542106784e+03
8.100893803566512361e+03
8.447313920084863639e+03
8.676242162202657710e+03
8.474742882340677170e+03
8.502434057092103103e+03
8.415535414487336311e+03
8.428087981698916337e+03
8.691912488787842449e+03
8.821669208021095983e+03
8.351572676786292504e+03
8.372426627282851769e+03
8.608148643655727938e+03
7.711475433841978884e+03
8.286977965429588949e+03
8.001367697881161803e+03
7.483149914665616961e+03
8.657003707844780365e+03
8.356483497808112588e+03
7.882065460552165860e+03
8.826996101738564903e+03
8.065481561597262044e+03
8.521561039348143822e+03
8.802933750411481014e+03
8.750817285962855749e+03
7.402125500639357597e+03
8.676197394919121507e+03
8.534666816392644250e+03
8.508744757810782176e+03
8.737332041499812476e+03
8.170432927251145884e+03
8.375071643418905296e+03
7.414470632170579847e+03
8.136823222311735663e+03
8.710891603813677648e+03
8.714615387970190568e+03
8.489804862759167008e+03
7.998120373131057022e+03
8.342455783308876562e+03
8.590320898559246416e+03
8.051364123922204271e+03
8.474452648063195738e+03
8.441696608264468523e+03
8.770568910558395146e+03
8.019826395364597374e+03
8.662052031711842574e+03
8.730346270408173950e+03
8.679342308067038175e+03
8.394598344468508003e+03
8.775452255010288354e+03
7.566578432714883093e+03
8.249184383593765233e+03
8.150331287854972288e+03
8.065481561597262044e+03
8.668861295912882269e+03
8.614556641155482794e+03
8.701917864475071838e+03
8.131584625238376248e+03
8.349110461048850993e+03
8.665609427861767472e+03
8.678595443011528914e+03
8.064350623435145280e+03
8.720579991072367193e+03
7.704181612915777805e+03
8.131779477671040695e+03
8.242687429089870420e+03
8.220112786140271055e+03
8.323444338539040473e+03
8.594841330467454100e+03
8.662006782443149859e+03
8.805013204727723860e+03
8.306097248211488477e+03
8.649959530154845197e+03
8.613181102900816768e+03
7.739013073743210043e+03
8.454330920806907670e+03
8.594841330467454100e+03
8.680134869159312075e+03
7.889006378741159097e+03
8.510853298209183777e+03
7.298958235751904795e+03
8.826478705676932805e+03
8.577237330168756671e+03
7.650988402691266856e+03
8.301173890509155171e+03
8.496980808649863320e+03
8.648095010754594114e+03
8.698206492478413566e+03
8.823640068955573952e+03
8.056501960367360880e+03
8.811250267414314294e+03
8.157931166388092606e+03
8.633538805012514786e+03
8.611570604547137918e+03
8.811685237580177272e+03
8.459756666447341559e+03
8.522417881442808721e+03
7.641119094433352984e+03
8.569313941734013497e+03
8.242115397510442563e+03
7.839444851980573731e+03
8.379233090639760121e+03
8.152465933219528779e+03
8.659702669461148616e+03
8.511089218731125584e+03
8.404603447002675239e+03
8.293774603971813121e+03
8.253390579803626679e+03
8.817190398171984270e+03
8.114116844328386833e+03
7.881522538973429619e+03
8.430449601478323530e+03
7.468774553808150813e+03
8.812124108605816218e+03
8.548233230353827821e+03
8.756030988429876743e+03
8.026268607787651490e+03
8.554159471911219953e+03
8.143813178399872413e+03
8.512053843975099880e+03
8.015471102555347898e+03
8.360192849700284569e+03
8.727827746155830027e+03
8.189870264740115999e+03
8.779155027621549380e+03
8.583696277164517596e+03
8.524395614607248717e+03
8.497869121745954544e+03
8.593258583577864556e+03
8.058934135150799193e+03
8.441517042570299964e+03
7.691839049812155281e+03
8.348127980493038194e+03
8.792897956733051615e+03
8.385095963523235696e+03
8.802186938481108882e+03
8.214274793392693027e+03
8.707872062649305008e+03
6.847950478324926735e+03
7.913242929295351132e+03
8.496261208453337531e+03
8.647312815519948344e+03
8.631858114811493579e+03
8.397247062584970990e+03
8.132202427415821148e+03
7.582206051423929239e+03
8.612079316875380755e+03
7.865517041274470103e+03
8.562258755392043895e+03
7.899867804541646365e+03
8.750291975866202847e+03
8.299581671684270987e+03
7.797465973329206463e+03
8.661621701867177762e+03
8.465081725603247833e+03
8.825211648331323886e+03
8.542710766433396202e+03
7.872400054726265807e+03
8.504335386082011610e+03
8.536294832285861048e+03
7.668289216238476911e+03
8.498981606220211688e+03
8.303243498038986218e+03
8.708800288589893171e+03
8.825997659435159221e+03
8.471781357142283014e+03
8.788981851345813993e+03
8.682350023646826230e+03
8.667736766346946752e+03
8.448668681396691682e+03
8.631101087789353187e+03
8.678607957525819074e+03
8.730034087077423465e+03
8.379190644062644424e+03
8.612969637979324034e+03
8.570760836341713002e+03
8.635764064348102693e+03
7.839896045758129731e+03
8.082184101594601998e+03
8.549361923976648541e+03
8.118451726162740670e+03
8.410571695772832754e+03
8.580382049435949739e+03
8.496315925859342315e+03
8.439437166848536435e+03
8.666762507217867096e+03
8.212689729955473013e+03
8.443021620651712510e+03
8.507088871687938081e+03
8.496711833953229871e+03
8.758344744205660390e+03
8.495912809672207004e+03
8.775578088429114359e+03
7.583493671286950303e+03
8.600037558763051493e+03
8.709869152325858522e+03
8.827180078571631384e+03
8.825211648331323886e+03
8.587189670573945477e+03
8.459140894040367129e+03
7.815661205908309967e+03
8.477460732609997649e+03
8.030249684230189814e+03
8.740879118804736208e+03
7.577472266730334013e+03
8.696731449019369393e+03
8.150390958522658366e+03
8.704423723829262599e+03
8.795544342417128064e+03
8.194190557464244193e+03
8.274269181468696843e+03
8.641581057375849923e+03
8.607967570626909946e+03
8.194861477858967191e+03
8.692125345521677446e+03
8.275130391236558353e+03
8.570760836341713002e+03
7.719953774576972137e+03
8.207852808100444236e+03
8.730958565660192107e+03
7.779166124569488602e+03
8.712519701565528521e+03
8.813789892788707220e+03
8.614222777956132632e+03
8.130464588450507108e+03
8.027948424627122222e+03
8.198116502491957363e+03
7.853226365243505825e+03
8.056501960367360880e+03
7.979640471849317692e+03
7.842505900816614485e+03
8.408580040689150337e+03
7.723172892395138661e+03
8.658950414088352773e+03
8.150128836562025754e+03
7.274895372937371576e+03
8.269232360403077109e+03
8.774689874746954956e+03
8.578234045506491384e+03
8.562877880597879994e+03
8.335094197243368399e+03
8.808683962160102965e+03
7.743001756723532708e+03
7.962119449510591949e+03
8.688290203839091191e+03
8.489318079627877523e+03
8.045661827277233897e+03
8.633142229065630090e+03
8.071847103294308909e+03
7.918936226601834278e+03
7.569050451856536711e+03
7.988192235870536024e+03
8.514320540342165259e+03
8.818681298354465980e+03
8.140091958493658240e+03
8.246682587343579144e+03
8.480894941411410400e+03
8.820879841228499572e+03
8.329910630521069834e+03
8.794719786418834701e+03
8.780560017117089956e+03
7.877602520336893576e+03
8.469250719801197192e+03
8.769722799744053191e+03
8.279514812832367170e+03
8.794558959498357581e+03
8.417337827855260912e+03
8.748245204326041858e+03
7.505669226815770344e+03
8.099142838631929408e+03
8.453682581527267757e+03
8.332697516229371104e+03
8.753039416020768840e+03
8.601466488121302973e+03
7.594183754887084433e+03
8.455353466029742776e+03
8.019707425191391849e+03
8.454204540364473360e+03
8.808263613389695820e+03
8.721790073749139992e+03
8.772288890263724170e+03
8.665809451691482536e+03
8.644645781062246897e+03
7.967506406701893866e+03
8.538031699025408670e+03
8.769947479369102439e+03
8.450548598125717035e+03
8.792564512316024775e+03
8.326703862862168535e+03
8.190287893438702667e+03
8.820589474134976626e+03
8.660038153551175128e+03
8.186685985461193923e+03
8.568395262389154595e+03
8.583696277164517596e+03
8.471998117587434535e+03
8.767563242833835830e+03
8.414837651186460789e+03
8.816248218843335053e+03
8.253321551463144715e+03
8.140618573997242493e+03
8.785558862481975666e+03
8.315466631910141587e+03
8.360399180659078411e+03
8.051849315377645325e+03
8.461250530536784936e+03
8.666706765247354269e+03
8.531008245739149061e+03
8.358264897708642820e+03
8.436694314893189585e+03
8.455881996289746894e+03
8.441148393665420372e+03
7.346628378357677320e+03
7.945346871634736999e+03
8.262778790613057936e+03
8.677169433434348321e+03
8.484602446891358341e+03
8.191679815318089823e+03
7.686170782961408804e+03
8.645958615331932378e+03
8.145719883745832703e+03
8.811784570214742416e+03
8.443272603142500884e+03
8.668597940369530988e+03
8.562083105006378901e+03
8.450428993576389985e+03
8.055256607019566218e+03
8.598619367856941608e+03
8.409032243220292003e+03
8.062533616144465668e+03
8.545829342060635099e+03
7.865385393868011306e+03
8.679942397494909528e+03
8.816851183524155203e+03
8.197675779721177605e+03
8.055639793506414208e+03
8.196920307622960536e+03
8.536294832285861048e+03
8.198557364685380890e+03
8.234694253298852345e+03
8.740785743808108236e+03
8.610640627200700692e+03
8.400327559505734826e+03
8.357453359141978581e+03
8.636813965513261792e+03
8.568773248959530974e+03
8.779730105320002622e+03
8.494223931243361221e+03
8.436089797360109515e+03
8.791303678724414567e+03
8.805013204727723860e+03
8.531347551073153227e+03
8.790915622572105349e+03
8.422841293622295780e+03
8.009612195896317644e+03
8.796392976047020056e+03
7.526458044886403513e+03
8.713805341180610412e+03
8.084584238306575571e+03
8.604059173816613111e+03
8.446044800875644796e+03
8.595430228256438568e+03
8.183150998522716691e+03
8.601123684699898149e+03
8.335124697402556194e+03
8.119620214364106687e+03
8.504339874136905564e+03
8.793582591074515221e+03
8.661842124856731971e+03
7.642566274337825234e+03
7.853946359502459927e+03
8.407969762682250803e+03
8.590540257029195345e+03
8.489366568843041023e+03
8.636810313529569612e+03
8.150234893302616001e+03
8.538338486272914452e+03
8.643915197194372013e+03
7.844652202973482417e+03
8.722986984574245071e+03
8.681160784315441560e+03
8.824129531509048320e+03
8.789519428394007264e+03
8.777661973620717617e+03
8.563476417415839023e+03
7.785893101289642800e+03
8.743934745233986177e+03
8.576652921345224968e+03
8.519699737567148986e+03
8.694644691520319611e+03
8.713843074946880733e+03
8.264015538756546448e+03
8.320320543027466556e+03
8.647112235168606276e+03
8.398999776270415168e+03
8.521290776449790428e+03
8.717089072928803944e+03
8.789770306799404352e+03
8.418890184372274234e+03
8.344466721451582998e+03
8.599971496891292190e+03
8.635104024389434926e+03
8.778963201884329465e+03
8.659353940631381192e+03
7.405814997734240023e+03
8.269232360403077109e+03
8.719825285742195774e+03
8.206460317598181064e+03
8.652682419831053267e+03
8.432576262865750323e+03
8.580382049435949739e+03
8.424267470854734711e+03
8.758445414116564280e+03
8.043210270008577936e+03
8.240022725886115950e+03
8.570711988626169841e+03
8.571063443893697695e+03
8.698179833250731463e+03
8.780241593030739750e+03
8.728192958320440084e+03
8.649909872791196904e+03
8.812124108605816218e+03
7.700760375928177382e+03
8.713615343204344754e+03
8.645685597111814786e+03
8.511089218731125584e+03
8.757830529474522336e+03
8.142913728137661565e+03
8.398030376465303561e+03
8.764283669618667773e+03
8.162439907496442174e+03
8.317606382320114790e+03
8.182881225037353943e+03
7.852035205342878726e+03
7.441751256247915080e+03
8.384696615952001594e+03
7.603113132080183277e+03
7.218735695876171121e+03
8.582657801230598125e+03
8.545542130804953558e+03
8.442448158037292160e+03
8.058206538622074731e+03
8.659340189383437973e+03
8.695933101073607759e+03
8.258942075821632898e+03
8.643123580110073817e+03
8.447772810992872110e+03
8.415535414487336311e+03
8.022352059355356687e+03
8.071931886553344157e+03
8.436089797360109515e+03
8.816248218843335053e+03
7.600894106136820483e+03
8.056501960367360880e+03
8.610285726039051951e+03
7.947025332034876556e+03
7.994380215509076152e+03
7.319636177505964042e+03
7.986791730389941222e+03
8.754548443145195051e+03
7.814160098669439321e+03
8.626092178062675885e+03
8.305597924810979748e+03
8.685427686109615024e+03
8.697262130136612541e+03
8.194892445088447857e+03
7.144000238177375650e+03
8.496562290186762766e+03
8.077911290167508923e+03
8.500220034974758164e+03
8.772676205489118729e+03
7.570015416083324453e+03
8.795383168146589014e+03
7.699143260123624714e+03
8.094637116253343265e+03
8.474743758137317855e+03
8.786601182407608576e+03
8.457823701445155166e+03
8.699350372908000281e+03
7.596424087976579358e+03
8.690096007289528643e+03
8.756605994064047991e+03
8.404528849418646132e+03
8.644645781062246897e+03
8.790299388296134566e+03
8.386109346490891767e+03
7.400913828039459986e+03
7.465647122930479782e+03
8.774077876190247480e+03
8.713676121473850799e+03
8.813598313947506540e+03
8.058396716532834034e+03
8.634169875341682200e+03
8.491803393670383230e+03
8.318466702072455519e+03
8.691797552013396853e+03
8.798826729567195798e+03
7.776836976604419760e+03
8.428200008586190961e+03
8.009809101356038809e+03
7.886206372492913033e+03
7.847647093124518506e+03
8.248679332394101948e+03
8.557228945163909884e+03
8.264862660157275968e+03
8.462240209562038217e+03
7.230494598039583252e+03
8.071683801036340810e+03
7.989027009119228751e+03
8.563611645198308906e+03
8.358577978354045626e+03
7.797465973329206463e+03
8.737688334126740301e+03
8.717029520208696340e+03
8.691912488787842449e+03
8.807483144038758837e+03
8.165041224236652852e+03
8.191503915314746337e+03
8.138616736042524280e+03
8.736845190530919353e+03
8.708616134556305042e+03
7.956615354017183563e+03
8.103693870576808877e+03
8.629484211336461158e+03
8.760340548660809873e+03
8.487862945759405193e+03
7.866038993190788460e+03
8.383991702914107009e+03
8.379605860682504499e+03
8.757116329348091313e+03
8.487837670754484861e+03
8.783231789303332334e+03
8.612704597713451221e+03
8.134741090473341501e+03
8.376265512546673563e+03
8.306530603232673457e+03
7.957914426878216545e+03
8.728084197141062759e+03
8.541298912791320618e+03
8.761770292951665397e+03
8.084852482691701880e+03
8.531166258516346716e+03
8.741337466438140837e+03
8.193050403668623403e+03
8.459581270700335153e+03
8.390743300036636356e+03
8.269154021165864833e+03
7.569050451856536711e+03
8.785335948222207662e+03
8.056501960367360880e+03
8.533621790322937159e+03
8.513794584773280803e+03
8.522357842916548179e+03
8.817469461866478014e+03
8.727021921908180957e+03
7.816093347709482259e+03
8.789345118256487694e+03
8.359826018885254598e+03
8.402492847583755065e+03
8.342075157517543630e+03
8.823270876768561720e+03
8.474471409719186340e+03
8.426689959422692482e+03
7.687983254168391795e+03
8.822352307767272578e+03
7.882836245419239276e+03
8.428360999319815164e+03
8.485463448042903110e+03
7.620692502577689083e+03
8.650707504063531815e+03
8.580374404261889140e+03
8.368207989856427957e+03
7.632270967643115000e+03
8.167852046762318423e+03
8.747919358649085552e+03
8.180240991788379688e+03
8.669400361465326569e+03
7.913497416483117377e+03
8.668125629478898190e+03
8.570459267250171251e+03
8.805325836232190341e+03
8.695962783603883508e+03
8.826357402653236932e+03
8.192767114654088800e+03
8.758446890534160048e+03
8.259286456567193454e+03
8.568600930129083281e+03
8.046145958424594028e+03
8.480077927285765327e+03
8.056501960367360880e+03
8.642369703495478461e+03
7.745844463203633495e+03
8.010407390688825217e+03
8.099659303549184187e+03
8.527990129113255534e+03
8.699127128861706296e+03
8.521848639260904747e+03
8.785785202058326831e+03
8.500535666425343152e+03
8.280777863693156178e+03
8.300613939697766909e+03
8.810332048948333977e+03
8.637305729654302922e+03
8.794946089641758590e+03
8.578211211157322396e+03
8.273334974822122604e+03
8.321236774942171905e+03
8.582301117094037181e+03
7.891349356422480923e+03
8.710208510262287746e+03
8.344324230665308278e+03
8.253454206199498003e+03
7.621858687322221158e+03
7.288595029288634578e+03
8.688625156598280228e+03
8.084750137165247907e+03
7.606532221019601820e+03
8.448668681396691682e+03
8.450439154666546528e+03
8.354842833556580445e+03
8.641799592415638472e+03
8.697833281512785106e+03
7.995721087220601476e+03
8.740785743808108236e+03
7.868635481164375960e+03
8.779155027621549380e+03
8.724911180519176924e+03
8.683601930860259017e+03
8.258261142946475957e+03
8.609332962222015340e+03
8.560534163815427746e+03
8.421590917560635717e+03
8.413270873727899016e+03
8.749950708299189500e+03
8.291492587913417083e+03
8.219485267090258276e+03
8.702875031608500649e+03
8.259840317487236462e+03
8.162450139518570722e+03
8.545803248683387210e+03
7.015172593735013834e+03
7.996547408547778105e+03
8.437306958858809594e+03
7.836317940583639938e+03
