1.283021250372570285e+04
1.405928577506981128e+04
8.141742417851392929e+03
1.462357894394771574e+04
1.412349282330955793e+04
1.420640344243152322e+04
1.270661512606122051e+04
1.228197552854559763e+04
1.352743170354442009e+04
1.426219024157341300e+04
1.207674115740664092e+04
1.407010354349418230e+04
1.047833157467089768e+04
1.327639335606446366e+04
1.460020336184258485e+04
1.427215729473614920e+04
1.244710660525800267e+04
1.311955598884626306e+04
1.278471112525336139e+04
1.431263324167831524e+04
1.439604961835746326e+04
1.379375480936481472e+04
1.408171470207442508e+04
1.444385866371830525e+04
1.301616894682546081e+04
1.440297542391038405e+04
1.446840466213231957e+04
1.333730222859473361e+04
1.245061524586699852e+04
1.081285841624429486e+04
1.247797731008333540e+04
1.413617914820268197e+04
1.271875636401144220e+04
1.270241227575802623e+04
1.250301189180898291e+04
1.218916749082377282e+04
1.402457302239646924e+04
1.369035481949933092e+04
1.426326892149282685e+04
1.463577228664901122e+04
1.002997318428828294e+04
1.376703754782803662e+04
1.335709249444954730e+04
1.286818083169919737e+04
1.403632129844367955e+04
1.052744450150697048e+04
1.374010410867016253e+04
1.456914614092376723e+04
1.292977391287385399e+04
1.313498740090310093e+04
1.430353378926974983e+04
1.183935711002073367e+04
1.316790570295799807e+04
1.353746618424736516e+04
1.202438311647954652e+04
1.247192480512364273e+04
1.235338245994263343e+04
1.327365128944675052e+04
1.437579562020321828e+04
1.259237169256569359e+04
1.468616457485346109e+04
1.370772666282566206e+04
1.303928575578960408e+04
1.462459478863829645e+04
1.431123719050337240e+04
1.370291092828410910e+04
1.270705861125171759e+04
1.083243938999587772e+04
1.076125541300172517e+04
1.440850907287532937e+04
1.455211856456685928e+04
1.458566254442932768e+04
1.333447235024576003e+04
1.070991097040808381e+04
1.225090700171283243e+04
1.391719943566891743e+04
1.273153174738916823e+04
1.241762190093530990e+04
1.366628592629969535e+04
1.460716006001309142e+04
1.258251572187639977e+04
1.387808991927462557e+04
1.386795273144852035e+04
1.404409775786584214e+04
1.409164294108304784e+04
1.407084657363174847e+04
1.441489012169004127e+04
1.285314360057231534e+04
1.408008166343671110e+04
1.342218585607944988e+04
1.414680206852511583e+04
1.363374400747176878e+04
1.401250760749668734e+04
1.377991806923413606e+04
1.412625213803626320e+04
1.151957924706447557e+04
1.152010645003399623e+04
1.415099756108592192e+04
1.468250919369930125e+04
1.447347974628344855e+04
1.298247517830686047e+04
1.357868300764227752e+04
1.290515359680792972e+04
1.461898249639923233e+04
1.446481181270169691e+04
1.355226267116471354e+04
1.323359627076101242e+04
1.376366428686765721e+04
1.372666078703877247e+04
1.314320169051796438e+04
1.186589791514041826e+04
1.448979157860041960e+04
1.325149031226302577e+04
1.468564498660111349e+04
1.362591276141460912e+04
1.242867576181701224e+04
1.418919043404980584e+04
1.419183367105594516e+04
1.419693274965321325e+04
1.372529299976380025e+04
1.310767750353940028e+04
1.465188832475934760e+04
1.296459111028500774e+04
1.468533678644809333e+04
1.333170085157468384e+04
1.359295156941261666e+04
1.287083459434956239e+04
1.330065354244083937e+04
1.374909944032202839e+04
1.354156574515383363e+04
1.400987471978825124e+04
1.414169643563611135e+04
1.389669646026777991e+04
1.444992344247947040e+04
1.359584839801953967e+04
1.384702727135374698e+04
1.438749092755985475e+04
1.309684544547894802e+04
1.404029811700884056e+04
1.217865287059319598e+04
1.269011246201638460e+04
1.405793803560294327e+04
1.465341920322547230e+04
1.202080346993785497e+04
1.389266627020519809e+04
1.077263844305645580e+04
1.311543556988564887e+04
1.287820205601569432e+04
1.349589562124803706e+04
1.371112965201755833e+04
1.465474516764966756e+04
1.457782276667380938e+04
1.432151063847706064e+04
1.173730427663499904e+04
1.204130134344501130e+04
1.448826558065355130e+04
1.301412566230462107e+04
1.418919043404980584e+04
1.461744709309415521e+04
1.144870196290220520e+04
1.311463126190392541e+04
1.314690886955162205e+04
1.234618356093146031e+04
1.401398342726901137e+04
1.156712758688927352e+04
1.455805127987037667e+04
1.221984050554112764e+04
1.452662440494622933e+04
1.152160097216181202e+04
1.406447476282897696e+04
1.439604961835746326e+04
1.317927062215025580e+04
1.300983187599744633e+04
1.341950152514069305e+04
1.011921887199089542e+04
1.407484168990058970e+04
9.855346513514286926e+03
1.299937954267232999e+04
1.444283687666869446e+04
1.306980312312691240e+04
1.417942764341446127e+04
1.347459467534409123e+04
1.327304971398240377e+04
1.386430891494033494e+04
1.262851953934507401e+04
1.410024539646076300e+04
1.460471406777613447e+04
1.465779032469566118e+04
1.389950198075581102e+04
1.291590347433218994e+04
1.277934677463660410e+04
1.440056818773124542e+04
9.925755058528102381e+03
1.317256805564714705e+04
1.326855989795662390e+04
1.217398374092491576e+04
1.381408616460268604e+04
1.254561796747680273e+04
1.386584345916847815e+04
1.342872024225425957e+04
1.459415524787445975e+04
1.463715984251925875e+04
1.243567346569250003e+04
1.357428806549382352e+04
1.207422149097436704e+04
1.249975204277535522e+04
1.333889854595151155e+04
1.458310023572782120e+04
1.292130013734288877e+04
1.379167953948596551e+04
1.318412926817783955e+04
1.079533464184805780e+04
1.096567016024751501e+04
1.313467169795649897e+04
1.444144905744087737e+04
1.379135022129999743e+04
1.199673739923373614e+04
1.387723619550233343e+04
1.129088748855762788e+04
1.235181735200250114e+04
1.388210587720634794e+04
1.423083540636309226e+04
1.407051675812514077e+04
1.467724779034927269e+04
1.200300826733677422e+04
1.411636379009679877e+04
1.248077722236747468e+04
1.163219420789059586e+04
1.436813573080365131e+04
1.461110326410878588e+04
1.270947723727644916e+04
1.371269651625128972e+04
1.362703903107760561e+04
1.349143556522504878e+04
1.453330037689855635e+04
1.234618356093146031e+04
1.451982230222191902e+04
1.324052643583741155e+04
1.462068094324064259e+04
1.252107942728882881e+04
1.381783711230314293e+04
1.276738485636892983e+04
1.309752051249616852e+04
1.355543639577625436e+04
1.146400035737010876e+04
1.390515257002032376e+04
1.193963735720730801e+04
1.426071972975053905e+04
1.365075243798106385e+04
1.241252079672750915e+04
1.354606856540879380e+04
1.452212299199092922e+04
1.462339037023718447e+04
1.229431629709702611e+04
1.355613417049321652e+04
1.396670574778879745e+04
1.455811065617451641e+04
1.467377122870728635e+04
1.163946762121861684e+04
1.254213900748814558e+04
1.341818951309991826e+04
1.319971398045141541e+04
1.466686719218642611e+04
1.371855413623489767e+04
1.424389853368468721e+04
1.182726417733906965e+04
1.410796846769315016e+04
1.273624520735828264e+04
1.394179767516702123e+04
1.263369563411692070e+04
1.226042988191500626e+04
1.273930992997326757e+04
1.444256501746114373e+04
1.324214632497272760e+04
1.447911416662853480e+04
1.341742517098294775e+04
1.323608596785073132e+04
1.402471218224851691e+04
1.435532354696334005e+04
1.358731081025203821e+04
1.151382196066987308e+04
1.180590275573909094e+04
1.316798539737385727e+04
1.396252475984963894e+04
1.230712183935445864e+04
1.399347116278156682e+04
1.463755647572876478e+04
1.143221952041166878e+04
1.309982083113221233e+04
1.294619336684043810e+04
1.439139359951713413e+04
1.429702003524102474e+04
1.450577651252402939e+04
1.410024539646076300e+04
1.196207787744994675e+04
1.229571387933821461e+04
1.119429332451332448e+04
1.461020974411911811e+04
1.307039104873613724e+04
1.096021767527007614e+04
1.189369434872352031e+04
1.378251767280656350e+04
1.338627126828015935e+04
1.362702159086895699e+04
1.425765570391403708e+04
1.297283264608484387e+04
1.370410230371848593e+04
1.423522614860160138e+04
1.462919269787362282e+04
1.186796220824554985e+04
1.465850771203437944e+04
1.273026310453396763e+04
1.290890733687208194e+04
9.888779340232740651e+03
1.153104588478257210e+04
1.374925203533079366e+04
1.427671993571619896e+04
1.409685768646148972e+04
1.114437950384473879e+04
1.404793667393948999e+04
1.204488887176892968e+04
1.120570231480033181e+04
1.347062782141091702e+04
1.385349778467274882e+04
1.341106277971721647e+04
1.323487398575773659e+04
1.305398605079106164e+04
1.263021129479983938e+04
1.341416993113656281e+04
1.401163769604302433e+04
1.267555250276943298e+04
1.334941797603792475e+04
1.217055147411844155e+04
1.383954237488153558e+04
1.276240302786039319e+04
1.466006089281121604e+04
1.425765570391403708e+04
1.170829034123030578e+04
1.388854766639907939e+04
1.438788667927746428e+04
1.278847549111026638e+04
1.103296183101534734e+04
1.326457136979935603e+04
1.405982863096460278e+04
1.366266272025119724e+04
1.075228093814918975e+04
1.444900420654020309e+04
1.369930115236430174e+04
1.257911119955892900e+04
1.284065157466546225e+04
1.381328453771394743e+04
1.234710024291649097e+04
1.426242485848262004e+04
1.389545713380732923e+04
1.408744933070142724e+04
1.285613664434689053e+04
1.402425402916216262e+04
1.379365580152880648e+04
1.456538321123811693e+04
1.326824659290917407e+04
1.339963609445885959e+04
1.270241227575802623e+04
1.245271217396828797e+04
1.337051305680464066e+04
1.159537578160152043e+04
1.308427826485894911e+04
1.455886934501963697e+04
1.112470238685381628e+04
1.456166773890758304e+04
1.367356114133157644e+04
1.198661942562524564e+04
1.447950168791720898e+04
1.145073111892477027e+04
1.450332824947111294e+04
1.402729416797155500e+04
1.111815177314127141e+04
1.391871677269637075e+04
1.384873348097453345e+04
1.440115757567039145e+04
1.451390328456285533e+04
1.438331386075533919e+04
1.209933980738779428e+04
1.327639335606446366e+04
1.341387271479732226e+04
1.354293207973857716e+04
1.222927817683335888e+04
1.400099450587896354e+04
1.453345090958512810e+04
1.428383393370122758e+04
1.391168223352302266e+04
1.442996760723322950e+04
1.306311264185022083e+04
1.340350768120619978e+04
1.296930026597224969e+04
1.418047804861288387e+04
1.409492386768053075e+04
1.369960353752509582e+04
1.154557122222186081e+04
1.411769350911929359e+04
1.408368860434648741e+04
1.356761101558840892e+04
1.332182299746342505e+04
1.245078817077082203e+04
1.466361116759647484e+04
1.203331037029006256e+04
1.373633326826447228e+04
1.249913915191780143e+04
1.430923177955066240e+04
1.389645504794434419e+04
1.349221484405216324e+04
1.394472637012866653e+04
1.327426348505666101e+04
1.246406436299455527e+04
1.433077870890036684e+04
1.216974403810560580e+04
1.274261689454272710e+04
1.368993334879467693e+04
1.391269851250193824e+04
1.139429881465903236e+04
1.368336854995705653e+04
1.421450575571142326e+04
1.339023002039565108e+04
1.451829923304311160e+04
1.384006213867794213e+04
1.395286927958673004e+04
1.411050065157651261e+04
1.089905780288996539e+04
1.273073132915302813e+04
1.312939290000260735e+04
1.291653603950866091e+04
1.451098619575155135e+04
1.401134453578563625e+04
1.267538950134540573e+04
1.383319426591549200e+04
1.458686421764859006e+04
1.343879821643702053e+04
1.225871355488707195e+04
1.422357055574718834e+04
1.214822884539997176e+04
1.389004305336503421e+04
1.421371495545206017e+04
1.183935711002073367e+04
1.414419652535982459e+04
1.453748700329587882e+04
1.149118666240948005e+04
1.111760740808262562e+04
1.371672871572049917e+04
1.421238375053119671e+04
1.466567581344717837e+04
1.421129221273856456e+04
1.210982004514428081e+04
1.467822430597687344e+04
1.373220977190343547e+04
1.359298137724700791e+04
1.262024882713953775e+04
1.399900830288448742e+04
1.347645680179848205e+04
1.441262439849531438e+04
1.448111272461585031e+04
1.298536168384833582e+04
1.315506865311011461e+04
1.451833898890888668e+04
1.303542392866533919e+04
1.361727453579382927e+04
1.429846864086843016e+04
1.436488022517029458e+04
1.372671108641937099e+04
1.252059282120626085e+04
1.317210766972886267e+04
1.342294281920999128e+04
1.352544395561341480e+04
1.281088608444577585e+04
1.460618807674707205e+04
1.450772569384552480e+04
1.382014994986123929e+04
1.213811798713463577e+04
1.264446778324427942e+04
1.375858969910357700e+04
1.466786311857764485e+04
1.359246732846939994e+04
1.430984882210167234e+04
1.371637965106678530e+04
1.249226425025892604e+04
1.395532531586454752e+04
1.317941663141916615e+04
1.383652723229165713e+04
1.421529733182248310e+04
1.273949193809886492e+04
1.368675145374647764e+04
1.467337186582063077e+04
1.421020543054384689e+04
1.277934677463660410e+04
1.263014081207879281e+04
1.237623921853517641e+04
1.341927222582272589e+04
1.376349337197157001e+04
1.459982213276024231e+04
1.338251013727127429e+04
1.360589981130304113e+04
1.449005082689494157e+04
1.308920515042873376e+04
1.330004175743266387e+04
1.462678036280787455e+04
1.368013218613513527e+04
1.380146757401627110e+04
1.424110142684098537e+04
1.443282387635868326e+04
1.181500731411375273e+04
1.375240781086631978e+04
1.436043882247881265e+04
1.390116577137273634e+04
1.338008018691559118e+04
1.080762728611002967e+04
1.215781421578685331e+04
1.292306822229035242e+04
1.407306479784291150e+04
1.366657578185997045e+04
1.197986807532709645e+04
1.349457319594384899e+04
1.065298965428381598e+04
1.449275053282458975e+04
1.311670547836531114e+04
9.098050506974310338e+03
1.406925514329257203e+04
1.430552470097974219e+04
1.310746783596565001e+04
1.298536168384833582e+04
1.348095183032788918e+04
1.304649918501262437e+04
1.303185895552457077e+04
9.841829202553883079e+03
1.080762728611002967e+04
1.272031701523353695e+04
1.342800636597122502e+04
1.379123133306786622e+04
1.259653885479703968e+04
1.137401452071765743e+04
1.243525349518029179e+04
1.390367666462958732e+04
1.441022479019430102e+04
1.263810959520006327e+04
1.309752051249616852e+04
1.454149021093400188e+04
1.260876077020850789e+04
1.366661833875615775e+04
1.466188374335146727e+04
1.350920252529367644e+04
1.264205675618305213e+04
1.294266860895369973e+04
1.297431542636934682e+04
1.443720425947615877e+04
1.252852119530206619e+04
1.406471815339445129e+04
1.247186776933715555e+04
1.313970057222652031e+04
1.185587447131691079e+04
1.311751514534513626e+04
1.324450924298383688e+04
1.405397616407711757e+04
1.413725715009011037e+04
1.341855009760489702e+04
1.426425454601647107e+04
1.370718710142297641e+04
1.095573548125525122e+04
1.386776372515119874e+04
1.403949744113168344e+04
1.307126086961367218e+04
1.388710719453479396e+04
1.200659699589288175e+04
1.075368558715204199e+04
1.407329598856301163e+04
1.424136895451358578e+04
1.118690060236147474e+04
1.154318336222041580e+04
1.380498393652346203e+04
1.278112606332938049e+04
1.413786153007619941e+04
1.464369645147348274e+04
1.387915235162609497e+04
1.398186804312421009e+04
1.394131494023105734e+04
1.392519692383663460e+04
9.655526292716516764e+03
1.438381498098899829e+04
1.389154982788386587e+04
1.236133248480505426e+04
1.371552672053942479e+04
1.295576294771102221e+04
1.455521383151291229e+04
1.439317420514132027e+04
1.404741486448836804e+04
1.359784280011063674e+04
1.326515302190853254e+04
1.089297424432251137e+04
1.365108506091929848e+04
1.193051250644792890e+04
1.423612216020465530e+04
1.014293943298321756e+04
1.372671108641937099e+04
1.286235076755022237e+04
1.274981471187821444e+04
1.237558499407760974e+04
1.396440694159432678e+04
1.345719649217938422e+04
1.269776657186675584e+04
1.396494332103162378e+04
1.196207787744994675e+04
1.058040841366974928e+04
1.202827893785766355e+04
1.330917627353128773e+04
1.424530709714813020e+04
1.395495065556898226e+04
1.070583817939952132e+04
1.395590805878165156e+04
1.404079645977945984e+04
1.459005935921559649e+04
1.449858722805461002e+04
1.383817764162118328e+04
1.429916698816391363e+04
1.405830292517906673e+04
1.444280577907959378e+04
1.468053914138688197e+04
1.432739322153055036e+04
1.321604404570173938e+04
1.271837992932811540e+04
1.342872024225425957e+04
1.459292634580094455e+04
1.286874536839363827e+04
1.277313072162745084e+04
1.077141290612245757e+04
1.464143180863501402e+04
1.400514362811347746e+04
1.396513701491446591e+04
1.226370967596551236e+04
1.387577391947966316e+04
1.307332306023284764e+04
1.218916749082377282e+04
1.307202165038833118e+04
1.455981645322360055e+04
1.386281178385786916e+04
1.266478662494831588e+04
1.219675676624282278e+04
1.277731313089458490e+04
1.271162457828353945e+04
1.297431542636934682e+04
1.399472052197010635e+04
1.372590355324837583e+04
1.355398802183981934e+04
1.407636660369532729e+04
1.335864493389432573e+04
1.434963267624355649e+04
1.425905698326458514e+04
1.438527028309767229e+04
1.313207176641244587e+04
1.307344845826194069e+04
1.449005082689494157e+04
1.303504181577751660e+04
1.403866451068341848e+04
1.456070804260797377e+04
1.467734584770873698e+04
1.189882713222417078e+04
1.388210587720634794e+04
1.289789374934741500e+04
1.456552722070234995e+04
1.447576497792807641e+04
1.293381948926271798e+04
1.345659536802324692e+04
1.183333983875102422e+04
1.240431900678824604e+04
1.128011703002840295e+04
1.420831193956153220e+04
1.319662281474856900e+04
1.259882745893571700e+04
1.186170635942373156e+04
1.429857353454575059e+04
1.246745303739340852e+04
1.394424640838090090e+04
1.448838533470951734e+04
1.360953044460253295e+04
1.378809824935798861e+04
1.311157347779198608e+04
1.420560887312155864e+04
1.334446692932938822e+04
1.126446366469951317e+04
1.070991097040808381e+04
1.271281874786499247e+04
1.191966060813821969e+04
1.461142658668271179e+04
1.436520863883587299e+04
1.431581471334748130e+04
1.368374563136144934e+04
1.032520943435430127e+04
1.343382605693298683e+04
1.425330331879310688e+04
1.075910251293088550e+04
1.411753691679984695e+04
1.461389026802339504e+04
1.239649784529164754e+04
1.382367461136852762e+04
1.435275063796853465e+04
1.401518093184383542e+04
1.157931582226484898e+04
1.434609615133290936e+04
1.462925479396638912e+04
1.396934057716188545e+04
1.225889942069886092e+04
1.357439713174820281e+04
1.306694596208565417e+04
1.404570127790099104e+04
1.429119145400590423e+04
1.127227155055268304e+04
1.380953441403750912e+04
1.450203340045989171e+04
1.198203289672793835e+04
1.138558436653885292e+04
1.370588996924709500e+04
1.461065711778713739e+04
1.341346855257468633e+04
1.448177647682553470e+04
1.391926318757977060e+04
1.111211050233025526e+04
1.207415130052787208e+04
1.078435614438647099e+04
1.412106792772069821e+04
1.404940584681990731e+04
1.189223899316760799e+04
1.419954547981604992e+04
1.422666559580180183e+04
1.131184035305191537e+04
1.443232093536155298e+04
1.333512678685589890e+04
1.328749742968459395e+04
1.393991674057299133e+04
1.355095989317197200e+04
1.409492386768053075e+04
1.404816722940151340e+04
1.426296288220387942e+04
1.373549363493844430e+04
1.434485904877137000e+04
1.349654118824599391e+04
1.215034515106524486e+04
1.388166834936976193e+04
1.447911416662853480e+04
1.439279116875323962e+04
1.278263245311443643e+04
1.407195461387046635e+04
1.305820960834747893e+04
1.457446599649404743e+04
1.271415394669857233e+04
1.153291543347528204e+04
1.391109917283349932e+04
1.386326043113850574e+04
1.437394430114331954e+04
1.119573111151796729e+04
1.254537537233838702e+04
1.432681793335890688e+04
1.257488848527849041e+04
1.365075243798106385e+04
1.066819815770334026e+04
1.241628560113523417e+04
1.393584652457939956e+04
1.156925400210835505e+04
1.468511142312971424e+04
1.237623921853517641e+04
1.450332824947111294e+04
1.347316014455321238e+04
1.430897031328808043e+04
1.391335225177836946e+04
1.326272035987043637e+04
1.139422517714551213e+04
8.561915368845844569e+03
1.187763407557139180e+04
1.416460766027639693e+04
1.312167809723239407e+04
1.397637487114196847e+04
1.459229498787586272e+04
1.177053208571338837e+04
1.444256587633794697e+04
1.437797319448487542e+04
1.359901400731317153e+04
1.454317269910015420e+04
1.333562211987418414e+04
1.205211865434471474e+04
1.460872536295448299e+04
1.374814046862123178e+04
1.459462491546310775e+04
1.350920252529367644e+04
1.403206641746936475e+04
1.260294740107510916e+04
1.370613673913089588e+04
1.338989521258747118e+04
1.352876332931070283e+04
1.255550725527039867e+04
1.161944095487724189e+04
1.318355487283566617e+04
1.377193782254375037e+04
1.360751197029400646e+04
1.154777989252197222e+04
1.433073472436321390e+04
1.273483596787584975e+04
1.461122754373947100e+04
1.256844838853476176e+04
1.383798077050891152e+04
1.288608795817700047e+04
1.106681662446185874e+04
1.254126555219392139e+04
1.304057263984493329e+04
1.293163627774382621e+04
1.450411004541387592e+04
1.379123133306786622e+04
1.277500020533097995e+04
1.364933005721798691e+04
1.410568408725500376e+04
1.429948752260402580e+04
1.093829181945451091e+04
1.356360985260748930e+04
1.222927817683335888e+04
1.417006518775652876e+04
1.399766160712230158e+04
1.382386237712828733e+04
1.273182619733880892e+04
1.428975858009747208e+04
1.453545759616872238e+04
1.247303066742359078e+04
1.458221872419861393e+04
1.379290650779216048e+04
1.277554103857111113e+04
1.360784258086335831e+04
1.455283356905989058e+04
1.217286853721268199e+04
1.446198461977649640e+04
1.429702003524102474e+04
1.192747648011297861e+04
1.441813251144276728e+04
1.433043871021899395e+04
1.339496857747696049e+04
1.115956161486534256e+04
1.418492136370472872e+04
1.466488580501842262e+04
1.435559917948473230e+04
1.436179277752616872e+04
1.394653209211585818e+04
1.409497213125288545e+04
1.406139566939976612e+04
1.390419995373152778e+04
1.429767935271312854e+04
1.423748334727289330e+04
1.354998286293630917e+04
1.467158478946962714e+04
1.057942546291807957e+04
1.281030091547483607e+04
1.396831389440221028e+04
1.434653260412922464e+04
1.440153951138569755e+04
1.467644474156838805e+04
1.304320787486524569e+04
1.304220750329708244e+04
1.192157008948299517e+04
1.402919965703261914e+04
1.404414662572275120e+04
1.357140209137935744e+04
1.422870817452296251e+04
1.264709107561494966e+04
1.356360985260748930e+04
1.372579568199315690e+04
1.201874202196882470e+04
1.425068023804583754e+04
1.406061724465037150e+04
1.364483695850217919e+04
1.414029076750827880e+04
1.437783961061939772e+04
1.335342369732335646e+04
1.252107942728882881e+04
1.432275568522682624e+04
1.352085517973777314e+04
1.145272923830294894e+04
1.459788322309833529e+04
1.335097725014834759e+04
1.314447454119916074e+04
1.437015394994046437e+04
1.444013144549975186e+04
1.322548813905525822e+04
1.358634998618561804e+04
1.384304459924028743e+04
1.274800335811680270e+04
1.390515257002032376e+04
1.202189888212969709e+04
1.345424031927126998e+04
1.324866098860098828e+04
1.310362896334428115e+04
1.347433483522715869e+04
1.430303018652959508e+04
1.374263015765753516e+04
1.270398829884492625e+04
1.088070654962491062e+04
1.346249629184012338e+04
1.410116506156345713e+04
1.386425549201425383e+04
1.221555300719685874e+04
1.387514866753755632e+04
1.411532975439104121e+04
1.339783995034113104e+04
1.225090700171283243e+04
1.374103125543998249e+04
1.394179767516702123e+04
1.133742142444365891e+04
1.299694032376365612e+04
1.393558161916042263e+04
1.440182940539015908e+04
1.173850870234387548e+04
1.391661749875878922e+04
1.373408435647493388e+04
1.416186656339177716e+04
1.394422617313019146e+04
1.292733132087858394e+04
1.428133309186594124e+04
1.451005144653443676e+04
1.464693158564647638e+04
1.372835708122058713e+04
1.466142198068481957e+04
1.265718004281290450e+04
1.440726523087236274e+04
1.393762946674166960e+04
1.334425325679873458e+04
1.141733871228555836e+04
1.437953946359853217e+04
1.116277373925754182e+04
1.428559189287403569e+04
1.332374709787069514e+04
1.278727166000409125e+04
1.454015477645690044e+04
1.215046293708980920e+04
1.316564547693704299e+04
1.446906357277953248e+04
1.460330363070435305e+04
1.391195672194459439e+04
1.423153105262121244e+04
1.298143547739939095e+04
9.686170135713826312e+03
1.467593963499469100e+04
1.344702889949890960e+04
1.217170604096045827e+04
1.122102115942844466e+04
1.398650080639623047e+04
1.327365128944675052e+04
1.357116515121929842e+04
1.458906537160812150e+04
1.417778187508785413e+04
1.323849297073673915e+04
1.466170217825548752e+04
1.231668052595784866e+04
1.228611458714650325e+04
1.425119180469102139e+04
1.432275568522682624e+04
1.347015605421887631e+04
1.215208965000065655e+04
1.231080853414829107e+04
1.392525039162105168e+04
1.371411255907602390e+04
1.255924487767981191e+04
1.318340695606738518e+04
1.318736327484319918e+04
1.269742242780001834e+04
1.207430242087181068e+04
1.224220307885904549e+04
1.454197446088925426e+04
1.266983161331773954e+04
1.262532546535347319e+04
1.426224325488074464e+04
1.367615034612400814e+04
1.282413604317769204e+04
1.238538888921708167e+04
1.369042162219118472e+04
1.315696798108702569e+04
1.451877280389908447e+04
1.312620857882291966e+04
1.296332149504825611e+04
1.309921931776849851e+04
1.109094763213379156e+04
1.363200529825684134e+04
1.054656862880705376e+04
1.406721827190035765e+04
1.443153199532193139e+04
1.376572357971069505e+04
1.347161803972614143e+04
1.083243938999587772e+04
1.324933755577147531e+04
1.425228069943709488e+04
1.381774615326955609e+04
1.126079967209515962e+04
1.166412643703375215e+04
1.467822430597687344e+04
1.426189332436845871e+04
1.219972396401233345e+04
1.275227622566791979e+04
1.168030712551873876e+04
1.365120395056148845e+04
1.137549491699018472e+04
1.325988826037532272e+04
1.251922077386588717e+04
