3.133373186806006380e-04
6.893844865593332137e-04
3.061794263345015126e-03
1.287662649369646995e-03
5.711510724278506031e-04
3.906060218640738046e-04
2.800459052309081697e-04
8.614307150458112416e-04
5.236900538271316036e-04
4.740616430242257308e-04
1.911128864199647013e-04
3.559987524754452373e-04
8.833041957317931984e-04
3.525032672956216135e-04
1.202461735805014729e-03
3.967637477481671593e-04
7.164481983540497197e-04
6.649706825560808537e-04
1.268583960132854726e-03
7.144413941890325566e-04
3.015076688473702416e-04
4.913673501793069248e-04
2.018400607222341474e-03
3.033383425428188077e-03
1.086605060841354126e-03
5.491956844878908900e-04
6.347075023816538351e-04
8.493685328111853393e-04
5.769960823410821707e-04
9.481801748186576700e-04
4.352255228861492227e-04
6.808979480545191906e-04
8.520394405258462350e-04
3.831595077617141261e-04
3.528835540367462388e-04
1.525696219298040444e-03
5.603756756396153279e-04
6.774879745334827204e-04
1.112670025705742938e-03
4.616770708677434411e-04
4.360440220902286955e-04
1.442896871942811509e-03
7.702614188423750115e-04
2.550838480065092755e-04
4.423995483088507467e-04
6.671031997392425604e-04
7.375211547091376331e-04
7.547548433940382603e-04
2.148589113269364602e-03
7.305113915673011387e-04
7.728632195937310467e-04
4.106554776043234447e-04
2.651792309929854822e-03
2.997176517645222527e-04
6.056835943496266788e-04
1.843752947519980596e-03
8.178541072524608390e-04
2.430281237339225811e-03
3.937905837735941714e-04
1.546396048859345835e-03
4.360440220902286955e-04
1.912355940416160874e-03
1.032501790094695303e-03
7.645466690456919571e-04
1.843117931987338235e-03
5.151946204815599723e-04
7.100891113612607186e-04
6.776265830297958492e-04
7.133100510994228559e-04
2.428952159651084788e-04
8.113607044399302271e-04
3.212987611574106184e-04
6.444929943714984262e-04
3.224605845184905749e-04
4.062761448132374761e-04
9.875368649385379057e-04
3.640255972509710575e-03
5.356608839452042282e-04
1.392857355553540335e-03
7.562700892861825815e-04
2.888245133336425998e-04
6.380442924310022025e-04
3.321429112457138528e-03
1.005200706671546731e-03
3.620634898382622704e-04
9.759730017362335409e-04
2.381615939505191647e-03
1.055473715749463085e-03
4.746927072066588768e-04
1.435666034766503417e-03
1.189301378686825634e-03
5.248498096332931094e-04
1.046217233560017574e-03
2.401928547556924070e-04
4.796296289421898579e-04
6.629395262009999583e-04
8.637078780390979342e-04
3.076754340083432456e-03
1.696284302350731634e-03
4.754335230403593281e-04
1.108868485608325519e-03
3.908783828677722021e-04
8.980970126275708001e-04
4.236162506277215160e-04
7.818086837049934923e-04
1.891013518892280254e-03
7.273719730463095281e-04
7.761525418122011211e-04
8.884938083392256852e-03
1.931398139486034725e-04
4.180091178385317947e-04
6.237299234598467357e-04
3.175534928804425987e-03
1.848696889004156898e-03
2.744410056332592641e-04
2.735540566746209185e-02
4.466787675387858328e-04
3.684007193748915342e-04
1.594222518559182964e-03
6.531424158876208931e-04
4.355526768404858595e-04
7.546426241539732184e-04
1.597614798319707237e-03
4.248139277469781044e-04
3.882649798909254893e-04
9.753274438323364512e-04
3.327997908655226439e-04
8.892284496258215376e-04
4.722953636913844802e-04
4.321594020690015131e-04
3.736914496093286060e-04
1.818761641260149484e-04
2.894496061210046238e-04
8.674776116695601244e-04
4.653707725075237138e-04
1.231324275447940068e-03
4.004670422163793720e-04
1.300749469713121612e-03
3.172981950928633970e-04
2.633195922159736659e-04
2.164641484360389605e-03
6.587644848368427080e-04
2.488833294694025016e-03
6.780505105304720928e-04
2.643797611467655403e-03
7.182774227661170574e-04
1.777899417764288326e-03
4.173423476128579486e-04
2.749200187873949291e-03
3.079978263784841552e-04
1.991478660902156871e-03
6.084002829117552639e-04
6.365288299591612131e-04
8.477872385333566066e-04
2.335691277365168576e-03
6.589121622731014191e-04
8.943551151420629829e-04
9.070226020438421381e-04
3.376437540247154341e-04
5.577177487367347220e-04
3.402317350346057475e-03
1.028141741327450809e-03
4.221740613014716439e-04
2.975078344330400488e-04
5.017569593940276670e-04
1.319581674027957589e-03
3.172198381610162729e-04
1.005200706671546731e-03
1.022979138621448554e-03
9.321689664383205759e-04
4.487122222967180815e-03
4.429646927826949359e-04
1.731614290523528438e-03
3.847405291037720864e-04
3.106695011481231251e-04
5.512195213105915191e-04
3.204632611868055581e-03
2.095968796455781671e-03
6.525949237100486019e-04
1.221385050479734504e-03
7.181914841543612102e-04
9.438722612000979059e-04
3.325537965463336385e-04
6.185752498652485063e-04
4.628850812396678900e-04
3.608935451884254806e-04
1.224970312710857347e-03
3.368608808311225828e-04
4.274333001900939319e-04
3.808297234710985224e-04
1.774142539800415395e-04
6.432708667794834060e-04
4.858782305781941509e-04
1.857187821981097714e-03
1.052073843273146998e-03
4.179371835891199333e-04
7.618598144097119083e-04
3.607735274371395330e-04
3.906060218640738046e-04
3.662848398714493837e-04
1.442896871942811509e-03
9.768836884682132165e-04
9.634271325316250958e-04
1.272604986577823656e-03
5.261060227452988430e-03
8.275289862143198538e-04
1.523294124612811946e-03
8.383545792078279978e-04
8.943702356719437831e-04
5.841687283212434112e-04
1.220084918136710075e-03
2.299673090847547275e-03
2.201303481594421888e-04
5.187529528984255673e-04
4.202453414249289910e-04
2.595011712622199897e-03
1.413994547820987590e-03
4.991384557466015809e-04
8.155903986541178981e-04
1.852851815313730352e-03
1.519582757262842717e-03
4.198491849501381290e-04
3.210907680774244960e-03
1.642934218449484387e-03
9.406790257505112446e-04
3.592017587949458950e-04
5.780611550524985577e-04
6.381148822865173468e-04
7.882775455095957081e-04
1.339853316215921294e-03
7.972004496144899236e-04
3.263349747159828497e-04
7.280373554576476461e-04
6.203153777893597723e-04
7.036000113562875186e-04
1.607582918854391424e-03
4.991663245053469620e-04
6.245878344695308167e-04
5.391492124528808605e-04
1.293786155596386364e-03
3.791394843769739856e-04
5.291881437106613073e-04
6.879543380072913796e-04
7.365954558089760030e-04
1.264631515344048687e-03
5.150735746342331072e-04
1.407974299219767874e-03
5.929817632654634397e-04
1.229403988479862205e-03
2.973147174859627415e-03
5.569658661004018782e-04
4.914343263336232214e-04
7.140520645079653349e-04
4.164761922950893994e-04
7.988546610022094485e-04
6.095552696816790208e-04
6.157019045389819844e-04
4.678744207990186903e-04
8.884938083392256852e-03
1.027383132247840052e-03
4.298868387537450983e-04
3.302410111618479197e-04
1.319581674027957589e-03
4.355828960944619840e-04
8.000847515128788967e-04
7.724690469806409689e-04
4.618184023233463660e-04
6.454627771305276483e-04
7.882775455095957081e-04
1.012740741301699533e-03
6.577314453620732243e-04
2.282820252939979366e-03
9.515651917423407829e-04
5.529315045984247801e-04
1.572481319559598757e-03
6.082274108644341931e-04
8.100646710566957679e-04
3.244948521383071369e-03
8.606384943749490141e-04
1.905191144366947089e-03
3.022798524154695602e-04
3.722873080996614605e-04
6.225734489155043423e-04
3.322849855438252467e-03
1.117929849921826856e-03
9.460567528495988747e-04
3.304361251491158753e-04
4.355828960944619840e-04
5.298458955035125232e-04
4.465270419551695927e-04
1.264631515344048687e-03
7.629121205230956571e-04
2.195155269083453719e-03
5.008813775306109441e-04
3.151757802458082336e-04
8.922578015333605499e-04
7.765056094119266632e-04
1.696284302350731634e-03
3.640598605795729650e-03
4.101221631014781389e-04
5.287279349293184201e-04
7.279440450185156166e-04
6.658045083660483511e-04
2.725412705422244246e-04
6.236256741861993195e-04
4.507611415318029226e-04
1.215817268283150149e-03
1.633902465474527477e-04
9.252274119092839541e-04
5.600301712978297515e-04
7.216088497337174107e-04
1.400846905585196537e-03
7.375211547091376331e-04
5.049675055767666957e-04
5.571138349832814411e-04
9.714194997153408886e-04
7.552585886327921110e-04
3.690031484758552719e-04
5.697181151872334317e-04
1.055139461345687207e-03
1.404505325491105217e-04
1.811269346922030499e-03
4.221829523651078955e-04
3.001099730423380653e-04
1.748202046000324559e-03
6.980926441168528286e-04
5.356608839452042282e-04
3.647152423181402106e-04
3.106330439298852207e-04
1.546144422287144653e-03
1.576805156448657114e-03
5.049675055767666957e-04
1.406257401052644820e-03
1.231311351173251627e-03
2.643222365335638887e-04
4.433377336165867234e-04
2.721469766344988242e-04
2.518061820976207846e-03
6.395828194166896423e-04
4.623335096812141104e-04
2.091567418071919003e-03
4.830870119141737404e-04
2.969990940587414747e-04
3.006355790765318945e-04
3.238239965256232435e-04
6.615673929881692996e-04
1.646042414293890765e-03
4.209758035696565355e-04
2.480749026592666520e-04
1.232772693334613281e-03
5.265423002608605151e-04
2.740380836741338594e-04
4.455463581577599232e-03
1.042562809996032402e-03
3.528724195373192786e-04
6.221713355846911426e-04
4.819141471633474338e-04
9.205890011344451630e-04
7.921288944803273882e-04
7.036123776977881369e-04
6.714889329262162384e-04
2.925104491154267091e-04
8.078658293460985827e-04
5.088732993197747677e-04
1.049553936864193156e-03
4.839266761313678277e-04
3.327997908655226439e-04
2.439363999417335296e-03
1.297800787682900020e-03
5.247246834133972295e-04
2.427249017252457576e-04
3.970285565503917612e-03
6.386201208211306039e-03
3.432233923248744953e-04
1.016586636360988088e-03
2.268198586675412702e-04
3.509805966956547774e-04
4.810836237709161466e-04
4.381881480784526571e-03
6.467683666760481792e-04
6.034667299257255330e-04
3.595027768952257109e-04
5.345116802684814032e-04
4.915545956353483716e-03
2.857225221677137171e-04
9.603011045015625614e-04
8.866829572017713695e-04
7.270572878709673269e-04
4.256336650370460715e-04
7.846164195145791326e-04
1.002846384401484764e-03
2.037532869847251404e-03
1.336029673766965910e-03
2.576905275988284304e-04
4.398394492877155670e-04
5.763248989017981773e-04
4.149454365737897769e-03
8.389134466320059521e-04
7.219582449342948263e-04
2.516194659355829402e-04
2.309437293572168433e-03
8.894688798315745961e-04
1.349899093726328238e-03
1.127921720715332728e-03
2.230225932551975379e-04
1.599363693808806761e-03
1.079927439329111775e-03
3.285376670947812183e-04
6.031537223815274700e-04
3.446230489908563041e-04
2.040474015484925428e-03
5.879915599915503657e-04
6.969810364725100710e-04
2.032215255300201474e-04
5.846495156892118385e-04
6.520855200514423522e-03
6.081996052404066433e-04
3.596626820190015634e-04
1.255830129402038444e-03
1.521636391434059684e-03
2.741812001813664391e-03
5.655054988034267319e-04
4.927205127093238751e-04
3.248001165558124536e-04
2.593349318110725913e-04
4.229744689499376990e-04
8.873426527354784637e-04
2.497408805260212684e-04
5.769960823410821707e-04
1.153944948278027563e-03
4.027032931098936935e-04
9.159352312669981648e-04
1.192155187730614511e-02
5.271420170959227429e-04
2.018490496058040953e-03
5.322854051198152615e-04
4.671264893010545344e-04
1.403655533305083001e-03
7.843456375638005679e-04
1.686050422897128909e-03
1.183227740597796082e-04
9.665687056950258592e-04
9.441179055821163077e-04
3.248008985529493662e-04
2.842085329248038392e-03
4.943020738646231428e-04
8.873426527354784637e-04
4.796551275050776235e-04
2.846731619728200095e-03
5.046348343007839559e-04
1.327851867770712176e-03
8.110274329458745440e-04
3.243569843299864259e-04
1.054663161286752138e-03
5.349376081860637714e-04
3.535314939783670276e-04
5.772155549086245389e-04
1.523236285407521479e-03
5.835049340959238629e-04
1.504058520616967029e-03
2.752520246767357253e-04
4.851991937161007377e-04
5.126852060910240495e-04
6.599888376827436160e-04
7.181283034466145760e-04
1.055664557527704120e-03
1.761132538331748154e-04
4.187094460795139496e-04
1.382113816204453118e-03
2.361002245736990393e-04
2.515352109113279389e-03
4.198491849501381290e-04
4.286049637212446979e-04
8.959165928066591946e-04
5.833768108155230458e-04
8.822876201460489246e-04
6.505299101224635639e-04
9.226707593534348413e-04
5.577924344933651033e-04
2.469857713011115968e-04
1.165764565545533054e-03
5.375083985638956638e-04
5.967692178668408112e-04
1.433888093182191696e-03
3.223364615538959585e-04
4.783803848255155887e-03
1.252086937123287084e-03
4.746927072066588768e-04
3.906060218640738046e-04
5.967740964126740707e-04
3.740288607444042365e-04
1.198159745693367154e-03
6.144044372636445987e-04
2.402752150396701789e-03
3.446309220977728785e-04
2.934641717477034150e-04
5.311369020407849268e-04
1.063891321491128609e-03
8.720282649145928190e-04
6.781245798126127452e-04
3.775799014448959537e-04
5.007314127235194508e-04
1.804108369364790666e-04
3.847405291037720864e-04
3.918341249607336309e-04
9.734325404508006353e-04
8.779481297617751411e-04
1.184155957993173174e-03
7.139590010764188064e-04
1.878029686920105676e-03
6.975976515597279333e-04
1.280010091253101258e-03
1.239518693642023810e-03
3.866290443624004051e-04
2.708046222186147171e-04
5.989923500394757176e-04
6.362021949721148335e-04
2.785422113970296596e-04
1.041677571486385092e-03
5.944759499939653458e-04
3.104446901128620363e-04
5.399371514554134142e-04
1.250230749009279907e-03
6.452507734450779395e-04
1.305359021687787060e-03
4.747849363920798285e-04
1.260051055961359341e-03
8.227364282397985670e-04
3.707399201932385854e-04
2.054984070012019499e-04
1.228554151925179225e-03
4.722366981403352659e-04
5.145153874589432959e-04
3.322849855438252467e-03
7.756175711030670024e-04
2.322082113833482677e-04
3.479645051583525714e-04
7.573184512803773135e-04
1.860146646920104096e-03
1.181849534220163339e-03
1.911128864199647013e-04
1.572101929938567785e-03
1.540713941898417313e-03
1.319581674027957589e-03
4.283515533419636045e-04
3.767770582222852434e-04
2.857225221677137171e-04
2.149674380418949236e-03
1.768992078206947638e-04
5.777118795723753955e-04
1.352813588373520930e-04
2.299673090847547275e-03
1.630283271318774905e-03
1.480169851976937930e-03
7.061165466560323034e-04
7.973851998357942440e-04
8.930093278570634934e-04
4.378077140268667850e-04
3.971713097681438980e-04
1.642686196490570965e-03
3.647461213050368100e-04
1.518472758616644424e-03
1.285705953938209942e-04
8.206690320561100442e-04
7.022623274780310674e-04
7.059484786757155720e-04
3.847405291037720864e-04
5.999441382113780393e-04
7.306549442419750431e-04
8.830195385608821668e-04
3.292285600130184201e-04
5.094198487666987390e-04
2.073341433819434615e-03
6.800525707999066898e-04
4.352697999061143916e-04
3.837405994730258888e-04
1.379791464521842978e-04
3.906060218640738046e-04
5.292253185338097101e-04
1.017903395868101661e-03
3.576773120812197916e-04
8.708166533327320498e-04
2.164336462961336145e-03
2.313555421281629932e-03
1.925332545198404736e-03
6.384630735272898636e-04
2.746396659205844874e-04
3.208285824365193686e-04
3.171036478492442515e-04
2.922038470612409785e-03
1.074613675299697542e-03
5.522877035451233567e-04
3.492387503809924560e-04
2.795094950930101510e-04
7.018300162330244401e-04
5.512195213105915191e-04
2.749891458731568757e-04
7.179464910995497122e-04
7.151855911066594060e-04
7.247773576163046415e-04
1.577643370192801644e-03
7.798322969066127366e-04
4.927662283736572836e-04
5.850536089882547733e-04
8.828097000761007387e-04
9.572334678737187599e-04
4.609721462634211648e-04
2.838911221662612479e-04
1.707712034508269137e-04
6.520855200514423522e-03
1.520252610357372214e-03
1.354989922399984321e-03
8.484986728041646418e-04
5.172080097723214193e-04
2.789270995114213956e-04
2.933653036928033481e-04
5.514562990706683987e-03
1.495074956915618024e-03
5.002476579446914554e-04
5.188459992228228483e-04
1.839392006944069258e-03
2.896409792418669707e-03
1.848278766795413914e-03
6.417866835860861581e-04
1.951305303084960199e-04
3.526759640463730523e-04
1.694532790978617841e-04
7.226840458236715933e-04
1.299200600124674051e-03
2.312145463227968287e-04
3.757927994053931824e-04
5.069199977241330103e-04
5.510198206069916779e-04
2.261074756531108879e-04
6.728754484630780587e-04
1.143865169996308466e-03
2.541046806828080296e-04
8.613848321489682002e-04
1.014941202680292144e-03
6.811264625432995575e-04
4.841586577107197037e-04
6.511540075903233691e-04
5.227436238911705975e-04
8.011167418391626277e-04
8.802262788118260690e-04
8.838827270989229592e-04
2.965115618040706116e-04
1.404315125799636280e-03
4.238680212359981908e-04
2.710962394117786179e-04
6.903802782877242316e-04
1.333501202015029878e-03
6.299541591049692777e-04
7.171854766751924399e-04
4.446493779839813315e-04
5.501726772992092613e-04
4.842164575889100009e-04
1.947272721557969082e-03
2.466892030222089197e-03
4.024112713509465206e-04
2.208320654052094763e-04
8.720459843681424485e-04
5.078939424379071144e-03
5.686154037199754900e-04
1.492610859333476456e-03
2.647390628015193134e-03
2.685570994058857552e-04
5.456812638836528936e-04
3.770440264391982602e-04
1.351212824898074616e-03
4.009422988732138271e-04
3.869963655755260883e-04
6.261461243846688568e-04
4.389259318952331841e-04
1.095707101575824158e-03
6.004402704718474378e-04
1.004544849806608122e-03
2.907417968530782190e-04
5.295610542879741886e-04
6.114598139460618786e-04
4.163520604765211849e-04
1.900085543744374321e-03
2.102227399241650234e-04
5.509602957647375407e-04
8.558228320647796048e-04
2.849936724779401822e-04
6.099609629486870375e-04
8.948341655527074527e-04
8.917684127886708976e-04
2.252160176787797250e-04
1.578865814687451441e-03
4.443594391072911830e-04
5.619627054011010810e-04
6.337466201531394804e-04
6.030197613147964637e-04
9.055813487968166538e-04
2.688558253592002829e-04
7.531884427400023334e-04
1.954035298227030436e-04
3.874262270376112728e-04
1.812252451275140827e-03
1.264959778061648709e-03
2.880408150129171131e-04
5.375238304765302469e-04
4.363755808373946318e-03
3.204632611868055581e-03
2.878523147045834729e-04
5.113570818733600238e-04
1.933198876966097518e-03
6.811068300249150179e-04
4.329007359411531303e-04
2.056127467687070970e-03
1.024572835930853687e-03
1.218573363610218679e-03
2.953436292046010894e-03
1.501530889407440327e-03
3.279594802048604223e-04
9.217357969316485175e-04
1.894418450577481936e-03
1.803883830890530473e-03
4.418402746895922373e-04
3.712243008932521226e-04
3.344151362628817992e-04
2.636498688040279838e-03
2.447334403881910782e-03
3.625550685601630001e-04
7.213458175270325880e-04
6.243097387481574573e-04
2.331153280819168246e-04
2.697472839515986480e-03
8.561481999432300934e-04
6.493161036711730342e-04
4.657434228922787203e-03
6.144044372636445987e-04
2.308985430005764013e-03
9.864304738552381966e-04
1.324181074186740747e-03
1.204026789735601968e-03
1.021844993354317907e-03
3.354043688001720719e-04
4.503932821167155095e-04
1.622177198282021698e-03
1.029868418896537872e-03
2.913794578534246375e-04
6.463219433717525084e-04
7.756175711030670024e-04
1.054338705088074014e-03
3.987137311569500207e-03
7.046296030411014488e-04
1.273071505878165931e-03
6.013426986408483424e-04
1.082438641627342423e-03
2.555273958983948182e-04
1.220735284169229516e-03
5.613658950889577901e-04
1.111623738458101043e-03
4.897871140892390241e-04
3.868241949244218404e-04
6.012247501883638242e-04
4.661144156929008403e-04
6.757188123788825454e-04
2.493471302795315981e-04
3.491845875093506813e-04
1.074737300352374353e-03
2.028867725232709127e-03
7.588252000744407115e-04
6.075483574169479985e-04
4.230364843323643144e-04
7.435833128513015316e-04
1.295507141748283679e-03
6.208405457807092539e-04
1.739625564005832124e-03
4.747782911393532562e-03
1.122924606108768181e-03
3.647008510511360593e-04
3.542594991283214080e-04
1.240137752780294577e-04
1.393034691362238968e-03
5.635942151143100978e-04
6.563939358292529731e-04
2.769892687334994837e-03
6.922209378272118404e-04
1.122988098236845853e-03
1.658566716677580336e-03
4.297951316510847963e-04
1.969133969124079245e-03
8.012526176218590567e-04
6.403111736978075097e-04
1.126094947410881961e-03
5.821366787502207669e-04
1.455613171290608566e-03
3.740288607444042365e-04
2.752520246767357253e-04
9.515651917423407829e-04
6.106231685667447891e-04
1.064549180675033015e-03
1.074737300352374353e-03
9.618661411578944241e-04
8.138820042060832200e-04
3.694377176623980081e-04
3.009724671469317728e-03
3.383180528197669477e-04
2.190595746516001943e-04
2.850926094773504737e-03
2.801704914495469064e-04
6.629873179929017318e-04
1.016228649699547947e-03
1.072138077892539247e-03
4.683876718639494170e-04
1.731570238617597182e-04
8.907715262822726984e-04
9.864304738552381966e-04
6.685801214332611235e-04
7.547176281733878906e-04
1.141548980760768647e-03
1.484086781179229288e-03
4.132003783919063105e-04
4.182113841508558038e-04
3.242257007932844394e-04
8.105243821161273350e-04
2.040474015484925428e-03
1.304911407179529855e-03
3.325550311919357564e-04
3.563339123260615584e-04
2.749891458731568757e-04
2.675212700939415180e-04
7.929223894623917482e-04
4.089538532950576450e-04
1.440278225321701532e-03
1.077015985713195055e-03
4.573291447485298652e-04
4.064468113664195578e-04
1.367970729751929711e-03
1.768992078206947638e-04
1.774627931774553540e-03
2.816198932299430698e-04
8.232358533983097706e-04
1.443976088786998397e-03
5.324433024432483541e-04
2.731471610233431567e-04
8.765390424613837654e-04
4.321137898881851074e-04
6.904720061851479058e-04
1.420829205839030255e-03
6.837590130746970703e-04
1.571995456336105915e-03
3.843410254314493305e-04
3.327997908655226439e-04
1.782867262582920947e-03
6.910149655604275057e-04
2.505005038131421558e-04
6.672235423387885616e-04
1.834409402878975576e-03
3.910241355903110757e-04
9.886836046903721767e-04
4.838161221808767753e-04
6.129638857470498222e-04
8.285320893636453779e-04
1.135525959899689324e-03
4.801656894207022839e-04
1.418269441787771944e-03
9.358133016396944165e-04
4.470038965141373902e-03
7.304619917932977284e-04
3.934923810862194448e-04
2.418607427946974434e-03
2.536825712896514104e-04
4.589356095931083012e-04
8.144998262977795438e-04
3.512058695034321956e-04
8.570477832735354370e-04
1.576805156448657114e-03
9.514342923878666564e-04
1.659849242342202212e-03
2.073277283080120323e-04
1.480169851976937930e-03
8.569932747951115913e-04
1.840237445336924231e-03
2.325646486800513426e-04
1.020772601477806666e-03
4.148644474456916948e-04
2.967476870135863569e-04
5.964878707384828728e-04
8.771062100422342576e-04
1.018128804425669611e-03
3.689324942855831506e-04
1.562475996478737380e-04
2.406238770791009358e-03
1.119057868210238853e-03
1.016228649699547947e-03
9.505396137399512498e-04
3.929288933193753031e-04
4.446523520456810430e-04
1.486973786809649058e-03
2.948069970479666891e-03
6.979750119940974313e-04
3.065521970706190755e-04
9.729603666071371532e-04
2.438258463576732128e-04
1.054924414017373172e-03
1.796048960910233069e-03
1.274799173780366470e-03
4.963538386654822721e-04
1.811269346922030499e-03
4.508997514747674438e-04
3.586195418767037352e-04
9.491408006353666080e-04
1.528289558838842339e-03
2.536752559568771935e-04
1.252438087737090412e-03
5.262729926389896062e-04
1.098066736195161229e-03
1.811269346922030499e-03
6.166693156360827282e-04
5.146456944754837287e-04
4.190751536778735222e-04
1.285540657889925210e-03
8.664917977510288053e-04
2.506692777811260313e-03
2.184478251068285417e-04
1.177543863486999213e-03
5.498782032879922978e-04
1.209971908335905847e-03
6.247650344976598278e-04
1.551226072118510116e-03
2.721469766344988242e-04
4.535631654078209384e-04
6.122981413209109720e-04
8.436321809044989304e-04
1.855444336206752906e-03
8.206690320561100442e-04
6.451973548937539474e-04
7.110347396153019828e-04
1.054097968039895356e-03
6.654625285166491933e-04
2.690067481289614153e-04
6.616325788964468350e-04
3.660248442049024399e-04
1.328662566222619124e-03
3.637074544472172224e-04
3.811879934940613866e-04
1.036864031285090809e-03
5.541662471266242109e-04
3.556153993572593822e-04
2.491481609455748814e-04
4.757078863508715683e-04
4.269548947972178258e-04
6.223506049786039183e-04
2.142248180034466310e-03
2.337481191935302481e-03
8.146551496108394089e-04
1.781490762614384776e-03
9.515499231750470339e-04
2.456043381350008197e-03
2.980620792735214292e-04
4.473917561333846373e-04
8.792731637482114650e-04
6.100458409708460527e-04
4.604017070796573969e-04
2.748356913928900092e-04
2.727911445127768810e-03
2.772116979285004466e-04
4.285875188614296461e-04
4.593413187184644270e-04
3.913485502480054386e-04
3.185504030784809624e-03
4.377382478229291862e-04
1.366401325375408852e-03
1.322843016042023158e-03
6.811068300249150179e-04
1.590953913778154474e-03
6.705960024627138178e-04
3.538609647602342155e-04
5.918512153990465900e-04
1.204026789735601968e-03
3.576180835419348484e-04
5.250544966760399817e-04
5.818754045769489094e-04
5.886080576311891136e-04
7.504627231378569125e-04
5.133271846717443136e-04
3.714596854012199197e-04
5.837611628041454058e-04
8.061040223126770751e-04
2.262574233361217338e-03
2.899451690782348687e-04
2.823714293181354691e-04
5.445903722405880326e-04
5.396342119128690789e-04
1.979745470253439690e-03
6.195370183327237679e-04
4.731842949223356593e-04
3.327324784048233774e-04
1.408525978265169057e-03
2.331153280819168246e-04
4.722953636913844802e-04
8.651067700056168115e-04
4.431567029572669914e-04
1.143259691042799791e-03
1.109475514960985053e-03
