1.391855227444646235e-03
6.732124773039861211e-04
5.785722797053782871e-04
3.694362972829060335e-04
1.290701186518182627e-03
3.576272700995953690e-04
1.072288059565540451e-03
3.232153506494476439e-04
9.922288342118434305e-04
3.898525533586622710e-04
3.299728281629332955e-04
4.532425763023669612e-04
2.288905510948965796e-03
4.171048774909294292e-04
5.335295413483614633e-04
3.948285892307001562e-04
2.935871720122721490e-03
7.868212371306486071e-04
1.129154874264064407e-03
3.123591636697731645e-04
7.973019711357187591e-04
1.004551085405182721e-03
3.611355900501152173e-04
3.587018963059532923e-04
6.993733259659771790e-04
5.967036378956708242e-04
8.650741226911347771e-04
7.160142549672962511e-04
3.614516886667840188e-04
5.536219384360912231e-04
4.796031838124842177e-03
8.666356713297096361e-04
3.295320675483569381e-04
2.548950463518006443e-04
7.571431552691784261e-04
1.349056600464414472e-03
6.066275931700255671e-04
8.053623538952603238e-04
1.908172762975280962e-04
7.846866693967170271e-04
1.035406767017369757e-03
2.125664310767290573e-03
2.267635721459766165e-04
7.662429344692617229e-04
2.774742156012457474e-03
1.143229123596309132e-03
4.015493580412513920e-04
5.968530231080557786e-04
3.879373623224533266e-04
1.034609649992394246e-03
5.995485363400333530e-04
5.362424017093568931e-04
3.568121114156369415e-04
1.678681854442217510e-03
4.699463922621693640e-04
2.695061047872743753e-04
5.451213642306495209e-04
5.500787669479326398e-04
5.657857478539303313e-04
8.226874128931424253e-04
1.694144853183606305e-03
5.423404763383187117e-04
2.935990930513236101e-04
1.439218990064180734e-03
2.837344872584348309e-04
6.163003430567949581e-04
7.197197233438972159e-04
5.600785128600329656e-04
3.533674305310650020e-04
5.211926145944616607e-04
5.765465670446171453e-04
6.380865086545431733e-03
7.422791694287800193e-04
1.174113052672561041e-03
5.501008594235775326e-04
5.316948290448029503e-04
6.164737849786298182e-04
3.525553929803990376e-04
4.225941094577646698e-04
2.834413621991360255e-04
7.570180485742007952e-04
9.882282759175041453e-03
9.530413386973013911e-04
8.976193864962485249e-04
1.600649577843477923e-03
6.557323457675725761e-04
5.719924835844092869e-04
3.932229929446018498e-04
4.232880766711084874e-03
6.871442193456121957e-04
8.666356713297096361e-04
5.315538328501846895e-04
1.259513579212447835e-03
3.784517438343011457e-04
2.950757378029086691e-04
3.637929344288434817e-04
1.539062666820367482e-03
4.462149673866229634e-04
2.799910328416738148e-02
2.053050626040938548e-03
4.715315194867542546e-04
6.584453727388148723e-04
3.099159215770943307e-04
2.668240567244239969e-03
1.725780749595254467e-03
6.752589960104550364e-03
1.153727550140606038e-03
9.083006113078819334e-04
6.254140611500664821e-04
6.089701938737653681e-04
6.314527782861791136e-04
5.409595713721667386e-04
7.039749757681677692e-04
4.139419271407063575e-04
1.484116769558082791e-03
4.484514775814528930e-04
9.474002146712361258e-04
3.412134976945625786e-04
7.448067956076041959e-04
5.765587692953681384e-03
5.293926534651175776e-04
5.693815539798346504e-04
6.275105688071870753e-04
6.747418212926422623e-04
8.476308717359843292e-04
7.836032106854072836e-04
4.849220002451174469e-04
8.318141510662258823e-04
9.593038408941399102e-04
1.188582221943987154e-02
3.526752997473298697e-04
1.233757944682854985e-03
2.076402881437994946e-04
5.169403833745288670e-04
5.674906828304408747e-04
1.980147723292442676e-03
3.042790432251948180e-04
3.484714420663053737e-04
3.962977648270676629e-04
4.825999647558413554e-04
7.134270932047642039e-04
5.243263884352287324e-04
6.066316227340943796e-04
2.474929818876185563e-04
1.761130085657450607e-03
6.481976077258921670e-04
4.468563399834530984e-04
2.824564006359504072e-04
2.931736517884706147e-04
7.013960231634078961e-04
1.506978729897097153e-03
6.976152740953486938e-04
1.233080282531279518e-03
1.427877687278759650e-03
9.282919090063379000e-04
9.885115125807179652e-04
4.259924248678578383e-04
6.392646486581084111e-04
5.947178209285991111e-04
6.209192264110468618e-04
1.340951387158476017e-03
2.999130164048614236e-04
3.102687463364918723e-03
4.653169457112216970e-04
4.426642587963043759e-04
1.070006365023496104e-03
2.468426896676779395e-04
3.239333489078436660e-03
8.458226182780760691e-04
7.186733839246064841e-04
7.293068355435090421e-04
3.517694886610184821e-04
6.360814606223792527e-04
1.683968629324960947e-03
6.706576602046082809e-04
6.310726989986827117e-04
5.282746406520616922e-04
5.314675716982427680e-04
3.752004091989258414e-04
8.302371302832986348e-04
1.476027768965559829e-03
2.677379968476666832e-04
1.282991423067605290e-03
2.430721320270173066e-03
5.295190782014590853e-04
7.924203982735399674e-04
9.204739482268456700e-04
2.343750304298679809e-04
3.714936607134077342e-04
1.867737870364278652e-03
5.572479058869240403e-04
4.689251400823615909e-04
4.657930193116601716e-04
9.144305573731212203e-04
1.446911318872277485e-03
8.666305263986250626e-04
3.744923721227546806e-04
4.222589460439596506e-04
1.572385999147667308e-03
1.379792935821896448e-03
8.862162800764614807e-04
4.587853117497035457e-04
1.395030110210705547e-02
7.385846188887537503e-04
1.241849117315071450e-03
5.047195125652168771e-04
3.246557303875529299e-04
1.039422340786887340e-03
6.794573269897399284e-04
5.884347727008885009e-04
4.600205537390403016e-04
1.323201934809126569e-03
3.473051788070275706e-04
9.263020724836893479e-04
8.578538993135911535e-04
1.987706660295639888e-03
4.166908966716816715e-04
7.836032106854072836e-04
4.041807305745230474e-04
5.975783141299290764e-04
2.520236189032758873e-04
9.697284440383801716e-04
4.916813261734255059e-04
6.165372327705513243e-04
3.517694886610184821e-04
6.135688730265970777e-04
4.668408712444623129e-04
8.245517771346897980e-04
8.314204382631459672e-04
6.226867290162132898e-04
2.283201667665088041e-03
4.490377265973946141e-04
4.642771571958594383e-04
2.819237488580162375e-04
3.071949162355073430e-03
6.378947453140540328e-04
2.077893383488405618e-04
6.376551878544607123e-04
3.740178610229820595e-04
3.250334425955472514e-04
4.199000923733826668e-04
6.515509887735689704e-04
2.401971072165933147e-04
3.322886807412760938e-04
6.990446560963150917e-04
1.911059879928785326e-03
1.520865321969779981e-03
7.397581786193068191e-04
5.788054696975688694e-04
2.869413110989643603e-03
6.552373813556909782e-04
7.464539631870480271e-04
2.837148287292066929e-04
1.205667123669178524e-03
1.207089890237606237e-03
1.333102929117356257e-03
7.044684482624410330e-04
1.013796476477942790e-03
2.170525422897097521e-03
4.367140373830875584e-04
3.029123799537292486e-04
8.635112562358132409e-04
5.722541589389206320e-04
5.409595713721667386e-04
6.180912557483953093e-04
2.991067822739456998e-04
3.256709203126720623e-04
1.380659000409972196e-03
4.338079101888030458e-04
1.141733030520046890e-02
6.197188604329153519e-04
5.503113049532046665e-04
8.289258241369907437e-04
2.325596644271062368e-04
3.214961844536311339e-04
6.303286165109891646e-04
7.919412586855986572e-04
6.081366116736947741e-04
5.773481115196934252e-04
3.329995572995843030e-04
3.805945744041162263e-04
1.464031551946331925e-03
5.189388102399930839e-04
8.636350909456643778e-04
8.023691404340025767e-04
5.424561216202023785e-04
4.961883259932055746e-04
7.043058670809989198e-04
5.608516666943786462e-04
3.898525533586622710e-04
6.461147349315401458e-04
1.340951387158476017e-03
1.487371233526864431e-03
7.628781564945403453e-04
5.344207807703303019e-04
6.066574727953914087e-04
1.380708009413986756e-03
4.507022803503149934e-04
6.496977658728402688e-04
5.742660946020255747e-04
9.605909787039069699e-04
7.875681572761322139e-04
1.362047428879261659e-03
6.117880314443311252e-04
5.736842836747642121e-04
5.236855606115347044e-04
7.819683378115634088e-04
5.544281734057875978e-04
1.629897326512466963e-03
1.255460268755012728e-03
4.569810243178884903e-04
7.365116026170713927e-04
4.953528274150504392e-04
2.741015064900328892e-03
3.623733166756043945e-03
5.884347727008885009e-04
1.038272446627551806e-03
5.504988022709110139e-04
4.582682060246195759e-04
2.641294143552043818e-04
7.264042194584135114e-04
6.609135980691108973e-04
3.289735848441799034e-04
3.336409343538591595e-04
6.958758166470736285e-04
1.022462612006296576e-03
1.087897019387869778e-03
7.432491321372297318e-04
1.153481836915969507e-03
6.197849703144986313e-04
5.279313336477232032e-04
2.548023175902406094e-04
7.628992317019510708e-04
5.127270551327084425e-04
2.285342122779885265e-04
3.992162052311845123e-04
1.106617495386821035e-03
2.399905675562101568e-04
2.077679694918768661e-04
3.021559990584224507e-03
2.450768585771505607e-04
8.209729651859259741e-04
3.976181632541172834e-04
1.024427937087011783e-03
2.779302579083421610e-04
7.414594303918189489e-04
9.382895133844171461e-04
6.152644518860699279e-04
6.917646539241187244e-04
1.020971564442712913e-03
1.042397115305231103e-03
6.669805885771447731e-04
8.504550400178321080e-04
9.625434578600392194e-04
5.332772675809637581e-04
2.010332945300006766e-03
9.372787470151060707e-04
1.766236748056528201e-03
4.693985514201743270e-04
3.767840706248354234e-04
2.528266819468807415e-03
2.096625494582489999e-04
2.908224865947118317e-03
3.174183340233774548e-04
1.796214345693575081e-03
2.542917504917375170e-04
1.274587910556462030e-03
4.434433073888368942e-04
6.270283434723907890e-04
4.210622598572579867e-04
3.127727657361256642e-04
2.125664310767290573e-03
5.686308932434393747e-04
2.696509292249743865e-04
5.986276791530070664e-04
4.884968132593337301e-04
5.068224228619343588e-04
6.256399691375866875e-04
1.601872331419285740e-03
1.172412510491386639e-03
6.799512400850300179e-04
5.122118775293059943e-04
4.089539687515986199e-04
4.121490477857874804e-04
6.349996400351487101e-04
3.327490734454431089e-04
2.581891772141127733e-03
8.371816609332103894e-04
5.246929875501331374e-04
8.574078110848045971e-04
7.831794393812709001e-04
1.495353226349961824e-03
4.139419271407063575e-04
3.760628878653565722e-04
2.809040191369903384e-04
1.452389423167766997e-03
6.337885027029665315e-04
1.150029367412530200e-03
4.021832317481989949e-04
1.093725451640461827e-03
7.388539896065205717e-04
3.758065706037228676e-04
6.288829708247096724e-04
5.189388102399930839e-04
1.815811789455551569e-03
5.991523902580533434e-04
3.825106477027095768e-04
7.154383184058845475e-04
5.355352796056458888e-04
9.449621918297805047e-04
8.731608083962755880e-04
2.389628522787285553e-04
2.133026939501179650e-03
2.073721073207919919e-03
1.818188944039697422e-03
6.763803178541694973e-04
7.337392473014923977e-04
4.158229042557443295e-04
4.721551685237949979e-04
1.243076947788391683e-03
3.001013378094200771e-04
3.576583709083385582e-04
2.226698171614265379e-03
4.372081388140575987e-04
3.665763869831988714e-04
5.419721683530442273e-04
4.852794330646597351e-04
7.348272127347074169e-04
1.027781245247019488e-03
7.941829859912470299e-04
1.499372795470294136e-03
4.339328250957723504e-04
5.838238172417370897e-04
5.870953083723137299e-04
4.689815382295332499e-04
3.039090320723959911e-03
2.847548502984551238e-03
2.318921727244860082e-03
5.070678288367223884e-04
6.722538388729507475e-04
1.707977514295014841e-03
5.363092558848803464e-04
3.324758634645764467e-03
4.481651499193208162e-04
8.960343636154876343e-04
5.036640486964983525e-04
4.883181740237387339e-04
4.506272368908836390e-04
5.203706661057740882e-04
1.428779037789076369e-03
2.563341828367939577e-03
3.874195485464214600e-04
6.957794410649795636e-04
4.625883342848890458e-04
1.027591743163971559e-03
1.007147717788200525e-03
4.189752323811638673e-03
9.506057970785752181e-04
3.585514906359949698e-04
6.384213026658925845e-04
4.028115498913846949e-04
8.286361978578450161e-04
1.736819809210751265e-03
4.844661669305756107e-04
6.938957626613640036e-04
3.940799456218289205e-04
7.687502545793578222e-04
1.122819459203969498e-03
6.001909183429323096e-04
2.287601916104657195e-04
8.731608083962755880e-04
6.400943304645906025e-04
1.885254801549480271e-03
1.278223709173250929e-03
3.725877522270136587e-04
8.315318659038717624e-04
2.007679249502913182e-03
5.809210386709388234e-04
8.051975748671168090e-04
3.470523369087430855e-03
7.528591753049908297e-04
2.239211189021728457e-03
6.270810438692117931e-04
1.765350762529315247e-03
1.018448482058982064e-03
1.295257989048323888e-03
7.933876103637761213e-04
5.251285154163154532e-04
1.041078983199358703e-03
3.120224510106262786e-03
2.056204604649595428e-03
6.104803334667160963e-04
1.488984475420709582e-03
9.648787301342425220e-04
1.140981420754005752e-03
8.408513835877755738e-04
1.647617910463040935e-04
2.589395869121261483e-03
1.376597011163141178e-03
3.936394854337124769e-04
6.890767378615199855e-04
2.793028521193881807e-03
9.530413386973013911e-04
5.262356635054403747e-04
4.779685523622998356e-04
3.553262500127147335e-04
9.404418088775485770e-04
3.199476157418462414e-04
6.205014598437947433e-04
6.323537246783907497e-04
4.550720945915094802e-04
6.140243534583585171e-04
6.597609168246889883e-04
8.752705930243119894e-04
3.505712423865205325e-03
3.442683257076410925e-04
9.070530239354186470e-04
1.588166092986455788e-03
7.223322441902800930e-04
6.613285711389518687e-04
7.782401524979503868e-04
3.074410593611937351e-04
7.943690060425614811e-04
7.895356636517788856e-04
4.441914672214367001e-04
5.706775462505763591e-04
1.209164155507198683e-03
3.623733166756043945e-03
2.255747636355588995e-04
9.571954994964577447e-04
8.490861153207146560e-04
7.002180235448965655e-04
3.547701521956240166e-04
9.364327253809737748e-04
6.916688246766384933e-04
9.088057846077109495e-03
4.465835168039471474e-04
1.028119202398188568e-03
4.533553356936764821e-04
4.107211155162258411e-03
3.778631585058597883e-04
4.174739590029074329e-04
8.179266112010582590e-04
6.962243526413602933e-04
6.834964303225024747e-04
6.559568676329077591e-04
7.926162116176440915e-04
8.134701941788813643e-04
6.040981424800028008e-04
6.980575010297811146e-04
7.260093739762428847e-04
9.877136438320062439e-04
2.735926312815311376e-04
4.372081388140575987e-04
3.509902719894786543e-04
8.458226182780760691e-04
4.983402269887388970e-04
3.434923116912335164e-04
1.087258161397340389e-03
1.251198536463151486e-03
5.976062059512498529e-04
3.546766595262202076e-04
6.924779498250439652e-04
3.554700451382520059e-04
6.047159801496473442e-04
1.766236748056528201e-03
1.729449626374036930e-03
3.624269692225140982e-04
6.814562798639498204e-04
8.250286437668719530e-04
2.949445133136172526e-04
1.076697481735150409e-03
2.278616359484523114e-04
7.443349956784647316e-04
7.526030269398158471e-04
3.595254026335897423e-04
2.040764869211508792e-03
5.216166518701671403e-04
9.435243817154279847e-04
5.133108780793486014e-04
1.335529115447742741e-03
1.987528838856940632e-03
4.906947447236717974e-04
1.929366518210290935e-03
8.225564876222949762e-04
4.304651166516248214e-04
1.207387167602045177e-03
5.167621947114346215e-04
3.075175477893243620e-04
2.223733505660733644e-03
5.843559589312977013e-04
9.908334734375497891e-04
1.931066155669124021e-03
8.434120266943958069e-04
1.461934725242830004e-03
2.103750719289742502e-03
3.713780626697220019e-03
8.727461001051117903e-04
2.840668855586629400e-04
1.439683404619491102e-03
1.360579937745042857e-03
5.312906626876031605e-04
1.227243037421262744e-03
6.171236675456306638e-04
8.476884351348826403e-04
1.153481836915969507e-03
1.714564999091622169e-03
4.965195435791059427e-04
3.768968379297128572e-04
1.250373083908692430e-03
5.332738320847615681e-04
4.118922383118111684e-04
1.327797521946610416e-03
3.903057142742578207e-04
7.268874375770884499e-04
4.658649486357911468e-04
9.096141211246190107e-04
7.843996160907913077e-04
4.399453658878138248e-04
1.075382244247853657e-03
6.075889439329423868e-04
1.163231082004903549e-03
1.326746330793852338e-03
5.523348924627865348e-04
6.353048041286483809e-04
5.993951131500218667e-04
2.472405173430212467e-03
9.870851319250691352e-04
1.505538230790165466e-03
1.461277535225394579e-03
6.154898980730955874e-04
3.482859177299541843e-03
9.433889636206281440e-04
3.900438610670354557e-04
3.920032963369752296e-04
2.328239609283251198e-03
5.373883354411701464e-04
5.123653408532925953e-03
3.948284141002448254e-04
2.904682704920719355e-04
1.662417783318759050e-03
8.323320255480144139e-04
5.230923220222712198e-04
4.602341317465161608e-04
5.070889818452521767e-04
9.079767871419498282e-04
4.505810176045072358e-04
2.520356738592219575e-03
6.293577075601808953e-04
4.174696594517770501e-04
2.034280397979077500e-03
1.261592449967135132e-03
1.516243524837181328e-03
3.867510268602901424e-03
1.553517443913553567e-04
9.670482232196178944e-04
7.727471786556545669e-04
4.294570190992970729e-04
2.084233013297116886e-03
3.472755604765797774e-04
7.165783918609446761e-04
8.592639623132579179e-04
4.226442887503932392e-04
2.667793236619279192e-03
1.074190744941493081e-03
2.622535928885797547e-04
5.110891077946025070e-04
1.049396549544402788e-03
3.889192058691719103e-04
4.912882215130251430e-04
2.469211178176705939e-04
6.628337257950591864e-04
2.266722704112733924e-03
4.722244525713932030e-03
8.715916240595206503e-04
1.117076837497213773e-03
1.826917667462999589e-04
9.060698267383203962e-04
4.912882215130251430e-04
4.637418182068095331e-04
1.113532976940112551e-03
8.355757489482192740e-04
3.709809512455032945e-04
2.736888769250760568e-03
1.478273582969689449e-03
5.852518084927841799e-04
6.390924053100260601e-04
3.486514108239929409e-04
2.109054771504073698e-03
5.896948391667610184e-04
1.029815639354517793e-03
6.454078924566186660e-04
1.487568609837569208e-03
3.459423783157402959e-04
3.903057142742578207e-04
1.039422340786887340e-03
7.419520803893463710e-04
2.223382178965981016e-04
7.017371867074590841e-04
3.822256287119251664e-04
4.060365482658211708e-04
2.810672025645445356e-04
6.053545462117877187e-04
1.053323866478308914e-03
3.008467664646619771e-03
5.617942061091956915e-04
8.213884181551915067e-04
1.188582221943987154e-02
4.307786223117848279e-04
3.330368323494988284e-04
1.947041698134526150e-03
6.952629794760504904e-04
2.191346364223936867e-03
6.651579914929685528e-04
7.571431552691784261e-04
6.854448475409688360e-04
3.883336914411463468e-04
6.624723243945996112e-04
7.368615956166229761e-04
1.530986191519417752e-03
2.849399819959002461e-03
3.355112874563967625e-03
2.550565771341178727e-04
8.953671685834908031e-04
1.083235042670709081e-03
3.407273860337056855e-04
1.008269134231101066e-03
4.818922478605714636e-04
5.154700915475179078e-04
1.178539182194511363e-03
5.895407446760465723e-04
3.441172107371727874e-04
5.255033738359981546e-04
5.714005472890132734e-04
1.911059879928785326e-03
6.702141576946716965e-04
1.985542667052510204e-04
8.002281901603148454e-04
8.033625731058361818e-04
3.117564661642044724e-03
4.520389874495822093e-04
3.084545707238724025e-04
2.336726279265379826e-03
5.316948290448029503e-04
3.141568115986858862e-04
1.408440207008021354e-03
2.818484629522233394e-04
8.897032427303894339e-04
1.583761132152948677e-03
4.812671878864082666e-04
3.519669388043797191e-04
7.967668112398928288e-04
1.145226131464181177e-03
5.502095695591972943e-04
9.124512054534265112e-04
2.024646014494774801e-04
8.511894254923403885e-04
3.317295489522581703e-04
7.098620423056422940e-04
9.542665559476507095e-04
1.799955644787602977e-04
3.345128772757754868e-04
7.836237789091209062e-04
6.359544941684629757e-04
8.712766109836615975e-04
3.730166666198366367e-04
8.238705034348020768e-04
3.819669138897521452e-04
8.023993966814670521e-04
6.436295827060502413e-04
7.913331603760293724e-04
2.426136483908153743e-03
5.917213442075460600e-04
1.695991586196280527e-03
1.485432088922533525e-04
2.799752497984790093e-03
2.448957247103171128e-04
6.893209957496964496e-04
9.185562819253546493e-04
3.505249671350768158e-03
6.049439840253608000e-04
3.916474825193995576e-04
1.234780841030739618e-03
7.538160326940288340e-04
7.571431552691784261e-04
5.796090157246075155e-04
6.517053922771094861e-04
1.529228215695858191e-03
9.636852410716925969e-04
6.426879031967739579e-04
9.982621248981785825e-04
6.044847195701593930e-04
2.043125943168623299e-03
7.678698417049818802e-04
1.648054776962211724e-03
5.442582416408307637e-04
5.062324928893639948e-04
4.552432219270235569e-04
8.802390611666265595e-04
6.397260445788537043e-04
5.195431932171696091e-04
3.959756822156464042e-04
1.850451097213184687e-03
8.221718996699188715e-04
4.198707798045553234e-04
5.454095808758162604e-04
2.710728428278746808e-04
6.354505408267527083e-04
2.825556078604632253e-04
1.025680018757634719e-03
2.655466300332203107e-03
4.353285447636443136e-04
1.694144853183606305e-03
2.150992111426618212e-04
5.884225957689853724e-04
1.746206803423431663e-03
2.897624324671385383e-04
2.633683686228452370e-04
5.787645078558196305e-04
5.364806931348544035e-04
6.686933362917151132e-04
1.765695254413256155e-03
4.566799944995540337e-04
3.598587265351046571e-04
1.446911318872277485e-03
5.759868354965274424e-04
5.076401793063947763e-04
4.862811500792336289e-04
9.123073339833099801e-04
7.534166860295034122e-04
1.003269739270596338e-03
4.491738865372911461e-04
9.030466617631721605e-04
6.647863176098342671e-04
3.709100057739321793e-04
1.057611399322304574e-03
9.285044410702079443e-04
1.155367102933341347e-03
5.127114012646405514e-04
4.945074533030852136e-04
1.506978729897097153e-03
7.830431022951571309e-04
3.582425111059269938e-04
6.348758384646674023e-04
6.628337257950591864e-04
5.991523902580533434e-04
3.268313775157738249e-04
2.756024082066648763e-04
7.223707196927109820e-04
4.199763485607801387e-04
7.808232392799207893e-04
3.599385927487835641e-04
3.435983983610432346e-04
7.697900999047548390e-04
6.450519515425083084e-04
6.676788021113931474e-04
3.976600439004833302e-04
2.814210771879198077e-04
1.867737870364278652e-03
1.553652868449583498e-03
4.703803296795481528e-04
2.974377574584688368e-04
5.284551835293397780e-04
8.176012064823790946e-04
6.527498882785123715e-04
4.198707798045553234e-04
7.528253390976544050e-04
6.880273969799664954e-04
5.158715095505745805e-04
6.444870528399191919e-04
4.266512829092682828e-04
2.975568217625295872e-03
4.729308848913718068e-04
3.935802930733947992e-04
6.957794410649795636e-04
6.502329100832554380e-04
1.514064349028458557e-03
4.802581551456877010e-04
4.065518563748632256e-04
4.528254256642695271e-04
4.278153464120637030e-04
1.269261240805470660e-03
4.924510066431293841e-04
6.915895721826055987e-04
9.908334734375497891e-04
8.075313730074463320e-04
1.073477745935098610e-03
6.998528639382937825e-04
6.761965116958068220e-04
6.521178605108072677e-04
5.830282204999533407e-04
5.525116872650543244e-04
8.066778391556687824e-04
4.882757049308315725e-04
2.644372894936010583e-03
2.441692170704606456e-04
1.541744711288494307e-03
1.645759463037828893e-03
8.213884181551915067e-04
7.345335446979777989e-04
1.205226925592484382e-03
5.050121475630350290e-04
3.173763245347879618e-03
3.078410180764657323e-03
6.238825304071335528e-04
1.079264689299025762e-03
6.872151691216571347e-04
4.107794718600223604e-04
5.051067987328172575e-04
6.451066975893784061e-04
1.315434999447033472e-03
4.212537091944394620e-04
4.606085849578852361e-04
1.259833601960319831e-03
8.406780699238127017e-04
5.209200175327390612e-04
4.771640786258297246e-04
8.199857350771819209e-04
6.810160153829864426e-04
5.171261641312351011e-04
5.582425607694470717e-04
7.782401524979503868e-04
2.336726279265379826e-03
1.089254645988153164e-03
4.272965715442486926e-04
4.642500751623285455e-04
3.964212661729215855e-04
1.498457686305660654e-03
4.714041491057142951e-04
1.665421234315933021e-03
4.081865853481676126e-04
1.480443519417604104e-03
7.849411849569749118e-04
4.541397831948398162e-04
6.176840627401764070e-04
6.867892466530821144e-04
3.122885520320948160e-04
3.896991526756100259e-04
5.093191174035502540e-03
5.808406152469379252e-04
2.915152360333787178e-04
3.071949162355073430e-03
5.521535804478000650e-04
4.063443877792862185e-04
4.016379716409503595e-04
4.165413404600391573e-04
4.998141166934233796e-04
2.920702755446489066e-04
9.849731395741964830e-04
6.861613051980046916e-04
1.103456817454820469e-03
3.681329121916204349e-04
8.360469430196187848e-04
3.397405402630073964e-04
1.113999800603744173e-03
7.989128212277984758e-04
3.493942181308919799e-04
7.541695810643500196e-04
1.024809651238269264e-03
4.903707945120018260e-04
5.467621569022378461e-04
4.888727627824917968e-04
2.465490106456347513e-04
5.253893682774560779e-04
1.648977042364048505e-03
2.952728085142736995e-03
2.577952446876841846e-04
3.504572289122603857e-04
2.570444697306624080e-04
4.169265572163635171e-03
3.310523361309120321e-04
1.930958693749226015e-03
1.024803935618176379e-03
1.031038863790984016e-03
5.741810583763373981e-04
5.171546296067968491e-04
4.232880766711084874e-03
3.251549851683038935e-04
9.341803520154631692e-04
3.660396649730754339e-04
9.998893515619550112e-04
8.151798413256197088e-04
6.651949450848783319e-04
1.593544569885121422e-03
5.799271197710309219e-04
5.863858208684490916e-04
1.439218990064180734e-03
6.105884989951835141e-04
6.716554582575294226e-04
4.508647660787342879e-04
5.059038845376224395e-04
3.872294355701369809e-04
1.291554998751546623e-03
1.997848929502242846e-04
5.470184793301343133e-04
9.098395299656575818e-04
6.829791740163736928e-04
3.679456659186447183e-04
6.765667412571474328e-04
8.332683742967549045e-04
