1.068359924206662001e-03
8.203588096593858502e-04
5.565366499952091855e-04
4.433492071179283853e-04
6.639224048733327263e-04
1.160797683530034310e-03
4.658574995907138186e-04
2.785410081147370607e-04
6.310379666249701534e-04
2.369517992420394690e-04
4.787419832577277093e-04
4.304705392960701121e-03
1.012869704126080584e-03
1.279139272027670455e-03
4.548693537148015332e-04
5.853815715622559101e-04
3.896277226187928487e-04
6.555784628956493054e-04
1.038325971984007919e-03
1.253953187260898119e-03
8.027698478591218300e-04
2.370966581425376282e-04
5.019571026190997737e-04
4.442277677985721177e-04
1.436980461890532794e-03
6.775962357554408131e-04
4.225476719578859317e-04
9.566343020562568947e-04
7.964794624220542093e-04
3.200230913418173652e-04
6.746124904638061770e-04
6.322098533151466289e-04
9.935049229842542184e-04
8.330873614909528818e-04
6.733017860902811491e-04
1.185053291953196359e-03
6.154892164395672121e-04
3.422022352451130497e-04
6.617801912614769758e-04
3.125437358674433477e-03
4.445575322432850280e-04
7.459228485811478324e-04
3.536729892102428129e-03
6.598777395016063377e-04
3.884141798423131455e-04
6.398192670617915394e-04
9.709965079511101134e-04
6.939531400716971625e-04
4.274036472985150549e-04
6.616365859947165697e-04
1.134843818401582577e-03
5.379242327945793576e-04
5.134639044803831955e-04
1.334284805059826780e-03
1.203829639072816378e-03
3.271875889658071106e-04
5.933743382731980660e-03
4.099027024594794938e-04
2.525278457714805018e-03
1.192787604373923144e-03
2.067795597352394422e-03
2.692513690007419368e-03
1.256553722432532513e-03
7.148386503718547622e-04
1.270719074962989173e-03
2.720724000641140455e-04
5.673192654066536254e-04
3.019990693632523988e-04
1.641147375767537013e-03
4.509762093376228249e-04
1.133887471334441184e-03
6.946055551150559677e-04
1.089092429966308706e-03
9.456939372805095532e-04
8.427803589844684584e-04
2.098796435483958622e-04
6.677465792407367420e-04
3.242190100927285130e-04
3.906645734719551839e-04
6.280711618180115840e-04
3.718485837418029232e-04
8.955129541898344597e-04
7.729060949441685915e-04
1.031543630476276221e-03
7.929665819836465880e-04
1.576103685355708089e-03
8.231587385864538734e-04
7.765241005662901121e-04
5.383770210145204585e-04
4.890700019371073534e-04
6.418826607437474541e-04
2.497971630908074137e-04
9.077404636818366124e-04
8.913363404156261945e-04
7.867792572938168234e-04
3.832558943400474834e-04
3.015559880366870888e-04
9.161014832200676953e-04
5.610884503554650028e-04
1.810059357021990677e-03
6.496429976406860709e-04
7.671458402530350121e-04
7.086394424467218952e-04
1.636549258665726371e-03
1.404431200079333131e-03
1.627137368015628242e-03
6.195421915267594571e-04
4.933956249232997280e-04
1.253257139930443126e-03
2.252131439599911584e-04
7.254482218137492909e-04
7.331923912819798220e-04
5.128783342937652274e-04
3.067094388133048189e-04
1.640686763433601850e-03
1.592133411789851483e-03
3.855311338177227370e-04
4.995765430017387902e-04
1.077053566211138213e-03
2.955635237824883778e-03
1.130157890105635372e-03
3.570536957088643495e-04
3.486413658038709298e-04
5.067433195389809894e-03
9.199624869122878046e-04
7.716213859683831262e-04
2.820043194764060290e-03
3.619331174283254107e-04
3.483256161537680046e-04
3.217747975800653464e-04
2.306183173885559008e-03
2.432802052682712327e-03
4.844030822534774704e-04
6.313126206336017784e-04
2.036418848881157116e-03
4.160394445238857920e-04
6.619531711875866311e-04
1.563185778933628457e-03
1.129084774095089061e-03
5.383507563861645792e-04
1.124155940895110901e-03
3.021030326255329896e-04
6.780704338759702176e-04
4.614555892815926444e-04
7.744875154998267716e-04
2.554191126598188023e-03
2.523185286046581224e-03
5.308218666741352414e-04
3.217153541284972947e-03
5.006348554247763878e-04
4.603871646211382088e-04
1.172458319243214900e-03
1.073275828618219449e-03
6.071554122256075763e-03
1.085873450137943633e-03
1.037179268462807592e-03
7.979984099442714125e-04
5.759251358727194604e-03
5.464433223356335257e-04
5.308735409358742840e-04
3.328183243750429312e-03
9.449808558460824756e-04
4.144423205309005417e-04
5.020489238317229824e-04
3.170632541669215283e-04
9.537289385264487640e-04
5.238134386201724439e-04
8.856029900162487589e-04
5.768164960035779059e-04
1.270850209669442633e-03
3.030737911185794496e-04
3.377791449957412906e-04
2.532989794834414245e-03
6.459160299068632954e-04
7.933411973947181173e-04
6.128529946507209379e-04
2.325734516260637738e-04
5.493471290823328732e-04
3.505421725082284788e-04
5.619543270095992294e-04
3.210498080617955993e-04
8.391335483559555228e-04
2.720724000641140455e-04
2.212448320972388964e-03
1.195643503805564464e-03
2.626421123949817735e-04
3.934897044866493901e-03
3.273330417294238628e-04
3.341727551643247206e-03
7.953650239952432099e-04
9.570406653382099128e-04
4.893581708711931301e-04
3.649602632812994876e-04
9.504737872711533980e-04
1.515310152291109158e-03
2.281843495614591880e-03
5.739515618583634991e-04
1.370783437248411290e-03
7.036167543070852249e-04
3.815677780786410418e-04
3.888134428963969176e-04
5.957808373139551143e-04
5.945708810584089503e-04
5.574876645097077412e-04
7.306675513996620979e-04
4.516404847418081683e-04
3.370881105455880190e-03
5.699202346365104350e-04
1.129946508436208879e-03
2.205406693222123997e-04
8.324313149519343372e-04
1.365352092751103905e-03
2.693705616078184684e-04
8.200645404389899067e-04
1.491699328045393343e-03
4.741093934650583968e-04
1.270850209669442633e-03
2.716321653668405593e-04
4.205315075775984714e-04
1.701758127802589738e-03
3.495715831447062066e-04
1.068359924206662001e-03
3.692038368274956129e-04
3.686234217177868284e-04
3.508406718663272168e-04
8.122522332564884127e-04
6.626672545360269432e-04
5.542548150178646217e-04
9.120885458157705367e-04
5.226534936045532662e-04
4.035531797544485936e-04
1.029422528129621305e-03
2.357967773154890788e-04
5.963283598367045144e-04
8.418039625172603563e-04
4.814540228423641512e-04
7.806931000015670868e-04
1.047823571859791969e-03
3.501155682700866586e-04
9.820213094283412620e-04
1.703031029616898810e-03
4.036476023314038088e-04
2.212448320972388964e-03
1.805776950855580510e-03
1.368466328678003040e-03
6.021013627352913081e-04
4.816758286342325587e-04
7.353644760753537965e-04
3.194307089159270966e-04
2.507874843718154259e-04
1.102343305758042786e-03
6.946055551150559677e-04
3.567176758544465115e-04
8.675294623537893905e-04
4.058107436967592786e-04
2.401362982500435811e-03
4.509762093376228249e-04
2.153920723463651594e-04
2.232375948458406242e-02
4.976348780165075350e-04
8.035192058804112867e-04
4.054272518204535204e-04
2.882308913784231643e-04
2.711233761120465766e-04
4.910279934075247521e-04
5.308306264933505087e-04
5.956797365801722900e-04
8.704469389671539012e-04
9.121446820818456891e-04
4.509762093376228249e-04
1.754651059450780537e-03
3.031546848615392564e-04
5.437963799276053630e-04
1.129961211698267279e-03
3.121721094060363601e-04
4.028751234674679549e-03
7.237776274248208580e-04
8.812505953711742166e-04
8.306352779778388047e-04
1.298612976149738502e-03
6.746124904638061770e-04
1.073275828618219449e-03
8.414518634747898294e-04
1.146844046120020725e-03
5.873564883102127187e-04
7.667475298613748514e-04
2.866151257922137149e-04
4.412887819607546323e-04
5.951391952089009731e-04
1.498992317937096561e-03
1.869574354581144543e-03
4.336738030213445490e-04
1.041773160601538106e-03
3.374138923508585193e-03
6.712913191887798659e-04
2.600596135998527159e-04
1.433869078534680600e-04
7.785202172820013039e-04
9.609946239401372494e-04
6.060172134312896046e-04
3.146932308310708415e-04
5.842242972165551280e-04
9.568677124613468891e-04
1.016547246610818595e-03
1.066350499777964436e-03
1.049014736950449689e-03
4.680679610965159197e-04
1.295032081421023567e-03
3.585383053238541326e-03
2.530234873811027679e-04
7.111399159848576885e-04
3.750466736891983673e-04
8.828671933075697828e-04
5.861018676369184792e-04
2.471190606657983242e-03
4.260632701118952700e-04
5.779541823211248753e-04
4.088503902434655166e-04
5.987575452766320068e-04
7.160493429581501210e-04
1.480828398284681716e-03
6.004692744072063354e-04
6.807740699063007843e-04
4.433492071179283853e-04
5.029023987901204504e-04
5.673077363802674945e-04
6.651645407421011508e-04
3.863237840182091811e-04
6.502920512864525295e-04
5.851529716990372301e-04
2.097767206378537579e-04
6.895844587786362050e-04
4.607171243445275948e-04
3.316847107188933014e-04
7.739212530741723011e-04
6.713358681841603143e-04
7.426854615308572417e-04
4.473379433874335640e-04
1.565472098582757019e-03
2.873235276465930577e-04
3.647205795388690068e-04
4.099298001088849740e-04
1.735094935692821361e-03
1.049945244872655834e-03
2.501976717947465307e-03
4.696458796543428907e-04
3.425814346450780181e-04
3.375312995781484934e-04
8.625422688165216645e-04
6.023522879259681244e-04
6.008078517075747700e-04
8.825721504884165205e-04
1.442004240787791384e-03
3.230247465168002425e-04
2.634743596127363773e-04
2.794622326678239226e-03
2.497383942522077467e-03
1.366583472319808472e-03
7.666256070208612560e-04
2.537827261040499099e-04
1.329533724029131718e-03
4.783752152500928283e-04
3.309254166328774293e-04
6.469692505568386612e-03
4.778357197830497213e-03
9.634929505879330589e-04
3.650351526803242118e-04
5.768110052345232002e-04
5.857551378256142891e-04
5.627706757538431621e-04
4.023108911644355558e-04
6.440942087753127963e-04
6.720302647203345216e-04
6.418826607437474541e-04
8.288731321834197450e-04
2.654610557773308399e-03
3.968076171165520845e-04
3.995466398205520893e-04
4.117851160363276974e-04
1.215611057972092526e-03
5.740456842797244871e-04
3.085938985996847521e-04
4.591994830835809289e-03
3.077220801706775162e-04
4.784738277280793997e-03
3.310435208099814534e-04
6.035110993971705504e-04
2.189632433332963537e-04
5.675300983221333220e-04
6.150987429303233925e-04
5.236320108982072535e-04
6.717544940429017418e-04
1.100352215068265034e-03
4.624101446524692149e-04
1.146715363219536236e-03
3.338443275477906728e-04
1.548869181614904566e-03
5.392849308087292563e-04
6.539118948804816412e-04
3.668452635907933188e-04
2.981625779701275775e-04
5.486997172939423817e-04
2.005908580255990649e-03
1.065169451880423196e-03
4.699039610125868680e-04
6.424275342241559002e-03
2.186865846763852417e-04
7.475299631862301333e-04
4.667238756212724262e-04
1.499359453747705880e-03
4.884957386641328213e-04
5.943523721242593896e-04
3.805007618418481037e-04
7.529257602002816224e-04
4.598643905185649007e-04
3.220338499919087245e-04
3.590659684006381543e-04
5.631470841494107000e-04
4.302476781060647973e-03
4.788433060206322926e-04
2.127250933568186478e-04
6.520536716482486141e-04
3.633452654973858475e-04
6.997861887591671354e-04
4.553265414382295212e-04
2.051910301619145726e-04
1.036822020017121385e-03
9.807385355694302632e-04
9.838901545602301343e-04
6.728774728227596797e-04
1.552571904249362440e-03
5.437963799276053630e-04
1.334284805059826780e-03
8.330873614909528818e-04
5.564935867074126061e-03
9.211829872199138805e-04
6.523131842068982840e-04
7.004472657721871193e-04
1.408460654083497007e-02
8.394711594830841280e-04
5.015352498725844307e-04
6.974403072276984857e-04
1.074055485296313960e-03
2.279160659904333128e-03
2.637023334477943772e-04
1.616207363845801508e-03
6.575038064330178400e-04
9.556368520218184916e-04
7.735406215018644826e-04
4.354599311549365421e-04
1.578424165568709714e-03
1.056107540790426035e-03
9.444536793725515338e-04
3.698752358382607366e-04
6.421830791745362314e-04
3.197128028523652551e-04
8.252222954890068738e-04
1.106565930305082861e-03
6.919309576865628622e-04
7.669769533895352299e-04
2.806850310471848699e-04
9.759316800609194476e-04
6.028798645745540516e-04
3.421187270351560596e-03
3.316484894222190404e-04
1.596036910185960134e-03
5.241851826558029549e-04
2.662215942792534040e-03
8.030905703394002840e-04
8.564142173406474358e-04
4.975614134835010076e-04
7.238512708812326656e-04
6.042627087391021787e-04
4.843099141030881866e-04
1.671592618280326415e-03
6.821677201939864953e-04
6.781626241421298551e-04
2.728875999677710367e-03
1.464250641195543115e-03
1.047757610996909389e-03
5.273979615893105433e-04
3.544915367518641650e-04
5.528931480791436127e-04
7.867165746068637390e-04
7.275761790930976259e-04
6.291184910725939553e-04
9.773508065388843841e-04
5.979214674934122103e-04
1.805776950855580510e-03
4.674081219834195079e-04
1.226137924769144264e-03
5.943523721242593896e-04
3.179707728511673879e-04
1.305630541941729672e-03
1.049491946643276623e-03
9.199624869122878046e-04
4.307682735535084515e-04
1.177899162631388871e-03
4.590576073126217071e-04
7.863768280349498320e-04
8.083973589442764070e-04
5.821177461139901950e-04
6.499112010943386419e-04
2.512038267343603276e-03
5.422382703519586017e-04
4.422193843397355362e-04
1.029606926118619694e-03
9.592573513084771356e-04
2.409154212924399189e-03
4.781476219341651394e-04
3.119479690107667823e-04
4.591994830835809289e-03
5.193674699762995933e-04
1.595128092110863552e-03
2.239727860677465283e-04
6.254064984257317944e-04
6.713803676235666380e-04
3.856168393918646929e-04
3.281911666213933074e-04
1.199866619541308183e-03
4.535348256801290437e-04
2.542085749220622851e-04
2.898004361758640002e-03
1.868298648762612866e-03
1.412153009966935022e-03
1.062524674046408119e-03
5.779839979921199463e-04
1.041891363306895286e-03
5.170705270140231414e-04
2.968224377402736876e-04
3.587947305430142192e-04
8.505794460260627252e-04
1.322860715264334444e-03
7.041240286078634565e-04
5.957808373139551143e-04
1.157593995688403201e-03
6.235474960152128559e-04
8.269360532508273709e-04
1.020170118260075708e-03
3.980044709164709993e-04
5.184651405601886686e-04
4.504591931803362615e-04
1.181171508805651865e-03
7.059990648441540409e-04
1.226770228169468202e-03
9.825263609948965780e-04
1.620462735631092747e-03
5.023024675870426965e-04
4.783527364421870484e-04
5.548759472976743604e-04
3.277547984754569026e-04
8.351547856593631493e-04
1.200534233222949913e-03
7.276381169276917738e-04
1.166035288145826371e-03
3.120052207306623368e-04
4.243829335128127358e-04
6.808245672408869782e-04
2.078572181074150784e-03
5.387727182146147048e-04
3.339980241037520986e-04
5.442799207395672152e-04
5.414453567539962353e-04
4.198738082415775304e-04
1.942574687473379302e-03
1.018500419126124306e-03
5.363511493404603692e-04
2.948260344696881571e-04
5.091117023365608965e-04
5.739947011340739563e-04
6.075274326353681358e-04
4.975614134835010076e-04
9.844875532966390098e-04
5.948073502858275104e-04
4.629351564874103629e-04
4.657398805187621315e-04
5.675013242427865779e-04
9.869258298610091625e-04
5.483500848347251481e-04
1.162944894232274991e-03
8.414518634747898294e-04
7.470717072932009806e-04
4.148500526904748951e-04
3.137110397023726749e-04
4.693658930024900049e-04
5.393576582412409936e-04
3.533918073804847800e-04
1.836076041107996201e-03
3.064728124809891876e-04
6.980656836134006881e-04
1.116695116163291673e-03
8.976395011999361434e-04
1.969416676500497856e-03
6.726088460734255077e-04
7.869040814665030853e-04
7.901897808275632580e-04
1.141212542990419293e-03
4.323482104567913050e-04
3.425814346450780181e-04
7.441548957425414643e-04
6.146256971811266774e-04
1.111751716153603665e-03
1.318304227708959504e-03
2.322684321411389193e-04
9.815072304383682094e-04
6.460873610966221632e-04
1.969207765691350764e-03
1.155089364217692016e-03
9.023264021360420835e-04
8.132804496021978037e-04
1.632028103734689236e-03
5.337752008695022428e-04
9.578443926761669863e-04
8.495315896943021186e-04
1.778777303549293389e-03
4.791868781843113380e-04
2.607254843688392625e-04
1.977998328742385653e-03
4.350774340220590376e-04
4.256256885419845552e-04
1.529496193566254802e-03
6.874396414003809165e-04
6.298682497686166042e-04
4.010735971615377753e-04
1.647733672628713762e-03
8.959627498678333392e-04
1.724275885551379290e-04
3.408480818350439904e-04
1.107673526842192909e-03
5.543428038415795268e-03
5.249863751911000489e-04
2.131562460963448008e-03
2.958297975341051662e-04
1.195039882549031205e-03
1.705529297111360804e-03
5.673077363802674945e-04
6.185607150788142907e-04
1.424592703357596907e-03
1.114860987105681768e-03
1.088246106672990498e-03
6.439083943908895232e-04
3.080513470864142383e-04
4.310873724756158630e-04
1.208162096691150350e-03
4.995320728869447578e-04
2.863378522977580920e-04
7.071022348729324438e-04
6.775962357554408131e-04
1.670177226472951190e-03
5.379393087127536848e-04
8.543199516401694211e-04
2.892508283265649016e-03
4.723777335993895217e-04
7.421488121921845840e-04
4.195273903498766051e-04
1.607308744518891200e-03
8.499158661238022600e-04
2.162548378633007140e-03
1.727093874220604185e-03
1.047451416557589662e-03
5.407827571378841409e-04
3.479284996504721536e-04
1.513488698915248492e-03
4.674081219834195079e-04
1.500606842711136582e-03
5.372447802478850544e-04
1.945306013950387665e-03
2.930147631176824047e-04
5.445531351954899235e-04
4.849519385908912191e-04
3.503481570112164747e-04
5.696616040113124894e-04
1.304166458850187062e-03
5.664673981774930077e-04
8.220579746237528579e-04
7.491823987447274874e-04
1.735060247730536029e-03
1.006521565342939368e-03
1.581553875767839623e-03
6.790115741416916356e-04
2.171975816396319505e-03
3.297643367122657853e-04
5.418277707355212370e-04
2.142173357006992528e-04
3.896277226187928487e-04
9.592573513084771356e-04
4.598020319322377106e-04
1.430222826548721701e-03
1.150535846858092822e-03
6.782999627481889424e-04
2.497339017474807521e-04
8.427803589844684584e-04
6.244132524113384531e-04
5.053595850589364486e-04
3.098182155192828746e-03
8.518570332812021480e-04
3.399372922788783001e-04
4.907213629038609942e-04
1.129940842401193357e-03
2.574489138383026293e-04
2.327987455847997482e-03
7.722551640867075578e-04
5.322833460065232777e-04
3.133218700085061868e-04
5.833671573065893042e-04
5.175896097566514689e-04
2.043474167627352088e-03
4.329491295833934588e-04
1.103697602192745160e-03
8.034012628285224292e-04
5.249863751911000489e-04
4.065727024740311570e-04
4.875707805314258379e-04
1.357182153443391203e-03
2.608427577319448508e-04
1.015283954796964653e-03
3.618746513284937282e-04
5.033498213870484872e-04
6.254348755599126739e-04
1.316434216475521326e-03
6.177464051346922506e-04
1.076363532786979568e-03
5.138675192648897369e-03
3.781475984824186356e-04
2.783615632444684865e-03
3.233762371129444068e-04
9.463171715118994225e-04
9.141454431316662320e-04
1.316434216475521326e-03
8.837838306762498637e-04
2.162630801450072995e-03
1.045186352790308717e-03
8.757845031877696659e-04
7.750462698542033742e-04
1.052195060421951206e-03
1.360840251601809579e-03
8.541135478203679392e-04
1.124947977314153923e-03
1.607162888035245252e-03
5.195620882628840861e-04
2.270483637036947776e-04
2.076773786257795490e-03
1.246813131858779799e-03
4.484155390031707321e-04
1.244550450480568513e-03
4.276550087660635968e-04
8.296368735684177135e-04
1.020170118260075708e-03
1.028800080215759886e-03
1.955549262321769344e-03
7.776538998926844611e-04
1.069687466191069844e-03
6.381904931670903496e-04
1.457055203994333647e-03
2.506538890913571210e-03
6.943962173976919814e-04
4.481178726825380421e-04
4.312742369725972437e-04
4.548313881958263916e-04
9.275525925994664586e-04
3.255051401262142562e-04
1.538843578612793120e-03
2.415673176948158942e-03
9.685133364318007686e-04
5.274514868900737931e-04
9.707119568722581563e-04
3.851984860508801504e-03
3.640242986979443725e-04
7.534917790699031124e-04
1.380525690752615981e-03
9.361627738303182232e-04
7.818045992386234416e-04
1.315726797753697871e-03
7.623647116896543332e-04
1.499359453747705880e-03
3.306169206691003041e-04
2.074762369118300284e-04
1.141212542990419293e-03
2.618587624843291602e-04
4.145377420805017895e-04
4.843442569245699401e-04
6.093456985009222107e-04
1.409453604972350825e-03
4.549029927721440908e-04
3.389434937524713875e-03
8.073289948746362925e-04
6.724260745132982576e-04
2.632312778762560014e-03
3.707292928248086521e-03
4.537636830639134680e-04
2.327987455847997482e-03
2.942567564931179410e-04
1.554843905953774436e-03
3.482517401488787606e-04
4.507183529797707550e-04
6.345883356378996922e-04
3.510282623673207140e-04
3.968076171165520845e-04
6.453557586030990835e-04
6.296573613206982341e-04
3.529506606816648542e-04
8.330873614909528818e-04
5.119848866209666905e-04
3.942820803660565597e-04
1.022195571770483221e-03
1.058506349764396989e-03
9.923182307656017859e-04
1.201349897541717591e-03
6.375000944159774693e-04
8.508811213635442692e-04
1.566461276105777026e-03
9.347602991123323164e-04
7.214809905440239040e-04
5.148604760420530130e-04
4.933956249232997280e-04
5.539766643161200951e-04
3.332993752859298906e-04
1.748146515314733711e-03
1.481913360939169245e-03
4.933131232392223191e-04
1.054464845456851629e-03
3.274178511754000055e-04
6.127589150452608397e-04
1.227989957501156131e-03
6.502520978732487114e-04
5.022447948315944197e-04
1.615395667038996459e-03
8.608607210322725923e-04
3.902112615776509867e-04
3.497598437582976022e-04
1.263537226121475184e-03
2.281843495614591880e-03
6.816432932392227318e-04
7.263031265145708211e-04
4.613981299526490813e-04
1.454960138124510678e-03
6.748055849105687653e-04
3.637246796685410688e-04
4.760948974541983443e-04
4.024593795019423804e-04
5.324796989244935663e-04
1.758635626300593835e-04
1.064252208771205525e-03
2.482614525342728262e-03
7.712931491840825573e-04
1.805776950855580510e-03
2.297338363549109497e-04
3.525673025540538869e-04
9.518734341450055345e-04
1.350999030625227044e-03
1.360996282448656211e-03
1.266347175886792242e-03
9.806651129520703621e-04
1.933727379104388175e-03
4.111537971807380188e-04
1.348440296224758927e-03
4.907213629038609942e-04
6.334501460570688119e-04
6.593734592098323679e-04
2.466877749167996434e-03
1.356354174944796867e-03
3.179707728511673879e-04
4.195226509500253002e-04
1.596490196244089660e-03
2.558821207274947825e-03
2.973739229047442454e-04
1.146381465144130814e-03
2.126270884861590667e-03
4.238978103063329480e-04
4.667238756212724262e-04
6.493257779916176021e-04
5.416011421099545080e-04
1.082155824042794296e-03
2.847146036205327416e-03
5.377928894364769879e-04
4.173958962953667941e-04
1.944514963620809500e-03
8.843782760466576548e-04
3.521647678180022376e-04
1.805776950855580510e-03
2.904282763604155277e-04
8.391335483559555228e-04
5.089374953844041753e-04
8.492643456672575863e-04
2.737897378104164718e-04
6.040998147875786383e-04
3.236179261476681071e-04
1.022750709168046557e-03
5.690319138555851794e-04
3.170473435371373651e-04
2.753495755639945048e-04
1.199583764184620691e-03
5.322245780084397006e-04
1.918620136914503177e-03
3.316847107188933014e-04
2.338636456365926226e-03
3.470863932965196231e-04
3.421187270351560596e-03
6.931069456443454636e-04
1.593790999968175632e-03
1.318644634132063375e-03
5.813467595753050521e-04
1.570693253262726071e-03
8.247153356412783957e-04
1.057233344802797513e-03
4.698689925621029511e-04
9.718809752375514666e-04
2.753024909665127804e-04
1.048458815280385679e-03
1.402786788130112438e-03
6.254663614577736291e-04
7.971689049599994152e-04
6.146554271491898010e-04
6.348383053813609145e-04
4.133695696850432991e-04
3.930742044098197298e-04
5.540838717948060781e-04
9.082563762681194986e-04
6.931069456443454636e-04
2.688091561312260652e-03
5.014729557791507966e-04
6.298682497686166042e-04
1.370783437248411290e-03
1.566631210482923215e-04
3.994677721663904280e-04
1.787931235455912779e-03
9.328328229897749372e-04
9.681399750724453343e-04
8.318122300108950120e-04
4.079659778845100087e-04
1.090549513675170227e-03
5.393811440523286777e-04
2.444973191890398127e-03
5.633384872215840746e-04
6.245180445009271535e-04
7.660882628590992343e-04
3.781475984824186356e-04
1.157514882895765290e-03
1.083706805264927041e-02
9.605391570917697682e-04
3.031546848615392564e-04
3.412754076559503793e-04
4.277735452351080596e-03
2.558821207274947825e-03
7.781395805215267488e-04
3.748105564778947949e-04
5.393576582412409936e-04
7.237776274248208580e-04
9.199624869122878046e-04
1.094281791020561018e-03
7.544607962122659153e-04
4.455618464182610266e-04
6.513308681931403044e-04
4.041215805449283353e-04
6.697746400888209646e-04
3.090219570210821004e-04
9.389082920257027899e-04
3.458061827540269070e-04
3.440015002723490747e-04
7.549501015914566017e-04
9.111625624198330109e-04
9.969637693439275562e-04
9.578443926761669863e-04
9.104808474584474625e-04
2.684923305755188396e-04
3.908903677183407470e-03
4.570529943839714867e-04
6.036913528820966489e-04
4.399983905613165619e-04
2.882543086531030711e-04
1.967757019070432833e-03
1.758635626300593835e-04
1.478108596552954066e-03
4.072624993266092262e-04
7.038771817979587366e-04
3.640367415313591933e-04
6.276046836775602336e-04
2.698021637741259641e-04
5.944044558311579584e-04
2.008477186158055816e-03
1.068359924206662001e-03
4.376596912981284607e-04
6.802955857219550187e-04
4.062755334625681690e-04
4.159676456088546768e-04
3.168481167127938885e-04
1.704070918427626289e-03
3.430579494775289539e-04
5.433948864008909417e-04
1.777921911720425517e-03
1.328713967191248345e-03
5.968557531527331900e-04
3.131997245411567883e-04
1.303534067125144491e-03
5.308095086820940932e-04
6.014940862810069138e-04
6.619531711875866311e-04
2.501976717947465307e-03
2.112566079151196631e-03
7.198325885924169954e-04
