5.648359562137833609e-04
1.069195735606349703e-03
3.258481780956731387e-04
2.384048100461920189e-03
7.943806587498346500e-04
1.117279493440263144e-03
5.527480583821522356e-04
1.375707072035163309e-03
7.072303582542719411e-04
3.806743655209697823e-04
9.476236351835835500e-04
1.015142583025163431e-03
1.364353119722137159e-03
1.285365664225039022e-03
9.073548697439386265e-04
8.681185375420332091e-04
4.704299610821905211e-04
1.102335547680677796e-03
8.211849475423755934e-04
6.491629523581064418e-04
4.292489308829722347e-04
1.257298658367240725e-03
2.104667389797087573e-03
1.432651526881919667e-03
1.202323569881610802e-03
2.007973564402674473e-03
9.582401827908736515e-04
1.339845003792953897e-03
1.579850305087539047e-03
3.786545179971527366e-03
3.390308702209697805e-03
7.039309114253024897e-04
9.374992730047991638e-04
1.050808447848863110e-03
1.600153242009344631e-03
2.469101771417370216e-04
7.488591556989007605e-04
2.280406522763797541e-03
1.717653060326810579e-03
1.746612178041730482e-03
5.179607691094839260e-04
5.636936157227172631e-04
8.775069780972412315e-04
3.808634039774586922e-04
3.515814823680486691e-04
7.359955500567181945e-04
4.456716038029354078e-04
2.483755656751417715e-04
1.310285127217167148e-03
1.612861873733462906e-03
9.193843552660627486e-04
4.070313421802990964e-04
5.068501907544099763e-04
4.367924737514285237e-04
2.935019040968077754e-04
1.950833459316605708e-03
3.345270846108744497e-04
4.397123339222523512e-04
8.664206673770502316e-04
4.501201182960075722e-04
5.856174614647779303e-04
5.317995479886550043e-04
3.528370857305828398e-04
1.414927719058314045e-03
9.834529210277550421e-04
9.164567876267411262e-04
6.112167711420654972e-04
6.901518899458647903e-04
1.875638328995774852e-03
4.411946315751725904e-04
3.529799851933574056e-04
3.363764295249188803e-04
6.502057429301198212e-04
8.167128816688631714e-04
3.133435396786462797e-04
1.132455774354771154e-03
3.727061082344955336e-03
1.626379985871703347e-03
1.116120245073601563e-03
4.910270885302304555e-04
1.723087356549304287e-03
5.460054525766155215e-04
1.092148084607506148e-03
7.412830768398333487e-04
6.232979522320317026e-04
4.141134078767684632e-04
9.283034051887310975e-04
1.916552841416792276e-04
4.407538746476314480e-04
1.124362624350275968e-03
4.114310914513289569e-04
4.292489308829722347e-04
3.161384222990742780e-04
4.309518406113715819e-04
6.021135991719915766e-04
1.777519955149197339e-03
4.735519664204737101e-04
5.606415742470909199e-04
1.345794472475937047e-03
8.439498267749581542e-04
5.184170542875369972e-04
1.179048579147097932e-03
3.927693016789399194e-04
1.211397329934049173e-03
9.386867950315530605e-04
2.585180281940151095e-04
8.377257626481683520e-04
5.324053992741469574e-04
3.070431787383623890e-04
1.618217771279589377e-03
8.681600936576697094e-04
8.937822011090584178e-04
6.046369602648423358e-04
1.583567943003993820e-03
1.047806649818612199e-03
1.147699832481740732e-03
1.706085118954613717e-03
7.329772123096634472e-04
3.115349603974521334e-04
3.727061605811178937e-04
2.685891201836431395e-03
1.110853291920279587e-03
9.529086731746987419e-04
4.245337344836215424e-04
5.752868066369851846e-03
5.692403972116371084e-04
1.571328937124990112e-03
1.205005964783472825e-03
1.947555720902774011e-03
4.082561919224357507e-04
8.688122376205403797e-04
9.266095248226265515e-04
1.012120027885189850e-03
2.770927480042033320e-03
3.359656700131316456e-04
5.392262218448886681e-04
3.530047368764282698e-03
9.372114921559552810e-04
1.489001238064621398e-03
4.391065157133800206e-04
8.827140829459789078e-04
4.942501150325616073e-04
3.411530356718578470e-04
6.211212746130929854e-04
1.325458833147159180e-03
5.483892625027312869e-04
2.380965230126327360e-03
7.365743555628884165e-04
1.440229131910780811e-03
1.255705322129519862e-03
1.026796006542808355e-03
1.170218858935626396e-03
4.075401398902897998e-04
1.273083446204950750e-03
6.630912386993689572e-04
5.024977631949662871e-04
1.730959152814349079e-03
9.365377594613390677e-04
5.773544211846243701e-04
1.232548533085797053e-03
2.530063168235689199e-03
3.183935361433556086e-04
9.324642506918153243e-04
2.663695845654166588e-04
8.611430377833818699e-04
3.190312808406503033e-03
7.415231618163333448e-04
1.024357183258712070e-03
3.681260035006202907e-04
1.327721010447057304e-03
4.054383665599410819e-04
7.552892369323145052e-04
3.543309792468699840e-04
3.774053795736939318e-03
1.224629259686385542e-03
9.425659446997665739e-04
6.425709895124398366e-04
1.009058551852455403e-03
8.712918922994897794e-04
1.435443737090022487e-03
1.127862704420470397e-03
6.967384956984427110e-04
3.808159783249368772e-03
8.213817926127271220e-04
6.366895420343619090e-04
5.791423256883158812e-04
5.333293672021989073e-04
1.881815276087310355e-03
3.770053211683815214e-04
1.306866954738779849e-03
8.836590137559519617e-04
6.378648846763410041e-04
1.450643064737738765e-03
7.474996741475863809e-04
1.155091880187142372e-03
1.079175627345177252e-03
1.503656926322719835e-03
1.613474923798250728e-03
1.860025630461480508e-03
7.851524457965830322e-04
9.765662437607547462e-04
1.933499883795196730e-03
1.354723263662736994e-03
7.993998119582632197e-04
3.011618907135006629e-04
3.695134238015729614e-04
4.447977182089380452e-04
6.935217026147614053e-04
7.458336481244903825e-04
1.188275346739067068e-03
3.748967921766896394e-04
5.158957233409780909e-04
1.040075362239977277e-03
9.045583653475841850e-04
3.610933278262457437e-04
1.247020366584275898e-03
1.120079193245151821e-03
3.590081317996153998e-04
1.564222448109725636e-03
3.311217989048259504e-03
4.921818463190907184e-04
7.178642709417356509e-04
3.579924643032492658e-03
9.568818092831801042e-04
1.027297827006812790e-03
4.863572518916319345e-04
9.973729208046114379e-04
6.379380692808937423e-04
1.169359528672791982e-03
5.756997963536172099e-04
4.073936057305050686e-04
8.394972220182925606e-04
2.312374438315385142e-03
6.232979522320317026e-04
3.037478686742600101e-04
5.517725460594482710e-04
1.311926817109222449e-03
7.877293342728865309e-04
4.289237228538499646e-04
6.632516551826945659e-04
5.954090283956630768e-04
7.734859890013970254e-04
1.756124659830692221e-03
8.459081291990677102e-04
8.535146892745508343e-04
8.204490248328671041e-04
4.339170680029954597e-04
5.827652949768441200e-04
3.053038928471885419e-03
5.480268527801860539e-04
8.817721855955995038e-04
3.279292307867390276e-04
6.277540660102799317e-04
7.416650947529261758e-04
1.280408709134020625e-03
7.335527377297370536e-04
1.044207962283590606e-03
1.287433995647682293e-03
6.534802106677179822e-04
9.368532004158821019e-04
9.159657148852876074e-04
9.169298341148672668e-04
5.959529254795302130e-04
6.537957661762997972e-04
2.003465965263689572e-03
1.609187270433221810e-03
5.999569576595460783e-04
7.409478559980851777e-04
9.199176167356341556e-04
4.995981459341793151e-04
4.121472462776437011e-04
7.127442905208030170e-04
1.629940024739498505e-03
1.112109031056508941e-02
5.005047290369387053e-04
1.527148555031836554e-03
1.700389673272039478e-04
3.700844912050587948e-04
3.734199772187279725e-04
6.603054954648824746e-04
7.765846908086738044e-04
5.348413009971060214e-04
5.043516668929309572e-04
1.065403045538897012e-03
9.103548953283365809e-04
7.602087473644533744e-04
7.458336481244903825e-04
1.482620699448317005e-03
8.554081461837297192e-04
2.913820235811935533e-04
2.331034404682539056e-04
2.073359760022479292e-03
6.503489338317769083e-04
9.861035738891312050e-04
4.846827878965910747e-04
1.185986399334354197e-03
1.706320146249085861e-03
7.341243459225402397e-04
4.132091141090023408e-03
3.451594184379354444e-04
8.234729917144839768e-04
3.317483576149991191e-04
4.572694961388059308e-04
1.008916083376989233e-03
1.387457406878831335e-03
9.052372336036061109e-04
4.505672612772032397e-04
6.364585106455864817e-04
1.442268620069198266e-03
3.609586316194122991e-04
1.065623876498161295e-03
3.199211048923237513e-04
9.302783216273110330e-04
1.946000689111586400e-03
3.408553450845251253e-03
4.126859818290029027e-04
4.746379129260901142e-04
8.974372716305735638e-04
3.712983007792343589e-04
1.889782985930614717e-03
5.813289386289387760e-04
1.322989196589637040e-03
7.152135867658838443e-04
5.623945635597561764e-04
5.115734435972319480e-04
1.394946054697805303e-03
5.764979689476059949e-04
9.991374736655893752e-04
2.566859169721446426e-03
2.951557203104220018e-04
1.738475330861068103e-03
8.411124145053097212e-04
8.247922628142743311e-04
7.993998119582632197e-04
9.020995391446572607e-04
9.536369586841904116e-04
1.131587384508587167e-03
9.263305606943366115e-04
8.868541704609662684e-04
5.516814891396949402e-04
3.225142204680809480e-04
1.304265029523240822e-03
2.090246766356225960e-04
8.286003976544645613e-04
5.615649391200565332e-04
1.004334719530907468e-03
1.089432103695679417e-03
4.941869938404760791e-03
7.756590275331770677e-04
2.189924832985677174e-03
2.331034404682539056e-04
1.817449146889821765e-04
9.097187708524112062e-04
1.218603225694774462e-03
5.501090753943387902e-04
6.651897395133704117e-04
9.443465176542097409e-04
8.048634575151927860e-04
1.678511638767995898e-03
9.056628887849872342e-04
1.084217259919078614e-03
4.594879241296996987e-04
3.340877227617567065e-03
9.791996477435979500e-04
2.286747355749610487e-04
3.697135877497512960e-04
6.466349703328530107e-04
7.848003229713541905e-04
2.833872233442141786e-03
9.180350177809136654e-04
4.977440054014936480e-04
1.803584659131340006e-03
1.383511507818009460e-03
2.367617839792086811e-03
9.922307830353787033e-04
7.438063198301203549e-04
6.147537335811035239e-04
1.640784997533895279e-03
1.347054184875757588e-03
5.890032605371896398e-04
1.224217594402483497e-03
1.287433995647682293e-03
1.387535142685077149e-03
9.126458112362321757e-04
6.483245354328278851e-04
3.147687628115483486e-04
4.052970316266962087e-04
2.700026264756510454e-03
6.223013629487140694e-04
1.364778317260224687e-03
3.264487047280948632e-03
6.524299027029624529e-04
1.128388208920995872e-03
1.957088370403844372e-03
4.155959541534879850e-04
4.660951848575305709e-04
4.486537289149554420e-04
1.056619405154072145e-03
6.913638401851857074e-04
1.471338059193643029e-03
1.051207609521548651e-03
1.205045068962651528e-04
1.344371416098719737e-03
1.387535142685077149e-03
5.150749872239642748e-04
5.904840565665995557e-04
1.166123862126072167e-03
2.706477002642218251e-04
5.555840473187148359e-04
4.497201611486453419e-04
7.478803492215942714e-04
5.145979134243234762e-04
7.490394934960412955e-04
5.112042192745453731e-04
1.320092594318792670e-03
1.268013639835216836e-03
6.847709649079115109e-04
5.061312565499361850e-04
8.035235098994718186e-04
6.816240201782099379e-04
4.323895328679979735e-04
8.771890577109359719e-04
1.038737920488665839e-03
7.204181317414874155e-04
5.836357738563905263e-04
4.099833728425809681e-04
6.252192780097084535e-04
1.595311266663877693e-03
3.974189410644218866e-04
4.749120199475971994e-04
3.060749938668223206e-04
5.112042192745453731e-04
6.187770307504409512e-03
7.662413623612359314e-04
1.506724447433353906e-03
8.290589959273551553e-04
4.764964604957228414e-03
9.214428539025917202e-04
5.006420960045929831e-04
1.871731986185241068e-03
1.166923487207281512e-03
1.099286760769988772e-03
7.407355992851699525e-04
6.789203242168407237e-04
6.211212746130929854e-04
1.369963927319145167e-03
3.297179185578650120e-04
4.296650538362975892e-04
2.415754792391925233e-04
1.292120640740820978e-03
9.582278569139165330e-04
1.007015405371957783e-03
1.981933126110303148e-03
5.201934907321042155e-04
2.810232548711870393e-03
1.710516740805484263e-03
7.876001593152175476e-04
7.802857478099064744e-04
8.085122533717314193e-04
6.602192778976960410e-04
6.046369602648423358e-04
1.546184618437495802e-03
1.620091013605965465e-03
3.927578850237861165e-04
8.516474174994661779e-04
5.685213346776630790e-04
1.175108053701646223e-03
9.973729208046114379e-04
5.266542702133960273e-04
4.053368069946676065e-04
1.723087356549304287e-03
7.898369546639070950e-04
6.436020194045743645e-04
2.595204244944285493e-04
1.330579446156170088e-03
4.475227628871617023e-04
4.474443635381385783e-04
2.837799225225379695e-04
5.783333801289746237e-04
1.557836654216522261e-03
5.962155377418111319e-04
1.124498529304263864e-03
1.303664409415149087e-03
3.039728477383380335e-04
5.389626326751946039e-04
5.626867462236709218e-04
1.683234321970997042e-04
1.005976786419540822e-03
2.245608628865007877e-03
8.639778400571523518e-04
6.810777067668735262e-04
1.027838905800759588e-03
1.961644379912902587e-03
7.127442905208030170e-04
6.019502296066828097e-04
8.737573878570225033e-04
2.821436387964761094e-03
1.127123083846149698e-03
8.932332542931496928e-04
3.021948907718450530e-04
6.086596079140153522e-04
5.201637466738667521e-04
4.942403733772353369e-04
1.740531894077318497e-03
3.252393156257036406e-04
8.712178168455446316e-04
1.219902601736723522e-03
6.899498070315236709e-04
1.816204685558763052e-03
2.976454868869013101e-03
1.794823612625074229e-03
3.363764295249188803e-04
1.375258381826974415e-03
8.386797079371130633e-04
1.525445930594517517e-03
4.279021347420539426e-03
6.594505050125719185e-04
9.722777758127624636e-04
7.943066041457088776e-04
4.200506145461797240e-04
5.588677790475496702e-04
7.799377301389541495e-04
1.024994931004649451e-03
5.407291927567342863e-04
9.454074672343010504e-04
9.078891700759685480e-04
6.315455939463632956e-04
5.638028828916713054e-04
1.076420240904650419e-03
2.390157436361960413e-03
4.295377444884662817e-04
1.037963942416158820e-03
1.365086858469001345e-03
7.402784160938946124e-04
7.045626234851383495e-04
2.406830787539116759e-04
3.650384682493902546e-04
8.349587850123803062e-04
6.984976304652212257e-04
3.491968374113003730e-04
9.560714659512954119e-04
5.263471429524144802e-04
5.763025950797511648e-03
3.403344415279828199e-04
2.494494633375402676e-04
5.177361063448807955e-04
5.598205211928551943e-04
1.759002407677217900e-03
3.732586194246472725e-04
7.734422140003428901e-04
7.276944887337811769e-04
8.572956645115077743e-04
1.503317478053634547e-03
6.117120108613095060e-04
3.928576375075221779e-04
2.940522034371512898e-04
4.634724457224413609e-04
3.669387715017015730e-03
5.467421729966111948e-04
5.255183422222061860e-04
3.539928270803366405e-04
3.614292190745683532e-04
9.819394343910838995e-04
8.106782874740598626e-04
9.937821941747419525e-04
9.092328400912558358e-04
1.099920786237819316e-03
7.848003229713541905e-04
4.424373375343139815e-04
9.433906428760240135e-04
2.723353105846776194e-03
5.262451901546629039e-04
4.382276850135803279e-04
8.457394628728968867e-04
6.236528644336724681e-04
7.650792428662606288e-04
7.837416049285153910e-04
1.380680175116285636e-03
8.209481977386746650e-04
3.199009731856309008e-04
2.586378785463944716e-04
9.038165210530185430e-04
1.149311102815499686e-03
6.345178456132472000e-04
3.456086931635613956e-04
5.835155383023285470e-04
1.546812355066477795e-03
4.510247375824360562e-04
8.907410340178911669e-04
1.531503195812610732e-03
6.436020194045743645e-04
5.982297326599724397e-04
1.439553938466037837e-03
4.802290389640295797e-04
1.824271670471009146e-03
7.488591556989007605e-04
9.660822963541749759e-04
6.835428680905057111e-04
1.236927369361400051e-03
7.837965484280302181e-04
5.348366320342062353e-04
1.397868682530694967e-03
1.325421672658593777e-03
3.974509920115238001e-04
4.710746557960456514e-04
5.366923496842715196e-04
1.480253672078313525e-03
1.755725465352034385e-04
6.751781996099043628e-04
9.750842295942761849e-04
2.446300757228154089e-03
7.324404306966676758e-04
2.874622599847282919e-04
3.422069629957944447e-04
7.690758719510401575e-04
1.300973706087918576e-03
5.358825038407974287e-04
4.753046865818168600e-04
4.682308344696520502e-04
6.781434071293991790e-04
3.881489787643073930e-04
1.016544849763625002e-03
1.106317907998403786e-03
8.226819566956212896e-04
2.472005203589258508e-03
8.308098160396639635e-04
5.459493767442304309e-04
1.285093529522202951e-03
6.356970124921233929e-04
1.196306719665735704e-03
3.572664215761322030e-04
6.206039109470770556e-04
2.796644999638113428e-04
1.466507139473662794e-03
1.421729652495590593e-03
3.274479567291948613e-04
2.421112119960303901e-04
1.059556483725551711e-03
7.260859946432670665e-04
1.881815276087310355e-03
3.005560746995207880e-03
9.376951863845156771e-04
6.890455862670627832e-04
1.390874972195049785e-03
5.500974735470617405e-04
1.096444231794541048e-03
3.259049001043630217e-04
5.108485154488469609e-04
5.187557601885516229e-04
1.111190410644378058e-03
5.394262092290972319e-04
1.016145946709503742e-03
5.810177407942300736e-04
8.312147486992424016e-04
5.973082927286036802e-04
5.229493695911532382e-04
1.065005021713266546e-03
1.158565841237029544e-03
1.413711106848369186e-04
3.681260035006202907e-04
6.645820572455297557e-04
2.256609369546732757e-04
1.050808447848863110e-03
1.453405145886356442e-03
1.285725338183921554e-03
4.725041038017624775e-03
1.872577542531737253e-03
7.565059570190253149e-04
4.972437462971334354e-04
8.750114919524004491e-04
1.665201272036024183e-03
1.245210371434372475e-03
7.221442130629160275e-04
3.140274817957018714e-03
6.109458430114463479e-04
1.564222448109725636e-03
2.770992903365711887e-04
2.221076460316048730e-04
1.353396957220276984e-03
1.263024255763310882e-03
1.478817218708652860e-03
9.154901066552659228e-04
4.780788439194427904e-04
3.112769107288444227e-03
1.675704607515312227e-03
3.566822269137286550e-03
6.625545991762768309e-04
7.612661203842924044e-04
3.853351668191650316e-04
2.086041544602890792e-04
1.278710412946758562e-03
1.038664476813416131e-03
6.931949362710323331e-04
1.408215726585712807e-03
7.427703509101841756e-04
1.164775014372514518e-03
5.588978806707119596e-04
1.587069532919399562e-03
7.100428089762218700e-04
9.036621080223593500e-04
7.483345828664735326e-04
6.978715405550431914e-04
1.455843640177117114e-03
1.930417003178384232e-03
4.888337116104086609e-04
7.989978424712053948e-04
7.607273339613015344e-04
5.222617459663620246e-04
3.571587598640097653e-04
6.993181529339039188e-04
5.820060161850496494e-04
2.787758093273108410e-03
5.287165797131384258e-04
6.587926287782649732e-04
8.535146892745508343e-04
6.568725444459489046e-04
1.039749441264892433e-03
4.384694074397859362e-04
4.006870892671294897e-04
6.105687349273322337e-04
8.242526543423381617e-04
1.798229505914856596e-03
2.410143276597473774e-04
3.827836136847089367e-04
6.929175854450943467e-04
4.935131351666267006e-04
4.904076152592412282e-04
1.265008277821954652e-03
5.599111433350798753e-04
1.622839716965856745e-03
7.379270284482107849e-04
4.895058857278292933e-04
6.273131151396899941e-04
5.288174920991251231e-04
4.846077483855663719e-04
6.097217068323947239e-04
7.902264414709002371e-03
1.648595538664434604e-04
6.300434209106829881e-04
2.920436552127815143e-04
7.353228017352015072e-04
1.692684353824792888e-04
6.908406021649361522e-04
5.956005426826027974e-04
1.035011261100187438e-03
1.226032915721095686e-03
9.933650435821088018e-04
3.699476397962148414e-04
9.826276231581223489e-04
4.892903313852812758e-04
1.000607191116578438e-03
4.245337344836215424e-04
5.178454991401979911e-04
9.121326459948776678e-04
1.602793638030177879e-03
3.411169725218407599e-04
4.767376826156508041e-03
1.464487713366537276e-03
3.582307541337773071e-04
3.582176189713900689e-04
8.837091789964688976e-04
9.281033891222052702e-04
3.279333430608628451e-04
6.419839273553916382e-04
1.738762817610292654e-03
8.105645355729069329e-04
9.027858237500833603e-04
3.756365778316884149e-04
3.693874728492312792e-04
1.582425505026846015e-03
9.928567310411690831e-04
1.052558815120173711e-03
9.986683224688704813e-04
7.490394934960412955e-04
5.043516668929309572e-04
2.426224536497734955e-03
1.126956729833869042e-03
1.677185478768958163e-03
8.922979667874761508e-04
3.698652666859083117e-04
1.278062346642447117e-03
1.374941383251072555e-03
8.743479642528375522e-04
5.064916320407471858e-04
6.147537335811035239e-04
9.178989644123419778e-04
6.643273001978731085e-04
9.994341905045439969e-04
2.840242698331438016e-03
4.324643977153502078e-04
8.598326350245118601e-04
4.191449517233332639e-04
4.637403617074315593e-04
1.351448376209211238e-03
7.997812896614035381e-04
9.633922548198516154e-04
2.520772744601068420e-03
5.585199250920718991e-04
6.274235203297724326e-04
1.820516324302293024e-03
4.847053988556821943e-04
6.190576116123740332e-04
5.117166389276194211e-04
6.983349446192072896e-04
1.529366611103841894e-03
1.062881205407439651e-03
3.146333952688410763e-04
1.379849516936364423e-03
2.781411839659258048e-03
6.931614101181763710e-04
3.284320943076523744e-04
1.398942371358250815e-03
5.574785584185749758e-04
5.868725299803203730e-04
8.695195447832042464e-04
1.039397595907316828e-03
5.879479372864134272e-04
7.902715617680428333e-04
9.736176003853258456e-04
2.966460615137964086e-04
3.245356685390419246e-04
1.215056228907649078e-03
6.964585398479249947e-04
2.801092703860134925e-03
7.438063198301203549e-04
5.670710596483561792e-04
8.335677831149526694e-04
4.587022821691175123e-04
7.124355773009019392e-04
1.108217783592248696e-03
8.526013118657309710e-04
5.042017216908006730e-04
9.132538909523554502e-04
1.166047757202191707e-03
5.228776480342341723e-04
6.007419166572621535e-04
6.551697894591862166e-04
2.186785640172632687e-04
1.878156133228508703e-03
5.322074739150906919e-04
1.622218707731351963e-03
1.156323433372995159e-03
1.853287127117467931e-03
1.015523455505274938e-03
6.525482740846021016e-04
1.706320146249085861e-03
4.032304875120127740e-04
5.327859248128734466e-04
1.097958511571794698e-03
2.425425972821053627e-04
4.042540153958424742e-04
1.594961760650479444e-03
2.810184692297128771e-03
1.421291845332377755e-03
2.382519291302487383e-03
5.755980728453606848e-04
7.776456313127016453e-04
4.832406045881662755e-04
7.495878878234192924e-04
5.385206203735082211e-04
5.357885254537450093e-04
1.046263770876727003e-03
8.205668684532540840e-04
7.938042873398279886e-04
6.666947053998039004e-04
5.598205211928551943e-04
3.013081394092604172e-04
9.996900541127573710e-04
1.172808819627420632e-03
1.240142791513194464e-03
7.479439375926989460e-04
9.635941119156406177e-04
8.161334951186040212e-04
1.159963342071319587e-03
2.862797242091634107e-04
9.060899799068515212e-04
2.472005203589258508e-03
8.646471360615561909e-04
6.240155558019464671e-04
8.659772353287473537e-04
1.097126210264085357e-03
8.653773831046006337e-04
5.573008639471221156e-04
5.259822830235788907e-04
9.744752319386190643e-04
9.020896279455235030e-04
9.494411515017313861e-04
2.958743023554600117e-04
3.648297179634944830e-04
1.125566693284962361e-03
9.886646512061668911e-04
1.580501621156631771e-03
3.783811971543604995e-04
8.809394180408858330e-04
5.535985008415292546e-04
7.866265075598137448e-04
9.862992739422236661e-04
1.027199781847759836e-03
2.234397154178459875e-03
8.376714614432830084e-04
1.125397382821982650e-03
1.671333521519940404e-03
1.068027246862777004e-03
3.833452170094285441e-04
4.906995307121804050e-04
2.410404551005672184e-03
8.795561709588057935e-04
1.827049412452935164e-03
1.263860211721069609e-03
2.102797538396842299e-03
3.959450092860183294e-04
4.855316986099055855e-04
6.278952305941732639e-04
9.558144650057398941e-04
6.666642726846817727e-04
7.072303582542719411e-04
1.360360916678525533e-03
6.751166285783699291e-04
3.739088997111879287e-04
8.401916531889605001e-04
6.801260590462803162e-04
1.950833459316605708e-03
2.746477463960061874e-04
6.897436056773978159e-04
3.433050955327706256e-04
5.787244544357126631e-04
1.105643637350728304e-03
1.125929198060815701e-03
4.546429627586891795e-04
8.170537746489127092e-04
6.284159106448740763e-04
3.351735213262190352e-04
5.089559740456187477e-04
3.037478686742600101e-04
4.407949703980408346e-04
4.556747140470521055e-04
3.411169725218407599e-04
1.405459440395998927e-03
9.785579928125183024e-04
6.523731243107434852e-04
8.455051868530683674e-04
1.138507044124843076e-03
5.674000298330246364e-04
8.696445828481348108e-04
8.996579506148242667e-04
1.026868599673593343e-03
7.363012142874333617e-04
3.774209629452493649e-04
4.724706261781406514e-04
6.238229035803937806e-04
4.338103013848671179e-04
7.175663164008898569e-04
3.272021038821114791e-04
4.986840774728337018e-04
5.592953486777994332e-04
2.850785614668897589e-03
9.382446397597786524e-04
1.033287165499682456e-03
1.256331349979516792e-03
1.029123727477575419e-03
8.090523292769675546e-04
1.089319625466643590e-03
7.078766869027627211e-04
5.929999683448534996e-04
4.801180726349105372e-04
1.285408141541544147e-03
4.497457004662866291e-04
3.116742177378978729e-04
1.375633925446407679e-03
1.147012133580331246e-03
6.557419806404177686e-04
3.235977471444890846e-04
6.829748296243890815e-04
3.792064027402013756e-03
7.611097509335967111e-04
2.869336056086290235e-03
1.477826395895494348e-03
8.476744324240863141e-04
5.996386407441867605e-04
7.166008279196937024e-04
1.365062301160206151e-03
3.651209135165157157e-04
2.135452833983954518e-04
1.075745025391620577e-03
3.734199772187279725e-04
3.475113721352384236e-04
3.066142869074257979e-04
6.341594630529808580e-04
1.030336224741392782e-03
3.523272428047095959e-04
7.572063893906389419e-04
1.420936806910561836e-03
4.003938081815446633e-04
4.625393188860551326e-04
8.845192731987363069e-03
7.392115025014254874e-04
2.110692820692316139e-03
7.390566263432992540e-04
4.399953087725943439e-04
1.798583501014322126e-03
