7.220982970941588553e-04
1.675091865596405397e-03
6.066900199810705161e-04
4.827103169314268132e-04
1.266060108422690589e-03
5.702425619265014166e-04
6.246465152156099442e-04
7.516301020258018542e-04
3.915844172970054868e-04
2.583652147851267880e-04
2.343373520129760600e-03
4.695471099489821110e-04
3.200708959621003779e-03
1.551260905411596877e-03
6.908299650646742337e-04
1.001228802229877203e-03
1.550378693999126438e-03
4.939100695248937285e-04
8.407182765427596762e-04
6.845520851554367939e-04
4.753795448570872942e-04
3.441674602349958250e-04
8.279206761996556240e-04
4.312467330425991531e-04
4.151871198308039923e-04
8.680745932474004606e-04
5.827361226988672736e-04
7.663311980000938380e-04
8.160081566866444645e-04
8.227962845697209650e-04
6.910106722420444056e-04
1.114597678914699790e-03
8.613606732561771874e-04
5.596564547105562729e-04
7.912610013572407347e-04
3.590893290112841360e-04
8.706556986221342283e-04
4.135444570934044238e-04
7.196941203044241895e-04
8.557370098954006571e-04
3.376338628377350691e-04
2.366322276847277004e-03
6.284475523641447348e-04
8.305476011237319022e-04
3.267979840200093918e-04
7.979940318926853279e-04
5.696034322235432124e-04
2.667164239025205741e-04
9.121384678266221142e-04
2.056344550047256321e-04
1.392507785012346002e-03
8.925586442326308937e-04
6.709941988335232747e-04
5.071291817784794650e-04
4.242927675395748079e-04
4.605401137209007029e-04
7.802659551095824991e-04
6.865217707286063115e-04
5.795100400714070076e-04
2.740170519907215042e-04
1.953148505171134561e-03
5.535530235459682445e-03
1.171319630962919158e-03
1.857274756280016597e-03
1.825654204187651067e-03
3.875800279617447894e-04
5.913352869404230223e-03
1.089473946770079743e-03
8.084137847624604106e-03
4.450978330100088831e-04
5.690431611461977107e-04
4.799120129141295457e-04
5.350855868482878776e-04
2.220882369940193040e-03
5.112123157995206862e-03
5.344417240216852447e-04
1.253328599413412953e-03
6.741371419011801510e-04
1.221499092879899757e-03
1.779060187183732333e-03
5.271366303224950343e-04
2.924926325149853116e-04
5.815237153685425290e-04
1.509222407531867361e-03
3.380710523359253816e-03
1.188903965752648260e-03
8.021627772990163122e-04
1.493037021086468085e-03
9.391860063733812637e-04
7.902606291478924067e-04
7.516123704950298644e-04
2.514819330077821581e-03
3.828819310275976369e-04
7.830427662877210634e-04
1.624302034282218117e-03
8.705008178468690754e-04
2.191803941582927276e-04
1.772059633853496257e-03
3.501028421823104654e-04
2.743980729405627508e-03
8.858341863351131950e-04
1.281509534834335360e-03
7.686308316151355515e-04
5.004243763858848802e-04
5.036736454714772120e-04
2.223617154838759434e-04
4.576911161376404449e-04
4.537151848424752446e-04
4.417504947591017746e-04
5.354070808198362888e-04
1.171910787381832877e-03
1.898002033283265120e-04
1.363599936452675231e-03
6.303157067905403727e-04
4.278979902687038970e-04
4.774237800054102364e-04
2.934771310190973682e-04
9.574467651246674343e-04
1.190012275551796282e-03
2.576226670286951305e-04
2.550751985406978211e-03
2.155527889355691215e-04
2.285874668679346942e-03
1.746538063177509835e-03
5.392975014921028327e-04
2.374998281942361945e-03
2.474520131143497555e-03
3.573009491514630900e-03
4.185391007923610013e-04
2.757516087937591349e-04
2.264847465146923699e-04
5.780374130895162563e-04
2.218395960316474087e-03
1.593758667408101031e-03
2.186734016359120729e-03
5.672160748552469451e-04
4.447749019693467533e-04
2.805217214667694034e-04
2.683660466545146304e-03
4.083739447337314185e-03
1.050135586047826588e-03
5.571584064524954475e-04
8.490080615698289337e-04
7.923779613659684201e-04
3.868499906320529871e-04
3.923857854433934083e-04
2.488229315966199390e-04
1.910334323626064175e-03
3.935762982629908849e-04
3.347660780065231834e-04
3.661569766691955734e-04
7.332148917150213118e-04
3.377428307227899398e-03
4.104307997663001546e-04
1.064308093113726286e-03
7.463221347461862151e-04
4.793370343048129864e-04
1.205311990335332329e-03
1.887563792116950245e-04
1.995625715107037770e-04
8.376841723378321541e-04
2.574401936448164380e-04
6.790017538817466744e-04
5.269391615491112076e-03
6.017792925428143945e-04
2.185605372195152489e-03
5.128532782785123929e-04
4.300580757746243492e-04
1.014834919625662128e-03
2.363650883128419749e-04
3.739145579736112015e-04
1.112272594230189447e-03
2.007846288201727870e-03
2.579448760998936420e-03
6.231863889136060380e-04
6.964076071599435399e-04
3.039217402466638449e-04
3.457056553508175835e-04
1.189173071774447246e-03
8.675750308212259836e-04
1.012494185367599376e-03
9.862661920336716990e-04
1.055018256446414466e-03
8.380751732703364213e-04
4.246591213608736357e-04
6.181443494663847000e-04
1.171732582387262312e-03
6.030636821442533378e-04
4.206096877798677375e-04
3.147627644253481682e-04
4.874634570874230785e-04
4.270018530849449567e-04
1.376485155133205535e-03
2.642301485250146166e-04
1.047605623493781408e-03
2.935780966454657327e-04
1.551259096406070500e-04
1.895659393983501698e-03
1.700060572768322771e-03
5.957775179390745754e-04
1.787281312406706780e-03
6.399882947624938988e-04
2.459678968266364846e-04
1.069908712611535376e-03
3.590893290112841360e-04
2.882681845471397539e-02
2.608244840923964265e-04
5.413064546713426467e-04
5.138450205477387194e-04
1.501028325472452329e-03
6.297456592438204718e-04
5.742408957075550600e-04
9.038599597236560363e-04
1.795820445289651778e-03
1.336169640832745708e-03
2.170864652218904586e-04
6.279907110570761035e-04
9.032867491430520606e-04
9.509890920158746951e-04
5.520846622181103122e-04
6.439855858075806344e-04
4.817730149928013900e-04
1.286104969566275727e-03
3.272596276455353088e-04
9.383149235074886773e-04
3.882213390511908861e-04
2.250609130961790335e-04
7.893343299103294580e-04
5.729897864828575578e-04
3.061966840119232812e-04
5.120520680554370820e-04
4.241390436661131779e-04
3.339836052522767926e-03
6.533526143164658084e-04
1.055449987096913293e-03
4.251627077794453290e-04
9.791207225929307936e-04
5.067250362342514639e-04
2.618253243688940194e-03
4.886968471398790226e-04
4.639786133838819712e-04
7.233281872195072501e-03
1.787281312406706780e-03
2.966796147483963253e-03
6.208615774457546281e-04
1.087339697009140826e-03
4.383423625734533965e-04
1.463970814445236064e-03
3.083010890198499511e-04
5.398904860011817996e-04
1.424261427231047865e-04
8.862824758507947039e-04
1.357032868742739842e-03
1.349649150865045140e-03
2.984102318752098262e-04
2.539356880014268913e-03
3.567562271229864448e-04
5.370332902917690499e-04
6.555579817392832636e-04
3.790771775906913552e-04
3.124273294753781281e-04
2.570993685413527083e-04
1.208302445112372165e-03
1.109657069956086935e-03
6.160037700559571009e-04
1.208325512872022089e-03
2.690204990791356804e-04
7.390105045268929342e-04
8.100532776570474507e-04
1.256220958630754371e-03
3.360109301814610751e-04
4.116419420726937515e-04
1.612690488427283601e-03
8.220430806785292361e-04
9.570605287134341735e-04
1.104097078146966827e-03
1.860856271197529961e-04
7.662410651843255729e-04
5.251115128022431407e-04
1.635013920354460443e-03
6.822692687016392770e-04
9.019149225578585284e-04
9.422161690898964419e-04
3.007343448833213755e-04
5.050931377572620562e-04
2.206326126243892988e-04
8.545946568771616838e-04
2.342530801236242016e-04
2.601173192959120605e-04
1.047365697956021292e-03
2.808950383992742388e-04
6.759888504706305316e-04
3.146794383889248256e-04
4.639531676425962784e-04
3.864244170177631721e-03
2.585246722506623568e-04
6.690920791610887458e-04
4.899826279031755522e-04
8.198125793325419580e-04
1.746803805479983608e-04
6.591821280143934838e-04
2.088748060660463820e-04
7.405362459075131827e-04
1.986721342919767555e-03
1.955438022286524070e-03
1.101751025534091107e-03
1.452788594032321159e-03
3.550202858556698632e-04
5.340616129599308134e-04
5.399092659042624594e-04
3.503766824309721456e-04
2.982353730631926141e-03
5.672160748552469451e-04
8.318036157144790676e-04
2.085240550197649733e-04
1.286740977278388615e-03
2.203844301219430417e-03
5.414919267421088988e-04
3.177211839868355624e-04
6.786828477936752198e-04
1.396401229193873104e-03
7.700800987315984444e-04
1.182519877334284146e-03
2.006329950041964804e-04
3.708178839534997636e-04
5.467241781227656205e-04
7.139459181162285603e-04
3.847502939684464287e-04
1.766439763357612221e-03
9.921256351687018742e-04
5.836841364312204917e-04
7.145479449786223177e-04
2.282593732309190146e-03
6.559608730124625881e-04
4.288233231007339361e-04
3.034364981253533295e-04
1.097809175730718760e-03
9.277846039388946281e-04
6.619327199788743211e-03
5.077238059337115493e-04
3.351627513593481798e-04
8.976643062004815857e-04
4.011531164368873801e-04
6.880314950363288504e-04
9.093886508749630991e-04
1.016895778866917441e-03
1.629894628770851145e-03
5.236516783428283922e-04
5.090807868665976751e-04
1.686744985440388582e-03
1.736100393629392180e-04
5.178785677128311090e-04
1.902140827855712231e-03
1.895014888368167156e-04
5.828398905381615858e-04
2.483581151620400701e-04
4.936453369716633762e-04
1.185967865666605683e-03
2.625853496887446703e-04
3.841519764623471146e-03
2.326501702723588112e-04
1.558625471833851835e-03
3.160970603942943216e-04
2.334188249472613473e-04
1.633738401409129165e-04
5.146421924808293946e-04
3.207730202296499322e-04
2.757948499124118747e-04
4.004166022572646852e-03
1.270532151997078767e-03
3.329305660142248009e-04
1.016679432640811348e-03
6.119019675443726188e-04
4.886968471398790226e-04
1.382648003279117639e-03
3.830591291608865688e-04
2.439263154045301796e-04
5.731785584588006133e-04
1.820711850502318993e-03
3.401205026822163983e-04
4.506808875498636430e-04
6.373048988199234328e-04
9.985824645540302552e-04
1.944875609124320850e-03
8.137935568435013690e-04
7.952140115924796141e-04
5.500347869800077715e-04
4.761116499913566730e-04
3.390176898854008105e-04
8.205593241955310996e-04
8.815395823689129448e-04
3.791361616413093023e-04
3.103963392734967758e-03
4.312417089262513209e-04
7.109902030535428328e-04
3.276930523861055935e-04
3.598071810823302483e-04
8.352127506762463145e-04
5.121120688389326067e-04
4.757115942146004028e-04
3.348328943174346374e-04
1.260694903342780056e-03
8.380751732703364213e-04
1.016895778866917441e-03
6.776974173619264860e-04
2.552919731804405117e-03
5.039428150094183052e-04
3.542217657577240988e-04
5.236062100174712804e-03
1.294604856681606060e-03
1.267567610085625724e-03
1.424767089325293216e-03
1.610330304891018343e-03
3.423501297649804345e-03
5.086088710341969384e-04
1.082693308722812095e-03
4.019671062278561916e-04
4.985247839331957828e-04
3.649093777493113899e-04
2.744781334787639950e-04
8.019324263153706925e-04
4.658029738907208043e-04
1.825654204187651067e-03
1.061900422634678726e-03
7.112226816338493686e-04
5.766953074513069336e-04
8.380751732703364213e-04
5.345817472361043829e-04
6.231752742191753710e-04
5.192041141912644066e-04
5.371087432319386753e-04
5.480456556633266259e-04
6.153062565744845660e-04
3.544025994671886975e-04
4.541920376130933763e-04
2.635499092656187650e-04
1.110829316722506321e-03
5.837592083340751355e-04
4.044847332689054326e-04
1.134931646947549616e-03
2.109707646994471615e-03
7.605061513337328574e-04
3.552685185883247359e-04
4.344783318987262993e-04
1.048831077055563821e-03
1.219380571242387537e-03
2.939213282099128002e-04
6.377282723838592323e-04
3.195017779491939177e-04
4.340737917037174932e-04
4.316624893585371196e-04
6.797942172279273273e-04
3.257132790676833399e-04
3.193078839694405173e-04
6.323990522391603319e-04
3.318424203542121574e-04
9.463973455373221426e-04
6.186542899520696814e-04
1.718316853457139113e-04
3.725559357651860417e-04
3.978123570059512149e-04
1.741999511728655695e-03
3.966262333314505900e-04
2.308528477488623522e-04
8.590391173274331688e-04
3.113597621220268218e-04
1.471017749546383755e-03
3.053927700344154315e-03
8.531724901502793284e-04
3.672751365945215243e-04
1.866972875692393978e-03
1.704973395520535846e-03
4.366826515749412229e-04
5.193711646075690287e-04
3.478403733093456520e-04
3.930607547557211402e-03
6.113742645648489018e-04
8.507241849299728874e-04
3.567244306124123677e-04
8.334592975513995796e-04
5.712077551677377041e-04
5.426591792755183904e-04
2.881468667623576633e-04
3.721404349850117939e-04
7.196529842915875674e-04
8.838691114793254628e-04
3.350671900267915932e-04
4.115639991245202494e-04
5.851435407422173789e-04
5.261009471981331273e-04
6.102639513306447891e-04
1.056704287128904527e-03
2.241626116262345218e-04
5.488587425193699326e-04
3.972438575681571976e-04
1.587565625370063660e-03
1.040875944281123046e-03
1.318454802736650743e-03
2.071323159966596741e-03
3.485287626061622681e-04
7.017856076991997897e-04
1.066337936583160520e-03
4.140164802919742300e-04
6.939990202246627046e-04
2.577069750328601851e-04
1.757895557493677078e-03
3.501028421823104654e-04
5.782284417900174049e-04
1.358259308845920959e-03
7.207818611546072413e-04
5.550251544486075553e-04
7.427275258613553859e-03
5.097464856746820525e-04
5.651440374609999684e-04
2.420991240671367868e-04
7.223682471148486911e-04
1.136764036730344204e-03
3.284632748830730391e-04
5.852140187855859590e-04
6.099718871343210325e-04
3.487854475282559921e-04
2.156993045021875666e-04
6.572298679136054107e-04
1.818426258473409282e-03
5.420897045998070412e-04
4.824006314541133523e-04
1.840143446469508475e-04
3.146153313721877960e-04
8.863685595611858065e-04
1.868137250398723206e-03
4.309162194970376711e-04
3.639491334150467727e-04
4.774091284527890236e-04
1.020368577154993298e-03
9.322264719370073520e-04
3.634612478399679852e-03
1.534430124247519430e-03
3.892156231402151478e-04
2.242271603222479833e-04
2.597434432887948822e-04
1.487151441607757448e-03
7.667280244914466804e-04
3.758540317685744349e-04
5.285533791281388965e-04
3.137086326240432648e-04
1.420682779569583300e-03
7.014102521654476700e-04
5.029272766129984753e-04
6.416226661658961045e-04
3.850194630975785760e-04
3.659005570054318533e-04
6.692204980253205204e-04
2.972900153343017754e-04
2.195270483058094264e-04
6.396058105382139251e-04
2.109707646994471615e-03
3.411036193825231250e-04
6.220236962005280855e-04
2.082626809237535671e-03
2.530757145996412999e-04
2.007603549536947959e-04
3.641013717891186186e-04
6.451191483792409562e-04
6.036984321798811353e-04
2.889627427943435543e-03
4.902205899687725986e-04
1.181150466471847646e-03
9.538441084324956456e-04
4.387701403347835094e-04
2.075271269383146980e-04
4.679118820374025345e-04
1.577246112737320594e-03
7.141588840811089953e-04
4.149311945925743261e-03
2.112608042546204601e-03
3.449035221656270630e-04
9.141561812861877289e-04
1.361241280649566317e-03
2.968905853281206091e-03
4.711195800023033876e-04
2.374677327329038391e-03
5.629960609609316845e-04
6.814218469280927410e-04
1.083690923660943521e-03
6.877645527687647857e-04
6.459342596174625370e-04
5.639544035296760113e-04
1.678652034152065603e-03
5.877605512279288590e-04
2.482184478259443893e-03
4.241724361356285383e-04
5.273315766853399131e-04
7.932406524923524271e-04
2.776680885051605150e-04
4.713554118616603526e-04
4.227669340686259782e-04
8.551772725884890410e-04
1.628108596808728378e-03
3.294069295406962293e-04
8.019727839056405667e-04
1.953148505171134561e-03
4.045950174862983774e-04
4.806336879887643243e-04
6.160304858514103685e-04
1.236443965465973708e-03
3.827399052683222685e-04
1.235797592803113956e-03
3.971862624701599960e-03
4.090935034977461761e-04
6.528703319600476142e-04
2.015615933977535725e-04
6.320773661638725378e-04
6.425509491397742414e-04
4.172763493950554844e-04
3.271097127845165381e-04
5.675797666502233616e-04
8.763563795985391354e-04
2.388573674925362461e-04
1.249227320586085129e-03
7.494260282152907576e-04
5.088702777412268527e-04
2.067391532816088688e-04
5.031012463287743743e-04
4.115380028201212279e-04
2.528035952430708611e-03
4.592315128171993444e-04
4.001737120754388479e-04
2.369671540532440265e-03
9.286239836248905795e-04
3.247793851153943563e-04
6.294749777674275544e-04
2.687924666012682026e-03
4.855028004764431202e-04
4.746196271880231271e-03
5.368334858009291216e-04
5.348341498055473979e-04
2.890429636574457124e-04
7.181762183053068318e-04
2.898775896903725579e-04
4.029582866988447049e-04
3.082069208059489015e-04
4.806336879887643243e-04
9.363086876205291981e-03
6.145382617560766429e-04
1.279036795713038317e-03
6.034746846102648568e-04
3.272618053909249819e-04
3.961585102391609512e-04
2.446517636641067171e-03
3.996249066902028517e-03
7.926626933601845556e-04
5.875168316788288367e-04
4.572779877232194235e-04
4.376279385892665325e-04
1.856061963651203968e-04
6.808026686620856534e-04
3.299384879480493681e-04
6.545381327120305742e-04
5.273541329035141010e-04
3.902813642927824354e-04
5.890045412754693925e-04
2.875242022807127356e-04
1.391392154657435272e-03
3.675020013286873968e-04
6.168143265878188886e-04
5.641221824200765662e-04
2.897168103915384423e-03
4.114297377828019138e-04
2.193209853672269810e-03
5.771945780523139724e-04
5.276897115773741950e-04
5.843679732017475125e-04
5.309770442431426462e-04
1.231811140151543339e-03
3.478147043452819152e-04
2.917041707154882928e-04
3.717628459484566012e-03
2.573021582328315657e-04
4.574922631405301671e-03
4.543129009907062609e-04
8.130443580032093972e-04
7.181724736331793289e-04
4.746461471426005759e-04
4.411662972426053965e-03
3.165791567807767215e-04
1.148122961425890841e-03
7.389494188501287636e-04
4.536263838090783744e-04
9.280609371687292049e-04
4.969826541900945445e-04
6.764337202252557841e-04
1.110115487039170122e-03
4.848083465577709083e-04
3.723665144419934046e-04
5.313607350196136768e-04
1.191311314154667794e-03
3.276267167217909357e-04
1.108524309633098512e-03
4.132599682006553592e-04
9.640550201743993807e-04
7.605132463170783752e-04
1.931984314946905666e-03
4.470973392824689058e-04
7.350296210168334428e-04
1.319562384608785090e-02
5.318499795623705994e-04
1.392558977698685587e-03
9.292091263493232160e-04
1.348753351774620995e-03
3.169239995993240917e-04
2.240092628497537927e-04
1.068211593504577199e-03
2.102289361271459170e-03
9.548271626698168505e-04
3.234512735833489452e-04
1.433755948945841926e-03
4.907284260562895951e-04
1.599897459001173956e-03
6.282674981635020910e-03
4.140001054187551939e-04
7.779429977225119216e-04
3.376338628377350691e-04
2.720703368238595096e-04
1.297554020599818751e-03
4.413086521998252983e-04
1.839696393503223101e-03
9.846550643320887801e-04
6.221085174421067546e-04
8.204445689383987059e-04
6.784412801180371693e-04
4.603847420537694399e-04
2.544699816945105407e-03
4.557439084452413855e-04
6.301294554779172073e-04
5.877605512279288590e-04
1.058119581546710253e-03
4.363888057813377144e-04
8.766392375214778756e-04
5.431718753419282350e-04
1.638779201789650457e-03
2.315739864329733905e-04
1.610922229557113861e-03
9.927604997856263793e-04
2.050725636154646092e-03
5.640750283356720613e-04
3.445038137456511219e-04
1.495503356875740137e-03
6.571195913155285055e-04
9.025078899108730573e-04
1.358362451577796535e-03
1.404878713856912631e-03
4.339323783539155723e-04
3.171177142331268583e-04
5.250313968199692670e-04
8.720124698342173472e-04
3.907345728418702420e-04
2.583565369911291392e-04
3.944154634099437950e-03
5.213784671957643561e-04
3.971862624701599960e-03
4.566979975788688982e-04
2.255517728160159625e-03
4.047086350163976352e-04
1.115626717172411722e-03
1.663529591332166789e-03
7.838698715990099521e-04
2.199379203897366931e-04
1.318454802736650743e-03
3.185589791675944808e-04
8.539316033437531527e-04
4.560583874645741682e-04
2.234098959612757266e-04
1.081703994001698057e-03
1.690839493305322126e-03
5.341220348476181110e-04
4.029804769416798181e-03
8.529414608122224371e-04
2.897150617392343984e-04
2.171194204241015148e-03
1.676192588859091222e-03
5.177151916781393701e-04
5.252393124389595144e-04
5.350855868482878776e-04
1.411125878496498256e-03
1.125884165016271437e-03
2.420991240671367868e-04
7.912561000080979958e-04
2.280713671648794925e-04
2.240591167887276674e-03
5.964190932665572884e-04
5.200232377340667988e-04
7.638663405301980959e-04
3.922457410163532549e-04
3.867715314853941615e-04
5.980881068563478637e-04
2.491963167366697141e-03
5.544572474555298702e-04
1.329933140418848581e-03
1.659568836393100332e-03
4.039202519473373914e-04
4.193544018895495090e-04
8.044691451931102865e-04
1.193681496689876116e-03
8.847906703691008241e-04
2.897150617392343984e-04
8.826257379924662373e-04
5.235530553251190045e-04
8.200475015942142610e-04
5.212640564136251974e-04
7.624075055341378738e-04
6.968558519563696233e-04
1.202183037160702147e-03
1.969122715498655349e-03
1.537876355321963562e-03
7.599505886941320841e-04
6.908224726743731735e-04
8.192902267695265214e-04
6.495022692971398615e-04
6.139463873769018028e-04
4.791225288925424577e-04
5.734300180566332186e-04
6.884897172159650316e-04
1.460145753602841738e-03
4.243251667737248491e-04
1.179411395899198408e-03
3.816341942351789921e-04
3.285891797064409794e-04
9.249272334582632222e-04
5.408919950249938728e-04
5.217391181775708243e-04
2.617915203980041364e-04
7.507052461418327761e-04
1.007294921935747954e-03
3.102296880621588176e-04
7.279643347019210163e-04
8.021119302192394104e-04
1.465513848817128883e-03
1.040644077544648294e-03
7.996175235577618941e-04
3.622909283713640800e-04
6.724058569291271013e-04
4.042227846108301277e-03
5.571037143035515110e-04
1.133679414936959859e-03
3.324686034750620116e-04
2.706324729932632102e-03
1.596371604599844006e-04
7.179848824955170541e-04
3.363250259156331406e-04
8.067809894777937512e-04
8.556434778696367718e-04
1.567454451214669604e-03
6.736531413627400589e-04
6.280521182231301076e-04
5.734300180566332186e-04
1.816387162416368151e-03
1.775166229188676614e-03
2.572028526257017530e-04
5.209339016881137227e-04
1.020135857847244551e-03
2.872749913711731564e-04
1.508122736609508827e-03
3.151862200713060821e-04
5.067946673002047576e-04
3.093423494772025960e-04
4.827103169314268132e-04
4.455880601214630551e-04
9.223042591886649808e-04
5.906323664963751378e-04
1.069964691510397192e-03
4.834074063859434395e-04
5.430491509957745700e-04
1.373988459876046130e-03
4.830026510542673093e-04
1.665635078015605857e-03
4.842311767470797602e-04
5.004331824835108302e-04
1.973135766178994103e-04
2.637101327887192859e-03
8.359360482278644245e-04
9.497392317075513749e-04
6.383882147707476687e-04
3.418195458867296873e-04
2.563232994043906357e-04
7.377121257465010622e-04
1.014003180439944189e-02
8.040905359967821494e-04
5.271713376763664674e-04
4.250776862683801186e-04
4.824899634676638183e-03
1.221664260696390925e-04
3.883945106378269667e-04
4.227669340686259782e-04
4.723003127620976752e-04
6.414564816748127667e-04
3.760575932681434414e-04
5.331601985631812760e-04
6.271153259419741778e-04
7.346759215019592207e-04
1.122845451555791376e-03
4.310026238836614119e-04
8.190006843339516602e-04
8.022020924859249663e-04
6.905677965523205264e-04
2.962372032210316020e-03
3.377428307227899398e-03
1.154188778792081607e-03
4.925560054220985392e-04
2.818470008847108162e-04
8.342676605504065548e-04
6.974866928325755815e-04
5.013369458234283793e-04
5.517391141180880100e-04
7.746469596537423593e-04
3.341096259635919098e-04
2.011215284724774364e-03
7.906408669894656859e-04
4.268566212710488009e-04
2.912703524883470448e-04
1.931935017868541792e-03
5.696036116878381997e-04
7.135761391718470608e-04
3.251278150021040536e-03
3.503749988425031506e-04
2.306300627821997466e-04
4.687691644914350237e-04
5.280343430728285346e-04
3.396902276994060105e-04
2.928908159863510483e-04
6.085505970739385961e-04
3.384418497524975143e-04
2.649182501015562730e-04
9.306088661534734664e-04
3.579967091958052914e-04
9.261670781481457079e-04
6.304042358281767471e-04
1.084595385670673829e-03
1.427244964968637478e-04
4.557439084452413855e-04
3.709254727620897064e-04
4.761191508134411080e-04
5.523549872822167183e-04
2.582080739933984362e-04
9.025904680650455878e-04
2.513403397681599123e-04
3.775400732837981316e-04
6.405632391153272829e-04
2.280713671648794925e-04
7.951239779283961499e-04
4.312842156041861831e-04
9.246135978077349741e-04
6.432165431795343943e-04
4.878619674630405305e-04
6.408616332934390135e-04
6.493932472465700680e-04
1.373988459876046130e-03
1.627430353574402635e-03
2.203781936993165112e-04
7.141588840811089953e-04
8.432721231361431542e-04
4.011992013832318461e-04
3.424255305321051174e-03
3.591596626894563455e-03
6.040864862060906773e-04
1.341299803997206925e-03
3.537779593966447543e-04
1.449948492990524871e-04
2.275685370026798320e-04
2.119136855003938072e-03
6.195702053036684399e-04
9.363718649919792721e-04
3.268718389290048865e-04
1.381221650094551726e-03
4.853165201225296947e-04
5.963479443351167239e-04
1.766870364995617310e-03
4.609371647545009712e-04
2.590615406985145451e-04
4.761559670145076102e-04
4.454117698152725035e-04
4.457303880347313844e-04
4.101615315963322533e-04
2.703754309668060778e-04
8.839260273459786108e-04
3.353413587516790935e-04
3.813416524777883719e-04
5.383791417718272049e-04
6.257861614694502526e-04
2.470972403243871986e-03
5.921687949851249435e-04
2.143135097737106174e-03
7.220982970941588553e-04
2.249085371339276662e-03
5.272123945467831717e-03
2.268509745079147781e-04
1.111777047611380758e-03
6.541343279473369387e-04
1.016895778866917441e-03
1.053420935162501914e-03
1.136176383734183995e-03
