1.214929252672925560e-03
5.558489303851727207e-04
1.001702107009169035e-03
6.496538306187356121e-04
1.108233034767699705e-03
1.979451928978512190e-04
3.362723565593732085e-04
8.557128060403033053e-04
4.702421033146964263e-04
3.564651180071385598e-03
3.490342004560546070e-04
5.248266863594649697e-04
5.055471395826529072e-04
5.549773154383669509e-04
1.053846980482954368e-03
7.202189868663838677e-04
8.844195889428723388e-04
2.268466155264852423e-03
4.946528323013066981e-04
1.039599068461069054e-03
4.832949949400602418e-04
3.407441207315330361e-04
3.391430491250013507e-04
2.063776570990404069e-03
1.661732939796233639e-03
1.072409669642739125e-03
1.177359545801057346e-03
9.619323842370168564e-04
9.374083920713054694e-04
2.921817137634816685e-04
4.516909142718289602e-04
1.646034270257502137e-03
5.227413320014279380e-04
5.958436560352701420e-04
9.295560741235342440e-04
5.710217267885889540e-04
1.296270296876820627e-03
8.815499045409409817e-04
1.138973689885332610e-03
1.216278774893698360e-03
1.666124535675047235e-03
3.150880485543776843e-04
6.797545007201459804e-04
1.570637887299181556e-03
2.216598883772691059e-03
6.989846213149416600e-03
5.601135870471430972e-04
1.528300678233069764e-03
1.525648246421915967e-03
4.171477557271869099e-03
6.830701939937111004e-04
7.413956229488353642e-04
6.769452288308837979e-04
1.519957936873942306e-03
1.046381330959515526e-03
5.899758552197801112e-03
1.783290921464122979e-03
1.359207862284023561e-03
3.352231886831895684e-04
8.542534630747626936e-04
1.244299944856192127e-03
2.919501630737576011e-03
4.093093030655671157e-04
2.592547682984231946e-04
2.773744410365584475e-04
5.710217267885889540e-04
5.382273309546120859e-04
5.332748645148780104e-04
3.280537090134822277e-04
4.600036000848672750e-04
4.946393024599479889e-04
2.378707456440247881e-03
4.470826285554426252e-04
4.851798649034331319e-04
1.080257229565293473e-03
4.755462597269652803e-04
4.883885894709751518e-04
1.025357239917495987e-03
5.501180714480292900e-04
3.118872321261802281e-03
3.717121239672547097e-04
4.815622120659523043e-04
2.124158211995774790e-03
1.031440602425375648e-03
1.347191141979475239e-03
1.143267482001174111e-03
2.949366234692744546e-04
7.422534061995845036e-04
1.192601503958790445e-03
1.384031095856658742e-03
9.667615530080831288e-04
1.727302905936340055e-03
8.915528022463781524e-03
1.247018752390006329e-03
4.675869782183158987e-04
1.196309766399637113e-03
3.609616887609964539e-04
1.385232258582152131e-03
1.540803006773735096e-03
1.848418220274814340e-03
1.121399284448042948e-03
1.808446927564113366e-04
5.080676434105932089e-04
2.011866756942475780e-04
2.126700486208524428e-03
8.956677855570989184e-04
1.694686087149169327e-03
4.670361340626253592e-04
4.953703185911206841e-04
5.925616460448744106e-04
1.292631355179123557e-03
7.065604995665578916e-04
1.135038153677027806e-03
2.232835866623034094e-04
5.647449299419645243e-04
1.116353882642266400e-03
2.948057805431411691e-04
1.734346945565525509e-03
7.307656576719586414e-04
1.049410625650005731e-03
8.914149138098933015e-04
3.857692115781596789e-03
6.545393299343982589e-04
5.972630474458978005e-04
1.728823466894561199e-03
8.733053860617736967e-04
6.184930775360040003e-04
1.028716242378885457e-03
1.314095703276406228e-03
1.499642316058278323e-03
1.531172913150257798e-03
6.772282501994611806e-04
1.141843320772002301e-03
9.280064216312181036e-04
1.845169559448440555e-04
2.380406452462651389e-03
1.197424814195521652e-03
7.728240213229171452e-04
1.658473993036336689e-03
3.168312408341691791e-04
7.433996212815137047e-04
5.254385917712088919e-04
5.266482205297503888e-04
2.941453904881972427e-03
6.420354187735049156e-04
8.519195932736159165e-04
5.219639593068181897e-04
1.150137031466274325e-03
1.319152752899841298e-03
5.618323101788002443e-04
8.209871523586373355e-04
7.459674460598325662e-04
9.036643578878474905e-04
1.300205187008479039e-03
3.721281325315314945e-03
6.723692641680234202e-04
1.715231744206844808e-03
2.941467743522718347e-03
1.095237501218338958e-03
6.989844432276991594e-04
1.577714876382811616e-03
5.608595669988342006e-04
1.325670551965101810e-03
2.284268645771133071e-03
5.066377804198495070e-04
2.031198747585464138e-03
1.601508851988192204e-03
1.226980749491267137e-03
8.623891369336361690e-04
1.067101722670803828e-03
3.628305803857588964e-04
1.338584167159397953e-03
1.037986145956754352e-03
4.352380917159166633e-04
1.425791558751224580e-03
9.090108782879367626e-04
2.086714996845556497e-04
3.695723621578458451e-04
1.432186216606904077e-03
6.438784196402989272e-04
1.502041097991376481e-03
1.002050836757338104e-03
4.111163607279473488e-04
1.014389134605290111e-03
3.794949449879185055e-04
1.066182831494295663e-03
1.226356699350556910e-03
6.417083942792322585e-04
4.892147036965181252e-04
1.555996137657340416e-03
1.001179217400988966e-03
5.495345824980246013e-04
4.948524313454236243e-04
1.108233034767699705e-03
6.332167251628789944e-04
5.075399192516740149e-04
1.058086432321955110e-03
1.300205187008479039e-03
1.059461076025314990e-03
1.509077856159698854e-03
3.597829459901876110e-04
4.861353410139517299e-04
9.972088391896063390e-04
4.121827996196535636e-04
3.406793739403850187e-03
1.045254042527475483e-03
2.442197832583248990e-04
3.928807700785109610e-04
4.848173656635831430e-04
1.780478694862815776e-03
2.951505320843400668e-04
1.002320351309206456e-03
9.562688827021157464e-04
3.320852407286114995e-03
9.353222293359130402e-04
6.142453789215801194e-04
1.635069749889143682e-03
1.374330574840374949e-03
6.948737203652352763e-04
6.812003526894259194e-04
8.882964705778980535e-04
2.861695924969621008e-04
8.259931468606956061e-04
1.109777323041692514e-03
1.763274843171809287e-03
6.745610383920756055e-04
6.463722127198648186e-04
2.436908824524121504e-03
1.052833473222598241e-03
4.476169559383249359e-04
1.351148482305169476e-03
8.241097859950304071e-04
6.012556061939062450e-04
1.029558131382645294e-03
5.320729151417591092e-04
2.613385745581982300e-04
1.121311349843516405e-03
4.417458044623060213e-04
7.311285258543695400e-04
4.438554657165572222e-04
3.080773049539379410e-04
1.008830784799198124e-03
2.496552840616576320e-03
4.691612678306914929e-04
4.178803814257591722e-04
6.300883454534382099e-04
2.105512288111067044e-03
7.287611349037415769e-04
5.623578578275598367e-04
1.235251943612024816e-03
1.188032482519925164e-03
1.447878257625854993e-03
1.006307693532244559e-03
3.110283709888331640e-04
4.327989963037380495e-04
5.473998134449022113e-04
6.135601226378598018e-04
4.052863971503521917e-04
4.984237163185260963e-04
2.265135364990356233e-03
5.860135599905760741e-04
1.499620798767119624e-03
2.685636924983463014e-04
4.241752768106698689e-04
4.294773120407475650e-04
7.475925424966987616e-04
3.048531088118980803e-04
3.468184398534076424e-04
2.515642618968580175e-03
8.632913458038357331e-04
6.863757365682157359e-04
1.276405441473387565e-03
4.017497952658811078e-04
5.590263449829275437e-04
3.294590859655808905e-04
4.069150114128797452e-04
3.910748886296688083e-04
1.348933132554853021e-03
1.075120379777052843e-03
3.345646247077388035e-04
4.800535590392768183e-04
1.043200603772468423e-03
5.667067577770880859e-04
7.022686804631587260e-04
9.339123689581899134e-04
9.048908937700043953e-04
6.795689160550078597e-04
5.037118406059450972e-04
5.328157963532029586e-04
1.851313080928132081e-03
8.209871523586373355e-04
7.443770591025511462e-04
1.502041097991376481e-03
2.358168459238605210e-04
6.050530326002554306e-04
7.545870214497100948e-04
7.080202782828677382e-04
1.459703082106262890e-03
8.483012610806580506e-04
3.706310213336812503e-04
8.672921095331373106e-04
1.183197526551095025e-03
7.471888452260608835e-04
1.645522659172941882e-03
6.440857241629568920e-04
1.806073733849120413e-03
1.192625651159813028e-03
5.481771132249855464e-04
5.720245769138331904e-04
2.537368390329277495e-03
6.202682046584708257e-04
6.734806214527596507e-04
3.411666459218810378e-04
7.919555981913521409e-04
2.767425172910978944e-03
4.145948467205261127e-04
2.854947594952579864e-04
9.974327030916414673e-04
1.640926307992289675e-03
1.400973245547878707e-03
1.006307693532244559e-03
3.778900174323472074e-04
6.811005613990753606e-04
5.541078747147325841e-04
6.913451236605802587e-04
1.064375331859537029e-03
7.732067684703229898e-04
1.098187777736979454e-03
5.272013917280318849e-04
6.629104140233476770e-04
6.201437172812226733e-04
4.533611183113416790e-04
1.229136303973509588e-03
1.818461895197505916e-03
5.334646567084331712e-04
1.097479785949498788e-03
9.862958635690735523e-04
4.636605778799269780e-04
1.103475215705269213e-03
7.711471835995719823e-04
4.396042010154778239e-04
4.742291126871076945e-04
7.354995222283053314e-04
4.611857894582594222e-04
2.068158991996073021e-03
9.194647175070198809e-04
8.132744525909849868e-04
7.325630779195809296e-04
7.243177659522465452e-04
5.260287742142476155e-04
8.638906179728679437e-04
1.540893044122081199e-03
6.891218412757518655e-04
1.170714589347839844e-03
5.622440900469134403e-03
8.423370463986321922e-04
6.867785917689596571e-04
1.064573535644030948e-03
4.921971947700612892e-04
1.288342237032829825e-03
9.547078368516102040e-04
7.463994766522223786e-04
5.754341093517009731e-04
3.444794703384510080e-03
3.428585708851220287e-04
7.666669133835322687e-04
1.250113465765648451e-03
8.905888621489442417e-04
3.010407774008812222e-04
1.418844672216168197e-03
1.029741646742505503e-03
3.426123590355115590e-04
1.234637487374582983e-03
5.096519341699757124e-04
5.152516339586902215e-04
8.360875736940727226e-04
2.936290909419818785e-03
9.266873264881287818e-04
3.508562409581193731e-04
3.536602363148920241e-04
5.700794048425459086e-04
3.836381473180317989e-04
7.129940990095331001e-04
8.894011778994324402e-04
2.054072910696788917e-04
5.109272239429301678e-04
1.839804371729946309e-03
1.363144637551179763e-03
6.121921059071370195e-04
3.456568079695689208e-04
5.700794048425459086e-04
4.178081129082256650e-04
2.119844903805834496e-03
5.649783880895742003e-04
5.815323793146233867e-04
8.299858377379987521e-04
1.165545005380623066e-03
2.865825658781521318e-03
5.311540740157625305e-04
1.235251943612024816e-03
3.855806312333559548e-04
8.190598390663442023e-04
8.751802797283958621e-04
5.966990640251751497e-04
5.096519341699757124e-04
9.106194845398121263e-04
1.139949458515357320e-03
4.733858924474730677e-04
9.320582092821532794e-04
7.460592621177056672e-04
1.837449089542988155e-03
2.243183296926473040e-04
4.668726211032454528e-04
8.995771492391987272e-04
7.037116068586989114e-04
3.793969908207792618e-04
3.833460553047162225e-04
1.055045541650163638e-03
2.003222052673487782e-03
1.184603424016411177e-03
2.412094854810694928e-03
6.644507334301664493e-04
1.445921889660451830e-03
6.659304062342617401e-04
1.710829407013276680e-03
1.346209281888052084e-03
3.508459049145627034e-03
1.035306372165605135e-03
6.627024872066107066e-04
6.550182646330928327e-04
4.915437073151617290e-04
8.768065780333474720e-04
1.151390097395068104e-03
1.042730033182320132e-03
1.170714589347839844e-03
6.659304062342617401e-04
7.402271296489059630e-04
1.197949030358057450e-03
8.045674943163303372e-04
9.517024733469976825e-04
6.565085340096225288e-04
4.174076206621457120e-04
9.718513893554437495e-04
1.116073655293679323e-03
1.019186989768411378e-03
2.692854393042098927e-04
2.793101911304859031e-04
2.951798570485845681e-04
1.229272404275035977e-03
1.476309682748051322e-03
1.216138555855876806e-03
3.472323791087453173e-03
7.636537380508480726e-04
4.199779050669942581e-04
1.881172031043051775e-03
1.065424800116789592e-03
5.977594142513299692e-04
4.161248212250621037e-04
3.621815011449780485e-04
1.292724660918833203e-03
5.843792154963055839e-04
1.388572140239540060e-03
1.247018752390006329e-03
2.406493650108813137e-03
8.963550382109420527e-04
1.143815838969915958e-03
1.032949333416162971e-03
1.048377782103110866e-03
1.095174147827054825e-03
1.480299800921535715e-03
8.306289730686691828e-04
1.013564056971180596e-03
1.657046546431851283e-03
1.371918850390771655e-03
1.787207714587134332e-03
1.183469109082488412e-03
1.004942875216466346e-03
1.155816627724521716e-03
1.950158552772476676e-03
9.940267464906915942e-04
2.288247922962041790e-04
6.802020242039476337e-04
3.608908672670637155e-04
3.280816622142785624e-04
6.104974193382703722e-04
1.196133890209549137e-03
6.212979967997786079e-04
1.554610920832772986e-03
1.023349479242115397e-03
3.742632713111623973e-04
2.217972039954714796e-03
7.212389441608311373e-04
3.223050177862196632e-03
7.912613313317812648e-04
4.775057926568569569e-04
7.788597766473396656e-04
9.895663465202808855e-04
4.844110443449337251e-04
8.090221946746434375e-04
3.885261313804807539e-04
4.116708364206986465e-04
3.036239193151066685e-04
4.291132579022074664e-04
4.382670336476316071e-04
6.654632796986827614e-04
4.009269881158960343e-04
2.000970969625233159e-04
8.166558461783257660e-04
9.059000562383534485e-04
5.324583152103254825e-04
8.517306433069056623e-04
1.136159573030619567e-03
8.958519189264094922e-04
2.016025597139755460e-03
1.088192784961932672e-03
3.436284418203593345e-04
5.299043434020459355e-04
4.742291126871076945e-04
6.734532094357089738e-04
6.517478178051366996e-04
5.793113372687620690e-04
8.319077130899758506e-04
6.510736336877599858e-04
2.313471195747222409e-04
2.716621224063873693e-04
1.314529674385462232e-03
7.788597766473396656e-04
5.074835972550427107e-04
4.131808020573651016e-04
3.565758879148407320e-03
1.058881413821779593e-03
4.177427223982617876e-04
6.878005769697921688e-04
6.790067132572103576e-04
6.675642187543215627e-04
4.984237163185260963e-04
9.680775436261685168e-04
4.380534067566370956e-04
1.146206535836093686e-03
8.252267950558939266e-04
1.934802009627841716e-03
1.382867628305758630e-03
2.918951400333568954e-04
4.035619265751455836e-04
4.527261057343857399e-04
6.844813455575561156e-04
2.679476396260012405e-04
1.871881309245307899e-03
3.714225222518849627e-04
5.654018204239364591e-04
8.728319962662445426e-04
1.028077119665046172e-03
1.035237648159275216e-03
1.024958522587548181e-03
7.493390291230385240e-04
4.926735032743889643e-04
8.223152156247112319e-04
1.040658600133443452e-03
2.768963766204435989e-03
5.549052958302726733e-04
5.581785295134273489e-04
2.498871570876218424e-04
9.299221206792476465e-04
2.328269518219589743e-04
1.245919828287615641e-03
6.142453789215801194e-04
6.363442386263657964e-04
4.108419981985394023e-04
1.433408555384283216e-03
2.266469944460293949e-03
5.218602741721660573e-04
5.049227647062423273e-04
7.437136706246240967e-04
4.636605778799269780e-04
1.173503889595134539e-03
1.088772299694316893e-03
6.760528582565321527e-04
7.071728107868573013e-04
8.504026138303385487e-04
1.484621126949915411e-03
5.210185517572455153e-04
7.789363663052545047e-04
5.701913911564301116e-04
4.321673712133067952e-04
9.721328821022112709e-04
1.221571290948463093e-03
2.542797560919073628e-03
9.340159681176492604e-04
2.693570741710989234e-03
1.099032369573990121e-03
7.463994766522223786e-04
1.617423533899821700e-03
1.166170010073673676e-03
1.884988980017885405e-03
9.179975638097885018e-04
3.090296204347892637e-04
4.673352124135983585e-04
1.416809208632162321e-03
1.771553308950951991e-03
5.314950591215455425e-04
6.980102965908417233e-04
2.445777501659966713e-03
9.065816966467059789e-04
8.724166432759391252e-04
1.432439289408183377e-03
1.224088706342465549e-03
2.000970969625233159e-04
1.508113960623415828e-03
8.502310476693184828e-04
6.156886352162402841e-03
4.633214792281179547e-04
4.299618199162757960e-04
6.602020488459663669e-04
5.618956814305771938e-04
3.923630932822384982e-04
2.703571398357089710e-04
2.454604887581992266e-03
5.069939234416198995e-04
2.869491811542165122e-04
5.128896889664715355e-04
6.246095474473494251e-04
1.108233034767699705e-03
8.367832582281474300e-04
5.001815480127305051e-04
2.747038048076975926e-04
5.441107200985380830e-04
3.809741117984241036e-04
4.907622500617581400e-04
3.660851018889554865e-04
9.491502980567932809e-04
1.291608118446118010e-03
5.675767442607335296e-04
1.093093472722086795e-03
1.859541742042018905e-03
8.918139055843572662e-04
3.279424684859377076e-03
2.875701777244589691e-04
3.712038220570853435e-04
7.101548986251693439e-04
1.038151437209064703e-03
6.697487979709147807e-04
1.036561034999051263e-03
5.383409129433395232e-04
4.512752198640207664e-04
8.660640229250918861e-04
2.515642618968580175e-03
9.193528105769919372e-04
3.745155600148802953e-04
2.700025333450272163e-03
4.542242894562518074e-04
2.576779155064379268e-03
3.874945908917222168e-04
3.326714847326748409e-03
1.880639846505456798e-03
9.991412260131719847e-04
4.195534796532379446e-04
4.118409449880543476e-04
1.108312071350234067e-03
1.317488504096264203e-03
1.440866324074806552e-03
2.918951400333568954e-04
6.202673691973753381e-04
1.841856423034490689e-03
8.265000574809170308e-04
3.762140624280528936e-04
2.438241186182630953e-04
8.185927145471733144e-04
9.505266209283976062e-04
1.301881523725200102e-03
3.575929509670727215e-04
8.297892898263651033e-04
1.056464323062352275e-03
8.776127563325488356e-04
1.019496536063855359e-03
7.354995222283053314e-04
2.574836412590809117e-04
4.332380619648588233e-04
9.707427925849959225e-04
1.786040333491948273e-03
5.567095840374342583e-04
5.001679967427738590e-04
5.211609448598189705e-04
2.762805250414528645e-04
2.909841963398513776e-04
5.105982976107207010e-04
8.689135452080324956e-04
1.205737697926281132e-03
5.561768882441205314e-04
1.883192440500649307e-03
6.973678553314165401e-04
2.081620982711642810e-04
8.566160948835435532e-04
5.595654884734445680e-04
1.321149651329802787e-03
3.592451624119579129e-04
6.043122520298666728e-04
3.729858179678491011e-04
1.881964852148183907e-03
1.040490499460513130e-03
2.930699009159006604e-04
5.436507418322484219e-04
7.599225840596141555e-04
6.943765428033175056e-04
1.246974697129469797e-04
3.826415106152730164e-04
2.354784292550313792e-03
1.984232797265761655e-04
2.454133315286344502e-04
1.156230780205684408e-03
1.385232258582152131e-03
9.803579081837164415e-04
3.193070088932512722e-04
5.025642452477945606e-04
1.407662805060943536e-03
3.189327199075934604e-04
4.783847257062775614e-04
1.170714589347839844e-03
5.096976961154041797e-04
6.878624095504236530e-04
6.894114443204171728e-04
3.390093833670255498e-04
1.297772986328900053e-03
1.087122490164562196e-03
3.390133437132393903e-04
1.769130134704678886e-03
4.965076303856522967e-04
3.799729552050037582e-04
1.166271824351771715e-03
2.135141702313899000e-04
3.139473274659796472e-04
4.313835844074604938e-04
7.959605535610390914e-04
4.164083115126734598e-04
8.235379104560830834e-04
1.364232441175578219e-03
1.869452729421816313e-03
2.214507194396985595e-03
7.167445432028636543e-03
4.150005294086583007e-04
4.214731266474939868e-04
1.102731130250294081e-03
5.777917448998175264e-04
4.207437151082912743e-04
5.649783880895742003e-04
2.113966185496919583e-03
1.528973753111307569e-03
8.756679085662121779e-04
7.208214589489002214e-04
4.974140313416594702e-04
8.050246548022500694e-04
3.770451515294454643e-04
2.446022881456571315e-03
6.184781496480011272e-04
9.710434411612043487e-04
5.440670547773686968e-04
4.370328879034084167e-04
8.723416423513513651e-04
2.265135364990356233e-03
1.604184938300930478e-03
4.816080794723178468e-04
6.619360802029652675e-04
1.968485422198459640e-03
5.366503992430737748e-04
1.924735377779280849e-03
1.163151331794301307e-03
6.864514509021570066e-04
7.889483350725358347e-04
6.764341788004337233e-04
5.129307902684736905e-04
5.746037653335472157e-04
1.151918896081114948e-03
1.580372553236746589e-03
5.874068227708886987e-04
2.421543183247484420e-03
2.211059227362406274e-03
5.653980988101689736e-04
5.525165601768244894e-04
1.040657258303065089e-03
2.153764288986218921e-04
1.593218040497631051e-03
1.112189459518297735e-03
7.247649473282766165e-04
9.392853000208118948e-04
3.293601105415987738e-03
1.442519996612762114e-03
4.222365982181054645e-04
5.990262006501957930e-04
5.625690537859041841e-04
5.475193465293926379e-04
3.591356351143261036e-04
2.900445023247311713e-04
3.501577359752382473e-04
1.204791060404481959e-03
6.754048844269961577e-04
4.644188835907248091e-04
6.857067189696698347e-04
9.648572997416280652e-04
8.258300433178184614e-04
2.782094899004259204e-03
8.960969687803292671e-04
4.932682579403190005e-04
4.331680698439087569e-04
7.757610859001681921e-04
1.364691053666209838e-03
9.612462904709295547e-04
9.213980003337747049e-04
7.071554632508559712e-04
3.833460553047162225e-04
1.485789518542622849e-03
1.027458039145648502e-03
1.306162320421968941e-03
1.177359545801057346e-03
1.442519996612762114e-03
5.599652813419002395e-04
3.953087893835330172e-04
1.386536561822171746e-03
1.500393662879344228e-04
1.016736928950420565e-03
2.671676921997936439e-04
4.830437545661964214e-04
2.825242509673661726e-04
6.674589491935742228e-04
1.380461509439230095e-03
1.154920769041397222e-03
3.128607677213519683e-04
7.112489148966488284e-04
5.552540780871126564e-04
8.317506486043419172e-04
4.146456869105087997e-03
5.752326485152349598e-04
1.607634363023367589e-03
1.061562667833998008e-03
2.179311013648118462e-04
5.827168787823403494e-04
6.232038690823847420e-04
5.328872515065193960e-04
1.034833327651724089e-03
8.486134200844609385e-04
4.727615167805060111e-04
1.476780251234978370e-03
8.704162378739383702e-04
8.941983898080182406e-04
1.004144649603297803e-03
5.332748645148780104e-04
4.622049912561807840e-03
5.460764506750387859e-04
4.033437715603075888e-03
3.891083811775349999e-04
3.648930755335930295e-04
4.581563116984617825e-04
8.003196043582515599e-04
5.160466672903174425e-04
1.718833089766756434e-03
4.925171208963792123e-04
2.147094478392428101e-03
6.428025179438198213e-04
1.649742960915308310e-03
5.744633137100179157e-04
1.292897636861870198e-03
2.579818575167078677e-03
8.492106300098406111e-04
7.578136046833662889e-04
8.791188788813377375e-04
1.938076788484623461e-03
4.805686341169402827e-04
8.506253340173987364e-04
5.698211198642659514e-04
4.820541657600857142e-04
8.083498153639452882e-04
3.624040989706467635e-04
1.556996758194586702e-03
9.226708083362468969e-04
5.047413579694426736e-04
4.019466310058131698e-04
4.383580992554449206e-04
2.706524428803543970e-03
2.969666659814057812e-04
7.857729409022053352e-04
7.459157271462329725e-04
3.925040544504300455e-03
1.924735377779280849e-03
2.881608129859909522e-04
5.635188829254076390e-04
1.017443439915640844e-03
3.144803038588485757e-04
1.463766916022091105e-03
6.959694240272410034e-04
6.431694934907176585e-04
1.888155588385160124e-03
1.874798661964649981e-03
1.130860771175594762e-03
5.366503992430737748e-04
7.817886573513504935e-04
2.929875786586987572e-03
6.524249738143647311e-04
5.075399192516740149e-04
2.854426432995189151e-04
1.274511368560026989e-03
1.650926821625376935e-03
1.214566593612418158e-03
3.779002374725395409e-04
6.901275154513990262e-04
7.578136046833662889e-04
1.163151331794301307e-03
9.626904738220073325e-04
1.631932953947016216e-03
2.136580353574836846e-03
2.515642618968580175e-03
4.844082091300364501e-04
8.428680459278951485e-04
2.815846448751470766e-03
3.773449355032510344e-04
8.677455020768716758e-04
2.155081843355733328e-04
2.714875929953490031e-04
2.070542942777737257e-03
1.032978513920784986e-03
3.416494953093324703e-04
1.180247329300508673e-03
4.245785525381374765e-04
5.798725752075634858e-04
3.433713960163302186e-04
1.074364960975654048e-03
4.803740386353039325e-04
8.550257347655256922e-04
4.978901677917431379e-04
1.641597004646241790e-03
1.469421938437353052e-03
7.901582494832249922e-04
7.739326690362443358e-04
7.466826255966396274e-04
1.815589049949832730e-03
3.080647468864357221e-03
2.599357345732780026e-04
5.932220163183862241e-04
3.694408043007516105e-04
1.025107001184485164e-03
5.883064389573896711e-04
8.759172886352641638e-04
2.171485777201422485e-03
3.320852407286114995e-03
2.548119617179240171e-04
1.535347338221033269e-03
5.741832841442132867e-04
1.430771835780204762e-03
3.555099937957468138e-04
9.369797152613149136e-04
1.501688856350966422e-03
5.507860900992186080e-04
3.719162016022514077e-04
7.599225840596141555e-04
5.678500685935245840e-04
3.178912420989042338e-04
2.576779155064379268e-03
6.643898416293533794e-04
7.451650345001885117e-04
1.272233149738905954e-03
5.189196057912337555e-04
6.899896060064004532e-04
7.253973725577214562e-04
4.583409040292152630e-04
5.086551548334266801e-04
9.803320432304487263e-04
4.995243941771772235e-04
6.762552829981474407e-04
2.364159933598922354e-03
6.750033312478470517e-04
4.869258060229769095e-04
4.768648772111889621e-04
5.144912246793588353e-04
5.111669246576022946e-04
9.662339284249848309e-04
8.825894749752949105e-04
3.808570206885122803e-04
5.482450754888446064e-04
7.417127233269901580e-04
2.649112484714332056e-04
1.536682559964774137e-03
1.453901666889341558e-03
1.163930872295843499e-03
4.470667091105013616e-04
4.741770452438519561e-04
3.231042413803991232e-04
1.658201452438301873e-03
7.007779710885361649e-04
5.846947501155879941e-04
9.587726585356986164e-04
2.693570741710989234e-03
3.359930641233659608e-03
1.606619829619305214e-03
1.539029008941144184e-03
3.032649607486716747e-04
1.009622886690551878e-03
1.138973689885332610e-03
1.151656441675802736e-03
7.766702576960792404e-04
1.465103868094860470e-03
6.541915825647008371e-04
6.393386302868554055e-04
3.591356351143261036e-04
