1.086853916597693617e-03
9.718849530376418673e-04
6.699065066984818441e-04
1.028024209321581331e-03
7.115299963292948072e-04
4.969956355900735298e-03
5.540346373717055595e-04
6.541119960126036371e-04
2.278543876930714737e-03
4.550086730396825981e-04
3.417592277969516224e-04
2.595318203064365665e-04
1.212319950945120938e-03
5.409503217527735159e-04
1.054131313802198888e-03
5.734432208385405747e-04
9.752354451833243100e-04
5.575444181519358068e-04
8.553892654496810270e-04
1.606061579723207851e-04
2.065924948308575670e-04
2.582710783190549954e-03
2.339402743367512832e-02
3.990466841198512778e-04
3.068955662096848865e-04
6.073173590396851486e-04
5.999205851794524097e-04
5.152294818497963605e-04
2.737374491784483137e-04
1.161988661103420572e-03
1.500396324961574554e-03
1.036358375058512270e-03
6.193098363513778720e-04
5.552860358591023586e-04
5.079454802383501612e-04
9.806955201305978410e-04
3.870646324087049996e-04
2.094047019535108262e-03
2.178890831860850824e-04
3.478992579539022002e-04
6.857197416985886130e-04
7.604794108643753939e-04
8.291641943899730497e-04
3.665260461513226661e-04
2.684244472528796058e-04
3.643035667734925709e-04
4.718757805857385886e-04
1.296573526710187267e-03
1.266630649906185435e-03
8.845846996011425337e-04
5.710355215071135455e-04
4.902885515416738425e-04
8.513890736400844036e-04
6.264662176884530946e-04
2.000100518284983659e-04
4.224731608453582239e-04
5.817726761098388367e-04
2.166400738724780749e-03
1.552821188451469509e-03
1.501579616745588259e-03
1.000247467053332756e-03
4.970866310955427856e-04
4.540379108220437589e-03
4.061980158445758983e-04
7.311665983092971791e-04
3.831520610373435214e-04
9.923255805049250103e-04
2.360016764789190681e-03
6.644078963365893445e-03
4.661586082652946234e-04
3.256121121886222419e-04
2.769147789016253931e-04
1.317963434814872813e-03
4.230800942149109327e-04
1.694745880959039222e-04
1.052023492265791518e-03
2.912694504259991037e-04
9.292524025431424684e-04
1.185174032764951986e-03
3.884369285293035002e-04
4.025683510827205791e-04
5.675688975332929785e-04
2.904108947953067577e-04
8.511535511165295833e-04
1.547011377161294646e-03
3.045972740742094380e-04
3.657838548884412375e-04
1.013199014011322051e-03
6.003698600647249623e-04
4.907771049885162199e-04
1.121876975665638725e-03
2.725737861436832669e-04
2.774690912770400942e-04
1.168062129882528654e-03
1.158550862765910742e-03
1.016796506755434423e-03
2.482081098538586818e-04
3.365678455567778799e-04
4.733658569961589932e-04
7.624278231274398895e-04
6.083368945257017863e-04
6.786508494943488227e-04
5.387208541566700006e-04
5.813627486396835383e-04
7.387814304286024689e-04
7.912401484210339472e-04
4.187790536242485249e-04
1.042520040391654770e-03
2.097169299319829358e-04
5.046709188573377967e-04
1.048002920897445674e-03
4.762070495462541737e-04
1.928931473230837432e-04
6.543288075845022506e-03
6.206381682900400688e-04
4.011340543317770723e-04
1.680965916815823323e-03
5.999037278152749997e-04
3.808037407614729198e-04
6.246414418644803332e-04
6.863815851766671191e-04
4.308133999764837880e-04
2.893912009197145002e-03
3.197230688156077276e-04
5.791662215860790119e-04
1.332546311765254446e-03
6.089228445845076051e-04
8.073201436509194360e-04
4.263501827139512101e-04
6.052161347453200455e-04
4.536964995792337361e-04
3.007043367121319173e-04
2.033640371140402019e-03
2.279178010356657294e-04
1.682990938266609412e-04
4.821423860674947789e-04
1.624314002446923056e-03
7.293448497545267691e-04
1.247377574312739761e-03
5.189695770102124893e-04
3.534307710926975349e-02
1.514160791824742782e-03
9.974096398487430990e-04
7.790863760891791282e-04
2.936573018417219837e-04
8.963473406536320680e-04
2.207700185252223332e-04
8.249924467654975134e-04
3.585921694426408789e-04
5.492009322846614847e-04
5.437093666606953712e-04
2.800972261597837023e-04
2.220674092278258883e-04
4.679659863944261367e-04
1.472814331985343537e-03
4.078820190067331810e-04
2.898560890619099307e-04
7.818388440043979454e-03
2.548160379826367242e-04
4.610695309746583792e-04
1.569003723245830000e-03
3.556288798326863389e-04
2.351734019042341019e-04
2.148881883973236678e-03
7.838630959676297708e-04
1.354484739612188101e-03
3.327226608397602231e-04
7.104374941359232207e-04
3.525351999272390555e-04
3.912939311940108120e-03
3.986839415184521688e-04
6.330055315955020624e-04
5.926967879675973990e-04
6.341880262561303471e-04
4.420132945932737098e-04
1.180784727796352742e-03
1.537548335896003846e-03
1.535882843506790373e-04
1.097624439957329417e-03
3.175001608136943576e-04
2.698539090787955511e-04
2.859261263913867633e-04
8.455657916772882322e-04
7.834383423138856955e-04
7.333931305043652794e-04
2.770371692714860938e-04
4.147457436071908519e-04
4.335802602772259660e-04
1.367976960835792788e-03
2.363083175621124720e-04
1.300635577397656886e-03
3.689550712967811083e-04
9.511101542731761763e-04
5.063874667759949875e-04
4.737426495704875461e-04
1.045212501357932174e-03
7.455319392217053072e-04
4.101646760219184828e-04
1.609916427033314607e-03
6.003698600647249623e-04
5.900252922665022220e-04
8.509039170528843359e-04
9.489425885341285860e-04
2.053885254765650177e-04
4.828011536972780368e-04
1.455005003791661096e-03
3.933843360059740071e-04
1.134994417706546499e-03
2.010845576609610844e-04
1.541043759824370710e-03
2.626096813361811244e-04
7.525995183598929413e-04
5.008535407028876256e-04
3.977889251621340703e-04
6.758700023491598938e-04
4.622905082114788346e-04
5.698573712518017640e-04
8.763831411142185106e-04
5.234483862015520007e-04
2.216320480267906692e-04
4.235564455498912607e-04
4.548027000889867015e-04
2.585517425748855725e-03
5.186277500353823466e-04
3.340864669926824656e-04
6.885868890624920668e-04
5.639484014805340277e-04
6.150233454554858556e-04
9.661334393357144971e-04
7.957587062689295502e-04
5.503819078464265756e-04
7.461353845523527274e-04
1.239563912874082699e-03
3.106684980456577653e-03
1.311848018377915950e-03
6.193098363513778720e-04
1.317942990761694806e-03
5.287392679954598836e-04
8.916347553476890002e-04
5.565469945468013531e-04
7.394550448890060057e-04
1.804615001969856001e-03
7.394995260359620926e-04
1.524654847071177160e-04
5.671841782919770196e-03
1.490353850652454488e-04
2.463873743907273994e-03
7.469245448279627402e-04
4.486484640256930374e-04
1.842812282379865680e-03
2.345128858447988890e-04
1.923689438941677838e-03
1.052237031760136976e-03
4.395691633889241409e-04
5.871095758135834930e-04
1.562598380711068902e-03
8.868348138918874524e-04
6.495541711582271263e-04
3.509749427062132127e-04
3.286647205596422770e-04
9.718849530376418673e-04
2.344911406430619228e-04
7.833998368655826355e-04
4.799184337644270791e-03
5.237170799684263446e-04
5.632922018382751110e-04
7.415619416720994114e-04
7.409259751107753538e-04
6.540632254267423522e-04
4.896693566774823394e-04
2.478117595963002639e-03
4.715163516538911225e-04
1.282176565936578739e-03
2.584127308681833757e-04
1.916306003342424426e-03
1.984361034086668516e-04
3.537101836345530985e-03
9.468032378358188237e-04
8.850902935887279251e-04
1.074122202914139972e-03
1.683550547347415676e-03
2.994512797894621639e-04
5.640691765586344081e-04
1.793572956229535663e-03
2.779552444470345858e-04
2.600754604086940995e-04
2.129839070957832616e-03
5.213861782505892955e-04
3.458020176709721417e-04
2.916821719958218582e-04
6.482236823690720176e-04
5.687234558947374709e-03
1.866611837083975278e-04
6.005167542508212455e-04
1.877959754656198001e-03
2.015822022264041156e-04
1.499650138705707397e-04
3.711171101762053082e-04
8.653490249192602977e-04
1.142743863696212307e-03
7.308664913887165469e-04
5.083851856339835322e-04
5.227579049035280820e-04
4.066052052471858251e-04
1.225689148748745818e-03
1.474980475827843574e-03
1.962146448010755346e-03
4.672951152374682157e-03
8.159283663169479648e-04
1.207818259664270814e-03
4.193083190703698069e-04
7.037777957952734767e-04
7.950629866428244328e-04
5.170166880139526926e-04
5.259221854215026526e-04
4.440176950836627204e-04
1.092643239222443633e-03
5.731677668377447481e-04
6.606664556374428890e-04
2.639192560812825272e-04
3.306379209417631697e-04
2.878165218822032346e-04
1.615616760167790317e-03
7.307434332670469752e-04
3.677344091291810408e-04
1.463557956911696678e-04
3.453351744217577225e-03
8.410486701530638489e-04
8.336549722699933274e-04
4.115379937250930034e-04
3.952792305123596639e-03
3.288926874265163261e-04
1.418495444370221478e-03
4.577525534250531441e-04
1.807812335482916625e-03
5.831042044563636024e-04
5.196567238691171672e-04
3.980625952335118648e-04
1.499337812555194896e-03
4.670604452195846598e-04
8.061606377383595100e-04
1.790655736858551110e-03
7.726449482307051753e-04
2.398665949478759416e-03
1.793572956229535663e-03
5.542643960755685604e-04
3.673737328541916056e-04
3.117483942751688125e-04
8.882144312391521525e-04
1.792094766612947537e-03
1.694891153459301709e-03
6.544825657548132905e-04
5.343307323343988134e-04
1.984361034086668516e-04
3.519862109424541814e-03
1.803103622547905282e-03
7.816253731886923899e-04
8.704879584416356023e-04
7.692205822868631877e-04
2.102200103260180170e-03
4.488017203907542938e-04
1.552106786289090190e-03
1.385772877858535389e-03
6.289450511643660414e-04
5.265287197208060217e-04
2.864370670758966579e-04
2.588237632609934015e-04
9.310034271471569634e-04
9.100722749292840339e-04
4.993483772005600022e-04
1.579878546861276370e-03
1.104648455747238517e-03
3.305687029200546248e-04
3.550471985284117996e-04
3.834359636466069593e-04
4.826183721681173212e-04
9.579844843237680973e-04
3.062137942356615633e-04
7.834983994070116812e-04
3.102231811539590085e-04
1.378278448336669798e-03
2.810189268595217620e-04
3.746609419188683902e-04
3.264053083320462450e-04
7.460343686602785400e-04
2.380754261491825272e-03
1.092264078711317754e-03
2.214803418376502006e-04
1.063790855125929490e-03
3.928574672064090141e-04
3.176408023021710979e-04
1.500396324961574554e-03
1.922243023029341583e-04
4.806897132898163365e-04
9.635525650535949581e-04
4.944339760692352710e-04
9.804631161097736997e-04
6.399288545762943890e-04
8.098517890052311539e-04
1.228477710716977412e-03
2.898968118000681848e-04
1.140010676573967752e-03
5.746329799859566925e-04
1.986371961744765817e-04
6.944994770683552039e-04
1.174651611142040050e-03
2.468370861091182845e-04
2.224472148393803013e-04
1.784967326069177235e-04
8.033177912413710410e-04
5.404046684740047455e-04
7.272097350800435294e-04
1.589902118842033462e-03
2.264026642429178631e-04
2.478186554030059737e-04
1.299421596555157959e-03
2.864129602522667590e-03
6.721453958007147633e-04
1.300448273310319527e-03
4.437574579703507430e-04
1.468248722365292271e-03
2.716356792125397242e-04
1.341573571320702645e-04
5.687234558947374709e-03
5.995968686351332063e-04
8.688104624697691025e-04
3.499265638995162440e-03
3.177835565041135465e-04
2.765278624800282612e-03
5.011769927661837007e-04
5.243609377464671486e-04
2.896434771653815530e-04
3.231578826445285612e-04
3.667631288539933781e-04
4.389626375168392759e-04
5.330109264240605067e-04
1.427457989619406202e-03
7.558237108465488095e-04
7.431992971204415830e-04
9.076172429632771497e-05
2.056163225936041914e-04
4.185675378844274340e-04
5.377433220074145795e-04
6.300668365914024712e-04
1.011174744799636345e-03
2.587988128362047821e-04
1.935925226359395165e-04
3.029372829377438483e-04
4.583175327781915964e-04
1.054931980921407306e-03
4.256223598421736485e-04
7.005132645401310589e-04
8.049006670082464818e-04
4.513264306878869876e-04
4.314674516654434301e-04
4.897455740884013638e-04
1.000933881993974458e-03
5.006889442782124812e-04
1.856635221505040581e-03
1.318741861356828972e-03
3.585911098795502381e-04
3.671776167533786182e-04
3.392868715771898730e-04
4.791459086748560566e-04
6.662243315976394123e-04
5.171742363162515257e-04
9.247305464829996043e-04
4.097718675128164288e-04
1.304798569384100224e-03
1.351273569569691815e-03
5.045410890860579272e-04
1.966463151333336812e-03
4.742138962254189324e-04
3.043926599698923300e-04
1.136274658333250595e-03
4.355515746774417602e-04
1.928349613886596930e-03
6.421642381445133050e-04
1.730048529347022902e-03
4.615816778934200794e-04
1.631754787837500767e-03
2.780128103027292193e-04
1.063834355459634430e-03
5.047435664416982225e-04
3.690135063134858330e-04
3.975482668641265637e-04
5.698573712518017640e-04
5.297886894317790311e-04
7.894794014755078353e-04
3.496326154750062495e-04
5.746329799859566925e-04
7.895077665607067854e-04
8.497718359075788659e-04
4.403067713636024498e-03
1.093030862707835118e-03
7.032579504790304348e-04
1.091916163665749423e-03
2.262575450044628639e-04
4.086869006095765304e-03
2.401022827087847806e-04
3.504774748282075188e-03
5.986726568205184016e-04
6.254725635330882130e-04
5.219871551627290347e-04
5.787996074779551588e-04
2.739271140358088262e-04
9.616999555331374192e-04
9.482029828082557711e-04
5.062994118084044627e-03
6.330686380725540803e-04
6.660710038588822483e-04
1.069537812180434413e-03
7.547582572443215605e-04
2.718512434772852996e-04
1.919954233114260942e-03
3.176986839045680615e-04
1.177711819575929164e-03
4.374812293240578796e-04
1.800471502775759930e-04
1.679170246660087224e-04
1.788948779432562874e-04
3.952792305123596639e-03
7.215856802657669589e-04
6.637417898228134073e-04
4.451821920518577824e-04
9.472298328663389996e-04
3.487905185045333894e-04
2.688932107679792164e-04
5.910141259341998229e-03
5.954305883579759286e-04
6.812701303144654778e-04
1.658162698541983126e-04
1.869169335142055986e-03
2.003338880528535788e-04
3.001685125853338957e-04
4.591603446744324025e-04
2.733913447515244730e-04
5.899892149129996877e-04
3.733641720873459450e-04
4.432437246836093024e-04
2.699071327720315989e-04
1.068603951992093881e-03
2.746258133748944222e-04
9.097706838150067471e-04
1.935925226359395165e-04
4.677133430812876677e-03
5.444501939317438529e-04
8.448308625687774454e-04
3.101276526842500648e-04
2.474467264661039771e-04
4.253755201996709629e-04
5.467193923142412955e-04
9.064377080548368304e-04
4.252968986241150579e-03
3.497961237516511077e-04
5.079454802383501612e-04
4.078578500020780769e-04
2.166107289450045382e-04
5.564181705341590982e-04
1.441730613492401419e-03
4.871252741013646346e-04
1.459861055027076443e-03
5.204645006041257703e-03
5.995968686351332063e-04
1.228851213725507983e-03
5.178979784072845717e-04
9.614127721155730057e-04
9.914912017667837797e-04
6.343488984209734319e-04
5.059086280279148379e-04
6.660710038588822483e-04
1.325361978922896464e-03
4.634727371791174831e-04
2.615331456819690835e-04
7.167655450473701517e-04
6.576109119983970363e-04
3.662478548186161114e-04
8.234728108262699556e-04
5.614145181999907188e-04
1.082957554839582759e-03
2.875530470973529438e-04
5.710355215071135455e-04
1.197740159909132683e-03
3.171297549499479127e-04
5.022595895731701409e-04
2.511222202215909077e-04
1.942491637886977363e-03
3.635839765448027638e-04
4.924303065852403492e-04
4.333635795609806188e-04
4.060473346659962336e-04
1.335549505488229944e-03
9.651300240111518151e-04
2.742503533890093786e-04
3.734424625377367156e-04
5.982961081997348763e-04
5.533981581584846571e-04
6.088938415600291280e-04
5.546179573568231361e-04
1.409343650919605293e-03
6.340788097120216580e-04
1.191232733164602998e-03
2.860538306886649699e-04
6.324043511679378667e-04
4.320622598918760163e-04
3.218114164949987047e-03
6.857769150250934845e-04
1.505983467951756572e-03
7.262111268780697265e-04
8.932446861498677870e-04
5.599138666143682564e-04
4.014412317202938800e-04
6.322493760709917143e-04
6.492681781963260132e-04
2.907912792686307779e-04
4.912468803101766208e-04
1.749483986425119241e-04
1.476063579763512215e-04
6.721076299070568747e-04
2.468458225476863614e-04
4.468598191687648017e-04
1.373374654782191914e-03
6.039927650627198007e-04
6.171083240016300188e-03
1.583871481086499998e-03
4.998938826576611056e-04
8.845947748654926735e-04
9.275147044913395564e-04
3.556882058781727458e-04
3.713895472916574326e-04
1.361041912140963355e-03
6.910941716064798474e-04
2.464514142990784692e-03
6.901362103572511973e-04
3.023556012944605400e-04
7.906836896986814455e-04
2.623527688132199398e-04
1.825407708789996211e-02
4.655947501328895621e-04
3.493795410371767335e-04
6.979023821074925929e-04
5.393562910951516225e-04
7.229184810766843680e-04
1.131482167142550945e-03
6.851862036855750886e-04
5.684851464505005737e-04
5.111255974644456166e-04
3.047027856862753823e-04
3.497011845181817718e-04
4.271062193567275113e-04
2.682862618720588269e-04
1.576801424098742523e-03
1.000120784812780260e-03
1.963583752269341791e-04
7.259677894750344966e-04
1.611165818228494956e-04
5.178696308528727733e-04
6.112394229211221344e-04
1.277738973416971862e-03
4.909675322606410833e-04
1.029809597428886980e-03
7.438818889778366040e-04
3.838412395345182511e-04
2.797154020120391511e-04
2.488877168383532069e-04
5.193840854167035628e-04
6.292444702227492420e-04
4.679175910450105542e-04
6.459003985942619050e-04
9.854129295051455590e-04
1.721558914413952096e-03
3.595916545462559018e-03
5.822584274179236396e-04
9.412876451180693859e-04
3.631893706611336037e-03
6.926555599530523789e-04
4.647908459390979866e-04
3.517810345496150256e-04
8.497152801127278452e-04
2.659047806465979495e-04
3.554013059375804259e-04
4.201549450935465027e-04
8.343838786418819728e-04
3.364295803619653680e-04
4.019492558836895322e-04
4.364762135840470820e-04
5.059086280279148379e-04
1.409982614272488072e-03
1.205874240768034207e-03
2.997293060119550229e-04
3.943852440694110297e-04
7.181240726783750345e-04
2.984711900504879024e-04
4.498777520845577199e-04
1.889819896967767253e-03
2.684244472528796058e-04
6.468382817152409274e-04
3.245603684749374072e-04
2.833704731967413588e-03
3.781770434931978073e-04
3.681267348629889066e-04
9.255210613914274277e-04
2.370868883640520498e-03
2.654301812403350030e-02
6.141100156126339752e-04
6.467040315109844756e-04
1.130297237243024647e-03
2.866563674070703041e-04
7.601211694736185109e-04
4.255656646613573471e-04
1.058708973634027569e-03
9.013833493924268414e-04
1.646958005927075469e-03
8.288388995317054518e-04
5.690606339108629595e-04
3.983804836798705601e-04
9.585154771798264214e-04
1.135582980243557085e-04
1.333155100642044759e-03
1.065202296224783320e-03
4.918405337256049519e-04
3.233541605269012686e-04
9.942672843039840683e-04
7.907277356418618459e-04
2.799170760106919594e-04
3.771893209182025446e-04
2.493476851905858794e-04
1.947757220949949573e-03
6.451924125042072774e-04
2.358343340150975687e-03
7.693842546716552020e-04
6.936374774433759667e-03
1.129727686789114153e-03
5.737109503597295594e-04
6.802112295623187086e-04
5.050979627760269043e-04
4.545177715747955225e-04
7.578444729678098044e-04
3.658976296420720525e-04
3.156343263954127800e-04
6.997176569886463023e-04
1.344483120056503200e-03
2.419017088255447090e-03
1.069302535242044536e-03
1.242310814266863513e-03
7.458900826905381486e-04
2.905439912707440770e-04
1.095430751843222330e-03
1.113265055302597789e-03
6.546463262694762189e-04
3.225501346806189319e-04
4.781748127614047204e-04
4.575964347076401113e-04
1.802023125860588914e-04
4.801038652888384725e-04
3.153695864343206688e-04
2.300176998495440702e-04
2.240801918823449022e-04
9.336536876402211317e-04
2.062144879557709781e-03
8.547625199814903874e-04
7.137085062276960108e-04
2.615331456819690835e-04
6.391809667453969947e-04
2.652512086912643414e-04
1.596963235368850653e-02
9.080224687369883255e-04
9.038178831240199947e-04
2.605221587890312507e-04
7.598959326585634586e-04
3.857913906420213008e-04
2.805828225099021248e-04
1.054080190167847172e-03
7.458745959121681297e-04
4.998938826576611056e-04
6.603603399767697451e-04
3.274446042700213133e-04
2.507417499525466413e-04
3.620467464772994981e-04
7.387742174225047894e-04
4.150090968679489753e-04
6.639316253264988983e-04
1.143380181117939487e-03
8.080552706864023438e-04
4.330346955934926919e-04
7.462035818875447377e-04
8.058956478004784558e-04
7.170260281323805962e-04
4.374160720679435058e-04
5.786860582954400038e-04
3.934427285565349035e-04
5.253322660483198672e-04
9.439045561069398698e-04
8.560688787705036072e-04
1.597859010071174882e-03
3.712768127787155611e-04
5.196567238691171672e-04
3.528035464892949552e-04
6.280214079703685167e-04
1.714029788154903806e-04
2.658225446548161033e-03
4.424917147081760941e-04
5.948872165215336651e-04
9.984956396493641431e-04
3.835862265731477183e-04
2.512137592273820923e-03
3.933078516731063003e-04
2.375250271864917326e-04
6.698231649480758691e-04
6.304198618996018294e-04
4.089238781065287890e-04
8.899803337829889464e-04
5.950322938974664808e-04
1.968860627639589455e-04
1.051085763726017537e-03
2.391964972139178026e-04
1.246241910401409353e-03
3.289028026664852556e-04
2.010845576609610844e-04
5.164888245195647714e-04
8.686425231307601550e-04
3.522952350749217957e-04
4.554398029234733966e-04
3.025672161234102975e-04
5.941615983750786045e-04
3.579978504014202706e-04
3.889075453651081303e-04
2.603363330753341413e-04
3.994321834740692913e-04
5.072201431350189865e-04
1.059759772136837936e-03
6.185015417171221483e-04
8.624105193919881637e-04
1.232865269265119839e-03
1.826742705534146853e-03
2.917894325297663242e-04
9.576100597596434293e-04
4.109504289679306627e-04
2.109302418403585723e-04
5.904185820735023509e-04
1.026130771476457251e-03
6.323830318775754827e-04
3.865556775789568788e-04
6.589642326389957968e-04
6.351468760359490302e-04
4.680640045396821844e-04
4.671652618177601435e-04
8.763408732613582738e-04
5.558976182013325397e-04
2.673592510613980702e-04
3.133149438517428102e-03
1.570702949166916714e-03
1.014416731717631337e-03
2.570006826284942708e-04
1.386709904751680551e-04
2.772829823665222274e-04
7.230989126546056786e-04
7.265586959730191028e-04
5.734343689449232766e-04
3.599597132763312016e-04
1.993603858421268734e-04
2.353954852652960505e-04
2.134509140215013737e-04
3.989859570710538946e-04
7.571617773400779504e-04
3.527284340384803998e-03
3.712768127787155611e-04
6.746199972847005677e-04
8.169103412817461463e-04
6.200434959566440522e-04
9.773342247780334845e-04
1.030093758213353151e-03
1.386709904751680551e-04
1.490203113023561921e-03
7.254947214115605109e-04
1.982935453958268451e-03
7.975008694740867276e-04
2.231912823616727295e-03
7.686030290358645059e-04
3.822707759850310443e-04
8.102946698209313910e-04
6.997176569886463023e-04
8.071923085600161670e-04
3.231578826445285612e-04
1.140005787565104419e-03
2.964074851296981828e-04
1.070985834955819104e-03
1.802127879920539149e-03
5.897164949622185669e-04
2.473441129068929857e-03
3.671737436496393613e-04
3.583082295321587409e-04
1.560263111662835113e-03
5.111255974644456166e-04
6.872054821570654443e-04
1.123255162560449563e-03
5.406828648457098156e-04
2.004718330737580937e-03
5.098337746181818902e-04
5.515341716606969504e-04
4.373513262599644600e-04
1.297303333397626865e-04
2.581587032697442831e-04
6.714591654974002774e-03
5.110731593393018617e-04
4.707225036415025503e-04
2.661851821639482055e-04
4.242811830548639499e-04
8.908056871414122418e-03
3.175811014258223246e-04
7.298961915945959347e-04
4.499357099582544520e-04
7.700040316792141791e-04
2.343201828153010033e-04
5.920384877642617324e-04
1.001118862453996517e-03
6.111248942565352489e-04
6.996648867596350291e-04
3.760376871776555628e-04
2.743006848769385811e-04
2.794412016502901717e-04
3.577764223597034430e-04
5.529577937345419312e-04
2.889328307748996569e-04
4.620564969739652042e-04
5.860257458813345616e-04
6.287467120713489477e-04
7.600037230992597037e-04
4.334284211235149369e-04
8.831064553341703635e-04
6.050298969734842951e-04
7.987058247327568370e-04
2.386118915059659128e-03
2.676725858998873033e-04
2.793277058669558729e-04
7.401032784880291716e-04
3.771292638336515139e-04
1.891318716896475466e-03
4.849950732837922298e-04
5.946809418968024069e-04
2.364346596484722860e-04
1.014416731717631337e-03
1.185139013526219191e-03
2.919478945172573870e-04
3.892179639290368749e-04
4.253517402832311732e-04
3.140332225857975245e-04
8.227869394284720176e-04
1.975982584413922463e-03
5.141599592550792673e-04
4.149562181934572961e-04
1.604603090846857183e-03
1.278672799122667790e-03
6.565657958676432860e-04
1.121624400556090135e-03
5.245042330733368533e-04
8.202058206670171563e-04
1.548251744188051948e-03
4.647908459390979866e-04
1.346227327493283981e-03
3.934427285565349035e-04
6.996371252622383225e-04
3.575108608462623946e-04
7.755408296944826243e-04
4.631305373563304587e-04
1.850918939490387024e-04
3.991953536161285416e-04
3.113353389645417621e-03
1.188068835902437569e-03
5.932712100712072070e-04
6.017134819288175217e-04
1.611905942850144595e-03
3.774812839559788880e-04
7.191707350849829965e-04
2.300909435744998097e-03
6.765910740790608523e-03
1.542077626583254724e-04
1.112720932697623113e-03
4.823626718729943745e-04
5.560152818854402100e-04
3.109322182572736202e-04
1.010750610618457853e-03
7.469245448279627402e-04
1.984075373777271362e-03
5.469815849131708357e-04
5.108065725057673364e-04
1.704955264147478382e-03
3.970720271942421338e-04
3.636574679816311807e-04
2.275645326001701351e-04
3.771565188049459086e-04
1.250979737679732556e-03
8.031778540725096260e-04
1.017572671198650486e-03
4.395146141875068500e-04
1.082274886862523563e-03
2.157074582934300367e-03
1.340073224611597769e-03
1.519902643887392681e-03
9.628807843227170675e-04
