5.249643370619976133e-04
2.523214595353097736e-04
2.694265156760080443e-04
1.706773874179998813e-04
6.002620364916969866e-04
3.597557112300404144e-03
1.255746935603045200e-03
1.657044896413247762e-03
7.138886970184596392e-04
4.541044323904663556e-04
2.833437062182801724e-04
3.089068240429688572e-04
1.267039597211626041e-03
4.359591986068035068e-04
2.721797570904317936e-04
6.928976438927672739e-04
9.794950924465312646e-04
1.820755419960321691e-04
8.689199836663863072e-04
2.169926523229901653e-03
4.448092769629553942e-04
2.803810191006130947e-03
2.683767045049961905e-04
2.678315869693459624e-04
1.208662475656903075e-03
4.660020098924491931e-04
1.560050466273661500e-03
1.709220569382896961e-03
2.593125136295934335e-04
7.092657760103946623e-04
3.424703949836726603e-04
4.736154243445032594e-04
6.577618246874118724e-04
2.695825303800678408e-03
5.450907880652055681e-04
3.511485066882922548e-04
6.657527314432518106e-04
1.385524188781573664e-03
4.503755956830447576e-04
7.988906716048081334e-04
1.381705859879340040e-03
1.319307653354408584e-03
3.067442850689874206e-04
1.062430906304195812e-03
3.196835312317143803e-03
4.102477487247360504e-04
1.175087611944091327e-03
5.196967961781188148e-04
1.185172376877037786e-03
4.088891820697139684e-04
4.976405767620890831e-04
4.166467511954352913e-04
1.569066548421957190e-03
1.129136989871725371e-03
1.729912972906917472e-03
8.269557398591146063e-04
3.590211619198264005e-04
6.475397255654830563e-04
3.109407133423040207e-03
6.751063521140839539e-04
3.350025384609050302e-04
8.126512122226097748e-04
3.227313769941968571e-04
4.328782077527850661e-04
7.368766579227257639e-04
9.496663322692939450e-04
5.623756897274917498e-04
1.530601085086321592e-03
3.254208336278243611e-04
3.910337227678377619e-04
2.507907782012937996e-04
9.780981548275168545e-04
2.062492550068976342e-04
1.044903810807382410e-03
1.605259343007238871e-03
2.407450355398419567e-04
6.647885658725167374e-04
4.612594626139351114e-04
1.053613778247522751e-03
1.716578852341509292e-03
4.506803097036452856e-04
2.895121812581983971e-03
4.210269695904202310e-04
1.700059499139743068e-03
9.315227941743385457e-04
5.998978536674993804e-04
1.512748427588783348e-03
7.568713956227937460e-04
3.224728047877952093e-03
1.128102895786076143e-03
3.200947060557827301e-04
1.336952446197155588e-03
3.655580525097309780e-04
6.456706936624298943e-04
5.644033120816855775e-04
8.170540410518925718e-04
8.512500191031099461e-04
7.613009762107449639e-04
7.186167307788493726e-04
6.069000445023729415e-03
7.848014814342021929e-04
1.002511926192221859e-03
1.231864165785684709e-03
1.125368466124277919e-03
6.917755865596086602e-04
4.241800902847768008e-04
5.941107539134003659e-04
3.102527564964356545e-04
7.960062258246763771e-04
3.122021796215617958e-04
8.614774862547548099e-04
3.429492550148317874e-04
3.256153284801550961e-04
1.651906206370673449e-03
1.930377013065329031e-03
6.520021739121474287e-04
5.597150507706549500e-04
8.179449374043609765e-04
3.359725052912348152e-03
1.543047417517177380e-03
5.267503848139930452e-04
2.883465403771505583e-04
1.368645659713624155e-03
5.365881165778169050e-04
7.830883198187411865e-04
8.412508994596364217e-04
9.379814906794694445e-04
3.050736674470415789e-03
5.505489993443025021e-04
2.617319558629929428e-04
5.436281124330160155e-04
1.236334451897315098e-03
2.219848805569348601e-03
3.048520430428802285e-04
7.322124650013436256e-04
7.856933590390807612e-04
1.709220569382896961e-03
3.933495400383412257e-04
4.076892175899623355e-03
4.340493263541784813e-04
7.675162460195208243e-04
1.795408889432569335e-03
7.452076895323215492e-04
4.170897152518215738e-04
4.887281918658084113e-04
1.163306454657606070e-03
1.785407464157828632e-03
3.867552957265645453e-03
9.940203632790107959e-04
1.759373984527231498e-03
2.858688234235245637e-04
9.001669943378760213e-04
8.838624511923658198e-04
1.497171430399496528e-04
3.144236662809291190e-04
8.924882326351683826e-04
1.874290879167175936e-03
3.715524217270538688e-04
8.445851125004576448e-04
7.218625303139024731e-04
1.027110841193524908e-03
3.623031847561663295e-04
6.914633628163940242e-04
1.003720097517800305e-03
2.067154620094738444e-03
1.495983920347300749e-03
1.036029024334477735e-03
1.934501474623345763e-03
4.947709815558110850e-04
2.473940502098764468e-03
1.640944289734201774e-03
7.436223563836020893e-04
9.465616577548679935e-04
9.523238463878433121e-04
1.553630107805027780e-03
1.992002715587562120e-04
3.379364286842051566e-04
5.462911293395336220e-04
1.712966666843666885e-03
2.560232666729142341e-03
5.291202179023635817e-04
1.169425991741680293e-03
8.850044413342938706e-04
7.838669497256260839e-04
2.352598433187403932e-04
6.890269755697191103e-04
3.482724502365334420e-04
2.721838473395215251e-04
1.322735043068475015e-03
4.375678911503506495e-04
3.398619084937799274e-03
3.395310631255755258e-04
1.773154580450024076e-03
4.115868372764897574e-04
1.049777879919055372e-03
5.090853623613639462e-04
7.079136618083033735e-04
4.445879232487584543e-04
4.805737880651179722e-04
4.517246244561996132e-04
6.831320597778818950e-04
1.413608141574056089e-03
1.172620631873533183e-03
3.462857206985015240e-04
1.814183736948707165e-03
1.280758353192259840e-03
3.738955504179800851e-04
1.097333152424523339e-03
8.054304990487263800e-04
4.876359493103435395e-04
4.399364671217367829e-04
1.420675997729172000e-03
1.228337738823770744e-03
1.000851825952075265e-03
6.479040043675684092e-04
9.306487983662387444e-04
5.941014669776573717e-04
3.856658576506977903e-04
8.292844680644799807e-04
7.574686592045642725e-04
2.555604988103238285e-04
6.121914850089392544e-04
1.413394171850872617e-03
1.529704039747260824e-03
1.023715161522364622e-03
2.047258797804202193e-03
8.939021647462222194e-04
4.694557191829856497e-04
7.972889424881059520e-04
8.355267302147289165e-04
8.614774862547548099e-04
1.077130808518850106e-03
1.219784582650527451e-03
7.670846225397479588e-04
2.748030044002761551e-04
8.288758902959607279e-04
5.624823501914097239e-04
4.405209489655335041e-04
6.071251188125350315e-04
9.952566379888821285e-04
5.088716736129765290e-04
1.971802321937460994e-03
9.072248625799757488e-04
9.186309248511967439e-04
3.782273685345556840e-03
4.356447944978753179e-04
5.156013918297260804e-04
2.526517587558611833e-03
8.524703854838955926e-04
7.193985509420642134e-04
3.632295321122517369e-04
1.424149828423920162e-03
4.877536653119045849e-04
3.739282645930129718e-03
8.794374180865355013e-04
3.632781450062094871e-04
1.611940397925659728e-03
1.040796186693160579e-03
9.964157385512573215e-04
8.098443250963914238e-04
2.895121812581983971e-03
4.811078067557833125e-04
1.334414953269814994e-03
5.313533117501021124e-04
4.567709616326639122e-04
5.011895916362452868e-04
1.467680989424625417e-03
1.970617277003066780e-03
7.721525180348924513e-04
4.144117827536461887e-04
1.684835779971803919e-03
4.099868624260587235e-04
9.465616577548679935e-04
2.057193888659375111e-04
9.110351335739173698e-04
5.365225070268710063e-04
9.354203442405673247e-04
4.979381512595351320e-04
2.816016709875803609e-04
1.853173983797853789e-03
5.072643581545456266e-04
7.126221983981620434e-04
3.604043940319707757e-04
7.321859415584508870e-04
4.226279028582135568e-04
1.273720380945044710e-03
6.439752960859166080e-04
3.493575127016082830e-04
6.409954457272704119e-04
5.914408475061180620e-04
3.113932233705072358e-04
7.194661739727880928e-04
9.340344749983545960e-04
1.039261063255364145e-03
2.246069907958453762e-04
1.652678097337285457e-03
7.042105678049414468e-04
3.647910047593877600e-04
5.399727020134269901e-04
6.483929760352137193e-04
1.743115401263633374e-03
5.691151863617130912e-04
6.781880861490946185e-04
7.170782102104786976e-04
1.910341563110028954e-03
4.580498268100318218e-04
5.115659496353687800e-04
9.237813790965827224e-04
7.618145013973587256e-04
4.995689286412204923e-04
1.485432360995294276e-03
7.211130926057196478e-04
4.960936197963326062e-04
3.445480532012757096e-04
1.071088965063785167e-03
5.162855366853446107e-04
1.199127244896530491e-03
8.201652720338704515e-04
4.116118490927475420e-04
2.817768173662828484e-03
5.300997096859237645e-04
3.355116264463508277e-04
8.430952056459047961e-04
7.195202191396196136e-04
6.964044156154981487e-04
3.470685602369012138e-04
5.361115315252406276e-04
4.750679307644815712e-03
2.028465316576872376e-04
1.049155204748075014e-03
6.548600876490393409e-04
7.121545019552393083e-04
3.372984063318605445e-03
6.327886197537419379e-04
1.310855906726306978e-03
1.015038212000560561e-03
4.646015100623317596e-04
1.023715161522364622e-03
5.833519188401771948e-04
1.033488223695677157e-03
1.266998617375687331e-03
7.171162584457211600e-04
1.053543680232402625e-03
3.092980993287112773e-04
1.634384659917730498e-03
8.585968396462943233e-04
3.749387212870064208e-04
3.347318250770030886e-04
1.454207379453540533e-03
6.462146723376089707e-04
6.747298605474547984e-04
3.079535279277384420e-04
1.024025958208983102e-03
4.428628442231156525e-04
2.343486163199132687e-03
2.537680746284519374e-04
5.952876005704883138e-04
1.247217366645419654e-03
1.102054330755954624e-03
4.116118490927475420e-04
1.187498249474617552e-03
3.350025384609050302e-04
1.017326427579452568e-03
1.036338890985230186e-03
4.691974612529070448e-04
3.710398882348057287e-02
2.227245520260847191e-04
1.079628695160759046e-03
1.172301692326490567e-03
9.567685810831780876e-04
5.005187877196379254e-04
7.136548683247031372e-04
6.431210546410562985e-04
4.921688756709499983e-04
1.809456807932152906e-03
1.294068833277470677e-03
2.025163186651548618e-04
4.891559109440179326e-04
3.081200690078932884e-03
3.939066979711855336e-04
2.948146212831394774e-04
9.718392573286511755e-04
6.766109970417975546e-04
1.137031437926438971e-03
1.701418156875500118e-03
2.512761160321424288e-04
5.952876005704883138e-04
1.410073104404609059e-03
7.633070097144761465e-04
4.205565081688837528e-04
1.994613715955331865e-04
3.920861152879770786e-03
5.380394278816742412e-04
7.096263158899982805e-04
5.122400381744941257e-04
9.029114150959257875e-04
2.513396463414494485e-03
4.369473382599000462e-04
4.553385130032605956e-04
1.635652156769809400e-03
1.963648398595898605e-03
3.816042680465920440e-04
3.173305288263426329e-04
3.322332222840553950e-04
4.597986363140229345e-04
6.691958721699148814e-04
7.757971052174090576e-04
3.389863243098344093e-04
6.653609311651250812e-04
1.872187675943416674e-03
3.322088281640917353e-04
3.195577390908200025e-04
5.853326713223851998e-04
1.230436043009830189e-03
7.307991590314774069e-04
1.732826187655737548e-03
8.316151940120084570e-04
1.787254562263401476e-04
1.485070547973123918e-03
1.140917140888156149e-04
6.888648438739799953e-04
4.123060276893159883e-04
5.030196998298895172e-04
7.960062258246763771e-04
1.948503727001415099e-03
5.711654553800087639e-04
1.368429340214521919e-03
4.175100973809328588e-04
2.287233623760207230e-04
5.242163393382910652e-04
1.806312020413064056e-03
2.085706700457378403e-03
7.010489682975457829e-04
4.608582001762404632e-04
6.122388056417465410e-04
8.668382744409034715e-04
7.110412114484536200e-04
8.644205275626768879e-04
3.760965106527783351e-04
1.062430906304195812e-03
6.129762838655846780e-04
1.961228366872636518e-04
4.809684221584105174e-04
1.807866036703790385e-03
5.070871058263854477e-04
7.330557127067780692e-04
1.084113118961637246e-03
3.936450881868594834e-04
6.113960747577343443e-04
2.082050753015413265e-03
2.670843133066916862e-03
1.222432760192555248e-03
5.836235972106287341e-04
3.854121668594662556e-04
2.651920458992186483e-04
4.968799079673307537e-04
4.128783518587347346e-04
7.015690798761943948e-04
4.467947845002049560e-04
1.890305279722391844e-03
8.951453400615806428e-04
6.014145473546945401e-04
1.740493650654148148e-04
6.300223201416741770e-04
3.694542279081853967e-04
4.720235508020498207e-04
1.101082705105662415e-03
1.433663487131487660e-03
2.112659576863607197e-04
7.216707879147722660e-03
5.288965416890958676e-04
2.935965817733552112e-04
6.643323386298409733e-04
9.390329924502989348e-04
2.069949247790079327e-04
1.413969383750470800e-03
4.748744764024196395e-03
7.916382749044619319e-04
5.089597504895569105e-04
3.532112097626280769e-03
1.159749107889561284e-03
4.220981559571074758e-03
5.389268950155668781e-04
5.228786175290604972e-04
2.956430164078125995e-03
3.960036208750608924e-03
4.665029020477804247e-04
1.511783347259960638e-03
3.218267243618956955e-03
7.524426554144617203e-04
9.499246422994345532e-04
4.707860108968003909e-04
1.070238825196339260e-03
1.046918801582986426e-02
2.295031066038218624e-03
1.184578960503872335e-03
6.907283091208901715e-04
5.359745401165102617e-04
1.149095444361039001e-03
5.434362843809896829e-04
7.120212414746195616e-04
6.321397799521102619e-04
3.582997981333099508e-04
3.179920954316371620e-04
4.302928274817563264e-04
8.208436352611145738e-04
3.095163197138984992e-04
8.587385038261428644e-04
4.507539086896879201e-04
1.277573599848121641e-03
7.522815553247970410e-04
7.401300165129510306e-04
2.670843133066916862e-03
1.331572682390260668e-03
1.079776016022130193e-03
2.452245070080063746e-04
1.185174287463877131e-03
4.020277013552875996e-04
1.770382379128582076e-03
9.463691452181069268e-04
6.295311912718751972e-04
2.207271934532129920e-04
5.422191741673121172e-04
7.242398803118391603e-04
2.292071127966267483e-03
1.474496602813477790e-03
8.389770045394964650e-04
6.733904735669435284e-04
3.042825273506468320e-04
9.633524369952441374e-04
4.918659493840247046e-04
6.593219561787042873e-04
6.422029316934142881e-04
1.420507106769837652e-03
7.806351189859229035e-04
3.024110772764201580e-03
3.677309131512213904e-04
3.500703471138117751e-04
7.730772655847746025e-04
2.837430917040941717e-04
8.514106354057801107e-04
6.766633446596980080e-04
4.103056949531946234e-04
9.705252427795677938e-04
1.746374015328546348e-03
4.548399857322043172e-04
3.316227360304040551e-04
1.291121185029670947e-03
1.195070053549665036e-03
4.114616257488611572e-04
9.360791345568486620e-04
5.068037015190025082e-04
8.567662143965252891e-04
4.608382062471046625e-04
8.585968396462943233e-04
3.689163342516206339e-04
3.276792952064993734e-04
4.967462561669960938e-04
5.534798268087504297e-04
4.460622555502765231e-04
1.024149059221931201e-03
2.097955337507802882e-04
7.177070425723745990e-04
1.220786268252934586e-03
6.635187753098177425e-04
5.008662900925477330e-04
4.838287133367062762e-04
3.696712538626369636e-03
3.718950193871832272e-04
5.161034395370490795e-04
1.238706242370296150e-03
5.518641283935970783e-04
9.907233299815967290e-04
2.548639388479055894e-04
7.697172222872751242e-04
1.456400603877170980e-03
1.543824318644523809e-03
4.135549815389590023e-04
4.543348548983131962e-04
5.642268519283724941e-04
6.031260944259740370e-04
5.168795092434861748e-04
6.472871934059121332e-04
9.201106859789876143e-04
5.325461345264188200e-04
2.172618458240802367e-03
1.505243561707082399e-03
3.501551675728627015e-04
5.158102195617715949e-03
3.738955504179800851e-04
5.762925538941862181e-04
7.181347294823419835e-04
3.842636696856508230e-04
9.527115165827533191e-04
2.762247182056286397e-04
3.633547399089529211e-03
1.282478821201826465e-03
1.602161705568447422e-04
2.146853176696502101e-04
4.356447944978753179e-04
2.161398074043416502e-03
5.238162334301480145e-04
2.465305931550870397e-03
1.091368677215481505e-03
3.597557112300404144e-03
3.191624907808057569e-04
3.649569776969740467e-04
6.322883151890013650e-04
5.502139569163784103e-04
1.446263141952428477e-03
1.011540053298212423e-03
9.930149484273956099e-04
1.191104448903960566e-03
2.651920458992186483e-04
4.198655976618885727e-04
3.575119804544199358e-04
1.470447335830210806e-03
4.548959065091138956e-04
1.859429263268906575e-03
3.838451182217570996e-04
1.653248164545437129e-03
9.201210118318400681e-04
5.974021889425941249e-04
5.881140605345366260e-04
4.394413724098815747e-04
1.055848370672784640e-03
6.378204160714140728e-04
3.213113998102102892e-04
6.596888624146750096e-04
5.938177894540476627e-04
4.752114262756387711e-04
5.290900806859283887e-04
1.936687064040343211e-03
2.616894584420510392e-04
1.330420908242969675e-03
3.409255759185052747e-04
7.206881895314704153e-04
2.662872789552148643e-04
7.772421557503349752e-04
3.347174884660269589e-04
8.341870030373293001e-04
7.785046449011967474e-04
2.922228002012240981e-04
3.493595774949786363e-04
1.299934535623509940e-03
1.845245697782003805e-04
7.916295827344544062e-04
1.009912011473018244e-03
9.572458208639915943e-04
4.032328229273537609e-04
5.765392730880436510e-04
5.517808020681070052e-04
4.133528771285414254e-04
3.095163197138984992e-04
6.964469468447471176e-04
2.770673385472076648e-04
4.867280632708914753e-04
6.617931908929762692e-04
1.018879255036294262e-03
3.907713486092973432e-04
6.024412118682390994e-04
4.328782077527850661e-04
1.220914960076434829e-03
5.531718977334431188e-04
1.722999106052519212e-03
4.231220281623486522e-04
4.545099564248335049e-04
1.252053494158010451e-03
5.000913407277826107e-04
1.058306119532572819e-03
6.876206437483204986e-04
3.015217497071591619e-04
4.362494058876228726e-04
8.707491194089910305e-04
1.186112122505684867e-03
6.764454565004178899e-04
1.134586011070107649e-03
6.503793198629857905e-04
4.367312527227158454e-04
7.837236243592384140e-04
1.086277450478794751e-03
4.989005361915085490e-04
4.366536795026676834e-04
3.867961919564586099e-04
4.185000538633716432e-04
6.893799184595216000e-04
4.995689286412204923e-04
5.324448778698424390e-04
1.154879695329728189e-03
2.228943939776952324e-04
4.376221179536594051e-04
1.216046926610384049e-03
5.095175172593045289e-04
2.775070879518612595e-04
3.285743583733099658e-04
6.564848955582151899e-04
5.977720370966022609e-04
3.646571008639732628e-04
3.995903038692913433e-04
1.310950186962053874e-03
2.458935037062532605e-04
9.254527594358538320e-04
4.841262895035294725e-04
2.304028384065966162e-03
4.905456450391554443e-04
2.348195558209288224e-04
1.088672406737089702e-03
1.489340557922234909e-03
4.425907707169653756e-04
7.633469314473305400e-04
3.905444806792329011e-04
3.357212936548535599e-04
6.162825856389324286e-04
1.170410509759317206e-03
1.458689341899630561e-03
2.323245800643576923e-04
3.798157849177250358e-04
5.268832836019431620e-04
2.968755123413283721e-04
9.688259015706558947e-04
2.456051523098747046e-04
7.570252615268496929e-04
6.612462142475005909e-04
6.750065221697166672e-04
4.521901920992412371e-04
2.867254436222050414e-04
6.985754337959862188e-04
2.976456179674146266e-04
5.040800577987339642e-04
2.495310576539431363e-04
2.693778244199622083e-04
9.352387909383713498e-04
4.090564597216488595e-04
5.248879519964763651e-04
4.328782077527850661e-04
5.045002387296904870e-04
8.451584007186520959e-04
6.641834097331286582e-04
4.360314395046756817e-04
5.343330470382164294e-04
2.999480584383595883e-04
2.435399253556212577e-04
1.099352518523729651e-03
1.539939323921054736e-04
5.872601247962513883e-04
9.729164952064173156e-04
4.445484404700360552e-04
4.455698271877389757e-04
4.686457598918516011e-04
3.585043455393113515e-04
6.720635770248865101e-04
5.238638488726783757e-04
1.107789748142198666e-03
5.382756538346202945e-04
2.813262024369038113e-04
4.851028304009413739e-04
4.266923021190484745e-04
5.921527545090850709e-04
5.979538586690219797e-04
4.130656300989719171e-04
1.034185915661873329e-03
2.132129942224099493e-03
5.311223897563443607e-04
1.586469497978078335e-03
4.130656300989719171e-04
2.947381858848223011e-04
3.774069486310894237e-04
2.237288386956383206e-03
2.282983018895707629e-03
1.083746848636270646e-03
1.602257114843926413e-03
1.095204904040325035e-03
7.787827473750063905e-04
5.269351019247052979e-04
1.161646331997107442e-03
3.565679136485965200e-04
4.312984191173315960e-04
4.803144816546192609e-04
1.186227689770724247e-03
2.662749646294227182e-04
3.879641859415180159e-04
8.579839175965113486e-04
1.756227668961859653e-02
1.883142013726467204e-03
9.344722478627832431e-04
3.863306849213639024e-03
7.206881895314704153e-04
6.665485911044965019e-04
1.244451719292961932e-03
1.160877894539011704e-03
7.107179698475846533e-04
8.670737017145814041e-04
9.893887035876498467e-04
1.455141044376957911e-03
2.043389000657711788e-03
4.104758299874497972e-04
8.041772868731129334e-04
1.476518517458223854e-03
1.285674496291152593e-03
1.006883407692605020e-03
7.680018890789721544e-04
2.198537012077765845e-03
8.978147013006822739e-04
4.664976638276490620e-04
8.120339278399185939e-04
7.795475956285853082e-04
9.358734212983346951e-04
1.864585510711227307e-04
9.489145592565733723e-04
5.716409111942309575e-04
6.988346229874215897e-04
5.320658398004124478e-04
1.756297028923712417e-04
1.119837398393771577e-03
9.123979899875837851e-04
4.633605946099539482e-04
5.273377709558211114e-04
4.719554690975137396e-04
4.588205566371056864e-04
2.479787047539529937e-04
3.973300563933482082e-04
6.876206437483204986e-04
9.923808937981886281e-04
6.445688316111436488e-04
4.745372194061098442e-04
4.227800735412914250e-04
1.007567861865675844e-03
8.444545233302518713e-04
1.811152310117167740e-03
2.805151694322351435e-03
5.631627843479018129e-04
3.393288969421818916e-04
8.092038617412482216e-04
1.847266609462429494e-03
7.842387239042479963e-04
4.024334385481746095e-04
1.058147723392971126e-03
1.055215259775280686e-03
2.670010418135806475e-04
6.774334952808526433e-04
9.084180027371568846e-04
6.327886197537419379e-04
6.430469808337285634e-04
4.024334385481746095e-04
7.031113691713152328e-04
1.220786268252934586e-03
4.132741140639231703e-04
1.150528604230243151e-03
7.984376208115298275e-04
5.282744636943883512e-04
1.310957465092602416e-03
1.834790677937197254e-03
7.394504359851984676e-04
1.203198704836965210e-03
1.580704751874406535e-03
1.094139794253332640e-03
7.035930224600266472e-04
7.282377559676121454e-04
1.656345151151742421e-03
1.233965319351969193e-03
1.216001407433010346e-04
7.838669497256260839e-04
4.564036177995669575e-04
4.887281918658084113e-04
1.154564450159113612e-03
5.915629992774519216e-04
1.102026727116053656e-03
7.218395659676068174e-04
4.474188970981736783e-04
4.455352264067294604e-04
7.961685866007896283e-04
1.034185915661873329e-03
1.081782030950737949e-03
7.554695338038145596e-04
5.809268715276009023e-04
6.433820023350161465e-04
2.796882678525902557e-04
4.386563587348556192e-04
5.270975816619760971e-04
2.494545600827718012e-04
1.362135344804456900e-03
1.345807638559328541e-03
3.590611381239562118e-04
6.373413252710409321e-04
1.120475784353987475e-03
3.516207017089319252e-04
6.491430086086856250e-04
1.649323019296714682e-03
3.426491901913279563e-04
1.005265963151639802e-03
1.351774886000047015e-03
3.290787462139369512e-04
9.326557678689635167e-04
6.762322989295437969e-04
1.264824872216202805e-03
3.807132621135834679e-04
9.646834996783592697e-04
1.177224034867130819e-03
5.131514121362686824e-04
2.407327893440310788e-03
1.994613715955331865e-04
3.185961975640868725e-04
2.617319558629929428e-04
4.093340462445807775e-04
9.134117368209146524e-04
2.183243290407466813e-03
1.896632671234199825e-03
3.659826474143211485e-04
1.849236921238317597e-03
1.805993265560548039e-04
1.250669033224586319e-03
3.129711501818058976e-04
2.054650069061032380e-03
4.287522352702829824e-04
4.047371910467340538e-04
4.815751469250888314e-04
1.880358398207237960e-03
4.476404836031263657e-04
3.743598027828936529e-04
4.095070682672735424e-04
9.337178849821026064e-04
1.148911534107269986e-03
2.177669727242101687e-04
2.664733603387662393e-04
1.398520560314298533e-03
9.963098029334299405e-04
8.633887380549952473e-04
6.766707385258296679e-04
5.614097026639665268e-04
3.128243615607541133e-04
9.900666844514425212e-04
1.052127940992830888e-03
3.700280715398952119e-04
8.668947484581988449e-04
4.731853121792653927e-04
1.049129016992139240e-03
2.849914072505032410e-04
1.605151542202547807e-03
7.553385544833053373e-04
6.564848955582151899e-04
2.107499815220998871e-03
4.130115317590594406e-04
6.387320221888377180e-04
1.009893827452593845e-02
1.067788504910929326e-03
3.793825335874698840e-04
4.759111713990773086e-04
7.649940202263681753e-04
7.110412114484536200e-04
3.929908963978772751e-04
7.828660679304723456e-04
6.506179627337433475e-04
3.723820906382643934e-03
1.052127940992830888e-03
1.191796179002221727e-02
5.817592573997389452e-04
6.022282229995721582e-04
5.495884008464115619e-04
8.855018111423956740e-04
1.180843499994286205e-03
5.948069742101250298e-04
2.022442928038470020e-04
2.054954170294907845e-03
1.031866660686853307e-03
1.092875664291300666e-03
9.422252337448693655e-04
2.419307456130369467e-03
2.931481637726048289e-03
2.862522377554021407e-04
3.477590117364609806e-04
1.187498249474617552e-03
4.520399917257283398e-04
4.989508213607856584e-04
1.838094001969869983e-03
1.127376208134329245e-03
4.538956786910785472e-04
7.415493715663019078e-04
4.029363855846015258e-04
8.609607998894161203e-04
1.636324212131741842e-03
1.757260736423974174e-03
1.049777879919055372e-03
2.802033095003285510e-04
9.111806028091815187e-04
9.841790682151201411e-04
9.111727015517710401e-03
3.388421394486610012e-03
5.626083710897346020e-04
5.021858564570659024e-04
6.681725865096014910e-04
7.579480911275942277e-04
7.848014814342021929e-04
8.725533368862799189e-04
7.787334623581803738e-04
1.535424134948163832e-03
9.261904127177005312e-04
4.660020098924491931e-04
4.024938425947866645e-04
3.770751571438674620e-04
6.495573835730057569e-04
