3.047288811666560670e-04
6.500581739106878415e-04
5.250541750165164208e-04
1.379203545515471190e-03
5.229616178762062093e-04
2.909650501165264407e-03
2.572039567917761894e-04
6.260918977686011659e-04
6.703515809987193154e-04
1.187549972296044658e-03
9.754401797377635708e-04
1.289715691414652834e-03
2.628375195484553960e-04
4.374955335688338488e-04
4.699137216084602942e-04
1.833620268234385656e-03
1.494143452101969220e-03
6.575866807128024662e-04
1.006417492367494117e-03
3.898770152483820462e-03
7.782863490870656729e-04
1.171953239911455603e-03
5.720816127910808993e-04
8.286811560432928193e-04
4.300433037972243178e-04
4.351963991367194967e-04
1.012514265676014774e-03
1.602589328252469010e-03
7.107136628059367326e-04
7.215210081001848354e-04
3.995838115163759751e-04
1.235846976943518567e-03
1.693766934877734666e-03
3.807580840238184773e-04
6.046849493387993846e-04
8.051712025874250590e-04
3.242565485471591733e-04
4.555415000824850329e-04
9.329101645860892345e-04
2.638788693216965477e-04
4.931292432562792974e-04
9.228823189529106099e-04
1.209524920983160194e-03
4.954377519144461187e-04
1.034433789328027820e-03
1.247372537733006407e-03
9.043499179530040122e-04
5.943395016951680916e-04
2.125327939997747055e-04
4.696969477554716749e-04
2.464218733752537144e-04
2.972252252550802417e-04
2.922660277644928634e-04
7.408807580813047289e-04
7.208733830955270025e-04
7.281266229374851792e-04
2.931421244232329808e-04
1.149602046023314719e-03
1.439343112911496388e-03
1.202221109582399857e-03
4.770981447245848739e-04
3.320200676942329596e-04
6.246400184207512351e-04
1.750749825138290389e-03
1.791828738820488596e-03
2.835210588023589356e-04
2.825416444307094562e-04
8.087526561722708542e-04
1.221249409271261618e-03
6.406996009863159423e-04
2.754550380208042491e-04
2.374870055615297803e-03
1.388838891646166718e-03
9.670957349573580577e-04
2.164780839596327187e-03
3.859483580780195453e-04
5.820488465146028212e-04
4.091116496586857140e-04
6.201534045466571563e-04
1.822817161461958617e-03
1.971174997121867675e-04
5.214411537666849153e-04
2.900686443664688080e-04
2.148275084123969347e-03
3.473822492997871150e-04
2.028489295305165811e-03
5.169763510933711101e-04
2.876376731415907807e-03
1.414967045361862968e-03
7.833782899959910269e-04
1.199919242634915010e-03
1.086310221624232041e-03
6.005629277193433096e-04
1.612851822997640738e-03
1.061583404176251987e-03
6.790809041965080147e-04
2.906348393456387375e-04
1.075934819249019930e-03
2.099609002092434138e-04
1.031827035832084830e-03
1.154661128256093648e-03
9.752649224540756818e-04
4.860626074069837013e-04
6.309024746221729690e-04
5.511132635532879111e-04
8.441466111765834552e-04
9.246365212716439611e-04
8.309828070709331625e-04
7.927280383264582488e-04
5.812791347007435902e-04
1.146412653039783139e-03
8.100176202832223621e-04
4.280530555422051831e-04
3.106903882340698603e-04
1.013479447226619742e-03
2.349222308081449877e-03
1.320316279717909623e-03
2.446275565847586160e-04
9.389668457728684702e-04
6.408616461333294058e-04
4.514007882997189800e-04
2.872702326472044692e-03
1.001252695925995435e-03
9.203758198496921191e-04
8.282767456189688796e-04
7.657162565189843837e-04
4.427366990960213047e-04
1.470593934443388626e-03
6.555100738396490122e-04
1.241349482345516708e-03
1.458958846201031338e-03
1.110699485533288636e-03
7.680636691257628629e-04
2.603727959610711764e-04
8.251092271977916986e-04
5.294339240506393349e-04
4.735508153711989895e-04
5.594576872494005839e-04
4.217529000182553543e-04
7.976134297594383990e-04
3.320200676942329596e-04
9.593628524579863150e-04
9.330700661725761357e-04
6.647286685641361909e-04
1.271035917989647409e-03
2.948861385210578600e-04
1.829595345758841096e-03
4.097077477876047186e-04
1.392445795476890923e-03
1.104391329582150773e-03
5.235027971894820869e-04
3.223441443417427300e-04
6.333403371195531163e-04
2.511873848419682569e-03
9.550489853826055978e-04
1.444986673488605263e-03
4.024163522611610001e-04
1.062300046016939788e-03
8.843453791317330923e-04
6.849653298696782838e-04
2.892297958950404597e-03
2.103048959322537039e-04
8.254244764509901557e-04
5.597064805506022245e-04
1.758964394272319667e-03
5.301535668241378696e-04
6.336064406258730191e-04
7.278340963336684842e-04
7.824629695958351975e-04
1.343643719361669675e-03
6.686681193966261330e-04
1.238912363849714897e-03
3.992807995128474867e-04
9.464998484679038515e-04
1.157627414448501608e-03
8.551409246667772846e-04
4.949573198488222033e-04
1.396835886671796883e-03
1.674575215672518018e-03
9.441442803723920293e-04
6.077244992194468388e-04
3.772085457376621711e-04
1.223433403314210487e-03
1.310934686126230845e-03
1.129454747458152886e-03
7.493415046594804852e-04
3.515958355639554390e-04
2.999893732516515548e-04
4.776112027331534714e-04
1.092930176512154489e-03
3.338420697919077603e-04
1.204676689117035147e-02
3.943619739237859932e-04
9.704371747282062883e-04
3.790389696827587839e-04
4.104101911356658298e-04
1.355571170636187981e-03
1.092161282056805993e-03
1.707271390061858036e-03
2.161877624258773563e-03
2.603727959610711764e-04
7.574010440464528943e-04
4.711633583508002886e-04
8.437524914209722964e-04
1.216855009717226566e-03
1.270503070939145700e-03
2.366664268838179676e-04
1.010167637855572797e-03
1.476043138911261633e-03
3.321704067047234060e-04
1.004078488115235776e-03
1.009725397878232477e-03
1.005502720965897141e-03
1.989360191150250489e-03
4.499523937852076445e-03
5.166091973794983928e-04
7.219222391266043185e-04
3.639731910132829019e-04
6.057068742460794105e-04
8.832197384930748265e-04
7.159912289103377570e-04
6.393627700214465437e-04
9.044293882031013889e-04
9.745693596593635972e-04
4.219059308622688650e-04
3.916160586453848935e-04
2.406264623945812524e-04
6.571987336486710077e-04
3.506881525380865783e-02
5.041169829420698431e-04
1.128388693750281314e-03
6.469175408802131221e-04
7.868542914856239663e-04
2.057690860398115479e-04
4.462896172764138983e-04
2.989755484521529859e-04
5.834803069591313349e-04
6.535800192735400803e-04
6.655993010094069700e-04
9.582606551865909114e-04
2.989148324520986321e-04
7.566666052751273505e-04
7.586522896532461174e-04
8.530948075006937947e-04
4.473059137269642092e-04
9.080824435563867670e-04
3.486407507859577595e-04
7.989507514079087535e-04
4.715585290250711055e-04
1.782286467751276410e-03
2.953599877883507103e-04
5.387009695957412905e-04
2.999893732516515548e-04
1.201660321944211969e-03
1.106113606705110561e-03
8.031709338673688209e-04
1.370142649181454227e-03
1.171514775590218804e-03
1.656527727121659627e-03
2.432246177229451922e-03
7.591621173042590459e-04
3.285703954977153948e-04
1.048988591520860552e-03
2.686205475714356899e-03
9.874793967795780347e-04
8.454201817982099970e-04
6.869074561058808757e-04
1.499617147365088195e-03
4.339359547862546552e-04
1.871648048055637873e-03
2.542629263145511700e-03
1.328747639079984810e-03
2.014010628123369070e-04
1.143339585419822372e-03
2.814887261990455447e-04
6.090666007654216892e-04
8.633400466096679323e-04
2.951196456915407534e-04
9.008745014828645334e-04
1.863743278890078519e-03
4.984967372573870497e-04
5.698967612818488758e-03
2.258117110805775278e-04
5.489164990464107368e-04
3.537544813620250705e-04
8.633400466096679323e-04
1.671559870256953068e-03
1.414303016181026572e-03
3.067044609502381398e-04
3.360368298672484935e-04
5.576755072039399699e-04
3.984391660929433032e-03
7.017815524423657875e-04
8.101605988723090384e-04
6.426612753304381280e-04
1.324338208742161351e-03
3.433982654012929779e-04
5.490822432286089107e-04
1.701363338008262229e-03
4.379640646846016385e-04
5.624863564329601407e-04
7.001858473266460003e-04
6.821089210136387906e-04
3.713710196360180777e-04
5.923669011056725961e-04
6.303710340820750657e-04
1.241349482345516708e-03
3.522241027517031362e-04
9.864279627018266838e-04
8.052000821648455132e-04
2.413853334120269305e-03
1.024783777526062228e-03
7.820595091206062298e-04
4.061461846735349521e-04
4.608046941766450822e-04
9.754900589898921536e-04
1.126243030819662656e-03
8.611847344581145250e-04
1.021940236629461513e-03
1.919628395107727398e-03
3.390848497529955728e-03
2.412453022739169547e-04
2.367757419670068727e-04
2.148163798180308115e-04
1.875375836749652294e-03
3.379012777027774295e-04
5.961049876745780525e-04
9.692301566727541586e-04
9.084924039416890189e-04
3.300365346883022289e-04
2.517628640729207916e-04
1.014248559006879560e-03
1.513013718620974369e-04
3.061366215616148244e-04
7.752954303744832940e-04
9.135996010534146866e-04
4.779249885934615011e-04
4.624142114740388771e-04
2.554952545182764476e-03
1.088256707074581947e-03
2.008312249772623102e-03
6.008578444981980396e-04
1.208356344095834348e-03
6.377853979269981896e-04
7.329786137766640571e-04
9.801005148567379973e-04
4.507970714544842707e-04
2.708121061873869709e-03
4.848435464032453961e-04
5.497480294325042538e-04
9.512929495978785866e-04
2.030520936603138051e-04
7.576498508929947317e-04
8.736365593311118177e-04
5.213053588469983507e-04
1.795296788962777532e-03
7.019711620317661696e-04
6.268538048089684076e-04
2.973917250087997261e-04
8.707937998143589712e-04
7.311134775883217866e-04
1.510102709936411887e-03
8.059110760440421324e-04
3.907779066121146215e-04
3.859253910115794783e-03
5.252744151656351052e-04
9.810953007299931788e-04
3.522953893418376064e-04
7.768166129337783282e-04
2.052018316580170190e-04
4.514007882997189800e-04
5.739506511509165441e-04
3.399656087063345389e-04
2.036878437416163453e-04
1.688273448762725882e-03
2.103478072046937090e-04
7.140524855065567920e-04
1.536992759451747629e-03
1.986036724567070890e-03
8.864571928138488717e-04
3.335069796384518628e-04
1.032704691790093049e-03
5.514978718289602301e-04
4.359339511947511129e-04
6.827034456652948148e-04
8.524933652221353695e-04
5.571360099139891853e-04
5.438706466936398367e-04
1.936650817583190215e-03
1.157446227893087990e-03
2.271628276762860605e-04
6.533356119959038292e-04
7.919377052238517995e-04
3.638509999146555588e-04
1.613286114580548625e-03
3.980514882034487108e-04
4.633687984373604705e-04
1.604113798236219421e-03
1.855008266919870542e-03
8.584870757893848679e-04
4.453991300729161652e-04
9.279214207008039004e-04
9.685249228915962733e-04
6.572315931637950828e-04
1.052097597058287027e-03
1.194166575422028363e-03
1.159492463027820761e-03
4.031176339998519494e-04
1.751322072217089115e-03
3.526493936079618885e-04
5.361814977118710066e-04
6.200743689245534224e-04
3.458920940687258867e-04
6.957021370104111285e-04
4.068678665768485207e-04
6.979519994226627243e-04
1.974658694178812698e-04
8.986245724984725592e-04
4.739543813796826726e-04
1.930807236983506103e-04
3.030290900245542329e-04
1.601202693620010090e-03
3.624685903339541510e-04
4.104191465364107581e-03
1.175897389938605460e-03
1.043863551373660397e-03
3.972154773843055591e-04
1.017499168813234709e-03
9.341232084531976565e-04
5.018617541117842331e-04
6.829083479033793650e-04
7.702212751579462025e-04
9.754401797377635708e-04
6.718157592471129657e-04
2.858632161304009052e-03
4.253971690041296943e-04
9.728551210225763008e-04
4.254434947972482277e-03
3.537544813620250705e-04
1.520465310365922557e-03
6.379004498325661085e-04
5.383431615588802526e-04
4.434217752641595595e-04
1.225269121556884317e-03
4.262446306376248511e-04
4.296423642016243614e-04
1.986036724567070890e-03
4.038066362276473780e-04
1.697165313089551942e-03
2.505811792557547952e-03
2.179425036312551082e-03
2.900686443664688080e-04
9.038926631559596149e-04
1.087220102235935716e-03
4.280013117483634629e-04
4.698874632461310665e-04
8.407054136180870142e-04
3.519951305495510620e-04
1.419067790815018706e-03
8.043678789318021820e-04
3.188134374765083461e-04
8.136605491534568786e-04
1.974018346682754571e-04
5.963806812143872867e-04
3.515121438059813966e-04
4.247306347008006594e-04
6.545704336446889942e-04
4.271761258786814790e-04
2.497567750752557251e-04
1.931644632292221341e-03
2.601785735157460203e-03
9.136240156334668851e-04
2.771618506603960711e-04
1.485337762291669226e-03
4.173858455829472926e-04
9.277553197232953075e-04
5.394172324724106141e-04
5.777451065612909924e-04
2.448703610541922131e-03
2.934244971388578864e-04
4.535634379813333105e-04
5.990977240751927486e-04
1.092874353812046690e-03
1.922467629427745787e-03
5.138267667894011763e-04
4.385342451431462063e-04
5.884639207044533313e-04
2.738561650941085247e-04
1.482878354355530136e-03
5.026811013410564712e-04
1.090335205442921574e-03
1.005300171931835899e-02
5.773122506529943096e-04
3.118560059144342023e-04
1.314892737180631656e-03
3.027223135995650506e-04
6.292261835779514338e-04
4.865358948891415928e-04
3.665860170905963704e-04
8.017551657518377350e-04
5.132657229672810389e-04
2.628477071807739274e-04
4.251695422212149571e-04
1.245915869688361474e-03
4.546321339998029057e-04
6.390908777315468768e-04
4.905850002864705879e-04
1.593676160706972503e-03
2.662848326507942206e-04
7.149410953334444513e-04
6.272835773030203477e-04
5.103677740276394911e-03
3.624685903339541510e-04
6.774120873703390030e-04
1.751970333966437776e-04
9.687986690639538608e-04
2.396375115064083763e-03
4.289784655944516630e-04
1.189279302189059700e-03
4.671434275841652279e-04
2.020950626703381121e-03
6.252466340991080567e-04
3.053915321065730137e-04
5.286664871334162972e-04
9.431054275659209998e-04
9.461516911496321023e-04
1.781580174714816889e-03
5.019874946408338975e-04
4.737965896000318985e-04
1.598595920408395731e-03
5.007775374921491973e-04
2.322869358305886672e-03
1.744443731960024094e-03
4.291877621704194784e-04
5.211912054895740916e-04
8.284721645712756800e-04
4.401433821639214841e-04
3.227076308696545160e-04
2.197035260832467293e-04
8.441466111765834552e-04
4.342221747761840895e-04
9.092898444529068803e-04
5.349216358895869140e-04
4.460899055650848779e-04
5.800218614499905601e-04
4.905850002864705879e-04
7.961111018014114388e-04
1.272179242710651291e-03
2.697365485435495799e-04
1.580468508980052787e-03
5.607658552849648830e-04
1.486615365940827278e-03
3.270274534696704220e-04
1.331581144154123184e-03
2.849353929971094705e-03
3.568720307749855274e-04
2.396375115064083763e-03
5.146326677301111575e-03
2.342499281845599000e-03
1.978810175999655939e-03
3.176503380698294295e-03
9.184480422440931919e-04
4.135960343542477067e-04
7.242409580279429108e-04
5.129165738080409924e-04
3.773716196611390673e-04
3.511233894551636647e-03
6.589529379966761833e-04
1.381374935347044492e-03
4.842218333167125745e-04
5.576856665971792948e-04
1.027043007982515093e-03
4.927202768848647392e-04
4.904640992416480199e-04
5.362438055226273828e-04
2.909375322513617010e-04
6.152810354007467531e-04
1.881674076575486250e-03
1.849183102349398825e-03
8.683101083739229670e-04
3.116169317684257603e-03
1.130418287401259263e-03
2.354935213061680986e-03
3.844419127566606870e-04
6.463545801231457277e-04
1.014248559006879560e-03
3.300131692511878664e-04
6.542538843057192936e-04
1.973190434689438191e-03
4.746500009123554411e-04
3.072723416412729788e-04
2.915862877032273271e-04
5.378254298813941753e-04
3.073271005965133584e-04
6.200743689245534224e-04
1.078665283018937198e-03
4.470254273992406023e-04
8.751728093895376134e-04
5.866622979459806602e-04
4.831619447379832829e-04
6.313671918616000408e-04
2.667805497197520224e-04
1.690835902124141138e-03
7.032268540074696058e-04
4.809737204727194525e-04
1.203796039234437129e-03
5.391634781970463608e-04
1.501733058448918119e-03
7.149170771122016332e-04
2.232684421807542424e-03
1.689839993969085045e-03
7.275317397283531272e-04
4.486580230127928427e-04
1.433485402464791821e-04
6.021742867476940824e-04
2.794232273463208033e-04
3.445069777012082536e-04
1.131102652513573921e-03
5.590641900908099133e-04
4.121472303583419085e-04
1.882135012276887898e-03
2.376910859172177558e-04
7.600274046133638972e-04
1.157950683877037286e-03
3.837792114983202673e-04
6.220276713340673700e-04
6.571445661505190662e-04
3.710871346245255367e-04
5.849982442713408783e-04
4.452093941954699528e-04
7.783111021625198269e-04
5.970120106434846381e-04
2.987850994525063225e-04
1.277999527841692596e-03
2.242622660593519227e-03
8.176671329312722213e-04
4.371334415081608456e-04
5.037457083360648204e-04
5.313354431403685511e-04
3.007640039744429762e-04
3.422314910467534675e-04
1.207172630909536699e-03
2.974254179122093203e-04
2.736648338839810864e-04
1.250937402611817942e-03
5.892409961407236085e-04
7.050022231690505512e-04
3.786054002156415089e-04
2.209164551497169986e-04
3.473415140982494113e-04
8.396635802017622186e-04
8.047434994295145794e-04
6.347962431316648375e-04
4.819125429346914850e-04
2.668447650022926984e-03
8.068968404783391415e-04
9.157457082545390368e-04
7.621132051591533643e-04
1.335444029731603765e-03
6.613077326608257558e-04
4.071548299539269936e-04
7.313541915540207241e-04
1.080685707268016571e-03
1.304773179076468238e-03
5.346221359660842084e-04
1.219209544350580631e-03
8.017551657518377350e-04
2.285903838374563936e-03
2.979494568255855631e-03
2.137261992780693537e-04
9.078679546262468942e-04
7.421927954905251481e-04
3.841416128771109936e-04
2.331160218481399295e-03
1.549004188327584089e-03
2.087217966699890211e-04
2.944652294976457074e-04
5.443695048656515146e-04
1.500691611303721579e-03
1.606107370646155542e-03
3.335069796384518628e-04
6.073487776925277394e-04
6.109451884425300258e-04
1.206260554439589523e-03
8.630027380019574803e-04
2.361597046500388123e-04
1.518319922550070587e-03
3.885584248649120802e-04
8.263384369671071669e-04
8.087526561722708542e-04
1.515330158153440493e-03
1.100357820869736708e-03
6.979240046046911346e-04
1.537922557343665304e-03
5.535958075954432525e-04
3.841416128771109936e-04
2.248425254268010261e-04
1.376794963250488899e-03
7.174790931037796022e-04
1.114641267699256191e-03
2.489041564936974910e-04
9.321228269055812981e-04
4.030763242667063559e-04
4.912595692391169642e-04
3.458920940687258867e-04
2.979137098990562900e-03
4.379640646846016385e-04
6.755231816101514922e-03
6.901418848400943341e-04
1.105170844825463647e-03
9.413702582855571887e-04
1.027350402200446784e-03
1.218445193137120955e-03
7.011666869773931863e-04
5.198832005221148186e-04
2.353494185178191603e-03
4.842218333167125745e-04
1.216422210778322953e-03
2.358634220426598818e-04
2.883516968727723286e-04
4.799580017784791123e-04
2.901829394776147294e-04
4.838926462465372759e-03
1.010745314868814575e-03
3.595965976528343443e-04
3.669151822477602245e-04
2.094258197314983246e-03
1.613457654104876382e-03
1.551322919081447177e-03
1.207052306442037018e-03
4.969385221179812738e-04
2.811325150898810309e-04
4.242065686004853234e-04
3.643028855218147146e-03
6.557228003997424368e-04
1.137242453178555560e-03
8.294972631326870838e-04
1.385111954492484251e-03
3.273724382288106436e-04
6.950401836048488401e-04
2.915037233669838025e-04
3.403475223420925522e-04
2.827006344290967227e-03
5.814765066040340465e-04
7.462878750989182346e-04
6.140880249037839432e-03
2.164780839596327187e-03
1.024409969408728418e-03
8.776040338321522850e-04
5.676758858146118900e-04
8.592976208190187745e-04
8.059110760440421324e-04
6.979439010200609930e-04
1.085663685711713922e-03
8.506650880652233144e-04
6.736166134590391378e-04
6.112790883159826194e-04
8.035240052605800709e-04
4.360373189956387821e-04
9.677183875489499699e-04
4.288664421532402599e-04
3.314050726587815547e-04
9.303617878939941799e-04
8.728828496705293106e-04
6.634865062873022534e-04
2.014010628123369070e-04
2.968411574755775535e-04
1.263079556068603341e-03
5.972924128643513492e-04
1.051484839723750703e-03
9.046120789796089365e-04
6.833147152271385524e-04
3.227899127710092504e-04
1.549004188327584089e-03
7.744453435329591486e-04
5.535757835181243482e-04
2.789874119181463656e-04
5.128938356624583366e-04
3.974098340788771353e-04
6.406996009863159423e-04
3.836769331685985392e-03
5.079939875852445804e-04
1.422999427296583195e-03
1.537922557343665304e-03
3.775310805755734632e-04
7.681224578964583691e-04
6.564532468170850921e-04
6.135160660019171874e-03
5.019874946408338975e-04
7.239795292293492836e-04
3.339267235497745366e-03
3.891431261185266440e-04
8.208591806458200892e-04
3.767998194710240603e-04
9.314433460513645447e-04
8.848747618180259926e-04
1.613286114580548625e-03
2.599567695351100486e-04
3.565337273864512251e-04
2.872749940225570540e-03
1.052306570901277022e-03
8.152576732125575362e-04
6.735184373142922122e-04
8.525041596520230693e-04
1.004044375886513482e-03
2.287273801099720834e-04
8.393289507056807090e-04
5.229648661879332311e-04
6.258345187897228386e-03
2.025310483572378268e-04
2.722485883618620513e-04
5.947394622788134810e-04
3.880389719192379083e-04
6.741144048241389094e-04
8.951470806520595751e-04
3.593048116481951742e-04
1.578127682067746815e-03
2.715641991423785491e-04
5.135948042238492207e-04
7.097497785381926515e-04
6.786889064572219910e-04
4.332959702107129214e-04
3.934621378169737295e-04
2.318362520088341344e-03
7.861035126505317230e-03
1.147244261957180295e-03
3.715660941159394204e-04
3.922247534979959004e-03
6.114229523916058211e-04
3.894427550697270556e-04
1.238887525420064809e-03
2.222456315732738823e-03
4.774317194014872780e-04
1.375560830425220189e-03
3.864225881786719809e-04
8.060886909355582768e-04
3.675407218351250602e-03
8.848747618180259926e-04
4.990432616799869367e-04
8.401231928442520888e-04
1.702934558800968303e-03
5.655743786995607539e-04
3.972075742437669653e-04
9.081690778025295133e-04
7.726171159555047119e-04
9.846711431457232534e-04
7.768166129337783282e-04
7.184959760612548083e-04
3.250589084636843016e-04
1.585621189495716810e-03
3.655927919824132773e-04
2.297117126095653012e-03
5.224903385194204150e-04
1.050317642394387732e-03
9.880035288145506273e-04
7.169936232092120713e-04
5.244569222703968471e-04
3.615908022900820380e-04
9.954883479276026292e-04
6.683094629502820197e-04
1.167769243973055225e-03
1.700280666054380030e-03
5.472683490115029178e-04
3.832006308477309774e-04
6.774120873703390030e-04
2.445494315547530801e-04
1.092434335817050366e-03
2.786455467050311802e-04
2.191822844313948897e-04
1.895199323254860785e-03
4.170194234538956730e-04
8.958497190756005988e-04
7.148795816580283532e-04
1.112746116014454298e-03
6.977417802965724591e-04
5.757809821632404058e-04
3.669009847536074077e-04
6.533967561019391867e-04
7.128643353542069797e-04
2.839641694984419793e-03
9.802727223436600613e-04
3.875983824851195973e-04
2.036878437416163453e-04
1.160525668207199566e-03
1.563786861906980201e-03
3.566144357232394423e-04
1.211396979308430140e-03
2.152706109288407099e-04
9.503896661650887466e-04
6.979288571085349741e-04
5.759250092748741893e-04
2.201665891384911307e-04
1.790184435837101871e-03
3.880389719192379083e-04
5.361789228031120296e-04
5.174024901467817218e-03
5.824501581502522073e-04
5.575141107266084941e-04
6.423374082250493449e-04
1.617016982216155615e-03
4.157249911953871807e-04
1.611044098529166007e-03
7.983811784899069080e-04
9.999882155697086168e-04
5.365911844309025156e-04
4.546152948474600970e-04
9.444659477581524671e-04
5.533047800405799937e-04
5.182180144906619029e-04
1.288127288571228567e-03
2.059503472035174203e-04
7.606012634519769946e-04
5.052660368066927681e-04
1.235846976943518567e-03
4.731991944811239073e-04
1.158513442993959128e-03
2.723296452538413260e-04
3.104666453031234012e-04
1.381439409453247714e-03
5.771075596480866512e-04
3.586729613081094878e-04
1.867441011182395571e-03
3.678189715977733267e-04
5.512201443854924379e-04
2.044605500423409862e-03
4.796571768811658341e-04
1.322783167488899604e-03
7.531005710345448816e-04
5.433589974287516503e-04
3.558595993450615726e-04
1.105343948039414935e-03
2.444212226918234605e-04
6.776559449300997590e-04
3.090080787359186353e-03
2.841897355934570901e-04
1.164018294058738034e-03
4.888835237763972151e-04
5.945073698297014550e-04
9.172982795736169545e-04
1.712136392500770770e-03
7.646263064524487247e-04
3.396445323861161519e-04
1.987980540256034114e-04
5.434266713819644982e-03
7.552174606393185488e-04
1.514359001714365906e-03
4.657678613213441236e-04
7.109183380539655164e-04
6.683505232558934308e-04
2.765826765132549207e-03
9.216543312969236465e-04
2.491755317054955760e-04
1.847562444281320576e-03
1.340288853227994577e-03
1.355819099563878053e-03
8.825512705783703383e-04
8.999081526313775252e-04
6.800152016125615663e-04
2.019439901885558032e-03
2.627401609110040313e-03
5.357257780197305884e-04
2.806232856620220588e-04
1.408024943844771344e-03
4.646658972985638039e-04
7.227984083048962687e-04
2.503376614718240910e-04
6.046574804573350307e-04
3.351793416968352796e-04
1.673114338405292788e-03
3.512029186819544055e-04
3.740025900287604569e-04
6.460490795711779826e-04
6.130943748877028124e-04
1.502784702445456901e-03
6.547089296421899907e-04
3.374178755675299492e-04
1.342815147410737937e-03
4.591387471804485288e-04
3.004055334905217866e-04
6.011538912182573914e-04
2.833334617326221136e-04
4.647812463211526508e-04
1.078178318977176219e-03
5.259049862505730697e-04
1.432480264618431198e-03
8.307710371102013103e-04
1.605805824503681555e-03
2.532139437211205265e-04
4.611911784340654930e-04
1.274897107630594854e-03
7.081107844682157232e-04
6.894170656444340104e-04
4.688539028015730609e-04
1.163196953332397638e-03
4.646658972985638039e-04
2.958517911587845600e-04
4.079292656772591269e-04
1.632836344223215176e-03
5.983876405638325832e-04
5.389191154041922871e-04
