8.146524595348328401e-04
1.370107067533408085e-03
6.974662198403925196e-04
1.065645272861975900e-03
2.259184459700353757e-03
4.030647931663491304e-04
1.705491567681887343e-03
9.111849981136905434e-04
5.014488388244471182e-04
8.628522528529474541e-04
9.616588800287371661e-04
3.226350645240915718e-04
1.122968588207736871e-03
4.732682194488754086e-04
8.481717360856325452e-04
4.600845933529625021e-04
3.113113878230347963e-04
3.432431836369323952e-04
3.790916746586182710e-04
4.666963673181344103e-04
7.798636250838649831e-04
5.958542746936863537e-04
5.003249711805568892e-04
6.758484835801582824e-04
9.506917666162841615e-04
2.289358180637087771e-03
5.197330981904450115e-04
4.598940767001508134e-04
3.211500527250386091e-04
2.297766381315136715e-03
6.795392196782187042e-04
1.261327073582860095e-03
1.810162302076933055e-03
7.089692210463155236e-04
1.074991533295179035e-03
6.858103603346900595e-04
1.160134463864261186e-03
1.312527610963676967e-03
2.350409096750070601e-04
2.187469867383299345e-03
4.033058451205164441e-04
8.823811667912488969e-04
5.768052603713249822e-04
3.665901410929574386e-04
9.353847001623770115e-04
1.251432860228940186e-03
3.773470014830709266e-04
3.113131325842143516e-04
3.061004265204578332e-03
1.371922286497130735e-03
4.145747774976157873e-04
6.416015790226270443e-04
7.099495036285731735e-04
4.563280032819021876e-04
2.746795972818038265e-04
7.822272230974727097e-04
7.093529587541847750e-04
1.051334276629429122e-03
8.466548983804042094e-04
2.429469516810829665e-04
7.453887628133746808e-04
5.607791082764095048e-04
3.022311937233647426e-04
1.832372365401208070e-03
1.334245724272713597e-03
6.516872355575442513e-04
1.400531134552979000e-03
4.639506514158164992e-04
4.665921172613340462e-04
1.705491567681887343e-03
4.464186851621683417e-04
2.013677304124145313e-03
1.089798210023713593e-03
1.390821775892170375e-03
6.827848308023525600e-04
3.988827383231927115e-04
1.996265896850092127e-04
1.194075126695523167e-03
1.302435540426272968e-03
1.640560244925723041e-03
8.475423196658027911e-04
7.966526646738040758e-04
3.416940954752408573e-04
1.454417017011260188e-03
8.497560526987141130e-04
3.102255303760325430e-03
1.592821157992008532e-02
4.366780830370555529e-04
4.600649169337350949e-04
3.156823348451490759e-04
6.657388926084647097e-04
3.578243480564255539e-04
5.899879300896869504e-04
6.267582556987867344e-04
6.211660980005454316e-04
5.277635922053372812e-04
7.623464584497379251e-04
2.264053169899259783e-04
6.392983996634680685e-04
1.561153499517211902e-03
2.242471465011290545e-03
1.171838398902915173e-03
8.500869021556455496e-04
3.992196428859355411e-04
3.785436562790325398e-04
6.513070175190406380e-04
4.426927941448829474e-04
2.194211707963097382e-04
5.667982596279961616e-04
9.111293963266204991e-04
1.605076563998953862e-03
1.118994232994390383e-03
7.291743315031242898e-04
1.795253691934602406e-03
5.917397628742904116e-04
3.598171531678070762e-03
2.185846825606670239e-03
1.639699720142840647e-03
7.402086070879080595e-04
1.360486046547806568e-03
7.405594275891829283e-04
3.410999542822129647e-04
1.676243674393833099e-03
7.561449981492831054e-04
1.805925186662836988e-03
4.615353095793009799e-03
6.299557541204752354e-04
6.483218286594786975e-04
9.847901522752105976e-04
1.027190276029002480e-03
9.892829982248321861e-04
7.040704854865303172e-04
2.950283859920491310e-03
8.814178549193601390e-04
6.285202229500190486e-04
2.024368733219028430e-04
2.379311622644474881e-03
6.405146583279840459e-04
1.223458078188059293e-03
2.378547266906783954e-03
1.214730487771226641e-03
5.043456760594581005e-04
3.971363881070947210e-04
8.396945593415713113e-04
6.307496251101928856e-04
6.038610800156758588e-04
6.966081043641449665e-04
7.061623557488599283e-04
2.095284685334768853e-04
1.045065160164819311e-03
1.141539520144988938e-03
6.410352124904197682e-04
7.286771801145918099e-04
2.263875298013403984e-04
1.011500496951701390e-03
5.667883810854701821e-04
1.449211745034153240e-03
1.351283128209363913e-03
1.813485195400884155e-03
4.816678425102501721e-04
2.684104783820605951e-04
6.352824133462043037e-04
2.580567466051456298e-03
2.361273421069877854e-03
1.193247724925477430e-03
9.780799271894482366e-04
1.211110901403918355e-03
3.874717664657853348e-04
1.252001315122907134e-03
2.856810190236877458e-03
3.423312501833139249e-04
8.479124794937219992e-04
3.833407275832727908e-04
1.238342780320689273e-03
2.004768631682030990e-03
5.660466328351764680e-04
6.531262599149285225e-04
4.617041416565740674e-04
1.143037664223118090e-03
6.942116894426148942e-04
3.836501729963849865e-04
4.549001076648927330e-04
3.927389645094481727e-04
3.382296651149199035e-04
6.353237668789851484e-04
4.912446352132500025e-04
3.225219861091675050e-04
1.039690485465642310e-03
1.161327833046879717e-03
1.355382499330531378e-03
7.436829011947287179e-04
4.866236863676680433e-04
5.155291799450507527e-04
2.172646588486411377e-03
7.384767619013419930e-04
3.908324622908410529e-04
8.708897622937650197e-04
2.659244877558093311e-04
7.889640570722742784e-04
3.395784846714209378e-04
8.047359312772222207e-04
2.736054985374890541e-03
8.521974882262495351e-04
2.196990672496471498e-03
6.591969505474835206e-04
3.328494203956879581e-04
1.990214760100796239e-04
1.053438448590132128e-03
2.915059635197041459e-03
4.784965553961904850e-04
3.630295175909475426e-04
7.947222340054284091e-04
1.472916027026307953e-03
3.637352320862871375e-03
7.385340160579084755e-04
5.944768106917217932e-04
3.547492078642930130e-04
2.956093919983722473e-04
3.325282606599747580e-03
7.289864439813980223e-04
1.210967261170839589e-03
3.969109483169872671e-04
7.551352040565284963e-04
1.172277853706717079e-03
5.964878705282428443e-04
1.258184614378322387e-03
2.585371330632024733e-03
1.247501737001140056e-03
3.472590438775659586e-04
6.197543296013651110e-04
2.525613737271407023e-04
2.226872416959671183e-04
4.219469528250817218e-04
1.201859464505656595e-03
5.554610093600222381e-04
1.498371268719370184e-03
9.488297389863711113e-04
1.055390713092669783e-03
5.547107226587948180e-04
2.987781341079190291e-04
3.319978923177799952e-04
1.330062725971660736e-03
9.248799040745834046e-04
7.592827168631873132e-04
5.076637845263170601e-04
2.219385552890192331e-03
7.568724882898430345e-04
6.301664875597494473e-04
1.211737893929407985e-03
4.186584149711487270e-04
1.287127960236964051e-03
8.838143047354544458e-04
4.387382535823847315e-04
1.461647999056579165e-03
1.072467941838197401e-03
6.274118394026652421e-04
2.509321911293206815e-03
1.580989770316493627e-03
2.337548432049918901e-03
2.205613265765254353e-03
4.744989964856381011e-04
5.563307074714420606e-04
1.751719774838033468e-03
1.588484682605103768e-03
2.862683975134945645e-04
1.118994232994390383e-03
5.085149414910980319e-04
5.880928370832205765e-04
1.133969250080507814e-03
1.428160375656398716e-03
9.110819915283060750e-04
8.605250421579355678e-04
5.454782557866153696e-04
1.658004987431120408e-03
3.500780885948041594e-04
1.313386122247167838e-03
5.760007811964583391e-04
5.464631697704188220e-04
9.757416850903396230e-04
7.182853064555708112e-04
4.721674597110771016e-04
1.360448639782795097e-03
1.880024769321355857e-03
2.480666372660583026e-04
1.447932094361613657e-03
1.999089716395981067e-03
5.550603236581032633e-04
6.432708473034260289e-04
8.774764968646435849e-04
4.649916317948909745e-04
5.901084923138138431e-04
6.105286705668955694e-04
5.085844392810132250e-04
3.602208521810449315e-04
3.102972903747087865e-03
5.762417532414851502e-04
1.182049222766414810e-03
2.381131640909796027e-03
1.797730470301545525e-04
1.295046372772794838e-03
5.771510507311344938e-04
7.003907008814676174e-04
5.528318576864439410e-04
2.733315208556383585e-03
1.868487177387698553e-03
6.668418055126466501e-04
6.224378770883271959e-04
1.828461521437858416e-04
1.249770119449041244e-03
6.579841141740205195e-04
9.554660086228906803e-04
1.763241030901566055e-03
9.958459825520223595e-04
1.262234337518847171e-03
1.498868875977191597e-03
9.012904521482221955e-04
1.740244122156231693e-03
1.268525964941510540e-03
9.433365248976382893e-04
8.758194466779309828e-04
5.587529921834281151e-04
1.295539383143147483e-03
6.617609186448506799e-04
2.656790888281439743e-03
6.841628673663798779e-04
4.549664776164231441e-04
2.667487809102551087e-03
3.619345632742259895e-04
8.822693462754172813e-04
8.758194466779309828e-04
7.071167792998975460e-04
7.036491062584802978e-04
8.804798747016794524e-04
4.130338958134460335e-04
2.438823146537057781e-03
1.252001315122907134e-03
9.855870266870022257e-04
2.470329961733208103e-03
6.101153754441403449e-04
2.279865383239940493e-03
6.432897126076187605e-04
3.353616719467458610e-04
2.876735593982598840e-03
1.327606015420713156e-03
2.758887075735621456e-04
4.219073874093385071e-04
3.305452236801588277e-04
4.532700716555895857e-04
4.522025602907290870e-04
1.296435775322855258e-03
1.535405294105878426e-03
4.015300376748970421e-04
6.495456400319485173e-04
4.957815284556178499e-04
1.273382319980448374e-03
6.879207815833806574e-04
1.088744350974096137e-03
1.240592394642658610e-03
3.705514196596951205e-04
7.678164142020811036e-04
1.179758299229371251e-03
1.113480187696844420e-03
1.363684343402763680e-03
1.389280755028872438e-03
1.002802163195547040e-03
1.612420284314444209e-03
1.131716453912052318e-03
7.789439726827416827e-04
2.986056216885362271e-04
6.500298201117925972e-04
1.382127705964014599e-03
1.898142975125705892e-03
3.902761468217577699e-04
1.011212406305415142e-03
3.807232595899104062e-04
1.350678208020369931e-03
1.326027646208110915e-03
6.010840807973539352e-04
9.336173615497408594e-04
1.487586877105823244e-03
2.389798041657422735e-04
5.422500857309690706e-04
3.833407275832727908e-04
7.139806715913271651e-04
2.780217521130766661e-04
1.232577368910152968e-03
1.828911869548355751e-03
2.832663689033723220e-04
8.968757306167852734e-04
3.862689368865460408e-04
1.514740104615389148e-03
8.732405906176706097e-04
3.461926197092855644e-04
1.955629574682266579e-03
1.145064368242024004e-03
3.476008009810345836e-04
2.399993813391228400e-04
9.771979093431823124e-04
3.389669134976905297e-04
4.125649794067839482e-04
5.311965820052286799e-04
6.586214542251620082e-04
2.649890828271662425e-03
1.184601333937794054e-03
9.353847001623770115e-04
4.409963393550381337e-04
1.281459857076614958e-03
8.819990063109893388e-04
1.109048189189887129e-03
7.568853625705054128e-04
7.171180952884727376e-04
1.052780720270631454e-03
6.943686522206149762e-04
2.885968634159319715e-03
9.847544438807127962e-04
5.039964809174681112e-04
1.856123551575706871e-03
1.568941760914746705e-03
6.431007454707303580e-04
3.878455916067141901e-04
4.737452913925068289e-04
5.605215070610170035e-04
2.928641078618160975e-04
2.326299509573335339e-04
5.831000096275891151e-04
6.362515629991204180e-04
2.822690404681057856e-04
1.005863743227654620e-03
2.884097782788587385e-03
6.503041360519688308e-04
1.538417591045404932e-03
5.394302851322770867e-04
1.196219868956995436e-03
2.628049471841958766e-04
1.055179713320258169e-03
1.674212782337698539e-03
7.280105295959626421e-04
1.997546159033488852e-03
5.602485832126315700e-04
2.262210354257305957e-03
1.382127705964014599e-03
2.963747645769246319e-04
6.000254991210392198e-04
7.529528171703934016e-04
5.171257201140282015e-04
7.354958435066629189e-04
9.521868548833852669e-04
6.472828085614844773e-04
2.315622301390827479e-03
6.321280006301355139e-04
9.339328205748653831e-04
1.669151374943281295e-03
1.101194142007120257e-03
1.065603253723954426e-03
6.211313386778270209e-04
5.493667161842600340e-04
7.862596456506511971e-04
1.230574160015945277e-03
7.120006072632643727e-04
2.860915437065394084e-04
9.172060583931615626e-04
1.175827791569153489e-03
1.032838991022643404e-03
1.372884071623555607e-03
9.201302601267452455e-04
7.362660701378635764e-04
1.146211010305764333e-03
7.991779932797349198e-04
3.989654919703430197e-03
8.333121456532714601e-04
1.549227696721637874e-03
6.054343150450607492e-04
8.214313601733358883e-04
2.042144189745811154e-03
3.161612453049546505e-04
2.156278233364115546e-03
6.639689813191908610e-04
5.913752007156062402e-04
3.498927347143182239e-04
8.066086960628325890e-04
5.587529921834281151e-04
6.376691112031136624e-04
4.092449106811460458e-03
8.427884621220613432e-04
7.249378297035646845e-04
7.742780950508818677e-04
9.019188665320613087e-04
1.273646066372067370e-03
7.157114120385871204e-04
1.016864724292945200e-03
1.009667926348018158e-03
8.708897622937650197e-04
3.833944487231850939e-03
4.858816192495692306e-04
7.705970554566330278e-04
3.294026456021717812e-04
4.541004094711476686e-04
1.160116196310596350e-03
4.010356227320327678e-04
1.313956677407838395e-03
1.452596378574459333e-03
4.982808397326403361e-04
5.388216414496185564e-04
2.943131458126867802e-04
5.089525143026772842e-04
1.397353791464418142e-03
4.960270303613305417e-04
1.283322654148542560e-03
6.303013342445910926e-04
1.183014646003234874e-03
7.071167792998975460e-04
7.395174287810485098e-04
1.655437239187916056e-03
6.515106447253216342e-04
1.573393933542307881e-03
9.013383362529627657e-04
3.950484947339943887e-04
2.000702238664022609e-03
1.000875212662969077e-03
4.871079889548678914e-04
4.404937314249271073e-04
1.051919832131894975e-03
2.028210627386138121e-04
1.906106644085615810e-04
1.141783057565649677e-03
2.054284596739876234e-03
6.254807744963708808e-04
1.122476718604805725e-03
1.124990043637580719e-03
2.642572411281456633e-04
4.950248195461913773e-04
7.263294066122155277e-04
1.454553071505343669e-03
1.541212733883571455e-03
2.573537944486621598e-03
6.923038568799980705e-04
3.312317418679679637e-04
3.597798455431496694e-04
7.458665379710537491e-04
8.942961848461324775e-04
9.876723998428972758e-04
4.045785926870874524e-04
1.328043353269249029e-03
7.300572053761149793e-04
7.241094100794203065e-04
1.120660073004956349e-03
4.220332207285091902e-04
7.365631370011735098e-04
3.848272255458370732e-04
3.950484947339943887e-04
7.919940902267886803e-04
5.043456760594581005e-04
6.144331340326845319e-04
1.325686230203658618e-03
8.848672451908011580e-04
6.893767366069822322e-04
4.137863461623633395e-04
2.326527632833651042e-03
1.130232926810553328e-03
4.151150276156141401e-04
6.213743724603710888e-04
6.505529137305876000e-04
7.999015075262558283e-04
7.149615865989197893e-04
1.680695479913028813e-04
2.374135718051862635e-03
2.953735331417859603e-04
4.626471054497014379e-04
3.746333535762695296e-04
7.134807986811816894e-04
2.483660175453326186e-04
1.207481706977649432e-03
3.758134781855468386e-04
1.246870643022721407e-03
9.866886682828202460e-04
7.170200568573355335e-04
3.386225546043462918e-04
6.485429832489372380e-04
1.113896433869938528e-03
4.665921172613340462e-04
1.441381648155100163e-03
2.233676253260973856e-04
1.801427135551484510e-04
8.379685205097202024e-04
6.451669555120601767e-04
2.540979965697975212e-03
3.170071214033352673e-03
3.244729309555149325e-03
1.806837866372669509e-03
8.480506761173446607e-04
1.316047162217424591e-04
4.874132034886354101e-04
6.000543602076343751e-04
1.557165310547908464e-03
4.064778948280829739e-04
7.460877466248506257e-03
8.272371847146365795e-04
2.624526448865829344e-03
1.373722838233896754e-03
7.165292383937931333e-04
2.983693959595594544e-04
8.100011759794136304e-04
4.801965028484194873e-04
2.887518168701757909e-04
2.128610837482684728e-03
8.212441932689518945e-04
1.986456272350691638e-03
9.073895826047826503e-04
8.546268462389054873e-04
7.058662735759127721e-04
9.476295272907188632e-04
3.521899799792538722e-04
8.456338174365153268e-03
3.969109483169872671e-04
7.534119851012519280e-04
1.820268088399088499e-04
1.418801590988801216e-03
4.897776614138163453e-04
8.428135506147471385e-04
5.300308557156909253e-04
3.336662517901285013e-04
7.152143113286874802e-04
2.950283859920491310e-03
1.245499322658063200e-03
4.322768027976616736e-04
7.858247691425805344e-04
8.875293531684047511e-04
1.005956565034179725e-03
9.007553214593525632e-04
1.123651647704892792e-03
8.915197009771673843e-04
8.034427776760448949e-04
1.035889210758347530e-03
2.219385552890192331e-03
6.591196779307883320e-04
7.921268674703538888e-04
1.375502598569861880e-03
2.931139539161489358e-04
1.684435201994118449e-03
1.151537143796237724e-03
2.651219033080233229e-03
8.967444710297925274e-04
5.675517195248987699e-04
1.415455686843779910e-03
5.982287317811769067e-04
1.457928935805915226e-03
4.871955656933414538e-04
3.099803293392573190e-03
5.331246667976981659e-04
1.535798643582518335e-03
7.121055582918125060e-04
2.926147849008385766e-03
5.565677000038816817e-04
1.913053102038983662e-03
1.423401818510193137e-03
3.934646770625281121e-04
6.446575226767162301e-04
4.419105110209173705e-04
1.020157557862519902e-03
8.138107819475631126e-04
2.400797759901415317e-03
1.890019923369727845e-03
3.404415478638151294e-03
4.204850061214303043e-04
4.068471177641471781e-04
7.037515898662023966e-04
3.325282606599747580e-03
4.696375933635221246e-04
1.825687436454453407e-03
1.449211745034153240e-03
2.230839631840439864e-03
7.224516163365181029e-04
8.846200176964381977e-04
1.140191131776350283e-03
4.884005487169787007e-04
7.093529587541847750e-04
4.426595810362235072e-04
5.473406900745560926e-04
2.319330132428153602e-03
9.857165748904375344e-04
9.803900142878261680e-04
4.573766106642597256e-04
1.119338769851628080e-03
1.201475017227750719e-03
1.174590011022547337e-03
4.669872026086946664e-04
2.583191293006973374e-04
1.274771554669997062e-03
5.356202385347797086e-04
8.662163936359099483e-04
1.842141145488369663e-03
3.316080391471705642e-03
3.142060211119811750e-04
2.205792601236454867e-04
4.692741744426029340e-04
4.351042211904512227e-04
6.320602621615386153e-04
1.826391612603131759e-03
5.227789636932529118e-04
5.419687057644822148e-04
1.067805436112165491e-03
1.309863760801716851e-03
1.193247724925477430e-03
1.368307453419352875e-03
1.370533030246206315e-03
1.021722613432713995e-03
9.483487776142554386e-04
1.317003098149998079e-03
5.360957566953524238e-04
2.868662449334649471e-03
1.262345545472499855e-03
5.582471176908934858e-04
4.306006878663660845e-04
2.078537616033167279e-03
7.940556794834293742e-04
1.793395482377635594e-03
5.584030579355958417e-04
6.183836255987025261e-04
8.035837764863209545e-04
2.728732970220560132e-04
2.251292502336149463e-03
1.327294420087260030e-03
1.007632769549935553e-03
1.734929738613873694e-03
1.131725431068201625e-03
2.382430789467446762e-03
4.562704387993689586e-04
7.405193044654538549e-04
1.463115146980674451e-03
3.825682344430658319e-04
5.243252953267675629e-04
8.919572254410436255e-04
1.022320102012690569e-03
4.809065031790380070e-04
5.770980524072238070e-04
1.350678208020369931e-03
4.972386707886046735e-04
8.817790236946239152e-04
1.027772647604552163e-03
1.428160375656398716e-03
1.205336362910862163e-03
1.030641676996669771e-03
5.385809831289875994e-04
7.588721855251953120e-04
9.148589134679876132e-04
3.694381668766551089e-04
7.741270254436696287e-04
3.631067897930364478e-04
4.349929815133881826e-04
1.825140300874651634e-03
1.900155748801966556e-03
8.268877581750509525e-04
9.786984491081810508e-04
4.118798955353726696e-04
4.686767237658246809e-04
5.830460061206928614e-04
1.743343223013939843e-03
9.822366936899770348e-04
6.254807744963708808e-04
5.918619499635635996e-04
6.212393427748047351e-04
2.569494981700912476e-04
2.393113210908187009e-04
4.903630217977273135e-04
4.107835106212690229e-04
1.577741453306124968e-03
1.172277853706717079e-03
6.923038568799980705e-04
1.442259860869985746e-03
1.197011355534443027e-03
2.225357925662853841e-04
1.061315198749713043e-03
4.176553983423752646e-04
3.435616906538117962e-04
5.764929532452846370e-04
6.955592734521657498e-04
6.557993495878424936e-04
1.119599302652666802e-03
1.190780500503190115e-03
8.810718344226365446e-04
6.376691112031136624e-04
1.703850905127506825e-03
4.516986517126993206e-04
3.836867324269953002e-04
3.763101965426441731e-04
2.318863086678784810e-03
6.782972845399648466e-04
1.585056315022471051e-03
4.158732832709774560e-04
4.008752641261181392e-04
1.346077576802520237e-03
4.214627461486054644e-04
4.385948187474364348e-04
9.444446872918715397e-04
4.519958239681426968e-04
9.786984491081810508e-04
7.224516163365181029e-04
1.662200612288261504e-03
3.617999420364537665e-03
4.677115298237456351e-04
1.398187682670105512e-03
8.182017287537337452e-04
5.643253460400105177e-04
8.310103776584466979e-04
5.639656345583919823e-04
4.430780406659761902e-04
4.709670065470493937e-04
2.210888959324862758e-04
4.386284132443470964e-04
5.194149810486727980e-04
6.852817557373245411e-04
6.338729914115765916e-04
1.219888989480704755e-03
4.516986517126993206e-04
6.782972845399648466e-04
6.557993495878424936e-04
5.371290194602374715e-04
3.039774035803624683e-04
2.218740603227261840e-03
1.941269816782422537e-04
6.128274958553583257e-04
8.573229894329919068e-04
4.123708470560364888e-04
3.976508372636065793e-04
6.370595459307433614e-04
2.446574187962715242e-03
3.156497075447234802e-04
3.977751437104898031e-04
1.658623226305456924e-03
1.115341260090202792e-03
4.065869717551007169e-04
9.015756139829316082e-04
3.655520265405511147e-04
7.206069730889548379e-04
3.946216579723053311e-04
2.045652063837879661e-03
7.112826848849091322e-04
3.377602885699351916e-04
9.572947577439035660e-04
7.690258936991232813e-04
8.137181245400483629e-04
4.082574523612848556e-04
1.835222637679746315e-03
1.071611265877634453e-03
1.314933352124013875e-03
1.077916240478701132e-03
7.587322895944322281e-04
7.575275564935639305e-04
8.382105713010474168e-04
1.428549596482085390e-03
6.815634230382544307e-04
1.917661507582157704e-03
3.763101965426441731e-04
3.912857876775576783e-04
5.366893569532708939e-04
9.077469981845874688e-04
5.086164156426373163e-04
5.483872126882327006e-04
6.940800582380093810e-04
4.768851929660263759e-04
7.068288252529223705e-04
1.847847002687376264e-03
5.570339952002633082e-04
1.076876930436017777e-03
9.995374326664167950e-04
1.108353101307228304e-03
4.061641201441538312e-03
2.552714518200936786e-03
5.704979662825957094e-04
6.550527569166534215e-04
6.886435301834878918e-04
2.492627263721325674e-04
1.028946983549692195e-03
5.764929532452846370e-04
1.334376635760905691e-03
5.888098562294120583e-04
8.381162528166973425e-04
6.440000976926606429e-04
6.415546205568167792e-04
6.071993907470605743e-04
7.750789591834258366e-04
4.188062544183833078e-04
2.514334767432973628e-04
5.564813651421204790e-04
8.563402981887273217e-04
6.987241342985408893e-04
3.331410665617864247e-04
8.119316669373450885e-04
1.407674077500623358e-03
3.071574203955608246e-04
7.604725457314086235e-04
5.155291799450507527e-04
1.007944862843113132e-03
2.374233074411807778e-03
7.254456911777660806e-04
9.111574966852713665e-04
7.022470775189363929e-04
8.817812625439831829e-04
2.744368975337252111e-04
6.407167782631026679e-04
9.558277086995166285e-04
1.751719774838033468e-03
7.288395635286786965e-04
9.572099446520821332e-04
8.970595858065970969e-04
8.296099667525706073e-04
4.148131058619511369e-04
3.662379711773443248e-04
2.988144636759512067e-04
4.137960334375987391e-04
4.741304847630405431e-04
9.090933474677387501e-04
4.263123360783693783e-04
7.730753336507804191e-04
5.025108800298046284e-04
1.507844015538615688e-03
3.455720465545907396e-04
9.847901522752105976e-04
2.056400819990162037e-03
3.759362650741382580e-04
6.736116689059414454e-04
5.863427307989404645e-04
4.987540338756332172e-04
6.020710510986474785e-04
2.896722505738005739e-04
1.868487177387698553e-03
2.260528635848257657e-03
4.349457725432167394e-04
2.347635845552900255e-04
5.241716635657942512e-04
4.970400926662555535e-04
9.099329978693851189e-04
3.444679730643023050e-04
3.446854856421825881e-03
2.321643693515024892e-03
3.456173869755295772e-04
5.571854322614016664e-04
1.029798326167210383e-03
4.873671899881709181e-04
1.024809961830256289e-03
3.153210195129044473e-04
6.670997951538294897e-04
1.085125853887898909e-03
1.825908096518602790e-03
9.336525097028398152e-04
5.506041574333676684e-04
1.532362759768357606e-03
2.840973509225356870e-04
1.296551323357215740e-03
9.556495002753653345e-04
8.012007083771450957e-04
5.420994458436228592e-04
3.945957515543942109e-04
4.850833192790496274e-04
1.910757976023257781e-03
1.236182908636372689e-03
6.703163982761283423e-04
6.694739433164915076e-04
3.778422007444149928e-04
3.046409239168936314e-04
8.762585675668804145e-04
4.948651616066896590e-04
6.978057915065474966e-04
9.077469981845874688e-04
8.167814447280743930e-04
4.431011622528337798e-04
1.495041674921778960e-03
3.245476257065437690e-03
5.536245827163947331e-04
6.564277388884904403e-04
1.051095875503496894e-03
1.924096446030496965e-03
2.919029034521093734e-04
1.740244122156231693e-03
9.201302601267452455e-04
1.052141157171481703e-03
9.482202409112267839e-04
2.080114267797452711e-03
7.406188702946822026e-04
8.758194466779309828e-04
1.514740104615389148e-03
3.874783607666377853e-03
3.580832871362041162e-04
5.574484167227978636e-04
6.606171934123986804e-04
1.384245625573191866e-03
1.313386122247167838e-03
3.833407275832727908e-04
2.382430789467446762e-03
7.091348328606680634e-04
3.750201780144453044e-04
7.913183968798130326e-04
7.970081946253077150e-04
3.588558399750783629e-04
4.532700716555895857e-04
3.096194599541182788e-03
3.217397682744850226e-04
9.530830043054315222e-04
4.125262884533192008e-04
7.904316832633172035e-04
