7.737591776365706575e-04
7.033011749696645512e-04
9.944823348026238675e-04
8.390751046202364095e-04
6.729042219900774639e-04
3.969830913652847536e-04
5.093072906214127530e-04
9.147769724587030389e-04
5.619814539695473093e-04
3.172576070855903370e-04
1.970238296224045751e-03
4.691411650237678303e-04
5.093453038649879911e-04
1.055572204348158684e-03
7.706022048024719706e-04
9.274330538262458377e-04
5.372365435641960046e-04
4.510607952223749640e-04
3.518629834989100112e-04
6.672444063350443846e-04
8.002739762587579922e-03
9.434077647791680021e-04
8.318407184811679300e-04
1.844109592836126786e-03
5.585982695391558542e-04
5.531768307128209642e-04
4.084579620353711075e-04
2.497542793722066102e-03
9.163783056208845302e-04
3.836855882264983636e-04
1.368331193987371063e-03
4.252710168257157488e-04
6.007540329665825903e-04
1.051641450173908428e-03
7.626553983264153583e-04
5.125352634952852135e-04
9.125901523022359428e-04
1.091943850980592800e-03
2.226050334521500595e-03
1.215918948552699354e-03
5.899212651466035446e-04
4.480891011474151357e-03
3.525182312996074123e-04
1.669496084538119041e-03
2.965040483937356934e-04
2.843322138420522889e-04
1.141282222572142331e-03
9.293743485620442005e-04
3.433962987952285124e-04
3.349659158104479327e-04
1.327104263368110481e-03
6.725980837982626541e-04
4.206059210614995878e-04
1.525853219476014377e-03
1.124791721500980257e-03
4.144513422282699536e-04
1.753178772950814450e-03
7.491253163466566689e-04
8.269420428880825151e-04
1.053427743155282981e-03
8.590281048828774099e-04
9.053283238352470867e-04
1.687265092384677566e-04
3.669947325333711911e-04
1.098096577448659213e-03
2.196426498389078726e-04
1.007659163637100340e-03
5.661034520626392593e-04
3.304213571175377250e-03
9.310337766894684385e-04
3.049081345246010418e-04
4.125797245105937666e-04
4.040566678090349272e-04
8.917796929487599921e-04
4.991019873619256765e-04
4.655915789006913894e-04
1.235233000761293450e-03
3.763192422851698591e-04
2.797768129990577503e-04
9.392978459056197096e-04
1.914637526451369977e-03
6.328550844573842130e-04
6.451031353050171429e-04
6.738058261479158966e-04
4.922304240178998610e-04
5.570545922066652946e-04
1.102700216115977188e-03
8.240146045403939565e-04
9.641387753030339217e-04
2.766906464268710790e-04
8.525668883478933159e-04
5.911390400070121003e-04
1.260377769805993064e-03
5.886332374086092377e-04
6.094428416634852961e-04
2.885574024863184661e-04
2.135313038312797282e-04
4.440322357128737734e-04
1.015167506204151492e-03
9.539404126383806224e-04
4.043880010420934645e-03
5.204533335080725439e-04
1.443075337870997933e-03
3.806620419114274353e-04
4.096670152888820700e-03
7.847731279016039157e-04
7.475073397260522052e-04
3.214872248350606919e-04
1.714969154461242840e-03
2.635523681083133760e-04
7.447060562538188044e-04
3.813423231478530492e-04
4.960954358537333127e-04
6.035673572704318294e-04
1.449846420942378904e-03
2.008398904068509181e-04
5.387122281510698697e-04
8.384819098202785483e-04
7.365374065983812651e-04
8.436766606833766237e-04
3.219163357160483192e-03
1.099753255492433605e-03
2.839530883580422744e-04
5.760323543760304497e-04
1.239733642585714047e-03
3.807571587290013108e-04
1.101036752987156033e-03
9.089252438416255912e-04
1.160724407529099139e-03
3.498652043626599177e-04
5.781972399318600995e-04
4.500238046807919674e-04
4.014689710846756562e-04
3.941149526865145173e-04
4.300081407033941468e-04
3.539343903054003346e-04
5.446838380885431338e-04
8.470544026699455354e-04
6.245699737504979351e-04
6.042497748157026538e-04
1.834098039241219529e-04
1.410597095034876432e-03
3.817963102530947013e-04
5.190378846555051802e-04
7.406154358548173219e-04
9.934454398069184500e-04
3.585499007922168585e-04
2.141827003863896409e-03
6.137539753940039321e-04
1.995170852141155973e-04
8.081017820342881099e-04
5.654374736825864417e-04
6.307543117228238492e-04
7.308696092265332470e-04
2.372665088765092863e-03
6.455581737896323854e-04
1.637329670182910120e-03
5.387122281510698697e-04
9.621761037100198723e-04
9.546581249914681778e-04
2.812732479874181595e-04
9.642079358746268383e-04
1.409655183014225900e-04
6.390486716785897256e-04
1.049903215678903536e-04
4.558808718608395793e-04
3.132873863468893061e-04
1.612402603630604244e-03
8.059484612314451969e-04
7.217259552816128118e-04
8.002739762587579922e-03
1.633936280793807589e-03
5.142822607624897464e-04
6.855725848336196443e-04
1.050362338591703934e-03
6.707117307683219901e-04
4.400882086816555521e-04
6.360581968527270454e-04
1.456545875375589352e-03
7.864582703995235975e-04
3.086835376583292882e-04
9.804340391448200607e-04
9.599867097586444560e-04
1.193723858910203210e-03
1.604633335530482579e-03
8.559740256772787855e-04
1.265015253907017133e-03
4.143602034649342559e-04
5.016312251672112171e-03
1.214488523640436246e-03
4.084733670344142722e-04
6.284310502309772969e-04
7.773087568734122436e-04
7.708834022910985304e-04
3.960905612224199747e-04
4.138136793114259213e-04
1.263115088940064065e-03
5.277953530891742835e-04
3.636553433127235192e-04
1.993945192720701382e-03
1.101410079674687353e-03
3.226332178325511633e-04
3.582567618992874145e-04
5.965424590015812453e-04
8.526487938846674360e-04
9.640930715712029168e-04
3.503285291639948056e-04
1.247172877240461213e-03
6.093966038520236186e-04
3.350822821223002406e-04
5.809726238216800752e-03
3.491995457743988346e-04
6.918138474425055990e-04
1.481061251300909215e-03
6.997091587757068481e-04
6.803239579222481815e-04
3.150141099728000996e-03
3.628995167669314074e-04
6.273241361544685179e-04
1.921509788612322210e-03
1.032574587049856505e-03
6.996090522675587871e-04
2.693343688973582240e-04
1.482036092428186793e-03
5.007513258607916009e-04
3.723912217811208968e-03
1.683221719858680847e-04
9.677372116431754052e-04
8.379700129241662420e-04
7.416390027141312119e-04
2.996769200980360323e-04
7.367710212605428025e-04
1.198521250442967714e-03
7.291130307344372225e-04
7.927707010133769458e-04
1.409655183014225900e-04
3.763353225469441175e-04
1.486921485079213982e-03
7.211190466454622241e-04
1.043403138184213026e-03
2.286512108351301874e-04
1.677668767671020825e-04
9.542720575094633785e-04
1.999887395250788530e-04
3.856029336172528150e-04
8.633556514917878214e-04
3.088477064907476375e-04
7.557909349992031692e-04
6.571972903568220172e-04
6.969103789963499492e-04
1.799791648664130243e-03
1.365738016234469086e-03
8.128830671470447904e-04
3.853265404269955977e-04
1.299284919813895349e-03
8.409431921729298336e-04
1.623664885450362694e-03
2.492341188957182714e-03
3.964868676433779189e-04
1.371571697775245168e-03
7.368899336706639068e-04
2.439514155502166693e-04
6.233219192075905007e-04
6.145176726052461666e-03
8.496571038747579435e-04
3.933469200874746725e-04
1.043146716937280597e-03
6.753339443879698102e-04
4.448284866710114534e-03
4.523546532682361362e-04
8.662983154481797765e-04
4.610362393737659891e-04
6.385133172509141822e-04
1.386433154428307014e-03
3.760371473888545033e-04
9.686280885397650616e-04
2.625059139707511409e-04
1.179363885783542114e-03
9.740615186081381200e-04
1.587922874223080720e-03
5.218844458254450489e-04
3.338754969513716255e-04
1.026326965982233587e-03
4.649061154570579874e-04
6.347468807119145814e-04
2.179096988734420884e-03
9.251306058457791715e-04
3.871908052039305342e-04
3.348939489496558950e-04
1.879430269271815208e-03
1.251513189155932125e-03
9.297005187485228627e-04
5.688923387238411719e-04
8.559740256772787855e-04
6.659542278292683234e-04
3.265349057004916160e-04
1.621879342119564077e-04
8.999381373132961251e-04
6.878963194347117701e-04
2.807781209688769248e-04
1.055730714110399019e-03
5.701051027578279669e-04
5.306390611667314693e-04
4.257557343673280619e-04
1.365523245188743221e-03
6.340998024164428088e-04
1.731455167291224510e-03
2.144906725648058812e-03
1.502933186190835236e-03
3.447093874649865912e-04
8.662390438659773500e-04
5.858214893429046716e-04
5.184734018169505701e-04
3.154721188624414461e-04
8.074887798680949929e-04
1.017925819499870994e-03
5.755693606000312308e-04
7.689556667974982787e-04
1.756595595528672718e-03
3.608312513576530500e-03
9.893977875379560052e-04
6.893012648149317214e-04
7.904410473642258395e-04
1.897062000255000805e-03
3.547579211801443495e-04
7.820350460906042500e-04
1.281748335976682111e-03
6.314761309762941107e-04
3.290671671567061730e-04
1.053999812246846079e-03
2.430824568747787847e-03
2.623849564080191882e-04
5.579519555171497764e-04
6.823532578691597454e-04
3.453607552316297438e-04
3.957172392833897259e-04
1.365523245188743221e-03
1.012933548907120210e-03
9.310021453171583731e-04
4.170755826072416257e-04
7.565325077778010075e-04
1.611673830231487173e-03
5.839973109392835975e-04
8.156687527208397303e-04
4.960089011163857156e-03
4.331950262968651730e-04
1.328074173499600155e-03
1.402300700458400037e-03
5.572502901878222505e-04
7.518137392271764807e-04
2.514183059002220340e-03
6.068171834193461728e-04
6.457185314886842130e-04
3.784962536611581347e-04
4.647383210048702763e-04
6.599446892205692704e-04
6.052005753099649974e-04
5.357181714471332063e-04
5.414985070051534215e-04
1.178932150437173292e-03
1.401058436086409552e-03
1.051641450173908428e-03
5.771334424012139344e-04
7.068395638482835065e-04
2.236715378625113264e-03
6.699151033133064629e-04
6.307199134027653871e-04
5.063698668291831970e-04
1.159154516461712719e-03
1.692334235834206963e-04
7.695568672313456713e-04
1.051790446314396178e-03
3.194222011615967445e-04
6.741584996168823764e-04
3.498417997295525327e-04
1.787546768921184203e-03
2.445543778852591037e-03
6.164420447003444775e-04
5.294225459393616523e-03
8.348413986329714792e-04
3.240919300677219867e-04
4.141674802503019360e-04
1.055572204348158684e-03
4.483639354912586391e-04
1.166994536764265171e-03
9.769453088431154751e-04
5.283721544496310790e-04
2.204253287914584736e-03
2.789464856546487346e-04
1.067484976336024668e-03
5.598963725253532780e-04
3.499847409063157528e-04
3.840409792856709897e-04
1.452691225700024520e-03
1.241847147931163112e-03
4.403678267892954410e-04
7.361934154802733448e-04
5.411460818621068817e-04
4.072831447477386806e-04
3.196343706216923626e-04
6.785097291425821325e-04
5.670103635763058423e-04
6.671985093391196320e-04
2.246140797130151585e-03
7.970336209607060832e-04
2.206454439743080545e-04
1.505572759863031598e-03
2.640637101154108025e-03
6.351638577957372227e-04
3.460426886842581855e-04
1.068479325646544235e-03
5.712541391326039731e-04
8.488688882895128194e-04
5.018048859545930088e-04
7.483388637043459756e-04
4.856138698489387826e-04
4.029386466433298487e-04
8.366055950353848197e-04
6.149612849275511942e-04
5.475257909583591256e-04
1.761789914010588936e-03
2.608508707745770894e-04
7.702305746438706854e-04
3.487228769976810053e-04
6.706960696190388633e-04
1.233058775290051109e-03
1.621911402402316515e-03
6.789407171520879872e-04
5.774411344551564707e-04
1.317790805547720216e-03
1.730596805394944574e-03
6.870053299041661322e-04
1.095340474370202610e-03
3.311489026825890718e-04
5.139219809541868862e-04
1.037069810550210816e-02
3.044470874903470060e-04
8.532967302669312599e-04
4.515219403852906632e-04
4.611581196607825628e-04
9.247886664227641506e-04
6.725980837982626541e-04
1.151726772572170786e-03
1.041543488597272259e-03
5.164134429230625564e-04
3.419596273705020895e-04
4.038498636529008388e-04
8.867353080032734257e-04
7.652886239602236943e-04
6.723671827971215102e-04
5.422104872808492437e-04
2.180203053822315227e-04
7.284554888830434543e-04
4.141826703625292399e-04
8.689089793467645421e-04
3.512777111109584120e-04
5.620711298955242746e-04
4.867130300665617622e-04
5.714691046871406971e-04
1.231016523739708211e-03
8.183330306037706840e-04
4.555294789453500498e-04
8.244500658279470522e-04
4.646801337624337225e-04
6.297538607201539360e-04
6.886079866173254243e-04
3.327071585986957655e-04
2.711573376717615435e-04
7.410558977434171610e-04
3.190583530892163329e-04
2.590017821676942212e-03
1.249372403819654911e-03
3.974571959395980288e-04
4.357867548110542274e-04
1.532383122810533670e-03
2.518644228063443785e-04
4.129994673130908873e-04
3.313682175469671106e-04
4.188263588824584914e-04
4.618999605673288476e-04
3.274653397978319986e-04
3.426659870973236110e-03
4.959203022669038440e-04
7.753623597622611406e-04
1.910869954172531070e-03
3.488873316914544494e-03
6.507403586613118253e-04
2.553790653730586601e-04
1.127840305100522933e-03
1.769025347860447937e-03
8.856148477542935852e-04
4.084733670344142722e-04
8.572431249033474763e-04
6.491707132007702719e-04
8.325349617681651170e-04
7.138342582218075395e-04
5.691216608973559757e-03
1.127546600873579729e-03
5.996623414785785334e-04
1.420729707119715779e-03
7.838305396381018992e-04
1.018821017371265066e-03
5.809323565411982993e-04
7.441681154929826033e-04
3.905621154802831107e-04
8.307528234464155777e-04
3.307668397002938056e-04
3.350570206551021818e-04
5.962527000237450485e-04
7.879631949676650909e-04
3.083094418369558489e-04
1.377694257408105952e-03
8.282632469034891714e-04
3.334978767015146978e-04
1.173142286449662666e-03
3.067967061182201778e-04
1.265333358190536255e-03
9.370189068976024450e-04
1.195174550182872587e-03
7.570298585920829477e-04
7.128027309235661487e-04
5.446974816042519409e-04
2.425091776898174415e-04
3.524417214504799731e-04
8.838244340724283514e-04
1.050474347234875861e-03
1.231016523739708211e-03
4.568941908075929855e-04
2.223701540611297393e-04
1.002725949194053535e-03
4.601389022261949771e-04
8.282632469034891714e-04
1.897106552265620570e-03
8.517800388363165479e-04
6.918531983163386974e-04
1.211174727390021020e-03
4.559420666001682849e-04
8.094579761754051297e-04
5.509501578753709002e-04
6.884275571794922421e-04
2.730198567453893097e-04
9.542720575094633785e-04
5.884505435022447479e-04
2.862528777005153720e-04
9.728342984213850459e-04
1.625128631842702497e-03
6.102825433703886913e-04
1.361565983754506369e-03
4.189456230998365332e-04
4.761269777052786964e-03
1.059132252842641094e-03
1.004502102939926200e-02
9.716897001924270152e-04
1.120337253026857825e-03
4.394827475745438725e-04
7.115863844807069835e-04
6.514514703862222091e-04
3.303101352490165222e-04
2.366120066819704648e-04
3.812852582973839488e-04
8.444432103818776689e-04
2.689706799775248673e-03
4.010771664164404786e-04
7.322817690124920230e-04
7.564402286636740837e-04
3.444818044671486010e-04
1.654952368311537851e-03
6.680032908338292630e-04
1.222877290603484671e-03
4.846867800465345954e-04
7.329812063944272189e-04
5.726792217494464793e-04
1.063167873268591182e-03
3.923337868427021857e-04
1.131867836052221753e-03
4.052396005333936844e-04
5.387972666044983910e-04
4.737171198168630467e-04
5.840701703015684304e-04
1.490668115463467678e-03
8.953889845452805887e-04
1.162023155725261988e-03
6.505824806193721268e-04
1.532017045075794543e-03
7.369584674687054693e-04
1.341231885895816621e-02
4.568430702116035836e-04
1.338020140683911230e-03
5.629053647994399423e-04
2.649223307587171040e-03
6.281882221680544715e-04
4.673569337492511941e-04
5.570635656221727995e-04
1.068520373221636859e-03
9.449562292574458693e-04
2.803002312960963536e-04
7.735707568503118149e-04
4.404132079276471185e-04
3.327071585986957655e-04
4.730234367288664371e-04
7.933368297561833133e-04
1.527385500031206355e-03
1.221783460965000269e-03
3.752171239561200630e-04
4.842554932898868614e-04
6.412936036006529946e-04
6.659542278292683234e-04
2.110128728425293785e-03
3.292482040788352951e-04
4.221464437640068033e-04
9.870866601462450433e-04
4.055623737674356123e-04
5.944726777599334318e-04
7.894006390419689703e-04
5.630029372876613853e-04
7.591463720658680634e-04
1.270110750072293848e-03
2.008652859532375923e-03
8.351283219919785217e-04
1.730867875279317640e-03
1.423598245233177826e-03
3.166083000650754282e-03
1.414152897453593545e-03
1.835802577508174893e-04
4.259999061456634802e-04
1.993945192720701382e-03
2.307601860666075137e-03
3.611639944694662596e-04
1.144580243670139047e-03
7.949920185021908895e-04
1.104753829592668418e-03
5.483335538841600234e-04
9.239737049738925472e-04
5.847008492361099917e-04
3.007367312984845662e-04
2.822504518121594658e-04
5.125352634952852135e-04
1.032270172828534966e-03
1.120247076137259254e-03
2.902715623740075913e-04
1.808670563060637030e-03
7.074723949728743992e-04
4.079909284685466768e-04
1.362477240852331311e-03
4.761269777052786964e-03
6.966941823198391113e-04
4.217882175541736041e-04
8.443108704098505578e-04
6.969447630461708589e-04
2.812679379718284380e-04
2.567781841773390892e-03
2.006736193203554242e-04
1.762849155675411941e-03
2.670945107651079981e-03
6.115494934523121829e-04
1.420729707119715779e-03
7.100617136394517899e-04
4.036253773454863045e-04
1.522038203046407676e-03
2.591960943888135002e-04
6.392190739749787102e-04
1.032574587049856505e-03
3.409476493565456669e-04
4.960875153393200275e-04
6.740106093536573284e-04
2.137954967028224493e-04
3.108354230719188893e-04
1.513926110442365179e-03
3.490769495109780659e-04
4.921390110085834208e-04
4.386811794826440351e-04
7.241763236645418775e-04
2.120801567071010658e-03
5.412800511047595247e-04
5.292854732987465477e-04
5.870410000289733032e-04
5.112100670686997757e-04
8.052129166072720997e-04
9.398393351459153992e-04
8.381541258734758392e-04
9.673668592853562967e-03
3.903855014322478662e-04
4.047725882210921893e-04
2.286230069813068727e-03
8.917796929487599921e-04
2.144546368983828947e-03
7.885438702557160708e-04
5.163678007930474307e-04
1.092463209086766678e-03
1.995813811143409312e-03
6.359518143704014602e-04
7.708318769506963819e-03
1.297679294717703951e-03
6.822899558846835669e-04
4.034993400941430945e-04
8.090442135972138920e-04
1.025069075423770942e-03
4.676575534129192896e-04
1.398505608102764298e-03
2.183108110921134918e-04
7.162227586643120109e-04
7.295781873931331696e-04
5.283045484906013015e-04
8.007481552954978134e-04
8.593914774739506079e-04
1.435555382711128664e-03
6.969705755480293643e-04
4.297537131723838362e-04
3.360667820517832948e-04
2.000771372389887736e-03
7.885554773052959668e-03
5.785279981766232923e-04
2.892928976604344608e-03
4.327525021310022575e-04
4.072259212285301916e-04
9.884945640366792595e-04
1.718213188878846926e-03
8.305184445738994286e-04
7.499355895014897999e-04
2.081008075110946185e-03
7.849789605728921477e-04
3.820424421719191142e-04
4.842312902010890226e-04
9.366502024592449245e-04
5.320630604223601946e-04
2.108308985990086162e-03
1.021656981781109879e-03
4.428907310787520441e-04
1.447160988820137819e-03
1.611237212520503104e-03
7.767392329175060606e-04
4.682934782019865781e-04
6.720362741088251437e-04
3.885881028076367504e-03
4.403678267892954410e-04
1.663477404050999484e-03
4.739232816331497532e-04
4.177144152758072507e-03
2.471365827483761523e-04
4.286864030150310673e-03
7.795396950630718684e-04
9.723166041295193927e-04
3.760371473888545033e-04
7.858154156726400094e-04
1.213564561295714644e-03
9.495555175108269822e-04
7.213859422211413384e-04
6.313786409804941768e-03
3.573902967693515166e-04
2.633985787367513673e-04
7.049096752048707301e-04
5.132936199542316750e-04
1.725967000516341653e-03
1.752355167825479353e-03
2.145072630031890628e-04
1.817010153045682877e-03
9.776329698115437689e-04
6.571972903568220172e-04
6.374597339797043226e-04
3.050680328797867572e-04
2.146852962738646491e-03
8.522278142688222884e-04
1.189344615219288439e-03
6.491707132007702719e-04
6.741584996168823764e-04
7.916970240240455087e-04
7.092497762541517901e-04
2.356282270543852907e-04
1.437107796243441808e-03
5.173152227320795956e-04
5.593374411058295173e-04
9.613754336514906832e-04
9.748209221967419789e-04
2.625294641401126352e-04
3.294448284802265056e-04
1.099391905380330079e-03
1.112397302663957043e-03
1.458702026963728648e-03
2.908373245443436964e-03
4.581108461801162816e-04
1.086952345708750226e-03
3.110391128658401751e-03
1.124321184932726208e-03
7.017278712015369898e-04
1.584641704595348940e-04
4.594944019704383961e-04
6.102825433703886913e-04
1.325935529760306894e-03
5.125618671035812391e-04
2.918781253378577409e-04
1.652871162455842762e-04
6.642550585159943391e-04
6.804937029259809905e-04
4.355618869742029059e-04
4.376401021470346367e-04
8.938192557424927366e-04
4.388461167156738072e-04
7.582496783318490351e-04
2.659019847559420963e-03
5.719998817840516022e-04
7.512131544846184896e-04
6.647227490374162627e-04
6.007415562084433575e-04
9.391345271683898847e-04
5.216516680941109957e-04
2.247588585482354455e-03
4.095001394975914086e-04
1.056986001757098583e-03
5.880135719992381996e-04
6.918531983163386974e-04
6.992959508388798054e-04
2.693483381882418254e-04
5.031378485357556208e-04
7.385752691888910083e-04
1.343348297431525007e-03
5.080669475247245317e-04
9.769453088431154751e-04
2.295564229005618822e-04
4.300212103455037594e-04
3.031957715034365973e-03
8.663539518190606793e-04
7.833762389175209827e-04
6.986244242606791171e-04
2.172066280073062401e-04
5.907878756930621785e-04
1.706504427959597303e-04
1.582356704446576145e-04
1.029013630328576290e-03
1.432224720446600985e-03
7.016371979617824555e-04
5.061154143885306664e-04
9.297005187485228627e-04
3.572693668436196200e-04
1.816364694085601276e-03
8.287519820774114391e-04
6.173144926809866033e-04
7.538966796011746995e-04
4.872629464336513641e-04
5.370910736339404822e-04
3.498927247986663089e-03
1.226940984582943536e-03
8.862349373838561504e-04
1.464883779895274820e-03
2.962473813400472384e-04
1.580133338064155070e-03
5.041007987436668582e-04
1.477765878531540726e-03
2.395848243890815864e-03
8.719227517103919764e-04
5.038517583059318010e-03
3.235755581724107893e-04
7.634588608383622438e-04
4.958643850641329719e-04
1.129624030649323653e-03
6.114260722880530225e-04
1.522464101131998891e-03
3.048965768486880954e-04
2.572442613471815753e-03
3.984371679975178817e-04
2.755561543296961469e-04
9.702583901467074683e-04
2.195471154373984136e-04
9.391772491207766574e-04
5.080669475247245317e-04
1.424870464279625118e-03
5.333511052185256965e-03
5.534431232448347275e-04
7.097643883246055338e-04
1.027857505754758028e-03
9.574607332991259953e-04
3.542705942813413221e-04
3.618092477018491492e-04
1.043403138184213026e-03
9.976098495759785738e-04
4.739555350119681299e-04
4.464345997708863323e-04
9.061484805585891906e-04
2.288186275359151763e-04
6.528822805895734141e-04
3.945433112433969071e-04
7.787757691042938120e-04
9.729574340160397844e-04
5.845077077002795371e-03
2.779210753043071750e-03
2.753381705260125965e-03
8.633556514917878214e-04
6.792497697818435619e-04
7.019132980171488003e-04
1.954740342502900828e-04
3.127367624874759179e-04
5.386820478011898356e-04
3.585653662008427955e-04
6.102434711352888817e-04
6.009720333269499967e-04
1.030372317917941640e-03
5.944163812934645302e-04
5.896305159468505147e-04
7.447894627750187594e-04
1.148024686235347936e-03
5.196773442301953110e-04
1.639933196247287837e-03
5.197115709846519870e-04
4.991019873619256765e-04
8.241871658454708082e-04
4.448284866710114534e-03
2.720631528788372078e-04
2.211351501015484760e-04
8.532591748849779022e-04
4.890741080608220501e-04
5.139156624372197583e-04
2.607778672548419566e-04
4.304743822147301608e-04
5.803426951204800240e-04
3.771405133839820113e-04
7.562575077569611308e-04
6.962030970498003270e-04
1.480778148983085286e-03
1.968524296762438495e-04
8.339008528947431612e-04
3.964298874222946202e-04
3.343637520942775460e-04
3.151786411751956703e-04
3.585606003934308471e-03
1.553958222692782866e-03
5.636444161836596644e-04
7.262444547708622657e-04
8.075802974735065646e-04
1.115164469171353763e-03
2.679715935476888493e-04
5.202518516621014140e-04
2.597489957484766954e-03
4.633913341795607146e-04
1.571285708848818140e-03
6.427764079405099990e-04
5.100480861731952406e-04
7.130578403594213868e-04
3.037183333259938357e-04
5.241411871262780095e-04
7.490183862806903264e-04
3.888194121249465745e-04
2.900053042270157953e-03
3.366821152540096099e-04
3.260517154905331395e-04
2.051876481618681843e-04
7.491253163466566689e-04
7.051097916967092628e-04
8.080454474117640699e-04
8.483842514358814341e-04
1.221321332877368070e-03
7.488717112163802972e-04
5.588106676217331498e-04
5.042938667379882976e-04
8.477854345283693293e-04
9.976098495759785738e-04
3.447161399002494474e-03
3.119648037285805667e-04
5.391457968734278015e-04
6.528836066284246205e-04
4.733482307511842823e-04
7.758582962432039425e-04
6.363897926743128071e-04
1.446992084998827881e-03
3.843918612474907367e-04
2.672509781489093811e-04
1.729421400008963969e-03
5.765009144659970393e-04
4.199393512931745413e-04
2.940702308966345571e-04
6.946409988864216600e-04
5.055723608042864354e-04
1.223485093149232535e-03
5.009467508559431199e-04
1.611636533787908247e-03
1.157442095323360379e-03
1.030602991307072924e-03
2.731494119327146472e-04
2.751061607039003874e-04
3.519877336644035813e-03
3.258126872311111876e-04
4.415648571933131596e-04
3.056881466038672613e-04
1.161703928354958486e-03
4.518612853799839832e-04
1.285720852547057435e-03
4.187068020617556877e-04
5.661034520626392593e-04
3.575216260678733791e-03
1.446632778413488611e-03
2.202679733305555143e-04
2.788083880124087879e-04
9.524304397728804248e-04
2.180203053822315227e-04
8.160936964680607893e-04
2.594613162587714079e-03
9.878650850654090241e-04
1.387317207473445432e-03
1.155645929679958300e-03
1.475180729854771002e-03
5.905268073529949683e-04
4.485083116836730346e-04
