7.363813101073600747e-04
2.495605537378970231e-04
7.931821464717272400e-04
1.656960257013883990e-03
2.204543771438211702e-03
6.318779100774673608e-04
3.722943602039122807e-04
3.142352079877788577e-04
8.263528100705444220e-04
4.421279081582926034e-04
1.731958440653769138e-03
7.148914957771106051e-04
1.766228510709568714e-03
1.528488571191951749e-03
3.502413297765234138e-04
8.111909699042037626e-04
1.011704363782453802e-03
4.834031257455480681e-04
7.406436160125757237e-04
5.507903929939882669e-04
6.632849906129491876e-04
4.013492573662675211e-04
1.978020449171844289e-03
2.057003783698036978e-03
1.353095407401363418e-03
1.059353995347077620e-03
6.281738222198574029e-04
3.100482272810246723e-04
5.393391811329998828e-04
4.107137789930226986e-04
8.528199111467757530e-04
1.081769863757336275e-03
8.111909699042037626e-04
3.113661725800107721e-03
9.770358014748719427e-04
1.726752541461559634e-03
7.852935201536935051e-04
1.048028235525751790e-03
4.377869194186983603e-04
4.543943036162551301e-04
2.590021744552081307e-04
1.181651187411642987e-03
9.152969642209567809e-04
9.675027800012191799e-04
2.830700911606205141e-04
9.573463582300524794e-04
2.527571745919250570e-04
3.264724101620829688e-04
5.303348690488194879e-04
5.592331739976049701e-04
4.730364287268522803e-04
2.103515342833585117e-03
6.747290467523395186e-04
1.444941082931525079e-03
3.411844718188589577e-04
4.267673887429757865e-04
2.372043728605117540e-04
2.759592419539219719e-03
5.331425452349713339e-04
4.220198672635336844e-03
4.526132400755218492e-03
4.194393537401678749e-04
2.223679457956117308e-04
5.065948883949147842e-04
3.403616967771474437e-04
1.031259674771513486e-03
2.158881157930617883e-03
1.335859891699171754e-03
3.333616423814236168e-04
2.857230508759823432e-03
1.313268933304694193e-03
4.944793757625878545e-04
2.006751531642729709e-04
1.365663971089408355e-03
4.110414380629437859e-04
7.450989300041335186e-04
4.523331770381041955e-04
7.871192285150971140e-04
3.032372863252949459e-04
3.946284108123627012e-04
3.886989169438099384e-03
4.720416284406893283e-04
7.246883042728512973e-04
5.258255496290180266e-04
9.768302991325728078e-04
2.521930981716940297e-03
1.111154378133135962e-03
3.869339189843781822e-04
6.198897582972266469e-04
2.192700533294750925e-03
1.345886344729999235e-03
5.931525696249023705e-04
1.403413046662622390e-03
2.741941234777862208e-04
2.061044725554703715e-03
1.263171532665656807e-03
3.595423223153350876e-04
6.409546392541099358e-04
1.199537619776704436e-03
1.609143570223468432e-03
1.183001432558766081e-03
4.187881487005500991e-04
2.009871507213777369e-03
8.600315078748872527e-04
1.000944142291043020e-03
9.461802064670600532e-04
1.772320681688221468e-03
7.317287946413741440e-04
1.197394380033789223e-03
7.922181757362499032e-04
4.812666198038808500e-04
1.227080489434158751e-03
4.707904009655515705e-04
9.915314714248866807e-04
5.784943853564428629e-04
5.752759590827106941e-04
4.719931486894160099e-04
8.069614485040299502e-04
7.328504697527767758e-04
3.297924858648321211e-04
8.447981077896374704e-04
4.757484679319141496e-04
2.617106236059294410e-04
6.669454264727189613e-04
1.612603685881757636e-03
1.420747527213837022e-03
1.167416588363962915e-03
3.306290690746794972e-04
1.007353964627817839e-03
3.908426995690200321e-04
1.029793479150869140e-03
4.381325460509774236e-04
1.009050947737419497e-02
1.420322677680590151e-03
2.592770955763420114e-04
1.325644875419305143e-03
4.277320571009078274e-04
7.631889630056292720e-04
3.272725958222831469e-04
1.763092972599723969e-04
4.335875006593730438e-04
5.844316764380156834e-04
7.127903714078295512e-04
1.931414606860821148e-03
5.327954835204008798e-04
1.130939084710119204e-03
5.268757046917922236e-04
4.807906852770285730e-04
3.403313924280586137e-04
5.248804113068863660e-04
1.898613898326314761e-03
1.560774194348062398e-04
1.200686826210981212e-03
4.741852875516246700e-04
7.274057928409417492e-04
3.932009733268363545e-04
1.087859733102789243e-03
4.083129206749266807e-04
3.662152438968593903e-04
3.175338442651423100e-03
4.833476614936611901e-04
6.059507220328981623e-04
2.859431205941934681e-04
1.886130842028616288e-03
6.250788108332983387e-04
8.678285187800654143e-04
9.538895462001897602e-04
3.613994268428124385e-04
6.008790944702097764e-04
4.169457645891430295e-04
3.780483043878225336e-04
5.554927428854267721e-04
1.484362268576139982e-03
1.566470846266864673e-03
9.344948440714633464e-04
3.186062260579928867e-04
1.003552335777918494e-03
4.070560483917469224e-04
1.935285109818028716e-03
1.123694159046218638e-03
4.221946796685442410e-04
5.357850255657259624e-04
8.580830061040746470e-04
2.759410707933741260e-04
7.552228600424619985e-04
1.869466668841622678e-04
5.094281225474680793e-04
3.034314206751956354e-04
6.154590063749992195e-04
3.630274633624198857e-03
8.135431358051445957e-04
4.924860029184654781e-04
6.897223835184149773e-04
4.538164787264374047e-04
1.923805512782471652e-03
4.481040187858493997e-04
2.605220324952386610e-04
8.030691879543865432e-04
6.503618429127333350e-04
7.180351034444752137e-04
2.769884105091871746e-04
1.444286296226296234e-03
2.956262022615572800e-04
3.381338640141067441e-04
8.779379830475738658e-04
1.589366958756054191e-03
3.391644325102199584e-03
5.625281128918524064e-04
2.707400023529797357e-04
8.434501193471753006e-04
3.001093177632463893e-04
2.716748151002565110e-04
5.570809933064041963e-04
4.021337974715436555e-04
4.728532048959118361e-04
2.129438852517506232e-03
8.396206558999623959e-04
1.523662898037950544e-04
6.398655872109225602e-04
1.960536337687150080e-03
1.812401013417320366e-03
3.656624053780950425e-03
3.204267553822935655e-04
7.048676164603183110e-04
4.417322044014256543e-04
5.636372728478328395e-04
1.603654613210929013e-03
1.165085445679909159e-03
1.345385575462103691e-03
6.014803379519686501e-04
8.991877455942526472e-04
6.769617844169845047e-04
5.171772474423704793e-04
3.286733398019940264e-04
4.569833605922985864e-04
5.179751786716450248e-04
8.434501193471753006e-04
7.268326558902726050e-04
6.716153202588285437e-04
1.307043056946482172e-03
4.211571173827144410e-03
1.200578865476973831e-03
1.472914005827835908e-03
6.619736813118741589e-04
9.540402234463146941e-04
1.593085122554528535e-03
4.591821815920063337e-04
1.726752541461559634e-03
3.941036715848750369e-04
2.556243375707656969e-04
5.781379406758482484e-04
7.445879983989800313e-04
6.613431258707648747e-04
1.359761700879004486e-03
1.250643248353974822e-03
1.086108407555439175e-03
4.970685594550894922e-04
8.787459185577242444e-04
3.206330303686786730e-04
6.354184993274634985e-04
6.690618959436383812e-04
1.476685486940367952e-03
5.386728700744155326e-04
3.523319668838587829e-04
8.564013439479066297e-04
3.680130700092107648e-04
4.680423524340237532e-04
1.452691166580862914e-03
5.699468128984949309e-04
1.165726991580061508e-03
2.268490405853021072e-03
1.140157880664874075e-03
1.381466585407667251e-03
2.697309999820978669e-04
6.059507220328981623e-04
5.780121677217332386e-04
5.509777335114998242e-04
6.327010687659241064e-04
3.680130700092107648e-04
4.533614522120082892e-04
7.563736311367877602e-04
1.766305203982629747e-03
2.348713926063660863e-04
4.342071662129615649e-04
5.692796458302394483e-04
1.642226364103425247e-03
1.245142450696342523e-03
1.243696596428580650e-03
3.333616423814236168e-04
1.447851843776872590e-03
2.539967471691961277e-04
2.819587752683624872e-04
1.744832405626629271e-03
4.661640277620868775e-04
5.815437580126465869e-04
5.189809669023579246e-04
8.675055552597913484e-04
2.914080599887590222e-04
9.060360294566364948e-04
3.932009733268363545e-04
6.059507220328981623e-04
8.750421090742325310e-04
7.445879983989800313e-04
1.729009018812477285e-03
1.065436420633830835e-03
6.187895747347471132e-04
3.057874207427582519e-04
4.817343248090600661e-04
8.390012967319318039e-04
4.229455585981337692e-04
9.308888392753080464e-04
4.245684226072731827e-04
2.370903925181340553e-03
4.630379676456562212e-04
3.751509543334102413e-04
2.638008642923364132e-03
1.115412593206841592e-03
1.123968518220371275e-03
1.322611395916066654e-03
9.003447508937815862e-04
2.107973461772922707e-04
7.458851283649975102e-04
7.910913898751738716e-04
1.207806257598200870e-03
2.623584176329787345e-04
1.241660331776024955e-03
5.860602519568665130e-04
4.102136939030347337e-04
2.781760841263742571e-04
6.049098084730034335e-04
5.407830872622188022e-04
6.662569614623960797e-04
3.112930156891564925e-04
1.745390110540865833e-03
1.613708760220297677e-03
4.282510964563024619e-04
2.999116004114100249e-04
6.742969700644664815e-04
6.651347638067947815e-04
1.091154698310890011e-03
1.297481478052756520e-03
2.117916325481501195e-03
3.512198774353115279e-04
2.762499793275211002e-03
1.970171525083246685e-04
5.999201601844220307e-04
6.245482612054585733e-04
5.716101016826719179e-03
7.006457625229314725e-04
1.283627443574604206e-03
5.687605801765333036e-04
6.622734522427897730e-04
1.542282041946912161e-03
1.129775868912167875e-03
5.903118794877873325e-03
3.828801140311860821e-03
1.031993158871844212e-03
1.076528074403363452e-03
2.278992150860860075e-04
4.259472118697509978e-04
1.908560394099270046e-03
2.673274508305055605e-04
6.773929918247668155e-04
6.833307271195890450e-04
1.424845665888466650e-03
2.485508689517786605e-03
2.337183683957514812e-03
4.738486977752020602e-04
3.842492747718147575e-04
9.202205430616880889e-04
3.765580578373898071e-04
5.416282227195969414e-04
4.274603590002103680e-04
5.936584015643919278e-04
3.327580260230959515e-04
9.100119844604653624e-04
4.505276708963788616e-04
2.644718234315824885e-03
1.174174953956421503e-03
4.284513419111240281e-04
9.544785828581010085e-04
5.407640046896205468e-04
1.823078333375134034e-03
1.365663971089408355e-03
4.891837872019992465e-04
1.415330780465415402e-03
1.224390125175927680e-03
1.222449607277900727e-03
1.314989636682050095e-03
3.147263957052407455e-04
3.246132397160458047e-04
2.841614611048763465e-04
3.757269437822531415e-03
5.042000933816515908e-04
1.102703327024113535e-03
7.357178039599290018e-04
5.730115679548744350e-04
6.554337387254877611e-04
4.962684807026751608e-04
1.256841308869919953e-03
9.081957199034904320e-04
1.472914005827835908e-03
5.412068835116850586e-04
9.734053252310079186e-04
9.570736293723542711e-04
7.888130959244207211e-04
4.152888474227843280e-04
7.259160673558082751e-04
1.291082475832187491e-03
4.430323783217710422e-04
1.767309836938051092e-03
1.219550937897574292e-03
2.796268763390000059e-04
3.960922394537036797e-04
4.761729916798578270e-04
2.188370062109624276e-04
1.690507058295034979e-03
1.258194760799517158e-03
6.258555360509118065e-04
5.618002349618411023e-04
4.363777466370235289e-04
1.123117351600984738e-03
6.491783465030336606e-04
1.910925563162682453e-04
3.549387360386466531e-04
1.157263039150596348e-03
4.372973537549426138e-04
3.135831061429625115e-04
9.493724952585810839e-04
6.961790045932705374e-04
7.104450522763932621e-04
7.434044046474175965e-04
1.246001966545604890e-03
9.538895462001897602e-04
2.310110996496075528e-03
1.731958440653769138e-03
1.965353607494573721e-03
6.205230584254165177e-04
7.552228600424619985e-04
2.892322294258596561e-04
4.187881487005500991e-04
1.400921254302930343e-03
1.579993166245816398e-03
4.621862676723207330e-04
9.482639361531634229e-04
4.306538421448936676e-04
4.887384695431482408e-04
5.070742805055036134e-03
2.191866295147537700e-03
5.265516451041794875e-04
2.206112976583475744e-04
7.477363252305518383e-04
1.472914005827835908e-03
4.485576584105068691e-04
2.386698660781884970e-03
6.142647915577603094e-04
5.239423019043602412e-04
5.787721342532643970e-04
1.906866482313449495e-03
7.120072139594594857e-04
3.901622483780180185e-04
3.833701002343067703e-03
2.223679457956117308e-04
8.646179225949020926e-04
4.534320982387715876e-04
1.659466124472112588e-04
4.220198672635336844e-03
6.326037432490668128e-04
5.612583598124694503e-04
3.404414023144196008e-04
1.166301822555056633e-03
6.425433357484280602e-04
5.107332776295431384e-04
2.118950560950625989e-04
7.962430062398994117e-04
6.060765073094021580e-04
1.818630514870267414e-03
1.872998223610630730e-03
4.634139199004580836e-04
2.317242160575298891e-03
4.872338931657535987e-04
1.832920730696743815e-04
3.552395543385088845e-04
5.350793293323494139e-04
5.452600506468979107e-04
1.679424639082643684e-03
5.237769527796747038e-04
5.821629033117723881e-04
3.880440150136158796e-04
6.018871284630675006e-04
4.016936619131951576e-04
5.244398009852896218e-04
8.059255927621198582e-04
9.596489334240486781e-04
1.520856582942796149e-03
3.215642192425716204e-04
4.539264431942139711e-04
3.077840423905307756e-04
7.989938654695847913e-04
8.173108087718843366e-04
9.308888392753080464e-04
2.468258917327595696e-04
5.738057415633397457e-04
1.979166556033097688e-03
1.359708684207376573e-03
3.194976308647192093e-04
4.997335270527934791e-04
1.499271251270580451e-03
1.023737867155921979e-03
4.751767940317368514e-04
4.833476614936611901e-04
2.260590194067494806e-04
4.809311736727263538e-04
1.704424109945217383e-03
2.765153034917546080e-03
2.026429743925185940e-03
2.025856330960627751e-03
4.846484304446650043e-04
1.482748137455971614e-04
3.765849203404477981e-04
3.524747730013802179e-04
7.669903270668546654e-04
9.873943278534572186e-04
2.600892133997613400e-03
6.901652560104701642e-04
4.638215081464704885e-04
4.720746461242475368e-04
2.925791988171528614e-03
6.074402892833802347e-04
5.465896898477945508e-04
2.009529078712542476e-03
5.236361315801243586e-04
1.869466668841622678e-04
4.722964844968610665e-04
2.762254018091338768e-03
6.464482670752815831e-04
5.835856925445049963e-04
5.765582000895078064e-04
9.731811292164778415e-04
9.638199803686882308e-04
1.090079308405371211e-03
5.094449542711960901e-04
4.645127927299145761e-04
2.904175936125103917e-04
1.845793286707748775e-03
3.872872546093665698e-04
7.715407451307391496e-04
6.590745819582748090e-04
1.098353417829138956e-03
3.167546268124138051e-04
1.848080331061888616e-03
1.305570974533396076e-03
5.780277349325322039e-04
4.524879314147482322e-04
7.439474079956638489e-04
2.647279386042604237e-04
2.437108983290285896e-03
2.656025135644751083e-04
9.286089692301800931e-04
2.026429743925185940e-03
1.157496841293740881e-03
1.230652726739713812e-03
7.469111235226012779e-04
1.591100468967972768e-03
8.016385748348867470e-04
6.354184993274634985e-04
7.110739517466939342e-04
4.439884608046214352e-04
2.530251594015551879e-03
7.705915865328540190e-04
2.565338594265298660e-04
2.691234461253116678e-03
3.733018953258684935e-04
1.298963614893442137e-03
8.875870811538248825e-04
3.405624764383639175e-03
1.074906237437900760e-03
3.019150512196224954e-04
2.569526810318192248e-03
2.690427345144832429e-04
8.060450194918004517e-04
2.742204781263388549e-04
2.916684432764028614e-04
5.152159011042695093e-04
6.877738296814242883e-03
3.156969937848722323e-04
5.622641005953352665e-04
2.326560851793693391e-03
9.742356048296204685e-04
9.594476703912231024e-04
1.039889784667951062e-03
3.309148760305220729e-03
4.246698977586233783e-04
1.856616227668946148e-03
1.576942780441752253e-03
7.733362113616860847e-04
2.759592419539219719e-03
1.704424109945217383e-03
2.863023023310502205e-04
8.930735497319501528e-04
1.166301822555056633e-03
1.560863337782472356e-03
3.181429250851635195e-04
2.065735860964119247e-04
8.160552233909764992e-04
5.474779723310733938e-04
2.115904845470394807e-04
2.927091497577032683e-03
4.661691851451248733e-04
7.039451258982680308e-04
1.086597828081659793e-03
1.908560394099270046e-03
3.923260551742373823e-04
1.962229668220336065e-03
3.550425357887329538e-04
2.521765463923304751e-04
1.923790644280999086e-03
4.937184826464959897e-04
1.237457093977770411e-03
2.819427466766481695e-04
8.024450045060114957e-04
6.042064037276327409e-04
7.037989362631239410e-04
8.124769792106579982e-04
4.833813811786140759e-04
1.609622646055302794e-03
4.928950655529247722e-04
4.060995952088626007e-04
1.562401816000856015e-03
2.859764263714008737e-04
6.782889909139227288e-04
6.499774871105398798e-04
1.177132449917274882e-03
2.515644588506049922e-03
4.036168363674122635e-04
1.036057327783535724e-03
3.541410194094924422e-04
1.619473454854085566e-03
3.604361045393419754e-04
3.507611660108681364e-04
3.656624053780950425e-03
5.465668987566998796e-04
1.472914005827835908e-03
4.901772499303034018e-04
5.112968140219789626e-03
4.788505514648969249e-04
6.427967249935635048e-04
1.360301427176296030e-03
7.906732436587354243e-04
1.070001992218067586e-03
1.349966386768492637e-03
4.085218714861010175e-04
1.490526840279404915e-03
3.609216607900378633e-04
9.148565357876665364e-04
3.600342551511053922e-04
4.937184826464959897e-04
4.115029006029942253e-03
5.243175419884301032e-04
3.511984161735010913e-04
4.390224618720310851e-04
1.268136823365116107e-03
7.874890858062121198e-04
1.447838709270208224e-03
5.399072433027515957e-04
7.336260071442568921e-04
9.458863226287195876e-04
1.281223294161220293e-03
1.997930840540082173e-03
1.143380401848645336e-03
3.952342681136838194e-04
1.096846700404098063e-03
2.100183575920781809e-03
3.257408214153582936e-04
3.670450402023974889e-04
2.420651954657555057e-03
4.909407186929036233e-04
6.549064668015315864e-04
1.643157210007481798e-03
1.143380401848645336e-03
2.259160307189730325e-03
2.390272766085569690e-03
3.659800174023954589e-04
8.848815646078983174e-04
6.663260503296192325e-04
3.303568375082636607e-04
5.268328936282929732e-04
3.803384226357031574e-03
1.202395172993892501e-02
4.319638232422964332e-04
1.447834519936681656e-03
4.303480235043347568e-04
1.064339599731433219e-03
5.527352326108965269e-04
6.156044285949936528e-04
8.875870811538248825e-04
1.632136523420969288e-03
1.052739589860885849e-03
3.716206110486880714e-04
2.165873266579390957e-03
8.932051641343583372e-04
2.310110996496075528e-03
6.151764665116601872e-04
6.575258906077073237e-04
6.130303797275348746e-04
9.488444740891568974e-03
5.162758766773081808e-04
5.468065366495938450e-04
6.545152303545418012e-04
5.328581782808462352e-04
5.579064839605841130e-04
2.312578365937721344e-04
1.817367472576870502e-03
4.880154997176994127e-04
3.743427114723707114e-04
9.148565357876665364e-04
1.260067721555069948e-03
3.200208468676231897e-04
4.485599137586135463e-04
9.159507836444347271e-04
5.338269179270444280e-04
2.600892133997613400e-03
1.483084468636442768e-03
4.947840651839257057e-04
3.309230261266624140e-04
8.733933295058821924e-04
8.796355009825218823e-04
5.796202105595183937e-03
5.997911754212397265e-04
4.431616769009478585e-04
3.502147340326755760e-04
1.467715030866937991e-03
6.187342073431667403e-04
3.124587440387427764e-04
6.730072578684772114e-04
2.916694935677447689e-04
3.995825934392901102e-04
5.061068141047030122e-04
3.879315558445028001e-04
6.608717089961115444e-04
2.483204904871345853e-04
2.053597189067226606e-03
1.510754228703524438e-03
5.166418733478338058e-04
2.226774342378618019e-03
4.013492573662675211e-04
2.430862098916712058e-04
1.359708684207376573e-03
5.387919465789259722e-04
8.689577211790551221e-04
4.066911901494330234e-04
8.404576320856848659e-04
4.379116823037532938e-04
2.835585012444456331e-03
1.105631091913734801e-03
1.189061129309465416e-03
3.886122685627971490e-04
6.002183985927391288e-04
8.012652347453618276e-04
4.644400696426664627e-04
8.246514798039332678e-04
6.300683978263660464e-04
5.952069205294901241e-04
8.806028706388308556e-04
6.121862921595650105e-04
9.204935158792712513e-04
3.436293240355317233e-04
3.572957181812890025e-04
8.323598703985058377e-04
1.648794851389791000e-03
2.145688280488686726e-03
5.823350340843544935e-04
1.420747527213837022e-03
5.861639572559847709e-04
5.968301671877007664e-04
3.030383515247112979e-04
3.011175535036381026e-04
3.390657400992946684e-04
4.568696868029451289e-04
1.396203445141717264e-03
2.799301740227059794e-04
2.591546524924465134e-04
1.365663971089408355e-03
5.001065779222431005e-04
1.773268800002393694e-03
9.948640214589082528e-04
3.220722679153563113e-04
8.272326150266300039e-04
6.632599665802566165e-04
1.646401920303050374e-03
4.754429465341826499e-04
5.260499163428692098e-04
1.445889552877573266e-03
7.642988025725713959e-04
2.809984355526430524e-03
9.018342167796572799e-04
4.443825723603489508e-04
6.999524143395800032e-04
4.260756109086173563e-04
2.697730374554577963e-04
1.130766833732656977e-03
1.129566622102963144e-03
3.726025072721370914e-04
8.460224301985978671e-04
3.414442114596643327e-04
1.237834035018191628e-03
1.046660417403593064e-03
2.513414896002677491e-04
1.031424604456721841e-03
3.657603302948719327e-04
4.822073943824998154e-04
4.010704304034504630e-04
1.261516788527152931e-03
7.883426207720732127e-04
7.398483494574903787e-04
1.067818526348209267e-03
5.877933855048473114e-04
5.698573122524554484e-04
6.759303137069273392e-04
2.173436051390433086e-03
3.465522806850256489e-04
9.934829996376954957e-04
4.554192773722090179e-03
1.747990993316877637e-04
1.219427796891050901e-03
1.102759612358144691e-03
2.292078607405470233e-04
9.962274560197223374e-04
1.681607510958668715e-03
2.834173035038935673e-04
8.992455684488080041e-04
8.995048447000034923e-04
4.075709893890119644e-04
2.805745026995808155e-04
7.587037762942797298e-04
1.622452809037068326e-04
4.271783948989135997e-04
1.063435629248652477e-03
1.536807792674316870e-03
4.539858500497418164e-04
4.661267485872242476e-04
2.443628282857108276e-04
3.553371114698517983e-04
2.373045305200785493e-03
5.724779123992070236e-04
3.082725463916117896e-03
3.126342794269374825e-04
4.708186722715410250e-04
1.000826709671196824e-03
6.411602349894069200e-03
5.622807708423097593e-04
2.260590194067494806e-04
1.633899489790940299e-03
4.671157696076553168e-04
5.570809933064041963e-04
3.549387360386466531e-04
3.601993383310631556e-04
6.121787577623776996e-04
2.724939667284471392e-04
5.814363582045757638e-04
5.572774747850322641e-04
9.845417420339553499e-04
3.726887477538391334e-04
3.126763785051695486e-04
5.431958472369784966e-04
4.386868394655137385e-04
9.857547089424879751e-04
2.552608093024564227e-03
5.727677741665408370e-04
2.716765975004835441e-04
1.826100438249243091e-04
1.345886344729999235e-03
3.369182262258500803e-04
1.681518444880573471e-03
5.805478891424429915e-04
4.267490845391527267e-04
6.533820145667422648e-03
1.464518130572720978e-03
7.110008750860722249e-04
2.751553579772070854e-04
4.217387713526548785e-04
4.005288835257253305e-04
4.597559562981497769e-04
1.336413546274711935e-03
8.088083914664987014e-04
1.224390125175927680e-03
7.125036856414039685e-04
5.236786821788951560e-04
5.558043867153060653e-04
4.029202124120417569e-04
3.860555899934554609e-04
4.246698977586233783e-04
3.417848532185009300e-04
2.247615445192698415e-04
1.170048169134593405e-03
2.088428331123775347e-03
4.220198672635336844e-03
7.097144516739051614e-04
8.229599011369966802e-04
3.206330303686786730e-04
3.421106798589958306e-04
1.350702415063182458e-03
3.730568265258168916e-04
4.918496314428487870e-04
4.859135429607071375e-04
1.378361905251787199e-03
1.102817838740483610e-03
6.834695776904403230e-04
9.586601411394756085e-04
7.739064518191627988e-04
2.407643395364660825e-03
5.141707189749157277e-04
4.277929018130490792e-03
5.824884151850789546e-04
2.125965062284156137e-04
8.338694212061574041e-04
1.292830582217020926e-03
8.236414088318841017e-04
1.658085522383178712e-03
8.753986741210434885e-04
1.659385574997516381e-03
1.098353417829138956e-03
2.418268484212574444e-03
7.461537511771088472e-04
8.364616949208138587e-04
2.262897580726512276e-03
6.630834968819508072e-04
1.161400164354753914e-03
7.922181757362499032e-04
2.212000749715442496e-03
2.196845088956316547e-04
2.874079870789661927e-04
2.201009841825491559e-03
1.840697510806496627e-04
7.937470452261668075e-04
1.300764440592692148e-03
3.350005852164988614e-04
1.095195531353121638e-03
5.491414500005986936e-04
4.135371483352608037e-04
8.956097761505822912e-04
3.107518905845225846e-04
4.736034604799283431e-04
2.312578365937721344e-04
2.566160375208273578e-04
4.379116823037532938e-04
3.941910445722314384e-04
4.036168363674122635e-04
5.317206677202618520e-04
1.034207124016389917e-03
1.124484250284313921e-03
8.980351088895085652e-04
1.403413046662622390e-03
1.174792265325089614e-03
4.053078454638495793e-04
1.413564588015369869e-03
1.123117351600984738e-03
1.762961355645929545e-03
1.632635676263263389e-03
2.141483666264554014e-04
2.504816362315219046e-03
5.982260246313557536e-04
6.440654680865473677e-04
1.381513129877439761e-03
7.621619636165691573e-04
8.890653828000325302e-04
1.929076096995167812e-03
6.897370474704035302e-04
4.520024934418174220e-04
7.130781845802865128e-04
7.561371275190054879e-04
1.476685486940367952e-03
7.551866000282641926e-04
9.101690723786977138e-04
6.745933884770216257e-04
3.375680396121645186e-04
2.476465418931335979e-03
3.022502324125803390e-04
1.117723388969403065e-03
2.885465427672502916e-04
4.736034604799283431e-04
4.917970363232434389e-04
9.114808850508058580e-04
6.411728013903036927e-04
9.303669003440593601e-04
2.714428080064118813e-04
6.394282525546932626e-03
1.017881851714954634e-03
4.966644707344389101e-04
2.813317271296471907e-04
3.496981431901535937e-04
7.285916722115994308e-04
7.996982417997989872e-04
2.373045305200785493e-03
1.170283799986667232e-03
9.230696927846926718e-04
2.853431877088974389e-04
6.263400421825510416e-04
1.482591656455661865e-03
1.368684692210772212e-03
