1.698416119451958209e-03
3.385261166485685567e-03
4.007399473534137063e-04
8.897207808734368612e-04
4.723288818619219144e-04
1.227313048114091329e-03
5.985373329448630915e-04
8.300205475387866612e-04
8.581506615380207759e-04
2.556804548858411606e-03
1.002994025085205071e-03
2.647164322686821844e-04
7.166691328655912154e-04
1.114211019468632369e-03
3.519666662280047822e-04
4.338693864748260215e-04
1.017208528383828576e-03
9.406953860802357795e-04
2.990404737836501424e-03
3.537362419161150183e-04
9.393841891714283356e-04
2.306340348217451658e-04
4.818314224719457209e-04
4.801523805666669587e-04
1.060890703779480753e-03
4.840690352927309262e-04
6.799188413875822783e-04
7.197882772210420889e-04
9.280503699995882932e-04
1.075257330501582951e-03
7.190342967268851561e-04
7.226645904765295744e-04
8.517484509442754554e-04
1.272825097618760079e-03
8.216828728970286501e-04
9.326595959054562353e-04
4.578535411638159978e-04
1.758281464538770725e-04
3.172058631310480082e-04
4.242794457783007826e-04
1.089623945111959031e-03
8.158540892931988916e-04
1.718683169082981053e-03
7.549120517337599067e-04
1.425698262040760167e-03
2.075168560581001822e-03
3.231714049429758795e-04
1.855546413183419843e-04
3.763924829003766331e-03
9.167870398189389069e-04
4.895693359422338036e-04
6.375495127405891947e-04
6.918208161893492879e-04
1.922048166195904084e-04
2.448616354058246944e-03
1.139966947650620805e-03
1.379572185881178421e-03
1.662650100588395794e-03
5.329312869604610871e-04
3.893104890548241149e-04
4.832161500297044426e-04
2.365778067665824137e-03
2.566630917813849744e-04
3.112455919626612682e-04
4.469356651664584015e-04
5.654237498598993364e-04
4.593411750428806270e-04
1.478348132995002369e-03
9.434608338961247018e-04
8.110741935277496597e-04
3.239214644213377222e-04
1.329532456705966471e-03
2.648167682607439964e-04
6.353858716854819634e-04
4.074218203783998575e-04
2.598128639142543474e-03
4.743462934073966334e-04
7.961506032027306293e-04
1.361238376339941273e-03
5.800521470590098896e-04
9.391860505236737352e-04
6.897786259432025927e-04
6.734226991026608707e-04
5.027682077781085290e-04
6.072043859498816145e-04
1.190887936949837876e-03
6.312849658772608447e-04
7.233570121138482205e-04
6.747620224229882455e-04
2.433686417697510703e-03
7.628308539127737556e-04
1.356723589001154490e-03
9.229840829919034543e-04
1.433679183588259382e-03
7.982629187215149833e-04
6.093834839210268564e-04
1.536247578795852525e-03
6.051958020847811835e-04
5.960392095308434442e-04
4.167414330500706699e-04
3.013028465165851102e-04
5.393872922725772385e-04
6.745682552482957627e-04
4.643975187502965359e-04
3.303295077876648093e-04
1.486328912140688586e-03
1.327410340245186414e-03
6.558649335173349741e-04
4.654165142183720023e-04
1.419838622219484359e-03
1.493996970778089031e-03
1.088477100731566989e-03
8.536248442643941652e-04
5.671441911245308099e-04
5.239465977292545075e-04
9.454408460136198107e-04
3.891640815957995102e-04
3.695037197535710636e-04
9.550209573831667772e-04
4.345656131026047475e-04
4.321050106571330644e-04
3.548696929099131019e-04
3.591932068411252837e-04
9.291383184720275381e-04
1.065399631018787213e-03
2.861083926504962970e-04
3.566232890696846482e-03
4.409504382880489320e-04
2.141979003426508661e-03
6.804349104693265026e-04
4.948876666069740001e-04
8.789301540719964695e-04
2.791907768776712585e-04
6.581232270499423652e-04
2.800340824135908401e-04
4.229808182079585182e-04
6.024212305061585511e-04
4.847581812734333396e-04
6.347654505181305308e-04
9.929575078550679362e-04
3.871722034416836102e-04
1.041439278858617527e-03
4.864086953866945929e-04
9.899718681328400008e-04
3.152461737485871157e-04
2.805146443211107795e-04
1.267206503728128975e-03
6.873384809287469248e-04
7.322740857592937528e-04
9.627226907303002706e-04
8.110994300188790335e-04
4.836608961806845809e-04
9.386095653234514339e-04
1.989008443470930993e-03
8.218697190534967863e-04
7.122675462695590362e-04
9.629104178641798711e-04
1.076198564315866820e-03
1.249635783866582563e-03
1.013415969348130125e-03
1.387692816537082355e-03
1.683658074858286873e-03
6.373407487582724183e-04
3.844578496088696352e-04
3.124685611989659779e-04
1.292830797321480561e-03
7.830660522664819548e-04
1.044927352399716795e-03
5.021232819862178403e-04
2.483726858695498073e-04
1.127906689477784895e-03
2.077737234332055136e-03
2.806540625077536661e-04
7.606738256773470366e-04
8.393622722272387621e-04
1.036037353460261346e-03
3.783796229472957749e-04
3.781145194087494961e-04
8.506696326301023533e-04
2.472779108275421976e-04
8.020722144441726252e-04
1.557243473632905937e-03
5.222783176846437173e-04
7.545940486216859205e-04
1.790967524836232280e-03
5.989557609512913185e-04
1.968091826333572957e-04
1.602267344980653303e-03
3.800046366601804969e-04
6.514090611658838103e-04
6.233838338815112911e-04
9.391860505236737352e-04
1.386262211808994256e-03
6.455585296098660143e-04
5.610699519433085545e-04
1.582936047788276440e-03
1.617125979981124751e-03
3.926825236896662767e-04
1.521818639858494833e-03
3.289357517552917321e-04
6.079154652113091415e-04
6.965329338929024958e-04
4.774084218914238895e-04
1.140734847097083903e-03
7.289671294349700818e-04
4.306442495496900407e-04
5.857513021900129452e-04
1.988433240182627213e-03
5.653207824387396826e-04
1.160647992873229924e-03
2.720492175193408202e-04
7.291391995273502217e-04
1.033187318451887120e-03
8.326652792548994890e-04
3.786882601223614826e-03
4.359642440572695133e-04
6.599342081909866271e-04
2.740043901137213301e-04
8.282847235412172694e-04
2.651760258164568792e-04
7.261975402548704814e-03
2.105487703944392865e-04
7.486132969377018269e-04
4.323342557264957362e-04
2.157079738265967137e-03
5.431162432672283647e-04
4.376219054545067992e-04
5.428105982509867427e-04
2.612584981971205998e-04
2.445247565956764420e-04
8.547362083048766403e-04
5.112992395836811260e-04
7.317745236110974371e-04
1.394608964209192179e-03
8.404377794390330411e-04
3.524706298481477770e-04
4.619728429257205439e-04
1.535614651208442455e-03
1.449026361287649931e-03
6.252986552034482887e-04
8.204491863630478284e-04
8.089537347593703763e-04
1.140169931955547361e-03
3.038510812600419913e-04
1.536146389574911779e-03
4.062791749541594540e-04
5.341955363599858349e-04
9.071386441294042617e-04
1.830750999905540874e-03
1.170797132308832190e-03
2.270528543175149780e-03
6.079154652113091415e-04
1.297486804074883971e-03
4.243387756387626518e-03
4.396148565101667288e-04
5.437954867752212802e-04
1.089516887968359658e-03
4.976412729094892252e-04
1.394390404219799685e-03
1.047522193733344854e-03
5.185017978370239956e-03
6.416866466378779365e-04
6.077166234622078658e-04
1.149042514314356370e-03
8.937813284189050946e-04
5.311708725431552123e-04
3.890854830198064497e-04
5.645226891595467311e-04
5.800521470590098896e-04
8.398522997154160953e-04
5.236652112924744919e-04
1.440925064459405497e-03
9.601392145623140325e-04
1.627249433929750955e-03
8.180089407716535643e-04
1.009047073967405447e-03
5.046120662074465206e-04
9.814466161952642691e-04
3.856851333004591900e-04
1.908944694634173191e-03
6.992771728029054416e-04
7.200150587920407450e-04
9.162175556470254474e-04
2.904721826694069836e-03
4.567365598539679396e-04
6.603087704062067867e-04
1.848985390812492215e-03
6.342414253553765868e-04
6.093834839210268564e-04
1.945042681691565084e-03
1.050970078580255179e-03
3.576433465787355365e-04
7.657743439218833671e-04
2.168072109694671804e-03
7.972715324367099596e-04
4.376219054545067992e-04
6.951851205394045949e-04
5.089542251713648907e-04
1.034184642338605974e-03
3.871032376941499226e-04
9.318472486729825668e-04
1.862422467208124644e-04
5.380152670678173829e-04
5.130382394281177974e-04
2.989648126667600585e-03
1.658298844878553944e-04
6.954099270231704896e-04
7.280493764987444345e-04
9.394612237762613519e-04
3.221950983501086570e-04
3.887503936199973717e-04
3.499105323266846744e-04
1.054495491106772998e-03
1.417072993835412961e-03
3.618495817452598452e-03
7.044769443937872345e-04
9.687069161008339232e-04
2.627831111618179286e-03
3.626210998591120646e-04
9.011053394182041813e-04
3.119982886564185223e-03
4.765995698304795365e-04
1.878434501228623066e-03
7.905548285228072803e-04
7.727069071548879490e-04
1.565330344549083035e-03
6.319822302092056561e-04
1.436179819244061363e-03
3.419610852436870559e-04
3.802452273163894826e-04
2.508180607903396937e-03
1.401432011118825460e-03
6.036321331910119272e-04
5.714673465857479304e-04
9.000174525435677498e-04
2.733563709945084868e-04
3.851186386741998926e-04
8.467861925230947768e-04
1.017658322308871060e-03
9.840612192179801904e-04
7.392388029804410629e-04
4.340955849620468563e-04
6.899288721148803382e-04
6.800123386279798444e-04
3.519666662280047822e-04
2.019458766163857635e-03
7.789237394648600545e-04
5.813019471267976681e-04
1.862626092070961137e-03
1.314790919599898109e-03
1.583780880969924308e-03
3.220079373016213227e-04
3.375000926209997983e-03
8.789932451046169465e-04
1.168806256443097324e-03
9.666776462687636439e-04
1.047774986478716436e-03
2.530145774930207705e-04
8.878696887033312411e-04
5.970313972395494516e-04
6.700926915262565668e-04
1.053764980416886134e-03
4.222809787931446545e-04
1.063668545912970029e-03
2.581128057218975785e-04
8.247483907544563920e-04
5.969281788909485374e-04
1.765497475108167204e-04
1.110706783925692739e-03
5.455377485018754078e-04
1.312441354859143934e-03
7.837783570228862469e-04
6.294558887293298308e-04
8.427615732615768027e-04
1.801203989383951638e-03
2.393730427254641552e-03
9.394954507774232449e-04
1.446277331569408801e-03
4.498201988361605623e-04
7.317883936147246164e-04
7.055879423542115152e-04
1.016506611129674130e-03
9.627574934237101596e-04
5.336372912214146051e-04
5.188575550644477022e-04
7.861686074132939912e-04
1.553186064125517633e-03
5.468755475925052463e-04
6.163205249425310209e-04
8.783430892778250039e-04
3.799998945753659376e-04
8.782546912872291446e-04
8.569108076442358930e-04
3.317417008366140702e-03
5.261852781401954232e-04
2.923405087506422695e-03
7.289690490422823807e-04
1.198753287161707709e-03
7.830660522664819548e-04
2.698560376937941710e-04
4.070814680915683828e-04
9.207342851266338756e-04
4.922992885851900030e-04
4.819325381656133301e-04
1.977720231597308908e-04
3.796729861207548298e-04
2.219640081213315741e-03
6.552986038446440053e-04
1.579203665398248597e-03
7.547636428086774724e-04
1.096004067931918803e-03
7.770909656260970152e-04
1.608088891266881400e-03
3.161632931906466215e-04
5.174307711449234546e-04
7.515619383453018328e-04
4.277310123850770556e-04
1.021801382795306653e-03
2.818958012291757228e-04
6.103605448521119995e-04
2.910313145556207262e-04
3.094791270349736686e-04
4.495502276706269187e-03
1.655238252713362671e-03
1.929728969225702430e-03
7.247660145055220609e-04
4.818314224719457209e-04
9.834190638458608063e-04
6.755187860710730940e-04
2.702604869998449419e-04
4.617758333350692338e-04
7.338056119044958489e-04
7.708142901338840228e-04
3.764055272416432060e-04
6.816258212584082234e-04
8.705609545551094754e-04
1.157494474728830913e-03
3.892095911048000425e-04
2.590678218504545850e-04
1.814841419432380734e-04
4.321050106571330644e-04
9.972964658583373127e-04
1.320564067470222968e-03
6.549109996147752617e-04
5.977177914403970478e-04
5.922871698653301787e-04
7.987043657941675411e-04
1.536473109900860119e-03
1.249635783866582563e-03
1.243304154405767015e-03
1.506642299672660262e-03
4.911751163097182035e-04
3.918178765047799768e-04
5.603964083555158576e-04
8.437479043524378228e-04
6.329783987338212124e-04
8.223456929622152125e-04
3.339870021619108838e-03
4.811403968211353768e-04
6.522423933588041142e-04
3.540906054637336128e-04
6.806216341003007647e-04
1.037694458859062755e-03
5.800039077625267648e-04
1.949585564194483440e-03
6.387437013474745774e-03
8.238242990461167731e-04
2.007920975788301133e-03
3.691353867368818670e-04
7.432114407787703859e-04
4.769274711142015063e-04
1.789491711876150517e-04
6.096091647302885434e-04
5.798217782852457163e-04
7.201111592044926379e-04
8.427615732615768027e-04
4.939833026013536188e-04
3.020654891091177630e-03
7.958152355431423464e-04
1.120403439629729389e-03
4.666330669514483893e-04
6.604680927256606927e-04
7.722336199849250430e-04
1.148185508768236225e-03
4.341224473254850862e-04
1.285620118756764310e-03
7.516530222320112840e-04
8.601012850874237715e-04
8.855458126071580555e-04
1.061106483740986749e-03
1.455939890626492973e-03
5.538154653837467668e-04
8.914428484799353939e-04
8.613987596625026976e-04
1.711669154178530267e-03
1.397380127831755530e-03
6.399388364359351062e-04
2.745752852492910315e-04
1.638325764991759546e-03
6.488008321465919175e-04
5.190991640080907165e-04
1.235220790107364281e-03
1.182450851478947934e-03
4.608849684822330503e-04
4.449609620120017388e-04
1.039648491107280498e-03
9.301803028297903064e-03
3.595594887216086106e-04
2.507932837815485434e-03
1.036497885261092886e-03
3.079283765692751758e-04
2.423904543293364886e-03
2.517415483229454667e-04
2.823718406443736758e-04
8.412428332369285312e-04
3.357559648901333686e-04
3.112763268435725199e-03
7.945518776383714635e-03
7.800561229720504031e-04
7.019170018382611329e-03
8.201245637302603721e-04
8.718340651370650547e-04
5.671949677546569328e-04
2.713889313075054741e-03
2.581159926238054758e-04
2.189482693769773808e-04
3.647939919421421158e-04
1.183955861251697770e-03
3.338967446851344423e-04
5.534435165913723607e-04
2.492361868219747627e-03
3.516241309779049879e-04
6.405530329862325380e-04
6.089949792171030912e-04
1.715896752331627943e-03
5.361529366915083463e-04
7.579781235288342691e-04
5.514553238289839846e-04
6.175056465127675472e-04
6.980513790909066577e-04
4.735199744504569480e-04
2.428976267758656943e-04
7.128939262361529139e-04
3.704552986897869911e-04
1.064195595882960147e-03
5.676421120945992658e-04
7.268141915743438425e-04
2.532645492000647723e-04
6.078792063018924243e-04
4.984812890063290139e-04
7.400659578250094479e-04
8.095666919064757518e-04
5.191632011462876716e-04
3.132868896897423650e-04
9.722406538443008339e-04
1.318770910097922730e-03
2.482761377770269489e-04
4.434372230118999387e-04
2.856988283802509789e-04
8.163742603548175937e-04
1.442714491087383538e-03
8.351752363314684591e-04
5.672956259418415401e-04
2.346549745561202042e-03
8.001810705547437574e-04
3.208392541367243150e-04
5.134457546683879629e-04
4.656467037224590560e-04
1.914678223397735376e-03
5.908301722563304896e-04
4.975233347580857671e-04
2.302323417827435627e-03
9.669660644772640071e-04
1.280844333601572098e-03
1.240306330666524157e-03
2.267818584601581557e-03
7.476128881411367357e-04
1.072806758183527612e-03
4.710675238472079971e-04
6.105742857205923805e-04
9.032062140480605654e-04
2.512283025838304724e-03
1.167037288933604798e-03
7.505828276608097517e-04
8.888130391852755918e-04
4.075538784931267630e-03
7.880362230307868610e-04
6.796454066599761897e-04
1.213487144513520797e-03
4.710675238472079971e-04
1.167859450490620543e-03
3.019746662086004313e-04
1.104795370230361338e-03
8.413596459898880012e-03
5.182631559349551963e-04
7.833008926521087094e-04
8.621522209642354427e-04
9.087345964544094263e-04
2.943430492200852042e-03
2.277899824801541198e-03
5.162013303761752965e-04
2.752150571037929806e-04
8.892683108439960755e-04
6.424610511528723979e-04
3.165699752566997227e-04
1.406594070932497883e-03
7.165169068013275445e-04
5.169953909889185616e-04
5.450013954859946833e-04
9.695007968374973369e-04
4.653178111536389176e-04
1.021681303605247258e-03
5.191632011462876716e-04
7.613364431656464764e-04
4.138450032525137429e-04
5.673983450158515997e-04
9.839623940656539239e-04
1.244302664252078553e-03
6.282944134698191995e-04
6.613846190086584542e-04
2.808464302623133683e-03
5.041454127978765073e-04
7.764430711122952307e-04
6.816258212584082234e-04
4.790553263230967317e-04
6.887802212463110417e-04
3.165699752566997227e-04
3.281405233490183502e-04
8.783430892778250039e-04
2.988595050064740905e-04
4.552656807562710690e-04
7.190342967268851561e-04
2.364955746904280794e-03
1.486493119919793686e-03
5.633106826956041759e-04
1.099527295970178804e-03
1.423576613036827863e-03
2.945153554006452960e-03
4.253084499196378970e-04
6.447318835235370509e-04
4.721296840096634770e-04
1.071061071730634775e-03
1.194846962610782376e-03
3.875762465681100929e-03
5.188575550644477022e-04
1.060234739435887480e-03
2.414099178593347422e-03
1.172670041916747856e-03
9.638521537890615233e-04
5.192525207903123455e-04
8.722644202906265024e-04
1.153669890508651590e-03
2.104556953261517893e-04
4.720905374246030174e-04
9.308852146806274441e-04
4.952247930315536745e-04
2.206078157702910235e-04
9.359617001724523716e-04
9.455990151761171827e-04
2.159331543364929884e-03
8.100763993726040665e-04
6.553230486390798247e-04
1.029915349750312433e-03
1.458839141193201631e-03
1.232521289177630069e-03
9.326595959054562353e-04
1.164248326773175031e-03
1.974953266926640725e-03
4.430031030872085560e-04
1.142120188360472560e-03
2.169194416651877815e-04
6.670527926976480915e-04
4.642338277648560478e-04
3.317224965735230627e-03
1.111994254179255381e-03
8.572634875517626697e-04
3.128869299509150063e-04
5.723789450681690278e-04
5.393526879761778667e-04
3.590823336852219118e-04
1.416502890563750821e-03
6.786872934121206385e-04
1.420623242634233433e-03
5.718229295582213456e-04
2.495300118118086267e-03
5.333292495875624527e-04
7.341047545636024277e-04
1.778720529635147716e-03
7.863680812514385913e-04
8.737200011502258869e-04
2.671815862806148920e-04
3.668216725524403110e-04
1.433679183588259382e-03
8.725262271162805222e-04
2.029610329534538380e-03
3.639701273311209346e-04
8.260135077952257977e-04
1.104798170310168897e-03
4.043325934273665225e-04
1.550528884941004392e-03
6.279715385014118193e-04
2.512194895665870176e-03
5.474592088977651115e-04
4.533339611679490424e-04
2.197809675775359557e-04
3.048688959382245441e-03
5.928774732638358988e-04
5.458879005382037946e-04
4.781144661578334409e-04
1.550528884941004392e-03
4.915108769525531468e-03
8.636218447590894663e-04
4.467213638401297039e-04
5.525600475639615670e-04
3.685166775457971843e-04
1.284640887569929099e-03
9.249429302376021124e-04
7.745759550910564844e-04
8.586090146142658303e-04
2.175839529616152308e-03
9.415748712960508599e-04
9.682200104681082560e-04
4.114032182894317960e-04
8.758642888753698751e-04
5.871381076494228655e-04
1.158905323763674729e-03
1.597219510864495654e-03
3.415121181743009985e-04
1.043477374675507536e-03
1.228612870233924655e-03
3.113421897993420839e-03
5.729546139904444007e-04
6.513812075929771269e-04
3.998729622843337690e-04
6.737175214660996855e-04
7.241297305866558481e-04
3.866728658344656617e-04
1.219064820092934489e-03
3.943922233233925758e-04
5.555075316157078412e-04
4.744296378036746281e-04
1.064052844322694018e-03
1.017194061048376985e-03
9.714939994917653164e-04
2.154582784797099641e-03
2.756128554958018066e-04
1.287244318147058933e-03
3.749037746156385037e-04
3.313928002319957000e-04
8.009789823594211725e-04
3.988429968645142761e-04
1.185033378516644727e-03
1.823021647408702359e-03
4.075514041905029276e-04
2.428899995726932102e-04
2.963045300058457445e-04
5.977177914403970478e-04
2.297481056292515714e-04
4.641169578208180881e-04
3.200185217806292130e-04
6.235945553690719042e-04
2.093687071296798760e-04
7.654479968320326540e-04
1.003930324585596348e-03
2.524877451619484997e-04
4.389655882384632386e-04
1.216678016015395073e-03
9.400502206277346149e-04
4.157911358827835312e-04
4.160770644675524928e-04
2.226754902074361015e-03
7.729400426990593043e-04
5.685267435006019845e-04
2.123064312884787117e-03
7.914744563526476383e-04
4.263261938677066483e-04
3.465166090566361261e-03
3.298536903926807887e-03
5.254515005037061013e-04
4.360068115422147898e-04
1.749388249537673018e-03
3.967407757079994884e-04
6.837549350940833959e-04
5.544332131148567173e-04
8.314066918692457342e-04
1.686173506005723445e-03
2.007920975788301133e-03
1.938208981205809820e-03
6.672657439919024843e-04
2.357714833884541183e-03
8.292148168246966326e-04
6.053512014826314264e-04
1.561222265460810365e-03
8.836101752275473753e-04
3.893888961679006365e-04
8.298436427683250974e-03
3.413973807889815752e-04
1.070108026666185489e-03
2.283141393655174246e-03
7.386393188732034770e-04
6.659938136107993161e-04
1.813544966092164217e-03
3.442039008112993711e-04
2.743310154228258851e-04
4.587255723732453134e-04
7.019170018382611329e-03
1.337074908605492222e-03
1.178479663115314467e-03
2.949146218350085229e-04
5.731292112121220321e-04
5.629565462357633086e-04
7.796234180225202577e-04
1.711751562215526158e-03
9.550209573831667772e-04
2.816229743344924631e-04
2.641202035725998161e-04
5.950809190153981800e-04
1.060234739435887480e-03
5.164851647171702547e-04
1.099294040096913212e-03
1.512198972206271622e-03
8.064317347694982064e-04
2.736898462728339023e-04
3.823812998631784471e-04
5.689643831983022277e-04
4.723288818619219144e-04
1.820733148019374045e-03
2.395732314017749709e-04
4.256442094615140847e-04
1.801203989383951638e-03
2.352679261095452865e-03
6.848648282032623533e-04
6.511176745222658352e-04
1.700001529190877129e-03
3.251632670051860744e-03
3.626606515223290889e-04
7.501354236891842955e-04
6.542350131833905499e-04
6.928693889251384425e-04
4.509068302973805956e-04
7.785717968238843644e-04
8.183530828068824071e-04
1.863857023653770796e-03
2.569752972487597846e-04
1.822348522239153074e-03
4.688980886327543296e-04
7.988272788614971540e-04
2.323996882750756221e-03
5.855234493792075764e-04
3.973350377627560466e-04
5.281674989876187620e-04
7.983350077407799740e-04
1.285951348836342212e-03
2.670722253662384548e-04
7.088524325981571074e-04
1.053035163773281303e-03
7.755284913848920240e-04
1.367819390562275165e-03
2.437203854789717940e-03
7.777482046150569752e-04
7.126694488859678690e-04
1.055209812369561689e-03
6.143992456888276374e-04
1.160647992873229924e-03
8.018421033034525821e-04
9.996475379078606071e-04
5.105899762196644456e-04
5.569454185559948641e-04
1.035210422978903762e-02
5.584536135958623670e-04
2.206342270068208274e-03
1.696500511844841776e-03
4.889765881852070444e-04
8.467191642901626463e-04
2.533616435347602188e-04
7.709492495865356235e-04
8.812235269088677632e-04
6.951923492936148323e-04
6.093876919316584253e-04
1.318364614301380418e-03
4.655261046468551610e-04
2.563894918386247198e-04
7.316796254883331648e-04
3.084720068861925273e-04
5.298141413318058299e-04
5.861705432310905430e-04
4.465636917226244000e-03
3.731625080142094049e-03
9.298954238370520705e-04
1.393930402565681567e-03
8.119470884755917994e-04
6.772093144731063151e-04
1.229373482338245917e-03
5.728806490484202648e-04
8.621522209642354427e-04
2.823718406443736758e-04
6.789462207761741853e-04
4.999002844015284315e-04
1.038099095115197846e-03
7.781230577668316051e-04
5.082473605161643131e-04
6.383199105467889404e-04
7.799824678914412225e-04
2.364955746904280794e-03
1.839007303188629726e-03
9.924984556484827813e-04
9.827126402520635576e-04
9.975110298981110842e-04
4.180000897910490765e-04
4.427024182164413543e-04
4.581849124936412379e-04
8.789301540719964695e-04
4.040438909789561758e-04
6.724526547624300708e-04
6.853976714493808207e-04
4.255009443139634389e-04
1.354511881080582491e-03
4.693103840629414612e-04
5.015736698014927565e-04
8.212705404039140301e-04
1.857353040200530794e-03
9.601392145623140325e-04
3.604999883049470142e-04
1.827827365793434139e-03
7.505828276608097517e-04
8.905502564631022095e-04
6.877049739411802282e-04
4.367237584830589931e-04
1.468822240033870654e-03
8.710768456111684689e-04
1.563331455426190302e-03
1.660067083594101139e-03
8.324406248256415765e-04
9.289529026295334328e-04
4.178217006590832935e-04
6.195867154701566312e-04
2.343168661685950463e-03
1.525618724620913906e-03
3.401040640496134676e-04
4.717877885331567809e-04
1.224152204721812905e-03
2.204559465235680633e-04
1.862001741119511094e-03
8.933448889041782550e-04
7.490767640200875340e-04
3.046288152103176269e-03
1.386262211808994256e-03
4.619546682243438483e-04
1.168470844966444265e-03
1.106913303150909274e-03
4.703482058635321031e-04
5.103575563468301700e-04
1.079613760463003650e-03
9.924984556484827813e-04
1.471365543162294091e-03
4.059659090847897531e-04
8.271909171163221216e-04
5.610699519433085545e-04
9.946065758651054765e-04
2.704816842810360642e-04
8.415444111295644798e-04
3.984979806255322635e-04
7.797197206795625831e-04
8.880193212396669030e-04
5.405097995838600584e-04
1.170907280554491425e-03
9.650540987004434549e-04
5.474914428551407898e-04
5.562818148567819261e-04
9.331926026893880939e-04
4.866302973729904843e-04
6.724526547624300708e-04
4.921665063956096259e-04
2.670160839244884723e-04
4.924304087412646573e-04
1.502635729364282940e-03
5.398404648651194699e-04
7.484661417312667370e-04
6.260419278132411990e-04
2.777865607763399525e-03
6.261318014543415175e-04
7.062053040525703446e-04
4.154283993824102483e-04
1.095891908160343030e-03
6.451573538994596945e-04
7.587022991634115874e-04
3.689032984757324263e-04
8.115355520281143566e-04
3.416025190530553516e-04
1.811989592843694886e-03
2.270528543175149780e-03
4.287354471554972210e-04
4.715271861689142286e-04
8.348733341924089628e-04
1.922048166195904084e-04
6.438857273621646045e-04
4.341224473254850862e-04
5.340322613344347094e-04
2.140942576336468412e-03
5.303483020911903181e-04
