9.640343054213491338e-04
6.335628886689418770e-04
2.192060057180494079e-04
6.306346705583603914e-04
3.594332828666290313e-04
5.453152795587302157e-04
1.365933790832537858e-03
3.343809446252853351e-04
1.596645242844871434e-03
1.938321818832212495e-04
5.853237973903581762e-04
1.531120290877348864e-03
9.465582075658339999e-04
2.945506077523821426e-04
4.850153569725002695e-04
3.616881359158596594e-04
1.798539932043734984e-03
2.353734860298617188e-03
4.378304986648341442e-04
3.043228666299269917e-04
3.013188516242388116e-04
3.966334994129047707e-04
6.928756506276029237e-04
4.758367313708791041e-04
7.635901782406318613e-04
2.071070759854273899e-04
1.304902474412354815e-03
9.651433290565556702e-04
2.204318354837235094e-04
2.377176984508142215e-04
1.355785272785010268e-03
1.419820642403505414e-03
1.961657897674784284e-04
6.159404256871939785e-04
8.076266934148480922e-04
5.743434279220327151e-04
1.276814796939345492e-03
4.476212645363507672e-04
7.046648353835455701e-04
6.587487877307393776e-04
5.069517742704592218e-04
5.582273502299298085e-04
2.271410426283709523e-04
9.009615757685935375e-04
6.292295376045389322e-04
7.323611958151806430e-04
3.993653284878996915e-04
2.951265319433897744e-04
1.023523753972130097e-03
1.278587685831828911e-03
6.338755870237742064e-04
6.202225884945270070e-04
8.535902979601989312e-04
2.751759124378479193e-03
2.858096934526745017e-04
5.102443933022030639e-04
6.471107419073053417e-04
7.631191641628627025e-04
5.849524164732187786e-04
3.599121248798695127e-04
4.331878447515570877e-04
3.809328298998889404e-04
8.644028831176900959e-04
5.718844850798360420e-04
5.428341997129954499e-04
2.754747086973961551e-03
8.462227627169096938e-04
2.144925217613004710e-04
8.454228266259197029e-04
5.708902957651566194e-04
5.190291661571966786e-04
9.404943887759123402e-04
4.346572773218935538e-04
8.036729332594042853e-04
1.081204021316001831e-04
1.085203265423818637e-03
5.862663635167156446e-04
4.258766815795168382e-04
3.281165568917781216e-04
7.955931790491769986e-04
3.897818562002556197e-04
1.613098884232632216e-02
3.700068552086929058e-03
5.523962490129530811e-04
2.562642990649255186e-04
2.554980641016989912e-04
5.417847399974474489e-04
4.228880891884655938e-04
1.078916071264991164e-03
1.421196788742339675e-03
1.014121283502204558e-03
4.903596290362762997e-04
8.123901596443373202e-04
5.454455146196899402e-04
2.882318525375241500e-04
1.821721535578651628e-03
1.065816806763827864e-03
5.801230211980011337e-04
4.788195837086740175e-04
4.631138925974995170e-04
1.798429518583153459e-03
7.867331942653272040e-04
2.253949936398583990e-04
1.475434991865786629e-04
4.770115088637946928e-04
3.433563748355510634e-04
2.047138333563769917e-03
5.373059890141293482e-04
3.036163191805028166e-03
7.865128137907872064e-04
1.135584497257772314e-03
1.086961040084624209e-03
1.434190312736404165e-03
2.248594755366594387e-03
5.114321119577300116e-04
3.785495114849522628e-04
3.422582622548626984e-04
6.212928192764158742e-04
2.745720530222537422e-04
5.138687135724155728e-04
2.639672899004237398e-03
3.375963764592517500e-04
1.839443064427241604e-03
6.593552532029143967e-04
4.450107668464707870e-04
6.493105435816635702e-04
6.356413899823688211e-04
3.338531622574483120e-04
7.025631707864141064e-04
2.493211085924575024e-04
4.715894381379446675e-04
2.549763758157956041e-04
9.251018391020320031e-04
5.552316906727814425e-04
7.993169614883938959e-04
3.865216025195186743e-04
2.444739862742125163e-04
2.826446249016244510e-04
9.264431384810900864e-04
4.552103949712761719e-04
2.170415419542718086e-04
9.020673430406310521e-04
3.386944289788988618e-03
6.539004754235266210e-04
1.284899894038989696e-03
5.744837500165219605e-04
5.566917104318814006e-04
2.494010771238740036e-03
6.310524931792703190e-04
3.790697270413240618e-04
7.787373946377384440e-04
1.733536775788822220e-03
1.419820642403505414e-03
2.864530674199354554e-04
2.151257284470057488e-03
3.588374044076421193e-04
2.447789337388495525e-04
5.805942725144748852e-04
1.607230551810357681e-03
2.644350686957002089e-04
2.249382177642649579e-03
1.626496285281614094e-04
4.778661262714363088e-04
8.647002406915277285e-04
2.368784521848613881e-03
3.217962255092686550e-04
6.755548137837638764e-04
3.157609573122540985e-04
7.759487410191915832e-04
3.050794081933119262e-04
7.246066561247904931e-04
1.794506301452704886e-04
1.496772269016292912e-04
3.322115493184211619e-04
1.326490409379121362e-03
7.848748995174714346e-04
1.278201337872658530e-03
2.462736984201341502e-04
9.422296665956358345e-04
1.525586194514025676e-02
3.956180915020009420e-04
6.390259186343952118e-04
1.215222161688298127e-03
1.601266894131896405e-03
3.775309500017553208e-04
1.450886941738895606e-03
5.229331398314741473e-04
9.058219599374387962e-04
4.842599051317861042e-04
1.330261090305932120e-03
1.087476556464990604e-03
5.068217401290917674e-04
4.188091559375806865e-04
8.436258952569428799e-04
1.178877110022631030e-03
9.356063839593015954e-04
5.512241949893204864e-04
5.155491550037504152e-04
1.429732921357435406e-03
3.174697962581656506e-04
1.075519362552996346e-03
1.725264939735902817e-03
5.983006842957162971e-04
1.071417965919214477e-03
9.196545230591966508e-04
2.502751203269194336e-04
3.071554128487516953e-04
6.471107419073053417e-04
1.262747036250201887e-03
1.204904253224687444e-03
2.285239202340583415e-04
1.068035085509983590e-03
3.517481050442050313e-04
2.440686658458045537e-04
2.517950624968066367e-04
3.645317633312779846e-04
2.677862107684728251e-04
7.483340192006605060e-04
1.035160814729461009e-03
2.712156042975486848e-04
6.604975616966164264e-04
1.167768556794069419e-03
1.545424542989358712e-04
1.875014946944397016e-04
1.009287369231022481e-03
5.112613156837224858e-04
1.831096255587992766e-03
6.766600402190221667e-04
6.752211995594598233e-04
7.500690789901141636e-04
5.874503562060265837e-04
4.021299252910575718e-04
2.724302392790404863e-03
1.050786236414402979e-03
1.528892087113211621e-03
2.913000594489515999e-04
6.912296409782047769e-04
3.125529064433473143e-04
4.145552165899888818e-04
2.990525084886338581e-04
3.649647592279426245e-04
5.079393823541343599e-04
6.633923138324498894e-04
6.227296239576580366e-04
2.928798717968914174e-04
1.872609927768666214e-04
4.923704253675516241e-04
1.038794204860811476e-03
3.176431242076180675e-03
4.168736879881116894e-04
2.579013706135683680e-04
6.731265338689203367e-04
6.035252890124284024e-04
2.712697834346684649e-04
4.898420322498472056e-04
5.694711202801314457e-04
4.249212376613297230e-04
2.824690079257479304e-04
1.107688675691266078e-03
8.436258952569428799e-04
7.709046358911971104e-04
2.474089247753194325e-03
6.538013006714497302e-04
1.572095870512494687e-03
1.243479060555360664e-03
8.380686094039669319e-04
2.849885072274458472e-03
8.757857963307331441e-04
4.135383662432253328e-04
1.196436235861861666e-03
2.810715256768976612e-04
6.018339368789359448e-04
1.077557379258847889e-03
1.423653635746757306e-03
1.686067855187765299e-03
9.669642923339957221e-04
3.588886702141061880e-04
3.927144074456509026e-04
1.282560925836127462e-03
1.055384854503414347e-03
2.943871249510171019e-04
3.467360948174040645e-03
7.928724291136406924e-04
2.499228150426262198e-03
6.389740344076562904e-03
4.656543736421550009e-04
2.824690079257479304e-04
5.833215027264525157e-04
1.222132704981318454e-03
6.934359020186390936e-04
8.477638059345421603e-04
3.485070386359446657e-04
2.412612101832683521e-03
2.475795099895097221e-03
5.192989623578242496e-04
9.636742037760676104e-04
2.570052546651792271e-04
6.903213770295720930e-04
3.501375194799075346e-04
4.592053794080736082e-04
2.134027661839304861e-03
4.028027842459472188e-04
5.258737393975728433e-04
5.755706000693086620e-04
7.922158498748685905e-04
3.764870235253440557e-04
6.729709160498856344e-04
4.215445617778241171e-04
1.212143557770284982e-03
2.519589729079293387e-04
1.258627427822645809e-03
4.843052166714207469e-04
2.274293803561727289e-03
4.268521969334338872e-04
5.693507995593293783e-04
2.097847836678811534e-04
3.123602753648295417e-04
4.865564226168796647e-04
3.816006066196571270e-04
2.059154554413512601e-03
7.193347207150249537e-04
1.043623395006450542e-03
8.722212913305117535e-04
4.555932970856679831e-04
2.758779589084079200e-04
4.900425009597128350e-04
3.436197518924869973e-04
1.396184645920486335e-03
4.534000546633909631e-04
2.568615201294496483e-03
2.183515443342829918e-03
5.764447856916841972e-04
7.412559745625684664e-04
1.329719842854962079e-03
5.198938279505873261e-04
6.282886836021896789e-04
9.794559295871827897e-04
5.527393943384657955e-03
4.936906195046843714e-03
4.393455937263761714e-04
7.388220045663543289e-04
2.493576844795268848e-03
1.062776300288999481e-03
3.111571943647104183e-04
4.219244074629665327e-04
7.199422785980417712e-04
4.256475701242579427e-04
6.935333181998044796e-04
6.887270916137126905e-04
8.571065652562707754e-04
1.083626795719451127e-03
1.284899894038989696e-03
1.786837415050294530e-04
1.588794834713628602e-04
1.041367546428364002e-03
1.685851887724165374e-03
7.607006986290886126e-04
3.914765352895203682e-04
5.518561401172687904e-04
2.974430307318158464e-04
2.988602814350985550e-04
1.882049271174577806e-03
4.537893831028381509e-04
2.905866127026923598e-04
2.571727319062982737e-04
3.725668502715158577e-04
1.333012499344810899e-03
4.037780193997558180e-04
5.490123867809048111e-04
7.159869028294593577e-04
2.728988903659166493e-03
1.780588434375973391e-03
4.656379280654313903e-04
2.964881749765271076e-04
1.284899894038989696e-03
3.342537196702988992e-04
1.365933790832537858e-03
6.180251661743126112e-04
5.358190975246310446e-04
1.084226007805000856e-02
8.461542356399556850e-04
8.684716919996258956e-04
1.156969227054995561e-03
3.638728264841575356e-04
2.681627000797758465e-04
3.447448486233388280e-04
1.702218842194010628e-04
4.904082660442487087e-04
3.798033588308071993e-04
5.201944670999546086e-04
3.301788041081423039e-04
5.906789236116074138e-04
5.359138633554040446e-04
2.507045710602741860e-04
3.624201036113085684e-03
1.090102333133815583e-03
8.626916516502041322e-04
2.514291209979536350e-04
1.095756977402309075e-02
4.376869882397816302e-04
2.355309800129115779e-04
6.157757132017302503e-04
5.652901272596257739e-04
2.414616828974363780e-04
1.598101007237118449e-04
6.719116665350978110e-04
4.810210383156435601e-04
4.677680243955325483e-04
4.413027236376331299e-04
3.197394403168687775e-03
5.624570959544402879e-04
3.881034281954250749e-04
1.205873758854120729e-04
4.034991734107494445e-04
3.939869396895739613e-04
3.330231969170276596e-04
1.017014446006499857e-03
1.096213457388505721e-03
4.382736385435035374e-04
5.390798078406204953e-04
1.000508465817602586e-03
3.272649155328684464e-04
5.655519022597912601e-04
1.457314225104574005e-03
8.835594542307187817e-05
1.057753488374243208e-03
1.842753518712645895e-03
2.720848225053816940e-04
1.394063869677114955e-04
6.881818312235998825e-04
6.389968589435149121e-04
1.705069700497423117e-03
1.522338749941798798e-03
1.616983213095423257e-03
1.290381104824097919e-03
2.209944125834385591e-03
2.533964094616963448e-04
8.571978610809645330e-04
3.207754951416196313e-04
5.647612806889436548e-04
1.063540203822356534e-03
7.277080129941153113e-04
4.612557661821267913e-04
9.156678450895901038e-04
8.253688883978821042e-04
5.797944629693436470e-04
4.489428862971306562e-04
4.330885282861924993e-04
6.015828093583397082e-04
7.014296018022671405e-04
6.072861862237348505e-04
3.435103059730321173e-04
1.013125647631647665e-03
1.049972144899943534e-03
7.454474654745618829e-04
9.216479981584191393e-04
5.539014489257487696e-04
4.176564193396440370e-04
2.446548011219051616e-04
8.192643259372501662e-04
2.196989656014794673e-04
1.247242339742598606e-03
9.316032065540890772e-04
4.853414464420758808e-04
5.428341997129954499e-04
2.994899306835819099e-04
2.541809040593063758e-04
3.997492850615375504e-04
2.046464830035050250e-03
6.303459182215913554e-04
3.508536351541665494e-04
2.498931428891619944e-03
3.478252825062794489e-04
3.573985164880551062e-03
3.460504042247536404e-04
8.936657525225130292e-04
4.885402764441914127e-04
7.225105289411139914e-04
3.649376357507453619e-04
4.141035146210550011e-04
1.150230166636671174e-03
2.030378937958046356e-04
1.305328473656091042e-03
1.175093812834858116e-03
3.701042178188410515e-03
3.037606088032197295e-04
7.472327633288645445e-04
4.291953221927378211e-04
3.262491589824746186e-04
1.081204021316001831e-04
7.877389959998628384e-04
5.009792066123908540e-04
2.112820550930581546e-04
4.061790554975213481e-04
2.410873251473971159e-04
6.419833594219065669e-04
7.626788778128375332e-04
3.449754135124520594e-04
3.866153057169086950e-04
6.397077796553839743e-04
7.375819199716424426e-04
6.044905634961151740e-04
2.350241349009648748e-04
3.743853065221210813e-04
4.629148744214638188e-04
3.053142438204752007e-03
4.413027236376331299e-04
1.112106737496796781e-03
4.818761226765507812e-04
1.133880826847938079e-03
2.861343507442157979e-04
3.833645141766622638e-04
1.715408048658729687e-03
5.039205751946216824e-04
2.174167643656983468e-04
1.621117003041566825e-03
3.914407500931509553e-04
8.034239659649482701e-04
6.087456656324304136e-04
4.627437343120035618e-04
4.112010726144425441e-04
6.864616174516810108e-04
9.234615462426608995e-04
1.118320866335429297e-03
1.461112575415801466e-03
1.691574449164778230e-03
3.371774217805255727e-04
3.738568894374771673e-04
2.376629537396081522e-04
5.304089801879442734e-04
4.284961708975616713e-04
1.140788753392750531e-03
9.050248929157118970e-04
3.946915145920422288e-04
2.516627747458525860e-04
1.290381104824097919e-03
5.401822231759145429e-04
3.894956004360545653e-04
5.487988351023753535e-04
2.752973610537008025e-04
7.729328470629106369e-04
4.080527457766310994e-04
1.051838409898180537e-03
2.853088835280802142e-03
5.039820643279173829e-04
9.267788670958002810e-04
3.811199945941341240e-04
2.324648847049683338e-03
1.331191368524193381e-03
3.346554327203807408e-04
1.271326803825201203e-03
3.955293672695136707e-04
9.528355770450586213e-04
3.468027024692172939e-04
5.357525284806499916e-04
1.034683028541860499e-02
2.744485399067886008e-04
2.754747086973961551e-03
3.114704703376902119e-03
1.489754315850608235e-04
4.392965377496802783e-04
7.116870708291364112e-04
1.439905903052303079e-03
1.765177116979617118e-03
1.033246132029652002e-03
4.601007483485526303e-04
6.941649067663071583e-04
2.876267061193423327e-04
4.853569094715203848e-04
3.095268245184377553e-04
9.743534334887989611e-04
1.315830118027585573e-03
6.562243382575489890e-04
8.730256402819970563e-04
3.918314134580476210e-04
1.249212935220215485e-03
5.928135966857961273e-04
4.100787591118251838e-04
4.101923112129837474e-04
3.106412382591149752e-04
4.558685477045191690e-04
2.570777685776730759e-03
1.042943062468138036e-03
4.932510179593242380e-04
3.365291583986741849e-04
7.093835693420225911e-04
1.768964323220641698e-03
1.909404747428755840e-04
1.528892087113211621e-03
2.768573684938045168e-04
6.471650501662650238e-04
5.312367694020211873e-04
4.691937682299538457e-04
3.202136685703078044e-04
2.136644466011697156e-03
3.106045261022366143e-04
7.179383060094326335e-04
2.301892497626529437e-04
2.914669789190068271e-04
6.353392342805701601e-04
5.588163879921175144e-03
2.707594589729135225e-04
4.358472721526597863e-04
1.487914457710618442e-03
1.729451260580593466e-03
2.110978816383737855e-04
6.460767502362848658e-04
5.039205751946216824e-04
3.282527589832928412e-04
1.161556516225293635e-03
2.253949936398583990e-04
9.780909822451634966e-04
3.711144429486278344e-04
4.802914522425248277e-04
1.057243537296637765e-03
8.853078172061834734e-04
1.916597787972469365e-04
1.365019013983398291e-03
5.013235046822890400e-04
4.063803709438900476e-04
8.942304281562723535e-04
3.884945531432372934e-04
9.832553727143432658e-04
5.987645534789220927e-04
2.130388693341346996e-03
3.615663536277716108e-04
8.075821248786750487e-04
3.566505339875637162e-04
7.344672812747919102e-04
3.651239283736781383e-04
3.622397951743070279e-04
9.271559816585636096e-04
8.404982126944904536e-04
2.289641689647200704e-03
8.979522230346607655e-04
2.218406231451058592e-04
9.221111375000649174e-03
1.531120290877348864e-03
8.696912477161193589e-03
1.686678718685024464e-04
1.007822026337592061e-03
5.218779689669084641e-04
9.073323755543482054e-04
2.773413789205862192e-04
2.783854314733603431e-03
8.413892751658199297e-04
1.501308088426468431e-03
7.323611958151806430e-04
4.328181056910592730e-04
7.044849195881610574e-04
1.596268925636118614e-03
7.411970963233644035e-04
1.174450082269185881e-03
4.659887519285309124e-04
3.639453655106006944e-04
1.426009812571013514e-03
3.882001499236716795e-04
3.340024488618815470e-04
7.434286397856212621e-04
4.236025668284979038e-04
4.707304642517100876e-04
6.274238478566364612e-04
6.660423031225418686e-04
7.643756692706657691e-04
4.532623523037851692e-04
5.778039872816536715e-04
9.004810077061952333e-04
2.300181434845794076e-04
2.248577373568093644e-04
7.989642220929727996e-04
6.063666506737666042e-04
2.055388079639226644e-03
5.856948311710687052e-04
1.221266322604854871e-03
1.411680259947730885e-03
1.250620322672032787e-03
1.111466874475256286e-03
1.645181587855490749e-03
1.755951826322477193e-04
4.479069873982779179e-04
1.794506301452704886e-04
8.523333761635629039e-04
1.946635780588776505e-04
1.534799034444082671e-03
1.032991089941005629e-03
7.865083224558112917e-04
5.370085513743231035e-04
5.665809871650712712e-04
2.544122734391275988e-04
7.892156468561443983e-04
1.236923522109342755e-03
1.008250497130013185e-03
4.695760131638194047e-04
1.639702254759620344e-03
4.992579779269282593e-04
8.696912477161193589e-03
7.645693783669648119e-04
7.396029155458008590e-04
1.459720933376065311e-03
4.798634326071247883e-04
6.601807312030542798e-04
3.813961595578445763e-04
3.612145242773185435e-03
7.172633147980498171e-04
8.228400579653372040e-04
7.304474754653695039e-04
1.489761945991332180e-03
2.981062615751521312e-04
3.376801484630155147e-04
5.865818495387465064e-04
4.584356225257081585e-04
5.829787886837149626e-04
4.863109282455319233e-04
7.418521946592764212e-04
1.025830757222935107e-03
9.611681179344303255e-04
6.017017762069513118e-04
1.462163048532482551e-03
4.663033087690219040e-04
3.124888295380984032e-04
6.794458728468418798e-04
2.717019815838439436e-04
9.093625986979833728e-04
3.420446935697955696e-04
4.872723800110874501e-04
2.674577816591039501e-04
3.365461617902624613e-04
1.276572126211725873e-03
6.282886836021896789e-04
1.123658760058405653e-04
1.714357564758116261e-03
3.479516990607737972e-03
5.786445844684890262e-04
3.767634576123498258e-04
7.169458487464279309e-04
5.357525284806499916e-04
1.245557114553854684e-03
5.715635073711343396e-04
9.422296665956358345e-04
5.157900907386280031e-04
3.802898678578437667e-04
2.947761869117469964e-04
2.526025365022908269e-04
8.009695870470127889e-04
6.216684864998754580e-04
2.323534983328736400e-04
8.602685784884017911e-04
4.489700961666893910e-04
3.809510120696480481e-04
6.870256556755599238e-04
2.423941312904001253e-04
3.053744233352461107e-04
1.192357479316682247e-04
1.584276737176296265e-03
3.561473429444485185e-04
1.135944648160379161e-03
1.140997398921671235e-03
4.836193793682233241e-04
1.234359813824161900e-03
2.361724715057099519e-04
6.729684399507920769e-04
5.199850584786906834e-04
3.882815067449162539e-03
4.046083820935883089e-04
6.569058206943384970e-04
3.744574356893174815e-03
4.088117519371219696e-04
1.398096574202518797e-04
5.162655647326386005e-04
3.711648206204853548e-04
3.002283922250607385e-04
7.749945106702576950e-04
9.264431384810900864e-04
6.042025440007316953e-04
2.531017396241297792e-04
1.007428718850680686e-03
1.458694654739586078e-03
1.113257880922101416e-03
1.155918894180417780e-03
1.143686753656508390e-03
7.867331942653272040e-04
2.218603986303819848e-03
4.025984282220744959e-04
2.362438743376502352e-04
2.538140254381328212e-04
6.017183180613375768e-04
2.794996719263655692e-03
1.186280714098208143e-03
6.952953091369717346e-04
4.640741102516417757e-04
7.412559745625684664e-04
1.002817016450179791e-03
3.385463037016836550e-04
1.031086869998488033e-03
7.691223481291454243e-04
3.043228666299269917e-04
3.281165568917781216e-04
4.411487512736192440e-03
1.129158885034242188e-03
5.996198951284553193e-04
1.056007058003601354e-03
3.354154525844007043e-03
2.808317926556222217e-03
5.630944967222985872e-04
2.258623488896758711e-04
4.927683817387839031e-04
7.052317631680677604e-04
1.066055244232406865e-03
1.193257906034465203e-03
1.101499139325145963e-03
2.843223819802580179e-03
6.389740344076562904e-03
1.610417475712155920e-03
3.602714674078552658e-04
2.537516222679290882e-03
2.077913565892213106e-03
2.187805712153862597e-04
9.155873125293491213e-04
5.291815715571040416e-04
9.918192724550265425e-04
6.187001794707525180e-04
1.794701838531817008e-03
3.937554288907506870e-04
2.432029797863842751e-03
6.840097654654181186e-04
3.753338319543991363e-04
3.836376412189356280e-04
5.033651428859883901e-04
4.561393273131573089e-04
1.956035458087599602e-03
7.729206698354522615e-04
5.822830046405869141e-04
3.379083186086101346e-04
1.538981530490516562e-03
3.936849495800987908e-04
3.000151190747006136e-04
7.065598869524103301e-04
2.340276832171692741e-03
5.717502984544116764e-04
7.929950825857866314e-04
7.230832982614766218e-04
5.666253667074828103e-04
9.211669292872522478e-04
1.035403714891488299e-03
5.074347332610245655e-04
8.243951852929007167e-04
3.901961937677666864e-04
2.671761330432489891e-04
6.645138779186261823e-04
2.081508984434033782e-04
4.812172633378967198e-04
2.158782452131763384e-04
5.234597797431656419e-04
1.261884061678123989e-03
1.214914190545817937e-03
7.224183482278102560e-04
3.828577293888528747e-04
3.060809855946886233e-04
9.948926285072334959e-04
3.746745219172353120e-02
2.320696201792665065e-04
6.888208598024417361e-04
7.743025537681170155e-04
1.738881917116177770e-03
2.989235740273715725e-04
3.930825880345010853e-04
8.696912477161193589e-03
1.239192069433585038e-03
8.359741567256483716e-04
3.592867182156648945e-04
1.115895249687313354e-03
9.639459790193594113e-04
4.192388265154851218e-04
4.934668359385506074e-04
5.801230211980011337e-04
5.033651428859883901e-04
3.156654282651873860e-04
1.554869900673803290e-03
1.260778072456800701e-03
6.926389660363524523e-04
8.147634678238385112e-04
2.681599399662977414e-04
4.263463163753141577e-04
2.531603396923640765e-04
6.853726485583358985e-04
4.331901917991579001e-04
9.352590820109107830e-04
2.703132202951585242e-04
5.276371787475728041e-04
7.339776117139860208e-04
3.917235479111040911e-04
2.320696201792665065e-04
4.621310785257515589e-04
2.021719535973734959e-03
2.461952015045332492e-03
5.424686345729592268e-04
2.340276832171692741e-03
2.940661766381724588e-04
4.956154446940110297e-04
1.098288106326821261e-03
4.508920549872989401e-04
1.526582823958259330e-03
1.352259014631825452e-03
2.817545286052770630e-04
2.214019970812481633e-04
1.486253075035328958e-03
4.774257918900826590e-04
9.948926285072334959e-04
1.302525928036787082e-03
5.411382762196688097e-04
6.009827923178328842e-04
3.733842862314259189e-04
3.451509753334866776e-04
3.624201036113085684e-03
2.623680675359973762e-04
3.953300553209181459e-04
3.485318118904377066e-03
7.282377057872838283e-04
5.503108871533951606e-04
3.348392490770920379e-04
5.670542454697316678e-04
3.883914653801897633e-04
7.610767948375930575e-04
7.154587010906991468e-04
3.865216025195186743e-04
2.017853451390618467e-03
3.294882558413004701e-04
3.856283328332941302e-04
7.441575810679072886e-04
6.599292375389461578e-04
7.844709458082047612e-04
2.697218866635086752e-04
6.693424579021966993e-04
8.332649544719316227e-04
4.358868581010883077e-04
5.694472453068305648e-04
1.341234201108263248e-03
1.344772218472617973e-03
2.479854594495621220e-03
5.916737872670814122e-04
1.367864516935414282e-03
8.826438225158117663e-04
7.848748995174714346e-04
1.902864255170978085e-03
1.985544699706398401e-03
2.724302392790404863e-03
6.719129273290312589e-04
1.940649620403234231e-03
8.860402961228431998e-04
4.765976643355051634e-04
5.296357810688928115e-04
1.705069700497423117e-03
5.170158157154365044e-04
2.146949700406769902e-04
6.192616749605992042e-04
4.845566611578353759e-04
5.133548824979959494e-04
4.208358858073515604e-04
1.283238519997735539e-03
1.230087174296309524e-03
3.467360948174040645e-03
3.582406900201169577e-04
2.516627747458525860e-04
7.601012841300315744e-04
8.750707767082783507e-04
2.404619057560151128e-04
9.443819853461801880e-04
3.906413618066613479e-04
1.057017078261061199e-02
7.687219122337880621e-04
3.869195772526829369e-04
5.498262738173375144e-04
4.301565255170899742e-04
5.305546374387995825e-04
6.864750755470300876e-04
1.776299448774857834e-03
6.046651723114768260e-04
4.773099015370253512e-04
2.763310238559799569e-04
8.079328343811185888e-04
3.956180915020009420e-04
1.692138866879991117e-03
4.489302213419469950e-04
3.551018650619128421e-03
5.998262329547245260e-03
1.909404747428755840e-04
8.570752092949626352e-03
7.956898492926151078e-04
8.713003664646907153e-04
6.694636320643141065e-04
2.681424173828335583e-04
3.619055444672588068e-04
4.112807067971870545e-04
2.462736984201341502e-04
3.478252825062794489e-04
4.068048490348046779e-04
2.974390670389044124e-03
4.541254492378583862e-04
4.829215784787804278e-04
4.889732228845217882e-04
