2.188130332244885186e-03
1.647335749997271091e-03
4.118211197875394657e-04
5.630224819742031062e-04
1.402504724822187026e-03
4.569811840357350776e-04
1.639765667814418407e-03
1.316273106598123089e-03
3.213456524645289729e-04
1.483249303034225603e-03
1.539362249285716158e-04
3.405811085864349935e-04
2.471721970584265377e-03
1.557080328332359530e-03
6.235968552452883507e-04
6.719725185633800175e-04
1.717421773859173582e-03
5.066335726044943503e-04
3.912767194833740550e-04
1.277888078425418747e-03
3.407441004178552672e-04
2.857686165663047314e-04
1.033808479828315528e-03
1.609710378289995339e-03
2.719988175415349245e-04
5.362060478443051326e-04
8.681839954601657059e-04
8.813966651948205609e-04
2.736037715021836744e-04
8.385155602852206345e-04
2.870562009855281852e-04
9.295802098753881736e-04
5.766717747260030310e-04
3.049539830316272751e-03
7.551242587277167979e-04
8.622575975069295216e-04
4.358979515975500846e-04
1.403029791968845837e-03
5.082266176072493822e-04
6.006245451824784951e-04
1.380722581594263877e-03
4.340682246671076364e-04
5.590549105815745701e-04
1.235270399646525843e-03
4.767772318644105983e-04
5.959630969902140639e-04
6.944348201266413619e-04
5.670339297098315719e-04
7.153075175071910586e-04
7.575368015515730052e-04
5.316216565168215089e-04
3.970312738143514015e-04
4.994410067910506771e-04
2.357689917329325346e-04
5.194919457957728262e-04
1.932955646581342268e-04
5.642702888596085042e-04
5.723941992380421296e-04
5.206502275572914319e-03
3.735159434811480706e-04
1.507681033995440659e-03
2.861755459506900418e-04
2.297515544386392221e-04
1.045926263165230683e-03
4.331900091142430157e-04
5.074058294781591712e-04
1.025123426574079408e-03
5.086414936227222306e-04
5.999135982080782206e-04
6.362846884822641281e-04
9.697048792891918567e-04
2.527775638634094293e-03
1.248446905660003216e-03
9.017388759401408606e-04
4.853121946575351584e-04
6.026053418131977358e-04
2.993087243032297264e-04
5.506770964858924769e-04
8.930226865040760686e-04
7.391972282545017023e-04
1.032410813825303687e-03
9.412419397895597541e-04
5.243265801326680133e-04
3.988541137903493490e-04
5.718512495589686074e-04
2.456855845053823443e-04
5.081925421301165986e-04
6.346330244638658359e-04
1.415345934632188845e-03
1.377676733317420446e-04
5.282621559564617663e-04
1.485609219403792591e-03
2.449151213723603157e-03
2.608779010550438867e-03
2.403034006627790024e-04
1.031898923699897230e-03
1.713661942645671376e-03
1.686405944174549721e-03
2.017665136682621468e-03
1.226690826496191697e-03
7.616524342870853838e-04
3.474253212400317016e-03
1.367458878348732938e-03
5.454032003498214456e-04
8.727416496993738474e-04
5.089100697536525116e-04
2.038871890558923306e-03
7.970842422695236570e-04
9.582272561731416992e-04
1.415528094796949686e-03
9.228686505243249199e-04
2.757194885696613845e-03
7.556908777684542182e-04
8.390062548901978121e-04
2.183035253589701592e-03
1.490975800491277066e-03
4.937264360851832158e-03
1.141357457547392948e-03
9.965532028851143732e-04
3.828167475156784411e-04
2.907060026868663050e-04
4.910064354760534325e-04
4.993919471262133576e-04
1.287633678295101993e-03
3.295549958249628241e-04
7.419552923354980414e-03
8.603787888083302537e-04
8.316748307092617070e-04
3.190893595357226394e-04
1.538150689906510023e-03
1.249181499286901569e-03
5.621300371336351289e-04
8.911544809508301730e-04
2.273392744003522800e-03
4.995524296910411072e-04
1.024047649301652310e-03
5.384337661282952983e-04
4.440630531271550397e-04
3.685381689972566329e-04
6.284483203940100264e-04
1.197839140346677010e-03
5.668189974989161148e-04
4.692385643650853950e-04
4.810787226440344736e-04
4.436648228313636727e-03
1.126814037132037533e-03
1.749358090872265778e-03
5.773501896961593001e-04
2.796449802322077162e-03
4.679504502183926950e-04
4.386503474051726731e-04
7.025393942178954866e-04
4.466602998533112170e-04
4.859956557359108539e-04
5.170198367713767619e-04
1.618002910639657326e-03
1.398190772748885606e-03
7.678564922673893154e-04
7.354093946082265396e-04
4.195793623291651001e-04
4.354140812015900100e-04
7.816566595748706712e-04
8.001944546707410013e-04
6.577789826485151052e-04
9.962144831850506047e-04
3.794786050399268171e-03
9.514948990286167807e-03
5.108485822426933479e-04
5.171979381314858537e-04
9.815400796123632896e-04
4.875296796738010194e-04
1.959852380828607573e-03
7.540395311638860634e-04
1.093569906278292177e-03
3.757085382400039328e-04
8.476413744983691623e-04
4.534325094389811579e-04
1.473643197488491881e-03
3.591113562338316156e-04
3.244951779452810280e-03
8.779813753251651618e-04
1.537949524988251699e-03
1.293817533529147785e-03
1.255697719609387549e-03
6.227537351192713152e-04
1.074574702667595132e-03
3.750307089426768541e-04
8.758677570275373451e-04
2.759119799331507649e-03
1.552490782768364353e-03
5.490569401370341092e-04
1.571993979083832760e-02
6.660041001455554652e-04
8.762148413421053019e-04
1.926202412041646151e-04
1.845227122934303536e-04
1.027728287921939650e-03
1.649690394058146888e-03
2.044238544865218353e-03
5.864592121243267881e-04
8.338884686591454230e-04
1.083009794139036010e-03
3.937895776076726496e-04
1.075971452129883231e-03
9.010349940229091595e-03
5.455333463375822665e-04
3.977626141366075803e-04
5.811772417767460805e-04
8.395349529709269587e-04
7.316448126586486437e-04
6.966390706852707698e-04
2.944839039875509455e-03
3.333367404998507227e-03
2.957377559699756017e-04
1.092983127131998567e-03
5.333549439242857293e-04
3.453324907353130151e-04
9.794742409924125839e-04
3.650864920776028750e-04
7.921694766729759501e-04
8.430567785008857319e-04
1.584236646318771006e-03
4.361423980784487711e-04
2.920173153619059613e-04
9.648925202317554239e-04
1.331579305534714335e-03
6.410843232928743404e-04
6.214864210594363194e-04
8.152705897284536710e-04
9.367686171155678891e-04
3.027585204714150209e-04
5.750550796086276216e-04
1.077856835827398696e-03
2.599364725939619022e-04
4.758845780286825216e-04
6.391631052946655572e-04
6.530982619993367906e-04
2.415007447881199407e-03
3.085407535466234800e-04
2.991682908041926221e-04
1.232940880192760118e-03
5.099911670172140813e-04
1.501824364215899538e-03
1.912769252762843190e-04
6.922722424723391516e-04
9.715030963922594888e-04
1.689140930807833587e-04
3.429837272111113623e-04
9.794742409924125839e-04
4.800539181113917960e-04
3.978892918970086375e-04
7.437977910555188671e-04
2.561906837631899685e-03
2.590111906067805395e-04
5.082266176072493822e-04
3.570455217971158857e-04
4.470813216915155998e-04
6.325316915739471763e-04
1.480074892645772680e-03
3.482761815050657082e-04
5.140719805456270448e-03
3.382528406712233216e-04
1.465615356801378997e-03
2.507968553582934877e-03
1.877619112881301821e-03
8.605075555292274843e-04
2.232805679629501494e-02
4.082538686547996978e-04
1.945017980059515587e-03
7.370664706972654325e-04
7.247324246521575806e-04
3.670926227469702174e-04
1.160823117758013907e-03
2.972526702901098945e-04
1.222020448316081184e-03
3.742223851308495845e-04
3.383681804409219393e-04
1.110809047077469022e-03
3.536889460770279770e-04
6.164587603477908722e-04
5.198349006719246799e-04
2.888051442117693136e-03
1.380722581594263877e-03
3.436061184993693778e-04
2.908035915652658625e-04
9.884634132635379457e-04
1.074527318699268832e-03
1.624773589956966238e-03
6.906224339249911019e-04
2.127939112845022521e-04
2.247252785670905922e-04
9.636371063475760801e-04
4.316417435624993887e-03
3.605414389049719018e-03
2.038871890558923306e-03
6.038079676230792732e-03
8.453138857833938881e-04
5.015800197088374863e-04
6.865346415914297612e-04
3.429030631108261691e-04
3.779160375076841380e-04
9.089783366659776043e-04
8.151921520669301851e-04
1.244813471767906637e-03
8.001944546707410013e-04
1.146782965354054776e-03
1.458440335561141891e-03
4.519028081919721786e-04
3.788073641101186227e-04
3.632499793872740303e-04
5.593768479907970399e-04
4.845775357879088100e-04
5.792316447374779628e-04
5.078529067811896752e-04
1.478998706156054235e-03
5.919034847714449519e-04
4.789440805000236127e-04
1.642037468919346115e-03
1.666610601509168005e-03
6.645020815310688717e-04
5.995315437581023909e-04
8.004376591012370016e-04
1.114232405856316810e-03
5.208730040862472217e-04
2.828587635897995530e-04
1.403697647921137940e-03
5.116246328977332647e-04
2.533829461737254905e-04
4.001949720103509895e-04
1.569496309352454112e-03
1.087364071756421070e-03
8.345966809937948325e-04
9.463281555453472967e-04
1.773240039550582139e-03
2.526173858196451450e-03
3.184404186496193325e-04
4.315769286626494139e-04
4.078397541348473525e-04
1.163856495048900316e-03
4.229678790330308855e-04
1.331510475224616978e-03
1.667701871302536580e-03
6.023673232713850582e-04
1.615319816998731298e-03
3.386701009999360705e-04
4.810787226440344736e-04
4.179878656581219884e-04
4.948858811229138108e-04
4.746955849703405803e-04
1.569496309352454112e-03
5.166020659206405942e-04
4.421906312456169957e-04
3.201995424120137029e-04
3.331248223124555052e-04
3.951787862157917874e-04
2.682355621854805913e-04
2.444326600561621187e-04
9.936411325624817936e-04
3.087155603729822167e-04
8.050896573410464387e-04
1.639344490967216579e-03
1.230750636568157634e-03
4.631047093233155144e-04
4.834366144692224228e-04
4.599047530922673868e-04
4.810787226440344736e-04
8.152198560022564386e-04
6.902164539195635102e-04
2.974424270228724957e-04
5.665963546593161780e-04
8.280363309824504163e-04
3.587783922597319384e-04
9.913384023113600355e-04
4.412966441048687635e-04
4.573992957580174041e-04
4.069465350640682371e-04
1.347632810512788045e-03
3.080262272831104991e-04
1.166536160398334290e-03
2.682355621854805913e-04
7.737969909380697621e-04
2.640853544538365109e-04
5.900618350418648794e-04
7.643944800191220532e-04
6.243279796051548480e-04
4.372237291944105673e-04
2.274821252523896113e-04
6.391544367189682394e-04
3.465798287436095727e-03
2.759589499621696129e-04
2.185827663850249019e-04
3.986108552527322757e-04
1.149399458295488315e-03
2.923508598317938606e-03
1.038194330198655407e-03
1.358641690182444241e-03
1.162955182546490966e-03
1.081777998298344076e-03
3.133332029455743032e-04
1.642037468919346115e-03
5.360673080681189638e-04
1.159170314923950148e-03
6.875767279974498306e-04
1.647181063832372713e-03
3.731422995583018559e-04
6.162135013175240638e-04
2.774803605740966015e-04
4.926310840426503281e-04
1.221024530642122498e-03
1.746430552052969081e-03
1.253733371767764291e-03
6.516206591677189963e-04
4.083366682815665612e-04
5.071867218123491143e-04
2.103594782958082021e-04
2.943612038965946753e-03
9.092544343089628903e-04
2.595000102373921490e-03
3.202758388004882883e-04
4.735750459564996785e-04
1.404273932524236369e-03
8.845988410771087876e-04
1.541321824171957688e-03
4.825909168832232345e-04
5.878201812370209079e-04
1.199908818028025273e-03
6.831621649691853012e-04
4.862637309215051408e-04
2.336138635097875955e-03
6.871888815092500697e-04
8.074317432213459593e-04
1.097391615159909852e-03
1.207635811619519944e-03
3.414039991518581871e-03
9.612475219714647834e-04
5.973676044497211934e-04
9.153170071805887160e-04
8.885154883932299243e-04
2.145416856578425465e-04
3.972818611117306747e-04
6.803457047140809870e-04
3.136426555060831058e-04
6.419167557615577989e-04
5.646684747304108474e-04
2.689403963801603671e-04
2.318209619628947438e-03
1.346676250837551677e-03
1.541179657032102279e-03
8.184462798268122381e-04
1.649441295326655897e-03
4.313892544983216268e-03
7.592584873483942389e-04
1.422349141038487799e-03
5.815874784899840175e-04
6.176913676345176284e-04
5.675697930315589052e-04
8.090154610493179238e-04
1.360522529489926482e-04
2.920785731377243777e-04
3.372644557195382119e-04
1.341674746414036863e-03
6.248809602568648758e-04
3.199085292180256501e-03
4.995524296910411072e-04
2.774803605740966015e-04
7.206292082365922235e-04
1.734576795661111638e-04
1.489883737596373525e-03
4.101171964201868548e-04
3.876454711361651214e-04
1.788560522872031065e-03
1.585275719951851530e-03
4.737074928644186803e-04
2.356638130782618551e-03
1.894417085134634388e-03
5.284885973089355204e-04
1.800126516981834929e-03
8.215203298964977689e-04
3.462972563576495726e-03
1.695296449516165609e-03
1.515912845189123018e-03
8.449749900771439315e-04
9.475413572704379384e-04
2.227586918935284298e-04
5.464026868353331597e-04
7.787812763987230109e-04
2.069126215439860250e-04
5.055445410509988406e-04
7.769744923101273891e-04
4.129660775495547394e-04
8.235568207473819777e-04
5.376816383814428998e-04
5.454032003498214456e-04
1.407978143664209052e-03
7.174970719648520378e-04
5.897409859052707816e-04
4.416971071379068459e-04
6.768243180932912058e-04
5.164889787001177533e-04
8.719536211121289241e-04
3.813681819338324589e-04
7.999751882107977198e-04
4.330854349689581954e-04
6.291205915742103475e-04
1.195753427696727997e-03
3.774000677678972628e-04
4.386963619385919198e-04
1.427074675149594182e-03
5.088748304342405587e-04
4.532189409800777349e-04
5.924687316231290165e-04
3.926787006162215429e-04
6.148222002415996718e-04
5.580991971758675904e-04
1.038194330198655407e-03
1.399100592381569272e-03
3.456439381383364078e-04
1.076160633146659934e-03
5.145125179570370251e-04
4.168518361480037381e-04
3.773399171256171226e-04
3.348853299982052379e-03
4.519302547715812915e-04
6.523606933927366151e-04
2.535517673096345306e-03
6.340099705149725802e-04
2.582471621523645296e-04
9.287302452373961525e-04
6.224268510662642629e-04
2.313220417360401394e-03
1.099349878642915702e-03
3.506870855475447682e-04
3.323039063603678818e-04
6.610322043973201238e-04
2.705162073417525419e-04
3.182663598725065691e-04
2.307385250615152233e-03
6.637885382522524559e-04
3.746953830609296319e-04
7.684061532833948898e-04
5.786416950989729194e-04
2.221392215424684206e-04
5.448573700078975218e-04
2.468929693233476289e-04
1.480074892645772680e-03
2.319911499109192040e-04
6.759105115561033026e-04
3.753111049025973766e-04
3.148845188868530025e-04
3.771547332631022646e-03
4.960788920399953131e-04
8.577754038701824882e-04
1.246027584170276850e-03
2.650745866576506983e-04
9.693899271041295489e-04
3.056365083175304549e-04
6.626151121349175329e-04
4.435022405409336037e-04
4.414308726753589309e-04
3.332580092588739002e-04
2.478130947206895105e-04
6.409706132402606931e-04
1.202790163079943886e-03
8.590485637911436049e-04
5.814582563663006675e-04
6.248594087158724142e-04
1.639765667814418407e-03
1.143669911250997338e-03
5.899784512386716537e-04
7.081291899805829647e-04
1.950567027299610382e-04
7.735856567454711848e-04
3.185194615627374840e-04
5.888490271801525644e-04
1.840473218651858794e-04
6.453959242562432594e-04
3.743147873545627814e-04
5.097000780354696628e-04
3.883984840438303309e-04
4.344801943439332431e-03
6.543319203195679164e-04
1.234265298728309031e-03
6.493774556560737718e-04
9.117480857491836723e-04
4.507762176126502932e-04
3.957706287006341290e-04
1.361028964149935908e-03
5.967878900040715162e-04
3.470133278525886844e-04
7.394346732964281275e-04
2.451355247870414629e-04
2.735105929043033738e-04
7.246557653303566451e-04
1.099789100821616135e-03
4.718553740834035507e-04
1.123057533629209619e-03
1.027403909239012940e-03
9.156556299429575259e-04
3.267619395435552719e-04
6.735095869750607660e-04
1.086772531463071423e-03
6.705816558134282575e-04
6.577821658972743098e-04
3.360950524666731637e-04
9.305474665619139878e-04
4.541106860268962343e-04
9.794742409924125839e-04
7.794069847187449791e-04
4.370286640029868216e-04
4.357928118152658401e-04
3.519326361824889633e-04
8.764186505589680347e-04
1.051712126104005929e-03
5.656903335362383281e-04
4.758513203957509541e-04
1.178024665263897527e-03
2.037461037191944037e-04
8.248298449993378759e-04
1.295554962430314457e-03
7.456538470116432079e-04
6.320816263729415194e-04
1.618959960838052027e-03
3.889896448529708926e-04
1.241306035666684413e-03
4.249440142822478723e-04
1.891440968698653068e-03
8.725632193311910409e-04
9.145313917722499523e-04
3.789801188894818709e-04
7.416280433697174665e-04
5.205247549521129424e-04
6.139475123775270122e-04
3.131382398596844921e-04
6.229578729558131510e-04
7.251497449013454867e-04
6.185060545412856626e-04
6.922233672204510446e-04
6.082798759948956349e-04
7.981145993395976409e-04
2.469461737409096511e-03
8.304459389345216803e-04
9.943074134407723329e-04
1.198397866137716154e-03
7.365863008538736179e-04
5.192564073844018781e-04
3.421160095572501757e-04
1.703512919172342314e-03
5.408507431079835137e-04
6.466403786245441274e-04
6.653619827201398898e-03
4.396637980127826128e-04
6.071013772614456891e-04
7.944575040062543071e-04
2.569140833448398109e-03
6.717583905323751573e-04
7.001482630244050369e-04
3.840277179725479521e-04
4.624071149942132275e-04
4.220572233690715450e-04
1.675255162226808002e-03
1.501824364215899538e-03
3.867361697327762740e-04
4.917653578468572000e-04
5.454032003498214456e-04
3.043974685054788142e-03
3.825701130401512867e-04
1.277471670499348609e-03
8.840876660268544166e-04
7.152622354189934733e-04
4.123390746176164583e-04
2.403216281359565106e-03
2.406991479100320432e-03
2.762474870106357305e-04
1.034462674666726881e-03
2.348717088909203516e-03
2.088947297731173660e-04
5.592838021608638206e-04
2.115206528113860649e-04
2.993252355519038536e-04
2.658504254190011172e-04
1.069541477313409525e-03
6.404506975779268281e-04
6.476074205260234223e-04
5.033227544974059079e-04
9.851765319426933863e-04
5.390419833617469351e-04
1.624013191255885584e-03
5.995057904410343091e-04
2.928279492769021546e-04
1.046551753615342388e-03
8.126217391578375009e-04
1.039874917379622014e-03
2.472918179462269320e-04
1.162421646653077293e-03
1.481012256509218409e-04
5.217661871504932413e-04
1.672318015031669164e-03
4.157700682267979485e-04
4.567313931207934476e-04
5.320188062195272153e-04
4.223936003074812615e-04
5.812901352041008850e-04
2.179366735616066614e-03
1.775647134542905669e-03
2.780245150889433742e-04
8.629750364083761888e-04
2.983031661123691737e-04
2.378742136006842115e-04
1.561874146908491436e-03
5.957181467152483124e-04
7.840519067698299227e-04
8.277474264221395574e-04
7.381335872234243752e-04
2.436626488510304587e-03
1.917390499839961458e-03
4.198147841268711432e-04
5.354745844054229018e-04
1.223544863626342119e-03
3.872276128705007931e-04
1.326396553109190912e-03
6.813158550287185542e-04
1.649083582280535447e-04
4.372237291944105673e-04
8.536401204875849677e-03
5.329260733893847113e-04
3.407243812161083081e-04
2.940353327792057754e-04
1.378691169288557596e-03
7.056696726594831499e-04
4.587960414613242045e-04
1.419388344350819070e-03
1.245981219850031147e-03
4.173694518194742036e-04
6.434832584081205632e-04
6.138215647564696344e-04
7.106440820388166798e-04
2.212944369796547171e-04
5.454032003498214456e-04
1.714509179377304859e-04
4.412100753801358752e-04
1.178278477855791229e-03
6.227603715962386774e-04
4.729530324208752528e-04
3.377779287364245596e-04
8.642327651144313810e-04
1.353316294500190968e-03
4.701080382904630371e-04
3.361378617531403335e-04
5.746654739814278110e-04
1.441797179139501280e-03
1.223863830314719054e-03
6.852217326746380460e-04
2.733113809659406916e-04
7.551727965576895182e-04
5.991664452877397753e-04
3.462416656652748080e-04
3.346918745052436897e-04
4.004249387056049193e-04
7.085264695650930929e-04
2.069587011497831235e-03
1.066137661557532701e-03
6.651671323341176592e-04
5.019972058132674822e-04
3.474485503551943445e-04
7.416864461177095870e-04
5.454032003498214456e-04
1.909722372668656062e-04
2.759589499621696129e-04
4.540851250302387803e-04
4.347625532396008825e-04
2.722075899064774467e-03
1.145072735524001314e-03
4.486447592373911603e-04
1.006828776669128076e-03
1.052942028805200266e-03
5.400056936969790684e-04
3.917574957081120467e-04
1.137080412560934582e-03
2.841565124958948460e-03
6.387034933671238614e-04
5.868555773241275822e-04
5.575654865095229810e-04
2.358823400688444139e-03
8.279100553854209198e-04
5.711835742934422925e-04
1.319886333018828158e-03
1.476687061249341718e-03
5.621458523650435697e-04
3.591520133680547165e-04
2.543342654452013501e-04
7.663921691142340812e-04
5.697414027699851348e-04
8.633857664894344650e-04
2.959529778430929439e-04
8.375645686185938937e-04
1.534822260499835167e-03
7.579424282154071995e-04
6.503393059856296243e-04
4.644466307885309784e-04
3.347591223026931580e-04
3.044077990991642547e-04
2.681697211058957668e-04
1.871715457405821259e-03
6.813158550287185542e-04
4.332132444521210354e-04
4.997811150545715874e-04
2.774251996650595317e-04
7.116132098186866680e-04
5.723606521533896154e-04
1.271768296353917825e-02
2.967939770670610829e-03
3.453480074940228051e-04
2.322970984842465982e-03
7.381165425457364513e-04
8.375645686185938937e-04
2.378179472729369606e-04
7.631663141955751743e-04
2.018198915962124418e-04
1.791643259203533735e-03
5.621356281377844731e-04
4.283576183089911164e-04
1.838463463511868406e-04
4.321185095315934572e-04
7.728465113917586853e-04
3.814058459009768941e-04
8.776193763511841049e-04
1.906593773752755924e-03
1.458440335561141891e-03
2.995406443671057837e-04
3.759600366872972959e-04
3.031781697501603561e-04
3.747993555648895846e-04
1.011693914185505866e-03
3.681194545971263579e-04
6.772626794115051184e-04
3.123261496705803230e-04
4.810787226440344736e-04
5.585229509844151204e-04
5.077350724943201611e-04
5.726701432239545645e-04
1.969627894953665265e-03
9.943074134407723329e-04
9.692117988690528195e-04
4.161833020589014200e-04
2.294685988762537425e-04
4.216445670726142792e-04
4.121808155688282387e-04
1.897472348259108166e-04
1.122983272479575502e-03
4.451969282899311681e-04
8.056575809319221296e-04
5.504780676188102606e-04
2.096144098839956057e-03
1.508102413423332124e-03
6.379748799808914600e-04
7.971778908405485059e-04
1.208451019678015437e-03
5.544046999978262912e-04
1.084091950954445965e-03
2.026570281783116750e-04
4.995295740218507440e-04
5.412839013287104942e-04
1.555613257440990145e-03
4.298910613476188873e-04
6.740691281346108997e-04
2.977385715436760760e-04
2.792285254690007618e-03
4.262211442418819586e-04
4.270022272951744377e-04
3.603890337025735229e-04
1.871715457405821259e-03
6.645247791247628575e-04
1.176783848044671852e-03
3.479544822974090239e-04
4.282879481789923131e-04
1.353114363462539242e-03
3.592833491656378725e-04
2.979694396835575539e-04
3.568721398971400906e-04
4.605489609905235628e-04
3.589287879365025600e-04
5.527964148285562009e-04
6.379748799808914600e-04
2.862152128954766755e-04
2.159824864853963043e-03
2.378389203451549132e-04
5.259089573106745866e-04
9.348176560222795813e-04
7.848760324754459417e-04
5.223395405614035016e-04
6.488760676284745970e-04
5.175828037308741105e-04
2.449761411818850241e-04
8.687041401835858588e-04
4.401121706941331347e-04
4.628180676937130884e-04
1.851880116320927692e-03
9.599019335724228016e-04
7.029158385867812072e-04
6.050342012958268576e-04
7.083798778951637225e-03
5.679023390825672663e-04
5.750206957346896746e-04
1.795816397491647662e-03
1.431700551382453961e-03
2.628235428431777718e-04
3.154972177968359912e-04
9.270448563428109216e-04
1.491246070860343092e-03
2.103820710233149805e-03
1.087431550152430154e-03
2.080998141536924244e-03
8.349460365589627103e-04
1.203526615788739779e-03
8.349372448505053279e-04
4.573651560429636484e-04
2.982428624320736677e-04
6.909827421727676115e-04
3.142400165164892668e-04
2.887266282443911886e-04
3.348853299982052379e-03
4.413338541660769237e-04
2.904241965333533276e-03
1.404041007931129464e-03
1.535389781947057086e-03
1.111788146819553532e-03
1.188549187055419013e-03
1.201750941067414660e-03
3.505492273918408381e-04
5.350231097349440355e-04
2.460457406586949534e-03
9.781320101565486088e-04
3.648092897379230084e-04
9.265596193293952534e-04
2.645026160016086185e-04
1.364760301928108184e-03
4.760536800944790959e-04
1.252111930128261934e-03
7.975813928810372797e-04
2.310578697079456964e-04
5.838009554724472427e-04
7.360855410956394698e-04
2.602329315880142369e-03
4.282617734072758156e-04
5.295076138579831327e-04
2.440899680949207458e-03
6.768243180932912058e-04
2.888059654384079805e-04
1.511659501634569436e-03
3.462886709208983079e-04
9.128438322997480979e-04
1.011714905059725661e-03
5.814466409281547361e-04
5.537863632776853992e-04
8.795363869751580705e-04
6.882439437220416517e-04
3.861556020848899793e-04
4.282311269334309429e-04
2.750516687967500835e-04
5.326552566275632094e-04
9.860090296334581613e-04
2.510196142918635822e-04
2.487438669235950313e-04
5.466659067002451562e-04
5.088640605004539699e-04
5.060268247238429093e-03
1.022018391887483156e-03
2.409184352274186796e-04
6.016908417122679778e-03
8.350736399082885541e-04
3.753746173207064222e-04
2.246024781049939245e-03
2.225247243613063391e-03
2.937037639947209246e-04
9.257222760221516661e-04
6.503393059856296243e-04
1.958436984773025743e-03
5.705392848281080464e-04
6.819675433680968393e-04
4.246923797197986331e-04
6.898028810091928059e-03
4.658766483989069907e-04
6.551964917336517693e-04
8.322178466649303354e-04
6.078526258832079796e-04
9.510614267678365718e-04
3.395717002532136421e-04
1.153198758131151200e-03
3.828661779901677874e-04
5.931987149747812785e-04
9.408886491110500343e-04
8.299328166249397842e-04
7.693720717862810674e-04
6.036721962634140903e-03
1.370690505668418525e-03
6.409400174723271868e-04
4.374652960669176186e-04
6.843572276832214727e-04
1.689932850255268645e-03
4.895399780042233862e-04
