7.589858213956450755e-04
4.208467123813945990e-04
1.610244399352652768e-03
4.772100452483712322e-04
1.699344398674343956e-03
5.834490894552965675e-04
5.778601446109102964e-04
3.166257128058520072e-04
5.425944135083158888e-04
4.415259174801113191e-04
1.715379285307827876e-03
6.117233924478525332e-04
4.830866899071414281e-04
6.856058279656502977e-04
7.042652550257533705e-04
7.557258565648410347e-04
9.412306449807941820e-04
5.394210790525936789e-04
1.088447140109972651e-03
3.734906908164730126e-04
1.463794655572911311e-03
5.657717117125067065e-04
1.565738145357845230e-03
7.653026139619384036e-04
7.759688216664632028e-04
1.138210130943551534e-03
8.719386373150450837e-04
3.474084024125325548e-04
4.375681534020327171e-04
7.559983495389472870e-04
5.243715770324915973e-04
6.854461256721361461e-04
7.031038434780285864e-04
4.842571724610435831e-04
3.436129125584620400e-04
6.258211487900919388e-04
4.295239434576183591e-04
9.869397097600441857e-04
6.437277867200053016e-04
1.600910296047613817e-03
3.382753756598686325e-04
8.326741626292060447e-04
9.283393464963702549e-04
8.706353286409782835e-04
1.250532627360149019e-03
1.014093162809447980e-03
7.423357647481734246e-04
2.211179242954099729e-03
2.037922948368038351e-03
4.396458840257796725e-04
2.600711619314055242e-04
1.508119028338388316e-03
7.172884345826819686e-04
9.178932014124186736e-04
1.016595168419142476e-03
8.107779370672559775e-04
5.870092923730567446e-04
4.983208527880248449e-03
9.574830975618265315e-04
6.040890318112013876e-04
3.598076546004814243e-04
7.522918749944329042e-04
6.133956226632694469e-04
9.295969434282421937e-04
4.705205791232673954e-04
7.449375223063148298e-04
6.673602040471002684e-04
7.884766303570993947e-04
3.344873344260114174e-04
4.990616188464140797e-04
4.474608788640380250e-04
9.082265899888338715e-04
2.670081825788068390e-04
4.825538073793797012e-04
6.185809945552719902e-04
9.910884248585218395e-04
6.408586515379454578e-04
9.527993113757915206e-04
3.623269350700172387e-04
1.215658454329747755e-03
1.086424316485101911e-03
7.782246835129059915e-04
2.085918217452366850e-03
3.134401535414776084e-03
5.598760174608521586e-04
5.785588519632230186e-04
1.743857837751731183e-03
8.306398367605301010e-04
7.951462010890150613e-04
6.455002535349935872e-04
1.718559492768760837e-03
4.300933699717453956e-04
7.318426081758598427e-04
3.736127229545120111e-04
5.012217619420446593e-04
6.481699502402652521e-04
6.267651707944189117e-04
1.309261361863498516e-03
1.144341031919554564e-03
7.384832147027673484e-04
5.843606223224589958e-04
1.829472365640897940e-03
9.570152599536950423e-04
6.943579774340516040e-04
4.286244095151859842e-04
4.562095457153563221e-04
4.590775404941986691e-04
1.133021157186466865e-03
1.335325208179967893e-03
4.924512600126099452e-04
4.509642881698491899e-04
5.377741905806305732e-04
1.484218748086568859e-03
3.061547172839572156e-04
1.951688898128560272e-03
1.394801658049835309e-03
6.086914670604360797e-04
8.429048600707999585e-04
1.035079970409160744e-03
8.689454615507614596e-04
4.582239161874654735e-04
5.272349958544073067e-04
1.273777341279901500e-03
9.656470798745159971e-04
1.195444009693306855e-03
8.928440277012612662e-04
1.076083358935207759e-03
4.116849330179268591e-04
1.005145871933036230e-03
1.996715365607650526e-03
1.740391040012499377e-03
5.265986519956381180e-04
9.518759989293591826e-04
3.248777514520052759e-04
7.273188285778849245e-04
1.076980179138829806e-03
1.296877239842658203e-03
9.950826243620011172e-04
3.924714472431120420e-04
9.833535364288342566e-04
1.427801914997672708e-03
6.643434039907507565e-04
6.197690385584283092e-04
4.236204060970411261e-04
5.077064427182488007e-04
7.140155409781513002e-04
7.314014205137212964e-04
5.580225907900194767e-04
5.527736503588940187e-04
3.183005512248572480e-04
2.205604320141522998e-03
7.519462948356159639e-04
9.896789990984514521e-04
4.639787893369476195e-04
6.682864682108624740e-04
1.109830370951518218e-03
1.455358468678313519e-03
5.156276574613314180e-04
3.251036436021765793e-04
7.519546674407083780e-04
1.778624460978265676e-03
2.933355185991872306e-04
5.691086468307638910e-04
9.495020261010730890e-04
4.622379455842625827e-04
6.047641790885413451e-04
9.107345971690064762e-04
9.379536879900952830e-04
4.426834832197107492e-04
9.617010533799136892e-04
1.393174421886589961e-03
9.618381048733419059e-04
6.220979426525892909e-04
1.674316480794115370e-03
5.749252203479924585e-04
2.378165294225552135e-03
6.955702810449106068e-04
7.597423184099591975e-04
4.768871611527824086e-03
6.209521012585780472e-04
7.348946566651616335e-04
4.791692800692339102e-04
5.142966865930856868e-04
1.144341031919554564e-03
3.535546411927777567e-04
1.248553011243245170e-03
1.377290279975902903e-03
6.772236249130733458e-04
1.315067802650785739e-03
5.879465684884138937e-04
2.872939948618867079e-04
7.408640308725572641e-04
1.130293669327609059e-03
1.498883422661618494e-03
2.373011795398833126e-03
5.467576991184040476e-04
3.903963517291569700e-04
1.002404295238442994e-03
9.076947325140988709e-04
1.221716732078398848e-03
9.514602725683781338e-04
1.169370951601216317e-03
9.823441113407517349e-04
1.440393699955666226e-03
1.870775370153153223e-03
1.337262143512073622e-03
1.012879252719774961e-03
1.217344088590569971e-03
1.056846324200937104e-03
4.015742918546706132e-04
2.543213435627870479e-03
1.465558551370692427e-03
7.431823739908952195e-04
3.121703271259871747e-04
6.461768372958194171e-04
3.785096250434075117e-04
5.893378743163065273e-04
1.161968890267588150e-03
8.318664251433956474e-04
3.593903775981546669e-03
2.506462366081812208e-04
9.415473993964123623e-04
9.570152599536950423e-04
6.225512808953269058e-04
1.608353124344299697e-03
5.896941077636195161e-04
7.384529327259892282e-04
2.293794110036424024e-03
1.062125342916600415e-03
2.617319207179937273e-04
5.372415553655749678e-04
8.192510454533707834e-04
2.373011795398833126e-03
1.162531472565011713e-03
6.730347673757533077e-04
2.638379807996690221e-04
8.235744807635636024e-04
5.504797325693450150e-04
1.939204630758815549e-03
1.443519927885648403e-03
3.575345948846819972e-04
7.724577647535437429e-04
1.076083358935207759e-03
6.303207602173049829e-04
8.278532768347017859e-04
7.904029419529736821e-04
1.241720524592670278e-03
1.237810572906890760e-03
1.030935665809176206e-03
6.215312480160039297e-04
1.683779470178634790e-03
1.024706115123930582e-03
5.462715182527630529e-04
3.873698319721913187e-04
7.425875052335269549e-04
2.381449410189903203e-03
3.788344332132723147e-04
1.018818146940256080e-03
4.594547783673440309e-04
5.557575726875404413e-04
1.616237623947183602e-03
1.243849798947547656e-03
5.063982192439667575e-04
6.738099387117521414e-04
1.724827667316293760e-03
6.352090915760156197e-04
1.994205187568465296e-03
6.706846709699243198e-04
6.568590291512689441e-04
6.236017748815536653e-04
4.225080366355600785e-04
2.689541963499554600e-04
9.389469312327510322e-04
4.843368203231447860e-04
3.183285133867948193e-04
2.236227059928475296e-03
8.017444513386232270e-04
8.891640356847959519e-04
6.530885858127054387e-04
5.524683156443527471e-04
3.439248946237749181e-04
4.483090170976695597e-04
7.092798669443561984e-04
1.552349614793248605e-03
9.862149523825745109e-04
6.934905614863932444e-04
8.801918786883121100e-04
9.662363942554981315e-04
7.779905827147722648e-04
1.194453329369142905e-03
1.187052143765950606e-03
1.563648392937560258e-03
5.142966865930856868e-04
5.499860333735381206e-04
1.415629083381937702e-03
5.569002212771791268e-04
1.548223255184413144e-03
4.160016410097264628e-04
1.601903458277993035e-03
5.071265786671572649e-04
4.254402060831291403e-03
7.348946566651616335e-04
6.404173323386786083e-04
4.677699757970228689e-03
1.267391297575193743e-03
2.257521074606699037e-03
3.985959442587943798e-04
5.183795959617560917e-04
3.296619885602406386e-04
5.247409508245865937e-04
9.933026305495556551e-04
1.134790685085787683e-03
2.933355185991872306e-04
1.274397221259473230e-03
1.452947099934750151e-03
1.365373201692221539e-03
9.368749965577236874e-04
5.854600908150690017e-04
3.051152153638747458e-04
7.501690268531107384e-04
7.170052467363436472e-04
1.000310172653245131e-03
3.141387768782805037e-04
1.062641112163364120e-03
6.647779945674083240e-04
5.320919834326144756e-04
1.192938321427346269e-03
9.727010480424749155e-04
1.815577403801371540e-03
8.593567621472366280e-04
8.940804797999948785e-04
2.370220327052502841e-03
2.670081825788068390e-04
1.333600235095020597e-03
7.254420948933392507e-04
1.050812635877664903e-03
2.529224071478986847e-03
3.869454182536069087e-04
6.355084065192057909e-04
1.040736177230313329e-03
9.223160471168624511e-04
1.003342143559390887e-03
1.026065058539462173e-03
9.747583656218978231e-04
7.367777356786875485e-04
1.079505452778544827e-03
4.156043193610525505e-04
4.715895000121129456e-04
1.849859558493882356e-03
3.293104475337074429e-04
7.101388823505264342e-04
1.404329495592375465e-03
6.540210292956121245e-04
1.268431166723787105e-03
9.960295780866697344e-04
1.388115730484840247e-03
4.290754809355552227e-04
1.321333055816280907e-03
7.998394867726113652e-04
1.149932326060265153e-03
2.013302492968094856e-04
7.136869370742308710e-04
1.373034478703181668e-03
4.866909618815271369e-04
3.782976921458570539e-04
3.845694098958649955e-04
4.924623798096105631e-04
4.105711635161414194e-04
7.142918611635493608e-04
6.852988666287321935e-04
4.532192152939103430e-04
6.220511727343465587e-04
1.195175465060252388e-03
5.131041086702843720e-04
6.779082999143502602e-04
5.585984166218307782e-04
4.644332440146388234e-03
3.364947921164222126e-04
9.380129846855999893e-04
8.359635057018540956e-04
4.691056330941649173e-04
1.065669855311792737e-03
1.981976290474054408e-03
5.623199448757902749e-04
3.382227903985948292e-04
1.560838340936105675e-03
9.014410643184027133e-04
6.641442643911291913e-04
2.737911352250375560e-03
5.418969991252944787e-04
4.751836964296872554e-04
6.194448870412338961e-04
3.468936347522818511e-04
1.481409516711187663e-03
7.385568511231481101e-04
1.608142358294236416e-03
1.134233248901821579e-03
1.296273323435605902e-03
7.518230268507783160e-04
3.171126422437073084e-04
9.356392598677191856e-04
1.286585003162256944e-03
2.259933588474394642e-03
4.856725405213940089e-04
9.946781517559239415e-04
1.274162816633336165e-03
4.760522107425048562e-04
1.559156010691232315e-03
1.660161781084588560e-03
1.487886492066458873e-03
6.863101419250958960e-04
3.381486685411498236e-04
1.847188635326297689e-03
6.718554301544115044e-04
3.136607424690989864e-03
5.063982192439667575e-04
1.701376227289218800e-03
2.307757712079098501e-03
8.445296337506409462e-04
4.267918227567626087e-04
8.909872076527001420e-04
1.070835450719319088e-03
4.356493056346077129e-04
1.259808931421924679e-03
5.609885421480716649e-04
4.396458840257796725e-04
3.840021311930830227e-04
1.168139735268173716e-03
1.525514266728686180e-03
5.902337520649758454e-04
1.463794655572911311e-03
5.026646323647784853e-04
8.830697963965151390e-04
1.287851782783698117e-03
7.328880330062407600e-04
1.710499033294067897e-03
5.423867433201498512e-04
1.440150532983621280e-03
1.716708169922345675e-03
1.172204092584967512e-03
2.175132624272224928e-04
5.779379211788413699e-04
1.102882150648117586e-03
1.860952981523953179e-03
5.375825472213944904e-04
4.818570235687597686e-04
2.567141005756728208e-03
6.032766120551931238e-04
1.762639881287912961e-03
3.344873344260114174e-04
5.968394437128008182e-04
5.444939750334950842e-04
6.165866791257862281e-04
2.965084616062817506e-04
6.407177535424692658e-04
1.925415554450303794e-03
8.816169445384778106e-04
2.841378390338063068e-04
4.810952405500897901e-04
4.619066486154998975e-04
3.727818994332102371e-04
3.620203683468503695e-04
7.681958111230146203e-04
1.638021103993790714e-03
8.326741626292060447e-04
5.741333044776378725e-04
1.061360110180119493e-03
5.365069193540150791e-04
5.487377375408710291e-04
3.147133353439086141e-04
3.809027118476945254e-03
1.383235928809165667e-03
6.698937802018362607e-04
6.680628895906110020e-04
9.332135575156117044e-04
1.430690573271814004e-03
2.129855137122385004e-03
3.602070696971041287e-04
8.790405925981270227e-04
1.689183672972402331e-03
1.150396920810270408e-03
6.087581941411317069e-04
5.537847454835933495e-04
5.683219519846809684e-04
4.677699757970228689e-03
8.445296337506409462e-04
6.874672098402558312e-04
3.841086815201779411e-03
1.629819638996455591e-03
1.036665791967086078e-03
1.293378110001919441e-03
1.875796564069738071e-03
2.664298897950328517e-03
9.602179376983616382e-04
2.223115664053203818e-03
2.092181717912468437e-03
9.580828308883249057e-04
7.557258565648410347e-04
6.584790753435080255e-04
1.023546573767205366e-03
7.796150096521856218e-04
1.644512792311528335e-03
4.542028607023377022e-04
1.116770715355120628e-03
9.051395539060783481e-04
6.736247385615296967e-04
5.017568876114532513e-03
1.393041331553416477e-03
1.741836486655009772e-03
6.710500257195442997e-04
1.042874835822392258e-03
1.162101609824417545e-03
3.586296732921649797e-04
8.873739499299300752e-04
5.657028812231056211e-04
8.692464160888139623e-04
7.460426698001497350e-04
1.141434082837482515e-03
1.047042785306154722e-03
7.846670636841799598e-04
4.397579428438004134e-04
9.339503134254482615e-04
1.602021325462839752e-03
4.127037844538579327e-04
8.278532768347017859e-04
4.791305709753301964e-04
7.022902426638321163e-04
6.784946905935301418e-04
8.793262177460639539e-04
1.664177722711774081e-03
1.054516642555937845e-03
1.151033602315258524e-03
6.968034640669630965e-04
2.730819167027964157e-03
6.140052770816694988e-04
1.128341312191504572e-03
4.768810345691633043e-04
7.793144391856307064e-04
9.170496049765264161e-04
1.248196653094689468e-03
1.033555997648816227e-03
6.069801546775738287e-04
4.877968336262933509e-04
9.489342669057547865e-04
1.044079404032245868e-03
5.224192678467243873e-04
6.825111082029617932e-04
5.236403222031375641e-04
1.001978060929669670e-03
9.730997178637941806e-04
1.456403206927436335e-03
1.829501241746593317e-03
1.864166458069647534e-03
3.856816552831268284e-04
5.923041984175843235e-04
7.367777356786875485e-04
6.852988666287321935e-04
1.124884285532655286e-03
5.552165869487034854e-04
1.415629083381937702e-03
9.827714517501424073e-04
2.538730960384348329e-03
4.778270593760577858e-04
6.153300426188421362e-04
7.036978967221866124e-04
3.745319250971865135e-04
4.816284005412062178e-04
6.580169259893093019e-04
1.167963510942154415e-03
5.218751559969531887e-04
3.078408026094366827e-04
6.151039951278050111e-04
2.082658096588254574e-03
2.374730392904124410e-03
1.194166406757063773e-03
1.574057897747983608e-03
2.972547392215936675e-03
1.684227615409608473e-04
1.212819729955852237e-03
2.760147595787820242e-04
1.365074718194352055e-03
1.700404394414261645e-03
2.755228194757173145e-04
2.686809157603667602e-03
7.410510398273052485e-04
9.652213192681258734e-04
1.406946552249174190e-03
8.773148008224693423e-04
3.485636433089375091e-04
2.661455791680255711e-03
4.398783938259980637e-04
1.054844164657526640e-03
9.361305133977443176e-04
1.058161005072036061e-03
1.852697209351839187e-03
8.986003460814522828e-04
6.843890945618340401e-04
3.738391045414394230e-03
1.093539871696304908e-03
9.460341843762641503e-04
8.515528749651073061e-04
4.424589594147482880e-04
6.278785344890001592e-04
6.979041096094139437e-04
3.836710646373291058e-04
2.374730392904124410e-03
2.416678271553092145e-04
8.638998587330950531e-04
8.025351892657825708e-04
5.784443290760421389e-04
8.813338711744614406e-04
5.168444050767886542e-04
7.785335102739605450e-04
4.503505553313176838e-04
1.430287169630578819e-03
6.715275312227480782e-04
5.422018070208622139e-04
4.170244421955476453e-04
7.075005933579526281e-04
3.760702875474138270e-04
1.747236478609436039e-03
1.881618977639743949e-03
4.092087951043199383e-04
3.365289708623704461e-03
1.701713719205734561e-03
3.594915833335620304e-03
3.542891695107132279e-04
8.610641959394979518e-04
6.563384747273536901e-04
1.093454283847256677e-03
1.658470871608456792e-04
3.522342316213499642e-04
7.157589290674509427e-04
7.455956676483059369e-04
8.337492100536725379e-04
1.322375086636988148e-03
2.832993974695841412e-04
1.262958733912090178e-03
5.970761382662520588e-04
1.486924827403308773e-03
3.551465375558574434e-04
3.004320566381168847e-04
4.818475958794986671e-04
8.721894630853990141e-04
4.950450576462697575e-04
1.284235958720877967e-03
6.455634281328289249e-04
1.171100325028990056e-03
1.119596404980657562e-03
1.144594106864473080e-03
3.572744976497099420e-04
9.508866211202721477e-04
1.348759943185592718e-03
7.560295118419362069e-04
3.326958090419375414e-04
7.938427693076822349e-04
2.378165294225552135e-03
8.865289455811588715e-04
1.586456972667862897e-03
6.296554449521319036e-04
1.050170463691846865e-03
5.036643951207058151e-04
9.841313038814651984e-04
5.735075417965977218e-04
7.674776667311943674e-04
5.941538143258425853e-04
1.631816647724829736e-04
3.463817548884518135e-04
5.972444839133421533e-04
8.039404610321568452e-04
1.700588505594676208e-03
1.062641112163364120e-03
1.608142358294236416e-03
1.284867723659060277e-03
2.051977056697349040e-03
8.253563633318686775e-04
8.807728199948808507e-04
6.266217520213407648e-04
1.356400584169461946e-03
2.441323059757142340e-04
6.062220985545358539e-04
2.741105050858328156e-03
2.686809157603667602e-03
3.975689225784378522e-04
1.434279523550493650e-03
1.132022214719524819e-03
4.030152617502451252e-04
6.935425627960341765e-04
4.499614212789215481e-04
8.001455735953138691e-04
6.692804758826278620e-04
4.877968336262933509e-04
3.323675693266909918e-03
2.375374189145430196e-03
4.325694124816937105e-04
1.157189117191987976e-03
8.031413830947878264e-04
4.477419429372121794e-04
1.929918977193734436e-03
4.152314417614279035e-04
1.140748427680479378e-03
5.418006802186526140e-04
8.516424230126183170e-04
7.020937907998000887e-04
7.391780229922327410e-04
6.091095315285980846e-04
3.586296732921649797e-04
1.170332787856662995e-03
4.125896206646548063e-04
2.861920167216737421e-04
6.792169092917464549e-04
9.082265899888338715e-04
1.698040008913772334e-03
4.423588693770188433e-04
2.614343179077265478e-03
5.388348721655960086e-04
8.327999534496878607e-04
7.347987109784966109e-04
1.585705967425932303e-03
1.943715732752209976e-03
3.447039316819284615e-04
2.375374189145430196e-03
8.692464160888139623e-04
1.710970263307914560e-03
3.212055367236879046e-03
1.007405823099973008e-03
6.209418376149981574e-04
6.356556348498799665e-04
1.773441311219104040e-03
2.457022752425026043e-04
5.948264853431334265e-04
6.958686208663292542e-04
1.666448630657544261e-03
2.039961261089504475e-04
1.090922856763109055e-03
1.464705322332078737e-03
6.736401731739405548e-04
7.602183766155994971e-04
3.894860446582459369e-04
1.538393069917769803e-03
5.745664269553714355e-04
1.776046734065036495e-03
7.301318388157052291e-04
7.483165400256205305e-04
1.019513078459737508e-03
1.328761820162653855e-03
6.285886560136574788e-04
1.252823224578605192e-03
8.696651504310759506e-04
9.922865738604654332e-04
3.932004414473607790e-04
7.719168922943619743e-04
7.903848298499683515e-04
4.247364247556792449e-04
1.414087942430074371e-03
7.466142963917658847e-04
6.338482317959937560e-04
5.122162820983672520e-04
4.498013441273991013e-04
3.508266341841878490e-04
4.232391145197456875e-04
4.407322710383862821e-04
2.108357310643255416e-03
1.146578172405718918e-03
2.988027212333828884e-04
9.780586204838149014e-04
9.730997178637941806e-04
2.036710226864627080e-03
1.269223789752246985e-03
3.804987860249927625e-04
1.679663533479546856e-03
9.566920315297249922e-04
7.495766090375902786e-04
1.292069343939901372e-03
1.971965321286784072e-03
1.699344398674343956e-03
5.610448849226274889e-04
1.134426594400681030e-03
4.508010826549558735e-04
9.412306449807941820e-04
5.813068831543571208e-04
3.853026293894597307e-04
7.366333303102787959e-04
1.735923894832737098e-03
1.939883322004684954e-03
2.675784070242813364e-04
9.833354989640702599e-04
7.081516839047238311e-04
4.527808778810239092e-04
8.673084767220410858e-04
2.078418830888948202e-03
1.495673717412107900e-03
4.477795556560280627e-04
5.299185989930761589e-04
1.725288282749379417e-03
1.018502460176846838e-03
1.501286917405391568e-03
8.934823667450727007e-04
7.503028280442575106e-04
4.596146955814572410e-04
3.249190085348801701e-03
1.699152243992045966e-03
3.853026293894597307e-04
1.212705094945839071e-03
1.630080175650590107e-03
1.252824326937439182e-03
5.275015800440844768e-04
4.558247319502392071e-04
3.404407827643219069e-04
8.959217931803557496e-04
5.188268802880033077e-04
8.917604811616696575e-04
5.103846111565216691e-04
3.754546047481148018e-03
8.993855192219695057e-04
7.301318388157052291e-04
1.004398582798790010e-03
3.239204692126301452e-03
1.005062886617930692e-03
3.186241117945189994e-04
8.667435538172853313e-04
9.077075282777884863e-04
1.057136286112823290e-03
9.340421407924620525e-04
4.395639358628767972e-04
1.862130687974891934e-03
1.531648337892975789e-03
7.398601496041542136e-04
1.118143553721198929e-03
1.203026279633153707e-03
4.867031713296505048e-04
2.598214640723230280e-03
6.614117806247321596e-04
3.436129125584620400e-04
6.779082999143502602e-04
3.617891462959824914e-04
4.934250803750746782e-04
9.051490032285591878e-04
3.525889472887003143e-04
7.249728402824926182e-04
5.276881120632417226e-04
6.904030264694734466e-04
3.728225974672102301e-04
6.720874285554605731e-04
8.841718060594212520e-04
9.920001772153572324e-04
1.481409516711187663e-03
1.111990378056278757e-03
6.949012338636571112e-04
6.753638288577880735e-04
1.804118854070941094e-03
1.708625207647600794e-03
3.447039316819284615e-04
5.947318292773124369e-04
3.647009822307025091e-04
3.171400618619615061e-04
5.186510333027421473e-04
1.313672668409866405e-03
6.837439222054179358e-04
1.474558517931348145e-03
5.443854420923915438e-04
8.128822801934436565e-04
4.139178127715289275e-04
1.881618977639743949e-03
1.404822799001517091e-03
3.982337352423276182e-03
7.527253128081308389e-04
6.214484805321359231e-04
6.296544305219578183e-04
2.972534216848768743e-03
6.976692576601893452e-04
6.711087959409286303e-04
8.546534165139419662e-04
9.385664214705166349e-04
9.872182799449541468e-04
3.920456589644035969e-04
5.567433124428119171e-04
6.956812087401823344e-04
5.452714474089030618e-04
2.552178184591704117e-04
6.062220985545358539e-04
1.795175796333055903e-03
8.083833589240226394e-04
1.462878681449702361e-03
2.663928490194032370e-04
7.484185735143654905e-04
8.996219162904230647e-04
8.559237647802601413e-04
1.847140442267954617e-03
8.127473031316059197e-04
4.761371161541988473e-04
9.554910416706384468e-04
8.222150093858856786e-04
6.155954355881451201e-04
8.219552806009353639e-04
6.921106083924288962e-04
3.558103131025214727e-04
1.392271035796090531e-03
5.713902498757258671e-04
7.443449424406978297e-04
7.640863206475949311e-04
1.691327895662047198e-03
1.648166466531061133e-03
2.688960607990489773e-04
3.567036476691662805e-04
4.020056121777233196e-04
9.802870855101653968e-04
1.303316384141351217e-03
1.216032807379787296e-03
1.788596874984784649e-03
2.925244872578610733e-04
1.426121508926325374e-03
3.263403147329085679e-04
7.180167218373178150e-04
3.712550764813035719e-04
3.542891695107132279e-04
1.335325208179967893e-03
7.671339375515400134e-04
4.574306697890080458e-04
8.205337503179544953e-04
4.486886924985093662e-04
1.046378465332773768e-03
5.826634620759045318e-04
8.619307588407451332e-04
7.831700919045763137e-04
5.682392526579114166e-04
5.085887575469690870e-04
6.715275312227480782e-04
7.714383105883570579e-04
1.011915780603016421e-03
2.814390415556903505e-03
3.850583656049307957e-04
4.250096129381594388e-04
6.699407544456429482e-04
3.567641946780873729e-04
3.431920955031532786e-03
1.235943754062636098e-03
8.610117935908932632e-04
7.135422337783477609e-04
7.590204046174258345e-04
1.046015793027501271e-03
6.687894403688738904e-04
8.036649446281526584e-04
9.562973553231602676e-04
7.704880392347912511e-04
1.851385696255398051e-03
1.275533317669688433e-03
6.691986389853961424e-04
2.209034688204995073e-03
1.319366737498156063e-03
3.553329601221870285e-04
8.636556094125392687e-04
4.885209835334039085e-04
8.928440277012612662e-04
6.956086169124889871e-04
9.742690772049998182e-04
8.950824853550254367e-04
1.774861674557559144e-04
5.313531442688966674e-04
1.096159346332923040e-03
3.840992305606916830e-04
3.113070748715798461e-03
3.648703848782899320e-04
2.496337988519364837e-03
1.258917885712221903e-03
3.344873344260114174e-04
4.510218376334449364e-04
1.632974746047617491e-03
1.266182908201439862e-03
1.730918202109399439e-03
2.242630462906148973e-03
1.425177618501847522e-03
9.890919569628849051e-04
1.434279523550493650e-03
4.815332036210316288e-04
4.860703252527219585e-04
3.244306149103614624e-03
1.677107301579099097e-03
3.853022816962908240e-04
2.774185053010663217e-04
1.683040850322837763e-03
9.916251228879603263e-04
1.164373162654568214e-03
7.854170676568284631e-03
4.125395729505685152e-04
1.408998908496250299e-03
6.897836867536125474e-04
8.296179282471237470e-04
3.703394786166361438e-04
7.512196835656889888e-04
5.418006802186526140e-04
6.772673564815684995e-04
7.483165400256205305e-04
7.782839249459347873e-04
1.102219142385563178e-03
9.777289595532731841e-04
1.105711930899197460e-03
1.500864793869791276e-03
6.608726603392389752e-04
2.443101463524363030e-03
