1.225960464094161869e-03
1.794762510653127949e-03
3.016042326861987266e-04
2.484312394857322100e-04
3.234830007439450593e-04
6.352592652124436920e-04
6.621281396529048006e-04
2.550426409883477697e-04
1.439697932905536007e-03
6.660350639491186128e-04
1.023963208347481975e-03
6.289548952639458044e-04
1.404922028435969146e-03
3.809231375700282570e-04
1.914086258007479920e-03
1.423157959833035082e-03
2.530836349047844297e-03
3.278718151275755287e-03
1.785516597375263852e-03
5.802319333650221610e-04
5.180110620663460654e-04
3.236450902287378475e-04
3.411900274227587840e-04
8.042279986278745357e-04
3.618249366993044058e-03
7.175446715379312466e-04
6.253505454679692899e-04
7.085233183147058309e-04
2.285271304440939107e-04
3.489087728415648745e-04
4.495244800020140215e-04
3.395855529653056472e-04
1.657085262736620527e-04
1.339516667920904666e-02
9.051609280668876769e-04
3.070920279219996937e-04
4.156334148599492330e-04
3.570443256077124967e-04
6.151045451871194059e-04
2.696085717536443865e-04
8.135611384929646809e-04
9.378236488873323848e-04
3.807661139440849003e-04
5.791978244305733339e-04
3.779134003048535673e-04
2.332064913473065539e-04
1.000331998082893163e-03
1.958637670761602997e-04
3.924770610255686213e-04
3.924810255512560151e-04
1.304017238409138548e-03
3.574517335493548019e-03
3.454952427709782046e-04
8.643593662783949664e-04
3.205160636663862013e-04
8.504847876161483917e-04
6.601369638193884185e-04
3.117491949836060294e-04
1.275077905304912527e-03
3.635667792647599337e-04
2.740496937546382686e-04
5.990223936213896587e-04
1.052063186134235412e-03
7.646218468415115705e-04
3.055324102399759024e-04
5.169706009918546494e-04
2.187399491055292810e-03
3.628545959264362010e-04
1.841960742887361344e-03
4.967643573884347264e-04
1.115828057024925279e-03
4.099734445843181987e-04
3.792933688303874035e-04
2.920970568343935338e-04
1.245651212865136722e-03
1.799824279877385101e-04
6.485117835103535464e-04
9.229735576083565162e-04
5.694908613209288296e-04
5.350809775968833884e-04
4.197336086137209857e-04
2.749149489561909451e-03
8.652437890352951324e-04
6.058790008339879664e-03
3.468821869173776976e-04
4.066723278152772143e-04
5.867377402652705675e-04
2.636952847396529598e-04
9.807800139074369407e-04
7.493971341010927057e-04
1.695306599138489195e-03
1.517115723119758170e-04
1.401161165360461161e-03
5.522295154276728743e-04
1.747082744069328999e-03
1.279605794872863125e-03
8.227997785148993912e-04
1.107448315920767654e-03
6.355790787153741111e-04
5.645466899690866104e-04
4.220652765699881080e-04
4.915270850789131649e-04
1.820185473259727403e-03
3.116419257823616128e-04
7.613316802568340091e-04
3.485112042449035668e-04
5.459526936759588438e-04
1.192842515428127860e-03
2.841211217035388204e-04
4.268482996844410494e-03
5.484666303677710603e-04
4.993082488594156702e-04
4.252195333383745044e-04
2.843738992241393818e-03
2.023892366307492594e-04
8.486498864381610864e-04
2.885044682608326437e-04
6.889834969055622701e-04
2.605651533064614754e-04
2.471545795606148034e-04
5.012853279395560130e-04
1.285445656785378331e-03
8.895530536907323739e-04
7.621762075112222239e-04
4.203265992793822495e-04
3.234735619636392085e-04
3.265282741956718388e-04
4.955073918083593683e-04
9.228950843185632731e-04
1.063183300822737910e-03
1.147277726491813471e-03
4.176226390568038203e-04
7.122861197793833692e-04
1.007032104122570311e-03
8.385379100673694304e-04
5.893551947633432139e-04
3.100760164841904814e-04
1.234738338292141460e-03
1.639021530607733586e-03
4.391014661749433295e-04
1.985161589758221903e-03
5.268960455702517871e-04
4.739674129298794146e-04
1.120423007918135497e-03
1.019195821381771797e-02
2.636952847396529598e-04
8.135161720731596711e-04
5.499484910664257774e-04
6.747639415069619021e-04
2.596207650323416327e-04
5.741864808288191105e-04
1.113138093615388506e-03
3.109486123710347044e-04
2.578885566958687191e-04
7.679812123721141892e-04
2.382111690690339465e-04
4.559355558306478701e-04
2.602841913753970327e-04
1.104865230679356707e-03
4.754097610927399261e-04
2.512957998083241613e-03
3.454276284374767705e-03
2.124008942574682514e-03
3.888012471200612101e-04
6.364066417711587362e-04
5.040476673206651780e-04
4.242686712262424458e-04
1.491239814585638632e-03
2.300472857562581893e-04
1.544573919373443517e-03
2.684270178909595032e-04
2.988741869354970444e-03
8.946492731905121695e-04
7.975863768519040426e-04
5.737969399884645678e-04
3.049475756968447076e-04
8.577287027235685557e-04
8.154464013572655092e-04
4.630186825689249831e-04
7.003899382330464225e-04
1.030817637300387220e-03
4.723040135978333050e-04
4.255111661250841198e-04
7.163828650529916950e-04
5.487715823113620880e-04
2.035774203844025333e-04
1.690660511792561969e-04
1.706137774156677442e-04
7.048182402142456979e-04
7.169890390365938520e-04
5.091707256175327483e-03
2.376028496128466353e-04
1.144264616140499386e-03
3.937120770852959380e-04
1.577379451555632577e-03
6.434890032568611621e-04
4.834179732879099935e-04
8.367959512386458900e-04
5.206433278618395610e-04
1.573135320897091425e-04
1.014165104612801526e-03
9.243263563528192686e-04
2.641373362761536333e-04
3.881617727023835090e-04
1.177963899462250745e-03
1.498604096972876295e-03
4.357945661156788393e-04
3.486997448488379932e-04
4.010421184357990370e-04
1.667277237285317909e-03
3.691859664383671151e-04
1.034064929970242210e-03
1.596273105306673153e-03
1.637055442501609897e-03
4.589037042066670263e-04
2.194110337206125420e-04
6.376139914063426364e-04
3.735041331995058757e-04
3.784515450470393749e-04
6.981165972397452169e-04
4.135426043532878897e-03
1.164827249038550205e-03
2.315637831650702461e-03
8.741055116836947848e-04
1.097666220031347489e-03
1.860235978236944804e-03
8.044962508974453199e-04
4.673453602194553168e-04
7.752256998086897756e-04
9.419407881041452551e-04
2.405983138999318125e-03
8.515610093573625691e-04
1.410656253505314980e-03
1.837368502323987558e-03
4.497171986029268871e-04
3.592099047577162118e-04
1.651047879173499189e-04
4.821657617848293929e-04
6.123235664476248206e-04
1.125225541859711060e-03
4.096595478380742105e-04
5.814672502432738106e-04
8.371214728021690761e-04
6.589618442082897628e-04
3.779444895510210441e-04
1.486529364893554497e-04
7.194133610306157950e-04
3.987169076376845971e-04
3.298925832792107705e-04
1.132223202854764146e-03
3.313443674726393039e-04
3.525341802711580235e-04
9.358567079727749070e-04
3.286856460084031312e-04
4.600663978002832969e-04
3.453214252450457155e-04
7.605296566307786360e-04
5.007824341479735026e-04
3.372463739970602177e-03
2.300655740336397142e-04
6.688541404427833558e-04
6.371490824549782238e-04
2.315106329747488526e-04
1.295600350209996903e-04
5.235663505338890734e-04
5.734760400583763847e-04
3.738453065729183036e-03
3.042943831344306323e-04
4.355835547137780787e-04
7.752256998086897756e-04
6.300464285044273536e-04
3.708461042404971272e-04
4.105244066866869327e-04
2.203252469905185617e-04
7.048406183699977654e-04
5.429741678587390570e-04
1.988450054080418642e-04
4.815256223375619722e-04
9.378927923261521282e-04
3.411900274227587840e-04
6.292679087275875136e-04
9.671958322298247800e-04
2.165989191797688680e-04
4.475833447216453131e-04
1.749690962891488257e-03
2.416523592326547468e-03
5.911455348464889894e-04
8.449185051877847836e-04
4.693958534115704709e-04
3.532115392330932666e-04
7.114146916341817324e-04
4.784152566184996088e-04
3.368838330031553386e-04
2.365003929883323895e-04
3.944666936273810102e-04
6.042628094099046021e-04
1.466517576793791196e-03
3.040583009682663006e-03
1.988352617113076440e-04
6.217884374513617729e-04
4.271523900877443659e-04
8.797341390285069859e-04
8.539732632367949420e-04
1.266765250423000687e-03
6.142438493452554707e-04
5.344671567621297028e-04
2.948241417579811757e-04
5.332295658339346930e-04
9.953828246690185708e-04
5.156425434073802581e-04
3.331149911901653844e-03
7.372156968508961549e-04
1.784867306382285088e-03
4.898451171836226518e-04
1.329363691099582148e-03
2.131585303347422345e-04
2.910684339029473845e-04
1.771305006172452018e-04
9.418669347196831354e-04
6.260009336246094092e-04
1.668291398288759744e-04
7.372156968508961549e-04
6.445967664554095493e-04
3.677121088051567440e-04
3.886454553217751464e-04
3.922388163620636639e-04
1.599627132243387415e-03
6.638572498781653702e-04
4.704983245854272417e-04
6.405962826811792497e-04
1.321045025134489617e-03
2.931931605491916405e-04
8.797341390285069859e-04
2.336401019445339701e-04
3.841938397434800060e-04
3.472448283927158852e-04
1.502036733210391052e-03
5.128180214847927404e-04
3.499913213114504455e-04
1.937259466024386385e-04
8.336083540700898759e-04
1.196632727190232283e-03
6.121333592766774754e-04
2.997511725727850115e-04
7.699094518914358825e-04
1.802381797206491069e-04
2.665628017971087040e-03
4.034953283653508645e-03
5.073180915613034444e-04
8.602015820250676808e-04
6.955720515609364971e-04
2.426744885413961977e-03
7.766092252157972284e-04
9.534728879227911957e-04
5.379455366424275038e-04
3.702186713640130602e-04
5.462843981803431519e-04
7.785815848176417739e-04
9.288141548022422339e-04
7.181512846335789567e-04
8.125149663835343596e-04
4.416576179185456585e-03
5.531162761091894210e-04
6.260239758502383640e-04
6.460706104303494965e-04
7.205301419304051876e-04
6.226031028102455619e-04
4.955073918083593683e-04
4.373321937759247968e-04
3.089887169673370118e-04
2.839597523542041336e-04
2.114308092441796424e-04
4.598060807235766355e-04
2.981364380003459925e-03
2.731356383499222175e-04
4.638738143065260808e-04
5.587739968015086912e-03
4.548516303964889561e-03
2.498802426067987044e-04
1.184300889098715117e-03
2.574374293664637246e-03
3.708461042404971272e-04
3.622714873855012625e-04
3.027593864872776125e-04
1.261699039756099044e-03
6.832129529219855592e-04
3.589277710161274497e-04
1.762606623184339747e-03
8.780084914779590251e-04
7.048367711352830417e-04
6.324479826771925049e-04
1.127177315376452641e-04
8.995938543316765474e-04
6.851610580402866559e-04
2.133433169690279361e-04
3.789177047366599702e-04
8.015806358760258583e-04
4.743087095356887206e-04
2.814568719618261178e-04
3.595410703216558933e-04
3.131652557250235282e-04
4.618217570351144550e-04
8.229678119651939435e-04
3.654829714925456790e-04
4.138531710645246297e-04
9.594223762974286862e-04
7.963891875875287298e-04
5.336866950424921062e-04
4.549460622198321148e-04
4.548516303964889561e-03
2.063252461569337992e-04
1.291291475558810006e-02
8.264782688184170271e-04
1.107056872845866040e-03
2.718563183743179755e-03
3.676552573315727823e-03
1.446551500052102720e-03
3.691443222182247733e-04
3.728343240620620174e-04
3.984457064615690787e-04
6.777868144164177601e-04
3.787468276790797420e-04
8.565848887196155555e-04
3.949296814668790470e-04
4.714040090225437543e-04
1.359204115792736001e-03
3.998019334149949039e-04
2.399563643314558373e-04
7.735449846376848959e-04
8.666314144533760009e-04
3.678414306100117768e-04
9.752462404934074489e-04
4.714040090225437543e-04
6.263118129969308997e-04
4.231971238186627276e-04
2.617415565152614049e-04
3.429190225141838912e-04
6.250066919280101128e-04
1.149965711128208808e-03
4.495995356070136184e-04
5.915448693616245186e-04
1.077213102000863960e-03
4.439080870000490574e-04
4.240049690659488659e-04
4.066723278152772143e-04
4.296964546511653762e-04
3.638215777797714130e-04
1.147755097481352937e-03
4.551961384910989568e-04
4.240959501236336708e-04
8.044166889449537840e-04
4.402187437235419859e-04
1.268918449967656624e-03
2.115625037169652385e-04
9.349407063711457017e-04
3.738005275621072597e-04
1.104865230679356707e-03
6.453091538945141545e-04
2.080136276565222337e-03
3.749758776658528026e-04
1.401631380206234739e-03
1.037141427009588546e-04
3.464683122569258865e-04
5.888980040080586675e-03
1.247813110503335609e-03
3.506319950229436623e-04
3.158644492925341768e-04
2.723397442774327850e-04
4.077427668691502674e-04
1.187949890963185167e-03
1.087124276684699100e-03
1.052395931292908482e-03
3.988198485310906786e-04
1.032756623320494520e-03
6.260018644770123800e-04
2.300140845742081617e-04
3.605867672388451354e-04
1.183215033934560722e-03
1.405801013990832073e-03
6.032927242091844396e-04
4.815356789201820885e-03
4.772488561488068791e-03
6.704064076451425949e-04
2.486785082371319655e-04
2.154018979390030666e-04
9.039595081855935103e-04
2.994012052506098316e-04
1.890349127697851361e-04
6.106681409569888943e-04
1.275077905304912527e-03
4.829895062251942164e-04
1.745224001068724183e-03
4.222410864365931378e-04
4.453717446445375617e-04
4.065980562197884672e-04
1.130738814219362127e-03
2.815107742797541427e-04
2.177998239495167350e-04
5.668283467454686159e-04
3.137166871403696314e-04
6.701958233437419832e-04
1.654814552961689786e-03
3.296902024124142455e-04
9.116642335558079041e-04
1.988450054080418642e-04
3.069316508538010631e-04
4.735844178357118692e-04
2.457477689430803258e-03
7.752256998086897756e-04
2.509274889836087224e-04
1.392507252064695581e-03
1.306628926592979644e-03
3.186959825719851711e-04
3.632480936597486196e-04
3.882407694813925407e-04
6.752829686344776709e-04
4.190138915711367779e-04
5.403985205449219308e-03
4.288443351290513461e-03
2.697601474562903072e-04
4.201892698137595626e-04
6.935715230471993335e-04
4.654602173551886492e-04
4.523369723002309021e-04
4.701289094532946238e-04
3.191198709565254117e-04
7.552087829810657767e-04
1.521365029677220100e-03
6.539561275186086533e-04
8.300712620363126125e-04
4.013053529944532417e-04
5.106699359184201830e-04
7.180167029705923588e-04
2.839459690917905585e-04
1.118357607806977220e-03
1.459658241477291684e-03
2.385313911705101513e-04
1.161730292511142402e-03
1.000331998082893163e-03
2.164591393728366314e-03
3.092967553821743200e-04
3.050069479331595119e-04
2.487848913324926725e-04
6.643343280376748632e-04
3.418620356466153939e-04
6.624594469159513031e-04
1.501166666898143276e-04
3.456772240080831509e-04
9.170497650488346891e-04
9.726002617868248620e-04
4.053168898613331321e-04
2.603901300821270456e-02
1.587649618221403328e-03
1.306628926592979644e-03
3.825558442435055885e-04
3.372451510332616495e-04
2.794283591662889091e-04
8.669235704119860036e-04
7.619227622372178434e-04
1.753549190970710462e-03
7.439455814289862084e-04
1.807196602615746862e-03
8.681178321627021355e-03
1.084813436358747756e-03
2.998246261103797096e-04
1.110971125986336475e-03
2.303994381061205286e-04
3.572713983766434022e-04
6.178693103717926684e-04
3.586232673806867468e-03
6.266573322290668220e-04
1.997978573039438843e-04
5.106699359184201830e-04
3.937120770852959380e-04
4.434891845230722594e-04
1.824290991138137388e-04
2.913316733591342616e-03
7.748511552972030605e-04
8.446341236120226675e-04
2.870721356847661353e-04
3.800985868729065461e-04
3.264243868802451428e-04
3.543003496603578978e-04
5.910012456179899922e-04
4.296964546511653762e-04
1.094858366016281939e-03
7.560263259194613698e-04
3.651082973371818957e-04
1.980627753940054751e-04
1.171532396840011892e-03
5.993052655176008079e-04
5.650258135628036379e-04
2.952957463810959235e-03
8.267039441684234874e-04
6.405159621715146925e-04
1.261981841314832381e-03
2.758239524623696485e-03
8.901331297052743905e-04
1.541634856134193980e-03
5.472182213368941570e-04
4.076921822217285094e-04
7.413031281498340744e-04
4.294681395972223606e-04
1.418733155408127486e-03
6.289548952639458044e-04
1.239496496942002176e-03
2.875926095831037553e-04
3.613324106347299029e-04
1.758239594639943171e-03
1.451645499554662065e-03
7.652956807287318846e-04
4.210058136113957157e-04
2.229894119384180987e-04
3.755355248579609413e-04
2.057623264318993465e-04
2.837225356246042725e-04
1.575388409833596579e-03
4.833239441254379523e-04
6.400505724627970818e-04
2.123144569812155779e-03
1.731328194319134862e-04
1.007866195294643578e-03
4.076034187664597484e-04
3.392658563032061839e-04
4.643443234084105643e-04
5.964090683258048680e-04
3.823222643609493535e-04
2.914445510948721258e-04
4.612545332101596995e-04
4.676895062657478522e-03
3.465029988222424143e-04
5.243076725293783309e-04
3.665861219355301035e-04
9.170121107985279400e-04
7.290344834894766854e-04
1.003011372070512037e-03
2.741362984135955680e-03
5.791978244305733339e-04
3.407061297740189131e-03
3.854402440832780264e-04
4.337407662560413698e-04
1.315783271553753499e-03
2.161279246662128602e-04
3.319387456773444621e-04
3.865612927881674639e-04
3.788919142398750636e-04
4.992589578690943006e-04
1.448841037096294977e-03
1.878760272531936840e-03
1.960095950843987554e-03
4.772488561488068791e-03
2.345626631842525039e-04
1.672349849586466991e-03
6.706957108503678417e-04
4.620119536739186630e-04
8.721512218836806373e-04
2.997511725727850115e-04
1.463223263002345637e-03
3.160790950290861753e-03
8.100749907280427190e-04
1.794762510653127949e-03
3.613363907083769178e-04
4.268035928259623240e-04
3.692249252869742732e-02
2.377271540946542959e-04
1.156748250583280449e-03
1.037793513768935343e-03
5.216513821279433662e-04
4.612046112879414871e-04
4.724715903597799115e-04
7.547419844541820898e-04
2.434839499403980683e-03
1.092126421870339131e-03
4.926963428480700706e-04
3.072867320692811567e-04
2.030814654348844350e-03
9.206194930774753505e-04
3.694497134353004670e-04
5.108371940354088222e-04
4.643042284023266930e-04
1.553310158409639159e-03
5.705428580515264783e-04
1.629564438711896901e-03
4.683249100180857973e-03
9.596969940511896778e-04
2.160383203103808606e-03
6.522344203203228781e-03
3.273924564088446089e-04
2.069348943634782226e-03
1.767542763979614582e-03
1.437317253427708528e-03
6.356273656369406918e-04
3.472448283927158852e-04
6.752829686344776709e-04
1.992729817262356635e-04
3.680590461678116061e-04
7.641494693510984511e-04
7.668370983124374318e-04
7.833120418260433723e-04
2.114598121593707844e-03
7.419266299623045006e-04
1.218408498824343844e-03
6.773802505917661922e-04
9.066662794426875050e-04
4.711779907705366090e-04
3.759403875447261912e-04
3.998019334149949039e-04
3.693606908705920726e-04
5.119783368885901138e-04
7.912186234204192370e-04
6.369780733811247026e-04
1.223665405880995996e-03
2.936987317073144277e-04
5.584948869821816956e-04
1.451470878969157068e-03
2.131080280151967908e-04
3.427619231249944888e-04
4.220740147127292831e-04
5.825622964247780715e-04
2.458284143651278948e-04
1.836183885032176093e-04
6.994603284188442589e-04
6.467302806195087328e-04
6.871984475005639241e-04
4.118028579439923374e-04
1.834136045128580660e-03
2.486582808274135324e-04
8.002433119496493415e-04
3.732304161737104052e-04
7.828633940979149624e-04
1.302232281579927950e-03
3.376872014831881329e-04
4.124781900413789317e-04
1.773666913583438849e-03
4.511258213146537399e-04
3.651540626924311829e-04
1.371915259009029962e-03
8.623886411299391342e-04
4.857447758350667832e-03
8.953023046846882334e-04
2.865803929826146951e-04
6.356222789256785275e-04
1.354756413310670557e-03
2.109982785351279064e-04
4.047859768660458531e-04
4.573021246073535493e-04
1.356401676044727061e-03
1.987369069472966990e-04
3.444130157056539648e-04
7.257102609883072080e-04
5.563958696202924445e-04
2.917453219098487590e-04
4.862650770930387065e-04
2.830097670853295826e-04
1.060780247976061009e-03
8.413713333864059844e-04
2.166120558223395137e-04
5.433305921676612237e-04
6.500436632373309378e-04
2.879931747038485070e-04
1.319225265764701303e-03
2.952957463810959235e-03
3.451965288096023148e-04
4.928996388294007132e-04
1.911079030135514299e-03
2.706496023833412641e-04
1.000331998082893163e-03
1.516927074168170899e-03
2.277730041889842181e-04
1.462377462043867957e-03
4.064156142542085098e-04
2.930135717985474838e-04
1.662866898837603779e-03
6.023582524339219594e-04
7.038993427905196202e-04
9.204005043733758931e-04
3.804438974724363553e-03
1.187949890963185167e-03
4.651840439113928021e-04
6.537259749239384202e-04
2.106555119998664352e-04
1.401631380206234739e-03
6.319144961001623827e-04
2.382845445281387906e-04
3.042045893108574674e-04
5.623219025074621680e-03
1.200950789581370012e-03
2.062778789753351612e-03
7.033935404895079327e-04
3.559900075950136328e-04
3.713331202630058294e-04
3.148471960364822297e-04
5.947005364837104104e-04
5.083690365434944108e-04
5.618424261863859924e-04
4.051715761848844323e-04
3.943763493111002746e-04
9.930608046366383879e-04
2.725537375881521536e-04
1.388985366700940796e-03
5.753651061501560389e-04
2.202824831389721752e-03
2.533927844894005941e-04
5.531162761091894210e-04
1.502226554482726613e-03
5.555693617876946442e-04
4.711779907705366090e-04
4.620119536739186630e-04
6.533827545588779748e-03
4.296964546511653762e-04
1.687242683343914695e-03
8.895530536907323739e-04
6.868753801768306489e-04
2.891094633888163182e-04
1.062673656868233507e-03
8.685698478339612654e-04
1.735531256552819146e-03
2.516692980871041460e-04
6.146168654464744798e-04
1.090236858938625156e-03
4.336330928605723134e-04
5.667424989394812722e-04
4.418365108185037370e-04
5.319305570984928910e-04
1.645549672637207058e-03
3.378428795626364106e-04
1.432659618091039260e-03
7.000444646099381225e-04
9.654582240185676780e-04
4.685502478122894926e-04
5.292342120387546730e-04
9.083229155357334158e-04
6.670114343667050538e-04
2.687288262317811594e-04
1.338945438747367019e-03
4.063420587091850491e-04
2.172698774140367946e-03
5.522295154276728743e-04
6.493519137364413794e-04
3.407061297740189131e-03
8.193784988919370835e-03
3.757186810248266300e-04
6.747613422302047460e-04
8.800736132602535481e-04
1.359034619777078033e-03
4.380907452889050554e-04
2.956078120696397542e-04
3.826539718140506158e-04
6.979604997831369327e-04
1.897843405516649634e-04
2.556741171362872204e-04
1.260244968782880731e-03
8.682448300959881527e-04
3.493040960921314731e-04
1.724414152178293472e-03
4.371749713504452539e-04
4.692335329787111851e-04
2.288051256736307654e-04
7.670047568765064059e-04
7.139127485203763555e-04
1.622034933736438058e-03
2.959725965693738481e-04
2.223068810978098071e-04
3.980294146563338395e-04
5.764146674525982101e-04
6.232787828899445009e-04
5.342924175005905364e-04
7.752256998086897756e-04
6.643534782204992386e-04
2.109580883455164444e-04
6.460706104303494965e-04
1.260272753443927472e-03
2.558792137640377557e-04
7.900054907119524999e-04
4.111218679550253125e-04
6.847287979365487658e-04
2.235536753414726647e-04
4.611254743443107926e-04
1.393016009901991295e-03
5.627677447901664309e-04
1.136799113698990730e-03
1.607457717965435655e-03
1.724456712181771968e-03
5.155633628007082279e-04
2.286603953305604928e-03
6.177464016240207878e-04
8.659340233300390254e-04
1.865826744126371315e-03
1.169098655785092604e-03
3.885115009432818858e-04
6.556454066037145124e-04
3.149285292480368524e-04
2.283633744685566224e-04
5.735858463840050282e-04
5.067803128575659949e-04
4.864542956728218803e-04
3.421111292877946405e-03
4.558579856368817867e-04
1.514516289959797531e-03
3.098168079059327221e-04
6.710608700585340243e-04
1.062182970334659684e-03
6.890688795642310564e-04
2.875926095831037553e-04
1.525413949468588590e-03
4.296964546511653762e-04
2.813259237023902053e-04
4.144416561368861277e-04
4.358357395367834595e-04
6.000437729034245040e-04
1.051084181893419903e-03
2.852712457953564262e-04
6.085798056198481101e-04
2.286476603465514552e-04
2.408669721227988249e-04
2.531164420440785404e-04
1.113792658825944921e-03
9.822751505375315606e-04
4.128326736505140275e-04
1.643231415635906757e-04
5.550262681257707399e-04
8.493263405811792184e-04
8.733880166899996500e-04
6.232000096393525449e-04
9.837774701011883609e-04
9.889325993008445028e-04
5.400779570674876795e-04
1.980686945381678922e-04
3.031038881067689948e-04
1.044881400480243911e-03
1.117950753097721704e-03
6.238373939220584084e-04
4.814022151784534752e-04
2.962778362458865118e-04
1.454223639906535026e-03
2.416523592326547468e-03
2.160601907406222864e-04
2.498329529740112975e-04
3.417908302100738840e-03
2.669872835070758853e-04
7.334840070905609532e-04
3.007331165243522556e-04
4.010888099068987819e-04
8.839830434987062339e-04
1.121560790436788467e-03
4.296964546511653762e-04
2.636952847396529598e-04
6.021678146758289909e-04
4.411177499119045857e-04
3.042943831344306323e-04
4.826753477392472917e-04
5.626238736805407254e-04
3.927458794137042575e-03
1.174252723093255823e-03
3.884038778322647790e-04
1.336115995271008753e-03
2.555465810147403843e-03
2.774444477366984200e-04
3.084023036112437232e-03
3.505148290578244657e-04
6.745152807148265895e-04
1.281798243326777789e-03
7.179646962123624725e-04
4.078077231358610269e-04
8.975202208080084463e-04
1.419865799462129066e-03
1.091828306691252888e-03
4.020771957244770778e-04
1.016025643227426662e-03
8.899592610784833307e-04
2.441418572628938836e-04
3.216952871945248237e-04
1.128183807371967943e-03
3.191198709565254117e-04
2.868936486323269189e-04
6.456309679798425587e-04
4.799187041576732731e-04
5.397246874951955363e-04
1.123485701388240044e-03
7.641494693510984511e-04
1.908513621764918605e-04
4.815356789201820885e-03
4.485882978898059572e-04
2.029139861451578698e-04
5.547152195078218625e-04
1.237932780122939032e-04
5.242156901470627298e-04
1.118396407458872649e-03
4.533784313656327161e-04
4.938552165474770737e-04
1.486909167901135666e-04
1.010514027461174857e-02
1.806109143270648570e-03
1.366288399362534369e-03
3.496237876973682930e-04
1.899885435015759554e-03
2.341502456469207998e-03
5.128807391400064253e-04
5.143008390684956519e-04
9.047056507383051524e-04
