4.480114340537814195e-04
1.122233556145319075e-03
8.331970086817631384e-04
7.766139174236188440e-04
4.904352385007110455e-04
2.962324726818712432e-04
5.289039229301283193e-04
2.470685214208153519e-04
8.706250897110086751e-04
1.248071415731504897e-03
3.748804555070041475e-04
6.503383641749637106e-04
1.614310823352093196e-03
5.917701459492817747e-04
3.793528078775506196e-04
3.827129254942493843e-04
1.542479034373414083e-03
3.598880673246831487e-04
2.631544225052628535e-04
1.029597538399809695e-03
2.626303321967425348e-03
5.845771590208999335e-04
9.953546404691696135e-04
4.806134921521380680e-04
3.944809283489795083e-04
4.842147664618154661e-04
3.372788152821086884e-04
4.566167012177726700e-04
7.344970637367810151e-04
1.018321708751629417e-03
5.869656831968252325e-04
5.021803387071803243e-04
1.749963104003257608e-03
7.883894300911000125e-04
9.047111268013802599e-04
8.369252662712458029e-04
5.879475738968886842e-04
3.727273424034909747e-04
4.149049039398965133e-03
6.267887891225287994e-04
3.792588526247829442e-04
2.125427440251163695e-03
1.222336680766950489e-03
1.772233981214956519e-03
6.328279181734969543e-04
4.249400295040556188e-04
5.917609431760245719e-04
3.890873358299951437e-04
3.957406023305249775e-04
4.731660588635573823e-03
3.462256184967512371e-04
7.166817779116590710e-04
2.635457384464704334e-04
7.785886814797263623e-04
1.113080939805914963e-03
6.338498659492717300e-04
7.277878008713889848e-04
5.165355529647904257e-04
1.137078222384550145e-03
1.186613356303601197e-03
3.244819656120805172e-03
4.375021252796623900e-04
9.711331491986689365e-04
1.928345345495233263e-03
3.464768523241959432e-04
7.354782410864002138e-04
2.632481519533133845e-03
7.871308358909275818e-04
4.246874961715301671e-04
3.194265139903160623e-04
3.578241057413498669e-03
1.105020231651112966e-03
4.538190160901985092e-04
7.647912099106793501e-04
5.283308100260774957e-04
8.233839270319235704e-04
2.059862593298872249e-03
7.954523716408885142e-04
9.934639823972323414e-04
9.591437105872008175e-04
5.775952380553560014e-04
6.095236878546347404e-04
5.183785080335381358e-03
3.175390119734999199e-04
1.050189228894393657e-03
8.423963768272182224e-04
9.289431502162156596e-04
1.251394077063638748e-03
1.238093539580327257e-03
3.332366345281805118e-03
1.047530095567745633e-03
1.329222873380153484e-03
4.771030366738390305e-04
9.087042501633097943e-03
6.286136669972946156e-04
2.334973658784150231e-03
1.320068956378189513e-03
1.519469989252237706e-03
7.522306572175675851e-04
7.848353757397241682e-04
8.166057668514574213e-04
6.598912997822048258e-04
4.251635321553022409e-04
1.670469179571752814e-03
7.083683535226835849e-04
6.030266155025560369e-04
8.375717536687478067e-04
4.606304927697740001e-04
2.617220962319567420e-04
3.733139107541980323e-04
8.218582110654049176e-04
1.572513070988754147e-03
1.697777282290932090e-03
2.417383269550410583e-03
1.207253022649375793e-03
2.061143993054350158e-04
3.977783295302427186e-04
5.556153723784596366e-04
3.691519743750905033e-04
4.998159481494936218e-04
6.804858695390501259e-04
1.786168073381149118e-03
5.792961861051183813e-04
1.052043568158116376e-03
1.094051291686378791e-03
1.601669487215956174e-03
1.533114564081547015e-03
4.648964673554532357e-04
5.694256888565129866e-04
7.370557822566512970e-03
1.109091816056500136e-03
5.848631145255532397e-04
3.356651708176928550e-04
4.632839525739884277e-04
4.217692227121827412e-04
4.150897967674994677e-04
2.340819699585923105e-03
3.100379768871290315e-03
2.706720629828002493e-04
1.098697304754150776e-03
2.318246965886361333e-04
6.486703632058042537e-04
7.072424390934860337e-04
2.069332044003910007e-03
9.801749498187265972e-04
1.172348362746411824e-03
4.387799575730558775e-04
9.364610063540071416e-04
1.140705393377790082e-03
8.761407665409703168e-04
8.938255532253856425e-04
4.699999794254449597e-04
6.063261519297852894e-04
1.234191062022275054e-03
4.190847024845761881e-03
4.730638178401615538e-04
5.784311773189470878e-04
1.682661875582005780e-03
3.975637549937823109e-04
8.919763854489348677e-04
5.919225839456357038e-04
2.442573595627066298e-03
4.236606793703123048e-04
5.958141012506258964e-04
7.141284237422114217e-04
4.669201375062883739e-04
3.371387866923856915e-03
1.374733157691720737e-03
8.440994601206564842e-04
9.125738118175146527e-04
1.661183669485522029e-04
6.200737626335993489e-04
2.784481795360908428e-04
1.620200552501124304e-03
8.022401699940149211e-04
7.599356036895168814e-04
9.081008271794574266e-04
7.358822202248218713e-04
4.826781928397107279e-04
4.514046040997999991e-04
1.039893057844517871e-03
8.982118993377859878e-04
1.041134581621947636e-03
2.794922870118169279e-04
5.414586270561541582e-04
1.489590656574572543e-03
3.305304228302424069e-03
5.417718175658198677e-04
5.782042827825984669e-04
6.512314133519746641e-04
3.805040940777251984e-04
5.755578834068652162e-04
4.251661928485865887e-04
6.825466905854390065e-04
9.783392477782700686e-04
1.349665935997130389e-03
1.733036984338667732e-03
2.039677068834765735e-03
8.241519739815659357e-04
3.244288803932282410e-04
9.523418368007514076e-04
2.121267780142374344e-03
2.145784508949943360e-03
1.194686168105059962e-03
3.966753126930960588e-04
5.436761513798670734e-04
3.376598509003793727e-03
9.349564454570352158e-04
1.250421059576344767e-03
3.696543999037500022e-04
1.155456048821232014e-03
5.221172981999594107e-04
3.142641668948322354e-04
9.522996891476149346e-04
1.036813121172065581e-03
6.227186240379610320e-04
8.559130282175263270e-04
1.909864951064607326e-03
4.830962413018207260e-04
3.193895797344941355e-04
1.028851919951829239e-03
5.416392566191808840e-04
4.787688404150386890e-04
9.189572246055384636e-04
8.362068784495367817e-04
2.927794299194367037e-04
8.867266259552439170e-04
1.629614105828894191e-03
2.209510046150412951e-03
1.544858613976640878e-03
1.337928469573390318e-03
6.441457870935477208e-04
2.478652398323937227e-03
6.502680423284585166e-04
8.513907428396900881e-04
1.955980822522962893e-03
5.716169955117765804e-04
4.720460550752620050e-04
5.609896630905015363e-03
4.778580372227710397e-04
5.101561982153394320e-04
2.255628930426399799e-04
8.411788057295922468e-04
2.274394615075378979e-03
3.786599190040886975e-04
2.917794356104184278e-02
3.241284553203515641e-03
4.196113561786660065e-04
4.786615787785284304e-04
4.795539879551738546e-04
5.406673684217667194e-04
5.964964800475264315e-04
2.984668485889816337e-04
9.251768376552754313e-04
1.397252417103674168e-03
6.902114608505292154e-04
8.549426954618740988e-04
4.150609453892517738e-04
4.100045558827766258e-03
2.969877664144878306e-04
1.200296473307175139e-03
4.232731647836482044e-04
1.241425812022612990e-03
1.096694285115633414e-03
6.681454689044845569e-04
4.196113561786660065e-04
3.616202605851469363e-04
4.514803993203085164e-04
3.051895087225488766e-03
1.243785167458293182e-03
7.973308064710516807e-04
1.333944224262099661e-03
3.088249581856921636e-04
4.236400820787302899e-04
1.226889743520936764e-03
1.014328107711906773e-03
7.521727278876990698e-04
1.387935853099273162e-03
3.164549306080565848e-03
4.994341006028107932e-04
1.829491573621961492e-04
1.175142873878225972e-03
6.026855966657491915e-04
1.895936456304383793e-03
1.414683219792990361e-03
3.355985979324010147e-04
1.281261572155363354e-03
2.366809878063555559e-03
4.049229214463633810e-04
3.145982982177055473e-04
8.250830649602861749e-04
7.607183816231934039e-04
4.573669882840093823e-04
8.555136013504117606e-04
9.377490676988608229e-04
4.109907236484062467e-04
1.175621586720053792e-03
5.080983628441809296e-04
1.829459241389780636e-03
9.085293291480759162e-04
8.116741397160146584e-04
1.808002385225878717e-03
5.649980991045945805e-04
4.292550574412215070e-04
4.965065503245064170e-04
2.127181907110192640e-03
1.622754000495823775e-03
1.610363376498940170e-03
6.171831862581717443e-04
2.642262163225351352e-04
2.456741942433883670e-03
3.806211603202897995e-04
4.580536994460440931e-04
1.512982280648215994e-03
3.216962311513565237e-03
2.095097151493925344e-04
6.815732732063683238e-04
1.128525578653978264e-03
3.736672105588805838e-03
1.290982271271589373e-03
6.672268785479395148e-04
1.214560427626334678e-03
2.985590696196915210e-04
4.370723304962161070e-04
1.296176302603788393e-03
4.606901320231578502e-04
8.183472321239341997e-04
3.483576159601462093e-04
8.100382334737970570e-04
1.331172673682776055e-03
1.054756161105703006e-03
1.098179600777183119e-03
1.197675589451216395e-03
7.986661130883700079e-04
2.375644723817138548e-04
1.061425882115802233e-03
9.591437105872008175e-04
8.397424147949313512e-04
5.565510931199909575e-04
1.754232227933117034e-04
4.773146542699098472e-04
7.730328104903205766e-04
3.778913947615041838e-04
3.685175430107567028e-04
8.129337774939118669e-04
1.836275678157638178e-03
1.072185921755101044e-02
5.712392400269705999e-04
1.263313085309028354e-03
7.944498970145974981e-04
1.438760670214652738e-03
4.916652619827194433e-04
1.174870424605808364e-03
6.465905731466751408e-04
2.481934002639798521e-04
1.528652278116729218e-03
4.616914716240714698e-04
4.972636278848845603e-04
1.257310284462473090e-03
1.930725721699779471e-03
6.789507490077885139e-04
1.120639738736570277e-03
1.529094032390363985e-03
6.188386487787142639e-04
7.468345561540802938e-04
1.688929016155019417e-03
6.198065791383671266e-04
1.005789755516335680e-03
6.222125167765514813e-04
3.688161968120739630e-04
6.269997427869184988e-04
1.339999235855329762e-03
9.667233009229051453e-04
5.761997960030074356e-04
9.137128757714809519e-04
1.125229723702029236e-03
1.363768430182428102e-03
3.976624066090883743e-04
1.785091427236830917e-03
5.005387109670532669e-04
5.745728849981001675e-04
2.069332044003910007e-03
1.235757068887414307e-03
7.541481809802127534e-04
9.017931552707034301e-04
8.720467912463603349e-04
6.732998946786010941e-04
1.984318294914337415e-03
6.821021154601641847e-04
3.577015770867960297e-04
1.295655310607239305e-03
1.769502313970808607e-03
1.003659698441482662e-03
1.489098600170156959e-03
3.836396766681556079e-04
1.060266688010961817e-03
3.127598110194442752e-04
5.139024138559722789e-04
8.974345573505871374e-04
9.787617563567947709e-04
1.009457304827423565e-03
7.159895473611183362e-04
1.242393595369780442e-03
6.134982937415684769e-04
3.169943750965374240e-03
6.875618624160620114e-04
1.572717304708819109e-03
2.529001696554193462e-04
5.071094843643510902e-04
1.380359191780484345e-03
2.685192033364731425e-04
2.116211187493029135e-03
1.635652884980652155e-03
4.645289686594507414e-04
1.271342213053565850e-03
5.518604142750772878e-04
1.141862949590617292e-03
4.928533758988812687e-04
1.194903466978845330e-03
9.492102670777065494e-04
8.908653724990537540e-04
2.134512516142634143e-03
4.906354159608128937e-04
4.595824712840409186e-04
2.679366912255179358e-04
4.038982616569721049e-04
1.090362934298794249e-03
5.878915481614978549e-04
2.504950978596559726e-04
2.598644059755649102e-04
9.186128847140716085e-04
7.550234854151516078e-04
5.310126584561605583e-04
1.021607027725440547e-03
1.077411703654647477e-03
6.502680423284585166e-04
4.219020790048518552e-04
2.668935876659929429e-04
1.194903466978845330e-03
5.571515420916998496e-04
3.808800568476210647e-04
4.327080006262042393e-04
1.902709909385044088e-03
9.693550966428542874e-04
2.386928994675176501e-04
4.935903349675240101e-04
5.835171616357291919e-04
6.489684510265330544e-04
9.554227579259261640e-04
1.316843060804947715e-03
1.255063381931255774e-03
1.620707297288607454e-03
4.505172672336798969e-04
4.952526752823501735e-04
2.692472850270731435e-04
9.413953158934097731e-04
1.179160945962459683e-03
4.026141849013651925e-04
7.177155940949385632e-04
3.437515559433336281e-04
6.867767288512306159e-04
1.393774418282549407e-03
6.068231101749197928e-04
1.514986314245752317e-03
5.081661360202041058e-04
2.339039068958390923e-04
2.282334191677373638e-03
4.573083792336445075e-04
6.022374428170623566e-04
2.197180777824881727e-03
1.356878016187734477e-03
3.805040940777251984e-04
5.677320397615149812e-04
1.013222739245674044e-03
4.974306759841348648e-04
4.317893355302305754e-04
5.214174659620416687e-04
3.793657181452251962e-04
4.529997909768620156e-04
5.100361565201258062e-04
1.261125116063266079e-03
5.316261427035936203e-04
3.782247083130954894e-04
9.451236258232709967e-04
5.297944163789391299e-04
3.359987903202893054e-04
1.409753009083765558e-03
1.095047720522229805e-03
4.462506238268993492e-04
2.316284224025213362e-03
6.036305499587902787e-04
6.472143843567968379e-04
8.484997756224255073e-04
4.371862593531722374e-04
5.283308100260774957e-04
2.073541381755031104e-04
1.101198917222967347e-03
6.918941577612311346e-04
5.512110178854526862e-04
7.583169910368432829e-04
4.752883189752709812e-04
8.774412349197236111e-04
2.567864837803496064e-04
1.620375219148575009e-03
6.133283193514386380e-04
8.021265264977929651e-04
1.642443935566480998e-03
8.042679569246781717e-04
3.802822711993921693e-04
2.019950479043948997e-03
1.314566882599908174e-03
1.159770836358624789e-03
5.110576816960065924e-04
4.590272686164744223e-04
4.404847330127343251e-04
2.048043853571664130e-03
3.226481359071621839e-04
9.871221647039689958e-04
1.529964116987115935e-03
5.583311257897376938e-04
7.682916821522022856e-04
1.414668670374737060e-03
4.600214535907077109e-04
1.039994754179071222e-03
2.690117178990370818e-04
4.608193235298794349e-04
6.514165242694081991e-04
9.390896654817722754e-04
3.528109805018498019e-04
1.004617046668865570e-03
9.618852514785185617e-04
2.755703071544706871e-04
1.831442333267710052e-03
3.024982907888763796e-04
2.201890749083118635e-03
1.843021701587586880e-03
2.221035554829949889e-03
1.386444717765382200e-03
1.479199818850820535e-03
8.239030031128554213e-04
3.360619765492892075e-04
6.574467784498016967e-04
9.797278472308658739e-04
1.805277380442351764e-03
6.205620620791552512e-04
2.917329005369589945e-03
3.994921591271215168e-04
1.759862920127952838e-03
1.227495258306544445e-03
1.725185678819497314e-03
1.424874158966209139e-03
1.302647626721832727e-03
7.553903502218367637e-04
6.768291553094777291e-04
4.470769334161297896e-04
5.855917249213668562e-04
8.308988274039135575e-04
5.095433032004263512e-04
3.347440708290349036e-04
8.799782018994313200e-04
3.755611372584737430e-04
8.254507459870452819e-04
2.634357397470892285e-04
4.771511829348899325e-04
3.174666246343358722e-04
2.607923873403557649e-03
1.553387031550276538e-03
3.499148341776443837e-04
7.072230967917097263e-04
8.595062120546527072e-04
1.297069304451449381e-03
7.769893559304346048e-04
3.833957089241498773e-04
1.251816315502909819e-03
7.072424390934860337e-04
7.487135196112763413e-04
4.841729004283100370e-04
3.395589276084914334e-04
8.832943785030176282e-04
8.655074207666252697e-04
2.038074043257316094e-03
3.356651708176928550e-04
5.157377886881085814e-04
1.179570094662664870e-03
6.243175411609278025e-04
3.735603975950841510e-03
2.192085244366069130e-04
7.560045378199344284e-04
3.917273850522304691e-04
1.012893103847348642e-03
3.654971552476099072e-04
5.777860057136351320e-04
8.794297807084430285e-04
5.212927103426960368e-04
4.980500862776999268e-04
1.380359191780484345e-03
6.003847746307595240e-04
2.008565297195801468e-04
1.263989314480837073e-03
8.881125307029673951e-04
7.046686025417771976e-04
5.131835681244565055e-04
1.252143573977672515e-03
4.760381851151802087e-04
3.450725974761751757e-04
1.169541187164765093e-03
7.233927664162586929e-04
8.871721794312248518e-04
4.705447162837049697e-04
7.506898799036174378e-04
7.029773777329219016e-04
9.718559987012978605e-04
3.935953431142447004e-04
5.240883097620288806e-04
1.688929016155019417e-03
7.352831196647731946e-04
5.980033640970896635e-04
3.070827838885855244e-04
9.556543459579687700e-04
3.812086445572185930e-04
2.864186409050143703e-04
1.186159241561791401e-03
7.020267127271391516e-04
1.001204680771153972e-03
7.328345983760248608e-04
6.825481442423584526e-04
1.541075363657575881e-04
2.445400396547585051e-03
4.985758347994211212e-04
8.076691430694212274e-04
2.490223190880117661e-04
7.027233567492823917e-04
8.557661874103077507e-04
1.899965706767520147e-03
2.020176952785363023e-03
5.929638354947167674e-04
4.895886469101838438e-04
2.055880861369601895e-03
5.269219567651331221e-04
6.533335648330624570e-04
1.949672775035081636e-03
1.014209949111191406e-03
4.226566595461710824e-04
4.437176448427235915e-04
2.942354657296843688e-04
1.208066569078935278e-03
2.927129292488061976e-04
1.803373180341289307e-04
1.843223093199737703e-04
5.667900579280298447e-04
3.819128526786085866e-04
3.154765576600964587e-04
5.588505521619003538e-04
5.392751490903980975e-04
6.950971595972417700e-04
7.883894300911000125e-04
9.141154703539807651e-04
9.077233848240280406e-04
5.600709843547731171e-04
1.864326616778557181e-03
1.304694031019206207e-03
4.446448333275421780e-04
3.646080327433265400e-04
5.971203896287986552e-04
7.630003575221649828e-04
1.622023383872166257e-03
1.090381676977394574e-03
1.242955895310541865e-03
9.433490358828512798e-04
2.914199543495324071e-04
7.222850186039763516e-04
4.251661928485865887e-04
3.805375561391119953e-04
1.266578864434921622e-03
1.256029441514339932e-03
4.447880262319513960e-04
8.353957403759385697e-04
6.206581876791037638e-04
1.411652773028406263e-03
9.905303674040289580e-04
4.398305337560731894e-04
8.410887733629205049e-04
1.304564772739208586e-03
6.779279392598911531e-04
9.835393437096040352e-04
3.107186841566388687e-04
7.026220732442840875e-04
1.956754384014121502e-03
1.774341695315332246e-03
7.230804773095224954e-04
4.762449204543139675e-04
5.759462131857548883e-04
5.401632280098080541e-04
9.355711528877368177e-04
8.493805565952046617e-04
6.362107680021595983e-04
9.447437486226941674e-04
9.095940784086487202e-04
7.521536496222918115e-04
8.376075270150087600e-04
9.336660127535294489e-04
5.676423993061428764e-04
1.110225582735302561e-03
6.086188293063309702e-04
1.585345555862757239e-03
3.245652505037813131e-04
3.929354697244366763e-03
4.290550181339329583e-04
2.636458024861314882e-04
5.673887427471932272e-04
4.038454448848612707e-04
1.749724727447566838e-03
6.506428294863707534e-04
1.180444489777167719e-03
4.994341006028107932e-04
5.780889585879036468e-04
4.937442334605463131e-04
7.590242438587391531e-04
8.799372799731313907e-04
1.601817936743340186e-03
2.607923873403557649e-03
6.481807716532415669e-04
6.088224740491286931e-04
1.534531152286003038e-03
5.972998468912647189e-04
5.693465241085721683e-03
1.724055590561595014e-03
1.012893103847348642e-03
6.483561297868882653e-04
5.209300313026208294e-04
4.800655848284232164e-04
1.857001688960626014e-03
3.810267218432988596e-04
3.658684390219694277e-04
1.106033243995720519e-03
9.214207675698487697e-04
4.851010718544582451e-04
4.986616058843055784e-04
5.125793701608819669e-04
6.142494451996261678e-04
8.333117064078879050e-04
3.252909019563426192e-04
9.667233009229051453e-04
5.473964172812030961e-04
1.256069866017519698e-03
2.402425448032875202e-04
4.618413620275987072e-04
3.992289676409590659e-04
1.162589390129557896e-03
3.441914728534223094e-04
1.154349862530506263e-03
1.382926487540821333e-03
2.148648837431924984e-03
4.219634880008030957e-04
9.454071123819532407e-04
6.409138829752691890e-04
1.304888791387274214e-03
1.886968299711412307e-03
1.309564419886305670e-03
2.133364033917991252e-03
1.895318878848235291e-03
8.031433981524603062e-04
3.907543937348612224e-04
3.197867160304601478e-04
1.993569451654895932e-03
1.713655985449159249e-03
7.487898791772271438e-04
4.745433669071341372e-04
9.243791065607580683e-04
8.414672585947193537e-04
3.093006717330508935e-04
5.023726596224019000e-04
1.192098155753899954e-03
3.325134216302155971e-04
9.903279845049901657e-04
1.720842887081296428e-03
8.489359852689211264e-04
1.772811025896673699e-03
1.598200423591997774e-03
5.513041865147538020e-04
9.489664289254476576e-04
5.960145711066964017e-04
4.842410168635022404e-04
1.166643089359591318e-03
4.355742597139707593e-03
1.719879145264481871e-04
8.678169786401753946e-04
6.377338361630545144e-04
3.593498647797797050e-04
1.410057364132492972e-03
6.269997427869184988e-04
6.364908248146513388e-04
9.491139929438312337e-04
1.897426262901761576e-03
6.687201851356848123e-04
4.219020790048518552e-04
6.246657023508362869e-04
6.089428534338372839e-04
1.279072958235869147e-03
3.731810628505032750e-04
5.051930205258404940e-04
3.378046236141960695e-04
7.141284237422114217e-04
7.796332882387062941e-04
1.246134998131294500e-03
9.742106543829934153e-04
7.834385476918065286e-04
1.204480216570629880e-03
6.916823830500540195e-04
8.088083912570355038e-04
1.194562670649055528e-03
2.243510850958441508e-03
3.725323576116116729e-04
1.507496402687503448e-03
9.827114441059367489e-04
1.381222065776593682e-03
1.255584294039103523e-03
3.137494722749892924e-04
4.740949959412318741e-04
1.271069826597824798e-03
3.769769203444745713e-04
5.337185823661340237e-04
1.342305040745809521e-03
6.447158927257689827e-04
1.604939912781048550e-03
3.091993640118978460e-04
1.307647324383810501e-03
5.101425750659723760e-04
2.370245342490763605e-03
2.617220962319567420e-04
8.150920169698917545e-04
1.590547039170167858e-03
5.849193566989032041e-04
7.092230811335413282e-04
9.988358835592355423e-04
5.749815685968604753e-04
1.484294164780342300e-03
1.228501133168910693e-03
1.047838760793364226e-03
3.169943750965374240e-03
1.000526059775628087e-03
1.320895054176917608e-03
2.121267780142374344e-03
3.642002731506178092e-04
4.273046426402185333e-04
2.049850235930355744e-03
1.164273394989228999e-03
8.375717536687478067e-04
9.917427418209274863e-04
4.153750453369670363e-04
3.861472439479693430e-04
6.866187314681662613e-04
7.796332882387062941e-04
1.526614330947254983e-03
1.666215651357107761e-03
5.859988977801113301e-04
4.222763056511009668e-04
3.129052807391575477e-04
1.006367629946706543e-03
2.655222010614954713e-03
9.986625189707780143e-04
3.799034561668036694e-04
6.241006096655273092e-04
9.116706413198056962e-04
4.742020821458014569e-04
7.644020241476560604e-04
6.499299048688636938e-04
8.761852637051415187e-04
5.117463513290896162e-04
2.387021775706191142e-03
4.035623759691254575e-04
7.956693222074926082e-04
3.105183142257265071e-03
4.825468495395344071e-04
5.839573409950554001e-04
3.635654809401143864e-04
1.118188873262958684e-03
4.998516372887231449e-04
9.765243610715390859e-04
8.243047898131574628e-04
9.718559987012978605e-04
4.648137323333932105e-04
4.418176009697252662e-04
6.202184895589354539e-04
1.435657835846503244e-03
5.745728849981001675e-04
4.811978261847394854e-04
7.619063340058779450e-03
6.403260044896133063e-04
5.435534945289170619e-04
3.070900277460642241e-03
1.001050154805516786e-03
1.727469175436856588e-03
3.977783295302427186e-04
3.658973282087589550e-04
4.109829415357886279e-04
5.742920795866524909e-04
1.001235340441692908e-03
1.197262257834406105e-03
1.321877657170571381e-03
5.588505521619003538e-04
6.948686799780567870e-04
1.100464290966524745e-03
3.989921242395414835e-04
1.252029932326892761e-03
2.492405186781809692e-03
1.138103669059893977e-03
8.501420759624807918e-04
4.201777140939120256e-04
3.546034446600346973e-04
6.672268785479395148e-04
5.673266114403353703e-04
4.722512846077843635e-04
7.757572146932125009e-04
9.075566492226390912e-04
9.525100228634870905e-04
6.035438804969443490e-04
5.499124372520061439e-04
7.829643176656002389e-04
4.633561271027055307e-04
6.886662956824723177e-04
1.185245161100482265e-03
4.360986226431865192e-04
3.332296288470820906e-04
6.657004051063932816e-04
7.279623044468141882e-04
2.968682970750887058e-03
4.528472720620867632e-04
8.781297216727784564e-04
6.582023165336311045e-04
3.592922040362627541e-04
5.865853886559712661e-04
4.675785553989576337e-04
6.434826428463294619e-04
7.671525715660914430e-04
5.919001568882583742e-04
5.250617498593207477e-04
1.250321894287519889e-03
1.042631315891728383e-03
3.816477461470424676e-04
3.275960607737759493e-03
4.198066108438762933e-04
6.289437235993699561e-04
5.893364315237752463e-04
1.194686168105059962e-03
3.034275888424881637e-04
1.152115100285249286e-03
6.030326442242280906e-04
3.191899613358864887e-04
1.033273564679622857e-03
5.915950851050584070e-04
4.953682208632064583e-04
1.483277096938726653e-03
3.989773563406938351e-04
6.307206843075290233e-04
8.730468100956360151e-04
8.188909693138562464e-04
9.054615166556053254e-04
1.056899893601835573e-03
1.060266688010961817e-03
3.932487561017067030e-04
1.038634365403917495e-03
3.999806330415437480e-04
5.964964800475264315e-04
3.734084896921122045e-04
8.962305070900141064e-04
2.894433305850301215e-04
1.037892605966556992e-03
8.030992687784234982e-04
6.544941508508421652e-04
2.324552168955938778e-03
8.333117064078879050e-04
2.304326792973116302e-04
8.358209709123630166e-04
1.995454636458167549e-04
1.521349180967354782e-03
2.187139004677524914e-04
2.889551734680914272e-04
1.393911661907519528e-03
1.956779073125421153e-03
1.424874158966209139e-03
4.880515510643267997e-04
8.057456995436742533e-04
6.993532574480894283e-04
6.458065842346351337e-04
3.175558519638973978e-04
9.580973316557945011e-04
6.269965145277216429e-04
5.863627028859668723e-04
5.779271606880782928e-04
7.550234854151516078e-04
4.947215257560783714e-04
9.809708217272468563e-04
9.310674491248026102e-04
1.895051669906283468e-03
3.114167320027265689e-04
3.430917247053411057e-04
1.513726695302383338e-03
3.688161968120739630e-04
4.652922251116344823e-04
