6.529329108410748209e-04
2.163172765614037110e-03
3.343446081515326958e-04
2.690778423301326723e-04
3.737719478839488050e-04
4.803412544026957557e-04
1.985624232878675614e-03
5.289668444157319621e-04
5.030225535820830561e-04
3.906996270074006923e-04
6.209763050995570268e-04
4.841551074827294245e-04
4.274128682760383689e-04
5.679947697792525445e-04
4.204436768063500043e-04
8.373975031884432025e-04
1.061094502092448837e-03
7.859949852208020053e-04
8.640717188382042403e-04
6.052185056531268238e-04
2.565496152256123300e-04
4.282633904023250130e-04
3.633571667156704817e-04
4.284779615051680438e-04
1.720675175530262269e-03
9.828069613471309383e-04
2.610345178461329400e-04
4.278603151307480614e-04
1.058270319760470750e-03
9.966692776423487221e-04
2.198530444946561555e-03
2.326476232253880255e-03
1.738312994373065329e-03
5.540321900919320877e-04
5.839786793553136202e-04
3.360320346905190094e-04
3.526592751232510712e-04
1.231754015394925621e-03
2.292965033530083440e-04
6.134169759097652004e-04
8.738619863536105240e-04
1.364743294939996113e-03
5.693604702365003293e-04
2.991385185247364483e-04
6.006355992074563022e-04
5.855644171481290882e-04
1.274875888060978454e-03
7.573925681941633386e-04
9.205023376768053716e-04
4.999596227025895944e-04
5.388398065856476061e-04
8.761671787447037870e-04
9.627511926096447847e-04
3.157157591088965596e-04
2.991395050513001217e-04
1.321917714778802480e-03
7.224253668015246559e-04
8.144851549197822897e-04
5.706266770572805420e-04
1.110222118845689701e-03
5.133648617861082813e-04
8.022356178038533153e-04
6.703199399687840730e-04
1.557987319731446007e-03
1.017095751534829139e-03
2.286730793218332003e-03
1.352984867265866979e-03
1.172622517490470948e-03
1.689971124328818472e-03
9.680493738802303924e-04
7.125341311121232389e-04
1.656097371248217969e-03
1.403962888264886043e-03
5.877481303494036047e-04
5.707816177325854843e-04
1.156636866603309895e-03
3.203882976694878097e-04
1.072546411420220768e-03
5.492290080260570691e-04
5.742024518973745575e-04
1.730950697674596243e-03
6.391969421456390353e-04
7.442174567879891950e-04
1.165864294065232848e-03
8.998197446945653977e-04
5.845985920014617164e-04
4.570450953948542870e-04
1.979404362389149217e-03
7.651909418203823275e-04
4.190624197826376806e-04
4.456669329255207425e-04
8.453915562981562191e-04
1.313297327032955783e-03
7.391774954358038604e-04
1.401596514575785156e-03
5.325038995798438103e-04
3.445193045239973808e-04
1.166761458997765243e-03
2.771938859893435369e-04
3.074012662986668268e-04
2.517678947360118061e-04
7.541951673399107390e-04
1.127940993777147181e-03
1.450244547891260194e-03
5.367780992868913335e-04
9.482273752202673460e-04
2.499872853415351396e-04
4.178199661258933089e-04
4.791833346309622588e-04
3.069656020070035186e-04
6.139103524107130012e-03
8.890779964981636611e-04
3.782524209513000047e-04
1.150076118336449890e-03
2.293344357810670853e-04
4.074238892175863018e-04
2.186744238751138231e-03
6.310136951908636811e-04
2.248257904336611001e-04
5.379500838680924138e-04
3.245527268136452715e-04
2.756221337015556192e-03
1.576238872587211676e-03
1.445201658087147401e-03
2.642284349239915476e-04
5.564214908965652365e-04
1.870277094670572864e-03
4.597978445506529523e-04
9.218583500155801136e-04
1.017095751534829139e-03
3.432398097380155288e-03
2.597099933438513832e-03
8.764566028973971119e-04
3.809401914837187686e-04
1.048987848107641764e-03
3.598105333952692094e-04
1.138877043032455582e-03
1.681808815854251909e-03
4.266628199200174758e-04
3.634899951443121583e-04
8.463367490059065011e-04
3.357505647706948183e-03
7.496462947125120697e-04
2.140679386463238080e-03
1.187772183112600303e-03
1.184725516637282839e-03
2.206493347886124331e-03
1.849598591234810499e-03
8.700566784712708297e-04
1.301965645564106492e-03
1.588115132371717289e-03
2.771918436832931866e-04
1.194147482570315959e-03
1.224151357424596792e-03
7.200008085980146542e-04
2.574444778965364819e-04
3.054886132090258474e-04
5.088851358879182586e-04
9.594131940638217591e-04
1.630926941638378806e-03
1.675603794055210267e-04
1.150898478501367894e-03
8.167264398494417403e-04
4.013816249036015462e-04
1.501049893196664594e-03
9.369355443950712998e-04
5.847330343445394062e-04
3.557120293906236683e-04
6.447322349841432204e-04
3.433256579601439524e-04
8.328545038060401317e-04
8.699393180827293386e-04
5.657069146750968612e-04
8.111169420208719704e-04
1.252493663264533713e-03
8.364247241776086132e-04
4.230403166429835501e-04
1.260074831776233310e-03
2.901405806525214365e-04
8.001014253561280348e-04
4.463191938482915112e-04
7.260974407839706135e-04
1.648385027305115675e-03
7.277120813237338134e-04
4.195696248006397272e-04
3.314378983976846603e-04
1.394994259256611933e-03
7.847871745158084946e-04
1.133185132275906035e-03
9.725693310755102738e-04
1.087251342666126826e-03
1.443680986449644111e-03
1.279536757626890649e-03
1.444789602597465559e-03
9.303492334932205463e-04
7.899443562218559384e-04
1.620334175240547030e-04
6.082973637295652864e-04
6.602280477172561531e-04
1.052233746711320455e-03
1.712081823437469966e-03
5.934237330745389385e-04
5.033411380305680182e-04
5.952570323634338422e-04
2.601507084380349144e-04
1.503401615511801813e-03
7.282324150480714220e-04
9.458769689750649075e-04
5.099991266627466099e-04
4.229839714357380969e-04
1.329707563612450181e-03
2.240055734441212618e-03
2.160162018700246406e-03
2.541875197993080128e-03
2.284266185712140618e-03
5.375048143982507232e-04
1.774767967869231766e-04
7.014731889278513202e-04
4.821913174410295496e-04
7.912076364541017039e-04
1.995449507775721911e-03
4.796605594701481862e-04
2.132674272500129000e-03
7.520578453585047545e-04
5.740690717873505548e-04
8.718345372132585121e-04
5.652094837402192162e-04
1.688581561918250191e-03
3.972521483766784135e-04
2.035608025382853754e-03
7.378222588787308007e-04
5.129643251932367899e-04
4.451408488262980517e-04
5.128916009217306896e-04
2.868673072785648571e-03
2.802383928298627074e-03
4.926366528083889066e-04
3.627816299363675629e-04
1.004250167231366926e-03
4.941367932412210270e-03
5.649336675589909347e-04
2.676549193069014732e-04
3.269647661650622837e-03
1.280407022069419325e-03
9.930749420278108322e-04
2.125247086970108879e-03
1.646523507334847741e-03
2.807075612537451880e-04
3.510951631182185838e-04
5.738109271407138218e-04
1.214783635274032693e-03
4.624083762275467109e-04
6.177704238749430823e-04
5.143396912355086611e-04
7.021814661806597942e-04
7.370525765461300415e-04
1.406314090595485846e-03
1.750389420461350830e-03
9.810950445796806293e-04
2.787735100680707647e-03
1.531954093082194110e-04
4.057729322583662518e-04
3.234527193105998051e-04
3.206173334099068168e-04
7.605880317416445534e-04
4.731691995917171323e-04
9.432505423728742297e-04
1.206589844827754077e-03
3.541635337247426825e-04
7.783660714722496219e-04
3.931787019001480791e-04
8.298357630181990921e-04
4.739891892383524914e-04
1.138877043032455582e-03
1.488975553394073208e-03
1.739291744786466021e-03
1.948074537607259868e-03
5.362534015840823842e-04
2.636606858772583967e-04
1.095266835686064090e-03
1.818733709164097132e-03
7.102206898510923880e-04
4.389980462760179167e-04
1.306864311755514662e-03
7.390029812621497652e-04
1.455962570220064841e-03
4.480273609680467790e-04
7.705647860560710946e-04
3.062943719793326768e-04
2.009499058953670599e-03
2.418759506395647130e-03
5.192959686797954692e-04
1.530522902997608417e-03
8.091392870808915630e-04
8.854429648625150367e-04
5.742519303077494707e-04
4.180129381735815143e-04
2.537905102883816939e-03
5.430549178548380951e-04
2.229883899066528036e-03
4.021844833364329264e-04
1.378016860819991380e-03
3.355811719453408301e-04
4.604824681695650866e-04
2.293648019193956448e-03
5.250204255508892975e-04
4.326740375394269957e-04
3.283645046052087457e-03
5.987468982030533194e-04
9.516881012600910371e-04
6.963125932379227992e-04
1.083679020297900666e-03
4.269174897607345910e-04
5.869752939128794911e-04
2.876423222827126781e-04
4.821591680690770097e-04
2.615469709159904885e-04
2.690778423301326723e-04
8.553736894348626992e-04
1.589119241062467028e-03
8.410668076407935585e-04
2.556944985566157996e-04
3.651987106792613800e-04
5.924853623238962716e-04
2.095849389824083926e-03
5.500408692860835579e-04
6.200818468799544842e-04
1.349278954263109266e-03
4.577854253147840922e-04
7.296774157105397497e-04
2.058470903320392623e-03
5.033411380305680182e-04
2.298604699610362579e-04
1.048987848107641764e-03
8.375819304731884100e-04
2.028982026197506704e-04
2.859137945819601768e-03
2.071107801816663395e-03
4.837083745211200199e-04
4.027071256420152704e-04
9.507128898431969986e-04
5.129643251932367899e-04
2.876061107800601305e-04
7.941589388791562730e-04
4.250958279276191576e-04
1.267008964259616838e-03
8.742612076300647090e-04
8.216021141399374632e-04
1.588494383386147672e-03
1.016718190692251274e-03
3.644426896865433680e-04
8.663076604577715605e-04
3.011027192189166053e-04
2.083859545039615409e-03
1.653153265383118129e-03
1.227332280691550981e-03
4.420960035837566242e-03
6.809176834679426821e-04
8.822326333266215532e-04
4.914912951547981048e-04
4.096785366012509178e-04
4.361100513866470775e-04
4.491173658439856563e-04
5.945726619368895500e-04
1.699013883124797552e-03
1.328512975247557416e-03
1.035838606411277826e-03
2.399034737082732498e-03
2.621933634533894514e-03
3.444717735205860194e-04
9.053601501565099663e-04
2.150564150609795243e-03
1.793954902319254202e-03
7.451544092546961463e-04
3.235578623815521613e-04
7.204211205939910169e-04
4.888986288290289757e-04
3.042527180986783668e-04
7.680540604619577084e-04
3.597673494569284956e-04
2.165135264005304920e-03
9.211855746206986089e-04
8.869819375471289184e-04
6.638531297311924245e-04
2.353679978936205550e-03
7.346647412378795594e-04
3.516108975113099852e-04
9.135343966341125154e-04
4.265216846548306774e-04
1.498760406351464219e-03
4.862087520762221719e-04
8.197442946902464521e-04
5.262804201040378839e-04
3.726554690637096968e-03
1.746530926698689834e-03
5.157804985044291135e-04
3.914554404542479153e-04
1.104843288635110922e-03
6.722254001149228922e-04
6.711328724423957365e-04
4.757967458026609035e-04
1.839364239541168384e-03
8.102908119553590364e-04
1.443283316397264140e-03
7.271789397668473312e-04
3.758759577752706759e-03
8.758780004324995955e-04
1.139324698859256425e-03
3.265551771587830521e-04
3.640687910701720397e-04
2.993287543673429701e-04
1.452244658413042507e-03
2.628294024046884912e-03
5.177773298234638688e-04
2.445373335853988968e-03
9.704977831842626296e-04
4.832497769263421569e-04
1.856181671963941454e-03
1.586791332928898582e-03
5.403366267517245060e-04
8.060735042633034551e-04
1.019061595255522099e-03
7.079208793275281212e-04
1.316581663539502902e-03
1.259100261210684352e-03
4.478637912050350330e-04
2.035442777739081190e-03
2.268972126893213127e-03
1.359749407202754962e-03
3.186835493884847899e-04
4.081254783230944707e-04
7.340213248440243584e-04
1.117753422163600494e-03
7.786534438819838226e-04
4.402630283941831460e-04
9.117010007211735594e-04
3.935719090479010852e-04
5.567670558657372790e-04
4.304300005026814304e-04
8.385561188537466815e-04
6.028030620069007618e-04
6.506853545159411480e-04
2.708707673498446985e-03
7.708592444064979021e-04
8.599770388795174945e-04
5.120877571608591214e-04
7.921643744541946889e-04
5.777881341890255375e-04
2.487614025330269103e-03
1.149979952610536869e-03
7.034679980018599104e-04
6.914850322986300628e-04
4.217993609560436374e-04
9.529287089580327098e-04
7.107883648397263134e-04
1.780960096377339321e-03
5.758406610364317450e-04
4.419200374637874949e-04
3.692259236768425756e-04
2.121362547784464390e-03
7.413222653813324571e-04
4.447738081740527775e-04
4.633920577562978160e-04
8.375819304731884100e-04
2.949986373548562127e-04
4.754707544225759454e-03
5.930243985622088909e-04
1.119800227828241955e-03
4.657509696691229011e-04
1.323124319139340780e-03
1.026407807826145617e-03
9.791074439066567697e-04
1.190022253779646818e-03
7.238014619185694117e-04
6.630263716775162833e-04
2.418135208037160058e-03
4.607337392497328345e-04
2.200811376569830711e-04
2.776493002009241076e-04
9.766501526976777668e-04
2.533389446444407741e-04
2.776493002009241076e-04
1.037094580409010040e-03
1.502053945818457130e-03
8.009614730564749508e-04
4.058628235126826860e-04
5.157285073732843566e-04
5.679947697792525445e-04
9.528454269005018351e-04
5.620159005641927902e-04
3.463910898674257138e-04
3.980411432782745185e-04
3.182448489276532965e-04
9.117010007211735594e-04
5.228184985938041365e-04
2.807024614024731645e-03
5.031699967134704724e-04
2.688084383453331894e-03
7.053891028068737506e-04
6.995235612334999584e-04
2.327936761009172847e-03
3.505984070656525953e-04
1.476606399824889658e-03
2.336506602545581268e-04
4.534573438173504500e-04
2.617687484509084381e-03
6.299014530757248180e-04
1.064146829379725243e-03
9.164917048678566458e-04
8.017958771340167896e-04
1.249767169349950014e-03
2.500494762491263078e-04
2.736198377693295491e-03
1.021027251916965892e-03
7.195836512217632401e-04
1.239094081323791497e-03
5.625332704639028365e-04
4.259138204119552085e-04
1.391427468530393721e-03
1.181482993612296582e-03
3.124162496558260862e-03
8.780442409478230251e-04
1.138449343053334799e-03
1.483890120057375795e-03
1.140879618348834617e-03
4.623710825900633099e-04
7.932013425432671858e-04
7.346647412378795594e-04
8.480940388223197910e-04
9.976693621954739900e-04
6.924977506744951468e-04
1.048977743150913619e-03
6.204630413784742405e-04
1.170551242834330695e-03
8.468547931220277636e-04
5.862009406547080345e-04
3.075918860550198451e-04
2.704191689638827268e-03
3.473986550732830088e-04
1.429194997900297068e-03
1.542236236802838403e-03
3.486102239964480290e-04
6.391969421456390353e-04
7.566677917714427189e-04
1.136327436051833223e-03
1.695783399091365827e-03
5.089722238519338478e-04
1.053820536456167700e-03
1.140192687094626145e-03
5.912168766164129083e-04
8.115377096743135428e-04
2.102769712659460083e-03
1.038250669912883957e-03
7.660135657226440362e-04
1.419589150359059151e-03
1.252221145397344531e-03
1.072202951783493129e-03
6.237610136152693056e-04
4.717508177600125393e-04
1.859151765768191338e-03
1.209174589752741794e-03
3.963888173612059129e-04
3.389223803352326195e-04
5.656264502101378960e-04
1.025459204079001577e-03
5.641774294052578952e-04
2.184811432986694286e-03
5.305763269728620314e-04
3.173381211733035585e-04
1.181647944541455112e-03
1.380077936387044029e-03
4.635970844430863124e-04
4.276473288090287448e-04
4.506215946901173620e-04
7.918646299044002123e-04
5.596105986623506941e-04
6.233463128694621000e-04
3.491991057905559641e-04
9.147158455429230854e-04
4.270920556689150713e-04
3.043721165127070971e-03
6.910617871474757567e-04
1.107848329564348070e-03
1.069398439528094526e-03
4.812686719435828884e-04
1.141165070026961634e-03
2.332198156738349575e-04
1.166430599058917257e-03
2.448972734313688195e-03
1.386555279777695621e-03
6.833184429915972139e-04
1.385504758247711223e-03
8.660408798416607866e-04
6.893647456897542295e-04
3.155429484612449630e-04
1.248386171649170989e-03
2.156213938929046198e-03
4.127796277463818939e-04
1.313413217126566980e-03
7.083553886899222928e-04
6.666541454911505170e-04
1.713043930067157652e-03
9.497091869674298978e-04
1.797736088222518511e-04
6.676091440701050189e-04
1.113880080865734283e-03
5.738109271407138218e-04
3.936913902563906752e-04
2.791027723489457974e-04
1.656735030152163210e-03
4.620627550962237294e-04
5.812043118328634461e-04
7.474038530155701797e-04
6.604071931030082009e-04
7.909724071727487803e-04
2.689214903827058870e-04
2.927370118630670602e-04
2.920337678449307865e-03
9.498732025882483188e-04
9.848939960204429120e-04
5.656882617672838020e-04
1.204401550385202600e-03
4.103854513114324346e-04
1.114581052194158406e-03
1.074529137416835355e-03
5.930243985622088909e-04
1.649062004289620926e-03
4.935291298600070087e-04
1.235944695091350902e-03
8.812940390098081018e-04
1.935255499973687109e-03
3.668040011984761940e-04
9.537808566519234352e-04
4.307089799652031388e-04
5.886538420139496297e-04
1.151104174615524747e-03
9.073733494944497121e-04
6.219547485764613179e-04
1.871993130208960548e-03
1.180414895924489617e-03
1.596618843142320453e-03
9.750328461139849993e-04
1.673367138953616340e-04
5.117283839600442370e-03
7.308368354243468959e-04
1.067367832475223143e-03
8.920090662689897842e-04
3.511312139505767880e-04
4.767429976611019487e-04
5.780543712955703989e-04
5.227544542424766979e-04
4.451408488262980517e-04
1.531036217240783898e-03
4.633920577562978160e-04
1.040191671606830034e-03
2.867551805179386249e-04
7.292516460901831863e-04
1.377889916662951037e-03
8.926230121667139746e-04
9.940910893601274858e-04
1.035087138685188840e-03
8.761671787447037870e-04
1.840596984867712022e-03
4.571351065997797370e-04
1.323584046770304038e-03
1.516966901487226032e-03
2.652112079309796775e-04
1.605154995928496486e-03
1.444125967506380229e-03
4.183398683731274353e-03
9.534230647428378362e-04
4.771694455895423128e-04
4.636190162658113101e-04
1.120146053814744143e-03
7.154286055360315226e-04
4.395491608304361161e-04
6.799022962243023811e-04
2.293344357810670853e-04
8.942239426398669675e-04
1.158964036876253311e-03
1.643468452252064716e-03
1.093178438766916885e-03
1.412281490080784805e-03
3.983790200204111935e-04
1.047919456289352893e-03
8.191323065634243620e-04
1.099970076506437281e-03
1.181003325750892971e-03
5.826989847856375686e-04
4.612059087980071963e-03
9.132595105025426152e-04
1.332325472699897543e-03
7.627635145827922451e-04
5.824121548545012177e-04
2.378568244984392973e-04
1.383404413560384693e-03
9.692605724582177649e-04
1.274875888060978454e-03
6.060516573330657205e-04
3.094684230978995694e-04
8.193378804068363616e-04
7.767237762017995548e-04
4.853115200596320664e-04
1.182946716133389175e-03
8.774689265552709392e-04
5.478178244755967661e-04
1.342284976676625004e-03
7.786732149939288184e-04
5.576909777795602350e-04
3.838701997451072611e-03
6.776432645718855757e-04
1.006529315338522369e-03
4.626904466235697553e-04
9.828069613471309383e-04
3.823748237198164725e-04
1.098081900243866533e-03
1.175430559741776895e-03
2.555250797542003589e-03
5.924270102365300191e-04
6.687642083273375544e-04
2.506018416939446557e-03
7.527410477034848476e-04
4.888986288290289757e-04
6.453900082197211539e-04
8.863044955463644445e-04
1.508067311290992854e-03
3.680261162876405281e-03
4.266592794635703633e-04
6.109305673934596701e-04
6.844741487323732256e-04
1.256132655168684577e-03
2.929850171626631646e-04
3.552348390269720389e-04
4.270526445159007495e-04
2.445373335853988968e-03
6.607882221863536692e-04
3.595807996278357899e-03
5.156524375065339467e-04
8.900808676714095638e-04
3.454991737955433444e-03
1.020048002463218827e-03
1.467585040110987865e-03
2.615469709159904885e-04
5.325213815100277720e-04
1.020427671542772094e-03
7.004321492260248390e-04
1.514175818443096481e-03
1.424445381579753566e-03
1.932350371418023937e-03
7.093691858998341050e-04
2.106965782976888326e-03
7.811143558263058820e-04
4.318590436054579895e-04
5.972318329494569547e-04
1.408081329565708537e-03
3.097999913018901954e-03
8.907594845573980858e-04
7.200090494908108337e-04
1.221264514506467929e-03
5.886350048396633968e-04
4.885041152896970164e-04
1.002039896068563675e-02
1.020168511188678309e-03
7.525432660506889068e-04
1.883193224949562469e-04
3.007282553561095736e-04
5.140190300136238555e-04
5.177773298234638688e-04
6.405160457401549816e-04
4.316855710217467170e-04
2.202504547771485383e-03
8.887253587002233186e-04
1.045180712201028124e-03
7.617844661040987274e-04
1.961582224215314572e-04
7.455589086444868070e-04
1.052033639502280519e-03
2.410123576029089571e-03
1.121107877128140612e-03
5.262804201040378839e-04
3.008330429628204138e-03
3.917111909575068506e-04
6.159492254752546450e-04
7.618739576961931163e-04
3.145155977217181697e-04
8.338412096186208428e-04
1.626659153447672021e-03
1.953825637352309564e-03
1.399521486168157306e-03
4.744661148767412512e-04
2.502963896257960185e-03
9.132595105025426152e-04
1.449800282190644987e-03
3.648365954735708987e-04
7.011494780863943444e-04
4.337576822142105259e-04
5.648772527809155361e-04
8.321090907607538775e-04
3.373333737017705173e-03
3.768457675384556996e-04
1.656097371248217969e-03
2.906542445932777056e-04
5.036778514068703623e-04
1.680435259974503385e-03
1.690723791576313273e-03
6.680633175066075843e-04
3.820215303507495572e-04
5.893274376539133852e-04
2.200811376569830711e-04
1.584165418611023241e-03
1.332325472699897543e-03
4.755931290708509157e-04
6.755470270369745220e-04
1.217268627358962605e-03
4.892131834134381442e-04
1.397413246665359706e-03
3.055310046964586075e-04
3.472923610085073436e-04
5.350758731259061931e-04
1.049114423952174661e-03
9.323315366704644719e-04
5.309590685956921789e-04
5.219594409957233451e-04
1.124229322807130879e-03
1.717341090215415049e-03
6.975097361980694315e-04
1.579502302078747422e-03
3.236437874958552220e-03
5.816029025200909622e-04
5.563853837429093632e-04
2.028679647999982153e-04
6.473711818519742268e-04
1.360601168847951374e-03
7.894188875720439206e-04
6.898406133423459286e-04
3.699813907763833325e-04
4.368591152207156720e-04
2.510282801485635203e-03
7.451475862764111394e-04
2.309485597310274494e-04
1.893914753239900588e-03
7.784506636032467643e-04
2.499437276469213161e-03
1.555229393681787893e-03
5.608088320046653898e-03
7.118061003427557463e-04
2.425847530274653958e-04
8.009614730564749508e-04
6.810146055003656355e-04
5.653319516577627645e-04
5.284461531603163679e-04
6.617838047276729425e-04
2.040060187199618986e-04
5.673847136578372401e-04
7.305261826079362643e-04
5.924283684885224511e-04
2.041355965357655265e-03
1.505206807086433528e-03
1.961748849284314182e-04
7.794661478808102796e-04
3.668040011984761940e-04
1.200197547547593923e-03
6.511759793906138957e-04
4.190709573155218526e-03
1.890109494689235165e-03
2.160162018700246406e-03
6.926942145639552453e-04
1.374745312668080146e-03
3.669511596070735063e-04
1.015918262447561716e-03
4.635210259767621327e-04
5.656243447781250265e-04
3.069630576001961464e-04
6.561150104092201190e-04
2.629952339527650640e-04
1.631934067419166853e-03
1.573893828935413837e-03
1.197616980631498402e-03
2.948878975631732242e-04
2.606073473029139605e-04
3.920813008657690548e-04
1.828112917704381951e-04
6.473711818519742268e-04
3.683960563734495837e-04
4.270526445159007495e-04
5.517957817330130642e-04
1.054625518614615235e-03
1.502643235605841164e-03
5.375048143982507232e-04
7.697177192654047805e-04
1.873849277525782325e-04
1.123304335315991219e-03
1.971846239731130210e-04
7.911828748943639618e-04
4.334502450665022938e-04
3.603856594616993455e-04
4.101430658506107375e-04
7.380984724667270574e-04
2.291820563131068762e-04
1.511893777654544540e-03
4.745471770718961220e-04
3.838622842650299231e-04
7.703324150546851570e-04
5.788378986656261957e-04
5.490728927789065251e-04
6.578707905628266434e-04
7.174543286337140653e-04
5.951939050511712058e-04
4.494978096987679232e-04
1.158147921262361966e-03
1.082650577230995529e-03
1.125842999946527869e-03
8.247298057437402402e-04
5.540053521426431624e-04
1.219557833680590293e-03
2.878813648079141057e-04
6.910617871474757567e-04
6.588752639971443047e-04
1.138449343053334799e-03
3.108444187745162111e-04
2.183448352503108460e-03
3.744301110716623162e-04
1.758210916339136148e-03
9.475631636365627495e-04
2.851760612253074253e-04
8.998197446945653977e-04
9.234853402864828418e-04
9.048317874995111688e-04
3.873338571222984428e-04
4.578025942845973819e-04
3.956905700296070409e-04
8.345925323757769207e-04
5.353768900557364209e-04
3.394093698813018456e-04
1.635041811935235463e-03
8.638469352683708158e-04
2.083859545039615409e-03
1.338793177996226279e-03
7.067376601131833327e-04
2.026517513518795877e-03
3.839415538101569156e-04
6.381519262194457545e-04
4.617763956248917387e-04
9.126360320095607817e-04
5.429951861976735350e-03
1.884419516216884801e-04
4.935514623588438702e-04
6.374495159709797024e-04
3.894405997421034851e-04
1.446253974356761281e-03
8.875043539361958953e-04
5.130641692925049608e-04
1.345537511789160479e-03
1.318833052726794443e-03
2.737747774551651993e-04
7.236343057140468688e-04
1.996419121236804161e-03
6.118879981904287290e-04
1.307278989263584287e-03
2.740846343603082201e-04
4.721855467919652415e-04
1.255755604567163151e-03
1.059915374935460316e-03
2.271387282723994914e-04
2.719336311178880664e-04
1.649475132887820829e-03
1.189054845729671126e-03
4.563345243077209087e-04
2.104636532685548889e-03
1.400927211564557701e-03
3.677858338693952762e-04
1.974629932055092275e-03
3.142476025746916268e-03
2.978658523186712833e-04
2.261211844484116266e-03
1.819299099744028057e-03
7.298073006732668433e-04
6.287753271424164920e-04
9.143435420788002203e-04
5.602139530560784446e-04
1.019714759633720417e-03
9.606792161564070998e-04
3.198046607858374274e-04
2.693497791761114996e-03
1.173975451130481558e-03
2.350447898768189079e-03
9.067877637765924719e-04
9.220282053860369290e-04
7.179741181916116837e-04
1.258734433966274442e-03
1.242836629408523548e-03
1.467585040110987865e-03
6.272033376193322362e-04
4.633920577562978160e-04
1.424622851224703092e-03
8.720372177723420288e-04
1.639576549895689053e-04
5.309400812255723112e-04
7.381257623108423375e-04
3.769512270668978261e-04
