6.032878366409632001e-04
8.371498769070898332e-04
1.023611078530991180e-03
3.604679238016830485e-04
1.678337695690500881e-03
5.605063945498962299e-04
7.468309351239438591e-04
4.008225984658322894e-04
1.069754439732711199e-03
7.852343996725601270e-04
6.207572090932153910e-04
7.965433743428965586e-04
9.215376961270457063e-04
3.336047691219414142e-04
2.581740258151844747e-04
3.641397611729695755e-04
6.705037248564071298e-04
5.552106363575459681e-04
6.546370646727193423e-04
3.119878258339304892e-04
3.660747065043994499e-04
7.624899612557858907e-04
2.307523566215336896e-03
5.371357579291916300e-04
1.311353604080157552e-03
6.453512469285966648e-04
1.987336944986646797e-03
2.739531617823267500e-04
2.462782100657113019e-04
2.206795687328951081e-04
1.037862552788332976e-03
7.245737121746208091e-03
1.120594396964792999e-03
4.339247517345330490e-04
5.245389528550576178e-03
8.947437870113851338e-04
4.569279698041643677e-04
1.194046272190478312e-03
1.200425943089003782e-03
1.176524769458700721e-03
1.355458863238604653e-03
4.575689237806844284e-04
5.174720922030635927e-04
1.899217425844458356e-03
2.504252384007747256e-03
8.024327501246051762e-04
3.334091926757948125e-04
2.238018077747198963e-04
2.326938509084159018e-04
9.628991343364745863e-04
4.621226830147505838e-04
5.568817909760928478e-04
1.597902966381947558e-03
6.626664069700348349e-04
9.663894427133693345e-04
6.580129238544310272e-04
9.425716308512522169e-04
9.772759275865612692e-04
1.925770215513954164e-03
4.890661181617913557e-04
5.266505524410042185e-04
6.679074200998374317e-04
1.502971155581930016e-03
3.030546025381161105e-04
2.184271252532575688e-04
4.769643305581158419e-04
5.839730226833644107e-04
9.226208837037772059e-03
1.751054340902540290e-03
5.458258379989888850e-04
3.531210401781719561e-04
6.232276849012112268e-04
6.179682359702270717e-04
4.549033761423407901e-04
4.515648286819401815e-04
1.561444104514302317e-03
5.813760122413476773e-04
1.575983928973647124e-03
3.484743710702585431e-04
9.034446907220978909e-04
1.499981565841156323e-03
1.301349627283450265e-03
1.389061752437712642e-03
8.382275835897286080e-04
5.054780632453425172e-04
6.558115737509421150e-04
2.423963823279925902e-03
4.834812131854368208e-04
7.932810626711186844e-04
6.292409692716572798e-04
2.178713998877870265e-03
8.014926414839990609e-04
4.720442714202591748e-04
1.323833664284078653e-03
1.130636274208850689e-03
5.375771458031755427e-04
6.250080161091111459e-04
3.968306986956353995e-04
1.708261769532916753e-03
1.600839390976985981e-03
7.258472125425783229e-04
5.439386754720087255e-04
1.656007544916804309e-03
5.420849087603786575e-04
5.605813698507191613e-04
4.121709586271791082e-04
4.873252411107225203e-04
5.522277532386913332e-04
8.379961764655044585e-04
4.498476391948626934e-04
9.232212297806479621e-04
1.597902966381947558e-03
1.929969156642302340e-03
7.913276620889277179e-04
2.178713998877870265e-03
5.672113047402207705e-04
4.089818387892836830e-04
7.060579298385149909e-03
1.596671263199022500e-03
6.828866166002111639e-04
4.177884030427461422e-04
5.214861558736907324e-04
1.501437571928869496e-03
1.627526586613291379e-03
9.311079064993923972e-04
4.141994991050431361e-03
7.017627519191402133e-04
1.000423872973849959e-03
8.808146206494320762e-04
9.378118154784706494e-04
1.148730473044284666e-03
1.183422668044843131e-03
4.065200615748330729e-04
7.631680200230205090e-04
7.661618590093136711e-04
7.830125776933198611e-04
4.947668036356668011e-04
3.135739963794704436e-03
6.751570458634961747e-04
4.984766283837548367e-04
5.933492288163143800e-04
4.016222409149257291e-04
6.847138544585251903e-04
2.064576602217820141e-03
8.146181421571534794e-04
2.146829443222711842e-03
9.736962195669385473e-04
3.708555947350947895e-04
6.886298081730512230e-04
1.362271073436119133e-03
3.356482917240331907e-04
3.336090460777628181e-04
4.425307968324860685e-04
8.464953354851694357e-04
9.352237591696265775e-04
7.123317887603125651e-04
1.885657639844614576e-03
5.985671957958653509e-04
7.565457004627943903e-04
1.159950875111872377e-03
2.983260918371130176e-04
5.030548517296962781e-04
1.858808995428443221e-03
3.960380327390605184e-04
1.079938143134490059e-03
8.084152613632300402e-04
6.514201833238390674e-04
4.071259061713777242e-04
7.230648441263978375e-04
4.797161312711043239e-04
7.949440047328241695e-04
1.842563578484282798e-03
2.596499767218396395e-03
1.138461436750513910e-03
5.080065208890519176e-04
2.355039714343250962e-03
6.884445720789044007e-04
5.181163009668712143e-04
5.812041230399788002e-04
5.572919532908171764e-04
8.886797380797333652e-04
7.123185763110262241e-04
5.707857080538050179e-04
4.174684616280122107e-03
4.246749952782734186e-04
1.417501665104955099e-03
5.272394476251870098e-04
2.186364611778327102e-04
2.623956614443950894e-04
1.096254347595682337e-03
1.331054132891097783e-03
8.369564985175481251e-04
6.884445720789044007e-04
1.071086743319748808e-03
1.954953269643669423e-04
7.876585483080509806e-04
3.911454194359118073e-04
5.368465802782654370e-04
1.840468008450072725e-03
4.785710486750668620e-04
3.158397363200201430e-04
4.061778297479385139e-04
3.964806591927550784e-03
4.083866289606166104e-04
3.963188772665129553e-04
4.568647510801038410e-04
1.197381426761685201e-03
9.577076132377172497e-04
3.671208634706072662e-04
5.892529805199752876e-04
5.164690356896378546e-04
1.549778052912881678e-03
6.299046898281529657e-04
1.405766921040415944e-03
4.174684616280122107e-03
7.586189114513774458e-04
8.386840840224463580e-04
4.737013361336664570e-04
3.934244050358763319e-04
7.142259919670189156e-04
3.787350957470683125e-03
2.634097223743432159e-04
8.445821180748864284e-04
3.646099170666179624e-04
3.532960511839296669e-04
2.696902091505205259e-04
1.111950831100004360e-03
1.879548828205891003e-03
1.294017641920509974e-03
4.121709586271791082e-04
3.414694905678296918e-04
1.901390088013341605e-03
5.256907207630108969e-04
1.277016828441734008e-03
7.986720300405798865e-04
9.337543150597123328e-04
2.412329932477618073e-03
1.821110889738567461e-03
1.228331177938275266e-03
8.414146004280965291e-04
1.253231682001910942e-03
1.020561408402329224e-03
6.356989310367695692e-04
4.897715047864973671e-03
6.315203459765724760e-04
8.647848174572367276e-04
1.097117246792621813e-03
1.238238629865468388e-03
6.288446130997844136e-04
1.052644542094198455e-03
9.456624582859605044e-04
2.138644280390205937e-04
1.204561572911491945e-03
6.213134734284679432e-04
8.276598968896110940e-04
6.227227037867908137e-04
3.269339890128869497e-04
5.372917848782781097e-04
2.509010405535253702e-04
2.080676600039092251e-03
4.650770847121374709e-04
6.583932563452292875e-04
1.400639891589766390e-03
3.184956278755489358e-04
4.449371468339732155e-04
6.507302168543978001e-04
1.253192269175934992e-03
3.932653143111893902e-04
3.847158180624982680e-04
1.320283570589107433e-03
2.149590351562524477e-04
4.209729124697441662e-04
1.666414340729003999e-03
2.584263352158656132e-04
7.197593305216337623e-04
6.712442450279750006e-04
1.230210278271105188e-03
5.856835806764480431e-04
1.856085834205035284e-03
1.224877320740782542e-03
5.180967345310338781e-04
8.585538491829072241e-04
2.469441790392680296e-04
4.570578647303011159e-04
1.999986665511564244e-04
6.975500250819828378e-04
1.631491383191693541e-03
8.739661650599022703e-04
9.582595405957007335e-04
2.660014460753780006e-04
8.285182442843127062e-04
1.624749569610196018e-03
3.950339372969618166e-04
5.154435757427303783e-04
1.260742457678521193e-03
1.170335305002648350e-03
1.234889102366952670e-03
1.424692697306292758e-03
1.582515666237633038e-03
6.129795717697874820e-04
8.839587769173053470e-04
1.218868075439517385e-03
2.206042156003016133e-03
3.014352824006700311e-04
3.689457259421727200e-04
4.495717400112365426e-04
6.479268467721472496e-04
5.189622908411040039e-04
8.286700866195970128e-04
1.712990803932341985e-04
4.257946595365333614e-04
7.387001255886036562e-04
2.352746785146537210e-04
4.951142594696047138e-04
8.459412372578477106e-04
1.108600867095649789e-03
7.722920104250093239e-04
2.427736802454053347e-04
4.646033040185673841e-04
5.175856863494099087e-04
1.851532093610170964e-03
2.449776093114993227e-04
1.059660287698262161e-03
1.661681716994708536e-03
1.070307252564526310e-03
5.062324776547634129e-04
5.008686135797967964e-04
1.973992395284254915e-03
1.340395611809286911e-03
1.071086743319748808e-03
2.277337666901143188e-03
6.023511826348056011e-04
6.078593536374873310e-04
1.343565181324132265e-03
3.245663393238795778e-04
5.729329582473970768e-04
4.634174593021670309e-04
5.395469355593201328e-04
7.488296847585062003e-04
3.648852257117449357e-04
4.621226830147505838e-04
1.163541011525985819e-03
6.008155485267103676e-04
2.969380814520400976e-03
9.623620939443129673e-04
3.487059925678769458e-04
1.089909344080084970e-03
3.547392821131955740e-03
8.940790371067749986e-04
7.696725290448221644e-04
1.455266554495228360e-03
5.164233586611069026e-04
5.805441092460689005e-04
8.346662407032128623e-04
1.113728795681508989e-03
6.506048287240947126e-04
5.426048780409325209e-04
6.863581021631433732e-04
6.779854211217172313e-04
4.411113063548605323e-04
7.966510430192664258e-04
4.720820355076647042e-04
4.186787916720882555e-04
2.104650480265104606e-03
2.309919264581950654e-03
1.456475280312623201e-03
9.490204787109610260e-04
1.172933393123462738e-03
4.274216555712601322e-04
4.456487713440787646e-04
6.427171311260731134e-04
8.393358614596098909e-04
6.324471708585351765e-04
7.842723909140213428e-04
7.113780359457227758e-04
3.538094426537465704e-04
2.263321591628471904e-03
8.370553502699779134e-04
1.140454614996748786e-03
1.173019177379444871e-03
4.782287433300890260e-04
6.623031718164597596e-04
3.156923650009696740e-04
6.910727401842078031e-04
2.760282794024047979e-04
5.826213075080148920e-04
4.049768649590026223e-04
9.350967777621192007e-04
1.148154964595560516e-03
3.889713588264620331e-04
1.172007506660519395e-03
9.484575170658159343e-04
4.181660645979276818e-04
4.520071151854406508e-04
8.111860049353668755e-04
1.699937169358047874e-03
2.124385285269076058e-03
1.128860867093869772e-03
5.204293754825716715e-04
4.837650042504822775e-04
7.172856197716192400e-03
7.965433743428965586e-04
3.485166432432550967e-04
8.700718072096955006e-04
7.482294784694323636e-04
3.124183430712717657e-04
2.896854656051978181e-04
2.534063302182358048e-04
3.000597920206442000e-04
6.106866389022719494e-04
1.348533195728912962e-03
1.451658646709063456e-03
1.801288984999151535e-03
4.232421469449763126e-04
8.368289283289019956e-04
8.371498769070898332e-04
2.889597047292487351e-04
1.957483742765490919e-03
7.416494944639662320e-04
1.666078369706214843e-04
2.082184102725527682e-03
3.658670879274665490e-04
6.609379270622977014e-04
6.054714272227173849e-04
5.191941438266890058e-04
1.137974164196348505e-03
5.184323027887964086e-04
2.255571412050495338e-04
2.727122420537415122e-04
7.457573973831833208e-04
7.924339877569621000e-04
1.398782780186131084e-03
1.069281424059114914e-03
5.070002658853745535e-04
2.704357092746255452e-04
1.294943871654742097e-03
2.192534633202995135e-03
5.958735291245778306e-04
1.561444104514302317e-03
7.076272320071124756e-04
5.681710045149858434e-04
3.709038451251990532e-04
1.822177961330863133e-03
4.390664111096158058e-04
3.222660186495757877e-04
2.370089303145933785e-04
7.934176361233201804e-04
1.603075758968403996e-03
2.637668767899354477e-03
3.536411485006010010e-04
4.356993906718173285e-04
1.000810752934118246e-03
3.247093944108805940e-04
3.434854123874834641e-04
7.387001255886036562e-04
1.331609914495268665e-03
5.949758123682788490e-04
1.037573629988048675e-03
1.398140908556547678e-03
5.740547665642271912e-04
3.443046414757833283e-04
2.629430080265506356e-04
2.346605955528656938e-03
2.148080984674259359e-03
6.238823033648434194e-04
7.141431351675284114e-04
5.852183639070868441e-04
3.478071289177629114e-04
1.641086379584209267e-03
1.192074012209217142e-03
4.257946595365333614e-04
6.364246631172200061e-04
1.331609914495268665e-03
4.639585630044786415e-04
2.346203564111251898e-03
6.257138998668128642e-04
3.046463731809856759e-03
6.260552242226280224e-04
4.477511390203451789e-04
6.298503001579178846e-04
1.088790026137984425e-03
1.305367316706830452e-03
1.717494437337649784e-03
8.595314400526504273e-04
2.241879973104573057e-03
9.126404208103176255e-04
2.591644707217854852e-04
8.133576160427863485e-04
3.000597920206442000e-04
2.970825382893778604e-03
7.994996946520929650e-04
5.331760084276556061e-04
2.631890745260191894e-04
4.003171057270255733e-04
1.294943871654742097e-03
1.569155252514793826e-03
2.668963693280245169e-04
3.254973514712490817e-04
3.926463512231268839e-04
7.096863334371827665e-04
5.227585913164579413e-04
3.430514991695190661e-04
7.430935352169486773e-04
3.396644751754699819e-04
1.282385366007485639e-03
6.473372146557001151e-04
6.422284842298656279e-04
4.563115283360544738e-04
1.064911692036138230e-03
1.037573629988048675e-03
4.422569710735068998e-04
1.218104856201968284e-03
8.122231756685047458e-04
1.008717498989882303e-03
3.207964983513235152e-04
2.570221332935592753e-04
1.038545645504956438e-03
5.822326051605357421e-04
2.438477429585055880e-04
3.237029733554950390e-04
5.656272275363884638e-04
2.611202175057722842e-04
5.102784514401135585e-04
1.990576167796262973e-03
6.374710245454981439e-04
1.072822834700283470e-03
3.709541406405754654e-04
3.038791956141605449e-03
3.926188922020322123e-04
1.984935700570349734e-03
3.134143379728256476e-04
7.753559521689727153e-04
6.281656744378480992e-04
3.399194180830993864e-04
8.460586848550480073e-04
1.294017641920509974e-03
1.210699718370301372e-03
2.028155873415560598e-03
7.628583771900974541e-04
6.193576440397595244e-04
1.279211726536887009e-03
9.287435320853627439e-04
5.747282222218309334e-04
6.426683072486822192e-04
1.044074623302582812e-03
9.622260722658029872e-04
6.252361188404475080e-04
8.156900079362073468e-04
3.149740922664928775e-04
3.278567420592546603e-04
3.132560470633619261e-03
6.444557280605211005e-04
5.269685264855766523e-04
1.039225740686931668e-03
1.305367316706830452e-03
1.011281150794244438e-03
4.860934067396142618e-04
2.335321729524379611e-04
4.577640476872683493e-04
7.682161479273495741e-04
3.919149050319847816e-04
7.810182035838395334e-04
5.125628552793494485e-04
6.873603041976621012e-04
5.198344681583333318e-04
8.807792261882195668e-04
5.587770510880951192e-04
1.772399143803942735e-03
5.757441342390176835e-04
7.646244321537731510e-04
6.731240747424395475e-04
4.265616701415199646e-04
3.179468473532983622e-04
2.301891235179080611e-04
2.445038176424512225e-04
2.030109710252012579e-03
5.573671258871001335e-04
4.018814145124572734e-04
4.057218958469869792e-04
4.914619724042043614e-04
6.644865846945552986e-04
2.119232820732405622e-03
3.172063960834151965e-04
4.535813494568336889e-04
1.469191175134834052e-03
5.189841276720870986e-04
2.324940269541698155e-03
6.532549139124775193e-04
7.667984033053613967e-04
1.631200230868616076e-03
2.833118373993645436e-03
2.895584642525774973e-04
1.355932108016843097e-03
9.165593031872067359e-04
1.506222332454219956e-03
5.108009294459653436e-04
1.677216427623905723e-03
8.168618562353393555e-04
1.815440911552126946e-03
8.970154099795166203e-04
9.456624582859605044e-04
1.110049538147279448e-03
2.196257085771536211e-03
3.983400984441803363e-04
1.802713772570410319e-04
2.457524516770124949e-03
4.723667807453374098e-04
4.534684891684413787e-04
3.876949062553767048e-03
5.699151659870754782e-04
2.943769012929981898e-04
7.017627519191402133e-04
1.186516731291800426e-03
5.151295219654556876e-04
1.036959205349573775e-03
5.405951766421630790e-04
1.062906484654834024e-03
6.497073763742106794e-04
4.053849172849389310e-04
5.683795327277506261e-04
2.527367074003377626e-03
4.591514201229460711e-04
6.624341950219147894e-04
2.382685450160005897e-03
5.331391304726626956e-04
2.625360083874845631e-04
9.145209172023675967e-04
8.167258943042234737e-04
5.070742443211196954e-04
9.517126395102698923e-04
5.753592125091457022e-04
7.450440961047367352e-04
1.170784928087373463e-03
2.369803962048082986e-04
3.816515478796867638e-04
3.617927373679535831e-04
3.241210880570609605e-04
6.217720892397903985e-04
2.385524085194478999e-04
1.544162654335092368e-03
5.933492288163143800e-04
2.282189796868837578e-04
9.199497197304510026e-04
4.237933778027287712e-04
7.822509626163730734e-04
5.497110174950367058e-04
1.405766921040415944e-03
2.206042156003016133e-03
4.279258288894524165e-04
5.053082260732476814e-04
3.817242054311421016e-03
1.305367316706830452e-03
4.409010264251653861e-04
1.381707053883550864e-03
1.761653022944371190e-03
1.278647179054649956e-03
5.827893632978606601e-04
1.798065830406892071e-04
9.337543150597123328e-04
1.128564431166325169e-03
5.289916529117847819e-04
5.006307124893604344e-04
7.129123598560207489e-04
5.235521943971530425e-04
2.369803962048082986e-04
5.549219120640487384e-04
2.234377248704550508e-04
1.496221991375492819e-03
4.435189120921074124e-04
2.966035265676190903e-04
3.101696804513346599e-04
3.901336704498621047e-04
1.167146059026028838e-03
5.512168463622609720e-04
8.335312740824589711e-04
8.431506184343423409e-04
5.457202978914393529e-04
5.903825984337291929e-04
8.012009725451870292e-04
5.415644923379481007e-04
4.476863137572837542e-04
3.936971977835324260e-04
4.652421267373240744e-04
8.114612141521313328e-04
4.790246617316012978e-02
1.106902053127477564e-03
2.982781989546345793e-03
1.249469392430337372e-03
8.297949519713614585e-04
2.124620943081267509e-04
4.863479132296821806e-04
3.119189210111948315e-04
2.454751162705942169e-04
4.668296489883803826e-04
7.050039586015330578e-04
7.008969624698748553e-04
4.977231859530004392e-04
2.790733474001865964e-04
5.493332205570083601e-04
5.636400710310105183e-04
7.954412432750670049e-04
5.313440006217154616e-04
1.131683782553889826e-03
1.001687632435980125e-03
4.013711237556263824e-04
1.286871973581232972e-03
4.930347209375093940e-04
6.802308376438899983e-04
1.250337569993626753e-03
1.327575806470147717e-03
5.308990678067315163e-04
1.128026244120831478e-03
5.625255068516119223e-04
6.842494983070079081e-04
3.204148961485497752e-04
5.289804573415671229e-03
2.328154272799779596e-04
3.065356385283219375e-04
4.106512392319787864e-04
6.262548230875206916e-04
6.580129238544310272e-04
4.038477052348247867e-04
1.097427318027849276e-03
6.239484310560533022e-04
3.709142539574539904e-04
3.272862555631606235e-04
3.096086867600962816e-04
9.517343572042206079e-04
3.837488608677183644e-04
7.656855091527192247e-04
5.959962098181105896e-04
8.371498769070898332e-04
1.387278875549590980e-03
4.733200912902119908e-04
6.985890088431232848e-04
6.094619455350591556e-04
1.214227785301907935e-03
9.794446071199997775e-04
6.907409656739748292e-04
4.795320729649379271e-04
8.182544004191759281e-04
2.171866733072251934e-03
1.184973941506175729e-03
5.445403309942234990e-04
6.031468464384780528e-04
8.874243650609131865e-04
5.368465802782654370e-04
3.117865831830359414e-03
5.903667994372035479e-04
5.465186439056120586e-04
1.955314717544825737e-04
2.380088491071579923e-03
4.504740561098354436e-04
2.799373097748800773e-04
3.071728884992534249e-04
9.776318173979356516e-04
1.772399143803942735e-03
3.952289612617462182e-04
8.050681390036512923e-04
6.490065491834795704e-03
8.586807565258958684e-04
4.288383294514897599e-04
2.299480607219110077e-04
7.085424250213435797e-04
6.699852000228643774e-04
1.474772491623859523e-03
2.105183575982576792e-03
5.910207332418058578e-04
9.084599717203994821e-04
7.293356829416033438e-04
1.123211568884604399e-03
8.783004649892766193e-04
5.264473652232839985e-04
9.680343504898838557e-04
3.431617427324012743e-04
1.274169261084388610e-03
7.284257440942548461e-04
6.013681916713382175e-04
3.993599834166911347e-04
8.247722599236485602e-04
8.083895144988846463e-04
4.778693471300765974e-04
6.280333468410042230e-04
6.354537694701457113e-04
5.744964294929567937e-04
4.061865308444790007e-04
7.293655759756198943e-04
1.609510222552119939e-03
6.535642566593855094e-04
2.397087921963869401e-03
1.316304939356101062e-03
3.986118201869138784e-04
5.434486051070527672e-04
8.536679177203491606e-04
1.041198626394173850e-03
7.017627519191402133e-04
6.018315817910384596e-04
9.173170625356639974e-04
1.392956256283090334e-03
1.318832760292682578e-03
1.301197535788595596e-03
6.172099661627399470e-04
2.649504818346790514e-04
1.450149473610677555e-03
4.591041461511639258e-04
4.097727722504330679e-04
4.130595493446257414e-04
5.901298624957253399e-04
5.280945680074211569e-04
6.307205471338140365e-04
5.109589785060702745e-04
1.394269279120600178e-03
4.797111322410253288e-04
4.849111323593608097e-04
5.713110326716971813e-04
5.678775754577508389e-04
2.266688272061916933e-04
3.439931225422203061e-04
5.769705636725768220e-04
9.435410884728335492e-04
3.659972113665217372e-04
5.227585913164579413e-04
3.630545308128043259e-04
1.353021616071011521e-03
4.224830336798154201e-04
1.937446603090762771e-04
6.730737934120877095e-04
1.021108318982441978e-03
4.354913437926430440e-04
6.477747176681506510e-04
1.064393767014285052e-03
1.674738459629882600e-03
2.747055049737064276e-03
1.253727335619818231e-03
3.641397611729695755e-04
2.675677144991346298e-04
2.261195456647378896e-04
3.697148949858141830e-04
6.764744958241535868e-04
1.016329052147916905e-03
9.130007188823947677e-04
5.661034121104962114e-04
4.499059027876679828e-04
1.006649971698289191e-03
7.915348657276974169e-04
8.123315074648279838e-04
4.589323272886925700e-04
9.921673839309599029e-04
4.437605016607683393e-04
9.801472038953467931e-04
2.900335618431366643e-04
1.515879055689992906e-03
3.208600573506814558e-04
6.500623703522741010e-04
3.238819169201296515e-04
3.563242450089283871e-03
3.235091735269962480e-04
3.411053355408249642e-04
4.872272021391050581e-04
8.478419505601710515e-04
4.149759948901486617e-04
4.292536906155981422e-03
9.474951417213574355e-04
9.705297974309083382e-04
6.520563522813914827e-04
3.309776802981895662e-04
9.894781036088994702e-04
6.574941914003375317e-04
6.228844895768737054e-04
4.754535430735825534e-04
1.134806194652102735e-03
1.105868578508919240e-03
9.089751927091454034e-03
3.223121452138087511e-04
1.102279705033131548e-03
3.963026424686474708e-04
1.438549366840516852e-03
5.665683816480330962e-04
6.510372656314793042e-04
5.631796202910313446e-04
2.225373150855245504e-03
4.437857257666453841e-04
6.118942991453850920e-04
1.636544121275081316e-03
8.809133174442848211e-04
7.780034150179500037e-04
6.292898975590126807e-04
7.863837491775202415e-04
1.669180025831158102e-03
3.991342157771541645e-04
5.173086278040229212e-04
9.072077585005782537e-04
3.064030317151498345e-04
1.258674720971344899e-03
2.196257085771536211e-03
1.214148615677493543e-03
1.304858539682783158e-03
6.135126080753088322e-04
3.011843585104041765e-03
8.421043577555843663e-04
4.552822416573266322e-04
7.565348768512716090e-04
5.917186324555542658e-04
1.394269279120600178e-03
8.665189508106750258e-04
7.681800671064730824e-04
2.382812988982440858e-03
5.110304554626363474e-04
4.811580830574711419e-04
5.564941405867888892e-04
9.363527391012678794e-03
2.311814816910937910e-03
6.413672036198129599e-04
5.531226032499418285e-04
4.310968906966210126e-04
4.414907199616714467e-04
3.797893004667585756e-04
7.592133391048402468e-04
1.130513882013852453e-03
2.215100096179360169e-04
5.000054379837330296e-04
2.238868481063083227e-03
6.575551714400434651e-04
7.085424250213435797e-04
8.625873897766323569e-04
1.656007544916804309e-03
6.523584360469476991e-04
3.262463723987890857e-04
5.350405473482480788e-04
1.811833031961304586e-03
3.118596964721967522e-04
8.320266052591938173e-04
4.025479263357106298e-03
7.666199854324245305e-04
3.793979135424486245e-04
2.758644234300887486e-04
3.045248461987307424e-04
4.076832659501826591e-04
7.501862072485896175e-04
9.775783322220619239e-04
5.199663250210211259e-04
2.717511417867293430e-03
5.814499598785125532e-04
7.502658154813678310e-04
3.808943206903590145e-03
4.283064307512488944e-04
6.198287758817441631e-04
1.433054057009244993e-03
1.883989716616841364e-03
6.854951161482730152e-04
2.553394692297904396e-03
1.075277128090789628e-03
3.863661484646324271e-04
6.159822824500098314e-04
6.115358465896130477e-04
6.089467245503439510e-04
1.087912227542059320e-03
7.822780631031645872e-04
2.156925181756996627e-04
5.228261708659063828e-04
4.860766690603877667e-04
1.037224604575683572e-03
3.229634401967617502e-03
3.793979135424486245e-04
1.171586663567620191e-03
4.345836879373288436e-04
1.380267592818711347e-03
2.971833212797246300e-04
5.818879874140956993e-04
6.813032031889526075e-04
1.157677239988477843e-03
5.216278357542893269e-04
4.777543231754420214e-04
3.058541303417463913e-04
3.214621911745780191e-04
7.590559606956411107e-04
9.729712833647653466e-04
3.011843585104041765e-03
1.293002595131172768e-03
4.057218958469869792e-04
5.343844120246372259e-04
5.859553487407261670e-04
5.313392387502040119e-03
5.664810016696715349e-04
3.709142539574539904e-04
3.770267835987021251e-04
1.486488393929586219e-03
1.231645967413364223e-03
6.778407567045604230e-04
2.938905358946160024e-04
2.359820418444925731e-03
5.620738075650268508e-04
2.540274053632532360e-03
1.011449727659429658e-03
8.901575105771144776e-04
5.372917848782781097e-04
2.498831406631418935e-04
9.731171326443479935e-04
1.869186712220554563e-03
6.337808184515294433e-04
