4.253653554775470064e-04
4.333169278070081389e-04
1.169674686825076734e-03
5.711217942867832190e-04
1.166333847358138600e-03
2.365806238087410601e-04
3.361385339429071809e-04
7.034614079005719950e-04
3.070860350096451738e-04
4.271182393438327702e-04
3.629928434583933224e-04
4.874681016399466920e-04
2.746787852253151506e-04
2.710614529390288521e-04
7.733251048686664306e-04
5.333414377518500699e-04
7.961728594812554193e-04
3.021936403233814634e-03
1.630302947370871128e-03
6.446760666659771604e-04
1.340275156669164767e-03
1.457960795696303829e-04
5.921066423654753859e-04
3.596536660681795951e-04
3.046671399431033316e-04
5.286042440086108525e-04
3.919743980932331403e-04
7.448625377964904985e-04
6.792567669421598888e-04
3.863469803595949133e-04
2.613024398444257872e-03
4.458699715939707471e-04
5.274068499234798061e-04
2.952008754002319237e-04
4.274868879350539677e-04
8.630217280819348601e-04
4.372157088917576532e-04
8.552043413939390852e-04
2.537102114395170809e-04
9.134354753570911312e-04
3.046671399431033316e-04
9.634722436620041415e-04
5.498583182621701645e-04
9.102939506380590016e-04
3.284671596944852673e-04
1.874534147350544275e-03
1.891459842379020282e-04
5.025988925071178410e-04
3.267749194627222672e-04
3.261588569411550840e-04
3.264454498097753873e-04
3.440621498276684605e-04
3.050492896377831470e-03
2.145162242744154575e-03
1.922180558912270961e-03
3.648587463165710114e-04
1.263784635648470276e-03
7.831480884721303418e-04
4.847106694042870598e-04
8.177655287535497619e-04
3.701515999809314606e-04
2.257740714116716440e-04
8.079515904367557191e-03
3.073252053612234719e-04
2.685763473599891049e-04
3.320105253276679096e-04
1.503261915507677574e-04
5.363147374566144127e-04
6.046772426767507355e-04
2.162600632737144671e-04
2.880177093296318195e-04
6.456924367049406664e-04
6.153000917356671795e-04
5.892088415260538382e-04
3.141074766511526228e-04
2.154166650622743888e-04
1.867237111152308493e-04
1.466754516618743029e-03
3.010214186203497596e-04
4.985549327923110684e-04
1.002998043075188335e-03
1.374269565798912724e-03
6.538745636454871982e-04
3.823407034115526397e-04
2.754066654406882417e-04
3.070760576378277098e-04
3.420398035189645093e-04
1.135805492840178538e-03
9.171879821626175919e-04
1.210008398757710275e-03
5.751280818773198654e-04
9.930118229967020618e-04
2.855655010309699187e-03
2.247529989043174354e-04
2.661428907340349526e-03
3.014770308968644130e-04
4.146396442796452175e-04
1.471856676987067436e-03
7.220703730900187352e-04
1.442861513689223463e-03
4.615325304311224857e-04
6.044082045048606005e-04
4.214334335126453113e-02
4.424688353762249609e-04
1.157713368651617147e-03
1.093021508379131120e-03
3.060093219485739103e-04
8.031465681806259456e-04
7.516665559725250806e-04
3.933161745093160903e-03
6.782559275630564233e-04
3.410323299319303111e-03
2.068672074940803587e-04
3.841175437928432291e-04
1.335855531484636408e-03
1.289462346410715334e-03
4.673828672176370759e-04
5.106379326020800717e-04
1.442861513689223463e-03
7.835290233870921073e-04
6.329572328446744951e-04
5.631463818898235427e-03
5.437701138336261796e-04
2.061420174539490505e-03
9.021365184000060787e-04
6.000079607995479443e-04
1.634772448148849242e-04
2.646938157070636167e-04
7.740502826120856201e-04
2.524969795547680313e-04
6.071254208981780986e-04
3.407068851793341015e-04
3.633681427638191935e-04
1.364547628562757858e-03
3.845255079378554408e-04
1.079784127269747341e-03
1.080512880765985805e-03
2.283381041079231505e-04
7.052891212243757009e-04
1.594145551052203805e-03
6.950162464501423183e-04
3.063980057298054541e-04
2.512238874454002235e-03
6.052230548656454493e-04
4.334643213109911557e-04
3.560242476026633397e-04
3.854814912149956180e-04
1.757950503239485984e-03
4.168881398302877266e-04
8.813978107133324221e-04
5.313643463007632290e-04
1.065170402281233981e-03
4.396254391141354812e-04
1.259696789807831369e-03
5.149817721475985401e-04
1.632525851141518065e-03
3.982114270633426833e-04
7.692306192323797613e-04
5.308536911774283011e-04
1.130586406112887854e-02
9.589818304888100180e-04
3.118899831359185767e-04
6.194094488556798565e-04
1.190611484425987228e-03
1.409386832686666466e-03
2.948537507120806925e-04
2.568326922581262261e-04
5.425439261095121000e-03
2.252391857888648864e-03
5.746237802443373644e-04
5.341575897188289472e-04
1.026577553453630019e-03
7.092561773446745500e-04
2.829003344054092798e-04
7.305526564956765952e-04
2.957131936146921696e-04
1.858157578604456919e-03
1.347904441079668749e-04
6.042527238227183434e-04
2.767520843980304573e-04
1.324744991167645450e-03
2.142745917079872699e-04
4.634894191286556444e-04
3.993499383833002238e-04
5.940748336126437483e-04
6.700822864150853464e-04
2.072394811019988010e-04
7.164393214213485512e-04
5.168798879954030487e-04
8.256620018050498267e-04
1.652482881243412700e-03
5.820357170479040785e-04
1.512004770568185818e-03
6.837230909767178172e-04
8.624835334829812497e-04
2.962252353484979639e-04
3.189123993683645763e-04
4.271264737115291533e-04
5.921083002573503855e-04
6.713652122314892230e-03
1.010857540077631693e-03
2.777366603176308134e-04
1.052379527325392325e-03
3.354129825537523289e-04
4.253113922973596845e-04
5.310841713602931693e-04
5.990320438121485638e-04
1.156936557917876513e-03
6.738021290290068096e-04
4.822464539707506707e-04
5.631463818898235427e-03
4.590646329714484324e-03
5.400488443945525470e-04
1.512004770568185818e-03
5.915657589884754271e-04
9.474710349986607306e-04
6.815738330686328368e-04
8.738753447868717735e-04
4.549120099066990210e-04
4.731549512660523015e-04
4.094908281062136857e-04
3.705548594395510374e-04
1.196572951180349459e-03
4.059379340172437965e-04
2.619617093206739284e-04
1.396770165964396175e-02
1.215041448393256807e-03
1.543382490061287601e-03
2.199056307867850043e-04
7.814449544832908611e-04
3.261686738981635077e-04
3.098805249650597661e-04
1.041418420345522613e-03
7.554079929157041240e-04
4.152457458730088769e-04
2.581925372054232905e-04
8.999329425393967803e-04
7.527911956329654984e-04
1.352214596853701899e-03
5.080603553880415433e-04
8.613561581120621506e-04
1.038501227860813385e-03
1.022492549960835181e-03
2.687519373442486762e-04
7.435732610786328651e-04
7.241031130379808065e-04
7.898661377169112962e-04
5.996360461282359590e-04
8.759965547060572172e-04
7.384486717162593852e-04
5.429935335325828836e-04
7.725672655706017963e-04
1.280233357370708092e-03
8.833529220950464859e-04
7.499255891842616277e-04
5.325438639013304774e-04
6.943668621445329286e-04
5.746562883522774888e-04
2.051100626646003083e-04
1.099470495691221971e-03
2.773735779500234263e-04
2.577502552918391589e-04
1.321895509525051939e-03
1.508929961560044912e-03
9.164709733544568887e-04
7.733251048686664306e-04
1.414054376261647365e-03
3.032553349576336201e-04
2.320737058321385281e-03
7.046459903812616471e-04
9.893421490416792145e-04
1.501350919783585054e-03
1.054782542868077733e-03
1.792720487620721179e-03
1.418392533355358667e-03
4.363382586346656951e-04
6.419110669765800987e-04
2.631168903897811336e-03
6.435463271308479579e-04
4.717675134608470804e-04
1.577047110222421292e-03
8.859575995028633015e-04
4.671606116267800314e-04
3.388980867206384489e-04
5.617496317363772449e-04
1.336521707136010357e-03
5.541725723799353735e-03
9.606817565712741759e-04
4.667223520585323730e-04
6.785657969477341565e-04
9.703056991592106436e-04
7.973960756043036542e-04
4.753815094110940714e-04
3.367220480168274044e-04
6.804255811217611903e-04
7.814449544832908611e-04
8.587794589822607795e-04
5.891548689536381476e-04
4.762147426656677647e-04
5.709352574645884483e-04
1.951704109880483904e-03
9.136957075378273306e-04
2.305483382424194407e-04
7.772542513252465391e-04
5.845820017137347800e-04
3.307495239544476192e-04
2.427099034822990356e-04
3.408707155767682034e-04
5.057019013179686129e-04
1.006424465309281894e-03
1.309541932419028493e-03
1.593118023427472990e-03
1.193796070525886353e-03
4.279915821067978928e-04
1.289462346410715334e-03
1.329250314724818825e-03
1.049054768581066848e-03
4.441870900645340315e-04
8.300278365896953054e-04
6.028613704629835323e-04
8.525005754209051111e-04
5.550095066666068614e-04
5.479780486615245345e-04
6.136648939976408748e-04
4.734293110056912355e-04
1.385340838614508661e-03
6.215001450996521107e-04
1.074061456125113443e-03
9.238720053221440454e-04
3.347113137498271534e-03
6.950162464501423183e-04
1.193796070525886353e-03
4.937103326098846905e-04
9.304212111560785856e-04
4.232131342264492660e-04
2.000398557185330013e-03
4.167782606120356680e-04
4.217194453142777814e-04
6.969543618330070875e-04
5.484864675890808918e-04
3.296322958235611811e-04
4.716415724743664340e-04
5.313255620989697182e-04
1.477476766190224770e-02
7.905370887479940987e-04
1.863688093737800788e-03
4.632333257702233665e-04
1.048305575483128409e-03
3.594016120369026819e-04
2.776692137920783610e-04
5.628480647441292360e-04
4.217835124173821906e-03
4.169368746385407592e-04
1.997920933121838404e-04
1.721465933327338848e-04
6.708658700377568814e-04
6.042830099863680162e-04
3.103656620704430122e-04
3.005742108800799040e-04
4.880138780626098495e-04
3.638288226915883158e-04
6.211684446254387478e-04
2.684849998894242823e-04
5.562375582454158300e-04
8.193368635499999981e-04
6.430731036167649899e-04
6.118826854803411167e-04
2.033284983715125636e-03
6.301303029650268854e-04
3.574095261558960803e-04
3.469324723789625974e-04
2.507980973620226473e-03
2.813617270147998075e-04
6.429806895525416125e-04
5.367345070312291508e-04
5.200918411365769260e-04
1.348750158575775463e-03
3.089114191933922215e-04
1.073000774510644156e-03
4.927941463943517853e-04
4.094908281062136857e-04
2.020671208058729459e-03
8.785198860610925762e-04
6.351257018015409820e-04
1.338248565293757549e-03
5.797909990080546156e-04
3.646442719644611436e-03
4.608400767542921166e-04
5.607385899237013298e-04
2.322835986777807560e-03
3.090878956355923193e-04
6.053718706039046705e-04
1.944956327472061259e-03
5.997040363235173850e-04
1.586006455927942149e-03
7.584600962236073959e-04
2.707763944254518509e-04
6.969695183333820491e-04
4.934233736434743374e-04
5.588190853331513564e-04
2.009756557128998772e-04
7.966121714191822705e-04
1.936550738999272357e-04
2.736071789850038857e-04
3.424396730986560143e-04
1.010959104946480835e-03
4.562874183960706552e-04
3.465095118100593391e-04
2.847781116467143405e-03
1.855880981918534402e-03
5.303837121582805287e-04
3.751280236399652740e-04
2.615822097843140560e-03
1.518215052414898002e-03
4.156877246058758774e-04
9.407425278358164502e-04
9.740813894638506148e-04
1.128212570754335902e-03
6.045355695037213199e-04
8.357190172444714342e-04
5.753801038452167243e-04
7.289040539974177019e-04
3.388481194833887784e-04
1.850193023422302919e-03
1.350519425161542152e-03
2.930893729037125327e-03
2.518777447184765710e-04
3.184831311871874626e-04
5.083384892709339863e-04
2.138353594788825786e-03
8.729769150339849147e-04
5.764076901842541756e-04
7.664525841756141726e-04
9.680403401742114803e-04
6.976883247590883472e-04
3.271004647527496673e-04
4.294768582141428510e-04
1.236334582964460516e-03
1.462314782154200713e-03
3.562715468047860930e-04
1.754202039239344691e-03
7.696463930081762651e-04
9.199581690762519311e-04
6.101294171575702592e-04
7.521390353747068290e-04
3.866235242320760989e-04
1.545279493628485840e-03
2.058595826625341288e-04
9.515098827164612458e-04
5.610461087977657675e-04
3.223421804341675915e-04
7.988574059034092307e-04
2.161473060383912407e-03
3.859997990205068976e-03
2.119141411694654717e-04
4.753650125702128825e-04
3.353107059339343688e-04
2.390643305074613596e-03
1.175308837416200094e-03
8.255997105109408752e-04
5.535347529252055299e-04
3.944300245361560147e-04
6.170622163434867809e-04
5.850530161917393392e-04
4.868701270234357479e-04
2.516040274939271098e-04
3.612706663940209811e-04
9.397747915980061029e-04
4.772210853365679482e-04
5.201643845553166699e-04
1.477245872042249903e-03
3.907915889607200708e-04
2.311319198478869671e-03
2.771357577097043230e-03
2.744565963874084739e-03
1.985579251620989139e-03
8.145109035072313312e-04
4.201406145264629187e-04
6.996649294573251392e-04
1.241612924427263264e-03
1.011487661336746367e-03
1.936550738999272357e-04
7.265222303983427188e-04
5.181779234241533144e-04
6.710281778513334325e-04
3.646442719644611436e-03
1.982124575607187712e-04
6.407365417542193247e-04
1.802253710680793157e-04
1.124968188204027511e-03
3.561248115525412409e-04
2.647854558922200455e-04
5.577113802156387183e-04
9.630981774304442009e-03
2.401538884071907523e-04
4.173638758943095241e-04
9.800084733068766419e-04
4.671778721859006400e-04
2.305603587507904558e-04
2.906647300902124014e-04
8.976262111482801766e-04
2.265888567582179526e-04
4.098107216570879641e-04
7.295593992277892405e-04
4.344395157370764234e-04
3.675436211333952207e-04
2.187838092239916985e-04
9.896427547429885885e-04
4.189585558549869127e-04
1.818299029655989091e-04
8.081342808329722857e-04
2.792469882806834476e-04
8.611812006136342458e-04
5.626090340509856029e-04
6.252026241537749374e-04
2.607079026845500968e-04
8.215682546825961441e-04
9.505827082953669654e-04
5.817467588804740419e-04
1.283145532659511843e-03
1.936550738999272357e-04
1.982124575607187712e-04
5.956226277033439169e-04
3.277159771385228346e-04
3.685534463045511840e-04
2.325196719581715742e-04
7.817263562385149810e-04
7.319289206529710308e-04
2.880016153827813226e-04
5.114850311940160113e-04
6.943214556018104241e-04
5.951949597387703973e-04
4.145631443937388360e-04
5.390751473797975729e-04
6.988599888219866650e-04
4.828034017955923677e-04
2.443544215253857892e-04
1.049389469993701907e-03
4.285142688985053611e-04
3.359581266334627468e-04
1.076144216332888034e-03
4.118973587502301964e-04
9.644075760598465503e-04
5.230431780846653408e-04
4.005749039497859048e-04
9.301196966872794574e-04
9.582803452061924550e-04
9.112196097064038589e-04
5.925643445943126796e-04
4.889030753573299186e-04
8.345304223108199887e-04
7.288685715477704035e-04
1.065170402281233981e-03
1.037967924554953096e-03
7.081066132366550456e-04
4.129750111366861870e-04
3.581746504412370072e-04
1.685611103891415815e-04
1.128837134106063216e-03
2.360093313864216095e-04
1.297695819895911765e-03
5.618093905325190034e-04
7.051914822863625167e-04
3.782096100470348169e-04
4.408721546327443023e-04
9.860902154071370194e-04
4.583931012583190856e-04
1.263817205739474047e-03
1.845041113952425576e-03
1.552957251261387773e-03
5.731463975732045734e-04
3.413046311782759424e-04
1.056913658439519741e-03
1.053965914902491464e-03
6.796861204006058102e-04
3.176499866171057025e-04
7.442281858924678587e-04
6.239926295871484454e-04
5.333414377518500699e-04
3.075555381844666020e-04
6.297749232363405048e-04
5.458599336549701695e-04
6.926603200285400171e-04
2.619318815511783791e-04
5.581771101054481751e-04
3.901773877335934027e-04
1.036286536374945956e-03
9.150931488894679900e-04
6.225407336506208174e-04
3.336935695631321501e-04
6.538921156430748619e-04
4.458699715939707471e-04
1.370671586684528822e-04
3.344230052075927999e-04
1.650213179542509966e-03
2.171456039625810439e-03
6.492496213827903461e-04
9.492756112660620397e-04
8.457952543694447671e-04
3.758145171009677076e-04
2.504243088520327750e-04
8.269326134927936249e-04
7.788032178391990487e-04
7.651857374972882144e-04
5.073991243326094434e-03
6.910212669070028976e-04
7.374404507688182278e-04
3.790915818843340309e-04
4.048426456933014363e-04
3.218813364927435440e-04
1.082906056540963551e-03
3.093804945477043248e-04
4.311919470346196014e-04
5.671791024751859011e-04
1.392900733360283609e-03
3.931133036372424670e-04
1.470828213356602980e-03
6.725818602186927220e-04
6.987744816431346517e-04
5.673078623431717727e-04
1.507393728858855099e-03
5.040510508729190934e-04
5.069001847010541628e-04
5.866311118611745130e-04
4.567760708272576250e-04
1.692481758979981097e-03
2.631614824978094846e-04
7.961823740104272172e-04
7.342238866717419902e-04
3.350261245067868553e-03
7.458976076838120476e-04
6.812459268631497348e-04
1.430912444654818504e-03
7.182947132262411600e-04
2.615822097843140560e-03
4.516848105911086607e-04
7.281599472334534910e-04
2.820789806013258936e-03
9.323025876809854515e-04
9.458917485644124153e-04
1.331605342957326412e-03
7.877789582375277835e-04
9.723496848223163241e-04
4.025349636586512676e-04
8.856785419863424024e-04
7.914160608285302281e-04
2.396852716051691616e-04
4.479531187125484299e-04
1.122761938958086745e-03
5.990320438121485638e-04
5.882239600910503042e-04
3.832361495245492243e-04
3.337728029811476947e-04
1.726849666878309221e-03
3.751280236399652740e-04
7.703847563948481659e-04
9.962260624686719579e-04
7.141348786601709386e-04
2.284779995227376008e-03
2.774525255102656463e-04
1.792797447749739953e-04
4.332140025011900811e-04
3.342692020786533383e-04
2.740520434277518439e-04
3.928031550414213245e-04
4.094812865393485687e-04
6.086394293344188312e-04
1.589011627314873857e-03
2.511337897046174092e-04
2.179039497119464048e-04
7.405346733605309029e-04
4.041416727444493290e-02
3.516736271818197090e-04
2.690063868678993888e-04
3.758969152049892342e-04
3.431544474989942149e-04
4.764354476717707894e-04
1.351589163283320287e-03
4.114518447764765972e-04
4.454370784529013724e-04
3.068651792893000102e-04
6.672530982934392818e-04
5.158780271013937166e-04
1.942727742924417673e-04
6.450651903887136968e-04
9.983081993283149727e-04
4.858101202212028241e-04
4.146578873417017686e-04
3.138500060481838301e-04
4.971662173427320855e-04
3.169725294460220720e-04
5.268757581237177743e-04
5.827518486436853318e-04
5.535347529252055299e-04
6.078353769177121399e-04
2.571828332097801477e-04
7.337499118360136076e-04
1.498476336262904128e-03
2.591864491064065426e-03
2.868813099833818518e-04
3.588543747736532875e-03
3.554895404480245061e-04
3.810790568186535571e-04
3.063980057298054541e-04
1.308009657308317969e-03
6.086613770863306180e-04
4.898605877920301664e-04
2.841222321194337964e-04
1.198614882176044861e-03
2.462632945358761405e-04
7.124051528842950069e-04
1.562923349775957680e-03
4.548406286989601635e-04
6.429806895525416125e-04
3.220227435855360144e-04
5.320909085589686782e-03
1.799764019044484010e-03
1.282044872968104684e-03
1.802253710680793157e-04
5.385724773614730156e-04
5.997040363235173850e-04
3.523419608909352267e-04
5.600060894046330479e-04
5.460767789105404986e-04
1.641861631131385970e-03
9.665489964437114136e-04
1.285941039308728879e-03
9.892833307734065842e-04
2.058595826625341288e-04
3.803875831581218238e-04
1.159009462480224380e-03
5.290624944415639290e-04
1.368753478882601873e-03
1.639494371204858105e-03
2.230707697397540229e-04
5.600060894046330479e-04
7.698171496379022267e-04
8.522530292969882027e-04
3.421106285493986346e-04
1.289462346410715334e-03
3.749883034856404083e-04
7.570291963869974763e-04
8.828290384256361678e-04
1.204301466291280180e-03
2.730957586176497643e-04
3.350630297783461034e-04
8.144618383065329627e-04
2.021481792708731441e-03
1.545800111570243014e-03
3.971242109481789022e-04
7.392313055776478454e-04
1.759017376885279747e-04
8.163615296814849109e-04
5.539219578600562167e-04
5.029578050434720463e-04
3.339910971265412469e-04
4.416998448577759027e-04
4.223226614497644130e-04
8.121473493139463005e-04
1.282728626892621271e-03
2.581767307328796963e-03
3.424051029277338804e-04
2.042852620707970703e-04
2.786697435519843585e-04
2.003149419093021213e-03
3.227049639371005422e-04
2.694977746019402596e-04
4.086400159264433687e-04
2.421700013981532341e-04
1.073857689831185991e-03
7.779044218317945902e-04
2.257740714116716440e-04
7.566423631024430481e-04
2.006060073652464384e-03
6.584382064374445179e-04
3.559979720495673439e-04
3.139587845965158817e-04
3.675226346420766934e-04
4.326981780931652929e-04
6.615219933031691929e-04
1.938247144599629943e-03
2.443269794975344643e-04
5.562376030125524423e-04
4.723270157383245766e-04
9.377916579706652503e-04
4.274361557085471462e-03
1.277193246613926797e-03
5.986191085107292606e-04
4.271577193577629221e-04
4.507257125707630476e-04
1.693995281235457237e-03
6.748122827094373520e-04
1.822357075724314658e-04
2.253302169921936760e-04
7.167557622989107532e-04
7.555249533083116704e-04
3.129453717546221690e-04
5.539136673392330889e-04
7.916177264715738631e-04
4.021205301380339873e-03
3.958423733351410499e-04
5.288235488662837913e-04
4.393609976498505571e-04
3.491856940431416548e-04
2.244901850190481052e-03
6.298861793641432954e-04
9.758153448224224542e-04
3.277532757604910657e-04
5.758434957977854587e-04
7.282545668665992445e-04
7.217570522473563521e-04
5.985049335258659040e-04
1.955225526631727156e-04
4.105887455573603920e-03
1.289462346410715334e-03
8.742612445530512956e-04
1.167580526828810705e-03
2.001875247204006579e-03
3.254938010028089984e-04
3.197564016435606744e-04
1.936550738999272357e-04
6.919153794951944702e-04
4.240608854193371295e-03
6.617242067542212017e-04
5.164839983205367878e-04
2.073014276508229972e-04
1.761840845660873607e-04
7.745623651385278273e-04
2.962695006619031493e-04
1.874534147350544275e-03
2.280298106396303544e-04
2.406676108419729691e-04
4.947541951398562324e-04
2.665754506377411136e-04
3.164144814034415207e-04
4.706470379991268302e-04
6.349923321186853311e-04
7.065198827195685177e-04
1.221671894216233524e-03
3.652377494305265610e-04
3.517420455177181697e-04
2.841451695975301091e-04
1.157713368651617147e-03
7.162712453011007077e-04
5.521887500116469784e-04
2.247529989043174354e-04
1.581278628136879296e-03
7.461632154440168930e-04
9.325064361816119262e-04
9.295082409230949125e-03
1.849366877825799863e-04
1.351220398434338889e-03
3.307449202871548619e-04
5.032073167878096161e-04
3.244674975910851389e-04
4.475365207005712622e-04
1.483838881579372347e-03
1.305242851464362202e-03
4.334575560871174282e-04
7.202770516136548264e-03
4.432111620931837061e-04
1.388838273102054087e-03
4.463462908782464826e-04
2.285711756798328544e-04
6.355153120766416719e-04
2.564606020059304785e-04
6.180655385409552106e-04
2.189701590960730390e-04
5.774084762199051561e-04
9.325704135356608715e-04
6.212600205738061116e-04
1.234901865876572536e-03
2.652393563628669196e-03
4.874681016399466920e-04
3.967612482610136126e-04
1.365949554843295640e-03
3.756520236419819548e-04
3.618189940606513638e-04
1.291909187557680264e-03
5.725203140501435028e-04
3.608985432935984364e-04
8.688232532868820409e-04
4.732674570337271416e-04
6.680881218864924941e-04
3.381393900488874988e-04
1.403806842633337302e-03
1.035393563284979761e-03
2.461458227305590284e-03
1.499145522415657947e-03
5.793607696986986669e-04
2.307782667345918519e-03
1.133498788234610756e-03
2.554931401960459903e-04
2.618776031360213106e-04
3.038610349590765915e-04
9.794800633451466402e-04
5.649211929304344534e-04
1.073229775607533040e-03
4.349629576707357906e-04
1.044142700398672727e-03
2.975634508469532868e-04
4.990714466306364660e-04
4.745069815714286028e-04
1.260764295634610697e-03
6.710281778513334325e-04
3.347704503478345778e-03
4.929639795381918948e-04
2.135183505793870028e-03
9.640957274804919618e-04
1.913914722960611799e-03
1.588479604452255238e-03
1.157713368651617147e-03
5.795856604154178563e-04
3.605996029385403708e-04
6.811114786100916406e-04
1.046867123444548790e-03
7.222714529624131531e-04
1.509354018648876141e-03
1.049054768581066848e-03
3.075555381844666020e-04
3.754965670462397272e-03
9.930118229967020618e-04
6.136648939976408748e-04
1.082851886805219661e-03
8.511570648943212088e-04
3.627457060691221527e-04
8.934079912194969235e-04
5.069557224300629428e-04
5.041684705953536350e-04
5.231828389771217905e-04
8.555630263668955859e-04
1.965300371822968802e-03
5.193578633817853580e-04
5.949722681379129505e-04
1.546835846661503153e-03
1.098261095415356070e-03
3.256364392741819408e-04
8.335388669154873004e-04
9.458917485644124153e-04
2.648126096354549769e-04
6.604417453755734389e-04
8.217246246229554857e-04
1.273894318248281485e-03
7.241232957347512687e-04
2.911155560934780085e-04
2.995523414975841928e-04
5.144907215189468454e-04
3.749979242843496470e-04
8.270275408159545550e-04
2.437032690586976114e-04
5.924109978323328484e-04
3.626991956578071944e-04
6.204723618884928644e-04
6.688717212488578655e-04
8.667031063527404428e-04
6.204109915290050101e-04
2.397394097910180300e-04
4.614557972144695615e-04
4.690626516658995358e-04
7.282624766952229284e-04
7.085349417104886988e-04
3.238753298436551978e-03
4.125060242915446168e-04
4.980765980032912741e-04
1.437113825072838021e-03
4.317395088655725903e-03
3.859388160101804373e-04
3.336715852450899771e-04
7.784495657935880473e-04
4.322881167075998750e-04
6.709877452705991993e-04
5.824775384620351328e-04
3.746604800237017985e-04
2.617443838029893423e-04
2.604508829411622561e-04
1.461799975570745235e-03
5.826555248446211709e-04
5.153094314298903300e-04
1.263817205739474047e-03
1.869981875534488061e-04
9.519448698945804461e-04
2.316589369151904332e-03
5.390751473797975729e-04
6.766904847362595690e-04
4.823940807008473587e-03
5.392077714288602552e-03
3.686757296672493679e-04
3.980339041489694548e-04
3.571701020524057756e-04
6.395042569244282875e-04
1.340864374169869339e-03
1.914469777222664072e-03
2.202926798153798766e-04
4.125060242915446168e-04
5.104640629989454399e-04
6.066158839934334855e-04
8.311046076401349758e-04
2.505593527603146471e-03
1.316283778007963298e-03
4.917922248588866207e-04
