1.514182200181910529e-03
4.347048161599011140e-04
7.350908839571820667e-04
6.112335295742064075e-04
1.985355708747135858e-04
1.236332640381575493e-04
1.886967581514945979e-04
5.230888741033268329e-04
6.776410605646031229e-04
6.644202408527756423e-04
4.562501206778199004e-04
7.697831073241550009e-04
9.405184336190604679e-04
4.722935152715268211e-04
8.270822365658772731e-04
4.057032290442077961e-04
7.078612295573889985e-04
2.207796282181143186e-03
3.867808344083561913e-04
5.762518962265261073e-04
1.746393441902849980e-03
2.105861128509118382e-03
3.851770926112253854e-04
1.826107213961463121e-03
3.764421295869344974e-04
9.248655142482442235e-04
5.288554786961362827e-04
4.308052909760799070e-04
6.657382627548903567e-04
7.974857102910078805e-04
7.417023366265971564e-04
5.175791971080103597e-04
2.615336066511883138e-04
1.021049821218746219e-03
2.331138063947747231e-03
1.123662416820014583e-03
2.273097038307838041e-04
1.150870105871069525e-03
3.554938266724506739e-04
1.686653146415682239e-04
1.132019763334160371e-03
9.775012997038459196e-04
4.290115189274808227e-04
2.303624683696312340e-04
3.288922282275453775e-04
2.196315778768496638e-03
5.727272348774387241e-03
2.950255011304653979e-03
9.776638159531274731e-04
7.387914755528985277e-04
5.897806715776861839e-04
3.700692675780102559e-04
3.103977744884764065e-04
6.203142196106427786e-04
8.156507771478953110e-04
1.166656399647179355e-03
3.519369314576599852e-04
2.367861794625848813e-03
1.138030893470500220e-03
3.362221184097147122e-04
4.740716257869773131e-04
6.676233592271241767e-04
6.236715386236272663e-04
2.625952681975149937e-04
3.517519962887394693e-04
4.641562707005923325e-04
2.062183997210879395e-03
6.074713606100207381e-04
1.652136534586546917e-03
1.031277353122702451e-03
1.728586557921067473e-03
3.297394551737454268e-03
1.221211246753852418e-03
1.270889208887845479e-03
5.915314292136853846e-04
3.089872455674322078e-04
6.282493074150483818e-04
2.438563038421654242e-03
8.990258290570214044e-04
1.642974599107904082e-03
4.862255876229762798e-04
1.172923528676978258e-03
8.319381134576186825e-04
6.987710336977983987e-04
4.239744527121143544e-04
7.827897124127195178e-04
3.284348107770754862e-03
5.859953472318046863e-04
5.101014562523930717e-04
7.126258959882440357e-04
1.366239673782089796e-03
1.190528227792923355e-03
6.857564512067663249e-04
5.825885793134738056e-04
4.228223031040279859e-04
3.430671287996059230e-04
5.781951688369643639e-04
1.269691138648715214e-03
5.931692043134570479e-04
6.821255235132380823e-04
2.798494128095430967e-04
1.138856672373360704e-03
2.293680860868614656e-04
4.020921998333166136e-04
7.497368797786444460e-04
1.496053060133362058e-03
9.668217780391711539e-04
3.012962542902485226e-04
3.833741784725817306e-04
4.516134895381942842e-04
2.989218698205009517e-04
2.538499547915930559e-03
3.824280070502673033e-04
3.765478476600794149e-04
4.257786500914585584e-04
1.367109678825317279e-04
2.835712085964511332e-04
2.884987565920568535e-03
1.928798866819237930e-03
1.372157344112881787e-03
1.341874946113989515e-03
8.828260513772068717e-05
9.681531042883072908e-04
5.994248700839976745e-04
1.140365464145395033e-03
4.199425646630932729e-04
1.097812758544612849e-03
1.576562320815653008e-03
5.348646779649291177e-04
1.007426975145572865e-03
1.073642311650193585e-03
3.995570050501214910e-04
1.060430157414824024e-03
1.343275734786973132e-03
1.670152254606563531e-03
4.219646527241756404e-04
2.060566805538583649e-04
3.274419426769522158e-04
5.254961961151179313e-04
4.663393489824179099e-04
1.197766694511269794e-04
1.156753739733847692e-03
1.437545762543808621e-03
7.509729363826129741e-04
5.288554786961362827e-04
9.370350192866542128e-04
2.689919965394439120e-03
9.656273221762312663e-04
1.155987729132380805e-03
7.270940191501948455e-04
3.762487893600951713e-04
6.283146224527291594e-04
4.336155587254454007e-04
6.122023695703154899e-04
3.152200302068703785e-04
2.419263249345598370e-04
2.996604424232502577e-04
2.262998148280995128e-03
1.341644954477262111e-03
4.578837288051625077e-04
4.850498325208395765e-03
1.814021407887190845e-04
4.607144471928071249e-04
3.762675106249739523e-04
4.101035453268663867e-04
1.032088947420781383e-03
1.847122242916746050e-04
9.374758772524877798e-04
5.200720423219634290e-04
5.194949319436795729e-04
3.825015740045200219e-03
2.525316536592331004e-03
1.775382006855332753e-03
9.759570998594414154e-04
3.510051408587399192e-04
2.333953759394387156e-04
8.662200032361667707e-04
7.202589806611253177e-04
1.475798156429774903e-03
1.405637304685239657e-03
1.069734418992700697e-03
1.346587646935175570e-03
4.586479316502397176e-04
1.078405775186761732e-03
2.725451168733377901e-04
4.150612804224296237e-04
3.881112880888690155e-04
4.470825911568364949e-04
3.822281869420090464e-04
1.219861283795256645e-03
4.715672497608775003e-04
5.886572177779649580e-04
8.365011000483603496e-04
4.001426236533047582e-04
1.637236993895495882e-04
8.274203664497001634e-04
1.143156804701376704e-03
3.607647638510494328e-04
3.827542516329885715e-03
3.392892135104488577e-03
2.318567180187992675e-04
8.422976660381454152e-04
1.120680014829411554e-03
7.393205917800660474e-04
3.616142835392331190e-04
6.539781542456723790e-04
5.702913012915949769e-04
7.098553529825277686e-04
3.779137952217726665e-04
3.604757155524058142e-04
2.257950336435847060e-04
8.835781644118025210e-04
3.409756867135693877e-03
4.539829036337197899e-04
3.605961546704108934e-04
1.405081766012900328e-03
1.759008907030910017e-04
3.575440633749844095e-04
4.807521697212920682e-04
5.359941623708286201e-04
4.950328104890862856e-04
2.250690643459687511e-03
1.173386187093474614e-03
2.847114218171302620e-04
1.718785379190635506e-04
2.122075238348389813e-03
4.469855478268076844e-04
3.031677002815491313e-04
1.558554139988170117e-03
4.283480834804348578e-04
1.002885660891047201e-03
3.814720699853776779e-04
1.065510467043069781e-03
1.109511272403123370e-03
2.260888297117900556e-03
3.573991925516524092e-04
5.617429492311018730e-04
9.990205149849797767e-04
9.353225438377206664e-04
1.343854162104719851e-03
5.209598792299083726e-04
5.716104980631347456e-04
2.817551551498661145e-04
3.580505113910914224e-04
1.536587640601978213e-03
3.406279065679106697e-04
5.972171245481543806e-04
8.945903612014640413e-04
1.232238013511684693e-03
1.148173200618225536e-03
2.815382184656733001e-04
1.111875879511907981e-03
1.360400883450955077e-03
1.131825325284467262e-03
1.131721136246909617e-03
6.308989043043588965e-04
3.642662561040234848e-04
9.929336934805768795e-04
2.952595289323117138e-04
2.607513424123889000e-04
3.270214210564303210e-04
2.798478894920176452e-04
3.404315323008037298e-04
1.857447902240236216e-03
2.160714325221296827e-04
5.641511511380469966e-04
3.038920265710425093e-04
1.234131880344052287e-03
4.024639446303610057e-04
2.746984273618557340e-04
2.544669989416244952e-03
9.926127035868050584e-04
7.697831073241550009e-04
3.988757956821468846e-04
5.638362894974311952e-04
7.334128823570698055e-04
1.059230008178630930e-03
5.123803435474950279e-04
3.685387443881046649e-04
1.217465780775382972e-03
4.818788561697896159e-04
3.961544359256409346e-03
2.172746525337049175e-03
1.810594999037598313e-03
4.609735400200433778e-04
1.926673888238101184e-03
7.607802920774527902e-04
1.163750499294779637e-03
2.140534663803768823e-04
8.661157764655945390e-03
5.137770717503094536e-04
5.821805728743219407e-04
1.017050470546365789e-03
1.918710570577644172e-04
8.994324245389108928e-04
4.754975137587571263e-04
3.542710460734514472e-04
1.548458867057736109e-03
2.300207526139602177e-04
7.201204515280167822e-04
9.534710256628676703e-04
9.926127035868050584e-04
2.616114855455296448e-04
3.442491538706196185e-04
7.631517728013386542e-03
9.149073973826294531e-03
1.445541642362867870e-04
3.374939840009912734e-04
4.243561398365687303e-04
3.931483593087288313e-04
2.425355129883596198e-03
8.842119916292488562e-04
8.862612170903335067e-04
2.039662986352062501e-04
4.242133406009876797e-04
7.650212052805518406e-04
7.629023591986905210e-04
2.551021103417211097e-04
3.757705396030963738e-03
4.739756769971851060e-04
2.500360865145652358e-04
5.256343791701037103e-04
8.954258591815334681e-04
8.551817963338370849e-04
4.240090535450476671e-04
4.724010986950184722e-04
1.780054792312906137e-03
9.969175051387846927e-04
2.659273702670633243e-04
1.881227488097856910e-03
1.746393441902849980e-03
7.505269460257694980e-04
9.617791393125585137e-04
1.655776814896054794e-03
7.680707282545404767e-04
2.736502287236812275e-04
4.337173944299050460e-04
5.490705087385549989e-04
1.357365575379159382e-03
4.872588056090771855e-04
5.064021561971810380e-04
2.055429395479122651e-03
4.943590569297029100e-04
6.102302261510270673e-04
6.280814381365076686e-03
1.223079559024615190e-03
6.976503304178324890e-04
4.237285021527739041e-04
6.722096177108074187e-04
4.290947678801878564e-04
4.530782531363099696e-04
6.522186582887860937e-04
1.023145422278762132e-03
6.892572863748285157e-03
4.005894946149827834e-04
8.039616190087685689e-04
2.181865533509663811e-04
3.252259150884113546e-04
6.143220701910197951e-03
3.615741007420378988e-04
2.335995078192859141e-04
1.455214265762627864e-03
2.432863391931580892e-03
1.160668251881793967e-03
4.715919953899937829e-04
3.071012600826661561e-03
6.902229531312882973e-04
7.988775638520171892e-04
5.983164380747202664e-04
5.367117391395860625e-04
7.505516605534842157e-04
4.803809524538265609e-04
4.658531734078572603e-04
1.546409839635414256e-03
5.418925656674660829e-04
8.547721861882509684e-04
8.386140191205371892e-04
3.201790107684942491e-03
9.294355733956649818e-04
8.640426508418523957e-04
1.919678500756619296e-03
6.512226054307591492e-04
1.459895930149853523e-03
8.367279099466860348e-04
2.173089826586787796e-04
1.187105230609390456e-03
4.212630168995637340e-04
7.305181583846872976e-04
1.864597953095822544e-04
3.977955628172031568e-04
1.267546598705052152e-03
6.131697744623130705e-04
8.297352307403115792e-04
2.236701597541627571e-04
6.075754541886557161e-04
5.962742981880881981e-04
2.301183247204863344e-04
3.867808344083561913e-04
3.918635482362954983e-04
8.095711157296785849e-04
2.142636437297052148e-03
4.451979559726609360e-04
6.778985122183640334e-03
3.751586935361931035e-04
1.420385415113520951e-03
8.723990720341398769e-04
1.558947106430001728e-03
5.591920293846606342e-04
3.677534616869241116e-04
8.875569270110889421e-04
1.584465180484508377e-03
3.312798516899239059e-04
7.887084242305398771e-03
9.577325688534801471e-04
2.863565825469599241e-04
1.622227685141536561e-03
4.408581728046313624e-04
3.168547026481247824e-04
3.940533415827954179e-04
6.276211818310897632e-03
3.824503674253249192e-04
1.502934985065884589e-03
4.301958153478031323e-04
1.826107213961463121e-03
3.834719980069088599e-04
5.595497749324797364e-04
3.779078675398834901e-04
7.544927848540961554e-04
3.830854053844230472e-04
2.829114780171781431e-04
7.456873096358773538e-04
2.256712355817950264e-04
5.666559675528067561e-04
2.213359634937566421e-04
7.392688904589551175e-04
2.179870096635033673e-04
9.100609077182819119e-04
1.317895079835312540e-03
4.582504602084252403e-04
1.281407094485506907e-03
1.156753739733847692e-03
5.973493582840472358e-04
1.305091144667592552e-03
6.599596237386751857e-04
2.140800726605745184e-03
7.498582064848001265e-04
5.033444623711814600e-04
1.343854162104719851e-03
4.420087182884739206e-04
1.298145963170493564e-03
8.985702367403480394e-04
7.082677943704966282e-04
4.518807868070111896e-04
1.376863865827837900e-03
1.495204067221369290e-03
2.606402163194040380e-04
3.389235588160117280e-04
5.045267656437871272e-04
1.187846855702596452e-03
1.902724621458226194e-03
8.543934844198823033e-04
2.055429395479122651e-03
8.549889808937403577e-04
5.477419299280887697e-04
9.247230878552404601e-04
6.707756950692966890e-04
2.819455379892164067e-04
3.438260626726664655e-04
4.496185724924569682e-04
6.400351143551168001e-04
1.475986782082551376e-03
1.094694174368171600e-03
3.686985737371781084e-03
6.805581003531867507e-04
9.168060543862982439e-04
3.542573087223838319e-04
3.572443832389585227e-04
2.583729601407967150e-04
5.817681996614264750e-04
2.856253393248060096e-04
4.776661327768533857e-04
4.962244792347561897e-03
7.896338560894860647e-04
1.658718266666648396e-03
1.021049821218746219e-03
2.134153637276084078e-03
3.111236405110053547e-04
5.026388815171647321e-04
4.530525824154964308e-04
2.542287383279490782e-04
2.339461164638019942e-04
4.932845471513922029e-04
6.273772548821406015e-04
1.640575290431199292e-03
5.835219696600065170e-04
1.870487958299869413e-04
1.864597953095822544e-04
3.939090772191872203e-04
4.109532880418201826e-03
9.427101961548521591e-04
1.173386187093474614e-03
2.213852169675864599e-03
1.274869683907045017e-03
1.355654726911233003e-03
3.820382590354177532e-04
3.392706082632024702e-04
4.652567252943106053e-04
9.752568844488074609e-04
4.845371319901514359e-03
5.461082021374264904e-04
2.400689939493676119e-03
2.072756536062539824e-04
7.005221028251688159e-04
1.036846459275673343e-02
9.738601344568828056e-04
2.998695772749288935e-04
8.284836690392722008e-04
4.538503779498294192e-04
2.209705451352728806e-03
4.540884809475695914e-04
5.209598792299083726e-04
7.859912719670601906e-04
6.153332944188114051e-04
5.973493582840472358e-04
3.593785113288095216e-04
5.966105015446455722e-04
3.794352655144747448e-03
2.301893299324851531e-03
1.100530902587126738e-03
2.063173296582691038e-04
7.182638257835095158e-04
5.120313626994168641e-04
7.067040000443028337e-04
5.854652440837121918e-04
7.054067511651153539e-04
5.520312790550617466e-03
1.201848065257624760e-03
8.893258878815700789e-04
1.223841468687177862e-03
5.659304454728971475e-04
5.064021561971810380e-04
8.114104616578403590e-04
8.531001256045743497e-04
4.294604443643544470e-04
6.008115599975249457e-04
2.475903769067514752e-04
1.139288094367737168e-03
7.774656174475441271e-04
4.828097784800865514e-04
2.431359192954258164e-04
3.394371587112270452e-04
6.421812342795841459e-04
5.127204795298179098e-04
2.868832947687310550e-04
6.463206796306500759e-04
2.118080285690122162e-04
9.307318506003074915e-04
2.527162193909224946e-03
1.095548883170008704e-03
8.992124540735256695e-04
4.660415939898531184e-04
2.220455492611718862e-03
2.982831828116594636e-04
2.864452435274142980e-04
2.328989997547965731e-04
9.785730766843198612e-04
1.119819812452347348e-03
2.159179254915823912e-03
6.880897159533276748e-04
7.082431292908426823e-04
3.535365160671710911e-04
3.890095283389688225e-04
4.039033884987684188e-04
1.544938082915859332e-03
3.717281953353922187e-04
1.023935871970650538e-03
9.904715088911990751e-04
1.883129419817774878e-04
4.201421898111564607e-04
4.083548234085838165e-04
8.513560674656081313e-04
3.273807072155411743e-04
6.314603908572709486e-04
7.574842761520433985e-04
6.425154743232401600e-04
1.397587577081889484e-03
1.896840090094291950e-03
1.671775922811033011e-03
8.678348376461098631e-04
1.591828287377152016e-03
5.479074016993211969e-03
5.770642305166702761e-04
5.018432888299621981e-04
4.789692161000871939e-04
3.829006673887609918e-04
9.351219794886618574e-04
3.104984965539864944e-04
1.859965578502420979e-03
7.353730928788011073e-04
5.795320454484231354e-04
2.464979614828344116e-04
7.459495174237406635e-04
2.742218947779686265e-04
4.282179433887768161e-04
9.331815299666933010e-04
9.059041883056380287e-04
1.325906639063783622e-03
7.155704656871093253e-04
6.911907831877981984e-04
3.178628427665893441e-04
9.559808672398468219e-04
6.447702153483763059e-04
5.456091643991962774e-03
2.592595784885379077e-04
5.418925656674660829e-04
1.407839343268523120e-03
6.821255235132380823e-04
4.738643065410539897e-04
2.227730342131823663e-04
2.733950753708407067e-03
6.456725520462949829e-04
1.141028372827756609e-03
1.041774343452819655e-03
4.570547160093922710e-04
8.944181468532326051e-04
6.182636553063422568e-04
5.409610176925623267e-04
9.823949442975819010e-04
7.875314482528759583e-04
4.715964134621806331e-04
1.799556996731911966e-03
4.874730727255828663e-04
4.492629554377685296e-04
8.515385747942775954e-04
3.086542735061926319e-04
4.454857513963583066e-03
2.344090169315848730e-03
6.560449309503945141e-04
1.455483771795209160e-03
5.207204694277185004e-04
3.933132127525800457e-04
4.337525263903251852e-04
2.675462210369905936e-04
4.436514246522748088e-04
3.228725043570650449e-04
3.230421473130169838e-04
3.064918309392973398e-04
4.053847656441643410e-04
3.555084653452842639e-03
2.768584223702567145e-04
7.696970224866892278e-04
6.346358094983442629e-04
7.684396735771157130e-03
2.483699116898161635e-04
7.476120838589921623e-04
1.720228640973325059e-04
2.306965844349894487e-03
4.724010986950184722e-04
6.202691518413068960e-04
2.791237089919022330e-04
1.355535737646426306e-03
3.380632327388057045e-04
1.328725613203484085e-03
3.682207149996073129e-04
8.632119233096742809e-04
2.071070326430931273e-03
6.015581513147644048e-04
2.777498518889814352e-04
6.354142474857857152e-04
5.451752879514442209e-04
8.894262018296353800e-04
2.055429395479122651e-03
8.725442122484313411e-05
4.473079962142960386e-04
4.097381651759142733e-04
1.041594183031764945e-03
5.306452452810814149e-04
5.064886054590225783e-04
2.558899219075001525e-03
3.478522621497313417e-04
5.416563872550622790e-04
4.911735583736978866e-04
8.606335564861415351e-04
1.073329531330504587e-03
5.468668577375443126e-04
3.302162894147387404e-04
1.920720393706405911e-03
2.489059296073334966e-04
7.393072683909094603e-04
6.516544156754865364e-04
4.091587401490757786e-04
5.433622051049349141e-04
8.294272322454523472e-04
5.650422350833291885e-04
4.302968416185583614e-04
1.190622830978394940e-03
1.865711674991774646e-04
1.129764683303478151e-03
1.236775467593581113e-03
1.932621858082642086e-03
6.788317218336727696e-04
8.930263028502323031e-04
9.946163616561544928e-04
3.141668427145640928e-04
1.629375834211774492e-03
3.937236206805299330e-04
3.744764964068884113e-04
4.206426785294944070e-04
1.066599115822604651e-03
8.639182359625244539e-04
4.142629955456077423e-04
4.464008507807940224e-04
8.336945847087226871e-04
5.638362894974311952e-04
5.954186695852555248e-04
4.199425646630932729e-04
1.012182582143367291e-03
5.674908050590202375e-04
3.370295279858456653e-04
3.786102358702527816e-04
7.569028058675977486e-04
4.355401656988587078e-04
8.293301318015341810e-04
6.505229241808300122e-04
2.682892522608843876e-03
5.455228599643559100e-04
3.012392556615832331e-04
1.312336491382122593e-03
5.089760472067010079e-03
1.179764503194159330e-03
3.248561484154055892e-03
1.874755786333543557e-04
3.209608683449751516e-04
2.985847258859602397e-03
8.415220485015334484e-04
6.736387385030845895e-04
9.141379397784534953e-04
9.781226639793956599e-04
1.128332687539573788e-03
6.772802989719792742e-04
4.855925334332841120e-04
2.055429395479122651e-03
1.972050193009212602e-04
7.209889233544367363e-04
1.947275931452421751e-03
9.216983010634092121e-04
4.200396240547764771e-04
1.844801333999728345e-03
1.390333849231127367e-03
2.791237089919022330e-04
3.668409273917381153e-04
2.474687696584145554e-03
4.261976364156124420e-04
6.626546156455884792e-04
4.079162520510129573e-04
5.023442422092853432e-04
3.872404859948440879e-03
5.268409848284369987e-04
9.928862960860876212e-04
1.177017382956402304e-03
5.977414327226815210e-04
2.382771441620335298e-04
4.383826422484184745e-04
7.413294843748328760e-04
4.347340232941009032e-04
4.678611733922619456e-04
5.582297390586648915e-04
7.159198523679864961e-04
5.218597196606027631e-04
6.282111817361398561e-04
1.040452113817529707e-03
2.771652511557853036e-04
5.068527248945925044e-04
8.086357180026250598e-04
3.290915262307005595e-04
2.377372720331536707e-04
4.293765236116633358e-04
4.646337466958560744e-04
1.168645810440318861e-03
8.452839335717566346e-04
5.760423132684664230e-04
1.266439876219279054e-03
2.268775625534714090e-03
9.675043083073388587e-04
1.587729317021358347e-03
3.940500917053397297e-04
1.558947106430001728e-03
5.884773871756996061e-04
7.756442945537461156e-04
1.798480323916689782e-03
2.187474159201349330e-04
8.042122682991365359e-03
8.632400618577394527e-04
2.990921698996909951e-03
1.925827178900618025e-04
7.762311752843642281e-04
3.385225022256142411e-04
5.414508357732650094e-04
6.872134343639042147e-04
4.716371282663818477e-04
2.171688967219039033e-04
9.528240035686363907e-04
8.274203664497001634e-04
4.430188516170028212e-04
6.530124035526803285e-04
3.490371740190720599e-04
9.188975277125703729e-04
1.208864648724067986e-03
2.565540893884926308e-04
1.739816774795102357e-04
2.691094175966519887e-04
4.131398897618206861e-03
7.518226611866315676e-04
4.893629040717650640e-04
9.138951627602326638e-04
8.632119233096742809e-04
3.216772772844513984e-04
4.803399555101649514e-04
8.865723142429022836e-04
6.544962744018761837e-04
5.832548252576797484e-04
2.734505313155879947e-04
8.266761805229124122e-04
1.009457712814337566e-03
2.234131702821631228e-04
3.855921100028800999e-04
4.664033893875116550e-04
9.644217003911163344e-04
9.153393767504236500e-04
8.817228886436525182e-04
6.274133942892306647e-04
2.046014838311894699e-04
2.256749541397698542e-03
4.175706512382447617e-03
2.982831828116594636e-04
7.006169222478323983e-04
8.495295401569695828e-03
1.395418981828486400e-03
7.181827160700483522e-04
2.558704369345700153e-04
5.563760674438357002e-04
6.575130886642917066e-04
7.649880535878859477e-04
5.388072444323947687e-04
9.216567737547874282e-04
1.028713740658909748e-03
3.538013957071959562e-04
3.926728186184479824e-04
3.520145958147181953e-04
7.851151122909410737e-03
7.539293997522760653e-04
1.172990020448290904e-03
7.575381962875787304e-04
2.854048660564955688e-04
5.396381513205983577e-04
1.152815795978157478e-03
5.580569175294976085e-04
5.954677936963216883e-04
1.288560542420480719e-03
7.116088576473989218e-04
7.668896160607891702e-04
4.438772603881730654e-04
1.539097817047556686e-03
2.154801978307899993e-03
3.153610906873484778e-04
5.702876986756369275e-04
7.205465090269153137e-04
3.598398919030988837e-04
3.303879336459373834e-04
9.631168514081598752e-04
5.040613595068062528e-04
1.092555765881340164e-03
7.314289159400678281e-04
3.511840211338427132e-04
7.221770192897184306e-04
1.321754526266578130e-03
8.823520466645319235e-04
4.634670691685573965e-04
9.074032564835105225e-04
4.240134978654283484e-04
6.756463836528549434e-04
4.578837288051625077e-04
1.258469507774909050e-03
5.782733446169171674e-04
6.395373365640211454e-04
1.229695207882432672e-03
1.356821283647363543e-04
4.898862780229177628e-04
4.740392494472262137e-04
9.708884368447818570e-04
4.245025397503717803e-03
2.496328893034382469e-04
2.400689939493676119e-03
5.276874477644228614e-04
5.083451985810378973e-04
6.182636553063422568e-04
3.449635726884881545e-04
6.591626744939881434e-04
5.200227462020077119e-04
4.913057821819980311e-04
5.563760674438357002e-04
5.202809096528695490e-04
3.020735913440631055e-04
3.874644166528819710e-04
1.140365464145395033e-03
5.451752879514442209e-04
4.841663961298180337e-04
9.039616265936571693e-04
1.233724686005735352e-03
5.853548639194088368e-03
2.055429395479122651e-03
1.841978227428581747e-04
6.920794898822184077e-04
9.255662142311365820e-04
1.288093066835355530e-03
4.199449747417138877e-04
1.223371776689976013e-04
4.054300351695180405e-04
3.160477575438313397e-03
6.918190003475129099e-04
1.792504064083138855e-03
8.556571206016207144e-04
4.788616750799202094e-04
6.924416833214156386e-04
1.574599001507311514e-03
2.862820204619932730e-04
2.684556737301147054e-03
6.178455912757555750e-04
1.919773234427619730e-03
5.877962925422683177e-04
3.786322249488951260e-04
6.162558518240086967e-04
5.006586889345685356e-04
4.148202299977563979e-04
3.525990798754727079e-04
1.404491136911675689e-03
9.661212864947109997e-04
1.112709962041603202e-03
1.105718724192608768e-03
1.508750365682417181e-03
2.055429395479122651e-03
4.419901836378916922e-04
8.523482701318116188e-04
1.059230008178630930e-03
4.648590576940055271e-04
2.989258718002320097e-04
9.241641457158239524e-04
8.109610479120206135e-04
9.496623086728889955e-04
2.487159212849579287e-04
5.224937394315808115e-04
4.254658797897359433e-04
6.308989043043588965e-04
2.980990586985180716e-04
5.331538698649136839e-04
4.807823544776174715e-04
3.990942836011672468e-04
1.287151237871258331e-03
3.964864267216158182e-04
3.328374330922015856e-04
3.325624732756392787e-04
4.899733186808214163e-04
1.900627456947437573e-04
3.370350745939912633e-04
1.942308041335390960e-04
8.991421802555767595e-04
2.845247985330488501e-04
2.815838300022981914e-04
5.387357782467434549e-04
4.149442887524003982e-04
3.390310777524697733e-04
9.926127035868050584e-04
1.206159954785866522e-03
4.148617116511056505e-04
3.832918888659006562e-04
3.379153476478449335e-03
3.341189224797722589e-04
5.152688851198848705e-04
1.585637365503737937e-03
5.286414872386465064e-04
1.220732789244225293e-03
3.816640752717114274e-04
7.842540980588425838e-04
6.872344974370401269e-04
1.077741017602841392e-03
8.244031802602080471e-04
2.235739010258993784e-03
2.548671211619296922e-03
1.847864784305453326e-03
7.740157942705384138e-04
7.693675004228791008e-04
1.287519665678827589e-03
1.881692074708447241e-03
1.793776947176741517e-03
6.942153948699641801e-03
5.089073060439598803e-04
1.035696081781882711e-03
3.568439008554167430e-03
4.974315990362517025e-04
9.204784309409846845e-04
