1.212381474331019563e-03
1.521710381189521691e-03
1.452871794611436873e-03
6.366056734269105299e-04
1.035704739516240050e-03
4.368753841281266398e-04
4.249976442968848162e-04
5.024579747986395849e-04
6.945883231024418264e-04
3.471268872334994072e-04
1.894624374641901404e-03
1.312929552569680990e-03
6.201669472471189708e-04
6.527267715703775333e-04
5.332910438267309547e-04
2.576311781847134743e-03
6.182628541224777794e-04
3.134118650020573256e-04
7.257820612577094198e-04
1.924357490250595566e-03
3.588284478408819466e-04
4.260032006028748540e-04
8.207867512570263127e-04
2.969672676196398594e-04
8.586226730059018418e-04
5.239427142865644722e-04
3.903351706823575255e-04
2.824878527749585203e-03
1.047145172555086949e-03
4.037296380311149982e-04
3.588973912044393969e-04
9.364017996257197052e-04
3.847177020516637886e-04
4.266900870010262303e-03
1.591867486835761005e-03
3.475144484115365740e-04
2.269417716757548794e-04
6.733189784827331046e-04
2.186069388122881610e-03
4.013385542202058814e-03
3.292960186538277496e-04
8.286590431116587019e-04
1.160684381299119383e-03
3.324706857286463036e-04
5.328074059608567782e-04
5.177729589350038878e-04
1.123777910522653868e-03
8.272246313483801444e-04
5.371463285057814525e-04
4.315904143572968257e-04
7.492396079826548275e-03
3.007872869356309682e-04
3.886581898102857663e-04
3.297086079152876706e-04
7.269963024281545037e-04
1.085159815002463557e-03
6.200385888730719974e-04
9.244347861361401457e-04
1.797808234191933339e-03
4.087733101570170105e-04
8.354905312246735556e-04
4.700644388590130584e-04
1.458107070437865112e-03
1.163664419875445845e-03
1.937275772062720417e-03
8.084347790789836365e-04
4.354003621778086437e-04
2.559453448179732638e-03
2.524092790092323188e-04
6.512655102062676893e-04
2.201832307113938802e-04
1.882782534129801965e-03
6.025012702886155692e-04
5.331653942133913636e-04
1.037019242789769110e-03
6.803109294414662247e-04
2.080599400607803528e-04
1.902947035526687597e-03
4.462133263229268424e-04
1.084133512235216411e-03
3.288435210339102940e-04
3.051677131613170701e-04
3.786974910924048566e-04
3.390125868950681610e-04
4.755417296006236839e-04
7.301225561942418542e-04
4.022720681830929852e-03
3.943350017418687458e-04
6.544232154777537011e-04
3.035052759609013491e-04
4.266900870010262303e-03
6.901585562908983977e-04
1.315183462134419208e-03
6.501169930847724640e-04
3.214041590105623275e-04
2.561026181110353053e-04
1.835944717506097449e-03
8.494291458795011482e-04
6.675441451203067804e-04
7.184356824751406525e-04
2.841676128597637975e-04
6.436565706529395530e-04
2.299798714381027240e-04
6.424328595543428140e-04
1.936979330584104493e-03
2.649970270476974667e-04
5.247127684857851937e-04
1.141181526398717810e-03
4.071182211248557722e-04
6.961383313839995682e-04
1.021460482168917933e-03
2.031981568221956878e-03
1.501193304836080265e-03
2.023640116854386029e-04
7.367349003847944566e-04
1.205745102583293243e-03
5.519617421664823600e-04
9.241671914738532013e-04
1.452856632521258660e-03
5.112764668450284168e-04
7.048834554022351349e-04
3.712005540914631112e-04
1.502880642751201062e-03
3.564014026573397134e-04
8.433327007756197388e-04
6.943785000133542327e-04
2.398712204648001237e-04
4.303530553588105984e-04
2.462113835401963250e-04
4.071248274696097867e-03
1.382510920698238992e-03
1.412202848906575665e-03
6.209636387017837197e-04
1.743102069425579064e-03
6.293886339877460216e-04
1.340965468835757712e-03
4.456403598884378669e-04
8.857279827657920301e-04
3.690593787071808269e-04
4.558451818232370461e-04
8.409649132171755255e-04
7.399152131036300720e-04
6.832170326993547947e-04
1.759675066188909646e-03
8.207236063590952948e-04
3.507858791548676631e-04
6.900651153580808495e-04
3.044540382308705186e-03
5.025026302225753467e-04
8.574562488544560691e-04
1.050380083714745920e-03
5.951421200998313404e-04
1.476421650344863796e-03
1.582995041193490261e-03
6.793742542055093486e-04
4.654301968608952822e-04
5.679819323116659744e-04
6.951172455370723154e-04
8.160849816499265085e-04
3.315724269256733916e-04
5.697775647797075288e-04
1.872737994117283362e-04
3.846328347738316427e-04
5.385562170311139311e-04
7.712025082019700016e-04
5.584088945042175664e-03
1.093099888827891650e-03
3.260117532895345023e-04
7.436027344130697464e-04
3.152150361074778306e-04
1.348953292343962581e-03
7.234114360342664383e-03
8.671871453015484116e-04
7.283985340617454580e-04
7.171102868886076748e-04
4.050805363016441981e-04
3.602076398698082641e-04
5.068004226613197476e-04
5.322743592304391303e-04
6.765891237871363671e-04
3.482535845851799337e-04
8.060849091006322192e-04
6.654798447091140332e-04
2.932709424168545437e-02
7.425731553699808311e-04
1.222946174545014872e-03
4.387167571518168488e-04
5.765132104706706916e-04
3.087477279175193960e-04
5.149569410578205440e-04
5.010616006474175651e-04
1.335520651792536373e-03
6.585482092956887554e-04
4.606147362302119726e-04
3.962370702953548992e-04
1.219836501957063122e-03
8.682305315129927982e-04
2.822858565863490643e-04
3.270712340877489810e-04
3.920105497162982883e-04
1.819048058040215838e-03
5.457199629139716053e-04
4.266900870010262303e-03
1.317320232864062314e-03
1.118570797597795256e-03
7.269963024281545037e-04
2.995958880128446748e-04
7.203928013357117997e-04
2.055056670839046406e-04
1.078238057572898732e-03
6.759829579006245912e-04
6.065278245198917496e-04
2.349593100643076853e-03
3.114128975719768189e-04
2.297180651421876739e-03
6.279785289568463793e-04
1.212607716591846069e-03
6.367296481381162516e-04
6.881402595012083446e-04
4.904651158741147069e-04
1.498587843080293521e-03
1.520856963086040722e-03
4.877290253095297053e-04
2.047898341487872954e-03
7.203928013357117997e-04
8.212161227504085172e-04
7.528131902870238397e-04
9.272961078820913692e-04
7.370718826230432874e-04
2.181641102236058817e-03
6.805017175983141264e-04
1.222508300235674835e-03
2.675439918320629551e-04
3.817084258156417786e-04
1.388504302043783254e-03
1.053127761304426240e-03
2.904159234544927007e-04
7.632796111092858505e-04
8.400212559594034522e-04
9.745609832839505389e-04
5.468615082031115862e-04
2.537200906499101891e-04
2.141398691183665510e-03
5.869937594530429429e-04
1.882421556957139053e-03
7.562116386483191391e-04
8.639088236237997325e-04
3.565166447890741027e-04
1.021367406253030803e-03
7.070937895843350902e-04
1.025307484064324690e-03
1.807673492534650689e-04
1.411024657214396492e-03
4.611665250906687497e-04
5.739211372096951263e-04
3.581157762734008617e-04
5.688487757165126705e-04
4.151008499526187643e-04
3.442017137935254596e-04
6.155321847439986513e-04
6.894034513478497191e-04
1.904654231973463424e-03
5.054489762561831289e-04
5.377938456761870156e-04
5.019201767500776736e-04
9.917255213261770477e-04
6.923279622846473247e-04
1.789763178969061997e-03
5.817395688617315458e-04
5.363515897678286645e-04
4.017567096285831296e-04
3.649344983986035993e-03
3.111499564076401899e-04
7.961982073184050877e-04
3.524496246282613453e-04
2.370199829574911612e-04
4.851673007649848560e-04
4.977771046294932489e-04
4.835636521147467014e-04
2.532986404945393498e-04
1.223016720995616455e-03
2.269557518462752448e-04
6.986279137429098453e-04
8.109651968494094657e-04
5.196548555603202170e-04
9.860556709337618946e-04
2.074072944466176863e-03
1.132577493795087781e-03
3.394642557460933441e-04
1.670056842001416565e-03
2.817136330662540784e-03
4.519589784121739507e-04
1.384775043460934919e-03
2.839597964992255394e-04
8.151462050556588590e-04
5.796562220536461384e-03
5.057431220827958169e-04
8.732274201152447502e-04
1.025424479498629861e-03
1.371125200516812087e-03
3.925774731084056071e-04
4.755321169211829406e-04
5.510892502027202452e-04
6.487424267766666360e-04
7.588178370169370527e-04
8.870595000102711892e-04
4.090070658759572728e-04
4.714179431047673123e-04
6.890323516352711520e-04
8.206346818567205985e-04
6.027003581677476979e-04
8.822409841743534056e-04
7.622981363397774790e-04
4.253078845838079679e-03
3.248741092013092435e-04
7.277117220935229143e-04
3.358778706089781351e-04
1.084133512235216411e-03
1.149679455508370411e-03
1.149800419712075075e-03
1.504174840126474731e-04
3.159717830578863428e-04
4.316641746142190102e-03
8.786355251312790706e-04
1.717844597012696930e-03
9.349937095435399822e-04
6.717852606567714961e-04
4.576320561845395227e-04
4.521422975940925931e-04
9.277555255219695251e-04
1.778646696730262289e-03
1.627567624668316759e-03
3.048915756238575582e-04
1.194613838536157362e-03
3.791182093334859952e-03
1.327039674716369219e-04
4.977109140795645936e-04
1.274475107058712113e-03
8.358390513933705752e-04
3.229275206493397560e-04
2.230081841093448927e-04
6.394571341962972631e-04
2.233781354891594035e-04
3.313035311767381424e-04
3.160579780001066398e-04
7.106417671565366757e-04
1.757196635883633115e-04
1.571460881230295767e-03
9.923668954309591492e-04
7.994834585703315850e-04
1.143444368355584721e-03
1.661084719316774936e-03
6.760683674126003904e-04
4.732457138602540712e-04
1.538117039628786016e-03
2.315960507785718141e-03
4.165799583454824363e-04
2.055056670839046406e-04
1.520801092831118887e-03
9.029373701532546507e-04
6.108938679320339085e-04
3.757423708883585807e-04
9.009604563923364869e-04
6.345896045955898117e-04
6.647686650551173568e-04
7.873034376316563306e-04
3.928082419255731319e-04
5.493544969324528141e-04
1.327762289531180190e-03
8.513052490279783904e-03
4.346012998740140295e-04
1.089857028813822053e-03
5.870635433114611149e-04
1.462787017912869653e-03
2.399121792549886766e-04
3.050941383855699878e-04
5.167943593032426480e-04
3.466190433033605137e-04
2.383490426677962483e-04
1.008139276951892319e-03
9.788126633664974950e-04
6.360790344194381177e-04
1.220746965300799998e-03
1.377860450676115850e-03
4.378000221642920110e-04
3.016271843217706327e-04
7.448261613924844196e-04
1.318047769880867966e-03
6.400873558801795050e-04
8.713859770480624845e-04
4.668508064270650900e-04
9.046230556861022294e-04
6.838853462191703736e-04
7.234692930114315461e-04
7.757687951516250213e-04
2.596254229374570649e-03
5.609955753131066212e-04
5.490759342800303989e-04
7.047131644345294883e-03
4.699013461772533120e-04
6.692482471132065250e-04
4.642191616944984838e-04
6.443427425415354255e-04
9.657095359915984691e-04
6.438210477860884960e-04
2.207813188796618840e-03
5.184951413574447401e-04
1.013158642520778233e-03
5.227342517539122725e-04
9.464807279202637567e-04
4.448930197446725556e-04
7.442968957033063151e-04
1.974291867044280916e-04
2.222005155491833372e-03
4.330979176107114994e-04
2.093541648845063051e-04
1.895144508549056681e-03
1.116703613762493877e-03
1.363863995575880514e-03
3.029779450057259712e-04
2.038716041000731335e-03
6.195293802801507500e-04
2.047866600953029493e-04
2.167387410308119189e-04
9.998175688982816316e-04
4.292604290630427379e-04
1.786206853044309921e-03
1.560866222964989083e-03
3.298894965660985551e-04
1.205886469562841064e-03
1.036718214873085962e-03
7.013805433879565215e-04
9.205507514908739921e-04
2.096982560139939913e-03
1.563654472241497685e-03
3.457791416865588479e-03
1.165007830395677589e-03
3.649703468942048189e-04
2.039812710004436543e-04
2.424803048602270381e-04
3.238178215734429104e-04
7.232974492091712952e-04
5.965424825700950309e-04
4.300083063263294893e-04
8.232087683813737967e-04
9.300165515972245826e-04
1.473082613641247965e-03
3.398745140112421448e-04
3.399332857516224504e-04
3.876844654669570891e-04
2.828175887708467870e-04
5.992960785428431579e-04
1.889554477109595424e-03
5.776481460479402849e-04
9.154145250874742889e-04
1.216968944827075214e-03
8.094929948399795820e-04
6.494657561001370392e-04
5.227342517539122725e-04
1.499448857291164070e-03
8.905009907071083797e-04
1.357611801232215228e-03
2.305528311549274599e-04
3.545178752425578398e-04
9.379704282462583264e-04
1.182746914100556677e-03
5.456939234097361348e-04
8.414654884901558857e-04
1.647033265245005000e-03
7.320504261303735407e-04
1.940019224949275211e-04
6.450273057219795816e-04
1.060500311699430617e-03
4.785668223591128118e-04
1.559940030015265558e-03
4.807775286103984497e-04
1.979626227348467481e-04
5.030646236990587690e-04
1.024177917764799951e-03
4.568413771004323221e-03
7.399152131036300720e-04
1.558374617148004099e-03
3.463403635055756777e-04
4.045985909898167001e-04
2.024112263215895914e-03
4.680466282237985142e-04
1.638668515730859520e-03
7.441744237502356460e-04
5.154112047288466301e-04
5.155970605526409350e-04
6.602853159322011204e-04
1.435642021255453555e-03
5.234588556309842248e-04
3.831556549035433287e-03
2.227177451604814198e-03
2.344073408239024520e-03
5.065483723127696576e-03
6.732517902582622936e-04
3.762250301500679318e-04
1.473018894937094033e-03
5.683486219988766533e-04
7.137435158330183082e-04
6.914456031692808565e-04
3.720177406903506191e-04
6.545571468095279146e-04
2.135155751185309394e-03
1.358433567621558950e-03
6.906960501357211788e-04
6.693503348457101668e-04
4.599310869494624529e-04
5.556150360111793618e-04
5.613748516914471949e-04
9.818972756506494631e-04
1.737804049047884426e-04
1.301350424890698743e-03
4.151172021949982695e-04
7.166901305584674363e-04
5.818363645021440347e-04
3.950261248909566077e-04
1.859013708255664258e-03
7.602271105291923906e-04
7.442968957033063151e-04
1.192614237402968421e-03
1.654418712959670633e-03
1.403334514738090915e-03
6.797181660509378108e-04
1.029429377658902089e-03
1.028437514455764765e-03
8.167162208988045565e-04
2.993576981406743270e-04
2.416904464257987623e-03
3.588284478408819466e-04
6.256558794525668953e-04
6.157189402301511310e-04
2.675439918320629551e-04
2.310836052232084737e-04
4.101551834046153261e-04
1.799449206881179996e-03
6.609749010430191049e-04
6.837291609579331788e-04
3.257300061487736426e-04
9.781708910462667134e-04
4.115739009345804498e-04
1.507481268891913044e-03
1.094725006656750840e-03
2.290420350302988049e-04
7.822262483062816926e-04
8.635483852924794599e-04
1.098966648779709475e-03
3.315724269256733916e-04
3.175780176068731652e-03
4.619543518535400533e-04
4.405164007219650592e-04
6.053733665185273560e-03
2.547327103023041433e-04
4.263860798098231450e-04
6.279785289568463793e-04
7.755674369595540532e-04
1.528938129656764577e-03
5.985361606488854604e-03
4.699179142088591487e-04
9.007498017854722759e-04
6.604909160422190893e-04
9.462602708445046846e-04
6.558799962134945639e-04
3.592957448226889662e-04
5.229539126763531592e-04
1.017188125440548823e-03
5.172407077901298653e-04
6.664424173043753544e-04
5.634222177744508710e-04
7.669494140354097492e-04
3.193518085167356573e-04
4.706278999123948118e-04
9.355585780198148738e-03
2.936364554395954935e-04
2.574366832669496312e-04
5.227342517539122725e-04
3.905636283899221496e-04
1.004836266181303615e-03
1.445832015132399000e-03
4.322326134181376546e-03
4.782822333296571490e-04
3.687774773014723629e-04
3.809004156348970395e-04
1.163664419875445845e-03
3.167729370333891904e-04
4.902234602161175195e-04
4.066273199406768789e-04
1.883665291488458395e-04
1.311420109118564869e-03
1.855570366018561559e-03
4.230145854753754688e-04
5.324292134105656485e-04
4.621850664553276713e-04
1.325439678895101465e-03
5.546447951296541463e-04
8.133435472103372728e-04
4.405194397711300496e-04
2.024305189322919869e-03
1.087016818785789063e-03
5.278427986251324347e-04
4.543103137672428521e-04
1.049553139514115266e-03
8.289279495139816826e-04
4.736589901565632513e-04
2.361913526697087193e-03
1.848108161260026382e-03
5.192085970090529320e-04
2.895050590916495564e-04
2.237690358455713215e-04
2.314574686841622004e-03
1.961363719828127373e-04
2.080100203185324560e-03
3.634811688277986633e-04
4.202747179797952952e-04
2.239385200248529008e-04
5.814825135325898519e-04
3.840775490393814797e-04
7.100053068037415812e-04
3.203997841672263989e-04
6.665955320474824296e-04
7.748641442227856236e-04
1.105571679333325558e-03
4.854611003105617430e-04
2.352818948827068628e-04
2.509299705061784555e-04
5.662656959705097796e-04
6.317094141635486637e-04
4.687264645734940251e-04
5.340268381214321189e-04
6.045615033584881247e-04
9.611291120194263068e-04
8.311342879922803883e-04
2.520979857815247235e-04
4.832901448930969129e-04
2.940470785462919465e-04
1.056031383109604614e-03
8.145128700369362509e-04
3.286498172786183475e-04
4.723791555117674563e-04
6.731296756993471273e-04
2.463058956427836843e-03
3.842660776092616734e-03
1.539191941538025580e-03
1.585598783878315035e-04
4.606597322037454790e-04
9.945997289683905160e-04
4.409808034086807249e-04
9.463062121199653128e-04
8.346076886634275129e-04
8.635110821469107675e-04
4.723791555117674563e-04
2.661760839399676497e-03
5.651251549720179464e-04
2.060265641551940405e-03
1.206225143744714488e-03
6.238217678144035178e-04
8.288695759146048328e-04
5.418752799750307415e-03
1.653760874277411313e-03
9.807742179673561989e-04
4.045985909898167001e-04
3.313035311767381424e-04
2.951739068040884440e-04
1.122302099700780336e-03
6.667331488897800364e-04
8.631317699798174816e-04
5.231115242025544511e-04
2.562619957919355738e-03
7.442968957033063151e-04
2.314987822312211067e-03
3.229055943470451710e-03
8.733627700316392867e-04
3.007872869356309682e-04
1.218042554829807441e-03
1.819865567480764357e-03
8.094053836581582145e-04
8.185198666796477274e-04
2.663448325327314576e-04
1.940019224949275211e-04
6.446110833436425464e-04
3.809004156348970395e-04
3.753313490033698390e-04
3.617825713291350975e-04
3.525139630636465083e-04
4.402303313625355601e-04
4.287849995974481968e-04
5.065483723127696576e-03
4.083143453570170804e-04
1.351249836792801830e-03
4.561997549420547396e-04
1.282498021860652149e-03
5.772682236878191658e-04
3.667297216452872037e-03
3.806648597461965034e-04
6.229943493073562388e-04
6.200838929996477580e-04
7.617731905394657015e-04
5.081712124289177422e-04
1.013331863681286990e-03
5.148198578427612545e-04
4.859609694483293008e-04
2.180483496182537915e-04
8.266977074893573987e-04
4.448340089554581912e-04
7.132806084309123700e-04
7.121910774478600135e-04
2.822404396798381732e-04
4.516967273532141369e-04
7.873284769985867959e-04
7.137435158330183082e-04
3.275531102994412515e-04
8.969885602398056492e-04
4.483023809690488202e-04
8.534122680099035570e-04
5.528131406017497331e-04
2.608728225922710923e-03
2.352818948827068628e-04
1.927837038499584062e-04
3.696767102000850908e-04
2.340849071485909900e-04
1.033912969641101682e-03
7.665018063951984989e-04
2.023151179072092600e-03
6.296843250725249258e-04
6.832054399492913958e-04
2.310979041612994469e-04
6.705950289696206061e-04
4.580842062571597218e-04
7.185110521274561254e-04
8.710831711370801284e-04
8.211300597301273048e-04
1.327768170342697633e-03
3.751657195600240362e-04
4.047237743684532654e-04
7.390782553552187415e-04
1.229624242121462978e-03
2.241026148243901333e-04
8.935601655535002196e-04
6.788795336244764916e-04
2.091018991189895829e-03
6.620879788541632035e-04
1.534769497487798308e-04
2.214707627904107835e-03
8.420145923333297163e-04
1.601540965656895630e-03
6.058205962829674163e-04
2.032782059214465701e-03
9.019946412356059928e-04
6.686959633174946417e-04
7.254990137430227795e-04
1.311530111322758724e-03
5.318982298963372598e-04
3.638159755963285211e-04
5.485158437744700691e-04
7.602425634211374935e-04
3.031296338562088034e-04
4.784720291250009363e-04
1.036012896636408134e-03
1.923065860055906979e-03
9.690696884141999142e-04
5.959223035698942971e-04
9.370519359122230982e-04
9.620767311840168392e-04
6.864200574789782600e-04
2.736270040191994980e-04
1.104090930357362827e-03
4.312311998838818175e-04
2.731133039125265265e-03
1.055588309320318807e-03
4.586166619878307240e-04
4.293254951716231468e-04
6.575293057999751986e-04
2.398709032259935345e-03
7.717524006983293413e-04
3.187262574526026639e-04
2.008585307159841630e-03
6.902027781033900997e-04
4.910888635836073868e-04
5.250378339800611249e-04
3.386586076715643627e-04
1.418033120512068662e-04
7.552841542724883939e-04
5.334715179627816384e-03
4.666569605804754854e-04
3.073500487671929917e-04
8.176550928531564014e-04
1.312071306803052088e-03
9.034052609947410386e-04
5.545580840791161994e-04
1.036440833502043444e-03
7.605560815995386637e-04
7.070937895843350902e-04
1.085721586788832797e-03
8.512147542728980320e-04
2.027351495851437754e-03
5.869792456166841692e-04
4.796151931073219842e-04
4.093360224927695815e-04
7.576585010873656406e-04
4.364664169118882830e-03
1.078752432166807862e-03
1.288338294750323958e-03
4.115739009345804498e-04
4.203490475258402884e-04
2.255230178333660388e-04
7.844266929730811131e-04
3.148396399863585306e-04
2.944204133628013347e-03
4.608314795553157387e-04
2.291772895161781531e-04
9.110899697273968159e-04
3.295689140069243722e-04
4.773709678910231530e-04
3.450248913551690728e-04
1.336513131965562720e-03
9.653305970576800182e-04
7.555527350124524241e-04
4.520695793008901739e-04
5.778079569726049525e-04
5.949346915418222666e-04
5.250378339800611249e-04
1.584293110393117029e-03
8.476958142345390398e-04
4.267279622191765247e-04
5.713324158138271885e-04
1.231011468736046459e-03
7.723989676315755467e-04
1.196651629791807645e-03
1.646154151075418601e-03
1.198046438536389631e-03
2.550067941878929171e-04
8.540883444178046322e-04
5.770953597149386903e-03
1.939235372923670550e-03
3.560856025132708462e-04
2.047898341487872954e-03
7.514199717164244709e-04
9.630337228904710823e-04
4.907825631823294846e-04
6.814308727607459567e-04
1.226355448743457043e-03
8.544746918069703575e-04
2.870890065306348402e-04
5.961622960526872638e-04
4.516818470143864187e-04
1.148294795304219840e-03
2.728150183735462107e-04
6.110269482912151660e-04
9.906981472873764485e-04
3.152700525685952918e-04
1.861052914439110346e-03
4.599694069482799380e-04
4.668032824464363661e-04
5.892465709611070367e-04
9.003140612931076741e-04
1.325503272325202547e-03
3.346526523296066260e-04
1.242696935241529405e-04
8.210629937411106742e-04
1.031627624944436283e-03
1.024462146567550053e-03
1.002882953683076816e-03
7.999242942554088106e-04
7.705739259337093545e-04
5.758293519104145785e-04
3.779624399564706391e-04
1.027538025087896319e-03
5.453684329779540140e-04
5.815960593878216796e-04
4.160085384903392251e-04
9.001721312600185609e-04
1.188957898540001553e-03
3.682102603877433224e-04
1.601540965656895630e-03
6.769984668782958424e-04
8.509044040520523247e-04
9.176047033768135316e-04
5.497895419051213256e-04
8.671871453015484116e-04
8.724114640793494049e-04
1.156606822428394394e-03
1.743102069425579064e-03
4.873533873610384759e-04
4.369334949906201332e-04
6.946624725835721806e-04
1.200954245405782021e-03
9.167129717158198701e-04
4.333747293648882435e-04
8.729241904319319078e-04
9.730979363540138809e-04
2.688546758124016572e-04
9.790278201266837312e-04
2.563114242580201603e-03
4.111729634165356894e-04
9.051544793921267179e-04
4.323287484952515088e-04
6.293511063617904678e-04
1.018987710387410633e-03
4.698263587076078446e-04
2.270457253371126628e-03
3.755781342491663639e-04
3.433870632191871118e-04
7.545123135542176809e-04
2.379210952316836646e-04
3.457324322132183567e-04
3.835908275779319372e-03
1.658193501648087516e-03
1.597244798237064064e-04
5.480697550897171933e-04
3.109041116446648978e-04
3.058905144127583350e-03
6.442361166613476452e-04
2.020421856023940210e-03
1.540943897836048694e-03
3.739764136580272505e-04
4.543103137672428521e-04
7.277117220935229143e-04
4.279664041433584292e-04
3.085323538136193326e-04
6.446110833436425464e-04
1.717429640779067745e-03
2.298941529121352727e-03
4.279450661892893431e-04
1.719523685749729715e-03
5.704978990719595643e-04
8.176171694915028388e-04
1.654146336718474285e-03
3.102210003719306866e-04
9.776247120685411379e-04
2.396552649029960128e-03
1.269635352855149474e-03
1.595563978513762351e-03
1.349864528008086354e-03
5.034827759516397223e-04
1.719523685749729715e-03
3.086829371219374602e-04
6.089624559104351437e-03
1.117151013985546917e-03
1.694184617704548644e-04
6.512786542711593123e-04
6.348017059006191495e-04
1.229028986973425795e-03
2.451938076683854006e-04
4.236078927493472650e-04
7.334864644003778441e-04
3.214170188111772821e-04
1.071009127172685297e-03
2.128371509661867392e-03
5.224241684640001937e-04
5.250122393254945830e-04
8.724622906628353358e-04
6.108078565731410794e-04
4.387308459524039833e-03
6.077093336385166675e-04
3.856188782900644356e-04
1.307008542826452102e-03
4.469831201431942480e-04
3.704176250136933081e-04
4.640353690835450425e-04
6.074808828612544582e-04
8.272246313483801444e-04
1.223403995866138546e-03
3.368464208133822618e-04
8.274055354489707765e-04
9.398166744495189137e-04
2.319599196395127417e-04
7.954636512769818315e-04
1.044621198672247842e-03
5.720017563684351566e-04
2.314574686841622004e-03
3.248734654254017149e-04
9.619363351436179769e-04
5.326067199698908102e-04
2.591098345237278339e-04
3.796848183045761511e-04
1.833523112408487130e-03
5.860445331637639810e-03
1.499448857291164070e-03
3.114128975719768189e-04
1.014027354938853943e-03
5.556522651647691690e-04
6.647905832534929844e-04
5.152800721125000124e-04
1.133712455285958935e-03
4.900867091021303499e-04
5.150233046572100281e-04
4.779745000462340626e-04
9.836695461616406025e-04
1.629399840995896312e-03
4.346012998740140295e-04
5.010616006474175651e-04
1.739351636894047141e-03
5.250122393254945830e-04
6.739377047100948530e-04
1.229028986973425795e-03
4.649449414842338484e-04
1.208187412524146676e-03
1.649109257778059263e-03
