1.552724090584534783e-03
4.841666016582418493e-04
8.860645914271706846e-04
1.836640325923674611e-03
4.075606601864427392e-04
2.019627688078544847e-04
3.674825955415991384e-04
3.494724532011269399e-04
8.836221427366954331e-04
2.364394157531627360e-04
4.191969119835114847e-04
1.487152900889324777e-03
4.604451384922268286e-04
9.946378911983785875e-04
1.198592775386676150e-03
7.359302860924781409e-04
5.788779275942401280e-04
2.579676319821914109e-04
1.289241188834892599e-03
8.958935451945681302e-04
6.923468759576793721e-04
4.367850195076824972e-04
4.474797079968248254e-04
5.820283612025104521e-04
4.775981061879165635e-04
6.417317248893114308e-04
4.265626665586479170e-04
4.227987870017094608e-04
8.952809066088036893e-04
4.323233565889026938e-04
2.095962055160375224e-03
1.957979233650941522e-04
6.618871869357873796e-04
3.738691701670049795e-04
6.533183395589995789e-04
3.388926724675098796e-04
1.513349117337686863e-03
1.519409291794439733e-03
1.100291149317609261e-03
3.595585287213235066e-04
1.769809097064952005e-03
9.706440080134062353e-04
1.906659513773010953e-04
6.059338763000458872e-04
4.355753605607033132e-04
2.415302509262642287e-03
1.803062214664050492e-02
1.332012079485030576e-03
5.123829758339106671e-03
4.761582897591901836e-04
9.580727634150759718e-04
3.549819793070292228e-04
6.710563501695162745e-04
4.632321040130041550e-04
3.356624242653964956e-04
3.645205083986045869e-04
3.103863992947412660e-04
3.317999758008427697e-04
2.918139859829625184e-04
4.792016140951155332e-04
3.115332811764292675e-04
4.651656549869551583e-04
4.697227939981824148e-04
8.544901683748147006e-04
1.354505238301816203e-03
3.879400577286663864e-04
3.699962918077626182e-04
4.653502145274887179e-04
4.493102174549128743e-04
1.141690959557739799e-03
5.595483403217372522e-04
5.406822455055466763e-04
3.390988001153761601e-04
1.678332058336222399e-03
6.291641563059469002e-04
1.175334165335972444e-03
5.054513322283025632e-04
1.928625488815278999e-04
4.534298575590134557e-03
5.627676090296225651e-04
7.151800445669642074e-04
6.038834246814703743e-04
3.323952072083977702e-04
2.160539028664496507e-03
5.935511446053017958e-04
2.186467453779137086e-04
1.074267561665824587e-03
4.551741991104109146e-04
1.796378566717636962e-03
2.511700698440690548e-04
2.372696282751262005e-04
3.102407236682432068e-04
5.916858262635773039e-04
4.040083393953286528e-04
1.852154444627580963e-04
2.527103100486285470e-04
1.014126929518414455e-03
2.967452779740709047e-04
6.662428214107221506e-04
5.157590617022141588e-04
3.819702977263168299e-04
4.291318233623805218e-04
2.564667558362902647e-04
7.655022330468281904e-04
1.103342340676318747e-03
4.906041426723602075e-04
1.439647160830138549e-03
2.114279956016543215e-04
2.592713662915218341e-03
1.909545644172261066e-04
5.601394802928620935e-04
4.775981061879165635e-04
7.249796338836496162e-04
4.890654111610462547e-03
3.877007288271595419e-03
3.020349790932600419e-04
8.880027974018010967e-04
4.034168904129256574e-04
1.064992324059012545e-03
6.044893725802593341e-04
2.318381622142013255e-03
7.274053729107208361e-04
8.170837310463652855e-04
2.583709839745655179e-04
4.700132717085428458e-04
1.468948092427241293e-03
2.340506811763315919e-04
3.728655061257571922e-04
3.314780483288114633e-03
9.861418059573783673e-04
2.051193458320379245e-03
4.108626176399249146e-03
5.611840532831598389e-04
1.191634125662659324e-03
4.912257708049336345e-04
1.445017260549250407e-03
3.388569513082587397e-04
1.152061075593941710e-03
9.955408590225818533e-04
3.156523547343102645e-04
2.816501363592068463e-04
5.102439516595745628e-04
5.975273668353167211e-04
9.556417741969628525e-04
2.244566137521491404e-04
9.576511866510403368e-04
2.934856406001934556e-04
6.270477758802980948e-04
4.364429860571755206e-04
1.648451313530280944e-03
8.674501364806412118e-04
3.135496007798858442e-04
3.965746221407748392e-04
6.870875062408546459e-04
4.239773278691718315e-04
4.788023187838579518e-03
7.491112452227863087e-04
4.971924683613289202e-04
5.175648945657971775e-04
1.543937577694289107e-03
6.204485620496717844e-04
3.885025105462655386e-03
5.626708382817317139e-04
3.622561368329472445e-04
4.678102789428401618e-04
3.494405822230416906e-03
1.570782080549830645e-03
6.160222433064986786e-04
9.132555099267198511e-04
6.308654509775453315e-04
4.541420563022333188e-04
3.845330110140107748e-04
8.021576738096250232e-04
4.457585877705402843e-04
3.100210073546667399e-04
5.606551038340141591e-04
6.401414767537652595e-04
3.090532294100848927e-04
3.199934466418216964e-04
2.284880199894867353e-04
4.724210337606422265e-04
3.174911313132585929e-04
4.960131778750868480e-04
1.149059021316329145e-03
5.585000269593701433e-04
8.112065373055559218e-04
3.020349790932600419e-04
3.964891789606740029e-04
2.241625146200053494e-03
1.283905317599630305e-03
2.418875301932922692e-03
6.182799932279749167e-04
1.003809310641485012e-03
8.053525370550261662e-04
1.274423982566661286e-03
6.315305739802395783e-04
5.732874027487251190e-04
5.451178209958123686e-04
5.829083738720765642e-04
3.757649138286545142e-04
7.151800445669642074e-04
1.327375108788621120e-03
3.605785044168194732e-04
4.893682181803071622e-04
3.541578034333475928e-04
1.755784058005894826e-03
5.191312874727123427e-04
8.869688487147757818e-04
4.424661367846454882e-04
3.628493014638578865e-04
8.740012479716466982e-04
8.894583047899901019e-04
1.279568013159458791e-03
1.069256753678648553e-03
7.459318204664430740e-04
5.217681799711427343e-04
6.880100317214697106e-04
3.990888890659826434e-04
3.484730954927883957e-04
3.470510250832848091e-04
7.164365590083261563e-04
8.846764502348980139e-04
8.773963875649186048e-03
6.838359778284344758e-04
8.681911817061939646e-04
3.461075300759360648e-04
9.858485726511013406e-04
1.478169453249791312e-03
4.821369601085279469e-03
9.986227870739388876e-03
2.418875301932922692e-03
2.640339580059967409e-04
4.319476070338698018e-04
1.068587387757562786e-03
2.976563488192064677e-03
3.617972525292294152e-03
6.756935259002674497e-04
1.230719199232827629e-03
5.307925060841392050e-04
1.513349117337686863e-03
9.438172876247097548e-04
4.112609194901192334e-04
3.262687477202517094e-04
7.552749605416243274e-04
3.568474848582136173e-04
1.952506594432342878e-04
2.793203552309931150e-04
5.714955382425109670e-03
6.903687676677950150e-04
2.591242006172189607e-03
1.447553525855456479e-03
8.830652187570167764e-04
4.769478761851298474e-04
2.460855828999701533e-04
5.872553984109540361e-03
1.779745771297457221e-03
8.490753163366040719e-04
6.050706054820399185e-04
9.971197014650289448e-04
2.913484941427012882e-04
1.066981886187720954e-02
7.377591529383029133e-04
1.150317392262179212e-03
7.636407237169165821e-04
2.236840714783227266e-04
2.365203183245213837e-04
2.412768444087483668e-04
7.814099841733757696e-04
1.022511667795229090e-03
2.180027707760288219e-04
4.540137900685339975e-04
2.099410392886069828e-04
6.567498373524444186e-04
7.582279714574660006e-04
1.972183088485911055e-03
7.171567995087304226e-04
1.262015704654455674e-03
2.342116742576353045e-04
7.915704102437388402e-04
1.686338218858166732e-03
4.674543223250910025e-04
3.634252819702290236e-04
9.133028390776050907e-04
5.104618885495949355e-04
5.330651846735899981e-04
1.058637733716285721e-03
5.995124550971719316e-04
6.240271262878935342e-04
4.055529091693692886e-04
6.816806658203838996e-04
1.391039053746585905e-03
1.198592775386676150e-03
4.863386157977235276e-04
1.172708190355836516e-03
2.993884902060281548e-04
1.638216897874633432e-03
5.608108253831901998e-04
7.572604299131948302e-04
5.934415809532079568e-04
2.426962545994838111e-04
5.047339620813944168e-04
1.632566009621312002e-03
2.812987893082468847e-04
4.031030810106776374e-04
1.135674368110623969e-04
1.085539573562903934e-03
5.190470146766547679e-04
8.118447864258773695e-04
5.338617639818241502e-04
5.440033668811524543e-04
8.260701090121097068e-04
3.331515833632640085e-04
3.301788130034706255e-04
3.157848004151241842e-03
2.456490362623580987e-04
9.858074503792918063e-04
4.788023187838579518e-03
1.573404499319605663e-04
5.503076269919411016e-04
3.715000598998437209e-03
3.592922472124870144e-04
3.177130596406217179e-04
1.873481402987879586e-03
4.310635226724415987e-04
3.114158024904303888e-04
1.699640701326318726e-03
3.178294741845014474e-04
1.948322138683621606e-03
1.966857295992713219e-03
5.927610953458816063e-04
4.562354823314750921e-04
2.653531633013344422e-04
5.261336331156167079e-04
4.814024618500629916e-04
5.081770144032060144e-04
4.058481288439730827e-04
2.577186152861168575e-04
3.164844608184238530e-04
2.319530771224338067e-03
6.701265519146576942e-03
3.152492433666741201e-04
1.116280714039920600e-03
7.189755717253285992e-04
6.747077083473980745e-04
4.995912390268592539e-04
2.549365542796640910e-04
9.398142981445215200e-04
6.060522278516645555e-04
1.236857141932166384e-03
2.163091820805571259e-04
2.743560348588997434e-04
3.073080493434046938e-04
1.080833223333790057e-03
2.934034150656504927e-03
8.565429895362804569e-04
3.220965399563019502e-03
9.983273151609978018e-04
1.985090245879548611e-04
4.344734364557448084e-04
2.542811167753794652e-03
7.493754531467735095e-04
3.859309538308913182e-04
3.152295327064226342e-04
3.639569977935714772e-04
5.827944244688076274e-04
2.393238631413631781e-04
8.005581682678954277e-04
9.739457452374789730e-04
5.040212619669448861e-04
5.664392757362637747e-03
9.021693451345285698e-04
9.309481963794621895e-04
5.285586248272079214e-04
8.823427513812129351e-04
1.686897575241543988e-03
3.276626936988444555e-04
6.968843412977588714e-04
7.915704102437388402e-04
6.378181918901193112e-04
4.022646739968932864e-04
1.824041135264713696e-04
6.502892739231714387e-04
1.066916133516589496e-03
1.018203082080032301e-03
6.712390350991900628e-04
2.803664542773531398e-03
6.649374647862044173e-04
4.434493752155032557e-04
3.544141379452643136e-04
6.258146052910675211e-04
1.159595474371761083e-03
7.490915761797611438e-04
7.441230635997877259e-04
5.539521945406005593e-04
2.587326389859667479e-04
5.184138753649256311e-04
3.831046892562772125e-04
4.358780147808827385e-04
1.879581438579872954e-04
2.798352610619239569e-04
7.663540334685896771e-04
6.121424561149807269e-04
1.003826202653781974e-03
8.010400507806295263e-04
8.287387654083894261e-04
8.770616580850406144e-04
2.734240503142546376e-04
7.641022948497907521e-04
4.232428268153184112e-04
6.813728960735191721e-04
9.848582627162575168e-04
2.624317532607858133e-04
1.202409500721284084e-03
1.700600633389394076e-04
1.197733568679091752e-03
2.236840714783227266e-04
2.826378090972044075e-04
8.790545552788336459e-04
4.063035369056074869e-04
1.100645433917788992e-03
3.241315279251985289e-04
4.560405245390069607e-04
4.502683375358488595e-04
6.112515032794789025e-04
5.810038649464485238e-04
4.890153772900892324e-04
7.246901050182938137e-04
1.439455465464327096e-03
6.145284636221325829e-04
2.916165838019053533e-03
9.698778198129912129e-04
4.499298102388081294e-04
5.822516686468648655e-04
4.437122651007939338e-04
5.440435764892868854e-04
7.781032980236116895e-04
2.897570031448479591e-04
4.652440014217266886e-04
8.169716580068252373e-04
1.494522675521250997e-04
5.335467222020049902e-04
6.036553650748499415e-04
8.381895766933040396e-04
3.707868610296547037e-04
5.729399122411534505e-04
1.109021851794204797e-03
9.230691487282305721e-04
1.537636379054764134e-03
2.055563599322567645e-04
5.363782168763613859e-04
1.266243648945188181e-03
2.333543306797549160e-03
6.538989336688366683e-04
4.631444007461701581e-04
1.061906285518052391e-03
6.806586019753469580e-04
2.999495538766493901e-04
2.291079114910818393e-03
3.370574149893771536e-04
6.906858340736204104e-04
5.309370165846719926e-04
6.513834065428597683e-04
1.769809097064952005e-03
3.498165586251650869e-04
4.901109039782512852e-04
2.851174992647062794e-04
3.606404586014583117e-04
5.694296241038623255e-04
9.520290681247939616e-04
5.197434173854188983e-04
3.355745296674336070e-04
5.267138725924777089e-04
1.066981886187720954e-02
1.037190699357404353e-03
3.210775172890448399e-04
8.700119758373595557e-04
6.111170604782327704e-04
6.201136207770322536e-04
5.158474910426676238e-04
1.634281367466180112e-04
7.992986538651681086e-04
2.820517397006568061e-04
2.962122253434213478e-04
4.513836485192716753e-04
3.367518860609046492e-04
3.217000316863161385e-03
6.798693883045740880e-04
1.248826337698493707e-03
2.831265182570997510e-04
4.829969066665851479e-04
2.975166763683310825e-04
6.011696205277121440e-04
5.567713597183517439e-04
7.666689160220818353e-04
1.672994239666750985e-03
9.307144995018556966e-04
5.090839714229120723e-04
9.455845064030081416e-04
7.320692917328205322e-04
6.219805384241167655e-04
2.153019173505087245e-04
3.568474848582136173e-04
1.124233842770169496e-03
4.560092789330968607e-03
1.430952380822880701e-03
4.393625700753879906e-04
6.486834019778217391e-04
2.881559609210596149e-03
7.210623355809018956e-04
1.420735475687771735e-03
6.646963930763360139e-04
6.417106786567455812e-04
5.329444329586996388e-04
1.120687978796727031e-03
1.411360628047734437e-03
1.843978241413006145e-03
6.498467274868403388e-04
2.249891063221991022e-04
4.824419953168455010e-04
2.584625354117697630e-04
2.561976830150540204e-04
7.693646079701138433e-04
6.269777849099734133e-04
6.605854457463240662e-04
6.393351015207865591e-04
4.023439304496626771e-04
6.588739585869873806e-04
1.606904372585275277e-03
5.250462567749624452e-04
1.895118999897996972e-03
9.806223014916697414e-04
1.021603371004843001e-03
3.916157895681029533e-04
3.921113374607203923e-04
4.031017410889810369e-04
4.607779092324495269e-04
7.125615804570326018e-04
4.334047248749630862e-03
9.265332376570503984e-04
5.387069107357510440e-04
4.076522235161803833e-04
1.120900487309718597e-03
1.784499849548106714e-03
3.584796960141091210e-04
1.601841068576803856e-03
1.031173198708978771e-03
6.822982111599987937e-04
2.055141235064079225e-03
2.045756308812683461e-03
5.481419054327652581e-04
8.163907765192655094e-04
8.388644021133301928e-04
7.567392831493029203e-04
2.513718773758465575e-03
6.991846745398743075e-04
4.457585877705402843e-04
2.591722792752465965e-03
2.391908038892234366e-03
2.764608577650776167e-03
8.259074841447873764e-04
1.314447306680705191e-03
2.466569491807510568e-03
2.013894613423636987e-03
1.105175381206717359e-03
1.435067726203564454e-03
3.914975793264791320e-04
5.286783752761890125e-04
1.088582657372198087e-02
1.074267561665824587e-03
1.897090685925299130e-03
2.234068207942739928e-03
1.169214614037150570e-03
9.223392965355908888e-04
2.943469157298521637e-03
1.632440048426120132e-04
4.721492582440169321e-04
1.852154444627580963e-04
5.805770707924405756e-04
1.368059301465174467e-03
7.344854306045462680e-04
5.437456772896920960e-04
3.704434287333044232e-04
6.293540186202592436e-04
7.685745690279698755e-04
3.776945794683010671e-04
4.067565145266554736e-04
3.571862483753278513e-04
2.309546506026370432e-04
3.058092333678334523e-04
6.905645114464710682e-04
2.051193458320379245e-03
1.465116858758018503e-03
5.187691813056479915e-04
2.623044855123090983e-03
9.886250971451030801e-04
6.207597354127945962e-04
4.595721873921007486e-04
3.235538238900037165e-04
2.684590197162306817e-04
3.080547348225272722e-03
7.310858026772026159e-04
2.943646714756432926e-04
5.447379425911009826e-04
1.167244451210941447e-02
1.972326212001530420e-04
1.521257772259139484e-03
2.489739961018822825e-04
4.729016802037746170e-04
5.614383085787447375e-04
6.105453815435259298e-04
5.648137755915493734e-04
7.058773604721311394e-04
1.756174466938194214e-04
1.077558350569080437e-03
3.393093351354109456e-04
7.628258353240402597e-04
4.750656969283724267e-04
8.568614600246682008e-04
5.190073139256829067e-04
9.600671054893909805e-04
3.483813064502858125e-04
9.067260514143386666e-04
6.570467446569295406e-04
4.013405015670705130e-04
6.369398709849095159e-04
6.777537652386373367e-04
4.484327797261802341e-04
2.842527103410680050e-04
3.297153905923836965e-04
1.278897932484637876e-03
1.342339696480628931e-03
6.292412906507357942e-04
2.624317532607858133e-04
1.234132881305932293e-03
1.408114482902025899e-03
6.735929708442772420e-04
3.364711614911356473e-04
2.304584962925828576e-04
1.403167436113082365e-03
4.871361617963855268e-04
7.257743197991399628e-04
7.415887346534303769e-04
6.903524164934966801e-04
7.915694879398402217e-04
5.814601659077870809e-04
7.038422593864529508e-04
1.742038192622084197e-04
2.045101256276548284e-03
4.464057197615291651e-04
1.985090245879548611e-04
4.272806329340059759e-04
5.475763468153378721e-04
9.706440080134062353e-04
1.224287363448776618e-03
1.556591259630202718e-03
3.965943779769587644e-04
5.738695429711215866e-04
3.103863992947412660e-04
4.754528707546472745e-04
3.910810167915172784e-04
9.049578924753167017e-04
9.761705686767890898e-04
5.365906811958786595e-04
1.453972924554520606e-03
3.470051227980402390e-04
1.239264551967509580e-03
4.449983562307486726e-04
2.209438372284381095e-04
3.735566306111505778e-04
3.901520799002762834e-04
1.917204488235985267e-04
1.909775382735357137e-04
8.951919836228772014e-04
1.769809097064952005e-03
5.149030392037655997e-04
8.926690691794836622e-04
3.481287429804853068e-04
3.395255875039995775e-04
4.034168904129256574e-04
2.535594492657954535e-04
4.650599775265062269e-04
3.282822364306910070e-03
5.704851395279409831e-04
4.294236514276810694e-04
1.642383182568068491e-04
5.850775120313110936e-03
2.981914974762800647e-04
1.281070641993771551e-03
2.695763177467015367e-03
7.723065839142184653e-04
6.102234626182062366e-04
1.220473515673710461e-03
8.307897574413260948e-04
9.139199415312478396e-04
5.830585026723241349e-04
8.623946384305275709e-04
8.139851559323275226e-04
1.993324897262500125e-04
1.410694160124184842e-03
1.803618737530678128e-04
3.397669302376126604e-04
1.378244407123237723e-03
4.020955393006270966e-04
5.273081177588381492e-04
5.767709904912276609e-04
5.198452696666000386e-04
2.375749024061881310e-03
3.562570343586283161e-04
1.791278637151833941e-04
2.672807265758984615e-04
5.183998932244880892e-04
1.057436936215574389e-03
1.395795795580866616e-03
9.054284510929196421e-04
5.466031421715527401e-04
6.895011679044523020e-04
7.079828815339848187e-04
3.976886921788678163e-04
4.050429252389456153e-04
8.728434469113406083e-04
7.232370484405012314e-04
9.913954932120846216e-04
4.069068530857001056e-03
7.230781257206857519e-04
1.091092830131870249e-03
2.312655811457136126e-04
1.386653886771771092e-03
1.278397268279284765e-03
5.579405873409465366e-04
3.610384363593419923e-04
5.203248058601485371e-04
4.727718882767602293e-04
5.639161402077684905e-04
2.649766168551468152e-04
6.938833528046742119e-04
2.093662858203905225e-04
4.116077919833106163e-04
4.473663492476480721e-03
5.076210577596179272e-04
3.157928881739794193e-04
4.863755614602745313e-04
1.539227354801132918e-03
7.169633598357852324e-04
3.689961387898417771e-04
3.965746221407748392e-04
7.537563923100701292e-04
2.965878676004483645e-04
3.379877644589640009e-04
1.228781566404051236e-03
1.352824455662465526e-03
1.072804999111100395e-03
2.554611225059821075e-03
6.294893307695602911e-04
5.854480116467669073e-04
2.765861808414235936e-04
9.846325927831112677e-04
2.653499410218327866e-04
1.274906447451838298e-03
6.293540186202592436e-04
4.607866817419440145e-04
1.000981929336469071e-03
2.648795231895429412e-04
3.758246319755089511e-04
1.931116178370764639e-04
2.490286987471912266e-04
5.977124511579554218e-03
3.137394603774383193e-04
3.797674501860751430e-04
5.439348089772837484e-04
1.150961296323372565e-03
3.241315279251985289e-04
1.408761262778074818e-03
8.489000331521154730e-04
3.178019318088784180e-04
2.914418256683410746e-04
1.086550849184759549e-03
1.586033987870777082e-03
7.135929029246226374e-04
2.722388223158494786e-03
3.792825640414207119e-04
3.429621339735511526e-04
4.249822250396830870e-04
3.328923274832911870e-04
2.878351500981407422e-04
9.706440080134062353e-04
3.481451363639953534e-04
7.502653109818743261e-04
7.797599899900375248e-04
2.457293853938071230e-04
5.365075178272673715e-04
2.942662786590700963e-03
3.592922472124870144e-04
1.283574134255888741e-03
8.503720537697367736e-04
4.987542835874881437e-04
1.126436479219949287e-03
4.267535744028598424e-04
1.043493504022753159e-03
7.598896196424663810e-04
7.372012907659155137e-04
8.266557070938293766e-04
1.168326195894195309e-03
3.223679092605138312e-04
1.266243648945188181e-03
2.601576231501390841e-04
1.561481506168580771e-03
2.661343586988148559e-04
1.700564392621193265e-03
5.222809580305042866e-04
6.768393985518735131e-04
7.474395984163518690e-04
4.861005770841126446e-04
1.023127654753701755e-03
1.417190294596988977e-03
8.379385875305542502e-04
7.344950597062908492e-04
2.624503472055232938e-04
3.611294204438212697e-04
4.429922402241356851e-04
1.812773447304974039e-03
2.362660171047295293e-04
1.783090383520832584e-04
3.356624242653964956e-04
9.376890110825470033e-04
5.387069107357510440e-04
1.375397877410662129e-03
4.908473899652644919e-04
5.205650364764743618e-04
3.287162986984385436e-04
5.017673137460724932e-04
8.575637574514939849e-04
1.566811851310165684e-04
2.110296295931198820e-04
2.000643124932591048e-03
1.248904355069531836e-03
9.083538867190549346e-04
1.140964440037913613e-03
4.373582562023248677e-04
3.771035113162257940e-04
5.770976516705968737e-04
3.159482869030376005e-04
2.018128175769699903e-04
6.889328467920263202e-04
3.040787160515017818e-04
5.720384166881295040e-04
1.855446268682312471e-03
1.431486920849493489e-03
4.498752118899986821e-04
5.406475090880332336e-04
7.534386326155716272e-04
5.089930703119382484e-03
1.402680533507439514e-03
9.829372666410127884e-04
1.184410029652793999e-03
2.626602889694793766e-04
3.149163604485395512e-04
2.446668368402811142e-02
8.500865620083685598e-04
3.175748558128380149e-04
1.078447542085164907e-03
1.119843115442555829e-03
6.092994352453887704e-04
6.353192101015134102e-04
2.022478515387460003e-03
1.616966441888522147e-03
1.236355585145799615e-03
3.522372182337702297e-04
5.663276456935979145e-04
3.015927066503624066e-04
6.009334627876130284e-04
2.454539226270802273e-04
1.900403249508409646e-04
4.774345580661215225e-04
4.696234166621740687e-04
3.088452503503346758e-04
8.747484994047283538e-04
1.021392147268910698e-03
4.744876922306972417e-04
4.395074763835540833e-04
4.065136470973925993e-04
9.758703438684083499e-04
3.776942583914776812e-04
5.080504069558664827e-04
3.174118329965896481e-04
2.039259039802484956e-03
3.449675203029394107e-04
8.978370057496016035e-04
7.166787791369358483e-04
2.073422485283675173e-04
2.730132435090593460e-03
3.411578900551395896e-04
7.778752898072759710e-04
1.606453990046841042e-03
3.325227638151188729e-04
4.294942446554966126e-03
5.915162707007935337e-04
3.693731924675207508e-04
3.479181209509128714e-04
2.307067355351866958e-04
8.446496009889374861e-04
3.060378980768318656e-04
4.904175322669276265e-04
6.488601263722593550e-04
4.507185808358815790e-04
2.765100978746504786e-03
9.219586437081329780e-04
2.345432282996479274e-03
7.684529338215817171e-03
4.612635128064738305e-04
9.555921004739087151e-04
5.913581499554148918e-04
5.376653214447290122e-04
5.619805988338914468e-04
2.290565255123599162e-04
4.899685925314974143e-04
7.952573841441917769e-04
3.242780473781592312e-04
1.757049093949174939e-04
1.490249195991279110e-03
4.027353652049770849e-04
1.310847941790828884e-03
2.908194987870201670e-03
3.241315279251985289e-04
1.241897281206840202e-03
1.524749092430077854e-03
3.494406670990045241e-04
6.228536948861196007e-04
8.285339295295831913e-04
6.146652808174988365e-04
1.012508851970335497e-03
1.357767192717703950e-03
2.335197019826639310e-04
8.088068697679268648e-04
5.709430586196757081e-04
5.627866228816931797e-04
1.691837556284532616e-03
1.513349117337686863e-03
2.629488144732980946e-04
3.760046899015081958e-04
5.353737776976909800e-04
2.908194987870201670e-03
3.269550658797556412e-03
5.369753629271320060e-04
3.815033429372909199e-04
1.509016168671085088e-03
6.318198486485518666e-04
1.196394003009440283e-03
7.208719901183861410e-04
1.899861718150751408e-04
5.446003418819358576e-04
5.585480970529108124e-04
1.070514252371650979e-03
5.237738572129948698e-04
4.306698837223499159e-04
7.210567095726519134e-04
6.305931593558537470e-04
2.620166832954484411e-04
3.181097128172047980e-04
1.783090383520832584e-04
2.782654323151598870e-04
5.113006901633529791e-03
9.365793551672042111e-03
8.734319193948988968e-04
7.459888811326429239e-04
4.511622275817994492e-04
6.723518557259141335e-04
2.932041840258692842e-04
3.465204620122233018e-03
9.018377159857294233e-04
6.475765483440007074e-04
8.718620604403222842e-04
5.606687885992968183e-04
1.073211858271534052e-03
7.849136094190339386e-04
3.968661809219041449e-04
6.997435012463708651e-04
3.314064330529369528e-04
2.415302509262642287e-03
2.915117937784231401e-03
1.884085492783352939e-03
2.099410392886069828e-04
1.870360030630809740e-04
6.774329680733231661e-04
6.126320332738699860e-04
6.028742053081996826e-04
7.248914358008235652e-04
6.959710890544623533e-04
5.402639628478611480e-04
1.019955758174560584e-03
6.361149578760664581e-04
4.839505682883980830e-04
4.666685536370320506e-04
2.120792652483614697e-04
1.857727338937270817e-03
1.522993107296534551e-03
2.404419278606375362e-04
2.455809441724199522e-03
4.858065471641585765e-04
2.269723639150064438e-03
1.285105079232729463e-03
