2.795241169674588574e-03
7.715494245458420124e-04
5.537407689426175270e-04
2.114622691764303421e-03
7.750021188991901939e-04
4.230890304935583900e-04
6.086093924448748556e-04
4.753500464409564212e-04
4.768227099779498131e-04
6.619107853770900057e-04
3.138649890859012510e-04
5.994251906624204233e-04
1.878985836249757926e-03
1.829170315531613612e-03
4.441563761843392343e-04
1.029054662647748255e-03
6.032480466287357254e-04
5.962196995902605511e-04
6.086093924448748556e-04
1.332647098997851755e-03
2.270409196093021412e-04
4.828552880556421351e-04
1.266328913488877364e-03
1.677595165709965105e-03
5.022905577566266549e-04
9.240586379516465415e-04
8.988784736418338516e-04
9.239236458829033641e-04
6.660610614025279375e-04
9.420641538701905130e-04
1.302030718551877748e-03
1.258646631090246234e-03
1.371874109485382272e-03
3.567640042267828521e-04
9.980234861098203746e-04
7.977394076290925898e-04
5.064395517664852788e-04
5.313620429130061149e-04
9.629069764819097894e-04
3.290832533661813678e-04
5.174430359090732671e-04
1.103244117445972838e-03
6.546719960434661378e-04
2.641960280034948844e-04
8.600372686388173737e-04
2.729826664068943040e-04
6.825460457147222845e-04
1.478167924635992838e-03
7.670662902597216986e-04
3.589630943375326112e-03
8.840394563783167403e-04
5.885367690744117575e-04
4.054255387582728597e-04
9.845158587113264810e-04
3.069699828439709580e-04
1.771558454398747045e-03
2.012826742558145726e-03
6.359202572254263938e-04
6.149806590769879696e-04
6.748717967322849206e-04
6.612748075751437998e-04
2.894010788973692180e-04
6.349598617941275324e-04
6.969861539085415352e-04
1.517883543137994902e-03
1.851765062491490723e-03
1.345207273597476445e-03
3.785368040295145802e-04
1.137666353769438508e-03
7.330480235431340551e-04
9.043398792317278861e-04
5.237267064783862830e-04
4.194999741793023203e-04
1.173810061172004485e-03
5.654671359516385632e-04
1.265201877597704012e-03
1.513956605579008059e-03
6.372181288608297182e-04
9.529581255233480694e-04
7.871381371255457794e-04
4.851412895497928023e-04
4.693861814808198145e-04
5.768678222230540784e-04
8.585386462121920997e-04
1.092186688065471768e-03
5.772590848719262157e-04
2.926512041931761919e-03
4.397746927116224732e-04
1.593028639097847149e-03
4.410905702253289169e-04
3.083975076638167142e-04
1.226175401945278848e-03
4.946655582678370503e-04
4.807333908324089235e-04
7.538425427730758438e-04
1.053724462443458116e-03
6.727129941632843625e-04
6.729416465296279371e-04
9.969657649545431155e-04
1.180452120002271161e-03
7.718673172406590637e-04
7.248725013241795381e-04
4.794771528110739248e-04
1.059310327939168165e-03
2.056224384650362502e-03
9.121677833871620752e-04
1.914807227078415023e-03
1.881621120994858435e-03
4.665925275122565809e-04
1.666826176503947250e-03
2.334493478815085656e-03
1.437157626096310968e-03
3.552929980914292744e-04
1.473082789380764654e-03
7.899628065250711853e-04
9.980234861098203746e-04
6.871291602645243895e-04
5.357197684092305980e-04
8.199717856025195203e-04
4.186240857572994098e-04
5.743924932745060521e-04
7.831053074889596189e-04
4.473246534365867152e-04
5.182198790599137211e-04
5.615231005334869957e-04
1.878590303290504117e-03
2.216579754709488686e-03
8.882913538447712292e-04
2.691256286370543541e-03
1.897358904477469081e-03
2.624110207246441173e-03
6.481706441148084698e-04
6.129984331543708934e-04
1.674070317441077923e-03
5.630777965866646216e-04
7.756054494374157353e-04
1.384250767957513400e-03
1.532541464986224983e-03
7.252575092834358294e-04
7.019846077851026349e-04
8.882250473785221947e-04
8.309033702162019024e-04
2.704152444978911388e-03
8.323619123166598214e-04
8.228025204084939408e-04
5.965801845264210364e-04
3.639028987654809163e-04
5.125597093390172080e-04
9.887736401243876067e-04
7.122603714856470813e-04
2.448418669022052224e-04
9.145325531641587029e-04
1.081701395689153552e-03
1.780999193468798614e-03
8.051378056808948698e-04
1.886609070716509446e-04
3.637258921203985040e-03
1.253960120715761533e-03
1.608334365039241565e-03
5.821181956479701139e-04
1.449260956537761283e-03
5.971117440594851363e-04
1.141699736526534349e-03
4.841235991701647499e-04
2.475347781564734943e-03
7.361964424418953462e-04
1.553488259162222503e-03
6.551007285981013794e-04
1.265093989522899937e-03
9.765621321328324996e-04
4.324015389639665648e-04
2.290206540216165130e-03
1.274464017540488051e-03
1.009964815855056604e-03
1.736237122952226809e-03
3.239315315018041156e-04
8.859411407559056361e-04
4.626132211710722985e-04
7.600724134133525793e-04
5.382856996044663731e-04
2.997880191990869784e-04
5.464046615674841801e-04
3.318187162222163548e-04
6.554227872675995412e-04
3.434197514313032753e-04
9.184630476378844192e-04
1.389208013982221913e-03
1.269135376155395255e-03
3.877040384409920345e-04
9.974262047983350164e-04
1.655023041067147120e-03
9.981269858907253992e-04
1.097914342221632507e-03
7.761781913551467696e-04
1.587207471920953905e-03
1.745504727229894078e-03
4.181243608526001576e-03
5.565581200869033863e-04
8.190411497543283572e-04
1.129152533643691539e-03
9.551170808782937643e-04
5.603650992048191158e-04
8.704944796213093337e-04
2.796392802986123749e-03
4.520544490448292260e-04
7.955920806427351335e-04
1.190043291026993740e-03
3.524719879406182366e-04
7.329698725968787415e-04
5.712973210210256416e-04
1.685303782392103987e-03
9.213475728943191015e-04
8.074217977050361476e-04
1.520166568196043696e-03
1.967715666166470166e-03
1.866809140146413444e-03
1.570699588391572497e-03
1.127397506454052125e-03
1.215213832713529785e-03
9.444786033764109067e-04
3.974784290620515586e-04
2.183221449384140686e-04
9.123735576523698794e-04
4.400771206396827950e-04
1.669562107139464270e-03
3.017051311138827571e-03
7.054156718242749575e-04
1.397670841691023898e-03
5.320219095714088945e-04
1.428811848142600739e-03
1.632318270915213013e-03
9.196621628435970239e-04
4.792528005837489780e-04
6.523859508407662666e-04
1.179459821989365786e-03
4.687991721241161164e-04
1.069223388364300576e-03
5.253639586463597138e-04
4.844940470347941638e-04
3.620141769172117497e-04
6.299854933709712543e-04
3.578336437551361132e-04
6.850303663316841636e-04
5.206409094633405229e-04
8.076024331252783022e-04
4.965525090959440431e-04
1.521486272124365855e-03
3.643975204621039440e-04
6.085844716329541666e-04
8.902641765182934576e-04
9.599236777979101420e-04
5.887252626853686950e-04
2.246261319300807413e-03
3.883060798123774563e-04
5.731959777100703243e-04
1.881621120994858435e-03
4.006079258786614814e-04
1.489891666057146418e-03
4.899738640906735722e-04
8.545645925429499676e-04
1.269474283807840980e-03
6.534684694928920854e-04
2.582245070680931100e-03
6.299854933709712543e-04
4.828552880556421351e-04
3.750521694427388572e-03
4.693657564517223499e-04
1.680288138046118207e-03
1.053786041167695904e-03
1.065317357689143799e-03
5.436643669281798069e-04
2.279002928289978330e-03
9.857525121712553892e-04
1.182408254375329204e-03
2.890251689017084638e-03
6.291887761710285255e-04
7.165540415396433587e-04
5.083790334322104429e-04
1.829542104105427594e-03
8.403552063751710622e-04
3.577943149362854645e-03
1.271444352917702704e-03
8.729312101191724627e-04
9.240414476055141884e-04
1.447918540918239965e-03
6.416388430079850722e-04
5.404872214635241456e-04
5.297968943705431413e-04
6.886288072624221048e-04
6.847175459329501567e-04
5.042885561262265386e-04
4.969725942732200821e-04
6.525974349875640753e-04
9.617126201879820082e-04
7.465586182652287576e-04
7.165363367886153729e-04
4.005991887027849697e-04
7.688764543793233808e-04
4.213362797728750797e-04
1.005831237218866078e-03
7.150976939300902977e-04
3.242400074531381492e-04
1.557174727271320135e-03
8.840394563783167403e-04
6.882562060761078298e-04
3.109605046629634276e-03
7.593172238534616134e-04
6.521853601545640538e-04
8.245116781973080939e-04
3.706102445436965489e-04
1.278867474490775601e-03
6.881975812396756232e-04
1.267558047714006150e-03
1.066533191741452511e-03
8.859411407559056361e-04
5.558489701551083293e-04
1.419393572090642784e-03
3.463509120237877521e-04
7.971630737687756315e-04
1.100779064408004618e-03
4.139770852975233279e-04
5.958812933930443360e-03
1.611301659964633169e-03
7.487949828085052606e-04
9.226493009430254862e-04
9.607520085324965878e-04
6.907231053477789692e-04
7.228037167611437623e-04
4.161131893791936609e-04
5.469458668113920483e-04
6.718564539346633764e-04
8.209363212353628292e-04
5.790077799633107153e-04
1.937493228503525330e-03
1.409611452286304613e-03
1.324902099535251983e-03
1.253960120715761533e-03
4.689359062233238351e-04
4.889285567835643682e-04
2.513748384049299418e-03
1.523544106391787898e-03
4.142460865876433098e-04
4.979030280723896994e-03
3.250664106661447475e-04
3.658979667179400406e-03
9.932719272631399671e-04
2.907021671713326538e-03
9.781264624300033128e-04
4.694742773975699190e-04
5.914197564797392392e-04
8.478336320283288551e-04
1.200538600894254402e-03
6.230941342188851730e-04
1.078408040312968125e-03
5.473563956306586953e-04
6.328482469532552453e-04
4.276066895720865776e-04
9.051136788197700674e-04
1.231763184342473446e-03
8.778986862226612715e-04
1.030976471313146351e-03
6.495732249593640399e-04
9.161741810672327816e-04
3.496337366667617678e-03
4.776047342099619961e-04
5.273980753759618684e-04
3.323987694749757867e-04
9.938079505713017740e-04
6.330579690648009726e-04
2.896617980111493252e-04
1.328205507507753758e-03
6.337548649861118617e-04
7.388618737789207991e-04
1.918895056871660482e-03
8.545708070090408904e-04
4.532891254912499359e-04
3.298053010478425970e-04
2.071510716314544937e-03
6.375652404428123468e-04
9.539745017845190035e-04
8.758668179090065746e-04
1.277910740950550855e-03
1.061998907338044737e-03
8.777800907266329004e-04
2.877898927263107813e-04
9.529133068013424714e-04
1.886102721567843414e-03
2.103976749208079605e-04
1.654031231589752834e-03
1.532988140751652189e-03
5.287352193151313891e-04
2.943197341168741089e-03
3.654795776731650423e-04
1.115129240338701708e-03
1.570775891429187360e-03
5.509626585050389101e-04
1.591274627988898890e-03
1.924402769448064099e-04
1.207020035656815662e-03
7.866665993802773914e-04
5.783716175856531321e-04
2.116024306675987326e-03
5.031197334783928284e-04
2.764217398415177497e-04
7.764490272450174594e-04
2.542892208446396150e-03
8.245582432472812334e-04
9.785776288400308345e-04
1.180031910150825805e-03
1.061677636963147178e-03
4.451057573256295098e-04
4.045061430590226963e-04
9.992834378611164040e-04
1.043454402050232599e-03
1.816550998704824895e-03
4.585271231703384265e-04
3.377239903556080195e-04
6.129984331543708934e-04
4.125309910579879908e-04
5.963934577223202992e-04
3.414746249695452761e-04
1.880965931469631420e-04
5.971117440594851363e-04
1.122896775066883684e-03
5.965801845264210364e-04
3.443335380860111845e-04
3.769668618747451603e-03
2.429191360026330179e-03
2.606475860356005539e-04
4.095005503137113547e-04
7.773545081319201784e-04
4.691890842130825353e-04
8.401427451520709000e-04
8.871243282451306061e-04
5.495891910744955941e-04
6.303159562316610178e-04
1.264544628790659122e-03
9.365168181484466448e-04
5.015805105044937725e-04
9.555219905879023699e-04
1.176272485688503212e-03
1.621271711724087952e-03
1.899242415072047684e-03
8.250780832810254446e-04
1.448044946120306776e-03
1.926913008672451579e-03
1.640917681930355049e-03
9.785776288400308345e-04
9.381995245311941078e-04
5.517226723486156259e-04
8.323619123166598214e-04
1.377935569992704782e-03
7.018960652255726946e-04
4.408423312327891812e-04
4.667492521378067537e-04
7.325169087183424407e-04
1.254167930073898799e-03
1.607763417964388260e-03
7.283440327446205100e-04
1.942702206496742592e-03
1.970074660715393899e-03
7.664318851265166039e-04
1.258646631090246234e-03
1.038751978633888204e-03
5.553908171786620931e-04
1.317475876171898732e-03
9.490204339305814262e-04
2.132045919763931197e-03
1.738256341553751517e-03
6.798619014264541257e-04
2.220191430929168862e-04
1.070599332985076348e-03
1.048737224096239285e-03
5.801358944950053701e-04
5.628769309722903838e-04
7.912304180491892044e-04
5.875488846812715110e-04
6.471584555441224976e-04
5.242748446148788252e-04
1.002269336114598470e-03
1.284935569356056512e-03
7.791846175271918565e-04
1.448979446311889118e-03
2.634072811154992890e-03
4.435024886836710814e-04
6.599270265404499989e-04
8.828940298001241270e-04
5.120549806020476555e-04
3.329787405818358369e-03
4.630899968173731894e-04
5.797084614605781507e-04
1.188053804882071261e-03
4.903835117907515400e-04
6.400805788493474802e-04
1.956207689457718573e-04
4.379879000246528209e-04
5.838284504018658632e-04
7.384331413855901209e-04
6.786440198075338170e-04
7.786735158335908111e-04
6.117402524270534837e-04
1.398228799025046922e-03
6.109326754469356991e-04
1.396740319778009675e-03
7.949187761311113463e-04
5.745638600130339264e-04
7.691076693199420207e-04
8.944656883007305343e-04
8.372785227663231793e-04
6.907160780334914169e-04
1.088378762186568722e-03
3.578336437551361132e-04
6.850303663316841636e-04
5.922637859920520335e-04
3.423184972711480062e-03
3.877399699366872914e-04
5.616320232951208836e-04
3.095680264631162863e-04
1.110587032188319837e-03
1.383540578682195205e-03
7.890441110136741949e-04
1.375427172520210821e-03
4.238759096540081414e-04
8.786168383269759045e-04
7.283440327446205100e-04
1.506225053414242789e-03
1.994183020138898428e-03
3.131723408902522946e-04
1.172639460325001050e-03
1.650236395041757139e-03
2.715067572345202743e-03
5.800522198573974334e-04
3.100065335380785582e-04
1.144028722538551618e-03
3.627959246425857629e-04
1.032925310546023217e-03
7.948138483662352347e-04
8.247702306424782668e-04
1.294935992243775738e-03
5.963570896779507710e-04
6.934155929634191031e-04
1.577696537099852183e-03
7.025698124677240679e-04
1.130641692774593705e-03
1.051221956934110047e-03
4.014046738572470282e-04
1.425111022327157223e-03
2.390789154285204339e-03
9.727048936835860264e-04
4.941830368355218644e-04
3.486906587514904468e-04
7.743820699332198054e-04
4.521598609504143057e-04
3.769011742523357207e-04
1.113168443819288278e-03
7.028703340623309367e-04
9.331369594014757903e-04
1.319597316490793903e-03
1.348814558086295322e-03
1.008778113120549708e-03
5.600043227922658039e-04
1.361238253668043893e-03
5.885367690744117575e-04
6.272175092319657403e-04
5.027707228626914025e-04
9.322165959134611889e-04
8.598879600850227022e-04
1.629051111188894313e-03
3.313602322134782626e-04
9.137482142548202999e-04
8.243526303671259948e-04
6.658053953284607217e-04
1.736815369119571557e-03
4.211151211156361927e-04
5.352025946689995114e-04
1.061015748331651859e-03
3.334791817595501970e-04
1.011923036290419096e-03
5.616264665549023163e-04
8.242974227089746881e-04
1.129181244643852637e-03
5.187806030416020498e-04
1.351989772953853322e-03
9.917145366317679789e-04
3.680535270975635346e-04
1.718508676695262860e-03
6.745432875674986723e-04
6.930941497512372370e-04
1.030174659049743185e-03
6.250790914500207974e-04
3.817315824274270962e-04
1.571702725726891467e-03
5.899259252361420836e-04
9.447984036028707995e-04
5.806590582841063535e-04
6.047134516625056770e-04
7.631330682432695828e-04
1.036114704149563833e-03
5.359586127417777885e-04
1.140554675178419471e-03
7.890441110136741949e-04
4.188888753572006431e-04
8.074217977050361476e-04
7.815601131617851095e-04
1.573013209363633314e-04
9.054115807535446014e-04
2.023317469813539805e-03
6.619057892381033240e-04
1.224038050151757739e-03
1.377045630865858603e-03
9.188976852466542410e-04
6.165270369893752819e-04
1.949642440522939653e-03
1.643354403397007070e-03
4.797839766920573195e-04
2.016211654703013549e-03
7.308490216073511032e-04
3.002363288247147477e-04
4.196287346678282694e-04
2.698403792783788096e-03
6.454419377382638462e-04
1.343855464918922941e-03
2.829363343028253909e-03
1.226047467969447339e-03
2.482946624052723757e-03
7.016820949371671990e-04
1.567918203103239047e-03
7.962271786610357728e-04
2.721609275300036182e-04
5.807587006765137835e-04
1.219308124444504725e-03
1.271444352917702704e-03
2.300219097841747773e-03
5.575894274968218409e-04
1.514626671088148630e-03
1.523416941368542239e-03
1.114365647547050460e-03
1.169444924183441316e-03
1.976292041282532233e-03
6.144423771939929281e-04
5.093315276275873658e-04
1.416961932922388648e-03
1.736162633644440382e-03
1.461980775534164109e-03
1.086663945681062837e-03
5.839755875195118059e-04
6.375652404428123468e-04
2.106446216586088140e-03
8.833424772709201189e-04
5.503285105817832265e-04
2.678857331797751800e-04
5.438982492661136254e-04
7.805434881059987321e-04
7.303918494668571468e-04
5.944371194055556073e-04
3.838316273544254125e-04
8.661384556292753235e-04
4.822297199415537814e-04
1.532988140751652189e-03
6.990726517100018461e-04
1.952257045410970334e-03
1.178545019809431682e-03
7.391815420659123351e-04
1.098415212045331752e-03
6.420448912010317350e-04
6.406142650952860711e-04
4.318156374332747277e-04
1.084490299968842754e-03
7.795304897000146548e-04
7.413685613678901686e-04
9.091168271041661503e-04
6.391573776396434125e-04
7.758906451876749870e-04
1.266861922483666913e-03
3.472048963472902194e-04
1.325136128062238527e-03
1.323778768580295391e-03
3.752055537490996172e-04
3.370229710362093668e-04
1.280200228660510883e-03
8.323662417404566107e-04
4.988652887898220546e-04
4.251772097501087190e-04
5.667854133849353207e-04
4.282287743316816808e-04
1.095635463884200335e-03
4.992055722596752633e-04
1.702800097216290113e-03
5.609809508347405726e-04
4.327240172544253726e-04
1.233254266661411086e-03
6.973991832927991467e-04
9.091168271041661503e-04
7.785544556682409733e-04
5.126886885356302798e-04
3.751290943963289486e-04
6.312967574960246138e-04
4.828355583045672176e-04
1.994638158136381127e-03
6.309488330181511938e-04
8.801849086837123691e-04
1.144568698899721404e-03
2.554087113040434892e-04
3.121771592323377810e-04
3.138750781764800186e-04
8.255418777633265984e-04
6.002008349447773318e-04
2.446547281402593373e-03
1.100284036865296390e-03
3.851520663547144626e-04
3.720562098514854435e-03
1.294895656057048865e-03
8.100662580039853832e-04
4.643158187680385325e-04
5.465589154726883730e-04
3.533898436495351201e-04
5.599552832810168095e-04
6.938937033403454972e-04
1.462543431918419609e-03
7.163978026888050913e-04
4.148528581730448386e-04
6.877131744412524113e-04
4.571157481279363539e-04
9.031658480888501679e-04
5.590481066873849783e-04
3.379278431052992987e-04
1.398124805844533835e-03
1.460709535244493831e-03
9.991632780675706663e-04
5.977876853641914123e-04
8.296403042145084885e-04
6.494881909933252536e-04
7.648548138924957497e-04
9.405119593076927392e-04
3.912145436488977893e-04
8.283060671680035885e-04
1.104229866104980678e-03
1.237443957014462215e-03
7.597619712884995727e-04
7.993814079714018283e-04
1.028815778090774085e-03
3.486906587514904468e-04
3.629402016735582426e-04
1.355404896833533809e-03
7.571760948102073492e-04
8.294576311735238437e-04
1.033184584637509770e-03
1.272128635895530217e-03
6.604189107961384517e-04
1.078592879785734244e-03
1.391078866309600898e-03
5.662123865748895776e-04
3.508678100573082732e-04
8.871243282451306061e-04
1.167432651374319648e-03
3.872551181560077421e-04
1.082376260488818577e-03
8.776749055605323219e-04
6.012906935748167040e-04
2.383433037034607491e-03
1.905148515245746414e-03
2.761497210404943487e-04
5.326407075540387113e-04
3.482232311453138164e-04
1.331924300790367178e-03
3.511886099129379163e-04
6.923098607910314461e-04
1.393125695638109231e-03
5.834407437965148961e-04
1.080888809898680140e-03
6.530670513151211115e-04
8.086664161194826068e-04
8.234580069407512531e-04
2.759853610576956987e-04
2.338589468984659560e-03
1.375879509334707864e-03
1.029299149557812111e-03
1.049022302837485272e-03
5.281059872097252760e-04
6.611742699541385201e-04
3.486906587514904468e-04
7.504438317929763456e-04
7.595223500132972051e-04
4.843813053396417911e-04
8.317916423485236747e-04
8.276440070417054274e-04
1.704621440965529413e-03
1.071704945743676661e-03
8.259582076906837791e-04
6.239988438103563975e-04
8.639534873492172836e-04
3.623631958311032187e-04
1.564439169409137910e-03
3.469714974962184923e-04
1.097914342221632507e-03
1.272875747571918350e-03
9.860403017928048158e-04
1.577738723183021033e-03
5.973793491402984738e-04
6.107925608534680272e-04
2.338720153208798862e-04
5.747445605325206524e-04
1.542725997910920780e-03
3.852780939477905937e-04
3.192099401900042217e-03
6.661979601807619311e-04
1.211411706816430600e-03
1.283859431835793295e-03
1.115085203406751329e-03
4.395097351733016672e-04
1.001388602245285083e-03
1.282366656751626451e-03
3.499684588837964475e-04
7.600399447517367001e-04
4.500895945974391901e-04
7.287353178699338199e-04
2.045647173743648638e-03
1.422461047517026419e-03
1.264098269790202072e-03
3.809837146839326343e-04
1.854995605480663778e-03
5.632314852413058785e-04
1.324707314393526241e-03
9.879182054016713219e-04
1.778052937341916342e-03
3.146583282484044942e-03
6.109326754469356991e-04
9.661855107097937299e-04
6.023647851820337386e-04
6.272900875987771560e-04
3.856405906997116659e-04
3.322973140038711429e-03
9.083457699900531271e-04
2.628105730689290695e-03
5.509674009615027953e-04
8.062371561353323234e-04
1.132714318431754866e-03
2.510285036275977243e-04
1.141545433618216740e-03
5.450302214072945753e-04
7.183362945138335428e-04
7.015702781378030384e-04
4.911497604102712860e-04
1.915962986456012907e-04
1.026709774559739262e-03
2.064767467132279811e-03
5.147090439074755502e-04
1.974944241608046248e-03
9.249609278514828821e-04
1.085189811325359402e-03
4.922252409716507257e-04
9.289654130161057117e-04
1.236579779543700011e-03
3.714093777143545388e-04
5.266673410775301288e-04
3.584837559443993524e-04
8.378833392270720925e-04
2.036453583987797491e-03
8.647677979692515579e-04
5.974987812263812380e-04
2.594363154098570413e-03
8.242708989784891917e-04
6.303450759771540759e-04
1.732504180639163295e-03
4.418226993434375702e-04
2.331561565922219467e-03
6.204983485851834311e-04
5.037440726281165000e-04
2.252890784903246579e-03
3.883060798123774563e-04
1.460319818391209688e-03
1.092996590037627423e-03
6.786153602366503312e-04
3.304913734486608612e-04
8.395824570940437805e-04
1.746164743554854326e-03
4.390543110530104173e-04
1.101047971385371626e-03
4.016847713521135553e-04
6.557286906035040240e-04
8.826697679825576360e-04
6.212444688041181013e-04
7.352832414137911799e-04
1.042749937333660275e-03
8.106595449542011549e-04
5.792879275893038143e-04
2.383433037034607491e-03
4.308628210533558471e-04
3.981574488199462179e-04
2.112958082736245656e-03
7.502430556939850611e-04
2.269470008539103067e-04
2.895215443747974158e-03
1.175423949561179562e-03
1.040821629895621707e-03
1.851765062491490723e-03
1.311666584476131950e-03
5.670594100026812943e-04
1.358976063975577244e-03
7.799369899462098125e-04
5.388632544550288729e-04
5.738009352486136494e-04
1.404211818434746668e-03
7.697783501067484305e-04
1.593222597776743511e-03
8.030744932371530276e-04
7.279921247694777411e-04
5.784092387269953311e-03
9.795578411048570279e-04
2.270621640519600206e-04
1.649092937427459882e-03
1.591545868004760498e-03
2.603844839911075601e-04
3.780679693083708161e-04
2.185996558655997439e-04
3.612364735143068343e-04
1.902729008605729332e-03
5.774453022124575313e-04
5.616320232951208836e-04
4.745896605683050037e-04
1.640594372824542065e-03
4.535043841110662777e-04
9.726864015105709431e-04
9.477090237980255374e-04
1.553290441734957346e-03
9.087911847061445241e-04
5.986693831356483400e-04
7.320718036811716799e-04
8.500259373264166998e-04
1.069223388364300576e-03
6.343158233228344840e-04
8.479763579226034078e-04
2.239857131277743930e-03
1.016750130910220240e-03
4.753641218678649047e-04
2.688692911065297003e-04
7.073630998047493413e-04
1.734058559494835571e-03
1.053524810437319595e-03
2.906041159139419899e-04
1.489788866080609276e-03
2.216406274776416656e-03
1.719832684684448375e-03
9.913194651026268223e-04
4.261145777263333594e-04
3.564424665883652210e-04
1.633349556057374493e-03
5.753452266008424751e-04
5.529743231120706499e-04
1.388381770290468943e-03
3.323042854663922868e-04
1.239807395229476422e-03
1.070526810472734961e-03
9.700412219123945388e-04
4.633708768938842233e-04
1.002269336114598470e-03
1.994715090307196820e-03
1.926292751281529197e-03
1.754068281622722658e-03
3.050794527099330014e-04
6.766051812389947771e-04
2.447478170928275008e-04
1.233691647332755409e-03
7.631330682432695828e-04
7.974251681034720497e-04
3.466599027042479154e-04
5.796753227516656531e-04
7.669499480280226808e-04
2.336557387409254807e-03
3.341925922301151831e-04
8.805628291465403702e-04
2.672781242568628320e-03
7.009617483043792353e-04
1.640501115353950505e-03
9.904817453508301880e-04
2.424639791356409790e-03
1.422350644827432078e-03
6.536413602709354245e-04
6.185203002653635786e-04
3.421815010106662395e-03
1.154115111945247605e-03
3.456424779683054055e-04
5.083441097963938568e-04
1.104229866104980678e-03
5.396249311955417325e-04
8.307302880123626672e-04
4.012127486299304742e-04
1.898385851477458900e-03
6.786791825675424217e-04
7.201845245811630287e-04
2.040026278928987018e-03
1.034641045581669071e-03
7.220346307743264131e-04
7.688764543793233808e-04
1.827633229652953504e-03
1.359119731710585781e-03
2.702587662872755602e-03
3.002517525663889490e-04
1.143138291372161998e-03
1.258139534829692385e-03
